[run] method=cagrad candidate=coord_05_method_baseline_cagrad_inner_lr_011 seed=3 steps=150 gpu=0
[run] cmd=
/home/zhujjing/anaconda3/envs/moe/bin/python /home/zhujjing/MOE-grad-conflict-routing/scripts/run.py --config configs/singletask_mrpc_real.yaml --set model.backbone_backend=hf --set model.hf_load_pretrained=true --set model.backbone=roberta --set model.hf_pretrained_name=roberta-base --set model.expert_type=ffn --set model.routing_mode=topk --set model.num_experts=4 --set model.top_k=2 --set seed=3 --set method.name=baseline_cagrad --set train.steps=150 --set train.eval_every_steps=50 --set method.baseline_cagrad.c=0.4 --set method.baseline_cagrad.inner_lr=0.3592481994 --set train.grad_clip=0.712672082 --set train.lr=2.52305587e-05 --set train.weight_decay=0.003745151078 --out /home/zhujjing/MOE-grad-conflict-routing/runs/paper_suite/single_gpu/single_task/roberta_mrpc_ffn_e4_k2/hpo/cagrad/trial_runs/coord_05_method_baseline_cagrad_inner_lr_011/cagrad_s3.json --curve_out /home/zhujjing/MOE-grad-conflict-routing/runs/paper_suite/single_gpu/single_task/roberta_mrpc_ffn_e4_k2/hpo/cagrad/trial_runs/coord_05_method_baseline_cagrad_inner_lr_011/cagrad_s3_curve.csv
Using the latest cached version of the dataset since glue couldn't be found on the Hugging Face Hub (offline mode is enabled).
Found the latest cached dataset configuration 'mrpc' at /home/zhujjing/hf_cache/datasets/glue/mrpc/0.0.0/bcdcba79d07bc864c1c254ccfcedcce55bcc9a8c (last modified on Thu Mar 19 15:01:06 2026).
/home/zhujjing/anaconda3/envs/moe/lib/python3.10/site-packages/transformers/utils/hub.py:124: FutureWarning: Using `TRANSFORMERS_CACHE` is deprecated and will be removed in v5 of Transformers. Use `HF_HOME` instead.
  warnings.warn(
Some weights of RobertaModel were not initialized from the model checkpoint at roberta-base and are newly initialized: ['roberta.pooler.dense.bias', 'roberta.pooler.dense.weight']
You should probably TRAIN this model on a down-stream task to be able to use it for predictions and inference.
[step 0001/150] method=baseline_cagrad loss=0.6788 train_acc=nan train_loss=nan val_acc=nan val_loss=nan best=-1.0000
[step 0010/150] method=baseline_cagrad loss=0.7591 train_acc=nan train_loss=nan val_acc=nan val_loss=nan best=-1.0000
[step 0020/150] method=baseline_cagrad loss=0.6695 train_acc=nan train_loss=nan val_acc=nan val_loss=nan best=-1.0000
[step 0030/150] method=baseline_cagrad loss=0.5366 train_acc=nan train_loss=nan val_acc=nan val_loss=nan best=-1.0000
[step 0040/150] method=baseline_cagrad loss=0.6782 train_acc=nan train_loss=nan val_acc=nan val_loss=nan best=-1.0000
[step 0050/150] method=baseline_cagrad loss=0.4682 train_acc=0.7557 train_loss=0.5002 val_acc=0.7623 val_loss=0.4864 router_H=0.3579 best=0.7623
           router_load=[0.022828586399555206, 0.8640124201774597, 0.07364119589328766, 0.03951771557331085]
[step 0060/150] method=baseline_cagrad loss=0.4424 train_acc=0.7557 train_loss=0.5002 val_acc=0.7623 val_loss=0.4864 router_H=0.3579 best=0.7623
           router_load=[0.022828586399555206, 0.8640124201774597, 0.07364119589328766, 0.03951771557331085]
[step 0070/150] method=baseline_cagrad loss=0.5890 train_acc=0.7557 train_loss=0.5002 val_acc=0.7623 val_loss=0.4864 router_H=0.3579 best=0.7623
           router_load=[0.022828586399555206, 0.8640124201774597, 0.07364119589328766, 0.03951771557331085]
[step 0080/150] method=baseline_cagrad loss=0.4592 train_acc=0.7557 train_loss=0.5002 val_acc=0.7623 val_loss=0.4864 router_H=0.3579 best=0.7623
           router_load=[0.022828586399555206, 0.8640124201774597, 0.07364119589328766, 0.03951771557331085]
[step 0090/150] method=baseline_cagrad loss=0.7127 train_acc=0.7557 train_loss=0.5002 val_acc=0.7623 val_loss=0.4864 router_H=0.3579 best=0.7623
           router_load=[0.022828586399555206, 0.8640124201774597, 0.07364119589328766, 0.03951771557331085]
[step 0100/150] method=baseline_cagrad loss=0.3692 train_acc=0.8108 train_loss=0.4114 val_acc=0.8235 val_loss=0.4089 router_H=0.4124 best=0.8235
           router_load=[0.033835913985967636, 0.8407040238380432, 0.02328796684741974, 0.10217197239398956]
[step 0110/150] method=baseline_cagrad loss=0.5929 train_acc=0.8108 train_loss=0.4114 val_acc=0.8235 val_loss=0.4089 router_H=0.4124 best=0.8235
           router_load=[0.033835913985967636, 0.8407040238380432, 0.02328796684741974, 0.10217197239398956]
[step 0120/150] method=baseline_cagrad loss=0.2742 train_acc=0.8108 train_loss=0.4114 val_acc=0.8235 val_loss=0.4089 router_H=0.4124 best=0.8235
           router_load=[0.033835913985967636, 0.8407040238380432, 0.02328796684741974, 0.10217197239398956]
[step 0130/150] method=baseline_cagrad loss=0.2156 train_acc=0.8108 train_loss=0.4114 val_acc=0.8235 val_loss=0.4089 router_H=0.4124 best=0.8235
           router_load=[0.033835913985967636, 0.8407040238380432, 0.02328796684741974, 0.10217197239398956]
[step 0140/150] method=baseline_cagrad loss=0.5999 train_acc=0.8108 train_loss=0.4114 val_acc=0.8235 val_loss=0.4089 router_H=0.4124 best=0.8235
           router_load=[0.033835913985967636, 0.8407040238380432, 0.02328796684741974, 0.10217197239398956]
[step 0150/150] method=baseline_cagrad loss=0.5137 train_acc=0.8411 train_loss=0.4371 val_acc=0.8358 val_loss=0.4338 router_H=0.3629 best=0.8358
           router_load=[0.1121445819735527, 0.8602028489112854, 0.0032158996909856796, 0.024436501786112785]
saved summary -> /home/zhujjing/MOE-grad-conflict-routing/runs/paper_suite/single_gpu/single_task/roberta_mrpc_ffn_e4_k2/hpo/cagrad/trial_runs/coord_05_method_baseline_cagrad_inner_lr_011/cagrad_s3.json
saved curve -> /home/zhujjing/MOE-grad-conflict-routing/runs/paper_suite/single_gpu/single_task/roberta_mrpc_ffn_e4_k2/hpo/cagrad/trial_runs/coord_05_method_baseline_cagrad_inner_lr_011/cagrad_s3_curve.csv
