[run] method=cagrad candidate=coord_05_method_baseline_cagrad_inner_lr_006 seed=2 steps=150 gpu=0
[run] cmd=
/home/zhujjing/anaconda3/envs/moe/bin/python /home/zhujjing/MOE-grad-conflict-routing/scripts/run.py --config configs/singletask_mrpc_real.yaml --set model.backbone_backend=hf --set model.hf_load_pretrained=true --set model.backbone=roberta --set model.hf_pretrained_name=roberta-base --set model.expert_type=ffn --set model.routing_mode=topk --set model.num_experts=4 --set model.top_k=2 --set seed=2 --set method.name=baseline_cagrad --set train.steps=150 --set train.eval_every_steps=50 --set method.baseline_cagrad.c=0.4 --set method.baseline_cagrad.inner_lr=0.054610408 --set train.grad_clip=0.712672082 --set train.lr=2.52305587e-05 --set train.weight_decay=0.003745151078 --out /home/zhujjing/MOE-grad-conflict-routing/runs/paper_suite/single_gpu/single_task/roberta_mrpc_ffn_e4_k2/hpo/cagrad/trial_runs/coord_05_method_baseline_cagrad_inner_lr_006/cagrad_s2.json --curve_out /home/zhujjing/MOE-grad-conflict-routing/runs/paper_suite/single_gpu/single_task/roberta_mrpc_ffn_e4_k2/hpo/cagrad/trial_runs/coord_05_method_baseline_cagrad_inner_lr_006/cagrad_s2_curve.csv
Using the latest cached version of the dataset since glue couldn't be found on the Hugging Face Hub (offline mode is enabled).
Found the latest cached dataset configuration 'mrpc' at /home/zhujjing/hf_cache/datasets/glue/mrpc/0.0.0/bcdcba79d07bc864c1c254ccfcedcce55bcc9a8c (last modified on Thu Mar 19 15:01:06 2026).
/home/zhujjing/anaconda3/envs/moe/lib/python3.10/site-packages/transformers/utils/hub.py:124: FutureWarning: Using `TRANSFORMERS_CACHE` is deprecated and will be removed in v5 of Transformers. Use `HF_HOME` instead.
  warnings.warn(
Some weights of RobertaModel were not initialized from the model checkpoint at roberta-base and are newly initialized: ['roberta.pooler.dense.bias', 'roberta.pooler.dense.weight']
You should probably TRAIN this model on a down-stream task to be able to use it for predictions and inference.
[step 0001/150] method=baseline_cagrad loss=0.7114 train_acc=nan train_loss=nan val_acc=nan val_loss=nan best=-1.0000
[step 0010/150] method=baseline_cagrad loss=0.6958 train_acc=nan train_loss=nan val_acc=nan val_loss=nan best=-1.0000
[step 0020/150] method=baseline_cagrad loss=0.6860 train_acc=nan train_loss=nan val_acc=nan val_loss=nan best=-1.0000
[step 0030/150] method=baseline_cagrad loss=0.7079 train_acc=nan train_loss=nan val_acc=nan val_loss=nan best=-1.0000
[step 0040/150] method=baseline_cagrad loss=0.6028 train_acc=nan train_loss=nan val_acc=nan val_loss=nan best=-1.0000
[step 0050/150] method=baseline_cagrad loss=0.5375 train_acc=0.6927 train_loss=0.5718 val_acc=0.6961 val_loss=0.5749 router_H=0.5975 best=0.6961
           router_load=[0.6775362491607666, 0.003776065306738019, 0.146027073264122, 0.17266063392162323]
[step 0060/150] method=baseline_cagrad loss=0.6182 train_acc=0.6927 train_loss=0.5718 val_acc=0.6961 val_loss=0.5749 router_H=0.5975 best=0.6961
           router_load=[0.6775362491607666, 0.003776065306738019, 0.146027073264122, 0.17266063392162323]
[step 0070/150] method=baseline_cagrad loss=0.4534 train_acc=0.6927 train_loss=0.5718 val_acc=0.6961 val_loss=0.5749 router_H=0.5975 best=0.6961
           router_load=[0.6775362491607666, 0.003776065306738019, 0.146027073264122, 0.17266063392162323]
[step 0080/150] method=baseline_cagrad loss=0.5007 train_acc=0.6927 train_loss=0.5718 val_acc=0.6961 val_loss=0.5749 router_H=0.5975 best=0.6961
           router_load=[0.6775362491607666, 0.003776065306738019, 0.146027073264122, 0.17266063392162323]
[step 0090/150] method=baseline_cagrad loss=0.4929 train_acc=0.6927 train_loss=0.5718 val_acc=0.6961 val_loss=0.5749 router_H=0.5975 best=0.6961
           router_load=[0.6775362491607666, 0.003776065306738019, 0.146027073264122, 0.17266063392162323]
[step 0100/150] method=baseline_cagrad loss=0.5087 train_acc=0.7653 train_loss=0.4782 val_acc=0.7525 val_loss=0.4835 router_H=0.5231 best=0.7525
           router_load=[0.7462590336799622, 0.0, 0.10246353596448898, 0.15127721428871155]
[step 0110/150] method=baseline_cagrad loss=0.6624 train_acc=0.7653 train_loss=0.4782 val_acc=0.7525 val_loss=0.4835 router_H=0.5231 best=0.7525
           router_load=[0.7462590336799622, 0.0, 0.10246353596448898, 0.15127721428871155]
[step 0120/150] method=baseline_cagrad loss=0.3619 train_acc=0.7653 train_loss=0.4782 val_acc=0.7525 val_loss=0.4835 router_H=0.5231 best=0.7525
           router_load=[0.7462590336799622, 0.0, 0.10246353596448898, 0.15127721428871155]
[step 0130/150] method=baseline_cagrad loss=0.6001 train_acc=0.7653 train_loss=0.4782 val_acc=0.7525 val_loss=0.4835 router_H=0.5231 best=0.7525
           router_load=[0.7462590336799622, 0.0, 0.10246353596448898, 0.15127721428871155]
[step 0140/150] method=baseline_cagrad loss=0.5031 train_acc=0.7653 train_loss=0.4782 val_acc=0.7525 val_loss=0.4835 router_H=0.5231 best=0.7525
           router_load=[0.7462590336799622, 0.0, 0.10246353596448898, 0.15127721428871155]
[step 0150/150] method=baseline_cagrad loss=0.5524 train_acc=0.8536 train_loss=0.3590 val_acc=0.8725 val_loss=0.3513 router_H=0.4010 best=0.8725
           router_load=[0.7983697056770325, 0.0011162151349708438, 0.19904349744319916, 0.0014706345973536372]
saved summary -> /home/zhujjing/MOE-grad-conflict-routing/runs/paper_suite/single_gpu/single_task/roberta_mrpc_ffn_e4_k2/hpo/cagrad/trial_runs/coord_05_method_baseline_cagrad_inner_lr_006/cagrad_s2.json
saved curve -> /home/zhujjing/MOE-grad-conflict-routing/runs/paper_suite/single_gpu/single_task/roberta_mrpc_ffn_e4_k2/hpo/cagrad/trial_runs/coord_05_method_baseline_cagrad_inner_lr_006/cagrad_s2_curve.csv
