[run] method=cagrad candidate=coord_05_method_baseline_cagrad_inner_lr_004 seed=2 steps=150 gpu=0
[run] cmd=
/home/zhujjing/anaconda3/envs/moe/bin/python /home/zhujjing/MOE-grad-conflict-routing/scripts/run.py --config configs/singletask_mrpc_real.yaml --set model.backbone_backend=hf --set model.hf_load_pretrained=true --set model.backbone=roberta --set model.hf_pretrained_name=roberta-base --set model.expert_type=ffn --set model.routing_mode=topk --set model.num_experts=4 --set model.top_k=2 --set seed=2 --set method.name=baseline_cagrad --set train.steps=150 --set train.eval_every_steps=50 --set method.baseline_cagrad.c=0.4 --set method.baseline_cagrad.inner_lr=0.07383627008 --set train.grad_clip=0.712672082 --set train.lr=2.52305587e-05 --set train.weight_decay=0.003745151078 --out /home/zhujjing/MOE-grad-conflict-routing/runs/paper_suite/single_gpu/single_task/roberta_mrpc_ffn_e4_k2/hpo/cagrad/trial_runs/coord_05_method_baseline_cagrad_inner_lr_004/cagrad_s2.json --curve_out /home/zhujjing/MOE-grad-conflict-routing/runs/paper_suite/single_gpu/single_task/roberta_mrpc_ffn_e4_k2/hpo/cagrad/trial_runs/coord_05_method_baseline_cagrad_inner_lr_004/cagrad_s2_curve.csv
Using the latest cached version of the dataset since glue couldn't be found on the Hugging Face Hub (offline mode is enabled).
Found the latest cached dataset configuration 'mrpc' at /home/zhujjing/hf_cache/datasets/glue/mrpc/0.0.0/bcdcba79d07bc864c1c254ccfcedcce55bcc9a8c (last modified on Thu Mar 19 15:01:06 2026).
/home/zhujjing/anaconda3/envs/moe/lib/python3.10/site-packages/transformers/utils/hub.py:124: FutureWarning: Using `TRANSFORMERS_CACHE` is deprecated and will be removed in v5 of Transformers. Use `HF_HOME` instead.
  warnings.warn(
Some weights of RobertaModel were not initialized from the model checkpoint at roberta-base and are newly initialized: ['roberta.pooler.dense.bias', 'roberta.pooler.dense.weight']
You should probably TRAIN this model on a down-stream task to be able to use it for predictions and inference.
[step 0001/150] method=baseline_cagrad loss=0.6903 train_acc=nan train_loss=nan val_acc=nan val_loss=nan best=-1.0000
[step 0010/150] method=baseline_cagrad loss=0.6768 train_acc=nan train_loss=nan val_acc=nan val_loss=nan best=-1.0000
[step 0020/150] method=baseline_cagrad loss=0.6700 train_acc=nan train_loss=nan val_acc=nan val_loss=nan best=-1.0000
[step 0030/150] method=baseline_cagrad loss=0.6938 train_acc=nan train_loss=nan val_acc=nan val_loss=nan best=-1.0000
[step 0040/150] method=baseline_cagrad loss=0.6016 train_acc=nan train_loss=nan val_acc=nan val_loss=nan best=-1.0000
[step 0050/150] method=baseline_cagrad loss=0.4807 train_acc=0.7236 train_loss=0.5449 val_acc=0.7034 val_loss=0.5489 router_H=0.5297 best=0.7034
           router_load=[0.0004241720016580075, 0.2211102545261383, 0.00680113211274147, 0.7716644406318665]
[step 0060/150] method=baseline_cagrad loss=0.5859 train_acc=0.7236 train_loss=0.5449 val_acc=0.7034 val_loss=0.5489 router_H=0.5297 best=0.7034
           router_load=[0.0004241720016580075, 0.2211102545261383, 0.00680113211274147, 0.7716644406318665]
[step 0070/150] method=baseline_cagrad loss=0.4432 train_acc=0.7236 train_loss=0.5449 val_acc=0.7034 val_loss=0.5489 router_H=0.5297 best=0.7034
           router_load=[0.0004241720016580075, 0.2211102545261383, 0.00680113211274147, 0.7716644406318665]
[step 0080/150] method=baseline_cagrad loss=0.4799 train_acc=0.7236 train_loss=0.5449 val_acc=0.7034 val_loss=0.5489 router_H=0.5297 best=0.7034
           router_load=[0.0004241720016580075, 0.2211102545261383, 0.00680113211274147, 0.7716644406318665]
[step 0090/150] method=baseline_cagrad loss=0.4802 train_acc=0.7236 train_loss=0.5449 val_acc=0.7034 val_loss=0.5489 router_H=0.5297 best=0.7034
           router_load=[0.0004241720016580075, 0.2211102545261383, 0.00680113211274147, 0.7716644406318665]
[step 0100/150] method=baseline_cagrad loss=0.5462 train_acc=0.8021 train_loss=0.5137 val_acc=0.7966 val_loss=0.5119 router_H=0.5514 best=0.7966
           router_load=[0.0007498398772440851, 0.24390560388565063, 0.0, 0.7553446888923645]
[step 0110/150] method=baseline_cagrad loss=0.7127 train_acc=0.8021 train_loss=0.5137 val_acc=0.7966 val_loss=0.5119 router_H=0.5514 best=0.7966
           router_load=[0.0007498398772440851, 0.24390560388565063, 0.0, 0.7553446888923645]
[step 0120/150] method=baseline_cagrad loss=0.3129 train_acc=0.8021 train_loss=0.5137 val_acc=0.7966 val_loss=0.5119 router_H=0.5514 best=0.7966
           router_load=[0.0007498398772440851, 0.24390560388565063, 0.0, 0.7553446888923645]
[step 0130/150] method=baseline_cagrad loss=0.6163 train_acc=0.8021 train_loss=0.5137 val_acc=0.7966 val_loss=0.5119 router_H=0.5514 best=0.7966
           router_load=[0.0007498398772440851, 0.24390560388565063, 0.0, 0.7553446888923645]
[step 0140/150] method=baseline_cagrad loss=0.6153 train_acc=0.8021 train_loss=0.5137 val_acc=0.7966 val_loss=0.5119 router_H=0.5514 best=0.7966
           router_load=[0.0007498398772440851, 0.24390560388565063, 0.0, 0.7553446888923645]
[step 0150/150] method=baseline_cagrad loss=0.6036 train_acc=0.8351 train_loss=0.3962 val_acc=0.8260 val_loss=0.3829 router_H=0.3909 best=0.8260
           router_load=[0.008068547584116459, 0.11678284406661987, 0.02283298783004284, 0.8523154854774475]
saved summary -> /home/zhujjing/MOE-grad-conflict-routing/runs/paper_suite/single_gpu/single_task/roberta_mrpc_ffn_e4_k2/hpo/cagrad/trial_runs/coord_05_method_baseline_cagrad_inner_lr_004/cagrad_s2.json
saved curve -> /home/zhujjing/MOE-grad-conflict-routing/runs/paper_suite/single_gpu/single_task/roberta_mrpc_ffn_e4_k2/hpo/cagrad/trial_runs/coord_05_method_baseline_cagrad_inner_lr_004/cagrad_s2_curve.csv
