[run] method=cagrad candidate=coord_05_method_baseline_cagrad_inner_lr_006 seed=3 steps=150 gpu=0
[run] cmd=
/home/zhujjing/anaconda3/envs/moe/bin/python /home/zhujjing/MOE-grad-conflict-routing/scripts/run.py --config configs/singletask_mrpc_real.yaml --set model.backbone_backend=hf --set model.hf_load_pretrained=true --set model.backbone=roberta --set model.hf_pretrained_name=roberta-base --set model.expert_type=ffn --set model.routing_mode=topk --set model.num_experts=4 --set model.top_k=2 --set seed=3 --set method.name=baseline_cagrad --set train.steps=150 --set train.eval_every_steps=50 --set method.baseline_cagrad.c=0.4 --set method.baseline_cagrad.inner_lr=0.054610408 --set train.grad_clip=0.712672082 --set train.lr=2.52305587e-05 --set train.weight_decay=0.003745151078 --out /home/zhujjing/MOE-grad-conflict-routing/runs/paper_suite/single_gpu/single_task/roberta_mrpc_ffn_e4_k2/hpo/cagrad/trial_runs/coord_05_method_baseline_cagrad_inner_lr_006/cagrad_s3.json --curve_out /home/zhujjing/MOE-grad-conflict-routing/runs/paper_suite/single_gpu/single_task/roberta_mrpc_ffn_e4_k2/hpo/cagrad/trial_runs/coord_05_method_baseline_cagrad_inner_lr_006/cagrad_s3_curve.csv
Using the latest cached version of the dataset since glue couldn't be found on the Hugging Face Hub (offline mode is enabled).
Found the latest cached dataset configuration 'mrpc' at /home/zhujjing/hf_cache/datasets/glue/mrpc/0.0.0/bcdcba79d07bc864c1c254ccfcedcce55bcc9a8c (last modified on Thu Mar 19 15:01:06 2026).
/home/zhujjing/anaconda3/envs/moe/lib/python3.10/site-packages/transformers/utils/hub.py:124: FutureWarning: Using `TRANSFORMERS_CACHE` is deprecated and will be removed in v5 of Transformers. Use `HF_HOME` instead.
  warnings.warn(
Some weights of RobertaModel were not initialized from the model checkpoint at roberta-base and are newly initialized: ['roberta.pooler.dense.bias', 'roberta.pooler.dense.weight']
You should probably TRAIN this model on a down-stream task to be able to use it for predictions and inference.
[step 0001/150] method=baseline_cagrad loss=0.6905 train_acc=nan train_loss=nan val_acc=nan val_loss=nan best=-1.0000
[step 0010/150] method=baseline_cagrad loss=0.7378 train_acc=nan train_loss=nan val_acc=nan val_loss=nan best=-1.0000
[step 0020/150] method=baseline_cagrad loss=0.6818 train_acc=nan train_loss=nan val_acc=nan val_loss=nan best=-1.0000
[step 0030/150] method=baseline_cagrad loss=0.5597 train_acc=nan train_loss=nan val_acc=nan val_loss=nan best=-1.0000
[step 0040/150] method=baseline_cagrad loss=0.6322 train_acc=nan train_loss=nan val_acc=nan val_loss=nan best=-1.0000
[step 0050/150] method=baseline_cagrad loss=0.5070 train_acc=0.7527 train_loss=0.4899 val_acc=0.7623 val_loss=0.4807 router_H=0.4301 best=0.7623
           router_load=[0.1602180451154709, 0.03323967754840851, 0.0013067068066447973, 0.8052355647087097]
[step 0060/150] method=baseline_cagrad loss=0.5001 train_acc=0.7527 train_loss=0.4899 val_acc=0.7623 val_loss=0.4807 router_H=0.4301 best=0.7623
           router_load=[0.1602180451154709, 0.03323967754840851, 0.0013067068066447973, 0.8052355647087097]
[step 0070/150] method=baseline_cagrad loss=0.5052 train_acc=0.7527 train_loss=0.4899 val_acc=0.7623 val_loss=0.4807 router_H=0.4301 best=0.7623
           router_load=[0.1602180451154709, 0.03323967754840851, 0.0013067068066447973, 0.8052355647087097]
[step 0080/150] method=baseline_cagrad loss=0.4001 train_acc=0.7527 train_loss=0.4899 val_acc=0.7623 val_loss=0.4807 router_H=0.4301 best=0.7623
           router_load=[0.1602180451154709, 0.03323967754840851, 0.0013067068066447973, 0.8052355647087097]
[step 0090/150] method=baseline_cagrad loss=0.5763 train_acc=0.7527 train_loss=0.4899 val_acc=0.7623 val_loss=0.4807 router_H=0.4301 best=0.7623
           router_load=[0.1602180451154709, 0.03323967754840851, 0.0013067068066447973, 0.8052355647087097]
[step 0100/150] method=baseline_cagrad loss=0.5410 train_acc=0.8430 train_loss=0.3806 val_acc=0.8431 val_loss=0.3775 router_H=0.4857 best=0.8431
           router_load=[0.20341725647449493, 0.05882475897669792, 0.0, 0.7377580404281616]
[step 0110/150] method=baseline_cagrad loss=0.4423 train_acc=0.8430 train_loss=0.3806 val_acc=0.8431 val_loss=0.3775 router_H=0.4857 best=0.8431
           router_load=[0.20341725647449493, 0.05882475897669792, 0.0, 0.7377580404281616]
[step 0120/150] method=baseline_cagrad loss=0.2856 train_acc=0.8430 train_loss=0.3806 val_acc=0.8431 val_loss=0.3775 router_H=0.4857 best=0.8431
           router_load=[0.20341725647449493, 0.05882475897669792, 0.0, 0.7377580404281616]
[step 0130/150] method=baseline_cagrad loss=0.4608 train_acc=0.8430 train_loss=0.3806 val_acc=0.8431 val_loss=0.3775 router_H=0.4857 best=0.8431
           router_load=[0.20341725647449493, 0.05882475897669792, 0.0, 0.7377580404281616]
[step 0140/150] method=baseline_cagrad loss=0.5656 train_acc=0.8430 train_loss=0.3806 val_acc=0.8431 val_loss=0.3775 router_H=0.4857 best=0.8431
           router_load=[0.20341725647449493, 0.05882475897669792, 0.0, 0.7377580404281616]
[step 0150/150] method=baseline_cagrad loss=0.4482 train_acc=0.8451 train_loss=0.3596 val_acc=0.8309 val_loss=0.3642 router_H=0.4509 best=0.8431
           router_load=[0.2158147096633911, 0.011534742079675198, 0.005568080116063356, 0.7670825719833374]
saved summary -> /home/zhujjing/MOE-grad-conflict-routing/runs/paper_suite/single_gpu/single_task/roberta_mrpc_ffn_e4_k2/hpo/cagrad/trial_runs/coord_05_method_baseline_cagrad_inner_lr_006/cagrad_s3.json
saved curve -> /home/zhujjing/MOE-grad-conflict-routing/runs/paper_suite/single_gpu/single_task/roberta_mrpc_ffn_e4_k2/hpo/cagrad/trial_runs/coord_05_method_baseline_cagrad_inner_lr_006/cagrad_s3_curve.csv
