[run] method=cagrad candidate=coord_05_method_baseline_cagrad_inner_lr_001 seed=2 steps=150 gpu=0
[run] cmd=
/home/zhujjing/anaconda3/envs/moe/bin/python /home/zhujjing/MOE-grad-conflict-routing/scripts/run.py --config configs/singletask_mrpc_real.yaml --set model.backbone_backend=hf --set model.hf_load_pretrained=true --set model.backbone=roberta --set model.hf_pretrained_name=roberta-base --set model.expert_type=ffn --set model.routing_mode=topk --set model.num_experts=4 --set model.top_k=2 --set seed=2 --set method.name=baseline_cagrad --set train.steps=150 --set train.eval_every_steps=50 --set method.baseline_cagrad.c=0.4 --set method.baseline_cagrad.inner_lr=0.07654088955 --set train.grad_clip=0.712672082 --set train.lr=2.52305587e-05 --set train.weight_decay=0.003745151078 --out /home/zhujjing/MOE-grad-conflict-routing/runs/paper_suite/single_gpu/single_task/roberta_mrpc_ffn_e4_k2/hpo/cagrad/trial_runs/coord_05_method_baseline_cagrad_inner_lr_001/cagrad_s2.json --curve_out /home/zhujjing/MOE-grad-conflict-routing/runs/paper_suite/single_gpu/single_task/roberta_mrpc_ffn_e4_k2/hpo/cagrad/trial_runs/coord_05_method_baseline_cagrad_inner_lr_001/cagrad_s2_curve.csv
Using the latest cached version of the dataset since glue couldn't be found on the Hugging Face Hub (offline mode is enabled).
Found the latest cached dataset configuration 'mrpc' at /home/zhujjing/hf_cache/datasets/glue/mrpc/0.0.0/bcdcba79d07bc864c1c254ccfcedcce55bcc9a8c (last modified on Thu Mar 19 15:01:06 2026).
/home/zhujjing/anaconda3/envs/moe/lib/python3.10/site-packages/transformers/utils/hub.py:124: FutureWarning: Using `TRANSFORMERS_CACHE` is deprecated and will be removed in v5 of Transformers. Use `HF_HOME` instead.
  warnings.warn(
Some weights of RobertaModel were not initialized from the model checkpoint at roberta-base and are newly initialized: ['roberta.pooler.dense.bias', 'roberta.pooler.dense.weight']
You should probably TRAIN this model on a down-stream task to be able to use it for predictions and inference.
[step 0001/150] method=baseline_cagrad loss=0.6852 train_acc=nan train_loss=nan val_acc=nan val_loss=nan best=-1.0000
[step 0010/150] method=baseline_cagrad loss=0.6516 train_acc=nan train_loss=nan val_acc=nan val_loss=nan best=-1.0000
[step 0020/150] method=baseline_cagrad loss=0.6333 train_acc=nan train_loss=nan val_acc=nan val_loss=nan best=-1.0000
[step 0030/150] method=baseline_cagrad loss=0.6246 train_acc=nan train_loss=nan val_acc=nan val_loss=nan best=-1.0000
[step 0040/150] method=baseline_cagrad loss=0.5620 train_acc=nan train_loss=nan val_acc=nan val_loss=nan best=-1.0000
[step 0050/150] method=baseline_cagrad loss=0.4807 train_acc=0.7688 train_loss=0.5155 val_acc=0.7549 val_loss=0.5159 router_H=0.6054 best=0.7549
           router_load=[0.00017775002925191075, 0.4009911119937897, 0.5844287276268005, 0.014402544125914574]
[step 0060/150] method=baseline_cagrad loss=0.6207 train_acc=0.7688 train_loss=0.5155 val_acc=0.7549 val_loss=0.5159 router_H=0.6054 best=0.7549
           router_load=[0.00017775002925191075, 0.4009911119937897, 0.5844287276268005, 0.014402544125914574]
[step 0070/150] method=baseline_cagrad loss=0.2673 train_acc=0.7688 train_loss=0.5155 val_acc=0.7549 val_loss=0.5159 router_H=0.6054 best=0.7549
           router_load=[0.00017775002925191075, 0.4009911119937897, 0.5844287276268005, 0.014402544125914574]
[step 0080/150] method=baseline_cagrad loss=0.3722 train_acc=0.7688 train_loss=0.5155 val_acc=0.7549 val_loss=0.5159 router_H=0.6054 best=0.7549
           router_load=[0.00017775002925191075, 0.4009911119937897, 0.5844287276268005, 0.014402544125914574]
[step 0090/150] method=baseline_cagrad loss=0.4138 train_acc=0.7688 train_loss=0.5155 val_acc=0.7549 val_loss=0.5159 router_H=0.6054 best=0.7549
           router_load=[0.00017775002925191075, 0.4009911119937897, 0.5844287276268005, 0.014402544125914574]
[step 0100/150] method=baseline_cagrad loss=0.5372 train_acc=0.8501 train_loss=0.3630 val_acc=0.8529 val_loss=0.3696 router_H=0.4772 best=0.8529
           router_load=[0.0015662553487345576, 0.3255521059036255, 0.6582565307617188, 0.014625184237957]
[step 0110/150] method=baseline_cagrad loss=0.7357 train_acc=0.8501 train_loss=0.3630 val_acc=0.8529 val_loss=0.3696 router_H=0.4772 best=0.8529
           router_load=[0.0015662553487345576, 0.3255521059036255, 0.6582565307617188, 0.014625184237957]
[step 0120/150] method=baseline_cagrad loss=0.3025 train_acc=0.8501 train_loss=0.3630 val_acc=0.8529 val_loss=0.3696 router_H=0.4772 best=0.8529
           router_load=[0.0015662553487345576, 0.3255521059036255, 0.6582565307617188, 0.014625184237957]
[step 0130/150] method=baseline_cagrad loss=0.4687 train_acc=0.8501 train_loss=0.3630 val_acc=0.8529 val_loss=0.3696 router_H=0.4772 best=0.8529
           router_load=[0.0015662553487345576, 0.3255521059036255, 0.6582565307617188, 0.014625184237957]
[step 0140/150] method=baseline_cagrad loss=0.3176 train_acc=0.8501 train_loss=0.3630 val_acc=0.8529 val_loss=0.3696 router_H=0.4772 best=0.8529
           router_load=[0.0015662553487345576, 0.3255521059036255, 0.6582565307617188, 0.014625184237957]
[step 0150/150] method=baseline_cagrad loss=0.7268 train_acc=0.8828 train_loss=0.3303 val_acc=0.8750 val_loss=0.3792 router_H=0.3245 best=0.8750
           router_load=[0.03021230734884739, 0.23687845468521118, 0.7160696387290955, 0.016839833930134773]
saved summary -> /home/zhujjing/MOE-grad-conflict-routing/runs/paper_suite/single_gpu/single_task/roberta_mrpc_ffn_e4_k2/hpo/cagrad/trial_runs/coord_05_method_baseline_cagrad_inner_lr_001/cagrad_s2.json
saved curve -> /home/zhujjing/MOE-grad-conflict-routing/runs/paper_suite/single_gpu/single_task/roberta_mrpc_ffn_e4_k2/hpo/cagrad/trial_runs/coord_05_method_baseline_cagrad_inner_lr_001/cagrad_s2_curve.csv
