[run] method=cagrad candidate=coord_05_anchor seed=2 steps=150 gpu=0
[run] cmd=
/home/zhujjing/anaconda3/envs/moe/bin/python /home/zhujjing/MOE-grad-conflict-routing/scripts/run.py --config configs/singletask_mrpc_real.yaml --set model.backbone_backend=hf --set model.hf_load_pretrained=true --set model.backbone=roberta --set model.hf_pretrained_name=roberta-base --set model.expert_type=ffn --set model.routing_mode=topk --set model.num_experts=4 --set model.top_k=2 --set seed=2 --set method.name=baseline_cagrad --set train.steps=150 --set train.eval_every_steps=50 --set method.baseline_cagrad.c=0.4 --set method.baseline_cagrad.inner_lr=0.1 --set train.grad_clip=0.712672082 --set train.lr=2.52305587e-05 --set train.weight_decay=0.003745151078 --out /home/zhujjing/MOE-grad-conflict-routing/runs/paper_suite/single_gpu/single_task/roberta_mrpc_ffn_e4_k2/hpo/cagrad/trial_runs/coord_05_anchor/cagrad_s2.json --curve_out /home/zhujjing/MOE-grad-conflict-routing/runs/paper_suite/single_gpu/single_task/roberta_mrpc_ffn_e4_k2/hpo/cagrad/trial_runs/coord_05_anchor/cagrad_s2_curve.csv
Using the latest cached version of the dataset since glue couldn't be found on the Hugging Face Hub (offline mode is enabled).
Found the latest cached dataset configuration 'mrpc' at /home/zhujjing/hf_cache/datasets/glue/mrpc/0.0.0/bcdcba79d07bc864c1c254ccfcedcce55bcc9a8c (last modified on Thu Mar 19 15:01:06 2026).
/home/zhujjing/anaconda3/envs/moe/lib/python3.10/site-packages/transformers/utils/hub.py:124: FutureWarning: Using `TRANSFORMERS_CACHE` is deprecated and will be removed in v5 of Transformers. Use `HF_HOME` instead.
  warnings.warn(
Some weights of RobertaModel were not initialized from the model checkpoint at roberta-base and are newly initialized: ['roberta.pooler.dense.bias', 'roberta.pooler.dense.weight']
You should probably TRAIN this model on a down-stream task to be able to use it for predictions and inference.
[step 0001/150] method=baseline_cagrad loss=0.6894 train_acc=nan train_loss=nan val_acc=nan val_loss=nan best=-1.0000
[step 0010/150] method=baseline_cagrad loss=0.6835 train_acc=nan train_loss=nan val_acc=nan val_loss=nan best=-1.0000
[step 0020/150] method=baseline_cagrad loss=0.6925 train_acc=nan train_loss=nan val_acc=nan val_loss=nan best=-1.0000
[step 0030/150] method=baseline_cagrad loss=0.7291 train_acc=nan train_loss=nan val_acc=nan val_loss=nan best=-1.0000
[step 0040/150] method=baseline_cagrad loss=0.6026 train_acc=nan train_loss=nan val_acc=nan val_loss=nan best=-1.0000
[step 0050/150] method=baseline_cagrad loss=0.4721 train_acc=0.7034 train_loss=0.5352 val_acc=0.7034 val_loss=0.5249 router_H=0.5252 best=0.7034
           router_load=[0.0014763883082196116, 0.1920052170753479, 0.047888826578855515, 0.7586296200752258]
[step 0060/150] method=baseline_cagrad loss=0.5933 train_acc=0.7034 train_loss=0.5352 val_acc=0.7034 val_loss=0.5249 router_H=0.5252 best=0.7034
           router_load=[0.0014763883082196116, 0.1920052170753479, 0.047888826578855515, 0.7586296200752258]
[step 0070/150] method=baseline_cagrad loss=0.3424 train_acc=0.7034 train_loss=0.5352 val_acc=0.7034 val_loss=0.5249 router_H=0.5252 best=0.7034
           router_load=[0.0014763883082196116, 0.1920052170753479, 0.047888826578855515, 0.7586296200752258]
[step 0080/150] method=baseline_cagrad loss=0.4120 train_acc=0.7034 train_loss=0.5352 val_acc=0.7034 val_loss=0.5249 router_H=0.5252 best=0.7034
           router_load=[0.0014763883082196116, 0.1920052170753479, 0.047888826578855515, 0.7586296200752258]
[step 0090/150] method=baseline_cagrad loss=0.4049 train_acc=0.7034 train_loss=0.5352 val_acc=0.7034 val_loss=0.5249 router_H=0.5252 best=0.7034
           router_load=[0.0014763883082196116, 0.1920052170753479, 0.047888826578855515, 0.7586296200752258]
[step 0100/150] method=baseline_cagrad loss=0.4280 train_acc=0.8323 train_loss=0.4073 val_acc=0.8407 val_loss=0.3998 router_H=0.5289 best=0.8407
           router_load=[0.0, 0.310621440410614, 0.0, 0.6893784999847412]
[step 0110/150] method=baseline_cagrad loss=0.6986 train_acc=0.8323 train_loss=0.4073 val_acc=0.8407 val_loss=0.3998 router_H=0.5289 best=0.8407
           router_load=[0.0, 0.310621440410614, 0.0, 0.6893784999847412]
[step 0120/150] method=baseline_cagrad loss=0.1925 train_acc=0.8323 train_loss=0.4073 val_acc=0.8407 val_loss=0.3998 router_H=0.5289 best=0.8407
           router_load=[0.0, 0.310621440410614, 0.0, 0.6893784999847412]
[step 0130/150] method=baseline_cagrad loss=0.5012 train_acc=0.8323 train_loss=0.4073 val_acc=0.8407 val_loss=0.3998 router_H=0.5289 best=0.8407
           router_load=[0.0, 0.310621440410614, 0.0, 0.6893784999847412]
[step 0140/150] method=baseline_cagrad loss=0.2948 train_acc=0.8323 train_loss=0.4073 val_acc=0.8407 val_loss=0.3998 router_H=0.5289 best=0.8407
           router_load=[0.0, 0.310621440410614, 0.0, 0.6893784999847412]
[step 0150/150] method=baseline_cagrad loss=0.6632 train_acc=0.8629 train_loss=0.3281 val_acc=0.8775 val_loss=0.3348 router_H=0.3217 best=0.8775
           router_load=[0.02784305065870285, 0.14572679996490479, 0.0010115302866324782, 0.8254186511039734]
saved summary -> /home/zhujjing/MOE-grad-conflict-routing/runs/paper_suite/single_gpu/single_task/roberta_mrpc_ffn_e4_k2/hpo/cagrad/trial_runs/coord_05_anchor/cagrad_s2.json
saved curve -> /home/zhujjing/MOE-grad-conflict-routing/runs/paper_suite/single_gpu/single_task/roberta_mrpc_ffn_e4_k2/hpo/cagrad/trial_runs/coord_05_anchor/cagrad_s2_curve.csv
