[run] method=cagrad candidate=coord_05_method_baseline_cagrad_inner_lr_000 seed=3 steps=150 gpu=0
[run] cmd=
/home/zhujjing/anaconda3/envs/moe/bin/python /home/zhujjing/MOE-grad-conflict-routing/scripts/run.py --config configs/singletask_mrpc_real.yaml --set model.backbone_backend=hf --set model.hf_load_pretrained=true --set model.backbone=roberta --set model.hf_pretrained_name=roberta-base --set model.expert_type=ffn --set model.routing_mode=topk --set model.num_experts=4 --set model.top_k=2 --set seed=3 --set method.name=baseline_cagrad --set train.steps=150 --set train.eval_every_steps=50 --set method.baseline_cagrad.c=0.4 --set method.baseline_cagrad.inner_lr=0.07815593766 --set train.grad_clip=0.712672082 --set train.lr=2.52305587e-05 --set train.weight_decay=0.003745151078 --out /home/zhujjing/MOE-grad-conflict-routing/runs/paper_suite/single_gpu/single_task/roberta_mrpc_ffn_e4_k2/hpo/cagrad/trial_runs/coord_05_method_baseline_cagrad_inner_lr_000/cagrad_s3.json --curve_out /home/zhujjing/MOE-grad-conflict-routing/runs/paper_suite/single_gpu/single_task/roberta_mrpc_ffn_e4_k2/hpo/cagrad/trial_runs/coord_05_method_baseline_cagrad_inner_lr_000/cagrad_s3_curve.csv
Using the latest cached version of the dataset since glue couldn't be found on the Hugging Face Hub (offline mode is enabled).
Found the latest cached dataset configuration 'mrpc' at /home/zhujjing/hf_cache/datasets/glue/mrpc/0.0.0/bcdcba79d07bc864c1c254ccfcedcce55bcc9a8c (last modified on Thu Mar 19 15:01:06 2026).
/home/zhujjing/anaconda3/envs/moe/lib/python3.10/site-packages/transformers/utils/hub.py:124: FutureWarning: Using `TRANSFORMERS_CACHE` is deprecated and will be removed in v5 of Transformers. Use `HF_HOME` instead.
  warnings.warn(
Some weights of RobertaModel were not initialized from the model checkpoint at roberta-base and are newly initialized: ['roberta.pooler.dense.bias', 'roberta.pooler.dense.weight']
You should probably TRAIN this model on a down-stream task to be able to use it for predictions and inference.
[step 0001/150] method=baseline_cagrad loss=0.6719 train_acc=nan train_loss=nan val_acc=nan val_loss=nan best=-1.0000
[step 0010/150] method=baseline_cagrad loss=0.7592 train_acc=nan train_loss=nan val_acc=nan val_loss=nan best=-1.0000
[step 0020/150] method=baseline_cagrad loss=0.6546 train_acc=nan train_loss=nan val_acc=nan val_loss=nan best=-1.0000
[step 0030/150] method=baseline_cagrad loss=0.6106 train_acc=nan train_loss=nan val_acc=nan val_loss=nan best=-1.0000
[step 0040/150] method=baseline_cagrad loss=0.6077 train_acc=nan train_loss=nan val_acc=nan val_loss=nan best=-1.0000
[step 0050/150] method=baseline_cagrad loss=0.4895 train_acc=0.7582 train_loss=0.4745 val_acc=0.7819 val_loss=0.4694 router_H=0.4961 best=0.7819
           router_load=[0.012410304509103298, 0.7341997623443604, 0.00018950308731291443, 0.253200501203537]
[step 0060/150] method=baseline_cagrad loss=0.4080 train_acc=0.7582 train_loss=0.4745 val_acc=0.7819 val_loss=0.4694 router_H=0.4961 best=0.7819
           router_load=[0.012410304509103298, 0.7341997623443604, 0.00018950308731291443, 0.253200501203537]
[step 0070/150] method=baseline_cagrad loss=0.3881 train_acc=0.7582 train_loss=0.4745 val_acc=0.7819 val_loss=0.4694 router_H=0.4961 best=0.7819
           router_load=[0.012410304509103298, 0.7341997623443604, 0.00018950308731291443, 0.253200501203537]
[step 0080/150] method=baseline_cagrad loss=0.4125 train_acc=0.7582 train_loss=0.4745 val_acc=0.7819 val_loss=0.4694 router_H=0.4961 best=0.7819
           router_load=[0.012410304509103298, 0.7341997623443604, 0.00018950308731291443, 0.253200501203537]
[step 0090/150] method=baseline_cagrad loss=0.5179 train_acc=0.7582 train_loss=0.4745 val_acc=0.7819 val_loss=0.4694 router_H=0.4961 best=0.7819
           router_load=[0.012410304509103298, 0.7341997623443604, 0.00018950308731291443, 0.253200501203537]
[step 0100/150] method=baseline_cagrad loss=0.6637 train_acc=0.8427 train_loss=0.3933 val_acc=0.8284 val_loss=0.3997 router_H=0.3577 best=0.8284
           router_load=[0.017758913338184357, 0.7849235534667969, 6.228645361261442e-05, 0.19725513458251953]
[step 0110/150] method=baseline_cagrad loss=0.4262 train_acc=0.8427 train_loss=0.3933 val_acc=0.8284 val_loss=0.3997 router_H=0.3577 best=0.8284
           router_load=[0.017758913338184357, 0.7849235534667969, 6.228645361261442e-05, 0.19725513458251953]
[step 0120/150] method=baseline_cagrad loss=0.2997 train_acc=0.8427 train_loss=0.3933 val_acc=0.8284 val_loss=0.3997 router_H=0.3577 best=0.8284
           router_load=[0.017758913338184357, 0.7849235534667969, 6.228645361261442e-05, 0.19725513458251953]
[step 0130/150] method=baseline_cagrad loss=0.4633 train_acc=0.8427 train_loss=0.3933 val_acc=0.8284 val_loss=0.3997 router_H=0.3577 best=0.8284
           router_load=[0.017758913338184357, 0.7849235534667969, 6.228645361261442e-05, 0.19725513458251953]
[step 0140/150] method=baseline_cagrad loss=0.4682 train_acc=0.8427 train_loss=0.3933 val_acc=0.8284 val_loss=0.3997 router_H=0.3577 best=0.8284
           router_load=[0.017758913338184357, 0.7849235534667969, 6.228645361261442e-05, 0.19725513458251953]
[step 0150/150] method=baseline_cagrad loss=0.4322 train_acc=0.8514 train_loss=0.3632 val_acc=0.8358 val_loss=0.3906 router_H=0.4178 best=0.8358
           router_load=[0.053314629942178726, 0.7912877202033997, 0.0002429843443678692, 0.1551544964313507]
saved summary -> /home/zhujjing/MOE-grad-conflict-routing/runs/paper_suite/single_gpu/single_task/roberta_mrpc_ffn_e4_k2/hpo/cagrad/trial_runs/coord_05_method_baseline_cagrad_inner_lr_000/cagrad_s3.json
saved curve -> /home/zhujjing/MOE-grad-conflict-routing/runs/paper_suite/single_gpu/single_task/roberta_mrpc_ffn_e4_k2/hpo/cagrad/trial_runs/coord_05_method_baseline_cagrad_inner_lr_000/cagrad_s3_curve.csv
