[run] method=cagrad candidate=coord_05_method_baseline_cagrad_inner_lr_012 seed=2 steps=150 gpu=0
[run] cmd=
/home/zhujjing/anaconda3/envs/moe/bin/python /home/zhujjing/MOE-grad-conflict-routing/scripts/run.py --config configs/singletask_mrpc_real.yaml --set model.backbone_backend=hf --set model.hf_load_pretrained=true --set model.backbone=roberta --set model.hf_pretrained_name=roberta-base --set model.expert_type=ffn --set model.routing_mode=topk --set model.num_experts=4 --set model.top_k=2 --set seed=2 --set method.name=baseline_cagrad --set train.steps=150 --set train.eval_every_steps=50 --set method.baseline_cagrad.c=0.4 --set method.baseline_cagrad.inner_lr=0.1055132234 --set train.grad_clip=0.712672082 --set train.lr=2.52305587e-05 --set train.weight_decay=0.003745151078 --out /home/zhujjing/MOE-grad-conflict-routing/runs/paper_suite/single_gpu/single_task/roberta_mrpc_ffn_e4_k2/hpo/cagrad/trial_runs/coord_05_method_baseline_cagrad_inner_lr_012/cagrad_s2.json --curve_out /home/zhujjing/MOE-grad-conflict-routing/runs/paper_suite/single_gpu/single_task/roberta_mrpc_ffn_e4_k2/hpo/cagrad/trial_runs/coord_05_method_baseline_cagrad_inner_lr_012/cagrad_s2_curve.csv
Using the latest cached version of the dataset since glue couldn't be found on the Hugging Face Hub (offline mode is enabled).
Found the latest cached dataset configuration 'mrpc' at /home/zhujjing/hf_cache/datasets/glue/mrpc/0.0.0/bcdcba79d07bc864c1c254ccfcedcce55bcc9a8c (last modified on Thu Mar 19 15:01:06 2026).
/home/zhujjing/anaconda3/envs/moe/lib/python3.10/site-packages/transformers/utils/hub.py:124: FutureWarning: Using `TRANSFORMERS_CACHE` is deprecated and will be removed in v5 of Transformers. Use `HF_HOME` instead.
  warnings.warn(
Some weights of RobertaModel were not initialized from the model checkpoint at roberta-base and are newly initialized: ['roberta.pooler.dense.bias', 'roberta.pooler.dense.weight']
You should probably TRAIN this model on a down-stream task to be able to use it for predictions and inference.
[step 0001/150] method=baseline_cagrad loss=0.6946 train_acc=nan train_loss=nan val_acc=nan val_loss=nan best=-1.0000
[step 0010/150] method=baseline_cagrad loss=0.6632 train_acc=nan train_loss=nan val_acc=nan val_loss=nan best=-1.0000
[step 0020/150] method=baseline_cagrad loss=0.6730 train_acc=nan train_loss=nan val_acc=nan val_loss=nan best=-1.0000
[step 0030/150] method=baseline_cagrad loss=0.7297 train_acc=nan train_loss=nan val_acc=nan val_loss=nan best=-1.0000
[step 0040/150] method=baseline_cagrad loss=0.5916 train_acc=nan train_loss=nan val_acc=nan val_loss=nan best=-1.0000
[step 0050/150] method=baseline_cagrad loss=0.5072 train_acc=0.7170 train_loss=0.5601 val_acc=0.7181 val_loss=0.5584 router_H=0.3373 best=0.7181
           router_load=[0.8805105090141296, 0.06782907992601395, 0.047528959810733795, 0.00413140282034874]
[step 0060/150] method=baseline_cagrad loss=0.6180 train_acc=0.7170 train_loss=0.5601 val_acc=0.7181 val_loss=0.5584 router_H=0.3373 best=0.7181
           router_load=[0.8805105090141296, 0.06782907992601395, 0.047528959810733795, 0.00413140282034874]
[step 0070/150] method=baseline_cagrad loss=0.3817 train_acc=0.7170 train_loss=0.5601 val_acc=0.7181 val_loss=0.5584 router_H=0.3373 best=0.7181
           router_load=[0.8805105090141296, 0.06782907992601395, 0.047528959810733795, 0.00413140282034874]
[step 0080/150] method=baseline_cagrad loss=0.3783 train_acc=0.7170 train_loss=0.5601 val_acc=0.7181 val_loss=0.5584 router_H=0.3373 best=0.7181
           router_load=[0.8805105090141296, 0.06782907992601395, 0.047528959810733795, 0.00413140282034874]
[step 0090/150] method=baseline_cagrad loss=0.4174 train_acc=0.7170 train_loss=0.5601 val_acc=0.7181 val_loss=0.5584 router_H=0.3373 best=0.7181
           router_load=[0.8805105090141296, 0.06782907992601395, 0.047528959810733795, 0.00413140282034874]
[step 0100/150] method=baseline_cagrad loss=0.4277 train_acc=0.8236 train_loss=0.4027 val_acc=0.8088 val_loss=0.4099 router_H=0.5266 best=0.8088
           router_load=[0.6981604099273682, 0.03943729028105736, 0.2624022960662842, 0.0]
[step 0110/150] method=baseline_cagrad loss=0.8314 train_acc=0.8236 train_loss=0.4027 val_acc=0.8088 val_loss=0.4099 router_H=0.5266 best=0.8088
           router_load=[0.6981604099273682, 0.03943729028105736, 0.2624022960662842, 0.0]
[step 0120/150] method=baseline_cagrad loss=0.3178 train_acc=0.8236 train_loss=0.4027 val_acc=0.8088 val_loss=0.4099 router_H=0.5266 best=0.8088
           router_load=[0.6981604099273682, 0.03943729028105736, 0.2624022960662842, 0.0]
[step 0130/150] method=baseline_cagrad loss=0.5217 train_acc=0.8236 train_loss=0.4027 val_acc=0.8088 val_loss=0.4099 router_H=0.5266 best=0.8088
           router_load=[0.6981604099273682, 0.03943729028105736, 0.2624022960662842, 0.0]
[step 0140/150] method=baseline_cagrad loss=0.3468 train_acc=0.8236 train_loss=0.4027 val_acc=0.8088 val_loss=0.4099 router_H=0.5266 best=0.8088
           router_load=[0.6981604099273682, 0.03943729028105736, 0.2624022960662842, 0.0]
[step 0150/150] method=baseline_cagrad loss=0.6395 train_acc=0.8312 train_loss=0.3904 val_acc=0.8235 val_loss=0.3928 router_H=0.3369 best=0.8235
           router_load=[0.8301377296447754, 0.039099160581827164, 0.12700343132019043, 0.0037595925386995077]
saved summary -> /home/zhujjing/MOE-grad-conflict-routing/runs/paper_suite/single_gpu/single_task/roberta_mrpc_ffn_e4_k2/hpo/cagrad/trial_runs/coord_05_method_baseline_cagrad_inner_lr_012/cagrad_s2.json
saved curve -> /home/zhujjing/MOE-grad-conflict-routing/runs/paper_suite/single_gpu/single_task/roberta_mrpc_ffn_e4_k2/hpo/cagrad/trial_runs/coord_05_method_baseline_cagrad_inner_lr_012/cagrad_s2_curve.csv
