[run] method=cagrad candidate=coord_05_method_baseline_cagrad_inner_lr_015 seed=2 steps=150 gpu=0
[run] cmd=
/home/zhujjing/anaconda3/envs/moe/bin/python /home/zhujjing/MOE-grad-conflict-routing/scripts/run.py --config configs/singletask_mrpc_real.yaml --set model.backbone_backend=hf --set model.hf_load_pretrained=true --set model.backbone=roberta --set model.hf_pretrained_name=roberta-base --set model.expert_type=ffn --set model.routing_mode=topk --set model.num_experts=4 --set model.top_k=2 --set seed=2 --set method.name=baseline_cagrad --set train.steps=150 --set train.eval_every_steps=50 --set method.baseline_cagrad.c=0.4 --set method.baseline_cagrad.inner_lr=0.1550854002 --set train.grad_clip=0.712672082 --set train.lr=2.52305587e-05 --set train.weight_decay=0.003745151078 --out /home/zhujjing/MOE-grad-conflict-routing/runs/paper_suite/single_gpu/single_task/roberta_mrpc_ffn_e4_k2/hpo/cagrad/trial_runs/coord_05_method_baseline_cagrad_inner_lr_015/cagrad_s2.json --curve_out /home/zhujjing/MOE-grad-conflict-routing/runs/paper_suite/single_gpu/single_task/roberta_mrpc_ffn_e4_k2/hpo/cagrad/trial_runs/coord_05_method_baseline_cagrad_inner_lr_015/cagrad_s2_curve.csv
Using the latest cached version of the dataset since glue couldn't be found on the Hugging Face Hub (offline mode is enabled).
Found the latest cached dataset configuration 'mrpc' at /home/zhujjing/hf_cache/datasets/glue/mrpc/0.0.0/bcdcba79d07bc864c1c254ccfcedcce55bcc9a8c (last modified on Thu Mar 19 15:01:06 2026).
/home/zhujjing/anaconda3/envs/moe/lib/python3.10/site-packages/transformers/utils/hub.py:124: FutureWarning: Using `TRANSFORMERS_CACHE` is deprecated and will be removed in v5 of Transformers. Use `HF_HOME` instead.
  warnings.warn(
Some weights of RobertaModel were not initialized from the model checkpoint at roberta-base and are newly initialized: ['roberta.pooler.dense.bias', 'roberta.pooler.dense.weight']
You should probably TRAIN this model on a down-stream task to be able to use it for predictions and inference.
[step 0001/150] method=baseline_cagrad loss=0.6938 train_acc=nan train_loss=nan val_acc=nan val_loss=nan best=-1.0000
[step 0010/150] method=baseline_cagrad loss=0.6416 train_acc=nan train_loss=nan val_acc=nan val_loss=nan best=-1.0000
[step 0020/150] method=baseline_cagrad loss=0.6793 train_acc=nan train_loss=nan val_acc=nan val_loss=nan best=-1.0000
[step 0030/150] method=baseline_cagrad loss=0.6968 train_acc=nan train_loss=nan val_acc=nan val_loss=nan best=-1.0000
[step 0040/150] method=baseline_cagrad loss=0.5690 train_acc=nan train_loss=nan val_acc=nan val_loss=nan best=-1.0000
[step 0050/150] method=baseline_cagrad loss=0.5416 train_acc=0.7102 train_loss=0.5521 val_acc=0.7108 val_loss=0.5454 router_H=0.4376 best=0.7108
           router_load=[0.00029445922700688243, 0.12218750268220901, 0.047134965658187866, 0.8303831219673157]
[step 0060/150] method=baseline_cagrad loss=0.6476 train_acc=0.7102 train_loss=0.5521 val_acc=0.7108 val_loss=0.5454 router_H=0.4376 best=0.7108
           router_load=[0.00029445922700688243, 0.12218750268220901, 0.047134965658187866, 0.8303831219673157]
[step 0070/150] method=baseline_cagrad loss=0.3387 train_acc=0.7102 train_loss=0.5521 val_acc=0.7108 val_loss=0.5454 router_H=0.4376 best=0.7108
           router_load=[0.00029445922700688243, 0.12218750268220901, 0.047134965658187866, 0.8303831219673157]
[step 0080/150] method=baseline_cagrad loss=0.3701 train_acc=0.7102 train_loss=0.5521 val_acc=0.7108 val_loss=0.5454 router_H=0.4376 best=0.7108
           router_load=[0.00029445922700688243, 0.12218750268220901, 0.047134965658187866, 0.8303831219673157]
[step 0090/150] method=baseline_cagrad loss=0.3207 train_acc=0.7102 train_loss=0.5521 val_acc=0.7108 val_loss=0.5454 router_H=0.4376 best=0.7108
           router_load=[0.00029445922700688243, 0.12218750268220901, 0.047134965658187866, 0.8303831219673157]
[step 0100/150] method=baseline_cagrad loss=0.4614 train_acc=0.8261 train_loss=0.3889 val_acc=0.8186 val_loss=0.3870 router_H=0.4254 best=0.8186
           router_load=[0.06384219229221344, 0.008595981635153294, 0.1290713995695114, 0.7984904050827026]
[step 0110/150] method=baseline_cagrad loss=0.8480 train_acc=0.8261 train_loss=0.3889 val_acc=0.8186 val_loss=0.3870 router_H=0.4254 best=0.8186
           router_load=[0.06384219229221344, 0.008595981635153294, 0.1290713995695114, 0.7984904050827026]
[step 0120/150] method=baseline_cagrad loss=0.2813 train_acc=0.8261 train_loss=0.3889 val_acc=0.8186 val_loss=0.3870 router_H=0.4254 best=0.8186
           router_load=[0.06384219229221344, 0.008595981635153294, 0.1290713995695114, 0.7984904050827026]
[step 0130/150] method=baseline_cagrad loss=0.4663 train_acc=0.8261 train_loss=0.3889 val_acc=0.8186 val_loss=0.3870 router_H=0.4254 best=0.8186
           router_load=[0.06384219229221344, 0.008595981635153294, 0.1290713995695114, 0.7984904050827026]
[step 0140/150] method=baseline_cagrad loss=0.3973 train_acc=0.8261 train_loss=0.3889 val_acc=0.8186 val_loss=0.3870 router_H=0.4254 best=0.8186
           router_load=[0.06384219229221344, 0.008595981635153294, 0.1290713995695114, 0.7984904050827026]
[step 0150/150] method=baseline_cagrad loss=0.7360 train_acc=0.8168 train_loss=0.4292 val_acc=0.8333 val_loss=0.4454 router_H=0.2847 best=0.8333
           router_load=[0.013975473120808601, 0.04415274038910866, 0.036835089325904846, 0.9050366878509521]
saved summary -> /home/zhujjing/MOE-grad-conflict-routing/runs/paper_suite/single_gpu/single_task/roberta_mrpc_ffn_e4_k2/hpo/cagrad/trial_runs/coord_05_method_baseline_cagrad_inner_lr_015/cagrad_s2.json
saved curve -> /home/zhujjing/MOE-grad-conflict-routing/runs/paper_suite/single_gpu/single_task/roberta_mrpc_ffn_e4_k2/hpo/cagrad/trial_runs/coord_05_method_baseline_cagrad_inner_lr_015/cagrad_s2_curve.csv
