[run] method=cagrad candidate=coord_05_method_baseline_cagrad_inner_lr_017 seed=2 steps=150 gpu=0
[run] cmd=
/home/zhujjing/anaconda3/envs/moe/bin/python /home/zhujjing/MOE-grad-conflict-routing/scripts/run.py --config configs/singletask_mrpc_real.yaml --set model.backbone_backend=hf --set model.hf_load_pretrained=true --set model.backbone=roberta --set model.hf_pretrained_name=roberta-base --set model.expert_type=ffn --set model.routing_mode=topk --set model.num_experts=4 --set model.top_k=2 --set seed=2 --set method.name=baseline_cagrad --set train.steps=150 --set train.eval_every_steps=50 --set method.baseline_cagrad.c=0.4 --set method.baseline_cagrad.inner_lr=0.4947630335 --set train.grad_clip=0.712672082 --set train.lr=2.52305587e-05 --set train.weight_decay=0.003745151078 --out /home/zhujjing/MOE-grad-conflict-routing/runs/paper_suite/single_gpu/single_task/roberta_mrpc_ffn_e4_k2/hpo/cagrad/trial_runs/coord_05_method_baseline_cagrad_inner_lr_017/cagrad_s2.json --curve_out /home/zhujjing/MOE-grad-conflict-routing/runs/paper_suite/single_gpu/single_task/roberta_mrpc_ffn_e4_k2/hpo/cagrad/trial_runs/coord_05_method_baseline_cagrad_inner_lr_017/cagrad_s2_curve.csv
Using the latest cached version of the dataset since glue couldn't be found on the Hugging Face Hub (offline mode is enabled).
Found the latest cached dataset configuration 'mrpc' at /home/zhujjing/hf_cache/datasets/glue/mrpc/0.0.0/bcdcba79d07bc864c1c254ccfcedcce55bcc9a8c (last modified on Thu Mar 19 15:01:06 2026).
/home/zhujjing/anaconda3/envs/moe/lib/python3.10/site-packages/transformers/utils/hub.py:124: FutureWarning: Using `TRANSFORMERS_CACHE` is deprecated and will be removed in v5 of Transformers. Use `HF_HOME` instead.
  warnings.warn(
Some weights of RobertaModel were not initialized from the model checkpoint at roberta-base and are newly initialized: ['roberta.pooler.dense.bias', 'roberta.pooler.dense.weight']
You should probably TRAIN this model on a down-stream task to be able to use it for predictions and inference.
[step 0001/150] method=baseline_cagrad loss=0.6809 train_acc=nan train_loss=nan val_acc=nan val_loss=nan best=-1.0000
[step 0010/150] method=baseline_cagrad loss=0.6252 train_acc=nan train_loss=nan val_acc=nan val_loss=nan best=-1.0000
[step 0020/150] method=baseline_cagrad loss=0.6262 train_acc=nan train_loss=nan val_acc=nan val_loss=nan best=-1.0000
[step 0030/150] method=baseline_cagrad loss=0.6188 train_acc=nan train_loss=nan val_acc=nan val_loss=nan best=-1.0000
[step 0040/150] method=baseline_cagrad loss=0.5196 train_acc=nan train_loss=nan val_acc=nan val_loss=nan best=-1.0000
[step 0050/150] method=baseline_cagrad loss=0.5071 train_acc=0.7609 train_loss=0.5229 val_acc=0.7402 val_loss=0.5222 router_H=0.4343 best=0.7402
           router_load=[0.04902812838554382, 0.8142529129981995, 0.12711729109287262, 0.009601580910384655]
[step 0060/150] method=baseline_cagrad loss=0.5827 train_acc=0.7609 train_loss=0.5229 val_acc=0.7402 val_loss=0.5222 router_H=0.4343 best=0.7402
           router_load=[0.04902812838554382, 0.8142529129981995, 0.12711729109287262, 0.009601580910384655]
[step 0070/150] method=baseline_cagrad loss=0.3343 train_acc=0.7609 train_loss=0.5229 val_acc=0.7402 val_loss=0.5222 router_H=0.4343 best=0.7402
           router_load=[0.04902812838554382, 0.8142529129981995, 0.12711729109287262, 0.009601580910384655]
[step 0080/150] method=baseline_cagrad loss=0.3733 train_acc=0.7609 train_loss=0.5229 val_acc=0.7402 val_loss=0.5222 router_H=0.4343 best=0.7402
           router_load=[0.04902812838554382, 0.8142529129981995, 0.12711729109287262, 0.009601580910384655]
[step 0090/150] method=baseline_cagrad loss=0.5566 train_acc=0.7609 train_loss=0.5229 val_acc=0.7402 val_loss=0.5222 router_H=0.4343 best=0.7402
           router_load=[0.04902812838554382, 0.8142529129981995, 0.12711729109287262, 0.009601580910384655]
[step 0100/150] method=baseline_cagrad loss=0.4668 train_acc=0.8250 train_loss=0.4239 val_acc=0.8333 val_loss=0.4197 router_H=0.5110 best=0.8333
           router_load=[0.003949583973735571, 0.7100415229797363, 0.2860090136528015, 0.0]
[step 0110/150] method=baseline_cagrad loss=0.7323 train_acc=0.8250 train_loss=0.4239 val_acc=0.8333 val_loss=0.4197 router_H=0.5110 best=0.8333
           router_load=[0.003949583973735571, 0.7100415229797363, 0.2860090136528015, 0.0]
[step 0120/150] method=baseline_cagrad loss=0.2425 train_acc=0.8250 train_loss=0.4239 val_acc=0.8333 val_loss=0.4197 router_H=0.5110 best=0.8333
           router_load=[0.003949583973735571, 0.7100415229797363, 0.2860090136528015, 0.0]
[step 0130/150] method=baseline_cagrad loss=0.5319 train_acc=0.8250 train_loss=0.4239 val_acc=0.8333 val_loss=0.4197 router_H=0.5110 best=0.8333
           router_load=[0.003949583973735571, 0.7100415229797363, 0.2860090136528015, 0.0]
[step 0140/150] method=baseline_cagrad loss=0.3672 train_acc=0.8250 train_loss=0.4239 val_acc=0.8333 val_loss=0.4197 router_H=0.5110 best=0.8333
           router_load=[0.003949583973735571, 0.7100415229797363, 0.2860090136528015, 0.0]
[step 0150/150] method=baseline_cagrad loss=0.6069 train_acc=0.8506 train_loss=0.3722 val_acc=0.8480 val_loss=0.4126 router_H=0.3133 best=0.8480
           router_load=[0.009217114187777042, 0.8244529962539673, 0.13663196563720703, 0.029697900637984276]
saved summary -> /home/zhujjing/MOE-grad-conflict-routing/runs/paper_suite/single_gpu/single_task/roberta_mrpc_ffn_e4_k2/hpo/cagrad/trial_runs/coord_05_method_baseline_cagrad_inner_lr_017/cagrad_s2.json
saved curve -> /home/zhujjing/MOE-grad-conflict-routing/runs/paper_suite/single_gpu/single_task/roberta_mrpc_ffn_e4_k2/hpo/cagrad/trial_runs/coord_05_method_baseline_cagrad_inner_lr_017/cagrad_s2_curve.csv
