[run] method=cagrad candidate=coord_05_method_baseline_cagrad_inner_lr_016 seed=3 steps=150 gpu=0
[run] cmd=
/home/zhujjing/anaconda3/envs/moe/bin/python /home/zhujjing/MOE-grad-conflict-routing/scripts/run.py --config configs/singletask_mrpc_real.yaml --set model.backbone_backend=hf --set model.hf_load_pretrained=true --set model.backbone=roberta --set model.hf_pretrained_name=roberta-base --set model.expert_type=ffn --set model.routing_mode=topk --set model.num_experts=4 --set model.top_k=2 --set seed=3 --set method.name=baseline_cagrad --set train.steps=150 --set train.eval_every_steps=50 --set method.baseline_cagrad.c=0.4 --set method.baseline_cagrad.inner_lr=0.03125195703 --set train.grad_clip=0.712672082 --set train.lr=2.52305587e-05 --set train.weight_decay=0.003745151078 --out /home/zhujjing/MOE-grad-conflict-routing/runs/paper_suite/single_gpu/single_task/roberta_mrpc_ffn_e4_k2/hpo/cagrad/trial_runs/coord_05_method_baseline_cagrad_inner_lr_016/cagrad_s3.json --curve_out /home/zhujjing/MOE-grad-conflict-routing/runs/paper_suite/single_gpu/single_task/roberta_mrpc_ffn_e4_k2/hpo/cagrad/trial_runs/coord_05_method_baseline_cagrad_inner_lr_016/cagrad_s3_curve.csv
Using the latest cached version of the dataset since glue couldn't be found on the Hugging Face Hub (offline mode is enabled).
Found the latest cached dataset configuration 'mrpc' at /home/zhujjing/hf_cache/datasets/glue/mrpc/0.0.0/bcdcba79d07bc864c1c254ccfcedcce55bcc9a8c (last modified on Thu Mar 19 15:01:06 2026).
/home/zhujjing/anaconda3/envs/moe/lib/python3.10/site-packages/transformers/utils/hub.py:124: FutureWarning: Using `TRANSFORMERS_CACHE` is deprecated and will be removed in v5 of Transformers. Use `HF_HOME` instead.
  warnings.warn(
Some weights of RobertaModel were not initialized from the model checkpoint at roberta-base and are newly initialized: ['roberta.pooler.dense.bias', 'roberta.pooler.dense.weight']
You should probably TRAIN this model on a down-stream task to be able to use it for predictions and inference.
[step 0001/150] method=baseline_cagrad loss=0.7060 train_acc=nan train_loss=nan val_acc=nan val_loss=nan best=-1.0000
[step 0010/150] method=baseline_cagrad loss=0.7866 train_acc=nan train_loss=nan val_acc=nan val_loss=nan best=-1.0000
[step 0020/150] method=baseline_cagrad loss=0.6966 train_acc=nan train_loss=nan val_acc=nan val_loss=nan best=-1.0000
[step 0030/150] method=baseline_cagrad loss=0.5503 train_acc=nan train_loss=nan val_acc=nan val_loss=nan best=-1.0000
[step 0040/150] method=baseline_cagrad loss=0.5970 train_acc=nan train_loss=nan val_acc=nan val_loss=nan best=-1.0000
[step 0050/150] method=baseline_cagrad loss=0.4626 train_acc=0.7535 train_loss=0.5014 val_acc=0.7500 val_loss=0.4984 router_H=0.6757 best=0.7500
           router_load=[0.4746948182582855, 0.008718161843717098, 0.02902890183031559, 0.4875582158565521]
[step 0060/150] method=baseline_cagrad loss=0.4665 train_acc=0.7535 train_loss=0.5014 val_acc=0.7500 val_loss=0.4984 router_H=0.6757 best=0.7500
           router_load=[0.4746948182582855, 0.008718161843717098, 0.02902890183031559, 0.4875582158565521]
[step 0070/150] method=baseline_cagrad loss=0.4958 train_acc=0.7535 train_loss=0.5014 val_acc=0.7500 val_loss=0.4984 router_H=0.6757 best=0.7500
           router_load=[0.4746948182582855, 0.008718161843717098, 0.02902890183031559, 0.4875582158565521]
[step 0080/150] method=baseline_cagrad loss=0.4181 train_acc=0.7535 train_loss=0.5014 val_acc=0.7500 val_loss=0.4984 router_H=0.6757 best=0.7500
           router_load=[0.4746948182582855, 0.008718161843717098, 0.02902890183031559, 0.4875582158565521]
[step 0090/150] method=baseline_cagrad loss=0.6082 train_acc=0.7535 train_loss=0.5014 val_acc=0.7500 val_loss=0.4984 router_H=0.6757 best=0.7500
           router_load=[0.4746948182582855, 0.008718161843717098, 0.02902890183031559, 0.4875582158565521]
[step 0100/150] method=baseline_cagrad loss=0.5641 train_acc=0.8299 train_loss=0.3858 val_acc=0.8480 val_loss=0.3731 router_H=0.6382 best=0.8480
           router_load=[0.5576881766319275, 0.012736496515572071, 0.03379986062645912, 0.3957754373550415]
[step 0110/150] method=baseline_cagrad loss=0.4242 train_acc=0.8299 train_loss=0.3858 val_acc=0.8480 val_loss=0.3731 router_H=0.6382 best=0.8480
           router_load=[0.5576881766319275, 0.012736496515572071, 0.03379986062645912, 0.3957754373550415]
[step 0120/150] method=baseline_cagrad loss=0.4190 train_acc=0.8299 train_loss=0.3858 val_acc=0.8480 val_loss=0.3731 router_H=0.6382 best=0.8480
           router_load=[0.5576881766319275, 0.012736496515572071, 0.03379986062645912, 0.3957754373550415]
[step 0130/150] method=baseline_cagrad loss=0.3051 train_acc=0.8299 train_loss=0.3858 val_acc=0.8480 val_loss=0.3731 router_H=0.6382 best=0.8480
           router_load=[0.5576881766319275, 0.012736496515572071, 0.03379986062645912, 0.3957754373550415]
[step 0140/150] method=baseline_cagrad loss=0.4963 train_acc=0.8299 train_loss=0.3858 val_acc=0.8480 val_loss=0.3731 router_H=0.6382 best=0.8480
           router_load=[0.5576881766319275, 0.012736496515572071, 0.03379986062645912, 0.3957754373550415]
[step 0150/150] method=baseline_cagrad loss=0.4832 train_acc=0.8640 train_loss=0.3596 val_acc=0.8431 val_loss=0.3712 router_H=0.6555 best=0.8480
           router_load=[0.4910891354084015, 0.007131997961550951, 0.019490882754325867, 0.48228803277015686]
saved summary -> /home/zhujjing/MOE-grad-conflict-routing/runs/paper_suite/single_gpu/single_task/roberta_mrpc_ffn_e4_k2/hpo/cagrad/trial_runs/coord_05_method_baseline_cagrad_inner_lr_016/cagrad_s3.json
saved curve -> /home/zhujjing/MOE-grad-conflict-routing/runs/paper_suite/single_gpu/single_task/roberta_mrpc_ffn_e4_k2/hpo/cagrad/trial_runs/coord_05_method_baseline_cagrad_inner_lr_016/cagrad_s3_curve.csv
