[run] method=ours candidate=coord_03_train_grad_clip_019 seed=3 steps=150 gpu=0
[run] cmd=
/home/zhujjing/anaconda3/envs/moe/bin/python /home/zhujjing/MOE-grad-conflict-routing/scripts/run.py --config configs/singletask_mrpc_real.yaml --set model.backbone_backend=hf --set model.hf_load_pretrained=true --set model.backbone=roberta --set model.hf_pretrained_name=roberta-base --set model.expert_type=lora --set model.routing_mode=topk --set model.num_experts=4 --set model.top_k=2 --set seed=3 --set method.name=ours --set train.steps=150 --set train.eval_every_steps=50 --set method.ours.use_load_norm=true --set method.ours.lambda_align=0.001 --set train.grad_clip=1.251497277 --set train.lr=2.652769064e-05 --set train.weight_decay=0.04145867636 --out /home/zhujjing/MOE-grad-conflict-routing/runs/paper_suite/single_gpu/single_task/roberta_mrpc_lora_e4_k2/hpo/ours/trial_runs/coord_03_train_grad_clip_019/ours_s3.json --curve_out /home/zhujjing/MOE-grad-conflict-routing/runs/paper_suite/single_gpu/single_task/roberta_mrpc_lora_e4_k2/hpo/ours/trial_runs/coord_03_train_grad_clip_019/ours_s3_curve.csv
Using the latest cached version of the dataset since glue couldn't be found on the Hugging Face Hub (offline mode is enabled).
Found the latest cached dataset configuration 'mrpc' at /home/zhujjing/hf_cache/datasets/glue/mrpc/0.0.0/bcdcba79d07bc864c1c254ccfcedcce55bcc9a8c (last modified on Thu Mar 19 15:01:06 2026).
/home/zhujjing/anaconda3/envs/moe/lib/python3.10/site-packages/transformers/utils/hub.py:124: FutureWarning: Using `TRANSFORMERS_CACHE` is deprecated and will be removed in v5 of Transformers. Use `HF_HOME` instead.
  warnings.warn(
Some weights of RobertaModel were not initialized from the model checkpoint at roberta-base and are newly initialized: ['roberta.pooler.dense.bias', 'roberta.pooler.dense.weight']
You should probably TRAIN this model on a down-stream task to be able to use it for predictions and inference.
[step 0001/150] method=ours loss=0.6879 train_acc=nan train_loss=nan val_acc=nan val_loss=nan best=-1.0000
[step 0010/150] method=ours loss=0.7696 train_acc=nan train_loss=nan val_acc=nan val_loss=nan best=-1.0000
[step 0020/150] method=ours loss=0.6145 train_acc=nan train_loss=nan val_acc=nan val_loss=nan best=-1.0000
[step 0030/150] method=ours loss=0.5325 train_acc=nan train_loss=nan val_acc=nan val_loss=nan best=-1.0000
[step 0040/150] method=ours loss=0.5748 train_acc=nan train_loss=nan val_acc=nan val_loss=nan best=-1.0000
[step 0050/150] method=ours loss=0.5236 train_acc=0.7699 train_loss=0.4899 val_acc=0.7843 val_loss=0.4871 router_H=0.6918 best=0.7843
           router_load=[0.0, 0.5036453604698181, 0.0, 0.4963546693325043]
[step 0060/150] method=ours loss=0.4113 train_acc=0.7699 train_loss=0.4899 val_acc=0.7843 val_loss=0.4871 router_H=0.6918 best=0.7843
           router_load=[0.0, 0.5036453604698181, 0.0, 0.4963546693325043]
[step 0070/150] method=ours loss=0.2933 train_acc=0.7699 train_loss=0.4899 val_acc=0.7843 val_loss=0.4871 router_H=0.6918 best=0.7843
           router_load=[0.0, 0.5036453604698181, 0.0, 0.4963546693325043]
[step 0080/150] method=ours loss=0.6149 train_acc=0.7699 train_loss=0.4899 val_acc=0.7843 val_loss=0.4871 router_H=0.6918 best=0.7843
           router_load=[0.0, 0.5036453604698181, 0.0, 0.4963546693325043]
[step 0090/150] method=ours loss=0.5516 train_acc=0.7699 train_loss=0.4899 val_acc=0.7843 val_loss=0.4871 router_H=0.6918 best=0.7843
           router_load=[0.0, 0.5036453604698181, 0.0, 0.4963546693325043]
[step 0100/150] method=ours loss=0.5442 train_acc=0.8002 train_loss=0.4371 val_acc=0.7819 val_loss=0.4639 router_H=0.6863 best=0.7843
           router_load=[0.0, 0.5417055487632751, 0.0, 0.458294540643692]
[step 0110/150] method=ours loss=0.4185 train_acc=0.8002 train_loss=0.4371 val_acc=0.7819 val_loss=0.4639 router_H=0.6863 best=0.7843
           router_load=[0.0, 0.5417055487632751, 0.0, 0.458294540643692]
[step 0120/150] method=ours loss=0.3264 train_acc=0.8002 train_loss=0.4371 val_acc=0.7819 val_loss=0.4639 router_H=0.6863 best=0.7843
           router_load=[0.0, 0.5417055487632751, 0.0, 0.458294540643692]
[step 0130/150] method=ours loss=0.2502 train_acc=0.8002 train_loss=0.4371 val_acc=0.7819 val_loss=0.4639 router_H=0.6863 best=0.7843
           router_load=[0.0, 0.5417055487632751, 0.0, 0.458294540643692]
[step 0140/150] method=ours loss=0.4902 train_acc=0.8002 train_loss=0.4371 val_acc=0.7819 val_loss=0.4639 router_H=0.6863 best=0.7843
           router_load=[0.0, 0.5417055487632751, 0.0, 0.458294540643692]
[step 0150/150] method=ours loss=0.5258 train_acc=0.8550 train_loss=0.3544 val_acc=0.8382 val_loss=0.3763 router_H=0.6873 best=0.8382
           router_load=[0.0, 0.544288694858551, 0.0, 0.45571133494377136]
saved summary -> /home/zhujjing/MOE-grad-conflict-routing/runs/paper_suite/single_gpu/single_task/roberta_mrpc_lora_e4_k2/hpo/ours/trial_runs/coord_03_train_grad_clip_019/ours_s3.json
saved curve -> /home/zhujjing/MOE-grad-conflict-routing/runs/paper_suite/single_gpu/single_task/roberta_mrpc_lora_e4_k2/hpo/ours/trial_runs/coord_03_train_grad_clip_019/ours_s3_curve.csv
