[run] method=ours candidate=coord_03_train_grad_clip_016 seed=2 steps=150 gpu=0
[run] cmd=
/home/zhujjing/anaconda3/envs/moe/bin/python /home/zhujjing/MOE-grad-conflict-routing/scripts/run.py --config configs/singletask_mrpc_real.yaml --set model.backbone_backend=hf --set model.hf_load_pretrained=true --set model.backbone=roberta --set model.hf_pretrained_name=roberta-base --set model.expert_type=lora --set model.routing_mode=topk --set model.num_experts=4 --set model.top_k=2 --set seed=2 --set method.name=ours --set train.steps=150 --set train.eval_every_steps=50 --set method.ours.use_load_norm=true --set method.ours.lambda_align=0.001 --set train.grad_clip=0.9740671934 --set train.lr=2.652769064e-05 --set train.weight_decay=0.04145867636 --out /home/zhujjing/MOE-grad-conflict-routing/runs/paper_suite/single_gpu/single_task/roberta_mrpc_lora_e4_k2/hpo/ours/trial_runs/coord_03_train_grad_clip_016/ours_s2.json --curve_out /home/zhujjing/MOE-grad-conflict-routing/runs/paper_suite/single_gpu/single_task/roberta_mrpc_lora_e4_k2/hpo/ours/trial_runs/coord_03_train_grad_clip_016/ours_s2_curve.csv
Using the latest cached version of the dataset since glue couldn't be found on the Hugging Face Hub (offline mode is enabled).
Found the latest cached dataset configuration 'mrpc' at /home/zhujjing/hf_cache/datasets/glue/mrpc/0.0.0/bcdcba79d07bc864c1c254ccfcedcce55bcc9a8c (last modified on Thu Mar 19 15:01:06 2026).
/home/zhujjing/anaconda3/envs/moe/lib/python3.10/site-packages/transformers/utils/hub.py:124: FutureWarning: Using `TRANSFORMERS_CACHE` is deprecated and will be removed in v5 of Transformers. Use `HF_HOME` instead.
  warnings.warn(
Some weights of RobertaModel were not initialized from the model checkpoint at roberta-base and are newly initialized: ['roberta.pooler.dense.bias', 'roberta.pooler.dense.weight']
You should probably TRAIN this model on a down-stream task to be able to use it for predictions and inference.
[step 0001/150] method=ours loss=0.6629 train_acc=nan train_loss=nan val_acc=nan val_loss=nan best=-1.0000
[step 0010/150] method=ours loss=0.6871 train_acc=nan train_loss=nan val_acc=nan val_loss=nan best=-1.0000
[step 0020/150] method=ours loss=0.5523 train_acc=nan train_loss=nan val_acc=nan val_loss=nan best=-1.0000
[step 0030/150] method=ours loss=0.6438 train_acc=nan train_loss=nan val_acc=nan val_loss=nan best=-1.0000
[step 0040/150] method=ours loss=0.5161 train_acc=nan train_loss=nan val_acc=nan val_loss=nan best=-1.0000
[step 0050/150] method=ours loss=0.5241 train_acc=0.7219 train_loss=0.5261 val_acc=0.7230 val_loss=0.5250 router_H=0.6924 best=0.7230
           router_load=[0.4360077381134033, 0.30044060945510864, 0.26355159282684326, 0.0]
[step 0060/150] method=ours loss=0.5964 train_acc=0.7219 train_loss=0.5261 val_acc=0.7230 val_loss=0.5250 router_H=0.6924 best=0.7230
           router_load=[0.4360077381134033, 0.30044060945510864, 0.26355159282684326, 0.0]
[step 0070/150] method=ours loss=0.3352 train_acc=0.7219 train_loss=0.5261 val_acc=0.7230 val_loss=0.5250 router_H=0.6924 best=0.7230
           router_load=[0.4360077381134033, 0.30044060945510864, 0.26355159282684326, 0.0]
[step 0080/150] method=ours loss=0.5011 train_acc=0.7219 train_loss=0.5261 val_acc=0.7230 val_loss=0.5250 router_H=0.6924 best=0.7230
           router_load=[0.4360077381134033, 0.30044060945510864, 0.26355159282684326, 0.0]
[step 0090/150] method=ours loss=0.4075 train_acc=0.7219 train_loss=0.5261 val_acc=0.7230 val_loss=0.5250 router_H=0.6924 best=0.7230
           router_load=[0.4360077381134033, 0.30044060945510864, 0.26355159282684326, 0.0]
[step 0100/150] method=ours loss=0.4859 train_acc=0.8173 train_loss=0.4319 val_acc=0.8137 val_loss=0.4345 router_H=0.6904 best=0.8137
           router_load=[0.5097057223320007, 0.1929159164428711, 0.29737842082977295, 0.0]
[step 0110/150] method=ours loss=0.7639 train_acc=0.8173 train_loss=0.4319 val_acc=0.8137 val_loss=0.4345 router_H=0.6904 best=0.8137
           router_load=[0.5097057223320007, 0.1929159164428711, 0.29737842082977295, 0.0]
[step 0120/150] method=ours loss=0.2894 train_acc=0.8173 train_loss=0.4319 val_acc=0.8137 val_loss=0.4345 router_H=0.6904 best=0.8137
           router_load=[0.5097057223320007, 0.1929159164428711, 0.29737842082977295, 0.0]
[step 0130/150] method=ours loss=0.4696 train_acc=0.8173 train_loss=0.4319 val_acc=0.8137 val_loss=0.4345 router_H=0.6904 best=0.8137
           router_load=[0.5097057223320007, 0.1929159164428711, 0.29737842082977295, 0.0]
[step 0140/150] method=ours loss=0.2173 train_acc=0.8173 train_loss=0.4319 val_acc=0.8137 val_loss=0.4345 router_H=0.6904 best=0.8137
           router_load=[0.5097057223320007, 0.1929159164428711, 0.29737842082977295, 0.0]
[step 0150/150] method=ours loss=0.8149 train_acc=0.8770 train_loss=0.3322 val_acc=0.8750 val_loss=0.3543 router_H=0.6852 best=0.8750
           router_load=[0.47098493576049805, 0.11144939810037613, 0.4175657033920288, 0.0]
saved summary -> /home/zhujjing/MOE-grad-conflict-routing/runs/paper_suite/single_gpu/single_task/roberta_mrpc_lora_e4_k2/hpo/ours/trial_runs/coord_03_train_grad_clip_016/ours_s2.json
saved curve -> /home/zhujjing/MOE-grad-conflict-routing/runs/paper_suite/single_gpu/single_task/roberta_mrpc_lora_e4_k2/hpo/ours/trial_runs/coord_03_train_grad_clip_016/ours_s2_curve.csv
