[run] method=ours candidate=coord_03_train_grad_clip_006 seed=2 steps=150 gpu=0
[run] cmd=
/home/zhujjing/anaconda3/envs/moe/bin/python /home/zhujjing/MOE-grad-conflict-routing/scripts/run.py --config configs/singletask_mrpc_real.yaml --set model.backbone_backend=hf --set model.hf_load_pretrained=true --set model.backbone=roberta --set model.hf_pretrained_name=roberta-base --set model.expert_type=lora --set model.routing_mode=topk --set model.num_experts=4 --set model.top_k=2 --set seed=2 --set method.name=ours --set train.steps=150 --set train.eval_every_steps=50 --set method.ours.use_load_norm=true --set method.ours.lambda_align=0.001 --set train.grad_clip=1.236374401 --set train.lr=2.652769064e-05 --set train.weight_decay=0.04145867636 --out /home/zhujjing/MOE-grad-conflict-routing/runs/paper_suite/single_gpu/single_task/roberta_mrpc_lora_e4_k2/hpo/ours/trial_runs/coord_03_train_grad_clip_006/ours_s2.json --curve_out /home/zhujjing/MOE-grad-conflict-routing/runs/paper_suite/single_gpu/single_task/roberta_mrpc_lora_e4_k2/hpo/ours/trial_runs/coord_03_train_grad_clip_006/ours_s2_curve.csv
Using the latest cached version of the dataset since glue couldn't be found on the Hugging Face Hub (offline mode is enabled).
Found the latest cached dataset configuration 'mrpc' at /home/zhujjing/hf_cache/datasets/glue/mrpc/0.0.0/bcdcba79d07bc864c1c254ccfcedcce55bcc9a8c (last modified on Thu Mar 19 15:01:06 2026).
/home/zhujjing/anaconda3/envs/moe/lib/python3.10/site-packages/transformers/utils/hub.py:124: FutureWarning: Using `TRANSFORMERS_CACHE` is deprecated and will be removed in v5 of Transformers. Use `HF_HOME` instead.
  warnings.warn(
Some weights of RobertaModel were not initialized from the model checkpoint at roberta-base and are newly initialized: ['roberta.pooler.dense.bias', 'roberta.pooler.dense.weight']
You should probably TRAIN this model on a down-stream task to be able to use it for predictions and inference.
[step 0001/150] method=ours loss=0.6518 train_acc=nan train_loss=nan val_acc=nan val_loss=nan best=-1.0000
[step 0010/150] method=ours loss=0.6991 train_acc=nan train_loss=nan val_acc=nan val_loss=nan best=-1.0000
[step 0020/150] method=ours loss=0.6043 train_acc=nan train_loss=nan val_acc=nan val_loss=nan best=-1.0000
[step 0030/150] method=ours loss=0.6936 train_acc=nan train_loss=nan val_acc=nan val_loss=nan best=-1.0000
[step 0040/150] method=ours loss=0.4998 train_acc=nan train_loss=nan val_acc=nan val_loss=nan best=-1.0000
[step 0050/150] method=ours loss=0.5134 train_acc=0.7369 train_loss=0.4999 val_acc=0.7304 val_loss=0.4991 router_H=0.6811 best=0.7304
           router_load=[0.5759342908859253, 0.19296829402446747, 0.21245576441287994, 0.018641529604792595]
[step 0060/150] method=ours loss=0.6237 train_acc=0.7369 train_loss=0.4999 val_acc=0.7304 val_loss=0.4991 router_H=0.6811 best=0.7304
           router_load=[0.5759342908859253, 0.19296829402446747, 0.21245576441287994, 0.018641529604792595]
[step 0070/150] method=ours loss=0.3225 train_acc=0.7369 train_loss=0.4999 val_acc=0.7304 val_loss=0.4991 router_H=0.6811 best=0.7304
           router_load=[0.5759342908859253, 0.19296829402446747, 0.21245576441287994, 0.018641529604792595]
[step 0080/150] method=ours loss=0.3753 train_acc=0.7369 train_loss=0.4999 val_acc=0.7304 val_loss=0.4991 router_H=0.6811 best=0.7304
           router_load=[0.5759342908859253, 0.19296829402446747, 0.21245576441287994, 0.018641529604792595]
[step 0090/150] method=ours loss=0.3098 train_acc=0.7369 train_loss=0.4999 val_acc=0.7304 val_loss=0.4991 router_H=0.6811 best=0.7304
           router_load=[0.5759342908859253, 0.19296829402446747, 0.21245576441287994, 0.018641529604792595]
[step 0100/150] method=ours loss=0.4708 train_acc=0.7923 train_loss=0.4280 val_acc=0.7647 val_loss=0.4476 router_H=0.6748 best=0.7647
           router_load=[0.5926328301429749, 0.04437848553061485, 0.3611062467098236, 0.0018823191057890654]
[step 0110/150] method=ours loss=0.7385 train_acc=0.7923 train_loss=0.4280 val_acc=0.7647 val_loss=0.4476 router_H=0.6748 best=0.7647
           router_load=[0.5926328301429749, 0.04437848553061485, 0.3611062467098236, 0.0018823191057890654]
[step 0120/150] method=ours loss=0.2399 train_acc=0.7923 train_loss=0.4280 val_acc=0.7647 val_loss=0.4476 router_H=0.6748 best=0.7647
           router_load=[0.5926328301429749, 0.04437848553061485, 0.3611062467098236, 0.0018823191057890654]
[step 0130/150] method=ours loss=0.5985 train_acc=0.7923 train_loss=0.4280 val_acc=0.7647 val_loss=0.4476 router_H=0.6748 best=0.7647
           router_load=[0.5926328301429749, 0.04437848553061485, 0.3611062467098236, 0.0018823191057890654]
[step 0140/150] method=ours loss=0.3544 train_acc=0.7923 train_loss=0.4280 val_acc=0.7647 val_loss=0.4476 router_H=0.6748 best=0.7647
           router_load=[0.5926328301429749, 0.04437848553061485, 0.3611062467098236, 0.0018823191057890654]
[step 0150/150] method=ours loss=0.7407 train_acc=0.8689 train_loss=0.3503 val_acc=0.8529 val_loss=0.3731 router_H=0.6828 best=0.8529
           router_load=[0.5647461414337158, 0.015045982785522938, 0.13987983763217926, 0.28032809495925903]
saved summary -> /home/zhujjing/MOE-grad-conflict-routing/runs/paper_suite/single_gpu/single_task/roberta_mrpc_lora_e4_k2/hpo/ours/trial_runs/coord_03_train_grad_clip_006/ours_s2.json
saved curve -> /home/zhujjing/MOE-grad-conflict-routing/runs/paper_suite/single_gpu/single_task/roberta_mrpc_lora_e4_k2/hpo/ours/trial_runs/coord_03_train_grad_clip_006/ours_s2_curve.csv
