[run] method=ours candidate=coord_03_train_grad_clip_010 seed=3 steps=150 gpu=0
[run] cmd=
/home/zhujjing/anaconda3/envs/moe/bin/python /home/zhujjing/MOE-grad-conflict-routing/scripts/run.py --config configs/singletask_mrpc_real.yaml --set model.backbone_backend=hf --set model.hf_load_pretrained=true --set model.backbone=roberta --set model.hf_pretrained_name=roberta-base --set model.expert_type=lora --set model.routing_mode=topk --set model.num_experts=4 --set model.top_k=2 --set seed=3 --set method.name=ours --set train.steps=150 --set train.eval_every_steps=50 --set method.ours.use_load_norm=true --set method.ours.lambda_align=0.001 --set train.grad_clip=1.803542842 --set train.lr=2.652769064e-05 --set train.weight_decay=0.04145867636 --out /home/zhujjing/MOE-grad-conflict-routing/runs/paper_suite/single_gpu/single_task/roberta_mrpc_lora_e4_k2/hpo/ours/trial_runs/coord_03_train_grad_clip_010/ours_s3.json --curve_out /home/zhujjing/MOE-grad-conflict-routing/runs/paper_suite/single_gpu/single_task/roberta_mrpc_lora_e4_k2/hpo/ours/trial_runs/coord_03_train_grad_clip_010/ours_s3_curve.csv
Using the latest cached version of the dataset since glue couldn't be found on the Hugging Face Hub (offline mode is enabled).
Found the latest cached dataset configuration 'mrpc' at /home/zhujjing/hf_cache/datasets/glue/mrpc/0.0.0/bcdcba79d07bc864c1c254ccfcedcce55bcc9a8c (last modified on Thu Mar 19 15:01:06 2026).
/home/zhujjing/anaconda3/envs/moe/lib/python3.10/site-packages/transformers/utils/hub.py:124: FutureWarning: Using `TRANSFORMERS_CACHE` is deprecated and will be removed in v5 of Transformers. Use `HF_HOME` instead.
  warnings.warn(
Some weights of RobertaModel were not initialized from the model checkpoint at roberta-base and are newly initialized: ['roberta.pooler.dense.bias', 'roberta.pooler.dense.weight']
You should probably TRAIN this model on a down-stream task to be able to use it for predictions and inference.
[step 0001/150] method=ours loss=0.6589 train_acc=nan train_loss=nan val_acc=nan val_loss=nan best=-1.0000
[step 0010/150] method=ours loss=0.7270 train_acc=nan train_loss=nan val_acc=nan val_loss=nan best=-1.0000
[step 0020/150] method=ours loss=0.5883 train_acc=nan train_loss=nan val_acc=nan val_loss=nan best=-1.0000
[step 0030/150] method=ours loss=0.5963 train_acc=nan train_loss=nan val_acc=nan val_loss=nan best=-1.0000
[step 0040/150] method=ours loss=0.5294 train_acc=nan train_loss=nan val_acc=nan val_loss=nan best=-1.0000
[step 0050/150] method=ours loss=0.5384 train_acc=0.7546 train_loss=0.4819 val_acc=0.7549 val_loss=0.4760 router_H=0.6903 best=0.7549
           router_load=[0.2882079780101776, 0.17422880232334137, 0.4712483584880829, 0.06631491333246231]
[step 0060/150] method=ours loss=0.5377 train_acc=0.7546 train_loss=0.4819 val_acc=0.7549 val_loss=0.4760 router_H=0.6903 best=0.7549
           router_load=[0.2882079780101776, 0.17422880232334137, 0.4712483584880829, 0.06631491333246231]
[step 0070/150] method=ours loss=0.3807 train_acc=0.7546 train_loss=0.4819 val_acc=0.7549 val_loss=0.4760 router_H=0.6903 best=0.7549
           router_load=[0.2882079780101776, 0.17422880232334137, 0.4712483584880829, 0.06631491333246231]
[step 0080/150] method=ours loss=0.6220 train_acc=0.7546 train_loss=0.4819 val_acc=0.7549 val_loss=0.4760 router_H=0.6903 best=0.7549
           router_load=[0.2882079780101776, 0.17422880232334137, 0.4712483584880829, 0.06631491333246231]
[step 0090/150] method=ours loss=0.5632 train_acc=0.7546 train_loss=0.4819 val_acc=0.7549 val_loss=0.4760 router_H=0.6903 best=0.7549
           router_load=[0.2882079780101776, 0.17422880232334137, 0.4712483584880829, 0.06631491333246231]
[step 0100/150] method=ours loss=0.6437 train_acc=0.8340 train_loss=0.4257 val_acc=0.8211 val_loss=0.4355 router_H=0.6916 best=0.8211
           router_load=[0.2234354466199875, 0.28889551758766174, 0.4590739905834198, 0.028594989329576492]
[step 0110/150] method=ours loss=0.4663 train_acc=0.8340 train_loss=0.4257 val_acc=0.8211 val_loss=0.4355 router_H=0.6916 best=0.8211
           router_load=[0.2234354466199875, 0.28889551758766174, 0.4590739905834198, 0.028594989329576492]
[step 0120/150] method=ours loss=0.3443 train_acc=0.8340 train_loss=0.4257 val_acc=0.8211 val_loss=0.4355 router_H=0.6916 best=0.8211
           router_load=[0.2234354466199875, 0.28889551758766174, 0.4590739905834198, 0.028594989329576492]
[step 0130/150] method=ours loss=0.4579 train_acc=0.8340 train_loss=0.4257 val_acc=0.8211 val_loss=0.4355 router_H=0.6916 best=0.8211
           router_load=[0.2234354466199875, 0.28889551758766174, 0.4590739905834198, 0.028594989329576492]
[step 0140/150] method=ours loss=0.5047 train_acc=0.8340 train_loss=0.4257 val_acc=0.8211 val_loss=0.4355 router_H=0.6916 best=0.8211
           router_load=[0.2234354466199875, 0.28889551758766174, 0.4590739905834198, 0.028594989329576492]
[step 0150/150] method=ours loss=0.5116 train_acc=0.8233 train_loss=0.3951 val_acc=0.7990 val_loss=0.4067 router_H=0.6905 best=0.8211
           router_load=[0.10394904017448425, 0.3753133714199066, 0.5207375288009644, 0.0]
saved summary -> /home/zhujjing/MOE-grad-conflict-routing/runs/paper_suite/single_gpu/single_task/roberta_mrpc_lora_e4_k2/hpo/ours/trial_runs/coord_03_train_grad_clip_010/ours_s3.json
saved curve -> /home/zhujjing/MOE-grad-conflict-routing/runs/paper_suite/single_gpu/single_task/roberta_mrpc_lora_e4_k2/hpo/ours/trial_runs/coord_03_train_grad_clip_010/ours_s3_curve.csv
