[run] method=ours candidate=coord_03_train_grad_clip_022 seed=2 steps=150 gpu=0
[run] cmd=
/home/zhujjing/anaconda3/envs/moe/bin/python /home/zhujjing/MOE-grad-conflict-routing/scripts/run.py --config configs/singletask_mrpc_real.yaml --set model.backbone_backend=hf --set model.hf_load_pretrained=true --set model.backbone=roberta --set model.hf_pretrained_name=roberta-base --set model.expert_type=lora --set model.routing_mode=topk --set model.num_experts=4 --set model.top_k=2 --set seed=2 --set method.name=ours --set train.steps=150 --set train.eval_every_steps=50 --set method.ours.use_load_norm=true --set method.ours.lambda_align=0.001 --set train.grad_clip=0.5039966201 --set train.lr=2.652769064e-05 --set train.weight_decay=0.04145867636 --out /home/zhujjing/MOE-grad-conflict-routing/runs/paper_suite/single_gpu/single_task/roberta_mrpc_lora_e4_k2/hpo/ours/trial_runs/coord_03_train_grad_clip_022/ours_s2.json --curve_out /home/zhujjing/MOE-grad-conflict-routing/runs/paper_suite/single_gpu/single_task/roberta_mrpc_lora_e4_k2/hpo/ours/trial_runs/coord_03_train_grad_clip_022/ours_s2_curve.csv
Using the latest cached version of the dataset since glue couldn't be found on the Hugging Face Hub (offline mode is enabled).
Found the latest cached dataset configuration 'mrpc' at /home/zhujjing/hf_cache/datasets/glue/mrpc/0.0.0/bcdcba79d07bc864c1c254ccfcedcce55bcc9a8c (last modified on Thu Mar 19 15:01:06 2026).
/home/zhujjing/anaconda3/envs/moe/lib/python3.10/site-packages/transformers/utils/hub.py:124: FutureWarning: Using `TRANSFORMERS_CACHE` is deprecated and will be removed in v5 of Transformers. Use `HF_HOME` instead.
  warnings.warn(
Some weights of RobertaModel were not initialized from the model checkpoint at roberta-base and are newly initialized: ['roberta.pooler.dense.bias', 'roberta.pooler.dense.weight']
You should probably TRAIN this model on a down-stream task to be able to use it for predictions and inference.
[step 0001/150] method=ours loss=0.6791 train_acc=nan train_loss=nan val_acc=nan val_loss=nan best=-1.0000
[step 0010/150] method=ours loss=0.7190 train_acc=nan train_loss=nan val_acc=nan val_loss=nan best=-1.0000
[step 0020/150] method=ours loss=0.5491 train_acc=nan train_loss=nan val_acc=nan val_loss=nan best=-1.0000
[step 0030/150] method=ours loss=0.5248 train_acc=nan train_loss=nan val_acc=nan val_loss=nan best=-1.0000
[step 0040/150] method=ours loss=0.5073 train_acc=nan train_loss=nan val_acc=nan val_loss=nan best=-1.0000
[step 0050/150] method=ours loss=0.4958 train_acc=0.7707 train_loss=0.4869 val_acc=0.7549 val_loss=0.4882 router_H=0.6893 best=0.7549
           router_load=[0.5191241502761841, 0.08824363350868225, 0.252572238445282, 0.14006005227565765]
[step 0060/150] method=ours loss=0.6227 train_acc=0.7707 train_loss=0.4869 val_acc=0.7549 val_loss=0.4882 router_H=0.6893 best=0.7549
           router_load=[0.5191241502761841, 0.08824363350868225, 0.252572238445282, 0.14006005227565765]
[step 0070/150] method=ours loss=0.3307 train_acc=0.7707 train_loss=0.4869 val_acc=0.7549 val_loss=0.4882 router_H=0.6893 best=0.7549
           router_load=[0.5191241502761841, 0.08824363350868225, 0.252572238445282, 0.14006005227565765]
[step 0080/150] method=ours loss=0.5601 train_acc=0.7707 train_loss=0.4869 val_acc=0.7549 val_loss=0.4882 router_H=0.6893 best=0.7549
           router_load=[0.5191241502761841, 0.08824363350868225, 0.252572238445282, 0.14006005227565765]
[step 0090/150] method=ours loss=0.3902 train_acc=0.7707 train_loss=0.4869 val_acc=0.7549 val_loss=0.4882 router_H=0.6893 best=0.7549
           router_load=[0.5191241502761841, 0.08824363350868225, 0.252572238445282, 0.14006005227565765]
[step 0100/150] method=ours loss=0.4746 train_acc=0.8471 train_loss=0.4177 val_acc=0.8407 val_loss=0.4240 router_H=0.6893 best=0.8407
           router_load=[0.5201799869537354, 0.05145068094134331, 0.30566278100013733, 0.12270655483007431]
[step 0110/150] method=ours loss=0.5569 train_acc=0.8471 train_loss=0.4177 val_acc=0.8407 val_loss=0.4240 router_H=0.6893 best=0.8407
           router_load=[0.5201799869537354, 0.05145068094134331, 0.30566278100013733, 0.12270655483007431]
[step 0120/150] method=ours loss=0.2139 train_acc=0.8471 train_loss=0.4177 val_acc=0.8407 val_loss=0.4240 router_H=0.6893 best=0.8407
           router_load=[0.5201799869537354, 0.05145068094134331, 0.30566278100013733, 0.12270655483007431]
[step 0130/150] method=ours loss=0.5629 train_acc=0.8471 train_loss=0.4177 val_acc=0.8407 val_loss=0.4240 router_H=0.6893 best=0.8407
           router_load=[0.5201799869537354, 0.05145068094134331, 0.30566278100013733, 0.12270655483007431]
[step 0140/150] method=ours loss=0.3942 train_acc=0.8471 train_loss=0.4177 val_acc=0.8407 val_loss=0.4240 router_H=0.6893 best=0.8407
           router_load=[0.5201799869537354, 0.05145068094134331, 0.30566278100013733, 0.12270655483007431]
[step 0150/150] method=ours loss=0.8563 train_acc=0.8596 train_loss=0.4024 val_acc=0.8603 val_loss=0.4357 router_H=0.6873 best=0.8603
           router_load=[0.20766031742095947, 0.2705363929271698, 0.40495577454566956, 0.11684755980968475]
saved summary -> /home/zhujjing/MOE-grad-conflict-routing/runs/paper_suite/single_gpu/single_task/roberta_mrpc_lora_e4_k2/hpo/ours/trial_runs/coord_03_train_grad_clip_022/ours_s2.json
saved curve -> /home/zhujjing/MOE-grad-conflict-routing/runs/paper_suite/single_gpu/single_task/roberta_mrpc_lora_e4_k2/hpo/ours/trial_runs/coord_03_train_grad_clip_022/ours_s2_curve.csv
