[run] method=ours candidate=coord_03_train_grad_clip_012 seed=3 steps=150 gpu=0
[run] cmd=
/home/zhujjing/anaconda3/envs/moe/bin/python /home/zhujjing/MOE-grad-conflict-routing/scripts/run.py --config configs/singletask_mrpc_real.yaml --set model.backbone_backend=hf --set model.hf_load_pretrained=true --set model.backbone=roberta --set model.hf_pretrained_name=roberta-base --set model.expert_type=lora --set model.routing_mode=topk --set model.num_experts=4 --set model.top_k=2 --set seed=3 --set method.name=ours --set train.steps=150 --set train.eval_every_steps=50 --set method.ours.use_load_norm=true --set method.ours.lambda_align=0.001 --set train.grad_clip=0.6534831993 --set train.lr=2.652769064e-05 --set train.weight_decay=0.04145867636 --out /home/zhujjing/MOE-grad-conflict-routing/runs/paper_suite/single_gpu/single_task/roberta_mrpc_lora_e4_k2/hpo/ours/trial_runs/coord_03_train_grad_clip_012/ours_s3.json --curve_out /home/zhujjing/MOE-grad-conflict-routing/runs/paper_suite/single_gpu/single_task/roberta_mrpc_lora_e4_k2/hpo/ours/trial_runs/coord_03_train_grad_clip_012/ours_s3_curve.csv
Using the latest cached version of the dataset since glue couldn't be found on the Hugging Face Hub (offline mode is enabled).
Found the latest cached dataset configuration 'mrpc' at /home/zhujjing/hf_cache/datasets/glue/mrpc/0.0.0/bcdcba79d07bc864c1c254ccfcedcce55bcc9a8c (last modified on Thu Mar 19 15:01:06 2026).
/home/zhujjing/anaconda3/envs/moe/lib/python3.10/site-packages/transformers/utils/hub.py:124: FutureWarning: Using `TRANSFORMERS_CACHE` is deprecated and will be removed in v5 of Transformers. Use `HF_HOME` instead.
  warnings.warn(
Some weights of RobertaModel were not initialized from the model checkpoint at roberta-base and are newly initialized: ['roberta.pooler.dense.bias', 'roberta.pooler.dense.weight']
You should probably TRAIN this model on a down-stream task to be able to use it for predictions and inference.
[step 0001/150] method=ours loss=0.6776 train_acc=nan train_loss=nan val_acc=nan val_loss=nan best=-1.0000
[step 0010/150] method=ours loss=0.7138 train_acc=nan train_loss=nan val_acc=nan val_loss=nan best=-1.0000
[step 0020/150] method=ours loss=0.6184 train_acc=nan train_loss=nan val_acc=nan val_loss=nan best=-1.0000
[step 0030/150] method=ours loss=0.5893 train_acc=nan train_loss=nan val_acc=nan val_loss=nan best=-1.0000
[step 0040/150] method=ours loss=0.5431 train_acc=nan train_loss=nan val_acc=nan val_loss=nan best=-1.0000
[step 0050/150] method=ours loss=0.4123 train_acc=0.7816 train_loss=0.4534 val_acc=0.7819 val_loss=0.4402 router_H=0.6905 best=0.7819
           router_load=[0.2565922737121582, 0.11963796615600586, 0.4872497618198395, 0.13652005791664124]
[step 0060/150] method=ours loss=0.5512 train_acc=0.7816 train_loss=0.4534 val_acc=0.7819 val_loss=0.4402 router_H=0.6905 best=0.7819
           router_load=[0.2565922737121582, 0.11963796615600586, 0.4872497618198395, 0.13652005791664124]
[step 0070/150] method=ours loss=0.3504 train_acc=0.7816 train_loss=0.4534 val_acc=0.7819 val_loss=0.4402 router_H=0.6905 best=0.7819
           router_load=[0.2565922737121582, 0.11963796615600586, 0.4872497618198395, 0.13652005791664124]
[step 0080/150] method=ours loss=0.7441 train_acc=0.7816 train_loss=0.4534 val_acc=0.7819 val_loss=0.4402 router_H=0.6905 best=0.7819
           router_load=[0.2565922737121582, 0.11963796615600586, 0.4872497618198395, 0.13652005791664124]
[step 0090/150] method=ours loss=0.6741 train_acc=0.7816 train_loss=0.4534 val_acc=0.7819 val_loss=0.4402 router_H=0.6905 best=0.7819
           router_load=[0.2565922737121582, 0.11963796615600586, 0.4872497618198395, 0.13652005791664124]
[step 0100/150] method=ours loss=0.4847 train_acc=0.8481 train_loss=0.4059 val_acc=0.8554 val_loss=0.4142 router_H=0.6812 best=0.8554
           router_load=[0.3650689125061035, 0.0, 0.5521869659423828, 0.08274412900209427]
[step 0110/150] method=ours loss=0.4004 train_acc=0.8481 train_loss=0.4059 val_acc=0.8554 val_loss=0.4142 router_H=0.6812 best=0.8554
           router_load=[0.3650689125061035, 0.0, 0.5521869659423828, 0.08274412900209427]
[step 0120/150] method=ours loss=0.4191 train_acc=0.8481 train_loss=0.4059 val_acc=0.8554 val_loss=0.4142 router_H=0.6812 best=0.8554
           router_load=[0.3650689125061035, 0.0, 0.5521869659423828, 0.08274412900209427]
[step 0130/150] method=ours loss=0.2246 train_acc=0.8481 train_loss=0.4059 val_acc=0.8554 val_loss=0.4142 router_H=0.6812 best=0.8554
           router_load=[0.3650689125061035, 0.0, 0.5521869659423828, 0.08274412900209427]
[step 0140/150] method=ours loss=0.5491 train_acc=0.8481 train_loss=0.4059 val_acc=0.8554 val_loss=0.4142 router_H=0.6812 best=0.8554
           router_load=[0.3650689125061035, 0.0, 0.5521869659423828, 0.08274412900209427]
[step 0150/150] method=ours loss=0.5735 train_acc=0.8233 train_loss=0.4124 val_acc=0.8064 val_loss=0.4313 router_H=0.6909 best=0.8554
           router_load=[0.4159824848175049, 0.02117597870528698, 0.4879697263240814, 0.07487179338932037]
saved summary -> /home/zhujjing/MOE-grad-conflict-routing/runs/paper_suite/single_gpu/single_task/roberta_mrpc_lora_e4_k2/hpo/ours/trial_runs/coord_03_train_grad_clip_012/ours_s3.json
saved curve -> /home/zhujjing/MOE-grad-conflict-routing/runs/paper_suite/single_gpu/single_task/roberta_mrpc_lora_e4_k2/hpo/ours/trial_runs/coord_03_train_grad_clip_012/ours_s3_curve.csv
