[run] method=ours candidate=coord_03_train_grad_clip_000 seed=3 steps=150 gpu=0
[run] cmd=
/home/zhujjing/anaconda3/envs/moe/bin/python /home/zhujjing/MOE-grad-conflict-routing/scripts/run.py --config configs/singletask_mrpc_real.yaml --set model.backbone_backend=hf --set model.hf_load_pretrained=true --set model.backbone=roberta --set model.hf_pretrained_name=roberta-base --set model.expert_type=lora --set model.routing_mode=topk --set model.num_experts=4 --set model.top_k=2 --set seed=3 --set method.name=ours --set train.steps=150 --set train.eval_every_steps=50 --set method.ours.use_load_norm=true --set method.ours.lambda_align=0.001 --set train.grad_clip=1.516011677 --set train.lr=2.652769064e-05 --set train.weight_decay=0.04145867636 --out /home/zhujjing/MOE-grad-conflict-routing/runs/paper_suite/single_gpu/single_task/roberta_mrpc_lora_e4_k2/hpo/ours/trial_runs/coord_03_train_grad_clip_000/ours_s3.json --curve_out /home/zhujjing/MOE-grad-conflict-routing/runs/paper_suite/single_gpu/single_task/roberta_mrpc_lora_e4_k2/hpo/ours/trial_runs/coord_03_train_grad_clip_000/ours_s3_curve.csv
Using the latest cached version of the dataset since glue couldn't be found on the Hugging Face Hub (offline mode is enabled).
Found the latest cached dataset configuration 'mrpc' at /home/zhujjing/hf_cache/datasets/glue/mrpc/0.0.0/bcdcba79d07bc864c1c254ccfcedcce55bcc9a8c (last modified on Thu Mar 19 15:01:06 2026).
/home/zhujjing/anaconda3/envs/moe/lib/python3.10/site-packages/transformers/utils/hub.py:124: FutureWarning: Using `TRANSFORMERS_CACHE` is deprecated and will be removed in v5 of Transformers. Use `HF_HOME` instead.
  warnings.warn(
Some weights of RobertaModel were not initialized from the model checkpoint at roberta-base and are newly initialized: ['roberta.pooler.dense.bias', 'roberta.pooler.dense.weight']
You should probably TRAIN this model on a down-stream task to be able to use it for predictions and inference.
[step 0001/150] method=ours loss=0.6710 train_acc=nan train_loss=nan val_acc=nan val_loss=nan best=-1.0000
[step 0010/150] method=ours loss=0.7566 train_acc=nan train_loss=nan val_acc=nan val_loss=nan best=-1.0000
[step 0020/150] method=ours loss=0.5639 train_acc=nan train_loss=nan val_acc=nan val_loss=nan best=-1.0000
[step 0030/150] method=ours loss=0.5872 train_acc=nan train_loss=nan val_acc=nan val_loss=nan best=-1.0000
[step 0040/150] method=ours loss=0.6148 train_acc=nan train_loss=nan val_acc=nan val_loss=nan best=-1.0000
[step 0050/150] method=ours loss=0.5030 train_acc=0.7710 train_loss=0.4938 val_acc=0.7917 val_loss=0.4884 router_H=0.6912 best=0.7917
           router_load=[0.32218703627586365, 0.4173853397369385, 0.2604275643825531, 0.0]
[step 0060/150] method=ours loss=0.4642 train_acc=0.7710 train_loss=0.4938 val_acc=0.7917 val_loss=0.4884 router_H=0.6912 best=0.7917
           router_load=[0.32218703627586365, 0.4173853397369385, 0.2604275643825531, 0.0]
[step 0070/150] method=ours loss=0.3128 train_acc=0.7710 train_loss=0.4938 val_acc=0.7917 val_loss=0.4884 router_H=0.6912 best=0.7917
           router_load=[0.32218703627586365, 0.4173853397369385, 0.2604275643825531, 0.0]
[step 0080/150] method=ours loss=0.7035 train_acc=0.7710 train_loss=0.4938 val_acc=0.7917 val_loss=0.4884 router_H=0.6912 best=0.7917
           router_load=[0.32218703627586365, 0.4173853397369385, 0.2604275643825531, 0.0]
[step 0090/150] method=ours loss=0.5819 train_acc=0.7710 train_loss=0.4938 val_acc=0.7917 val_loss=0.4884 router_H=0.6912 best=0.7917
           router_load=[0.32218703627586365, 0.4173853397369385, 0.2604275643825531, 0.0]
[step 0100/150] method=ours loss=0.4369 train_acc=0.8195 train_loss=0.4014 val_acc=0.8284 val_loss=0.3996 router_H=0.6861 best=0.8284
           router_load=[0.4658201336860657, 0.32312363386154175, 0.16362270712852478, 0.04743354022502899]
[step 0110/150] method=ours loss=0.5045 train_acc=0.8195 train_loss=0.4014 val_acc=0.8284 val_loss=0.3996 router_H=0.6861 best=0.8284
           router_load=[0.4658201336860657, 0.32312363386154175, 0.16362270712852478, 0.04743354022502899]
[step 0120/150] method=ours loss=0.3339 train_acc=0.8195 train_loss=0.4014 val_acc=0.8284 val_loss=0.3996 router_H=0.6861 best=0.8284
           router_load=[0.4658201336860657, 0.32312363386154175, 0.16362270712852478, 0.04743354022502899]
[step 0130/150] method=ours loss=0.4914 train_acc=0.8195 train_loss=0.4014 val_acc=0.8284 val_loss=0.3996 router_H=0.6861 best=0.8284
           router_load=[0.4658201336860657, 0.32312363386154175, 0.16362270712852478, 0.04743354022502899]
[step 0140/150] method=ours loss=0.5171 train_acc=0.8195 train_loss=0.4014 val_acc=0.8284 val_loss=0.3996 router_H=0.6861 best=0.8284
           router_load=[0.4658201336860657, 0.32312363386154175, 0.16362270712852478, 0.04743354022502899]
[step 0150/150] method=ours loss=0.4678 train_acc=0.8462 train_loss=0.3629 val_acc=0.8407 val_loss=0.3736 router_H=0.6899 best=0.8407
           router_load=[0.4815432131290436, 0.3739587068557739, 0.035991497337818146, 0.10850663483142853]
saved summary -> /home/zhujjing/MOE-grad-conflict-routing/runs/paper_suite/single_gpu/single_task/roberta_mrpc_lora_e4_k2/hpo/ours/trial_runs/coord_03_train_grad_clip_000/ours_s3.json
saved curve -> /home/zhujjing/MOE-grad-conflict-routing/runs/paper_suite/single_gpu/single_task/roberta_mrpc_lora_e4_k2/hpo/ours/trial_runs/coord_03_train_grad_clip_000/ours_s3_curve.csv
