[run] method=ours candidate=coord_03_anchor seed=2 steps=150 gpu=0
[run] cmd=
/home/zhujjing/anaconda3/envs/moe/bin/python /home/zhujjing/MOE-grad-conflict-routing/scripts/run.py --config configs/singletask_mrpc_real.yaml --set model.backbone_backend=hf --set model.hf_load_pretrained=true --set model.backbone=roberta --set model.hf_pretrained_name=roberta-base --set model.expert_type=lora --set model.routing_mode=topk --set model.num_experts=4 --set model.top_k=2 --set seed=2 --set method.name=ours --set train.steps=150 --set train.eval_every_steps=50 --set method.ours.use_load_norm=true --set method.ours.lambda_align=0.001 --set train.grad_clip=1 --set train.lr=2.652769064e-05 --set train.weight_decay=0.04145867636 --out /home/zhujjing/MOE-grad-conflict-routing/runs/paper_suite/single_gpu/single_task/roberta_mrpc_lora_e4_k2/hpo/ours/trial_runs/coord_03_anchor/ours_s2.json --curve_out /home/zhujjing/MOE-grad-conflict-routing/runs/paper_suite/single_gpu/single_task/roberta_mrpc_lora_e4_k2/hpo/ours/trial_runs/coord_03_anchor/ours_s2_curve.csv
Using the latest cached version of the dataset since glue couldn't be found on the Hugging Face Hub (offline mode is enabled).
Found the latest cached dataset configuration 'mrpc' at /home/zhujjing/hf_cache/datasets/glue/mrpc/0.0.0/bcdcba79d07bc864c1c254ccfcedcce55bcc9a8c (last modified on Thu Mar 19 15:01:06 2026).
/home/zhujjing/anaconda3/envs/moe/lib/python3.10/site-packages/transformers/utils/hub.py:124: FutureWarning: Using `TRANSFORMERS_CACHE` is deprecated and will be removed in v5 of Transformers. Use `HF_HOME` instead.
  warnings.warn(
Some weights of RobertaModel were not initialized from the model checkpoint at roberta-base and are newly initialized: ['roberta.pooler.dense.bias', 'roberta.pooler.dense.weight']
You should probably TRAIN this model on a down-stream task to be able to use it for predictions and inference.
[step 0001/150] method=ours loss=0.6684 train_acc=nan train_loss=nan val_acc=nan val_loss=nan best=-1.0000
[step 0010/150] method=ours loss=0.7054 train_acc=nan train_loss=nan val_acc=nan val_loss=nan best=-1.0000
[step 0020/150] method=ours loss=0.5448 train_acc=nan train_loss=nan val_acc=nan val_loss=nan best=-1.0000
[step 0030/150] method=ours loss=0.6722 train_acc=nan train_loss=nan val_acc=nan val_loss=nan best=-1.0000
[step 0040/150] method=ours loss=0.5110 train_acc=nan train_loss=nan val_acc=nan val_loss=nan best=-1.0000
[step 0050/150] method=ours loss=0.5525 train_acc=0.7560 train_loss=0.5063 val_acc=0.7574 val_loss=0.5107 router_H=0.6828 best=0.7574
           router_load=[0.24419821798801422, 0.18573135137557983, 0.0010184795828536153, 0.5690520405769348]
[step 0060/150] method=ours loss=0.6234 train_acc=0.7560 train_loss=0.5063 val_acc=0.7574 val_loss=0.5107 router_H=0.6828 best=0.7574
           router_load=[0.24419821798801422, 0.18573135137557983, 0.0010184795828536153, 0.5690520405769348]
[step 0070/150] method=ours loss=0.3296 train_acc=0.7560 train_loss=0.5063 val_acc=0.7574 val_loss=0.5107 router_H=0.6828 best=0.7574
           router_load=[0.24419821798801422, 0.18573135137557983, 0.0010184795828536153, 0.5690520405769348]
[step 0080/150] method=ours loss=0.4050 train_acc=0.7560 train_loss=0.5063 val_acc=0.7574 val_loss=0.5107 router_H=0.6828 best=0.7574
           router_load=[0.24419821798801422, 0.18573135137557983, 0.0010184795828536153, 0.5690520405769348]
[step 0090/150] method=ours loss=0.3492 train_acc=0.7560 train_loss=0.5063 val_acc=0.7574 val_loss=0.5107 router_H=0.6828 best=0.7574
           router_load=[0.24419821798801422, 0.18573135137557983, 0.0010184795828536153, 0.5690520405769348]
[step 0100/150] method=ours loss=0.5494 train_acc=0.7808 train_loss=0.4710 val_acc=0.7574 val_loss=0.4853 router_H=0.6903 best=0.7574
           router_load=[0.03612106293439865, 0.5220032930374146, 0.027733726426959038, 0.4141418933868408]
[step 0110/150] method=ours loss=0.6795 train_acc=0.7808 train_loss=0.4710 val_acc=0.7574 val_loss=0.4853 router_H=0.6903 best=0.7574
           router_load=[0.03612106293439865, 0.5220032930374146, 0.027733726426959038, 0.4141418933868408]
[step 0120/150] method=ours loss=0.3298 train_acc=0.7808 train_loss=0.4710 val_acc=0.7574 val_loss=0.4853 router_H=0.6903 best=0.7574
           router_load=[0.03612106293439865, 0.5220032930374146, 0.027733726426959038, 0.4141418933868408]
[step 0130/150] method=ours loss=0.5207 train_acc=0.7808 train_loss=0.4710 val_acc=0.7574 val_loss=0.4853 router_H=0.6903 best=0.7574
           router_load=[0.03612106293439865, 0.5220032930374146, 0.027733726426959038, 0.4141418933868408]
[step 0140/150] method=ours loss=0.2439 train_acc=0.7808 train_loss=0.4710 val_acc=0.7574 val_loss=0.4853 router_H=0.6903 best=0.7574
           router_load=[0.03612106293439865, 0.5220032930374146, 0.027733726426959038, 0.4141418933868408]
[step 0150/150] method=ours loss=0.8477 train_acc=0.8667 train_loss=0.3404 val_acc=0.8603 val_loss=0.3632 router_H=0.6894 best=0.8603
           router_load=[0.3572840690612793, 0.19951264560222626, 0.11836858093738556, 0.32483455538749695]
saved summary -> /home/zhujjing/MOE-grad-conflict-routing/runs/paper_suite/single_gpu/single_task/roberta_mrpc_lora_e4_k2/hpo/ours/trial_runs/coord_03_anchor/ours_s2.json
saved curve -> /home/zhujjing/MOE-grad-conflict-routing/runs/paper_suite/single_gpu/single_task/roberta_mrpc_lora_e4_k2/hpo/ours/trial_runs/coord_03_anchor/ours_s2_curve.csv
