[run] method=ours candidate=coord_03_train_grad_clip_018 seed=3 steps=150 gpu=0
[run] cmd=
/home/zhujjing/anaconda3/envs/moe/bin/python /home/zhujjing/MOE-grad-conflict-routing/scripts/run.py --config configs/singletask_mrpc_real.yaml --set model.backbone_backend=hf --set model.hf_load_pretrained=true --set model.backbone=roberta --set model.hf_pretrained_name=roberta-base --set model.expert_type=lora --set model.routing_mode=topk --set model.num_experts=4 --set model.top_k=2 --set seed=3 --set method.name=ours --set train.steps=150 --set train.eval_every_steps=50 --set method.ours.use_load_norm=true --set method.ours.lambda_align=0.001 --set train.grad_clip=1.638207164 --set train.lr=2.652769064e-05 --set train.weight_decay=0.04145867636 --out /home/zhujjing/MOE-grad-conflict-routing/runs/paper_suite/single_gpu/single_task/roberta_mrpc_lora_e4_k2/hpo/ours/trial_runs/coord_03_train_grad_clip_018/ours_s3.json --curve_out /home/zhujjing/MOE-grad-conflict-routing/runs/paper_suite/single_gpu/single_task/roberta_mrpc_lora_e4_k2/hpo/ours/trial_runs/coord_03_train_grad_clip_018/ours_s3_curve.csv
Using the latest cached version of the dataset since glue couldn't be found on the Hugging Face Hub (offline mode is enabled).
Found the latest cached dataset configuration 'mrpc' at /home/zhujjing/hf_cache/datasets/glue/mrpc/0.0.0/bcdcba79d07bc864c1c254ccfcedcce55bcc9a8c (last modified on Thu Mar 19 15:01:06 2026).
/home/zhujjing/anaconda3/envs/moe/lib/python3.10/site-packages/transformers/utils/hub.py:124: FutureWarning: Using `TRANSFORMERS_CACHE` is deprecated and will be removed in v5 of Transformers. Use `HF_HOME` instead.
  warnings.warn(
Some weights of RobertaModel were not initialized from the model checkpoint at roberta-base and are newly initialized: ['roberta.pooler.dense.bias', 'roberta.pooler.dense.weight']
You should probably TRAIN this model on a down-stream task to be able to use it for predictions and inference.
[step 0001/150] method=ours loss=0.8301 train_acc=nan train_loss=nan val_acc=nan val_loss=nan best=-1.0000
[step 0010/150] method=ours loss=0.8453 train_acc=nan train_loss=nan val_acc=nan val_loss=nan best=-1.0000
[step 0020/150] method=ours loss=0.6195 train_acc=nan train_loss=nan val_acc=nan val_loss=nan best=-1.0000
[step 0030/150] method=ours loss=0.5118 train_acc=nan train_loss=nan val_acc=nan val_loss=nan best=-1.0000
[step 0040/150] method=ours loss=0.5800 train_acc=nan train_loss=nan val_acc=nan val_loss=nan best=-1.0000
[step 0050/150] method=ours loss=0.5005 train_acc=0.7778 train_loss=0.4659 val_acc=0.7819 val_loss=0.4551 router_H=0.6811 best=0.7819
           router_load=[0.5695375800132751, 0.006962742190808058, 0.05941464751958847, 0.36408501863479614]
[step 0060/150] method=ours loss=0.4384 train_acc=0.7778 train_loss=0.4659 val_acc=0.7819 val_loss=0.4551 router_H=0.6811 best=0.7819
           router_load=[0.5695375800132751, 0.006962742190808058, 0.05941464751958847, 0.36408501863479614]
[step 0070/150] method=ours loss=0.4461 train_acc=0.7778 train_loss=0.4659 val_acc=0.7819 val_loss=0.4551 router_H=0.6811 best=0.7819
           router_load=[0.5695375800132751, 0.006962742190808058, 0.05941464751958847, 0.36408501863479614]
[step 0080/150] method=ours loss=0.5057 train_acc=0.7778 train_loss=0.4659 val_acc=0.7819 val_loss=0.4551 router_H=0.6811 best=0.7819
           router_load=[0.5695375800132751, 0.006962742190808058, 0.05941464751958847, 0.36408501863479614]
[step 0090/150] method=ours loss=0.5072 train_acc=0.7778 train_loss=0.4659 val_acc=0.7819 val_loss=0.4551 router_H=0.6811 best=0.7819
           router_load=[0.5695375800132751, 0.006962742190808058, 0.05941464751958847, 0.36408501863479614]
[step 0100/150] method=ours loss=0.4307 train_acc=0.7977 train_loss=0.4073 val_acc=0.7917 val_loss=0.4102 router_H=0.6839 best=0.7917
           router_load=[0.5493918657302856, 0.0010443541686981916, 0.1503429114818573, 0.29922086000442505]
[step 0110/150] method=ours loss=0.3683 train_acc=0.7977 train_loss=0.4073 val_acc=0.7917 val_loss=0.4102 router_H=0.6839 best=0.7917
           router_load=[0.5493918657302856, 0.0010443541686981916, 0.1503429114818573, 0.29922086000442505]
[step 0120/150] method=ours loss=0.3364 train_acc=0.7977 train_loss=0.4073 val_acc=0.7917 val_loss=0.4102 router_H=0.6839 best=0.7917
           router_load=[0.5493918657302856, 0.0010443541686981916, 0.1503429114818573, 0.29922086000442505]
[step 0130/150] method=ours loss=0.2422 train_acc=0.7977 train_loss=0.4073 val_acc=0.7917 val_loss=0.4102 router_H=0.6839 best=0.7917
           router_load=[0.5493918657302856, 0.0010443541686981916, 0.1503429114818573, 0.29922086000442505]
[step 0140/150] method=ours loss=0.6173 train_acc=0.7977 train_loss=0.4073 val_acc=0.7917 val_loss=0.4102 router_H=0.6839 best=0.7917
           router_load=[0.5493918657302856, 0.0010443541686981916, 0.1503429114818573, 0.29922086000442505]
[step 0150/150] method=ours loss=0.5090 train_acc=0.8604 train_loss=0.3478 val_acc=0.8480 val_loss=0.3506 router_H=0.6868 best=0.8480
           router_load=[0.5437448024749756, 0.0, 0.03922838345170021, 0.4170267581939697]
saved summary -> /home/zhujjing/MOE-grad-conflict-routing/runs/paper_suite/single_gpu/single_task/roberta_mrpc_lora_e4_k2/hpo/ours/trial_runs/coord_03_train_grad_clip_018/ours_s3.json
saved curve -> /home/zhujjing/MOE-grad-conflict-routing/runs/paper_suite/single_gpu/single_task/roberta_mrpc_lora_e4_k2/hpo/ours/trial_runs/coord_03_train_grad_clip_018/ours_s3_curve.csv
