[run] method=ours candidate=coord_03_train_grad_clip_013 seed=2 steps=150 gpu=0
[run] cmd=
/home/zhujjing/anaconda3/envs/moe/bin/python /home/zhujjing/MOE-grad-conflict-routing/scripts/run.py --config configs/singletask_mrpc_real.yaml --set model.backbone_backend=hf --set model.hf_load_pretrained=true --set model.backbone=roberta --set model.hf_pretrained_name=roberta-base --set model.expert_type=lora --set model.routing_mode=topk --set model.num_experts=4 --set model.top_k=2 --set seed=2 --set method.name=ours --set train.steps=150 --set train.eval_every_steps=50 --set method.ours.use_load_norm=true --set method.ours.lambda_align=0.001 --set train.grad_clip=1.589441035 --set train.lr=2.652769064e-05 --set train.weight_decay=0.04145867636 --out /home/zhujjing/MOE-grad-conflict-routing/runs/paper_suite/single_gpu/single_task/roberta_mrpc_lora_e4_k2/hpo/ours/trial_runs/coord_03_train_grad_clip_013/ours_s2.json --curve_out /home/zhujjing/MOE-grad-conflict-routing/runs/paper_suite/single_gpu/single_task/roberta_mrpc_lora_e4_k2/hpo/ours/trial_runs/coord_03_train_grad_clip_013/ours_s2_curve.csv
Using the latest cached version of the dataset since glue couldn't be found on the Hugging Face Hub (offline mode is enabled).
Found the latest cached dataset configuration 'mrpc' at /home/zhujjing/hf_cache/datasets/glue/mrpc/0.0.0/bcdcba79d07bc864c1c254ccfcedcce55bcc9a8c (last modified on Thu Mar 19 15:01:06 2026).
/home/zhujjing/anaconda3/envs/moe/lib/python3.10/site-packages/transformers/utils/hub.py:124: FutureWarning: Using `TRANSFORMERS_CACHE` is deprecated and will be removed in v5 of Transformers. Use `HF_HOME` instead.
  warnings.warn(
Some weights of RobertaModel were not initialized from the model checkpoint at roberta-base and are newly initialized: ['roberta.pooler.dense.bias', 'roberta.pooler.dense.weight']
You should probably TRAIN this model on a down-stream task to be able to use it for predictions and inference.
[step 0001/150] method=ours loss=0.7515 train_acc=nan train_loss=nan val_acc=nan val_loss=nan best=-1.0000
[step 0010/150] method=ours loss=0.7239 train_acc=nan train_loss=nan val_acc=nan val_loss=nan best=-1.0000
[step 0020/150] method=ours loss=0.5766 train_acc=nan train_loss=nan val_acc=nan val_loss=nan best=-1.0000
[step 0030/150] method=ours loss=0.5361 train_acc=nan train_loss=nan val_acc=nan val_loss=nan best=-1.0000
[step 0040/150] method=ours loss=0.5383 train_acc=nan train_loss=nan val_acc=nan val_loss=nan best=-1.0000
[step 0050/150] method=ours loss=0.5478 train_acc=0.7238 train_loss=0.5258 val_acc=0.7328 val_loss=0.5295 router_H=0.6918 best=0.7328
           router_load=[0.0, 0.5199882984161377, 0.4800117015838623, 0.0]
[step 0060/150] method=ours loss=0.6456 train_acc=0.7238 train_loss=0.5258 val_acc=0.7328 val_loss=0.5295 router_H=0.6918 best=0.7328
           router_load=[0.0, 0.5199882984161377, 0.4800117015838623, 0.0]
[step 0070/150] method=ours loss=0.3772 train_acc=0.7238 train_loss=0.5258 val_acc=0.7328 val_loss=0.5295 router_H=0.6918 best=0.7328
           router_load=[0.0, 0.5199882984161377, 0.4800117015838623, 0.0]
[step 0080/150] method=ours loss=0.3599 train_acc=0.7238 train_loss=0.5258 val_acc=0.7328 val_loss=0.5295 router_H=0.6918 best=0.7328
           router_load=[0.0, 0.5199882984161377, 0.4800117015838623, 0.0]
[step 0090/150] method=ours loss=0.4005 train_acc=0.7238 train_loss=0.5258 val_acc=0.7328 val_loss=0.5295 router_H=0.6918 best=0.7328
           router_load=[0.0, 0.5199882984161377, 0.4800117015838623, 0.0]
[step 0100/150] method=ours loss=0.5529 train_acc=0.8465 train_loss=0.4591 val_acc=0.8358 val_loss=0.4655 router_H=0.6909 best=0.8358
           router_load=[0.0, 0.5197916030883789, 0.4802084267139435, 0.0]
[step 0110/150] method=ours loss=0.6558 train_acc=0.8465 train_loss=0.4591 val_acc=0.8358 val_loss=0.4655 router_H=0.6909 best=0.8358
           router_load=[0.0, 0.5197916030883789, 0.4802084267139435, 0.0]
[step 0120/150] method=ours loss=0.2467 train_acc=0.8465 train_loss=0.4591 val_acc=0.8358 val_loss=0.4655 router_H=0.6909 best=0.8358
           router_load=[0.0, 0.5197916030883789, 0.4802084267139435, 0.0]
[step 0130/150] method=ours loss=0.5483 train_acc=0.8465 train_loss=0.4591 val_acc=0.8358 val_loss=0.4655 router_H=0.6909 best=0.8358
           router_load=[0.0, 0.5197916030883789, 0.4802084267139435, 0.0]
[step 0140/150] method=ours loss=0.3530 train_acc=0.8465 train_loss=0.4591 val_acc=0.8358 val_loss=0.4655 router_H=0.6909 best=0.8358
           router_load=[0.0, 0.5197916030883789, 0.4802084267139435, 0.0]
[step 0150/150] method=ours loss=0.8312 train_acc=0.8465 train_loss=0.3984 val_acc=0.8431 val_loss=0.4457 router_H=0.6922 best=0.8431
           router_load=[0.0, 0.49096953868865967, 0.5043565034866333, 0.0046739340759813786]
saved summary -> /home/zhujjing/MOE-grad-conflict-routing/runs/paper_suite/single_gpu/single_task/roberta_mrpc_lora_e4_k2/hpo/ours/trial_runs/coord_03_train_grad_clip_013/ours_s2.json
saved curve -> /home/zhujjing/MOE-grad-conflict-routing/runs/paper_suite/single_gpu/single_task/roberta_mrpc_lora_e4_k2/hpo/ours/trial_runs/coord_03_train_grad_clip_013/ours_s2_curve.csv
