[run] method=ours candidate=coord_03_train_grad_clip_004 seed=2 steps=150 gpu=0
[run] cmd=
/home/zhujjing/anaconda3/envs/moe/bin/python /home/zhujjing/MOE-grad-conflict-routing/scripts/run.py --config configs/singletask_mrpc_real.yaml --set model.backbone_backend=hf --set model.hf_load_pretrained=true --set model.backbone=roberta --set model.hf_pretrained_name=roberta-base --set model.expert_type=lora --set model.routing_mode=topk --set model.num_experts=4 --set model.top_k=2 --set seed=2 --set method.name=ours --set train.steps=150 --set train.eval_every_steps=50 --set method.ours.use_load_norm=true --set method.ours.lambda_align=0.001 --set train.grad_clip=0.8112607949 --set train.lr=2.652769064e-05 --set train.weight_decay=0.04145867636 --out /home/zhujjing/MOE-grad-conflict-routing/runs/paper_suite/single_gpu/single_task/roberta_mrpc_lora_e4_k2/hpo/ours/trial_runs/coord_03_train_grad_clip_004/ours_s2.json --curve_out /home/zhujjing/MOE-grad-conflict-routing/runs/paper_suite/single_gpu/single_task/roberta_mrpc_lora_e4_k2/hpo/ours/trial_runs/coord_03_train_grad_clip_004/ours_s2_curve.csv
Using the latest cached version of the dataset since glue couldn't be found on the Hugging Face Hub (offline mode is enabled).
Found the latest cached dataset configuration 'mrpc' at /home/zhujjing/hf_cache/datasets/glue/mrpc/0.0.0/bcdcba79d07bc864c1c254ccfcedcce55bcc9a8c (last modified on Thu Mar 19 15:01:06 2026).
/home/zhujjing/anaconda3/envs/moe/lib/python3.10/site-packages/transformers/utils/hub.py:124: FutureWarning: Using `TRANSFORMERS_CACHE` is deprecated and will be removed in v5 of Transformers. Use `HF_HOME` instead.
  warnings.warn(
Some weights of RobertaModel were not initialized from the model checkpoint at roberta-base and are newly initialized: ['roberta.pooler.dense.bias', 'roberta.pooler.dense.weight']
You should probably TRAIN this model on a down-stream task to be able to use it for predictions and inference.
[step 0001/150] method=ours loss=0.7014 train_acc=nan train_loss=nan val_acc=nan val_loss=nan best=-1.0000
[step 0010/150] method=ours loss=0.6732 train_acc=nan train_loss=nan val_acc=nan val_loss=nan best=-1.0000
[step 0020/150] method=ours loss=0.5620 train_acc=nan train_loss=nan val_acc=nan val_loss=nan best=-1.0000
[step 0030/150] method=ours loss=0.5961 train_acc=nan train_loss=nan val_acc=nan val_loss=nan best=-1.0000
[step 0040/150] method=ours loss=0.5422 train_acc=nan train_loss=nan val_acc=nan val_loss=nan best=-1.0000
[step 0050/150] method=ours loss=0.5245 train_acc=0.7266 train_loss=0.5091 val_acc=0.7206 val_loss=0.5129 router_H=0.6917 best=0.7206
           router_load=[0.47121867537498474, 0.17385540902614594, 0.0, 0.35492587089538574]
[step 0060/150] method=ours loss=0.6097 train_acc=0.7266 train_loss=0.5091 val_acc=0.7206 val_loss=0.5129 router_H=0.6917 best=0.7206
           router_load=[0.47121867537498474, 0.17385540902614594, 0.0, 0.35492587089538574]
[step 0070/150] method=ours loss=0.3780 train_acc=0.7266 train_loss=0.5091 val_acc=0.7206 val_loss=0.5129 router_H=0.6917 best=0.7206
           router_load=[0.47121867537498474, 0.17385540902614594, 0.0, 0.35492587089538574]
[step 0080/150] method=ours loss=0.3462 train_acc=0.7266 train_loss=0.5091 val_acc=0.7206 val_loss=0.5129 router_H=0.6917 best=0.7206
           router_load=[0.47121867537498474, 0.17385540902614594, 0.0, 0.35492587089538574]
[step 0090/150] method=ours loss=0.4078 train_acc=0.7266 train_loss=0.5091 val_acc=0.7206 val_loss=0.5129 router_H=0.6917 best=0.7206
           router_load=[0.47121867537498474, 0.17385540902614594, 0.0, 0.35492587089538574]
[step 0100/150] method=ours loss=0.4005 train_acc=0.8340 train_loss=0.3977 val_acc=0.8039 val_loss=0.4121 router_H=0.6908 best=0.8039
           router_load=[0.4924204647541046, 0.18514759838581085, 0.010957576334476471, 0.3114743232727051]
[step 0110/150] method=ours loss=0.6683 train_acc=0.8340 train_loss=0.3977 val_acc=0.8039 val_loss=0.4121 router_H=0.6908 best=0.8039
           router_load=[0.4924204647541046, 0.18514759838581085, 0.010957576334476471, 0.3114743232727051]
[step 0120/150] method=ours loss=0.2690 train_acc=0.8340 train_loss=0.3977 val_acc=0.8039 val_loss=0.4121 router_H=0.6908 best=0.8039
           router_load=[0.4924204647541046, 0.18514759838581085, 0.010957576334476471, 0.3114743232727051]
[step 0130/150] method=ours loss=0.4580 train_acc=0.8340 train_loss=0.3977 val_acc=0.8039 val_loss=0.4121 router_H=0.6908 best=0.8039
           router_load=[0.4924204647541046, 0.18514759838581085, 0.010957576334476471, 0.3114743232727051]
[step 0140/150] method=ours loss=0.3119 train_acc=0.8340 train_loss=0.3977 val_acc=0.8039 val_loss=0.4121 router_H=0.6908 best=0.8039
           router_load=[0.4924204647541046, 0.18514759838581085, 0.010957576334476471, 0.3114743232727051]
[step 0150/150] method=ours loss=0.8829 train_acc=0.8672 train_loss=0.3699 val_acc=0.8529 val_loss=0.4274 router_H=0.6902 best=0.8529
           router_load=[0.5216626524925232, 0.21921466290950775, 0.032424937933683395, 0.22669777274131775]
saved summary -> /home/zhujjing/MOE-grad-conflict-routing/runs/paper_suite/single_gpu/single_task/roberta_mrpc_lora_e4_k2/hpo/ours/trial_runs/coord_03_train_grad_clip_004/ours_s2.json
saved curve -> /home/zhujjing/MOE-grad-conflict-routing/runs/paper_suite/single_gpu/single_task/roberta_mrpc_lora_e4_k2/hpo/ours/trial_runs/coord_03_train_grad_clip_004/ours_s2_curve.csv
