[run] method=ours candidate=coord_03_train_grad_clip_002 seed=2 steps=150 gpu=0
[run] cmd=
/home/zhujjing/anaconda3/envs/moe/bin/python /home/zhujjing/MOE-grad-conflict-routing/scripts/run.py --config configs/singletask_mrpc_real.yaml --set model.backbone_backend=hf --set model.hf_load_pretrained=true --set model.backbone=roberta --set model.hf_pretrained_name=roberta-base --set model.expert_type=lora --set model.routing_mode=topk --set model.num_experts=4 --set model.top_k=2 --set seed=2 --set method.name=ours --set train.steps=150 --set train.eval_every_steps=50 --set method.ours.use_load_norm=true --set method.ours.lambda_align=0.001 --set train.grad_clip=0.651383293 --set train.lr=2.652769064e-05 --set train.weight_decay=0.04145867636 --out /home/zhujjing/MOE-grad-conflict-routing/runs/paper_suite/single_gpu/single_task/roberta_mrpc_lora_e4_k2/hpo/ours/trial_runs/coord_03_train_grad_clip_002/ours_s2.json --curve_out /home/zhujjing/MOE-grad-conflict-routing/runs/paper_suite/single_gpu/single_task/roberta_mrpc_lora_e4_k2/hpo/ours/trial_runs/coord_03_train_grad_clip_002/ours_s2_curve.csv
Using the latest cached version of the dataset since glue couldn't be found on the Hugging Face Hub (offline mode is enabled).
Found the latest cached dataset configuration 'mrpc' at /home/zhujjing/hf_cache/datasets/glue/mrpc/0.0.0/bcdcba79d07bc864c1c254ccfcedcce55bcc9a8c (last modified on Thu Mar 19 15:01:06 2026).
/home/zhujjing/anaconda3/envs/moe/lib/python3.10/site-packages/transformers/utils/hub.py:124: FutureWarning: Using `TRANSFORMERS_CACHE` is deprecated and will be removed in v5 of Transformers. Use `HF_HOME` instead.
  warnings.warn(
Some weights of RobertaModel were not initialized from the model checkpoint at roberta-base and are newly initialized: ['roberta.pooler.dense.bias', 'roberta.pooler.dense.weight']
You should probably TRAIN this model on a down-stream task to be able to use it for predictions and inference.
[step 0001/150] method=ours loss=0.6831 train_acc=nan train_loss=nan val_acc=nan val_loss=nan best=-1.0000
[step 0010/150] method=ours loss=0.7016 train_acc=nan train_loss=nan val_acc=nan val_loss=nan best=-1.0000
[step 0020/150] method=ours loss=0.5553 train_acc=nan train_loss=nan val_acc=nan val_loss=nan best=-1.0000
[step 0030/150] method=ours loss=0.7383 train_acc=nan train_loss=nan val_acc=nan val_loss=nan best=-1.0000
[step 0040/150] method=ours loss=0.5365 train_acc=nan train_loss=nan val_acc=nan val_loss=nan best=-1.0000
[step 0050/150] method=ours loss=0.4969 train_acc=0.7347 train_loss=0.5340 val_acc=0.7230 val_loss=0.5375 router_H=0.6790 best=0.7230
           router_load=[0.17261292040348053, 0.24502350389957428, 0.0, 0.582363486289978]
[step 0060/150] method=ours loss=0.5783 train_acc=0.7347 train_loss=0.5340 val_acc=0.7230 val_loss=0.5375 router_H=0.6790 best=0.7230
           router_load=[0.17261292040348053, 0.24502350389957428, 0.0, 0.582363486289978]
[step 0070/150] method=ours loss=0.3932 train_acc=0.7347 train_loss=0.5340 val_acc=0.7230 val_loss=0.5375 router_H=0.6790 best=0.7230
           router_load=[0.17261292040348053, 0.24502350389957428, 0.0, 0.582363486289978]
[step 0080/150] method=ours loss=0.5172 train_acc=0.7347 train_loss=0.5340 val_acc=0.7230 val_loss=0.5375 router_H=0.6790 best=0.7230
           router_load=[0.17261292040348053, 0.24502350389957428, 0.0, 0.582363486289978]
[step 0090/150] method=ours loss=0.3415 train_acc=0.7347 train_loss=0.5340 val_acc=0.7230 val_loss=0.5375 router_H=0.6790 best=0.7230
           router_load=[0.17261292040348053, 0.24502350389957428, 0.0, 0.582363486289978]
[step 0100/150] method=ours loss=0.5098 train_acc=0.8062 train_loss=0.4395 val_acc=0.7892 val_loss=0.4512 router_H=0.6751 best=0.7892
           router_load=[0.22019295394420624, 0.18658149242401123, 0.0, 0.5932255387306213]
[step 0110/150] method=ours loss=0.5604 train_acc=0.8062 train_loss=0.4395 val_acc=0.7892 val_loss=0.4512 router_H=0.6751 best=0.7892
           router_load=[0.22019295394420624, 0.18658149242401123, 0.0, 0.5932255387306213]
[step 0120/150] method=ours loss=0.2551 train_acc=0.8062 train_loss=0.4395 val_acc=0.7892 val_loss=0.4512 router_H=0.6751 best=0.7892
           router_load=[0.22019295394420624, 0.18658149242401123, 0.0, 0.5932255387306213]
[step 0130/150] method=ours loss=0.5406 train_acc=0.8062 train_loss=0.4395 val_acc=0.7892 val_loss=0.4512 router_H=0.6751 best=0.7892
           router_load=[0.22019295394420624, 0.18658149242401123, 0.0, 0.5932255387306213]
[step 0140/150] method=ours loss=0.4697 train_acc=0.8062 train_loss=0.4395 val_acc=0.7892 val_loss=0.4512 router_H=0.6751 best=0.7892
           router_load=[0.22019295394420624, 0.18658149242401123, 0.0, 0.5932255387306213]
[step 0150/150] method=ours loss=0.5644 train_acc=0.8661 train_loss=0.3441 val_acc=0.8775 val_loss=0.3584 router_H=0.6780 best=0.8775
           router_load=[0.14221490919589996, 0.27408328652381897, 0.0, 0.5837017297744751]
saved summary -> /home/zhujjing/MOE-grad-conflict-routing/runs/paper_suite/single_gpu/single_task/roberta_mrpc_lora_e4_k2/hpo/ours/trial_runs/coord_03_train_grad_clip_002/ours_s2.json
saved curve -> /home/zhujjing/MOE-grad-conflict-routing/runs/paper_suite/single_gpu/single_task/roberta_mrpc_lora_e4_k2/hpo/ours/trial_runs/coord_03_train_grad_clip_002/ours_s2_curve.csv
