[run] method=baseline candidate=local_var_topk_000 seed=3 steps=150 gpu=0
[run] cmd=
/home/zhujjing/anaconda3/envs/moe/bin/python /home/zhujjing/MOE-grad-conflict-routing/scripts/run.py --config configs/singletask_rte_real.yaml --set model.backbone_backend=hf --set model.hf_load_pretrained=true --set model.backbone=roberta --set model.hf_pretrained_name=roberta-base --set model.expert_type=lora --set model.routing_mode=topk --set model.num_experts=4 --set model.top_k=2 --set seed=3 --set method.name=baseline_avg --set train.steps=150 --set train.eval_every_steps=50 --set train.grad_clip=0.5690175238 --set train.lr=6.510615e-06 --set train.weight_decay=0.03115829834 --out /home/zhujjing/MOE-grad-conflict-routing/runs/paper_suite/single_gpu/single_task/roberta_rte_lora_e4_k2/hpo/baseline/trial_runs/local_var_topk_000/baseline_s3.json --curve_out /home/zhujjing/MOE-grad-conflict-routing/runs/paper_suite/single_gpu/single_task/roberta_rte_lora_e4_k2/hpo/baseline/trial_runs/local_var_topk_000/baseline_s3_curve.csv
Using the latest cached version of the dataset since glue couldn't be found on the Hugging Face Hub (offline mode is enabled).
Found the latest cached dataset configuration 'rte' at /home/zhujjing/hf_cache/datasets/glue/rte/0.0.0/bcdcba79d07bc864c1c254ccfcedcce55bcc9a8c (last modified on Thu Mar 19 15:00:36 2026).
/home/zhujjing/anaconda3/envs/moe/lib/python3.10/site-packages/transformers/utils/hub.py:124: FutureWarning: Using `TRANSFORMERS_CACHE` is deprecated and will be removed in v5 of Transformers. Use `HF_HOME` instead.
  warnings.warn(
Some weights of RobertaModel were not initialized from the model checkpoint at roberta-base and are newly initialized: ['roberta.pooler.dense.bias', 'roberta.pooler.dense.weight']
You should probably TRAIN this model on a down-stream task to be able to use it for predictions and inference.
[step 0001/150] method=baseline_avg loss=0.6882 train_acc=nan train_loss=nan val_acc=nan val_loss=nan best=-1.0000
[step 0010/150] method=baseline_avg loss=0.6931 train_acc=nan train_loss=nan val_acc=nan val_loss=nan best=-1.0000
[step 0020/150] method=baseline_avg loss=0.7055 train_acc=nan train_loss=nan val_acc=nan val_loss=nan best=-1.0000
[step 0030/150] method=baseline_avg loss=0.6902 train_acc=nan train_loss=nan val_acc=nan val_loss=nan best=-1.0000
[step 0040/150] method=baseline_avg loss=0.6592 train_acc=nan train_loss=nan val_acc=nan val_loss=nan best=-1.0000
[step 0050/150] method=baseline_avg loss=0.6826 train_acc=0.5406 train_loss=0.6867 val_acc=0.5415 val_loss=0.6945 router_H=0.6540 best=0.5415
           router_load=[0.3617016077041626, 0.0, 0.0, 0.6382984519004822]
[step 0060/150] method=baseline_avg loss=0.6828 train_acc=0.5406 train_loss=0.6867 val_acc=0.5415 val_loss=0.6945 router_H=0.6540 best=0.5415
           router_load=[0.3617016077041626, 0.0, 0.0, 0.6382984519004822]
[step 0070/150] method=baseline_avg loss=0.7003 train_acc=0.5406 train_loss=0.6867 val_acc=0.5415 val_loss=0.6945 router_H=0.6540 best=0.5415
           router_load=[0.3617016077041626, 0.0, 0.0, 0.6382984519004822]
[step 0080/150] method=baseline_avg loss=0.6575 train_acc=0.5406 train_loss=0.6867 val_acc=0.5415 val_loss=0.6945 router_H=0.6540 best=0.5415
           router_load=[0.3617016077041626, 0.0, 0.0, 0.6382984519004822]
[step 0090/150] method=baseline_avg loss=0.6446 train_acc=0.5406 train_loss=0.6867 val_acc=0.5415 val_loss=0.6945 router_H=0.6540 best=0.5415
           router_load=[0.3617016077041626, 0.0, 0.0, 0.6382984519004822]
[step 0100/150] method=baseline_avg loss=0.6772 train_acc=0.6406 train_loss=0.6426 val_acc=0.6137 val_loss=0.6504 router_H=0.6518 best=0.6137
           router_load=[0.3576505780220032, 0.0011601216392591596, 0.0, 0.6411892175674438]
[step 0110/150] method=baseline_avg loss=0.5883 train_acc=0.6406 train_loss=0.6426 val_acc=0.6137 val_loss=0.6504 router_H=0.6518 best=0.6137
           router_load=[0.3576505780220032, 0.0011601216392591596, 0.0, 0.6411892175674438]
[step 0120/150] method=baseline_avg loss=0.6311 train_acc=0.6406 train_loss=0.6426 val_acc=0.6137 val_loss=0.6504 router_H=0.6518 best=0.6137
           router_load=[0.3576505780220032, 0.0011601216392591596, 0.0, 0.6411892175674438]
[step 0130/150] method=baseline_avg loss=0.6645 train_acc=0.6406 train_loss=0.6426 val_acc=0.6137 val_loss=0.6504 router_H=0.6518 best=0.6137
           router_load=[0.3576505780220032, 0.0011601216392591596, 0.0, 0.6411892175674438]
[step 0140/150] method=baseline_avg loss=0.6452 train_acc=0.6406 train_loss=0.6426 val_acc=0.6137 val_loss=0.6504 router_H=0.6518 best=0.6137
           router_load=[0.3576505780220032, 0.0011601216392591596, 0.0, 0.6411892175674438]
[step 0150/150] method=baseline_avg loss=0.6318 train_acc=0.6928 train_loss=0.6173 val_acc=0.6426 val_loss=0.6396 router_H=0.6509 best=0.6426
           router_load=[0.3573947846889496, 0.0, 0.0, 0.6426051259040833]
saved summary -> /home/zhujjing/MOE-grad-conflict-routing/runs/paper_suite/single_gpu/single_task/roberta_rte_lora_e4_k2/hpo/baseline/trial_runs/local_var_topk_000/baseline_s3.json
saved curve -> /home/zhujjing/MOE-grad-conflict-routing/runs/paper_suite/single_gpu/single_task/roberta_rte_lora_e4_k2/hpo/baseline/trial_runs/local_var_topk_000/baseline_s3_curve.csv
