[run] method=baseline candidate=local_var_topk_008 seed=3 steps=150 gpu=0
[run] cmd=
/home/zhujjing/anaconda3/envs/moe/bin/python /home/zhujjing/MOE-grad-conflict-routing/scripts/run.py --config configs/singletask_rte_real.yaml --set model.backbone_backend=hf --set model.hf_load_pretrained=true --set model.backbone=roberta --set model.hf_pretrained_name=roberta-base --set model.expert_type=lora --set model.routing_mode=topk --set model.num_experts=4 --set model.top_k=2 --set seed=3 --set method.name=baseline_avg --set train.steps=150 --set train.eval_every_steps=50 --set train.grad_clip=1.169017524 --set train.lr=6.510615e-06 --set train.weight_decay=0.05 --out /home/zhujjing/MOE-grad-conflict-routing/runs/paper_suite/single_gpu/single_task/roberta_rte_lora_e4_k2/hpo/baseline/trial_runs/local_var_topk_008/baseline_s3.json --curve_out /home/zhujjing/MOE-grad-conflict-routing/runs/paper_suite/single_gpu/single_task/roberta_rte_lora_e4_k2/hpo/baseline/trial_runs/local_var_topk_008/baseline_s3_curve.csv
Using the latest cached version of the dataset since glue couldn't be found on the Hugging Face Hub (offline mode is enabled).
Found the latest cached dataset configuration 'rte' at /home/zhujjing/hf_cache/datasets/glue/rte/0.0.0/bcdcba79d07bc864c1c254ccfcedcce55bcc9a8c (last modified on Thu Mar 19 15:00:36 2026).
/home/zhujjing/anaconda3/envs/moe/lib/python3.10/site-packages/transformers/utils/hub.py:124: FutureWarning: Using `TRANSFORMERS_CACHE` is deprecated and will be removed in v5 of Transformers. Use `HF_HOME` instead.
  warnings.warn(
Some weights of RobertaModel were not initialized from the model checkpoint at roberta-base and are newly initialized: ['roberta.pooler.dense.bias', 'roberta.pooler.dense.weight']
You should probably TRAIN this model on a down-stream task to be able to use it for predictions and inference.
[step 0001/150] method=baseline_avg loss=0.6893 train_acc=nan train_loss=nan val_acc=nan val_loss=nan best=-1.0000
[step 0010/150] method=baseline_avg loss=0.6999 train_acc=nan train_loss=nan val_acc=nan val_loss=nan best=-1.0000
[step 0020/150] method=baseline_avg loss=0.6943 train_acc=nan train_loss=nan val_acc=nan val_loss=nan best=-1.0000
[step 0030/150] method=baseline_avg loss=0.6904 train_acc=nan train_loss=nan val_acc=nan val_loss=nan best=-1.0000
[step 0040/150] method=baseline_avg loss=0.6876 train_acc=nan train_loss=nan val_acc=nan val_loss=nan best=-1.0000
[step 0050/150] method=baseline_avg loss=0.6765 train_acc=0.5731 train_loss=0.6837 val_acc=0.5199 val_loss=0.6904 router_H=0.6867 best=0.5199
           router_load=[0.4254358410835266, 0.011173466220498085, 0.5541430115699768, 0.009247715584933758]
[step 0060/150] method=baseline_avg loss=0.6660 train_acc=0.5731 train_loss=0.6837 val_acc=0.5199 val_loss=0.6904 router_H=0.6867 best=0.5199
           router_load=[0.4254358410835266, 0.011173466220498085, 0.5541430115699768, 0.009247715584933758]
[step 0070/150] method=baseline_avg loss=0.6996 train_acc=0.5731 train_loss=0.6837 val_acc=0.5199 val_loss=0.6904 router_H=0.6867 best=0.5199
           router_load=[0.4254358410835266, 0.011173466220498085, 0.5541430115699768, 0.009247715584933758]
[step 0080/150] method=baseline_avg loss=0.6494 train_acc=0.5731 train_loss=0.6837 val_acc=0.5199 val_loss=0.6904 router_H=0.6867 best=0.5199
           router_load=[0.4254358410835266, 0.011173466220498085, 0.5541430115699768, 0.009247715584933758]
[step 0090/150] method=baseline_avg loss=0.6175 train_acc=0.5731 train_loss=0.6837 val_acc=0.5199 val_loss=0.6904 router_H=0.6867 best=0.5199
           router_load=[0.4254358410835266, 0.011173466220498085, 0.5541430115699768, 0.009247715584933758]
[step 0100/150] method=baseline_avg loss=0.6650 train_acc=0.6398 train_loss=0.6372 val_acc=0.6101 val_loss=0.6540 router_H=0.6743 best=0.6101
           router_load=[0.12959401309490204, 0.12509000301361084, 0.5935155153274536, 0.15180045366287231]
[step 0110/150] method=baseline_avg loss=0.5920 train_acc=0.6398 train_loss=0.6372 val_acc=0.6101 val_loss=0.6540 router_H=0.6743 best=0.6101
           router_load=[0.12959401309490204, 0.12509000301361084, 0.5935155153274536, 0.15180045366287231]
[step 0120/150] method=baseline_avg loss=0.6337 train_acc=0.6398 train_loss=0.6372 val_acc=0.6101 val_loss=0.6540 router_H=0.6743 best=0.6101
           router_load=[0.12959401309490204, 0.12509000301361084, 0.5935155153274536, 0.15180045366287231]
[step 0130/150] method=baseline_avg loss=0.6758 train_acc=0.6398 train_loss=0.6372 val_acc=0.6101 val_loss=0.6540 router_H=0.6743 best=0.6101
           router_load=[0.12959401309490204, 0.12509000301361084, 0.5935155153274536, 0.15180045366287231]
[step 0140/150] method=baseline_avg loss=0.6509 train_acc=0.6398 train_loss=0.6372 val_acc=0.6101 val_loss=0.6540 router_H=0.6743 best=0.6101
           router_load=[0.12959401309490204, 0.12509000301361084, 0.5935155153274536, 0.15180045366287231]
[step 0150/150] method=baseline_avg loss=0.6706 train_acc=0.6526 train_loss=0.6362 val_acc=0.6137 val_loss=0.6591 router_H=0.6736 best=0.6137
           router_load=[0.13227467238903046, 0.13459809124469757, 0.5957973599433899, 0.13732974231243134]
saved summary -> /home/zhujjing/MOE-grad-conflict-routing/runs/paper_suite/single_gpu/single_task/roberta_rte_lora_e4_k2/hpo/baseline/trial_runs/local_var_topk_008/baseline_s3.json
saved curve -> /home/zhujjing/MOE-grad-conflict-routing/runs/paper_suite/single_gpu/single_task/roberta_rte_lora_e4_k2/hpo/baseline/trial_runs/local_var_topk_008/baseline_s3_curve.csv
