[run] method=baseline candidate=local_var_topk_021 seed=2 steps=150 gpu=0
[run] cmd=
/home/zhujjing/anaconda3/envs/moe/bin/python /home/zhujjing/MOE-grad-conflict-routing/scripts/run.py --config configs/singletask_rte_real.yaml --set model.backbone_backend=hf --set model.hf_load_pretrained=true --set model.backbone=roberta --set model.hf_pretrained_name=roberta-base --set model.expert_type=lora --set model.routing_mode=topk --set model.num_experts=4 --set model.top_k=2 --set seed=2 --set method.name=baseline_avg --set train.steps=150 --set train.eval_every_steps=50 --set train.grad_clip=0.8690175238 --set train.lr=2.6042459e-05 --set train.weight_decay=0.03115829834 --out /home/zhujjing/MOE-grad-conflict-routing/runs/paper_suite/single_gpu/single_task/roberta_rte_lora_e4_k2/hpo/baseline/trial_runs/local_var_topk_021/baseline_s2.json --curve_out /home/zhujjing/MOE-grad-conflict-routing/runs/paper_suite/single_gpu/single_task/roberta_rte_lora_e4_k2/hpo/baseline/trial_runs/local_var_topk_021/baseline_s2_curve.csv
Using the latest cached version of the dataset since glue couldn't be found on the Hugging Face Hub (offline mode is enabled).
Found the latest cached dataset configuration 'rte' at /home/zhujjing/hf_cache/datasets/glue/rte/0.0.0/bcdcba79d07bc864c1c254ccfcedcce55bcc9a8c (last modified on Thu Mar 19 15:00:36 2026).
/home/zhujjing/anaconda3/envs/moe/lib/python3.10/site-packages/transformers/utils/hub.py:124: FutureWarning: Using `TRANSFORMERS_CACHE` is deprecated and will be removed in v5 of Transformers. Use `HF_HOME` instead.
  warnings.warn(
Some weights of RobertaModel were not initialized from the model checkpoint at roberta-base and are newly initialized: ['roberta.pooler.dense.bias', 'roberta.pooler.dense.weight']
You should probably TRAIN this model on a down-stream task to be able to use it for predictions and inference.
[step 0001/150] method=baseline_avg loss=0.6925 train_acc=nan train_loss=nan val_acc=nan val_loss=nan best=-1.0000
[step 0010/150] method=baseline_avg loss=0.8880 train_acc=nan train_loss=nan val_acc=nan val_loss=nan best=-1.0000
[step 0020/150] method=baseline_avg loss=0.7073 train_acc=nan train_loss=nan val_acc=nan val_loss=nan best=-1.0000
[step 0030/150] method=baseline_avg loss=0.7041 train_acc=nan train_loss=nan val_acc=nan val_loss=nan best=-1.0000
[step 0040/150] method=baseline_avg loss=0.6807 train_acc=nan train_loss=nan val_acc=nan val_loss=nan best=-1.0000
[step 0050/150] method=baseline_avg loss=0.5719 train_acc=0.5988 train_loss=0.6627 val_acc=0.6029 val_loss=0.6624 router_H=0.6872 best=0.6029
           router_load=[0.14925558865070343, 0.007783495355397463, 0.5517359972000122, 0.2912248969078064]
[step 0060/150] method=baseline_avg loss=0.6169 train_acc=0.5988 train_loss=0.6627 val_acc=0.6029 val_loss=0.6624 router_H=0.6872 best=0.6029
           router_load=[0.14925558865070343, 0.007783495355397463, 0.5517359972000122, 0.2912248969078064]
[step 0070/150] method=baseline_avg loss=0.6607 train_acc=0.5988 train_loss=0.6627 val_acc=0.6029 val_loss=0.6624 router_H=0.6872 best=0.6029
           router_load=[0.14925558865070343, 0.007783495355397463, 0.5517359972000122, 0.2912248969078064]
[step 0080/150] method=baseline_avg loss=0.7654 train_acc=0.5988 train_loss=0.6627 val_acc=0.6029 val_loss=0.6624 router_H=0.6872 best=0.6029
           router_load=[0.14925558865070343, 0.007783495355397463, 0.5517359972000122, 0.2912248969078064]
[step 0090/150] method=baseline_avg loss=0.8217 train_acc=0.5988 train_loss=0.6627 val_acc=0.6029 val_loss=0.6624 router_H=0.6872 best=0.6029
           router_load=[0.14925558865070343, 0.007783495355397463, 0.5517359972000122, 0.2912248969078064]
[step 0100/150] method=baseline_avg loss=0.6860 train_acc=0.5863 train_loss=0.6595 val_acc=0.5235 val_loss=0.6919 router_H=0.6836 best=0.6029
           router_load=[0.05008620768785477, 0.007620193529874086, 0.5675429701805115, 0.37475067377090454]
[step 0110/150] method=baseline_avg loss=0.5855 train_acc=0.5863 train_loss=0.6595 val_acc=0.5235 val_loss=0.6919 router_H=0.6836 best=0.6029
           router_load=[0.05008620768785477, 0.007620193529874086, 0.5675429701805115, 0.37475067377090454]
[step 0120/150] method=baseline_avg loss=0.5888 train_acc=0.5863 train_loss=0.6595 val_acc=0.5235 val_loss=0.6919 router_H=0.6836 best=0.6029
           router_load=[0.05008620768785477, 0.007620193529874086, 0.5675429701805115, 0.37475067377090454]
[step 0130/150] method=baseline_avg loss=0.6420 train_acc=0.5863 train_loss=0.6595 val_acc=0.5235 val_loss=0.6919 router_H=0.6836 best=0.6029
           router_load=[0.05008620768785477, 0.007620193529874086, 0.5675429701805115, 0.37475067377090454]
[step 0140/150] method=baseline_avg loss=0.7459 train_acc=0.5863 train_loss=0.6595 val_acc=0.5235 val_loss=0.6919 router_H=0.6836 best=0.6029
           router_load=[0.05008620768785477, 0.007620193529874086, 0.5675429701805115, 0.37475067377090454]
[step 0150/150] method=baseline_avg loss=0.6742 train_acc=0.7124 train_loss=0.6287 val_acc=0.6787 val_loss=0.6456 router_H=0.6855 best=0.6787
           router_load=[0.07366760820150375, 0.0, 0.5605427026748657, 0.36578959226608276]
saved summary -> /home/zhujjing/MOE-grad-conflict-routing/runs/paper_suite/single_gpu/single_task/roberta_rte_lora_e4_k2/hpo/baseline/trial_runs/local_var_topk_021/baseline_s2.json
saved curve -> /home/zhujjing/MOE-grad-conflict-routing/runs/paper_suite/single_gpu/single_task/roberta_rte_lora_e4_k2/hpo/baseline/trial_runs/local_var_topk_021/baseline_s2_curve.csv
