[run] method=baseline candidate=local_var_topk_003 seed=2 steps=150 gpu=0
[run] cmd=
/home/zhujjing/anaconda3/envs/moe/bin/python /home/zhujjing/MOE-grad-conflict-routing/scripts/run.py --config configs/singletask_rte_real.yaml --set model.backbone_backend=hf --set model.hf_load_pretrained=true --set model.backbone=roberta --set model.hf_pretrained_name=roberta-base --set model.expert_type=lora --set model.routing_mode=topk --set model.num_experts=4 --set model.top_k=2 --set seed=2 --set method.name=baseline_avg --set train.steps=150 --set train.eval_every_steps=50 --set train.grad_clip=0.8690175238 --set train.lr=6.510615e-06 --set train.weight_decay=0.03115829834 --out /home/zhujjing/MOE-grad-conflict-routing/runs/paper_suite/single_gpu/single_task/roberta_rte_lora_e4_k2/hpo/baseline/trial_runs/local_var_topk_003/baseline_s2.json --curve_out /home/zhujjing/MOE-grad-conflict-routing/runs/paper_suite/single_gpu/single_task/roberta_rte_lora_e4_k2/hpo/baseline/trial_runs/local_var_topk_003/baseline_s2_curve.csv
Using the latest cached version of the dataset since glue couldn't be found on the Hugging Face Hub (offline mode is enabled).
Found the latest cached dataset configuration 'rte' at /home/zhujjing/hf_cache/datasets/glue/rte/0.0.0/bcdcba79d07bc864c1c254ccfcedcce55bcc9a8c (last modified on Thu Mar 19 15:00:36 2026).
/home/zhujjing/anaconda3/envs/moe/lib/python3.10/site-packages/transformers/utils/hub.py:124: FutureWarning: Using `TRANSFORMERS_CACHE` is deprecated and will be removed in v5 of Transformers. Use `HF_HOME` instead.
  warnings.warn(
Some weights of RobertaModel were not initialized from the model checkpoint at roberta-base and are newly initialized: ['roberta.pooler.dense.bias', 'roberta.pooler.dense.weight']
You should probably TRAIN this model on a down-stream task to be able to use it for predictions and inference.
[step 0001/150] method=baseline_avg loss=0.7734 train_acc=nan train_loss=nan val_acc=nan val_loss=nan best=-1.0000
[step 0010/150] method=baseline_avg loss=0.7385 train_acc=nan train_loss=nan val_acc=nan val_loss=nan best=-1.0000
[step 0020/150] method=baseline_avg loss=0.6896 train_acc=nan train_loss=nan val_acc=nan val_loss=nan best=-1.0000
[step 0030/150] method=baseline_avg loss=0.7006 train_acc=nan train_loss=nan val_acc=nan val_loss=nan best=-1.0000
[step 0040/150] method=baseline_avg loss=0.6906 train_acc=nan train_loss=nan val_acc=nan val_loss=nan best=-1.0000
[step 0050/150] method=baseline_avg loss=0.6702 train_acc=0.5100 train_loss=0.6904 val_acc=0.5343 val_loss=0.6869 router_H=0.6782 best=0.5343
           router_load=[0.5845279693603516, 0.0, 0.0, 0.41547203063964844]
[step 0060/150] method=baseline_avg loss=0.6860 train_acc=0.5100 train_loss=0.6904 val_acc=0.5343 val_loss=0.6869 router_H=0.6782 best=0.5343
           router_load=[0.5845279693603516, 0.0, 0.0, 0.41547203063964844]
[step 0070/150] method=baseline_avg loss=0.6792 train_acc=0.5100 train_loss=0.6904 val_acc=0.5343 val_loss=0.6869 router_H=0.6782 best=0.5343
           router_load=[0.5845279693603516, 0.0, 0.0, 0.41547203063964844]
[step 0080/150] method=baseline_avg loss=0.6997 train_acc=0.5100 train_loss=0.6904 val_acc=0.5343 val_loss=0.6869 router_H=0.6782 best=0.5343
           router_load=[0.5845279693603516, 0.0, 0.0, 0.41547203063964844]
[step 0090/150] method=baseline_avg loss=0.6878 train_acc=0.5100 train_loss=0.6904 val_acc=0.5343 val_loss=0.6869 router_H=0.6782 best=0.5343
           router_load=[0.5845279693603516, 0.0, 0.0, 0.41547203063964844]
[step 0100/150] method=baseline_avg loss=0.6924 train_acc=0.6100 train_loss=0.6769 val_acc=0.5812 val_loss=0.6803 router_H=0.6786 best=0.5812
           router_load=[0.5824314951896667, 0.0, 0.0, 0.417568564414978]
[step 0110/150] method=baseline_avg loss=0.6916 train_acc=0.6100 train_loss=0.6769 val_acc=0.5812 val_loss=0.6803 router_H=0.6786 best=0.5812
           router_load=[0.5824314951896667, 0.0, 0.0, 0.417568564414978]
[step 0120/150] method=baseline_avg loss=0.7031 train_acc=0.6100 train_loss=0.6769 val_acc=0.5812 val_loss=0.6803 router_H=0.6786 best=0.5812
           router_load=[0.5824314951896667, 0.0, 0.0, 0.417568564414978]
[step 0130/150] method=baseline_avg loss=0.6745 train_acc=0.6100 train_loss=0.6769 val_acc=0.5812 val_loss=0.6803 router_H=0.6786 best=0.5812
           router_load=[0.5824314951896667, 0.0, 0.0, 0.417568564414978]
[step 0140/150] method=baseline_avg loss=0.6390 train_acc=0.6100 train_loss=0.6769 val_acc=0.5812 val_loss=0.6803 router_H=0.6786 best=0.5812
           router_load=[0.5824314951896667, 0.0, 0.0, 0.417568564414978]
[step 0150/150] method=baseline_avg loss=0.6788 train_acc=0.6390 train_loss=0.6610 val_acc=0.5848 val_loss=0.6743 router_H=0.6781 best=0.5848
           router_load=[0.5840811133384705, 0.0, 0.0, 0.41591885685920715]
saved summary -> /home/zhujjing/MOE-grad-conflict-routing/runs/paper_suite/single_gpu/single_task/roberta_rte_lora_e4_k2/hpo/baseline/trial_runs/local_var_topk_003/baseline_s2.json
saved curve -> /home/zhujjing/MOE-grad-conflict-routing/runs/paper_suite/single_gpu/single_task/roberta_rte_lora_e4_k2/hpo/baseline/trial_runs/local_var_topk_003/baseline_s2_curve.csv
