[run] method=baseline candidate=local_var_topk_023 seed=3 steps=150 gpu=0
[run] cmd=
/home/zhujjing/anaconda3/envs/moe/bin/python /home/zhujjing/MOE-grad-conflict-routing/scripts/run.py --config configs/singletask_rte_real.yaml --set model.backbone_backend=hf --set model.hf_load_pretrained=true --set model.backbone=roberta --set model.hf_pretrained_name=roberta-base --set model.expert_type=lora --set model.routing_mode=topk --set model.num_experts=4 --set model.top_k=2 --set seed=3 --set method.name=baseline_avg --set train.steps=150 --set train.eval_every_steps=50 --set train.grad_clip=0.8690175238 --set train.lr=2.6042459e-05 --set train.weight_decay=0.05 --out /home/zhujjing/MOE-grad-conflict-routing/runs/paper_suite/single_gpu/single_task/roberta_rte_lora_e4_k2/hpo/baseline/trial_runs/local_var_topk_023/baseline_s3.json --curve_out /home/zhujjing/MOE-grad-conflict-routing/runs/paper_suite/single_gpu/single_task/roberta_rte_lora_e4_k2/hpo/baseline/trial_runs/local_var_topk_023/baseline_s3_curve.csv
Using the latest cached version of the dataset since glue couldn't be found on the Hugging Face Hub (offline mode is enabled).
Found the latest cached dataset configuration 'rte' at /home/zhujjing/hf_cache/datasets/glue/rte/0.0.0/bcdcba79d07bc864c1c254ccfcedcce55bcc9a8c (last modified on Thu Mar 19 15:00:36 2026).
/home/zhujjing/anaconda3/envs/moe/lib/python3.10/site-packages/transformers/utils/hub.py:124: FutureWarning: Using `TRANSFORMERS_CACHE` is deprecated and will be removed in v5 of Transformers. Use `HF_HOME` instead.
  warnings.warn(
Some weights of RobertaModel were not initialized from the model checkpoint at roberta-base and are newly initialized: ['roberta.pooler.dense.bias', 'roberta.pooler.dense.weight']
You should probably TRAIN this model on a down-stream task to be able to use it for predictions and inference.
[step 0001/150] method=baseline_avg loss=0.7140 train_acc=nan train_loss=nan val_acc=nan val_loss=nan best=-1.0000
[step 0010/150] method=baseline_avg loss=0.6971 train_acc=nan train_loss=nan val_acc=nan val_loss=nan best=-1.0000
[step 0020/150] method=baseline_avg loss=0.7053 train_acc=nan train_loss=nan val_acc=nan val_loss=nan best=-1.0000
[step 0030/150] method=baseline_avg loss=0.6539 train_acc=nan train_loss=nan val_acc=nan val_loss=nan best=-1.0000
[step 0040/150] method=baseline_avg loss=0.7281 train_acc=nan train_loss=nan val_acc=nan val_loss=nan best=-1.0000
[step 0050/150] method=baseline_avg loss=0.6960 train_acc=0.5205 train_loss=0.6930 val_acc=0.4801 val_loss=0.7429 router_H=0.6917 best=0.4801
           router_load=[0.4804718792438507, 0.0, 0.5195281505584717, 0.0]
[step 0060/150] method=baseline_avg loss=0.6064 train_acc=0.5205 train_loss=0.6930 val_acc=0.4801 val_loss=0.7429 router_H=0.6917 best=0.4801
           router_load=[0.4804718792438507, 0.0, 0.5195281505584717, 0.0]
[step 0070/150] method=baseline_avg loss=0.7079 train_acc=0.5205 train_loss=0.6930 val_acc=0.4801 val_loss=0.7429 router_H=0.6917 best=0.4801
           router_load=[0.4804718792438507, 0.0, 0.5195281505584717, 0.0]
[step 0080/150] method=baseline_avg loss=0.6608 train_acc=0.5205 train_loss=0.6930 val_acc=0.4801 val_loss=0.7429 router_H=0.6917 best=0.4801
           router_load=[0.4804718792438507, 0.0, 0.5195281505584717, 0.0]
[step 0090/150] method=baseline_avg loss=0.6177 train_acc=0.5205 train_loss=0.6930 val_acc=0.4801 val_loss=0.7429 router_H=0.6917 best=0.4801
           router_load=[0.4804718792438507, 0.0, 0.5195281505584717, 0.0]
[step 0100/150] method=baseline_avg loss=0.7178 train_acc=0.6040 train_loss=0.6426 val_acc=0.5560 val_loss=0.6673 router_H=0.6919 best=0.5560
           router_load=[0.4805664122104645, 0.0, 0.5194334983825684, 0.0]
[step 0110/150] method=baseline_avg loss=0.5912 train_acc=0.6040 train_loss=0.6426 val_acc=0.5560 val_loss=0.6673 router_H=0.6919 best=0.5560
           router_load=[0.4805664122104645, 0.0, 0.5194334983825684, 0.0]
[step 0120/150] method=baseline_avg loss=0.6380 train_acc=0.6040 train_loss=0.6426 val_acc=0.5560 val_loss=0.6673 router_H=0.6919 best=0.5560
           router_load=[0.4805664122104645, 0.0, 0.5194334983825684, 0.0]
[step 0130/150] method=baseline_avg loss=0.7421 train_acc=0.6040 train_loss=0.6426 val_acc=0.5560 val_loss=0.6673 router_H=0.6919 best=0.5560
           router_load=[0.4805664122104645, 0.0, 0.5194334983825684, 0.0]
[step 0140/150] method=baseline_avg loss=0.6517 train_acc=0.6040 train_loss=0.6426 val_acc=0.5560 val_loss=0.6673 router_H=0.6919 best=0.5560
           router_load=[0.4805664122104645, 0.0, 0.5194334983825684, 0.0]
[step 0150/150] method=baseline_avg loss=0.5524 train_acc=0.7526 train_loss=0.5315 val_acc=0.6968 val_loss=0.5963 router_H=0.6917 best=0.6968
           router_load=[0.476095974445343, 0.0, 0.523904025554657, 0.0]
saved summary -> /home/zhujjing/MOE-grad-conflict-routing/runs/paper_suite/single_gpu/single_task/roberta_rte_lora_e4_k2/hpo/baseline/trial_runs/local_var_topk_023/baseline_s3.json
saved curve -> /home/zhujjing/MOE-grad-conflict-routing/runs/paper_suite/single_gpu/single_task/roberta_rte_lora_e4_k2/hpo/baseline/trial_runs/local_var_topk_023/baseline_s3_curve.csv
