[run] method=baseline candidate=local_var_topk_008 seed=2 steps=150 gpu=0
[run] cmd=
/home/zhujjing/anaconda3/envs/moe/bin/python /home/zhujjing/MOE-grad-conflict-routing/scripts/run.py --config configs/singletask_rte_real.yaml --set model.backbone_backend=hf --set model.hf_load_pretrained=true --set model.backbone=roberta --set model.hf_pretrained_name=roberta-base --set model.expert_type=lora --set model.routing_mode=topk --set model.num_experts=4 --set model.top_k=2 --set seed=2 --set method.name=baseline_avg --set train.steps=150 --set train.eval_every_steps=50 --set train.grad_clip=1.169017524 --set train.lr=6.510615e-06 --set train.weight_decay=0.05 --out /home/zhujjing/MOE-grad-conflict-routing/runs/paper_suite/single_gpu/single_task/roberta_rte_lora_e4_k2/hpo/baseline/trial_runs/local_var_topk_008/baseline_s2.json --curve_out /home/zhujjing/MOE-grad-conflict-routing/runs/paper_suite/single_gpu/single_task/roberta_rte_lora_e4_k2/hpo/baseline/trial_runs/local_var_topk_008/baseline_s2_curve.csv
Using the latest cached version of the dataset since glue couldn't be found on the Hugging Face Hub (offline mode is enabled).
Found the latest cached dataset configuration 'rte' at /home/zhujjing/hf_cache/datasets/glue/rte/0.0.0/bcdcba79d07bc864c1c254ccfcedcce55bcc9a8c (last modified on Thu Mar 19 15:00:36 2026).
/home/zhujjing/anaconda3/envs/moe/lib/python3.10/site-packages/transformers/utils/hub.py:124: FutureWarning: Using `TRANSFORMERS_CACHE` is deprecated and will be removed in v5 of Transformers. Use `HF_HOME` instead.
  warnings.warn(
Some weights of RobertaModel were not initialized from the model checkpoint at roberta-base and are newly initialized: ['roberta.pooler.dense.bias', 'roberta.pooler.dense.weight']
You should probably TRAIN this model on a down-stream task to be able to use it for predictions and inference.
[step 0001/150] method=baseline_avg loss=0.7314 train_acc=nan train_loss=nan val_acc=nan val_loss=nan best=-1.0000
[step 0010/150] method=baseline_avg loss=0.6866 train_acc=nan train_loss=nan val_acc=nan val_loss=nan best=-1.0000
[step 0020/150] method=baseline_avg loss=0.6815 train_acc=nan train_loss=nan val_acc=nan val_loss=nan best=-1.0000
[step 0030/150] method=baseline_avg loss=0.6727 train_acc=nan train_loss=nan val_acc=nan val_loss=nan best=-1.0000
[step 0040/150] method=baseline_avg loss=0.6880 train_acc=nan train_loss=nan val_acc=nan val_loss=nan best=-1.0000
[step 0050/150] method=baseline_avg loss=0.6232 train_acc=0.5213 train_loss=0.6806 val_acc=0.5415 val_loss=0.6746 router_H=0.6922 best=0.5415
           router_load=[0.007112867198884487, 0.5158538222312927, 0.4770333766937256, 0.0]
[step 0060/150] method=baseline_avg loss=0.6709 train_acc=0.5213 train_loss=0.6806 val_acc=0.5415 val_loss=0.6746 router_H=0.6922 best=0.5415
           router_load=[0.007112867198884487, 0.5158538222312927, 0.4770333766937256, 0.0]
[step 0070/150] method=baseline_avg loss=0.6803 train_acc=0.5213 train_loss=0.6806 val_acc=0.5415 val_loss=0.6746 router_H=0.6922 best=0.5415
           router_load=[0.007112867198884487, 0.5158538222312927, 0.4770333766937256, 0.0]
[step 0080/150] method=baseline_avg loss=0.6755 train_acc=0.5213 train_loss=0.6806 val_acc=0.5415 val_loss=0.6746 router_H=0.6922 best=0.5415
           router_load=[0.007112867198884487, 0.5158538222312927, 0.4770333766937256, 0.0]
[step 0090/150] method=baseline_avg loss=0.6371 train_acc=0.5213 train_loss=0.6806 val_acc=0.5415 val_loss=0.6746 router_H=0.6922 best=0.5415
           router_load=[0.007112867198884487, 0.5158538222312927, 0.4770333766937256, 0.0]
[step 0100/150] method=baseline_avg loss=0.6467 train_acc=0.6390 train_loss=0.6503 val_acc=0.6282 val_loss=0.6523 router_H=0.6922 best=0.6282
           router_load=[0.03938926383852959, 0.48709502816200256, 0.47351568937301636, 0.0]
[step 0110/150] method=baseline_avg loss=0.6456 train_acc=0.6390 train_loss=0.6503 val_acc=0.6282 val_loss=0.6523 router_H=0.6922 best=0.6282
           router_load=[0.03938926383852959, 0.48709502816200256, 0.47351568937301636, 0.0]
[step 0120/150] method=baseline_avg loss=0.6856 train_acc=0.6390 train_loss=0.6503 val_acc=0.6282 val_loss=0.6523 router_H=0.6922 best=0.6282
           router_load=[0.03938926383852959, 0.48709502816200256, 0.47351568937301636, 0.0]
[step 0130/150] method=baseline_avg loss=0.6120 train_acc=0.6390 train_loss=0.6503 val_acc=0.6282 val_loss=0.6523 router_H=0.6922 best=0.6282
           router_load=[0.03938926383852959, 0.48709502816200256, 0.47351568937301636, 0.0]
[step 0140/150] method=baseline_avg loss=0.6058 train_acc=0.6390 train_loss=0.6503 val_acc=0.6282 val_loss=0.6523 router_H=0.6922 best=0.6282
           router_load=[0.03938926383852959, 0.48709502816200256, 0.47351568937301636, 0.0]
[step 0150/150] method=baseline_avg loss=0.6181 train_acc=0.6775 train_loss=0.6221 val_acc=0.6643 val_loss=0.6375 router_H=0.6922 best=0.6643
           router_load=[0.15488210320472717, 0.4234532117843628, 0.4216647446155548, 0.0]
saved summary -> /home/zhujjing/MOE-grad-conflict-routing/runs/paper_suite/single_gpu/single_task/roberta_rte_lora_e4_k2/hpo/baseline/trial_runs/local_var_topk_008/baseline_s2.json
saved curve -> /home/zhujjing/MOE-grad-conflict-routing/runs/paper_suite/single_gpu/single_task/roberta_rte_lora_e4_k2/hpo/baseline/trial_runs/local_var_topk_008/baseline_s2_curve.csv
