[run] method=ours candidate=coord_02_train_weight_decay_011 seed=2 steps=1000 gpu=0
[run] cmd=
/home/zhujjing/anaconda3/envs/moe/bin/python /home/zhujjing/MOE-grad-conflict-routing/scripts/run.py --config configs/singletask_rte_real.yaml --set model.backbone_backend=hf --set model.hf_load_pretrained=true --set model.backbone=roberta --set model.hf_pretrained_name=roberta-base --set model.expert_type=ffn --set model.routing_mode=topk --set model.num_experts=4 --set model.top_k=2 --set seed=2 --set method.name=ours --set train.steps=1000 --set train.eval_every_steps=50 --set method.ours.use_load_norm=true --set method.ours.lambda_align=0.001 --set train.grad_clip=1 --set train.lr=3.356481249e-05 --set train.weight_decay=0.04322128284 --out /home/zhujjing/MOE-grad-conflict-routing/runs/paper_suite/single_gpu/single_task/roberta_rte_ffn_e4_k2/final/ours_s2.json --curve_out /home/zhujjing/MOE-grad-conflict-routing/runs/paper_suite/single_gpu/single_task/roberta_rte_ffn_e4_k2/final/ours_s2_curve.csv
Using the latest cached version of the dataset since glue couldn't be found on the Hugging Face Hub (offline mode is enabled).
Found the latest cached dataset configuration 'rte' at /home/zhujjing/hf_cache/datasets/glue/rte/0.0.0/bcdcba79d07bc864c1c254ccfcedcce55bcc9a8c (last modified on Thu Mar 19 15:00:36 2026).
/home/zhujjing/anaconda3/envs/moe/lib/python3.10/site-packages/transformers/utils/hub.py:124: FutureWarning: Using `TRANSFORMERS_CACHE` is deprecated and will be removed in v5 of Transformers. Use `HF_HOME` instead.
  warnings.warn(
Some weights of RobertaModel were not initialized from the model checkpoint at roberta-base and are newly initialized: ['roberta.pooler.dense.bias', 'roberta.pooler.dense.weight']
You should probably TRAIN this model on a down-stream task to be able to use it for predictions and inference.
[step 0001/1000] method=ours loss=0.7041 train_acc=nan train_loss=nan val_acc=nan val_loss=nan best=-1.0000
[step 0010/1000] method=ours loss=0.7516 train_acc=nan train_loss=nan val_acc=nan val_loss=nan best=-1.0000
[step 0020/1000] method=ours loss=0.6946 train_acc=nan train_loss=nan val_acc=nan val_loss=nan best=-1.0000
[step 0030/1000] method=ours loss=0.7031 train_acc=nan train_loss=nan val_acc=nan val_loss=nan best=-1.0000
[step 0040/1000] method=ours loss=0.6899 train_acc=nan train_loss=nan val_acc=nan val_loss=nan best=-1.0000
[step 0050/1000] method=ours loss=0.6184 train_acc=0.5016 train_loss=0.6775 val_acc=0.5271 val_loss=0.6711 router_H=0.6785 best=0.5271
           router_load=[0.0028642993420362473, 0.5697577595710754, 0.4273778796195984, 0.0]
[step 0060/1000] method=ours loss=0.6574 train_acc=0.5016 train_loss=0.6775 val_acc=0.5271 val_loss=0.6711 router_H=0.6785 best=0.5271
           router_load=[0.0028642993420362473, 0.5697577595710754, 0.4273778796195984, 0.0]
[step 0070/1000] method=ours loss=0.7127 train_acc=0.5016 train_loss=0.6775 val_acc=0.5271 val_loss=0.6711 router_H=0.6785 best=0.5271
           router_load=[0.0028642993420362473, 0.5697577595710754, 0.4273778796195984, 0.0]
[step 0080/1000] method=ours loss=0.6496 train_acc=0.5016 train_loss=0.6775 val_acc=0.5271 val_loss=0.6711 router_H=0.6785 best=0.5271
           router_load=[0.0028642993420362473, 0.5697577595710754, 0.4273778796195984, 0.0]
[step 0090/1000] method=ours loss=0.6563 train_acc=0.5016 train_loss=0.6775 val_acc=0.5271 val_loss=0.6711 router_H=0.6785 best=0.5271
           router_load=[0.0028642993420362473, 0.5697577595710754, 0.4273778796195984, 0.0]
[step 0100/1000] method=ours loss=0.6986 train_acc=0.6755 train_loss=0.6252 val_acc=0.6354 val_loss=0.6475 router_H=0.6764 best=0.6354
           router_load=[0.0, 0.44610509276390076, 0.5538949966430664, 0.0]
[step 0110/1000] method=ours loss=0.6517 train_acc=0.6755 train_loss=0.6252 val_acc=0.6354 val_loss=0.6475 router_H=0.6764 best=0.6354
           router_load=[0.0, 0.44610509276390076, 0.5538949966430664, 0.0]
[step 0120/1000] method=ours loss=0.6439 train_acc=0.6755 train_loss=0.6252 val_acc=0.6354 val_loss=0.6475 router_H=0.6764 best=0.6354
           router_load=[0.0, 0.44610509276390076, 0.5538949966430664, 0.0]
[step 0130/1000] method=ours loss=0.5978 train_acc=0.6755 train_loss=0.6252 val_acc=0.6354 val_loss=0.6475 router_H=0.6764 best=0.6354
           router_load=[0.0, 0.44610509276390076, 0.5538949966430664, 0.0]
[step 0140/1000] method=ours loss=0.6565 train_acc=0.6755 train_loss=0.6252 val_acc=0.6354 val_loss=0.6475 router_H=0.6764 best=0.6354
           router_load=[0.0, 0.44610509276390076, 0.5538949966430664, 0.0]
[step 0150/1000] method=ours loss=0.6988 train_acc=0.7237 train_loss=0.6124 val_acc=0.6643 val_loss=0.6342 router_H=0.6758 best=0.6643
           router_load=[0.11763456463813782, 0.5501959323883057, 0.33216947317123413, 0.0]
[step 0160/1000] method=ours loss=0.6964 train_acc=0.7237 train_loss=0.6124 val_acc=0.6643 val_loss=0.6342 router_H=0.6758 best=0.6643
           router_load=[0.11763456463813782, 0.5501959323883057, 0.33216947317123413, 0.0]
[step 0170/1000] method=ours loss=0.5861 train_acc=0.7237 train_loss=0.6124 val_acc=0.6643 val_loss=0.6342 router_H=0.6758 best=0.6643
           router_load=[0.11763456463813782, 0.5501959323883057, 0.33216947317123413, 0.0]
[step 0180/1000] method=ours loss=0.5656 train_acc=0.7237 train_loss=0.6124 val_acc=0.6643 val_loss=0.6342 router_H=0.6758 best=0.6643
           router_load=[0.11763456463813782, 0.5501959323883057, 0.33216947317123413, 0.0]
[step 0190/1000] method=ours loss=0.6103 train_acc=0.7237 train_loss=0.6124 val_acc=0.6643 val_loss=0.6342 router_H=0.6758 best=0.6643
           router_load=[0.11763456463813782, 0.5501959323883057, 0.33216947317123413, 0.0]
[step 0200/1000] method=ours loss=0.3810 train_acc=0.7028 train_loss=0.6754 val_acc=0.6426 val_loss=0.8294 router_H=0.4753 best=0.6643
           router_load=[0.052150119096040726, 0.7015402913093567, 0.23441945016384125, 0.011890142224729061]
[step 0210/1000] method=ours loss=0.6056 train_acc=0.7028 train_loss=0.6754 val_acc=0.6426 val_loss=0.8294 router_H=0.4753 best=0.6643
           router_load=[0.052150119096040726, 0.7015402913093567, 0.23441945016384125, 0.011890142224729061]
[step 0220/1000] method=ours loss=0.5378 train_acc=0.7028 train_loss=0.6754 val_acc=0.6426 val_loss=0.8294 router_H=0.4753 best=0.6643
           router_load=[0.052150119096040726, 0.7015402913093567, 0.23441945016384125, 0.011890142224729061]
[step 0230/1000] method=ours loss=0.4725 train_acc=0.7028 train_loss=0.6754 val_acc=0.6426 val_loss=0.8294 router_H=0.4753 best=0.6643
           router_load=[0.052150119096040726, 0.7015402913093567, 0.23441945016384125, 0.011890142224729061]
[step 0240/1000] method=ours loss=0.3661 train_acc=0.7028 train_loss=0.6754 val_acc=0.6426 val_loss=0.8294 router_H=0.4753 best=0.6643
           router_load=[0.052150119096040726, 0.7015402913093567, 0.23441945016384125, 0.011890142224729061]
[step 0250/1000] method=ours loss=0.7517 train_acc=0.8189 train_loss=0.4318 val_acc=0.6931 val_loss=0.6504 router_H=0.5382 best=0.6931
           router_load=[0.04650917649269104, 0.4727511703968048, 0.4293951690196991, 0.051344577223062515]
[step 0260/1000] method=ours loss=0.5913 train_acc=0.8189 train_loss=0.4318 val_acc=0.6931 val_loss=0.6504 router_H=0.5382 best=0.6931
           router_load=[0.04650917649269104, 0.4727511703968048, 0.4293951690196991, 0.051344577223062515]
[step 0270/1000] method=ours loss=0.5671 train_acc=0.8189 train_loss=0.4318 val_acc=0.6931 val_loss=0.6504 router_H=0.5382 best=0.6931
           router_load=[0.04650917649269104, 0.4727511703968048, 0.4293951690196991, 0.051344577223062515]
[step 0280/1000] method=ours loss=0.5689 train_acc=0.8189 train_loss=0.4318 val_acc=0.6931 val_loss=0.6504 router_H=0.5382 best=0.6931
           router_load=[0.04650917649269104, 0.4727511703968048, 0.4293951690196991, 0.051344577223062515]
[step 0290/1000] method=ours loss=0.6279 train_acc=0.8189 train_loss=0.4318 val_acc=0.6931 val_loss=0.6504 router_H=0.5382 best=0.6931
           router_load=[0.04650917649269104, 0.4727511703968048, 0.4293951690196991, 0.051344577223062515]
[step 0300/1000] method=ours loss=0.5401 train_acc=0.8498 train_loss=0.4053 val_acc=0.6751 val_loss=0.6194 router_H=0.5940 best=0.6931
           router_load=[0.07954788208007812, 0.3253950774669647, 0.4889943301677704, 0.10606258362531662]
[step 0310/1000] method=ours loss=0.5508 train_acc=0.8498 train_loss=0.4053 val_acc=0.6751 val_loss=0.6194 router_H=0.5940 best=0.6931
           router_load=[0.07954788208007812, 0.3253950774669647, 0.4889943301677704, 0.10606258362531662]
[step 0320/1000] method=ours loss=0.6410 train_acc=0.8498 train_loss=0.4053 val_acc=0.6751 val_loss=0.6194 router_H=0.5940 best=0.6931
           router_load=[0.07954788208007812, 0.3253950774669647, 0.4889943301677704, 0.10606258362531662]
[step 0330/1000] method=ours loss=0.5157 train_acc=0.8498 train_loss=0.4053 val_acc=0.6751 val_loss=0.6194 router_H=0.5940 best=0.6931
           router_load=[0.07954788208007812, 0.3253950774669647, 0.4889943301677704, 0.10606258362531662]
[step 0340/1000] method=ours loss=0.2672 train_acc=0.8498 train_loss=0.4053 val_acc=0.6751 val_loss=0.6194 router_H=0.5940 best=0.6931
           router_load=[0.07954788208007812, 0.3253950774669647, 0.4889943301677704, 0.10606258362531662]
[step 0350/1000] method=ours loss=0.0750 train_acc=0.8827 train_loss=0.3000 val_acc=0.7148 val_loss=0.7315 router_H=0.4579 best=0.7148
           router_load=[0.08889293670654297, 0.5683718323707581, 0.32997366786003113, 0.012761540710926056]
[step 0360/1000] method=ours loss=0.7279 train_acc=0.8827 train_loss=0.3000 val_acc=0.7148 val_loss=0.7315 router_H=0.4579 best=0.7148
           router_load=[0.08889293670654297, 0.5683718323707581, 0.32997366786003113, 0.012761540710926056]
[step 0370/1000] method=ours loss=0.2164 train_acc=0.8827 train_loss=0.3000 val_acc=0.7148 val_loss=0.7315 router_H=0.4579 best=0.7148
           router_load=[0.08889293670654297, 0.5683718323707581, 0.32997366786003113, 0.012761540710926056]
[step 0380/1000] method=ours loss=0.3239 train_acc=0.8827 train_loss=0.3000 val_acc=0.7148 val_loss=0.7315 router_H=0.4579 best=0.7148
           router_load=[0.08889293670654297, 0.5683718323707581, 0.32997366786003113, 0.012761540710926056]
[step 0390/1000] method=ours loss=0.4218 train_acc=0.8827 train_loss=0.3000 val_acc=0.7148 val_loss=0.7315 router_H=0.4579 best=0.7148
           router_load=[0.08889293670654297, 0.5683718323707581, 0.32997366786003113, 0.012761540710926056]
[step 0400/1000] method=ours loss=0.1607 train_acc=0.9145 train_loss=0.2587 val_acc=0.7256 val_loss=0.8114 router_H=0.4484 best=0.7256
           router_load=[0.07607428729534149, 0.5670307874679565, 0.3522961735725403, 0.0045988354831933975]
[step 0410/1000] method=ours loss=0.2596 train_acc=0.9145 train_loss=0.2587 val_acc=0.7256 val_loss=0.8114 router_H=0.4484 best=0.7256
           router_load=[0.07607428729534149, 0.5670307874679565, 0.3522961735725403, 0.0045988354831933975]
[step 0420/1000] method=ours loss=0.3185 train_acc=0.9145 train_loss=0.2587 val_acc=0.7256 val_loss=0.8114 router_H=0.4484 best=0.7256
           router_load=[0.07607428729534149, 0.5670307874679565, 0.3522961735725403, 0.0045988354831933975]
[step 0430/1000] method=ours loss=0.4839 train_acc=0.9145 train_loss=0.2587 val_acc=0.7256 val_loss=0.8114 router_H=0.4484 best=0.7256
           router_load=[0.07607428729534149, 0.5670307874679565, 0.3522961735725403, 0.0045988354831933975]
[step 0440/1000] method=ours loss=0.1569 train_acc=0.9145 train_loss=0.2587 val_acc=0.7256 val_loss=0.8114 router_H=0.4484 best=0.7256
           router_load=[0.07607428729534149, 0.5670307874679565, 0.3522961735725403, 0.0045988354831933975]
[step 0450/1000] method=ours loss=0.2360 train_acc=0.9261 train_loss=0.1947 val_acc=0.7473 val_loss=0.5801 router_H=0.4363 best=0.7473
           router_load=[0.05535774677991867, 0.6109045147895813, 0.3308284282684326, 0.0029093585908412933]
[step 0460/1000] method=ours loss=0.3664 train_acc=0.9261 train_loss=0.1947 val_acc=0.7473 val_loss=0.5801 router_H=0.4363 best=0.7473
           router_load=[0.05535774677991867, 0.6109045147895813, 0.3308284282684326, 0.0029093585908412933]
[step 0470/1000] method=ours loss=0.2007 train_acc=0.9261 train_loss=0.1947 val_acc=0.7473 val_loss=0.5801 router_H=0.4363 best=0.7473
           router_load=[0.05535774677991867, 0.6109045147895813, 0.3308284282684326, 0.0029093585908412933]
[step 0480/1000] method=ours loss=0.1995 train_acc=0.9261 train_loss=0.1947 val_acc=0.7473 val_loss=0.5801 router_H=0.4363 best=0.7473
           router_load=[0.05535774677991867, 0.6109045147895813, 0.3308284282684326, 0.0029093585908412933]
[step 0490/1000] method=ours loss=0.2359 train_acc=0.9261 train_loss=0.1947 val_acc=0.7473 val_loss=0.5801 router_H=0.4363 best=0.7473
           router_load=[0.05535774677991867, 0.6109045147895813, 0.3308284282684326, 0.0029093585908412933]
[step 0500/1000] method=ours loss=0.2660 train_acc=0.9574 train_loss=0.1359 val_acc=0.7509 val_loss=0.7634 router_H=0.3476 best=0.7509
           router_load=[0.0280924029648304, 0.4549461603164673, 0.496032178401947, 0.020929189398884773]
[step 0510/1000] method=ours loss=0.1592 train_acc=0.9574 train_loss=0.1359 val_acc=0.7509 val_loss=0.7634 router_H=0.3476 best=0.7509
           router_load=[0.0280924029648304, 0.4549461603164673, 0.496032178401947, 0.020929189398884773]
[step 0520/1000] method=ours loss=0.6272 train_acc=0.9574 train_loss=0.1359 val_acc=0.7509 val_loss=0.7634 router_H=0.3476 best=0.7509
           router_load=[0.0280924029648304, 0.4549461603164673, 0.496032178401947, 0.020929189398884773]
[step 0530/1000] method=ours loss=0.2782 train_acc=0.9574 train_loss=0.1359 val_acc=0.7509 val_loss=0.7634 router_H=0.3476 best=0.7509
           router_load=[0.0280924029648304, 0.4549461603164673, 0.496032178401947, 0.020929189398884773]
[step 0540/1000] method=ours loss=0.0583 train_acc=0.9574 train_loss=0.1359 val_acc=0.7509 val_loss=0.7634 router_H=0.3476 best=0.7509
           router_load=[0.0280924029648304, 0.4549461603164673, 0.496032178401947, 0.020929189398884773]
[step 0550/1000] method=ours loss=0.0567 train_acc=0.9639 train_loss=0.1089 val_acc=0.7545 val_loss=0.8036 router_H=0.4082 best=0.7545
           router_load=[0.0859346017241478, 0.49114125967025757, 0.4057140648365021, 0.0172099731862545]
[step 0560/1000] method=ours loss=0.2637 train_acc=0.9639 train_loss=0.1089 val_acc=0.7545 val_loss=0.8036 router_H=0.4082 best=0.7545
           router_load=[0.0859346017241478, 0.49114125967025757, 0.4057140648365021, 0.0172099731862545]
[step 0570/1000] method=ours loss=0.7126 train_acc=0.9639 train_loss=0.1089 val_acc=0.7545 val_loss=0.8036 router_H=0.4082 best=0.7545
           router_load=[0.0859346017241478, 0.49114125967025757, 0.4057140648365021, 0.0172099731862545]
[step 0580/1000] method=ours loss=0.8928 train_acc=0.9639 train_loss=0.1089 val_acc=0.7545 val_loss=0.8036 router_H=0.4082 best=0.7545
           router_load=[0.0859346017241478, 0.49114125967025757, 0.4057140648365021, 0.0172099731862545]
[step 0590/1000] method=ours loss=0.4968 train_acc=0.9639 train_loss=0.1089 val_acc=0.7545 val_loss=0.8036 router_H=0.4082 best=0.7545
           router_load=[0.0859346017241478, 0.49114125967025757, 0.4057140648365021, 0.0172099731862545]
[step 0600/1000] method=ours loss=0.3328 train_acc=0.9663 train_loss=0.1032 val_acc=0.7220 val_loss=0.8256 router_H=0.4071 best=0.7545
           router_load=[0.05999832972884178, 0.5839674472808838, 0.350198894739151, 0.005835309624671936]
[step 0610/1000] method=ours loss=0.1731 train_acc=0.9663 train_loss=0.1032 val_acc=0.7220 val_loss=0.8256 router_H=0.4071 best=0.7545
           router_load=[0.05999832972884178, 0.5839674472808838, 0.350198894739151, 0.005835309624671936]
[step 0620/1000] method=ours loss=0.0373 train_acc=0.9663 train_loss=0.1032 val_acc=0.7220 val_loss=0.8256 router_H=0.4071 best=0.7545
           router_load=[0.05999832972884178, 0.5839674472808838, 0.350198894739151, 0.005835309624671936]
[step 0630/1000] method=ours loss=0.0499 train_acc=0.9663 train_loss=0.1032 val_acc=0.7220 val_loss=0.8256 router_H=0.4071 best=0.7545
           router_load=[0.05999832972884178, 0.5839674472808838, 0.350198894739151, 0.005835309624671936]
[step 0640/1000] method=ours loss=0.3126 train_acc=0.9663 train_loss=0.1032 val_acc=0.7220 val_loss=0.8256 router_H=0.4071 best=0.7545
           router_load=[0.05999832972884178, 0.5839674472808838, 0.350198894739151, 0.005835309624671936]
[step 0650/1000] method=ours loss=0.0109 train_acc=0.9458 train_loss=0.1720 val_acc=0.6498 val_loss=1.4749 router_H=0.3381 best=0.7545
           router_load=[0.058955851942300797, 0.6880099773406982, 0.25008299946784973, 0.00295107695274055]
[step 0660/1000] method=ours loss=0.7370 train_acc=0.9458 train_loss=0.1720 val_acc=0.6498 val_loss=1.4749 router_H=0.3381 best=0.7545
           router_load=[0.058955851942300797, 0.6880099773406982, 0.25008299946784973, 0.00295107695274055]
[step 0670/1000] method=ours loss=0.0151 train_acc=0.9458 train_loss=0.1720 val_acc=0.6498 val_loss=1.4749 router_H=0.3381 best=0.7545
           router_load=[0.058955851942300797, 0.6880099773406982, 0.25008299946784973, 0.00295107695274055]
[step 0680/1000] method=ours loss=0.0182 train_acc=0.9458 train_loss=0.1720 val_acc=0.6498 val_loss=1.4749 router_H=0.3381 best=0.7545
           router_load=[0.058955851942300797, 0.6880099773406982, 0.25008299946784973, 0.00295107695274055]
[step 0690/1000] method=ours loss=0.0094 train_acc=0.9458 train_loss=0.1720 val_acc=0.6498 val_loss=1.4749 router_H=0.3381 best=0.7545
           router_load=[0.058955851942300797, 0.6880099773406982, 0.25008299946784973, 0.00295107695274055]
[step 0700/1000] method=ours loss=0.0114 train_acc=0.9578 train_loss=0.1736 val_acc=0.7184 val_loss=1.6075 router_H=0.2452 best=0.7545
           router_load=[0.03996270149946213, 0.6433535218238831, 0.31157615780830383, 0.005107580684125423]
[step 0710/1000] method=ours loss=0.0532 train_acc=0.9578 train_loss=0.1736 val_acc=0.7184 val_loss=1.6075 router_H=0.2452 best=0.7545
           router_load=[0.03996270149946213, 0.6433535218238831, 0.31157615780830383, 0.005107580684125423]
[step 0720/1000] method=ours loss=0.2562 train_acc=0.9578 train_loss=0.1736 val_acc=0.7184 val_loss=1.6075 router_H=0.2452 best=0.7545
           router_load=[0.03996270149946213, 0.6433535218238831, 0.31157615780830383, 0.005107580684125423]
[step 0730/1000] method=ours loss=0.4250 train_acc=0.9578 train_loss=0.1736 val_acc=0.7184 val_loss=1.6075 router_H=0.2452 best=0.7545
           router_load=[0.03996270149946213, 0.6433535218238831, 0.31157615780830383, 0.005107580684125423]
[step 0740/1000] method=ours loss=0.4245 train_acc=0.9578 train_loss=0.1736 val_acc=0.7184 val_loss=1.6075 router_H=0.2452 best=0.7545
           router_load=[0.03996270149946213, 0.6433535218238831, 0.31157615780830383, 0.005107580684125423]
[step 0750/1000] method=ours loss=0.2960 train_acc=0.9803 train_loss=0.0571 val_acc=0.7653 val_loss=1.1703 router_H=0.2699 best=0.7653
           router_load=[0.03543007746338844, 0.5307034850120544, 0.42619985342025757, 0.007666629273444414]
[step 0760/1000] method=ours loss=0.7609 train_acc=0.9803 train_loss=0.0571 val_acc=0.7653 val_loss=1.1703 router_H=0.2699 best=0.7653
           router_load=[0.03543007746338844, 0.5307034850120544, 0.42619985342025757, 0.007666629273444414]
[step 0770/1000] method=ours loss=0.3314 train_acc=0.9803 train_loss=0.0571 val_acc=0.7653 val_loss=1.1703 router_H=0.2699 best=0.7653
           router_load=[0.03543007746338844, 0.5307034850120544, 0.42619985342025757, 0.007666629273444414]
[step 0780/1000] method=ours loss=0.2248 train_acc=0.9803 train_loss=0.0571 val_acc=0.7653 val_loss=1.1703 router_H=0.2699 best=0.7653
           router_load=[0.03543007746338844, 0.5307034850120544, 0.42619985342025757, 0.007666629273444414]
[step 0790/1000] method=ours loss=0.0654 train_acc=0.9803 train_loss=0.0571 val_acc=0.7653 val_loss=1.1703 router_H=0.2699 best=0.7653
           router_load=[0.03543007746338844, 0.5307034850120544, 0.42619985342025757, 0.007666629273444414]
[step 0800/1000] method=ours loss=0.1112 train_acc=0.9831 train_loss=0.0491 val_acc=0.7256 val_loss=1.3717 router_H=0.2552 best=0.7653
           router_load=[0.030640391632914543, 0.5614998936653137, 0.3991190195083618, 0.008740714751183987]
[step 0810/1000] method=ours loss=0.0016 train_acc=0.9831 train_loss=0.0491 val_acc=0.7256 val_loss=1.3717 router_H=0.2552 best=0.7653
           router_load=[0.030640391632914543, 0.5614998936653137, 0.3991190195083618, 0.008740714751183987]
[step 0820/1000] method=ours loss=0.0016 train_acc=0.9831 train_loss=0.0491 val_acc=0.7256 val_loss=1.3717 router_H=0.2552 best=0.7653
           router_load=[0.030640391632914543, 0.5614998936653137, 0.3991190195083618, 0.008740714751183987]
[step 0830/1000] method=ours loss=0.0049 train_acc=0.9831 train_loss=0.0491 val_acc=0.7256 val_loss=1.3717 router_H=0.2552 best=0.7653
           router_load=[0.030640391632914543, 0.5614998936653137, 0.3991190195083618, 0.008740714751183987]
[step 0840/1000] method=ours loss=0.7433 train_acc=0.9831 train_loss=0.0491 val_acc=0.7256 val_loss=1.3717 router_H=0.2552 best=0.7653
           router_load=[0.030640391632914543, 0.5614998936653137, 0.3991190195083618, 0.008740714751183987]
[step 0850/1000] method=ours loss=0.0108 train_acc=0.9839 train_loss=0.0564 val_acc=0.7401 val_loss=1.4551 router_H=0.2235 best=0.7653
           router_load=[0.026891490444540977, 0.5471693873405457, 0.41833335161209106, 0.0076057445257902145]
[step 0860/1000] method=ours loss=0.0017 train_acc=0.9839 train_loss=0.0564 val_acc=0.7401 val_loss=1.4551 router_H=0.2235 best=0.7653
           router_load=[0.026891490444540977, 0.5471693873405457, 0.41833335161209106, 0.0076057445257902145]
[step 0870/1000] method=ours loss=0.0052 train_acc=0.9839 train_loss=0.0564 val_acc=0.7401 val_loss=1.4551 router_H=0.2235 best=0.7653
           router_load=[0.026891490444540977, 0.5471693873405457, 0.41833335161209106, 0.0076057445257902145]
[step 0880/1000] method=ours loss=0.0843 train_acc=0.9839 train_loss=0.0564 val_acc=0.7401 val_loss=1.4551 router_H=0.2235 best=0.7653
           router_load=[0.026891490444540977, 0.5471693873405457, 0.41833335161209106, 0.0076057445257902145]
[step 0890/1000] method=ours loss=0.0028 train_acc=0.9839 train_loss=0.0564 val_acc=0.7401 val_loss=1.4551 router_H=0.2235 best=0.7653
           router_load=[0.026891490444540977, 0.5471693873405457, 0.41833335161209106, 0.0076057445257902145]
[step 0900/1000] method=ours loss=0.4750 train_acc=0.9859 train_loss=0.0705 val_acc=0.7653 val_loss=1.5697 router_H=0.1738 best=0.7653
           router_load=[0.02050941064953804, 0.43250221014022827, 0.5390465259552002, 0.007941581308841705]
[step 0910/1000] method=ours loss=0.2944 train_acc=0.9859 train_loss=0.0705 val_acc=0.7653 val_loss=1.5697 router_H=0.1738 best=0.7653
           router_load=[0.02050941064953804, 0.43250221014022827, 0.5390465259552002, 0.007941581308841705]
[step 0920/1000] method=ours loss=0.3525 train_acc=0.9859 train_loss=0.0705 val_acc=0.7653 val_loss=1.5697 router_H=0.1738 best=0.7653
           router_load=[0.02050941064953804, 0.43250221014022827, 0.5390465259552002, 0.007941581308841705]
[step 0930/1000] method=ours loss=0.0145 train_acc=0.9859 train_loss=0.0705 val_acc=0.7653 val_loss=1.5697 router_H=0.1738 best=0.7653
           router_load=[0.02050941064953804, 0.43250221014022827, 0.5390465259552002, 0.007941581308841705]
[step 0940/1000] method=ours loss=0.3627 train_acc=0.9859 train_loss=0.0705 val_acc=0.7653 val_loss=1.5697 router_H=0.1738 best=0.7653
           router_load=[0.02050941064953804, 0.43250221014022827, 0.5390465259552002, 0.007941581308841705]
[step 0950/1000] method=ours loss=0.4108 train_acc=0.9831 train_loss=0.0575 val_acc=0.7365 val_loss=1.1397 router_H=0.3203 best=0.7653
           router_load=[0.06256753206253052, 0.590668797492981, 0.33283597230911255, 0.013927645981311798]
[step 0960/1000] method=ours loss=0.0030 train_acc=0.9831 train_loss=0.0575 val_acc=0.7365 val_loss=1.1397 router_H=0.3203 best=0.7653
           router_load=[0.06256753206253052, 0.590668797492981, 0.33283597230911255, 0.013927645981311798]
[step 0970/1000] method=ours loss=0.0017 train_acc=0.9831 train_loss=0.0575 val_acc=0.7365 val_loss=1.1397 router_H=0.3203 best=0.7653
           router_load=[0.06256753206253052, 0.590668797492981, 0.33283597230911255, 0.013927645981311798]
[step 0980/1000] method=ours loss=0.0152 train_acc=0.9831 train_loss=0.0575 val_acc=0.7365 val_loss=1.1397 router_H=0.3203 best=0.7653
           router_load=[0.06256753206253052, 0.590668797492981, 0.33283597230911255, 0.013927645981311798]
[step 0990/1000] method=ours loss=0.0693 train_acc=0.9831 train_loss=0.0575 val_acc=0.7365 val_loss=1.1397 router_H=0.3203 best=0.7653
           router_load=[0.06256753206253052, 0.590668797492981, 0.33283597230911255, 0.013927645981311798]
[step 1000/1000] method=ours loss=0.3742 train_acc=0.9916 train_loss=0.0317 val_acc=0.7473 val_loss=1.4378 router_H=0.2819 best=0.7653
           router_load=[0.06439390778541565, 0.4989931285381317, 0.43069204688072205, 0.005920975003391504]
saved summary -> /home/zhujjing/MOE-grad-conflict-routing/runs/paper_suite/single_gpu/single_task/roberta_rte_ffn_e4_k2/final/ours_s2.json
saved curve -> /home/zhujjing/MOE-grad-conflict-routing/runs/paper_suite/single_gpu/single_task/roberta_rte_ffn_e4_k2/final/ours_s2_curve.csv
