[run] method=ours candidate=coord_02_train_weight_decay_011 seed=7 steps=1000 gpu=0
[run] cmd=
/home/zhujjing/anaconda3/envs/moe/bin/python /home/zhujjing/MOE-grad-conflict-routing/scripts/run.py --config configs/singletask_rte_real.yaml --set model.backbone_backend=hf --set model.hf_load_pretrained=true --set model.backbone=roberta --set model.hf_pretrained_name=roberta-base --set model.expert_type=ffn --set model.routing_mode=topk --set model.num_experts=4 --set model.top_k=2 --set seed=7 --set method.name=ours --set train.steps=1000 --set train.eval_every_steps=50 --set method.ours.use_load_norm=true --set method.ours.lambda_align=0.001 --set train.grad_clip=1 --set train.lr=3.356481249e-05 --set train.weight_decay=0.04322128284 --out /home/zhujjing/MOE-grad-conflict-routing/runs/paper_suite/single_gpu/single_task/roberta_rte_ffn_e4_k2/final/ours_s7.json --curve_out /home/zhujjing/MOE-grad-conflict-routing/runs/paper_suite/single_gpu/single_task/roberta_rte_ffn_e4_k2/final/ours_s7_curve.csv
Using the latest cached version of the dataset since glue couldn't be found on the Hugging Face Hub (offline mode is enabled).
Found the latest cached dataset configuration 'rte' at /home/zhujjing/hf_cache/datasets/glue/rte/0.0.0/bcdcba79d07bc864c1c254ccfcedcce55bcc9a8c (last modified on Thu Mar 19 15:00:36 2026).
/home/zhujjing/anaconda3/envs/moe/lib/python3.10/site-packages/transformers/utils/hub.py:124: FutureWarning: Using `TRANSFORMERS_CACHE` is deprecated and will be removed in v5 of Transformers. Use `HF_HOME` instead.
  warnings.warn(
Some weights of RobertaModel were not initialized from the model checkpoint at roberta-base and are newly initialized: ['roberta.pooler.dense.bias', 'roberta.pooler.dense.weight']
You should probably TRAIN this model on a down-stream task to be able to use it for predictions and inference.
[step 0001/1000] method=ours loss=0.6928 train_acc=nan train_loss=nan val_acc=nan val_loss=nan best=-1.0000
[step 0010/1000] method=ours loss=0.7338 train_acc=nan train_loss=nan val_acc=nan val_loss=nan best=-1.0000
[step 0020/1000] method=ours loss=0.7006 train_acc=nan train_loss=nan val_acc=nan val_loss=nan best=-1.0000
[step 0030/1000] method=ours loss=0.7083 train_acc=nan train_loss=nan val_acc=nan val_loss=nan best=-1.0000
[step 0040/1000] method=ours loss=0.6967 train_acc=nan train_loss=nan val_acc=nan val_loss=nan best=-1.0000
[step 0050/1000] method=ours loss=0.7276 train_acc=0.5044 train_loss=0.6869 val_acc=0.5307 val_loss=0.6826 router_H=0.6280 best=0.5307
           router_load=[0.051306236535310745, 0.22618289291858673, 0.04447668045759201, 0.678034245967865]
[step 0060/1000] method=ours loss=0.6458 train_acc=0.5044 train_loss=0.6869 val_acc=0.5307 val_loss=0.6826 router_H=0.6280 best=0.5307
           router_load=[0.051306236535310745, 0.22618289291858673, 0.04447668045759201, 0.678034245967865]
[step 0070/1000] method=ours loss=0.7000 train_acc=0.5044 train_loss=0.6869 val_acc=0.5307 val_loss=0.6826 router_H=0.6280 best=0.5307
           router_load=[0.051306236535310745, 0.22618289291858673, 0.04447668045759201, 0.678034245967865]
[step 0080/1000] method=ours loss=0.6899 train_acc=0.5044 train_loss=0.6869 val_acc=0.5307 val_loss=0.6826 router_H=0.6280 best=0.5307
           router_load=[0.051306236535310745, 0.22618289291858673, 0.04447668045759201, 0.678034245967865]
[step 0090/1000] method=ours loss=0.6834 train_acc=0.5044 train_loss=0.6869 val_acc=0.5307 val_loss=0.6826 router_H=0.6280 best=0.5307
           router_load=[0.051306236535310745, 0.22618289291858673, 0.04447668045759201, 0.678034245967865]
[step 0100/1000] method=ours loss=0.6649 train_acc=0.6048 train_loss=0.6669 val_acc=0.5451 val_loss=0.6801 router_H=0.6759 best=0.5451
           router_load=[0.30385705828666687, 0.008770545944571495, 0.09602175652980804, 0.5913506150245667]
[step 0110/1000] method=ours loss=0.6711 train_acc=0.6048 train_loss=0.6669 val_acc=0.5451 val_loss=0.6801 router_H=0.6759 best=0.5451
           router_load=[0.30385705828666687, 0.008770545944571495, 0.09602175652980804, 0.5913506150245667]
[step 0120/1000] method=ours loss=0.6775 train_acc=0.6048 train_loss=0.6669 val_acc=0.5451 val_loss=0.6801 router_H=0.6759 best=0.5451
           router_load=[0.30385705828666687, 0.008770545944571495, 0.09602175652980804, 0.5913506150245667]
[step 0130/1000] method=ours loss=0.6275 train_acc=0.6048 train_loss=0.6669 val_acc=0.5451 val_loss=0.6801 router_H=0.6759 best=0.5451
           router_load=[0.30385705828666687, 0.008770545944571495, 0.09602175652980804, 0.5913506150245667]
[step 0140/1000] method=ours loss=0.6845 train_acc=0.6048 train_loss=0.6669 val_acc=0.5451 val_loss=0.6801 router_H=0.6759 best=0.5451
           router_load=[0.30385705828666687, 0.008770545944571495, 0.09602175652980804, 0.5913506150245667]
[step 0150/1000] method=ours loss=0.6327 train_acc=0.6735 train_loss=0.6247 val_acc=0.6498 val_loss=0.6473 router_H=0.6524 best=0.6498
           router_load=[0.36547863483428955, 0.0, 0.0, 0.6345214247703552]
[step 0160/1000] method=ours loss=0.5945 train_acc=0.6735 train_loss=0.6247 val_acc=0.6498 val_loss=0.6473 router_H=0.6524 best=0.6498
           router_load=[0.36547863483428955, 0.0, 0.0, 0.6345214247703552]
[step 0170/1000] method=ours loss=0.5982 train_acc=0.6735 train_loss=0.6247 val_acc=0.6498 val_loss=0.6473 router_H=0.6524 best=0.6498
           router_load=[0.36547863483428955, 0.0, 0.0, 0.6345214247703552]
[step 0180/1000] method=ours loss=0.7462 train_acc=0.6735 train_loss=0.6247 val_acc=0.6498 val_loss=0.6473 router_H=0.6524 best=0.6498
           router_load=[0.36547863483428955, 0.0, 0.0, 0.6345214247703552]
[step 0190/1000] method=ours loss=0.7043 train_acc=0.6735 train_loss=0.6247 val_acc=0.6498 val_loss=0.6473 router_H=0.6524 best=0.6498
           router_load=[0.36547863483428955, 0.0, 0.0, 0.6345214247703552]
[step 0200/1000] method=ours loss=0.5799 train_acc=0.7466 train_loss=0.5417 val_acc=0.6534 val_loss=0.6066 router_H=0.6142 best=0.6534
           router_load=[0.10736420750617981, 0.20206661522388458, 0.0022042931523174047, 0.6883649826049805]
[step 0210/1000] method=ours loss=0.5828 train_acc=0.7466 train_loss=0.5417 val_acc=0.6534 val_loss=0.6066 router_H=0.6142 best=0.6534
           router_load=[0.10736420750617981, 0.20206661522388458, 0.0022042931523174047, 0.6883649826049805]
[step 0220/1000] method=ours loss=0.5780 train_acc=0.7466 train_loss=0.5417 val_acc=0.6534 val_loss=0.6066 router_H=0.6142 best=0.6534
           router_load=[0.10736420750617981, 0.20206661522388458, 0.0022042931523174047, 0.6883649826049805]
[step 0230/1000] method=ours loss=0.4348 train_acc=0.7466 train_loss=0.5417 val_acc=0.6534 val_loss=0.6066 router_H=0.6142 best=0.6534
           router_load=[0.10736420750617981, 0.20206661522388458, 0.0022042931523174047, 0.6883649826049805]
[step 0240/1000] method=ours loss=0.6493 train_acc=0.7466 train_loss=0.5417 val_acc=0.6534 val_loss=0.6066 router_H=0.6142 best=0.6534
           router_load=[0.10736420750617981, 0.20206661522388458, 0.0022042931523174047, 0.6883649826049805]
[step 0250/1000] method=ours loss=0.5399 train_acc=0.8217 train_loss=0.4597 val_acc=0.6679 val_loss=0.5980 router_H=0.6173 best=0.6679
           router_load=[0.22481539845466614, 0.11618883162736893, 0.0, 0.6589957475662231]
[step 0260/1000] method=ours loss=0.5687 train_acc=0.8217 train_loss=0.4597 val_acc=0.6679 val_loss=0.5980 router_H=0.6173 best=0.6679
           router_load=[0.22481539845466614, 0.11618883162736893, 0.0, 0.6589957475662231]
[step 0270/1000] method=ours loss=0.6818 train_acc=0.8217 train_loss=0.4597 val_acc=0.6679 val_loss=0.5980 router_H=0.6173 best=0.6679
           router_load=[0.22481539845466614, 0.11618883162736893, 0.0, 0.6589957475662231]
[step 0280/1000] method=ours loss=0.6624 train_acc=0.8217 train_loss=0.4597 val_acc=0.6679 val_loss=0.5980 router_H=0.6173 best=0.6679
           router_load=[0.22481539845466614, 0.11618883162736893, 0.0, 0.6589957475662231]
[step 0290/1000] method=ours loss=0.6207 train_acc=0.8217 train_loss=0.4597 val_acc=0.6679 val_loss=0.5980 router_H=0.6173 best=0.6679
           router_load=[0.22481539845466614, 0.11618883162736893, 0.0, 0.6589957475662231]
[step 0300/1000] method=ours loss=0.5582 train_acc=0.7534 train_loss=0.4920 val_acc=0.6282 val_loss=0.6628 router_H=0.5032 best=0.6679
           router_load=[0.07956095039844513, 0.10811347514390945, 0.025334661826491356, 0.7869908809661865]
[step 0310/1000] method=ours loss=0.6029 train_acc=0.7534 train_loss=0.4920 val_acc=0.6282 val_loss=0.6628 router_H=0.5032 best=0.6679
           router_load=[0.07956095039844513, 0.10811347514390945, 0.025334661826491356, 0.7869908809661865]
[step 0320/1000] method=ours loss=0.3391 train_acc=0.7534 train_loss=0.4920 val_acc=0.6282 val_loss=0.6628 router_H=0.5032 best=0.6679
           router_load=[0.07956095039844513, 0.10811347514390945, 0.025334661826491356, 0.7869908809661865]
[step 0330/1000] method=ours loss=0.4525 train_acc=0.7534 train_loss=0.4920 val_acc=0.6282 val_loss=0.6628 router_H=0.5032 best=0.6679
           router_load=[0.07956095039844513, 0.10811347514390945, 0.025334661826491356, 0.7869908809661865]
[step 0340/1000] method=ours loss=0.4733 train_acc=0.7534 train_loss=0.4920 val_acc=0.6282 val_loss=0.6628 router_H=0.5032 best=0.6679
           router_load=[0.07956095039844513, 0.10811347514390945, 0.025334661826491356, 0.7869908809661865]
[step 0350/1000] method=ours loss=0.5399 train_acc=0.8871 train_loss=0.3161 val_acc=0.7004 val_loss=0.6433 router_H=0.5463 best=0.7004
           router_load=[0.19098863005638123, 0.06660991907119751, 0.014267544262111187, 0.7281339168548584]
[step 0360/1000] method=ours loss=0.2984 train_acc=0.8871 train_loss=0.3161 val_acc=0.7004 val_loss=0.6433 router_H=0.5463 best=0.7004
           router_load=[0.19098863005638123, 0.06660991907119751, 0.014267544262111187, 0.7281339168548584]
[step 0370/1000] method=ours loss=0.3605 train_acc=0.8871 train_loss=0.3161 val_acc=0.7004 val_loss=0.6433 router_H=0.5463 best=0.7004
           router_load=[0.19098863005638123, 0.06660991907119751, 0.014267544262111187, 0.7281339168548584]
[step 0380/1000] method=ours loss=0.3560 train_acc=0.8871 train_loss=0.3161 val_acc=0.7004 val_loss=0.6433 router_H=0.5463 best=0.7004
           router_load=[0.19098863005638123, 0.06660991907119751, 0.014267544262111187, 0.7281339168548584]
[step 0390/1000] method=ours loss=0.3438 train_acc=0.8871 train_loss=0.3161 val_acc=0.7004 val_loss=0.6433 router_H=0.5463 best=0.7004
           router_load=[0.19098863005638123, 0.06660991907119751, 0.014267544262111187, 0.7281339168548584]
[step 0400/1000] method=ours loss=0.2603 train_acc=0.9016 train_loss=0.2501 val_acc=0.7040 val_loss=0.6898 router_H=0.5763 best=0.7040
           router_load=[0.23597924411296844, 0.013389972038567066, 0.1024392619729042, 0.6481915712356567]
[step 0410/1000] method=ours loss=0.8710 train_acc=0.9016 train_loss=0.2501 val_acc=0.7040 val_loss=0.6898 router_H=0.5763 best=0.7040
           router_load=[0.23597924411296844, 0.013389972038567066, 0.1024392619729042, 0.6481915712356567]
[step 0420/1000] method=ours loss=0.3267 train_acc=0.9016 train_loss=0.2501 val_acc=0.7040 val_loss=0.6898 router_H=0.5763 best=0.7040
           router_load=[0.23597924411296844, 0.013389972038567066, 0.1024392619729042, 0.6481915712356567]
[step 0430/1000] method=ours loss=0.3138 train_acc=0.9016 train_loss=0.2501 val_acc=0.7040 val_loss=0.6898 router_H=0.5763 best=0.7040
           router_load=[0.23597924411296844, 0.013389972038567066, 0.1024392619729042, 0.6481915712356567]
[step 0440/1000] method=ours loss=0.3746 train_acc=0.9016 train_loss=0.2501 val_acc=0.7040 val_loss=0.6898 router_H=0.5763 best=0.7040
           router_load=[0.23597924411296844, 0.013389972038567066, 0.1024392619729042, 0.6481915712356567]
[step 0450/1000] method=ours loss=0.3072 train_acc=0.8462 train_loss=0.3569 val_acc=0.6534 val_loss=0.8226 router_H=0.5047 best=0.7040
           router_load=[0.08193565905094147, 0.04148014262318611, 0.09860801696777344, 0.7779761552810669]
[step 0460/1000] method=ours loss=0.5747 train_acc=0.8462 train_loss=0.3569 val_acc=0.6534 val_loss=0.8226 router_H=0.5047 best=0.7040
           router_load=[0.08193565905094147, 0.04148014262318611, 0.09860801696777344, 0.7779761552810669]
[step 0470/1000] method=ours loss=0.1247 train_acc=0.8462 train_loss=0.3569 val_acc=0.6534 val_loss=0.8226 router_H=0.5047 best=0.7040
           router_load=[0.08193565905094147, 0.04148014262318611, 0.09860801696777344, 0.7779761552810669]
[step 0480/1000] method=ours loss=0.2020 train_acc=0.8462 train_loss=0.3569 val_acc=0.6534 val_loss=0.8226 router_H=0.5047 best=0.7040
           router_load=[0.08193565905094147, 0.04148014262318611, 0.09860801696777344, 0.7779761552810669]
[step 0490/1000] method=ours loss=0.2904 train_acc=0.8462 train_loss=0.3569 val_acc=0.6534 val_loss=0.8226 router_H=0.5047 best=0.7040
           router_load=[0.08193565905094147, 0.04148014262318611, 0.09860801696777344, 0.7779761552810669]
[step 0500/1000] method=ours loss=0.4315 train_acc=0.9269 train_loss=0.1974 val_acc=0.6715 val_loss=1.0346 router_H=0.4685 best=0.7040
           router_load=[0.19704754650592804, 0.01745487004518509, 0.054033368825912476, 0.7314642667770386]
[step 0510/1000] method=ours loss=0.5519 train_acc=0.9269 train_loss=0.1974 val_acc=0.6715 val_loss=1.0346 router_H=0.4685 best=0.7040
           router_load=[0.19704754650592804, 0.01745487004518509, 0.054033368825912476, 0.7314642667770386]
[step 0520/1000] method=ours loss=0.4370 train_acc=0.9269 train_loss=0.1974 val_acc=0.6715 val_loss=1.0346 router_H=0.4685 best=0.7040
           router_load=[0.19704754650592804, 0.01745487004518509, 0.054033368825912476, 0.7314642667770386]
[step 0530/1000] method=ours loss=0.3278 train_acc=0.9269 train_loss=0.1974 val_acc=0.6715 val_loss=1.0346 router_H=0.4685 best=0.7040
           router_load=[0.19704754650592804, 0.01745487004518509, 0.054033368825912476, 0.7314642667770386]
[step 0540/1000] method=ours loss=0.0595 train_acc=0.9269 train_loss=0.1974 val_acc=0.6715 val_loss=1.0346 router_H=0.4685 best=0.7040
           router_load=[0.19704754650592804, 0.01745487004518509, 0.054033368825912476, 0.7314642667770386]
[step 0550/1000] method=ours loss=0.2350 train_acc=0.9430 train_loss=0.1467 val_acc=0.6606 val_loss=0.9293 router_H=0.5169 best=0.7040
           router_load=[0.20677801966667175, 0.0, 0.08834874629974365, 0.7048734426498413]
[step 0560/1000] method=ours loss=0.1003 train_acc=0.9430 train_loss=0.1467 val_acc=0.6606 val_loss=0.9293 router_H=0.5169 best=0.7040
           router_load=[0.20677801966667175, 0.0, 0.08834874629974365, 0.7048734426498413]
[step 0570/1000] method=ours loss=0.0844 train_acc=0.9430 train_loss=0.1467 val_acc=0.6606 val_loss=0.9293 router_H=0.5169 best=0.7040
           router_load=[0.20677801966667175, 0.0, 0.08834874629974365, 0.7048734426498413]
[step 0580/1000] method=ours loss=0.1291 train_acc=0.9430 train_loss=0.1467 val_acc=0.6606 val_loss=0.9293 router_H=0.5169 best=0.7040
           router_load=[0.20677801966667175, 0.0, 0.08834874629974365, 0.7048734426498413]
[step 0590/1000] method=ours loss=0.1637 train_acc=0.9430 train_loss=0.1467 val_acc=0.6606 val_loss=0.9293 router_H=0.5169 best=0.7040
           router_load=[0.20677801966667175, 0.0, 0.08834874629974365, 0.7048734426498413]
[step 0600/1000] method=ours loss=1.0588 train_acc=0.9032 train_loss=0.2384 val_acc=0.6823 val_loss=0.8876 router_H=0.4321 best=0.7040
           router_load=[0.12499475479125977, 0.040962234139442444, 0.028132054954767227, 0.8059110045433044]
[step 0610/1000] method=ours loss=0.2454 train_acc=0.9032 train_loss=0.2384 val_acc=0.6823 val_loss=0.8876 router_H=0.4321 best=0.7040
           router_load=[0.12499475479125977, 0.040962234139442444, 0.028132054954767227, 0.8059110045433044]
[step 0620/1000] method=ours loss=0.1030 train_acc=0.9032 train_loss=0.2384 val_acc=0.6823 val_loss=0.8876 router_H=0.4321 best=0.7040
           router_load=[0.12499475479125977, 0.040962234139442444, 0.028132054954767227, 0.8059110045433044]
[step 0630/1000] method=ours loss=0.0046 train_acc=0.9032 train_loss=0.2384 val_acc=0.6823 val_loss=0.8876 router_H=0.4321 best=0.7040
           router_load=[0.12499475479125977, 0.040962234139442444, 0.028132054954767227, 0.8059110045433044]
[step 0640/1000] method=ours loss=1.1089 train_acc=0.9032 train_loss=0.2384 val_acc=0.6823 val_loss=0.8876 router_H=0.4321 best=0.7040
           router_load=[0.12499475479125977, 0.040962234139442444, 0.028132054954767227, 0.8059110045433044]
[step 0650/1000] method=ours loss=0.1264 train_acc=0.9819 train_loss=0.0592 val_acc=0.6643 val_loss=1.5495 router_H=0.3676 best=0.7040
           router_load=[0.3938866853713989, 0.028075270354747772, 0.0012537637958303094, 0.5767843723297119]
[step 0660/1000] method=ours loss=0.5801 train_acc=0.9819 train_loss=0.0592 val_acc=0.6643 val_loss=1.5495 router_H=0.3676 best=0.7040
           router_load=[0.3938866853713989, 0.028075270354747772, 0.0012537637958303094, 0.5767843723297119]
[step 0670/1000] method=ours loss=0.0627 train_acc=0.9819 train_loss=0.0592 val_acc=0.6643 val_loss=1.5495 router_H=0.3676 best=0.7040
           router_load=[0.3938866853713989, 0.028075270354747772, 0.0012537637958303094, 0.5767843723297119]
[step 0680/1000] method=ours loss=0.2385 train_acc=0.9819 train_loss=0.0592 val_acc=0.6643 val_loss=1.5495 router_H=0.3676 best=0.7040
           router_load=[0.3938866853713989, 0.028075270354747772, 0.0012537637958303094, 0.5767843723297119]
[step 0690/1000] method=ours loss=0.0088 train_acc=0.9819 train_loss=0.0592 val_acc=0.6643 val_loss=1.5495 router_H=0.3676 best=0.7040
           router_load=[0.3938866853713989, 0.028075270354747772, 0.0012537637958303094, 0.5767843723297119]
[step 0700/1000] method=ours loss=0.0718 train_acc=0.9675 train_loss=0.0970 val_acc=0.6570 val_loss=1.6597 router_H=0.3721 best=0.7040
           router_load=[0.2695966064929962, 0.015880843624472618, 0.0080428346991539, 0.7064796686172485]
[step 0710/1000] method=ours loss=0.0554 train_acc=0.9675 train_loss=0.0970 val_acc=0.6570 val_loss=1.6597 router_H=0.3721 best=0.7040
           router_load=[0.2695966064929962, 0.015880843624472618, 0.0080428346991539, 0.7064796686172485]
[step 0720/1000] method=ours loss=0.4408 train_acc=0.9675 train_loss=0.0970 val_acc=0.6570 val_loss=1.6597 router_H=0.3721 best=0.7040
           router_load=[0.2695966064929962, 0.015880843624472618, 0.0080428346991539, 0.7064796686172485]
[step 0730/1000] method=ours loss=0.1182 train_acc=0.9675 train_loss=0.0970 val_acc=0.6570 val_loss=1.6597 router_H=0.3721 best=0.7040
           router_load=[0.2695966064929962, 0.015880843624472618, 0.0080428346991539, 0.7064796686172485]
[step 0740/1000] method=ours loss=0.0474 train_acc=0.9675 train_loss=0.0970 val_acc=0.6570 val_loss=1.6597 router_H=0.3721 best=0.7040
           router_load=[0.2695966064929962, 0.015880843624472618, 0.0080428346991539, 0.7064796686172485]
[step 0750/1000] method=ours loss=0.1754 train_acc=0.9859 train_loss=0.0489 val_acc=0.6931 val_loss=1.2743 router_H=0.4586 best=0.7040
           router_load=[0.40768036246299744, 0.052884265780448914, 0.0003258150245528668, 0.5391095876693726]
[step 0760/1000] method=ours loss=0.0297 train_acc=0.9859 train_loss=0.0489 val_acc=0.6931 val_loss=1.2743 router_H=0.4586 best=0.7040
           router_load=[0.40768036246299744, 0.052884265780448914, 0.0003258150245528668, 0.5391095876693726]
[step 0770/1000] method=ours loss=0.0830 train_acc=0.9859 train_loss=0.0489 val_acc=0.6931 val_loss=1.2743 router_H=0.4586 best=0.7040
           router_load=[0.40768036246299744, 0.052884265780448914, 0.0003258150245528668, 0.5391095876693726]
[step 0780/1000] method=ours loss=0.0163 train_acc=0.9859 train_loss=0.0489 val_acc=0.6931 val_loss=1.2743 router_H=0.4586 best=0.7040
           router_load=[0.40768036246299744, 0.052884265780448914, 0.0003258150245528668, 0.5391095876693726]
[step 0790/1000] method=ours loss=0.1809 train_acc=0.9859 train_loss=0.0489 val_acc=0.6931 val_loss=1.2743 router_H=0.4586 best=0.7040
           router_load=[0.40768036246299744, 0.052884265780448914, 0.0003258150245528668, 0.5391095876693726]
[step 0800/1000] method=ours loss=0.0182 train_acc=0.9546 train_loss=0.1923 val_acc=0.6787 val_loss=1.9046 router_H=0.3058 best=0.7040
           router_load=[0.22395820915699005, 0.04035494104027748, 0.0006895746337249875, 0.7349972128868103]
[step 0810/1000] method=ours loss=0.0011 train_acc=0.9546 train_loss=0.1923 val_acc=0.6787 val_loss=1.9046 router_H=0.3058 best=0.7040
           router_load=[0.22395820915699005, 0.04035494104027748, 0.0006895746337249875, 0.7349972128868103]
[step 0820/1000] method=ours loss=0.1730 train_acc=0.9546 train_loss=0.1923 val_acc=0.6787 val_loss=1.9046 router_H=0.3058 best=0.7040
           router_load=[0.22395820915699005, 0.04035494104027748, 0.0006895746337249875, 0.7349972128868103]
[step 0830/1000] method=ours loss=0.1443 train_acc=0.9546 train_loss=0.1923 val_acc=0.6787 val_loss=1.9046 router_H=0.3058 best=0.7040
           router_load=[0.22395820915699005, 0.04035494104027748, 0.0006895746337249875, 0.7349972128868103]
[step 0840/1000] method=ours loss=0.5380 train_acc=0.9546 train_loss=0.1923 val_acc=0.6787 val_loss=1.9046 router_H=0.3058 best=0.7040
           router_load=[0.22395820915699005, 0.04035494104027748, 0.0006895746337249875, 0.7349972128868103]
[step 0850/1000] method=ours loss=0.0007 train_acc=0.9888 train_loss=0.0611 val_acc=0.6643 val_loss=2.1960 router_H=0.2945 best=0.7040
           router_load=[0.4498455226421356, 0.0162045955657959, 0.03128806874155998, 0.502661943435669]
[step 0860/1000] method=ours loss=0.0837 train_acc=0.9888 train_loss=0.0611 val_acc=0.6643 val_loss=2.1960 router_H=0.2945 best=0.7040
           router_load=[0.4498455226421356, 0.0162045955657959, 0.03128806874155998, 0.502661943435669]
[step 0870/1000] method=ours loss=0.0025 train_acc=0.9888 train_loss=0.0611 val_acc=0.6643 val_loss=2.1960 router_H=0.2945 best=0.7040
           router_load=[0.4498455226421356, 0.0162045955657959, 0.03128806874155998, 0.502661943435669]
[step 0880/1000] method=ours loss=0.0993 train_acc=0.9888 train_loss=0.0611 val_acc=0.6643 val_loss=2.1960 router_H=0.2945 best=0.7040
           router_load=[0.4498455226421356, 0.0162045955657959, 0.03128806874155998, 0.502661943435669]
[step 0890/1000] method=ours loss=0.7153 train_acc=0.9888 train_loss=0.0611 val_acc=0.6643 val_loss=2.1960 router_H=0.2945 best=0.7040
           router_load=[0.4498455226421356, 0.0162045955657959, 0.03128806874155998, 0.502661943435669]
[step 0900/1000] method=ours loss=0.1387 train_acc=0.9759 train_loss=0.0790 val_acc=0.6498 val_loss=1.7230 router_H=0.3363 best=0.7040
           router_load=[0.2914101183414459, 0.018635166808962822, 0.016791360452771187, 0.6731634140014648]
[step 0910/1000] method=ours loss=0.0036 train_acc=0.9759 train_loss=0.0790 val_acc=0.6498 val_loss=1.7230 router_H=0.3363 best=0.7040
           router_load=[0.2914101183414459, 0.018635166808962822, 0.016791360452771187, 0.6731634140014648]
[step 0920/1000] method=ours loss=0.0031 train_acc=0.9759 train_loss=0.0790 val_acc=0.6498 val_loss=1.7230 router_H=0.3363 best=0.7040
           router_load=[0.2914101183414459, 0.018635166808962822, 0.016791360452771187, 0.6731634140014648]
[step 0930/1000] method=ours loss=0.3054 train_acc=0.9759 train_loss=0.0790 val_acc=0.6498 val_loss=1.7230 router_H=0.3363 best=0.7040
           router_load=[0.2914101183414459, 0.018635166808962822, 0.016791360452771187, 0.6731634140014648]
[step 0940/1000] method=ours loss=0.2339 train_acc=0.9759 train_loss=0.0790 val_acc=0.6498 val_loss=1.7230 router_H=0.3363 best=0.7040
           router_load=[0.2914101183414459, 0.018635166808962822, 0.016791360452771187, 0.6731634140014648]
[step 0950/1000] method=ours loss=0.0041 train_acc=0.9835 train_loss=0.0549 val_acc=0.6498 val_loss=1.8162 router_H=0.2733 best=0.7040
           router_load=[0.2840970456600189, 0.0013882076600566506, 0.014341510832309723, 0.7001732587814331]
[step 0960/1000] method=ours loss=0.0021 train_acc=0.9835 train_loss=0.0549 val_acc=0.6498 val_loss=1.8162 router_H=0.2733 best=0.7040
           router_load=[0.2840970456600189, 0.0013882076600566506, 0.014341510832309723, 0.7001732587814331]
[step 0970/1000] method=ours loss=0.0007 train_acc=0.9835 train_loss=0.0549 val_acc=0.6498 val_loss=1.8162 router_H=0.2733 best=0.7040
           router_load=[0.2840970456600189, 0.0013882076600566506, 0.014341510832309723, 0.7001732587814331]
[step 0980/1000] method=ours loss=0.0003 train_acc=0.9835 train_loss=0.0549 val_acc=0.6498 val_loss=1.8162 router_H=0.2733 best=0.7040
           router_load=[0.2840970456600189, 0.0013882076600566506, 0.014341510832309723, 0.7001732587814331]
[step 0990/1000] method=ours loss=0.0002 train_acc=0.9835 train_loss=0.0549 val_acc=0.6498 val_loss=1.8162 router_H=0.2733 best=0.7040
           router_load=[0.2840970456600189, 0.0013882076600566506, 0.014341510832309723, 0.7001732587814331]
[step 1000/1000] method=ours loss=0.3153 train_acc=0.9679 train_loss=0.1450 val_acc=0.6715 val_loss=2.2431 router_H=0.2110 best=0.7040
           router_load=[0.23354262113571167, 0.006906505208462477, 0.013668428175151348, 0.7458826303482056]
saved summary -> /home/zhujjing/MOE-grad-conflict-routing/runs/paper_suite/single_gpu/single_task/roberta_rte_ffn_e4_k2/final/ours_s7.json
saved curve -> /home/zhujjing/MOE-grad-conflict-routing/runs/paper_suite/single_gpu/single_task/roberta_rte_ffn_e4_k2/final/ours_s7_curve.csv
