[run] method=cagrad candidate=local_var_topk_010 seed=2 steps=150 gpu=0
[run] cmd=
/home/zhujjing/anaconda3/envs/moe/bin/python /home/zhujjing/MOE-grad-conflict-routing/scripts/run.py --config configs/singletask_mrpc_real.yaml --set model.backbone_backend=hf --set model.hf_load_pretrained=true --set model.backbone=roberta --set model.hf_pretrained_name=roberta-base --set model.expert_type=ffn --set model.routing_mode=topk --set model.num_experts=4 --set model.top_k=2 --set seed=2 --set method.name=baseline_cagrad --set train.steps=150 --set train.eval_every_steps=50 --set method.baseline_cagrad.c=0.4 --set method.baseline_cagrad.inner_lr=0.1 --set train.grad_clip=0.5 --set train.lr=2.5230559e-05 --set train.weight_decay=0.003745151078 --out /home/zhujjing/MOE-grad-conflict-routing/runs/paper_suite/single_gpu/single_task/roberta_mrpc_ffn_e4_k2/hpo/cagrad/trial_runs/local_var_topk_010/cagrad_s2.json --curve_out /home/zhujjing/MOE-grad-conflict-routing/runs/paper_suite/single_gpu/single_task/roberta_mrpc_ffn_e4_k2/hpo/cagrad/trial_runs/local_var_topk_010/cagrad_s2_curve.csv
Using the latest cached version of the dataset since glue couldn't be found on the Hugging Face Hub (offline mode is enabled).
Found the latest cached dataset configuration 'mrpc' at /home/zhujjing/hf_cache/datasets/glue/mrpc/0.0.0/bcdcba79d07bc864c1c254ccfcedcce55bcc9a8c (last modified on Thu Mar 19 15:01:06 2026).
/home/zhujjing/anaconda3/envs/moe/lib/python3.10/site-packages/transformers/utils/hub.py:124: FutureWarning: Using `TRANSFORMERS_CACHE` is deprecated and will be removed in v5 of Transformers. Use `HF_HOME` instead.
  warnings.warn(
Some weights of RobertaModel were not initialized from the model checkpoint at roberta-base and are newly initialized: ['roberta.pooler.dense.bias', 'roberta.pooler.dense.weight']
You should probably TRAIN this model on a down-stream task to be able to use it for predictions and inference.
[step 0001/150] method=baseline_cagrad loss=0.6712 train_acc=nan train_loss=nan val_acc=nan val_loss=nan best=-1.0000
[step 0010/150] method=baseline_cagrad loss=0.6773 train_acc=nan train_loss=nan val_acc=nan val_loss=nan best=-1.0000
[step 0020/150] method=baseline_cagrad loss=0.6502 train_acc=nan train_loss=nan val_acc=nan val_loss=nan best=-1.0000
[step 0030/150] method=baseline_cagrad loss=0.7100 train_acc=nan train_loss=nan val_acc=nan val_loss=nan best=-1.0000
[step 0040/150] method=baseline_cagrad loss=0.5916 train_acc=nan train_loss=nan val_acc=nan val_loss=nan best=-1.0000
[step 0050/150] method=baseline_cagrad loss=0.5347 train_acc=0.7197 train_loss=0.5460 val_acc=0.7059 val_loss=0.5486 router_H=0.5793 best=0.7059
           router_load=[0.048200592398643494, 0.004878335632383823, 0.23778723180294037, 0.7091337442398071]
[step 0060/150] method=baseline_cagrad loss=0.5749 train_acc=0.7197 train_loss=0.5460 val_acc=0.7059 val_loss=0.5486 router_H=0.5793 best=0.7059
           router_load=[0.048200592398643494, 0.004878335632383823, 0.23778723180294037, 0.7091337442398071]
[step 0070/150] method=baseline_cagrad loss=0.3385 train_acc=0.7197 train_loss=0.5460 val_acc=0.7059 val_loss=0.5486 router_H=0.5793 best=0.7059
           router_load=[0.048200592398643494, 0.004878335632383823, 0.23778723180294037, 0.7091337442398071]
[step 0080/150] method=baseline_cagrad loss=0.3898 train_acc=0.7197 train_loss=0.5460 val_acc=0.7059 val_loss=0.5486 router_H=0.5793 best=0.7059
           router_load=[0.048200592398643494, 0.004878335632383823, 0.23778723180294037, 0.7091337442398071]
[step 0090/150] method=baseline_cagrad loss=0.3663 train_acc=0.7197 train_loss=0.5460 val_acc=0.7059 val_loss=0.5486 router_H=0.5793 best=0.7059
           router_load=[0.048200592398643494, 0.004878335632383823, 0.23778723180294037, 0.7091337442398071]
[step 0100/150] method=baseline_cagrad loss=0.4632 train_acc=0.8353 train_loss=0.4547 val_acc=0.8431 val_loss=0.4539 router_H=0.4630 best=0.8431
           router_load=[0.2384440153837204, 0.0008715190924704075, 0.0, 0.7606843709945679]
[step 0110/150] method=baseline_cagrad loss=0.7211 train_acc=0.8353 train_loss=0.4547 val_acc=0.8431 val_loss=0.4539 router_H=0.4630 best=0.8431
           router_load=[0.2384440153837204, 0.0008715190924704075, 0.0, 0.7606843709945679]
[step 0120/150] method=baseline_cagrad loss=0.2576 train_acc=0.8353 train_loss=0.4547 val_acc=0.8431 val_loss=0.4539 router_H=0.4630 best=0.8431
           router_load=[0.2384440153837204, 0.0008715190924704075, 0.0, 0.7606843709945679]
[step 0130/150] method=baseline_cagrad loss=0.6086 train_acc=0.8353 train_loss=0.4547 val_acc=0.8431 val_loss=0.4539 router_H=0.4630 best=0.8431
           router_load=[0.2384440153837204, 0.0008715190924704075, 0.0, 0.7606843709945679]
[step 0140/150] method=baseline_cagrad loss=0.3426 train_acc=0.8353 train_loss=0.4547 val_acc=0.8431 val_loss=0.4539 router_H=0.4630 best=0.8431
           router_load=[0.2384440153837204, 0.0008715190924704075, 0.0, 0.7606843709945679]
[step 0150/150] method=baseline_cagrad loss=0.7359 train_acc=0.8612 train_loss=0.3709 val_acc=0.8505 val_loss=0.3888 router_H=0.3361 best=0.8505
           router_load=[0.15955893695354462, 0.014809703454375267, 0.021666456013917923, 0.8039649724960327]
saved summary -> /home/zhujjing/MOE-grad-conflict-routing/runs/paper_suite/single_gpu/single_task/roberta_mrpc_ffn_e4_k2/hpo/cagrad/trial_runs/local_var_topk_010/cagrad_s2.json
saved curve -> /home/zhujjing/MOE-grad-conflict-routing/runs/paper_suite/single_gpu/single_task/roberta_mrpc_ffn_e4_k2/hpo/cagrad/trial_runs/local_var_topk_010/cagrad_s2_curve.csv
