[run] method=cagrad candidate=local_var_topk_023 seed=2 steps=150 gpu=0
[run] cmd=
/home/zhujjing/anaconda3/envs/moe/bin/python /home/zhujjing/MOE-grad-conflict-routing/scripts/run.py --config configs/singletask_mrpc_real.yaml --set model.backbone_backend=hf --set model.hf_load_pretrained=true --set model.backbone=roberta --set model.hf_pretrained_name=roberta-base --set model.expert_type=ffn --set model.routing_mode=topk --set model.num_experts=4 --set model.top_k=2 --set seed=2 --set method.name=baseline_cagrad --set train.steps=150 --set train.eval_every_steps=50 --set method.baseline_cagrad.c=0.4 --set method.baseline_cagrad.inner_lr=0.2 --set train.grad_clip=0.712672082 --set train.lr=5.0461117e-05 --set train.weight_decay=0.003745151078 --out /home/zhujjing/MOE-grad-conflict-routing/runs/paper_suite/single_gpu/single_task/roberta_mrpc_ffn_e4_k2/hpo/cagrad/trial_runs/local_var_topk_023/cagrad_s2.json --curve_out /home/zhujjing/MOE-grad-conflict-routing/runs/paper_suite/single_gpu/single_task/roberta_mrpc_ffn_e4_k2/hpo/cagrad/trial_runs/local_var_topk_023/cagrad_s2_curve.csv
Using the latest cached version of the dataset since glue couldn't be found on the Hugging Face Hub (offline mode is enabled).
Found the latest cached dataset configuration 'mrpc' at /home/zhujjing/hf_cache/datasets/glue/mrpc/0.0.0/bcdcba79d07bc864c1c254ccfcedcce55bcc9a8c (last modified on Thu Mar 19 15:01:06 2026).
/home/zhujjing/anaconda3/envs/moe/lib/python3.10/site-packages/transformers/utils/hub.py:124: FutureWarning: Using `TRANSFORMERS_CACHE` is deprecated and will be removed in v5 of Transformers. Use `HF_HOME` instead.
  warnings.warn(
Some weights of RobertaModel were not initialized from the model checkpoint at roberta-base and are newly initialized: ['roberta.pooler.dense.bias', 'roberta.pooler.dense.weight']
You should probably TRAIN this model on a down-stream task to be able to use it for predictions and inference.
[step 0001/150] method=baseline_cagrad loss=0.6752 train_acc=nan train_loss=nan val_acc=nan val_loss=nan best=-1.0000
[step 0010/150] method=baseline_cagrad loss=0.7000 train_acc=nan train_loss=nan val_acc=nan val_loss=nan best=-1.0000
[step 0020/150] method=baseline_cagrad loss=0.6526 train_acc=nan train_loss=nan val_acc=nan val_loss=nan best=-1.0000
[step 0030/150] method=baseline_cagrad loss=0.5858 train_acc=nan train_loss=nan val_acc=nan val_loss=nan best=-1.0000
[step 0040/150] method=baseline_cagrad loss=0.5909 train_acc=nan train_loss=nan val_acc=nan val_loss=nan best=-1.0000
[step 0050/150] method=baseline_cagrad loss=0.5871 train_acc=0.6990 train_loss=0.6072 val_acc=0.7132 val_loss=0.6063 router_H=0.6697 best=0.7132
           router_load=[0.0, 0.17818216979503632, 0.6041964888572693, 0.2176213413476944]
[step 0060/150] method=baseline_cagrad loss=0.7320 train_acc=0.6990 train_loss=0.6072 val_acc=0.7132 val_loss=0.6063 router_H=0.6697 best=0.7132
           router_load=[0.0, 0.17818216979503632, 0.6041964888572693, 0.2176213413476944]
[step 0070/150] method=baseline_cagrad loss=0.4721 train_acc=0.6990 train_loss=0.6072 val_acc=0.7132 val_loss=0.6063 router_H=0.6697 best=0.7132
           router_load=[0.0, 0.17818216979503632, 0.6041964888572693, 0.2176213413476944]
[step 0080/150] method=baseline_cagrad loss=0.5346 train_acc=0.6990 train_loss=0.6072 val_acc=0.7132 val_loss=0.6063 router_H=0.6697 best=0.7132
           router_load=[0.0, 0.17818216979503632, 0.6041964888572693, 0.2176213413476944]
[step 0090/150] method=baseline_cagrad loss=0.5335 train_acc=0.6990 train_loss=0.6072 val_acc=0.7132 val_loss=0.6063 router_H=0.6697 best=0.7132
           router_load=[0.0, 0.17818216979503632, 0.6041964888572693, 0.2176213413476944]
[step 0100/150] method=baseline_cagrad loss=0.4884 train_acc=0.8176 train_loss=0.4317 val_acc=0.8235 val_loss=0.4281 router_H=0.5979 best=0.8235
           router_load=[0.0018642852082848549, 0.25584253668785095, 0.695933997631073, 0.04635905101895332]
[step 0110/150] method=baseline_cagrad loss=0.4445 train_acc=0.8176 train_loss=0.4317 val_acc=0.8235 val_loss=0.4281 router_H=0.5979 best=0.8235
           router_load=[0.0018642852082848549, 0.25584253668785095, 0.695933997631073, 0.04635905101895332]
[step 0120/150] method=baseline_cagrad loss=0.4378 train_acc=0.8176 train_loss=0.4317 val_acc=0.8235 val_loss=0.4281 router_H=0.5979 best=0.8235
           router_load=[0.0018642852082848549, 0.25584253668785095, 0.695933997631073, 0.04635905101895332]
[step 0130/150] method=baseline_cagrad loss=0.5239 train_acc=0.8176 train_loss=0.4317 val_acc=0.8235 val_loss=0.4281 router_H=0.5979 best=0.8235
           router_load=[0.0018642852082848549, 0.25584253668785095, 0.695933997631073, 0.04635905101895332]
[step 0140/150] method=baseline_cagrad loss=0.3435 train_acc=0.8176 train_loss=0.4317 val_acc=0.8235 val_loss=0.4281 router_H=0.5979 best=0.8235
           router_load=[0.0018642852082848549, 0.25584253668785095, 0.695933997631073, 0.04635905101895332]
[step 0150/150] method=baseline_cagrad loss=0.8064 train_acc=0.8615 train_loss=0.4234 val_acc=0.8627 val_loss=0.4127 router_H=0.4665 best=0.8627
           router_load=[0.1025548204779625, 0.0368351973593235, 0.820103645324707, 0.04050638526678085]
saved summary -> /home/zhujjing/MOE-grad-conflict-routing/runs/paper_suite/single_gpu/single_task/roberta_mrpc_ffn_e4_k2/hpo/cagrad/trial_runs/local_var_topk_023/cagrad_s2.json
saved curve -> /home/zhujjing/MOE-grad-conflict-routing/runs/paper_suite/single_gpu/single_task/roberta_mrpc_ffn_e4_k2/hpo/cagrad/trial_runs/local_var_topk_023/cagrad_s2_curve.csv
