[run] method=cagrad candidate=local_var_topk_001 seed=3 steps=150 gpu=0
[run] cmd=
/home/zhujjing/anaconda3/envs/moe/bin/python /home/zhujjing/MOE-grad-conflict-routing/scripts/run.py --config configs/singletask_mrpc_real.yaml --set model.backbone_backend=hf --set model.hf_load_pretrained=true --set model.backbone=roberta --set model.hf_pretrained_name=roberta-base --set model.expert_type=ffn --set model.routing_mode=topk --set model.num_experts=4 --set model.top_k=2 --set seed=3 --set method.name=baseline_cagrad --set train.steps=150 --set train.eval_every_steps=50 --set method.baseline_cagrad.c=0.4 --set method.baseline_cagrad.inner_lr=0.1 --set train.grad_clip=0.5 --set train.lr=1.2615279e-05 --set train.weight_decay=0.003745151078 --out /home/zhujjing/MOE-grad-conflict-routing/runs/paper_suite/single_gpu/single_task/roberta_mrpc_ffn_e4_k2/hpo/cagrad/trial_runs/local_var_topk_001/cagrad_s3.json --curve_out /home/zhujjing/MOE-grad-conflict-routing/runs/paper_suite/single_gpu/single_task/roberta_mrpc_ffn_e4_k2/hpo/cagrad/trial_runs/local_var_topk_001/cagrad_s3_curve.csv
Using the latest cached version of the dataset since glue couldn't be found on the Hugging Face Hub (offline mode is enabled).
Found the latest cached dataset configuration 'mrpc' at /home/zhujjing/hf_cache/datasets/glue/mrpc/0.0.0/bcdcba79d07bc864c1c254ccfcedcce55bcc9a8c (last modified on Thu Mar 19 15:01:06 2026).
/home/zhujjing/anaconda3/envs/moe/lib/python3.10/site-packages/transformers/utils/hub.py:124: FutureWarning: Using `TRANSFORMERS_CACHE` is deprecated and will be removed in v5 of Transformers. Use `HF_HOME` instead.
  warnings.warn(
Some weights of RobertaModel were not initialized from the model checkpoint at roberta-base and are newly initialized: ['roberta.pooler.dense.bias', 'roberta.pooler.dense.weight']
You should probably TRAIN this model on a down-stream task to be able to use it for predictions and inference.
[step 0001/150] method=baseline_cagrad loss=0.6851 train_acc=nan train_loss=nan val_acc=nan val_loss=nan best=-1.0000
[step 0010/150] method=baseline_cagrad loss=0.6490 train_acc=nan train_loss=nan val_acc=nan val_loss=nan best=-1.0000
[step 0020/150] method=baseline_cagrad loss=0.7093 train_acc=nan train_loss=nan val_acc=nan val_loss=nan best=-1.0000
[step 0030/150] method=baseline_cagrad loss=0.5682 train_acc=nan train_loss=nan val_acc=nan val_loss=nan best=-1.0000
[step 0040/150] method=baseline_cagrad loss=0.6970 train_acc=nan train_loss=nan val_acc=nan val_loss=nan best=-1.0000
[step 0050/150] method=baseline_cagrad loss=0.5377 train_acc=0.6829 train_loss=0.5272 val_acc=0.6887 val_loss=0.5230 router_H=0.6174 best=0.6887
           router_load=[0.3587256073951721, 0.0, 0.586232602596283, 0.05504182353615761]
[step 0060/150] method=baseline_cagrad loss=0.5766 train_acc=0.6829 train_loss=0.5272 val_acc=0.6887 val_loss=0.5230 router_H=0.6174 best=0.6887
           router_load=[0.3587256073951721, 0.0, 0.586232602596283, 0.05504182353615761]
[step 0070/150] method=baseline_cagrad loss=0.4893 train_acc=0.6829 train_loss=0.5272 val_acc=0.6887 val_loss=0.5230 router_H=0.6174 best=0.6887
           router_load=[0.3587256073951721, 0.0, 0.586232602596283, 0.05504182353615761]
[step 0080/150] method=baseline_cagrad loss=0.6461 train_acc=0.6829 train_loss=0.5272 val_acc=0.6887 val_loss=0.5230 router_H=0.6174 best=0.6887
           router_load=[0.3587256073951721, 0.0, 0.586232602596283, 0.05504182353615761]
[step 0090/150] method=baseline_cagrad loss=0.5875 train_acc=0.6829 train_loss=0.5272 val_acc=0.6887 val_loss=0.5230 router_H=0.6174 best=0.6887
           router_load=[0.3587256073951721, 0.0, 0.586232602596283, 0.05504182353615761]
[step 0100/150] method=baseline_cagrad loss=0.4574 train_acc=0.7290 train_loss=0.4506 val_acc=0.7157 val_loss=0.4503 router_H=0.5602 best=0.7157
           router_load=[0.33022597432136536, 0.00015234223974402994, 0.6267266273498535, 0.042894963175058365]
[step 0110/150] method=baseline_cagrad loss=0.4070 train_acc=0.7290 train_loss=0.4506 val_acc=0.7157 val_loss=0.4503 router_H=0.5602 best=0.7157
           router_load=[0.33022597432136536, 0.00015234223974402994, 0.6267266273498535, 0.042894963175058365]
[step 0120/150] method=baseline_cagrad loss=0.3513 train_acc=0.7290 train_loss=0.4506 val_acc=0.7157 val_loss=0.4503 router_H=0.5602 best=0.7157
           router_load=[0.33022597432136536, 0.00015234223974402994, 0.6267266273498535, 0.042894963175058365]
[step 0130/150] method=baseline_cagrad loss=0.3128 train_acc=0.7290 train_loss=0.4506 val_acc=0.7157 val_loss=0.4503 router_H=0.5602 best=0.7157
           router_load=[0.33022597432136536, 0.00015234223974402994, 0.6267266273498535, 0.042894963175058365]
[step 0140/150] method=baseline_cagrad loss=0.4235 train_acc=0.7290 train_loss=0.4506 val_acc=0.7157 val_loss=0.4503 router_H=0.5602 best=0.7157
           router_load=[0.33022597432136536, 0.00015234223974402994, 0.6267266273498535, 0.042894963175058365]
[step 0150/150] method=baseline_cagrad loss=0.3839 train_acc=0.8402 train_loss=0.3798 val_acc=0.8284 val_loss=0.3991 router_H=0.4429 best=0.8284
           router_load=[0.2849021553993225, 0.03347257897257805, 0.6553800106048584, 0.02624523639678955]
saved summary -> /home/zhujjing/MOE-grad-conflict-routing/runs/paper_suite/single_gpu/single_task/roberta_mrpc_ffn_e4_k2/hpo/cagrad/trial_runs/local_var_topk_001/cagrad_s3.json
saved curve -> /home/zhujjing/MOE-grad-conflict-routing/runs/paper_suite/single_gpu/single_task/roberta_mrpc_ffn_e4_k2/hpo/cagrad/trial_runs/local_var_topk_001/cagrad_s3_curve.csv
