[run] method=cagrad candidate=local_var_topk_014 seed=3 steps=150 gpu=0
[run] cmd=
/home/zhujjing/anaconda3/envs/moe/bin/python /home/zhujjing/MOE-grad-conflict-routing/scripts/run.py --config configs/singletask_mrpc_real.yaml --set model.backbone_backend=hf --set model.hf_load_pretrained=true --set model.backbone=roberta --set model.hf_pretrained_name=roberta-base --set model.expert_type=ffn --set model.routing_mode=topk --set model.num_experts=4 --set model.top_k=2 --set seed=3 --set method.name=baseline_cagrad --set train.steps=150 --set train.eval_every_steps=50 --set method.baseline_cagrad.c=0.4 --set method.baseline_cagrad.inner_lr=0.2 --set train.grad_clip=0.712672082 --set train.lr=2.5230559e-05 --set train.weight_decay=0.003745151078 --out /home/zhujjing/MOE-grad-conflict-routing/runs/paper_suite/single_gpu/single_task/roberta_mrpc_ffn_e4_k2/hpo/cagrad/trial_runs/local_var_topk_014/cagrad_s3.json --curve_out /home/zhujjing/MOE-grad-conflict-routing/runs/paper_suite/single_gpu/single_task/roberta_mrpc_ffn_e4_k2/hpo/cagrad/trial_runs/local_var_topk_014/cagrad_s3_curve.csv
Using the latest cached version of the dataset since glue couldn't be found on the Hugging Face Hub (offline mode is enabled).
Found the latest cached dataset configuration 'mrpc' at /home/zhujjing/hf_cache/datasets/glue/mrpc/0.0.0/bcdcba79d07bc864c1c254ccfcedcce55bcc9a8c (last modified on Thu Mar 19 15:01:06 2026).
/home/zhujjing/anaconda3/envs/moe/lib/python3.10/site-packages/transformers/utils/hub.py:124: FutureWarning: Using `TRANSFORMERS_CACHE` is deprecated and will be removed in v5 of Transformers. Use `HF_HOME` instead.
  warnings.warn(
Some weights of RobertaModel were not initialized from the model checkpoint at roberta-base and are newly initialized: ['roberta.pooler.dense.bias', 'roberta.pooler.dense.weight']
You should probably TRAIN this model on a down-stream task to be able to use it for predictions and inference.
[step 0001/150] method=baseline_cagrad loss=0.6896 train_acc=nan train_loss=nan val_acc=nan val_loss=nan best=-1.0000
[step 0010/150] method=baseline_cagrad loss=0.7551 train_acc=nan train_loss=nan val_acc=nan val_loss=nan best=-1.0000
[step 0020/150] method=baseline_cagrad loss=0.7311 train_acc=nan train_loss=nan val_acc=nan val_loss=nan best=-1.0000
[step 0030/150] method=baseline_cagrad loss=0.5296 train_acc=nan train_loss=nan val_acc=nan val_loss=nan best=-1.0000
[step 0040/150] method=baseline_cagrad loss=0.5746 train_acc=nan train_loss=nan val_acc=nan val_loss=nan best=-1.0000
[step 0050/150] method=baseline_cagrad loss=0.4821 train_acc=0.7808 train_loss=0.4629 val_acc=0.7990 val_loss=0.4539 router_H=0.4171 best=0.7990
           router_load=[0.0485038235783577, 0.0, 0.24035172164440155, 0.7111445665359497]
[step 0060/150] method=baseline_cagrad loss=0.4680 train_acc=0.7808 train_loss=0.4629 val_acc=0.7990 val_loss=0.4539 router_H=0.4171 best=0.7990
           router_load=[0.0485038235783577, 0.0, 0.24035172164440155, 0.7111445665359497]
[step 0070/150] method=baseline_cagrad loss=0.3147 train_acc=0.7808 train_loss=0.4629 val_acc=0.7990 val_loss=0.4539 router_H=0.4171 best=0.7990
           router_load=[0.0485038235783577, 0.0, 0.24035172164440155, 0.7111445665359497]
[step 0080/150] method=baseline_cagrad loss=0.4306 train_acc=0.7808 train_loss=0.4629 val_acc=0.7990 val_loss=0.4539 router_H=0.4171 best=0.7990
           router_load=[0.0485038235783577, 0.0, 0.24035172164440155, 0.7111445665359497]
[step 0090/150] method=baseline_cagrad loss=0.5535 train_acc=0.7808 train_loss=0.4629 val_acc=0.7990 val_loss=0.4539 router_H=0.4171 best=0.7990
           router_load=[0.0485038235783577, 0.0, 0.24035172164440155, 0.7111445665359497]
[step 0100/150] method=baseline_cagrad loss=0.4188 train_acc=0.8432 train_loss=0.3789 val_acc=0.8456 val_loss=0.3672 router_H=0.4389 best=0.8456
           router_load=[0.004750115796923637, 0.0, 0.34794318675994873, 0.6473066806793213]
[step 0110/150] method=baseline_cagrad loss=0.5628 train_acc=0.8432 train_loss=0.3789 val_acc=0.8456 val_loss=0.3672 router_H=0.4389 best=0.8456
           router_load=[0.004750115796923637, 0.0, 0.34794318675994873, 0.6473066806793213]
[step 0120/150] method=baseline_cagrad loss=0.3625 train_acc=0.8432 train_loss=0.3789 val_acc=0.8456 val_loss=0.3672 router_H=0.4389 best=0.8456
           router_load=[0.004750115796923637, 0.0, 0.34794318675994873, 0.6473066806793213]
[step 0130/150] method=baseline_cagrad loss=0.3351 train_acc=0.8432 train_loss=0.3789 val_acc=0.8456 val_loss=0.3672 router_H=0.4389 best=0.8456
           router_load=[0.004750115796923637, 0.0, 0.34794318675994873, 0.6473066806793213]
[step 0140/150] method=baseline_cagrad loss=0.6026 train_acc=0.8432 train_loss=0.3789 val_acc=0.8456 val_loss=0.3672 router_H=0.4389 best=0.8456
           router_load=[0.004750115796923637, 0.0, 0.34794318675994873, 0.6473066806793213]
[step 0150/150] method=baseline_cagrad loss=0.5263 train_acc=0.8372 train_loss=0.3814 val_acc=0.8382 val_loss=0.3797 router_H=0.3511 best=0.8456
           router_load=[0.02480010688304901, 0.0012322423281148076, 0.1688103973865509, 0.8051573634147644]
saved summary -> /home/zhujjing/MOE-grad-conflict-routing/runs/paper_suite/single_gpu/single_task/roberta_mrpc_ffn_e4_k2/hpo/cagrad/trial_runs/local_var_topk_014/cagrad_s3.json
saved curve -> /home/zhujjing/MOE-grad-conflict-routing/runs/paper_suite/single_gpu/single_task/roberta_mrpc_ffn_e4_k2/hpo/cagrad/trial_runs/local_var_topk_014/cagrad_s3_curve.csv
