[run] method=cagrad candidate=local_var_topk_001 seed=2 steps=150 gpu=0
[run] cmd=
/home/zhujjing/anaconda3/envs/moe/bin/python /home/zhujjing/MOE-grad-conflict-routing/scripts/run.py --config configs/singletask_mrpc_real.yaml --set model.backbone_backend=hf --set model.hf_load_pretrained=true --set model.backbone=roberta --set model.hf_pretrained_name=roberta-base --set model.expert_type=ffn --set model.routing_mode=topk --set model.num_experts=4 --set model.top_k=2 --set seed=2 --set method.name=baseline_cagrad --set train.steps=150 --set train.eval_every_steps=50 --set method.baseline_cagrad.c=0.4 --set method.baseline_cagrad.inner_lr=0.1 --set train.grad_clip=0.5 --set train.lr=1.2615279e-05 --set train.weight_decay=0.003745151078 --out /home/zhujjing/MOE-grad-conflict-routing/runs/paper_suite/single_gpu/single_task/roberta_mrpc_ffn_e4_k2/hpo/cagrad/trial_runs/local_var_topk_001/cagrad_s2.json --curve_out /home/zhujjing/MOE-grad-conflict-routing/runs/paper_suite/single_gpu/single_task/roberta_mrpc_ffn_e4_k2/hpo/cagrad/trial_runs/local_var_topk_001/cagrad_s2_curve.csv
Using the latest cached version of the dataset since glue couldn't be found on the Hugging Face Hub (offline mode is enabled).
Found the latest cached dataset configuration 'mrpc' at /home/zhujjing/hf_cache/datasets/glue/mrpc/0.0.0/bcdcba79d07bc864c1c254ccfcedcce55bcc9a8c (last modified on Thu Mar 19 15:01:06 2026).
/home/zhujjing/anaconda3/envs/moe/lib/python3.10/site-packages/transformers/utils/hub.py:124: FutureWarning: Using `TRANSFORMERS_CACHE` is deprecated and will be removed in v5 of Transformers. Use `HF_HOME` instead.
  warnings.warn(
Some weights of RobertaModel were not initialized from the model checkpoint at roberta-base and are newly initialized: ['roberta.pooler.dense.bias', 'roberta.pooler.dense.weight']
You should probably TRAIN this model on a down-stream task to be able to use it for predictions and inference.
[step 0001/150] method=baseline_cagrad loss=0.6846 train_acc=nan train_loss=nan val_acc=nan val_loss=nan best=-1.0000
[step 0010/150] method=baseline_cagrad loss=0.6334 train_acc=nan train_loss=nan val_acc=nan val_loss=nan best=-1.0000
[step 0020/150] method=baseline_cagrad loss=0.7215 train_acc=nan train_loss=nan val_acc=nan val_loss=nan best=-1.0000
[step 0030/150] method=baseline_cagrad loss=0.7067 train_acc=nan train_loss=nan val_acc=nan val_loss=nan best=-1.0000
[step 0040/150] method=baseline_cagrad loss=0.6124 train_acc=nan train_loss=nan val_acc=nan val_loss=nan best=-1.0000
[step 0050/150] method=baseline_cagrad loss=0.5079 train_acc=0.6963 train_loss=0.5376 val_acc=0.7034 val_loss=0.5350 router_H=0.5990 best=0.7034
           router_load=[0.0, 0.0, 0.6951167583465576, 0.30488333106040955]
[step 0060/150] method=baseline_cagrad loss=0.5970 train_acc=0.6963 train_loss=0.5376 val_acc=0.7034 val_loss=0.5350 router_H=0.5990 best=0.7034
           router_load=[0.0, 0.0, 0.6951167583465576, 0.30488333106040955]
[step 0070/150] method=baseline_cagrad loss=0.3599 train_acc=0.6963 train_loss=0.5376 val_acc=0.7034 val_loss=0.5350 router_H=0.5990 best=0.7034
           router_load=[0.0, 0.0, 0.6951167583465576, 0.30488333106040955]
[step 0080/150] method=baseline_cagrad loss=0.4153 train_acc=0.6963 train_loss=0.5376 val_acc=0.7034 val_loss=0.5350 router_H=0.5990 best=0.7034
           router_load=[0.0, 0.0, 0.6951167583465576, 0.30488333106040955]
[step 0090/150] method=baseline_cagrad loss=0.4273 train_acc=0.6963 train_loss=0.5376 val_acc=0.7034 val_loss=0.5350 router_H=0.5990 best=0.7034
           router_load=[0.0, 0.0, 0.6951167583465576, 0.30488333106040955]
[step 0100/150] method=baseline_cagrad loss=0.4894 train_acc=0.8266 train_loss=0.4118 val_acc=0.8358 val_loss=0.4019 router_H=0.4799 best=0.8358
           router_load=[0.014169287867844105, 0.00041090548620559275, 0.7284373641014099, 0.2569824755191803]
[step 0110/150] method=baseline_cagrad loss=0.7222 train_acc=0.8266 train_loss=0.4118 val_acc=0.8358 val_loss=0.4019 router_H=0.4799 best=0.8358
           router_load=[0.014169287867844105, 0.00041090548620559275, 0.7284373641014099, 0.2569824755191803]
[step 0120/150] method=baseline_cagrad loss=0.2869 train_acc=0.8266 train_loss=0.4118 val_acc=0.8358 val_loss=0.4019 router_H=0.4799 best=0.8358
           router_load=[0.014169287867844105, 0.00041090548620559275, 0.7284373641014099, 0.2569824755191803]
[step 0130/150] method=baseline_cagrad loss=0.5984 train_acc=0.8266 train_loss=0.4118 val_acc=0.8358 val_loss=0.4019 router_H=0.4799 best=0.8358
           router_load=[0.014169287867844105, 0.00041090548620559275, 0.7284373641014099, 0.2569824755191803]
[step 0140/150] method=baseline_cagrad loss=0.6663 train_acc=0.8266 train_loss=0.4118 val_acc=0.8358 val_loss=0.4019 router_H=0.4799 best=0.8358
           router_load=[0.014169287867844105, 0.00041090548620559275, 0.7284373641014099, 0.2569824755191803]
[step 0150/150] method=baseline_cagrad loss=0.6193 train_acc=0.8621 train_loss=0.3693 val_acc=0.8431 val_loss=0.3693 router_H=0.4624 best=0.8431
           router_load=[0.009053725749254227, 0.0013998913345858455, 0.7380986213684082, 0.25144779682159424]
saved summary -> /home/zhujjing/MOE-grad-conflict-routing/runs/paper_suite/single_gpu/single_task/roberta_mrpc_ffn_e4_k2/hpo/cagrad/trial_runs/local_var_topk_001/cagrad_s2.json
saved curve -> /home/zhujjing/MOE-grad-conflict-routing/runs/paper_suite/single_gpu/single_task/roberta_mrpc_ffn_e4_k2/hpo/cagrad/trial_runs/local_var_topk_001/cagrad_s2_curve.csv
