[run] method=cagrad candidate=local_var_topk_000 seed=3 steps=150 gpu=0
[run] cmd=
/home/zhujjing/anaconda3/envs/moe/bin/python /home/zhujjing/MOE-grad-conflict-routing/scripts/run.py --config configs/singletask_mrpc_real.yaml --set model.backbone_backend=hf --set model.hf_load_pretrained=true --set model.backbone=roberta --set model.hf_pretrained_name=roberta-base --set model.expert_type=ffn --set model.routing_mode=topk --set model.num_experts=4 --set model.top_k=2 --set seed=3 --set method.name=baseline_cagrad --set train.steps=150 --set train.eval_every_steps=50 --set method.baseline_cagrad.c=0.4 --set method.baseline_cagrad.inner_lr=0.05 --set train.grad_clip=0.5 --set train.lr=1.2615279e-05 --set train.weight_decay=0.003745151078 --out /home/zhujjing/MOE-grad-conflict-routing/runs/paper_suite/single_gpu/single_task/roberta_mrpc_ffn_e4_k2/hpo/cagrad/trial_runs/local_var_topk_000/cagrad_s3.json --curve_out /home/zhujjing/MOE-grad-conflict-routing/runs/paper_suite/single_gpu/single_task/roberta_mrpc_ffn_e4_k2/hpo/cagrad/trial_runs/local_var_topk_000/cagrad_s3_curve.csv
Using the latest cached version of the dataset since glue couldn't be found on the Hugging Face Hub (offline mode is enabled).
Found the latest cached dataset configuration 'mrpc' at /home/zhujjing/hf_cache/datasets/glue/mrpc/0.0.0/bcdcba79d07bc864c1c254ccfcedcce55bcc9a8c (last modified on Thu Mar 19 15:01:06 2026).
/home/zhujjing/anaconda3/envs/moe/lib/python3.10/site-packages/transformers/utils/hub.py:124: FutureWarning: Using `TRANSFORMERS_CACHE` is deprecated and will be removed in v5 of Transformers. Use `HF_HOME` instead.
  warnings.warn(
Some weights of RobertaModel were not initialized from the model checkpoint at roberta-base and are newly initialized: ['roberta.pooler.dense.bias', 'roberta.pooler.dense.weight']
You should probably TRAIN this model on a down-stream task to be able to use it for predictions and inference.
[step 0001/150] method=baseline_cagrad loss=0.6838 train_acc=nan train_loss=nan val_acc=nan val_loss=nan best=-1.0000
[step 0010/150] method=baseline_cagrad loss=0.6524 train_acc=nan train_loss=nan val_acc=nan val_loss=nan best=-1.0000
[step 0020/150] method=baseline_cagrad loss=0.7011 train_acc=nan train_loss=nan val_acc=nan val_loss=nan best=-1.0000
[step 0030/150] method=baseline_cagrad loss=0.5730 train_acc=nan train_loss=nan val_acc=nan val_loss=nan best=-1.0000
[step 0040/150] method=baseline_cagrad loss=0.7132 train_acc=nan train_loss=nan val_acc=nan val_loss=nan best=-1.0000
[step 0050/150] method=baseline_cagrad loss=0.5299 train_acc=0.6906 train_loss=0.5346 val_acc=0.7010 val_loss=0.5268 router_H=0.5661 best=0.7010
           router_load=[0.7115834355354309, 0.0027460544370114803, 0.259528785943985, 0.026141757145524025]
[step 0060/150] method=baseline_cagrad loss=0.5523 train_acc=0.6906 train_loss=0.5346 val_acc=0.7010 val_loss=0.5268 router_H=0.5661 best=0.7010
           router_load=[0.7115834355354309, 0.0027460544370114803, 0.259528785943985, 0.026141757145524025]
[step 0070/150] method=baseline_cagrad loss=0.4958 train_acc=0.6906 train_loss=0.5346 val_acc=0.7010 val_loss=0.5268 router_H=0.5661 best=0.7010
           router_load=[0.7115834355354309, 0.0027460544370114803, 0.259528785943985, 0.026141757145524025]
[step 0080/150] method=baseline_cagrad loss=0.6011 train_acc=0.6906 train_loss=0.5346 val_acc=0.7010 val_loss=0.5268 router_H=0.5661 best=0.7010
           router_load=[0.7115834355354309, 0.0027460544370114803, 0.259528785943985, 0.026141757145524025]
[step 0090/150] method=baseline_cagrad loss=0.6157 train_acc=0.6906 train_loss=0.5346 val_acc=0.7010 val_loss=0.5268 router_H=0.5661 best=0.7010
           router_load=[0.7115834355354309, 0.0027460544370114803, 0.259528785943985, 0.026141757145524025]
[step 0100/150] method=baseline_cagrad loss=0.5097 train_acc=0.8023 train_loss=0.4347 val_acc=0.7966 val_loss=0.4321 router_H=0.5238 best=0.7966
           router_load=[0.708045482635498, 0.0003488551883492619, 0.2709804177284241, 0.020625151693820953]
[step 0110/150] method=baseline_cagrad loss=0.3529 train_acc=0.8023 train_loss=0.4347 val_acc=0.7966 val_loss=0.4321 router_H=0.5238 best=0.7966
           router_load=[0.708045482635498, 0.0003488551883492619, 0.2709804177284241, 0.020625151693820953]
[step 0120/150] method=baseline_cagrad loss=0.3605 train_acc=0.8023 train_loss=0.4347 val_acc=0.7966 val_loss=0.4321 router_H=0.5238 best=0.7966
           router_load=[0.708045482635498, 0.0003488551883492619, 0.2709804177284241, 0.020625151693820953]
[step 0130/150] method=baseline_cagrad loss=0.2796 train_acc=0.8023 train_loss=0.4347 val_acc=0.7966 val_loss=0.4321 router_H=0.5238 best=0.7966
           router_load=[0.708045482635498, 0.0003488551883492619, 0.2709804177284241, 0.020625151693820953]
[step 0140/150] method=baseline_cagrad loss=0.3549 train_acc=0.8023 train_loss=0.4347 val_acc=0.7966 val_loss=0.4321 router_H=0.5238 best=0.7966
           router_load=[0.708045482635498, 0.0003488551883492619, 0.2709804177284241, 0.020625151693820953]
[step 0150/150] method=baseline_cagrad loss=0.5422 train_acc=0.8329 train_loss=0.3893 val_acc=0.8333 val_loss=0.3928 router_H=0.3867 best=0.8333
           router_load=[0.7653483152389526, 0.02723059058189392, 0.16916832327842712, 0.03825286775827408]
saved summary -> /home/zhujjing/MOE-grad-conflict-routing/runs/paper_suite/single_gpu/single_task/roberta_mrpc_ffn_e4_k2/hpo/cagrad/trial_runs/local_var_topk_000/cagrad_s3.json
saved curve -> /home/zhujjing/MOE-grad-conflict-routing/runs/paper_suite/single_gpu/single_task/roberta_mrpc_ffn_e4_k2/hpo/cagrad/trial_runs/local_var_topk_000/cagrad_s3_curve.csv
