[run] method=cagrad candidate=local_var_topk_025 seed=3 steps=150 gpu=0
[run] cmd=
/home/zhujjing/anaconda3/envs/moe/bin/python /home/zhujjing/MOE-grad-conflict-routing/scripts/run.py --config configs/singletask_mrpc_real.yaml --set model.backbone_backend=hf --set model.hf_load_pretrained=true --set model.backbone=roberta --set model.hf_pretrained_name=roberta-base --set model.expert_type=ffn --set model.routing_mode=topk --set model.num_experts=4 --set model.top_k=2 --set seed=3 --set method.name=baseline_cagrad --set train.steps=150 --set train.eval_every_steps=50 --set method.baseline_cagrad.c=0.4 --set method.baseline_cagrad.inner_lr=0.1 --set train.grad_clip=1.012672082 --set train.lr=5.0461117e-05 --set train.weight_decay=0.003745151078 --out /home/zhujjing/MOE-grad-conflict-routing/runs/paper_suite/single_gpu/single_task/roberta_mrpc_ffn_e4_k2/hpo/cagrad/trial_runs/local_var_topk_025/cagrad_s3.json --curve_out /home/zhujjing/MOE-grad-conflict-routing/runs/paper_suite/single_gpu/single_task/roberta_mrpc_ffn_e4_k2/hpo/cagrad/trial_runs/local_var_topk_025/cagrad_s3_curve.csv
Using the latest cached version of the dataset since glue couldn't be found on the Hugging Face Hub (offline mode is enabled).
Found the latest cached dataset configuration 'mrpc' at /home/zhujjing/hf_cache/datasets/glue/mrpc/0.0.0/bcdcba79d07bc864c1c254ccfcedcce55bcc9a8c (last modified on Thu Mar 19 15:01:06 2026).
/home/zhujjing/anaconda3/envs/moe/lib/python3.10/site-packages/transformers/utils/hub.py:124: FutureWarning: Using `TRANSFORMERS_CACHE` is deprecated and will be removed in v5 of Transformers. Use `HF_HOME` instead.
  warnings.warn(
Some weights of RobertaModel were not initialized from the model checkpoint at roberta-base and are newly initialized: ['roberta.pooler.dense.bias', 'roberta.pooler.dense.weight']
You should probably TRAIN this model on a down-stream task to be able to use it for predictions and inference.
[step 0001/150] method=baseline_cagrad loss=0.6935 train_acc=nan train_loss=nan val_acc=nan val_loss=nan best=-1.0000
[step 0010/150] method=baseline_cagrad loss=0.7017 train_acc=nan train_loss=nan val_acc=nan val_loss=nan best=-1.0000
[step 0020/150] method=baseline_cagrad loss=0.6363 train_acc=nan train_loss=nan val_acc=nan val_loss=nan best=-1.0000
[step 0030/150] method=baseline_cagrad loss=0.5394 train_acc=nan train_loss=nan val_acc=nan val_loss=nan best=-1.0000
[step 0040/150] method=baseline_cagrad loss=0.5230 train_acc=nan train_loss=nan val_acc=nan val_loss=nan best=-1.0000
[step 0050/150] method=baseline_cagrad loss=0.2648 train_acc=0.7933 train_loss=0.4516 val_acc=0.7794 val_loss=0.4552 router_H=0.4922 best=0.7794
           router_load=[0.0563538633286953, 0.02736581489443779, 0.7874213457107544, 0.12885919213294983]
[step 0060/150] method=baseline_cagrad loss=0.6064 train_acc=0.7933 train_loss=0.4516 val_acc=0.7794 val_loss=0.4552 router_H=0.4922 best=0.7794
           router_load=[0.0563538633286953, 0.02736581489443779, 0.7874213457107544, 0.12885919213294983]
[step 0070/150] method=baseline_cagrad loss=0.3272 train_acc=0.7933 train_loss=0.4516 val_acc=0.7794 val_loss=0.4552 router_H=0.4922 best=0.7794
           router_load=[0.0563538633286953, 0.02736581489443779, 0.7874213457107544, 0.12885919213294983]
[step 0080/150] method=baseline_cagrad loss=0.6106 train_acc=0.7933 train_loss=0.4516 val_acc=0.7794 val_loss=0.4552 router_H=0.4922 best=0.7794
           router_load=[0.0563538633286953, 0.02736581489443779, 0.7874213457107544, 0.12885919213294983]
[step 0090/150] method=baseline_cagrad loss=0.6059 train_acc=0.7933 train_loss=0.4516 val_acc=0.7794 val_loss=0.4552 router_H=0.4922 best=0.7794
           router_load=[0.0563538633286953, 0.02736581489443779, 0.7874213457107544, 0.12885919213294983]
[step 0100/150] method=baseline_cagrad loss=0.5442 train_acc=0.8451 train_loss=0.4551 val_acc=0.8358 val_loss=0.4607 router_H=0.5596 best=0.8358
           router_load=[0.09102348238229752, 0.13365335762500763, 0.736956000328064, 0.038367096334695816]
[step 0110/150] method=baseline_cagrad loss=0.4670 train_acc=0.8451 train_loss=0.4551 val_acc=0.8358 val_loss=0.4607 router_H=0.5596 best=0.8358
           router_load=[0.09102348238229752, 0.13365335762500763, 0.736956000328064, 0.038367096334695816]
[step 0120/150] method=baseline_cagrad loss=0.2635 train_acc=0.8451 train_loss=0.4551 val_acc=0.8358 val_loss=0.4607 router_H=0.5596 best=0.8358
           router_load=[0.09102348238229752, 0.13365335762500763, 0.736956000328064, 0.038367096334695816]
[step 0130/150] method=baseline_cagrad loss=0.3994 train_acc=0.8451 train_loss=0.4551 val_acc=0.8358 val_loss=0.4607 router_H=0.5596 best=0.8358
           router_load=[0.09102348238229752, 0.13365335762500763, 0.736956000328064, 0.038367096334695816]
[step 0140/150] method=baseline_cagrad loss=0.7172 train_acc=0.8451 train_loss=0.4551 val_acc=0.8358 val_loss=0.4607 router_H=0.5596 best=0.8358
           router_load=[0.09102348238229752, 0.13365335762500763, 0.736956000328064, 0.038367096334695816]
[step 0150/150] method=baseline_cagrad loss=0.4001 train_acc=0.8661 train_loss=0.3387 val_acc=0.8603 val_loss=0.3525 router_H=0.4985 best=0.8603
           router_load=[0.10855374485254288, 0.019342228770256042, 0.775227427482605, 0.09687656164169312]
saved summary -> /home/zhujjing/MOE-grad-conflict-routing/runs/paper_suite/single_gpu/single_task/roberta_mrpc_ffn_e4_k2/hpo/cagrad/trial_runs/local_var_topk_025/cagrad_s3.json
saved curve -> /home/zhujjing/MOE-grad-conflict-routing/runs/paper_suite/single_gpu/single_task/roberta_mrpc_ffn_e4_k2/hpo/cagrad/trial_runs/local_var_topk_025/cagrad_s3_curve.csv
