[run] method=cagrad candidate=local_var_topk_015 seed=3 steps=150 gpu=0
[run] cmd=
/home/zhujjing/anaconda3/envs/moe/bin/python /home/zhujjing/MOE-grad-conflict-routing/scripts/run.py --config configs/singletask_mrpc_real.yaml --set model.backbone_backend=hf --set model.hf_load_pretrained=true --set model.backbone=roberta --set model.hf_pretrained_name=roberta-base --set model.expert_type=ffn --set model.routing_mode=topk --set model.num_experts=4 --set model.top_k=2 --set seed=3 --set method.name=baseline_cagrad --set train.steps=150 --set train.eval_every_steps=50 --set method.baseline_cagrad.c=0.4 --set method.baseline_cagrad.inner_lr=0.05 --set train.grad_clip=1.012672082 --set train.lr=2.5230559e-05 --set train.weight_decay=0.003745151078 --out /home/zhujjing/MOE-grad-conflict-routing/runs/paper_suite/single_gpu/single_task/roberta_mrpc_ffn_e4_k2/hpo/cagrad/trial_runs/local_var_topk_015/cagrad_s3.json --curve_out /home/zhujjing/MOE-grad-conflict-routing/runs/paper_suite/single_gpu/single_task/roberta_mrpc_ffn_e4_k2/hpo/cagrad/trial_runs/local_var_topk_015/cagrad_s3_curve.csv
Using the latest cached version of the dataset since glue couldn't be found on the Hugging Face Hub (offline mode is enabled).
Found the latest cached dataset configuration 'mrpc' at /home/zhujjing/hf_cache/datasets/glue/mrpc/0.0.0/bcdcba79d07bc864c1c254ccfcedcce55bcc9a8c (last modified on Thu Mar 19 15:01:06 2026).
/home/zhujjing/anaconda3/envs/moe/lib/python3.10/site-packages/transformers/utils/hub.py:124: FutureWarning: Using `TRANSFORMERS_CACHE` is deprecated and will be removed in v5 of Transformers. Use `HF_HOME` instead.
  warnings.warn(
Some weights of RobertaModel were not initialized from the model checkpoint at roberta-base and are newly initialized: ['roberta.pooler.dense.bias', 'roberta.pooler.dense.weight']
You should probably TRAIN this model on a down-stream task to be able to use it for predictions and inference.
[step 0001/150] method=baseline_cagrad loss=0.7031 train_acc=nan train_loss=nan val_acc=nan val_loss=nan best=-1.0000
[step 0010/150] method=baseline_cagrad loss=0.7461 train_acc=nan train_loss=nan val_acc=nan val_loss=nan best=-1.0000
[step 0020/150] method=baseline_cagrad loss=0.6780 train_acc=nan train_loss=nan val_acc=nan val_loss=nan best=-1.0000
[step 0030/150] method=baseline_cagrad loss=0.5601 train_acc=nan train_loss=nan val_acc=nan val_loss=nan best=-1.0000
[step 0040/150] method=baseline_cagrad loss=0.7239 train_acc=nan train_loss=nan val_acc=nan val_loss=nan best=-1.0000
[step 0050/150] method=baseline_cagrad loss=0.5314 train_acc=0.7653 train_loss=0.4953 val_acc=0.7892 val_loss=0.4858 router_H=0.5009 best=0.7892
           router_load=[0.7188385128974915, 0.2093941569328308, 0.06530861556529999, 0.006458720657974482]
[step 0060/150] method=baseline_cagrad loss=0.3989 train_acc=0.7653 train_loss=0.4953 val_acc=0.7892 val_loss=0.4858 router_H=0.5009 best=0.7892
           router_load=[0.7188385128974915, 0.2093941569328308, 0.06530861556529999, 0.006458720657974482]
[step 0070/150] method=baseline_cagrad loss=0.5430 train_acc=0.7653 train_loss=0.4953 val_acc=0.7892 val_loss=0.4858 router_H=0.5009 best=0.7892
           router_load=[0.7188385128974915, 0.2093941569328308, 0.06530861556529999, 0.006458720657974482]
[step 0080/150] method=baseline_cagrad loss=0.6159 train_acc=0.7653 train_loss=0.4953 val_acc=0.7892 val_loss=0.4858 router_H=0.5009 best=0.7892
           router_load=[0.7188385128974915, 0.2093941569328308, 0.06530861556529999, 0.006458720657974482]
[step 0090/150] method=baseline_cagrad loss=0.6797 train_acc=0.7653 train_loss=0.4953 val_acc=0.7892 val_loss=0.4858 router_H=0.5009 best=0.7892
           router_load=[0.7188385128974915, 0.2093941569328308, 0.06530861556529999, 0.006458720657974482]
[step 0100/150] method=baseline_cagrad loss=0.4874 train_acc=0.8266 train_loss=0.4497 val_acc=0.8407 val_loss=0.4381 router_H=0.6466 best=0.8407
           router_load=[0.45521530508995056, 0.08863603323698044, 0.45614856481552124, 0.0]
[step 0110/150] method=baseline_cagrad loss=0.3974 train_acc=0.8266 train_loss=0.4497 val_acc=0.8407 val_loss=0.4381 router_H=0.6466 best=0.8407
           router_load=[0.45521530508995056, 0.08863603323698044, 0.45614856481552124, 0.0]
[step 0120/150] method=baseline_cagrad loss=0.3088 train_acc=0.8266 train_loss=0.4497 val_acc=0.8407 val_loss=0.4381 router_H=0.6466 best=0.8407
           router_load=[0.45521530508995056, 0.08863603323698044, 0.45614856481552124, 0.0]
[step 0130/150] method=baseline_cagrad loss=0.3917 train_acc=0.8266 train_loss=0.4497 val_acc=0.8407 val_loss=0.4381 router_H=0.6466 best=0.8407
           router_load=[0.45521530508995056, 0.08863603323698044, 0.45614856481552124, 0.0]
[step 0140/150] method=baseline_cagrad loss=0.5395 train_acc=0.8266 train_loss=0.4497 val_acc=0.8407 val_loss=0.4381 router_H=0.6466 best=0.8407
           router_load=[0.45521530508995056, 0.08863603323698044, 0.45614856481552124, 0.0]
[step 0150/150] method=baseline_cagrad loss=0.5216 train_acc=0.8430 train_loss=0.4124 val_acc=0.8554 val_loss=0.4171 router_H=0.3319 best=0.8554
           router_load=[0.7438586950302124, 0.08459572494029999, 0.14418251812458038, 0.027363134548068047]
saved summary -> /home/zhujjing/MOE-grad-conflict-routing/runs/paper_suite/single_gpu/single_task/roberta_mrpc_ffn_e4_k2/hpo/cagrad/trial_runs/local_var_topk_015/cagrad_s3.json
saved curve -> /home/zhujjing/MOE-grad-conflict-routing/runs/paper_suite/single_gpu/single_task/roberta_mrpc_ffn_e4_k2/hpo/cagrad/trial_runs/local_var_topk_015/cagrad_s3_curve.csv
