[run] method=cagrad candidate=local_var_topk_008 seed=3 steps=150 gpu=0
[run] cmd=
/home/zhujjing/anaconda3/envs/moe/bin/python /home/zhujjing/MOE-grad-conflict-routing/scripts/run.py --config configs/singletask_mrpc_real.yaml --set model.backbone_backend=hf --set model.hf_load_pretrained=true --set model.backbone=roberta --set model.hf_pretrained_name=roberta-base --set model.expert_type=ffn --set model.routing_mode=topk --set model.num_experts=4 --set model.top_k=2 --set seed=3 --set method.name=baseline_cagrad --set train.steps=150 --set train.eval_every_steps=50 --set method.baseline_cagrad.c=0.4 --set method.baseline_cagrad.inner_lr=0.2 --set train.grad_clip=1.012672082 --set train.lr=1.2615279e-05 --set train.weight_decay=0.003745151078 --out /home/zhujjing/MOE-grad-conflict-routing/runs/paper_suite/single_gpu/single_task/roberta_mrpc_ffn_e4_k2/hpo/cagrad/trial_runs/local_var_topk_008/cagrad_s3.json --curve_out /home/zhujjing/MOE-grad-conflict-routing/runs/paper_suite/single_gpu/single_task/roberta_mrpc_ffn_e4_k2/hpo/cagrad/trial_runs/local_var_topk_008/cagrad_s3_curve.csv
Using the latest cached version of the dataset since glue couldn't be found on the Hugging Face Hub (offline mode is enabled).
Found the latest cached dataset configuration 'mrpc' at /home/zhujjing/hf_cache/datasets/glue/mrpc/0.0.0/bcdcba79d07bc864c1c254ccfcedcce55bcc9a8c (last modified on Thu Mar 19 15:01:06 2026).
/home/zhujjing/anaconda3/envs/moe/lib/python3.10/site-packages/transformers/utils/hub.py:124: FutureWarning: Using `TRANSFORMERS_CACHE` is deprecated and will be removed in v5 of Transformers. Use `HF_HOME` instead.
  warnings.warn(
Some weights of RobertaModel were not initialized from the model checkpoint at roberta-base and are newly initialized: ['roberta.pooler.dense.bias', 'roberta.pooler.dense.weight']
You should probably TRAIN this model on a down-stream task to be able to use it for predictions and inference.
[step 0001/150] method=baseline_cagrad loss=0.6993 train_acc=nan train_loss=nan val_acc=nan val_loss=nan best=-1.0000
[step 0010/150] method=baseline_cagrad loss=0.6605 train_acc=nan train_loss=nan val_acc=nan val_loss=nan best=-1.0000
[step 0020/150] method=baseline_cagrad loss=0.7250 train_acc=nan train_loss=nan val_acc=nan val_loss=nan best=-1.0000
[step 0030/150] method=baseline_cagrad loss=0.5606 train_acc=nan train_loss=nan val_acc=nan val_loss=nan best=-1.0000
[step 0040/150] method=baseline_cagrad loss=0.6806 train_acc=nan train_loss=nan val_acc=nan val_loss=nan best=-1.0000
[step 0050/150] method=baseline_cagrad loss=0.5484 train_acc=0.6745 train_loss=0.5298 val_acc=0.6838 val_loss=0.5237 router_H=0.5595 best=0.6838
           router_load=[0.0051360344514250755, 0.004504215903580189, 0.27717718482017517, 0.7131826877593994]
[step 0060/150] method=baseline_cagrad loss=0.5869 train_acc=0.6745 train_loss=0.5298 val_acc=0.6838 val_loss=0.5237 router_H=0.5595 best=0.6838
           router_load=[0.0051360344514250755, 0.004504215903580189, 0.27717718482017517, 0.7131826877593994]
[step 0070/150] method=baseline_cagrad loss=0.4349 train_acc=0.6745 train_loss=0.5298 val_acc=0.6838 val_loss=0.5237 router_H=0.5595 best=0.6838
           router_load=[0.0051360344514250755, 0.004504215903580189, 0.27717718482017517, 0.7131826877593994]
[step 0080/150] method=baseline_cagrad loss=0.6161 train_acc=0.6745 train_loss=0.5298 val_acc=0.6838 val_loss=0.5237 router_H=0.5595 best=0.6838
           router_load=[0.0051360344514250755, 0.004504215903580189, 0.27717718482017517, 0.7131826877593994]
[step 0090/150] method=baseline_cagrad loss=0.6302 train_acc=0.6745 train_loss=0.5298 val_acc=0.6838 val_loss=0.5237 router_H=0.5595 best=0.6838
           router_load=[0.0051360344514250755, 0.004504215903580189, 0.27717718482017517, 0.7131826877593994]
[step 0100/150] method=baseline_cagrad loss=0.5941 train_acc=0.7868 train_loss=0.4721 val_acc=0.7892 val_loss=0.4755 router_H=0.5248 best=0.7892
           router_load=[0.0, 0.0004019142943434417, 0.2521587908267975, 0.7474392652511597]
[step 0110/150] method=baseline_cagrad loss=0.3802 train_acc=0.7868 train_loss=0.4721 val_acc=0.7892 val_loss=0.4755 router_H=0.5248 best=0.7892
           router_load=[0.0, 0.0004019142943434417, 0.2521587908267975, 0.7474392652511597]
[step 0120/150] method=baseline_cagrad loss=0.3661 train_acc=0.7868 train_loss=0.4721 val_acc=0.7892 val_loss=0.4755 router_H=0.5248 best=0.7892
           router_load=[0.0, 0.0004019142943434417, 0.2521587908267975, 0.7474392652511597]
[step 0130/150] method=baseline_cagrad loss=0.3672 train_acc=0.7868 train_loss=0.4721 val_acc=0.7892 val_loss=0.4755 router_H=0.5248 best=0.7892
           router_load=[0.0, 0.0004019142943434417, 0.2521587908267975, 0.7474392652511597]
[step 0140/150] method=baseline_cagrad loss=0.4672 train_acc=0.7868 train_loss=0.4721 val_acc=0.7892 val_loss=0.4755 router_H=0.5248 best=0.7892
           router_load=[0.0, 0.0004019142943434417, 0.2521587908267975, 0.7474392652511597]
[step 0150/150] method=baseline_cagrad loss=0.5316 train_acc=0.8389 train_loss=0.3792 val_acc=0.8456 val_loss=0.3969 router_H=0.3864 best=0.8456
           router_load=[0.001147324568592012, 0.006361778359860182, 0.1810760647058487, 0.8114147782325745]
saved summary -> /home/zhujjing/MOE-grad-conflict-routing/runs/paper_suite/single_gpu/single_task/roberta_mrpc_ffn_e4_k2/hpo/cagrad/trial_runs/local_var_topk_008/cagrad_s3.json
saved curve -> /home/zhujjing/MOE-grad-conflict-routing/runs/paper_suite/single_gpu/single_task/roberta_mrpc_ffn_e4_k2/hpo/cagrad/trial_runs/local_var_topk_008/cagrad_s3_curve.csv
