[run] method=cagrad candidate=local_var_topk_006 seed=3 steps=150 gpu=0
[run] cmd=
/home/zhujjing/anaconda3/envs/moe/bin/python /home/zhujjing/MOE-grad-conflict-routing/scripts/run.py --config configs/singletask_mrpc_real.yaml --set model.backbone_backend=hf --set model.hf_load_pretrained=true --set model.backbone=roberta --set model.hf_pretrained_name=roberta-base --set model.expert_type=ffn --set model.routing_mode=topk --set model.num_experts=4 --set model.top_k=2 --set seed=3 --set method.name=baseline_cagrad --set train.steps=150 --set train.eval_every_steps=50 --set method.baseline_cagrad.c=0.4 --set method.baseline_cagrad.inner_lr=0.05 --set train.grad_clip=1.012672082 --set train.lr=1.2615279e-05 --set train.weight_decay=0.003745151078 --out /home/zhujjing/MOE-grad-conflict-routing/runs/paper_suite/single_gpu/single_task/roberta_mrpc_ffn_e4_k2/hpo/cagrad/trial_runs/local_var_topk_006/cagrad_s3.json --curve_out /home/zhujjing/MOE-grad-conflict-routing/runs/paper_suite/single_gpu/single_task/roberta_mrpc_ffn_e4_k2/hpo/cagrad/trial_runs/local_var_topk_006/cagrad_s3_curve.csv
Using the latest cached version of the dataset since glue couldn't be found on the Hugging Face Hub (offline mode is enabled).
Found the latest cached dataset configuration 'mrpc' at /home/zhujjing/hf_cache/datasets/glue/mrpc/0.0.0/bcdcba79d07bc864c1c254ccfcedcce55bcc9a8c (last modified on Thu Mar 19 15:01:06 2026).
/home/zhujjing/anaconda3/envs/moe/lib/python3.10/site-packages/transformers/utils/hub.py:124: FutureWarning: Using `TRANSFORMERS_CACHE` is deprecated and will be removed in v5 of Transformers. Use `HF_HOME` instead.
  warnings.warn(
Some weights of RobertaModel were not initialized from the model checkpoint at roberta-base and are newly initialized: ['roberta.pooler.dense.bias', 'roberta.pooler.dense.weight']
You should probably TRAIN this model on a down-stream task to be able to use it for predictions and inference.
[step 0001/150] method=baseline_cagrad loss=0.6951 train_acc=nan train_loss=nan val_acc=nan val_loss=nan best=-1.0000
[step 0010/150] method=baseline_cagrad loss=0.6496 train_acc=nan train_loss=nan val_acc=nan val_loss=nan best=-1.0000
[step 0020/150] method=baseline_cagrad loss=0.6982 train_acc=nan train_loss=nan val_acc=nan val_loss=nan best=-1.0000
[step 0030/150] method=baseline_cagrad loss=0.5698 train_acc=nan train_loss=nan val_acc=nan val_loss=nan best=-1.0000
[step 0040/150] method=baseline_cagrad loss=0.6804 train_acc=nan train_loss=nan val_acc=nan val_loss=nan best=-1.0000
[step 0050/150] method=baseline_cagrad loss=0.5341 train_acc=0.6829 train_loss=0.5227 val_acc=0.6961 val_loss=0.5168 router_H=0.5352 best=0.6961
           router_load=[0.26402997970581055, 0.004340164363384247, 0.7261420488357544, 0.005487799644470215]
[step 0060/150] method=baseline_cagrad loss=0.5673 train_acc=0.6829 train_loss=0.5227 val_acc=0.6961 val_loss=0.5168 router_H=0.5352 best=0.6961
           router_load=[0.26402997970581055, 0.004340164363384247, 0.7261420488357544, 0.005487799644470215]
[step 0070/150] method=baseline_cagrad loss=0.4472 train_acc=0.6829 train_loss=0.5227 val_acc=0.6961 val_loss=0.5168 router_H=0.5352 best=0.6961
           router_load=[0.26402997970581055, 0.004340164363384247, 0.7261420488357544, 0.005487799644470215]
[step 0080/150] method=baseline_cagrad loss=0.6165 train_acc=0.6829 train_loss=0.5227 val_acc=0.6961 val_loss=0.5168 router_H=0.5352 best=0.6961
           router_load=[0.26402997970581055, 0.004340164363384247, 0.7261420488357544, 0.005487799644470215]
[step 0090/150] method=baseline_cagrad loss=0.6224 train_acc=0.6829 train_loss=0.5227 val_acc=0.6961 val_loss=0.5168 router_H=0.5352 best=0.6961
           router_load=[0.26402997970581055, 0.004340164363384247, 0.7261420488357544, 0.005487799644470215]
[step 0100/150] method=baseline_cagrad loss=0.5224 train_acc=0.8152 train_loss=0.4219 val_acc=0.8039 val_loss=0.4300 router_H=0.4977 best=0.8039
           router_load=[0.2868060767650604, 0.011676969937980175, 0.6908804178237915, 0.010636587627232075]
[step 0110/150] method=baseline_cagrad loss=0.3629 train_acc=0.8152 train_loss=0.4219 val_acc=0.8039 val_loss=0.4300 router_H=0.4977 best=0.8039
           router_load=[0.2868060767650604, 0.011676969937980175, 0.6908804178237915, 0.010636587627232075]
[step 0120/150] method=baseline_cagrad loss=0.3286 train_acc=0.8152 train_loss=0.4219 val_acc=0.8039 val_loss=0.4300 router_H=0.4977 best=0.8039
           router_load=[0.2868060767650604, 0.011676969937980175, 0.6908804178237915, 0.010636587627232075]
[step 0130/150] method=baseline_cagrad loss=0.2776 train_acc=0.8152 train_loss=0.4219 val_acc=0.8039 val_loss=0.4300 router_H=0.4977 best=0.8039
           router_load=[0.2868060767650604, 0.011676969937980175, 0.6908804178237915, 0.010636587627232075]
[step 0140/150] method=baseline_cagrad loss=0.4494 train_acc=0.8152 train_loss=0.4219 val_acc=0.8039 val_loss=0.4300 router_H=0.4977 best=0.8039
           router_load=[0.2868060767650604, 0.011676969937980175, 0.6908804178237915, 0.010636587627232075]
[step 0150/150] method=baseline_cagrad loss=0.3852 train_acc=0.8533 train_loss=0.3722 val_acc=0.8358 val_loss=0.3845 router_H=0.4131 best=0.8358
           router_load=[0.24957111477851868, 0.007558696437627077, 0.7395617365837097, 0.00330849876627326]
saved summary -> /home/zhujjing/MOE-grad-conflict-routing/runs/paper_suite/single_gpu/single_task/roberta_mrpc_ffn_e4_k2/hpo/cagrad/trial_runs/local_var_topk_006/cagrad_s3.json
saved curve -> /home/zhujjing/MOE-grad-conflict-routing/runs/paper_suite/single_gpu/single_task/roberta_mrpc_ffn_e4_k2/hpo/cagrad/trial_runs/local_var_topk_006/cagrad_s3_curve.csv
