[run] method=cagrad candidate=local_var_topk_020 seed=3 steps=150 gpu=0
[run] cmd=
/home/zhujjing/anaconda3/envs/moe/bin/python /home/zhujjing/MOE-grad-conflict-routing/scripts/run.py --config configs/singletask_mrpc_real.yaml --set model.backbone_backend=hf --set model.hf_load_pretrained=true --set model.backbone=roberta --set model.hf_pretrained_name=roberta-base --set model.expert_type=ffn --set model.routing_mode=topk --set model.num_experts=4 --set model.top_k=2 --set seed=3 --set method.name=baseline_cagrad --set train.steps=150 --set train.eval_every_steps=50 --set method.baseline_cagrad.c=0.4 --set method.baseline_cagrad.inner_lr=0.2 --set train.grad_clip=0.5 --set train.lr=5.0461117e-05 --set train.weight_decay=0.003745151078 --out /home/zhujjing/MOE-grad-conflict-routing/runs/paper_suite/single_gpu/single_task/roberta_mrpc_ffn_e4_k2/hpo/cagrad/trial_runs/local_var_topk_020/cagrad_s3.json --curve_out /home/zhujjing/MOE-grad-conflict-routing/runs/paper_suite/single_gpu/single_task/roberta_mrpc_ffn_e4_k2/hpo/cagrad/trial_runs/local_var_topk_020/cagrad_s3_curve.csv
Using the latest cached version of the dataset since glue couldn't be found on the Hugging Face Hub (offline mode is enabled).
Found the latest cached dataset configuration 'mrpc' at /home/zhujjing/hf_cache/datasets/glue/mrpc/0.0.0/bcdcba79d07bc864c1c254ccfcedcce55bcc9a8c (last modified on Thu Mar 19 15:01:06 2026).
/home/zhujjing/anaconda3/envs/moe/lib/python3.10/site-packages/transformers/utils/hub.py:124: FutureWarning: Using `TRANSFORMERS_CACHE` is deprecated and will be removed in v5 of Transformers. Use `HF_HOME` instead.
  warnings.warn(
Some weights of RobertaModel were not initialized from the model checkpoint at roberta-base and are newly initialized: ['roberta.pooler.dense.bias', 'roberta.pooler.dense.weight']
You should probably TRAIN this model on a down-stream task to be able to use it for predictions and inference.
[step 0001/150] method=baseline_cagrad loss=0.7023 train_acc=nan train_loss=nan val_acc=nan val_loss=nan best=-1.0000
[step 0010/150] method=baseline_cagrad loss=0.6420 train_acc=nan train_loss=nan val_acc=nan val_loss=nan best=-1.0000
[step 0020/150] method=baseline_cagrad loss=0.7237 train_acc=nan train_loss=nan val_acc=nan val_loss=nan best=-1.0000
[step 0030/150] method=baseline_cagrad loss=0.5933 train_acc=nan train_loss=nan val_acc=nan val_loss=nan best=-1.0000
[step 0040/150] method=baseline_cagrad loss=0.5785 train_acc=nan train_loss=nan val_acc=nan val_loss=nan best=-1.0000
[step 0050/150] method=baseline_cagrad loss=0.5160 train_acc=0.7759 train_loss=0.4525 val_acc=0.7794 val_loss=0.4329 router_H=0.4908 best=0.7794
           router_load=[0.7460841536521912, 0.0, 0.0, 0.25391602516174316]
[step 0060/150] method=baseline_cagrad loss=0.4988 train_acc=0.7759 train_loss=0.4525 val_acc=0.7794 val_loss=0.4329 router_H=0.4908 best=0.7794
           router_load=[0.7460841536521912, 0.0, 0.0, 0.25391602516174316]
[step 0070/150] method=baseline_cagrad loss=0.5997 train_acc=0.7759 train_loss=0.4525 val_acc=0.7794 val_loss=0.4329 router_H=0.4908 best=0.7794
           router_load=[0.7460841536521912, 0.0, 0.0, 0.25391602516174316]
[step 0080/150] method=baseline_cagrad loss=0.5224 train_acc=0.7759 train_loss=0.4525 val_acc=0.7794 val_loss=0.4329 router_H=0.4908 best=0.7794
           router_load=[0.7460841536521912, 0.0, 0.0, 0.25391602516174316]
[step 0090/150] method=baseline_cagrad loss=0.5587 train_acc=0.7759 train_loss=0.4525 val_acc=0.7794 val_loss=0.4329 router_H=0.4908 best=0.7794
           router_load=[0.7460841536521912, 0.0, 0.0, 0.25391602516174316]
[step 0100/150] method=baseline_cagrad loss=0.6675 train_acc=0.8075 train_loss=0.4255 val_acc=0.7990 val_loss=0.4455 router_H=0.4791 best=0.7990
           router_load=[0.7642288208007812, 0.008716480806469917, 0.006085557863116264, 0.2209690809249878]
[step 0110/150] method=baseline_cagrad loss=0.3860 train_acc=0.8075 train_loss=0.4255 val_acc=0.7990 val_loss=0.4455 router_H=0.4791 best=0.7990
           router_load=[0.7642288208007812, 0.008716480806469917, 0.006085557863116264, 0.2209690809249878]
[step 0120/150] method=baseline_cagrad loss=0.3474 train_acc=0.8075 train_loss=0.4255 val_acc=0.7990 val_loss=0.4455 router_H=0.4791 best=0.7990
           router_load=[0.7642288208007812, 0.008716480806469917, 0.006085557863116264, 0.2209690809249878]
[step 0130/150] method=baseline_cagrad loss=0.6945 train_acc=0.8075 train_loss=0.4255 val_acc=0.7990 val_loss=0.4455 router_H=0.4791 best=0.7990
           router_load=[0.7642288208007812, 0.008716480806469917, 0.006085557863116264, 0.2209690809249878]
[step 0140/150] method=baseline_cagrad loss=0.5762 train_acc=0.8075 train_loss=0.4255 val_acc=0.7990 val_loss=0.4455 router_H=0.4791 best=0.7990
           router_load=[0.7642288208007812, 0.008716480806469917, 0.006085557863116264, 0.2209690809249878]
[step 0150/150] method=baseline_cagrad loss=0.4896 train_acc=0.8367 train_loss=0.3942 val_acc=0.8284 val_loss=0.4139 router_H=0.2568 best=0.8284
           router_load=[0.8988573551177979, 0.0, 0.0, 0.10114270448684692]
saved summary -> /home/zhujjing/MOE-grad-conflict-routing/runs/paper_suite/single_gpu/single_task/roberta_mrpc_ffn_e4_k2/hpo/cagrad/trial_runs/local_var_topk_020/cagrad_s3.json
saved curve -> /home/zhujjing/MOE-grad-conflict-routing/runs/paper_suite/single_gpu/single_task/roberta_mrpc_ffn_e4_k2/hpo/cagrad/trial_runs/local_var_topk_020/cagrad_s3_curve.csv
