[run] method=cagrad candidate=local_var_topk_020 seed=2 steps=150 gpu=0
[run] cmd=
/home/zhujjing/anaconda3/envs/moe/bin/python /home/zhujjing/MOE-grad-conflict-routing/scripts/run.py --config configs/singletask_mrpc_real.yaml --set model.backbone_backend=hf --set model.hf_load_pretrained=true --set model.backbone=roberta --set model.hf_pretrained_name=roberta-base --set model.expert_type=ffn --set model.routing_mode=topk --set model.num_experts=4 --set model.top_k=2 --set seed=2 --set method.name=baseline_cagrad --set train.steps=150 --set train.eval_every_steps=50 --set method.baseline_cagrad.c=0.4 --set method.baseline_cagrad.inner_lr=0.2 --set train.grad_clip=0.5 --set train.lr=5.0461117e-05 --set train.weight_decay=0.003745151078 --out /home/zhujjing/MOE-grad-conflict-routing/runs/paper_suite/single_gpu/single_task/roberta_mrpc_ffn_e4_k2/hpo/cagrad/trial_runs/local_var_topk_020/cagrad_s2.json --curve_out /home/zhujjing/MOE-grad-conflict-routing/runs/paper_suite/single_gpu/single_task/roberta_mrpc_ffn_e4_k2/hpo/cagrad/trial_runs/local_var_topk_020/cagrad_s2_curve.csv
Using the latest cached version of the dataset since glue couldn't be found on the Hugging Face Hub (offline mode is enabled).
Found the latest cached dataset configuration 'mrpc' at /home/zhujjing/hf_cache/datasets/glue/mrpc/0.0.0/bcdcba79d07bc864c1c254ccfcedcce55bcc9a8c (last modified on Thu Mar 19 15:01:06 2026).
/home/zhujjing/anaconda3/envs/moe/lib/python3.10/site-packages/transformers/utils/hub.py:124: FutureWarning: Using `TRANSFORMERS_CACHE` is deprecated and will be removed in v5 of Transformers. Use `HF_HOME` instead.
  warnings.warn(
Some weights of RobertaModel were not initialized from the model checkpoint at roberta-base and are newly initialized: ['roberta.pooler.dense.bias', 'roberta.pooler.dense.weight']
You should probably TRAIN this model on a down-stream task to be able to use it for predictions and inference.
[step 0001/150] method=baseline_cagrad loss=0.6929 train_acc=nan train_loss=nan val_acc=nan val_loss=nan best=-1.0000
[step 0010/150] method=baseline_cagrad loss=0.7191 train_acc=nan train_loss=nan val_acc=nan val_loss=nan best=-1.0000
[step 0020/150] method=baseline_cagrad loss=0.5753 train_acc=nan train_loss=nan val_acc=nan val_loss=nan best=-1.0000
[step 0030/150] method=baseline_cagrad loss=0.5643 train_acc=nan train_loss=nan val_acc=nan val_loss=nan best=-1.0000
[step 0040/150] method=baseline_cagrad loss=0.6504 train_acc=nan train_loss=nan val_acc=nan val_loss=nan best=-1.0000
[step 0050/150] method=baseline_cagrad loss=0.5732 train_acc=0.6982 train_loss=0.5660 val_acc=0.7157 val_loss=0.5660 router_H=0.6273 best=0.7157
           router_load=[0.025011295452713966, 0.588215708732605, 0.21155190467834473, 0.1752210110425949]
[step 0060/150] method=baseline_cagrad loss=0.6916 train_acc=0.6982 train_loss=0.5660 val_acc=0.7157 val_loss=0.5660 router_H=0.6273 best=0.7157
           router_load=[0.025011295452713966, 0.588215708732605, 0.21155190467834473, 0.1752210110425949]
[step 0070/150] method=baseline_cagrad loss=0.4639 train_acc=0.6982 train_loss=0.5660 val_acc=0.7157 val_loss=0.5660 router_H=0.6273 best=0.7157
           router_load=[0.025011295452713966, 0.588215708732605, 0.21155190467834473, 0.1752210110425949]
[step 0080/150] method=baseline_cagrad loss=0.4714 train_acc=0.6982 train_loss=0.5660 val_acc=0.7157 val_loss=0.5660 router_H=0.6273 best=0.7157
           router_load=[0.025011295452713966, 0.588215708732605, 0.21155190467834473, 0.1752210110425949]
[step 0090/150] method=baseline_cagrad loss=0.6066 train_acc=0.6982 train_loss=0.5660 val_acc=0.7157 val_loss=0.5660 router_H=0.6273 best=0.7157
           router_load=[0.025011295452713966, 0.588215708732605, 0.21155190467834473, 0.1752210110425949]
[step 0100/150] method=baseline_cagrad loss=0.5478 train_acc=0.7942 train_loss=0.4823 val_acc=0.8015 val_loss=0.4863 router_H=0.4591 best=0.8015
           router_load=[0.002907799556851387, 0.7770910859107971, 0.20409806072711945, 0.015903130173683167]
[step 0110/150] method=baseline_cagrad loss=0.6646 train_acc=0.7942 train_loss=0.4823 val_acc=0.8015 val_loss=0.4863 router_H=0.4591 best=0.8015
           router_load=[0.002907799556851387, 0.7770910859107971, 0.20409806072711945, 0.015903130173683167]
[step 0120/150] method=baseline_cagrad loss=0.5333 train_acc=0.7942 train_loss=0.4823 val_acc=0.8015 val_loss=0.4863 router_H=0.4591 best=0.8015
           router_load=[0.002907799556851387, 0.7770910859107971, 0.20409806072711945, 0.015903130173683167]
[step 0130/150] method=baseline_cagrad loss=0.7540 train_acc=0.7942 train_loss=0.4823 val_acc=0.8015 val_loss=0.4863 router_H=0.4591 best=0.8015
           router_load=[0.002907799556851387, 0.7770910859107971, 0.20409806072711945, 0.015903130173683167]
[step 0140/150] method=baseline_cagrad loss=0.4594 train_acc=0.7942 train_loss=0.4823 val_acc=0.8015 val_loss=0.4863 router_H=0.4591 best=0.8015
           router_load=[0.002907799556851387, 0.7770910859107971, 0.20409806072711945, 0.015903130173683167]
[step 0150/150] method=baseline_cagrad loss=0.8037 train_acc=0.7963 train_loss=0.5324 val_acc=0.7966 val_loss=0.5627 router_H=0.5027 best=0.8015
           router_load=[0.019589444622397423, 0.7796955704689026, 0.20071493089199066, 0.0]
saved summary -> /home/zhujjing/MOE-grad-conflict-routing/runs/paper_suite/single_gpu/single_task/roberta_mrpc_ffn_e4_k2/hpo/cagrad/trial_runs/local_var_topk_020/cagrad_s2.json
saved curve -> /home/zhujjing/MOE-grad-conflict-routing/runs/paper_suite/single_gpu/single_task/roberta_mrpc_ffn_e4_k2/hpo/cagrad/trial_runs/local_var_topk_020/cagrad_s2_curve.csv
