[run] method=cagrad candidate=local_var_topk_012 seed=3 steps=150 gpu=0
[run] cmd=
/home/zhujjing/anaconda3/envs/moe/bin/python /home/zhujjing/MOE-grad-conflict-routing/scripts/run.py --config configs/singletask_mrpc_real.yaml --set model.backbone_backend=hf --set model.hf_load_pretrained=true --set model.backbone=roberta --set model.hf_pretrained_name=roberta-base --set model.expert_type=ffn --set model.routing_mode=topk --set model.num_experts=4 --set model.top_k=2 --set seed=3 --set method.name=baseline_cagrad --set train.steps=150 --set train.eval_every_steps=50 --set method.baseline_cagrad.c=0.4 --set method.baseline_cagrad.inner_lr=0.05 --set train.grad_clip=0.712672082 --set train.lr=2.5230559e-05 --set train.weight_decay=0.003745151078 --out /home/zhujjing/MOE-grad-conflict-routing/runs/paper_suite/single_gpu/single_task/roberta_mrpc_ffn_e4_k2/hpo/cagrad/trial_runs/local_var_topk_012/cagrad_s3.json --curve_out /home/zhujjing/MOE-grad-conflict-routing/runs/paper_suite/single_gpu/single_task/roberta_mrpc_ffn_e4_k2/hpo/cagrad/trial_runs/local_var_topk_012/cagrad_s3_curve.csv
Using the latest cached version of the dataset since glue couldn't be found on the Hugging Face Hub (offline mode is enabled).
Found the latest cached dataset configuration 'mrpc' at /home/zhujjing/hf_cache/datasets/glue/mrpc/0.0.0/bcdcba79d07bc864c1c254ccfcedcce55bcc9a8c (last modified on Thu Mar 19 15:01:06 2026).
/home/zhujjing/anaconda3/envs/moe/lib/python3.10/site-packages/transformers/utils/hub.py:124: FutureWarning: Using `TRANSFORMERS_CACHE` is deprecated and will be removed in v5 of Transformers. Use `HF_HOME` instead.
  warnings.warn(
Some weights of RobertaModel were not initialized from the model checkpoint at roberta-base and are newly initialized: ['roberta.pooler.dense.bias', 'roberta.pooler.dense.weight']
You should probably TRAIN this model on a down-stream task to be able to use it for predictions and inference.
[step 0001/150] method=baseline_cagrad loss=0.7116 train_acc=nan train_loss=nan val_acc=nan val_loss=nan best=-1.0000
[step 0010/150] method=baseline_cagrad loss=0.7655 train_acc=nan train_loss=nan val_acc=nan val_loss=nan best=-1.0000
[step 0020/150] method=baseline_cagrad loss=0.7031 train_acc=nan train_loss=nan val_acc=nan val_loss=nan best=-1.0000
[step 0030/150] method=baseline_cagrad loss=0.5916 train_acc=nan train_loss=nan val_acc=nan val_loss=nan best=-1.0000
[step 0040/150] method=baseline_cagrad loss=0.6774 train_acc=nan train_loss=nan val_acc=nan val_loss=nan best=-1.0000
[step 0050/150] method=baseline_cagrad loss=0.4781 train_acc=0.7271 train_loss=0.5148 val_acc=0.7353 val_loss=0.5002 router_H=0.5287 best=0.7353
           router_load=[0.062447477132081985, 0.22791458666324615, 0.0, 0.7096379399299622]
[step 0060/150] method=baseline_cagrad loss=0.5407 train_acc=0.7271 train_loss=0.5148 val_acc=0.7353 val_loss=0.5002 router_H=0.5287 best=0.7353
           router_load=[0.062447477132081985, 0.22791458666324615, 0.0, 0.7096379399299622]
[step 0070/150] method=baseline_cagrad loss=0.4545 train_acc=0.7271 train_loss=0.5148 val_acc=0.7353 val_loss=0.5002 router_H=0.5287 best=0.7353
           router_load=[0.062447477132081985, 0.22791458666324615, 0.0, 0.7096379399299622]
[step 0080/150] method=baseline_cagrad loss=0.6678 train_acc=0.7271 train_loss=0.5148 val_acc=0.7353 val_loss=0.5002 router_H=0.5287 best=0.7353
           router_load=[0.062447477132081985, 0.22791458666324615, 0.0, 0.7096379399299622]
[step 0090/150] method=baseline_cagrad loss=0.6012 train_acc=0.7271 train_loss=0.5148 val_acc=0.7353 val_loss=0.5002 router_H=0.5287 best=0.7353
           router_load=[0.062447477132081985, 0.22791458666324615, 0.0, 0.7096379399299622]
[step 0100/150] method=baseline_cagrad loss=0.5303 train_acc=0.8168 train_loss=0.4523 val_acc=0.8358 val_loss=0.4419 router_H=0.5449 best=0.8358
           router_load=[0.21026359498500824, 0.13827280700206757, 0.0, 0.6514636874198914]
[step 0110/150] method=baseline_cagrad loss=0.6495 train_acc=0.8168 train_loss=0.4523 val_acc=0.8358 val_loss=0.4419 router_H=0.5449 best=0.8358
           router_load=[0.21026359498500824, 0.13827280700206757, 0.0, 0.6514636874198914]
[step 0120/150] method=baseline_cagrad loss=0.3877 train_acc=0.8168 train_loss=0.4523 val_acc=0.8358 val_loss=0.4419 router_H=0.5449 best=0.8358
           router_load=[0.21026359498500824, 0.13827280700206757, 0.0, 0.6514636874198914]
[step 0130/150] method=baseline_cagrad loss=0.3995 train_acc=0.8168 train_loss=0.4523 val_acc=0.8358 val_loss=0.4419 router_H=0.5449 best=0.8358
           router_load=[0.21026359498500824, 0.13827280700206757, 0.0, 0.6514636874198914]
[step 0140/150] method=baseline_cagrad loss=0.4883 train_acc=0.8168 train_loss=0.4523 val_acc=0.8358 val_loss=0.4419 router_H=0.5449 best=0.8358
           router_load=[0.21026359498500824, 0.13827280700206757, 0.0, 0.6514636874198914]
[step 0150/150] method=baseline_cagrad loss=0.6018 train_acc=0.7631 train_loss=0.5187 val_acc=0.7549 val_loss=0.5094 router_H=0.3353 best=0.8358
           router_load=[0.05468730255961418, 0.03291339799761772, 0.04734402522444725, 0.86505526304245]
saved summary -> /home/zhujjing/MOE-grad-conflict-routing/runs/paper_suite/single_gpu/single_task/roberta_mrpc_ffn_e4_k2/hpo/cagrad/trial_runs/local_var_topk_012/cagrad_s3.json
saved curve -> /home/zhujjing/MOE-grad-conflict-routing/runs/paper_suite/single_gpu/single_task/roberta_mrpc_ffn_e4_k2/hpo/cagrad/trial_runs/local_var_topk_012/cagrad_s3_curve.csv
