[run] method=cagrad candidate=local_var_topk_024 seed=3 steps=150 gpu=0
[run] cmd=
/home/zhujjing/anaconda3/envs/moe/bin/python /home/zhujjing/MOE-grad-conflict-routing/scripts/run.py --config configs/singletask_mrpc_real.yaml --set model.backbone_backend=hf --set model.hf_load_pretrained=true --set model.backbone=roberta --set model.hf_pretrained_name=roberta-base --set model.expert_type=ffn --set model.routing_mode=topk --set model.num_experts=4 --set model.top_k=2 --set seed=3 --set method.name=baseline_cagrad --set train.steps=150 --set train.eval_every_steps=50 --set method.baseline_cagrad.c=0.4 --set method.baseline_cagrad.inner_lr=0.05 --set train.grad_clip=1.012672082 --set train.lr=5.0461117e-05 --set train.weight_decay=0.003745151078 --out /home/zhujjing/MOE-grad-conflict-routing/runs/paper_suite/single_gpu/single_task/roberta_mrpc_ffn_e4_k2/hpo/cagrad/trial_runs/local_var_topk_024/cagrad_s3.json --curve_out /home/zhujjing/MOE-grad-conflict-routing/runs/paper_suite/single_gpu/single_task/roberta_mrpc_ffn_e4_k2/hpo/cagrad/trial_runs/local_var_topk_024/cagrad_s3_curve.csv
Using the latest cached version of the dataset since glue couldn't be found on the Hugging Face Hub (offline mode is enabled).
Found the latest cached dataset configuration 'mrpc' at /home/zhujjing/hf_cache/datasets/glue/mrpc/0.0.0/bcdcba79d07bc864c1c254ccfcedcce55bcc9a8c (last modified on Thu Mar 19 15:01:06 2026).
/home/zhujjing/anaconda3/envs/moe/lib/python3.10/site-packages/transformers/utils/hub.py:124: FutureWarning: Using `TRANSFORMERS_CACHE` is deprecated and will be removed in v5 of Transformers. Use `HF_HOME` instead.
  warnings.warn(
Some weights of RobertaModel were not initialized from the model checkpoint at roberta-base and are newly initialized: ['roberta.pooler.dense.bias', 'roberta.pooler.dense.weight']
You should probably TRAIN this model on a down-stream task to be able to use it for predictions and inference.
[step 0001/150] method=baseline_cagrad loss=0.7024 train_acc=nan train_loss=nan val_acc=nan val_loss=nan best=-1.0000
[step 0010/150] method=baseline_cagrad loss=0.6933 train_acc=nan train_loss=nan val_acc=nan val_loss=nan best=-1.0000
[step 0020/150] method=baseline_cagrad loss=0.6025 train_acc=nan train_loss=nan val_acc=nan val_loss=nan best=-1.0000
[step 0030/150] method=baseline_cagrad loss=0.5379 train_acc=nan train_loss=nan val_acc=nan val_loss=nan best=-1.0000
[step 0040/150] method=baseline_cagrad loss=0.6648 train_acc=nan train_loss=nan val_acc=nan val_loss=nan best=-1.0000
[step 0050/150] method=baseline_cagrad loss=0.3314 train_acc=0.7598 train_loss=0.4429 val_acc=0.7500 val_loss=0.4201 router_H=0.6311 best=0.7500
           router_load=[0.00826902687549591, 0.5628465414047241, 0.0767795667052269, 0.35210487246513367]
[step 0060/150] method=baseline_cagrad loss=0.4910 train_acc=0.7598 train_loss=0.4429 val_acc=0.7500 val_loss=0.4201 router_H=0.6311 best=0.7500
           router_load=[0.00826902687549591, 0.5628465414047241, 0.0767795667052269, 0.35210487246513367]
[step 0070/150] method=baseline_cagrad loss=0.3264 train_acc=0.7598 train_loss=0.4429 val_acc=0.7500 val_loss=0.4201 router_H=0.6311 best=0.7500
           router_load=[0.00826902687549591, 0.5628465414047241, 0.0767795667052269, 0.35210487246513367]
[step 0080/150] method=baseline_cagrad loss=0.4393 train_acc=0.7598 train_loss=0.4429 val_acc=0.7500 val_loss=0.4201 router_H=0.6311 best=0.7500
           router_load=[0.00826902687549591, 0.5628465414047241, 0.0767795667052269, 0.35210487246513367]
[step 0090/150] method=baseline_cagrad loss=0.4908 train_acc=0.7598 train_loss=0.4429 val_acc=0.7500 val_loss=0.4201 router_H=0.6311 best=0.7500
           router_load=[0.00826902687549591, 0.5628465414047241, 0.0767795667052269, 0.35210487246513367]
[step 0100/150] method=baseline_cagrad loss=0.4629 train_acc=0.8160 train_loss=0.4346 val_acc=0.8333 val_loss=0.4410 router_H=0.6607 best=0.8333
           router_load=[0.02624530903995037, 0.5677374005317688, 0.008333537727594376, 0.3976838290691376]
[step 0110/150] method=baseline_cagrad loss=0.5743 train_acc=0.8160 train_loss=0.4346 val_acc=0.8333 val_loss=0.4410 router_H=0.6607 best=0.8333
           router_load=[0.02624530903995037, 0.5677374005317688, 0.008333537727594376, 0.3976838290691376]
[step 0120/150] method=baseline_cagrad loss=0.2860 train_acc=0.8160 train_loss=0.4346 val_acc=0.8333 val_loss=0.4410 router_H=0.6607 best=0.8333
           router_load=[0.02624530903995037, 0.5677374005317688, 0.008333537727594376, 0.3976838290691376]
[step 0130/150] method=baseline_cagrad loss=0.3403 train_acc=0.8160 train_loss=0.4346 val_acc=0.8333 val_loss=0.4410 router_H=0.6607 best=0.8333
           router_load=[0.02624530903995037, 0.5677374005317688, 0.008333537727594376, 0.3976838290691376]
[step 0140/150] method=baseline_cagrad loss=0.5723 train_acc=0.8160 train_loss=0.4346 val_acc=0.8333 val_loss=0.4410 router_H=0.6607 best=0.8333
           router_load=[0.02624530903995037, 0.5677374005317688, 0.008333537727594376, 0.3976838290691376]
[step 0150/150] method=baseline_cagrad loss=0.3605 train_acc=0.8754 train_loss=0.3476 val_acc=0.8554 val_loss=0.3585 router_H=0.6648 best=0.8554
           router_load=[0.0, 0.5519483089447021, 0.0013764477334916592, 0.446675181388855]
saved summary -> /home/zhujjing/MOE-grad-conflict-routing/runs/paper_suite/single_gpu/single_task/roberta_mrpc_ffn_e4_k2/hpo/cagrad/trial_runs/local_var_topk_024/cagrad_s3.json
saved curve -> /home/zhujjing/MOE-grad-conflict-routing/runs/paper_suite/single_gpu/single_task/roberta_mrpc_ffn_e4_k2/hpo/cagrad/trial_runs/local_var_topk_024/cagrad_s3_curve.csv
