[run] method=cagrad candidate=local_var_topk_024 seed=2 steps=150 gpu=0
[run] cmd=
/home/zhujjing/anaconda3/envs/moe/bin/python /home/zhujjing/MOE-grad-conflict-routing/scripts/run.py --config configs/singletask_mrpc_real.yaml --set model.backbone_backend=hf --set model.hf_load_pretrained=true --set model.backbone=roberta --set model.hf_pretrained_name=roberta-base --set model.expert_type=ffn --set model.routing_mode=topk --set model.num_experts=4 --set model.top_k=2 --set seed=2 --set method.name=baseline_cagrad --set train.steps=150 --set train.eval_every_steps=50 --set method.baseline_cagrad.c=0.4 --set method.baseline_cagrad.inner_lr=0.05 --set train.grad_clip=1.012672082 --set train.lr=5.0461117e-05 --set train.weight_decay=0.003745151078 --out /home/zhujjing/MOE-grad-conflict-routing/runs/paper_suite/single_gpu/single_task/roberta_mrpc_ffn_e4_k2/hpo/cagrad/trial_runs/local_var_topk_024/cagrad_s2.json --curve_out /home/zhujjing/MOE-grad-conflict-routing/runs/paper_suite/single_gpu/single_task/roberta_mrpc_ffn_e4_k2/hpo/cagrad/trial_runs/local_var_topk_024/cagrad_s2_curve.csv
Using the latest cached version of the dataset since glue couldn't be found on the Hugging Face Hub (offline mode is enabled).
Found the latest cached dataset configuration 'mrpc' at /home/zhujjing/hf_cache/datasets/glue/mrpc/0.0.0/bcdcba79d07bc864c1c254ccfcedcce55bcc9a8c (last modified on Thu Mar 19 15:01:06 2026).
/home/zhujjing/anaconda3/envs/moe/lib/python3.10/site-packages/transformers/utils/hub.py:124: FutureWarning: Using `TRANSFORMERS_CACHE` is deprecated and will be removed in v5 of Transformers. Use `HF_HOME` instead.
  warnings.warn(
Some weights of RobertaModel were not initialized from the model checkpoint at roberta-base and are newly initialized: ['roberta.pooler.dense.bias', 'roberta.pooler.dense.weight']
You should probably TRAIN this model on a down-stream task to be able to use it for predictions and inference.
[step 0001/150] method=baseline_cagrad loss=0.6849 train_acc=nan train_loss=nan val_acc=nan val_loss=nan best=-1.0000
[step 0010/150] method=baseline_cagrad loss=0.6662 train_acc=nan train_loss=nan val_acc=nan val_loss=nan best=-1.0000
[step 0020/150] method=baseline_cagrad loss=0.6699 train_acc=nan train_loss=nan val_acc=nan val_loss=nan best=-1.0000
[step 0030/150] method=baseline_cagrad loss=0.6140 train_acc=nan train_loss=nan val_acc=nan val_loss=nan best=-1.0000
[step 0040/150] method=baseline_cagrad loss=0.5180 train_acc=nan train_loss=nan val_acc=nan val_loss=nan best=-1.0000
[step 0050/150] method=baseline_cagrad loss=0.4679 train_acc=0.7189 train_loss=0.5160 val_acc=0.7157 val_loss=0.5105 router_H=0.5491 best=0.7157
           router_load=[0.7023725509643555, 0.2779156267642975, 0.019711943343281746, 0.0]
[step 0060/150] method=baseline_cagrad loss=0.5797 train_acc=0.7189 train_loss=0.5160 val_acc=0.7157 val_loss=0.5105 router_H=0.5491 best=0.7157
           router_load=[0.7023725509643555, 0.2779156267642975, 0.019711943343281746, 0.0]
[step 0070/150] method=baseline_cagrad loss=0.3872 train_acc=0.7189 train_loss=0.5160 val_acc=0.7157 val_loss=0.5105 router_H=0.5491 best=0.7157
           router_load=[0.7023725509643555, 0.2779156267642975, 0.019711943343281746, 0.0]
[step 0080/150] method=baseline_cagrad loss=0.3007 train_acc=0.7189 train_loss=0.5160 val_acc=0.7157 val_loss=0.5105 router_H=0.5491 best=0.7157
           router_load=[0.7023725509643555, 0.2779156267642975, 0.019711943343281746, 0.0]
[step 0090/150] method=baseline_cagrad loss=0.3655 train_acc=0.7189 train_loss=0.5160 val_acc=0.7157 val_loss=0.5105 router_H=0.5491 best=0.7157
           router_load=[0.7023725509643555, 0.2779156267642975, 0.019711943343281746, 0.0]
[step 0100/150] method=baseline_cagrad loss=0.5764 train_acc=0.7203 train_loss=0.5638 val_acc=0.6936 val_loss=0.5790 router_H=0.6524 best=0.7157
           router_load=[0.46114158630371094, 0.444782018661499, 0.09407638758420944, 0.0]
[step 0110/150] method=baseline_cagrad loss=0.6328 train_acc=0.7203 train_loss=0.5638 val_acc=0.6936 val_loss=0.5790 router_H=0.6524 best=0.7157
           router_load=[0.46114158630371094, 0.444782018661499, 0.09407638758420944, 0.0]
[step 0120/150] method=baseline_cagrad loss=0.3767 train_acc=0.7203 train_loss=0.5638 val_acc=0.6936 val_loss=0.5790 router_H=0.6524 best=0.7157
           router_load=[0.46114158630371094, 0.444782018661499, 0.09407638758420944, 0.0]
[step 0130/150] method=baseline_cagrad loss=0.6201 train_acc=0.7203 train_loss=0.5638 val_acc=0.6936 val_loss=0.5790 router_H=0.6524 best=0.7157
           router_load=[0.46114158630371094, 0.444782018661499, 0.09407638758420944, 0.0]
[step 0140/150] method=baseline_cagrad loss=0.4085 train_acc=0.7203 train_loss=0.5638 val_acc=0.6936 val_loss=0.5790 router_H=0.6524 best=0.7157
           router_load=[0.46114158630371094, 0.444782018661499, 0.09407638758420944, 0.0]
[step 0150/150] method=baseline_cagrad loss=0.9189 train_acc=0.8468 train_loss=0.3557 val_acc=0.8333 val_loss=0.3622 router_H=0.4757 best=0.8333
           router_load=[0.5329906344413757, 0.1707979440689087, 0.2962113618850708, 0.0]
saved summary -> /home/zhujjing/MOE-grad-conflict-routing/runs/paper_suite/single_gpu/single_task/roberta_mrpc_ffn_e4_k2/hpo/cagrad/trial_runs/local_var_topk_024/cagrad_s2.json
saved curve -> /home/zhujjing/MOE-grad-conflict-routing/runs/paper_suite/single_gpu/single_task/roberta_mrpc_ffn_e4_k2/hpo/cagrad/trial_runs/local_var_topk_024/cagrad_s2_curve.csv
