[run] method=cagrad candidate=coord_02_train_weight_decay_011 seed=2 steps=150 gpu=0
[run] cmd=
/home/zhujjing/anaconda3/envs/moe/bin/python /home/zhujjing/MOE-grad-conflict-routing/scripts/run.py --config configs/singletask_mrpc_real.yaml --set model.backbone_backend=hf --set model.hf_load_pretrained=true --set model.backbone=roberta --set model.hf_pretrained_name=roberta-base --set model.expert_type=ffn --set model.routing_mode=topk --set model.num_experts=4 --set model.top_k=2 --set seed=2 --set method.name=baseline_cagrad --set train.steps=150 --set train.eval_every_steps=50 --set method.baseline_cagrad.c=0.4 --set method.baseline_cagrad.inner_lr=0.1 --set train.grad_clip=1 --set train.lr=2.52305587e-05 --set train.weight_decay=0.01566577443 --out /home/zhujjing/MOE-grad-conflict-routing/runs/paper_suite/single_gpu/single_task/roberta_mrpc_ffn_e4_k2/hpo/cagrad/trial_runs/coord_02_train_weight_decay_011/cagrad_s2.json --curve_out /home/zhujjing/MOE-grad-conflict-routing/runs/paper_suite/single_gpu/single_task/roberta_mrpc_ffn_e4_k2/hpo/cagrad/trial_runs/coord_02_train_weight_decay_011/cagrad_s2_curve.csv
Using the latest cached version of the dataset since glue couldn't be found on the Hugging Face Hub (offline mode is enabled).
Found the latest cached dataset configuration 'mrpc' at /home/zhujjing/hf_cache/datasets/glue/mrpc/0.0.0/bcdcba79d07bc864c1c254ccfcedcce55bcc9a8c (last modified on Thu Mar 19 15:01:06 2026).
/home/zhujjing/anaconda3/envs/moe/lib/python3.10/site-packages/transformers/utils/hub.py:124: FutureWarning: Using `TRANSFORMERS_CACHE` is deprecated and will be removed in v5 of Transformers. Use `HF_HOME` instead.
  warnings.warn(
Some weights of RobertaModel were not initialized from the model checkpoint at roberta-base and are newly initialized: ['roberta.pooler.dense.bias', 'roberta.pooler.dense.weight']
You should probably TRAIN this model on a down-stream task to be able to use it for predictions and inference.
[step 0001/150] method=baseline_cagrad loss=0.6831 train_acc=nan train_loss=nan val_acc=nan val_loss=nan best=-1.0000
[step 0010/150] method=baseline_cagrad loss=0.6573 train_acc=nan train_loss=nan val_acc=nan val_loss=nan best=-1.0000
[step 0020/150] method=baseline_cagrad loss=0.6664 train_acc=nan train_loss=nan val_acc=nan val_loss=nan best=-1.0000
[step 0030/150] method=baseline_cagrad loss=0.6787 train_acc=nan train_loss=nan val_acc=nan val_loss=nan best=-1.0000
[step 0040/150] method=baseline_cagrad loss=0.5866 train_acc=nan train_loss=nan val_acc=nan val_loss=nan best=-1.0000
[step 0050/150] method=baseline_cagrad loss=0.4958 train_acc=0.7113 train_loss=0.5352 val_acc=0.7108 val_loss=0.5284 router_H=0.4597 best=0.7108
           router_load=[0.16346122324466705, 0.029914909973740578, 0.0, 0.8066238164901733]
[step 0060/150] method=baseline_cagrad loss=0.6042 train_acc=0.7113 train_loss=0.5352 val_acc=0.7108 val_loss=0.5284 router_H=0.4597 best=0.7108
           router_load=[0.16346122324466705, 0.029914909973740578, 0.0, 0.8066238164901733]
[step 0070/150] method=baseline_cagrad loss=0.3508 train_acc=0.7113 train_loss=0.5352 val_acc=0.7108 val_loss=0.5284 router_H=0.4597 best=0.7108
           router_load=[0.16346122324466705, 0.029914909973740578, 0.0, 0.8066238164901733]
[step 0080/150] method=baseline_cagrad loss=0.3790 train_acc=0.7113 train_loss=0.5352 val_acc=0.7108 val_loss=0.5284 router_H=0.4597 best=0.7108
           router_load=[0.16346122324466705, 0.029914909973740578, 0.0, 0.8066238164901733]
[step 0090/150] method=baseline_cagrad loss=0.3749 train_acc=0.7113 train_loss=0.5352 val_acc=0.7108 val_loss=0.5284 router_H=0.4597 best=0.7108
           router_load=[0.16346122324466705, 0.029914909973740578, 0.0, 0.8066238164901733]
[step 0100/150] method=baseline_cagrad loss=0.4670 train_acc=0.7792 train_loss=0.4325 val_acc=0.7451 val_loss=0.4597 router_H=0.5350 best=0.7451
           router_load=[0.0008416629279963672, 0.3171849846839905, 0.0, 0.6819733381271362]
[step 0110/150] method=baseline_cagrad loss=0.7227 train_acc=0.7792 train_loss=0.4325 val_acc=0.7451 val_loss=0.4597 router_H=0.5350 best=0.7451
           router_load=[0.0008416629279963672, 0.3171849846839905, 0.0, 0.6819733381271362]
[step 0120/150] method=baseline_cagrad loss=0.2780 train_acc=0.7792 train_loss=0.4325 val_acc=0.7451 val_loss=0.4597 router_H=0.5350 best=0.7451
           router_load=[0.0008416629279963672, 0.3171849846839905, 0.0, 0.6819733381271362]
[step 0130/150] method=baseline_cagrad loss=0.4937 train_acc=0.7792 train_loss=0.4325 val_acc=0.7451 val_loss=0.4597 router_H=0.5350 best=0.7451
           router_load=[0.0008416629279963672, 0.3171849846839905, 0.0, 0.6819733381271362]
[step 0140/150] method=baseline_cagrad loss=0.2971 train_acc=0.7792 train_loss=0.4325 val_acc=0.7451 val_loss=0.4597 router_H=0.5350 best=0.7451
           router_load=[0.0008416629279963672, 0.3171849846839905, 0.0, 0.6819733381271362]
[step 0150/150] method=baseline_cagrad loss=0.6907 train_acc=0.8577 train_loss=0.3649 val_acc=0.8554 val_loss=0.3673 router_H=0.3409 best=0.8554
           router_load=[0.0, 0.21115195751190186, 0.0, 0.7888481020927429]
saved summary -> /home/zhujjing/MOE-grad-conflict-routing/runs/paper_suite/single_gpu/single_task/roberta_mrpc_ffn_e4_k2/hpo/cagrad/trial_runs/coord_02_train_weight_decay_011/cagrad_s2.json
saved curve -> /home/zhujjing/MOE-grad-conflict-routing/runs/paper_suite/single_gpu/single_task/roberta_mrpc_ffn_e4_k2/hpo/cagrad/trial_runs/coord_02_train_weight_decay_011/cagrad_s2_curve.csv
