[run] method=cagrad candidate=coord_02_train_weight_decay_016 seed=3 steps=150 gpu=0
[run] cmd=
/home/zhujjing/anaconda3/envs/moe/bin/python /home/zhujjing/MOE-grad-conflict-routing/scripts/run.py --config configs/singletask_mrpc_real.yaml --set model.backbone_backend=hf --set model.hf_load_pretrained=true --set model.backbone=roberta --set model.hf_pretrained_name=roberta-base --set model.expert_type=ffn --set model.routing_mode=topk --set model.num_experts=4 --set model.top_k=2 --set seed=3 --set method.name=baseline_cagrad --set train.steps=150 --set train.eval_every_steps=50 --set method.baseline_cagrad.c=0.4 --set method.baseline_cagrad.inner_lr=0.1 --set train.grad_clip=1 --set train.lr=2.52305587e-05 --set train.weight_decay=0.01797160105 --out /home/zhujjing/MOE-grad-conflict-routing/runs/paper_suite/single_gpu/single_task/roberta_mrpc_ffn_e4_k2/hpo/cagrad/trial_runs/coord_02_train_weight_decay_016/cagrad_s3.json --curve_out /home/zhujjing/MOE-grad-conflict-routing/runs/paper_suite/single_gpu/single_task/roberta_mrpc_ffn_e4_k2/hpo/cagrad/trial_runs/coord_02_train_weight_decay_016/cagrad_s3_curve.csv
Using the latest cached version of the dataset since glue couldn't be found on the Hugging Face Hub (offline mode is enabled).
Found the latest cached dataset configuration 'mrpc' at /home/zhujjing/hf_cache/datasets/glue/mrpc/0.0.0/bcdcba79d07bc864c1c254ccfcedcce55bcc9a8c (last modified on Thu Mar 19 15:01:06 2026).
/home/zhujjing/anaconda3/envs/moe/lib/python3.10/site-packages/transformers/utils/hub.py:124: FutureWarning: Using `TRANSFORMERS_CACHE` is deprecated and will be removed in v5 of Transformers. Use `HF_HOME` instead.
  warnings.warn(
Some weights of RobertaModel were not initialized from the model checkpoint at roberta-base and are newly initialized: ['roberta.pooler.dense.bias', 'roberta.pooler.dense.weight']
You should probably TRAIN this model on a down-stream task to be able to use it for predictions and inference.
[step 0001/150] method=baseline_cagrad loss=0.6869 train_acc=nan train_loss=nan val_acc=nan val_loss=nan best=-1.0000
[step 0010/150] method=baseline_cagrad loss=0.7404 train_acc=nan train_loss=nan val_acc=nan val_loss=nan best=-1.0000
[step 0020/150] method=baseline_cagrad loss=0.6897 train_acc=nan train_loss=nan val_acc=nan val_loss=nan best=-1.0000
[step 0030/150] method=baseline_cagrad loss=0.5312 train_acc=nan train_loss=nan val_acc=nan val_loss=nan best=-1.0000
[step 0040/150] method=baseline_cagrad loss=0.6301 train_acc=nan train_loss=nan val_acc=nan val_loss=nan best=-1.0000
[step 0050/150] method=baseline_cagrad loss=0.4411 train_acc=0.7500 train_loss=0.5424 val_acc=0.7377 val_loss=0.5306 router_H=0.3273 best=0.7377
           router_load=[0.001997345592826605, 0.8591375946998596, 0.039089955389499664, 0.09977499395608902]
[step 0060/150] method=baseline_cagrad loss=0.5076 train_acc=0.7500 train_loss=0.5424 val_acc=0.7377 val_loss=0.5306 router_H=0.3273 best=0.7377
           router_load=[0.001997345592826605, 0.8591375946998596, 0.039089955389499664, 0.09977499395608902]
[step 0070/150] method=baseline_cagrad loss=0.4183 train_acc=0.7500 train_loss=0.5424 val_acc=0.7377 val_loss=0.5306 router_H=0.3273 best=0.7377
           router_load=[0.001997345592826605, 0.8591375946998596, 0.039089955389499664, 0.09977499395608902]
[step 0080/150] method=baseline_cagrad loss=0.4939 train_acc=0.7500 train_loss=0.5424 val_acc=0.7377 val_loss=0.5306 router_H=0.3273 best=0.7377
           router_load=[0.001997345592826605, 0.8591375946998596, 0.039089955389499664, 0.09977499395608902]
[step 0090/150] method=baseline_cagrad loss=0.5411 train_acc=0.7500 train_loss=0.5424 val_acc=0.7377 val_loss=0.5306 router_H=0.3273 best=0.7377
           router_load=[0.001997345592826605, 0.8591375946998596, 0.039089955389499664, 0.09977499395608902]
[step 0100/150] method=baseline_cagrad loss=0.5558 train_acc=0.8299 train_loss=0.4025 val_acc=0.8652 val_loss=0.3670 router_H=0.4758 best=0.8652
           router_load=[0.0, 0.6176555752754211, 0.039275191724300385, 0.3430691659450531]
[step 0110/150] method=baseline_cagrad loss=0.4392 train_acc=0.8299 train_loss=0.4025 val_acc=0.8652 val_loss=0.3670 router_H=0.4758 best=0.8652
           router_load=[0.0, 0.6176555752754211, 0.039275191724300385, 0.3430691659450531]
[step 0120/150] method=baseline_cagrad loss=0.3381 train_acc=0.8299 train_loss=0.4025 val_acc=0.8652 val_loss=0.3670 router_H=0.4758 best=0.8652
           router_load=[0.0, 0.6176555752754211, 0.039275191724300385, 0.3430691659450531]
[step 0130/150] method=baseline_cagrad loss=0.5379 train_acc=0.8299 train_loss=0.4025 val_acc=0.8652 val_loss=0.3670 router_H=0.4758 best=0.8652
           router_load=[0.0, 0.6176555752754211, 0.039275191724300385, 0.3430691659450531]
[step 0140/150] method=baseline_cagrad loss=0.5480 train_acc=0.8299 train_loss=0.4025 val_acc=0.8652 val_loss=0.3670 router_H=0.4758 best=0.8652
           router_load=[0.0, 0.6176555752754211, 0.039275191724300385, 0.3430691659450531]
[step 0150/150] method=baseline_cagrad loss=0.5895 train_acc=0.8168 train_loss=0.4466 val_acc=0.8113 val_loss=0.4379 router_H=0.3250 best=0.8652
           router_load=[0.05204904451966286, 0.8758906722068787, 0.0017030349699780345, 0.07035712152719498]
saved summary -> /home/zhujjing/MOE-grad-conflict-routing/runs/paper_suite/single_gpu/single_task/roberta_mrpc_ffn_e4_k2/hpo/cagrad/trial_runs/coord_02_train_weight_decay_016/cagrad_s3.json
saved curve -> /home/zhujjing/MOE-grad-conflict-routing/runs/paper_suite/single_gpu/single_task/roberta_mrpc_ffn_e4_k2/hpo/cagrad/trial_runs/coord_02_train_weight_decay_016/cagrad_s3_curve.csv
