[run] method=cagrad candidate=coord_02_train_weight_decay_002 seed=3 steps=150 gpu=0
[run] cmd=
/home/zhujjing/anaconda3/envs/moe/bin/python /home/zhujjing/MOE-grad-conflict-routing/scripts/run.py --config configs/singletask_mrpc_real.yaml --set model.backbone_backend=hf --set model.hf_load_pretrained=true --set model.backbone=roberta --set model.hf_pretrained_name=roberta-base --set model.expert_type=ffn --set model.routing_mode=topk --set model.num_experts=4 --set model.top_k=2 --set seed=3 --set method.name=baseline_cagrad --set train.steps=150 --set train.eval_every_steps=50 --set method.baseline_cagrad.c=0.4 --set method.baseline_cagrad.inner_lr=0.1 --set train.grad_clip=1 --set train.lr=2.52305587e-05 --set train.weight_decay=0.04430050278 --out /home/zhujjing/MOE-grad-conflict-routing/runs/paper_suite/single_gpu/single_task/roberta_mrpc_ffn_e4_k2/hpo/cagrad/trial_runs/coord_02_train_weight_decay_002/cagrad_s3.json --curve_out /home/zhujjing/MOE-grad-conflict-routing/runs/paper_suite/single_gpu/single_task/roberta_mrpc_ffn_e4_k2/hpo/cagrad/trial_runs/coord_02_train_weight_decay_002/cagrad_s3_curve.csv
Using the latest cached version of the dataset since glue couldn't be found on the Hugging Face Hub (offline mode is enabled).
Found the latest cached dataset configuration 'mrpc' at /home/zhujjing/hf_cache/datasets/glue/mrpc/0.0.0/bcdcba79d07bc864c1c254ccfcedcce55bcc9a8c (last modified on Thu Mar 19 15:01:06 2026).
/home/zhujjing/anaconda3/envs/moe/lib/python3.10/site-packages/transformers/utils/hub.py:124: FutureWarning: Using `TRANSFORMERS_CACHE` is deprecated and will be removed in v5 of Transformers. Use `HF_HOME` instead.
  warnings.warn(
Some weights of RobertaModel were not initialized from the model checkpoint at roberta-base and are newly initialized: ['roberta.pooler.dense.bias', 'roberta.pooler.dense.weight']
You should probably TRAIN this model on a down-stream task to be able to use it for predictions and inference.
[step 0001/150] method=baseline_cagrad loss=0.6841 train_acc=nan train_loss=nan val_acc=nan val_loss=nan best=-1.0000
[step 0010/150] method=baseline_cagrad loss=0.7479 train_acc=nan train_loss=nan val_acc=nan val_loss=nan best=-1.0000
[step 0020/150] method=baseline_cagrad loss=0.7030 train_acc=nan train_loss=nan val_acc=nan val_loss=nan best=-1.0000
[step 0030/150] method=baseline_cagrad loss=0.5388 train_acc=nan train_loss=nan val_acc=nan val_loss=nan best=-1.0000
[step 0040/150] method=baseline_cagrad loss=0.6404 train_acc=nan train_loss=nan val_acc=nan val_loss=nan best=-1.0000
[step 0050/150] method=baseline_cagrad loss=0.4410 train_acc=0.7740 train_loss=0.4819 val_acc=0.7941 val_loss=0.4703 router_H=0.4218 best=0.7941
           router_load=[0.7630639672279358, 0.15760643780231476, 0.007501737214624882, 0.0718279480934143]
[step 0060/150] method=baseline_cagrad loss=0.4058 train_acc=0.7740 train_loss=0.4819 val_acc=0.7941 val_loss=0.4703 router_H=0.4218 best=0.7941
           router_load=[0.7630639672279358, 0.15760643780231476, 0.007501737214624882, 0.0718279480934143]
[step 0070/150] method=baseline_cagrad loss=0.3218 train_acc=0.7740 train_loss=0.4819 val_acc=0.7941 val_loss=0.4703 router_H=0.4218 best=0.7941
           router_load=[0.7630639672279358, 0.15760643780231476, 0.007501737214624882, 0.0718279480934143]
[step 0080/150] method=baseline_cagrad loss=0.4541 train_acc=0.7740 train_loss=0.4819 val_acc=0.7941 val_loss=0.4703 router_H=0.4218 best=0.7941
           router_load=[0.7630639672279358, 0.15760643780231476, 0.007501737214624882, 0.0718279480934143]
[step 0090/150] method=baseline_cagrad loss=0.5337 train_acc=0.7740 train_loss=0.4819 val_acc=0.7941 val_loss=0.4703 router_H=0.4218 best=0.7941
           router_load=[0.7630639672279358, 0.15760643780231476, 0.007501737214624882, 0.0718279480934143]
[step 0100/150] method=baseline_cagrad loss=0.4545 train_acc=0.8413 train_loss=0.3639 val_acc=0.8456 val_loss=0.3600 router_H=0.4384 best=0.8456
           router_load=[0.6757540106773376, 0.3212587833404541, 0.0017594260862097144, 0.0012276197085157037]
[step 0110/150] method=baseline_cagrad loss=0.4531 train_acc=0.8413 train_loss=0.3639 val_acc=0.8456 val_loss=0.3600 router_H=0.4384 best=0.8456
           router_load=[0.6757540106773376, 0.3212587833404541, 0.0017594260862097144, 0.0012276197085157037]
[step 0120/150] method=baseline_cagrad loss=0.3294 train_acc=0.8413 train_loss=0.3639 val_acc=0.8456 val_loss=0.3600 router_H=0.4384 best=0.8456
           router_load=[0.6757540106773376, 0.3212587833404541, 0.0017594260862097144, 0.0012276197085157037]
[step 0130/150] method=baseline_cagrad loss=0.4417 train_acc=0.8413 train_loss=0.3639 val_acc=0.8456 val_loss=0.3600 router_H=0.4384 best=0.8456
           router_load=[0.6757540106773376, 0.3212587833404541, 0.0017594260862097144, 0.0012276197085157037]
[step 0140/150] method=baseline_cagrad loss=0.3884 train_acc=0.8413 train_loss=0.3639 val_acc=0.8456 val_loss=0.3600 router_H=0.4384 best=0.8456
           router_load=[0.6757540106773376, 0.3212587833404541, 0.0017594260862097144, 0.0012276197085157037]
[step 0150/150] method=baseline_cagrad loss=0.5899 train_acc=0.8555 train_loss=0.3778 val_acc=0.8529 val_loss=0.3886 router_H=0.2911 best=0.8529
           router_load=[0.84744793176651, 0.12776604294776917, 0.01656620018184185, 0.008219830691814423]
saved summary -> /home/zhujjing/MOE-grad-conflict-routing/runs/paper_suite/single_gpu/single_task/roberta_mrpc_ffn_e4_k2/hpo/cagrad/trial_runs/coord_02_train_weight_decay_002/cagrad_s3.json
saved curve -> /home/zhujjing/MOE-grad-conflict-routing/runs/paper_suite/single_gpu/single_task/roberta_mrpc_ffn_e4_k2/hpo/cagrad/trial_runs/coord_02_train_weight_decay_002/cagrad_s3_curve.csv
