[run] method=cagrad candidate=coord_02_train_weight_decay_001 seed=2 steps=150 gpu=0
[run] cmd=
/home/zhujjing/anaconda3/envs/moe/bin/python /home/zhujjing/MOE-grad-conflict-routing/scripts/run.py --config configs/singletask_mrpc_real.yaml --set model.backbone_backend=hf --set model.hf_load_pretrained=true --set model.backbone=roberta --set model.hf_pretrained_name=roberta-base --set model.expert_type=ffn --set model.routing_mode=topk --set model.num_experts=4 --set model.top_k=2 --set seed=2 --set method.name=baseline_cagrad --set train.steps=150 --set train.eval_every_steps=50 --set method.baseline_cagrad.c=0.4 --set method.baseline_cagrad.inner_lr=0.1 --set train.grad_clip=1 --set train.lr=2.52305587e-05 --set train.weight_decay=0.04164557575 --out /home/zhujjing/MOE-grad-conflict-routing/runs/paper_suite/single_gpu/single_task/roberta_mrpc_ffn_e4_k2/hpo/cagrad/trial_runs/coord_02_train_weight_decay_001/cagrad_s2.json --curve_out /home/zhujjing/MOE-grad-conflict-routing/runs/paper_suite/single_gpu/single_task/roberta_mrpc_ffn_e4_k2/hpo/cagrad/trial_runs/coord_02_train_weight_decay_001/cagrad_s2_curve.csv
Using the latest cached version of the dataset since glue couldn't be found on the Hugging Face Hub (offline mode is enabled).
Found the latest cached dataset configuration 'mrpc' at /home/zhujjing/hf_cache/datasets/glue/mrpc/0.0.0/bcdcba79d07bc864c1c254ccfcedcce55bcc9a8c (last modified on Thu Mar 19 15:01:06 2026).
/home/zhujjing/anaconda3/envs/moe/lib/python3.10/site-packages/transformers/utils/hub.py:124: FutureWarning: Using `TRANSFORMERS_CACHE` is deprecated and will be removed in v5 of Transformers. Use `HF_HOME` instead.
  warnings.warn(
Some weights of RobertaModel were not initialized from the model checkpoint at roberta-base and are newly initialized: ['roberta.pooler.dense.bias', 'roberta.pooler.dense.weight']
You should probably TRAIN this model on a down-stream task to be able to use it for predictions and inference.
[step 0001/150] method=baseline_cagrad loss=0.6991 train_acc=nan train_loss=nan val_acc=nan val_loss=nan best=-1.0000
[step 0010/150] method=baseline_cagrad loss=0.6207 train_acc=nan train_loss=nan val_acc=nan val_loss=nan best=-1.0000
[step 0020/150] method=baseline_cagrad loss=0.6445 train_acc=nan train_loss=nan val_acc=nan val_loss=nan best=-1.0000
[step 0030/150] method=baseline_cagrad loss=0.5821 train_acc=nan train_loss=nan val_acc=nan val_loss=nan best=-1.0000
[step 0040/150] method=baseline_cagrad loss=0.5406 train_acc=nan train_loss=nan val_acc=nan val_loss=nan best=-1.0000
[step 0050/150] method=baseline_cagrad loss=0.5395 train_acc=0.7906 train_loss=0.4767 val_acc=0.7794 val_loss=0.4710 router_H=0.5126 best=0.7794
           router_load=[0.04336366802453995, 0.14111748337745667, 0.11021904647350311, 0.7052996158599854]
[step 0060/150] method=baseline_cagrad loss=0.7753 train_acc=0.7906 train_loss=0.4767 val_acc=0.7794 val_loss=0.4710 router_H=0.5126 best=0.7794
           router_load=[0.04336366802453995, 0.14111748337745667, 0.11021904647350311, 0.7052996158599854]
[step 0070/150] method=baseline_cagrad loss=0.2719 train_acc=0.7906 train_loss=0.4767 val_acc=0.7794 val_loss=0.4710 router_H=0.5126 best=0.7794
           router_load=[0.04336366802453995, 0.14111748337745667, 0.11021904647350311, 0.7052996158599854]
[step 0080/150] method=baseline_cagrad loss=0.2580 train_acc=0.7906 train_loss=0.4767 val_acc=0.7794 val_loss=0.4710 router_H=0.5126 best=0.7794
           router_load=[0.04336366802453995, 0.14111748337745667, 0.11021904647350311, 0.7052996158599854]
[step 0090/150] method=baseline_cagrad loss=0.3676 train_acc=0.7906 train_loss=0.4767 val_acc=0.7794 val_loss=0.4710 router_H=0.5126 best=0.7794
           router_load=[0.04336366802453995, 0.14111748337745667, 0.11021904647350311, 0.7052996158599854]
[step 0100/150] method=baseline_cagrad loss=0.5582 train_acc=0.8334 train_loss=0.3912 val_acc=0.8529 val_loss=0.3622 router_H=0.4625 best=0.8529
           router_load=[0.02538023516535759, 0.407987117767334, 0.004361180122941732, 0.5622714757919312]
[step 0110/150] method=baseline_cagrad loss=0.6826 train_acc=0.8334 train_loss=0.3912 val_acc=0.8529 val_loss=0.3622 router_H=0.4625 best=0.8529
           router_load=[0.02538023516535759, 0.407987117767334, 0.004361180122941732, 0.5622714757919312]
[step 0120/150] method=baseline_cagrad loss=0.2061 train_acc=0.8334 train_loss=0.3912 val_acc=0.8529 val_loss=0.3622 router_H=0.4625 best=0.8529
           router_load=[0.02538023516535759, 0.407987117767334, 0.004361180122941732, 0.5622714757919312]
[step 0130/150] method=baseline_cagrad loss=0.4134 train_acc=0.8334 train_loss=0.3912 val_acc=0.8529 val_loss=0.3622 router_H=0.4625 best=0.8529
           router_load=[0.02538023516535759, 0.407987117767334, 0.004361180122941732, 0.5622714757919312]
[step 0140/150] method=baseline_cagrad loss=0.3142 train_acc=0.8334 train_loss=0.3912 val_acc=0.8529 val_loss=0.3622 router_H=0.4625 best=0.8529
           router_load=[0.02538023516535759, 0.407987117767334, 0.004361180122941732, 0.5622714757919312]
[step 0150/150] method=baseline_cagrad loss=0.7338 train_acc=0.8481 train_loss=0.4090 val_acc=0.8603 val_loss=0.4076 router_H=0.3389 best=0.8603
           router_load=[0.04905831068754196, 0.20717759430408478, 0.014616976492106915, 0.7291470170021057]
saved summary -> /home/zhujjing/MOE-grad-conflict-routing/runs/paper_suite/single_gpu/single_task/roberta_mrpc_ffn_e4_k2/hpo/cagrad/trial_runs/coord_02_train_weight_decay_001/cagrad_s2.json
saved curve -> /home/zhujjing/MOE-grad-conflict-routing/runs/paper_suite/single_gpu/single_task/roberta_mrpc_ffn_e4_k2/hpo/cagrad/trial_runs/coord_02_train_weight_decay_001/cagrad_s2_curve.csv
