[run] method=cagrad candidate=coord_02_train_weight_decay_006 seed=3 steps=150 gpu=0
[run] cmd=
/home/zhujjing/anaconda3/envs/moe/bin/python /home/zhujjing/MOE-grad-conflict-routing/scripts/run.py --config configs/singletask_mrpc_real.yaml --set model.backbone_backend=hf --set model.hf_load_pretrained=true --set model.backbone=roberta --set model.hf_pretrained_name=roberta-base --set model.expert_type=ffn --set model.routing_mode=topk --set model.num_experts=4 --set model.top_k=2 --set seed=3 --set method.name=baseline_cagrad --set train.steps=150 --set train.eval_every_steps=50 --set method.baseline_cagrad.c=0.4 --set method.baseline_cagrad.inner_lr=0.1 --set train.grad_clip=1 --set train.lr=2.52305587e-05 --set train.weight_decay=0.03456878451 --out /home/zhujjing/MOE-grad-conflict-routing/runs/paper_suite/single_gpu/single_task/roberta_mrpc_ffn_e4_k2/hpo/cagrad/trial_runs/coord_02_train_weight_decay_006/cagrad_s3.json --curve_out /home/zhujjing/MOE-grad-conflict-routing/runs/paper_suite/single_gpu/single_task/roberta_mrpc_ffn_e4_k2/hpo/cagrad/trial_runs/coord_02_train_weight_decay_006/cagrad_s3_curve.csv
Using the latest cached version of the dataset since glue couldn't be found on the Hugging Face Hub (offline mode is enabled).
Found the latest cached dataset configuration 'mrpc' at /home/zhujjing/hf_cache/datasets/glue/mrpc/0.0.0/bcdcba79d07bc864c1c254ccfcedcce55bcc9a8c (last modified on Thu Mar 19 15:01:06 2026).
/home/zhujjing/anaconda3/envs/moe/lib/python3.10/site-packages/transformers/utils/hub.py:124: FutureWarning: Using `TRANSFORMERS_CACHE` is deprecated and will be removed in v5 of Transformers. Use `HF_HOME` instead.
  warnings.warn(
Some weights of RobertaModel were not initialized from the model checkpoint at roberta-base and are newly initialized: ['roberta.pooler.dense.bias', 'roberta.pooler.dense.weight']
You should probably TRAIN this model on a down-stream task to be able to use it for predictions and inference.
[step 0001/150] method=baseline_cagrad loss=0.6887 train_acc=nan train_loss=nan val_acc=nan val_loss=nan best=-1.0000
[step 0010/150] method=baseline_cagrad loss=0.7390 train_acc=nan train_loss=nan val_acc=nan val_loss=nan best=-1.0000
[step 0020/150] method=baseline_cagrad loss=0.6739 train_acc=nan train_loss=nan val_acc=nan val_loss=nan best=-1.0000
[step 0030/150] method=baseline_cagrad loss=0.5995 train_acc=nan train_loss=nan val_acc=nan val_loss=nan best=-1.0000
[step 0040/150] method=baseline_cagrad loss=0.6458 train_acc=nan train_loss=nan val_acc=nan val_loss=nan best=-1.0000
[step 0050/150] method=baseline_cagrad loss=0.4385 train_acc=0.7582 train_loss=0.4831 val_acc=0.7819 val_loss=0.4843 router_H=0.4635 best=0.7819
           router_load=[0.0, 0.7411664128303528, 0.256017804145813, 0.0028160058427602053]
[step 0060/150] method=baseline_cagrad loss=0.4871 train_acc=0.7582 train_loss=0.4831 val_acc=0.7819 val_loss=0.4843 router_H=0.4635 best=0.7819
           router_load=[0.0, 0.7411664128303528, 0.256017804145813, 0.0028160058427602053]
[step 0070/150] method=baseline_cagrad loss=0.4634 train_acc=0.7582 train_loss=0.4831 val_acc=0.7819 val_loss=0.4843 router_H=0.4635 best=0.7819
           router_load=[0.0, 0.7411664128303528, 0.256017804145813, 0.0028160058427602053]
[step 0080/150] method=baseline_cagrad loss=0.5776 train_acc=0.7582 train_loss=0.4831 val_acc=0.7819 val_loss=0.4843 router_H=0.4635 best=0.7819
           router_load=[0.0, 0.7411664128303528, 0.256017804145813, 0.0028160058427602053]
[step 0090/150] method=baseline_cagrad loss=0.6255 train_acc=0.7582 train_loss=0.4831 val_acc=0.7819 val_loss=0.4843 router_H=0.4635 best=0.7819
           router_load=[0.0, 0.7411664128303528, 0.256017804145813, 0.0028160058427602053]
[step 0100/150] method=baseline_cagrad loss=0.5336 train_acc=0.8402 train_loss=0.3765 val_acc=0.8064 val_loss=0.4092 router_H=0.4553 best=0.8064
           router_load=[0.0015384271973744035, 0.6510649919509888, 0.33171606063842773, 0.015680506825447083]
[step 0110/150] method=baseline_cagrad loss=0.6365 train_acc=0.8402 train_loss=0.3765 val_acc=0.8064 val_loss=0.4092 router_H=0.4553 best=0.8064
           router_load=[0.0015384271973744035, 0.6510649919509888, 0.33171606063842773, 0.015680506825447083]
[step 0120/150] method=baseline_cagrad loss=0.3702 train_acc=0.8402 train_loss=0.3765 val_acc=0.8064 val_loss=0.4092 router_H=0.4553 best=0.8064
           router_load=[0.0015384271973744035, 0.6510649919509888, 0.33171606063842773, 0.015680506825447083]
[step 0130/150] method=baseline_cagrad loss=0.2926 train_acc=0.8402 train_loss=0.3765 val_acc=0.8064 val_loss=0.4092 router_H=0.4553 best=0.8064
           router_load=[0.0015384271973744035, 0.6510649919509888, 0.33171606063842773, 0.015680506825447083]
[step 0140/150] method=baseline_cagrad loss=0.6569 train_acc=0.8402 train_loss=0.3765 val_acc=0.8064 val_loss=0.4092 router_H=0.4553 best=0.8064
           router_load=[0.0015384271973744035, 0.6510649919509888, 0.33171606063842773, 0.015680506825447083]
[step 0150/150] method=baseline_cagrad loss=0.4230 train_acc=0.8441 train_loss=0.3847 val_acc=0.8333 val_loss=0.3994 router_H=0.4223 best=0.8333
           router_load=[0.0, 0.7286406755447388, 0.2506539523601532, 0.020705334842205048]
saved summary -> /home/zhujjing/MOE-grad-conflict-routing/runs/paper_suite/single_gpu/single_task/roberta_mrpc_ffn_e4_k2/hpo/cagrad/trial_runs/coord_02_train_weight_decay_006/cagrad_s3.json
saved curve -> /home/zhujjing/MOE-grad-conflict-routing/runs/paper_suite/single_gpu/single_task/roberta_mrpc_ffn_e4_k2/hpo/cagrad/trial_runs/coord_02_train_weight_decay_006/cagrad_s3_curve.csv
