[run] method=cagrad candidate=coord_02_train_weight_decay_010 seed=2 steps=150 gpu=0
[run] cmd=
/home/zhujjing/anaconda3/envs/moe/bin/python /home/zhujjing/MOE-grad-conflict-routing/scripts/run.py --config configs/singletask_mrpc_real.yaml --set model.backbone_backend=hf --set model.hf_load_pretrained=true --set model.backbone=roberta --set model.hf_pretrained_name=roberta-base --set model.expert_type=ffn --set model.routing_mode=topk --set model.num_experts=4 --set model.top_k=2 --set seed=2 --set method.name=baseline_cagrad --set train.steps=150 --set train.eval_every_steps=50 --set method.baseline_cagrad.c=0.4 --set method.baseline_cagrad.inner_lr=0.1 --set train.grad_clip=1 --set train.lr=2.52305587e-05 --set train.weight_decay=0.02536478282 --out /home/zhujjing/MOE-grad-conflict-routing/runs/paper_suite/single_gpu/single_task/roberta_mrpc_ffn_e4_k2/hpo/cagrad/trial_runs/coord_02_train_weight_decay_010/cagrad_s2.json --curve_out /home/zhujjing/MOE-grad-conflict-routing/runs/paper_suite/single_gpu/single_task/roberta_mrpc_ffn_e4_k2/hpo/cagrad/trial_runs/coord_02_train_weight_decay_010/cagrad_s2_curve.csv
Using the latest cached version of the dataset since glue couldn't be found on the Hugging Face Hub (offline mode is enabled).
Found the latest cached dataset configuration 'mrpc' at /home/zhujjing/hf_cache/datasets/glue/mrpc/0.0.0/bcdcba79d07bc864c1c254ccfcedcce55bcc9a8c (last modified on Thu Mar 19 15:01:06 2026).
/home/zhujjing/anaconda3/envs/moe/lib/python3.10/site-packages/transformers/utils/hub.py:124: FutureWarning: Using `TRANSFORMERS_CACHE` is deprecated and will be removed in v5 of Transformers. Use `HF_HOME` instead.
  warnings.warn(
Some weights of RobertaModel were not initialized from the model checkpoint at roberta-base and are newly initialized: ['roberta.pooler.dense.bias', 'roberta.pooler.dense.weight']
You should probably TRAIN this model on a down-stream task to be able to use it for predictions and inference.
[step 0001/150] method=baseline_cagrad loss=0.6867 train_acc=nan train_loss=nan val_acc=nan val_loss=nan best=-1.0000
[step 0010/150] method=baseline_cagrad loss=0.6369 train_acc=nan train_loss=nan val_acc=nan val_loss=nan best=-1.0000
[step 0020/150] method=baseline_cagrad loss=0.6816 train_acc=nan train_loss=nan val_acc=nan val_loss=nan best=-1.0000
[step 0030/150] method=baseline_cagrad loss=0.6776 train_acc=nan train_loss=nan val_acc=nan val_loss=nan best=-1.0000
[step 0040/150] method=baseline_cagrad loss=0.5821 train_acc=nan train_loss=nan val_acc=nan val_loss=nan best=-1.0000
[step 0050/150] method=baseline_cagrad loss=0.5494 train_acc=0.7124 train_loss=0.5813 val_acc=0.7108 val_loss=0.5762 router_H=0.5838 best=0.7108
           router_load=[0.29333236813545227, 0.7015268802642822, 0.003735995851457119, 0.0014046266442164779]
[step 0060/150] method=baseline_cagrad loss=0.6840 train_acc=0.7124 train_loss=0.5813 val_acc=0.7108 val_loss=0.5762 router_H=0.5838 best=0.7108
           router_load=[0.29333236813545227, 0.7015268802642822, 0.003735995851457119, 0.0014046266442164779]
[step 0070/150] method=baseline_cagrad loss=0.3832 train_acc=0.7124 train_loss=0.5813 val_acc=0.7108 val_loss=0.5762 router_H=0.5838 best=0.7108
           router_load=[0.29333236813545227, 0.7015268802642822, 0.003735995851457119, 0.0014046266442164779]
[step 0080/150] method=baseline_cagrad loss=0.4210 train_acc=0.7124 train_loss=0.5813 val_acc=0.7108 val_loss=0.5762 router_H=0.5838 best=0.7108
           router_load=[0.29333236813545227, 0.7015268802642822, 0.003735995851457119, 0.0014046266442164779]
[step 0090/150] method=baseline_cagrad loss=0.4017 train_acc=0.7124 train_loss=0.5813 val_acc=0.7108 val_loss=0.5762 router_H=0.5838 best=0.7108
           router_load=[0.29333236813545227, 0.7015268802642822, 0.003735995851457119, 0.0014046266442164779]
[step 0100/150] method=baseline_cagrad loss=0.4572 train_acc=0.8261 train_loss=0.4199 val_acc=0.8064 val_loss=0.4195 router_H=0.5433 best=0.8064
           router_load=[0.24552558362483978, 0.7040103673934937, 0.04909982904791832, 0.0013642219128087163]
[step 0110/150] method=baseline_cagrad loss=0.6398 train_acc=0.8261 train_loss=0.4199 val_acc=0.8064 val_loss=0.4195 router_H=0.5433 best=0.8064
           router_load=[0.24552558362483978, 0.7040103673934937, 0.04909982904791832, 0.0013642219128087163]
[step 0120/150] method=baseline_cagrad loss=0.1997 train_acc=0.8261 train_loss=0.4199 val_acc=0.8064 val_loss=0.4195 router_H=0.5433 best=0.8064
           router_load=[0.24552558362483978, 0.7040103673934937, 0.04909982904791832, 0.0013642219128087163]
[step 0130/150] method=baseline_cagrad loss=0.5593 train_acc=0.8261 train_loss=0.4199 val_acc=0.8064 val_loss=0.4195 router_H=0.5433 best=0.8064
           router_load=[0.24552558362483978, 0.7040103673934937, 0.04909982904791832, 0.0013642219128087163]
[step 0140/150] method=baseline_cagrad loss=0.5599 train_acc=0.8261 train_loss=0.4199 val_acc=0.8064 val_loss=0.4195 router_H=0.5433 best=0.8064
           router_load=[0.24552558362483978, 0.7040103673934937, 0.04909982904791832, 0.0013642219128087163]
[step 0150/150] method=baseline_cagrad loss=0.5849 train_acc=0.8501 train_loss=0.3875 val_acc=0.8529 val_loss=0.3554 router_H=0.4191 best=0.8529
           router_load=[0.2507184147834778, 0.74821937084198, 0.0010620899265632033, 0.0]
saved summary -> /home/zhujjing/MOE-grad-conflict-routing/runs/paper_suite/single_gpu/single_task/roberta_mrpc_ffn_e4_k2/hpo/cagrad/trial_runs/coord_02_train_weight_decay_010/cagrad_s2.json
saved curve -> /home/zhujjing/MOE-grad-conflict-routing/runs/paper_suite/single_gpu/single_task/roberta_mrpc_ffn_e4_k2/hpo/cagrad/trial_runs/coord_02_train_weight_decay_010/cagrad_s2_curve.csv
