[run] method=cagrad candidate=coord_02_train_weight_decay_000 seed=3 steps=150 gpu=0
[run] cmd=
/home/zhujjing/anaconda3/envs/moe/bin/python /home/zhujjing/MOE-grad-conflict-routing/scripts/run.py --config configs/singletask_mrpc_real.yaml --set model.backbone_backend=hf --set model.hf_load_pretrained=true --set model.backbone=roberta --set model.hf_pretrained_name=roberta-base --set model.expert_type=ffn --set model.routing_mode=topk --set model.num_experts=4 --set model.top_k=2 --set seed=3 --set method.name=baseline_cagrad --set train.steps=150 --set train.eval_every_steps=50 --set method.baseline_cagrad.c=0.4 --set method.baseline_cagrad.inner_lr=0.1 --set train.grad_clip=1 --set train.lr=2.52305587e-05 --set train.weight_decay=0.003745151078 --out /home/zhujjing/MOE-grad-conflict-routing/runs/paper_suite/single_gpu/single_task/roberta_mrpc_ffn_e4_k2/hpo/cagrad/trial_runs/coord_02_train_weight_decay_000/cagrad_s3.json --curve_out /home/zhujjing/MOE-grad-conflict-routing/runs/paper_suite/single_gpu/single_task/roberta_mrpc_ffn_e4_k2/hpo/cagrad/trial_runs/coord_02_train_weight_decay_000/cagrad_s3_curve.csv
Using the latest cached version of the dataset since glue couldn't be found on the Hugging Face Hub (offline mode is enabled).
Found the latest cached dataset configuration 'mrpc' at /home/zhujjing/hf_cache/datasets/glue/mrpc/0.0.0/bcdcba79d07bc864c1c254ccfcedcce55bcc9a8c (last modified on Thu Mar 19 15:01:06 2026).
/home/zhujjing/anaconda3/envs/moe/lib/python3.10/site-packages/transformers/utils/hub.py:124: FutureWarning: Using `TRANSFORMERS_CACHE` is deprecated and will be removed in v5 of Transformers. Use `HF_HOME` instead.
  warnings.warn(
Some weights of RobertaModel were not initialized from the model checkpoint at roberta-base and are newly initialized: ['roberta.pooler.dense.bias', 'roberta.pooler.dense.weight']
You should probably TRAIN this model on a down-stream task to be able to use it for predictions and inference.
[step 0001/150] method=baseline_cagrad loss=0.6959 train_acc=nan train_loss=nan val_acc=nan val_loss=nan best=-1.0000
[step 0010/150] method=baseline_cagrad loss=0.7996 train_acc=nan train_loss=nan val_acc=nan val_loss=nan best=-1.0000
[step 0020/150] method=baseline_cagrad loss=0.6860 train_acc=nan train_loss=nan val_acc=nan val_loss=nan best=-1.0000
[step 0030/150] method=baseline_cagrad loss=0.5832 train_acc=nan train_loss=nan val_acc=nan val_loss=nan best=-1.0000
[step 0040/150] method=baseline_cagrad loss=0.6871 train_acc=nan train_loss=nan val_acc=nan val_loss=nan best=-1.0000
[step 0050/150] method=baseline_cagrad loss=0.4020 train_acc=0.7328 train_loss=0.4971 val_acc=0.7353 val_loss=0.4810 router_H=0.4074 best=0.7353
           router_load=[0.07031052559614182, 0.8263019323348999, 0.09625730663537979, 0.0071301329880952835]
[step 0060/150] method=baseline_cagrad loss=0.4776 train_acc=0.7328 train_loss=0.4971 val_acc=0.7353 val_loss=0.4810 router_H=0.4074 best=0.7353
           router_load=[0.07031052559614182, 0.8263019323348999, 0.09625730663537979, 0.0071301329880952835]
[step 0070/150] method=baseline_cagrad loss=0.4888 train_acc=0.7328 train_loss=0.4971 val_acc=0.7353 val_loss=0.4810 router_H=0.4074 best=0.7353
           router_load=[0.07031052559614182, 0.8263019323348999, 0.09625730663537979, 0.0071301329880952835]
[step 0080/150] method=baseline_cagrad loss=0.5322 train_acc=0.7328 train_loss=0.4971 val_acc=0.7353 val_loss=0.4810 router_H=0.4074 best=0.7353
           router_load=[0.07031052559614182, 0.8263019323348999, 0.09625730663537979, 0.0071301329880952835]
[step 0090/150] method=baseline_cagrad loss=0.5435 train_acc=0.7328 train_loss=0.4971 val_acc=0.7353 val_loss=0.4810 router_H=0.4074 best=0.7353
           router_load=[0.07031052559614182, 0.8263019323348999, 0.09625730663537979, 0.0071301329880952835]
[step 0100/150] method=baseline_cagrad loss=0.6158 train_acc=0.8391 train_loss=0.3877 val_acc=0.8162 val_loss=0.3973 router_H=0.4469 best=0.8162
           router_load=[0.14643612504005432, 0.8181973695755005, 0.027899302542209625, 0.00746737327426672]
[step 0110/150] method=baseline_cagrad loss=0.4595 train_acc=0.8391 train_loss=0.3877 val_acc=0.8162 val_loss=0.3973 router_H=0.4469 best=0.8162
           router_load=[0.14643612504005432, 0.8181973695755005, 0.027899302542209625, 0.00746737327426672]
[step 0120/150] method=baseline_cagrad loss=0.3044 train_acc=0.8391 train_loss=0.3877 val_acc=0.8162 val_loss=0.3973 router_H=0.4469 best=0.8162
           router_load=[0.14643612504005432, 0.8181973695755005, 0.027899302542209625, 0.00746737327426672]
[step 0130/150] method=baseline_cagrad loss=0.3272 train_acc=0.8391 train_loss=0.3877 val_acc=0.8162 val_loss=0.3973 router_H=0.4469 best=0.8162
           router_load=[0.14643612504005432, 0.8181973695755005, 0.027899302542209625, 0.00746737327426672]
[step 0140/150] method=baseline_cagrad loss=0.4232 train_acc=0.8391 train_loss=0.3877 val_acc=0.8162 val_loss=0.3973 router_H=0.4469 best=0.8162
           router_load=[0.14643612504005432, 0.8181973695755005, 0.027899302542209625, 0.00746737327426672]
[step 0150/150] method=baseline_cagrad loss=0.4773 train_acc=0.8490 train_loss=0.3597 val_acc=0.8431 val_loss=0.3683 router_H=0.3858 best=0.8431
           router_load=[0.13741903007030487, 0.8507429361343384, 0.009212261065840721, 0.0026259205769747496]
saved summary -> /home/zhujjing/MOE-grad-conflict-routing/runs/paper_suite/single_gpu/single_task/roberta_mrpc_ffn_e4_k2/hpo/cagrad/trial_runs/coord_02_train_weight_decay_000/cagrad_s3.json
saved curve -> /home/zhujjing/MOE-grad-conflict-routing/runs/paper_suite/single_gpu/single_task/roberta_mrpc_ffn_e4_k2/hpo/cagrad/trial_runs/coord_02_train_weight_decay_000/cagrad_s3_curve.csv
