[run] method=cagrad candidate=coord_02_train_weight_decay_014 seed=2 steps=150 gpu=0
[run] cmd=
/home/zhujjing/anaconda3/envs/moe/bin/python /home/zhujjing/MOE-grad-conflict-routing/scripts/run.py --config configs/singletask_mrpc_real.yaml --set model.backbone_backend=hf --set model.hf_load_pretrained=true --set model.backbone=roberta --set model.hf_pretrained_name=roberta-base --set model.expert_type=ffn --set model.routing_mode=topk --set model.num_experts=4 --set model.top_k=2 --set seed=2 --set method.name=baseline_cagrad --set train.steps=150 --set train.eval_every_steps=50 --set method.baseline_cagrad.c=0.4 --set method.baseline_cagrad.inner_lr=0.1 --set train.grad_clip=1 --set train.lr=2.52305587e-05 --set train.weight_decay=0.03714616012 --out /home/zhujjing/MOE-grad-conflict-routing/runs/paper_suite/single_gpu/single_task/roberta_mrpc_ffn_e4_k2/hpo/cagrad/trial_runs/coord_02_train_weight_decay_014/cagrad_s2.json --curve_out /home/zhujjing/MOE-grad-conflict-routing/runs/paper_suite/single_gpu/single_task/roberta_mrpc_ffn_e4_k2/hpo/cagrad/trial_runs/coord_02_train_weight_decay_014/cagrad_s2_curve.csv
Using the latest cached version of the dataset since glue couldn't be found on the Hugging Face Hub (offline mode is enabled).
Found the latest cached dataset configuration 'mrpc' at /home/zhujjing/hf_cache/datasets/glue/mrpc/0.0.0/bcdcba79d07bc864c1c254ccfcedcce55bcc9a8c (last modified on Thu Mar 19 15:01:06 2026).
/home/zhujjing/anaconda3/envs/moe/lib/python3.10/site-packages/transformers/utils/hub.py:124: FutureWarning: Using `TRANSFORMERS_CACHE` is deprecated and will be removed in v5 of Transformers. Use `HF_HOME` instead.
  warnings.warn(
Some weights of RobertaModel were not initialized from the model checkpoint at roberta-base and are newly initialized: ['roberta.pooler.dense.bias', 'roberta.pooler.dense.weight']
You should probably TRAIN this model on a down-stream task to be able to use it for predictions and inference.
[step 0001/150] method=baseline_cagrad loss=0.6855 train_acc=nan train_loss=nan val_acc=nan val_loss=nan best=-1.0000
[step 0010/150] method=baseline_cagrad loss=0.6565 train_acc=nan train_loss=nan val_acc=nan val_loss=nan best=-1.0000
[step 0020/150] method=baseline_cagrad loss=0.6513 train_acc=nan train_loss=nan val_acc=nan val_loss=nan best=-1.0000
[step 0030/150] method=baseline_cagrad loss=0.6797 train_acc=nan train_loss=nan val_acc=nan val_loss=nan best=-1.0000
[step 0040/150] method=baseline_cagrad loss=0.5825 train_acc=nan train_loss=nan val_acc=nan val_loss=nan best=-1.0000
[step 0050/150] method=baseline_cagrad loss=0.5797 train_acc=0.7146 train_loss=0.5628 val_acc=0.7108 val_loss=0.5681 router_H=0.4240 best=0.7108
           router_load=[0.8140947222709656, 0.042201150208711624, 0.007564735598862171, 0.13613952696323395]
[step 0060/150] method=baseline_cagrad loss=0.5782 train_acc=0.7146 train_loss=0.5628 val_acc=0.7108 val_loss=0.5681 router_H=0.4240 best=0.7108
           router_load=[0.8140947222709656, 0.042201150208711624, 0.007564735598862171, 0.13613952696323395]
[step 0070/150] method=baseline_cagrad loss=0.4109 train_acc=0.7146 train_loss=0.5628 val_acc=0.7108 val_loss=0.5681 router_H=0.4240 best=0.7108
           router_load=[0.8140947222709656, 0.042201150208711624, 0.007564735598862171, 0.13613952696323395]
[step 0080/150] method=baseline_cagrad loss=0.4477 train_acc=0.7146 train_loss=0.5628 val_acc=0.7108 val_loss=0.5681 router_H=0.4240 best=0.7108
           router_load=[0.8140947222709656, 0.042201150208711624, 0.007564735598862171, 0.13613952696323395]
[step 0090/150] method=baseline_cagrad loss=0.3827 train_acc=0.7146 train_loss=0.5628 val_acc=0.7108 val_loss=0.5681 router_H=0.4240 best=0.7108
           router_load=[0.8140947222709656, 0.042201150208711624, 0.007564735598862171, 0.13613952696323395]
[step 0100/150] method=baseline_cagrad loss=0.4890 train_acc=0.8015 train_loss=0.4027 val_acc=0.8015 val_loss=0.4027 router_H=0.5446 best=0.8015
           router_load=[0.6273382306098938, 0.24859194457530975, 0.0022972351871430874, 0.12177251279354095]
[step 0110/150] method=baseline_cagrad loss=0.6632 train_acc=0.8015 train_loss=0.4027 val_acc=0.8015 val_loss=0.4027 router_H=0.5446 best=0.8015
           router_load=[0.6273382306098938, 0.24859194457530975, 0.0022972351871430874, 0.12177251279354095]
[step 0120/150] method=baseline_cagrad loss=0.3006 train_acc=0.8015 train_loss=0.4027 val_acc=0.8015 val_loss=0.4027 router_H=0.5446 best=0.8015
           router_load=[0.6273382306098938, 0.24859194457530975, 0.0022972351871430874, 0.12177251279354095]
[step 0130/150] method=baseline_cagrad loss=0.4844 train_acc=0.8015 train_loss=0.4027 val_acc=0.8015 val_loss=0.4027 router_H=0.5446 best=0.8015
           router_load=[0.6273382306098938, 0.24859194457530975, 0.0022972351871430874, 0.12177251279354095]
[step 0140/150] method=baseline_cagrad loss=0.3867 train_acc=0.8015 train_loss=0.4027 val_acc=0.8015 val_loss=0.4027 router_H=0.5446 best=0.8015
           router_load=[0.6273382306098938, 0.24859194457530975, 0.0022972351871430874, 0.12177251279354095]
[step 0150/150] method=baseline_cagrad loss=0.7918 train_acc=0.8506 train_loss=0.4123 val_acc=0.8505 val_loss=0.4205 router_H=0.3256 best=0.8505
           router_load=[0.7670508623123169, 0.1574622392654419, 0.015344033017754555, 0.0601428784430027]
saved summary -> /home/zhujjing/MOE-grad-conflict-routing/runs/paper_suite/single_gpu/single_task/roberta_mrpc_ffn_e4_k2/hpo/cagrad/trial_runs/coord_02_train_weight_decay_014/cagrad_s2.json
saved curve -> /home/zhujjing/MOE-grad-conflict-routing/runs/paper_suite/single_gpu/single_task/roberta_mrpc_ffn_e4_k2/hpo/cagrad/trial_runs/coord_02_train_weight_decay_014/cagrad_s2_curve.csv
