[run] method=cagrad candidate=coord_02_train_weight_decay_008 seed=2 steps=150 gpu=0
[run] cmd=
/home/zhujjing/anaconda3/envs/moe/bin/python /home/zhujjing/MOE-grad-conflict-routing/scripts/run.py --config configs/singletask_mrpc_real.yaml --set model.backbone_backend=hf --set model.hf_load_pretrained=true --set model.backbone=roberta --set model.hf_pretrained_name=roberta-base --set model.expert_type=ffn --set model.routing_mode=topk --set model.num_experts=4 --set model.top_k=2 --set seed=2 --set method.name=baseline_cagrad --set train.steps=150 --set train.eval_every_steps=50 --set method.baseline_cagrad.c=0.4 --set method.baseline_cagrad.inner_lr=0.1 --set train.grad_clip=1 --set train.lr=2.52305587e-05 --set train.weight_decay=0.009265879002 --out /home/zhujjing/MOE-grad-conflict-routing/runs/paper_suite/single_gpu/single_task/roberta_mrpc_ffn_e4_k2/hpo/cagrad/trial_runs/coord_02_train_weight_decay_008/cagrad_s2.json --curve_out /home/zhujjing/MOE-grad-conflict-routing/runs/paper_suite/single_gpu/single_task/roberta_mrpc_ffn_e4_k2/hpo/cagrad/trial_runs/coord_02_train_weight_decay_008/cagrad_s2_curve.csv
Using the latest cached version of the dataset since glue couldn't be found on the Hugging Face Hub (offline mode is enabled).
Found the latest cached dataset configuration 'mrpc' at /home/zhujjing/hf_cache/datasets/glue/mrpc/0.0.0/bcdcba79d07bc864c1c254ccfcedcce55bcc9a8c (last modified on Thu Mar 19 15:01:06 2026).
/home/zhujjing/anaconda3/envs/moe/lib/python3.10/site-packages/transformers/utils/hub.py:124: FutureWarning: Using `TRANSFORMERS_CACHE` is deprecated and will be removed in v5 of Transformers. Use `HF_HOME` instead.
  warnings.warn(
Some weights of RobertaModel were not initialized from the model checkpoint at roberta-base and are newly initialized: ['roberta.pooler.dense.bias', 'roberta.pooler.dense.weight']
You should probably TRAIN this model on a down-stream task to be able to use it for predictions and inference.
[step 0001/150] method=baseline_cagrad loss=0.6899 train_acc=nan train_loss=nan val_acc=nan val_loss=nan best=-1.0000
[step 0010/150] method=baseline_cagrad loss=0.6568 train_acc=nan train_loss=nan val_acc=nan val_loss=nan best=-1.0000
[step 0020/150] method=baseline_cagrad loss=0.6570 train_acc=nan train_loss=nan val_acc=nan val_loss=nan best=-1.0000
[step 0030/150] method=baseline_cagrad loss=0.6446 train_acc=nan train_loss=nan val_acc=nan val_loss=nan best=-1.0000
[step 0040/150] method=baseline_cagrad loss=0.5492 train_acc=nan train_loss=nan val_acc=nan val_loss=nan best=-1.0000
[step 0050/150] method=baseline_cagrad loss=0.5234 train_acc=0.7176 train_loss=0.5513 val_acc=0.7010 val_loss=0.5526 router_H=0.5154 best=0.7010
           router_load=[0.2101670652627945, 0.0, 0.7864975333213806, 0.0033354528713971376]
[step 0060/150] method=baseline_cagrad loss=0.6233 train_acc=0.7176 train_loss=0.5513 val_acc=0.7010 val_loss=0.5526 router_H=0.5154 best=0.7010
           router_load=[0.2101670652627945, 0.0, 0.7864975333213806, 0.0033354528713971376]
[step 0070/150] method=baseline_cagrad loss=0.3652 train_acc=0.7176 train_loss=0.5513 val_acc=0.7010 val_loss=0.5526 router_H=0.5154 best=0.7010
           router_load=[0.2101670652627945, 0.0, 0.7864975333213806, 0.0033354528713971376]
[step 0080/150] method=baseline_cagrad loss=0.4747 train_acc=0.7176 train_loss=0.5513 val_acc=0.7010 val_loss=0.5526 router_H=0.5154 best=0.7010
           router_load=[0.2101670652627945, 0.0, 0.7864975333213806, 0.0033354528713971376]
[step 0090/150] method=baseline_cagrad loss=0.4401 train_acc=0.7176 train_loss=0.5513 val_acc=0.7010 val_loss=0.5526 router_H=0.5154 best=0.7010
           router_load=[0.2101670652627945, 0.0, 0.7864975333213806, 0.0033354528713971376]
[step 0100/150] method=baseline_cagrad loss=0.5740 train_acc=0.7852 train_loss=0.5011 val_acc=0.7721 val_loss=0.5045 router_H=0.5591 best=0.7721
           router_load=[0.07873804122209549, 0.1706548035144806, 0.7501044273376465, 0.0005026430590078235]
[step 0110/150] method=baseline_cagrad loss=0.6258 train_acc=0.7852 train_loss=0.5011 val_acc=0.7721 val_loss=0.5045 router_H=0.5591 best=0.7721
           router_load=[0.07873804122209549, 0.1706548035144806, 0.7501044273376465, 0.0005026430590078235]
[step 0120/150] method=baseline_cagrad loss=0.3157 train_acc=0.7852 train_loss=0.5011 val_acc=0.7721 val_loss=0.5045 router_H=0.5591 best=0.7721
           router_load=[0.07873804122209549, 0.1706548035144806, 0.7501044273376465, 0.0005026430590078235]
[step 0130/150] method=baseline_cagrad loss=0.4885 train_acc=0.7852 train_loss=0.5011 val_acc=0.7721 val_loss=0.5045 router_H=0.5591 best=0.7721
           router_load=[0.07873804122209549, 0.1706548035144806, 0.7501044273376465, 0.0005026430590078235]
[step 0140/150] method=baseline_cagrad loss=0.5569 train_acc=0.7852 train_loss=0.5011 val_acc=0.7721 val_loss=0.5045 router_H=0.5591 best=0.7721
           router_load=[0.07873804122209549, 0.1706548035144806, 0.7501044273376465, 0.0005026430590078235]
[step 0150/150] method=baseline_cagrad loss=0.5993 train_acc=0.8623 train_loss=0.3479 val_acc=0.8603 val_loss=0.3555 router_H=0.3989 best=0.8603
           router_load=[0.014698171988129616, 0.007746735587716103, 0.8622380495071411, 0.11531723290681839]
saved summary -> /home/zhujjing/MOE-grad-conflict-routing/runs/paper_suite/single_gpu/single_task/roberta_mrpc_ffn_e4_k2/hpo/cagrad/trial_runs/coord_02_train_weight_decay_008/cagrad_s2.json
saved curve -> /home/zhujjing/MOE-grad-conflict-routing/runs/paper_suite/single_gpu/single_task/roberta_mrpc_ffn_e4_k2/hpo/cagrad/trial_runs/coord_02_train_weight_decay_008/cagrad_s2_curve.csv
