[run] method=ours candidate=local_var_topk_006 seed=3 steps=1000 gpu=0
[run] cmd=
/home/zhujjing/anaconda3/envs/moe/bin/python /home/zhujjing/MOE-grad-conflict-routing/scripts/run.py --config configs/singletask_rte_real.yaml --set model.backbone_backend=hf --set model.hf_load_pretrained=true --set model.backbone=roberta --set model.hf_pretrained_name=roberta-base --set model.expert_type=lora --set model.routing_mode=topk --set model.num_experts=4 --set model.top_k=2 --set seed=3 --set method.name=ours --set train.steps=1000 --set train.eval_every_steps=50 --set method.ours.use_load_norm=true --set method.ours.lambda_align=0.002469375668 --set train.grad_clip=1.721917769 --set train.lr=1.2608146e-05 --set train.weight_decay=0.03145867636 --out /home/zhujjing/MOE-grad-conflict-routing/runs/paper_suite/single_gpu/single_task/roberta_rte_lora_e4_k2/final/ours_s3.json --curve_out /home/zhujjing/MOE-grad-conflict-routing/runs/paper_suite/single_gpu/single_task/roberta_rte_lora_e4_k2/final/ours_s3_curve.csv
Using the latest cached version of the dataset since glue couldn't be found on the Hugging Face Hub (offline mode is enabled).
Found the latest cached dataset configuration 'rte' at /home/zhujjing/hf_cache/datasets/glue/rte/0.0.0/bcdcba79d07bc864c1c254ccfcedcce55bcc9a8c (last modified on Thu Mar 19 15:00:36 2026).
/home/zhujjing/anaconda3/envs/moe/lib/python3.10/site-packages/transformers/utils/hub.py:124: FutureWarning: Using `TRANSFORMERS_CACHE` is deprecated and will be removed in v5 of Transformers. Use `HF_HOME` instead.
  warnings.warn(
Some weights of RobertaModel were not initialized from the model checkpoint at roberta-base and are newly initialized: ['roberta.pooler.dense.bias', 'roberta.pooler.dense.weight']
You should probably TRAIN this model on a down-stream task to be able to use it for predictions and inference.
[step 0001/1000] method=ours loss=0.6834 train_acc=nan train_loss=nan val_acc=nan val_loss=nan best=-1.0000
[step 0010/1000] method=ours loss=0.6965 train_acc=nan train_loss=nan val_acc=nan val_loss=nan best=-1.0000
[step 0020/1000] method=ours loss=0.6983 train_acc=nan train_loss=nan val_acc=nan val_loss=nan best=-1.0000
[step 0030/1000] method=ours loss=0.6792 train_acc=nan train_loss=nan val_acc=nan val_loss=nan best=-1.0000
[step 0040/1000] method=ours loss=0.6702 train_acc=nan train_loss=nan val_acc=nan val_loss=nan best=-1.0000
[step 0050/1000] method=ours loss=0.6637 train_acc=0.6120 train_loss=0.6647 val_acc=0.5848 val_loss=0.6785 router_H=0.6901 best=0.5848
           router_load=[0.1592986136674881, 0.20788347721099854, 0.5303229093551636, 0.1024949923157692]
[step 0060/1000] method=ours loss=0.5838 train_acc=0.6120 train_loss=0.6647 val_acc=0.5848 val_loss=0.6785 router_H=0.6901 best=0.5848
           router_load=[0.1592986136674881, 0.20788347721099854, 0.5303229093551636, 0.1024949923157692]
[step 0070/1000] method=ours loss=0.6636 train_acc=0.6120 train_loss=0.6647 val_acc=0.5848 val_loss=0.6785 router_H=0.6901 best=0.5848
           router_load=[0.1592986136674881, 0.20788347721099854, 0.5303229093551636, 0.1024949923157692]
[step 0080/1000] method=ours loss=0.5362 train_acc=0.6120 train_loss=0.6647 val_acc=0.5848 val_loss=0.6785 router_H=0.6901 best=0.5848
           router_load=[0.1592986136674881, 0.20788347721099854, 0.5303229093551636, 0.1024949923157692]
[step 0090/1000] method=ours loss=0.5566 train_acc=0.6120 train_loss=0.6647 val_acc=0.5848 val_loss=0.6785 router_H=0.6901 best=0.5848
           router_load=[0.1592986136674881, 0.20788347721099854, 0.5303229093551636, 0.1024949923157692]
[step 0100/1000] method=ours loss=0.6377 train_acc=0.7072 train_loss=0.5727 val_acc=0.6643 val_loss=0.6107 router_H=0.6898 best=0.6643
           router_load=[0.1973104029893875, 0.05083319917321205, 0.4574662744998932, 0.29439014196395874]
[step 0110/1000] method=ours loss=0.6571 train_acc=0.7072 train_loss=0.5727 val_acc=0.6643 val_loss=0.6107 router_H=0.6898 best=0.6643
           router_load=[0.1973104029893875, 0.05083319917321205, 0.4574662744998932, 0.29439014196395874]
[step 0120/1000] method=ours loss=0.5933 train_acc=0.7072 train_loss=0.5727 val_acc=0.6643 val_loss=0.6107 router_H=0.6898 best=0.6643
           router_load=[0.1973104029893875, 0.05083319917321205, 0.4574662744998932, 0.29439014196395874]
[step 0130/1000] method=ours loss=0.6437 train_acc=0.7072 train_loss=0.5727 val_acc=0.6643 val_loss=0.6107 router_H=0.6898 best=0.6643
           router_load=[0.1973104029893875, 0.05083319917321205, 0.4574662744998932, 0.29439014196395874]
[step 0140/1000] method=ours loss=0.5902 train_acc=0.7072 train_loss=0.5727 val_acc=0.6643 val_loss=0.6107 router_H=0.6898 best=0.6643
           router_load=[0.1973104029893875, 0.05083319917321205, 0.4574662744998932, 0.29439014196395874]
[step 0150/1000] method=ours loss=0.5626 train_acc=0.7373 train_loss=0.5322 val_acc=0.6787 val_loss=0.5996 router_H=0.6898 best=0.6787
           router_load=[0.08674998581409454, 0.07877542078495026, 0.4858342707157135, 0.3486402630805969]
[step 0160/1000] method=ours loss=0.5558 train_acc=0.7373 train_loss=0.5322 val_acc=0.6787 val_loss=0.5996 router_H=0.6898 best=0.6787
           router_load=[0.08674998581409454, 0.07877542078495026, 0.4858342707157135, 0.3486402630805969]
[step 0170/1000] method=ours loss=0.5262 train_acc=0.7373 train_loss=0.5322 val_acc=0.6787 val_loss=0.5996 router_H=0.6898 best=0.6787
           router_load=[0.08674998581409454, 0.07877542078495026, 0.4858342707157135, 0.3486402630805969]
[step 0180/1000] method=ours loss=0.6211 train_acc=0.7373 train_loss=0.5322 val_acc=0.6787 val_loss=0.5996 router_H=0.6898 best=0.6787
           router_load=[0.08674998581409454, 0.07877542078495026, 0.4858342707157135, 0.3486402630805969]
[step 0190/1000] method=ours loss=0.7669 train_acc=0.7373 train_loss=0.5322 val_acc=0.6787 val_loss=0.5996 router_H=0.6898 best=0.6787
           router_load=[0.08674998581409454, 0.07877542078495026, 0.4858342707157135, 0.3486402630805969]
[step 0200/1000] method=ours loss=0.4121 train_acc=0.7900 train_loss=0.4534 val_acc=0.6895 val_loss=0.5832 router_H=0.6893 best=0.6895
           router_load=[0.17599429190158844, 0.09702757745981216, 0.4620599150657654, 0.26491817831993103]
[step 0210/1000] method=ours loss=0.5931 train_acc=0.7900 train_loss=0.4534 val_acc=0.6895 val_loss=0.5832 router_H=0.6893 best=0.6895
           router_load=[0.17599429190158844, 0.09702757745981216, 0.4620599150657654, 0.26491817831993103]
[step 0220/1000] method=ours loss=0.6283 train_acc=0.7900 train_loss=0.4534 val_acc=0.6895 val_loss=0.5832 router_H=0.6893 best=0.6895
           router_load=[0.17599429190158844, 0.09702757745981216, 0.4620599150657654, 0.26491817831993103]
[step 0230/1000] method=ours loss=0.5941 train_acc=0.7900 train_loss=0.4534 val_acc=0.6895 val_loss=0.5832 router_H=0.6893 best=0.6895
           router_load=[0.17599429190158844, 0.09702757745981216, 0.4620599150657654, 0.26491817831993103]
[step 0240/1000] method=ours loss=0.4443 train_acc=0.7900 train_loss=0.4534 val_acc=0.6895 val_loss=0.5832 router_H=0.6893 best=0.6895
           router_load=[0.17599429190158844, 0.09702757745981216, 0.4620599150657654, 0.26491817831993103]
[step 0250/1000] method=ours loss=0.4824 train_acc=0.7426 train_loss=0.4970 val_acc=0.7076 val_loss=0.5905 router_H=0.6860 best=0.7076
           router_load=[0.08386463671922684, 0.11807658523321152, 0.5249965190887451, 0.273062139749527]
[step 0260/1000] method=ours loss=0.6377 train_acc=0.7426 train_loss=0.4970 val_acc=0.7076 val_loss=0.5905 router_H=0.6860 best=0.7076
           router_load=[0.08386463671922684, 0.11807658523321152, 0.5249965190887451, 0.273062139749527]
[step 0270/1000] method=ours loss=0.6201 train_acc=0.7426 train_loss=0.4970 val_acc=0.7076 val_loss=0.5905 router_H=0.6860 best=0.7076
           router_load=[0.08386463671922684, 0.11807658523321152, 0.5249965190887451, 0.273062139749527]
[step 0280/1000] method=ours loss=0.4665 train_acc=0.7426 train_loss=0.4970 val_acc=0.7076 val_loss=0.5905 router_H=0.6860 best=0.7076
           router_load=[0.08386463671922684, 0.11807658523321152, 0.5249965190887451, 0.273062139749527]
[step 0290/1000] method=ours loss=0.7093 train_acc=0.7426 train_loss=0.4970 val_acc=0.7076 val_loss=0.5905 router_H=0.6860 best=0.7076
           router_load=[0.08386463671922684, 0.11807658523321152, 0.5249965190887451, 0.273062139749527]
[step 0300/1000] method=ours loss=0.3193 train_acc=0.8779 train_loss=0.3606 val_acc=0.7256 val_loss=0.5337 router_H=0.6885 best=0.7256
           router_load=[0.13851414620876312, 0.10522357374429703, 0.4795862138271332, 0.27667608857154846]
[step 0310/1000] method=ours loss=0.2071 train_acc=0.8779 train_loss=0.3606 val_acc=0.7256 val_loss=0.5337 router_H=0.6885 best=0.7256
           router_load=[0.13851414620876312, 0.10522357374429703, 0.4795862138271332, 0.27667608857154846]
[step 0320/1000] method=ours loss=0.4391 train_acc=0.8779 train_loss=0.3606 val_acc=0.7256 val_loss=0.5337 router_H=0.6885 best=0.7256
           router_load=[0.13851414620876312, 0.10522357374429703, 0.4795862138271332, 0.27667608857154846]
[step 0330/1000] method=ours loss=0.2277 train_acc=0.8779 train_loss=0.3606 val_acc=0.7256 val_loss=0.5337 router_H=0.6885 best=0.7256
           router_load=[0.13851414620876312, 0.10522357374429703, 0.4795862138271332, 0.27667608857154846]
[step 0340/1000] method=ours loss=0.2766 train_acc=0.8779 train_loss=0.3606 val_acc=0.7256 val_loss=0.5337 router_H=0.6885 best=0.7256
           router_load=[0.13851414620876312, 0.10522357374429703, 0.4795862138271332, 0.27667608857154846]
[step 0350/1000] method=ours loss=0.4343 train_acc=0.8847 train_loss=0.2925 val_acc=0.7076 val_loss=0.6397 router_H=0.6860 best=0.7256
           router_load=[0.15329697728157043, 0.2074011266231537, 0.4656437039375305, 0.17365816235542297]
[step 0360/1000] method=ours loss=0.3093 train_acc=0.8847 train_loss=0.2925 val_acc=0.7076 val_loss=0.6397 router_H=0.6860 best=0.7256
           router_load=[0.15329697728157043, 0.2074011266231537, 0.4656437039375305, 0.17365816235542297]
[step 0370/1000] method=ours loss=0.1235 train_acc=0.8847 train_loss=0.2925 val_acc=0.7076 val_loss=0.6397 router_H=0.6860 best=0.7256
           router_load=[0.15329697728157043, 0.2074011266231537, 0.4656437039375305, 0.17365816235542297]
[step 0380/1000] method=ours loss=0.3367 train_acc=0.8847 train_loss=0.2925 val_acc=0.7076 val_loss=0.6397 router_H=0.6860 best=0.7256
           router_load=[0.15329697728157043, 0.2074011266231537, 0.4656437039375305, 0.17365816235542297]
[step 0390/1000] method=ours loss=0.2347 train_acc=0.8847 train_loss=0.2925 val_acc=0.7076 val_loss=0.6397 router_H=0.6860 best=0.7256
           router_load=[0.15329697728157043, 0.2074011266231537, 0.4656437039375305, 0.17365816235542297]
[step 0400/1000] method=ours loss=0.3351 train_acc=0.9233 train_loss=0.2181 val_acc=0.7509 val_loss=0.5646 router_H=0.6827 best=0.7509
           router_load=[0.2098771184682846, 0.14231210947036743, 0.5025447010993958, 0.14526604115962982]
[step 0410/1000] method=ours loss=0.1953 train_acc=0.9233 train_loss=0.2181 val_acc=0.7509 val_loss=0.5646 router_H=0.6827 best=0.7509
           router_load=[0.2098771184682846, 0.14231210947036743, 0.5025447010993958, 0.14526604115962982]
[step 0420/1000] method=ours loss=0.2919 train_acc=0.9233 train_loss=0.2181 val_acc=0.7509 val_loss=0.5646 router_H=0.6827 best=0.7509
           router_load=[0.2098771184682846, 0.14231210947036743, 0.5025447010993958, 0.14526604115962982]
[step 0430/1000] method=ours loss=0.3312 train_acc=0.9233 train_loss=0.2181 val_acc=0.7509 val_loss=0.5646 router_H=0.6827 best=0.7509
           router_load=[0.2098771184682846, 0.14231210947036743, 0.5025447010993958, 0.14526604115962982]
[step 0440/1000] method=ours loss=0.6817 train_acc=0.9233 train_loss=0.2181 val_acc=0.7509 val_loss=0.5646 router_H=0.6827 best=0.7509
           router_load=[0.2098771184682846, 0.14231210947036743, 0.5025447010993958, 0.14526604115962982]
[step 0450/1000] method=ours loss=0.4844 train_acc=0.9386 train_loss=0.1950 val_acc=0.7473 val_loss=0.5309 router_H=0.6865 best=0.7509
           router_load=[0.1969292163848877, 0.21198908984661102, 0.4706912934780121, 0.12039053440093994]
[step 0460/1000] method=ours loss=0.5719 train_acc=0.9386 train_loss=0.1950 val_acc=0.7473 val_loss=0.5309 router_H=0.6865 best=0.7509
           router_load=[0.1969292163848877, 0.21198908984661102, 0.4706912934780121, 0.12039053440093994]
[step 0470/1000] method=ours loss=0.2535 train_acc=0.9386 train_loss=0.1950 val_acc=0.7473 val_loss=0.5309 router_H=0.6865 best=0.7509
           router_load=[0.1969292163848877, 0.21198908984661102, 0.4706912934780121, 0.12039053440093994]
[step 0480/1000] method=ours loss=0.2344 train_acc=0.9386 train_loss=0.1950 val_acc=0.7473 val_loss=0.5309 router_H=0.6865 best=0.7509
           router_load=[0.1969292163848877, 0.21198908984661102, 0.4706912934780121, 0.12039053440093994]
[step 0490/1000] method=ours loss=0.2574 train_acc=0.9386 train_loss=0.1950 val_acc=0.7473 val_loss=0.5309 router_H=0.6865 best=0.7509
           router_load=[0.1969292163848877, 0.21198908984661102, 0.4706912934780121, 0.12039053440093994]
[step 0500/1000] method=ours loss=0.0443 train_acc=0.9466 train_loss=0.1596 val_acc=0.7329 val_loss=0.7572 router_H=0.6848 best=0.7509
           router_load=[0.2095126062631607, 0.2911056876182556, 0.3465122878551483, 0.15286940336227417]
[step 0510/1000] method=ours loss=0.1052 train_acc=0.9466 train_loss=0.1596 val_acc=0.7329 val_loss=0.7572 router_H=0.6848 best=0.7509
           router_load=[0.2095126062631607, 0.2911056876182556, 0.3465122878551483, 0.15286940336227417]
[step 0520/1000] method=ours loss=0.3617 train_acc=0.9466 train_loss=0.1596 val_acc=0.7329 val_loss=0.7572 router_H=0.6848 best=0.7509
           router_load=[0.2095126062631607, 0.2911056876182556, 0.3465122878551483, 0.15286940336227417]
[step 0530/1000] method=ours loss=0.5876 train_acc=0.9466 train_loss=0.1596 val_acc=0.7329 val_loss=0.7572 router_H=0.6848 best=0.7509
           router_load=[0.2095126062631607, 0.2911056876182556, 0.3465122878551483, 0.15286940336227417]
[step 0540/1000] method=ours loss=0.2249 train_acc=0.9466 train_loss=0.1596 val_acc=0.7329 val_loss=0.7572 router_H=0.6848 best=0.7509
           router_load=[0.2095126062631607, 0.2911056876182556, 0.3465122878551483, 0.15286940336227417]
[step 0550/1000] method=ours loss=0.6132 train_acc=0.9582 train_loss=0.1132 val_acc=0.7581 val_loss=0.6749 router_H=0.6835 best=0.7581
           router_load=[0.28371796011924744, 0.21605688333511353, 0.32589003443717957, 0.17433516681194305]
[step 0560/1000] method=ours loss=0.4472 train_acc=0.9582 train_loss=0.1132 val_acc=0.7581 val_loss=0.6749 router_H=0.6835 best=0.7581
           router_load=[0.28371796011924744, 0.21605688333511353, 0.32589003443717957, 0.17433516681194305]
[step 0570/1000] method=ours loss=0.2731 train_acc=0.9582 train_loss=0.1132 val_acc=0.7581 val_loss=0.6749 router_H=0.6835 best=0.7581
           router_load=[0.28371796011924744, 0.21605688333511353, 0.32589003443717957, 0.17433516681194305]
[step 0580/1000] method=ours loss=0.1178 train_acc=0.9582 train_loss=0.1132 val_acc=0.7581 val_loss=0.6749 router_H=0.6835 best=0.7581
           router_load=[0.28371796011924744, 0.21605688333511353, 0.32589003443717957, 0.17433516681194305]
[step 0590/1000] method=ours loss=0.2439 train_acc=0.9582 train_loss=0.1132 val_acc=0.7581 val_loss=0.6749 router_H=0.6835 best=0.7581
           router_load=[0.28371796011924744, 0.21605688333511353, 0.32589003443717957, 0.17433516681194305]
[step 0600/1000] method=ours loss=0.0538 train_acc=0.9321 train_loss=0.1912 val_acc=0.7148 val_loss=0.9050 router_H=0.6846 best=0.7581
           router_load=[0.18760988116264343, 0.3225211501121521, 0.2083931863307953, 0.28147584199905396]
[step 0610/1000] method=ours loss=0.5664 train_acc=0.9321 train_loss=0.1912 val_acc=0.7148 val_loss=0.9050 router_H=0.6846 best=0.7581
           router_load=[0.18760988116264343, 0.3225211501121521, 0.2083931863307953, 0.28147584199905396]
[step 0620/1000] method=ours loss=0.1959 train_acc=0.9321 train_loss=0.1912 val_acc=0.7148 val_loss=0.9050 router_H=0.6846 best=0.7581
           router_load=[0.18760988116264343, 0.3225211501121521, 0.2083931863307953, 0.28147584199905396]
[step 0630/1000] method=ours loss=0.1084 train_acc=0.9321 train_loss=0.1912 val_acc=0.7148 val_loss=0.9050 router_H=0.6846 best=0.7581
           router_load=[0.18760988116264343, 0.3225211501121521, 0.2083931863307953, 0.28147584199905396]
[step 0640/1000] method=ours loss=0.4751 train_acc=0.9321 train_loss=0.1912 val_acc=0.7148 val_loss=0.9050 router_H=0.6846 best=0.7581
           router_load=[0.18760988116264343, 0.3225211501121521, 0.2083931863307953, 0.28147584199905396]
[step 0650/1000] method=ours loss=0.1012 train_acc=0.9655 train_loss=0.1111 val_acc=0.7473 val_loss=0.8331 router_H=0.6845 best=0.7581
           router_load=[0.206228107213974, 0.29035484790802, 0.203581303358078, 0.2998356819152832]
[step 0660/1000] method=ours loss=0.1011 train_acc=0.9655 train_loss=0.1111 val_acc=0.7473 val_loss=0.8331 router_H=0.6845 best=0.7581
           router_load=[0.206228107213974, 0.29035484790802, 0.203581303358078, 0.2998356819152832]
[step 0670/1000] method=ours loss=0.0192 train_acc=0.9655 train_loss=0.1111 val_acc=0.7473 val_loss=0.8331 router_H=0.6845 best=0.7581
           router_load=[0.206228107213974, 0.29035484790802, 0.203581303358078, 0.2998356819152832]
[step 0680/1000] method=ours loss=0.2917 train_acc=0.9655 train_loss=0.1111 val_acc=0.7473 val_loss=0.8331 router_H=0.6845 best=0.7581
           router_load=[0.206228107213974, 0.29035484790802, 0.203581303358078, 0.2998356819152832]
[step 0690/1000] method=ours loss=0.3280 train_acc=0.9655 train_loss=0.1111 val_acc=0.7473 val_loss=0.8331 router_H=0.6845 best=0.7581
           router_load=[0.206228107213974, 0.29035484790802, 0.203581303358078, 0.2998356819152832]
[step 0700/1000] method=ours loss=0.3351 train_acc=0.9735 train_loss=0.0858 val_acc=0.7653 val_loss=0.9424 router_H=0.6796 best=0.7653
           router_load=[0.22497962415218353, 0.31566745042800903, 0.32351425290107727, 0.13583867251873016]
[step 0710/1000] method=ours loss=0.0302 train_acc=0.9735 train_loss=0.0858 val_acc=0.7653 val_loss=0.9424 router_H=0.6796 best=0.7653
           router_load=[0.22497962415218353, 0.31566745042800903, 0.32351425290107727, 0.13583867251873016]
[step 0720/1000] method=ours loss=0.1095 train_acc=0.9735 train_loss=0.0858 val_acc=0.7653 val_loss=0.9424 router_H=0.6796 best=0.7653
           router_load=[0.22497962415218353, 0.31566745042800903, 0.32351425290107727, 0.13583867251873016]
[step 0730/1000] method=ours loss=0.0069 train_acc=0.9735 train_loss=0.0858 val_acc=0.7653 val_loss=0.9424 router_H=0.6796 best=0.7653
           router_load=[0.22497962415218353, 0.31566745042800903, 0.32351425290107727, 0.13583867251873016]
[step 0740/1000] method=ours loss=0.0210 train_acc=0.9735 train_loss=0.0858 val_acc=0.7653 val_loss=0.9424 router_H=0.6796 best=0.7653
           router_load=[0.22497962415218353, 0.31566745042800903, 0.32351425290107727, 0.13583867251873016]
[step 0750/1000] method=ours loss=0.0082 train_acc=0.9727 train_loss=0.0815 val_acc=0.7184 val_loss=1.1874 router_H=0.6799 best=0.7653
           router_load=[0.2240227311849594, 0.32504934072494507, 0.3812198340892792, 0.06970816850662231]
[step 0760/1000] method=ours loss=0.2933 train_acc=0.9727 train_loss=0.0815 val_acc=0.7184 val_loss=1.1874 router_H=0.6799 best=0.7653
           router_load=[0.2240227311849594, 0.32504934072494507, 0.3812198340892792, 0.06970816850662231]
[step 0770/1000] method=ours loss=0.6299 train_acc=0.9727 train_loss=0.0815 val_acc=0.7184 val_loss=1.1874 router_H=0.6799 best=0.7653
           router_load=[0.2240227311849594, 0.32504934072494507, 0.3812198340892792, 0.06970816850662231]
[step 0780/1000] method=ours loss=0.0532 train_acc=0.9727 train_loss=0.0815 val_acc=0.7184 val_loss=1.1874 router_H=0.6799 best=0.7653
           router_load=[0.2240227311849594, 0.32504934072494507, 0.3812198340892792, 0.06970816850662231]
[step 0790/1000] method=ours loss=0.0149 train_acc=0.9727 train_loss=0.0815 val_acc=0.7184 val_loss=1.1874 router_H=0.6799 best=0.7653
           router_load=[0.2240227311849594, 0.32504934072494507, 0.3812198340892792, 0.06970816850662231]
[step 0800/1000] method=ours loss=0.1602 train_acc=0.9663 train_loss=0.1113 val_acc=0.7365 val_loss=1.1002 router_H=0.6790 best=0.7653
           router_load=[0.18641653656959534, 0.3788956105709076, 0.2987390458583832, 0.13594867289066315]
[step 0810/1000] method=ours loss=0.0189 train_acc=0.9663 train_loss=0.1113 val_acc=0.7365 val_loss=1.1002 router_H=0.6790 best=0.7653
           router_load=[0.18641653656959534, 0.3788956105709076, 0.2987390458583832, 0.13594867289066315]
[step 0820/1000] method=ours loss=0.0077 train_acc=0.9663 train_loss=0.1113 val_acc=0.7365 val_loss=1.1002 router_H=0.6790 best=0.7653
           router_load=[0.18641653656959534, 0.3788956105709076, 0.2987390458583832, 0.13594867289066315]
[step 0830/1000] method=ours loss=0.0257 train_acc=0.9663 train_loss=0.1113 val_acc=0.7365 val_loss=1.1002 router_H=0.6790 best=0.7653
           router_load=[0.18641653656959534, 0.3788956105709076, 0.2987390458583832, 0.13594867289066315]
[step 0840/1000] method=ours loss=0.0026 train_acc=0.9663 train_loss=0.1113 val_acc=0.7365 val_loss=1.1002 router_H=0.6790 best=0.7653
           router_load=[0.18641653656959534, 0.3788956105709076, 0.2987390458583832, 0.13594867289066315]
[step 0850/1000] method=ours loss=0.0023 train_acc=0.9892 train_loss=0.0358 val_acc=0.7690 val_loss=1.1353 router_H=0.6742 best=0.7690
           router_load=[0.293935090303421, 0.2928675711154938, 0.2806021571159363, 0.1325952112674713]
[step 0860/1000] method=ours loss=0.0244 train_acc=0.9892 train_loss=0.0358 val_acc=0.7690 val_loss=1.1353 router_H=0.6742 best=0.7690
           router_load=[0.293935090303421, 0.2928675711154938, 0.2806021571159363, 0.1325952112674713]
[step 0870/1000] method=ours loss=0.0352 train_acc=0.9892 train_loss=0.0358 val_acc=0.7690 val_loss=1.1353 router_H=0.6742 best=0.7690
           router_load=[0.293935090303421, 0.2928675711154938, 0.2806021571159363, 0.1325952112674713]
[step 0880/1000] method=ours loss=0.2305 train_acc=0.9892 train_loss=0.0358 val_acc=0.7690 val_loss=1.1353 router_H=0.6742 best=0.7690
           router_load=[0.293935090303421, 0.2928675711154938, 0.2806021571159363, 0.1325952112674713]
[step 0890/1000] method=ours loss=0.3916 train_acc=0.9892 train_loss=0.0358 val_acc=0.7690 val_loss=1.1353 router_H=0.6742 best=0.7690
           router_load=[0.293935090303421, 0.2928675711154938, 0.2806021571159363, 0.1325952112674713]
[step 0900/1000] method=ours loss=0.0019 train_acc=0.9916 train_loss=0.0276 val_acc=0.7870 val_loss=1.1627 router_H=0.6716 best=0.7870
           router_load=[0.28799426555633545, 0.3143191337585449, 0.3009489178657532, 0.09673766046762466]
[step 0910/1000] method=ours loss=0.2210 train_acc=0.9916 train_loss=0.0276 val_acc=0.7870 val_loss=1.1627 router_H=0.6716 best=0.7870
           router_load=[0.28799426555633545, 0.3143191337585449, 0.3009489178657532, 0.09673766046762466]
[step 0920/1000] method=ours loss=0.4024 train_acc=0.9916 train_loss=0.0276 val_acc=0.7870 val_loss=1.1627 router_H=0.6716 best=0.7870
           router_load=[0.28799426555633545, 0.3143191337585449, 0.3009489178657532, 0.09673766046762466]
[step 0930/1000] method=ours loss=0.0041 train_acc=0.9916 train_loss=0.0276 val_acc=0.7870 val_loss=1.1627 router_H=0.6716 best=0.7870
           router_load=[0.28799426555633545, 0.3143191337585449, 0.3009489178657532, 0.09673766046762466]
[step 0940/1000] method=ours loss=0.0010 train_acc=0.9916 train_loss=0.0276 val_acc=0.7870 val_loss=1.1627 router_H=0.6716 best=0.7870
           router_load=[0.28799426555633545, 0.3143191337585449, 0.3009489178657532, 0.09673766046762466]
[step 0950/1000] method=ours loss=0.0008 train_acc=0.9859 train_loss=0.0440 val_acc=0.7617 val_loss=1.3713 router_H=0.6752 best=0.7870
           router_load=[0.2174266278743744, 0.3566603362560272, 0.3369930386543274, 0.08892004936933517]
[step 0960/1000] method=ours loss=0.1829 train_acc=0.9859 train_loss=0.0440 val_acc=0.7617 val_loss=1.3713 router_H=0.6752 best=0.7870
           router_load=[0.2174266278743744, 0.3566603362560272, 0.3369930386543274, 0.08892004936933517]
[step 0970/1000] method=ours loss=0.0006 train_acc=0.9859 train_loss=0.0440 val_acc=0.7617 val_loss=1.3713 router_H=0.6752 best=0.7870
           router_load=[0.2174266278743744, 0.3566603362560272, 0.3369930386543274, 0.08892004936933517]
[step 0980/1000] method=ours loss=0.0651 train_acc=0.9859 train_loss=0.0440 val_acc=0.7617 val_loss=1.3713 router_H=0.6752 best=0.7870
           router_load=[0.2174266278743744, 0.3566603362560272, 0.3369930386543274, 0.08892004936933517]
[step 0990/1000] method=ours loss=0.0024 train_acc=0.9859 train_loss=0.0440 val_acc=0.7617 val_loss=1.3713 router_H=0.6752 best=0.7870
           router_load=[0.2174266278743744, 0.3566603362560272, 0.3369930386543274, 0.08892004936933517]
[step 1000/1000] method=ours loss=0.0013 train_acc=0.9876 train_loss=0.0520 val_acc=0.7329 val_loss=1.5384 router_H=0.6713 best=0.7870
           router_load=[0.21681469678878784, 0.3774643838405609, 0.3247164189815521, 0.0810045674443245]
saved summary -> /home/zhujjing/MOE-grad-conflict-routing/runs/paper_suite/single_gpu/single_task/roberta_rte_lora_e4_k2/final/ours_s3.json
saved curve -> /home/zhujjing/MOE-grad-conflict-routing/runs/paper_suite/single_gpu/single_task/roberta_rte_lora_e4_k2/final/ours_s3_curve.csv
