[run] method=ours candidate=local_var_topk_006 seed=7 steps=1000 gpu=0
[run] cmd=
/home/zhujjing/anaconda3/envs/moe/bin/python /home/zhujjing/MOE-grad-conflict-routing/scripts/run.py --config configs/singletask_rte_real.yaml --set model.backbone_backend=hf --set model.hf_load_pretrained=true --set model.backbone=roberta --set model.hf_pretrained_name=roberta-base --set model.expert_type=lora --set model.routing_mode=topk --set model.num_experts=4 --set model.top_k=2 --set seed=7 --set method.name=ours --set train.steps=1000 --set train.eval_every_steps=50 --set method.ours.use_load_norm=true --set method.ours.lambda_align=0.002469375668 --set train.grad_clip=1.721917769 --set train.lr=1.2608146e-05 --set train.weight_decay=0.03145867636 --out /home/zhujjing/MOE-grad-conflict-routing/runs/paper_suite/single_gpu/single_task/roberta_rte_lora_e4_k2/final/ours_s7.json --curve_out /home/zhujjing/MOE-grad-conflict-routing/runs/paper_suite/single_gpu/single_task/roberta_rte_lora_e4_k2/final/ours_s7_curve.csv
Using the latest cached version of the dataset since glue couldn't be found on the Hugging Face Hub (offline mode is enabled).
Found the latest cached dataset configuration 'rte' at /home/zhujjing/hf_cache/datasets/glue/rte/0.0.0/bcdcba79d07bc864c1c254ccfcedcce55bcc9a8c (last modified on Thu Mar 19 15:00:36 2026).
/home/zhujjing/anaconda3/envs/moe/lib/python3.10/site-packages/transformers/utils/hub.py:124: FutureWarning: Using `TRANSFORMERS_CACHE` is deprecated and will be removed in v5 of Transformers. Use `HF_HOME` instead.
  warnings.warn(
Some weights of RobertaModel were not initialized from the model checkpoint at roberta-base and are newly initialized: ['roberta.pooler.dense.bias', 'roberta.pooler.dense.weight']
You should probably TRAIN this model on a down-stream task to be able to use it for predictions and inference.
[step 0001/1000] method=ours loss=0.7002 train_acc=nan train_loss=nan val_acc=nan val_loss=nan best=-1.0000
[step 0010/1000] method=ours loss=0.7587 train_acc=nan train_loss=nan val_acc=nan val_loss=nan best=-1.0000
[step 0020/1000] method=ours loss=0.6996 train_acc=nan train_loss=nan val_acc=nan val_loss=nan best=-1.0000
[step 0030/1000] method=ours loss=0.6910 train_acc=nan train_loss=nan val_acc=nan val_loss=nan best=-1.0000
[step 0040/1000] method=ours loss=0.6992 train_acc=nan train_loss=nan val_acc=nan val_loss=nan best=-1.0000
[step 0050/1000] method=ours loss=0.7241 train_acc=0.6169 train_loss=0.6719 val_acc=0.5921 val_loss=0.6763 router_H=0.6876 best=0.5921
           router_load=[0.5501351952552795, 0.44986480474472046, 0.0, 0.0]
[step 0060/1000] method=ours loss=0.6256 train_acc=0.6169 train_loss=0.6719 val_acc=0.5921 val_loss=0.6763 router_H=0.6876 best=0.5921
           router_load=[0.5501351952552795, 0.44986480474472046, 0.0, 0.0]
[step 0070/1000] method=ours loss=0.6983 train_acc=0.6169 train_loss=0.6719 val_acc=0.5921 val_loss=0.6763 router_H=0.6876 best=0.5921
           router_load=[0.5501351952552795, 0.44986480474472046, 0.0, 0.0]
[step 0080/1000] method=ours loss=0.7001 train_acc=0.6169 train_loss=0.6719 val_acc=0.5921 val_loss=0.6763 router_H=0.6876 best=0.5921
           router_load=[0.5501351952552795, 0.44986480474472046, 0.0, 0.0]
[step 0090/1000] method=ours loss=0.6545 train_acc=0.6169 train_loss=0.6719 val_acc=0.5921 val_loss=0.6763 router_H=0.6876 best=0.5921
           router_load=[0.5501351952552795, 0.44986480474472046, 0.0, 0.0]
[step 0100/1000] method=ours loss=0.6077 train_acc=0.6831 train_loss=0.6201 val_acc=0.6498 val_loss=0.6323 router_H=0.6901 best=0.6498
           router_load=[0.5199291706085205, 0.4800707995891571, 0.0, 0.0]
[step 0110/1000] method=ours loss=0.5702 train_acc=0.6831 train_loss=0.6201 val_acc=0.6498 val_loss=0.6323 router_H=0.6901 best=0.6498
           router_load=[0.5199291706085205, 0.4800707995891571, 0.0, 0.0]
[step 0120/1000] method=ours loss=0.5710 train_acc=0.6831 train_loss=0.6201 val_acc=0.6498 val_loss=0.6323 router_H=0.6901 best=0.6498
           router_load=[0.5199291706085205, 0.4800707995891571, 0.0, 0.0]
[step 0130/1000] method=ours loss=0.5675 train_acc=0.6831 train_loss=0.6201 val_acc=0.6498 val_loss=0.6323 router_H=0.6901 best=0.6498
           router_load=[0.5199291706085205, 0.4800707995891571, 0.0, 0.0]
[step 0140/1000] method=ours loss=0.7197 train_acc=0.6831 train_loss=0.6201 val_acc=0.6498 val_loss=0.6323 router_H=0.6901 best=0.6498
           router_load=[0.5199291706085205, 0.4800707995891571, 0.0, 0.0]
[step 0150/1000] method=ours loss=0.6133 train_acc=0.7386 train_loss=0.5598 val_acc=0.6859 val_loss=0.6135 router_H=0.6896 best=0.6859
           router_load=[0.5194863080978394, 0.48051363229751587, 0.0, 0.0]
[step 0160/1000] method=ours loss=0.5166 train_acc=0.7386 train_loss=0.5598 val_acc=0.6859 val_loss=0.6135 router_H=0.6896 best=0.6859
           router_load=[0.5194863080978394, 0.48051363229751587, 0.0, 0.0]
[step 0170/1000] method=ours loss=0.5926 train_acc=0.7386 train_loss=0.5598 val_acc=0.6859 val_loss=0.6135 router_H=0.6896 best=0.6859
           router_load=[0.5194863080978394, 0.48051363229751587, 0.0, 0.0]
[step 0180/1000] method=ours loss=0.5875 train_acc=0.7386 train_loss=0.5598 val_acc=0.6859 val_loss=0.6135 router_H=0.6896 best=0.6859
           router_load=[0.5194863080978394, 0.48051363229751587, 0.0, 0.0]
[step 0190/1000] method=ours loss=0.6285 train_acc=0.7386 train_loss=0.5598 val_acc=0.6859 val_loss=0.6135 router_H=0.6896 best=0.6859
           router_load=[0.5194863080978394, 0.48051363229751587, 0.0, 0.0]
[step 0200/1000] method=ours loss=0.4310 train_acc=0.7851 train_loss=0.4701 val_acc=0.6968 val_loss=0.6332 router_H=0.6837 best=0.6968
           router_load=[0.41073766350746155, 0.5273388028144836, 0.0, 0.06192352622747421]
[step 0210/1000] method=ours loss=0.6496 train_acc=0.7851 train_loss=0.4701 val_acc=0.6968 val_loss=0.6332 router_H=0.6837 best=0.6968
           router_load=[0.41073766350746155, 0.5273388028144836, 0.0, 0.06192352622747421]
[step 0220/1000] method=ours loss=0.5250 train_acc=0.7851 train_loss=0.4701 val_acc=0.6968 val_loss=0.6332 router_H=0.6837 best=0.6968
           router_load=[0.41073766350746155, 0.5273388028144836, 0.0, 0.06192352622747421]
[step 0230/1000] method=ours loss=0.3505 train_acc=0.7851 train_loss=0.4701 val_acc=0.6968 val_loss=0.6332 router_H=0.6837 best=0.6968
           router_load=[0.41073766350746155, 0.5273388028144836, 0.0, 0.06192352622747421]
[step 0240/1000] method=ours loss=0.6013 train_acc=0.7851 train_loss=0.4701 val_acc=0.6968 val_loss=0.6332 router_H=0.6837 best=0.6968
           router_load=[0.41073766350746155, 0.5273388028144836, 0.0, 0.06192352622747421]
[step 0250/1000] method=ours loss=0.6150 train_acc=0.8426 train_loss=0.3706 val_acc=0.7040 val_loss=0.6178 router_H=0.6843 best=0.7040
           router_load=[0.4127903878688812, 0.522468626499176, 0.0, 0.06474096328020096]
[step 0260/1000] method=ours loss=0.3393 train_acc=0.8426 train_loss=0.3706 val_acc=0.7040 val_loss=0.6178 router_H=0.6843 best=0.7040
           router_load=[0.4127903878688812, 0.522468626499176, 0.0, 0.06474096328020096]
[step 0270/1000] method=ours loss=0.7279 train_acc=0.8426 train_loss=0.3706 val_acc=0.7040 val_loss=0.6178 router_H=0.6843 best=0.7040
           router_load=[0.4127903878688812, 0.522468626499176, 0.0, 0.06474096328020096]
[step 0280/1000] method=ours loss=0.5264 train_acc=0.8426 train_loss=0.3706 val_acc=0.7040 val_loss=0.6178 router_H=0.6843 best=0.7040
           router_load=[0.4127903878688812, 0.522468626499176, 0.0, 0.06474096328020096]
[step 0290/1000] method=ours loss=0.7005 train_acc=0.8426 train_loss=0.3706 val_acc=0.7040 val_loss=0.6178 router_H=0.6843 best=0.7040
           router_load=[0.4127903878688812, 0.522468626499176, 0.0, 0.06474096328020096]
[step 0300/1000] method=ours loss=0.4331 train_acc=0.7900 train_loss=0.4462 val_acc=0.6606 val_loss=0.7423 router_H=0.6819 best=0.7040
           router_load=[0.40662795305252075, 0.5430264472961426, 0.0, 0.050345610827207565]
[step 0310/1000] method=ours loss=0.4688 train_acc=0.7900 train_loss=0.4462 val_acc=0.6606 val_loss=0.7423 router_H=0.6819 best=0.7040
           router_load=[0.40662795305252075, 0.5430264472961426, 0.0, 0.050345610827207565]
[step 0320/1000] method=ours loss=0.2433 train_acc=0.7900 train_loss=0.4462 val_acc=0.6606 val_loss=0.7423 router_H=0.6819 best=0.7040
           router_load=[0.40662795305252075, 0.5430264472961426, 0.0, 0.050345610827207565]
[step 0330/1000] method=ours loss=0.1862 train_acc=0.7900 train_loss=0.4462 val_acc=0.6606 val_loss=0.7423 router_H=0.6819 best=0.7040
           router_load=[0.40662795305252075, 0.5430264472961426, 0.0, 0.050345610827207565]
[step 0340/1000] method=ours loss=0.1540 train_acc=0.7900 train_loss=0.4462 val_acc=0.6606 val_loss=0.7423 router_H=0.6819 best=0.7040
           router_load=[0.40662795305252075, 0.5430264472961426, 0.0, 0.050345610827207565]
[step 0350/1000] method=ours loss=0.2461 train_acc=0.9056 train_loss=0.2430 val_acc=0.7256 val_loss=0.7195 router_H=0.6824 best=0.7256
           router_load=[0.3918924629688263, 0.506830632686615, 0.0, 0.10127685219049454]
[step 0360/1000] method=ours loss=0.5121 train_acc=0.9056 train_loss=0.2430 val_acc=0.7256 val_loss=0.7195 router_H=0.6824 best=0.7256
           router_load=[0.3918924629688263, 0.506830632686615, 0.0, 0.10127685219049454]
[step 0370/1000] method=ours loss=0.3922 train_acc=0.9056 train_loss=0.2430 val_acc=0.7256 val_loss=0.7195 router_H=0.6824 best=0.7256
           router_load=[0.3918924629688263, 0.506830632686615, 0.0, 0.10127685219049454]
[step 0380/1000] method=ours loss=0.3914 train_acc=0.9056 train_loss=0.2430 val_acc=0.7256 val_loss=0.7195 router_H=0.6824 best=0.7256
           router_load=[0.3918924629688263, 0.506830632686615, 0.0, 0.10127685219049454]
[step 0390/1000] method=ours loss=0.1857 train_acc=0.9056 train_loss=0.2430 val_acc=0.7256 val_loss=0.7195 router_H=0.6824 best=0.7256
           router_load=[0.3918924629688263, 0.506830632686615, 0.0, 0.10127685219049454]
[step 0400/1000] method=ours loss=0.3215 train_acc=0.9233 train_loss=0.2267 val_acc=0.7365 val_loss=0.6209 router_H=0.6849 best=0.7365
           router_load=[0.49005335569381714, 0.48044031858444214, 0.0, 0.02950638346374035]
[step 0410/1000] method=ours loss=0.6122 train_acc=0.9233 train_loss=0.2267 val_acc=0.7365 val_loss=0.6209 router_H=0.6849 best=0.7365
           router_load=[0.49005335569381714, 0.48044031858444214, 0.0, 0.02950638346374035]
[step 0420/1000] method=ours loss=0.3233 train_acc=0.9233 train_loss=0.2267 val_acc=0.7365 val_loss=0.6209 router_H=0.6849 best=0.7365
           router_load=[0.49005335569381714, 0.48044031858444214, 0.0, 0.02950638346374035]
[step 0430/1000] method=ours loss=0.3518 train_acc=0.9233 train_loss=0.2267 val_acc=0.7365 val_loss=0.6209 router_H=0.6849 best=0.7365
           router_load=[0.49005335569381714, 0.48044031858444214, 0.0, 0.02950638346374035]
[step 0440/1000] method=ours loss=0.3036 train_acc=0.9233 train_loss=0.2267 val_acc=0.7365 val_loss=0.6209 router_H=0.6849 best=0.7365
           router_load=[0.49005335569381714, 0.48044031858444214, 0.0, 0.02950638346374035]
[step 0450/1000] method=ours loss=0.2634 train_acc=0.8707 train_loss=0.3068 val_acc=0.7148 val_loss=0.8443 router_H=0.6835 best=0.7365
           router_load=[0.30930811166763306, 0.5219926238059998, 0.002742513781413436, 0.1659567654132843]
[step 0460/1000] method=ours loss=0.5283 train_acc=0.8707 train_loss=0.3068 val_acc=0.7148 val_loss=0.8443 router_H=0.6835 best=0.7365
           router_load=[0.30930811166763306, 0.5219926238059998, 0.002742513781413436, 0.1659567654132843]
[step 0470/1000] method=ours loss=0.1295 train_acc=0.8707 train_loss=0.3068 val_acc=0.7148 val_loss=0.8443 router_H=0.6835 best=0.7365
           router_load=[0.30930811166763306, 0.5219926238059998, 0.002742513781413436, 0.1659567654132843]
[step 0480/1000] method=ours loss=0.2664 train_acc=0.8707 train_loss=0.3068 val_acc=0.7148 val_loss=0.8443 router_H=0.6835 best=0.7365
           router_load=[0.30930811166763306, 0.5219926238059998, 0.002742513781413436, 0.1659567654132843]
[step 0490/1000] method=ours loss=0.1117 train_acc=0.8707 train_loss=0.3068 val_acc=0.7148 val_loss=0.8443 router_H=0.6835 best=0.7365
           router_load=[0.30930811166763306, 0.5219926238059998, 0.002742513781413436, 0.1659567654132843]
[step 0500/1000] method=ours loss=0.6611 train_acc=0.9305 train_loss=0.1806 val_acc=0.7040 val_loss=0.9024 router_H=0.6775 best=0.7365
           router_load=[0.4530799090862274, 0.4682895839214325, 0.0, 0.07863058894872665]
[step 0510/1000] method=ours loss=0.0504 train_acc=0.9305 train_loss=0.1806 val_acc=0.7040 val_loss=0.9024 router_H=0.6775 best=0.7365
           router_load=[0.4530799090862274, 0.4682895839214325, 0.0, 0.07863058894872665]
[step 0520/1000] method=ours loss=0.0879 train_acc=0.9305 train_loss=0.1806 val_acc=0.7040 val_loss=0.9024 router_H=0.6775 best=0.7365
           router_load=[0.4530799090862274, 0.4682895839214325, 0.0, 0.07863058894872665]
[step 0530/1000] method=ours loss=0.4053 train_acc=0.9305 train_loss=0.1806 val_acc=0.7040 val_loss=0.9024 router_H=0.6775 best=0.7365
           router_load=[0.4530799090862274, 0.4682895839214325, 0.0, 0.07863058894872665]
[step 0540/1000] method=ours loss=0.2285 train_acc=0.9305 train_loss=0.1806 val_acc=0.7040 val_loss=0.9024 router_H=0.6775 best=0.7365
           router_load=[0.4530799090862274, 0.4682895839214325, 0.0, 0.07863058894872665]
[step 0550/1000] method=ours loss=0.4887 train_acc=0.9631 train_loss=0.1154 val_acc=0.7581 val_loss=0.9313 router_H=0.6790 best=0.7581
           router_load=[0.3377073407173157, 0.49251240491867065, 0.0012108886148780584, 0.16856934130191803]
[step 0560/1000] method=ours loss=0.1061 train_acc=0.9631 train_loss=0.1154 val_acc=0.7581 val_loss=0.9313 router_H=0.6790 best=0.7581
           router_load=[0.3377073407173157, 0.49251240491867065, 0.0012108886148780584, 0.16856934130191803]
[step 0570/1000] method=ours loss=0.0689 train_acc=0.9631 train_loss=0.1154 val_acc=0.7581 val_loss=0.9313 router_H=0.6790 best=0.7581
           router_load=[0.3377073407173157, 0.49251240491867065, 0.0012108886148780584, 0.16856934130191803]
[step 0580/1000] method=ours loss=0.0463 train_acc=0.9631 train_loss=0.1154 val_acc=0.7581 val_loss=0.9313 router_H=0.6790 best=0.7581
           router_load=[0.3377073407173157, 0.49251240491867065, 0.0012108886148780584, 0.16856934130191803]
[step 0590/1000] method=ours loss=0.1985 train_acc=0.9631 train_loss=0.1154 val_acc=0.7581 val_loss=0.9313 router_H=0.6790 best=0.7581
           router_load=[0.3377073407173157, 0.49251240491867065, 0.0012108886148780584, 0.16856934130191803]
[step 0600/1000] method=ours loss=0.4059 train_acc=0.9446 train_loss=0.1592 val_acc=0.7040 val_loss=1.1421 router_H=0.6813 best=0.7581
           router_load=[0.28956231474876404, 0.49759727716445923, 0.001295019406825304, 0.21154539287090302]
[step 0610/1000] method=ours loss=0.2203 train_acc=0.9446 train_loss=0.1592 val_acc=0.7040 val_loss=1.1421 router_H=0.6813 best=0.7581
           router_load=[0.28956231474876404, 0.49759727716445923, 0.001295019406825304, 0.21154539287090302]
[step 0620/1000] method=ours loss=0.1804 train_acc=0.9446 train_loss=0.1592 val_acc=0.7040 val_loss=1.1421 router_H=0.6813 best=0.7581
           router_load=[0.28956231474876404, 0.49759727716445923, 0.001295019406825304, 0.21154539287090302]
[step 0630/1000] method=ours loss=0.0624 train_acc=0.9446 train_loss=0.1592 val_acc=0.7040 val_loss=1.1421 router_H=0.6813 best=0.7581
           router_load=[0.28956231474876404, 0.49759727716445923, 0.001295019406825304, 0.21154539287090302]
[step 0640/1000] method=ours loss=0.4621 train_acc=0.9446 train_loss=0.1592 val_acc=0.7040 val_loss=1.1421 router_H=0.6813 best=0.7581
           router_load=[0.28956231474876404, 0.49759727716445923, 0.001295019406825304, 0.21154539287090302]
[step 0650/1000] method=ours loss=0.2242 train_acc=0.9719 train_loss=0.0903 val_acc=0.7076 val_loss=1.1126 router_H=0.6804 best=0.7581
           router_load=[0.29526573419570923, 0.4871160686016083, 0.0012108348309993744, 0.21640734374523163]
[step 0660/1000] method=ours loss=0.2035 train_acc=0.9719 train_loss=0.0903 val_acc=0.7076 val_loss=1.1126 router_H=0.6804 best=0.7581
           router_load=[0.29526573419570923, 0.4871160686016083, 0.0012108348309993744, 0.21640734374523163]
[step 0670/1000] method=ours loss=0.0074 train_acc=0.9719 train_loss=0.0903 val_acc=0.7076 val_loss=1.1126 router_H=0.6804 best=0.7581
           router_load=[0.29526573419570923, 0.4871160686016083, 0.0012108348309993744, 0.21640734374523163]
[step 0680/1000] method=ours loss=0.5049 train_acc=0.9719 train_loss=0.0903 val_acc=0.7076 val_loss=1.1126 router_H=0.6804 best=0.7581
           router_load=[0.29526573419570923, 0.4871160686016083, 0.0012108348309993744, 0.21640734374523163]
[step 0690/1000] method=ours loss=0.0013 train_acc=0.9719 train_loss=0.0903 val_acc=0.7076 val_loss=1.1126 router_H=0.6804 best=0.7581
           router_load=[0.29526573419570923, 0.4871160686016083, 0.0012108348309993744, 0.21640734374523163]
[step 0700/1000] method=ours loss=0.4835 train_acc=0.9261 train_loss=0.2848 val_acc=0.6895 val_loss=1.7532 router_H=0.6837 best=0.7581
           router_load=[0.1584775149822235, 0.5101771950721741, 0.0, 0.3313452899456024]
[step 0710/1000] method=ours loss=0.3704 train_acc=0.9261 train_loss=0.2848 val_acc=0.6895 val_loss=1.7532 router_H=0.6837 best=0.7581
           router_load=[0.1584775149822235, 0.5101771950721741, 0.0, 0.3313452899456024]
[step 0720/1000] method=ours loss=0.2144 train_acc=0.9261 train_loss=0.2848 val_acc=0.6895 val_loss=1.7532 router_H=0.6837 best=0.7581
           router_load=[0.1584775149822235, 0.5101771950721741, 0.0, 0.3313452899456024]
[step 0730/1000] method=ours loss=0.0340 train_acc=0.9261 train_loss=0.2848 val_acc=0.6895 val_loss=1.7532 router_H=0.6837 best=0.7581
           router_load=[0.1584775149822235, 0.5101771950721741, 0.0, 0.3313452899456024]
[step 0740/1000] method=ours loss=0.0874 train_acc=0.9261 train_loss=0.2848 val_acc=0.6895 val_loss=1.7532 router_H=0.6837 best=0.7581
           router_load=[0.1584775149822235, 0.5101771950721741, 0.0, 0.3313452899456024]
[step 0750/1000] method=ours loss=0.0404 train_acc=0.9815 train_loss=0.0620 val_acc=0.7401 val_loss=1.0463 router_H=0.6801 best=0.7581
           router_load=[0.3293817937374115, 0.4894025921821594, 0.001195936230942607, 0.1800195723772049]
[step 0760/1000] method=ours loss=0.4933 train_acc=0.9815 train_loss=0.0620 val_acc=0.7401 val_loss=1.0463 router_H=0.6801 best=0.7581
           router_load=[0.3293817937374115, 0.4894025921821594, 0.001195936230942607, 0.1800195723772049]
[step 0770/1000] method=ours loss=0.0592 train_acc=0.9815 train_loss=0.0620 val_acc=0.7401 val_loss=1.0463 router_H=0.6801 best=0.7581
           router_load=[0.3293817937374115, 0.4894025921821594, 0.001195936230942607, 0.1800195723772049]
[step 0780/1000] method=ours loss=0.1640 train_acc=0.9815 train_loss=0.0620 val_acc=0.7401 val_loss=1.0463 router_H=0.6801 best=0.7581
           router_load=[0.3293817937374115, 0.4894025921821594, 0.001195936230942607, 0.1800195723772049]
[step 0790/1000] method=ours loss=0.0309 train_acc=0.9815 train_loss=0.0620 val_acc=0.7401 val_loss=1.0463 router_H=0.6801 best=0.7581
           router_load=[0.3293817937374115, 0.4894025921821594, 0.001195936230942607, 0.1800195723772049]
[step 0800/1000] method=ours loss=0.0116 train_acc=0.9823 train_loss=0.0618 val_acc=0.7220 val_loss=1.1537 router_H=0.6817 best=0.7581
           router_load=[0.31541287899017334, 0.4736084043979645, 0.0029986798763275146, 0.20798005163669586]
[step 0810/1000] method=ours loss=0.4982 train_acc=0.9823 train_loss=0.0618 val_acc=0.7220 val_loss=1.1537 router_H=0.6817 best=0.7581
           router_load=[0.31541287899017334, 0.4736084043979645, 0.0029986798763275146, 0.20798005163669586]
[step 0820/1000] method=ours loss=0.0496 train_acc=0.9823 train_loss=0.0618 val_acc=0.7220 val_loss=1.1537 router_H=0.6817 best=0.7581
           router_load=[0.31541287899017334, 0.4736084043979645, 0.0029986798763275146, 0.20798005163669586]
[step 0830/1000] method=ours loss=0.5505 train_acc=0.9823 train_loss=0.0618 val_acc=0.7220 val_loss=1.1537 router_H=0.6817 best=0.7581
           router_load=[0.31541287899017334, 0.4736084043979645, 0.0029986798763275146, 0.20798005163669586]
[step 0840/1000] method=ours loss=0.0107 train_acc=0.9823 train_loss=0.0618 val_acc=0.7220 val_loss=1.1537 router_H=0.6817 best=0.7581
           router_load=[0.31541287899017334, 0.4736084043979645, 0.0029986798763275146, 0.20798005163669586]
[step 0850/1000] method=ours loss=0.0029 train_acc=0.9803 train_loss=0.0763 val_acc=0.7292 val_loss=1.3300 router_H=0.6824 best=0.7581
           router_load=[0.2477451115846634, 0.45407459139823914, 0.0, 0.2981802821159363]
[step 0860/1000] method=ours loss=0.2937 train_acc=0.9803 train_loss=0.0763 val_acc=0.7292 val_loss=1.3300 router_H=0.6824 best=0.7581
           router_load=[0.2477451115846634, 0.45407459139823914, 0.0, 0.2981802821159363]
[step 0870/1000] method=ours loss=0.0142 train_acc=0.9803 train_loss=0.0763 val_acc=0.7292 val_loss=1.3300 router_H=0.6824 best=0.7581
           router_load=[0.2477451115846634, 0.45407459139823914, 0.0, 0.2981802821159363]
[step 0880/1000] method=ours loss=0.1632 train_acc=0.9803 train_loss=0.0763 val_acc=0.7292 val_loss=1.3300 router_H=0.6824 best=0.7581
           router_load=[0.2477451115846634, 0.45407459139823914, 0.0, 0.2981802821159363]
[step 0890/1000] method=ours loss=0.0154 train_acc=0.9803 train_loss=0.0763 val_acc=0.7292 val_loss=1.3300 router_H=0.6824 best=0.7581
           router_load=[0.2477451115846634, 0.45407459139823914, 0.0, 0.2981802821159363]
[step 0900/1000] method=ours loss=0.0045 train_acc=0.9871 train_loss=0.0390 val_acc=0.7184 val_loss=1.3890 router_H=0.6826 best=0.7581
           router_load=[0.25495103001594543, 0.47701260447502136, 0.0017184123862534761, 0.26631781458854675]
[step 0910/1000] method=ours loss=0.0051 train_acc=0.9871 train_loss=0.0390 val_acc=0.7184 val_loss=1.3890 router_H=0.6826 best=0.7581
           router_load=[0.25495103001594543, 0.47701260447502136, 0.0017184123862534761, 0.26631781458854675]
[step 0920/1000] method=ours loss=0.0802 train_acc=0.9871 train_loss=0.0390 val_acc=0.7184 val_loss=1.3890 router_H=0.6826 best=0.7581
           router_load=[0.25495103001594543, 0.47701260447502136, 0.0017184123862534761, 0.26631781458854675]
[step 0930/1000] method=ours loss=0.0024 train_acc=0.9871 train_loss=0.0390 val_acc=0.7184 val_loss=1.3890 router_H=0.6826 best=0.7581
           router_load=[0.25495103001594543, 0.47701260447502136, 0.0017184123862534761, 0.26631781458854675]
[step 0940/1000] method=ours loss=0.0048 train_acc=0.9871 train_loss=0.0390 val_acc=0.7184 val_loss=1.3890 router_H=0.6826 best=0.7581
           router_load=[0.25495103001594543, 0.47701260447502136, 0.0017184123862534761, 0.26631781458854675]
[step 0950/1000] method=ours loss=0.0010 train_acc=0.9691 train_loss=0.1289 val_acc=0.7112 val_loss=1.8255 router_H=0.6817 best=0.7581
           router_load=[0.1818089336156845, 0.4944233298301697, 0.0, 0.32376766204833984]
[step 0960/1000] method=ours loss=0.0019 train_acc=0.9691 train_loss=0.1289 val_acc=0.7112 val_loss=1.8255 router_H=0.6817 best=0.7581
           router_load=[0.1818089336156845, 0.4944233298301697, 0.0, 0.32376766204833984]
[step 0970/1000] method=ours loss=0.0022 train_acc=0.9691 train_loss=0.1289 val_acc=0.7112 val_loss=1.8255 router_H=0.6817 best=0.7581
           router_load=[0.1818089336156845, 0.4944233298301697, 0.0, 0.32376766204833984]
[step 0980/1000] method=ours loss=0.0528 train_acc=0.9691 train_loss=0.1289 val_acc=0.7112 val_loss=1.8255 router_H=0.6817 best=0.7581
           router_load=[0.1818089336156845, 0.4944233298301697, 0.0, 0.32376766204833984]
[step 0990/1000] method=ours loss=0.0137 train_acc=0.9691 train_loss=0.1289 val_acc=0.7112 val_loss=1.8255 router_H=0.6817 best=0.7581
           router_load=[0.1818089336156845, 0.4944233298301697, 0.0, 0.32376766204833984]
[step 1000/1000] method=ours loss=0.0007 train_acc=0.9908 train_loss=0.0348 val_acc=0.7581 val_loss=1.4599 router_H=0.6756 best=0.7581
           router_load=[0.26569443941116333, 0.4879762530326843, 0.007320001255720854, 0.23900923132896423]
saved summary -> /home/zhujjing/MOE-grad-conflict-routing/runs/paper_suite/single_gpu/single_task/roberta_rte_lora_e4_k2/final/ours_s7.json
saved curve -> /home/zhujjing/MOE-grad-conflict-routing/runs/paper_suite/single_gpu/single_task/roberta_rte_lora_e4_k2/final/ours_s7_curve.csv
