[run] method=baseline candidate=coord_01_anchor seed=3 steps=150 gpu=0
[run] cmd=
/home/zhujjing/anaconda3/envs/moe/bin/python /home/zhujjing/MOE-grad-conflict-routing/scripts/run.py --config configs/singletask_rte_real.yaml --set model.backbone_backend=hf --set model.hf_load_pretrained=true --set model.backbone=roberta --set model.hf_pretrained_name=roberta-base --set model.expert_type=ffn --set model.routing_mode=topk --set model.num_experts=4 --set model.top_k=2 --set seed=3 --set method.name=baseline_avg --set train.steps=150 --set train.eval_every_steps=50 --set train.grad_clip=1 --set train.lr=2e-05 --set train.weight_decay=0.01 --out /home/zhujjing/MOE-grad-conflict-routing/runs/paper_suite/single_gpu/single_task/roberta_rte_ffn_e4_k2/hpo/baseline/trial_runs/coord_01_anchor/baseline_s3.json --curve_out /home/zhujjing/MOE-grad-conflict-routing/runs/paper_suite/single_gpu/single_task/roberta_rte_ffn_e4_k2/hpo/baseline/trial_runs/coord_01_anchor/baseline_s3_curve.csv
Using the latest cached version of the dataset since glue couldn't be found on the Hugging Face Hub (offline mode is enabled).
Found the latest cached dataset configuration 'rte' at /home/zhujjing/hf_cache/datasets/glue/rte/0.0.0/bcdcba79d07bc864c1c254ccfcedcce55bcc9a8c (last modified on Thu Mar 19 15:00:36 2026).
/home/zhujjing/anaconda3/envs/moe/lib/python3.10/site-packages/transformers/utils/hub.py:124: FutureWarning: Using `TRANSFORMERS_CACHE` is deprecated and will be removed in v5 of Transformers. Use `HF_HOME` instead.
  warnings.warn(
Some weights of RobertaModel were not initialized from the model checkpoint at roberta-base and are newly initialized: ['roberta.pooler.dense.bias', 'roberta.pooler.dense.weight']
You should probably TRAIN this model on a down-stream task to be able to use it for predictions and inference.
[step 0001/150] method=baseline_avg loss=0.6926 train_acc=nan train_loss=nan val_acc=nan val_loss=nan best=-1.0000
[step 0010/150] method=baseline_avg loss=0.7014 train_acc=nan train_loss=nan val_acc=nan val_loss=nan best=-1.0000
[step 0020/150] method=baseline_avg loss=0.6912 train_acc=nan train_loss=nan val_acc=nan val_loss=nan best=-1.0000
[step 0030/150] method=baseline_avg loss=0.6794 train_acc=nan train_loss=nan val_acc=nan val_loss=nan best=-1.0000
[step 0040/150] method=baseline_avg loss=0.6681 train_acc=nan train_loss=nan val_acc=nan val_loss=nan best=-1.0000
[step 0050/150] method=baseline_avg loss=0.6514 train_acc=0.5940 train_loss=0.6683 val_acc=0.5487 val_loss=0.6789 router_H=0.6880 best=0.5487
           router_load=[0.26481419801712036, 0.002883755136281252, 0.23952509462833405, 0.49277693033218384]
[step 0060/150] method=baseline_avg loss=0.5917 train_acc=0.5940 train_loss=0.6683 val_acc=0.5487 val_loss=0.6789 router_H=0.6880 best=0.5487
           router_load=[0.26481419801712036, 0.002883755136281252, 0.23952509462833405, 0.49277693033218384]
[step 0070/150] method=baseline_avg loss=0.7039 train_acc=0.5940 train_loss=0.6683 val_acc=0.5487 val_loss=0.6789 router_H=0.6880 best=0.5487
           router_load=[0.26481419801712036, 0.002883755136281252, 0.23952509462833405, 0.49277693033218384]
[step 0080/150] method=baseline_avg loss=0.5909 train_acc=0.5940 train_loss=0.6683 val_acc=0.5487 val_loss=0.6789 router_H=0.6880 best=0.5487
           router_load=[0.26481419801712036, 0.002883755136281252, 0.23952509462833405, 0.49277693033218384]
[step 0090/150] method=baseline_avg loss=0.5649 train_acc=0.5940 train_loss=0.6683 val_acc=0.5487 val_loss=0.6789 router_H=0.6880 best=0.5487
           router_load=[0.26481419801712036, 0.002883755136281252, 0.23952509462833405, 0.49277693033218384]
[step 0100/150] method=baseline_avg loss=0.7522 train_acc=0.7016 train_loss=0.5910 val_acc=0.6498 val_loss=0.6306 router_H=0.6813 best=0.6498
           router_load=[0.20528466999530792, 0.0016113725723698735, 0.22455576062202454, 0.5685480833053589]
[step 0110/150] method=baseline_avg loss=0.6474 train_acc=0.7016 train_loss=0.5910 val_acc=0.6498 val_loss=0.6306 router_H=0.6813 best=0.6498
           router_load=[0.20528466999530792, 0.0016113725723698735, 0.22455576062202454, 0.5685480833053589]
[step 0120/150] method=baseline_avg loss=0.6727 train_acc=0.7016 train_loss=0.5910 val_acc=0.6498 val_loss=0.6306 router_H=0.6813 best=0.6498
           router_load=[0.20528466999530792, 0.0016113725723698735, 0.22455576062202454, 0.5685480833053589]
[step 0130/150] method=baseline_avg loss=0.6804 train_acc=0.7016 train_loss=0.5910 val_acc=0.6498 val_loss=0.6306 router_H=0.6813 best=0.6498
           router_load=[0.20528466999530792, 0.0016113725723698735, 0.22455576062202454, 0.5685480833053589]
[step 0140/150] method=baseline_avg loss=0.6038 train_acc=0.7016 train_loss=0.5910 val_acc=0.6498 val_loss=0.6306 router_H=0.6813 best=0.6498
           router_load=[0.20528466999530792, 0.0016113725723698735, 0.22455576062202454, 0.5685480833053589]
[step 0150/150] method=baseline_avg loss=0.5616 train_acc=0.7382 train_loss=0.5568 val_acc=0.6715 val_loss=0.6104 router_H=0.6836 best=0.6715
           router_load=[0.44384700059890747, 0.0, 0.001725516514852643, 0.554427444934845]
saved summary -> /home/zhujjing/MOE-grad-conflict-routing/runs/paper_suite/single_gpu/single_task/roberta_rte_ffn_e4_k2/hpo/baseline/trial_runs/coord_01_anchor/baseline_s3.json
saved curve -> /home/zhujjing/MOE-grad-conflict-routing/runs/paper_suite/single_gpu/single_task/roberta_rte_ffn_e4_k2/hpo/baseline/trial_runs/coord_01_anchor/baseline_s3_curve.csv
