[run] method=baseline candidate=coord_01_train_lr_011 seed=3 steps=150 gpu=0
[run] cmd=
/home/zhujjing/anaconda3/envs/moe/bin/python /home/zhujjing/MOE-grad-conflict-routing/scripts/run.py --config configs/singletask_rte_real.yaml --set model.backbone_backend=hf --set model.hf_load_pretrained=true --set model.backbone=roberta --set model.hf_pretrained_name=roberta-base --set model.expert_type=ffn --set model.routing_mode=topk --set model.num_experts=4 --set model.top_k=2 --set seed=3 --set method.name=baseline_avg --set train.steps=150 --set train.eval_every_steps=50 --set train.grad_clip=1 --set train.lr=3.842377498e-05 --set train.weight_decay=0.01 --out /home/zhujjing/MOE-grad-conflict-routing/runs/paper_suite/single_gpu/single_task/roberta_rte_ffn_e4_k2/hpo/baseline/trial_runs/coord_01_train_lr_011/baseline_s3.json --curve_out /home/zhujjing/MOE-grad-conflict-routing/runs/paper_suite/single_gpu/single_task/roberta_rte_ffn_e4_k2/hpo/baseline/trial_runs/coord_01_train_lr_011/baseline_s3_curve.csv
Using the latest cached version of the dataset since glue couldn't be found on the Hugging Face Hub (offline mode is enabled).
Found the latest cached dataset configuration 'rte' at /home/zhujjing/hf_cache/datasets/glue/rte/0.0.0/bcdcba79d07bc864c1c254ccfcedcce55bcc9a8c (last modified on Thu Mar 19 15:00:36 2026).
/home/zhujjing/anaconda3/envs/moe/lib/python3.10/site-packages/transformers/utils/hub.py:124: FutureWarning: Using `TRANSFORMERS_CACHE` is deprecated and will be removed in v5 of Transformers. Use `HF_HOME` instead.
  warnings.warn(
Some weights of RobertaModel were not initialized from the model checkpoint at roberta-base and are newly initialized: ['roberta.pooler.dense.bias', 'roberta.pooler.dense.weight']
You should probably TRAIN this model on a down-stream task to be able to use it for predictions and inference.
[step 0001/150] method=baseline_avg loss=0.6951 train_acc=nan train_loss=nan val_acc=nan val_loss=nan best=-1.0000
[step 0010/150] method=baseline_avg loss=0.7142 train_acc=nan train_loss=nan val_acc=nan val_loss=nan best=-1.0000
[step 0020/150] method=baseline_avg loss=0.7028 train_acc=nan train_loss=nan val_acc=nan val_loss=nan best=-1.0000
[step 0030/150] method=baseline_avg loss=0.6840 train_acc=nan train_loss=nan val_acc=nan val_loss=nan best=-1.0000
[step 0040/150] method=baseline_avg loss=0.6881 train_acc=nan train_loss=nan val_acc=nan val_loss=nan best=-1.0000
[step 0050/150] method=baseline_avg loss=0.6620 train_acc=0.6373 train_loss=0.6369 val_acc=0.5848 val_loss=0.6713 router_H=0.4899 best=0.5848
           router_load=[0.04170529171824455, 0.8059713244438171, 0.025951344519853592, 0.12637199461460114]
[step 0060/150] method=baseline_avg loss=0.7739 train_acc=0.6373 train_loss=0.6369 val_acc=0.5848 val_loss=0.6713 router_H=0.4899 best=0.5848
           router_load=[0.04170529171824455, 0.8059713244438171, 0.025951344519853592, 0.12637199461460114]
[step 0070/150] method=baseline_avg loss=0.7159 train_acc=0.6373 train_loss=0.6369 val_acc=0.5848 val_loss=0.6713 router_H=0.4899 best=0.5848
           router_load=[0.04170529171824455, 0.8059713244438171, 0.025951344519853592, 0.12637199461460114]
[step 0080/150] method=baseline_avg loss=0.5805 train_acc=0.6373 train_loss=0.6369 val_acc=0.5848 val_loss=0.6713 router_H=0.4899 best=0.5848
           router_load=[0.04170529171824455, 0.8059713244438171, 0.025951344519853592, 0.12637199461460114]
[step 0090/150] method=baseline_avg loss=0.5905 train_acc=0.6373 train_loss=0.6369 val_acc=0.5848 val_loss=0.6713 router_H=0.4899 best=0.5848
           router_load=[0.04170529171824455, 0.8059713244438171, 0.025951344519853592, 0.12637199461460114]
[step 0100/150] method=baseline_avg loss=0.9395 train_acc=0.6884 train_loss=0.6045 val_acc=0.6318 val_loss=0.6616 router_H=0.5255 best=0.6318
           router_load=[0.02846934273838997, 0.7796353697776794, 0.09295790642499924, 0.09893742948770523]
[step 0110/150] method=baseline_avg loss=0.5380 train_acc=0.6884 train_loss=0.6045 val_acc=0.6318 val_loss=0.6616 router_H=0.5255 best=0.6318
           router_load=[0.02846934273838997, 0.7796353697776794, 0.09295790642499924, 0.09893742948770523]
[step 0120/150] method=baseline_avg loss=0.6731 train_acc=0.6884 train_loss=0.6045 val_acc=0.6318 val_loss=0.6616 router_H=0.5255 best=0.6318
           router_load=[0.02846934273838997, 0.7796353697776794, 0.09295790642499924, 0.09893742948770523]
[step 0130/150] method=baseline_avg loss=0.6485 train_acc=0.6884 train_loss=0.6045 val_acc=0.6318 val_loss=0.6616 router_H=0.5255 best=0.6318
           router_load=[0.02846934273838997, 0.7796353697776794, 0.09295790642499924, 0.09893742948770523]
[step 0140/150] method=baseline_avg loss=0.6579 train_acc=0.6884 train_loss=0.6045 val_acc=0.6318 val_loss=0.6616 router_H=0.5255 best=0.6318
           router_load=[0.02846934273838997, 0.7796353697776794, 0.09295790642499924, 0.09893742948770523]
[step 0150/150] method=baseline_avg loss=0.5554 train_acc=0.7783 train_loss=0.5529 val_acc=0.6859 val_loss=0.6046 router_H=0.4412 best=0.6859
           router_load=[0.015024777501821518, 0.8235846161842346, 0.10515029728412628, 0.056240372359752655]
saved summary -> /home/zhujjing/MOE-grad-conflict-routing/runs/paper_suite/single_gpu/single_task/roberta_rte_ffn_e4_k2/hpo/baseline/trial_runs/coord_01_train_lr_011/baseline_s3.json
saved curve -> /home/zhujjing/MOE-grad-conflict-routing/runs/paper_suite/single_gpu/single_task/roberta_rte_ffn_e4_k2/hpo/baseline/trial_runs/coord_01_train_lr_011/baseline_s3_curve.csv
