[run] method=baseline candidate=coord_01_train_lr_003 seed=3 steps=150 gpu=0
[run] cmd=
/home/zhujjing/anaconda3/envs/moe/bin/python /home/zhujjing/MOE-grad-conflict-routing/scripts/run.py --config configs/singletask_rte_real.yaml --set model.backbone_backend=hf --set model.hf_load_pretrained=true --set model.backbone=roberta --set model.hf_pretrained_name=roberta-base --set model.expert_type=ffn --set model.routing_mode=topk --set model.num_experts=4 --set model.top_k=2 --set seed=3 --set method.name=baseline_avg --set train.steps=150 --set train.eval_every_steps=50 --set train.grad_clip=1 --set train.lr=6.110024421e-06 --set train.weight_decay=0.01 --out /home/zhujjing/MOE-grad-conflict-routing/runs/paper_suite/single_gpu/single_task/roberta_rte_ffn_e4_k2/hpo/baseline/trial_runs/coord_01_train_lr_003/baseline_s3.json --curve_out /home/zhujjing/MOE-grad-conflict-routing/runs/paper_suite/single_gpu/single_task/roberta_rte_ffn_e4_k2/hpo/baseline/trial_runs/coord_01_train_lr_003/baseline_s3_curve.csv
Using the latest cached version of the dataset since glue couldn't be found on the Hugging Face Hub (offline mode is enabled).
Found the latest cached dataset configuration 'rte' at /home/zhujjing/hf_cache/datasets/glue/rte/0.0.0/bcdcba79d07bc864c1c254ccfcedcce55bcc9a8c (last modified on Thu Mar 19 15:00:36 2026).
/home/zhujjing/anaconda3/envs/moe/lib/python3.10/site-packages/transformers/utils/hub.py:124: FutureWarning: Using `TRANSFORMERS_CACHE` is deprecated and will be removed in v5 of Transformers. Use `HF_HOME` instead.
  warnings.warn(
Some weights of RobertaModel were not initialized from the model checkpoint at roberta-base and are newly initialized: ['roberta.pooler.dense.bias', 'roberta.pooler.dense.weight']
You should probably TRAIN this model on a down-stream task to be able to use it for predictions and inference.
[step 0001/150] method=baseline_avg loss=0.6910 train_acc=nan train_loss=nan val_acc=nan val_loss=nan best=-1.0000
[step 0010/150] method=baseline_avg loss=0.7006 train_acc=nan train_loss=nan val_acc=nan val_loss=nan best=-1.0000
[step 0020/150] method=baseline_avg loss=0.6827 train_acc=nan train_loss=nan val_acc=nan val_loss=nan best=-1.0000
[step 0030/150] method=baseline_avg loss=0.6801 train_acc=nan train_loss=nan val_acc=nan val_loss=nan best=-1.0000
[step 0040/150] method=baseline_avg loss=0.6780 train_acc=nan train_loss=nan val_acc=nan val_loss=nan best=-1.0000
[step 0050/150] method=baseline_avg loss=0.6881 train_acc=0.5466 train_loss=0.6894 val_acc=0.5054 val_loss=0.6921 router_H=0.6565 best=0.5054
           router_load=[0.0, 0.0039023743011057377, 0.3626103699207306, 0.6334872245788574]
[step 0060/150] method=baseline_avg loss=0.6849 train_acc=0.5466 train_loss=0.6894 val_acc=0.5054 val_loss=0.6921 router_H=0.6565 best=0.5054
           router_load=[0.0, 0.0039023743011057377, 0.3626103699207306, 0.6334872245788574]
[step 0070/150] method=baseline_avg loss=0.6956 train_acc=0.5466 train_loss=0.6894 val_acc=0.5054 val_loss=0.6921 router_H=0.6565 best=0.5054
           router_load=[0.0, 0.0039023743011057377, 0.3626103699207306, 0.6334872245788574]
[step 0080/150] method=baseline_avg loss=0.6667 train_acc=0.5466 train_loss=0.6894 val_acc=0.5054 val_loss=0.6921 router_H=0.6565 best=0.5054
           router_load=[0.0, 0.0039023743011057377, 0.3626103699207306, 0.6334872245788574]
[step 0090/150] method=baseline_avg loss=0.6435 train_acc=0.5466 train_loss=0.6894 val_acc=0.5054 val_loss=0.6921 router_H=0.6565 best=0.5054
           router_load=[0.0, 0.0039023743011057377, 0.3626103699207306, 0.6334872245788574]
[step 0100/150] method=baseline_avg loss=0.6826 train_acc=0.6671 train_loss=0.6457 val_acc=0.6570 val_loss=0.6508 router_H=0.6259 best=0.6570
           router_load=[0.006638219580054283, 0.046705521643161774, 0.27060121297836304, 0.6760549545288086]
[step 0110/150] method=baseline_avg loss=0.5910 train_acc=0.6671 train_loss=0.6457 val_acc=0.6570 val_loss=0.6508 router_H=0.6259 best=0.6570
           router_load=[0.006638219580054283, 0.046705521643161774, 0.27060121297836304, 0.6760549545288086]
[step 0120/150] method=baseline_avg loss=0.6232 train_acc=0.6671 train_loss=0.6457 val_acc=0.6570 val_loss=0.6508 router_H=0.6259 best=0.6570
           router_load=[0.006638219580054283, 0.046705521643161774, 0.27060121297836304, 0.6760549545288086]
[step 0130/150] method=baseline_avg loss=0.6571 train_acc=0.6671 train_loss=0.6457 val_acc=0.6570 val_loss=0.6508 router_H=0.6259 best=0.6570
           router_load=[0.006638219580054283, 0.046705521643161774, 0.27060121297836304, 0.6760549545288086]
[step 0140/150] method=baseline_avg loss=0.5939 train_acc=0.6671 train_loss=0.6457 val_acc=0.6570 val_loss=0.6508 router_H=0.6259 best=0.6570
           router_load=[0.006638219580054283, 0.046705521643161774, 0.27060121297836304, 0.6760549545288086]
[step 0150/150] method=baseline_avg loss=0.6310 train_acc=0.7189 train_loss=0.6032 val_acc=0.6534 val_loss=0.6224 router_H=0.5511 best=0.6570
           router_load=[0.09777127206325531, 0.06034688651561737, 0.088578000664711, 0.753304123878479]
saved summary -> /home/zhujjing/MOE-grad-conflict-routing/runs/paper_suite/single_gpu/single_task/roberta_rte_ffn_e4_k2/hpo/baseline/trial_runs/coord_01_train_lr_003/baseline_s3.json
saved curve -> /home/zhujjing/MOE-grad-conflict-routing/runs/paper_suite/single_gpu/single_task/roberta_rte_ffn_e4_k2/hpo/baseline/trial_runs/coord_01_train_lr_003/baseline_s3_curve.csv
