[run] method=baseline candidate=coord_01_train_lr_011 seed=2 steps=150 gpu=0
[run] cmd=
/home/zhujjing/anaconda3/envs/moe/bin/python /home/zhujjing/MOE-grad-conflict-routing/scripts/run.py --config configs/singletask_rte_real.yaml --set model.backbone_backend=hf --set model.hf_load_pretrained=true --set model.backbone=roberta --set model.hf_pretrained_name=roberta-base --set model.expert_type=ffn --set model.routing_mode=topk --set model.num_experts=4 --set model.top_k=2 --set seed=2 --set method.name=baseline_avg --set train.steps=150 --set train.eval_every_steps=50 --set train.grad_clip=1 --set train.lr=3.842377498e-05 --set train.weight_decay=0.01 --out /home/zhujjing/MOE-grad-conflict-routing/runs/paper_suite/single_gpu/single_task/roberta_rte_ffn_e4_k2/hpo/baseline/trial_runs/coord_01_train_lr_011/baseline_s2.json --curve_out /home/zhujjing/MOE-grad-conflict-routing/runs/paper_suite/single_gpu/single_task/roberta_rte_ffn_e4_k2/hpo/baseline/trial_runs/coord_01_train_lr_011/baseline_s2_curve.csv
Using the latest cached version of the dataset since glue couldn't be found on the Hugging Face Hub (offline mode is enabled).
Found the latest cached dataset configuration 'rte' at /home/zhujjing/hf_cache/datasets/glue/rte/0.0.0/bcdcba79d07bc864c1c254ccfcedcce55bcc9a8c (last modified on Thu Mar 19 15:00:36 2026).
/home/zhujjing/anaconda3/envs/moe/lib/python3.10/site-packages/transformers/utils/hub.py:124: FutureWarning: Using `TRANSFORMERS_CACHE` is deprecated and will be removed in v5 of Transformers. Use `HF_HOME` instead.
  warnings.warn(
Some weights of RobertaModel were not initialized from the model checkpoint at roberta-base and are newly initialized: ['roberta.pooler.dense.bias', 'roberta.pooler.dense.weight']
You should probably TRAIN this model on a down-stream task to be able to use it for predictions and inference.
[step 0001/150] method=baseline_avg loss=0.6911 train_acc=nan train_loss=nan val_acc=nan val_loss=nan best=-1.0000
[step 0010/150] method=baseline_avg loss=0.7897 train_acc=nan train_loss=nan val_acc=nan val_loss=nan best=-1.0000
[step 0020/150] method=baseline_avg loss=0.6868 train_acc=nan train_loss=nan val_acc=nan val_loss=nan best=-1.0000
[step 0030/150] method=baseline_avg loss=0.7065 train_acc=nan train_loss=nan val_acc=nan val_loss=nan best=-1.0000
[step 0040/150] method=baseline_avg loss=0.6995 train_acc=nan train_loss=nan val_acc=nan val_loss=nan best=-1.0000
[step 0050/150] method=baseline_avg loss=0.6345 train_acc=0.5016 train_loss=0.6928 val_acc=0.5271 val_loss=0.6865 router_H=0.6880 best=0.5271
           router_load=[0.0, 0.0, 0.4500685930252075, 0.5499314069747925]
[step 0060/150] method=baseline_avg loss=0.6861 train_acc=0.5016 train_loss=0.6928 val_acc=0.5271 val_loss=0.6865 router_H=0.6880 best=0.5271
           router_load=[0.0, 0.0, 0.4500685930252075, 0.5499314069747925]
[step 0070/150] method=baseline_avg loss=0.6819 train_acc=0.5016 train_loss=0.6928 val_acc=0.5271 val_loss=0.6865 router_H=0.6880 best=0.5271
           router_load=[0.0, 0.0, 0.4500685930252075, 0.5499314069747925]
[step 0080/150] method=baseline_avg loss=0.7522 train_acc=0.5016 train_loss=0.6928 val_acc=0.5271 val_loss=0.6865 router_H=0.6880 best=0.5271
           router_load=[0.0, 0.0, 0.4500685930252075, 0.5499314069747925]
[step 0090/150] method=baseline_avg loss=0.7072 train_acc=0.5016 train_loss=0.6928 val_acc=0.5271 val_loss=0.6865 router_H=0.6880 best=0.5271
           router_load=[0.0, 0.0, 0.4500685930252075, 0.5499314069747925]
[step 0100/150] method=baseline_avg loss=0.6716 train_acc=0.6920 train_loss=0.6559 val_acc=0.6390 val_loss=0.6630 router_H=0.6891 best=0.6390
           router_load=[0.0, 0.0, 0.46787726879119873, 0.532122790813446]
[step 0110/150] method=baseline_avg loss=0.6250 train_acc=0.6920 train_loss=0.6559 val_acc=0.6390 val_loss=0.6630 router_H=0.6891 best=0.6390
           router_load=[0.0, 0.0, 0.46787726879119873, 0.532122790813446]
[step 0120/150] method=baseline_avg loss=0.6479 train_acc=0.6920 train_loss=0.6559 val_acc=0.6390 val_loss=0.6630 router_H=0.6891 best=0.6390
           router_load=[0.0, 0.0, 0.46787726879119873, 0.532122790813446]
[step 0130/150] method=baseline_avg loss=0.6145 train_acc=0.6920 train_loss=0.6559 val_acc=0.6390 val_loss=0.6630 router_H=0.6891 best=0.6390
           router_load=[0.0, 0.0, 0.46787726879119873, 0.532122790813446]
[step 0140/150] method=baseline_avg loss=0.6536 train_acc=0.6920 train_loss=0.6559 val_acc=0.6390 val_loss=0.6630 router_H=0.6891 best=0.6390
           router_load=[0.0, 0.0, 0.46787726879119873, 0.532122790813446]
[step 0150/150] method=baseline_avg loss=0.7135 train_acc=0.7153 train_loss=0.6157 val_acc=0.6751 val_loss=0.6296 router_H=0.6849 best=0.6751
           router_load=[0.0, 0.14566555619239807, 0.4958259165287018, 0.358508437871933]
saved summary -> /home/zhujjing/MOE-grad-conflict-routing/runs/paper_suite/single_gpu/single_task/roberta_rte_ffn_e4_k2/hpo/baseline/trial_runs/coord_01_train_lr_011/baseline_s2.json
saved curve -> /home/zhujjing/MOE-grad-conflict-routing/runs/paper_suite/single_gpu/single_task/roberta_rte_ffn_e4_k2/hpo/baseline/trial_runs/coord_01_train_lr_011/baseline_s2_curve.csv
