[run] method=baseline candidate=coord_01_train_lr_016 seed=3 steps=150 gpu=0
[run] cmd=
/home/zhujjing/anaconda3/envs/moe/bin/python /home/zhujjing/MOE-grad-conflict-routing/scripts/run.py --config configs/singletask_rte_real.yaml --set model.backbone_backend=hf --set model.hf_load_pretrained=true --set model.backbone=roberta --set model.hf_pretrained_name=roberta-base --set model.expert_type=ffn --set model.routing_mode=topk --set model.num_experts=4 --set model.top_k=2 --set seed=3 --set method.name=baseline_avg --set train.steps=150 --set train.eval_every_steps=50 --set train.grad_clip=1 --set train.lr=0.002911875505 --set train.weight_decay=0.01 --out /home/zhujjing/MOE-grad-conflict-routing/runs/paper_suite/single_gpu/single_task/roberta_rte_ffn_e4_k2/hpo/baseline/trial_runs/coord_01_train_lr_016/baseline_s3.json --curve_out /home/zhujjing/MOE-grad-conflict-routing/runs/paper_suite/single_gpu/single_task/roberta_rte_ffn_e4_k2/hpo/baseline/trial_runs/coord_01_train_lr_016/baseline_s3_curve.csv
Using the latest cached version of the dataset since glue couldn't be found on the Hugging Face Hub (offline mode is enabled).
Found the latest cached dataset configuration 'rte' at /home/zhujjing/hf_cache/datasets/glue/rte/0.0.0/bcdcba79d07bc864c1c254ccfcedcce55bcc9a8c (last modified on Thu Mar 19 15:00:36 2026).
/home/zhujjing/anaconda3/envs/moe/lib/python3.10/site-packages/transformers/utils/hub.py:124: FutureWarning: Using `TRANSFORMERS_CACHE` is deprecated and will be removed in v5 of Transformers. Use `HF_HOME` instead.
  warnings.warn(
Some weights of RobertaModel were not initialized from the model checkpoint at roberta-base and are newly initialized: ['roberta.pooler.dense.bias', 'roberta.pooler.dense.weight']
You should probably TRAIN this model on a down-stream task to be able to use it for predictions and inference.
[step 0001/150] method=baseline_avg loss=0.6982 train_acc=nan train_loss=nan val_acc=nan val_loss=nan best=-1.0000
[step 0010/150] method=baseline_avg loss=0.9109 train_acc=nan train_loss=nan val_acc=nan val_loss=nan best=-1.0000
[step 0020/150] method=baseline_avg loss=1.0199 train_acc=nan train_loss=nan val_acc=nan val_loss=nan best=-1.0000
[step 0030/150] method=baseline_avg loss=0.6764 train_acc=nan train_loss=nan val_acc=nan val_loss=nan best=-1.0000
[step 0040/150] method=baseline_avg loss=0.7444 train_acc=nan train_loss=nan val_acc=nan val_loss=nan best=-1.0000
[step 0050/150] method=baseline_avg loss=0.6847 train_acc=0.4984 train_loss=0.6933 val_acc=0.4729 val_loss=0.6945 router_H=0.0004 best=0.4729
           router_load=[0.0, 4.00821263610851e-05, 0.9999600052833557, 0.0]
[step 0060/150] method=baseline_avg loss=0.6987 train_acc=0.4984 train_loss=0.6933 val_acc=0.4729 val_loss=0.6945 router_H=0.0004 best=0.4729
           router_load=[0.0, 4.00821263610851e-05, 0.9999600052833557, 0.0]
[step 0070/150] method=baseline_avg loss=0.6858 train_acc=0.4984 train_loss=0.6933 val_acc=0.4729 val_loss=0.6945 router_H=0.0004 best=0.4729
           router_load=[0.0, 4.00821263610851e-05, 0.9999600052833557, 0.0]
[step 0080/150] method=baseline_avg loss=0.6831 train_acc=0.4984 train_loss=0.6933 val_acc=0.4729 val_loss=0.6945 router_H=0.0004 best=0.4729
           router_load=[0.0, 4.00821263610851e-05, 0.9999600052833557, 0.0]
[step 0090/150] method=baseline_avg loss=0.6841 train_acc=0.4984 train_loss=0.6933 val_acc=0.4729 val_loss=0.6945 router_H=0.0004 best=0.4729
           router_load=[0.0, 4.00821263610851e-05, 0.9999600052833557, 0.0]
[step 0100/150] method=baseline_avg loss=0.6532 train_acc=0.5016 train_loss=0.7103 val_acc=0.5271 val_loss=0.6968 router_H=0.0006 best=0.5271
           router_load=[0.0, 5.748241892433725e-05, 0.9999427199363708, 0.0]
[step 0110/150] method=baseline_avg loss=0.8257 train_acc=0.5016 train_loss=0.7103 val_acc=0.5271 val_loss=0.6968 router_H=0.0006 best=0.5271
           router_load=[0.0, 5.748241892433725e-05, 0.9999427199363708, 0.0]
[step 0120/150] method=baseline_avg loss=0.6882 train_acc=0.5016 train_loss=0.7103 val_acc=0.5271 val_loss=0.6968 router_H=0.0006 best=0.5271
           router_load=[0.0, 5.748241892433725e-05, 0.9999427199363708, 0.0]
[step 0130/150] method=baseline_avg loss=0.6805 train_acc=0.5016 train_loss=0.7103 val_acc=0.5271 val_loss=0.6968 router_H=0.0006 best=0.5271
           router_load=[0.0, 5.748241892433725e-05, 0.9999427199363708, 0.0]
[step 0140/150] method=baseline_avg loss=0.7027 train_acc=0.5016 train_loss=0.7103 val_acc=0.5271 val_loss=0.6968 router_H=0.0006 best=0.5271
           router_load=[0.0, 5.748241892433725e-05, 0.9999427199363708, 0.0]
[step 0150/150] method=baseline_avg loss=0.6575 train_acc=0.5016 train_loss=0.7137 val_acc=0.5271 val_loss=0.6989 router_H=0.0019 best=0.5271
           router_load=[0.0, 0.0001993282203329727, 0.9998011589050293, 0.0]
saved summary -> /home/zhujjing/MOE-grad-conflict-routing/runs/paper_suite/single_gpu/single_task/roberta_rte_ffn_e4_k2/hpo/baseline/trial_runs/coord_01_train_lr_016/baseline_s3.json
saved curve -> /home/zhujjing/MOE-grad-conflict-routing/runs/paper_suite/single_gpu/single_task/roberta_rte_ffn_e4_k2/hpo/baseline/trial_runs/coord_01_train_lr_016/baseline_s3_curve.csv
