[run] method=baseline candidate=coord_01_train_lr_020 seed=2 steps=150 gpu=0
[run] cmd=
/home/zhujjing/anaconda3/envs/moe/bin/python /home/zhujjing/MOE-grad-conflict-routing/scripts/run.py --config configs/singletask_rte_real.yaml --set model.backbone_backend=hf --set model.hf_load_pretrained=true --set model.backbone=roberta --set model.hf_pretrained_name=roberta-base --set model.expert_type=ffn --set model.routing_mode=topk --set model.num_experts=4 --set model.top_k=2 --set seed=2 --set method.name=baseline_avg --set train.steps=150 --set train.eval_every_steps=50 --set train.grad_clip=1 --set train.lr=0.0002896784134 --set train.weight_decay=0.01 --out /home/zhujjing/MOE-grad-conflict-routing/runs/paper_suite/single_gpu/single_task/roberta_rte_ffn_e4_k2/hpo/baseline/trial_runs/coord_01_train_lr_020/baseline_s2.json --curve_out /home/zhujjing/MOE-grad-conflict-routing/runs/paper_suite/single_gpu/single_task/roberta_rte_ffn_e4_k2/hpo/baseline/trial_runs/coord_01_train_lr_020/baseline_s2_curve.csv
Using the latest cached version of the dataset since glue couldn't be found on the Hugging Face Hub (offline mode is enabled).
Found the latest cached dataset configuration 'rte' at /home/zhujjing/hf_cache/datasets/glue/rte/0.0.0/bcdcba79d07bc864c1c254ccfcedcce55bcc9a8c (last modified on Thu Mar 19 15:00:36 2026).
/home/zhujjing/anaconda3/envs/moe/lib/python3.10/site-packages/transformers/utils/hub.py:124: FutureWarning: Using `TRANSFORMERS_CACHE` is deprecated and will be removed in v5 of Transformers. Use `HF_HOME` instead.
  warnings.warn(
Some weights of RobertaModel were not initialized from the model checkpoint at roberta-base and are newly initialized: ['roberta.pooler.dense.bias', 'roberta.pooler.dense.weight']
You should probably TRAIN this model on a down-stream task to be able to use it for predictions and inference.
[step 0001/150] method=baseline_avg loss=0.6952 train_acc=nan train_loss=nan val_acc=nan val_loss=nan best=-1.0000
[step 0010/150] method=baseline_avg loss=0.9828 train_acc=nan train_loss=nan val_acc=nan val_loss=nan best=-1.0000
[step 0020/150] method=baseline_avg loss=0.7004 train_acc=nan train_loss=nan val_acc=nan val_loss=nan best=-1.0000
[step 0030/150] method=baseline_avg loss=0.7429 train_acc=nan train_loss=nan val_acc=nan val_loss=nan best=-1.0000
[step 0040/150] method=baseline_avg loss=0.6353 train_acc=nan train_loss=nan val_acc=nan val_loss=nan best=-1.0000
[step 0050/150] method=baseline_avg loss=0.6883 train_acc=0.5016 train_loss=0.6987 val_acc=0.5271 val_loss=0.6909 router_H=0.4341 best=0.5271
           router_load=[0.0, 0.8433345556259155, 0.1566653847694397, 0.0]
[step 0060/150] method=baseline_avg loss=0.6907 train_acc=0.5016 train_loss=0.6987 val_acc=0.5271 val_loss=0.6909 router_H=0.4341 best=0.5271
           router_load=[0.0, 0.8433345556259155, 0.1566653847694397, 0.0]
[step 0070/150] method=baseline_avg loss=0.7242 train_acc=0.5016 train_loss=0.6987 val_acc=0.5271 val_loss=0.6909 router_H=0.4341 best=0.5271
           router_load=[0.0, 0.8433345556259155, 0.1566653847694397, 0.0]
[step 0080/150] method=baseline_avg loss=0.7589 train_acc=0.5016 train_loss=0.6987 val_acc=0.5271 val_loss=0.6909 router_H=0.4341 best=0.5271
           router_load=[0.0, 0.8433345556259155, 0.1566653847694397, 0.0]
[step 0090/150] method=baseline_avg loss=0.8247 train_acc=0.5016 train_loss=0.6987 val_acc=0.5271 val_loss=0.6909 router_H=0.4341 best=0.5271
           router_load=[0.0, 0.8433345556259155, 0.1566653847694397, 0.0]
[step 0100/150] method=baseline_avg loss=0.7266 train_acc=0.5016 train_loss=0.6994 val_acc=0.5271 val_loss=0.6912 router_H=0.6407 best=0.5271
           router_load=[0.0, 0.6604801416397095, 0.33951982855796814, 0.0]
[step 0110/150] method=baseline_avg loss=0.6615 train_acc=0.5016 train_loss=0.6994 val_acc=0.5271 val_loss=0.6912 router_H=0.6407 best=0.5271
           router_load=[0.0, 0.6604801416397095, 0.33951982855796814, 0.0]
[step 0120/150] method=baseline_avg loss=0.6920 train_acc=0.5016 train_loss=0.6994 val_acc=0.5271 val_loss=0.6912 router_H=0.6407 best=0.5271
           router_load=[0.0, 0.6604801416397095, 0.33951982855796814, 0.0]
[step 0130/150] method=baseline_avg loss=0.6921 train_acc=0.5016 train_loss=0.6994 val_acc=0.5271 val_loss=0.6912 router_H=0.6407 best=0.5271
           router_load=[0.0, 0.6604801416397095, 0.33951982855796814, 0.0]
[step 0140/150] method=baseline_avg loss=0.7526 train_acc=0.5016 train_loss=0.6994 val_acc=0.5271 val_loss=0.6912 router_H=0.6407 best=0.5271
           router_load=[0.0, 0.6604801416397095, 0.33951982855796814, 0.0]
[step 0150/150] method=baseline_avg loss=0.7293 train_acc=0.5016 train_loss=0.6996 val_acc=0.5271 val_loss=0.6912 router_H=0.5642 best=0.5271
           router_load=[0.0, 0.7483369708061218, 0.25166305899620056, 0.0]
saved summary -> /home/zhujjing/MOE-grad-conflict-routing/runs/paper_suite/single_gpu/single_task/roberta_rte_ffn_e4_k2/hpo/baseline/trial_runs/coord_01_train_lr_020/baseline_s2.json
saved curve -> /home/zhujjing/MOE-grad-conflict-routing/runs/paper_suite/single_gpu/single_task/roberta_rte_ffn_e4_k2/hpo/baseline/trial_runs/coord_01_train_lr_020/baseline_s2_curve.csv
