[run] method=baseline candidate=coord_01_train_lr_025 seed=2 steps=150 gpu=0
[run] cmd=
/home/zhujjing/anaconda3/envs/moe/bin/python /home/zhujjing/MOE-grad-conflict-routing/scripts/run.py --config configs/singletask_rte_real.yaml --set model.backbone_backend=hf --set model.hf_load_pretrained=true --set model.backbone=roberta --set model.hf_pretrained_name=roberta-base --set model.expert_type=lora --set model.routing_mode=topk --set model.num_experts=4 --set model.top_k=2 --set seed=2 --set method.name=baseline_avg --set train.steps=150 --set train.eval_every_steps=50 --set train.grad_clip=1 --set train.lr=0.0002319405094 --set train.weight_decay=0.01 --out /home/zhujjing/MOE-grad-conflict-routing/runs/paper_suite/single_gpu/single_task/roberta_rte_lora_e4_k2/hpo/baseline/trial_runs/coord_01_train_lr_025/baseline_s2.json --curve_out /home/zhujjing/MOE-grad-conflict-routing/runs/paper_suite/single_gpu/single_task/roberta_rte_lora_e4_k2/hpo/baseline/trial_runs/coord_01_train_lr_025/baseline_s2_curve.csv
Using the latest cached version of the dataset since glue couldn't be found on the Hugging Face Hub (offline mode is enabled).
Found the latest cached dataset configuration 'rte' at /home/zhujjing/hf_cache/datasets/glue/rte/0.0.0/bcdcba79d07bc864c1c254ccfcedcce55bcc9a8c (last modified on Thu Mar 19 15:00:36 2026).
/home/zhujjing/anaconda3/envs/moe/lib/python3.10/site-packages/transformers/utils/hub.py:124: FutureWarning: Using `TRANSFORMERS_CACHE` is deprecated and will be removed in v5 of Transformers. Use `HF_HOME` instead.
  warnings.warn(
Some weights of RobertaModel were not initialized from the model checkpoint at roberta-base and are newly initialized: ['roberta.pooler.dense.bias', 'roberta.pooler.dense.weight']
You should probably TRAIN this model on a down-stream task to be able to use it for predictions and inference.
[step 0001/150] method=baseline_avg loss=0.7238 train_acc=nan train_loss=nan val_acc=nan val_loss=nan best=-1.0000
[step 0010/150] method=baseline_avg loss=0.8870 train_acc=nan train_loss=nan val_acc=nan val_loss=nan best=-1.0000
[step 0020/150] method=baseline_avg loss=0.9000 train_acc=nan train_loss=nan val_acc=nan val_loss=nan best=-1.0000
[step 0030/150] method=baseline_avg loss=0.7085 train_acc=nan train_loss=nan val_acc=nan val_loss=nan best=-1.0000
[step 0040/150] method=baseline_avg loss=0.6906 train_acc=nan train_loss=nan val_acc=nan val_loss=nan best=-1.0000
[step 0050/150] method=baseline_avg loss=0.6355 train_acc=0.5016 train_loss=0.6959 val_acc=0.5271 val_loss=0.6903 router_H=0.6871 best=0.5271
           router_load=[0.5550193190574646, 0.0, 0.4449807107448578, 0.0]
[step 0060/150] method=baseline_avg loss=0.6859 train_acc=0.5016 train_loss=0.6959 val_acc=0.5271 val_loss=0.6903 router_H=0.6871 best=0.5271
           router_load=[0.5550193190574646, 0.0, 0.4449807107448578, 0.0]
[step 0070/150] method=baseline_avg loss=0.7012 train_acc=0.5016 train_loss=0.6959 val_acc=0.5271 val_loss=0.6903 router_H=0.6871 best=0.5271
           router_load=[0.5550193190574646, 0.0, 0.4449807107448578, 0.0]
[step 0080/150] method=baseline_avg loss=0.7232 train_acc=0.5016 train_loss=0.6959 val_acc=0.5271 val_loss=0.6903 router_H=0.6871 best=0.5271
           router_load=[0.5550193190574646, 0.0, 0.4449807107448578, 0.0]
[step 0090/150] method=baseline_avg loss=0.8064 train_acc=0.5016 train_loss=0.6959 val_acc=0.5271 val_loss=0.6903 router_H=0.6871 best=0.5271
           router_load=[0.5550193190574646, 0.0, 0.4449807107448578, 0.0]
[step 0100/150] method=baseline_avg loss=0.7044 train_acc=0.4984 train_loss=0.7298 val_acc=0.4729 val_loss=0.7489 router_H=0.6931 best=0.5271
           router_load=[0.5014848113059998, 0.0, 0.49851515889167786, 0.0]
[step 0110/150] method=baseline_avg loss=0.6569 train_acc=0.4984 train_loss=0.7298 val_acc=0.4729 val_loss=0.7489 router_H=0.6931 best=0.5271
           router_load=[0.5014848113059998, 0.0, 0.49851515889167786, 0.0]
[step 0120/150] method=baseline_avg loss=0.6512 train_acc=0.4984 train_loss=0.7298 val_acc=0.4729 val_loss=0.7489 router_H=0.6931 best=0.5271
           router_load=[0.5014848113059998, 0.0, 0.49851515889167786, 0.0]
[step 0130/150] method=baseline_avg loss=0.6839 train_acc=0.4984 train_loss=0.7298 val_acc=0.4729 val_loss=0.7489 router_H=0.6931 best=0.5271
           router_load=[0.5014848113059998, 0.0, 0.49851515889167786, 0.0]
[step 0140/150] method=baseline_avg loss=0.7819 train_acc=0.4984 train_loss=0.7298 val_acc=0.4729 val_loss=0.7489 router_H=0.6931 best=0.5271
           router_load=[0.5014848113059998, 0.0, 0.49851515889167786, 0.0]
[step 0150/150] method=baseline_avg loss=0.6984 train_acc=0.5016 train_loss=0.6932 val_acc=0.5271 val_loss=0.6920 router_H=0.6931 best=0.5271
           router_load=[0.49636951088905334, 0.0, 0.5036304593086243, 0.0]
saved summary -> /home/zhujjing/MOE-grad-conflict-routing/runs/paper_suite/single_gpu/single_task/roberta_rte_lora_e4_k2/hpo/baseline/trial_runs/coord_01_train_lr_025/baseline_s2.json
saved curve -> /home/zhujjing/MOE-grad-conflict-routing/runs/paper_suite/single_gpu/single_task/roberta_rte_lora_e4_k2/hpo/baseline/trial_runs/coord_01_train_lr_025/baseline_s2_curve.csv
