[run] method=baseline candidate=coord_01_train_lr_011 seed=3 steps=150 gpu=0
[run] cmd=
/home/zhujjing/anaconda3/envs/moe/bin/python /home/zhujjing/MOE-grad-conflict-routing/scripts/run.py --config configs/singletask_rte_real.yaml --set model.backbone_backend=hf --set model.hf_load_pretrained=true --set model.backbone=roberta --set model.hf_pretrained_name=roberta-base --set model.expert_type=lora --set model.routing_mode=topk --set model.num_experts=4 --set model.top_k=2 --set seed=3 --set method.name=baseline_avg --set train.steps=150 --set train.eval_every_steps=50 --set train.grad_clip=1 --set train.lr=3.842377498e-05 --set train.weight_decay=0.01 --out /home/zhujjing/MOE-grad-conflict-routing/runs/paper_suite/single_gpu/single_task/roberta_rte_lora_e4_k2/hpo/baseline/trial_runs/coord_01_train_lr_011/baseline_s3.json --curve_out /home/zhujjing/MOE-grad-conflict-routing/runs/paper_suite/single_gpu/single_task/roberta_rte_lora_e4_k2/hpo/baseline/trial_runs/coord_01_train_lr_011/baseline_s3_curve.csv
Using the latest cached version of the dataset since glue couldn't be found on the Hugging Face Hub (offline mode is enabled).
Found the latest cached dataset configuration 'rte' at /home/zhujjing/hf_cache/datasets/glue/rte/0.0.0/bcdcba79d07bc864c1c254ccfcedcce55bcc9a8c (last modified on Thu Mar 19 15:00:36 2026).
/home/zhujjing/anaconda3/envs/moe/lib/python3.10/site-packages/transformers/utils/hub.py:124: FutureWarning: Using `TRANSFORMERS_CACHE` is deprecated and will be removed in v5 of Transformers. Use `HF_HOME` instead.
  warnings.warn(
Some weights of RobertaModel were not initialized from the model checkpoint at roberta-base and are newly initialized: ['roberta.pooler.dense.bias', 'roberta.pooler.dense.weight']
You should probably TRAIN this model on a down-stream task to be able to use it for predictions and inference.
[step 0001/150] method=baseline_avg loss=0.7180 train_acc=nan train_loss=nan val_acc=nan val_loss=nan best=-1.0000
[step 0010/150] method=baseline_avg loss=0.7013 train_acc=nan train_loss=nan val_acc=nan val_loss=nan best=-1.0000
[step 0020/150] method=baseline_avg loss=0.7078 train_acc=nan train_loss=nan val_acc=nan val_loss=nan best=-1.0000
[step 0030/150] method=baseline_avg loss=0.6851 train_acc=nan train_loss=nan val_acc=nan val_loss=nan best=-1.0000
[step 0040/150] method=baseline_avg loss=0.7234 train_acc=nan train_loss=nan val_acc=nan val_loss=nan best=-1.0000
[step 0050/150] method=baseline_avg loss=0.6736 train_acc=0.6000 train_loss=0.6615 val_acc=0.5596 val_loss=0.6762 router_H=0.6926 best=0.5596
           router_load=[0.0, 0.39720618724823, 0.13702097535133362, 0.4657727777957916]
[step 0060/150] method=baseline_avg loss=0.6855 train_acc=0.6000 train_loss=0.6615 val_acc=0.5596 val_loss=0.6762 router_H=0.6926 best=0.5596
           router_load=[0.0, 0.39720618724823, 0.13702097535133362, 0.4657727777957916]
[step 0070/150] method=baseline_avg loss=0.6828 train_acc=0.6000 train_loss=0.6615 val_acc=0.5596 val_loss=0.6762 router_H=0.6926 best=0.5596
           router_load=[0.0, 0.39720618724823, 0.13702097535133362, 0.4657727777957916]
[step 0080/150] method=baseline_avg loss=0.7516 train_acc=0.6000 train_loss=0.6615 val_acc=0.5596 val_loss=0.6762 router_H=0.6926 best=0.5596
           router_load=[0.0, 0.39720618724823, 0.13702097535133362, 0.4657727777957916]
[step 0090/150] method=baseline_avg loss=0.6565 train_acc=0.6000 train_loss=0.6615 val_acc=0.5596 val_loss=0.6762 router_H=0.6926 best=0.5596
           router_load=[0.0, 0.39720618724823, 0.13702097535133362, 0.4657727777957916]
[step 0100/150] method=baseline_avg loss=0.6622 train_acc=0.6454 train_loss=0.6400 val_acc=0.6101 val_loss=0.6554 router_H=0.6911 best=0.6101
           router_load=[0.0, 0.19304946064949036, 0.27800512313842773, 0.5289454460144043]
[step 0110/150] method=baseline_avg loss=0.7411 train_acc=0.6454 train_loss=0.6400 val_acc=0.6101 val_loss=0.6554 router_H=0.6911 best=0.6101
           router_load=[0.0, 0.19304946064949036, 0.27800512313842773, 0.5289454460144043]
[step 0120/150] method=baseline_avg loss=0.6198 train_acc=0.6454 train_loss=0.6400 val_acc=0.6101 val_loss=0.6554 router_H=0.6911 best=0.6101
           router_load=[0.0, 0.19304946064949036, 0.27800512313842773, 0.5289454460144043]
[step 0130/150] method=baseline_avg loss=0.6743 train_acc=0.6454 train_loss=0.6400 val_acc=0.6101 val_loss=0.6554 router_H=0.6911 best=0.6101
           router_load=[0.0, 0.19304946064949036, 0.27800512313842773, 0.5289454460144043]
[step 0140/150] method=baseline_avg loss=0.7481 train_acc=0.6454 train_loss=0.6400 val_acc=0.6101 val_loss=0.6554 router_H=0.6911 best=0.6101
           router_load=[0.0, 0.19304946064949036, 0.27800512313842773, 0.5289454460144043]
[step 0150/150] method=baseline_avg loss=0.6244 train_acc=0.7582 train_loss=0.5963 val_acc=0.6498 val_loss=0.6414 router_H=0.6909 best=0.6498
           router_load=[0.0, 0.24063220620155334, 0.22911988198757172, 0.5302478671073914]
saved summary -> /home/zhujjing/MOE-grad-conflict-routing/runs/paper_suite/single_gpu/single_task/roberta_rte_lora_e4_k2/hpo/baseline/trial_runs/coord_01_train_lr_011/baseline_s3.json
saved curve -> /home/zhujjing/MOE-grad-conflict-routing/runs/paper_suite/single_gpu/single_task/roberta_rte_lora_e4_k2/hpo/baseline/trial_runs/coord_01_train_lr_011/baseline_s3_curve.csv
