[run] method=baseline candidate=coord_01_train_lr_019 seed=3 steps=150 gpu=0
[run] cmd=
/home/zhujjing/anaconda3/envs/moe/bin/python /home/zhujjing/MOE-grad-conflict-routing/scripts/run.py --config configs/singletask_rte_real.yaml --set model.backbone_backend=hf --set model.hf_load_pretrained=true --set model.backbone=roberta --set model.hf_pretrained_name=roberta-base --set model.expert_type=lora --set model.routing_mode=topk --set model.num_experts=4 --set model.top_k=2 --set seed=3 --set method.name=baseline_avg --set train.steps=150 --set train.eval_every_steps=50 --set train.grad_clip=1 --set train.lr=7.110323964e-06 --set train.weight_decay=0.01 --out /home/zhujjing/MOE-grad-conflict-routing/runs/paper_suite/single_gpu/single_task/roberta_rte_lora_e4_k2/hpo/baseline/trial_runs/coord_01_train_lr_019/baseline_s3.json --curve_out /home/zhujjing/MOE-grad-conflict-routing/runs/paper_suite/single_gpu/single_task/roberta_rte_lora_e4_k2/hpo/baseline/trial_runs/coord_01_train_lr_019/baseline_s3_curve.csv
Using the latest cached version of the dataset since glue couldn't be found on the Hugging Face Hub (offline mode is enabled).
Found the latest cached dataset configuration 'rte' at /home/zhujjing/hf_cache/datasets/glue/rte/0.0.0/bcdcba79d07bc864c1c254ccfcedcce55bcc9a8c (last modified on Thu Mar 19 15:00:36 2026).
/home/zhujjing/anaconda3/envs/moe/lib/python3.10/site-packages/transformers/utils/hub.py:124: FutureWarning: Using `TRANSFORMERS_CACHE` is deprecated and will be removed in v5 of Transformers. Use `HF_HOME` instead.
  warnings.warn(
Some weights of RobertaModel were not initialized from the model checkpoint at roberta-base and are newly initialized: ['roberta.pooler.dense.bias', 'roberta.pooler.dense.weight']
You should probably TRAIN this model on a down-stream task to be able to use it for predictions and inference.
[step 0001/150] method=baseline_avg loss=0.7511 train_acc=nan train_loss=nan val_acc=nan val_loss=nan best=-1.0000
[step 0010/150] method=baseline_avg loss=0.7054 train_acc=nan train_loss=nan val_acc=nan val_loss=nan best=-1.0000
[step 0020/150] method=baseline_avg loss=0.7118 train_acc=nan train_loss=nan val_acc=nan val_loss=nan best=-1.0000
[step 0030/150] method=baseline_avg loss=0.6841 train_acc=nan train_loss=nan val_acc=nan val_loss=nan best=-1.0000
[step 0040/150] method=baseline_avg loss=0.6898 train_acc=nan train_loss=nan val_acc=nan val_loss=nan best=-1.0000
[step 0050/150] method=baseline_avg loss=0.6715 train_acc=0.6120 train_loss=0.6771 val_acc=0.5415 val_loss=0.6874 router_H=0.6769 best=0.5415
           router_load=[0.5871804356575012, 0.0, 0.0, 0.412819504737854]
[step 0060/150] method=baseline_avg loss=0.6512 train_acc=0.6120 train_loss=0.6771 val_acc=0.5415 val_loss=0.6874 router_H=0.6769 best=0.5415
           router_load=[0.5871804356575012, 0.0, 0.0, 0.412819504737854]
[step 0070/150] method=baseline_avg loss=0.6916 train_acc=0.6120 train_loss=0.6771 val_acc=0.5415 val_loss=0.6874 router_H=0.6769 best=0.5415
           router_load=[0.5871804356575012, 0.0, 0.0, 0.412819504737854]
[step 0080/150] method=baseline_avg loss=0.6140 train_acc=0.6120 train_loss=0.6771 val_acc=0.5415 val_loss=0.6874 router_H=0.6769 best=0.5415
           router_load=[0.5871804356575012, 0.0, 0.0, 0.412819504737854]
[step 0090/150] method=baseline_avg loss=0.5845 train_acc=0.6120 train_loss=0.6771 val_acc=0.5415 val_loss=0.6874 router_H=0.6769 best=0.5415
           router_load=[0.5871804356575012, 0.0, 0.0, 0.412819504737854]
[step 0100/150] method=baseline_avg loss=0.6626 train_acc=0.6876 train_loss=0.6085 val_acc=0.6173 val_loss=0.6341 router_H=0.6688 best=0.6173
           router_load=[0.6035178899765015, 0.0, 0.01029928494244814, 0.3861828148365021]
[step 0110/150] method=baseline_avg loss=0.5637 train_acc=0.6876 train_loss=0.6085 val_acc=0.6173 val_loss=0.6341 router_H=0.6688 best=0.6173
           router_load=[0.6035178899765015, 0.0, 0.01029928494244814, 0.3861828148365021]
[step 0120/150] method=baseline_avg loss=0.6563 train_acc=0.6876 train_loss=0.6085 val_acc=0.6173 val_loss=0.6341 router_H=0.6688 best=0.6173
           router_load=[0.6035178899765015, 0.0, 0.01029928494244814, 0.3861828148365021]
[step 0130/150] method=baseline_avg loss=0.6603 train_acc=0.6876 train_loss=0.6085 val_acc=0.6173 val_loss=0.6341 router_H=0.6688 best=0.6173
           router_load=[0.6035178899765015, 0.0, 0.01029928494244814, 0.3861828148365021]
[step 0140/150] method=baseline_avg loss=0.5752 train_acc=0.6876 train_loss=0.6085 val_acc=0.6173 val_loss=0.6341 router_H=0.6688 best=0.6173
           router_load=[0.6035178899765015, 0.0, 0.01029928494244814, 0.3861828148365021]
[step 0150/150] method=baseline_avg loss=0.5816 train_acc=0.7353 train_loss=0.5593 val_acc=0.6534 val_loss=0.6143 router_H=0.6721 best=0.6534
           router_load=[0.5925567746162415, 0.0, 0.04329805448651314, 0.3641452193260193]
saved summary -> /home/zhujjing/MOE-grad-conflict-routing/runs/paper_suite/single_gpu/single_task/roberta_rte_lora_e4_k2/hpo/baseline/trial_runs/coord_01_train_lr_019/baseline_s3.json
saved curve -> /home/zhujjing/MOE-grad-conflict-routing/runs/paper_suite/single_gpu/single_task/roberta_rte_lora_e4_k2/hpo/baseline/trial_runs/coord_01_train_lr_019/baseline_s3_curve.csv
