[run] method=baseline candidate=coord_01_anchor seed=2 steps=150 gpu=0
[run] cmd=
/home/zhujjing/anaconda3/envs/moe/bin/python /home/zhujjing/MOE-grad-conflict-routing/scripts/run.py --config configs/singletask_rte_real.yaml --set model.backbone_backend=hf --set model.hf_load_pretrained=true --set model.backbone=roberta --set model.hf_pretrained_name=roberta-base --set model.expert_type=lora --set model.routing_mode=topk --set model.num_experts=4 --set model.top_k=2 --set seed=2 --set method.name=baseline_avg --set train.steps=150 --set train.eval_every_steps=50 --set train.grad_clip=1 --set train.lr=2e-05 --set train.weight_decay=0.01 --out /home/zhujjing/MOE-grad-conflict-routing/runs/paper_suite/single_gpu/single_task/roberta_rte_lora_e4_k2/hpo/baseline/trial_runs/coord_01_anchor/baseline_s2.json --curve_out /home/zhujjing/MOE-grad-conflict-routing/runs/paper_suite/single_gpu/single_task/roberta_rte_lora_e4_k2/hpo/baseline/trial_runs/coord_01_anchor/baseline_s2_curve.csv
Using the latest cached version of the dataset since glue couldn't be found on the Hugging Face Hub (offline mode is enabled).
Found the latest cached dataset configuration 'rte' at /home/zhujjing/hf_cache/datasets/glue/rte/0.0.0/bcdcba79d07bc864c1c254ccfcedcce55bcc9a8c (last modified on Thu Mar 19 15:00:36 2026).
/home/zhujjing/anaconda3/envs/moe/lib/python3.10/site-packages/transformers/utils/hub.py:124: FutureWarning: Using `TRANSFORMERS_CACHE` is deprecated and will be removed in v5 of Transformers. Use `HF_HOME` instead.
  warnings.warn(
Some weights of RobertaModel were not initialized from the model checkpoint at roberta-base and are newly initialized: ['roberta.pooler.dense.bias', 'roberta.pooler.dense.weight']
You should probably TRAIN this model on a down-stream task to be able to use it for predictions and inference.
[step 0001/150] method=baseline_avg loss=0.7263 train_acc=nan train_loss=nan val_acc=nan val_loss=nan best=-1.0000
[step 0010/150] method=baseline_avg loss=0.8354 train_acc=nan train_loss=nan val_acc=nan val_loss=nan best=-1.0000
[step 0020/150] method=baseline_avg loss=0.6835 train_acc=nan train_loss=nan val_acc=nan val_loss=nan best=-1.0000
[step 0030/150] method=baseline_avg loss=0.7325 train_acc=nan train_loss=nan val_acc=nan val_loss=nan best=-1.0000
[step 0040/150] method=baseline_avg loss=0.7069 train_acc=nan train_loss=nan val_acc=nan val_loss=nan best=-1.0000
[step 0050/150] method=baseline_avg loss=0.6070 train_acc=0.5016 train_loss=0.7084 val_acc=0.5271 val_loss=0.6966 router_H=0.6822 best=0.5271
           router_load=[0.0, 0.4272346794605255, 0.5727652311325073, 0.0]
[step 0060/150] method=baseline_avg loss=0.6807 train_acc=0.5016 train_loss=0.7084 val_acc=0.5271 val_loss=0.6966 router_H=0.6822 best=0.5271
           router_load=[0.0, 0.4272346794605255, 0.5727652311325073, 0.0]
[step 0070/150] method=baseline_avg loss=0.6845 train_acc=0.5016 train_loss=0.7084 val_acc=0.5271 val_loss=0.6966 router_H=0.6822 best=0.5271
           router_load=[0.0, 0.4272346794605255, 0.5727652311325073, 0.0]
[step 0080/150] method=baseline_avg loss=0.6670 train_acc=0.5016 train_loss=0.7084 val_acc=0.5271 val_loss=0.6966 router_H=0.6822 best=0.5271
           router_load=[0.0, 0.4272346794605255, 0.5727652311325073, 0.0]
[step 0090/150] method=baseline_avg loss=0.7586 train_acc=0.5016 train_loss=0.7084 val_acc=0.5271 val_loss=0.6966 router_H=0.6822 best=0.5271
           router_load=[0.0, 0.4272346794605255, 0.5727652311325073, 0.0]
[step 0100/150] method=baseline_avg loss=0.6793 train_acc=0.6373 train_loss=0.6412 val_acc=0.5740 val_loss=0.6687 router_H=0.6833 best=0.5740
           router_load=[0.0, 0.43158504366874695, 0.5684149861335754, 0.0]
[step 0110/150] method=baseline_avg loss=0.6417 train_acc=0.6373 train_loss=0.6412 val_acc=0.5740 val_loss=0.6687 router_H=0.6833 best=0.5740
           router_load=[0.0, 0.43158504366874695, 0.5684149861335754, 0.0]
[step 0120/150] method=baseline_avg loss=0.6052 train_acc=0.6373 train_loss=0.6412 val_acc=0.5740 val_loss=0.6687 router_H=0.6833 best=0.5740
           router_load=[0.0, 0.43158504366874695, 0.5684149861335754, 0.0]
[step 0130/150] method=baseline_avg loss=0.6327 train_acc=0.6373 train_loss=0.6412 val_acc=0.5740 val_loss=0.6687 router_H=0.6833 best=0.5740
           router_load=[0.0, 0.43158504366874695, 0.5684149861335754, 0.0]
[step 0140/150] method=baseline_avg loss=0.6394 train_acc=0.6373 train_loss=0.6412 val_acc=0.5740 val_loss=0.6687 router_H=0.6833 best=0.5740
           router_load=[0.0, 0.43158504366874695, 0.5684149861335754, 0.0]
[step 0150/150] method=baseline_avg loss=0.6364 train_acc=0.6606 train_loss=0.6298 val_acc=0.6354 val_loss=0.6464 router_H=0.6794 best=0.6354
           router_load=[0.0, 0.41826704144477844, 0.581732988357544, 0.0]
saved summary -> /home/zhujjing/MOE-grad-conflict-routing/runs/paper_suite/single_gpu/single_task/roberta_rte_lora_e4_k2/hpo/baseline/trial_runs/coord_01_anchor/baseline_s2.json
saved curve -> /home/zhujjing/MOE-grad-conflict-routing/runs/paper_suite/single_gpu/single_task/roberta_rte_lora_e4_k2/hpo/baseline/trial_runs/coord_01_anchor/baseline_s2_curve.csv
