[run] method=baseline candidate=local_var_topk_012 seed=3 steps=150 gpu=0
[run] cmd=
/home/zhujjing/anaconda3/envs/moe/bin/python /home/zhujjing/MOE-grad-conflict-routing/scripts/run.py --config configs/singletask_rte_real.yaml --set model.backbone_backend=hf --set model.hf_load_pretrained=true --set model.backbone=roberta --set model.hf_pretrained_name=roberta-base --set model.expert_type=ffn --set model.routing_mode=topk --set model.num_experts=4 --set model.top_k=2 --set seed=3 --set method.name=baseline_avg --set train.steps=150 --set train.eval_every_steps=50 --set train.grad_clip=0.902092639 --set train.lr=2.5551784e-05 --set train.weight_decay=0.01108226147 --out /home/zhujjing/MOE-grad-conflict-routing/runs/paper_suite/single_gpu/single_task/roberta_rte_ffn_e4_k2/hpo/baseline/trial_runs/local_var_topk_012/baseline_s3.json --curve_out /home/zhujjing/MOE-grad-conflict-routing/runs/paper_suite/single_gpu/single_task/roberta_rte_ffn_e4_k2/hpo/baseline/trial_runs/local_var_topk_012/baseline_s3_curve.csv
Using the latest cached version of the dataset since glue couldn't be found on the Hugging Face Hub (offline mode is enabled).
Found the latest cached dataset configuration 'rte' at /home/zhujjing/hf_cache/datasets/glue/rte/0.0.0/bcdcba79d07bc864c1c254ccfcedcce55bcc9a8c (last modified on Thu Mar 19 15:00:36 2026).
/home/zhujjing/anaconda3/envs/moe/lib/python3.10/site-packages/transformers/utils/hub.py:124: FutureWarning: Using `TRANSFORMERS_CACHE` is deprecated and will be removed in v5 of Transformers. Use `HF_HOME` instead.
  warnings.warn(
Some weights of RobertaModel were not initialized from the model checkpoint at roberta-base and are newly initialized: ['roberta.pooler.dense.bias', 'roberta.pooler.dense.weight']
You should probably TRAIN this model on a down-stream task to be able to use it for predictions and inference.
[step 0001/150] method=baseline_avg loss=0.6873 train_acc=nan train_loss=nan val_acc=nan val_loss=nan best=-1.0000
[step 0010/150] method=baseline_avg loss=0.7051 train_acc=nan train_loss=nan val_acc=nan val_loss=nan best=-1.0000
[step 0020/150] method=baseline_avg loss=0.7020 train_acc=nan train_loss=nan val_acc=nan val_loss=nan best=-1.0000
[step 0030/150] method=baseline_avg loss=0.6771 train_acc=nan train_loss=nan val_acc=nan val_loss=nan best=-1.0000
[step 0040/150] method=baseline_avg loss=0.6887 train_acc=nan train_loss=nan val_acc=nan val_loss=nan best=-1.0000
[step 0050/150] method=baseline_avg loss=0.6126 train_acc=0.6442 train_loss=0.6304 val_acc=0.6065 val_loss=0.6576 router_H=0.6257 best=0.6065
           router_load=[0.07904874533414841, 0.24953363835811615, 0.6714175939559937, 0.0]
[step 0060/150] method=baseline_avg loss=0.6295 train_acc=0.6442 train_loss=0.6304 val_acc=0.6065 val_loss=0.6576 router_H=0.6257 best=0.6065
           router_load=[0.07904874533414841, 0.24953363835811615, 0.6714175939559937, 0.0]
[step 0070/150] method=baseline_avg loss=0.6890 train_acc=0.6442 train_loss=0.6304 val_acc=0.6065 val_loss=0.6576 router_H=0.6257 best=0.6065
           router_load=[0.07904874533414841, 0.24953363835811615, 0.6714175939559937, 0.0]
[step 0080/150] method=baseline_avg loss=0.6226 train_acc=0.6442 train_loss=0.6304 val_acc=0.6065 val_loss=0.6576 router_H=0.6257 best=0.6065
           router_load=[0.07904874533414841, 0.24953363835811615, 0.6714175939559937, 0.0]
[step 0090/150] method=baseline_avg loss=0.5327 train_acc=0.6442 train_loss=0.6304 val_acc=0.6065 val_loss=0.6576 router_H=0.6257 best=0.6065
           router_load=[0.07904874533414841, 0.24953363835811615, 0.6714175939559937, 0.0]
[step 0100/150] method=baseline_avg loss=0.9439 train_acc=0.7410 train_loss=0.5400 val_acc=0.6643 val_loss=0.6235 router_H=0.6705 best=0.6643
           router_load=[0.0, 0.41654476523399353, 0.5834551453590393, 0.0]
[step 0110/150] method=baseline_avg loss=0.4851 train_acc=0.7410 train_loss=0.5400 val_acc=0.6643 val_loss=0.6235 router_H=0.6705 best=0.6643
           router_load=[0.0, 0.41654476523399353, 0.5834551453590393, 0.0]
[step 0120/150] method=baseline_avg loss=0.7486 train_acc=0.7410 train_loss=0.5400 val_acc=0.6643 val_loss=0.6235 router_H=0.6705 best=0.6643
           router_load=[0.0, 0.41654476523399353, 0.5834551453590393, 0.0]
[step 0130/150] method=baseline_avg loss=0.6612 train_acc=0.7410 train_loss=0.5400 val_acc=0.6643 val_loss=0.6235 router_H=0.6705 best=0.6643
           router_load=[0.0, 0.41654476523399353, 0.5834551453590393, 0.0]
[step 0140/150] method=baseline_avg loss=0.6130 train_acc=0.7410 train_loss=0.5400 val_acc=0.6643 val_loss=0.6235 router_H=0.6705 best=0.6643
           router_load=[0.0, 0.41654476523399353, 0.5834551453590393, 0.0]
[step 0150/150] method=baseline_avg loss=0.5569 train_acc=0.7486 train_loss=0.5280 val_acc=0.6823 val_loss=0.6037 router_H=0.6788 best=0.6823
           router_load=[0.0, 0.4475988745689392, 0.5524011850357056, 0.0]
saved summary -> /home/zhujjing/MOE-grad-conflict-routing/runs/paper_suite/single_gpu/single_task/roberta_rte_ffn_e4_k2/hpo/baseline/trial_runs/local_var_topk_012/baseline_s3.json
saved curve -> /home/zhujjing/MOE-grad-conflict-routing/runs/paper_suite/single_gpu/single_task/roberta_rte_ffn_e4_k2/hpo/baseline/trial_runs/local_var_topk_012/baseline_s3_curve.csv
