[run] method=baseline candidate=local_var_topk_012 seed=2 steps=150 gpu=0
[run] cmd=
/home/zhujjing/anaconda3/envs/moe/bin/python /home/zhujjing/MOE-grad-conflict-routing/scripts/run.py --config configs/singletask_rte_real.yaml --set model.backbone_backend=hf --set model.hf_load_pretrained=true --set model.backbone=roberta --set model.hf_pretrained_name=roberta-base --set model.expert_type=ffn --set model.routing_mode=topk --set model.num_experts=4 --set model.top_k=2 --set seed=2 --set method.name=baseline_avg --set train.steps=150 --set train.eval_every_steps=50 --set train.grad_clip=0.902092639 --set train.lr=2.5551784e-05 --set train.weight_decay=0.01108226147 --out /home/zhujjing/MOE-grad-conflict-routing/runs/paper_suite/single_gpu/single_task/roberta_rte_ffn_e4_k2/hpo/baseline/trial_runs/local_var_topk_012/baseline_s2.json --curve_out /home/zhujjing/MOE-grad-conflict-routing/runs/paper_suite/single_gpu/single_task/roberta_rte_ffn_e4_k2/hpo/baseline/trial_runs/local_var_topk_012/baseline_s2_curve.csv
Using the latest cached version of the dataset since glue couldn't be found on the Hugging Face Hub (offline mode is enabled).
Found the latest cached dataset configuration 'rte' at /home/zhujjing/hf_cache/datasets/glue/rte/0.0.0/bcdcba79d07bc864c1c254ccfcedcce55bcc9a8c (last modified on Thu Mar 19 15:00:36 2026).
/home/zhujjing/anaconda3/envs/moe/lib/python3.10/site-packages/transformers/utils/hub.py:124: FutureWarning: Using `TRANSFORMERS_CACHE` is deprecated and will be removed in v5 of Transformers. Use `HF_HOME` instead.
  warnings.warn(
Some weights of RobertaModel were not initialized from the model checkpoint at roberta-base and are newly initialized: ['roberta.pooler.dense.bias', 'roberta.pooler.dense.weight']
You should probably TRAIN this model on a down-stream task to be able to use it for predictions and inference.
[step 0001/150] method=baseline_avg loss=0.6957 train_acc=nan train_loss=nan val_acc=nan val_loss=nan best=-1.0000
[step 0010/150] method=baseline_avg loss=0.7793 train_acc=nan train_loss=nan val_acc=nan val_loss=nan best=-1.0000
[step 0020/150] method=baseline_avg loss=0.6801 train_acc=nan train_loss=nan val_acc=nan val_loss=nan best=-1.0000
[step 0030/150] method=baseline_avg loss=0.7071 train_acc=nan train_loss=nan val_acc=nan val_loss=nan best=-1.0000
[step 0040/150] method=baseline_avg loss=0.6961 train_acc=nan train_loss=nan val_acc=nan val_loss=nan best=-1.0000
[step 0050/150] method=baseline_avg loss=0.6498 train_acc=0.5863 train_loss=0.6673 val_acc=0.5884 val_loss=0.6684 router_H=0.6906 best=0.5884
           router_load=[0.0, 0.47906339168548584, 0.0, 0.5209366083145142]
[step 0060/150] method=baseline_avg loss=0.7173 train_acc=0.5863 train_loss=0.6673 val_acc=0.5884 val_loss=0.6684 router_H=0.6906 best=0.5884
           router_load=[0.0, 0.47906339168548584, 0.0, 0.5209366083145142]
[step 0070/150] method=baseline_avg loss=0.6919 train_acc=0.5863 train_loss=0.6673 val_acc=0.5884 val_loss=0.6684 router_H=0.6906 best=0.5884
           router_load=[0.0, 0.47906339168548584, 0.0, 0.5209366083145142]
[step 0080/150] method=baseline_avg loss=0.6778 train_acc=0.5863 train_loss=0.6673 val_acc=0.5884 val_loss=0.6684 router_H=0.6906 best=0.5884
           router_load=[0.0, 0.47906339168548584, 0.0, 0.5209366083145142]
[step 0090/150] method=baseline_avg loss=0.9467 train_acc=0.5863 train_loss=0.6673 val_acc=0.5884 val_loss=0.6684 router_H=0.6906 best=0.5884
           router_load=[0.0, 0.47906339168548584, 0.0, 0.5209366083145142]
[step 0100/150] method=baseline_avg loss=0.7115 train_acc=0.6080 train_loss=0.6466 val_acc=0.5379 val_loss=0.6964 router_H=0.6403 best=0.5884
           router_load=[0.0371425598859787, 0.29207709431648254, 0.039791982620954514, 0.630988359451294]
[step 0110/150] method=baseline_avg loss=0.6089 train_acc=0.6080 train_loss=0.6466 val_acc=0.5379 val_loss=0.6964 router_H=0.6403 best=0.5884
           router_load=[0.0371425598859787, 0.29207709431648254, 0.039791982620954514, 0.630988359451294]
[step 0120/150] method=baseline_avg loss=0.5037 train_acc=0.6080 train_loss=0.6466 val_acc=0.5379 val_loss=0.6964 router_H=0.6403 best=0.5884
           router_load=[0.0371425598859787, 0.29207709431648254, 0.039791982620954514, 0.630988359451294]
[step 0130/150] method=baseline_avg loss=0.6225 train_acc=0.6080 train_loss=0.6466 val_acc=0.5379 val_loss=0.6964 router_H=0.6403 best=0.5884
           router_load=[0.0371425598859787, 0.29207709431648254, 0.039791982620954514, 0.630988359451294]
[step 0140/150] method=baseline_avg loss=0.6320 train_acc=0.6080 train_loss=0.6466 val_acc=0.5379 val_loss=0.6964 router_H=0.6403 best=0.5884
           router_load=[0.0371425598859787, 0.29207709431648254, 0.039791982620954514, 0.630988359451294]
[step 0150/150] method=baseline_avg loss=0.6541 train_acc=0.7333 train_loss=0.5952 val_acc=0.6643 val_loss=0.6272 router_H=0.6503 best=0.6643
           router_load=[0.0018807756714522839, 0.236442431807518, 0.17151854932308197, 0.5901582837104797]
saved summary -> /home/zhujjing/MOE-grad-conflict-routing/runs/paper_suite/single_gpu/single_task/roberta_rte_ffn_e4_k2/hpo/baseline/trial_runs/local_var_topk_012/baseline_s2.json
saved curve -> /home/zhujjing/MOE-grad-conflict-routing/runs/paper_suite/single_gpu/single_task/roberta_rte_ffn_e4_k2/hpo/baseline/trial_runs/local_var_topk_012/baseline_s2_curve.csv
