[run] method=baseline candidate=local_var_topk_020 seed=3 steps=150 gpu=0
[run] cmd=
/home/zhujjing/anaconda3/envs/moe/bin/python /home/zhujjing/MOE-grad-conflict-routing/scripts/run.py --config configs/singletask_rte_real.yaml --set model.backbone_backend=hf --set model.hf_load_pretrained=true --set model.backbone=roberta --set model.hf_pretrained_name=roberta-base --set model.expert_type=ffn --set model.routing_mode=topk --set model.num_experts=4 --set model.top_k=2 --set seed=3 --set method.name=baseline_avg --set train.steps=150 --set train.eval_every_steps=50 --set train.grad_clip=1.502092639 --set train.lr=5.1103568e-05 --set train.weight_decay=0.001082261466 --out /home/zhujjing/MOE-grad-conflict-routing/runs/paper_suite/single_gpu/single_task/roberta_rte_ffn_e4_k2/hpo/baseline/trial_runs/local_var_topk_020/baseline_s3.json --curve_out /home/zhujjing/MOE-grad-conflict-routing/runs/paper_suite/single_gpu/single_task/roberta_rte_ffn_e4_k2/hpo/baseline/trial_runs/local_var_topk_020/baseline_s3_curve.csv
Using the latest cached version of the dataset since glue couldn't be found on the Hugging Face Hub (offline mode is enabled).
Found the latest cached dataset configuration 'rte' at /home/zhujjing/hf_cache/datasets/glue/rte/0.0.0/bcdcba79d07bc864c1c254ccfcedcce55bcc9a8c (last modified on Thu Mar 19 15:00:36 2026).
/home/zhujjing/anaconda3/envs/moe/lib/python3.10/site-packages/transformers/utils/hub.py:124: FutureWarning: Using `TRANSFORMERS_CACHE` is deprecated and will be removed in v5 of Transformers. Use `HF_HOME` instead.
  warnings.warn(
Some weights of RobertaModel were not initialized from the model checkpoint at roberta-base and are newly initialized: ['roberta.pooler.dense.bias', 'roberta.pooler.dense.weight']
You should probably TRAIN this model on a down-stream task to be able to use it for predictions and inference.
[step 0001/150] method=baseline_avg loss=0.6906 train_acc=nan train_loss=nan val_acc=nan val_loss=nan best=-1.0000
[step 0010/150] method=baseline_avg loss=0.6991 train_acc=nan train_loss=nan val_acc=nan val_loss=nan best=-1.0000
[step 0020/150] method=baseline_avg loss=0.6984 train_acc=nan train_loss=nan val_acc=nan val_loss=nan best=-1.0000
[step 0030/150] method=baseline_avg loss=0.6761 train_acc=nan train_loss=nan val_acc=nan val_loss=nan best=-1.0000
[step 0040/150] method=baseline_avg loss=0.6747 train_acc=nan train_loss=nan val_acc=nan val_loss=nan best=-1.0000
[step 0050/150] method=baseline_avg loss=0.6642 train_acc=0.6181 train_loss=0.6591 val_acc=0.5812 val_loss=0.6737 router_H=0.5759 best=0.5812
           router_load=[0.2471182644367218, 0.016207586973905563, 0.7366741895675659, 0.0]
[step 0060/150] method=baseline_avg loss=0.8086 train_acc=0.6181 train_loss=0.6591 val_acc=0.5812 val_loss=0.6737 router_H=0.5759 best=0.5812
           router_load=[0.2471182644367218, 0.016207586973905563, 0.7366741895675659, 0.0]
[step 0070/150] method=baseline_avg loss=0.7165 train_acc=0.6181 train_loss=0.6591 val_acc=0.5812 val_loss=0.6737 router_H=0.5759 best=0.5812
           router_load=[0.2471182644367218, 0.016207586973905563, 0.7366741895675659, 0.0]
[step 0080/150] method=baseline_avg loss=0.6900 train_acc=0.6181 train_loss=0.6591 val_acc=0.5812 val_loss=0.6737 router_H=0.5759 best=0.5812
           router_load=[0.2471182644367218, 0.016207586973905563, 0.7366741895675659, 0.0]
[step 0090/150] method=baseline_avg loss=0.6170 train_acc=0.6181 train_loss=0.6591 val_acc=0.5812 val_loss=0.6737 router_H=0.5759 best=0.5812
           router_load=[0.2471182644367218, 0.016207586973905563, 0.7366741895675659, 0.0]
[step 0100/150] method=baseline_avg loss=0.7508 train_acc=0.6968 train_loss=0.5976 val_acc=0.6715 val_loss=0.6294 router_H=0.6095 best=0.6715
           router_load=[0.30098217725753784, 0.000891205039806664, 0.6981266140937805, 0.0]
[step 0110/150] method=baseline_avg loss=0.6292 train_acc=0.6968 train_loss=0.5976 val_acc=0.6715 val_loss=0.6294 router_H=0.6095 best=0.6715
           router_load=[0.30098217725753784, 0.000891205039806664, 0.6981266140937805, 0.0]
[step 0120/150] method=baseline_avg loss=0.6487 train_acc=0.6968 train_loss=0.5976 val_acc=0.6715 val_loss=0.6294 router_H=0.6095 best=0.6715
           router_load=[0.30098217725753784, 0.000891205039806664, 0.6981266140937805, 0.0]
[step 0130/150] method=baseline_avg loss=0.6245 train_acc=0.6968 train_loss=0.5976 val_acc=0.6715 val_loss=0.6294 router_H=0.6095 best=0.6715
           router_load=[0.30098217725753784, 0.000891205039806664, 0.6981266140937805, 0.0]
[step 0140/150] method=baseline_avg loss=0.6756 train_acc=0.6968 train_loss=0.5976 val_acc=0.6715 val_loss=0.6294 router_H=0.6095 best=0.6715
           router_load=[0.30098217725753784, 0.000891205039806664, 0.6981266140937805, 0.0]
[step 0150/150] method=baseline_avg loss=0.6929 train_acc=0.7606 train_loss=0.5852 val_acc=0.7004 val_loss=0.6306 router_H=0.6231 best=0.7004
           router_load=[0.3163144290447235, 0.0, 0.6836856603622437, 0.0]
saved summary -> /home/zhujjing/MOE-grad-conflict-routing/runs/paper_suite/single_gpu/single_task/roberta_rte_ffn_e4_k2/hpo/baseline/trial_runs/local_var_topk_020/baseline_s3.json
saved curve -> /home/zhujjing/MOE-grad-conflict-routing/runs/paper_suite/single_gpu/single_task/roberta_rte_ffn_e4_k2/hpo/baseline/trial_runs/local_var_topk_020/baseline_s3_curve.csv
