[run] method=baseline candidate=local_var_topk_011 seed=3 steps=150 gpu=0
[run] cmd=
/home/zhujjing/anaconda3/envs/moe/bin/python /home/zhujjing/MOE-grad-conflict-routing/scripts/run.py --config configs/singletask_rte_real.yaml --set model.backbone_backend=hf --set model.hf_load_pretrained=true --set model.backbone=roberta --set model.hf_pretrained_name=roberta-base --set model.expert_type=ffn --set model.routing_mode=topk --set model.num_experts=4 --set model.top_k=2 --set seed=3 --set method.name=baseline_avg --set train.steps=150 --set train.eval_every_steps=50 --set train.grad_clip=1.502092639 --set train.lr=2.5551784e-05 --set train.weight_decay=0.001082261466 --out /home/zhujjing/MOE-grad-conflict-routing/runs/paper_suite/single_gpu/single_task/roberta_rte_ffn_e4_k2/hpo/baseline/trial_runs/local_var_topk_011/baseline_s3.json --curve_out /home/zhujjing/MOE-grad-conflict-routing/runs/paper_suite/single_gpu/single_task/roberta_rte_ffn_e4_k2/hpo/baseline/trial_runs/local_var_topk_011/baseline_s3_curve.csv
Using the latest cached version of the dataset since glue couldn't be found on the Hugging Face Hub (offline mode is enabled).
Found the latest cached dataset configuration 'rte' at /home/zhujjing/hf_cache/datasets/glue/rte/0.0.0/bcdcba79d07bc864c1c254ccfcedcce55bcc9a8c (last modified on Thu Mar 19 15:00:36 2026).
/home/zhujjing/anaconda3/envs/moe/lib/python3.10/site-packages/transformers/utils/hub.py:124: FutureWarning: Using `TRANSFORMERS_CACHE` is deprecated and will be removed in v5 of Transformers. Use `HF_HOME` instead.
  warnings.warn(
Some weights of RobertaModel were not initialized from the model checkpoint at roberta-base and are newly initialized: ['roberta.pooler.dense.bias', 'roberta.pooler.dense.weight']
You should probably TRAIN this model on a down-stream task to be able to use it for predictions and inference.
[step 0001/150] method=baseline_avg loss=0.6999 train_acc=nan train_loss=nan val_acc=nan val_loss=nan best=-1.0000
[step 0010/150] method=baseline_avg loss=0.7168 train_acc=nan train_loss=nan val_acc=nan val_loss=nan best=-1.0000
[step 0020/150] method=baseline_avg loss=0.6964 train_acc=nan train_loss=nan val_acc=nan val_loss=nan best=-1.0000
[step 0030/150] method=baseline_avg loss=0.6857 train_acc=nan train_loss=nan val_acc=nan val_loss=nan best=-1.0000
[step 0040/150] method=baseline_avg loss=0.6656 train_acc=nan train_loss=nan val_acc=nan val_loss=nan best=-1.0000
[step 0050/150] method=baseline_avg loss=0.6807 train_acc=0.6193 train_loss=0.6503 val_acc=0.5921 val_loss=0.6791 router_H=0.6502 best=0.5921
           router_load=[0.5295084714889526, 0.0013485923409461975, 0.011819001287221909, 0.45732396841049194]
[step 0060/150] method=baseline_avg loss=0.6467 train_acc=0.6193 train_loss=0.6503 val_acc=0.5921 val_loss=0.6791 router_H=0.6502 best=0.5921
           router_load=[0.5295084714889526, 0.0013485923409461975, 0.011819001287221909, 0.45732396841049194]
[step 0070/150] method=baseline_avg loss=0.7156 train_acc=0.6193 train_loss=0.6503 val_acc=0.5921 val_loss=0.6791 router_H=0.6502 best=0.5921
           router_load=[0.5295084714889526, 0.0013485923409461975, 0.011819001287221909, 0.45732396841049194]
[step 0080/150] method=baseline_avg loss=0.6075 train_acc=0.6193 train_loss=0.6503 val_acc=0.5921 val_loss=0.6791 router_H=0.6502 best=0.5921
           router_load=[0.5295084714889526, 0.0013485923409461975, 0.011819001287221909, 0.45732396841049194]
[step 0090/150] method=baseline_avg loss=0.6100 train_acc=0.6193 train_loss=0.6503 val_acc=0.5921 val_loss=0.6791 router_H=0.6502 best=0.5921
           router_load=[0.5295084714889526, 0.0013485923409461975, 0.011819001287221909, 0.45732396841049194]
[step 0100/150] method=baseline_avg loss=0.6387 train_acc=0.7024 train_loss=0.6042 val_acc=0.6426 val_loss=0.6331 router_H=0.6301 best=0.6426
           router_load=[0.30967044830322266, 0.0005782629013992846, 0.11654093116521835, 0.5732103586196899]
[step 0110/150] method=baseline_avg loss=0.6568 train_acc=0.7024 train_loss=0.6042 val_acc=0.6426 val_loss=0.6331 router_H=0.6301 best=0.6426
           router_load=[0.30967044830322266, 0.0005782629013992846, 0.11654093116521835, 0.5732103586196899]
[step 0120/150] method=baseline_avg loss=0.7293 train_acc=0.7024 train_loss=0.6042 val_acc=0.6426 val_loss=0.6331 router_H=0.6301 best=0.6426
           router_load=[0.30967044830322266, 0.0005782629013992846, 0.11654093116521835, 0.5732103586196899]
[step 0130/150] method=baseline_avg loss=0.6489 train_acc=0.7024 train_loss=0.6042 val_acc=0.6426 val_loss=0.6331 router_H=0.6301 best=0.6426
           router_load=[0.30967044830322266, 0.0005782629013992846, 0.11654093116521835, 0.5732103586196899]
[step 0140/150] method=baseline_avg loss=0.6351 train_acc=0.7024 train_loss=0.6042 val_acc=0.6426 val_loss=0.6331 router_H=0.6301 best=0.6426
           router_load=[0.30967044830322266, 0.0005782629013992846, 0.11654093116521835, 0.5732103586196899]
[step 0150/150] method=baseline_avg loss=0.5548 train_acc=0.7430 train_loss=0.5299 val_acc=0.6679 val_loss=0.6077 router_H=0.5349 best=0.6679
           router_load=[0.3098560571670532, 0.05770163983106613, 0.00736891059204936, 0.6250733733177185]
saved summary -> /home/zhujjing/MOE-grad-conflict-routing/runs/paper_suite/single_gpu/single_task/roberta_rte_ffn_e4_k2/hpo/baseline/trial_runs/local_var_topk_011/baseline_s3.json
saved curve -> /home/zhujjing/MOE-grad-conflict-routing/runs/paper_suite/single_gpu/single_task/roberta_rte_ffn_e4_k2/hpo/baseline/trial_runs/local_var_topk_011/baseline_s3_curve.csv
