[run] method=baseline candidate=local_var_topk_007 seed=2 steps=150 gpu=0
[run] cmd=
/home/zhujjing/anaconda3/envs/moe/bin/python /home/zhujjing/MOE-grad-conflict-routing/scripts/run.py --config configs/singletask_rte_real.yaml --set model.backbone_backend=hf --set model.hf_load_pretrained=true --set model.backbone=roberta --set model.hf_pretrained_name=roberta-base --set model.expert_type=ffn --set model.routing_mode=topk --set model.num_experts=4 --set model.top_k=2 --set seed=2 --set method.name=baseline_avg --set train.steps=150 --set train.eval_every_steps=50 --set train.grad_clip=1.202092639 --set train.lr=1.2775892e-05 --set train.weight_decay=0.02108226147 --out /home/zhujjing/MOE-grad-conflict-routing/runs/paper_suite/single_gpu/single_task/roberta_rte_ffn_e4_k2/hpo/baseline/trial_runs/local_var_topk_007/baseline_s2.json --curve_out /home/zhujjing/MOE-grad-conflict-routing/runs/paper_suite/single_gpu/single_task/roberta_rte_ffn_e4_k2/hpo/baseline/trial_runs/local_var_topk_007/baseline_s2_curve.csv
Using the latest cached version of the dataset since glue couldn't be found on the Hugging Face Hub (offline mode is enabled).
Found the latest cached dataset configuration 'rte' at /home/zhujjing/hf_cache/datasets/glue/rte/0.0.0/bcdcba79d07bc864c1c254ccfcedcce55bcc9a8c (last modified on Thu Mar 19 15:00:36 2026).
/home/zhujjing/anaconda3/envs/moe/lib/python3.10/site-packages/transformers/utils/hub.py:124: FutureWarning: Using `TRANSFORMERS_CACHE` is deprecated and will be removed in v5 of Transformers. Use `HF_HOME` instead.
  warnings.warn(
Some weights of RobertaModel were not initialized from the model checkpoint at roberta-base and are newly initialized: ['roberta.pooler.dense.bias', 'roberta.pooler.dense.weight']
You should probably TRAIN this model on a down-stream task to be able to use it for predictions and inference.
[step 0001/150] method=baseline_avg loss=0.6873 train_acc=nan train_loss=nan val_acc=nan val_loss=nan best=-1.0000
[step 0010/150] method=baseline_avg loss=0.7119 train_acc=nan train_loss=nan val_acc=nan val_loss=nan best=-1.0000
[step 0020/150] method=baseline_avg loss=0.6863 train_acc=nan train_loss=nan val_acc=nan val_loss=nan best=-1.0000
[step 0030/150] method=baseline_avg loss=0.6866 train_acc=nan train_loss=nan val_acc=nan val_loss=nan best=-1.0000
[step 0040/150] method=baseline_avg loss=0.6922 train_acc=nan train_loss=nan val_acc=nan val_loss=nan best=-1.0000
[step 0050/150] method=baseline_avg loss=0.6367 train_acc=0.5490 train_loss=0.6822 val_acc=0.5848 val_loss=0.6714 router_H=0.6844 best=0.5848
           router_load=[0.3586674928665161, 0.5595628619194031, 0.013287345878779888, 0.06848236173391342]
[step 0060/150] method=baseline_avg loss=0.6601 train_acc=0.5490 train_loss=0.6822 val_acc=0.5848 val_loss=0.6714 router_H=0.6844 best=0.5848
           router_load=[0.3586674928665161, 0.5595628619194031, 0.013287345878779888, 0.06848236173391342]
[step 0070/150] method=baseline_avg loss=0.6692 train_acc=0.5490 train_loss=0.6822 val_acc=0.5848 val_loss=0.6714 router_H=0.6844 best=0.5848
           router_load=[0.3586674928665161, 0.5595628619194031, 0.013287345878779888, 0.06848236173391342]
[step 0080/150] method=baseline_avg loss=0.7205 train_acc=0.5490 train_loss=0.6822 val_acc=0.5848 val_loss=0.6714 router_H=0.6844 best=0.5848
           router_load=[0.3586674928665161, 0.5595628619194031, 0.013287345878779888, 0.06848236173391342]
[step 0090/150] method=baseline_avg loss=0.7007 train_acc=0.5490 train_loss=0.6822 val_acc=0.5848 val_loss=0.6714 router_H=0.6844 best=0.5848
           router_load=[0.3586674928665161, 0.5595628619194031, 0.013287345878779888, 0.06848236173391342]
[step 0100/150] method=baseline_avg loss=0.6951 train_acc=0.6257 train_loss=0.6588 val_acc=0.5776 val_loss=0.6669 router_H=0.6631 best=0.5848
           router_load=[0.16510778665542603, 0.617301881313324, 0.07969281077384949, 0.13789759576320648]
[step 0110/150] method=baseline_avg loss=0.6807 train_acc=0.6257 train_loss=0.6588 val_acc=0.5776 val_loss=0.6669 router_H=0.6631 best=0.5848
           router_load=[0.16510778665542603, 0.617301881313324, 0.07969281077384949, 0.13789759576320648]
[step 0120/150] method=baseline_avg loss=0.6877 train_acc=0.6257 train_loss=0.6588 val_acc=0.5776 val_loss=0.6669 router_H=0.6631 best=0.5848
           router_load=[0.16510778665542603, 0.617301881313324, 0.07969281077384949, 0.13789759576320648]
[step 0130/150] method=baseline_avg loss=0.6635 train_acc=0.6257 train_loss=0.6588 val_acc=0.5776 val_loss=0.6669 router_H=0.6631 best=0.5848
           router_load=[0.16510778665542603, 0.617301881313324, 0.07969281077384949, 0.13789759576320648]
[step 0140/150] method=baseline_avg loss=0.6536 train_acc=0.6257 train_loss=0.6588 val_acc=0.5776 val_loss=0.6669 router_H=0.6631 best=0.5848
           router_load=[0.16510778665542603, 0.617301881313324, 0.07969281077384949, 0.13789759576320648]
[step 0150/150] method=baseline_avg loss=0.6797 train_acc=0.6237 train_loss=0.6440 val_acc=0.5957 val_loss=0.6563 router_H=0.6733 best=0.5957
           router_load=[0.3956242799758911, 0.5751318335533142, 0.0, 0.02924385853111744]
saved summary -> /home/zhujjing/MOE-grad-conflict-routing/runs/paper_suite/single_gpu/single_task/roberta_rte_ffn_e4_k2/hpo/baseline/trial_runs/local_var_topk_007/baseline_s2.json
saved curve -> /home/zhujjing/MOE-grad-conflict-routing/runs/paper_suite/single_gpu/single_task/roberta_rte_ffn_e4_k2/hpo/baseline/trial_runs/local_var_topk_007/baseline_s2_curve.csv
