[run] method=baseline candidate=local_var_topk_022 seed=3 steps=150 gpu=0
[run] cmd=
/home/zhujjing/anaconda3/envs/moe/bin/python /home/zhujjing/MOE-grad-conflict-routing/scripts/run.py --config configs/singletask_rte_real.yaml --set model.backbone_backend=hf --set model.hf_load_pretrained=true --set model.backbone=roberta --set model.hf_pretrained_name=roberta-base --set model.expert_type=ffn --set model.routing_mode=topk --set model.num_experts=4 --set model.top_k=2 --set seed=3 --set method.name=baseline_avg --set train.steps=150 --set train.eval_every_steps=50 --set train.grad_clip=1.202092639 --set train.lr=5.1103568e-05 --set train.weight_decay=0.01108226147 --out /home/zhujjing/MOE-grad-conflict-routing/runs/paper_suite/single_gpu/single_task/roberta_rte_ffn_e4_k2/hpo/baseline/trial_runs/local_var_topk_022/baseline_s3.json --curve_out /home/zhujjing/MOE-grad-conflict-routing/runs/paper_suite/single_gpu/single_task/roberta_rte_ffn_e4_k2/hpo/baseline/trial_runs/local_var_topk_022/baseline_s3_curve.csv
Using the latest cached version of the dataset since glue couldn't be found on the Hugging Face Hub (offline mode is enabled).
Found the latest cached dataset configuration 'rte' at /home/zhujjing/hf_cache/datasets/glue/rte/0.0.0/bcdcba79d07bc864c1c254ccfcedcce55bcc9a8c (last modified on Thu Mar 19 15:00:36 2026).
/home/zhujjing/anaconda3/envs/moe/lib/python3.10/site-packages/transformers/utils/hub.py:124: FutureWarning: Using `TRANSFORMERS_CACHE` is deprecated and will be removed in v5 of Transformers. Use `HF_HOME` instead.
  warnings.warn(
Some weights of RobertaModel were not initialized from the model checkpoint at roberta-base and are newly initialized: ['roberta.pooler.dense.bias', 'roberta.pooler.dense.weight']
You should probably TRAIN this model on a down-stream task to be able to use it for predictions and inference.
[step 0001/150] method=baseline_avg loss=0.6969 train_acc=nan train_loss=nan val_acc=nan val_loss=nan best=-1.0000
[step 0010/150] method=baseline_avg loss=0.6988 train_acc=nan train_loss=nan val_acc=nan val_loss=nan best=-1.0000
[step 0020/150] method=baseline_avg loss=0.7013 train_acc=nan train_loss=nan val_acc=nan val_loss=nan best=-1.0000
[step 0030/150] method=baseline_avg loss=0.6798 train_acc=nan train_loss=nan val_acc=nan val_loss=nan best=-1.0000
[step 0040/150] method=baseline_avg loss=0.6778 train_acc=nan train_loss=nan val_acc=nan val_loss=nan best=-1.0000
[step 0050/150] method=baseline_avg loss=0.6746 train_acc=0.5775 train_loss=0.6766 val_acc=0.5307 val_loss=0.6892 router_H=0.6680 best=0.5307
           router_load=[0.037539348006248474, 0.36714300513267517, 0.0, 0.5953176021575928]
[step 0060/150] method=baseline_avg loss=0.6811 train_acc=0.5775 train_loss=0.6766 val_acc=0.5307 val_loss=0.6892 router_H=0.6680 best=0.5307
           router_load=[0.037539348006248474, 0.36714300513267517, 0.0, 0.5953176021575928]
[step 0070/150] method=baseline_avg loss=0.7423 train_acc=0.5775 train_loss=0.6766 val_acc=0.5307 val_loss=0.6892 router_H=0.6680 best=0.5307
           router_load=[0.037539348006248474, 0.36714300513267517, 0.0, 0.5953176021575928]
[step 0080/150] method=baseline_avg loss=0.7388 train_acc=0.5775 train_loss=0.6766 val_acc=0.5307 val_loss=0.6892 router_H=0.6680 best=0.5307
           router_load=[0.037539348006248474, 0.36714300513267517, 0.0, 0.5953176021575928]
[step 0090/150] method=baseline_avg loss=0.6781 train_acc=0.5775 train_loss=0.6766 val_acc=0.5307 val_loss=0.6892 router_H=0.6680 best=0.5307
           router_load=[0.037539348006248474, 0.36714300513267517, 0.0, 0.5953176021575928]
[step 0100/150] method=baseline_avg loss=0.7138 train_acc=0.5980 train_loss=0.6845 val_acc=0.5379 val_loss=0.6892 router_H=0.6884 best=0.5379
           router_load=[0.0, 0.4548562467098236, 0.0, 0.5451437830924988]
[step 0110/150] method=baseline_avg loss=0.7079 train_acc=0.5980 train_loss=0.6845 val_acc=0.5379 val_loss=0.6892 router_H=0.6884 best=0.5379
           router_load=[0.0, 0.4548562467098236, 0.0, 0.5451437830924988]
[step 0120/150] method=baseline_avg loss=0.6850 train_acc=0.5980 train_loss=0.6845 val_acc=0.5379 val_loss=0.6892 router_H=0.6884 best=0.5379
           router_load=[0.0, 0.4548562467098236, 0.0, 0.5451437830924988]
[step 0130/150] method=baseline_avg loss=0.6850 train_acc=0.5980 train_loss=0.6845 val_acc=0.5379 val_loss=0.6892 router_H=0.6884 best=0.5379
           router_load=[0.0, 0.4548562467098236, 0.0, 0.5451437830924988]
[step 0140/150] method=baseline_avg loss=0.7108 train_acc=0.5980 train_loss=0.6845 val_acc=0.5379 val_loss=0.6892 router_H=0.6884 best=0.5379
           router_load=[0.0, 0.4548562467098236, 0.0, 0.5451437830924988]
[step 0150/150] method=baseline_avg loss=0.6974 train_acc=0.5016 train_loss=0.6938 val_acc=0.5271 val_loss=0.6900 router_H=0.6486 best=0.5379
           router_load=[0.3519105017185211, 0.0, 0.0, 0.6480895280838013]
saved summary -> /home/zhujjing/MOE-grad-conflict-routing/runs/paper_suite/single_gpu/single_task/roberta_rte_ffn_e4_k2/hpo/baseline/trial_runs/local_var_topk_022/baseline_s3.json
saved curve -> /home/zhujjing/MOE-grad-conflict-routing/runs/paper_suite/single_gpu/single_task/roberta_rte_ffn_e4_k2/hpo/baseline/trial_runs/local_var_topk_022/baseline_s3_curve.csv
