[run] method=baseline candidate=local_var_topk_005 seed=2 steps=150 gpu=0
[run] cmd=
/home/zhujjing/anaconda3/envs/moe/bin/python /home/zhujjing/MOE-grad-conflict-routing/scripts/run.py --config configs/singletask_rte_real.yaml --set model.backbone_backend=hf --set model.hf_load_pretrained=true --set model.backbone=roberta --set model.hf_pretrained_name=roberta-base --set model.expert_type=ffn --set model.routing_mode=topk --set model.num_experts=4 --set model.top_k=2 --set seed=2 --set method.name=baseline_avg --set train.steps=150 --set train.eval_every_steps=50 --set train.grad_clip=1.502092639 --set train.lr=1.2775892e-05 --set train.weight_decay=0.01108226147 --out /home/zhujjing/MOE-grad-conflict-routing/runs/paper_suite/single_gpu/single_task/roberta_rte_ffn_e4_k2/hpo/baseline/trial_runs/local_var_topk_005/baseline_s2.json --curve_out /home/zhujjing/MOE-grad-conflict-routing/runs/paper_suite/single_gpu/single_task/roberta_rte_ffn_e4_k2/hpo/baseline/trial_runs/local_var_topk_005/baseline_s2_curve.csv
Using the latest cached version of the dataset since glue couldn't be found on the Hugging Face Hub (offline mode is enabled).
Found the latest cached dataset configuration 'rte' at /home/zhujjing/hf_cache/datasets/glue/rte/0.0.0/bcdcba79d07bc864c1c254ccfcedcce55bcc9a8c (last modified on Thu Mar 19 15:00:36 2026).
/home/zhujjing/anaconda3/envs/moe/lib/python3.10/site-packages/transformers/utils/hub.py:124: FutureWarning: Using `TRANSFORMERS_CACHE` is deprecated and will be removed in v5 of Transformers. Use `HF_HOME` instead.
  warnings.warn(
Some weights of RobertaModel were not initialized from the model checkpoint at roberta-base and are newly initialized: ['roberta.pooler.dense.bias', 'roberta.pooler.dense.weight']
You should probably TRAIN this model on a down-stream task to be able to use it for predictions and inference.
[step 0001/150] method=baseline_avg loss=0.6922 train_acc=nan train_loss=nan val_acc=nan val_loss=nan best=-1.0000
[step 0010/150] method=baseline_avg loss=0.7275 train_acc=nan train_loss=nan val_acc=nan val_loss=nan best=-1.0000
[step 0020/150] method=baseline_avg loss=0.6859 train_acc=nan train_loss=nan val_acc=nan val_loss=nan best=-1.0000
[step 0030/150] method=baseline_avg loss=0.6871 train_acc=nan train_loss=nan val_acc=nan val_loss=nan best=-1.0000
[step 0040/150] method=baseline_avg loss=0.6928 train_acc=nan train_loss=nan val_acc=nan val_loss=nan best=-1.0000
[step 0050/150] method=baseline_avg loss=0.6670 train_acc=0.5068 train_loss=0.6882 val_acc=0.5307 val_loss=0.6867 router_H=0.6910 best=0.5307
           router_load=[0.105766162276268, 0.0, 0.5254599452018738, 0.3687739074230194]
[step 0060/150] method=baseline_avg loss=0.6904 train_acc=0.5068 train_loss=0.6882 val_acc=0.5307 val_loss=0.6867 router_H=0.6910 best=0.5307
           router_load=[0.105766162276268, 0.0, 0.5254599452018738, 0.3687739074230194]
[step 0070/150] method=baseline_avg loss=0.6660 train_acc=0.5068 train_loss=0.6882 val_acc=0.5307 val_loss=0.6867 router_H=0.6910 best=0.5307
           router_load=[0.105766162276268, 0.0, 0.5254599452018738, 0.3687739074230194]
[step 0080/150] method=baseline_avg loss=0.7136 train_acc=0.5068 train_loss=0.6882 val_acc=0.5307 val_loss=0.6867 router_H=0.6910 best=0.5307
           router_load=[0.105766162276268, 0.0, 0.5254599452018738, 0.3687739074230194]
[step 0090/150] method=baseline_avg loss=0.7153 train_acc=0.5068 train_loss=0.6882 val_acc=0.5307 val_loss=0.6867 router_H=0.6910 best=0.5307
           router_load=[0.105766162276268, 0.0, 0.5254599452018738, 0.3687739074230194]
[step 0100/150] method=baseline_avg loss=0.6274 train_acc=0.6759 train_loss=0.6450 val_acc=0.5848 val_loss=0.6672 router_H=0.6884 best=0.5848
           router_load=[0.2628850042819977, 0.0, 0.5338321328163147, 0.20328296720981598]
[step 0110/150] method=baseline_avg loss=0.6702 train_acc=0.6759 train_loss=0.6450 val_acc=0.5848 val_loss=0.6672 router_H=0.6884 best=0.5848
           router_load=[0.2628850042819977, 0.0, 0.5338321328163147, 0.20328296720981598]
[step 0120/150] method=baseline_avg loss=0.6212 train_acc=0.6759 train_loss=0.6450 val_acc=0.5848 val_loss=0.6672 router_H=0.6884 best=0.5848
           router_load=[0.2628850042819977, 0.0, 0.5338321328163147, 0.20328296720981598]
[step 0130/150] method=baseline_avg loss=0.6500 train_acc=0.6759 train_loss=0.6450 val_acc=0.5848 val_loss=0.6672 router_H=0.6884 best=0.5848
           router_load=[0.2628850042819977, 0.0, 0.5338321328163147, 0.20328296720981598]
[step 0140/150] method=baseline_avg loss=0.6118 train_acc=0.6759 train_loss=0.6450 val_acc=0.5848 val_loss=0.6672 router_H=0.6884 best=0.5848
           router_load=[0.2628850042819977, 0.0, 0.5338321328163147, 0.20328296720981598]
[step 0150/150] method=baseline_avg loss=0.6594 train_acc=0.6498 train_loss=0.6374 val_acc=0.6426 val_loss=0.6407 router_H=0.6834 best=0.6426
           router_load=[0.0011362172663211823, 0.0, 0.5343024730682373, 0.4645612835884094]
saved summary -> /home/zhujjing/MOE-grad-conflict-routing/runs/paper_suite/single_gpu/single_task/roberta_rte_ffn_e4_k2/hpo/baseline/trial_runs/local_var_topk_005/baseline_s2.json
saved curve -> /home/zhujjing/MOE-grad-conflict-routing/runs/paper_suite/single_gpu/single_task/roberta_rte_ffn_e4_k2/hpo/baseline/trial_runs/local_var_topk_005/baseline_s2_curve.csv
