[run] method=baseline candidate=local_var_topk_006 seed=3 steps=150 gpu=0
[run] cmd=
/home/zhujjing/anaconda3/envs/moe/bin/python /home/zhujjing/MOE-grad-conflict-routing/scripts/run.py --config configs/singletask_rte_real.yaml --set model.backbone_backend=hf --set model.hf_load_pretrained=true --set model.backbone=roberta --set model.hf_pretrained_name=roberta-base --set model.expert_type=ffn --set model.routing_mode=topk --set model.num_experts=4 --set model.top_k=2 --set seed=3 --set method.name=baseline_avg --set train.steps=150 --set train.eval_every_steps=50 --set train.grad_clip=0.902092639 --set train.lr=1.2775892e-05 --set train.weight_decay=0.02108226147 --out /home/zhujjing/MOE-grad-conflict-routing/runs/paper_suite/single_gpu/single_task/roberta_rte_ffn_e4_k2/hpo/baseline/trial_runs/local_var_topk_006/baseline_s3.json --curve_out /home/zhujjing/MOE-grad-conflict-routing/runs/paper_suite/single_gpu/single_task/roberta_rte_ffn_e4_k2/hpo/baseline/trial_runs/local_var_topk_006/baseline_s3_curve.csv
Using the latest cached version of the dataset since glue couldn't be found on the Hugging Face Hub (offline mode is enabled).
Found the latest cached dataset configuration 'rte' at /home/zhujjing/hf_cache/datasets/glue/rte/0.0.0/bcdcba79d07bc864c1c254ccfcedcce55bcc9a8c (last modified on Thu Mar 19 15:00:36 2026).
/home/zhujjing/anaconda3/envs/moe/lib/python3.10/site-packages/transformers/utils/hub.py:124: FutureWarning: Using `TRANSFORMERS_CACHE` is deprecated and will be removed in v5 of Transformers. Use `HF_HOME` instead.
  warnings.warn(
Some weights of RobertaModel were not initialized from the model checkpoint at roberta-base and are newly initialized: ['roberta.pooler.dense.bias', 'roberta.pooler.dense.weight']
You should probably TRAIN this model on a down-stream task to be able to use it for predictions and inference.
[step 0001/150] method=baseline_avg loss=0.6916 train_acc=nan train_loss=nan val_acc=nan val_loss=nan best=-1.0000
[step 0010/150] method=baseline_avg loss=0.6978 train_acc=nan train_loss=nan val_acc=nan val_loss=nan best=-1.0000
[step 0020/150] method=baseline_avg loss=0.6949 train_acc=nan train_loss=nan val_acc=nan val_loss=nan best=-1.0000
[step 0030/150] method=baseline_avg loss=0.6803 train_acc=nan train_loss=nan val_acc=nan val_loss=nan best=-1.0000
[step 0040/150] method=baseline_avg loss=0.6786 train_acc=nan train_loss=nan val_acc=nan val_loss=nan best=-1.0000
[step 0050/150] method=baseline_avg loss=0.6666 train_acc=0.5574 train_loss=0.6825 val_acc=0.5199 val_loss=0.6913 router_H=0.6852 best=0.5199
           router_load=[0.07477518916130066, 0.0, 0.5582907199859619, 0.3669341206550598]
[step 0060/150] method=baseline_avg loss=0.6444 train_acc=0.5574 train_loss=0.6825 val_acc=0.5199 val_loss=0.6913 router_H=0.6852 best=0.5199
           router_load=[0.07477518916130066, 0.0, 0.5582907199859619, 0.3669341206550598]
[step 0070/150] method=baseline_avg loss=0.6813 train_acc=0.5574 train_loss=0.6825 val_acc=0.5199 val_loss=0.6913 router_H=0.6852 best=0.5199
           router_load=[0.07477518916130066, 0.0, 0.5582907199859619, 0.3669341206550598]
[step 0080/150] method=baseline_avg loss=0.5973 train_acc=0.5574 train_loss=0.6825 val_acc=0.5199 val_loss=0.6913 router_H=0.6852 best=0.5199
           router_load=[0.07477518916130066, 0.0, 0.5582907199859619, 0.3669341206550598]
[step 0090/150] method=baseline_avg loss=0.5777 train_acc=0.5574 train_loss=0.6825 val_acc=0.5199 val_loss=0.6913 router_H=0.6852 best=0.5199
           router_load=[0.07477518916130066, 0.0, 0.5582907199859619, 0.3669341206550598]
[step 0100/150] method=baseline_avg loss=0.8073 train_acc=0.6582 train_loss=0.6227 val_acc=0.6318 val_loss=0.6583 router_H=0.6445 best=0.6318
           router_load=[0.0, 0.0, 0.6371235847473145, 0.3628765344619751]
[step 0110/150] method=baseline_avg loss=0.5443 train_acc=0.6582 train_loss=0.6227 val_acc=0.6318 val_loss=0.6583 router_H=0.6445 best=0.6318
           router_load=[0.0, 0.0, 0.6371235847473145, 0.3628765344619751]
[step 0120/150] method=baseline_avg loss=0.6303 train_acc=0.6582 train_loss=0.6227 val_acc=0.6318 val_loss=0.6583 router_H=0.6445 best=0.6318
           router_load=[0.0, 0.0, 0.6371235847473145, 0.3628765344619751]
[step 0130/150] method=baseline_avg loss=0.7265 train_acc=0.6582 train_loss=0.6227 val_acc=0.6318 val_loss=0.6583 router_H=0.6445 best=0.6318
           router_load=[0.0, 0.0, 0.6371235847473145, 0.3628765344619751]
[step 0140/150] method=baseline_avg loss=0.6633 train_acc=0.6582 train_loss=0.6227 val_acc=0.6318 val_loss=0.6583 router_H=0.6445 best=0.6318
           router_load=[0.0, 0.0, 0.6371235847473145, 0.3628765344619751]
[step 0150/150] method=baseline_avg loss=0.6467 train_acc=0.7522 train_loss=0.5856 val_acc=0.6282 val_loss=0.6274 router_H=0.6640 best=0.6318
           router_load=[0.0, 0.014173416420817375, 0.44675979018211365, 0.5390667915344238]
saved summary -> /home/zhujjing/MOE-grad-conflict-routing/runs/paper_suite/single_gpu/single_task/roberta_rte_ffn_e4_k2/hpo/baseline/trial_runs/local_var_topk_006/baseline_s3.json
saved curve -> /home/zhujjing/MOE-grad-conflict-routing/runs/paper_suite/single_gpu/single_task/roberta_rte_ffn_e4_k2/hpo/baseline/trial_runs/local_var_topk_006/baseline_s3_curve.csv
