[run] method=ours candidate=coord_04_method_ours_lambda_align_003 seed=3 steps=150 gpu=0
[run] cmd=
/home/zhujjing/anaconda3/envs/moe/bin/python /home/zhujjing/MOE-grad-conflict-routing/scripts/run.py --config configs/singletask_sst2_real.yaml --set model.backbone_backend=hf --set model.hf_load_pretrained=true --set model.backbone=roberta --set model.hf_pretrained_name=roberta-base --set model.expert_type=lora --set model.routing_mode=topk --set model.num_experts=4 --set model.top_k=2 --set seed=3 --set method.name=ours --set train.steps=150 --set train.eval_every_steps=50 --set method.ours.use_load_norm=true --set method.ours.lambda_align=0.003264950101 --set train.grad_clip=0.5039649002 --set train.lr=2e-05 --set train.weight_decay=0.0452861226 --out /home/zhujjing/MOE-grad-conflict-routing/runs/paper_suite/single_gpu/single_task/roberta_sst2_lora_e4_k2/hpo/ours/trial_runs/coord_04_method_ours_lambda_align_003/ours_s3.json --curve_out /home/zhujjing/MOE-grad-conflict-routing/runs/paper_suite/single_gpu/single_task/roberta_sst2_lora_e4_k2/hpo/ours/trial_runs/coord_04_method_ours_lambda_align_003/ours_s3_curve.csv
Using the latest cached version of the dataset since glue couldn't be found on the Hugging Face Hub (offline mode is enabled).
Found the latest cached dataset configuration 'sst2' at /home/zhujjing/hf_cache/datasets/glue/sst2/0.0.0/bcdcba79d07bc864c1c254ccfcedcce55bcc9a8c (last modified on Thu Mar 19 15:01:41 2026).
/home/zhujjing/anaconda3/envs/moe/lib/python3.10/site-packages/transformers/utils/hub.py:124: FutureWarning: Using `TRANSFORMERS_CACHE` is deprecated and will be removed in v5 of Transformers. Use `HF_HOME` instead.
  warnings.warn(
Some weights of RobertaModel were not initialized from the model checkpoint at roberta-base and are newly initialized: ['roberta.pooler.dense.bias', 'roberta.pooler.dense.weight']
You should probably TRAIN this model on a down-stream task to be able to use it for predictions and inference.
[step 0001/150] method=ours loss=0.6586 train_acc=nan train_loss=nan val_acc=nan val_loss=nan best=-1.0000
[step 0010/150] method=ours loss=0.6342 train_acc=nan train_loss=nan val_acc=nan val_loss=nan best=-1.0000
[step 0020/150] method=ours loss=0.6161 train_acc=nan train_loss=nan val_acc=nan val_loss=nan best=-1.0000
[step 0030/150] method=ours loss=0.4552 train_acc=nan train_loss=nan val_acc=nan val_loss=nan best=-1.0000
[step 0040/150] method=ours loss=0.6545 train_acc=nan train_loss=nan val_acc=nan val_loss=nan best=-1.0000
[step 0050/150] method=ours loss=0.4029 train_acc=0.8779 train_loss=0.3174 val_acc=0.8739 val_loss=0.3166 router_H=0.6778 best=0.8739
           router_load=[0.2844845652580261, 0.3078860342502594, 0.056241732090711594, 0.351387619972229]
[step 0060/150] method=ours loss=0.4805 train_acc=0.8779 train_loss=0.3174 val_acc=0.8739 val_loss=0.3166 router_H=0.6778 best=0.8739
           router_load=[0.2844845652580261, 0.3078860342502594, 0.056241732090711594, 0.351387619972229]
[step 0070/150] method=ours loss=0.3071 train_acc=0.8779 train_loss=0.3174 val_acc=0.8739 val_loss=0.3166 router_H=0.6778 best=0.8739
           router_load=[0.2844845652580261, 0.3078860342502594, 0.056241732090711594, 0.351387619972229]
[step 0080/150] method=ours loss=0.1376 train_acc=0.8779 train_loss=0.3174 val_acc=0.8739 val_loss=0.3166 router_H=0.6778 best=0.8739
           router_load=[0.2844845652580261, 0.3078860342502594, 0.056241732090711594, 0.351387619972229]
[step 0090/150] method=ours loss=0.3047 train_acc=0.8779 train_loss=0.3174 val_acc=0.8739 val_loss=0.3166 router_H=0.6778 best=0.8739
           router_load=[0.2844845652580261, 0.3078860342502594, 0.056241732090711594, 0.351387619972229]
[step 0100/150] method=ours loss=0.3835 train_acc=0.8845 train_loss=0.2981 val_acc=0.9106 val_loss=0.2489 router_H=0.6793 best=0.9106
           router_load=[0.2405720353126526, 0.3608417212963104, 0.018580250442028046, 0.3800060451030731]
[step 0110/150] method=ours loss=0.5514 train_acc=0.8845 train_loss=0.2981 val_acc=0.9106 val_loss=0.2489 router_H=0.6793 best=0.9106
           router_load=[0.2405720353126526, 0.3608417212963104, 0.018580250442028046, 0.3800060451030731]
[step 0120/150] method=ours loss=0.3597 train_acc=0.8845 train_loss=0.2981 val_acc=0.9106 val_loss=0.2489 router_H=0.6793 best=0.9106
           router_load=[0.2405720353126526, 0.3608417212963104, 0.018580250442028046, 0.3800060451030731]
[step 0130/150] method=ours loss=0.9875 train_acc=0.8845 train_loss=0.2981 val_acc=0.9106 val_loss=0.2489 router_H=0.6793 best=0.9106
           router_load=[0.2405720353126526, 0.3608417212963104, 0.018580250442028046, 0.3800060451030731]
[step 0140/150] method=ours loss=0.2026 train_acc=0.8845 train_loss=0.2981 val_acc=0.9106 val_loss=0.2489 router_H=0.6793 best=0.9106
           router_load=[0.2405720353126526, 0.3608417212963104, 0.018580250442028046, 0.3800060451030731]
[step 0150/150] method=ours loss=0.1520 train_acc=0.8866 train_loss=0.3320 val_acc=0.9048 val_loss=0.2977 router_H=0.6674 best=0.9106
           router_load=[0.24866406619548798, 0.30232080817222595, 0.044705960899591446, 0.40430912375450134]
saved summary -> /home/zhujjing/MOE-grad-conflict-routing/runs/paper_suite/single_gpu/single_task/roberta_sst2_lora_e4_k2/hpo/ours/trial_runs/coord_04_method_ours_lambda_align_003/ours_s3.json
saved curve -> /home/zhujjing/MOE-grad-conflict-routing/runs/paper_suite/single_gpu/single_task/roberta_sst2_lora_e4_k2/hpo/ours/trial_runs/coord_04_method_ours_lambda_align_003/ours_s3_curve.csv
