[run] method=ours candidate=coord_04_method_ours_lambda_align_008 seed=3 steps=150 gpu=0
[run] cmd=
/home/zhujjing/anaconda3/envs/moe/bin/python /home/zhujjing/MOE-grad-conflict-routing/scripts/run.py --config configs/singletask_sst2_real.yaml --set model.backbone_backend=hf --set model.hf_load_pretrained=true --set model.backbone=roberta --set model.hf_pretrained_name=roberta-base --set model.expert_type=lora --set model.routing_mode=topk --set model.num_experts=4 --set model.top_k=2 --set seed=3 --set method.name=ours --set train.steps=150 --set train.eval_every_steps=50 --set method.ours.use_load_norm=true --set method.ours.lambda_align=0.0001328949179 --set train.grad_clip=0.5039649002 --set train.lr=2e-05 --set train.weight_decay=0.0452861226 --out /home/zhujjing/MOE-grad-conflict-routing/runs/paper_suite/single_gpu/single_task/roberta_sst2_lora_e4_k2/hpo/ours/trial_runs/coord_04_method_ours_lambda_align_008/ours_s3.json --curve_out /home/zhujjing/MOE-grad-conflict-routing/runs/paper_suite/single_gpu/single_task/roberta_sst2_lora_e4_k2/hpo/ours/trial_runs/coord_04_method_ours_lambda_align_008/ours_s3_curve.csv
Using the latest cached version of the dataset since glue couldn't be found on the Hugging Face Hub (offline mode is enabled).
Found the latest cached dataset configuration 'sst2' at /home/zhujjing/hf_cache/datasets/glue/sst2/0.0.0/bcdcba79d07bc864c1c254ccfcedcce55bcc9a8c (last modified on Thu Mar 19 15:01:41 2026).
/home/zhujjing/anaconda3/envs/moe/lib/python3.10/site-packages/transformers/utils/hub.py:124: FutureWarning: Using `TRANSFORMERS_CACHE` is deprecated and will be removed in v5 of Transformers. Use `HF_HOME` instead.
  warnings.warn(
Some weights of RobertaModel were not initialized from the model checkpoint at roberta-base and are newly initialized: ['roberta.pooler.dense.bias', 'roberta.pooler.dense.weight']
You should probably TRAIN this model on a down-stream task to be able to use it for predictions and inference.
[step 0001/150] method=ours loss=0.7146 train_acc=nan train_loss=nan val_acc=nan val_loss=nan best=-1.0000
[step 0010/150] method=ours loss=0.6269 train_acc=nan train_loss=nan val_acc=nan val_loss=nan best=-1.0000
[step 0020/150] method=ours loss=0.6271 train_acc=nan train_loss=nan val_acc=nan val_loss=nan best=-1.0000
[step 0030/150] method=ours loss=0.4774 train_acc=nan train_loss=nan val_acc=nan val_loss=nan best=-1.0000
[step 0040/150] method=ours loss=0.4662 train_acc=nan train_loss=nan val_acc=nan val_loss=nan best=-1.0000
[step 0050/150] method=ours loss=0.6448 train_acc=0.8804 train_loss=0.3326 val_acc=0.8819 val_loss=0.3242 router_H=0.6808 best=0.8819
           router_load=[0.5553945302963257, 0.3600335419178009, 0.018663931638002396, 0.06590799242258072]
[step 0060/150] method=ours loss=0.5049 train_acc=0.8804 train_loss=0.3326 val_acc=0.8819 val_loss=0.3242 router_H=0.6808 best=0.8819
           router_load=[0.5553945302963257, 0.3600335419178009, 0.018663931638002396, 0.06590799242258072]
[step 0070/150] method=ours loss=0.4072 train_acc=0.8804 train_loss=0.3326 val_acc=0.8819 val_loss=0.3242 router_H=0.6808 best=0.8819
           router_load=[0.5553945302963257, 0.3600335419178009, 0.018663931638002396, 0.06590799242258072]
[step 0080/150] method=ours loss=0.2020 train_acc=0.8804 train_loss=0.3326 val_acc=0.8819 val_loss=0.3242 router_H=0.6808 best=0.8819
           router_load=[0.5553945302963257, 0.3600335419178009, 0.018663931638002396, 0.06590799242258072]
[step 0090/150] method=ours loss=0.2130 train_acc=0.8804 train_loss=0.3326 val_acc=0.8819 val_loss=0.3242 router_H=0.6808 best=0.8819
           router_load=[0.5553945302963257, 0.3600335419178009, 0.018663931638002396, 0.06590799242258072]
[step 0100/150] method=ours loss=0.4401 train_acc=0.8746 train_loss=0.3091 val_acc=0.8991 val_loss=0.2509 router_H=0.6833 best=0.8991
           router_load=[0.5081212520599365, 0.37199902534484863, 0.017635224387049675, 0.10224466025829315]
[step 0110/150] method=ours loss=0.2360 train_acc=0.8746 train_loss=0.3091 val_acc=0.8991 val_loss=0.2509 router_H=0.6833 best=0.8991
           router_load=[0.5081212520599365, 0.37199902534484863, 0.017635224387049675, 0.10224466025829315]
[step 0120/150] method=ours loss=0.4306 train_acc=0.8746 train_loss=0.3091 val_acc=0.8991 val_loss=0.2509 router_H=0.6833 best=0.8991
           router_load=[0.5081212520599365, 0.37199902534484863, 0.017635224387049675, 0.10224466025829315]
[step 0130/150] method=ours loss=0.7048 train_acc=0.8746 train_loss=0.3091 val_acc=0.8991 val_loss=0.2509 router_H=0.6833 best=0.8991
           router_load=[0.5081212520599365, 0.37199902534484863, 0.017635224387049675, 0.10224466025829315]
[step 0140/150] method=ours loss=0.2100 train_acc=0.8746 train_loss=0.3091 val_acc=0.8991 val_loss=0.2509 router_H=0.6833 best=0.8991
           router_load=[0.5081212520599365, 0.37199902534484863, 0.017635224387049675, 0.10224466025829315]
[step 0150/150] method=ours loss=0.1339 train_acc=0.9029 train_loss=0.2593 val_acc=0.9255 val_loss=0.2055 router_H=0.6778 best=0.9255
           router_load=[0.5397735834121704, 0.30494171380996704, 0.00982781033962965, 0.14545705914497375]
saved summary -> /home/zhujjing/MOE-grad-conflict-routing/runs/paper_suite/single_gpu/single_task/roberta_sst2_lora_e4_k2/hpo/ours/trial_runs/coord_04_method_ours_lambda_align_008/ours_s3.json
saved curve -> /home/zhujjing/MOE-grad-conflict-routing/runs/paper_suite/single_gpu/single_task/roberta_sst2_lora_e4_k2/hpo/ours/trial_runs/coord_04_method_ours_lambda_align_008/ours_s3_curve.csv
