[run] method=ours candidate=coord_04_method_ours_lambda_align_001 seed=2 steps=150 gpu=0
[run] cmd=
/home/zhujjing/anaconda3/envs/moe/bin/python /home/zhujjing/MOE-grad-conflict-routing/scripts/run.py --config configs/singletask_sst2_real.yaml --set model.backbone_backend=hf --set model.hf_load_pretrained=true --set model.backbone=roberta --set model.hf_pretrained_name=roberta-base --set model.expert_type=lora --set model.routing_mode=topk --set model.num_experts=4 --set model.top_k=2 --set seed=2 --set method.name=ours --set train.steps=150 --set train.eval_every_steps=50 --set method.ours.use_load_norm=true --set method.ours.lambda_align=0.001234687834 --set train.grad_clip=0.5039649002 --set train.lr=2e-05 --set train.weight_decay=0.0452861226 --out /home/zhujjing/MOE-grad-conflict-routing/runs/paper_suite/single_gpu/single_task/roberta_sst2_lora_e4_k2/hpo/ours/trial_runs/coord_04_method_ours_lambda_align_001/ours_s2.json --curve_out /home/zhujjing/MOE-grad-conflict-routing/runs/paper_suite/single_gpu/single_task/roberta_sst2_lora_e4_k2/hpo/ours/trial_runs/coord_04_method_ours_lambda_align_001/ours_s2_curve.csv
Using the latest cached version of the dataset since glue couldn't be found on the Hugging Face Hub (offline mode is enabled).
Found the latest cached dataset configuration 'sst2' at /home/zhujjing/hf_cache/datasets/glue/sst2/0.0.0/bcdcba79d07bc864c1c254ccfcedcce55bcc9a8c (last modified on Thu Mar 19 15:01:41 2026).
/home/zhujjing/anaconda3/envs/moe/lib/python3.10/site-packages/transformers/utils/hub.py:124: FutureWarning: Using `TRANSFORMERS_CACHE` is deprecated and will be removed in v5 of Transformers. Use `HF_HOME` instead.
  warnings.warn(
Some weights of RobertaModel were not initialized from the model checkpoint at roberta-base and are newly initialized: ['roberta.pooler.dense.bias', 'roberta.pooler.dense.weight']
You should probably TRAIN this model on a down-stream task to be able to use it for predictions and inference.
[step 0001/150] method=ours loss=0.9438 train_acc=nan train_loss=nan val_acc=nan val_loss=nan best=-1.0000
[step 0010/150] method=ours loss=0.7660 train_acc=nan train_loss=nan val_acc=nan val_loss=nan best=-1.0000
[step 0020/150] method=ours loss=0.6319 train_acc=nan train_loss=nan val_acc=nan val_loss=nan best=-1.0000
[step 0030/150] method=ours loss=0.4134 train_acc=nan train_loss=nan val_acc=nan val_loss=nan best=-1.0000
[step 0040/150] method=ours loss=0.1220 train_acc=nan train_loss=nan val_acc=nan val_loss=nan best=-1.0000
[step 0050/150] method=ours loss=0.3859 train_acc=0.8680 train_loss=0.3462 val_acc=0.8830 val_loss=0.3132 router_H=0.6666 best=0.8830
           router_load=[0.002062955405563116, 0.4231153428554535, 0.5590747594833374, 0.0157469492405653]
[step 0060/150] method=ours loss=0.2274 train_acc=0.8680 train_loss=0.3462 val_acc=0.8830 val_loss=0.3132 router_H=0.6666 best=0.8830
           router_load=[0.002062955405563116, 0.4231153428554535, 0.5590747594833374, 0.0157469492405653]
[step 0070/150] method=ours loss=0.4261 train_acc=0.8680 train_loss=0.3462 val_acc=0.8830 val_loss=0.3132 router_H=0.6666 best=0.8830
           router_load=[0.002062955405563116, 0.4231153428554535, 0.5590747594833374, 0.0157469492405653]
[step 0080/150] method=ours loss=0.4624 train_acc=0.8680 train_loss=0.3462 val_acc=0.8830 val_loss=0.3132 router_H=0.6666 best=0.8830
           router_load=[0.002062955405563116, 0.4231153428554535, 0.5590747594833374, 0.0157469492405653]
[step 0090/150] method=ours loss=0.2801 train_acc=0.8680 train_loss=0.3462 val_acc=0.8830 val_loss=0.3132 router_H=0.6666 best=0.8830
           router_load=[0.002062955405563116, 0.4231153428554535, 0.5590747594833374, 0.0157469492405653]
[step 0100/150] method=ours loss=0.5608 train_acc=0.7807 train_loss=0.4771 val_acc=0.7259 val_loss=0.5829 router_H=0.6555 best=0.8830
           router_load=[0.0012420525308698416, 0.37160706520080566, 0.6207324862480164, 0.006418370176106691]
[step 0110/150] method=ours loss=0.3697 train_acc=0.7807 train_loss=0.4771 val_acc=0.7259 val_loss=0.5829 router_H=0.6555 best=0.8830
           router_load=[0.0012420525308698416, 0.37160706520080566, 0.6207324862480164, 0.006418370176106691]
[step 0120/150] method=ours loss=0.7509 train_acc=0.7807 train_loss=0.4771 val_acc=0.7259 val_loss=0.5829 router_H=0.6555 best=0.8830
           router_load=[0.0012420525308698416, 0.37160706520080566, 0.6207324862480164, 0.006418370176106691]
[step 0130/150] method=ours loss=0.1544 train_acc=0.7807 train_loss=0.4771 val_acc=0.7259 val_loss=0.5829 router_H=0.6555 best=0.8830
           router_load=[0.0012420525308698416, 0.37160706520080566, 0.6207324862480164, 0.006418370176106691]
[step 0140/150] method=ours loss=0.4146 train_acc=0.7807 train_loss=0.4771 val_acc=0.7259 val_loss=0.5829 router_H=0.6555 best=0.8830
           router_load=[0.0012420525308698416, 0.37160706520080566, 0.6207324862480164, 0.006418370176106691]
[step 0150/150] method=ours loss=0.5873 train_acc=0.8896 train_loss=0.2879 val_acc=0.8991 val_loss=0.2779 router_H=0.6725 best=0.8991
           router_load=[0.009831858798861504, 0.43738383054733276, 0.5465147495269775, 0.006269494537264109]
saved summary -> /home/zhujjing/MOE-grad-conflict-routing/runs/paper_suite/single_gpu/single_task/roberta_sst2_lora_e4_k2/hpo/ours/trial_runs/coord_04_method_ours_lambda_align_001/ours_s2.json
saved curve -> /home/zhujjing/MOE-grad-conflict-routing/runs/paper_suite/single_gpu/single_task/roberta_sst2_lora_e4_k2/hpo/ours/trial_runs/coord_04_method_ours_lambda_align_001/ours_s2_curve.csv
