[run] method=ours candidate=coord_04_method_ours_lambda_align_010 seed=3 steps=150 gpu=0
[run] cmd=
/home/zhujjing/anaconda3/envs/moe/bin/python /home/zhujjing/MOE-grad-conflict-routing/scripts/run.py --config configs/singletask_sst2_real.yaml --set model.backbone_backend=hf --set model.hf_load_pretrained=true --set model.backbone=roberta --set model.hf_pretrained_name=roberta-base --set model.expert_type=lora --set model.routing_mode=topk --set model.num_experts=4 --set model.top_k=2 --set seed=3 --set method.name=ours --set train.steps=150 --set train.eval_every_steps=50 --set method.ours.use_load_norm=true --set method.ours.lambda_align=2.852947316e-05 --set train.grad_clip=0.5039649002 --set train.lr=2e-05 --set train.weight_decay=0.0452861226 --out /home/zhujjing/MOE-grad-conflict-routing/runs/paper_suite/single_gpu/single_task/roberta_sst2_lora_e4_k2/hpo/ours/trial_runs/coord_04_method_ours_lambda_align_010/ours_s3.json --curve_out /home/zhujjing/MOE-grad-conflict-routing/runs/paper_suite/single_gpu/single_task/roberta_sst2_lora_e4_k2/hpo/ours/trial_runs/coord_04_method_ours_lambda_align_010/ours_s3_curve.csv
Using the latest cached version of the dataset since glue couldn't be found on the Hugging Face Hub (offline mode is enabled).
Found the latest cached dataset configuration 'sst2' at /home/zhujjing/hf_cache/datasets/glue/sst2/0.0.0/bcdcba79d07bc864c1c254ccfcedcce55bcc9a8c (last modified on Thu Mar 19 15:01:41 2026).
/home/zhujjing/anaconda3/envs/moe/lib/python3.10/site-packages/transformers/utils/hub.py:124: FutureWarning: Using `TRANSFORMERS_CACHE` is deprecated and will be removed in v5 of Transformers. Use `HF_HOME` instead.
  warnings.warn(
Some weights of RobertaModel were not initialized from the model checkpoint at roberta-base and are newly initialized: ['roberta.pooler.dense.bias', 'roberta.pooler.dense.weight']
You should probably TRAIN this model on a down-stream task to be able to use it for predictions and inference.
[step 0001/150] method=ours loss=0.6541 train_acc=nan train_loss=nan val_acc=nan val_loss=nan best=-1.0000
[step 0010/150] method=ours loss=0.6264 train_acc=nan train_loss=nan val_acc=nan val_loss=nan best=-1.0000
[step 0020/150] method=ours loss=0.5782 train_acc=nan train_loss=nan val_acc=nan val_loss=nan best=-1.0000
[step 0030/150] method=ours loss=0.4727 train_acc=nan train_loss=nan val_acc=nan val_loss=nan best=-1.0000
[step 0040/150] method=ours loss=0.6144 train_acc=nan train_loss=nan val_acc=nan val_loss=nan best=-1.0000
[step 0050/150] method=ours loss=0.4699 train_acc=0.8669 train_loss=0.3294 val_acc=0.8784 val_loss=0.2990 router_H=0.6777 best=0.8784
           router_load=[0.43707990646362305, 0.5578585863113403, 0.0, 0.005061471834778786]
[step 0060/150] method=ours loss=0.2821 train_acc=0.8669 train_loss=0.3294 val_acc=0.8784 val_loss=0.2990 router_H=0.6777 best=0.8784
           router_load=[0.43707990646362305, 0.5578585863113403, 0.0, 0.005061471834778786]
[step 0070/150] method=ours loss=0.5495 train_acc=0.8669 train_loss=0.3294 val_acc=0.8784 val_loss=0.2990 router_H=0.6777 best=0.8784
           router_load=[0.43707990646362305, 0.5578585863113403, 0.0, 0.005061471834778786]
[step 0080/150] method=ours loss=0.2331 train_acc=0.8669 train_loss=0.3294 val_acc=0.8784 val_loss=0.2990 router_H=0.6777 best=0.8784
           router_load=[0.43707990646362305, 0.5578585863113403, 0.0, 0.005061471834778786]
[step 0090/150] method=ours loss=0.2559 train_acc=0.8669 train_loss=0.3294 val_acc=0.8784 val_loss=0.2990 router_H=0.6777 best=0.8784
           router_load=[0.43707990646362305, 0.5578585863113403, 0.0, 0.005061471834778786]
[step 0100/150] method=ours loss=0.4139 train_acc=0.8838 train_loss=0.2968 val_acc=0.9071 val_loss=0.2591 router_H=0.6798 best=0.9071
           router_load=[0.43288454413414, 0.5477221012115479, 0.0, 0.01939346082508564]
[step 0110/150] method=ours loss=0.3074 train_acc=0.8838 train_loss=0.2968 val_acc=0.9071 val_loss=0.2591 router_H=0.6798 best=0.9071
           router_load=[0.43288454413414, 0.5477221012115479, 0.0, 0.01939346082508564]
[step 0120/150] method=ours loss=0.4662 train_acc=0.8838 train_loss=0.2968 val_acc=0.9071 val_loss=0.2591 router_H=0.6798 best=0.9071
           router_load=[0.43288454413414, 0.5477221012115479, 0.0, 0.01939346082508564]
[step 0130/150] method=ours loss=0.6536 train_acc=0.8838 train_loss=0.2968 val_acc=0.9071 val_loss=0.2591 router_H=0.6798 best=0.9071
           router_load=[0.43288454413414, 0.5477221012115479, 0.0, 0.01939346082508564]
[step 0140/150] method=ours loss=0.2652 train_acc=0.8838 train_loss=0.2968 val_acc=0.9071 val_loss=0.2591 router_H=0.6798 best=0.9071
           router_load=[0.43288454413414, 0.5477221012115479, 0.0, 0.01939346082508564]
[step 0150/150] method=ours loss=0.1230 train_acc=0.8812 train_loss=0.3038 val_acc=0.9083 val_loss=0.2539 router_H=0.6789 best=0.9083
           router_load=[0.44047731161117554, 0.5424706339836121, 0.0013633441412821412, 0.015688790008425713]
saved summary -> /home/zhujjing/MOE-grad-conflict-routing/runs/paper_suite/single_gpu/single_task/roberta_sst2_lora_e4_k2/hpo/ours/trial_runs/coord_04_method_ours_lambda_align_010/ours_s3.json
saved curve -> /home/zhujjing/MOE-grad-conflict-routing/runs/paper_suite/single_gpu/single_task/roberta_sst2_lora_e4_k2/hpo/ours/trial_runs/coord_04_method_ours_lambda_align_010/ours_s3_curve.csv
