[run] method=ours candidate=coord_04_method_ours_lambda_align_009 seed=2 steps=150 gpu=0
[run] cmd=
/home/zhujjing/anaconda3/envs/moe/bin/python /home/zhujjing/MOE-grad-conflict-routing/scripts/run.py --config configs/singletask_sst2_real.yaml --set model.backbone_backend=hf --set model.hf_load_pretrained=true --set model.backbone=roberta --set model.hf_pretrained_name=roberta-base --set model.expert_type=lora --set model.routing_mode=topk --set model.num_experts=4 --set model.top_k=2 --set seed=2 --set method.name=ours --set train.steps=150 --set train.eval_every_steps=50 --set method.ours.use_load_norm=true --set method.ours.lambda_align=0.0002708806329 --set train.grad_clip=0.5039649002 --set train.lr=2e-05 --set train.weight_decay=0.0452861226 --out /home/zhujjing/MOE-grad-conflict-routing/runs/paper_suite/single_gpu/single_task/roberta_sst2_lora_e4_k2/hpo/ours/trial_runs/coord_04_method_ours_lambda_align_009/ours_s2.json --curve_out /home/zhujjing/MOE-grad-conflict-routing/runs/paper_suite/single_gpu/single_task/roberta_sst2_lora_e4_k2/hpo/ours/trial_runs/coord_04_method_ours_lambda_align_009/ours_s2_curve.csv
Using the latest cached version of the dataset since glue couldn't be found on the Hugging Face Hub (offline mode is enabled).
Found the latest cached dataset configuration 'sst2' at /home/zhujjing/hf_cache/datasets/glue/sst2/0.0.0/bcdcba79d07bc864c1c254ccfcedcce55bcc9a8c (last modified on Thu Mar 19 15:01:41 2026).
/home/zhujjing/anaconda3/envs/moe/lib/python3.10/site-packages/transformers/utils/hub.py:124: FutureWarning: Using `TRANSFORMERS_CACHE` is deprecated and will be removed in v5 of Transformers. Use `HF_HOME` instead.
  warnings.warn(
Some weights of RobertaModel were not initialized from the model checkpoint at roberta-base and are newly initialized: ['roberta.pooler.dense.bias', 'roberta.pooler.dense.weight']
You should probably TRAIN this model on a down-stream task to be able to use it for predictions and inference.
[step 0001/150] method=ours loss=0.6204 train_acc=nan train_loss=nan val_acc=nan val_loss=nan best=-1.0000
[step 0010/150] method=ours loss=0.6863 train_acc=nan train_loss=nan val_acc=nan val_loss=nan best=-1.0000
[step 0020/150] method=ours loss=0.6188 train_acc=nan train_loss=nan val_acc=nan val_loss=nan best=-1.0000
[step 0030/150] method=ours loss=0.3122 train_acc=nan train_loss=nan val_acc=nan val_loss=nan best=-1.0000
[step 0040/150] method=ours loss=0.1305 train_acc=nan train_loss=nan val_acc=nan val_loss=nan best=-1.0000
[step 0050/150] method=ours loss=0.2290 train_acc=0.8730 train_loss=0.3289 val_acc=0.8486 val_loss=0.3652 router_H=0.6773 best=0.8486
           router_load=[0.2717927396297455, 0.5425911545753479, 0.18523727357387543, 0.0003788358299061656]
[step 0060/150] method=ours loss=0.2129 train_acc=0.8730 train_loss=0.3289 val_acc=0.8486 val_loss=0.3652 router_H=0.6773 best=0.8486
           router_load=[0.2717927396297455, 0.5425911545753479, 0.18523727357387543, 0.0003788358299061656]
[step 0070/150] method=ours loss=0.3372 train_acc=0.8730 train_loss=0.3289 val_acc=0.8486 val_loss=0.3652 router_H=0.6773 best=0.8486
           router_load=[0.2717927396297455, 0.5425911545753479, 0.18523727357387543, 0.0003788358299061656]
[step 0080/150] method=ours loss=0.7955 train_acc=0.8730 train_loss=0.3289 val_acc=0.8486 val_loss=0.3652 router_H=0.6773 best=0.8486
           router_load=[0.2717927396297455, 0.5425911545753479, 0.18523727357387543, 0.0003788358299061656]
[step 0090/150] method=ours loss=0.2447 train_acc=0.8730 train_loss=0.3289 val_acc=0.8486 val_loss=0.3652 router_H=0.6773 best=0.8486
           router_load=[0.2717927396297455, 0.5425911545753479, 0.18523727357387543, 0.0003788358299061656]
[step 0100/150] method=ours loss=0.5435 train_acc=0.8260 train_loss=0.4122 val_acc=0.7580 val_loss=0.5016 router_H=0.6735 best=0.8486
           router_load=[0.3053761422634125, 0.5743573904037476, 0.12026660144329071, 0.0]
[step 0110/150] method=ours loss=0.4225 train_acc=0.8260 train_loss=0.4122 val_acc=0.7580 val_loss=0.5016 router_H=0.6735 best=0.8486
           router_load=[0.3053761422634125, 0.5743573904037476, 0.12026660144329071, 0.0]
[step 0120/150] method=ours loss=0.7203 train_acc=0.8260 train_loss=0.4122 val_acc=0.7580 val_loss=0.5016 router_H=0.6735 best=0.8486
           router_load=[0.3053761422634125, 0.5743573904037476, 0.12026660144329071, 0.0]
[step 0130/150] method=ours loss=0.3872 train_acc=0.8260 train_loss=0.4122 val_acc=0.7580 val_loss=0.5016 router_H=0.6735 best=0.8486
           router_load=[0.3053761422634125, 0.5743573904037476, 0.12026660144329071, 0.0]
[step 0140/150] method=ours loss=0.5220 train_acc=0.8260 train_loss=0.4122 val_acc=0.7580 val_loss=0.5016 router_H=0.6735 best=0.8486
           router_load=[0.3053761422634125, 0.5743573904037476, 0.12026660144329071, 0.0]
[step 0150/150] method=ours loss=0.5418 train_acc=0.8831 train_loss=0.2925 val_acc=0.8853 val_loss=0.2802 router_H=0.6769 best=0.8853
           router_load=[0.19555073976516724, 0.494319349527359, 0.31012988090515137, 0.0]
saved summary -> /home/zhujjing/MOE-grad-conflict-routing/runs/paper_suite/single_gpu/single_task/roberta_sst2_lora_e4_k2/hpo/ours/trial_runs/coord_04_method_ours_lambda_align_009/ours_s2.json
saved curve -> /home/zhujjing/MOE-grad-conflict-routing/runs/paper_suite/single_gpu/single_task/roberta_sst2_lora_e4_k2/hpo/ours/trial_runs/coord_04_method_ours_lambda_align_009/ours_s2_curve.csv
