[run] method=ours candidate=coord_04_method_ours_lambda_align_002 seed=3 steps=150 gpu=0
[run] cmd=
/home/zhujjing/anaconda3/envs/moe/bin/python /home/zhujjing/MOE-grad-conflict-routing/scripts/run.py --config configs/singletask_sst2_real.yaml --set model.backbone_backend=hf --set model.hf_load_pretrained=true --set model.backbone=roberta --set model.hf_pretrained_name=roberta-base --set model.expert_type=lora --set model.routing_mode=topk --set model.num_experts=4 --set model.top_k=2 --set seed=3 --set method.name=ours --set train.steps=150 --set train.eval_every_steps=50 --set method.ours.use_load_norm=true --set method.ours.lambda_align=0.0002878913241 --set train.grad_clip=0.5039649002 --set train.lr=2e-05 --set train.weight_decay=0.0452861226 --out /home/zhujjing/MOE-grad-conflict-routing/runs/paper_suite/single_gpu/single_task/roberta_sst2_lora_e4_k2/hpo/ours/trial_runs/coord_04_method_ours_lambda_align_002/ours_s3.json --curve_out /home/zhujjing/MOE-grad-conflict-routing/runs/paper_suite/single_gpu/single_task/roberta_sst2_lora_e4_k2/hpo/ours/trial_runs/coord_04_method_ours_lambda_align_002/ours_s3_curve.csv
Using the latest cached version of the dataset since glue couldn't be found on the Hugging Face Hub (offline mode is enabled).
Found the latest cached dataset configuration 'sst2' at /home/zhujjing/hf_cache/datasets/glue/sst2/0.0.0/bcdcba79d07bc864c1c254ccfcedcce55bcc9a8c (last modified on Thu Mar 19 15:01:41 2026).
/home/zhujjing/anaconda3/envs/moe/lib/python3.10/site-packages/transformers/utils/hub.py:124: FutureWarning: Using `TRANSFORMERS_CACHE` is deprecated and will be removed in v5 of Transformers. Use `HF_HOME` instead.
  warnings.warn(
Some weights of RobertaModel were not initialized from the model checkpoint at roberta-base and are newly initialized: ['roberta.pooler.dense.bias', 'roberta.pooler.dense.weight']
You should probably TRAIN this model on a down-stream task to be able to use it for predictions and inference.
[step 0001/150] method=ours loss=0.6213 train_acc=nan train_loss=nan val_acc=nan val_loss=nan best=-1.0000
[step 0010/150] method=ours loss=0.6249 train_acc=nan train_loss=nan val_acc=nan val_loss=nan best=-1.0000
[step 0020/150] method=ours loss=0.6005 train_acc=nan train_loss=nan val_acc=nan val_loss=nan best=-1.0000
[step 0030/150] method=ours loss=0.4574 train_acc=nan train_loss=nan val_acc=nan val_loss=nan best=-1.0000
[step 0040/150] method=ours loss=0.6070 train_acc=nan train_loss=nan val_acc=nan val_loss=nan best=-1.0000
[step 0050/150] method=ours loss=0.5085 train_acc=0.8762 train_loss=0.3233 val_acc=0.8876 val_loss=0.3110 router_H=0.6882 best=0.8876
           router_load=[0.0, 0.5032030940055847, 0.040058933198451996, 0.45673805475234985]
[step 0060/150] method=ours loss=0.3245 train_acc=0.8762 train_loss=0.3233 val_acc=0.8876 val_loss=0.3110 router_H=0.6882 best=0.8876
           router_load=[0.0, 0.5032030940055847, 0.040058933198451996, 0.45673805475234985]
[step 0070/150] method=ours loss=0.6632 train_acc=0.8762 train_loss=0.3233 val_acc=0.8876 val_loss=0.3110 router_H=0.6882 best=0.8876
           router_load=[0.0, 0.5032030940055847, 0.040058933198451996, 0.45673805475234985]
[step 0080/150] method=ours loss=0.2299 train_acc=0.8762 train_loss=0.3233 val_acc=0.8876 val_loss=0.3110 router_H=0.6882 best=0.8876
           router_load=[0.0, 0.5032030940055847, 0.040058933198451996, 0.45673805475234985]
[step 0090/150] method=ours loss=0.3343 train_acc=0.8762 train_loss=0.3233 val_acc=0.8876 val_loss=0.3110 router_H=0.6882 best=0.8876
           router_load=[0.0, 0.5032030940055847, 0.040058933198451996, 0.45673805475234985]
[step 0100/150] method=ours loss=0.3955 train_acc=0.8304 train_loss=0.4291 val_acc=0.8486 val_loss=0.3703 router_H=0.6859 best=0.8876
           router_load=[0.0, 0.530361533164978, 0.0954558327794075, 0.3741825819015503]
[step 0110/150] method=ours loss=0.3110 train_acc=0.8304 train_loss=0.4291 val_acc=0.8486 val_loss=0.3703 router_H=0.6859 best=0.8876
           router_load=[0.0, 0.530361533164978, 0.0954558327794075, 0.3741825819015503]
[step 0120/150] method=ours loss=0.3890 train_acc=0.8304 train_loss=0.4291 val_acc=0.8486 val_loss=0.3703 router_H=0.6859 best=0.8876
           router_load=[0.0, 0.530361533164978, 0.0954558327794075, 0.3741825819015503]
[step 0130/150] method=ours loss=0.3694 train_acc=0.8304 train_loss=0.4291 val_acc=0.8486 val_loss=0.3703 router_H=0.6859 best=0.8876
           router_load=[0.0, 0.530361533164978, 0.0954558327794075, 0.3741825819015503]
[step 0140/150] method=ours loss=0.2087 train_acc=0.8304 train_loss=0.4291 val_acc=0.8486 val_loss=0.3703 router_H=0.6859 best=0.8876
           router_load=[0.0, 0.530361533164978, 0.0954558327794075, 0.3741825819015503]
[step 0150/150] method=ours loss=0.1777 train_acc=0.8951 train_loss=0.3031 val_acc=0.9014 val_loss=0.2990 router_H=0.6875 best=0.9014
           router_load=[0.0, 0.46311113238334656, 0.13693156838417053, 0.3999573588371277]
saved summary -> /home/zhujjing/MOE-grad-conflict-routing/runs/paper_suite/single_gpu/single_task/roberta_sst2_lora_e4_k2/hpo/ours/trial_runs/coord_04_method_ours_lambda_align_002/ours_s3.json
saved curve -> /home/zhujjing/MOE-grad-conflict-routing/runs/paper_suite/single_gpu/single_task/roberta_sst2_lora_e4_k2/hpo/ours/trial_runs/coord_04_method_ours_lambda_align_002/ours_s3_curve.csv
