[run] method=cagrad candidate=coord_01_train_lr_003 seed=3 steps=150 gpu=0
[run] cmd=
/home/zhujjing/anaconda3/envs/moe/bin/python /home/zhujjing/MOE-grad-conflict-routing/scripts/run.py --config configs/singletask_rte_real.yaml --set model.backbone_backend=hf --set model.hf_load_pretrained=true --set model.backbone=roberta --set model.hf_pretrained_name=roberta-base --set model.expert_type=ffn --set model.routing_mode=topk --set model.num_experts=4 --set model.top_k=2 --set seed=3 --set method.name=baseline_cagrad --set train.steps=150 --set train.eval_every_steps=50 --set method.baseline_cagrad.c=0.4 --set method.baseline_cagrad.inner_lr=0.1 --set train.grad_clip=1 --set train.lr=0.002073797346 --set train.weight_decay=0.01 --out /home/zhujjing/MOE-grad-conflict-routing/runs/paper_suite/single_gpu/single_task/roberta_rte_ffn_e4_k2/hpo/cagrad/trial_runs/coord_01_train_lr_003/cagrad_s3.json --curve_out /home/zhujjing/MOE-grad-conflict-routing/runs/paper_suite/single_gpu/single_task/roberta_rte_ffn_e4_k2/hpo/cagrad/trial_runs/coord_01_train_lr_003/cagrad_s3_curve.csv
Using the latest cached version of the dataset since glue couldn't be found on the Hugging Face Hub (offline mode is enabled).
Found the latest cached dataset configuration 'rte' at /home/zhujjing/hf_cache/datasets/glue/rte/0.0.0/bcdcba79d07bc864c1c254ccfcedcce55bcc9a8c (last modified on Thu Mar 19 15:00:36 2026).
/home/zhujjing/anaconda3/envs/moe/lib/python3.10/site-packages/transformers/utils/hub.py:124: FutureWarning: Using `TRANSFORMERS_CACHE` is deprecated and will be removed in v5 of Transformers. Use `HF_HOME` instead.
  warnings.warn(
Some weights of RobertaModel were not initialized from the model checkpoint at roberta-base and are newly initialized: ['roberta.pooler.dense.bias', 'roberta.pooler.dense.weight']
You should probably TRAIN this model on a down-stream task to be able to use it for predictions and inference.
[step 0001/150] method=baseline_cagrad loss=0.6888 train_acc=nan train_loss=nan val_acc=nan val_loss=nan best=-1.0000
[step 0010/150] method=baseline_cagrad loss=0.7575 train_acc=nan train_loss=nan val_acc=nan val_loss=nan best=-1.0000
[step 0020/150] method=baseline_cagrad loss=0.6883 train_acc=nan train_loss=nan val_acc=nan val_loss=nan best=-1.0000
[step 0030/150] method=baseline_cagrad loss=0.7824 train_acc=nan train_loss=nan val_acc=nan val_loss=nan best=-1.0000
[step 0040/150] method=baseline_cagrad loss=0.7042 train_acc=nan train_loss=nan val_acc=nan val_loss=nan best=-1.0000
[step 0050/150] method=baseline_cagrad loss=0.7209 train_acc=0.4984 train_loss=0.7028 val_acc=0.4729 val_loss=0.7125 router_H=0.0080 best=0.4729
           router_load=[0.9989887475967407, 0.0, 0.0010115912882611156, 0.0]
[step 0060/150] method=baseline_cagrad loss=0.6676 train_acc=0.4984 train_loss=0.7028 val_acc=0.4729 val_loss=0.7125 router_H=0.0080 best=0.4729
           router_load=[0.9989887475967407, 0.0, 0.0010115912882611156, 0.0]
[step 0070/150] method=baseline_cagrad loss=0.7029 train_acc=0.4984 train_loss=0.7028 val_acc=0.4729 val_loss=0.7125 router_H=0.0080 best=0.4729
           router_load=[0.9989887475967407, 0.0, 0.0010115912882611156, 0.0]
[step 0080/150] method=baseline_cagrad loss=0.8303 train_acc=0.4984 train_loss=0.7028 val_acc=0.4729 val_loss=0.7125 router_H=0.0080 best=0.4729
           router_load=[0.9989887475967407, 0.0, 0.0010115912882611156, 0.0]
[step 0090/150] method=baseline_cagrad loss=0.7075 train_acc=0.4984 train_loss=0.7028 val_acc=0.4729 val_loss=0.7125 router_H=0.0080 best=0.4729
           router_load=[0.9989887475967407, 0.0, 0.0010115912882611156, 0.0]
[step 0100/150] method=baseline_cagrad loss=0.6392 train_acc=0.5016 train_loss=0.7091 val_acc=0.5271 val_loss=0.6961 router_H=0.0020 best=0.5271
           router_load=[0.9997864961624146, 0.0, 0.000213440420338884, 0.0]
[step 0110/150] method=baseline_cagrad loss=0.8215 train_acc=0.5016 train_loss=0.7091 val_acc=0.5271 val_loss=0.6961 router_H=0.0020 best=0.5271
           router_load=[0.9997864961624146, 0.0, 0.000213440420338884, 0.0]
[step 0120/150] method=baseline_cagrad loss=0.6556 train_acc=0.5016 train_loss=0.7091 val_acc=0.5271 val_loss=0.6961 router_H=0.0020 best=0.5271
           router_load=[0.9997864961624146, 0.0, 0.000213440420338884, 0.0]
[step 0130/150] method=baseline_cagrad loss=0.6808 train_acc=0.5016 train_loss=0.7091 val_acc=0.5271 val_loss=0.6961 router_H=0.0020 best=0.5271
           router_load=[0.9997864961624146, 0.0, 0.000213440420338884, 0.0]
[step 0140/150] method=baseline_cagrad loss=0.6980 train_acc=0.5016 train_loss=0.7091 val_acc=0.5271 val_loss=0.6961 router_H=0.0020 best=0.5271
           router_load=[0.9997864961624146, 0.0, 0.000213440420338884, 0.0]
[step 0150/150] method=baseline_cagrad loss=0.7113 train_acc=0.5016 train_loss=0.6947 val_acc=0.5271 val_loss=0.6904 router_H=0.0036 best=0.5271
           router_load=[0.9995845556259155, 0.0, 0.0004153058398514986, 0.0]
saved summary -> /home/zhujjing/MOE-grad-conflict-routing/runs/paper_suite/single_gpu/single_task/roberta_rte_ffn_e4_k2/hpo/cagrad/trial_runs/coord_01_train_lr_003/cagrad_s3.json
saved curve -> /home/zhujjing/MOE-grad-conflict-routing/runs/paper_suite/single_gpu/single_task/roberta_rte_ffn_e4_k2/hpo/cagrad/trial_runs/coord_01_train_lr_003/cagrad_s3_curve.csv
