[run] method=cagrad candidate=coord_01_anchor seed=3 steps=150 gpu=0
[run] cmd=
/home/zhujjing/anaconda3/envs/moe/bin/python /home/zhujjing/MOE-grad-conflict-routing/scripts/run.py --config configs/singletask_rte_real.yaml --set model.backbone_backend=hf --set model.hf_load_pretrained=true --set model.backbone=roberta --set model.hf_pretrained_name=roberta-base --set model.expert_type=ffn --set model.routing_mode=topk --set model.num_experts=4 --set model.top_k=2 --set seed=3 --set method.name=baseline_cagrad --set train.steps=150 --set train.eval_every_steps=50 --set method.baseline_cagrad.c=0.4 --set method.baseline_cagrad.inner_lr=0.1 --set train.grad_clip=1 --set train.lr=2e-05 --set train.weight_decay=0.01 --out /home/zhujjing/MOE-grad-conflict-routing/runs/paper_suite/single_gpu/single_task/roberta_rte_ffn_e4_k2/hpo/cagrad/trial_runs/coord_01_anchor/cagrad_s3.json --curve_out /home/zhujjing/MOE-grad-conflict-routing/runs/paper_suite/single_gpu/single_task/roberta_rte_ffn_e4_k2/hpo/cagrad/trial_runs/coord_01_anchor/cagrad_s3_curve.csv
Using the latest cached version of the dataset since glue couldn't be found on the Hugging Face Hub (offline mode is enabled).
Found the latest cached dataset configuration 'rte' at /home/zhujjing/hf_cache/datasets/glue/rte/0.0.0/bcdcba79d07bc864c1c254ccfcedcce55bcc9a8c (last modified on Thu Mar 19 15:00:36 2026).
/home/zhujjing/anaconda3/envs/moe/lib/python3.10/site-packages/transformers/utils/hub.py:124: FutureWarning: Using `TRANSFORMERS_CACHE` is deprecated and will be removed in v5 of Transformers. Use `HF_HOME` instead.
  warnings.warn(
Some weights of RobertaModel were not initialized from the model checkpoint at roberta-base and are newly initialized: ['roberta.pooler.dense.bias', 'roberta.pooler.dense.weight']
You should probably TRAIN this model on a down-stream task to be able to use it for predictions and inference.
[step 0001/150] method=baseline_cagrad loss=0.6852 train_acc=nan train_loss=nan val_acc=nan val_loss=nan best=-1.0000
[step 0010/150] method=baseline_cagrad loss=0.6977 train_acc=nan train_loss=nan val_acc=nan val_loss=nan best=-1.0000
[step 0020/150] method=baseline_cagrad loss=0.7002 train_acc=nan train_loss=nan val_acc=nan val_loss=nan best=-1.0000
[step 0030/150] method=baseline_cagrad loss=0.6810 train_acc=nan train_loss=nan val_acc=nan val_loss=nan best=-1.0000
[step 0040/150] method=baseline_cagrad loss=0.6697 train_acc=nan train_loss=nan val_acc=nan val_loss=nan best=-1.0000
[step 0050/150] method=baseline_cagrad loss=0.6825 train_acc=0.5703 train_loss=0.6800 val_acc=0.5199 val_loss=0.6933 router_H=0.6745 best=0.5199
           router_load=[0.5906091332435608, 0.0, 0.3681735396385193, 0.041217315942049026]
[step 0060/150] method=baseline_cagrad loss=0.6325 train_acc=0.5703 train_loss=0.6800 val_acc=0.5199 val_loss=0.6933 router_H=0.6745 best=0.5199
           router_load=[0.5906091332435608, 0.0, 0.3681735396385193, 0.041217315942049026]
[step 0070/150] method=baseline_cagrad loss=0.7029 train_acc=0.5703 train_loss=0.6800 val_acc=0.5199 val_loss=0.6933 router_H=0.6745 best=0.5199
           router_load=[0.5906091332435608, 0.0, 0.3681735396385193, 0.041217315942049026]
[step 0080/150] method=baseline_cagrad loss=0.6464 train_acc=0.5703 train_loss=0.6800 val_acc=0.5199 val_loss=0.6933 router_H=0.6745 best=0.5199
           router_load=[0.5906091332435608, 0.0, 0.3681735396385193, 0.041217315942049026]
[step 0090/150] method=baseline_cagrad loss=0.5311 train_acc=0.5703 train_loss=0.6800 val_acc=0.5199 val_loss=0.6933 router_H=0.6745 best=0.5199
           router_load=[0.5906091332435608, 0.0, 0.3681735396385193, 0.041217315942049026]
[step 0100/150] method=baseline_cagrad loss=0.6729 train_acc=0.7056 train_loss=0.5786 val_acc=0.6534 val_loss=0.6132 router_H=0.5765 best=0.6534
           router_load=[0.7211523652076721, 0.0035812915302813053, 0.22736819088459015, 0.04789820313453674]
[step 0110/150] method=baseline_cagrad loss=0.5441 train_acc=0.7056 train_loss=0.5786 val_acc=0.6534 val_loss=0.6132 router_H=0.5765 best=0.6534
           router_load=[0.7211523652076721, 0.0035812915302813053, 0.22736819088459015, 0.04789820313453674]
[step 0120/150] method=baseline_cagrad loss=0.6489 train_acc=0.7056 train_loss=0.5786 val_acc=0.6534 val_loss=0.6132 router_H=0.5765 best=0.6534
           router_load=[0.7211523652076721, 0.0035812915302813053, 0.22736819088459015, 0.04789820313453674]
[step 0130/150] method=baseline_cagrad loss=0.6880 train_acc=0.7056 train_loss=0.5786 val_acc=0.6534 val_loss=0.6132 router_H=0.5765 best=0.6534
           router_load=[0.7211523652076721, 0.0035812915302813053, 0.22736819088459015, 0.04789820313453674]
[step 0140/150] method=baseline_cagrad loss=0.6781 train_acc=0.7056 train_loss=0.5786 val_acc=0.6534 val_loss=0.6132 router_H=0.5765 best=0.6534
           router_load=[0.7211523652076721, 0.0035812915302813053, 0.22736819088459015, 0.04789820313453674]
[step 0150/150] method=baseline_cagrad loss=0.5320 train_acc=0.7149 train_loss=0.5814 val_acc=0.6787 val_loss=0.6387 router_H=0.5987 best=0.6787
           router_load=[0.3747791051864624, 0.002929013455286622, 0.6205147504806519, 0.0017771415878087282]
saved summary -> /home/zhujjing/MOE-grad-conflict-routing/runs/paper_suite/single_gpu/single_task/roberta_rte_ffn_e4_k2/hpo/cagrad/trial_runs/coord_01_anchor/cagrad_s3.json
saved curve -> /home/zhujjing/MOE-grad-conflict-routing/runs/paper_suite/single_gpu/single_task/roberta_rte_ffn_e4_k2/hpo/cagrad/trial_runs/coord_01_anchor/cagrad_s3_curve.csv
