[run] method=cagrad candidate=coord_01_train_lr_017 seed=2 steps=150 gpu=0
[run] cmd=
/home/zhujjing/anaconda3/envs/moe/bin/python /home/zhujjing/MOE-grad-conflict-routing/scripts/run.py --config configs/singletask_rte_real.yaml --set model.backbone_backend=hf --set model.hf_load_pretrained=true --set model.backbone=roberta --set model.hf_pretrained_name=roberta-base --set model.expert_type=ffn --set model.routing_mode=topk --set model.num_experts=4 --set model.top_k=2 --set seed=2 --set method.name=baseline_cagrad --set train.steps=150 --set train.eval_every_steps=50 --set method.baseline_cagrad.c=0.4 --set method.baseline_cagrad.inner_lr=0.1 --set train.grad_clip=1 --set train.lr=2.072727779e-06 --set train.weight_decay=0.01 --out /home/zhujjing/MOE-grad-conflict-routing/runs/paper_suite/single_gpu/single_task/roberta_rte_ffn_e4_k2/hpo/cagrad/trial_runs/coord_01_train_lr_017/cagrad_s2.json --curve_out /home/zhujjing/MOE-grad-conflict-routing/runs/paper_suite/single_gpu/single_task/roberta_rte_ffn_e4_k2/hpo/cagrad/trial_runs/coord_01_train_lr_017/cagrad_s2_curve.csv
Using the latest cached version of the dataset since glue couldn't be found on the Hugging Face Hub (offline mode is enabled).
Found the latest cached dataset configuration 'rte' at /home/zhujjing/hf_cache/datasets/glue/rte/0.0.0/bcdcba79d07bc864c1c254ccfcedcce55bcc9a8c (last modified on Thu Mar 19 15:00:36 2026).
/home/zhujjing/anaconda3/envs/moe/lib/python3.10/site-packages/transformers/utils/hub.py:124: FutureWarning: Using `TRANSFORMERS_CACHE` is deprecated and will be removed in v5 of Transformers. Use `HF_HOME` instead.
  warnings.warn(
Some weights of RobertaModel were not initialized from the model checkpoint at roberta-base and are newly initialized: ['roberta.pooler.dense.bias', 'roberta.pooler.dense.weight']
You should probably TRAIN this model on a down-stream task to be able to use it for predictions and inference.
[step 0001/150] method=baseline_cagrad loss=0.6854 train_acc=nan train_loss=nan val_acc=nan val_loss=nan best=-1.0000
[step 0010/150] method=baseline_cagrad loss=0.6839 train_acc=nan train_loss=nan val_acc=nan val_loss=nan best=-1.0000
[step 0020/150] method=baseline_cagrad loss=0.6911 train_acc=nan train_loss=nan val_acc=nan val_loss=nan best=-1.0000
[step 0030/150] method=baseline_cagrad loss=0.6958 train_acc=nan train_loss=nan val_acc=nan val_loss=nan best=-1.0000
[step 0040/150] method=baseline_cagrad loss=0.6877 train_acc=nan train_loss=nan val_acc=nan val_loss=nan best=-1.0000
[step 0050/150] method=baseline_cagrad loss=0.6890 train_acc=0.5145 train_loss=0.6916 val_acc=0.5090 val_loss=0.6914 router_H=0.6679 best=0.5090
           router_load=[0.0, 0.07059074938297272, 0.6111260652542114, 0.31828320026397705]
[step 0060/150] method=baseline_cagrad loss=0.6914 train_acc=0.5145 train_loss=0.6916 val_acc=0.5090 val_loss=0.6914 router_H=0.6679 best=0.5090
           router_load=[0.0, 0.07059074938297272, 0.6111260652542114, 0.31828320026397705]
[step 0070/150] method=baseline_cagrad loss=0.7045 train_acc=0.5145 train_loss=0.6916 val_acc=0.5090 val_loss=0.6914 router_H=0.6679 best=0.5090
           router_load=[0.0, 0.07059074938297272, 0.6111260652542114, 0.31828320026397705]
[step 0080/150] method=baseline_cagrad loss=0.6885 train_acc=0.5145 train_loss=0.6916 val_acc=0.5090 val_loss=0.6914 router_H=0.6679 best=0.5090
           router_load=[0.0, 0.07059074938297272, 0.6111260652542114, 0.31828320026397705]
[step 0090/150] method=baseline_cagrad loss=0.6951 train_acc=0.5145 train_loss=0.6916 val_acc=0.5090 val_loss=0.6914 router_H=0.6679 best=0.5090
           router_load=[0.0, 0.07059074938297272, 0.6111260652542114, 0.31828320026397705]
[step 0100/150] method=baseline_cagrad loss=0.6935 train_acc=0.5277 train_loss=0.6903 val_acc=0.5054 val_loss=0.6902 router_H=0.6649 best=0.5090
           router_load=[0.0, 0.0693756565451622, 0.6176234483718872, 0.3130008578300476]
[step 0110/150] method=baseline_cagrad loss=0.6926 train_acc=0.5277 train_loss=0.6903 val_acc=0.5054 val_loss=0.6902 router_H=0.6649 best=0.5090
           router_load=[0.0, 0.0693756565451622, 0.6176234483718872, 0.3130008578300476]
[step 0120/150] method=baseline_cagrad loss=0.6932 train_acc=0.5277 train_loss=0.6903 val_acc=0.5054 val_loss=0.6902 router_H=0.6649 best=0.5090
           router_load=[0.0, 0.0693756565451622, 0.6176234483718872, 0.3130008578300476]
[step 0130/150] method=baseline_cagrad loss=0.6799 train_acc=0.5277 train_loss=0.6903 val_acc=0.5054 val_loss=0.6902 router_H=0.6649 best=0.5090
           router_load=[0.0, 0.0693756565451622, 0.6176234483718872, 0.3130008578300476]
[step 0140/150] method=baseline_cagrad loss=0.6779 train_acc=0.5277 train_loss=0.6903 val_acc=0.5054 val_loss=0.6902 router_H=0.6649 best=0.5090
           router_load=[0.0, 0.0693756565451622, 0.6176234483718872, 0.3130008578300476]
[step 0150/150] method=baseline_cagrad loss=0.6881 train_acc=0.5526 train_loss=0.6895 val_acc=0.5415 val_loss=0.6917 router_H=0.6637 best=0.5415
           router_load=[0.0, 0.08013271540403366, 0.6199840903282166, 0.29988327622413635]
saved summary -> /home/zhujjing/MOE-grad-conflict-routing/runs/paper_suite/single_gpu/single_task/roberta_rte_ffn_e4_k2/hpo/cagrad/trial_runs/coord_01_train_lr_017/cagrad_s2.json
saved curve -> /home/zhujjing/MOE-grad-conflict-routing/runs/paper_suite/single_gpu/single_task/roberta_rte_ffn_e4_k2/hpo/cagrad/trial_runs/coord_01_train_lr_017/cagrad_s2_curve.csv
