[run] method=cagrad candidate=coord_01_train_lr_008 seed=2 steps=150 gpu=0
[run] cmd=
/home/zhujjing/anaconda3/envs/moe/bin/python /home/zhujjing/MOE-grad-conflict-routing/scripts/run.py --config configs/singletask_rte_real.yaml --set model.backbone_backend=hf --set model.hf_load_pretrained=true --set model.backbone=roberta --set model.hf_pretrained_name=roberta-base --set model.expert_type=ffn --set model.routing_mode=topk --set model.num_experts=4 --set model.top_k=2 --set seed=2 --set method.name=baseline_cagrad --set train.steps=150 --set train.eval_every_steps=50 --set method.baseline_cagrad.c=0.4 --set method.baseline_cagrad.inner_lr=0.1 --set train.grad_clip=1 --set train.lr=9.799696332e-06 --set train.weight_decay=0.01 --out /home/zhujjing/MOE-grad-conflict-routing/runs/paper_suite/single_gpu/single_task/roberta_rte_ffn_e4_k2/hpo/cagrad/trial_runs/coord_01_train_lr_008/cagrad_s2.json --curve_out /home/zhujjing/MOE-grad-conflict-routing/runs/paper_suite/single_gpu/single_task/roberta_rte_ffn_e4_k2/hpo/cagrad/trial_runs/coord_01_train_lr_008/cagrad_s2_curve.csv
Using the latest cached version of the dataset since glue couldn't be found on the Hugging Face Hub (offline mode is enabled).
Found the latest cached dataset configuration 'rte' at /home/zhujjing/hf_cache/datasets/glue/rte/0.0.0/bcdcba79d07bc864c1c254ccfcedcce55bcc9a8c (last modified on Thu Mar 19 15:00:36 2026).
/home/zhujjing/anaconda3/envs/moe/lib/python3.10/site-packages/transformers/utils/hub.py:124: FutureWarning: Using `TRANSFORMERS_CACHE` is deprecated and will be removed in v5 of Transformers. Use `HF_HOME` instead.
  warnings.warn(
Some weights of RobertaModel were not initialized from the model checkpoint at roberta-base and are newly initialized: ['roberta.pooler.dense.bias', 'roberta.pooler.dense.weight']
You should probably TRAIN this model on a down-stream task to be able to use it for predictions and inference.
[step 0001/150] method=baseline_cagrad loss=0.6967 train_acc=nan train_loss=nan val_acc=nan val_loss=nan best=-1.0000
[step 0010/150] method=baseline_cagrad loss=0.7069 train_acc=nan train_loss=nan val_acc=nan val_loss=nan best=-1.0000
[step 0020/150] method=baseline_cagrad loss=0.6809 train_acc=nan train_loss=nan val_acc=nan val_loss=nan best=-1.0000
[step 0030/150] method=baseline_cagrad loss=0.6815 train_acc=nan train_loss=nan val_acc=nan val_loss=nan best=-1.0000
[step 0040/150] method=baseline_cagrad loss=0.6832 train_acc=nan train_loss=nan val_acc=nan val_loss=nan best=-1.0000
[step 0050/150] method=baseline_cagrad loss=0.6468 train_acc=0.5016 train_loss=0.6864 val_acc=0.5271 val_loss=0.6831 router_H=0.6889 best=0.5271
           router_load=[0.0, 0.4587269127368927, 0.5412732362747192, 0.0]
[step 0060/150] method=baseline_cagrad loss=0.6808 train_acc=0.5016 train_loss=0.6864 val_acc=0.5271 val_loss=0.6831 router_H=0.6889 best=0.5271
           router_load=[0.0, 0.4587269127368927, 0.5412732362747192, 0.0]
[step 0070/150] method=baseline_cagrad loss=0.6698 train_acc=0.5016 train_loss=0.6864 val_acc=0.5271 val_loss=0.6831 router_H=0.6889 best=0.5271
           router_load=[0.0, 0.4587269127368927, 0.5412732362747192, 0.0]
[step 0080/150] method=baseline_cagrad loss=0.6738 train_acc=0.5016 train_loss=0.6864 val_acc=0.5271 val_loss=0.6831 router_H=0.6889 best=0.5271
           router_load=[0.0, 0.4587269127368927, 0.5412732362747192, 0.0]
[step 0090/150] method=baseline_cagrad loss=0.7053 train_acc=0.5016 train_loss=0.6864 val_acc=0.5271 val_loss=0.6831 router_H=0.6889 best=0.5271
           router_load=[0.0, 0.4587269127368927, 0.5412732362747192, 0.0]
[step 0100/150] method=baseline_cagrad loss=0.6501 train_acc=0.6739 train_loss=0.6440 val_acc=0.6209 val_loss=0.6549 router_H=0.6896 best=0.6209
           router_load=[0.0, 0.47620895504951477, 0.5220643281936646, 0.0017266783397644758]
[step 0110/150] method=baseline_cagrad loss=0.6520 train_acc=0.6739 train_loss=0.6440 val_acc=0.6209 val_loss=0.6549 router_H=0.6896 best=0.6209
           router_load=[0.0, 0.47620895504951477, 0.5220643281936646, 0.0017266783397644758]
[step 0120/150] method=baseline_cagrad loss=0.6475 train_acc=0.6739 train_loss=0.6440 val_acc=0.6209 val_loss=0.6549 router_H=0.6896 best=0.6209
           router_load=[0.0, 0.47620895504951477, 0.5220643281936646, 0.0017266783397644758]
[step 0130/150] method=baseline_cagrad loss=0.6614 train_acc=0.6739 train_loss=0.6440 val_acc=0.6209 val_loss=0.6549 router_H=0.6896 best=0.6209
           router_load=[0.0, 0.47620895504951477, 0.5220643281936646, 0.0017266783397644758]
[step 0140/150] method=baseline_cagrad loss=0.6007 train_acc=0.6739 train_loss=0.6440 val_acc=0.6209 val_loss=0.6549 router_H=0.6896 best=0.6209
           router_load=[0.0, 0.47620895504951477, 0.5220643281936646, 0.0017266783397644758]
[step 0150/150] method=baseline_cagrad loss=0.6361 train_acc=0.6960 train_loss=0.6261 val_acc=0.6643 val_loss=0.6458 router_H=0.6761 best=0.6643
           router_load=[0.0, 0.27672824263572693, 0.5852575302124023, 0.13801424205303192]
saved summary -> /home/zhujjing/MOE-grad-conflict-routing/runs/paper_suite/single_gpu/single_task/roberta_rte_ffn_e4_k2/hpo/cagrad/trial_runs/coord_01_train_lr_008/cagrad_s2.json
saved curve -> /home/zhujjing/MOE-grad-conflict-routing/runs/paper_suite/single_gpu/single_task/roberta_rte_ffn_e4_k2/hpo/cagrad/trial_runs/coord_01_train_lr_008/cagrad_s2_curve.csv
