[run] method=cagrad candidate=coord_01_train_lr_018 seed=2 steps=150 gpu=0
[run] cmd=
/home/zhujjing/anaconda3/envs/moe/bin/python /home/zhujjing/MOE-grad-conflict-routing/scripts/run.py --config configs/singletask_rte_real.yaml --set model.backbone_backend=hf --set model.hf_load_pretrained=true --set model.backbone=roberta --set model.hf_pretrained_name=roberta-base --set model.expert_type=ffn --set model.routing_mode=topk --set model.num_experts=4 --set model.top_k=2 --set seed=2 --set method.name=baseline_cagrad --set train.steps=150 --set train.eval_every_steps=50 --set method.baseline_cagrad.c=0.4 --set method.baseline_cagrad.inner_lr=0.1 --set train.grad_clip=1 --set train.lr=2.410351909e-05 --set train.weight_decay=0.01 --out /home/zhujjing/MOE-grad-conflict-routing/runs/paper_suite/single_gpu/single_task/roberta_rte_ffn_e4_k2/hpo/cagrad/trial_runs/coord_01_train_lr_018/cagrad_s2.json --curve_out /home/zhujjing/MOE-grad-conflict-routing/runs/paper_suite/single_gpu/single_task/roberta_rte_ffn_e4_k2/hpo/cagrad/trial_runs/coord_01_train_lr_018/cagrad_s2_curve.csv
Using the latest cached version of the dataset since glue couldn't be found on the Hugging Face Hub (offline mode is enabled).
Found the latest cached dataset configuration 'rte' at /home/zhujjing/hf_cache/datasets/glue/rte/0.0.0/bcdcba79d07bc864c1c254ccfcedcce55bcc9a8c (last modified on Thu Mar 19 15:00:36 2026).
/home/zhujjing/anaconda3/envs/moe/lib/python3.10/site-packages/transformers/utils/hub.py:124: FutureWarning: Using `TRANSFORMERS_CACHE` is deprecated and will be removed in v5 of Transformers. Use `HF_HOME` instead.
  warnings.warn(
Some weights of RobertaModel were not initialized from the model checkpoint at roberta-base and are newly initialized: ['roberta.pooler.dense.bias', 'roberta.pooler.dense.weight']
You should probably TRAIN this model on a down-stream task to be able to use it for predictions and inference.
[step 0001/150] method=baseline_cagrad loss=0.6866 train_acc=nan train_loss=nan val_acc=nan val_loss=nan best=-1.0000
[step 0010/150] method=baseline_cagrad loss=0.7540 train_acc=nan train_loss=nan val_acc=nan val_loss=nan best=-1.0000
[step 0020/150] method=baseline_cagrad loss=0.6797 train_acc=nan train_loss=nan val_acc=nan val_loss=nan best=-1.0000
[step 0030/150] method=baseline_cagrad loss=0.6860 train_acc=nan train_loss=nan val_acc=nan val_loss=nan best=-1.0000
[step 0040/150] method=baseline_cagrad loss=0.6608 train_acc=nan train_loss=nan val_acc=nan val_loss=nan best=-1.0000
[step 0050/150] method=baseline_cagrad loss=0.6239 train_acc=0.6542 train_loss=0.6611 val_acc=0.6462 val_loss=0.6720 router_H=0.6471 best=0.6462
           router_load=[0.5684842467308044, 0.03986021503806114, 0.3849872350692749, 0.006668349727988243]
[step 0060/150] method=baseline_cagrad loss=0.6714 train_acc=0.6542 train_loss=0.6611 val_acc=0.6462 val_loss=0.6720 router_H=0.6471 best=0.6462
           router_load=[0.5684842467308044, 0.03986021503806114, 0.3849872350692749, 0.006668349727988243]
[step 0070/150] method=baseline_cagrad loss=0.6779 train_acc=0.6542 train_loss=0.6611 val_acc=0.6462 val_loss=0.6720 router_H=0.6471 best=0.6462
           router_load=[0.5684842467308044, 0.03986021503806114, 0.3849872350692749, 0.006668349727988243]
[step 0080/150] method=baseline_cagrad loss=0.6038 train_acc=0.6542 train_loss=0.6611 val_acc=0.6462 val_loss=0.6720 router_H=0.6471 best=0.6462
           router_load=[0.5684842467308044, 0.03986021503806114, 0.3849872350692749, 0.006668349727988243]
[step 0090/150] method=baseline_cagrad loss=0.6594 train_acc=0.6542 train_loss=0.6611 val_acc=0.6462 val_loss=0.6720 router_H=0.6471 best=0.6462
           router_load=[0.5684842467308044, 0.03986021503806114, 0.3849872350692749, 0.006668349727988243]
[step 0100/150] method=baseline_cagrad loss=0.6789 train_acc=0.6924 train_loss=0.6318 val_acc=0.6534 val_loss=0.6423 router_H=0.6629 best=0.6534
           router_load=[0.5808051228523254, 0.0, 0.38897833228111267, 0.03021661564707756]
[step 0110/150] method=baseline_cagrad loss=0.6198 train_acc=0.6924 train_loss=0.6318 val_acc=0.6534 val_loss=0.6423 router_H=0.6629 best=0.6534
           router_load=[0.5808051228523254, 0.0, 0.38897833228111267, 0.03021661564707756]
[step 0120/150] method=baseline_cagrad loss=0.5673 train_acc=0.6924 train_loss=0.6318 val_acc=0.6534 val_loss=0.6423 router_H=0.6629 best=0.6534
           router_load=[0.5808051228523254, 0.0, 0.38897833228111267, 0.03021661564707756]
[step 0130/150] method=baseline_cagrad loss=0.5827 train_acc=0.6924 train_loss=0.6318 val_acc=0.6534 val_loss=0.6423 router_H=0.6629 best=0.6534
           router_load=[0.5808051228523254, 0.0, 0.38897833228111267, 0.03021661564707756]
[step 0140/150] method=baseline_cagrad loss=0.6126 train_acc=0.6924 train_loss=0.6318 val_acc=0.6534 val_loss=0.6423 router_H=0.6629 best=0.6534
           router_load=[0.5808051228523254, 0.0, 0.38897833228111267, 0.03021661564707756]
[step 0150/150] method=baseline_cagrad loss=0.6700 train_acc=0.7149 train_loss=0.6055 val_acc=0.6534 val_loss=0.6310 router_H=0.6313 best=0.6534
           router_load=[0.6405552625656128, 0.0, 0.285734087228775, 0.07371065765619278]
saved summary -> /home/zhujjing/MOE-grad-conflict-routing/runs/paper_suite/single_gpu/single_task/roberta_rte_ffn_e4_k2/hpo/cagrad/trial_runs/coord_01_train_lr_018/cagrad_s2.json
saved curve -> /home/zhujjing/MOE-grad-conflict-routing/runs/paper_suite/single_gpu/single_task/roberta_rte_ffn_e4_k2/hpo/cagrad/trial_runs/coord_01_train_lr_018/cagrad_s2_curve.csv
