[run] method=cagrad candidate=coord_01_train_lr_000 seed=3 steps=150 gpu=0
[run] cmd=
/home/zhujjing/anaconda3/envs/moe/bin/python /home/zhujjing/MOE-grad-conflict-routing/scripts/run.py --config configs/singletask_rte_real.yaml --set model.backbone_backend=hf --set model.hf_load_pretrained=true --set model.backbone=roberta --set model.hf_pretrained_name=roberta-base --set model.expert_type=ffn --set model.routing_mode=topk --set model.num_experts=4 --set model.top_k=2 --set seed=3 --set method.name=baseline_cagrad --set train.steps=150 --set train.eval_every_steps=50 --set method.baseline_cagrad.c=0.4 --set method.baseline_cagrad.inner_lr=0.1 --set train.grad_clip=1 --set train.lr=3.483800361e-05 --set train.weight_decay=0.01 --out /home/zhujjing/MOE-grad-conflict-routing/runs/paper_suite/single_gpu/single_task/roberta_rte_ffn_e4_k2/hpo/cagrad/trial_runs/coord_01_train_lr_000/cagrad_s3.json --curve_out /home/zhujjing/MOE-grad-conflict-routing/runs/paper_suite/single_gpu/single_task/roberta_rte_ffn_e4_k2/hpo/cagrad/trial_runs/coord_01_train_lr_000/cagrad_s3_curve.csv
Using the latest cached version of the dataset since glue couldn't be found on the Hugging Face Hub (offline mode is enabled).
Found the latest cached dataset configuration 'rte' at /home/zhujjing/hf_cache/datasets/glue/rte/0.0.0/bcdcba79d07bc864c1c254ccfcedcce55bcc9a8c (last modified on Thu Mar 19 15:00:36 2026).
/home/zhujjing/anaconda3/envs/moe/lib/python3.10/site-packages/transformers/utils/hub.py:124: FutureWarning: Using `TRANSFORMERS_CACHE` is deprecated and will be removed in v5 of Transformers. Use `HF_HOME` instead.
  warnings.warn(
Some weights of RobertaModel were not initialized from the model checkpoint at roberta-base and are newly initialized: ['roberta.pooler.dense.bias', 'roberta.pooler.dense.weight']
You should probably TRAIN this model on a down-stream task to be able to use it for predictions and inference.
[step 0001/150] method=baseline_cagrad loss=0.6936 train_acc=nan train_loss=nan val_acc=nan val_loss=nan best=-1.0000
[step 0010/150] method=baseline_cagrad loss=0.7003 train_acc=nan train_loss=nan val_acc=nan val_loss=nan best=-1.0000
[step 0020/150] method=baseline_cagrad loss=0.6965 train_acc=nan train_loss=nan val_acc=nan val_loss=nan best=-1.0000
[step 0030/150] method=baseline_cagrad loss=0.6791 train_acc=nan train_loss=nan val_acc=nan val_loss=nan best=-1.0000
[step 0040/150] method=baseline_cagrad loss=0.6722 train_acc=nan train_loss=nan val_acc=nan val_loss=nan best=-1.0000
[step 0050/150] method=baseline_cagrad loss=0.6160 train_acc=0.6446 train_loss=0.6301 val_acc=0.6101 val_loss=0.6510 router_H=0.6220 best=0.6101
           router_load=[0.6840066313743591, 0.20784355700016022, 0.013119551353156567, 0.09503020346164703]
[step 0060/150] method=baseline_cagrad loss=0.7060 train_acc=0.6446 train_loss=0.6301 val_acc=0.6101 val_loss=0.6510 router_H=0.6220 best=0.6101
           router_load=[0.6840066313743591, 0.20784355700016022, 0.013119551353156567, 0.09503020346164703]
[step 0070/150] method=baseline_cagrad loss=0.7119 train_acc=0.6446 train_loss=0.6301 val_acc=0.6101 val_loss=0.6510 router_H=0.6220 best=0.6101
           router_load=[0.6840066313743591, 0.20784355700016022, 0.013119551353156567, 0.09503020346164703]
[step 0080/150] method=baseline_cagrad loss=0.6572 train_acc=0.6446 train_loss=0.6301 val_acc=0.6101 val_loss=0.6510 router_H=0.6220 best=0.6101
           router_load=[0.6840066313743591, 0.20784355700016022, 0.013119551353156567, 0.09503020346164703]
[step 0090/150] method=baseline_cagrad loss=0.6520 train_acc=0.6446 train_loss=0.6301 val_acc=0.6101 val_loss=0.6510 router_H=0.6220 best=0.6101
           router_load=[0.6840066313743591, 0.20784355700016022, 0.013119551353156567, 0.09503020346164703]
[step 0100/150] method=baseline_cagrad loss=0.7834 train_acc=0.7149 train_loss=0.5869 val_acc=0.6895 val_loss=0.6227 router_H=0.6708 best=0.6895
           router_load=[0.5566139221191406, 0.055084772408008575, 0.0, 0.38830122351646423]
[step 0110/150] method=baseline_cagrad loss=0.5962 train_acc=0.7149 train_loss=0.5869 val_acc=0.6895 val_loss=0.6227 router_H=0.6708 best=0.6895
           router_load=[0.5566139221191406, 0.055084772408008575, 0.0, 0.38830122351646423]
[step 0120/150] method=baseline_cagrad loss=0.5824 train_acc=0.7149 train_loss=0.5869 val_acc=0.6895 val_loss=0.6227 router_H=0.6708 best=0.6895
           router_load=[0.5566139221191406, 0.055084772408008575, 0.0, 0.38830122351646423]
[step 0130/150] method=baseline_cagrad loss=0.6361 train_acc=0.7149 train_loss=0.5869 val_acc=0.6895 val_loss=0.6227 router_H=0.6708 best=0.6895
           router_load=[0.5566139221191406, 0.055084772408008575, 0.0, 0.38830122351646423]
[step 0140/150] method=baseline_cagrad loss=0.6046 train_acc=0.7149 train_loss=0.5869 val_acc=0.6895 val_loss=0.6227 router_H=0.6708 best=0.6895
           router_load=[0.5566139221191406, 0.055084772408008575, 0.0, 0.38830122351646423]
[step 0150/150] method=baseline_cagrad loss=0.6271 train_acc=0.7382 train_loss=0.5579 val_acc=0.6606 val_loss=0.6274 router_H=0.6420 best=0.6895
           router_load=[0.648398756980896, 0.35160115361213684, 0.0, 0.0]
saved summary -> /home/zhujjing/MOE-grad-conflict-routing/runs/paper_suite/single_gpu/single_task/roberta_rte_ffn_e4_k2/hpo/cagrad/trial_runs/coord_01_train_lr_000/cagrad_s3.json
saved curve -> /home/zhujjing/MOE-grad-conflict-routing/runs/paper_suite/single_gpu/single_task/roberta_rte_ffn_e4_k2/hpo/cagrad/trial_runs/coord_01_train_lr_000/cagrad_s3_curve.csv
