[run] method=ours candidate=coord_03_train_grad_clip_016 seed=2 steps=150 gpu=0
[run] cmd=
/home/zhujjing/anaconda3/envs/moe/bin/python /home/zhujjing/MOE-grad-conflict-routing/scripts/run.py --config configs/singletask_rte_real.yaml --set model.backbone_backend=hf --set model.hf_load_pretrained=true --set model.backbone=roberta --set model.hf_pretrained_name=roberta-base --set model.expert_type=ffn --set model.routing_mode=topk --set model.num_experts=4 --set model.top_k=2 --set seed=2 --set method.name=ours --set train.steps=150 --set train.eval_every_steps=50 --set method.ours.use_load_norm=true --set method.ours.lambda_align=0.001 --set train.grad_clip=0.9740671934 --set train.lr=3.356481249e-05 --set train.weight_decay=0.04322128284 --out /home/zhujjing/MOE-grad-conflict-routing/runs/paper_suite/single_gpu/single_task/roberta_rte_ffn_e4_k2/hpo/ours/trial_runs/coord_03_train_grad_clip_016/ours_s2.json --curve_out /home/zhujjing/MOE-grad-conflict-routing/runs/paper_suite/single_gpu/single_task/roberta_rte_ffn_e4_k2/hpo/ours/trial_runs/coord_03_train_grad_clip_016/ours_s2_curve.csv
Using the latest cached version of the dataset since glue couldn't be found on the Hugging Face Hub (offline mode is enabled).
Found the latest cached dataset configuration 'rte' at /home/zhujjing/hf_cache/datasets/glue/rte/0.0.0/bcdcba79d07bc864c1c254ccfcedcce55bcc9a8c (last modified on Thu Mar 19 15:00:36 2026).
/home/zhujjing/anaconda3/envs/moe/lib/python3.10/site-packages/transformers/utils/hub.py:124: FutureWarning: Using `TRANSFORMERS_CACHE` is deprecated and will be removed in v5 of Transformers. Use `HF_HOME` instead.
  warnings.warn(
Some weights of RobertaModel were not initialized from the model checkpoint at roberta-base and are newly initialized: ['roberta.pooler.dense.bias', 'roberta.pooler.dense.weight']
You should probably TRAIN this model on a down-stream task to be able to use it for predictions and inference.
[step 0001/150] method=ours loss=0.6918 train_acc=nan train_loss=nan val_acc=nan val_loss=nan best=-1.0000
[step 0010/150] method=ours loss=0.7816 train_acc=nan train_loss=nan val_acc=nan val_loss=nan best=-1.0000
[step 0020/150] method=ours loss=0.6873 train_acc=nan train_loss=nan val_acc=nan val_loss=nan best=-1.0000
[step 0030/150] method=ours loss=0.7053 train_acc=nan train_loss=nan val_acc=nan val_loss=nan best=-1.0000
[step 0040/150] method=ours loss=0.6952 train_acc=nan train_loss=nan val_acc=nan val_loss=nan best=-1.0000
[step 0050/150] method=ours loss=0.5824 train_acc=0.5020 train_loss=0.6778 val_acc=0.5271 val_loss=0.6728 router_H=0.6838 best=0.5271
           router_load=[0.5486564040184021, 0.007165092509239912, 0.4441785514354706, 0.0]
[step 0060/150] method=ours loss=0.7279 train_acc=0.5020 train_loss=0.6778 val_acc=0.5271 val_loss=0.6728 router_H=0.6838 best=0.5271
           router_load=[0.5486564040184021, 0.007165092509239912, 0.4441785514354706, 0.0]
[step 0070/150] method=ours loss=0.7099 train_acc=0.5020 train_loss=0.6778 val_acc=0.5271 val_loss=0.6728 router_H=0.6838 best=0.5271
           router_load=[0.5486564040184021, 0.007165092509239912, 0.4441785514354706, 0.0]
[step 0080/150] method=ours loss=0.7453 train_acc=0.5020 train_loss=0.6778 val_acc=0.5271 val_loss=0.6728 router_H=0.6838 best=0.5271
           router_load=[0.5486564040184021, 0.007165092509239912, 0.4441785514354706, 0.0]
[step 0090/150] method=ours loss=0.8410 train_acc=0.5020 train_loss=0.6778 val_acc=0.5271 val_loss=0.6728 router_H=0.6838 best=0.5271
           router_load=[0.5486564040184021, 0.007165092509239912, 0.4441785514354706, 0.0]
[step 0100/150] method=ours loss=0.9411 train_acc=0.5430 train_loss=0.7665 val_acc=0.4801 val_loss=0.8387 router_H=0.5325 best=0.5271
           router_load=[0.04942506179213524, 0.19809362292289734, 0.7366204261779785, 0.015860937535762787]
[step 0110/150] method=ours loss=0.6270 train_acc=0.5430 train_loss=0.7665 val_acc=0.4801 val_loss=0.8387 router_H=0.5325 best=0.5271
           router_load=[0.04942506179213524, 0.19809362292289734, 0.7366204261779785, 0.015860937535762787]
[step 0120/150] method=ours loss=0.5883 train_acc=0.5430 train_loss=0.7665 val_acc=0.4801 val_loss=0.8387 router_H=0.5325 best=0.5271
           router_load=[0.04942506179213524, 0.19809362292289734, 0.7366204261779785, 0.015860937535762787]
[step 0130/150] method=ours loss=0.6779 train_acc=0.5430 train_loss=0.7665 val_acc=0.4801 val_loss=0.8387 router_H=0.5325 best=0.5271
           router_load=[0.04942506179213524, 0.19809362292289734, 0.7366204261779785, 0.015860937535762787]
[step 0140/150] method=ours loss=0.7353 train_acc=0.5430 train_loss=0.7665 val_acc=0.4801 val_loss=0.8387 router_H=0.5325 best=0.5271
           router_load=[0.04942506179213524, 0.19809362292289734, 0.7366204261779785, 0.015860937535762787]
[step 0150/150] method=ours loss=0.6619 train_acc=0.7149 train_loss=0.6278 val_acc=0.6570 val_loss=0.6508 router_H=0.6426 best=0.6570
           router_load=[0.0, 0.5506941676139832, 0.27497267723083496, 0.1743331253528595]
saved summary -> /home/zhujjing/MOE-grad-conflict-routing/runs/paper_suite/single_gpu/single_task/roberta_rte_ffn_e4_k2/hpo/ours/trial_runs/coord_03_train_grad_clip_016/ours_s2.json
saved curve -> /home/zhujjing/MOE-grad-conflict-routing/runs/paper_suite/single_gpu/single_task/roberta_rte_ffn_e4_k2/hpo/ours/trial_runs/coord_03_train_grad_clip_016/ours_s2_curve.csv
