[run] method=ours candidate=coord_03_train_grad_clip_020 seed=3 steps=150 gpu=0
[run] cmd=
/home/zhujjing/anaconda3/envs/moe/bin/python /home/zhujjing/MOE-grad-conflict-routing/scripts/run.py --config configs/singletask_rte_real.yaml --set model.backbone_backend=hf --set model.hf_load_pretrained=true --set model.backbone=roberta --set model.hf_pretrained_name=roberta-base --set model.expert_type=ffn --set model.routing_mode=topk --set model.num_experts=4 --set model.top_k=2 --set seed=3 --set method.name=ours --set train.steps=150 --set train.eval_every_steps=50 --set method.ours.use_load_norm=true --set method.ours.lambda_align=0.001 --set train.grad_clip=1.721917769 --set train.lr=3.356481249e-05 --set train.weight_decay=0.04322128284 --out /home/zhujjing/MOE-grad-conflict-routing/runs/paper_suite/single_gpu/single_task/roberta_rte_ffn_e4_k2/hpo/ours/trial_runs/coord_03_train_grad_clip_020/ours_s3.json --curve_out /home/zhujjing/MOE-grad-conflict-routing/runs/paper_suite/single_gpu/single_task/roberta_rte_ffn_e4_k2/hpo/ours/trial_runs/coord_03_train_grad_clip_020/ours_s3_curve.csv
Using the latest cached version of the dataset since glue couldn't be found on the Hugging Face Hub (offline mode is enabled).
Found the latest cached dataset configuration 'rte' at /home/zhujjing/hf_cache/datasets/glue/rte/0.0.0/bcdcba79d07bc864c1c254ccfcedcce55bcc9a8c (last modified on Thu Mar 19 15:00:36 2026).
/home/zhujjing/anaconda3/envs/moe/lib/python3.10/site-packages/transformers/utils/hub.py:124: FutureWarning: Using `TRANSFORMERS_CACHE` is deprecated and will be removed in v5 of Transformers. Use `HF_HOME` instead.
  warnings.warn(
Some weights of RobertaModel were not initialized from the model checkpoint at roberta-base and are newly initialized: ['roberta.pooler.dense.bias', 'roberta.pooler.dense.weight']
You should probably TRAIN this model on a down-stream task to be able to use it for predictions and inference.
[step 0001/150] method=ours loss=0.6926 train_acc=nan train_loss=nan val_acc=nan val_loss=nan best=-1.0000
[step 0010/150] method=ours loss=0.7001 train_acc=nan train_loss=nan val_acc=nan val_loss=nan best=-1.0000
[step 0020/150] method=ours loss=0.6989 train_acc=nan train_loss=nan val_acc=nan val_loss=nan best=-1.0000
[step 0030/150] method=ours loss=0.6983 train_acc=nan train_loss=nan val_acc=nan val_loss=nan best=-1.0000
[step 0040/150] method=ours loss=0.6619 train_acc=nan train_loss=nan val_acc=nan val_loss=nan best=-1.0000
[step 0050/150] method=ours loss=0.6808 train_acc=0.5261 train_loss=0.6841 val_acc=0.4801 val_loss=0.6954 router_H=0.6435 best=0.4801
           router_load=[0.0, 0.22644704580307007, 0.6550260782241821, 0.11852691322565079]
[step 0060/150] method=ours loss=0.6451 train_acc=0.5261 train_loss=0.6841 val_acc=0.4801 val_loss=0.6954 router_H=0.6435 best=0.4801
           router_load=[0.0, 0.22644704580307007, 0.6550260782241821, 0.11852691322565079]
[step 0070/150] method=ours loss=0.7304 train_acc=0.5261 train_loss=0.6841 val_acc=0.4801 val_loss=0.6954 router_H=0.6435 best=0.4801
           router_load=[0.0, 0.22644704580307007, 0.6550260782241821, 0.11852691322565079]
[step 0080/150] method=ours loss=0.8016 train_acc=0.5261 train_loss=0.6841 val_acc=0.4801 val_loss=0.6954 router_H=0.6435 best=0.4801
           router_load=[0.0, 0.22644704580307007, 0.6550260782241821, 0.11852691322565079]
[step 0090/150] method=ours loss=0.6499 train_acc=0.5261 train_loss=0.6841 val_acc=0.4801 val_loss=0.6954 router_H=0.6435 best=0.4801
           router_load=[0.0, 0.22644704580307007, 0.6550260782241821, 0.11852691322565079]
[step 0100/150] method=ours loss=0.7712 train_acc=0.5936 train_loss=0.6606 val_acc=0.5451 val_loss=0.6815 router_H=0.6487 best=0.5451
           router_load=[0.0, 0.2846532166004181, 0.6428896188735962, 0.0724572241306305]
[step 0110/150] method=ours loss=0.6275 train_acc=0.5936 train_loss=0.6606 val_acc=0.5451 val_loss=0.6815 router_H=0.6487 best=0.5451
           router_load=[0.0, 0.2846532166004181, 0.6428896188735962, 0.0724572241306305]
[step 0120/150] method=ours loss=0.6030 train_acc=0.5936 train_loss=0.6606 val_acc=0.5451 val_loss=0.6815 router_H=0.6487 best=0.5451
           router_load=[0.0, 0.2846532166004181, 0.6428896188735962, 0.0724572241306305]
[step 0130/150] method=ours loss=0.7080 train_acc=0.5936 train_loss=0.6606 val_acc=0.5451 val_loss=0.6815 router_H=0.6487 best=0.5451
           router_load=[0.0, 0.2846532166004181, 0.6428896188735962, 0.0724572241306305]
[step 0140/150] method=ours loss=0.7213 train_acc=0.5936 train_loss=0.6606 val_acc=0.5451 val_loss=0.6815 router_H=0.6487 best=0.5451
           router_load=[0.0, 0.2846532166004181, 0.6428896188735962, 0.0724572241306305]
[step 0150/150] method=ours loss=0.6061 train_acc=0.7189 train_loss=0.6263 val_acc=0.6643 val_loss=0.6448 router_H=0.6575 best=0.6643
           router_load=[0.0, 0.3725471794605255, 0.6274528503417969, 0.0]
saved summary -> /home/zhujjing/MOE-grad-conflict-routing/runs/paper_suite/single_gpu/single_task/roberta_rte_ffn_e4_k2/hpo/ours/trial_runs/coord_03_train_grad_clip_020/ours_s3.json
saved curve -> /home/zhujjing/MOE-grad-conflict-routing/runs/paper_suite/single_gpu/single_task/roberta_rte_ffn_e4_k2/hpo/ours/trial_runs/coord_03_train_grad_clip_020/ours_s3_curve.csv
