[run] method=ours candidate=coord_03_train_grad_clip_004 seed=3 steps=150 gpu=0
[run] cmd=
/home/zhujjing/anaconda3/envs/moe/bin/python /home/zhujjing/MOE-grad-conflict-routing/scripts/run.py --config configs/singletask_rte_real.yaml --set model.backbone_backend=hf --set model.hf_load_pretrained=true --set model.backbone=roberta --set model.hf_pretrained_name=roberta-base --set model.expert_type=ffn --set model.routing_mode=topk --set model.num_experts=4 --set model.top_k=2 --set seed=3 --set method.name=ours --set train.steps=150 --set train.eval_every_steps=50 --set method.ours.use_load_norm=true --set method.ours.lambda_align=0.001 --set train.grad_clip=0.8112607949 --set train.lr=3.356481249e-05 --set train.weight_decay=0.04322128284 --out /home/zhujjing/MOE-grad-conflict-routing/runs/paper_suite/single_gpu/single_task/roberta_rte_ffn_e4_k2/hpo/ours/trial_runs/coord_03_train_grad_clip_004/ours_s3.json --curve_out /home/zhujjing/MOE-grad-conflict-routing/runs/paper_suite/single_gpu/single_task/roberta_rte_ffn_e4_k2/hpo/ours/trial_runs/coord_03_train_grad_clip_004/ours_s3_curve.csv
Using the latest cached version of the dataset since glue couldn't be found on the Hugging Face Hub (offline mode is enabled).
Found the latest cached dataset configuration 'rte' at /home/zhujjing/hf_cache/datasets/glue/rte/0.0.0/bcdcba79d07bc864c1c254ccfcedcce55bcc9a8c (last modified on Thu Mar 19 15:00:36 2026).
/home/zhujjing/anaconda3/envs/moe/lib/python3.10/site-packages/transformers/utils/hub.py:124: FutureWarning: Using `TRANSFORMERS_CACHE` is deprecated and will be removed in v5 of Transformers. Use `HF_HOME` instead.
  warnings.warn(
Some weights of RobertaModel were not initialized from the model checkpoint at roberta-base and are newly initialized: ['roberta.pooler.dense.bias', 'roberta.pooler.dense.weight']
You should probably TRAIN this model on a down-stream task to be able to use it for predictions and inference.
[step 0001/150] method=ours loss=0.6930 train_acc=nan train_loss=nan val_acc=nan val_loss=nan best=-1.0000
[step 0010/150] method=ours loss=0.7058 train_acc=nan train_loss=nan val_acc=nan val_loss=nan best=-1.0000
[step 0020/150] method=ours loss=0.6925 train_acc=nan train_loss=nan val_acc=nan val_loss=nan best=-1.0000
[step 0030/150] method=ours loss=0.6769 train_acc=nan train_loss=nan val_acc=nan val_loss=nan best=-1.0000
[step 0040/150] method=ours loss=0.6848 train_acc=nan train_loss=nan val_acc=nan val_loss=nan best=-1.0000
[step 0050/150] method=ours loss=0.7016 train_acc=0.6056 train_loss=0.6540 val_acc=0.5740 val_loss=0.6725 router_H=0.6671 best=0.5740
           router_load=[0.2146422564983368, 0.0, 0.2584172189235687, 0.5269405245780945]
[step 0060/150] method=ours loss=0.6110 train_acc=0.6056 train_loss=0.6540 val_acc=0.5740 val_loss=0.6725 router_H=0.6671 best=0.5740
           router_load=[0.2146422564983368, 0.0, 0.2584172189235687, 0.5269405245780945]
[step 0070/150] method=ours loss=0.7221 train_acc=0.6056 train_loss=0.6540 val_acc=0.5740 val_loss=0.6725 router_H=0.6671 best=0.5740
           router_load=[0.2146422564983368, 0.0, 0.2584172189235687, 0.5269405245780945]
[step 0080/150] method=ours loss=0.5815 train_acc=0.6056 train_loss=0.6540 val_acc=0.5740 val_loss=0.6725 router_H=0.6671 best=0.5740
           router_load=[0.2146422564983368, 0.0, 0.2584172189235687, 0.5269405245780945]
[step 0090/150] method=ours loss=0.6549 train_acc=0.6056 train_loss=0.6540 val_acc=0.5740 val_loss=0.6725 router_H=0.6671 best=0.5740
           router_load=[0.2146422564983368, 0.0, 0.2584172189235687, 0.5269405245780945]
[step 0100/150] method=ours loss=0.5890 train_acc=0.7084 train_loss=0.6063 val_acc=0.6498 val_loss=0.6319 router_H=0.6818 best=0.6498
           router_load=[0.5137934684753418, 0.0, 0.0, 0.4862065613269806]
[step 0110/150] method=ours loss=0.5939 train_acc=0.7084 train_loss=0.6063 val_acc=0.6498 val_loss=0.6319 router_H=0.6818 best=0.6498
           router_load=[0.5137934684753418, 0.0, 0.0, 0.4862065613269806]
[step 0120/150] method=ours loss=0.6999 train_acc=0.7084 train_loss=0.6063 val_acc=0.6498 val_loss=0.6319 router_H=0.6818 best=0.6498
           router_load=[0.5137934684753418, 0.0, 0.0, 0.4862065613269806]
[step 0130/150] method=ours loss=0.6169 train_acc=0.7084 train_loss=0.6063 val_acc=0.6498 val_loss=0.6319 router_H=0.6818 best=0.6498
           router_load=[0.5137934684753418, 0.0, 0.0, 0.4862065613269806]
[step 0140/150] method=ours loss=0.6977 train_acc=0.7084 train_loss=0.6063 val_acc=0.6498 val_loss=0.6319 router_H=0.6818 best=0.6498
           router_load=[0.5137934684753418, 0.0, 0.0, 0.4862065613269806]
[step 0150/150] method=ours loss=0.5483 train_acc=0.7707 train_loss=0.4989 val_acc=0.6751 val_loss=0.6059 router_H=0.6530 best=0.6751
           router_load=[0.4896538257598877, 0.0, 0.0, 0.5103461742401123]
saved summary -> /home/zhujjing/MOE-grad-conflict-routing/runs/paper_suite/single_gpu/single_task/roberta_rte_ffn_e4_k2/hpo/ours/trial_runs/coord_03_train_grad_clip_004/ours_s3.json
saved curve -> /home/zhujjing/MOE-grad-conflict-routing/runs/paper_suite/single_gpu/single_task/roberta_rte_ffn_e4_k2/hpo/ours/trial_runs/coord_03_train_grad_clip_004/ours_s3_curve.csv
