[run] method=ours candidate=coord_03_train_grad_clip_000 seed=2 steps=150 gpu=0
[run] cmd=
/home/zhujjing/anaconda3/envs/moe/bin/python /home/zhujjing/MOE-grad-conflict-routing/scripts/run.py --config configs/singletask_rte_real.yaml --set model.backbone_backend=hf --set model.hf_load_pretrained=true --set model.backbone=roberta --set model.hf_pretrained_name=roberta-base --set model.expert_type=ffn --set model.routing_mode=topk --set model.num_experts=4 --set model.top_k=2 --set seed=2 --set method.name=ours --set train.steps=150 --set train.eval_every_steps=50 --set method.ours.use_load_norm=true --set method.ours.lambda_align=0.001 --set train.grad_clip=1.516011677 --set train.lr=3.356481249e-05 --set train.weight_decay=0.04322128284 --out /home/zhujjing/MOE-grad-conflict-routing/runs/paper_suite/single_gpu/single_task/roberta_rte_ffn_e4_k2/hpo/ours/trial_runs/coord_03_train_grad_clip_000/ours_s2.json --curve_out /home/zhujjing/MOE-grad-conflict-routing/runs/paper_suite/single_gpu/single_task/roberta_rte_ffn_e4_k2/hpo/ours/trial_runs/coord_03_train_grad_clip_000/ours_s2_curve.csv
Using the latest cached version of the dataset since glue couldn't be found on the Hugging Face Hub (offline mode is enabled).
Found the latest cached dataset configuration 'rte' at /home/zhujjing/hf_cache/datasets/glue/rte/0.0.0/bcdcba79d07bc864c1c254ccfcedcce55bcc9a8c (last modified on Thu Mar 19 15:00:36 2026).
/home/zhujjing/anaconda3/envs/moe/lib/python3.10/site-packages/transformers/utils/hub.py:124: FutureWarning: Using `TRANSFORMERS_CACHE` is deprecated and will be removed in v5 of Transformers. Use `HF_HOME` instead.
  warnings.warn(
Some weights of RobertaModel were not initialized from the model checkpoint at roberta-base and are newly initialized: ['roberta.pooler.dense.bias', 'roberta.pooler.dense.weight']
You should probably TRAIN this model on a down-stream task to be able to use it for predictions and inference.
[step 0001/150] method=ours loss=0.6922 train_acc=nan train_loss=nan val_acc=nan val_loss=nan best=-1.0000
[step 0010/150] method=ours loss=0.8047 train_acc=nan train_loss=nan val_acc=nan val_loss=nan best=-1.0000
[step 0020/150] method=ours loss=0.6931 train_acc=nan train_loss=nan val_acc=nan val_loss=nan best=-1.0000
[step 0030/150] method=ours loss=0.7197 train_acc=nan train_loss=nan val_acc=nan val_loss=nan best=-1.0000
[step 0040/150] method=ours loss=0.7029 train_acc=nan train_loss=nan val_acc=nan val_loss=nan best=-1.0000
[step 0050/150] method=ours loss=0.6434 train_acc=0.5016 train_loss=0.6968 val_acc=0.5271 val_loss=0.6887 router_H=0.6902 best=0.5271
           router_load=[0.5374204516410828, 0.061090558767318726, 0.0, 0.4014889895915985]
[step 0060/150] method=ours loss=0.6934 train_acc=0.5016 train_loss=0.6968 val_acc=0.5271 val_loss=0.6887 router_H=0.6902 best=0.5271
           router_load=[0.5374204516410828, 0.061090558767318726, 0.0, 0.4014889895915985]
[step 0070/150] method=ours loss=0.6879 train_acc=0.5016 train_loss=0.6968 val_acc=0.5271 val_loss=0.6887 router_H=0.6902 best=0.5271
           router_load=[0.5374204516410828, 0.061090558767318726, 0.0, 0.4014889895915985]
[step 0080/150] method=ours loss=0.7370 train_acc=0.5016 train_loss=0.6968 val_acc=0.5271 val_loss=0.6887 router_H=0.6902 best=0.5271
           router_load=[0.5374204516410828, 0.061090558767318726, 0.0, 0.4014889895915985]
[step 0090/150] method=ours loss=0.7225 train_acc=0.5016 train_loss=0.6968 val_acc=0.5271 val_loss=0.6887 router_H=0.6902 best=0.5271
           router_load=[0.5374204516410828, 0.061090558767318726, 0.0, 0.4014889895915985]
[step 0100/150] method=ours loss=0.6944 train_acc=0.6120 train_loss=0.6862 val_acc=0.5632 val_loss=0.6882 router_H=0.6870 best=0.5632
           router_load=[0.554077684879303, 0.0, 0.0, 0.44592228531837463]
[step 0110/150] method=ours loss=0.6760 train_acc=0.6120 train_loss=0.6862 val_acc=0.5632 val_loss=0.6882 router_H=0.6870 best=0.5632
           router_load=[0.554077684879303, 0.0, 0.0, 0.44592228531837463]
[step 0120/150] method=ours loss=0.7090 train_acc=0.6120 train_loss=0.6862 val_acc=0.5632 val_loss=0.6882 router_H=0.6870 best=0.5632
           router_load=[0.554077684879303, 0.0, 0.0, 0.44592228531837463]
[step 0130/150] method=ours loss=0.6816 train_acc=0.6120 train_loss=0.6862 val_acc=0.5632 val_loss=0.6882 router_H=0.6870 best=0.5632
           router_load=[0.554077684879303, 0.0, 0.0, 0.44592228531837463]
[step 0140/150] method=ours loss=0.6652 train_acc=0.6120 train_loss=0.6862 val_acc=0.5632 val_loss=0.6882 router_H=0.6870 best=0.5632
           router_load=[0.554077684879303, 0.0, 0.0, 0.44592228531837463]
[step 0150/150] method=ours loss=0.6704 train_acc=0.5827 train_loss=0.6916 val_acc=0.5379 val_loss=0.6905 router_H=0.6877 best=0.5632
           router_load=[0.5514214634895325, 0.12754136323928833, 0.0, 0.32103729248046875]
saved summary -> /home/zhujjing/MOE-grad-conflict-routing/runs/paper_suite/single_gpu/single_task/roberta_rte_ffn_e4_k2/hpo/ours/trial_runs/coord_03_train_grad_clip_000/ours_s2.json
saved curve -> /home/zhujjing/MOE-grad-conflict-routing/runs/paper_suite/single_gpu/single_task/roberta_rte_ffn_e4_k2/hpo/ours/trial_runs/coord_03_train_grad_clip_000/ours_s2_curve.csv
