[run] method=ours candidate=coord_03_anchor seed=3 steps=150 gpu=0
[run] cmd=
/home/zhujjing/anaconda3/envs/moe/bin/python /home/zhujjing/MOE-grad-conflict-routing/scripts/run.py --config configs/singletask_rte_real.yaml --set model.backbone_backend=hf --set model.hf_load_pretrained=true --set model.backbone=roberta --set model.hf_pretrained_name=roberta-base --set model.expert_type=ffn --set model.routing_mode=topk --set model.num_experts=4 --set model.top_k=2 --set seed=3 --set method.name=ours --set train.steps=150 --set train.eval_every_steps=50 --set method.ours.use_load_norm=true --set method.ours.lambda_align=0.001 --set train.grad_clip=1 --set train.lr=3.356481249e-05 --set train.weight_decay=0.04322128284 --out /home/zhujjing/MOE-grad-conflict-routing/runs/paper_suite/single_gpu/single_task/roberta_rte_ffn_e4_k2/hpo/ours/trial_runs/coord_03_anchor/ours_s3.json --curve_out /home/zhujjing/MOE-grad-conflict-routing/runs/paper_suite/single_gpu/single_task/roberta_rte_ffn_e4_k2/hpo/ours/trial_runs/coord_03_anchor/ours_s3_curve.csv
Using the latest cached version of the dataset since glue couldn't be found on the Hugging Face Hub (offline mode is enabled).
Found the latest cached dataset configuration 'rte' at /home/zhujjing/hf_cache/datasets/glue/rte/0.0.0/bcdcba79d07bc864c1c254ccfcedcce55bcc9a8c (last modified on Thu Mar 19 15:00:36 2026).
/home/zhujjing/anaconda3/envs/moe/lib/python3.10/site-packages/transformers/utils/hub.py:124: FutureWarning: Using `TRANSFORMERS_CACHE` is deprecated and will be removed in v5 of Transformers. Use `HF_HOME` instead.
  warnings.warn(
Some weights of RobertaModel were not initialized from the model checkpoint at roberta-base and are newly initialized: ['roberta.pooler.dense.bias', 'roberta.pooler.dense.weight']
You should probably TRAIN this model on a down-stream task to be able to use it for predictions and inference.
[step 0001/150] method=ours loss=0.7027 train_acc=nan train_loss=nan val_acc=nan val_loss=nan best=-1.0000
[step 0010/150] method=ours loss=0.6979 train_acc=nan train_loss=nan val_acc=nan val_loss=nan best=-1.0000
[step 0020/150] method=ours loss=0.6932 train_acc=nan train_loss=nan val_acc=nan val_loss=nan best=-1.0000
[step 0030/150] method=ours loss=0.6745 train_acc=nan train_loss=nan val_acc=nan val_loss=nan best=-1.0000
[step 0040/150] method=ours loss=0.6431 train_acc=nan train_loss=nan val_acc=nan val_loss=nan best=-1.0000
[step 0050/150] method=ours loss=0.6522 train_acc=0.6490 train_loss=0.6288 val_acc=0.6282 val_loss=0.6565 router_H=0.6351 best=0.6282
           router_load=[0.0, 0.08945382386445999, 0.2531454563140869, 0.6574007272720337]
[step 0060/150] method=ours loss=0.6701 train_acc=0.6490 train_loss=0.6288 val_acc=0.6282 val_loss=0.6565 router_H=0.6351 best=0.6282
           router_load=[0.0, 0.08945382386445999, 0.2531454563140869, 0.6574007272720337]
[step 0070/150] method=ours loss=0.6756 train_acc=0.6490 train_loss=0.6288 val_acc=0.6282 val_loss=0.6565 router_H=0.6351 best=0.6282
           router_load=[0.0, 0.08945382386445999, 0.2531454563140869, 0.6574007272720337]
[step 0080/150] method=ours loss=0.6465 train_acc=0.6490 train_loss=0.6288 val_acc=0.6282 val_loss=0.6565 router_H=0.6351 best=0.6282
           router_load=[0.0, 0.08945382386445999, 0.2531454563140869, 0.6574007272720337]
[step 0090/150] method=ours loss=0.6662 train_acc=0.6490 train_loss=0.6288 val_acc=0.6282 val_loss=0.6565 router_H=0.6351 best=0.6282
           router_load=[0.0, 0.08945382386445999, 0.2531454563140869, 0.6574007272720337]
[step 0100/150] method=ours loss=0.5901 train_acc=0.6691 train_loss=0.6097 val_acc=0.6498 val_loss=0.6264 router_H=0.6767 best=0.6498
           router_load=[0.0, 0.01370286289602518, 0.39990881085395813, 0.5863884091377258]
[step 0110/150] method=ours loss=0.6018 train_acc=0.6691 train_loss=0.6097 val_acc=0.6498 val_loss=0.6264 router_H=0.6767 best=0.6498
           router_load=[0.0, 0.01370286289602518, 0.39990881085395813, 0.5863884091377258]
[step 0120/150] method=ours loss=0.7147 train_acc=0.6691 train_loss=0.6097 val_acc=0.6498 val_loss=0.6264 router_H=0.6767 best=0.6498
           router_load=[0.0, 0.01370286289602518, 0.39990881085395813, 0.5863884091377258]
[step 0130/150] method=ours loss=0.5872 train_acc=0.6691 train_loss=0.6097 val_acc=0.6498 val_loss=0.6264 router_H=0.6767 best=0.6498
           router_load=[0.0, 0.01370286289602518, 0.39990881085395813, 0.5863884091377258]
[step 0140/150] method=ours loss=0.6022 train_acc=0.6691 train_loss=0.6097 val_acc=0.6498 val_loss=0.6264 router_H=0.6767 best=0.6498
           router_load=[0.0, 0.01370286289602518, 0.39990881085395813, 0.5863884091377258]
[step 0150/150] method=ours loss=0.6228 train_acc=0.7618 train_loss=0.5440 val_acc=0.7112 val_loss=0.5862 router_H=0.6901 best=0.7112
           router_load=[0.0, 0.0, 0.46784719824790955, 0.5321528911590576]
saved summary -> /home/zhujjing/MOE-grad-conflict-routing/runs/paper_suite/single_gpu/single_task/roberta_rte_ffn_e4_k2/hpo/ours/trial_runs/coord_03_anchor/ours_s3.json
saved curve -> /home/zhujjing/MOE-grad-conflict-routing/runs/paper_suite/single_gpu/single_task/roberta_rte_ffn_e4_k2/hpo/ours/trial_runs/coord_03_anchor/ours_s3_curve.csv
