[run] method=ours candidate=coord_03_train_grad_clip_017 seed=3 steps=150 gpu=0
[run] cmd=
/home/zhujjing/anaconda3/envs/moe/bin/python /home/zhujjing/MOE-grad-conflict-routing/scripts/run.py --config configs/singletask_rte_real.yaml --set model.backbone_backend=hf --set model.hf_load_pretrained=true --set model.backbone=roberta --set model.hf_pretrained_name=roberta-base --set model.expert_type=ffn --set model.routing_mode=topk --set model.num_experts=4 --set model.top_k=2 --set seed=3 --set method.name=ours --set train.steps=150 --set train.eval_every_steps=50 --set method.ours.use_load_norm=true --set method.ours.lambda_align=0.001 --set train.grad_clip=0.8874671569 --set train.lr=3.356481249e-05 --set train.weight_decay=0.04322128284 --out /home/zhujjing/MOE-grad-conflict-routing/runs/paper_suite/single_gpu/single_task/roberta_rte_ffn_e4_k2/hpo/ours/trial_runs/coord_03_train_grad_clip_017/ours_s3.json --curve_out /home/zhujjing/MOE-grad-conflict-routing/runs/paper_suite/single_gpu/single_task/roberta_rte_ffn_e4_k2/hpo/ours/trial_runs/coord_03_train_grad_clip_017/ours_s3_curve.csv
Using the latest cached version of the dataset since glue couldn't be found on the Hugging Face Hub (offline mode is enabled).
Found the latest cached dataset configuration 'rte' at /home/zhujjing/hf_cache/datasets/glue/rte/0.0.0/bcdcba79d07bc864c1c254ccfcedcce55bcc9a8c (last modified on Thu Mar 19 15:00:36 2026).
/home/zhujjing/anaconda3/envs/moe/lib/python3.10/site-packages/transformers/utils/hub.py:124: FutureWarning: Using `TRANSFORMERS_CACHE` is deprecated and will be removed in v5 of Transformers. Use `HF_HOME` instead.
  warnings.warn(
Some weights of RobertaModel were not initialized from the model checkpoint at roberta-base and are newly initialized: ['roberta.pooler.dense.bias', 'roberta.pooler.dense.weight']
You should probably TRAIN this model on a down-stream task to be able to use it for predictions and inference.
[step 0001/150] method=ours loss=0.6917 train_acc=nan train_loss=nan val_acc=nan val_loss=nan best=-1.0000
[step 0010/150] method=ours loss=0.6755 train_acc=nan train_loss=nan val_acc=nan val_loss=nan best=-1.0000
[step 0020/150] method=ours loss=0.6879 train_acc=nan train_loss=nan val_acc=nan val_loss=nan best=-1.0000
[step 0030/150] method=ours loss=0.6854 train_acc=nan train_loss=nan val_acc=nan val_loss=nan best=-1.0000
[step 0040/150] method=ours loss=0.6690 train_acc=nan train_loss=nan val_acc=nan val_loss=nan best=-1.0000
[step 0050/150] method=ours loss=0.6782 train_acc=0.5510 train_loss=0.6832 val_acc=0.5018 val_loss=0.6944 router_H=0.6870 best=0.5018
           router_load=[0.4547635316848755, 0.5452364087104797, 0.0, 0.0]
[step 0060/150] method=ours loss=0.6274 train_acc=0.5510 train_loss=0.6832 val_acc=0.5018 val_loss=0.6944 router_H=0.6870 best=0.5018
           router_load=[0.4547635316848755, 0.5452364087104797, 0.0, 0.0]
[step 0070/150] method=ours loss=0.6938 train_acc=0.5510 train_loss=0.6832 val_acc=0.5018 val_loss=0.6944 router_H=0.6870 best=0.5018
           router_load=[0.4547635316848755, 0.5452364087104797, 0.0, 0.0]
[step 0080/150] method=ours loss=0.7557 train_acc=0.5510 train_loss=0.6832 val_acc=0.5018 val_loss=0.6944 router_H=0.6870 best=0.5018
           router_load=[0.4547635316848755, 0.5452364087104797, 0.0, 0.0]
[step 0090/150] method=ours loss=0.6176 train_acc=0.5510 train_loss=0.6832 val_acc=0.5018 val_loss=0.6944 router_H=0.6870 best=0.5018
           router_load=[0.4547635316848755, 0.5452364087104797, 0.0, 0.0]
[step 0100/150] method=ours loss=0.7575 train_acc=0.6787 train_loss=0.6062 val_acc=0.5993 val_loss=0.6452 router_H=0.6554 best=0.5993
           router_load=[0.39646461606025696, 0.6016638875007629, 0.001871446380391717, 0.0]
[step 0110/150] method=ours loss=0.6918 train_acc=0.6787 train_loss=0.6062 val_acc=0.5993 val_loss=0.6452 router_H=0.6554 best=0.5993
           router_load=[0.39646461606025696, 0.6016638875007629, 0.001871446380391717, 0.0]
[step 0120/150] method=ours loss=0.6391 train_acc=0.6787 train_loss=0.6062 val_acc=0.5993 val_loss=0.6452 router_H=0.6554 best=0.5993
           router_load=[0.39646461606025696, 0.6016638875007629, 0.001871446380391717, 0.0]
[step 0130/150] method=ours loss=0.7566 train_acc=0.6787 train_loss=0.6062 val_acc=0.5993 val_loss=0.6452 router_H=0.6554 best=0.5993
           router_load=[0.39646461606025696, 0.6016638875007629, 0.001871446380391717, 0.0]
[step 0140/150] method=ours loss=0.6515 train_acc=0.6787 train_loss=0.6062 val_acc=0.5993 val_loss=0.6452 router_H=0.6554 best=0.5993
           router_load=[0.39646461606025696, 0.6016638875007629, 0.001871446380391717, 0.0]
[step 0150/150] method=ours loss=0.5871 train_acc=0.7739 train_loss=0.5503 val_acc=0.6895 val_loss=0.6182 router_H=0.6620 best=0.6895
           router_load=[0.40468668937683105, 0.5922228693962097, 0.003090494079515338, 0.0]
saved summary -> /home/zhujjing/MOE-grad-conflict-routing/runs/paper_suite/single_gpu/single_task/roberta_rte_ffn_e4_k2/hpo/ours/trial_runs/coord_03_train_grad_clip_017/ours_s3.json
saved curve -> /home/zhujjing/MOE-grad-conflict-routing/runs/paper_suite/single_gpu/single_task/roberta_rte_ffn_e4_k2/hpo/ours/trial_runs/coord_03_train_grad_clip_017/ours_s3_curve.csv
