[run] method=ours candidate=coord_03_train_grad_clip_014 seed=3 steps=150 gpu=0
[run] cmd=
/home/zhujjing/anaconda3/envs/moe/bin/python /home/zhujjing/MOE-grad-conflict-routing/scripts/run.py --config configs/singletask_rte_real.yaml --set model.backbone_backend=hf --set model.hf_load_pretrained=true --set model.backbone=roberta --set model.hf_pretrained_name=roberta-base --set model.expert_type=ffn --set model.routing_mode=topk --set model.num_experts=4 --set model.top_k=2 --set seed=3 --set method.name=ours --set train.steps=150 --set train.eval_every_steps=50 --set method.ours.use_load_norm=true --set method.ours.lambda_align=0.001 --set train.grad_clip=0.8160969585 --set train.lr=3.356481249e-05 --set train.weight_decay=0.04322128284 --out /home/zhujjing/MOE-grad-conflict-routing/runs/paper_suite/single_gpu/single_task/roberta_rte_ffn_e4_k2/hpo/ours/trial_runs/coord_03_train_grad_clip_014/ours_s3.json --curve_out /home/zhujjing/MOE-grad-conflict-routing/runs/paper_suite/single_gpu/single_task/roberta_rte_ffn_e4_k2/hpo/ours/trial_runs/coord_03_train_grad_clip_014/ours_s3_curve.csv
Using the latest cached version of the dataset since glue couldn't be found on the Hugging Face Hub (offline mode is enabled).
Found the latest cached dataset configuration 'rte' at /home/zhujjing/hf_cache/datasets/glue/rte/0.0.0/bcdcba79d07bc864c1c254ccfcedcce55bcc9a8c (last modified on Thu Mar 19 15:00:36 2026).
/home/zhujjing/anaconda3/envs/moe/lib/python3.10/site-packages/transformers/utils/hub.py:124: FutureWarning: Using `TRANSFORMERS_CACHE` is deprecated and will be removed in v5 of Transformers. Use `HF_HOME` instead.
  warnings.warn(
Some weights of RobertaModel were not initialized from the model checkpoint at roberta-base and are newly initialized: ['roberta.pooler.dense.bias', 'roberta.pooler.dense.weight']
You should probably TRAIN this model on a down-stream task to be able to use it for predictions and inference.
[step 0001/150] method=ours loss=0.6968 train_acc=nan train_loss=nan val_acc=nan val_loss=nan best=-1.0000
[step 0010/150] method=ours loss=0.7075 train_acc=nan train_loss=nan val_acc=nan val_loss=nan best=-1.0000
[step 0020/150] method=ours loss=0.7068 train_acc=nan train_loss=nan val_acc=nan val_loss=nan best=-1.0000
[step 0030/150] method=ours loss=0.6787 train_acc=nan train_loss=nan val_acc=nan val_loss=nan best=-1.0000
[step 0040/150] method=ours loss=0.7058 train_acc=nan train_loss=nan val_acc=nan val_loss=nan best=-1.0000
[step 0050/150] method=ours loss=0.6560 train_acc=0.6076 train_loss=0.6597 val_acc=0.5632 val_loss=0.6928 router_H=0.6917 best=0.5632
           router_load=[0.00173050700686872, 0.030838454142212868, 0.4648888111114502, 0.50254225730896]
[step 0060/150] method=ours loss=0.6358 train_acc=0.6076 train_loss=0.6597 val_acc=0.5632 val_loss=0.6928 router_H=0.6917 best=0.5632
           router_load=[0.00173050700686872, 0.030838454142212868, 0.4648888111114502, 0.50254225730896]
[step 0070/150] method=ours loss=0.7412 train_acc=0.6076 train_loss=0.6597 val_acc=0.5632 val_loss=0.6928 router_H=0.6917 best=0.5632
           router_load=[0.00173050700686872, 0.030838454142212868, 0.4648888111114502, 0.50254225730896]
[step 0080/150] method=ours loss=0.6243 train_acc=0.6076 train_loss=0.6597 val_acc=0.5632 val_loss=0.6928 router_H=0.6917 best=0.5632
           router_load=[0.00173050700686872, 0.030838454142212868, 0.4648888111114502, 0.50254225730896]
[step 0090/150] method=ours loss=0.6133 train_acc=0.6076 train_loss=0.6597 val_acc=0.5632 val_loss=0.6928 router_H=0.6917 best=0.5632
           router_load=[0.00173050700686872, 0.030838454142212868, 0.4648888111114502, 0.50254225730896]
[step 0100/150] method=ours loss=0.7810 train_acc=0.6297 train_loss=0.6375 val_acc=0.5957 val_loss=0.6607 router_H=0.6763 best=0.5957
           router_load=[0.0, 0.0009010612848214805, 0.5276962518692017, 0.4714026153087616]
[step 0110/150] method=ours loss=0.6061 train_acc=0.6297 train_loss=0.6375 val_acc=0.5957 val_loss=0.6607 router_H=0.6763 best=0.5957
           router_load=[0.0, 0.0009010612848214805, 0.5276962518692017, 0.4714026153087616]
[step 0120/150] method=ours loss=0.6518 train_acc=0.6297 train_loss=0.6375 val_acc=0.5957 val_loss=0.6607 router_H=0.6763 best=0.5957
           router_load=[0.0, 0.0009010612848214805, 0.5276962518692017, 0.4714026153087616]
[step 0130/150] method=ours loss=0.6535 train_acc=0.6297 train_loss=0.6375 val_acc=0.5957 val_loss=0.6607 router_H=0.6763 best=0.5957
           router_load=[0.0, 0.0009010612848214805, 0.5276962518692017, 0.4714026153087616]
[step 0140/150] method=ours loss=0.6781 train_acc=0.6297 train_loss=0.6375 val_acc=0.5957 val_loss=0.6607 router_H=0.6763 best=0.5957
           router_load=[0.0, 0.0009010612848214805, 0.5276962518692017, 0.4714026153087616]
[step 0150/150] method=ours loss=0.6883 train_acc=0.6888 train_loss=0.6552 val_acc=0.5993 val_loss=0.6755 router_H=0.6868 best=0.5993
           router_load=[0.0, 0.0, 0.4776453375816345, 0.5223547220230103]
saved summary -> /home/zhujjing/MOE-grad-conflict-routing/runs/paper_suite/single_gpu/single_task/roberta_rte_ffn_e4_k2/hpo/ours/trial_runs/coord_03_train_grad_clip_014/ours_s3.json
saved curve -> /home/zhujjing/MOE-grad-conflict-routing/runs/paper_suite/single_gpu/single_task/roberta_rte_ffn_e4_k2/hpo/ours/trial_runs/coord_03_train_grad_clip_014/ours_s3_curve.csv
