[run] method=ours candidate=coord_02_train_weight_decay_010 seed=3 steps=150 gpu=0
[run] cmd=
/home/zhujjing/anaconda3/envs/moe/bin/python /home/zhujjing/MOE-grad-conflict-routing/scripts/run.py --config configs/singletask_rte_real.yaml --set model.backbone_backend=hf --set model.hf_load_pretrained=true --set model.backbone=roberta --set model.hf_pretrained_name=roberta-base --set model.expert_type=ffn --set model.routing_mode=topk --set model.num_experts=4 --set model.top_k=2 --set seed=3 --set method.name=ours --set train.steps=150 --set train.eval_every_steps=50 --set method.ours.use_load_norm=true --set method.ours.lambda_align=0.001 --set train.grad_clip=1 --set train.lr=3.356481249e-05 --set train.weight_decay=0.01569929632 --out /home/zhujjing/MOE-grad-conflict-routing/runs/paper_suite/single_gpu/single_task/roberta_rte_ffn_e4_k2/hpo/ours/trial_runs/coord_02_train_weight_decay_010/ours_s3.json --curve_out /home/zhujjing/MOE-grad-conflict-routing/runs/paper_suite/single_gpu/single_task/roberta_rte_ffn_e4_k2/hpo/ours/trial_runs/coord_02_train_weight_decay_010/ours_s3_curve.csv
Using the latest cached version of the dataset since glue couldn't be found on the Hugging Face Hub (offline mode is enabled).
Found the latest cached dataset configuration 'rte' at /home/zhujjing/hf_cache/datasets/glue/rte/0.0.0/bcdcba79d07bc864c1c254ccfcedcce55bcc9a8c (last modified on Thu Mar 19 15:00:36 2026).
/home/zhujjing/anaconda3/envs/moe/lib/python3.10/site-packages/transformers/utils/hub.py:124: FutureWarning: Using `TRANSFORMERS_CACHE` is deprecated and will be removed in v5 of Transformers. Use `HF_HOME` instead.
  warnings.warn(
Some weights of RobertaModel were not initialized from the model checkpoint at roberta-base and are newly initialized: ['roberta.pooler.dense.bias', 'roberta.pooler.dense.weight']
You should probably TRAIN this model on a down-stream task to be able to use it for predictions and inference.
[step 0001/150] method=ours loss=0.6977 train_acc=nan train_loss=nan val_acc=nan val_loss=nan best=-1.0000
[step 0010/150] method=ours loss=0.6994 train_acc=nan train_loss=nan val_acc=nan val_loss=nan best=-1.0000
[step 0020/150] method=ours loss=0.6851 train_acc=nan train_loss=nan val_acc=nan val_loss=nan best=-1.0000
[step 0030/150] method=ours loss=0.6880 train_acc=nan train_loss=nan val_acc=nan val_loss=nan best=-1.0000
[step 0040/150] method=ours loss=0.6626 train_acc=nan train_loss=nan val_acc=nan val_loss=nan best=-1.0000
[step 0050/150] method=ours loss=0.6384 train_acc=0.6076 train_loss=0.6670 val_acc=0.5921 val_loss=0.6928 router_H=0.6733 best=0.5921
           router_load=[0.06633953750133514, 0.19498540461063385, 0.42267143726348877, 0.3160036504268646]
[step 0060/150] method=ours loss=0.7045 train_acc=0.6076 train_loss=0.6670 val_acc=0.5921 val_loss=0.6928 router_H=0.6733 best=0.5921
           router_load=[0.06633953750133514, 0.19498540461063385, 0.42267143726348877, 0.3160036504268646]
[step 0070/150] method=ours loss=0.6989 train_acc=0.6076 train_loss=0.6670 val_acc=0.5921 val_loss=0.6928 router_H=0.6733 best=0.5921
           router_load=[0.06633953750133514, 0.19498540461063385, 0.42267143726348877, 0.3160036504268646]
[step 0080/150] method=ours loss=0.6544 train_acc=0.6076 train_loss=0.6670 val_acc=0.5921 val_loss=0.6928 router_H=0.6733 best=0.5921
           router_load=[0.06633953750133514, 0.19498540461063385, 0.42267143726348877, 0.3160036504268646]
[step 0090/150] method=ours loss=0.6901 train_acc=0.6076 train_loss=0.6670 val_acc=0.5921 val_loss=0.6928 router_H=0.6733 best=0.5921
           router_load=[0.06633953750133514, 0.19498540461063385, 0.42267143726348877, 0.3160036504268646]
[step 0100/150] method=ours loss=0.7112 train_acc=0.6141 train_loss=0.6531 val_acc=0.5812 val_loss=0.6610 router_H=0.6914 best=0.5921
           router_load=[0.33278003334999084, 0.219444140791893, 0.024760792031884193, 0.42301496863365173]
[step 0110/150] method=ours loss=0.7767 train_acc=0.6141 train_loss=0.6531 val_acc=0.5812 val_loss=0.6610 router_H=0.6914 best=0.5921
           router_load=[0.33278003334999084, 0.219444140791893, 0.024760792031884193, 0.42301496863365173]
[step 0120/150] method=ours loss=0.6635 train_acc=0.6141 train_loss=0.6531 val_acc=0.5812 val_loss=0.6610 router_H=0.6914 best=0.5921
           router_load=[0.33278003334999084, 0.219444140791893, 0.024760792031884193, 0.42301496863365173]
[step 0130/150] method=ours loss=0.6848 train_acc=0.6141 train_loss=0.6531 val_acc=0.5812 val_loss=0.6610 router_H=0.6914 best=0.5921
           router_load=[0.33278003334999084, 0.219444140791893, 0.024760792031884193, 0.42301496863365173]
[step 0140/150] method=ours loss=0.7392 train_acc=0.6141 train_loss=0.6531 val_acc=0.5812 val_loss=0.6610 router_H=0.6914 best=0.5921
           router_load=[0.33278003334999084, 0.219444140791893, 0.024760792031884193, 0.42301496863365173]
[step 0150/150] method=ours loss=0.6364 train_acc=0.6916 train_loss=0.6359 val_acc=0.6426 val_loss=0.6544 router_H=0.6886 best=0.6426
           router_load=[0.10101760923862457, 0.3108633756637573, 0.06826832890510559, 0.5198506712913513]
saved summary -> /home/zhujjing/MOE-grad-conflict-routing/runs/paper_suite/single_gpu/single_task/roberta_rte_ffn_e4_k2/hpo/ours/trial_runs/coord_02_train_weight_decay_010/ours_s3.json
saved curve -> /home/zhujjing/MOE-grad-conflict-routing/runs/paper_suite/single_gpu/single_task/roberta_rte_ffn_e4_k2/hpo/ours/trial_runs/coord_02_train_weight_decay_010/ours_s3_curve.csv
