[run] method=ours candidate=coord_02_train_weight_decay_006 seed=2 steps=150 gpu=0
[run] cmd=
/home/zhujjing/anaconda3/envs/moe/bin/python /home/zhujjing/MOE-grad-conflict-routing/scripts/run.py --config configs/singletask_rte_real.yaml --set model.backbone_backend=hf --set model.hf_load_pretrained=true --set model.backbone=roberta --set model.hf_pretrained_name=roberta-base --set model.expert_type=ffn --set model.routing_mode=topk --set model.num_experts=4 --set model.top_k=2 --set seed=2 --set method.name=ours --set train.steps=150 --set train.eval_every_steps=50 --set method.ours.use_load_norm=true --set method.ours.lambda_align=0.001 --set train.grad_clip=1 --set train.lr=3.356481249e-05 --set train.weight_decay=0.04811190453 --out /home/zhujjing/MOE-grad-conflict-routing/runs/paper_suite/single_gpu/single_task/roberta_rte_ffn_e4_k2/hpo/ours/trial_runs/coord_02_train_weight_decay_006/ours_s2.json --curve_out /home/zhujjing/MOE-grad-conflict-routing/runs/paper_suite/single_gpu/single_task/roberta_rte_ffn_e4_k2/hpo/ours/trial_runs/coord_02_train_weight_decay_006/ours_s2_curve.csv
Using the latest cached version of the dataset since glue couldn't be found on the Hugging Face Hub (offline mode is enabled).
Found the latest cached dataset configuration 'rte' at /home/zhujjing/hf_cache/datasets/glue/rte/0.0.0/bcdcba79d07bc864c1c254ccfcedcce55bcc9a8c (last modified on Thu Mar 19 15:00:36 2026).
/home/zhujjing/anaconda3/envs/moe/lib/python3.10/site-packages/transformers/utils/hub.py:124: FutureWarning: Using `TRANSFORMERS_CACHE` is deprecated and will be removed in v5 of Transformers. Use `HF_HOME` instead.
  warnings.warn(
Some weights of RobertaModel were not initialized from the model checkpoint at roberta-base and are newly initialized: ['roberta.pooler.dense.bias', 'roberta.pooler.dense.weight']
You should probably TRAIN this model on a down-stream task to be able to use it for predictions and inference.
[step 0001/150] method=ours loss=0.6876 train_acc=nan train_loss=nan val_acc=nan val_loss=nan best=-1.0000
[step 0010/150] method=ours loss=0.8155 train_acc=nan train_loss=nan val_acc=nan val_loss=nan best=-1.0000
[step 0020/150] method=ours loss=0.6835 train_acc=nan train_loss=nan val_acc=nan val_loss=nan best=-1.0000
[step 0030/150] method=ours loss=0.7025 train_acc=nan train_loss=nan val_acc=nan val_loss=nan best=-1.0000
[step 0040/150] method=ours loss=0.6786 train_acc=nan train_loss=nan val_acc=nan val_loss=nan best=-1.0000
[step 0050/150] method=ours loss=0.6334 train_acc=0.5016 train_loss=0.6856 val_acc=0.5271 val_loss=0.6783 router_H=0.6903 best=0.5271
           router_load=[0.001386656309477985, 0.49522635340690613, 0.5033869743347168, 0.0]
[step 0060/150] method=ours loss=0.6484 train_acc=0.5016 train_loss=0.6856 val_acc=0.5271 val_loss=0.6783 router_H=0.6903 best=0.5271
           router_load=[0.001386656309477985, 0.49522635340690613, 0.5033869743347168, 0.0]
[step 0070/150] method=ours loss=0.6835 train_acc=0.5016 train_loss=0.6856 val_acc=0.5271 val_loss=0.6783 router_H=0.6903 best=0.5271
           router_load=[0.001386656309477985, 0.49522635340690613, 0.5033869743347168, 0.0]
[step 0080/150] method=ours loss=0.6973 train_acc=0.5016 train_loss=0.6856 val_acc=0.5271 val_loss=0.6783 router_H=0.6903 best=0.5271
           router_load=[0.001386656309477985, 0.49522635340690613, 0.5033869743347168, 0.0]
[step 0090/150] method=ours loss=0.7093 train_acc=0.5016 train_loss=0.6856 val_acc=0.5271 val_loss=0.6783 router_H=0.6903 best=0.5271
           router_load=[0.001386656309477985, 0.49522635340690613, 0.5033869743347168, 0.0]
[step 0100/150] method=ours loss=0.6733 train_acc=0.6285 train_loss=0.6550 val_acc=0.5704 val_loss=0.6801 router_H=0.6623 best=0.5704
           router_load=[0.0011049866443499923, 0.614766538143158, 0.35423460602760315, 0.029893919825553894]
[step 0110/150] method=ours loss=0.6271 train_acc=0.6285 train_loss=0.6550 val_acc=0.5704 val_loss=0.6801 router_H=0.6623 best=0.5704
           router_load=[0.0011049866443499923, 0.614766538143158, 0.35423460602760315, 0.029893919825553894]
[step 0120/150] method=ours loss=0.6093 train_acc=0.6285 train_loss=0.6550 val_acc=0.5704 val_loss=0.6801 router_H=0.6623 best=0.5704
           router_load=[0.0011049866443499923, 0.614766538143158, 0.35423460602760315, 0.029893919825553894]
[step 0130/150] method=ours loss=0.6510 train_acc=0.6285 train_loss=0.6550 val_acc=0.5704 val_loss=0.6801 router_H=0.6623 best=0.5704
           router_load=[0.0011049866443499923, 0.614766538143158, 0.35423460602760315, 0.029893919825553894]
[step 0140/150] method=ours loss=0.7048 train_acc=0.6285 train_loss=0.6550 val_acc=0.5704 val_loss=0.6801 router_H=0.6623 best=0.5704
           router_load=[0.0011049866443499923, 0.614766538143158, 0.35423460602760315, 0.029893919825553894]
[step 0150/150] method=ours loss=0.6684 train_acc=0.6402 train_loss=0.6547 val_acc=0.6318 val_loss=0.6596 router_H=0.6804 best=0.6318
           router_load=[0.0, 0.4581003189086914, 0.44333741068840027, 0.09856220334768295]
saved summary -> /home/zhujjing/MOE-grad-conflict-routing/runs/paper_suite/single_gpu/single_task/roberta_rte_ffn_e4_k2/hpo/ours/trial_runs/coord_02_train_weight_decay_006/ours_s2.json
saved curve -> /home/zhujjing/MOE-grad-conflict-routing/runs/paper_suite/single_gpu/single_task/roberta_rte_ffn_e4_k2/hpo/ours/trial_runs/coord_02_train_weight_decay_006/ours_s2_curve.csv
