[run] method=ours candidate=coord_02_train_weight_decay_007 seed=2 steps=150 gpu=0
[run] cmd=
/home/zhujjing/anaconda3/envs/moe/bin/python /home/zhujjing/MOE-grad-conflict-routing/scripts/run.py --config configs/singletask_rte_real.yaml --set model.backbone_backend=hf --set model.hf_load_pretrained=true --set model.backbone=roberta --set model.hf_pretrained_name=roberta-base --set model.expert_type=ffn --set model.routing_mode=topk --set model.num_experts=4 --set model.top_k=2 --set seed=2 --set method.name=ours --set train.steps=150 --set train.eval_every_steps=50 --set method.ours.use_load_norm=true --set method.ours.lambda_align=0.001 --set train.grad_clip=1 --set train.lr=3.356481249e-05 --set train.weight_decay=0.001129385354 --out /home/zhujjing/MOE-grad-conflict-routing/runs/paper_suite/single_gpu/single_task/roberta_rte_ffn_e4_k2/hpo/ours/trial_runs/coord_02_train_weight_decay_007/ours_s2.json --curve_out /home/zhujjing/MOE-grad-conflict-routing/runs/paper_suite/single_gpu/single_task/roberta_rte_ffn_e4_k2/hpo/ours/trial_runs/coord_02_train_weight_decay_007/ours_s2_curve.csv
Using the latest cached version of the dataset since glue couldn't be found on the Hugging Face Hub (offline mode is enabled).
Found the latest cached dataset configuration 'rte' at /home/zhujjing/hf_cache/datasets/glue/rte/0.0.0/bcdcba79d07bc864c1c254ccfcedcce55bcc9a8c (last modified on Thu Mar 19 15:00:36 2026).
/home/zhujjing/anaconda3/envs/moe/lib/python3.10/site-packages/transformers/utils/hub.py:124: FutureWarning: Using `TRANSFORMERS_CACHE` is deprecated and will be removed in v5 of Transformers. Use `HF_HOME` instead.
  warnings.warn(
Some weights of RobertaModel were not initialized from the model checkpoint at roberta-base and are newly initialized: ['roberta.pooler.dense.bias', 'roberta.pooler.dense.weight']
You should probably TRAIN this model on a down-stream task to be able to use it for predictions and inference.
[step 0001/150] method=ours loss=0.6807 train_acc=nan train_loss=nan val_acc=nan val_loss=nan best=-1.0000
[step 0010/150] method=ours loss=0.9591 train_acc=nan train_loss=nan val_acc=nan val_loss=nan best=-1.0000
[step 0020/150] method=ours loss=0.7167 train_acc=nan train_loss=nan val_acc=nan val_loss=nan best=-1.0000
[step 0030/150] method=ours loss=0.7088 train_acc=nan train_loss=nan val_acc=nan val_loss=nan best=-1.0000
[step 0040/150] method=ours loss=0.6825 train_acc=nan train_loss=nan val_acc=nan val_loss=nan best=-1.0000
[step 0050/150] method=ours loss=0.6363 train_acc=0.5016 train_loss=0.6928 val_acc=0.5271 val_loss=0.6869 router_H=0.6914 best=0.5271
           router_load=[0.0, 0.5229350328445435, 0.0, 0.47706499695777893]
[step 0060/150] method=ours loss=0.6796 train_acc=0.5016 train_loss=0.6928 val_acc=0.5271 val_loss=0.6869 router_H=0.6914 best=0.5271
           router_load=[0.0, 0.5229350328445435, 0.0, 0.47706499695777893]
[step 0070/150] method=ours loss=0.6832 train_acc=0.5016 train_loss=0.6928 val_acc=0.5271 val_loss=0.6869 router_H=0.6914 best=0.5271
           router_load=[0.0, 0.5229350328445435, 0.0, 0.47706499695777893]
[step 0080/150] method=ours loss=0.7296 train_acc=0.5016 train_loss=0.6928 val_acc=0.5271 val_loss=0.6869 router_H=0.6914 best=0.5271
           router_load=[0.0, 0.5229350328445435, 0.0, 0.47706499695777893]
[step 0090/150] method=ours loss=0.8258 train_acc=0.5016 train_loss=0.6928 val_acc=0.5271 val_loss=0.6869 router_H=0.6914 best=0.5271
           router_load=[0.0, 0.5229350328445435, 0.0, 0.47706499695777893]
[step 0100/150] method=ours loss=0.6965 train_acc=0.5072 train_loss=0.6799 val_acc=0.4874 val_loss=0.6964 router_H=0.6881 best=0.5271
           router_load=[0.027595078572630882, 0.43927356600761414, 0.0, 0.5331313014030457]
[step 0110/150] method=ours loss=0.6719 train_acc=0.5072 train_loss=0.6799 val_acc=0.4874 val_loss=0.6964 router_H=0.6881 best=0.5271
           router_load=[0.027595078572630882, 0.43927356600761414, 0.0, 0.5331313014030457]
[step 0120/150] method=ours loss=0.6848 train_acc=0.5072 train_loss=0.6799 val_acc=0.4874 val_loss=0.6964 router_H=0.6881 best=0.5271
           router_load=[0.027595078572630882, 0.43927356600761414, 0.0, 0.5331313014030457]
[step 0130/150] method=ours loss=0.6869 train_acc=0.5072 train_loss=0.6799 val_acc=0.4874 val_loss=0.6964 router_H=0.6881 best=0.5271
           router_load=[0.027595078572630882, 0.43927356600761414, 0.0, 0.5331313014030457]
[step 0140/150] method=ours loss=0.7040 train_acc=0.5072 train_loss=0.6799 val_acc=0.4874 val_loss=0.6964 router_H=0.6881 best=0.5271
           router_load=[0.027595078572630882, 0.43927356600761414, 0.0, 0.5331313014030457]
[step 0150/150] method=ours loss=0.6964 train_acc=0.5020 train_loss=0.6936 val_acc=0.5271 val_loss=0.6911 router_H=0.6922 best=0.5271
           router_load=[0.5219317078590393, 0.0, 0.4780683219432831, 0.0]
saved summary -> /home/zhujjing/MOE-grad-conflict-routing/runs/paper_suite/single_gpu/single_task/roberta_rte_ffn_e4_k2/hpo/ours/trial_runs/coord_02_train_weight_decay_007/ours_s2.json
saved curve -> /home/zhujjing/MOE-grad-conflict-routing/runs/paper_suite/single_gpu/single_task/roberta_rte_ffn_e4_k2/hpo/ours/trial_runs/coord_02_train_weight_decay_007/ours_s2_curve.csv
