[run] method=ours candidate=coord_02_train_weight_decay_013 seed=2 steps=150 gpu=0
[run] cmd=
/home/zhujjing/anaconda3/envs/moe/bin/python /home/zhujjing/MOE-grad-conflict-routing/scripts/run.py --config configs/singletask_rte_real.yaml --set model.backbone_backend=hf --set model.hf_load_pretrained=true --set model.backbone=roberta --set model.hf_pretrained_name=roberta-base --set model.expert_type=ffn --set model.routing_mode=topk --set model.num_experts=4 --set model.top_k=2 --set seed=2 --set method.name=ours --set train.steps=150 --set train.eval_every_steps=50 --set method.ours.use_load_norm=true --set method.ours.lambda_align=0.001 --set train.grad_clip=1 --set train.lr=3.356481249e-05 --set train.weight_decay=0.04796146989 --out /home/zhujjing/MOE-grad-conflict-routing/runs/paper_suite/single_gpu/single_task/roberta_rte_ffn_e4_k2/hpo/ours/trial_runs/coord_02_train_weight_decay_013/ours_s2.json --curve_out /home/zhujjing/MOE-grad-conflict-routing/runs/paper_suite/single_gpu/single_task/roberta_rte_ffn_e4_k2/hpo/ours/trial_runs/coord_02_train_weight_decay_013/ours_s2_curve.csv
Using the latest cached version of the dataset since glue couldn't be found on the Hugging Face Hub (offline mode is enabled).
Found the latest cached dataset configuration 'rte' at /home/zhujjing/hf_cache/datasets/glue/rte/0.0.0/bcdcba79d07bc864c1c254ccfcedcce55bcc9a8c (last modified on Thu Mar 19 15:00:36 2026).
/home/zhujjing/anaconda3/envs/moe/lib/python3.10/site-packages/transformers/utils/hub.py:124: FutureWarning: Using `TRANSFORMERS_CACHE` is deprecated and will be removed in v5 of Transformers. Use `HF_HOME` instead.
  warnings.warn(
Some weights of RobertaModel were not initialized from the model checkpoint at roberta-base and are newly initialized: ['roberta.pooler.dense.bias', 'roberta.pooler.dense.weight']
You should probably TRAIN this model on a down-stream task to be able to use it for predictions and inference.
[step 0001/150] method=ours loss=0.6790 train_acc=nan train_loss=nan val_acc=nan val_loss=nan best=-1.0000
[step 0010/150] method=ours loss=0.8555 train_acc=nan train_loss=nan val_acc=nan val_loss=nan best=-1.0000
[step 0020/150] method=ours loss=0.6911 train_acc=nan train_loss=nan val_acc=nan val_loss=nan best=-1.0000
[step 0030/150] method=ours loss=0.7083 train_acc=nan train_loss=nan val_acc=nan val_loss=nan best=-1.0000
[step 0040/150] method=ours loss=0.6843 train_acc=nan train_loss=nan val_acc=nan val_loss=nan best=-1.0000
[step 0050/150] method=ours loss=0.5770 train_acc=0.5016 train_loss=0.6968 val_acc=0.5271 val_loss=0.6897 router_H=0.6918 best=0.5271
           router_load=[0.008369959890842438, 0.0, 0.47439801692962646, 0.5172320008277893]
[step 0060/150] method=ours loss=0.6831 train_acc=0.5016 train_loss=0.6968 val_acc=0.5271 val_loss=0.6897 router_H=0.6918 best=0.5271
           router_load=[0.008369959890842438, 0.0, 0.47439801692962646, 0.5172320008277893]
[step 0070/150] method=ours loss=0.6473 train_acc=0.5016 train_loss=0.6968 val_acc=0.5271 val_loss=0.6897 router_H=0.6918 best=0.5271
           router_load=[0.008369959890842438, 0.0, 0.47439801692962646, 0.5172320008277893]
[step 0080/150] method=ours loss=0.7840 train_acc=0.5016 train_loss=0.6968 val_acc=0.5271 val_loss=0.6897 router_H=0.6918 best=0.5271
           router_load=[0.008369959890842438, 0.0, 0.47439801692962646, 0.5172320008277893]
[step 0090/150] method=ours loss=0.9065 train_acc=0.5016 train_loss=0.6968 val_acc=0.5271 val_loss=0.6897 router_H=0.6918 best=0.5271
           router_load=[0.008369959890842438, 0.0, 0.47439801692962646, 0.5172320008277893]
[step 0100/150] method=ours loss=0.6498 train_acc=0.5687 train_loss=0.6679 val_acc=0.5379 val_loss=0.6966 router_H=0.6792 best=0.5379
           router_load=[0.17692729830741882, 0.0015017945552244782, 0.2398337423801422, 0.5817371606826782]
[step 0110/150] method=ours loss=0.6549 train_acc=0.5687 train_loss=0.6679 val_acc=0.5379 val_loss=0.6966 router_H=0.6792 best=0.5379
           router_load=[0.17692729830741882, 0.0015017945552244782, 0.2398337423801422, 0.5817371606826782]
[step 0120/150] method=ours loss=0.6954 train_acc=0.5687 train_loss=0.6679 val_acc=0.5379 val_loss=0.6966 router_H=0.6792 best=0.5379
           router_load=[0.17692729830741882, 0.0015017945552244782, 0.2398337423801422, 0.5817371606826782]
[step 0130/150] method=ours loss=0.6692 train_acc=0.5687 train_loss=0.6679 val_acc=0.5379 val_loss=0.6966 router_H=0.6792 best=0.5379
           router_load=[0.17692729830741882, 0.0015017945552244782, 0.2398337423801422, 0.5817371606826782]
[step 0140/150] method=ours loss=0.6169 train_acc=0.5687 train_loss=0.6679 val_acc=0.5379 val_loss=0.6966 router_H=0.6792 best=0.5379
           router_load=[0.17692729830741882, 0.0015017945552244782, 0.2398337423801422, 0.5817371606826782]
[step 0150/150] method=ours loss=0.6567 train_acc=0.6349 train_loss=0.6645 val_acc=0.6318 val_loss=0.6669 router_H=0.6904 best=0.6318
           router_load=[0.2929855287075043, 0.3597898781299591, 0.026130318641662598, 0.3210941553115845]
saved summary -> /home/zhujjing/MOE-grad-conflict-routing/runs/paper_suite/single_gpu/single_task/roberta_rte_ffn_e4_k2/hpo/ours/trial_runs/coord_02_train_weight_decay_013/ours_s2.json
saved curve -> /home/zhujjing/MOE-grad-conflict-routing/runs/paper_suite/single_gpu/single_task/roberta_rte_ffn_e4_k2/hpo/ours/trial_runs/coord_02_train_weight_decay_013/ours_s2_curve.csv
