[run] method=ours candidate=coord_02_train_weight_decay_014 seed=3 steps=150 gpu=0
[run] cmd=
/home/zhujjing/anaconda3/envs/moe/bin/python /home/zhujjing/MOE-grad-conflict-routing/scripts/run.py --config configs/singletask_rte_real.yaml --set model.backbone_backend=hf --set model.hf_load_pretrained=true --set model.backbone=roberta --set model.hf_pretrained_name=roberta-base --set model.expert_type=ffn --set model.routing_mode=topk --set model.num_experts=4 --set model.top_k=2 --set seed=3 --set method.name=ours --set train.steps=150 --set train.eval_every_steps=50 --set method.ours.use_load_norm=true --set method.ours.lambda_align=0.001 --set train.grad_clip=1 --set train.lr=3.356481249e-05 --set train.weight_decay=0.03285287567 --out /home/zhujjing/MOE-grad-conflict-routing/runs/paper_suite/single_gpu/single_task/roberta_rte_ffn_e4_k2/hpo/ours/trial_runs/coord_02_train_weight_decay_014/ours_s3.json --curve_out /home/zhujjing/MOE-grad-conflict-routing/runs/paper_suite/single_gpu/single_task/roberta_rte_ffn_e4_k2/hpo/ours/trial_runs/coord_02_train_weight_decay_014/ours_s3_curve.csv
Using the latest cached version of the dataset since glue couldn't be found on the Hugging Face Hub (offline mode is enabled).
Found the latest cached dataset configuration 'rte' at /home/zhujjing/hf_cache/datasets/glue/rte/0.0.0/bcdcba79d07bc864c1c254ccfcedcce55bcc9a8c (last modified on Thu Mar 19 15:00:36 2026).
/home/zhujjing/anaconda3/envs/moe/lib/python3.10/site-packages/transformers/utils/hub.py:124: FutureWarning: Using `TRANSFORMERS_CACHE` is deprecated and will be removed in v5 of Transformers. Use `HF_HOME` instead.
  warnings.warn(
Some weights of RobertaModel were not initialized from the model checkpoint at roberta-base and are newly initialized: ['roberta.pooler.dense.bias', 'roberta.pooler.dense.weight']
You should probably TRAIN this model on a down-stream task to be able to use it for predictions and inference.
[step 0001/150] method=ours loss=0.6978 train_acc=nan train_loss=nan val_acc=nan val_loss=nan best=-1.0000
[step 0010/150] method=ours loss=0.6980 train_acc=nan train_loss=nan val_acc=nan val_loss=nan best=-1.0000
[step 0020/150] method=ours loss=0.7002 train_acc=nan train_loss=nan val_acc=nan val_loss=nan best=-1.0000
[step 0030/150] method=ours loss=0.6796 train_acc=nan train_loss=nan val_acc=nan val_loss=nan best=-1.0000
[step 0040/150] method=ours loss=0.7277 train_acc=nan train_loss=nan val_acc=nan val_loss=nan best=-1.0000
[step 0050/150] method=ours loss=0.7149 train_acc=0.5904 train_loss=0.6690 val_acc=0.5523 val_loss=0.6989 router_H=0.6422 best=0.5523
           router_load=[0.28275609016418457, 0.0010600127279758453, 0.6539153456687927, 0.06226859614253044]
[step 0060/150] method=ours loss=0.5631 train_acc=0.5904 train_loss=0.6690 val_acc=0.5523 val_loss=0.6989 router_H=0.6422 best=0.5523
           router_load=[0.28275609016418457, 0.0010600127279758453, 0.6539153456687927, 0.06226859614253044]
[step 0070/150] method=ours loss=0.6935 train_acc=0.5904 train_loss=0.6690 val_acc=0.5523 val_loss=0.6989 router_H=0.6422 best=0.5523
           router_load=[0.28275609016418457, 0.0010600127279758453, 0.6539153456687927, 0.06226859614253044]
[step 0080/150] method=ours loss=0.8260 train_acc=0.5904 train_loss=0.6690 val_acc=0.5523 val_loss=0.6989 router_H=0.6422 best=0.5523
           router_load=[0.28275609016418457, 0.0010600127279758453, 0.6539153456687927, 0.06226859614253044]
[step 0090/150] method=ours loss=0.6510 train_acc=0.5904 train_loss=0.6690 val_acc=0.5523 val_loss=0.6989 router_H=0.6422 best=0.5523
           router_load=[0.28275609016418457, 0.0010600127279758453, 0.6539153456687927, 0.06226859614253044]
[step 0100/150] method=ours loss=0.7628 train_acc=0.7040 train_loss=0.5853 val_acc=0.6534 val_loss=0.6266 router_H=0.5875 best=0.6534
           router_load=[0.0, 0.03820357844233513, 0.7247194647789001, 0.23707687854766846]
[step 0110/150] method=ours loss=0.4707 train_acc=0.7040 train_loss=0.5853 val_acc=0.6534 val_loss=0.6266 router_H=0.5875 best=0.6534
           router_load=[0.0, 0.03820357844233513, 0.7247194647789001, 0.23707687854766846]
[step 0120/150] method=ours loss=0.6945 train_acc=0.7040 train_loss=0.5853 val_acc=0.6534 val_loss=0.6266 router_H=0.5875 best=0.6534
           router_load=[0.0, 0.03820357844233513, 0.7247194647789001, 0.23707687854766846]
[step 0130/150] method=ours loss=0.6254 train_acc=0.7040 train_loss=0.5853 val_acc=0.6534 val_loss=0.6266 router_H=0.5875 best=0.6534
           router_load=[0.0, 0.03820357844233513, 0.7247194647789001, 0.23707687854766846]
[step 0140/150] method=ours loss=0.6205 train_acc=0.7040 train_loss=0.5853 val_acc=0.6534 val_loss=0.6266 router_H=0.5875 best=0.6534
           router_load=[0.0, 0.03820357844233513, 0.7247194647789001, 0.23707687854766846]
[step 0150/150] method=ours loss=0.6636 train_acc=0.7225 train_loss=0.5796 val_acc=0.6426 val_loss=0.6486 router_H=0.6258 best=0.6534
           router_load=[0.0, 0.0018638179171830416, 0.5548782348632812, 0.4432578980922699]
saved summary -> /home/zhujjing/MOE-grad-conflict-routing/runs/paper_suite/single_gpu/single_task/roberta_rte_ffn_e4_k2/hpo/ours/trial_runs/coord_02_train_weight_decay_014/ours_s3.json
saved curve -> /home/zhujjing/MOE-grad-conflict-routing/runs/paper_suite/single_gpu/single_task/roberta_rte_ffn_e4_k2/hpo/ours/trial_runs/coord_02_train_weight_decay_014/ours_s3_curve.csv
