[run] method=ours candidate=coord_02_train_weight_decay_019 seed=3 steps=150 gpu=0
[run] cmd=
/home/zhujjing/anaconda3/envs/moe/bin/python /home/zhujjing/MOE-grad-conflict-routing/scripts/run.py --config configs/singletask_rte_real.yaml --set model.backbone_backend=hf --set model.hf_load_pretrained=true --set model.backbone=roberta --set model.hf_pretrained_name=roberta-base --set model.expert_type=ffn --set model.routing_mode=topk --set model.num_experts=4 --set model.top_k=2 --set seed=3 --set method.name=ours --set train.steps=150 --set train.eval_every_steps=50 --set method.ours.use_load_norm=true --set method.ours.lambda_align=0.001 --set train.grad_clip=1 --set train.lr=3.356481249e-05 --set train.weight_decay=0.03694470643 --out /home/zhujjing/MOE-grad-conflict-routing/runs/paper_suite/single_gpu/single_task/roberta_rte_ffn_e4_k2/hpo/ours/trial_runs/coord_02_train_weight_decay_019/ours_s3.json --curve_out /home/zhujjing/MOE-grad-conflict-routing/runs/paper_suite/single_gpu/single_task/roberta_rte_ffn_e4_k2/hpo/ours/trial_runs/coord_02_train_weight_decay_019/ours_s3_curve.csv
Using the latest cached version of the dataset since glue couldn't be found on the Hugging Face Hub (offline mode is enabled).
Found the latest cached dataset configuration 'rte' at /home/zhujjing/hf_cache/datasets/glue/rte/0.0.0/bcdcba79d07bc864c1c254ccfcedcce55bcc9a8c (last modified on Thu Mar 19 15:00:36 2026).
/home/zhujjing/anaconda3/envs/moe/lib/python3.10/site-packages/transformers/utils/hub.py:124: FutureWarning: Using `TRANSFORMERS_CACHE` is deprecated and will be removed in v5 of Transformers. Use `HF_HOME` instead.
  warnings.warn(
Some weights of RobertaModel were not initialized from the model checkpoint at roberta-base and are newly initialized: ['roberta.pooler.dense.bias', 'roberta.pooler.dense.weight']
You should probably TRAIN this model on a down-stream task to be able to use it for predictions and inference.
[step 0001/150] method=ours loss=0.6990 train_acc=nan train_loss=nan val_acc=nan val_loss=nan best=-1.0000
[step 0010/150] method=ours loss=0.7048 train_acc=nan train_loss=nan val_acc=nan val_loss=nan best=-1.0000
[step 0020/150] method=ours loss=0.7023 train_acc=nan train_loss=nan val_acc=nan val_loss=nan best=-1.0000
[step 0030/150] method=ours loss=0.6855 train_acc=nan train_loss=nan val_acc=nan val_loss=nan best=-1.0000
[step 0040/150] method=ours loss=0.6819 train_acc=nan train_loss=nan val_acc=nan val_loss=nan best=-1.0000
[step 0050/150] method=ours loss=0.6490 train_acc=0.6353 train_loss=0.6481 val_acc=0.5921 val_loss=0.6636 router_H=0.6873 best=0.5921
           router_load=[0.0, 0.518011748790741, 0.01497987937182188, 0.4670083522796631]
[step 0060/150] method=ours loss=0.6184 train_acc=0.6353 train_loss=0.6481 val_acc=0.5921 val_loss=0.6636 router_H=0.6873 best=0.5921
           router_load=[0.0, 0.518011748790741, 0.01497987937182188, 0.4670083522796631]
[step 0070/150] method=ours loss=0.6979 train_acc=0.6353 train_loss=0.6481 val_acc=0.5921 val_loss=0.6636 router_H=0.6873 best=0.5921
           router_load=[0.0, 0.518011748790741, 0.01497987937182188, 0.4670083522796631]
[step 0080/150] method=ours loss=0.4801 train_acc=0.6353 train_loss=0.6481 val_acc=0.5921 val_loss=0.6636 router_H=0.6873 best=0.5921
           router_load=[0.0, 0.518011748790741, 0.01497987937182188, 0.4670083522796631]
[step 0090/150] method=ours loss=0.6170 train_acc=0.6353 train_loss=0.6481 val_acc=0.5921 val_loss=0.6636 router_H=0.6873 best=0.5921
           router_load=[0.0, 0.518011748790741, 0.01497987937182188, 0.4670083522796631]
[step 0100/150] method=ours loss=0.6111 train_acc=0.5582 train_loss=0.6873 val_acc=0.5632 val_loss=0.6792 router_H=0.6830 best=0.5921
           router_load=[0.0, 0.4410024881362915, 0.0, 0.5589974522590637]
[step 0110/150] method=ours loss=0.7820 train_acc=0.5582 train_loss=0.6873 val_acc=0.5632 val_loss=0.6792 router_H=0.6830 best=0.5921
           router_load=[0.0, 0.4410024881362915, 0.0, 0.5589974522590637]
[step 0120/150] method=ours loss=0.6864 train_acc=0.5582 train_loss=0.6873 val_acc=0.5632 val_loss=0.6792 router_H=0.6830 best=0.5921
           router_load=[0.0, 0.4410024881362915, 0.0, 0.5589974522590637]
[step 0130/150] method=ours loss=0.5701 train_acc=0.5582 train_loss=0.6873 val_acc=0.5632 val_loss=0.6792 router_H=0.6830 best=0.5921
           router_load=[0.0, 0.4410024881362915, 0.0, 0.5589974522590637]
[step 0140/150] method=ours loss=0.6484 train_acc=0.5582 train_loss=0.6873 val_acc=0.5632 val_loss=0.6792 router_H=0.6830 best=0.5921
           router_load=[0.0, 0.4410024881362915, 0.0, 0.5589974522590637]
[step 0150/150] method=ours loss=0.5320 train_acc=0.7365 train_loss=0.5575 val_acc=0.6606 val_loss=0.6088 router_H=0.6791 best=0.6606
           router_load=[0.0, 0.5393076539039612, 0.0, 0.46069231629371643]
saved summary -> /home/zhujjing/MOE-grad-conflict-routing/runs/paper_suite/single_gpu/single_task/roberta_rte_ffn_e4_k2/hpo/ours/trial_runs/coord_02_train_weight_decay_019/ours_s3.json
saved curve -> /home/zhujjing/MOE-grad-conflict-routing/runs/paper_suite/single_gpu/single_task/roberta_rte_ffn_e4_k2/hpo/ours/trial_runs/coord_02_train_weight_decay_019/ours_s3_curve.csv
