[run] method=ours candidate=coord_02_train_weight_decay_020 seed=3 steps=150 gpu=0
[run] cmd=
/home/zhujjing/anaconda3/envs/moe/bin/python /home/zhujjing/MOE-grad-conflict-routing/scripts/run.py --config configs/singletask_rte_real.yaml --set model.backbone_backend=hf --set model.hf_load_pretrained=true --set model.backbone=roberta --set model.hf_pretrained_name=roberta-base --set model.expert_type=ffn --set model.routing_mode=topk --set model.num_experts=4 --set model.top_k=2 --set seed=3 --set method.name=ours --set train.steps=150 --set train.eval_every_steps=50 --set method.ours.use_load_norm=true --set method.ours.lambda_align=0.001 --set train.grad_clip=1 --set train.lr=3.356481249e-05 --set train.weight_decay=0.04283921792 --out /home/zhujjing/MOE-grad-conflict-routing/runs/paper_suite/single_gpu/single_task/roberta_rte_ffn_e4_k2/hpo/ours/trial_runs/coord_02_train_weight_decay_020/ours_s3.json --curve_out /home/zhujjing/MOE-grad-conflict-routing/runs/paper_suite/single_gpu/single_task/roberta_rte_ffn_e4_k2/hpo/ours/trial_runs/coord_02_train_weight_decay_020/ours_s3_curve.csv
Using the latest cached version of the dataset since glue couldn't be found on the Hugging Face Hub (offline mode is enabled).
Found the latest cached dataset configuration 'rte' at /home/zhujjing/hf_cache/datasets/glue/rte/0.0.0/bcdcba79d07bc864c1c254ccfcedcce55bcc9a8c (last modified on Thu Mar 19 15:00:36 2026).
/home/zhujjing/anaconda3/envs/moe/lib/python3.10/site-packages/transformers/utils/hub.py:124: FutureWarning: Using `TRANSFORMERS_CACHE` is deprecated and will be removed in v5 of Transformers. Use `HF_HOME` instead.
  warnings.warn(
Some weights of RobertaModel were not initialized from the model checkpoint at roberta-base and are newly initialized: ['roberta.pooler.dense.bias', 'roberta.pooler.dense.weight']
You should probably TRAIN this model on a down-stream task to be able to use it for predictions and inference.
[step 0001/150] method=ours loss=0.6986 train_acc=nan train_loss=nan val_acc=nan val_loss=nan best=-1.0000
[step 0010/150] method=ours loss=0.6932 train_acc=nan train_loss=nan val_acc=nan val_loss=nan best=-1.0000
[step 0020/150] method=ours loss=0.6842 train_acc=nan train_loss=nan val_acc=nan val_loss=nan best=-1.0000
[step 0030/150] method=ours loss=0.6721 train_acc=nan train_loss=nan val_acc=nan val_loss=nan best=-1.0000
[step 0040/150] method=ours loss=0.6868 train_acc=nan train_loss=nan val_acc=nan val_loss=nan best=-1.0000
[step 0050/150] method=ours loss=0.6723 train_acc=0.5771 train_loss=0.6762 val_acc=0.5415 val_loss=0.6960 router_H=0.5655 best=0.5415
           router_load=[0.0, 0.7456868290901184, 0.00586434081196785, 0.24844880402088165]
[step 0060/150] method=ours loss=0.5855 train_acc=0.5771 train_loss=0.6762 val_acc=0.5415 val_loss=0.6960 router_H=0.5655 best=0.5415
           router_load=[0.0, 0.7456868290901184, 0.00586434081196785, 0.24844880402088165]
[step 0070/150] method=ours loss=0.7382 train_acc=0.5771 train_loss=0.6762 val_acc=0.5415 val_loss=0.6960 router_H=0.5655 best=0.5415
           router_load=[0.0, 0.7456868290901184, 0.00586434081196785, 0.24844880402088165]
[step 0080/150] method=ours loss=0.5809 train_acc=0.5771 train_loss=0.6762 val_acc=0.5415 val_loss=0.6960 router_H=0.5655 best=0.5415
           router_load=[0.0, 0.7456868290901184, 0.00586434081196785, 0.24844880402088165]
[step 0090/150] method=ours loss=0.5780 train_acc=0.5771 train_loss=0.6762 val_acc=0.5415 val_loss=0.6960 router_H=0.5655 best=0.5415
           router_load=[0.0, 0.7456868290901184, 0.00586434081196785, 0.24844880402088165]
[step 0100/150] method=ours loss=0.8591 train_acc=0.6908 train_loss=0.5889 val_acc=0.6390 val_loss=0.6392 router_H=0.5666 best=0.6390
           router_load=[0.0034784500021487474, 0.7450342178344727, 0.12725675106048584, 0.12423061579465866]
[step 0110/150] method=ours loss=0.5825 train_acc=0.6908 train_loss=0.5889 val_acc=0.6390 val_loss=0.6392 router_H=0.5666 best=0.6390
           router_load=[0.0034784500021487474, 0.7450342178344727, 0.12725675106048584, 0.12423061579465866]
[step 0120/150] method=ours loss=0.7150 train_acc=0.6908 train_loss=0.5889 val_acc=0.6390 val_loss=0.6392 router_H=0.5666 best=0.6390
           router_load=[0.0034784500021487474, 0.7450342178344727, 0.12725675106048584, 0.12423061579465866]
[step 0130/150] method=ours loss=0.7213 train_acc=0.6908 train_loss=0.5889 val_acc=0.6390 val_loss=0.6392 router_H=0.5666 best=0.6390
           router_load=[0.0034784500021487474, 0.7450342178344727, 0.12725675106048584, 0.12423061579465866]
[step 0140/150] method=ours loss=0.6762 train_acc=0.6908 train_loss=0.5889 val_acc=0.6390 val_loss=0.6392 router_H=0.5666 best=0.6390
           router_load=[0.0034784500021487474, 0.7450342178344727, 0.12725675106048584, 0.12423061579465866]
[step 0150/150] method=ours loss=0.6118 train_acc=0.7550 train_loss=0.5684 val_acc=0.6787 val_loss=0.6072 router_H=0.5839 best=0.6787
           router_load=[0.013781759887933731, 0.7272916436195374, 0.11576194316148758, 0.1431647539138794]
saved summary -> /home/zhujjing/MOE-grad-conflict-routing/runs/paper_suite/single_gpu/single_task/roberta_rte_ffn_e4_k2/hpo/ours/trial_runs/coord_02_train_weight_decay_020/ours_s3.json
saved curve -> /home/zhujjing/MOE-grad-conflict-routing/runs/paper_suite/single_gpu/single_task/roberta_rte_ffn_e4_k2/hpo/ours/trial_runs/coord_02_train_weight_decay_020/ours_s3_curve.csv
