[run] method=cagrad candidate=coord_01_train_lr_004 seed=3 steps=150 gpu=0
[run] cmd=
/home/zhujjing/anaconda3/envs/moe/bin/python /home/zhujjing/MOE-grad-conflict-routing/scripts/run.py --config configs/singletask_sst2_real.yaml --set model.backbone_backend=hf --set model.hf_load_pretrained=true --set model.backbone=roberta --set model.hf_pretrained_name=roberta-base --set model.expert_type=lora --set model.routing_mode=topk --set model.num_experts=4 --set model.top_k=2 --set seed=3 --set method.name=baseline_cagrad --set train.steps=150 --set train.eval_every_steps=50 --set method.baseline_cagrad.c=0.4 --set method.baseline_cagrad.inner_lr=0.1 --set train.grad_clip=1 --set train.lr=5.914112254e-06 --set train.weight_decay=0.01 --out /home/zhujjing/MOE-grad-conflict-routing/runs/paper_suite/single_gpu/single_task/roberta_sst2_lora_e4_k2/hpo/cagrad/trial_runs/coord_01_train_lr_004/cagrad_s3.json --curve_out /home/zhujjing/MOE-grad-conflict-routing/runs/paper_suite/single_gpu/single_task/roberta_sst2_lora_e4_k2/hpo/cagrad/trial_runs/coord_01_train_lr_004/cagrad_s3_curve.csv
Using the latest cached version of the dataset since glue couldn't be found on the Hugging Face Hub (offline mode is enabled).
Found the latest cached dataset configuration 'sst2' at /home/zhujjing/hf_cache/datasets/glue/sst2/0.0.0/bcdcba79d07bc864c1c254ccfcedcce55bcc9a8c (last modified on Thu Mar 19 15:01:41 2026).
/home/zhujjing/anaconda3/envs/moe/lib/python3.10/site-packages/transformers/utils/hub.py:124: FutureWarning: Using `TRANSFORMERS_CACHE` is deprecated and will be removed in v5 of Transformers. Use `HF_HOME` instead.
  warnings.warn(
Some weights of RobertaModel were not initialized from the model checkpoint at roberta-base and are newly initialized: ['roberta.pooler.dense.bias', 'roberta.pooler.dense.weight']
You should probably TRAIN this model on a down-stream task to be able to use it for predictions and inference.
[step 0001/150] method=baseline_cagrad loss=1.0839 train_acc=nan train_loss=nan val_acc=nan val_loss=nan best=-1.0000
[step 0010/150] method=baseline_cagrad loss=0.7481 train_acc=nan train_loss=nan val_acc=nan val_loss=nan best=-1.0000
[step 0020/150] method=baseline_cagrad loss=0.6845 train_acc=nan train_loss=nan val_acc=nan val_loss=nan best=-1.0000
[step 0030/150] method=baseline_cagrad loss=0.6769 train_acc=nan train_loss=nan val_acc=nan val_loss=nan best=-1.0000
[step 0040/150] method=baseline_cagrad loss=0.7471 train_acc=nan train_loss=nan val_acc=nan val_loss=nan best=-1.0000
[step 0050/150] method=baseline_cagrad loss=0.7378 train_acc=0.5590 train_loss=0.6227 val_acc=0.5092 val_loss=0.6502 router_H=0.6926 best=0.5092
           router_load=[0.45244717597961426, 0.2840067744255066, 0.0, 0.2635461390018463]
[step 0060/150] method=baseline_cagrad loss=0.6087 train_acc=0.5590 train_loss=0.6227 val_acc=0.5092 val_loss=0.6502 router_H=0.6926 best=0.5092
           router_load=[0.45244717597961426, 0.2840067744255066, 0.0, 0.2635461390018463]
[step 0070/150] method=baseline_cagrad loss=0.5681 train_acc=0.5590 train_loss=0.6227 val_acc=0.5092 val_loss=0.6502 router_H=0.6926 best=0.5092
           router_load=[0.45244717597961426, 0.2840067744255066, 0.0, 0.2635461390018463]
[step 0080/150] method=baseline_cagrad loss=0.4100 train_acc=0.5590 train_loss=0.6227 val_acc=0.5092 val_loss=0.6502 router_H=0.6926 best=0.5092
           router_load=[0.45244717597961426, 0.2840067744255066, 0.0, 0.2635461390018463]
[step 0090/150] method=baseline_cagrad loss=0.2611 train_acc=0.5590 train_loss=0.6227 val_acc=0.5092 val_loss=0.6502 router_H=0.6926 best=0.5092
           router_load=[0.45244717597961426, 0.2840067744255066, 0.0, 0.2635461390018463]
[step 0100/150] method=baseline_cagrad loss=0.4234 train_acc=0.8799 train_loss=0.3287 val_acc=0.8773 val_loss=0.3165 router_H=0.6901 best=0.8773
           router_load=[0.4854786694049835, 0.3674941658973694, 0.0, 0.1470271795988083]
[step 0110/150] method=baseline_cagrad loss=0.4160 train_acc=0.8799 train_loss=0.3287 val_acc=0.8773 val_loss=0.3165 router_H=0.6901 best=0.8773
           router_load=[0.4854786694049835, 0.3674941658973694, 0.0, 0.1470271795988083]
[step 0120/150] method=baseline_cagrad loss=0.4154 train_acc=0.8799 train_loss=0.3287 val_acc=0.8773 val_loss=0.3165 router_H=0.6901 best=0.8773
           router_load=[0.4854786694049835, 0.3674941658973694, 0.0, 0.1470271795988083]
[step 0130/150] method=baseline_cagrad loss=0.1396 train_acc=0.8799 train_loss=0.3287 val_acc=0.8773 val_loss=0.3165 router_H=0.6901 best=0.8773
           router_load=[0.4854786694049835, 0.3674941658973694, 0.0, 0.1470271795988083]
[step 0140/150] method=baseline_cagrad loss=0.4152 train_acc=0.8799 train_loss=0.3287 val_acc=0.8773 val_loss=0.3165 router_H=0.6901 best=0.8773
           router_load=[0.4854786694049835, 0.3674941658973694, 0.0, 0.1470271795988083]
[step 0150/150] method=baseline_cagrad loss=0.1942 train_acc=0.8902 train_loss=0.2961 val_acc=0.9014 val_loss=0.2779 router_H=0.6878 best=0.9014
           router_load=[0.5180721879005432, 0.28809604048728943, 0.0, 0.19383187592029572]
saved summary -> /home/zhujjing/MOE-grad-conflict-routing/runs/paper_suite/single_gpu/single_task/roberta_sst2_lora_e4_k2/hpo/cagrad/trial_runs/coord_01_train_lr_004/cagrad_s3.json
saved curve -> /home/zhujjing/MOE-grad-conflict-routing/runs/paper_suite/single_gpu/single_task/roberta_sst2_lora_e4_k2/hpo/cagrad/trial_runs/coord_01_train_lr_004/cagrad_s3_curve.csv
