[run] method=cagrad candidate=coord_01_train_lr_016 seed=3 steps=150 gpu=0
[run] cmd=
/home/zhujjing/anaconda3/envs/moe/bin/python /home/zhujjing/MOE-grad-conflict-routing/scripts/run.py --config configs/singletask_sst2_real.yaml --set model.backbone_backend=hf --set model.hf_load_pretrained=true --set model.backbone=roberta --set model.hf_pretrained_name=roberta-base --set model.expert_type=lora --set model.routing_mode=topk --set model.num_experts=4 --set model.top_k=2 --set seed=3 --set method.name=baseline_cagrad --set train.steps=150 --set train.eval_every_steps=50 --set method.baseline_cagrad.c=0.4 --set method.baseline_cagrad.inner_lr=0.1 --set train.grad_clip=1 --set train.lr=2.52305587e-05 --set train.weight_decay=0.01 --out /home/zhujjing/MOE-grad-conflict-routing/runs/paper_suite/single_gpu/single_task/roberta_sst2_lora_e4_k2/hpo/cagrad/trial_runs/coord_01_train_lr_016/cagrad_s3.json --curve_out /home/zhujjing/MOE-grad-conflict-routing/runs/paper_suite/single_gpu/single_task/roberta_sst2_lora_e4_k2/hpo/cagrad/trial_runs/coord_01_train_lr_016/cagrad_s3_curve.csv
Using the latest cached version of the dataset since glue couldn't be found on the Hugging Face Hub (offline mode is enabled).
Found the latest cached dataset configuration 'sst2' at /home/zhujjing/hf_cache/datasets/glue/sst2/0.0.0/bcdcba79d07bc864c1c254ccfcedcce55bcc9a8c (last modified on Thu Mar 19 15:01:41 2026).
/home/zhujjing/anaconda3/envs/moe/lib/python3.10/site-packages/transformers/utils/hub.py:124: FutureWarning: Using `TRANSFORMERS_CACHE` is deprecated and will be removed in v5 of Transformers. Use `HF_HOME` instead.
  warnings.warn(
Some weights of RobertaModel were not initialized from the model checkpoint at roberta-base and are newly initialized: ['roberta.pooler.dense.bias', 'roberta.pooler.dense.weight']
You should probably TRAIN this model on a down-stream task to be able to use it for predictions and inference.
[step 0001/150] method=baseline_cagrad loss=0.5883 train_acc=nan train_loss=nan val_acc=nan val_loss=nan best=-1.0000
[step 0010/150] method=baseline_cagrad loss=0.6690 train_acc=nan train_loss=nan val_acc=nan val_loss=nan best=-1.0000
[step 0020/150] method=baseline_cagrad loss=0.5484 train_acc=nan train_loss=nan val_acc=nan val_loss=nan best=-1.0000
[step 0030/150] method=baseline_cagrad loss=0.4890 train_acc=nan train_loss=nan val_acc=nan val_loss=nan best=-1.0000
[step 0040/150] method=baseline_cagrad loss=0.5414 train_acc=nan train_loss=nan val_acc=nan val_loss=nan best=-1.0000
[step 0050/150] method=baseline_cagrad loss=0.6098 train_acc=0.8702 train_loss=0.3388 val_acc=0.8578 val_loss=0.3433 router_H=0.6834 best=0.8578
           router_load=[0.0, 0.5490339994430542, 0.04256715252995491, 0.40839883685112]
[step 0060/150] method=baseline_cagrad loss=0.4311 train_acc=0.8702 train_loss=0.3388 val_acc=0.8578 val_loss=0.3433 router_H=0.6834 best=0.8578
           router_load=[0.0, 0.5490339994430542, 0.04256715252995491, 0.40839883685112]
[step 0070/150] method=baseline_cagrad loss=0.5382 train_acc=0.8702 train_loss=0.3388 val_acc=0.8578 val_loss=0.3433 router_H=0.6834 best=0.8578
           router_load=[0.0, 0.5490339994430542, 0.04256715252995491, 0.40839883685112]
[step 0080/150] method=baseline_cagrad loss=0.3683 train_acc=0.8702 train_loss=0.3388 val_acc=0.8578 val_loss=0.3433 router_H=0.6834 best=0.8578
           router_load=[0.0, 0.5490339994430542, 0.04256715252995491, 0.40839883685112]
[step 0090/150] method=baseline_cagrad loss=0.4326 train_acc=0.8702 train_loss=0.3388 val_acc=0.8578 val_loss=0.3433 router_H=0.6834 best=0.8578
           router_load=[0.0, 0.5490339994430542, 0.04256715252995491, 0.40839883685112]
[step 0100/150] method=baseline_cagrad loss=0.3714 train_acc=0.8736 train_loss=0.3164 val_acc=0.8555 val_loss=0.3420 router_H=0.6865 best=0.8578
           router_load=[0.0, 0.5213041305541992, 0.04661243408918381, 0.432083398103714]
[step 0110/150] method=baseline_cagrad loss=0.4351 train_acc=0.8736 train_loss=0.3164 val_acc=0.8555 val_loss=0.3420 router_H=0.6865 best=0.8578
           router_load=[0.0, 0.5213041305541992, 0.04661243408918381, 0.432083398103714]
[step 0120/150] method=baseline_cagrad loss=0.3713 train_acc=0.8736 train_loss=0.3164 val_acc=0.8555 val_loss=0.3420 router_H=0.6865 best=0.8578
           router_load=[0.0, 0.5213041305541992, 0.04661243408918381, 0.432083398103714]
[step 0130/150] method=baseline_cagrad loss=1.6682 train_acc=0.8736 train_loss=0.3164 val_acc=0.8555 val_loss=0.3420 router_H=0.6865 best=0.8578
           router_load=[0.0, 0.5213041305541992, 0.04661243408918381, 0.432083398103714]
[step 0140/150] method=baseline_cagrad loss=0.1702 train_acc=0.8736 train_loss=0.3164 val_acc=0.8555 val_loss=0.3420 router_H=0.6865 best=0.8578
           router_load=[0.0, 0.5213041305541992, 0.04661243408918381, 0.432083398103714]
[step 0150/150] method=baseline_cagrad loss=0.2008 train_acc=0.8883 train_loss=0.2909 val_acc=0.9014 val_loss=0.2551 router_H=0.6884 best=0.9014
           router_load=[0.0, 0.45038583874702454, 0.07973701506853104, 0.4698772132396698]
saved summary -> /home/zhujjing/MOE-grad-conflict-routing/runs/paper_suite/single_gpu/single_task/roberta_sst2_lora_e4_k2/hpo/cagrad/trial_runs/coord_01_train_lr_016/cagrad_s3.json
saved curve -> /home/zhujjing/MOE-grad-conflict-routing/runs/paper_suite/single_gpu/single_task/roberta_sst2_lora_e4_k2/hpo/cagrad/trial_runs/coord_01_train_lr_016/cagrad_s3_curve.csv
