[run] method=ours candidate=coord_02_train_weight_decay_009 seed=2 steps=150 gpu=0
[run] cmd=
/home/zhujjing/anaconda3/envs/moe/bin/python /home/zhujjing/MOE-grad-conflict-routing/scripts/run.py --config configs/singletask_rte_real.yaml --set model.backbone_backend=hf --set model.hf_load_pretrained=true --set model.backbone=roberta --set model.hf_pretrained_name=roberta-base --set model.expert_type=lora --set model.routing_mode=topk --set model.num_experts=4 --set model.top_k=2 --set seed=2 --set method.name=ours --set train.steps=150 --set train.eval_every_steps=50 --set method.ours.use_load_norm=true --set method.ours.lambda_align=0.001 --set train.grad_clip=1 --set train.lr=2.521629285e-05 --set train.weight_decay=0.03112945656 --out /home/zhujjing/MOE-grad-conflict-routing/runs/paper_suite/single_gpu/single_task/roberta_rte_lora_e4_k2/hpo/ours/trial_runs/coord_02_train_weight_decay_009/ours_s2.json --curve_out /home/zhujjing/MOE-grad-conflict-routing/runs/paper_suite/single_gpu/single_task/roberta_rte_lora_e4_k2/hpo/ours/trial_runs/coord_02_train_weight_decay_009/ours_s2_curve.csv
Using the latest cached version of the dataset since glue couldn't be found on the Hugging Face Hub (offline mode is enabled).
Found the latest cached dataset configuration 'rte' at /home/zhujjing/hf_cache/datasets/glue/rte/0.0.0/bcdcba79d07bc864c1c254ccfcedcce55bcc9a8c (last modified on Thu Mar 19 15:00:36 2026).
/home/zhujjing/anaconda3/envs/moe/lib/python3.10/site-packages/transformers/utils/hub.py:124: FutureWarning: Using `TRANSFORMERS_CACHE` is deprecated and will be removed in v5 of Transformers. Use `HF_HOME` instead.
  warnings.warn(
Some weights of RobertaModel were not initialized from the model checkpoint at roberta-base and are newly initialized: ['roberta.pooler.dense.bias', 'roberta.pooler.dense.weight']
You should probably TRAIN this model on a down-stream task to be able to use it for predictions and inference.
[step 0001/150] method=ours loss=0.7146 train_acc=nan train_loss=nan val_acc=nan val_loss=nan best=-1.0000
[step 0010/150] method=ours loss=0.9228 train_acc=nan train_loss=nan val_acc=nan val_loss=nan best=-1.0000
[step 0020/150] method=ours loss=0.6986 train_acc=nan train_loss=nan val_acc=nan val_loss=nan best=-1.0000
[step 0030/150] method=ours loss=0.6673 train_acc=nan train_loss=nan val_acc=nan val_loss=nan best=-1.0000
[step 0040/150] method=ours loss=0.7198 train_acc=nan train_loss=nan val_acc=nan val_loss=nan best=-1.0000
[step 0050/150] method=ours loss=0.5666 train_acc=0.6438 train_loss=0.6572 val_acc=0.6029 val_loss=0.6657 router_H=0.6767 best=0.6029
           router_load=[0.5874829292297363, 0.05430283024907112, 0.01601812057197094, 0.34219616651535034]
[step 0060/150] method=ours loss=0.6141 train_acc=0.6438 train_loss=0.6572 val_acc=0.6029 val_loss=0.6657 router_H=0.6767 best=0.6029
           router_load=[0.5874829292297363, 0.05430283024907112, 0.01601812057197094, 0.34219616651535034]
[step 0070/150] method=ours loss=0.6757 train_acc=0.6438 train_loss=0.6572 val_acc=0.6029 val_loss=0.6657 router_H=0.6767 best=0.6029
           router_load=[0.5874829292297363, 0.05430283024907112, 0.01601812057197094, 0.34219616651535034]
[step 0080/150] method=ours loss=0.7412 train_acc=0.6438 train_loss=0.6572 val_acc=0.6029 val_loss=0.6657 router_H=0.6767 best=0.6029
           router_load=[0.5874829292297363, 0.05430283024907112, 0.01601812057197094, 0.34219616651535034]
[step 0090/150] method=ours loss=0.7143 train_acc=0.6438 train_loss=0.6572 val_acc=0.6029 val_loss=0.6657 router_H=0.6767 best=0.6029
           router_load=[0.5874829292297363, 0.05430283024907112, 0.01601812057197094, 0.34219616651535034]
[step 0100/150] method=ours loss=0.6921 train_acc=0.6373 train_loss=0.6407 val_acc=0.5921 val_loss=0.6730 router_H=0.6761 best=0.6029
           router_load=[0.5892658829689026, 0.006765719503164291, 0.0, 0.4039684534072876]
[step 0110/150] method=ours loss=0.6074 train_acc=0.6373 train_loss=0.6407 val_acc=0.5921 val_loss=0.6730 router_H=0.6761 best=0.6029
           router_load=[0.5892658829689026, 0.006765719503164291, 0.0, 0.4039684534072876]
[step 0120/150] method=ours loss=0.5777 train_acc=0.6373 train_loss=0.6407 val_acc=0.5921 val_loss=0.6730 router_H=0.6761 best=0.6029
           router_load=[0.5892658829689026, 0.006765719503164291, 0.0, 0.4039684534072876]
[step 0130/150] method=ours loss=0.6328 train_acc=0.6373 train_loss=0.6407 val_acc=0.5921 val_loss=0.6730 router_H=0.6761 best=0.6029
           router_load=[0.5892658829689026, 0.006765719503164291, 0.0, 0.4039684534072876]
[step 0140/150] method=ours loss=0.7920 train_acc=0.6373 train_loss=0.6407 val_acc=0.5921 val_loss=0.6730 router_H=0.6761 best=0.6029
           router_load=[0.5892658829689026, 0.006765719503164291, 0.0, 0.4039684534072876]
[step 0150/150] method=ours loss=0.6396 train_acc=0.7016 train_loss=0.6168 val_acc=0.6570 val_loss=0.6411 router_H=0.6837 best=0.6570
           router_load=[0.5628598928451538, 0.1975266933441162, 0.0, 0.2396133989095688]
saved summary -> /home/zhujjing/MOE-grad-conflict-routing/runs/paper_suite/single_gpu/single_task/roberta_rte_lora_e4_k2/hpo/ours/trial_runs/coord_02_train_weight_decay_009/ours_s2.json
saved curve -> /home/zhujjing/MOE-grad-conflict-routing/runs/paper_suite/single_gpu/single_task/roberta_rte_lora_e4_k2/hpo/ours/trial_runs/coord_02_train_weight_decay_009/ours_s2_curve.csv
