[run] method=ours candidate=coord_02_train_weight_decay_021 seed=2 steps=150 gpu=0
[run] cmd=
/home/zhujjing/anaconda3/envs/moe/bin/python /home/zhujjing/MOE-grad-conflict-routing/scripts/run.py --config configs/singletask_rte_real.yaml --set model.backbone_backend=hf --set model.hf_load_pretrained=true --set model.backbone=roberta --set model.hf_pretrained_name=roberta-base --set model.expert_type=lora --set model.routing_mode=topk --set model.num_experts=4 --set model.top_k=2 --set seed=2 --set method.name=ours --set train.steps=150 --set train.eval_every_steps=50 --set method.ours.use_load_norm=true --set method.ours.lambda_align=0.001 --set train.grad_clip=1 --set train.lr=2.521629285e-05 --set train.weight_decay=0.03850320698 --out /home/zhujjing/MOE-grad-conflict-routing/runs/paper_suite/single_gpu/single_task/roberta_rte_lora_e4_k2/hpo/ours/trial_runs/coord_02_train_weight_decay_021/ours_s2.json --curve_out /home/zhujjing/MOE-grad-conflict-routing/runs/paper_suite/single_gpu/single_task/roberta_rte_lora_e4_k2/hpo/ours/trial_runs/coord_02_train_weight_decay_021/ours_s2_curve.csv
Using the latest cached version of the dataset since glue couldn't be found on the Hugging Face Hub (offline mode is enabled).
Found the latest cached dataset configuration 'rte' at /home/zhujjing/hf_cache/datasets/glue/rte/0.0.0/bcdcba79d07bc864c1c254ccfcedcce55bcc9a8c (last modified on Thu Mar 19 15:00:36 2026).
/home/zhujjing/anaconda3/envs/moe/lib/python3.10/site-packages/transformers/utils/hub.py:124: FutureWarning: Using `TRANSFORMERS_CACHE` is deprecated and will be removed in v5 of Transformers. Use `HF_HOME` instead.
  warnings.warn(
Some weights of RobertaModel were not initialized from the model checkpoint at roberta-base and are newly initialized: ['roberta.pooler.dense.bias', 'roberta.pooler.dense.weight']
You should probably TRAIN this model on a down-stream task to be able to use it for predictions and inference.
[step 0001/150] method=ours loss=0.6928 train_acc=nan train_loss=nan val_acc=nan val_loss=nan best=-1.0000
[step 0010/150] method=ours loss=0.9153 train_acc=nan train_loss=nan val_acc=nan val_loss=nan best=-1.0000
[step 0020/150] method=ours loss=0.6810 train_acc=nan train_loss=nan val_acc=nan val_loss=nan best=-1.0000
[step 0030/150] method=ours loss=0.6972 train_acc=nan train_loss=nan val_acc=nan val_loss=nan best=-1.0000
[step 0040/150] method=ours loss=0.6969 train_acc=nan train_loss=nan val_acc=nan val_loss=nan best=-1.0000
[step 0050/150] method=ours loss=0.6667 train_acc=0.6016 train_loss=0.6753 val_acc=0.5884 val_loss=0.6802 router_H=0.6923 best=0.5884
           router_load=[0.0, 0.4852789044380188, 0.0015990592073649168, 0.513122022151947]
[step 0060/150] method=ours loss=0.6696 train_acc=0.6016 train_loss=0.6753 val_acc=0.5884 val_loss=0.6802 router_H=0.6923 best=0.5884
           router_load=[0.0, 0.4852789044380188, 0.0015990592073649168, 0.513122022151947]
[step 0070/150] method=ours loss=0.6994 train_acc=0.6016 train_loss=0.6753 val_acc=0.5884 val_loss=0.6802 router_H=0.6923 best=0.5884
           router_load=[0.0, 0.4852789044380188, 0.0015990592073649168, 0.513122022151947]
[step 0080/150] method=ours loss=0.6667 train_acc=0.6016 train_loss=0.6753 val_acc=0.5884 val_loss=0.6802 router_H=0.6923 best=0.5884
           router_load=[0.0, 0.4852789044380188, 0.0015990592073649168, 0.513122022151947]
[step 0090/150] method=ours loss=0.6674 train_acc=0.6016 train_loss=0.6753 val_acc=0.5884 val_loss=0.6802 router_H=0.6923 best=0.5884
           router_load=[0.0, 0.4852789044380188, 0.0015990592073649168, 0.513122022151947]
[step 0100/150] method=ours loss=0.6599 train_acc=0.6888 train_loss=0.6449 val_acc=0.6209 val_loss=0.6640 router_H=0.6916 best=0.6209
           router_load=[0.0, 0.47179359197616577, 0.006305561400949955, 0.5219007730484009]
[step 0110/150] method=ours loss=0.6339 train_acc=0.6888 train_loss=0.6449 val_acc=0.6209 val_loss=0.6640 router_H=0.6916 best=0.6209
           router_load=[0.0, 0.47179359197616577, 0.006305561400949955, 0.5219007730484009]
[step 0120/150] method=ours loss=0.6196 train_acc=0.6888 train_loss=0.6449 val_acc=0.6209 val_loss=0.6640 router_H=0.6916 best=0.6209
           router_load=[0.0, 0.47179359197616577, 0.006305561400949955, 0.5219007730484009]
[step 0130/150] method=ours loss=0.5889 train_acc=0.6888 train_loss=0.6449 val_acc=0.6209 val_loss=0.6640 router_H=0.6916 best=0.6209
           router_load=[0.0, 0.47179359197616577, 0.006305561400949955, 0.5219007730484009]
[step 0140/150] method=ours loss=0.6396 train_acc=0.6888 train_loss=0.6449 val_acc=0.6209 val_loss=0.6640 router_H=0.6916 best=0.6209
           router_load=[0.0, 0.47179359197616577, 0.006305561400949955, 0.5219007730484009]
[step 0150/150] method=ours loss=0.6408 train_acc=0.6884 train_loss=0.6088 val_acc=0.6390 val_loss=0.6408 router_H=0.6901 best=0.6390
           router_load=[0.0, 0.45953720808029175, 0.010966191999614239, 0.5294966697692871]
saved summary -> /home/zhujjing/MOE-grad-conflict-routing/runs/paper_suite/single_gpu/single_task/roberta_rte_lora_e4_k2/hpo/ours/trial_runs/coord_02_train_weight_decay_021/ours_s2.json
saved curve -> /home/zhujjing/MOE-grad-conflict-routing/runs/paper_suite/single_gpu/single_task/roberta_rte_lora_e4_k2/hpo/ours/trial_runs/coord_02_train_weight_decay_021/ours_s2_curve.csv
