[run] method=ours candidate=coord_02_train_weight_decay_003 seed=2 steps=150 gpu=0
[run] cmd=
/home/zhujjing/anaconda3/envs/moe/bin/python /home/zhujjing/MOE-grad-conflict-routing/scripts/run.py --config configs/singletask_rte_real.yaml --set model.backbone_backend=hf --set model.hf_load_pretrained=true --set model.backbone=roberta --set model.hf_pretrained_name=roberta-base --set model.expert_type=lora --set model.routing_mode=topk --set model.num_experts=4 --set model.top_k=2 --set seed=2 --set method.name=ours --set train.steps=150 --set train.eval_every_steps=50 --set method.ours.use_load_norm=true --set method.ours.lambda_align=0.001 --set train.grad_clip=1 --set train.lr=2.521629285e-05 --set train.weight_decay=0.04145867636 --out /home/zhujjing/MOE-grad-conflict-routing/runs/paper_suite/single_gpu/single_task/roberta_rte_lora_e4_k2/hpo/ours/trial_runs/coord_02_train_weight_decay_003/ours_s2.json --curve_out /home/zhujjing/MOE-grad-conflict-routing/runs/paper_suite/single_gpu/single_task/roberta_rte_lora_e4_k2/hpo/ours/trial_runs/coord_02_train_weight_decay_003/ours_s2_curve.csv
Using the latest cached version of the dataset since glue couldn't be found on the Hugging Face Hub (offline mode is enabled).
Found the latest cached dataset configuration 'rte' at /home/zhujjing/hf_cache/datasets/glue/rte/0.0.0/bcdcba79d07bc864c1c254ccfcedcce55bcc9a8c (last modified on Thu Mar 19 15:00:36 2026).
/home/zhujjing/anaconda3/envs/moe/lib/python3.10/site-packages/transformers/utils/hub.py:124: FutureWarning: Using `TRANSFORMERS_CACHE` is deprecated and will be removed in v5 of Transformers. Use `HF_HOME` instead.
  warnings.warn(
Some weights of RobertaModel were not initialized from the model checkpoint at roberta-base and are newly initialized: ['roberta.pooler.dense.bias', 'roberta.pooler.dense.weight']
You should probably TRAIN this model on a down-stream task to be able to use it for predictions and inference.
[step 0001/150] method=ours loss=0.7086 train_acc=nan train_loss=nan val_acc=nan val_loss=nan best=-1.0000
[step 0010/150] method=ours loss=0.8853 train_acc=nan train_loss=nan val_acc=nan val_loss=nan best=-1.0000
[step 0020/150] method=ours loss=0.6748 train_acc=nan train_loss=nan val_acc=nan val_loss=nan best=-1.0000
[step 0030/150] method=ours loss=0.7199 train_acc=nan train_loss=nan val_acc=nan val_loss=nan best=-1.0000
[step 0040/150] method=ours loss=0.7181 train_acc=nan train_loss=nan val_acc=nan val_loss=nan best=-1.0000
[step 0050/150] method=ours loss=0.5715 train_acc=0.5277 train_loss=0.6748 val_acc=0.5271 val_loss=0.6723 router_H=0.6921 best=0.5271
           router_load=[0.1269945204257965, 0.03422314673662186, 0.3236561715602875, 0.5151261687278748]
[step 0060/150] method=ours loss=0.6345 train_acc=0.5277 train_loss=0.6748 val_acc=0.5271 val_loss=0.6723 router_H=0.6921 best=0.5271
           router_load=[0.1269945204257965, 0.03422314673662186, 0.3236561715602875, 0.5151261687278748]
[step 0070/150] method=ours loss=0.6792 train_acc=0.5277 train_loss=0.6748 val_acc=0.5271 val_loss=0.6723 router_H=0.6921 best=0.5271
           router_load=[0.1269945204257965, 0.03422314673662186, 0.3236561715602875, 0.5151261687278748]
[step 0080/150] method=ours loss=0.7213 train_acc=0.5277 train_loss=0.6748 val_acc=0.5271 val_loss=0.6723 router_H=0.6921 best=0.5271
           router_load=[0.1269945204257965, 0.03422314673662186, 0.3236561715602875, 0.5151261687278748]
[step 0090/150] method=ours loss=0.7511 train_acc=0.5277 train_loss=0.6748 val_acc=0.5271 val_loss=0.6723 router_H=0.6921 best=0.5271
           router_load=[0.1269945204257965, 0.03422314673662186, 0.3236561715602875, 0.5151261687278748]
[step 0100/150] method=ours loss=0.6652 train_acc=0.6960 train_loss=0.6220 val_acc=0.6498 val_loss=0.6457 router_H=0.6918 best=0.6498
           router_load=[0.14201802015304565, 0.06998579204082489, 0.2739134728908539, 0.5140827894210815]
[step 0110/150] method=ours loss=0.6304 train_acc=0.6960 train_loss=0.6220 val_acc=0.6498 val_loss=0.6457 router_H=0.6918 best=0.6498
           router_load=[0.14201802015304565, 0.06998579204082489, 0.2739134728908539, 0.5140827894210815]
[step 0120/150] method=ours loss=0.5864 train_acc=0.6960 train_loss=0.6220 val_acc=0.6498 val_loss=0.6457 router_H=0.6918 best=0.6498
           router_load=[0.14201802015304565, 0.06998579204082489, 0.2739134728908539, 0.5140827894210815]
[step 0130/150] method=ours loss=0.6256 train_acc=0.6960 train_loss=0.6220 val_acc=0.6498 val_loss=0.6457 router_H=0.6918 best=0.6498
           router_load=[0.14201802015304565, 0.06998579204082489, 0.2739134728908539, 0.5140827894210815]
[step 0140/150] method=ours loss=0.6691 train_acc=0.6960 train_loss=0.6220 val_acc=0.6498 val_loss=0.6457 router_H=0.6918 best=0.6498
           router_load=[0.14201802015304565, 0.06998579204082489, 0.2739134728908539, 0.5140827894210815]
[step 0150/150] method=ours loss=0.6239 train_acc=0.7185 train_loss=0.5889 val_acc=0.7004 val_loss=0.6114 router_H=0.6928 best=0.7004
           router_load=[0.12882404029369354, 0.00872823316603899, 0.4197714924812317, 0.44267627596855164]
saved summary -> /home/zhujjing/MOE-grad-conflict-routing/runs/paper_suite/single_gpu/single_task/roberta_rte_lora_e4_k2/hpo/ours/trial_runs/coord_02_train_weight_decay_003/ours_s2.json
saved curve -> /home/zhujjing/MOE-grad-conflict-routing/runs/paper_suite/single_gpu/single_task/roberta_rte_lora_e4_k2/hpo/ours/trial_runs/coord_02_train_weight_decay_003/ours_s2_curve.csv
