[run] method=ours candidate=coord_02_train_weight_decay_000 seed=3 steps=150 gpu=0
[run] cmd=
/home/zhujjing/anaconda3/envs/moe/bin/python /home/zhujjing/MOE-grad-conflict-routing/scripts/run.py --config configs/singletask_rte_real.yaml --set model.backbone_backend=hf --set model.hf_load_pretrained=true --set model.backbone=roberta --set model.hf_pretrained_name=roberta-base --set model.expert_type=lora --set model.routing_mode=topk --set model.num_experts=4 --set model.top_k=2 --set seed=3 --set method.name=ours --set train.steps=150 --set train.eval_every_steps=50 --set method.ours.use_load_norm=true --set method.ours.lambda_align=0.001 --set train.grad_clip=1 --set train.lr=2.521629285e-05 --set train.weight_decay=0.03963349774 --out /home/zhujjing/MOE-grad-conflict-routing/runs/paper_suite/single_gpu/single_task/roberta_rte_lora_e4_k2/hpo/ours/trial_runs/coord_02_train_weight_decay_000/ours_s3.json --curve_out /home/zhujjing/MOE-grad-conflict-routing/runs/paper_suite/single_gpu/single_task/roberta_rte_lora_e4_k2/hpo/ours/trial_runs/coord_02_train_weight_decay_000/ours_s3_curve.csv
Using the latest cached version of the dataset since glue couldn't be found on the Hugging Face Hub (offline mode is enabled).
Found the latest cached dataset configuration 'rte' at /home/zhujjing/hf_cache/datasets/glue/rte/0.0.0/bcdcba79d07bc864c1c254ccfcedcce55bcc9a8c (last modified on Thu Mar 19 15:00:36 2026).
/home/zhujjing/anaconda3/envs/moe/lib/python3.10/site-packages/transformers/utils/hub.py:124: FutureWarning: Using `TRANSFORMERS_CACHE` is deprecated and will be removed in v5 of Transformers. Use `HF_HOME` instead.
  warnings.warn(
Some weights of RobertaModel were not initialized from the model checkpoint at roberta-base and are newly initialized: ['roberta.pooler.dense.bias', 'roberta.pooler.dense.weight']
You should probably TRAIN this model on a down-stream task to be able to use it for predictions and inference.
[step 0001/150] method=ours loss=0.6936 train_acc=nan train_loss=nan val_acc=nan val_loss=nan best=-1.0000
[step 0010/150] method=ours loss=0.6824 train_acc=nan train_loss=nan val_acc=nan val_loss=nan best=-1.0000
[step 0020/150] method=ours loss=0.7227 train_acc=nan train_loss=nan val_acc=nan val_loss=nan best=-1.0000
[step 0030/150] method=ours loss=0.6612 train_acc=nan train_loss=nan val_acc=nan val_loss=nan best=-1.0000
[step 0040/150] method=ours loss=0.6869 train_acc=nan train_loss=nan val_acc=nan val_loss=nan best=-1.0000
[step 0050/150] method=ours loss=0.6725 train_acc=0.5651 train_loss=0.6756 val_acc=0.5343 val_loss=0.7019 router_H=0.6883 best=0.5343
           router_load=[0.5417576432228088, 0.4582422971725464, 0.0, 0.0]
[step 0060/150] method=ours loss=0.5837 train_acc=0.5651 train_loss=0.6756 val_acc=0.5343 val_loss=0.7019 router_H=0.6883 best=0.5343
           router_load=[0.5417576432228088, 0.4582422971725464, 0.0, 0.0]
[step 0070/150] method=ours loss=0.7133 train_acc=0.5651 train_loss=0.6756 val_acc=0.5343 val_loss=0.7019 router_H=0.6883 best=0.5343
           router_load=[0.5417576432228088, 0.4582422971725464, 0.0, 0.0]
[step 0080/150] method=ours loss=0.5734 train_acc=0.5651 train_loss=0.6756 val_acc=0.5343 val_loss=0.7019 router_H=0.6883 best=0.5343
           router_load=[0.5417576432228088, 0.4582422971725464, 0.0, 0.0]
[step 0090/150] method=ours loss=0.6534 train_acc=0.5651 train_loss=0.6756 val_acc=0.5343 val_loss=0.7019 router_H=0.6883 best=0.5343
           router_load=[0.5417576432228088, 0.4582422971725464, 0.0, 0.0]
[step 0100/150] method=ours loss=0.7076 train_acc=0.6960 train_loss=0.6015 val_acc=0.6245 val_loss=0.6395 router_H=0.6912 best=0.6245
           router_load=[0.5104129314422607, 0.48958706855773926, 0.0, 0.0]
[step 0110/150] method=ours loss=0.6190 train_acc=0.6960 train_loss=0.6015 val_acc=0.6245 val_loss=0.6395 router_H=0.6912 best=0.6245
           router_load=[0.5104129314422607, 0.48958706855773926, 0.0, 0.0]
[step 0120/150] method=ours loss=0.5520 train_acc=0.6960 train_loss=0.6015 val_acc=0.6245 val_loss=0.6395 router_H=0.6912 best=0.6245
           router_load=[0.5104129314422607, 0.48958706855773926, 0.0, 0.0]
[step 0130/150] method=ours loss=0.7538 train_acc=0.6960 train_loss=0.6015 val_acc=0.6245 val_loss=0.6395 router_H=0.6912 best=0.6245
           router_load=[0.5104129314422607, 0.48958706855773926, 0.0, 0.0]
[step 0140/150] method=ours loss=0.7580 train_acc=0.6960 train_loss=0.6015 val_acc=0.6245 val_loss=0.6395 router_H=0.6912 best=0.6245
           router_load=[0.5104129314422607, 0.48958706855773926, 0.0, 0.0]
[step 0150/150] method=ours loss=0.6600 train_acc=0.7779 train_loss=0.5811 val_acc=0.6715 val_loss=0.6289 router_H=0.6909 best=0.6715
           router_load=[0.5207493901252747, 0.46957236528396606, 0.009678189642727375, 0.0]
saved summary -> /home/zhujjing/MOE-grad-conflict-routing/runs/paper_suite/single_gpu/single_task/roberta_rte_lora_e4_k2/hpo/ours/trial_runs/coord_02_train_weight_decay_000/ours_s3.json
saved curve -> /home/zhujjing/MOE-grad-conflict-routing/runs/paper_suite/single_gpu/single_task/roberta_rte_lora_e4_k2/hpo/ours/trial_runs/coord_02_train_weight_decay_000/ours_s3_curve.csv
