[run] method=ours candidate=coord_02_train_weight_decay_020 seed=3 steps=150 gpu=0
[run] cmd=
/home/zhujjing/anaconda3/envs/moe/bin/python /home/zhujjing/MOE-grad-conflict-routing/scripts/run.py --config configs/singletask_rte_real.yaml --set model.backbone_backend=hf --set model.hf_load_pretrained=true --set model.backbone=roberta --set model.hf_pretrained_name=roberta-base --set model.expert_type=lora --set model.routing_mode=topk --set model.num_experts=4 --set model.top_k=2 --set seed=3 --set method.name=ours --set train.steps=150 --set train.eval_every_steps=50 --set method.ours.use_load_norm=true --set method.ours.lambda_align=0.001 --set train.grad_clip=1 --set train.lr=2.521629285e-05 --set train.weight_decay=0.04283921792 --out /home/zhujjing/MOE-grad-conflict-routing/runs/paper_suite/single_gpu/single_task/roberta_rte_lora_e4_k2/hpo/ours/trial_runs/coord_02_train_weight_decay_020/ours_s3.json --curve_out /home/zhujjing/MOE-grad-conflict-routing/runs/paper_suite/single_gpu/single_task/roberta_rte_lora_e4_k2/hpo/ours/trial_runs/coord_02_train_weight_decay_020/ours_s3_curve.csv
Using the latest cached version of the dataset since glue couldn't be found on the Hugging Face Hub (offline mode is enabled).
Found the latest cached dataset configuration 'rte' at /home/zhujjing/hf_cache/datasets/glue/rte/0.0.0/bcdcba79d07bc864c1c254ccfcedcce55bcc9a8c (last modified on Thu Mar 19 15:00:36 2026).
/home/zhujjing/anaconda3/envs/moe/lib/python3.10/site-packages/transformers/utils/hub.py:124: FutureWarning: Using `TRANSFORMERS_CACHE` is deprecated and will be removed in v5 of Transformers. Use `HF_HOME` instead.
  warnings.warn(
Some weights of RobertaModel were not initialized from the model checkpoint at roberta-base and are newly initialized: ['roberta.pooler.dense.bias', 'roberta.pooler.dense.weight']
You should probably TRAIN this model on a down-stream task to be able to use it for predictions and inference.
[step 0001/150] method=ours loss=0.7195 train_acc=nan train_loss=nan val_acc=nan val_loss=nan best=-1.0000
[step 0010/150] method=ours loss=0.6947 train_acc=nan train_loss=nan val_acc=nan val_loss=nan best=-1.0000
[step 0020/150] method=ours loss=0.7429 train_acc=nan train_loss=nan val_acc=nan val_loss=nan best=-1.0000
[step 0030/150] method=ours loss=0.6735 train_acc=nan train_loss=nan val_acc=nan val_loss=nan best=-1.0000
[step 0040/150] method=ours loss=0.6594 train_acc=nan train_loss=nan val_acc=nan val_loss=nan best=-1.0000
[step 0050/150] method=ours loss=0.6179 train_acc=0.6373 train_loss=0.6334 val_acc=0.6065 val_loss=0.6538 router_H=0.6902 best=0.6065
           router_load=[0.0, 0.47649478912353516, 0.0, 0.5235051512718201]
[step 0060/150] method=ours loss=0.5973 train_acc=0.6373 train_loss=0.6334 val_acc=0.6065 val_loss=0.6538 router_H=0.6902 best=0.6065
           router_load=[0.0, 0.47649478912353516, 0.0, 0.5235051512718201]
[step 0070/150] method=ours loss=0.7759 train_acc=0.6373 train_loss=0.6334 val_acc=0.6065 val_loss=0.6538 router_H=0.6902 best=0.6065
           router_load=[0.0, 0.47649478912353516, 0.0, 0.5235051512718201]
[step 0080/150] method=ours loss=0.6034 train_acc=0.6373 train_loss=0.6334 val_acc=0.6065 val_loss=0.6538 router_H=0.6902 best=0.6065
           router_load=[0.0, 0.47649478912353516, 0.0, 0.5235051512718201]
[step 0090/150] method=ours loss=0.5948 train_acc=0.6373 train_loss=0.6334 val_acc=0.6065 val_loss=0.6538 router_H=0.6902 best=0.6065
           router_load=[0.0, 0.47649478912353516, 0.0, 0.5235051512718201]
[step 0100/150] method=ours loss=0.6850 train_acc=0.7112 train_loss=0.5699 val_acc=0.6715 val_loss=0.6008 router_H=0.6918 best=0.6715
           router_load=[0.0, 0.4897860884666443, 0.0, 0.5102139711380005]
[step 0110/150] method=ours loss=0.5839 train_acc=0.7112 train_loss=0.5699 val_acc=0.6715 val_loss=0.6008 router_H=0.6918 best=0.6715
           router_load=[0.0, 0.4897860884666443, 0.0, 0.5102139711380005]
[step 0120/150] method=ours loss=0.6187 train_acc=0.7112 train_loss=0.5699 val_acc=0.6715 val_loss=0.6008 router_H=0.6918 best=0.6715
           router_load=[0.0, 0.4897860884666443, 0.0, 0.5102139711380005]
[step 0130/150] method=ours loss=0.7021 train_acc=0.7112 train_loss=0.5699 val_acc=0.6715 val_loss=0.6008 router_H=0.6918 best=0.6715
           router_load=[0.0, 0.4897860884666443, 0.0, 0.5102139711380005]
[step 0140/150] method=ours loss=0.6981 train_acc=0.7112 train_loss=0.5699 val_acc=0.6715 val_loss=0.6008 router_H=0.6918 best=0.6715
           router_load=[0.0, 0.4897860884666443, 0.0, 0.5102139711380005]
[step 0150/150] method=ours loss=0.5820 train_acc=0.7325 train_loss=0.5745 val_acc=0.6643 val_loss=0.6293 router_H=0.6918 best=0.6715
           router_load=[0.0, 0.49288251996040344, 0.0, 0.5071174502372742]
saved summary -> /home/zhujjing/MOE-grad-conflict-routing/runs/paper_suite/single_gpu/single_task/roberta_rte_lora_e4_k2/hpo/ours/trial_runs/coord_02_train_weight_decay_020/ours_s3.json
saved curve -> /home/zhujjing/MOE-grad-conflict-routing/runs/paper_suite/single_gpu/single_task/roberta_rte_lora_e4_k2/hpo/ours/trial_runs/coord_02_train_weight_decay_020/ours_s3_curve.csv
