[run] method=ours candidate=coord_02_train_weight_decay_016 seed=3 steps=150 gpu=0
[run] cmd=
/home/zhujjing/anaconda3/envs/moe/bin/python /home/zhujjing/MOE-grad-conflict-routing/scripts/run.py --config configs/singletask_rte_real.yaml --set model.backbone_backend=hf --set model.hf_load_pretrained=true --set model.backbone=roberta --set model.hf_pretrained_name=roberta-base --set model.expert_type=lora --set model.routing_mode=topk --set model.num_experts=4 --set model.top_k=2 --set seed=3 --set method.name=ours --set train.steps=150 --set train.eval_every_steps=50 --set method.ours.use_load_norm=true --set method.ours.lambda_align=0.001 --set train.grad_clip=1 --set train.lr=2.521629285e-05 --set train.weight_decay=0.0452861226 --out /home/zhujjing/MOE-grad-conflict-routing/runs/paper_suite/single_gpu/single_task/roberta_rte_lora_e4_k2/hpo/ours/trial_runs/coord_02_train_weight_decay_016/ours_s3.json --curve_out /home/zhujjing/MOE-grad-conflict-routing/runs/paper_suite/single_gpu/single_task/roberta_rte_lora_e4_k2/hpo/ours/trial_runs/coord_02_train_weight_decay_016/ours_s3_curve.csv
Using the latest cached version of the dataset since glue couldn't be found on the Hugging Face Hub (offline mode is enabled).
Found the latest cached dataset configuration 'rte' at /home/zhujjing/hf_cache/datasets/glue/rte/0.0.0/bcdcba79d07bc864c1c254ccfcedcce55bcc9a8c (last modified on Thu Mar 19 15:00:36 2026).
/home/zhujjing/anaconda3/envs/moe/lib/python3.10/site-packages/transformers/utils/hub.py:124: FutureWarning: Using `TRANSFORMERS_CACHE` is deprecated and will be removed in v5 of Transformers. Use `HF_HOME` instead.
  warnings.warn(
Some weights of RobertaModel were not initialized from the model checkpoint at roberta-base and are newly initialized: ['roberta.pooler.dense.bias', 'roberta.pooler.dense.weight']
You should probably TRAIN this model on a down-stream task to be able to use it for predictions and inference.
[step 0001/150] method=ours loss=0.6993 train_acc=nan train_loss=nan val_acc=nan val_loss=nan best=-1.0000
[step 0010/150] method=ours loss=0.7060 train_acc=nan train_loss=nan val_acc=nan val_loss=nan best=-1.0000
[step 0020/150] method=ours loss=0.7007 train_acc=nan train_loss=nan val_acc=nan val_loss=nan best=-1.0000
[step 0030/150] method=ours loss=0.6656 train_acc=nan train_loss=nan val_acc=nan val_loss=nan best=-1.0000
[step 0040/150] method=ours loss=0.6730 train_acc=nan train_loss=nan val_acc=nan val_loss=nan best=-1.0000
[step 0050/150] method=ours loss=0.6622 train_acc=0.6341 train_loss=0.6298 val_acc=0.5848 val_loss=0.6730 router_H=0.6909 best=0.5848
           router_load=[0.5225002765655518, 0.01684722676873207, 0.30041536688804626, 0.1602371633052826]
[step 0060/150] method=ours loss=0.6418 train_acc=0.6341 train_loss=0.6298 val_acc=0.5848 val_loss=0.6730 router_H=0.6909 best=0.5848
           router_load=[0.5225002765655518, 0.01684722676873207, 0.30041536688804626, 0.1602371633052826]
[step 0070/150] method=ours loss=0.7492 train_acc=0.6341 train_loss=0.6298 val_acc=0.5848 val_loss=0.6730 router_H=0.6909 best=0.5848
           router_load=[0.5225002765655518, 0.01684722676873207, 0.30041536688804626, 0.1602371633052826]
[step 0080/150] method=ours loss=0.5792 train_acc=0.6341 train_loss=0.6298 val_acc=0.5848 val_loss=0.6730 router_H=0.6909 best=0.5848
           router_load=[0.5225002765655518, 0.01684722676873207, 0.30041536688804626, 0.1602371633052826]
[step 0090/150] method=ours loss=0.6039 train_acc=0.6341 train_loss=0.6298 val_acc=0.5848 val_loss=0.6730 router_H=0.6909 best=0.5848
           router_load=[0.5225002765655518, 0.01684722676873207, 0.30041536688804626, 0.1602371633052826]
[step 0100/150] method=ours loss=0.5780 train_acc=0.7096 train_loss=0.5690 val_acc=0.6823 val_loss=0.6105 router_H=0.6914 best=0.6823
           router_load=[0.5180561542510986, 0.017057090997695923, 0.24352969229221344, 0.22135698795318604]
[step 0110/150] method=ours loss=0.6329 train_acc=0.7096 train_loss=0.5690 val_acc=0.6823 val_loss=0.6105 router_H=0.6914 best=0.6823
           router_load=[0.5180561542510986, 0.017057090997695923, 0.24352969229221344, 0.22135698795318604]
[step 0120/150] method=ours loss=0.6296 train_acc=0.7096 train_loss=0.5690 val_acc=0.6823 val_loss=0.6105 router_H=0.6914 best=0.6823
           router_load=[0.5180561542510986, 0.017057090997695923, 0.24352969229221344, 0.22135698795318604]
[step 0130/150] method=ours loss=0.6731 train_acc=0.7096 train_loss=0.5690 val_acc=0.6823 val_loss=0.6105 router_H=0.6914 best=0.6823
           router_load=[0.5180561542510986, 0.017057090997695923, 0.24352969229221344, 0.22135698795318604]
[step 0140/150] method=ours loss=0.6392 train_acc=0.7096 train_loss=0.5690 val_acc=0.6823 val_loss=0.6105 router_H=0.6914 best=0.6823
           router_load=[0.5180561542510986, 0.017057090997695923, 0.24352969229221344, 0.22135698795318604]
[step 0150/150] method=ours loss=0.5597 train_acc=0.7763 train_loss=0.4980 val_acc=0.6823 val_loss=0.5773 router_H=0.6902 best=0.6823
           router_load=[0.5343724489212036, 0.0800987035036087, 0.2235657423734665, 0.16196313500404358]
saved summary -> /home/zhujjing/MOE-grad-conflict-routing/runs/paper_suite/single_gpu/single_task/roberta_rte_lora_e4_k2/hpo/ours/trial_runs/coord_02_train_weight_decay_016/ours_s3.json
saved curve -> /home/zhujjing/MOE-grad-conflict-routing/runs/paper_suite/single_gpu/single_task/roberta_rte_lora_e4_k2/hpo/ours/trial_runs/coord_02_train_weight_decay_016/ours_s3_curve.csv
