[run] method=ours candidate=coord_02_train_weight_decay_013 seed=3 steps=150 gpu=0
[run] cmd=
/home/zhujjing/anaconda3/envs/moe/bin/python /home/zhujjing/MOE-grad-conflict-routing/scripts/run.py --config configs/singletask_rte_real.yaml --set model.backbone_backend=hf --set model.hf_load_pretrained=true --set model.backbone=roberta --set model.hf_pretrained_name=roberta-base --set model.expert_type=lora --set model.routing_mode=topk --set model.num_experts=4 --set model.top_k=2 --set seed=3 --set method.name=ours --set train.steps=150 --set train.eval_every_steps=50 --set method.ours.use_load_norm=true --set method.ours.lambda_align=0.001 --set train.grad_clip=1 --set train.lr=2.521629285e-05 --set train.weight_decay=0.04796146989 --out /home/zhujjing/MOE-grad-conflict-routing/runs/paper_suite/single_gpu/single_task/roberta_rte_lora_e4_k2/hpo/ours/trial_runs/coord_02_train_weight_decay_013/ours_s3.json --curve_out /home/zhujjing/MOE-grad-conflict-routing/runs/paper_suite/single_gpu/single_task/roberta_rte_lora_e4_k2/hpo/ours/trial_runs/coord_02_train_weight_decay_013/ours_s3_curve.csv
Using the latest cached version of the dataset since glue couldn't be found on the Hugging Face Hub (offline mode is enabled).
Found the latest cached dataset configuration 'rte' at /home/zhujjing/hf_cache/datasets/glue/rte/0.0.0/bcdcba79d07bc864c1c254ccfcedcce55bcc9a8c (last modified on Thu Mar 19 15:00:36 2026).
/home/zhujjing/anaconda3/envs/moe/lib/python3.10/site-packages/transformers/utils/hub.py:124: FutureWarning: Using `TRANSFORMERS_CACHE` is deprecated and will be removed in v5 of Transformers. Use `HF_HOME` instead.
  warnings.warn(
Some weights of RobertaModel were not initialized from the model checkpoint at roberta-base and are newly initialized: ['roberta.pooler.dense.bias', 'roberta.pooler.dense.weight']
You should probably TRAIN this model on a down-stream task to be able to use it for predictions and inference.
[step 0001/150] method=ours loss=0.7108 train_acc=nan train_loss=nan val_acc=nan val_loss=nan best=-1.0000
[step 0010/150] method=ours loss=0.6999 train_acc=nan train_loss=nan val_acc=nan val_loss=nan best=-1.0000
[step 0020/150] method=ours loss=0.6894 train_acc=nan train_loss=nan val_acc=nan val_loss=nan best=-1.0000
[step 0030/150] method=ours loss=0.6613 train_acc=nan train_loss=nan val_acc=nan val_loss=nan best=-1.0000
[step 0040/150] method=ours loss=0.6661 train_acc=nan train_loss=nan val_acc=nan val_loss=nan best=-1.0000
[step 0050/150] method=ours loss=0.6581 train_acc=0.6478 train_loss=0.6357 val_acc=0.6101 val_loss=0.6521 router_H=0.6880 best=0.6101
           router_load=[0.5421059131622314, 0.3628373444080353, 0.0748363733291626, 0.02022022381424904]
[step 0060/150] method=ours loss=0.6199 train_acc=0.6478 train_loss=0.6357 val_acc=0.6101 val_loss=0.6521 router_H=0.6880 best=0.6101
           router_load=[0.5421059131622314, 0.3628373444080353, 0.0748363733291626, 0.02022022381424904]
[step 0070/150] method=ours loss=0.7142 train_acc=0.6478 train_loss=0.6357 val_acc=0.6101 val_loss=0.6521 router_H=0.6880 best=0.6101
           router_load=[0.5421059131622314, 0.3628373444080353, 0.0748363733291626, 0.02022022381424904]
[step 0080/150] method=ours loss=0.6233 train_acc=0.6478 train_loss=0.6357 val_acc=0.6101 val_loss=0.6521 router_H=0.6880 best=0.6101
           router_load=[0.5421059131622314, 0.3628373444080353, 0.0748363733291626, 0.02022022381424904]
[step 0090/150] method=ours loss=0.6096 train_acc=0.6478 train_loss=0.6357 val_acc=0.6101 val_loss=0.6521 router_H=0.6880 best=0.6101
           router_load=[0.5421059131622314, 0.3628373444080353, 0.0748363733291626, 0.02022022381424904]
[step 0100/150] method=ours loss=0.6184 train_acc=0.7072 train_loss=0.5660 val_acc=0.6895 val_loss=0.5956 router_H=0.6911 best=0.6895
           router_load=[0.5075117945671082, 0.4429173171520233, 0.044704634696245193, 0.004866290837526321]
[step 0110/150] method=ours loss=0.6555 train_acc=0.7072 train_loss=0.5660 val_acc=0.6895 val_loss=0.5956 router_H=0.6911 best=0.6895
           router_load=[0.5075117945671082, 0.4429173171520233, 0.044704634696245193, 0.004866290837526321]
[step 0120/150] method=ours loss=0.6138 train_acc=0.7072 train_loss=0.5660 val_acc=0.6895 val_loss=0.5956 router_H=0.6911 best=0.6895
           router_load=[0.5075117945671082, 0.4429173171520233, 0.044704634696245193, 0.004866290837526321]
[step 0130/150] method=ours loss=0.7605 train_acc=0.7072 train_loss=0.5660 val_acc=0.6895 val_loss=0.5956 router_H=0.6911 best=0.6895
           router_load=[0.5075117945671082, 0.4429173171520233, 0.044704634696245193, 0.004866290837526321]
[step 0140/150] method=ours loss=0.6264 train_acc=0.7072 train_loss=0.5660 val_acc=0.6895 val_loss=0.5956 router_H=0.6911 best=0.6895
           router_load=[0.5075117945671082, 0.4429173171520233, 0.044704634696245193, 0.004866290837526321]
[step 0150/150] method=ours loss=0.5305 train_acc=0.7558 train_loss=0.5174 val_acc=0.6859 val_loss=0.6015 router_H=0.6917 best=0.6895
           router_load=[0.517685055732727, 0.47411733865737915, 0.0033818341325968504, 0.00481577729806304]
saved summary -> /home/zhujjing/MOE-grad-conflict-routing/runs/paper_suite/single_gpu/single_task/roberta_rte_lora_e4_k2/hpo/ours/trial_runs/coord_02_train_weight_decay_013/ours_s3.json
saved curve -> /home/zhujjing/MOE-grad-conflict-routing/runs/paper_suite/single_gpu/single_task/roberta_rte_lora_e4_k2/hpo/ours/trial_runs/coord_02_train_weight_decay_013/ours_s3_curve.csv
