[run] method=ours candidate=coord_02_train_weight_decay_009 seed=3 steps=150 gpu=0
[run] cmd=
/home/zhujjing/anaconda3/envs/moe/bin/python /home/zhujjing/MOE-grad-conflict-routing/scripts/run.py --config configs/singletask_rte_real.yaml --set model.backbone_backend=hf --set model.hf_load_pretrained=true --set model.backbone=roberta --set model.hf_pretrained_name=roberta-base --set model.expert_type=lora --set model.routing_mode=topk --set model.num_experts=4 --set model.top_k=2 --set seed=3 --set method.name=ours --set train.steps=150 --set train.eval_every_steps=50 --set method.ours.use_load_norm=true --set method.ours.lambda_align=0.001 --set train.grad_clip=1 --set train.lr=2.521629285e-05 --set train.weight_decay=0.03112945656 --out /home/zhujjing/MOE-grad-conflict-routing/runs/paper_suite/single_gpu/single_task/roberta_rte_lora_e4_k2/hpo/ours/trial_runs/coord_02_train_weight_decay_009/ours_s3.json --curve_out /home/zhujjing/MOE-grad-conflict-routing/runs/paper_suite/single_gpu/single_task/roberta_rte_lora_e4_k2/hpo/ours/trial_runs/coord_02_train_weight_decay_009/ours_s3_curve.csv
Using the latest cached version of the dataset since glue couldn't be found on the Hugging Face Hub (offline mode is enabled).
Found the latest cached dataset configuration 'rte' at /home/zhujjing/hf_cache/datasets/glue/rte/0.0.0/bcdcba79d07bc864c1c254ccfcedcce55bcc9a8c (last modified on Thu Mar 19 15:00:36 2026).
/home/zhujjing/anaconda3/envs/moe/lib/python3.10/site-packages/transformers/utils/hub.py:124: FutureWarning: Using `TRANSFORMERS_CACHE` is deprecated and will be removed in v5 of Transformers. Use `HF_HOME` instead.
  warnings.warn(
Some weights of RobertaModel were not initialized from the model checkpoint at roberta-base and are newly initialized: ['roberta.pooler.dense.bias', 'roberta.pooler.dense.weight']
You should probably TRAIN this model on a down-stream task to be able to use it for predictions and inference.
[step 0001/150] method=ours loss=0.6955 train_acc=nan train_loss=nan val_acc=nan val_loss=nan best=-1.0000
[step 0010/150] method=ours loss=0.6955 train_acc=nan train_loss=nan val_acc=nan val_loss=nan best=-1.0000
[step 0020/150] method=ours loss=0.7129 train_acc=nan train_loss=nan val_acc=nan val_loss=nan best=-1.0000
[step 0030/150] method=ours loss=0.6846 train_acc=nan train_loss=nan val_acc=nan val_loss=nan best=-1.0000
[step 0040/150] method=ours loss=0.6660 train_acc=nan train_loss=nan val_acc=nan val_loss=nan best=-1.0000
[step 0050/150] method=ours loss=0.6450 train_acc=0.6647 train_loss=0.6122 val_acc=0.6245 val_loss=0.6524 router_H=0.6855 best=0.6245
           router_load=[0.13678918778896332, 0.02083294279873371, 0.29094991087913513, 0.5514279007911682]
[step 0060/150] method=ours loss=0.5582 train_acc=0.6647 train_loss=0.6122 val_acc=0.6245 val_loss=0.6524 router_H=0.6855 best=0.6245
           router_load=[0.13678918778896332, 0.02083294279873371, 0.29094991087913513, 0.5514279007911682]
[step 0070/150] method=ours loss=0.7030 train_acc=0.6647 train_loss=0.6122 val_acc=0.6245 val_loss=0.6524 router_H=0.6855 best=0.6245
           router_load=[0.13678918778896332, 0.02083294279873371, 0.29094991087913513, 0.5514279007911682]
[step 0080/150] method=ours loss=0.5786 train_acc=0.6647 train_loss=0.6122 val_acc=0.6245 val_loss=0.6524 router_H=0.6855 best=0.6245
           router_load=[0.13678918778896332, 0.02083294279873371, 0.29094991087913513, 0.5514279007911682]
[step 0090/150] method=ours loss=0.6209 train_acc=0.6647 train_loss=0.6122 val_acc=0.6245 val_loss=0.6524 router_H=0.6855 best=0.6245
           router_load=[0.13678918778896332, 0.02083294279873371, 0.29094991087913513, 0.5514279007911682]
[step 0100/150] method=ours loss=0.7022 train_acc=0.7317 train_loss=0.5663 val_acc=0.7112 val_loss=0.6008 router_H=0.6859 best=0.7112
           router_load=[0.2762652635574341, 0.004278060048818588, 0.1647922694683075, 0.5546643733978271]
[step 0110/150] method=ours loss=0.6102 train_acc=0.7317 train_loss=0.5663 val_acc=0.7112 val_loss=0.6008 router_H=0.6859 best=0.7112
           router_load=[0.2762652635574341, 0.004278060048818588, 0.1647922694683075, 0.5546643733978271]
[step 0120/150] method=ours loss=0.7413 train_acc=0.7317 train_loss=0.5663 val_acc=0.7112 val_loss=0.6008 router_H=0.6859 best=0.7112
           router_load=[0.2762652635574341, 0.004278060048818588, 0.1647922694683075, 0.5546643733978271]
[step 0130/150] method=ours loss=0.6511 train_acc=0.7317 train_loss=0.5663 val_acc=0.7112 val_loss=0.6008 router_H=0.6859 best=0.7112
           router_load=[0.2762652635574341, 0.004278060048818588, 0.1647922694683075, 0.5546643733978271]
[step 0140/150] method=ours loss=0.6997 train_acc=0.7317 train_loss=0.5663 val_acc=0.7112 val_loss=0.6008 router_H=0.6859 best=0.7112
           router_load=[0.2762652635574341, 0.004278060048818588, 0.1647922694683075, 0.5546643733978271]
[step 0150/150] method=ours loss=0.4984 train_acc=0.7651 train_loss=0.5335 val_acc=0.6895 val_loss=0.6085 router_H=0.6891 best=0.7112
           router_load=[0.3543713092803955, 0.004592940676957369, 0.10776570439338684, 0.533270001411438]
saved summary -> /home/zhujjing/MOE-grad-conflict-routing/runs/paper_suite/single_gpu/single_task/roberta_rte_lora_e4_k2/hpo/ours/trial_runs/coord_02_train_weight_decay_009/ours_s3.json
saved curve -> /home/zhujjing/MOE-grad-conflict-routing/runs/paper_suite/single_gpu/single_task/roberta_rte_lora_e4_k2/hpo/ours/trial_runs/coord_02_train_weight_decay_009/ours_s3_curve.csv
