[run] method=baseline candidate=coord_03_train_grad_clip_013 seed=2 steps=150 gpu=0
[run] cmd=
/home/zhujjing/anaconda3/envs/moe/bin/python /home/zhujjing/MOE-grad-conflict-routing/scripts/run.py --config configs/singletask_mrpc_real.yaml --set model.backbone_backend=hf --set model.hf_load_pretrained=true --set model.backbone=roberta --set model.hf_pretrained_name=roberta-base --set model.expert_type=ffn --set model.routing_mode=topk --set model.num_experts=4 --set model.top_k=2 --set seed=2 --set method.name=baseline_avg --set train.steps=150 --set train.eval_every_steps=50 --set train.grad_clip=0.7891724795 --set train.lr=3.842377498e-05 --set train.weight_decay=0.01487570917 --out /home/zhujjing/MOE-grad-conflict-routing/runs/paper_suite/single_gpu/single_task/roberta_mrpc_ffn_e4_k2/hpo/baseline/trial_runs/coord_03_train_grad_clip_013/baseline_s2.json --curve_out /home/zhujjing/MOE-grad-conflict-routing/runs/paper_suite/single_gpu/single_task/roberta_mrpc_ffn_e4_k2/hpo/baseline/trial_runs/coord_03_train_grad_clip_013/baseline_s2_curve.csv
Using the latest cached version of the dataset since glue couldn't be found on the Hugging Face Hub (offline mode is enabled).
Found the latest cached dataset configuration 'mrpc' at /home/zhujjing/hf_cache/datasets/glue/mrpc/0.0.0/bcdcba79d07bc864c1c254ccfcedcce55bcc9a8c (last modified on Thu Mar 19 15:01:06 2026).
/home/zhujjing/anaconda3/envs/moe/lib/python3.10/site-packages/transformers/utils/hub.py:124: FutureWarning: Using `TRANSFORMERS_CACHE` is deprecated and will be removed in v5 of Transformers. Use `HF_HOME` instead.
  warnings.warn(
Some weights of RobertaModel were not initialized from the model checkpoint at roberta-base and are newly initialized: ['roberta.pooler.dense.bias', 'roberta.pooler.dense.weight']
You should probably TRAIN this model on a down-stream task to be able to use it for predictions and inference.
[step 0001/150] method=baseline_avg loss=0.6815 train_acc=nan train_loss=nan val_acc=nan val_loss=nan best=-1.0000
[step 0010/150] method=baseline_avg loss=0.6707 train_acc=nan train_loss=nan val_acc=nan val_loss=nan best=-1.0000
[step 0020/150] method=baseline_avg loss=0.6541 train_acc=nan train_loss=nan val_acc=nan val_loss=nan best=-1.0000
[step 0030/150] method=baseline_avg loss=0.6410 train_acc=nan train_loss=nan val_acc=nan val_loss=nan best=-1.0000
[step 0040/150] method=baseline_avg loss=0.5302 train_acc=nan train_loss=nan val_acc=nan val_loss=nan best=-1.0000
[step 0050/150] method=baseline_avg loss=0.5279 train_acc=0.6911 train_loss=0.5566 val_acc=0.7083 val_loss=0.5556 router_H=0.6782 best=0.7083
           router_load=[0.04374001547694206, 0.001967647112905979, 0.5537301898002625, 0.4005621075630188]
[step 0060/150] method=baseline_avg loss=0.5986 train_acc=0.6911 train_loss=0.5566 val_acc=0.7083 val_loss=0.5556 router_H=0.6782 best=0.7083
           router_load=[0.04374001547694206, 0.001967647112905979, 0.5537301898002625, 0.4005621075630188]
[step 0070/150] method=baseline_avg loss=0.4313 train_acc=0.6911 train_loss=0.5566 val_acc=0.7083 val_loss=0.5556 router_H=0.6782 best=0.7083
           router_load=[0.04374001547694206, 0.001967647112905979, 0.5537301898002625, 0.4005621075630188]
[step 0080/150] method=baseline_avg loss=0.4975 train_acc=0.6911 train_loss=0.5566 val_acc=0.7083 val_loss=0.5556 router_H=0.6782 best=0.7083
           router_load=[0.04374001547694206, 0.001967647112905979, 0.5537301898002625, 0.4005621075630188]
[step 0090/150] method=baseline_avg loss=0.3760 train_acc=0.6911 train_loss=0.5566 val_acc=0.7083 val_loss=0.5556 router_H=0.6782 best=0.7083
           router_load=[0.04374001547694206, 0.001967647112905979, 0.5537301898002625, 0.4005621075630188]
[step 0100/150] method=baseline_avg loss=0.5134 train_acc=0.7879 train_loss=0.4547 val_acc=0.7696 val_loss=0.4629 router_H=0.6636 best=0.7696
           router_load=[0.01731187477707863, 0.009985304437577724, 0.6080644726753235, 0.36463844776153564]
[step 0110/150] method=baseline_avg loss=0.6859 train_acc=0.7879 train_loss=0.4547 val_acc=0.7696 val_loss=0.4629 router_H=0.6636 best=0.7696
           router_load=[0.01731187477707863, 0.009985304437577724, 0.6080644726753235, 0.36463844776153564]
[step 0120/150] method=baseline_avg loss=0.2441 train_acc=0.7879 train_loss=0.4547 val_acc=0.7696 val_loss=0.4629 router_H=0.6636 best=0.7696
           router_load=[0.01731187477707863, 0.009985304437577724, 0.6080644726753235, 0.36463844776153564]
[step 0130/150] method=baseline_avg loss=0.5301 train_acc=0.7879 train_loss=0.4547 val_acc=0.7696 val_loss=0.4629 router_H=0.6636 best=0.7696
           router_load=[0.01731187477707863, 0.009985304437577724, 0.6080644726753235, 0.36463844776153564]
[step 0140/150] method=baseline_avg loss=0.3214 train_acc=0.7879 train_loss=0.4547 val_acc=0.7696 val_loss=0.4629 router_H=0.6636 best=0.7696
           router_load=[0.01731187477707863, 0.009985304437577724, 0.6080644726753235, 0.36463844776153564]
[step 0150/150] method=baseline_avg loss=0.6783 train_acc=0.8591 train_loss=0.3493 val_acc=0.8480 val_loss=0.3844 router_H=0.6400 best=0.8480
           router_load=[0.029972529038786888, 0.0, 0.6401234269142151, 0.32990410923957825]
saved summary -> /home/zhujjing/MOE-grad-conflict-routing/runs/paper_suite/single_gpu/single_task/roberta_mrpc_ffn_e4_k2/hpo/baseline/trial_runs/coord_03_train_grad_clip_013/baseline_s2.json
saved curve -> /home/zhujjing/MOE-grad-conflict-routing/runs/paper_suite/single_gpu/single_task/roberta_mrpc_ffn_e4_k2/hpo/baseline/trial_runs/coord_03_train_grad_clip_013/baseline_s2_curve.csv
