[run] method=baseline candidate=coord_03_train_grad_clip_025 seed=2 steps=150 gpu=0
[run] cmd=
/home/zhujjing/anaconda3/envs/moe/bin/python /home/zhujjing/MOE-grad-conflict-routing/scripts/run.py --config configs/singletask_mrpc_real.yaml --set model.backbone_backend=hf --set model.hf_load_pretrained=true --set model.backbone=roberta --set model.hf_pretrained_name=roberta-base --set model.expert_type=ffn --set model.routing_mode=topk --set model.num_experts=4 --set model.top_k=2 --set seed=2 --set method.name=baseline_avg --set train.steps=150 --set train.eval_every_steps=50 --set train.grad_clip=1.451336364 --set train.lr=3.842377498e-05 --set train.weight_decay=0.01487570917 --out /home/zhujjing/MOE-grad-conflict-routing/runs/paper_suite/single_gpu/single_task/roberta_mrpc_ffn_e4_k2/hpo/baseline/trial_runs/coord_03_train_grad_clip_025/baseline_s2.json --curve_out /home/zhujjing/MOE-grad-conflict-routing/runs/paper_suite/single_gpu/single_task/roberta_mrpc_ffn_e4_k2/hpo/baseline/trial_runs/coord_03_train_grad_clip_025/baseline_s2_curve.csv
Using the latest cached version of the dataset since glue couldn't be found on the Hugging Face Hub (offline mode is enabled).
Found the latest cached dataset configuration 'mrpc' at /home/zhujjing/hf_cache/datasets/glue/mrpc/0.0.0/bcdcba79d07bc864c1c254ccfcedcce55bcc9a8c (last modified on Thu Mar 19 15:01:06 2026).
/home/zhujjing/anaconda3/envs/moe/lib/python3.10/site-packages/transformers/utils/hub.py:124: FutureWarning: Using `TRANSFORMERS_CACHE` is deprecated and will be removed in v5 of Transformers. Use `HF_HOME` instead.
  warnings.warn(
Some weights of RobertaModel were not initialized from the model checkpoint at roberta-base and are newly initialized: ['roberta.pooler.dense.bias', 'roberta.pooler.dense.weight']
You should probably TRAIN this model on a down-stream task to be able to use it for predictions and inference.
[step 0001/150] method=baseline_avg loss=0.6962 train_acc=nan train_loss=nan val_acc=nan val_loss=nan best=-1.0000
[step 0010/150] method=baseline_avg loss=0.6472 train_acc=nan train_loss=nan val_acc=nan val_loss=nan best=-1.0000
[step 0020/150] method=baseline_avg loss=0.6458 train_acc=nan train_loss=nan val_acc=nan val_loss=nan best=-1.0000
[step 0030/150] method=baseline_avg loss=0.6217 train_acc=nan train_loss=nan val_acc=nan val_loss=nan best=-1.0000
[step 0040/150] method=baseline_avg loss=0.6545 train_acc=nan train_loss=nan val_acc=nan val_loss=nan best=-1.0000
[step 0050/150] method=baseline_avg loss=0.5623 train_acc=0.7631 train_loss=0.5681 val_acc=0.7843 val_loss=0.5625 router_H=0.6480 best=0.7843
           router_load=[0.35160815715789795, 0.006261442322283983, 0.0015183865325525403, 0.6406120657920837]
[step 0060/150] method=baseline_avg loss=0.6103 train_acc=0.7631 train_loss=0.5681 val_acc=0.7843 val_loss=0.5625 router_H=0.6480 best=0.7843
           router_load=[0.35160815715789795, 0.006261442322283983, 0.0015183865325525403, 0.6406120657920837]
[step 0070/150] method=baseline_avg loss=0.3978 train_acc=0.7631 train_loss=0.5681 val_acc=0.7843 val_loss=0.5625 router_H=0.6480 best=0.7843
           router_load=[0.35160815715789795, 0.006261442322283983, 0.0015183865325525403, 0.6406120657920837]
[step 0080/150] method=baseline_avg loss=0.4012 train_acc=0.7631 train_loss=0.5681 val_acc=0.7843 val_loss=0.5625 router_H=0.6480 best=0.7843
           router_load=[0.35160815715789795, 0.006261442322283983, 0.0015183865325525403, 0.6406120657920837]
[step 0090/150] method=baseline_avg loss=0.3585 train_acc=0.7631 train_loss=0.5681 val_acc=0.7843 val_loss=0.5625 router_H=0.6480 best=0.7843
           router_load=[0.35160815715789795, 0.006261442322283983, 0.0015183865325525403, 0.6406120657920837]
[step 0100/150] method=baseline_avg loss=0.4972 train_acc=0.7650 train_loss=0.4365 val_acc=0.7525 val_loss=0.4403 router_H=0.5317 best=0.7843
           router_load=[0.6779896020889282, 0.0, 0.0, 0.32201042771339417]
[step 0110/150] method=baseline_avg loss=0.5969 train_acc=0.7650 train_loss=0.4365 val_acc=0.7525 val_loss=0.4403 router_H=0.5317 best=0.7843
           router_load=[0.6779896020889282, 0.0, 0.0, 0.32201042771339417]
[step 0120/150] method=baseline_avg loss=0.2475 train_acc=0.7650 train_loss=0.4365 val_acc=0.7525 val_loss=0.4403 router_H=0.5317 best=0.7843
           router_load=[0.6779896020889282, 0.0, 0.0, 0.32201042771339417]
[step 0130/150] method=baseline_avg loss=0.4549 train_acc=0.7650 train_loss=0.4365 val_acc=0.7525 val_loss=0.4403 router_H=0.5317 best=0.7843
           router_load=[0.6779896020889282, 0.0, 0.0, 0.32201042771339417]
[step 0140/150] method=baseline_avg loss=0.3384 train_acc=0.7650 train_loss=0.4365 val_acc=0.7525 val_loss=0.4403 router_H=0.5317 best=0.7843
           router_load=[0.6779896020889282, 0.0, 0.0, 0.32201042771339417]
[step 0150/150] method=baseline_avg loss=0.7202 train_acc=0.8405 train_loss=0.4288 val_acc=0.8505 val_loss=0.4377 router_H=0.4985 best=0.8505
           router_load=[0.7591020464897156, 0.0, 0.0, 0.24089790880680084]
saved summary -> /home/zhujjing/MOE-grad-conflict-routing/runs/paper_suite/single_gpu/single_task/roberta_mrpc_ffn_e4_k2/hpo/baseline/trial_runs/coord_03_train_grad_clip_025/baseline_s2.json
saved curve -> /home/zhujjing/MOE-grad-conflict-routing/runs/paper_suite/single_gpu/single_task/roberta_mrpc_ffn_e4_k2/hpo/baseline/trial_runs/coord_03_train_grad_clip_025/baseline_s2_curve.csv
