[run] method=baseline candidate=coord_03_train_grad_clip_026 seed=2 steps=150 gpu=0
[run] cmd=
/home/zhujjing/anaconda3/envs/moe/bin/python /home/zhujjing/MOE-grad-conflict-routing/scripts/run.py --config configs/singletask_mrpc_real.yaml --set model.backbone_backend=hf --set model.hf_load_pretrained=true --set model.backbone=roberta --set model.hf_pretrained_name=roberta-base --set model.expert_type=ffn --set model.routing_mode=topk --set model.num_experts=4 --set model.top_k=2 --set seed=2 --set method.name=baseline_avg --set train.steps=150 --set train.eval_every_steps=50 --set train.grad_clip=1.739365219 --set train.lr=3.842377498e-05 --set train.weight_decay=0.01487570917 --out /home/zhujjing/MOE-grad-conflict-routing/runs/paper_suite/single_gpu/single_task/roberta_mrpc_ffn_e4_k2/hpo/baseline/trial_runs/coord_03_train_grad_clip_026/baseline_s2.json --curve_out /home/zhujjing/MOE-grad-conflict-routing/runs/paper_suite/single_gpu/single_task/roberta_mrpc_ffn_e4_k2/hpo/baseline/trial_runs/coord_03_train_grad_clip_026/baseline_s2_curve.csv
Using the latest cached version of the dataset since glue couldn't be found on the Hugging Face Hub (offline mode is enabled).
Found the latest cached dataset configuration 'mrpc' at /home/zhujjing/hf_cache/datasets/glue/mrpc/0.0.0/bcdcba79d07bc864c1c254ccfcedcce55bcc9a8c (last modified on Thu Mar 19 15:01:06 2026).
/home/zhujjing/anaconda3/envs/moe/lib/python3.10/site-packages/transformers/utils/hub.py:124: FutureWarning: Using `TRANSFORMERS_CACHE` is deprecated and will be removed in v5 of Transformers. Use `HF_HOME` instead.
  warnings.warn(
Some weights of RobertaModel were not initialized from the model checkpoint at roberta-base and are newly initialized: ['roberta.pooler.dense.bias', 'roberta.pooler.dense.weight']
You should probably TRAIN this model on a down-stream task to be able to use it for predictions and inference.
[step 0001/150] method=baseline_avg loss=0.6915 train_acc=nan train_loss=nan val_acc=nan val_loss=nan best=-1.0000
[step 0010/150] method=baseline_avg loss=0.7049 train_acc=nan train_loss=nan val_acc=nan val_loss=nan best=-1.0000
[step 0020/150] method=baseline_avg loss=0.6641 train_acc=nan train_loss=nan val_acc=nan val_loss=nan best=-1.0000
[step 0030/150] method=baseline_avg loss=0.6432 train_acc=nan train_loss=nan val_acc=nan val_loss=nan best=-1.0000
[step 0040/150] method=baseline_avg loss=0.5649 train_acc=nan train_loss=nan val_acc=nan val_loss=nan best=-1.0000
[step 0050/150] method=baseline_avg loss=0.4891 train_acc=0.7377 train_loss=0.5117 val_acc=0.7353 val_loss=0.5069 router_H=0.3543 best=0.7353
           router_load=[0.13652631640434265, 0.0, 0.022896453738212585, 0.8405773639678955]
[step 0060/150] method=baseline_avg loss=0.6077 train_acc=0.7377 train_loss=0.5117 val_acc=0.7353 val_loss=0.5069 router_H=0.3543 best=0.7353
           router_load=[0.13652631640434265, 0.0, 0.022896453738212585, 0.8405773639678955]
[step 0070/150] method=baseline_avg loss=0.3503 train_acc=0.7377 train_loss=0.5117 val_acc=0.7353 val_loss=0.5069 router_H=0.3543 best=0.7353
           router_load=[0.13652631640434265, 0.0, 0.022896453738212585, 0.8405773639678955]
[step 0080/150] method=baseline_avg loss=0.3920 train_acc=0.7377 train_loss=0.5117 val_acc=0.7353 val_loss=0.5069 router_H=0.3543 best=0.7353
           router_load=[0.13652631640434265, 0.0, 0.022896453738212585, 0.8405773639678955]
[step 0090/150] method=baseline_avg loss=0.4043 train_acc=0.7377 train_loss=0.5117 val_acc=0.7353 val_loss=0.5069 router_H=0.3543 best=0.7353
           router_load=[0.13652631640434265, 0.0, 0.022896453738212585, 0.8405773639678955]
[step 0100/150] method=baseline_avg loss=0.5151 train_acc=0.8146 train_loss=0.3980 val_acc=0.7941 val_loss=0.4138 router_H=0.4955 best=0.7941
           router_load=[0.31018054485321045, 0.0, 0.0001389211101923138, 0.6896804571151733]
[step 0110/150] method=baseline_avg loss=0.6770 train_acc=0.8146 train_loss=0.3980 val_acc=0.7941 val_loss=0.4138 router_H=0.4955 best=0.7941
           router_load=[0.31018054485321045, 0.0, 0.0001389211101923138, 0.6896804571151733]
[step 0120/150] method=baseline_avg loss=0.1749 train_acc=0.8146 train_loss=0.3980 val_acc=0.7941 val_loss=0.4138 router_H=0.4955 best=0.7941
           router_load=[0.31018054485321045, 0.0, 0.0001389211101923138, 0.6896804571151733]
[step 0130/150] method=baseline_avg loss=0.4343 train_acc=0.8146 train_loss=0.3980 val_acc=0.7941 val_loss=0.4138 router_H=0.4955 best=0.7941
           router_load=[0.31018054485321045, 0.0, 0.0001389211101923138, 0.6896804571151733]
[step 0140/150] method=baseline_avg loss=0.2778 train_acc=0.8146 train_loss=0.3980 val_acc=0.7941 val_loss=0.4138 router_H=0.4955 best=0.7941
           router_load=[0.31018054485321045, 0.0, 0.0001389211101923138, 0.6896804571151733]
[step 0150/150] method=baseline_avg loss=0.4307 train_acc=0.8683 train_loss=0.3486 val_acc=0.8505 val_loss=0.4075 router_H=0.3222 best=0.8505
           router_load=[0.22474448382854462, 0.0, 0.025532985106110573, 0.7497225999832153]
saved summary -> /home/zhujjing/MOE-grad-conflict-routing/runs/paper_suite/single_gpu/single_task/roberta_mrpc_ffn_e4_k2/hpo/baseline/trial_runs/coord_03_train_grad_clip_026/baseline_s2.json
saved curve -> /home/zhujjing/MOE-grad-conflict-routing/runs/paper_suite/single_gpu/single_task/roberta_mrpc_ffn_e4_k2/hpo/baseline/trial_runs/coord_03_train_grad_clip_026/baseline_s2_curve.csv
