[run] method=baseline candidate=coord_03_train_grad_clip_026 seed=3 steps=150 gpu=0
[run] cmd=
/home/zhujjing/anaconda3/envs/moe/bin/python /home/zhujjing/MOE-grad-conflict-routing/scripts/run.py --config configs/singletask_mrpc_real.yaml --set model.backbone_backend=hf --set model.hf_load_pretrained=true --set model.backbone=roberta --set model.hf_pretrained_name=roberta-base --set model.expert_type=ffn --set model.routing_mode=topk --set model.num_experts=4 --set model.top_k=2 --set seed=3 --set method.name=baseline_avg --set train.steps=150 --set train.eval_every_steps=50 --set train.grad_clip=1.739365219 --set train.lr=3.842377498e-05 --set train.weight_decay=0.01487570917 --out /home/zhujjing/MOE-grad-conflict-routing/runs/paper_suite/single_gpu/single_task/roberta_mrpc_ffn_e4_k2/hpo/baseline/trial_runs/coord_03_train_grad_clip_026/baseline_s3.json --curve_out /home/zhujjing/MOE-grad-conflict-routing/runs/paper_suite/single_gpu/single_task/roberta_mrpc_ffn_e4_k2/hpo/baseline/trial_runs/coord_03_train_grad_clip_026/baseline_s3_curve.csv
Using the latest cached version of the dataset since glue couldn't be found on the Hugging Face Hub (offline mode is enabled).
Found the latest cached dataset configuration 'mrpc' at /home/zhujjing/hf_cache/datasets/glue/mrpc/0.0.0/bcdcba79d07bc864c1c254ccfcedcce55bcc9a8c (last modified on Thu Mar 19 15:01:06 2026).
/home/zhujjing/anaconda3/envs/moe/lib/python3.10/site-packages/transformers/utils/hub.py:124: FutureWarning: Using `TRANSFORMERS_CACHE` is deprecated and will be removed in v5 of Transformers. Use `HF_HOME` instead.
  warnings.warn(
Some weights of RobertaModel were not initialized from the model checkpoint at roberta-base and are newly initialized: ['roberta.pooler.dense.bias', 'roberta.pooler.dense.weight']
You should probably TRAIN this model on a down-stream task to be able to use it for predictions and inference.
[step 0001/150] method=baseline_avg loss=0.7046 train_acc=nan train_loss=nan val_acc=nan val_loss=nan best=-1.0000
[step 0010/150] method=baseline_avg loss=0.7337 train_acc=nan train_loss=nan val_acc=nan val_loss=nan best=-1.0000
[step 0020/150] method=baseline_avg loss=0.7121 train_acc=nan train_loss=nan val_acc=nan val_loss=nan best=-1.0000
[step 0030/150] method=baseline_avg loss=0.5568 train_acc=nan train_loss=nan val_acc=nan val_loss=nan best=-1.0000
[step 0040/150] method=baseline_avg loss=0.6259 train_acc=nan train_loss=nan val_acc=nan val_loss=nan best=-1.0000
[step 0050/150] method=baseline_avg loss=0.4790 train_acc=0.7495 train_loss=0.5310 val_acc=0.7304 val_loss=0.5383 router_H=0.6911 best=0.7304
           router_load=[0.0, 0.4773097336292267, 0.5215294361114502, 0.0011609175708144903]
[step 0060/150] method=baseline_avg loss=0.5099 train_acc=0.7495 train_loss=0.5310 val_acc=0.7304 val_loss=0.5383 router_H=0.6911 best=0.7304
           router_load=[0.0, 0.4773097336292267, 0.5215294361114502, 0.0011609175708144903]
[step 0070/150] method=baseline_avg loss=0.5551 train_acc=0.7495 train_loss=0.5310 val_acc=0.7304 val_loss=0.5383 router_H=0.6911 best=0.7304
           router_load=[0.0, 0.4773097336292267, 0.5215294361114502, 0.0011609175708144903]
[step 0080/150] method=baseline_avg loss=0.6432 train_acc=0.7495 train_loss=0.5310 val_acc=0.7304 val_loss=0.5383 router_H=0.6911 best=0.7304
           router_load=[0.0, 0.4773097336292267, 0.5215294361114502, 0.0011609175708144903]
[step 0090/150] method=baseline_avg loss=0.4795 train_acc=0.7495 train_loss=0.5310 val_acc=0.7304 val_loss=0.5383 router_H=0.6911 best=0.7304
           router_load=[0.0, 0.4773097336292267, 0.5215294361114502, 0.0011609175708144903]
[step 0100/150] method=baseline_avg loss=0.5891 train_acc=0.7882 train_loss=0.4334 val_acc=0.7892 val_loss=0.4030 router_H=0.6379 best=0.7892
           router_load=[0.0, 0.37282124161720276, 0.6271787881851196, 0.0]
[step 0110/150] method=baseline_avg loss=0.5273 train_acc=0.7882 train_loss=0.4334 val_acc=0.7892 val_loss=0.4030 router_H=0.6379 best=0.7892
           router_load=[0.0, 0.37282124161720276, 0.6271787881851196, 0.0]
[step 0120/150] method=baseline_avg loss=0.3974 train_acc=0.7882 train_loss=0.4334 val_acc=0.7892 val_loss=0.4030 router_H=0.6379 best=0.7892
           router_load=[0.0, 0.37282124161720276, 0.6271787881851196, 0.0]
[step 0130/150] method=baseline_avg loss=0.2795 train_acc=0.7882 train_loss=0.4334 val_acc=0.7892 val_loss=0.4030 router_H=0.6379 best=0.7892
           router_load=[0.0, 0.37282124161720276, 0.6271787881851196, 0.0]
[step 0140/150] method=baseline_avg loss=0.5066 train_acc=0.7882 train_loss=0.4334 val_acc=0.7892 val_loss=0.4030 router_H=0.6379 best=0.7892
           router_load=[0.0, 0.37282124161720276, 0.6271787881851196, 0.0]
[step 0150/150] method=baseline_avg loss=0.4769 train_acc=0.8162 train_loss=0.4423 val_acc=0.8015 val_loss=0.4455 router_H=0.6389 best=0.8015
           router_load=[0.0, 0.1459275335073471, 0.5456153750419617, 0.3084571361541748]
saved summary -> /home/zhujjing/MOE-grad-conflict-routing/runs/paper_suite/single_gpu/single_task/roberta_mrpc_ffn_e4_k2/hpo/baseline/trial_runs/coord_03_train_grad_clip_026/baseline_s3.json
saved curve -> /home/zhujjing/MOE-grad-conflict-routing/runs/paper_suite/single_gpu/single_task/roberta_mrpc_ffn_e4_k2/hpo/baseline/trial_runs/coord_03_train_grad_clip_026/baseline_s3_curve.csv
