[run] method=baseline candidate=coord_03_anchor seed=3 steps=150 gpu=0
[run] cmd=
/home/zhujjing/anaconda3/envs/moe/bin/python /home/zhujjing/MOE-grad-conflict-routing/scripts/run.py --config configs/singletask_mrpc_real.yaml --set model.backbone_backend=hf --set model.hf_load_pretrained=true --set model.backbone=roberta --set model.hf_pretrained_name=roberta-base --set model.expert_type=ffn --set model.routing_mode=topk --set model.num_experts=4 --set model.top_k=2 --set seed=3 --set method.name=baseline_avg --set train.steps=150 --set train.eval_every_steps=50 --set train.grad_clip=1 --set train.lr=3.842377498e-05 --set train.weight_decay=0.01487570917 --out /home/zhujjing/MOE-grad-conflict-routing/runs/paper_suite/single_gpu/single_task/roberta_mrpc_ffn_e4_k2/hpo/baseline/trial_runs/coord_03_anchor/baseline_s3.json --curve_out /home/zhujjing/MOE-grad-conflict-routing/runs/paper_suite/single_gpu/single_task/roberta_mrpc_ffn_e4_k2/hpo/baseline/trial_runs/coord_03_anchor/baseline_s3_curve.csv
Using the latest cached version of the dataset since glue couldn't be found on the Hugging Face Hub (offline mode is enabled).
Found the latest cached dataset configuration 'mrpc' at /home/zhujjing/hf_cache/datasets/glue/mrpc/0.0.0/bcdcba79d07bc864c1c254ccfcedcce55bcc9a8c (last modified on Thu Mar 19 15:01:06 2026).
/home/zhujjing/anaconda3/envs/moe/lib/python3.10/site-packages/transformers/utils/hub.py:124: FutureWarning: Using `TRANSFORMERS_CACHE` is deprecated and will be removed in v5 of Transformers. Use `HF_HOME` instead.
  warnings.warn(
Some weights of RobertaModel were not initialized from the model checkpoint at roberta-base and are newly initialized: ['roberta.pooler.dense.bias', 'roberta.pooler.dense.weight']
You should probably TRAIN this model on a down-stream task to be able to use it for predictions and inference.
[step 0001/150] method=baseline_avg loss=0.6921 train_acc=nan train_loss=nan val_acc=nan val_loss=nan best=-1.0000
[step 0010/150] method=baseline_avg loss=0.7968 train_acc=nan train_loss=nan val_acc=nan val_loss=nan best=-1.0000
[step 0020/150] method=baseline_avg loss=0.7467 train_acc=nan train_loss=nan val_acc=nan val_loss=nan best=-1.0000
[step 0030/150] method=baseline_avg loss=0.5614 train_acc=nan train_loss=nan val_acc=nan val_loss=nan best=-1.0000
[step 0040/150] method=baseline_avg loss=0.6184 train_acc=nan train_loss=nan val_acc=nan val_loss=nan best=-1.0000
[step 0050/150] method=baseline_avg loss=0.4981 train_acc=0.7489 train_loss=0.5944 val_acc=0.7377 val_loss=0.5902 router_H=0.2994 best=0.7377
           router_load=[0.04075436666607857, 0.8970833420753479, 0.06216221675276756, 0.0]
[step 0060/150] method=baseline_avg loss=0.5657 train_acc=0.7489 train_loss=0.5944 val_acc=0.7377 val_loss=0.5902 router_H=0.2994 best=0.7377
           router_load=[0.04075436666607857, 0.8970833420753479, 0.06216221675276756, 0.0]
[step 0070/150] method=baseline_avg loss=0.6231 train_acc=0.7489 train_loss=0.5944 val_acc=0.7377 val_loss=0.5902 router_H=0.2994 best=0.7377
           router_load=[0.04075436666607857, 0.8970833420753479, 0.06216221675276756, 0.0]
[step 0080/150] method=baseline_avg loss=0.6598 train_acc=0.7489 train_loss=0.5944 val_acc=0.7377 val_loss=0.5902 router_H=0.2994 best=0.7377
           router_load=[0.04075436666607857, 0.8970833420753479, 0.06216221675276756, 0.0]
[step 0090/150] method=baseline_avg loss=0.6071 train_acc=0.7489 train_loss=0.5944 val_acc=0.7377 val_loss=0.5902 router_H=0.2994 best=0.7377
           router_load=[0.04075436666607857, 0.8970833420753479, 0.06216221675276756, 0.0]
[step 0100/150] method=baseline_avg loss=0.6769 train_acc=0.7396 train_loss=0.5473 val_acc=0.7304 val_loss=0.5608 router_H=0.5364 best=0.7377
           router_load=[0.19312383234500885, 0.770319402217865, 0.03655684366822243, 0.0]
[step 0110/150] method=baseline_avg loss=0.5883 train_acc=0.7396 train_loss=0.5473 val_acc=0.7304 val_loss=0.5608 router_H=0.5364 best=0.7377
           router_load=[0.19312383234500885, 0.770319402217865, 0.03655684366822243, 0.0]
[step 0120/150] method=baseline_avg loss=0.4514 train_acc=0.7396 train_loss=0.5473 val_acc=0.7304 val_loss=0.5608 router_H=0.5364 best=0.7377
           router_load=[0.19312383234500885, 0.770319402217865, 0.03655684366822243, 0.0]
[step 0130/150] method=baseline_avg loss=0.3826 train_acc=0.7396 train_loss=0.5473 val_acc=0.7304 val_loss=0.5608 router_H=0.5364 best=0.7377
           router_load=[0.19312383234500885, 0.770319402217865, 0.03655684366822243, 0.0]
[step 0140/150] method=baseline_avg loss=0.5641 train_acc=0.7396 train_loss=0.5473 val_acc=0.7304 val_loss=0.5608 router_H=0.5364 best=0.7377
           router_load=[0.19312383234500885, 0.770319402217865, 0.03655684366822243, 0.0]
[step 0150/150] method=baseline_avg loss=0.5932 train_acc=0.7835 train_loss=0.5095 val_acc=0.7696 val_loss=0.5207 router_H=0.5783 best=0.7696
           router_load=[0.1859310418367386, 0.7326712012290955, 0.04173159599304199, 0.03966619074344635]
saved summary -> /home/zhujjing/MOE-grad-conflict-routing/runs/paper_suite/single_gpu/single_task/roberta_mrpc_ffn_e4_k2/hpo/baseline/trial_runs/coord_03_anchor/baseline_s3.json
saved curve -> /home/zhujjing/MOE-grad-conflict-routing/runs/paper_suite/single_gpu/single_task/roberta_mrpc_ffn_e4_k2/hpo/baseline/trial_runs/coord_03_anchor/baseline_s3_curve.csv
