[run] method=baseline candidate=coord_03_train_grad_clip_010 seed=3 steps=150 gpu=0
[run] cmd=
/home/zhujjing/anaconda3/envs/moe/bin/python /home/zhujjing/MOE-grad-conflict-routing/scripts/run.py --config configs/singletask_mrpc_real.yaml --set model.backbone_backend=hf --set model.hf_load_pretrained=true --set model.backbone=roberta --set model.hf_pretrained_name=roberta-base --set model.expert_type=ffn --set model.routing_mode=topk --set model.num_experts=4 --set model.top_k=2 --set seed=3 --set method.name=baseline_avg --set train.steps=150 --set train.eval_every_steps=50 --set train.grad_clip=1.397685055 --set train.lr=3.842377498e-05 --set train.weight_decay=0.01487570917 --out /home/zhujjing/MOE-grad-conflict-routing/runs/paper_suite/single_gpu/single_task/roberta_mrpc_ffn_e4_k2/hpo/baseline/trial_runs/coord_03_train_grad_clip_010/baseline_s3.json --curve_out /home/zhujjing/MOE-grad-conflict-routing/runs/paper_suite/single_gpu/single_task/roberta_mrpc_ffn_e4_k2/hpo/baseline/trial_runs/coord_03_train_grad_clip_010/baseline_s3_curve.csv
Using the latest cached version of the dataset since glue couldn't be found on the Hugging Face Hub (offline mode is enabled).
Found the latest cached dataset configuration 'mrpc' at /home/zhujjing/hf_cache/datasets/glue/mrpc/0.0.0/bcdcba79d07bc864c1c254ccfcedcce55bcc9a8c (last modified on Thu Mar 19 15:01:06 2026).
/home/zhujjing/anaconda3/envs/moe/lib/python3.10/site-packages/transformers/utils/hub.py:124: FutureWarning: Using `TRANSFORMERS_CACHE` is deprecated and will be removed in v5 of Transformers. Use `HF_HOME` instead.
  warnings.warn(
Some weights of RobertaModel were not initialized from the model checkpoint at roberta-base and are newly initialized: ['roberta.pooler.dense.bias', 'roberta.pooler.dense.weight']
You should probably TRAIN this model on a down-stream task to be able to use it for predictions and inference.
[step 0001/150] method=baseline_avg loss=0.7062 train_acc=nan train_loss=nan val_acc=nan val_loss=nan best=-1.0000
[step 0010/150] method=baseline_avg loss=0.7528 train_acc=nan train_loss=nan val_acc=nan val_loss=nan best=-1.0000
[step 0020/150] method=baseline_avg loss=0.7076 train_acc=nan train_loss=nan val_acc=nan val_loss=nan best=-1.0000
[step 0030/150] method=baseline_avg loss=0.5671 train_acc=nan train_loss=nan val_acc=nan val_loss=nan best=-1.0000
[step 0040/150] method=baseline_avg loss=0.7491 train_acc=nan train_loss=nan val_acc=nan val_loss=nan best=-1.0000
[step 0050/150] method=baseline_avg loss=0.4971 train_acc=0.6998 train_loss=0.5225 val_acc=0.6887 val_loss=0.5168 router_H=0.6101 best=0.6887
           router_load=[0.051291681826114655, 0.625115156173706, 0.0, 0.32359328866004944]
[step 0060/150] method=baseline_avg loss=0.5699 train_acc=0.6998 train_loss=0.5225 val_acc=0.6887 val_loss=0.5168 router_H=0.6101 best=0.6887
           router_load=[0.051291681826114655, 0.625115156173706, 0.0, 0.32359328866004944]
[step 0070/150] method=baseline_avg loss=0.5114 train_acc=0.6998 train_loss=0.5225 val_acc=0.6887 val_loss=0.5168 router_H=0.6101 best=0.6887
           router_load=[0.051291681826114655, 0.625115156173706, 0.0, 0.32359328866004944]
[step 0080/150] method=baseline_avg loss=0.5204 train_acc=0.6998 train_loss=0.5225 val_acc=0.6887 val_loss=0.5168 router_H=0.6101 best=0.6887
           router_load=[0.051291681826114655, 0.625115156173706, 0.0, 0.32359328866004944]
[step 0090/150] method=baseline_avg loss=0.5148 train_acc=0.6998 train_loss=0.5225 val_acc=0.6887 val_loss=0.5168 router_H=0.6101 best=0.6887
           router_load=[0.051291681826114655, 0.625115156173706, 0.0, 0.32359328866004944]
[step 0100/150] method=baseline_avg loss=0.5921 train_acc=0.7914 train_loss=0.5365 val_acc=0.7868 val_loss=0.5363 router_H=0.6814 best=0.7868
           router_load=[0.05606284737586975, 0.5228699445724487, 0.0, 0.42106714844703674]
[step 0110/150] method=baseline_avg loss=0.5416 train_acc=0.7914 train_loss=0.5365 val_acc=0.7868 val_loss=0.5363 router_H=0.6814 best=0.7868
           router_load=[0.05606284737586975, 0.5228699445724487, 0.0, 0.42106714844703674]
[step 0120/150] method=baseline_avg loss=0.4461 train_acc=0.7914 train_loss=0.5365 val_acc=0.7868 val_loss=0.5363 router_H=0.6814 best=0.7868
           router_load=[0.05606284737586975, 0.5228699445724487, 0.0, 0.42106714844703674]
[step 0130/150] method=baseline_avg loss=0.5905 train_acc=0.7914 train_loss=0.5365 val_acc=0.7868 val_loss=0.5363 router_H=0.6814 best=0.7868
           router_load=[0.05606284737586975, 0.5228699445724487, 0.0, 0.42106714844703674]
[step 0140/150] method=baseline_avg loss=0.7271 train_acc=0.7914 train_loss=0.5365 val_acc=0.7868 val_loss=0.5363 router_H=0.6814 best=0.7868
           router_load=[0.05606284737586975, 0.5228699445724487, 0.0, 0.42106714844703674]
[step 0150/150] method=baseline_avg loss=0.6153 train_acc=0.8051 train_loss=0.4735 val_acc=0.8039 val_loss=0.4769 router_H=0.6149 best=0.8039
           router_load=[0.0009512199321761727, 0.6669384837150574, 0.0, 0.3321102261543274]
saved summary -> /home/zhujjing/MOE-grad-conflict-routing/runs/paper_suite/single_gpu/single_task/roberta_mrpc_ffn_e4_k2/hpo/baseline/trial_runs/coord_03_train_grad_clip_010/baseline_s3.json
saved curve -> /home/zhujjing/MOE-grad-conflict-routing/runs/paper_suite/single_gpu/single_task/roberta_mrpc_ffn_e4_k2/hpo/baseline/trial_runs/coord_03_train_grad_clip_010/baseline_s3_curve.csv
