[run] method=baseline candidate=coord_03_train_grad_clip_017 seed=3 steps=150 gpu=0
[run] cmd=
/home/zhujjing/anaconda3/envs/moe/bin/python /home/zhujjing/MOE-grad-conflict-routing/scripts/run.py --config configs/singletask_mrpc_real.yaml --set model.backbone_backend=hf --set model.hf_load_pretrained=true --set model.backbone=roberta --set model.hf_pretrained_name=roberta-base --set model.expert_type=ffn --set model.routing_mode=topk --set model.num_experts=4 --set model.top_k=2 --set seed=3 --set method.name=baseline_avg --set train.steps=150 --set train.eval_every_steps=50 --set train.grad_clip=1.630855408 --set train.lr=3.842377498e-05 --set train.weight_decay=0.01487570917 --out /home/zhujjing/MOE-grad-conflict-routing/runs/paper_suite/single_gpu/single_task/roberta_mrpc_ffn_e4_k2/hpo/baseline/trial_runs/coord_03_train_grad_clip_017/baseline_s3.json --curve_out /home/zhujjing/MOE-grad-conflict-routing/runs/paper_suite/single_gpu/single_task/roberta_mrpc_ffn_e4_k2/hpo/baseline/trial_runs/coord_03_train_grad_clip_017/baseline_s3_curve.csv
Using the latest cached version of the dataset since glue couldn't be found on the Hugging Face Hub (offline mode is enabled).
Found the latest cached dataset configuration 'mrpc' at /home/zhujjing/hf_cache/datasets/glue/mrpc/0.0.0/bcdcba79d07bc864c1c254ccfcedcce55bcc9a8c (last modified on Thu Mar 19 15:01:06 2026).
/home/zhujjing/anaconda3/envs/moe/lib/python3.10/site-packages/transformers/utils/hub.py:124: FutureWarning: Using `TRANSFORMERS_CACHE` is deprecated and will be removed in v5 of Transformers. Use `HF_HOME` instead.
  warnings.warn(
Some weights of RobertaModel were not initialized from the model checkpoint at roberta-base and are newly initialized: ['roberta.pooler.dense.bias', 'roberta.pooler.dense.weight']
You should probably TRAIN this model on a down-stream task to be able to use it for predictions and inference.
[step 0001/150] method=baseline_avg loss=0.6909 train_acc=nan train_loss=nan val_acc=nan val_loss=nan best=-1.0000
[step 0010/150] method=baseline_avg loss=0.7044 train_acc=nan train_loss=nan val_acc=nan val_loss=nan best=-1.0000
[step 0020/150] method=baseline_avg loss=0.6939 train_acc=nan train_loss=nan val_acc=nan val_loss=nan best=-1.0000
[step 0030/150] method=baseline_avg loss=0.5089 train_acc=nan train_loss=nan val_acc=nan val_loss=nan best=-1.0000
[step 0040/150] method=baseline_avg loss=0.5841 train_acc=nan train_loss=nan val_acc=nan val_loss=nan best=-1.0000
[step 0050/150] method=baseline_avg loss=0.4748 train_acc=0.7585 train_loss=0.5576 val_acc=0.7598 val_loss=0.5876 router_H=0.3307 best=0.7598
           router_load=[0.004519644659012556, 0.10099267214536667, 0.022990357130765915, 0.8714972734451294]
[step 0060/150] method=baseline_avg loss=0.6000 train_acc=0.7585 train_loss=0.5576 val_acc=0.7598 val_loss=0.5876 router_H=0.3307 best=0.7598
           router_load=[0.004519644659012556, 0.10099267214536667, 0.022990357130765915, 0.8714972734451294]
[step 0070/150] method=baseline_avg loss=0.5416 train_acc=0.7585 train_loss=0.5576 val_acc=0.7598 val_loss=0.5876 router_H=0.3307 best=0.7598
           router_load=[0.004519644659012556, 0.10099267214536667, 0.022990357130765915, 0.8714972734451294]
[step 0080/150] method=baseline_avg loss=0.5218 train_acc=0.7585 train_loss=0.5576 val_acc=0.7598 val_loss=0.5876 router_H=0.3307 best=0.7598
           router_load=[0.004519644659012556, 0.10099267214536667, 0.022990357130765915, 0.8714972734451294]
[step 0090/150] method=baseline_avg loss=0.6230 train_acc=0.7585 train_loss=0.5576 val_acc=0.7598 val_loss=0.5876 router_H=0.3307 best=0.7598
           router_load=[0.004519644659012556, 0.10099267214536667, 0.022990357130765915, 0.8714972734451294]
[step 0100/150] method=baseline_avg loss=0.4695 train_acc=0.7844 train_loss=0.4328 val_acc=0.7941 val_loss=0.4202 router_H=0.4662 best=0.7941
           router_load=[0.01059440616518259, 0.20637181401252747, 0.0, 0.7830338478088379]
[step 0110/150] method=baseline_avg loss=0.4815 train_acc=0.7844 train_loss=0.4328 val_acc=0.7941 val_loss=0.4202 router_H=0.4662 best=0.7941
           router_load=[0.01059440616518259, 0.20637181401252747, 0.0, 0.7830338478088379]
[step 0120/150] method=baseline_avg loss=0.4302 train_acc=0.7844 train_loss=0.4328 val_acc=0.7941 val_loss=0.4202 router_H=0.4662 best=0.7941
           router_load=[0.01059440616518259, 0.20637181401252747, 0.0, 0.7830338478088379]
[step 0130/150] method=baseline_avg loss=0.6505 train_acc=0.7844 train_loss=0.4328 val_acc=0.7941 val_loss=0.4202 router_H=0.4662 best=0.7941
           router_load=[0.01059440616518259, 0.20637181401252747, 0.0, 0.7830338478088379]
[step 0140/150] method=baseline_avg loss=0.5285 train_acc=0.7844 train_loss=0.4328 val_acc=0.7941 val_loss=0.4202 router_H=0.4662 best=0.7941
           router_load=[0.01059440616518259, 0.20637181401252747, 0.0, 0.7830338478088379]
[step 0150/150] method=baseline_avg loss=0.5277 train_acc=0.8212 train_loss=0.4135 val_acc=0.7917 val_loss=0.4240 router_H=0.3714 best=0.7941
           router_load=[0.00014949083561077714, 0.14146722853183746, 0.0, 0.8583831787109375]
saved summary -> /home/zhujjing/MOE-grad-conflict-routing/runs/paper_suite/single_gpu/single_task/roberta_mrpc_ffn_e4_k2/hpo/baseline/trial_runs/coord_03_train_grad_clip_017/baseline_s3.json
saved curve -> /home/zhujjing/MOE-grad-conflict-routing/runs/paper_suite/single_gpu/single_task/roberta_mrpc_ffn_e4_k2/hpo/baseline/trial_runs/coord_03_train_grad_clip_017/baseline_s3_curve.csv
