[run] method=baseline candidate=coord_03_train_grad_clip_022 seed=2 steps=150 gpu=0
[run] cmd=
/home/zhujjing/anaconda3/envs/moe/bin/python /home/zhujjing/MOE-grad-conflict-routing/scripts/run.py --config configs/singletask_mrpc_real.yaml --set model.backbone_backend=hf --set model.hf_load_pretrained=true --set model.backbone=roberta --set model.hf_pretrained_name=roberta-base --set model.expert_type=ffn --set model.routing_mode=topk --set model.num_experts=4 --set model.top_k=2 --set seed=2 --set method.name=baseline_avg --set train.steps=150 --set train.eval_every_steps=50 --set train.grad_clip=1.893864488 --set train.lr=3.842377498e-05 --set train.weight_decay=0.01487570917 --out /home/zhujjing/MOE-grad-conflict-routing/runs/paper_suite/single_gpu/single_task/roberta_mrpc_ffn_e4_k2/hpo/baseline/trial_runs/coord_03_train_grad_clip_022/baseline_s2.json --curve_out /home/zhujjing/MOE-grad-conflict-routing/runs/paper_suite/single_gpu/single_task/roberta_mrpc_ffn_e4_k2/hpo/baseline/trial_runs/coord_03_train_grad_clip_022/baseline_s2_curve.csv
Using the latest cached version of the dataset since glue couldn't be found on the Hugging Face Hub (offline mode is enabled).
Found the latest cached dataset configuration 'mrpc' at /home/zhujjing/hf_cache/datasets/glue/mrpc/0.0.0/bcdcba79d07bc864c1c254ccfcedcce55bcc9a8c (last modified on Thu Mar 19 15:01:06 2026).
/home/zhujjing/anaconda3/envs/moe/lib/python3.10/site-packages/transformers/utils/hub.py:124: FutureWarning: Using `TRANSFORMERS_CACHE` is deprecated and will be removed in v5 of Transformers. Use `HF_HOME` instead.
  warnings.warn(
Some weights of RobertaModel were not initialized from the model checkpoint at roberta-base and are newly initialized: ['roberta.pooler.dense.bias', 'roberta.pooler.dense.weight']
You should probably TRAIN this model on a down-stream task to be able to use it for predictions and inference.
[step 0001/150] method=baseline_avg loss=0.7049 train_acc=nan train_loss=nan val_acc=nan val_loss=nan best=-1.0000
[step 0010/150] method=baseline_avg loss=0.7187 train_acc=nan train_loss=nan val_acc=nan val_loss=nan best=-1.0000
[step 0020/150] method=baseline_avg loss=0.6741 train_acc=nan train_loss=nan val_acc=nan val_loss=nan best=-1.0000
[step 0030/150] method=baseline_avg loss=0.6081 train_acc=nan train_loss=nan val_acc=nan val_loss=nan best=-1.0000
[step 0040/150] method=baseline_avg loss=0.5200 train_acc=nan train_loss=nan val_acc=nan val_loss=nan best=-1.0000
[step 0050/150] method=baseline_avg loss=0.4660 train_acc=0.7317 train_loss=0.5160 val_acc=0.7279 val_loss=0.5089 router_H=0.5374 best=0.7279
           router_load=[0.0, 0.0, 0.24346904456615448, 0.7565308213233948]
[step 0060/150] method=baseline_avg loss=0.6146 train_acc=0.7317 train_loss=0.5160 val_acc=0.7279 val_loss=0.5089 router_H=0.5374 best=0.7279
           router_load=[0.0, 0.0, 0.24346904456615448, 0.7565308213233948]
[step 0070/150] method=baseline_avg loss=0.4565 train_acc=0.7317 train_loss=0.5160 val_acc=0.7279 val_loss=0.5089 router_H=0.5374 best=0.7279
           router_load=[0.0, 0.0, 0.24346904456615448, 0.7565308213233948]
[step 0080/150] method=baseline_avg loss=0.4264 train_acc=0.7317 train_loss=0.5160 val_acc=0.7279 val_loss=0.5089 router_H=0.5374 best=0.7279
           router_load=[0.0, 0.0, 0.24346904456615448, 0.7565308213233948]
[step 0090/150] method=baseline_avg loss=0.5380 train_acc=0.7317 train_loss=0.5160 val_acc=0.7279 val_loss=0.5089 router_H=0.5374 best=0.7279
           router_load=[0.0, 0.0, 0.24346904456615448, 0.7565308213233948]
[step 0100/150] method=baseline_avg loss=0.4237 train_acc=0.7786 train_loss=0.4936 val_acc=0.7623 val_loss=0.5160 router_H=0.6333 best=0.7623
           router_load=[0.21672473847866058, 0.0, 0.12510213255882263, 0.6581730842590332]
[step 0110/150] method=baseline_avg loss=0.6826 train_acc=0.7786 train_loss=0.4936 val_acc=0.7623 val_loss=0.5160 router_H=0.6333 best=0.7623
           router_load=[0.21672473847866058, 0.0, 0.12510213255882263, 0.6581730842590332]
[step 0120/150] method=baseline_avg loss=0.2802 train_acc=0.7786 train_loss=0.4936 val_acc=0.7623 val_loss=0.5160 router_H=0.6333 best=0.7623
           router_load=[0.21672473847866058, 0.0, 0.12510213255882263, 0.6581730842590332]
[step 0130/150] method=baseline_avg loss=0.6534 train_acc=0.7786 train_loss=0.4936 val_acc=0.7623 val_loss=0.5160 router_H=0.6333 best=0.7623
           router_load=[0.21672473847866058, 0.0, 0.12510213255882263, 0.6581730842590332]
[step 0140/150] method=baseline_avg loss=0.3458 train_acc=0.7786 train_loss=0.4936 val_acc=0.7623 val_loss=0.5160 router_H=0.6333 best=0.7623
           router_load=[0.21672473847866058, 0.0, 0.12510213255882263, 0.6581730842590332]
[step 0150/150] method=baseline_avg loss=0.8016 train_acc=0.8525 train_loss=0.4040 val_acc=0.8505 val_loss=0.4037 router_H=0.6339 best=0.8505
           router_load=[0.24591276049613953, 0.0014734825817868114, 0.08761803060770035, 0.6649956107139587]
saved summary -> /home/zhujjing/MOE-grad-conflict-routing/runs/paper_suite/single_gpu/single_task/roberta_mrpc_ffn_e4_k2/hpo/baseline/trial_runs/coord_03_train_grad_clip_022/baseline_s2.json
saved curve -> /home/zhujjing/MOE-grad-conflict-routing/runs/paper_suite/single_gpu/single_task/roberta_mrpc_ffn_e4_k2/hpo/baseline/trial_runs/coord_03_train_grad_clip_022/baseline_s2_curve.csv
