[run] method=baseline candidate=coord_03_train_grad_clip_025 seed=3 steps=150 gpu=0
[run] cmd=
/home/zhujjing/anaconda3/envs/moe/bin/python /home/zhujjing/MOE-grad-conflict-routing/scripts/run.py --config configs/singletask_mrpc_real.yaml --set model.backbone_backend=hf --set model.hf_load_pretrained=true --set model.backbone=roberta --set model.hf_pretrained_name=roberta-base --set model.expert_type=ffn --set model.routing_mode=topk --set model.num_experts=4 --set model.top_k=2 --set seed=3 --set method.name=baseline_avg --set train.steps=150 --set train.eval_every_steps=50 --set train.grad_clip=1.451336364 --set train.lr=3.842377498e-05 --set train.weight_decay=0.01487570917 --out /home/zhujjing/MOE-grad-conflict-routing/runs/paper_suite/single_gpu/single_task/roberta_mrpc_ffn_e4_k2/hpo/baseline/trial_runs/coord_03_train_grad_clip_025/baseline_s3.json --curve_out /home/zhujjing/MOE-grad-conflict-routing/runs/paper_suite/single_gpu/single_task/roberta_mrpc_ffn_e4_k2/hpo/baseline/trial_runs/coord_03_train_grad_clip_025/baseline_s3_curve.csv
Using the latest cached version of the dataset since glue couldn't be found on the Hugging Face Hub (offline mode is enabled).
Found the latest cached dataset configuration 'mrpc' at /home/zhujjing/hf_cache/datasets/glue/mrpc/0.0.0/bcdcba79d07bc864c1c254ccfcedcce55bcc9a8c (last modified on Thu Mar 19 15:01:06 2026).
/home/zhujjing/anaconda3/envs/moe/lib/python3.10/site-packages/transformers/utils/hub.py:124: FutureWarning: Using `TRANSFORMERS_CACHE` is deprecated and will be removed in v5 of Transformers. Use `HF_HOME` instead.
  warnings.warn(
Some weights of RobertaModel were not initialized from the model checkpoint at roberta-base and are newly initialized: ['roberta.pooler.dense.bias', 'roberta.pooler.dense.weight']
You should probably TRAIN this model on a down-stream task to be able to use it for predictions and inference.
[step 0001/150] method=baseline_avg loss=0.6905 train_acc=nan train_loss=nan val_acc=nan val_loss=nan best=-1.0000
[step 0010/150] method=baseline_avg loss=0.6649 train_acc=nan train_loss=nan val_acc=nan val_loss=nan best=-1.0000
[step 0020/150] method=baseline_avg loss=0.6790 train_acc=nan train_loss=nan val_acc=nan val_loss=nan best=-1.0000
[step 0030/150] method=baseline_avg loss=0.5416 train_acc=nan train_loss=nan val_acc=nan val_loss=nan best=-1.0000
[step 0040/150] method=baseline_avg loss=0.5571 train_acc=nan train_loss=nan val_acc=nan val_loss=nan best=-1.0000
[step 0050/150] method=baseline_avg loss=0.4396 train_acc=0.7958 train_loss=0.4790 val_acc=0.8015 val_loss=0.4631 router_H=0.3575 best=0.8015
           router_load=[0.13580234348773956, 0.02518749237060547, 0.8390101194381714, 0.0]
[step 0060/150] method=baseline_avg loss=0.5234 train_acc=0.7958 train_loss=0.4790 val_acc=0.8015 val_loss=0.4631 router_H=0.3575 best=0.8015
           router_load=[0.13580234348773956, 0.02518749237060547, 0.8390101194381714, 0.0]
[step 0070/150] method=baseline_avg loss=0.5509 train_acc=0.7958 train_loss=0.4790 val_acc=0.8015 val_loss=0.4631 router_H=0.3575 best=0.8015
           router_load=[0.13580234348773956, 0.02518749237060547, 0.8390101194381714, 0.0]
[step 0080/150] method=baseline_avg loss=0.7002 train_acc=0.7958 train_loss=0.4790 val_acc=0.8015 val_loss=0.4631 router_H=0.3575 best=0.8015
           router_load=[0.13580234348773956, 0.02518749237060547, 0.8390101194381714, 0.0]
[step 0090/150] method=baseline_avg loss=0.9351 train_acc=0.7958 train_loss=0.4790 val_acc=0.8015 val_loss=0.4631 router_H=0.3575 best=0.8015
           router_load=[0.13580234348773956, 0.02518749237060547, 0.8390101194381714, 0.0]
[step 0100/150] method=baseline_avg loss=0.5163 train_acc=0.7838 train_loss=0.4884 val_acc=0.7696 val_loss=0.5014 router_H=0.4147 best=0.8015
           router_load=[0.10839755833148956, 0.04271204024553299, 0.8368045091629028, 0.012085977010428905]
[step 0110/150] method=baseline_avg loss=0.5633 train_acc=0.7838 train_loss=0.4884 val_acc=0.7696 val_loss=0.5014 router_H=0.4147 best=0.8015
           router_load=[0.10839755833148956, 0.04271204024553299, 0.8368045091629028, 0.012085977010428905]
[step 0120/150] method=baseline_avg loss=0.4257 train_acc=0.7838 train_loss=0.4884 val_acc=0.7696 val_loss=0.5014 router_H=0.4147 best=0.8015
           router_load=[0.10839755833148956, 0.04271204024553299, 0.8368045091629028, 0.012085977010428905]
[step 0130/150] method=baseline_avg loss=0.4944 train_acc=0.7838 train_loss=0.4884 val_acc=0.7696 val_loss=0.5014 router_H=0.4147 best=0.8015
           router_load=[0.10839755833148956, 0.04271204024553299, 0.8368045091629028, 0.012085977010428905]
[step 0140/150] method=baseline_avg loss=0.4937 train_acc=0.7838 train_loss=0.4884 val_acc=0.7696 val_loss=0.5014 router_H=0.4147 best=0.8015
           router_load=[0.10839755833148956, 0.04271204024553299, 0.8368045091629028, 0.012085977010428905]
[step 0150/150] method=baseline_avg loss=0.4735 train_acc=0.8558 train_loss=0.3567 val_acc=0.8431 val_loss=0.3783 router_H=0.4277 best=0.8431
           router_load=[0.07362177222967148, 0.08260177820920944, 0.83353590965271, 0.010240557603538036]
saved summary -> /home/zhujjing/MOE-grad-conflict-routing/runs/paper_suite/single_gpu/single_task/roberta_mrpc_ffn_e4_k2/hpo/baseline/trial_runs/coord_03_train_grad_clip_025/baseline_s3.json
saved curve -> /home/zhujjing/MOE-grad-conflict-routing/runs/paper_suite/single_gpu/single_task/roberta_mrpc_ffn_e4_k2/hpo/baseline/trial_runs/coord_03_train_grad_clip_025/baseline_s3_curve.csv
