[run] method=baseline candidate=coord_03_train_grad_clip_012 seed=2 steps=150 gpu=0
[run] cmd=
/home/zhujjing/anaconda3/envs/moe/bin/python /home/zhujjing/MOE-grad-conflict-routing/scripts/run.py --config configs/singletask_mrpc_real.yaml --set model.backbone_backend=hf --set model.hf_load_pretrained=true --set model.backbone=roberta --set model.hf_pretrained_name=roberta-base --set model.expert_type=ffn --set model.routing_mode=topk --set model.num_experts=4 --set model.top_k=2 --set seed=2 --set method.name=baseline_avg --set train.steps=150 --set train.eval_every_steps=50 --set train.grad_clip=1.832812971 --set train.lr=3.842377498e-05 --set train.weight_decay=0.01487570917 --out /home/zhujjing/MOE-grad-conflict-routing/runs/paper_suite/single_gpu/single_task/roberta_mrpc_ffn_e4_k2/hpo/baseline/trial_runs/coord_03_train_grad_clip_012/baseline_s2.json --curve_out /home/zhujjing/MOE-grad-conflict-routing/runs/paper_suite/single_gpu/single_task/roberta_mrpc_ffn_e4_k2/hpo/baseline/trial_runs/coord_03_train_grad_clip_012/baseline_s2_curve.csv
Using the latest cached version of the dataset since glue couldn't be found on the Hugging Face Hub (offline mode is enabled).
Found the latest cached dataset configuration 'mrpc' at /home/zhujjing/hf_cache/datasets/glue/mrpc/0.0.0/bcdcba79d07bc864c1c254ccfcedcce55bcc9a8c (last modified on Thu Mar 19 15:01:06 2026).
/home/zhujjing/anaconda3/envs/moe/lib/python3.10/site-packages/transformers/utils/hub.py:124: FutureWarning: Using `TRANSFORMERS_CACHE` is deprecated and will be removed in v5 of Transformers. Use `HF_HOME` instead.
  warnings.warn(
Some weights of RobertaModel were not initialized from the model checkpoint at roberta-base and are newly initialized: ['roberta.pooler.dense.bias', 'roberta.pooler.dense.weight']
You should probably TRAIN this model on a down-stream task to be able to use it for predictions and inference.
[step 0001/150] method=baseline_avg loss=0.6815 train_acc=nan train_loss=nan val_acc=nan val_loss=nan best=-1.0000
[step 0010/150] method=baseline_avg loss=0.6971 train_acc=nan train_loss=nan val_acc=nan val_loss=nan best=-1.0000
[step 0020/150] method=baseline_avg loss=0.6600 train_acc=nan train_loss=nan val_acc=nan val_loss=nan best=-1.0000
[step 0030/150] method=baseline_avg loss=0.7378 train_acc=nan train_loss=nan val_acc=nan val_loss=nan best=-1.0000
[step 0040/150] method=baseline_avg loss=0.5574 train_acc=nan train_loss=nan val_acc=nan val_loss=nan best=-1.0000
[step 0050/150] method=baseline_avg loss=0.5707 train_acc=0.6758 train_loss=0.5983 val_acc=0.6838 val_loss=0.6044 router_H=0.5804 best=0.6838
           router_load=[0.0, 0.0461912639439106, 0.23671312630176544, 0.7170954942703247]
[step 0060/150] method=baseline_avg loss=0.6746 train_acc=0.6758 train_loss=0.5983 val_acc=0.6838 val_loss=0.6044 router_H=0.5804 best=0.6838
           router_load=[0.0, 0.0461912639439106, 0.23671312630176544, 0.7170954942703247]
[step 0070/150] method=baseline_avg loss=0.4740 train_acc=0.6758 train_loss=0.5983 val_acc=0.6838 val_loss=0.6044 router_H=0.5804 best=0.6838
           router_load=[0.0, 0.0461912639439106, 0.23671312630176544, 0.7170954942703247]
[step 0080/150] method=baseline_avg loss=0.6538 train_acc=0.6758 train_loss=0.5983 val_acc=0.6838 val_loss=0.6044 router_H=0.5804 best=0.6838
           router_load=[0.0, 0.0461912639439106, 0.23671312630176544, 0.7170954942703247]
[step 0090/150] method=baseline_avg loss=0.4774 train_acc=0.6758 train_loss=0.5983 val_acc=0.6838 val_loss=0.6044 router_H=0.5804 best=0.6838
           router_load=[0.0, 0.0461912639439106, 0.23671312630176544, 0.7170954942703247]
[step 0100/150] method=baseline_avg loss=0.6290 train_acc=0.7061 train_loss=0.6172 val_acc=0.6961 val_loss=0.6229 router_H=0.6727 best=0.6961
           router_load=[0.0, 0.4282185733318329, 0.0009120585164055228, 0.5708692669868469]
[step 0110/150] method=baseline_avg loss=0.6070 train_acc=0.7061 train_loss=0.6172 val_acc=0.6961 val_loss=0.6229 router_H=0.6727 best=0.6961
           router_load=[0.0, 0.4282185733318329, 0.0009120585164055228, 0.5708692669868469]
[step 0120/150] method=baseline_avg loss=0.5368 train_acc=0.7061 train_loss=0.6172 val_acc=0.6961 val_loss=0.6229 router_H=0.6727 best=0.6961
           router_load=[0.0, 0.4282185733318329, 0.0009120585164055228, 0.5708692669868469]
[step 0130/150] method=baseline_avg loss=0.6221 train_acc=0.7061 train_loss=0.6172 val_acc=0.6961 val_loss=0.6229 router_H=0.6727 best=0.6961
           router_load=[0.0, 0.4282185733318329, 0.0009120585164055228, 0.5708692669868469]
[step 0140/150] method=baseline_avg loss=0.6749 train_acc=0.7061 train_loss=0.6172 val_acc=0.6961 val_loss=0.6229 router_H=0.6727 best=0.6961
           router_load=[0.0, 0.4282185733318329, 0.0009120585164055228, 0.5708692669868469]
[step 0150/150] method=baseline_avg loss=0.6771 train_acc=0.7211 train_loss=0.5605 val_acc=0.7181 val_loss=0.5663 router_H=0.5732 best=0.7181
           router_load=[0.0, 0.04254726693034172, 0.22713220119476318, 0.7303205728530884]
saved summary -> /home/zhujjing/MOE-grad-conflict-routing/runs/paper_suite/single_gpu/single_task/roberta_mrpc_ffn_e4_k2/hpo/baseline/trial_runs/coord_03_train_grad_clip_012/baseline_s2.json
saved curve -> /home/zhujjing/MOE-grad-conflict-routing/runs/paper_suite/single_gpu/single_task/roberta_mrpc_ffn_e4_k2/hpo/baseline/trial_runs/coord_03_train_grad_clip_012/baseline_s2_curve.csv
