[run] method=baseline candidate=coord_03_anchor seed=2 steps=150 gpu=0
[run] cmd=
/home/zhujjing/anaconda3/envs/moe/bin/python /home/zhujjing/MOE-grad-conflict-routing/scripts/run.py --config configs/singletask_mrpc_real.yaml --set model.backbone_backend=hf --set model.hf_load_pretrained=true --set model.backbone=roberta --set model.hf_pretrained_name=roberta-base --set model.expert_type=ffn --set model.routing_mode=topk --set model.num_experts=4 --set model.top_k=2 --set seed=2 --set method.name=baseline_avg --set train.steps=150 --set train.eval_every_steps=50 --set train.grad_clip=1 --set train.lr=3.842377498e-05 --set train.weight_decay=0.01487570917 --out /home/zhujjing/MOE-grad-conflict-routing/runs/paper_suite/single_gpu/single_task/roberta_mrpc_ffn_e4_k2/hpo/baseline/trial_runs/coord_03_anchor/baseline_s2.json --curve_out /home/zhujjing/MOE-grad-conflict-routing/runs/paper_suite/single_gpu/single_task/roberta_mrpc_ffn_e4_k2/hpo/baseline/trial_runs/coord_03_anchor/baseline_s2_curve.csv
Using the latest cached version of the dataset since glue couldn't be found on the Hugging Face Hub (offline mode is enabled).
Found the latest cached dataset configuration 'mrpc' at /home/zhujjing/hf_cache/datasets/glue/mrpc/0.0.0/bcdcba79d07bc864c1c254ccfcedcce55bcc9a8c (last modified on Thu Mar 19 15:01:06 2026).
/home/zhujjing/anaconda3/envs/moe/lib/python3.10/site-packages/transformers/utils/hub.py:124: FutureWarning: Using `TRANSFORMERS_CACHE` is deprecated and will be removed in v5 of Transformers. Use `HF_HOME` instead.
  warnings.warn(
Some weights of RobertaModel were not initialized from the model checkpoint at roberta-base and are newly initialized: ['roberta.pooler.dense.bias', 'roberta.pooler.dense.weight']
You should probably TRAIN this model on a down-stream task to be able to use it for predictions and inference.
[step 0001/150] method=baseline_avg loss=0.7027 train_acc=nan train_loss=nan val_acc=nan val_loss=nan best=-1.0000
[step 0010/150] method=baseline_avg loss=0.6667 train_acc=nan train_loss=nan val_acc=nan val_loss=nan best=-1.0000
[step 0020/150] method=baseline_avg loss=0.6877 train_acc=nan train_loss=nan val_acc=nan val_loss=nan best=-1.0000
[step 0030/150] method=baseline_avg loss=0.6782 train_acc=nan train_loss=nan val_acc=nan val_loss=nan best=-1.0000
[step 0040/150] method=baseline_avg loss=0.5657 train_acc=nan train_loss=nan val_acc=nan val_loss=nan best=-1.0000
[step 0050/150] method=baseline_avg loss=0.5590 train_acc=0.6892 train_loss=0.6084 val_acc=0.6961 val_loss=0.6166 router_H=0.6411 best=0.6961
           router_load=[0.0, 0.6319541931152344, 0.05603567138314247, 0.3120100498199463]
[step 0060/150] method=baseline_avg loss=0.6417 train_acc=0.6892 train_loss=0.6084 val_acc=0.6961 val_loss=0.6166 router_H=0.6411 best=0.6961
           router_load=[0.0, 0.6319541931152344, 0.05603567138314247, 0.3120100498199463]
[step 0070/150] method=baseline_avg loss=0.4671 train_acc=0.6892 train_loss=0.6084 val_acc=0.6961 val_loss=0.6166 router_H=0.6411 best=0.6961
           router_load=[0.0, 0.6319541931152344, 0.05603567138314247, 0.3120100498199463]
[step 0080/150] method=baseline_avg loss=0.5897 train_acc=0.6892 train_loss=0.6084 val_acc=0.6961 val_loss=0.6166 router_H=0.6411 best=0.6961
           router_load=[0.0, 0.6319541931152344, 0.05603567138314247, 0.3120100498199463]
[step 0090/150] method=baseline_avg loss=0.4525 train_acc=0.6892 train_loss=0.6084 val_acc=0.6961 val_loss=0.6166 router_H=0.6411 best=0.6961
           router_load=[0.0, 0.6319541931152344, 0.05603567138314247, 0.3120100498199463]
[step 0100/150] method=baseline_avg loss=0.5877 train_acc=0.6914 train_loss=0.5510 val_acc=0.6912 val_loss=0.5461 router_H=0.6681 best=0.6961
           router_load=[0.0, 0.6070914268493652, 0.3598070442676544, 0.03310149163007736]
[step 0110/150] method=baseline_avg loss=0.5790 train_acc=0.6914 train_loss=0.5510 val_acc=0.6912 val_loss=0.5461 router_H=0.6681 best=0.6961
           router_load=[0.0, 0.6070914268493652, 0.3598070442676544, 0.03310149163007736]
[step 0120/150] method=baseline_avg loss=0.4073 train_acc=0.6914 train_loss=0.5510 val_acc=0.6912 val_loss=0.5461 router_H=0.6681 best=0.6961
           router_load=[0.0, 0.6070914268493652, 0.3598070442676544, 0.03310149163007736]
[step 0130/150] method=baseline_avg loss=0.6317 train_acc=0.6914 train_loss=0.5510 val_acc=0.6912 val_loss=0.5461 router_H=0.6681 best=0.6961
           router_load=[0.0, 0.6070914268493652, 0.3598070442676544, 0.03310149163007736]
[step 0140/150] method=baseline_avg loss=0.3391 train_acc=0.6914 train_loss=0.5510 val_acc=0.6912 val_loss=0.5461 router_H=0.6681 best=0.6961
           router_load=[0.0, 0.6070914268493652, 0.3598070442676544, 0.03310149163007736]
[step 0150/150] method=baseline_avg loss=0.5371 train_acc=0.8454 train_loss=0.3897 val_acc=0.8750 val_loss=0.3466 router_H=0.6133 best=0.8750
           router_load=[0.004815242253243923, 0.6553714275360107, 0.19626803696155548, 0.14354510605335236]
saved summary -> /home/zhujjing/MOE-grad-conflict-routing/runs/paper_suite/single_gpu/single_task/roberta_mrpc_ffn_e4_k2/hpo/baseline/trial_runs/coord_03_anchor/baseline_s2.json
saved curve -> /home/zhujjing/MOE-grad-conflict-routing/runs/paper_suite/single_gpu/single_task/roberta_mrpc_ffn_e4_k2/hpo/baseline/trial_runs/coord_03_anchor/baseline_s2_curve.csv
