[run] method=baseline candidate=coord_03_train_grad_clip_005 seed=3 steps=150 gpu=0
[run] cmd=
/home/zhujjing/anaconda3/envs/moe/bin/python /home/zhujjing/MOE-grad-conflict-routing/scripts/run.py --config configs/singletask_mrpc_real.yaml --set model.backbone_backend=hf --set model.hf_load_pretrained=true --set model.backbone=roberta --set model.hf_pretrained_name=roberta-base --set model.expert_type=ffn --set model.routing_mode=topk --set model.num_experts=4 --set model.top_k=2 --set seed=3 --set method.name=baseline_avg --set train.steps=150 --set train.eval_every_steps=50 --set train.grad_clip=0.6271934851 --set train.lr=3.842377498e-05 --set train.weight_decay=0.01487570917 --out /home/zhujjing/MOE-grad-conflict-routing/runs/paper_suite/single_gpu/single_task/roberta_mrpc_ffn_e4_k2/hpo/baseline/trial_runs/coord_03_train_grad_clip_005/baseline_s3.json --curve_out /home/zhujjing/MOE-grad-conflict-routing/runs/paper_suite/single_gpu/single_task/roberta_mrpc_ffn_e4_k2/hpo/baseline/trial_runs/coord_03_train_grad_clip_005/baseline_s3_curve.csv
Using the latest cached version of the dataset since glue couldn't be found on the Hugging Face Hub (offline mode is enabled).
Found the latest cached dataset configuration 'mrpc' at /home/zhujjing/hf_cache/datasets/glue/mrpc/0.0.0/bcdcba79d07bc864c1c254ccfcedcce55bcc9a8c (last modified on Thu Mar 19 15:01:06 2026).
/home/zhujjing/anaconda3/envs/moe/lib/python3.10/site-packages/transformers/utils/hub.py:124: FutureWarning: Using `TRANSFORMERS_CACHE` is deprecated and will be removed in v5 of Transformers. Use `HF_HOME` instead.
  warnings.warn(
Some weights of RobertaModel were not initialized from the model checkpoint at roberta-base and are newly initialized: ['roberta.pooler.dense.bias', 'roberta.pooler.dense.weight']
You should probably TRAIN this model on a down-stream task to be able to use it for predictions and inference.
[step 0001/150] method=baseline_avg loss=0.7048 train_acc=nan train_loss=nan val_acc=nan val_loss=nan best=-1.0000
[step 0010/150] method=baseline_avg loss=0.7006 train_acc=nan train_loss=nan val_acc=nan val_loss=nan best=-1.0000
[step 0020/150] method=baseline_avg loss=0.5715 train_acc=nan train_loss=nan val_acc=nan val_loss=nan best=-1.0000
[step 0030/150] method=baseline_avg loss=0.4401 train_acc=nan train_loss=nan val_acc=nan val_loss=nan best=-1.0000
[step 0040/150] method=baseline_avg loss=0.5480 train_acc=nan train_loss=nan val_acc=nan val_loss=nan best=-1.0000
[step 0050/150] method=baseline_avg loss=0.3194 train_acc=0.7988 train_loss=0.4207 val_acc=0.8284 val_loss=0.3955 router_H=0.4491 best=0.8284
           router_load=[0.023704787716269493, 0.31955045461654663, 0.0039668213576078415, 0.6527779698371887]
[step 0060/150] method=baseline_avg loss=0.4367 train_acc=0.7988 train_loss=0.4207 val_acc=0.8284 val_loss=0.3955 router_H=0.4491 best=0.8284
           router_load=[0.023704787716269493, 0.31955045461654663, 0.0039668213576078415, 0.6527779698371887]
[step 0070/150] method=baseline_avg loss=0.3293 train_acc=0.7988 train_loss=0.4207 val_acc=0.8284 val_loss=0.3955 router_H=0.4491 best=0.8284
           router_load=[0.023704787716269493, 0.31955045461654663, 0.0039668213576078415, 0.6527779698371887]
[step 0080/150] method=baseline_avg loss=0.3632 train_acc=0.7988 train_loss=0.4207 val_acc=0.8284 val_loss=0.3955 router_H=0.4491 best=0.8284
           router_load=[0.023704787716269493, 0.31955045461654663, 0.0039668213576078415, 0.6527779698371887]
[step 0090/150] method=baseline_avg loss=0.5260 train_acc=0.7988 train_loss=0.4207 val_acc=0.8284 val_loss=0.3955 router_H=0.4491 best=0.8284
           router_load=[0.023704787716269493, 0.31955045461654663, 0.0039668213576078415, 0.6527779698371887]
[step 0100/150] method=baseline_avg loss=0.5115 train_acc=0.8451 train_loss=0.3776 val_acc=0.8382 val_loss=0.3722 router_H=0.4089 best=0.8382
           router_load=[0.0017926961882039905, 0.2740202844142914, 0.00966650154441595, 0.7145205736160278]
[step 0110/150] method=baseline_avg loss=0.4423 train_acc=0.8451 train_loss=0.3776 val_acc=0.8382 val_loss=0.3722 router_H=0.4089 best=0.8382
           router_load=[0.0017926961882039905, 0.2740202844142914, 0.00966650154441595, 0.7145205736160278]
[step 0120/150] method=baseline_avg loss=0.2995 train_acc=0.8451 train_loss=0.3776 val_acc=0.8382 val_loss=0.3722 router_H=0.4089 best=0.8382
           router_load=[0.0017926961882039905, 0.2740202844142914, 0.00966650154441595, 0.7145205736160278]
[step 0130/150] method=baseline_avg loss=0.3941 train_acc=0.8451 train_loss=0.3776 val_acc=0.8382 val_loss=0.3722 router_H=0.4089 best=0.8382
           router_load=[0.0017926961882039905, 0.2740202844142914, 0.00966650154441595, 0.7145205736160278]
[step 0140/150] method=baseline_avg loss=0.6095 train_acc=0.8451 train_loss=0.3776 val_acc=0.8382 val_loss=0.3722 router_H=0.4089 best=0.8382
           router_load=[0.0017926961882039905, 0.2740202844142914, 0.00966650154441595, 0.7145205736160278]
[step 0150/150] method=baseline_avg loss=0.5170 train_acc=0.8291 train_loss=0.4184 val_acc=0.8333 val_loss=0.4191 router_H=0.4931 best=0.8382
           router_load=[0.0614296980202198, 0.16460081934928894, 0.08804850280284882, 0.6859209537506104]
saved summary -> /home/zhujjing/MOE-grad-conflict-routing/runs/paper_suite/single_gpu/single_task/roberta_mrpc_ffn_e4_k2/hpo/baseline/trial_runs/coord_03_train_grad_clip_005/baseline_s3.json
saved curve -> /home/zhujjing/MOE-grad-conflict-routing/runs/paper_suite/single_gpu/single_task/roberta_mrpc_ffn_e4_k2/hpo/baseline/trial_runs/coord_03_train_grad_clip_005/baseline_s3_curve.csv
