[run] method=baseline candidate=coord_03_train_grad_clip_003 seed=2 steps=150 gpu=0
[run] cmd=
/home/zhujjing/anaconda3/envs/moe/bin/python /home/zhujjing/MOE-grad-conflict-routing/scripts/run.py --config configs/singletask_mrpc_real.yaml --set model.backbone_backend=hf --set model.hf_load_pretrained=true --set model.backbone=roberta --set model.hf_pretrained_name=roberta-base --set model.expert_type=ffn --set model.routing_mode=topk --set model.num_experts=4 --set model.top_k=2 --set seed=2 --set method.name=baseline_avg --set train.steps=150 --set train.eval_every_steps=50 --set train.grad_clip=0.8690175238 --set train.lr=3.842377498e-05 --set train.weight_decay=0.01487570917 --out /home/zhujjing/MOE-grad-conflict-routing/runs/paper_suite/single_gpu/single_task/roberta_mrpc_ffn_e4_k2/hpo/baseline/trial_runs/coord_03_train_grad_clip_003/baseline_s2.json --curve_out /home/zhujjing/MOE-grad-conflict-routing/runs/paper_suite/single_gpu/single_task/roberta_mrpc_ffn_e4_k2/hpo/baseline/trial_runs/coord_03_train_grad_clip_003/baseline_s2_curve.csv
Using the latest cached version of the dataset since glue couldn't be found on the Hugging Face Hub (offline mode is enabled).
Found the latest cached dataset configuration 'mrpc' at /home/zhujjing/hf_cache/datasets/glue/mrpc/0.0.0/bcdcba79d07bc864c1c254ccfcedcce55bcc9a8c (last modified on Thu Mar 19 15:01:06 2026).
/home/zhujjing/anaconda3/envs/moe/lib/python3.10/site-packages/transformers/utils/hub.py:124: FutureWarning: Using `TRANSFORMERS_CACHE` is deprecated and will be removed in v5 of Transformers. Use `HF_HOME` instead.
  warnings.warn(
Some weights of RobertaModel were not initialized from the model checkpoint at roberta-base and are newly initialized: ['roberta.pooler.dense.bias', 'roberta.pooler.dense.weight']
You should probably TRAIN this model on a down-stream task to be able to use it for predictions and inference.
[step 0001/150] method=baseline_avg loss=0.6834 train_acc=nan train_loss=nan val_acc=nan val_loss=nan best=-1.0000
[step 0010/150] method=baseline_avg loss=0.6190 train_acc=nan train_loss=nan val_acc=nan val_loss=nan best=-1.0000
[step 0020/150] method=baseline_avg loss=0.6137 train_acc=nan train_loss=nan val_acc=nan val_loss=nan best=-1.0000
[step 0030/150] method=baseline_avg loss=0.5941 train_acc=nan train_loss=nan val_acc=nan val_loss=nan best=-1.0000
[step 0040/150] method=baseline_avg loss=0.4929 train_acc=nan train_loss=nan val_acc=nan val_loss=nan best=-1.0000
[step 0050/150] method=baseline_avg loss=0.5177 train_acc=0.7789 train_loss=0.4655 val_acc=0.7819 val_loss=0.4588 router_H=0.4039 best=0.7819
           router_load=[0.797931969165802, 0.026143064722418785, 0.17568492889404297, 0.0002400066441623494]
[step 0060/150] method=baseline_avg loss=0.6181 train_acc=0.7789 train_loss=0.4655 val_acc=0.7819 val_loss=0.4588 router_H=0.4039 best=0.7819
           router_load=[0.797931969165802, 0.026143064722418785, 0.17568492889404297, 0.0002400066441623494]
[step 0070/150] method=baseline_avg loss=0.2393 train_acc=0.7789 train_loss=0.4655 val_acc=0.7819 val_loss=0.4588 router_H=0.4039 best=0.7819
           router_load=[0.797931969165802, 0.026143064722418785, 0.17568492889404297, 0.0002400066441623494]
[step 0080/150] method=baseline_avg loss=0.4278 train_acc=0.7789 train_loss=0.4655 val_acc=0.7819 val_loss=0.4588 router_H=0.4039 best=0.7819
           router_load=[0.797931969165802, 0.026143064722418785, 0.17568492889404297, 0.0002400066441623494]
[step 0090/150] method=baseline_avg loss=0.4652 train_acc=0.7789 train_loss=0.4655 val_acc=0.7819 val_loss=0.4588 router_H=0.4039 best=0.7819
           router_load=[0.797931969165802, 0.026143064722418785, 0.17568492889404297, 0.0002400066441623494]
[step 0100/150] method=baseline_avg loss=0.4295 train_acc=0.8599 train_loss=0.3374 val_acc=0.8431 val_loss=0.3590 router_H=0.3568 best=0.8431
           router_load=[0.776030957698822, 0.016960611566901207, 0.20631660521030426, 0.0006917275604791939]
[step 0110/150] method=baseline_avg loss=0.7084 train_acc=0.8599 train_loss=0.3374 val_acc=0.8431 val_loss=0.3590 router_H=0.3568 best=0.8431
           router_load=[0.776030957698822, 0.016960611566901207, 0.20631660521030426, 0.0006917275604791939]
[step 0120/150] method=baseline_avg loss=0.2417 train_acc=0.8599 train_loss=0.3374 val_acc=0.8431 val_loss=0.3590 router_H=0.3568 best=0.8431
           router_load=[0.776030957698822, 0.016960611566901207, 0.20631660521030426, 0.0006917275604791939]
[step 0130/150] method=baseline_avg loss=0.5019 train_acc=0.8599 train_loss=0.3374 val_acc=0.8431 val_loss=0.3590 router_H=0.3568 best=0.8431
           router_load=[0.776030957698822, 0.016960611566901207, 0.20631660521030426, 0.0006917275604791939]
[step 0140/150] method=baseline_avg loss=0.2588 train_acc=0.8599 train_loss=0.3374 val_acc=0.8431 val_loss=0.3590 router_H=0.3568 best=0.8431
           router_load=[0.776030957698822, 0.016960611566901207, 0.20631660521030426, 0.0006917275604791939]
[step 0150/150] method=baseline_avg loss=0.7509 train_acc=0.8203 train_loss=0.4053 val_acc=0.7966 val_loss=0.4236 router_H=0.4642 best=0.8431
           router_load=[0.7810859084129333, 0.1087089255452156, 0.11020511388778687, 0.0]
saved summary -> /home/zhujjing/MOE-grad-conflict-routing/runs/paper_suite/single_gpu/single_task/roberta_mrpc_ffn_e4_k2/hpo/baseline/trial_runs/coord_03_train_grad_clip_003/baseline_s2.json
saved curve -> /home/zhujjing/MOE-grad-conflict-routing/runs/paper_suite/single_gpu/single_task/roberta_mrpc_ffn_e4_k2/hpo/baseline/trial_runs/coord_03_train_grad_clip_003/baseline_s2_curve.csv
