[run] method=baseline candidate=coord_03_train_grad_clip_000 seed=3 steps=150 gpu=0
[run] cmd=
/home/zhujjing/anaconda3/envs/moe/bin/python /home/zhujjing/MOE-grad-conflict-routing/scripts/run.py --config configs/singletask_mrpc_real.yaml --set model.backbone_backend=hf --set model.hf_load_pretrained=true --set model.backbone=roberta --set model.hf_pretrained_name=roberta-base --set model.expert_type=ffn --set model.routing_mode=topk --set model.num_experts=4 --set model.top_k=2 --set seed=3 --set method.name=baseline_avg --set train.steps=150 --set train.eval_every_steps=50 --set train.grad_clip=0.8623574172 --set train.lr=3.842377498e-05 --set train.weight_decay=0.01487570917 --out /home/zhujjing/MOE-grad-conflict-routing/runs/paper_suite/single_gpu/single_task/roberta_mrpc_ffn_e4_k2/hpo/baseline/trial_runs/coord_03_train_grad_clip_000/baseline_s3.json --curve_out /home/zhujjing/MOE-grad-conflict-routing/runs/paper_suite/single_gpu/single_task/roberta_mrpc_ffn_e4_k2/hpo/baseline/trial_runs/coord_03_train_grad_clip_000/baseline_s3_curve.csv
Using the latest cached version of the dataset since glue couldn't be found on the Hugging Face Hub (offline mode is enabled).
Found the latest cached dataset configuration 'mrpc' at /home/zhujjing/hf_cache/datasets/glue/mrpc/0.0.0/bcdcba79d07bc864c1c254ccfcedcce55bcc9a8c (last modified on Thu Mar 19 15:01:06 2026).
/home/zhujjing/anaconda3/envs/moe/lib/python3.10/site-packages/transformers/utils/hub.py:124: FutureWarning: Using `TRANSFORMERS_CACHE` is deprecated and will be removed in v5 of Transformers. Use `HF_HOME` instead.
  warnings.warn(
Some weights of RobertaModel were not initialized from the model checkpoint at roberta-base and are newly initialized: ['roberta.pooler.dense.bias', 'roberta.pooler.dense.weight']
You should probably TRAIN this model on a down-stream task to be able to use it for predictions and inference.
[step 0001/150] method=baseline_avg loss=0.6786 train_acc=nan train_loss=nan val_acc=nan val_loss=nan best=-1.0000
[step 0010/150] method=baseline_avg loss=0.7665 train_acc=nan train_loss=nan val_acc=nan val_loss=nan best=-1.0000
[step 0020/150] method=baseline_avg loss=0.6537 train_acc=nan train_loss=nan val_acc=nan val_loss=nan best=-1.0000
[step 0030/150] method=baseline_avg loss=0.5334 train_acc=nan train_loss=nan val_acc=nan val_loss=nan best=-1.0000
[step 0040/150] method=baseline_avg loss=0.5983 train_acc=nan train_loss=nan val_acc=nan val_loss=nan best=-1.0000
[step 0050/150] method=baseline_avg loss=0.5352 train_acc=0.7688 train_loss=0.4880 val_acc=0.7819 val_loss=0.4697 router_H=0.6277 best=0.7819
           router_load=[0.13746757805347443, 0.6662878394126892, 0.0012954695848748088, 0.19494913518428802]
[step 0060/150] method=baseline_avg loss=0.5655 train_acc=0.7688 train_loss=0.4880 val_acc=0.7819 val_loss=0.4697 router_H=0.6277 best=0.7819
           router_load=[0.13746757805347443, 0.6662878394126892, 0.0012954695848748088, 0.19494913518428802]
[step 0070/150] method=baseline_avg loss=0.4032 train_acc=0.7688 train_loss=0.4880 val_acc=0.7819 val_loss=0.4697 router_H=0.6277 best=0.7819
           router_load=[0.13746757805347443, 0.6662878394126892, 0.0012954695848748088, 0.19494913518428802]
[step 0080/150] method=baseline_avg loss=0.5540 train_acc=0.7688 train_loss=0.4880 val_acc=0.7819 val_loss=0.4697 router_H=0.6277 best=0.7819
           router_load=[0.13746757805347443, 0.6662878394126892, 0.0012954695848748088, 0.19494913518428802]
[step 0090/150] method=baseline_avg loss=0.6209 train_acc=0.7688 train_loss=0.4880 val_acc=0.7819 val_loss=0.4697 router_H=0.6277 best=0.7819
           router_load=[0.13746757805347443, 0.6662878394126892, 0.0012954695848748088, 0.19494913518428802]
[step 0100/150] method=baseline_avg loss=0.3934 train_acc=0.8103 train_loss=0.3981 val_acc=0.8113 val_loss=0.4031 router_H=0.5852 best=0.8113
           router_load=[0.02049434743821621, 0.6599823236465454, 0.037104975432157516, 0.28241822123527527]
[step 0110/150] method=baseline_avg loss=0.5013 train_acc=0.8103 train_loss=0.3981 val_acc=0.8113 val_loss=0.4031 router_H=0.5852 best=0.8113
           router_load=[0.02049434743821621, 0.6599823236465454, 0.037104975432157516, 0.28241822123527527]
[step 0120/150] method=baseline_avg loss=0.3194 train_acc=0.8103 train_loss=0.3981 val_acc=0.8113 val_loss=0.4031 router_H=0.5852 best=0.8113
           router_load=[0.02049434743821621, 0.6599823236465454, 0.037104975432157516, 0.28241822123527527]
[step 0130/150] method=baseline_avg loss=0.2596 train_acc=0.8103 train_loss=0.3981 val_acc=0.8113 val_loss=0.4031 router_H=0.5852 best=0.8113
           router_load=[0.02049434743821621, 0.6599823236465454, 0.037104975432157516, 0.28241822123527527]
[step 0140/150] method=baseline_avg loss=0.5167 train_acc=0.8103 train_loss=0.3981 val_acc=0.8113 val_loss=0.4031 router_H=0.5852 best=0.8113
           router_load=[0.02049434743821621, 0.6599823236465454, 0.037104975432157516, 0.28241822123527527]
[step 0150/150] method=baseline_avg loss=0.5606 train_acc=0.8629 train_loss=0.3768 val_acc=0.8480 val_loss=0.3823 router_H=0.6769 best=0.8480
           router_load=[0.0, 0.315785676240921, 0.42972618341445923, 0.25448817014694214]
saved summary -> /home/zhujjing/MOE-grad-conflict-routing/runs/paper_suite/single_gpu/single_task/roberta_mrpc_ffn_e4_k2/hpo/baseline/trial_runs/coord_03_train_grad_clip_000/baseline_s3.json
saved curve -> /home/zhujjing/MOE-grad-conflict-routing/runs/paper_suite/single_gpu/single_task/roberta_mrpc_ffn_e4_k2/hpo/baseline/trial_runs/coord_03_train_grad_clip_000/baseline_s3_curve.csv
