[run] method=ours candidate=coord_02_train_weight_decay_017 seed=3 steps=150 gpu=0
[run] cmd=
/home/zhujjing/anaconda3/envs/moe/bin/python /home/zhujjing/MOE-grad-conflict-routing/scripts/run.py --config configs/singletask_mrpc_real.yaml --set model.backbone_backend=hf --set model.hf_load_pretrained=true --set model.backbone=roberta --set model.hf_pretrained_name=roberta-base --set model.expert_type=ffn --set model.routing_mode=topk --set model.num_experts=4 --set model.top_k=2 --set seed=3 --set method.name=ours --set train.steps=150 --set train.eval_every_steps=50 --set method.ours.use_load_norm=true --set method.ours.lambda_align=0.001 --set train.grad_clip=1 --set train.lr=4.233346635e-05 --set train.weight_decay=0.02141233927 --out /home/zhujjing/MOE-grad-conflict-routing/runs/paper_suite/single_gpu/single_task/roberta_mrpc_ffn_e4_k2/hpo/ours/trial_runs/coord_02_train_weight_decay_017/ours_s3.json --curve_out /home/zhujjing/MOE-grad-conflict-routing/runs/paper_suite/single_gpu/single_task/roberta_mrpc_ffn_e4_k2/hpo/ours/trial_runs/coord_02_train_weight_decay_017/ours_s3_curve.csv
Using the latest cached version of the dataset since glue couldn't be found on the Hugging Face Hub (offline mode is enabled).
Found the latest cached dataset configuration 'mrpc' at /home/zhujjing/hf_cache/datasets/glue/mrpc/0.0.0/bcdcba79d07bc864c1c254ccfcedcce55bcc9a8c (last modified on Thu Mar 19 15:01:06 2026).
/home/zhujjing/anaconda3/envs/moe/lib/python3.10/site-packages/transformers/utils/hub.py:124: FutureWarning: Using `TRANSFORMERS_CACHE` is deprecated and will be removed in v5 of Transformers. Use `HF_HOME` instead.
  warnings.warn(
Some weights of RobertaModel were not initialized from the model checkpoint at roberta-base and are newly initialized: ['roberta.pooler.dense.bias', 'roberta.pooler.dense.weight']
You should probably TRAIN this model on a down-stream task to be able to use it for predictions and inference.
[step 0001/150] method=ours loss=0.6739 train_acc=nan train_loss=nan val_acc=nan val_loss=nan best=-1.0000
[step 0010/150] method=ours loss=0.7317 train_acc=nan train_loss=nan val_acc=nan val_loss=nan best=-1.0000
[step 0020/150] method=ours loss=0.8366 train_acc=nan train_loss=nan val_acc=nan val_loss=nan best=-1.0000
[step 0030/150] method=ours loss=0.5523 train_acc=nan train_loss=nan val_acc=nan val_loss=nan best=-1.0000
[step 0040/150] method=ours loss=0.5241 train_acc=nan train_loss=nan val_acc=nan val_loss=nan best=-1.0000
[step 0050/150] method=ours loss=0.3910 train_acc=0.8023 train_loss=0.4698 val_acc=0.8113 val_loss=0.4656 router_H=0.5961 best=0.8113
           router_load=[0.0, 0.3603697717189789, 0.0012267258716747165, 0.6384034156799316]
[step 0060/150] method=ours loss=0.5080 train_acc=0.8023 train_loss=0.4698 val_acc=0.8113 val_loss=0.4656 router_H=0.5961 best=0.8113
           router_load=[0.0, 0.3603697717189789, 0.0012267258716747165, 0.6384034156799316]
[step 0070/150] method=ours loss=0.3590 train_acc=0.8023 train_loss=0.4698 val_acc=0.8113 val_loss=0.4656 router_H=0.5961 best=0.8113
           router_load=[0.0, 0.3603697717189789, 0.0012267258716747165, 0.6384034156799316]
[step 0080/150] method=ours loss=0.5769 train_acc=0.8023 train_loss=0.4698 val_acc=0.8113 val_loss=0.4656 router_H=0.5961 best=0.8113
           router_load=[0.0, 0.3603697717189789, 0.0012267258716747165, 0.6384034156799316]
[step 0090/150] method=ours loss=0.5905 train_acc=0.8023 train_loss=0.4698 val_acc=0.8113 val_loss=0.4656 router_H=0.5961 best=0.8113
           router_load=[0.0, 0.3603697717189789, 0.0012267258716747165, 0.6384034156799316]
[step 0100/150] method=ours loss=0.5629 train_acc=0.8190 train_loss=0.5055 val_acc=0.7941 val_loss=0.5114 router_H=0.5684 best=0.8113
           router_load=[0.0011701310286298394, 0.3316492438316345, 0.0, 0.6671804785728455]
[step 0110/150] method=ours loss=0.4317 train_acc=0.8190 train_loss=0.5055 val_acc=0.7941 val_loss=0.5114 router_H=0.5684 best=0.8113
           router_load=[0.0011701310286298394, 0.3316492438316345, 0.0, 0.6671804785728455]
[step 0120/150] method=ours loss=0.3149 train_acc=0.8190 train_loss=0.5055 val_acc=0.7941 val_loss=0.5114 router_H=0.5684 best=0.8113
           router_load=[0.0011701310286298394, 0.3316492438316345, 0.0, 0.6671804785728455]
[step 0130/150] method=ours loss=0.3872 train_acc=0.8190 train_loss=0.5055 val_acc=0.7941 val_loss=0.5114 router_H=0.5684 best=0.8113
           router_load=[0.0011701310286298394, 0.3316492438316345, 0.0, 0.6671804785728455]
[step 0140/150] method=ours loss=0.5562 train_acc=0.8190 train_loss=0.5055 val_acc=0.7941 val_loss=0.5114 router_H=0.5684 best=0.8113
           router_load=[0.0011701310286298394, 0.3316492438316345, 0.0, 0.6671804785728455]
[step 0150/150] method=ours loss=0.6133 train_acc=0.8571 train_loss=0.3657 val_acc=0.8284 val_loss=0.4062 router_H=0.4875 best=0.8284
           router_load=[0.09890764951705933, 0.15547053515911102, 0.0, 0.7456218004226685]
saved summary -> /home/zhujjing/MOE-grad-conflict-routing/runs/paper_suite/single_gpu/single_task/roberta_mrpc_ffn_e4_k2/hpo/ours/trial_runs/coord_02_train_weight_decay_017/ours_s3.json
saved curve -> /home/zhujjing/MOE-grad-conflict-routing/runs/paper_suite/single_gpu/single_task/roberta_mrpc_ffn_e4_k2/hpo/ours/trial_runs/coord_02_train_weight_decay_017/ours_s3_curve.csv
