[run] method=ours candidate=coord_02_train_weight_decay_022 seed=2 steps=150 gpu=0
[run] cmd=
/home/zhujjing/anaconda3/envs/moe/bin/python /home/zhujjing/MOE-grad-conflict-routing/scripts/run.py --config configs/singletask_mrpc_real.yaml --set model.backbone_backend=hf --set model.hf_load_pretrained=true --set model.backbone=roberta --set model.hf_pretrained_name=roberta-base --set model.expert_type=ffn --set model.routing_mode=topk --set model.num_experts=4 --set model.top_k=2 --set seed=2 --set method.name=ours --set train.steps=150 --set train.eval_every_steps=50 --set method.ours.use_load_norm=true --set method.ours.lambda_align=0.001 --set train.grad_clip=1 --set train.lr=4.233346635e-05 --set train.weight_decay=0.01547655633 --out /home/zhujjing/MOE-grad-conflict-routing/runs/paper_suite/single_gpu/single_task/roberta_mrpc_ffn_e4_k2/hpo/ours/trial_runs/coord_02_train_weight_decay_022/ours_s2.json --curve_out /home/zhujjing/MOE-grad-conflict-routing/runs/paper_suite/single_gpu/single_task/roberta_mrpc_ffn_e4_k2/hpo/ours/trial_runs/coord_02_train_weight_decay_022/ours_s2_curve.csv
Using the latest cached version of the dataset since glue couldn't be found on the Hugging Face Hub (offline mode is enabled).
Found the latest cached dataset configuration 'mrpc' at /home/zhujjing/hf_cache/datasets/glue/mrpc/0.0.0/bcdcba79d07bc864c1c254ccfcedcce55bcc9a8c (last modified on Thu Mar 19 15:01:06 2026).
/home/zhujjing/anaconda3/envs/moe/lib/python3.10/site-packages/transformers/utils/hub.py:124: FutureWarning: Using `TRANSFORMERS_CACHE` is deprecated and will be removed in v5 of Transformers. Use `HF_HOME` instead.
  warnings.warn(
Some weights of RobertaModel were not initialized from the model checkpoint at roberta-base and are newly initialized: ['roberta.pooler.dense.bias', 'roberta.pooler.dense.weight']
You should probably TRAIN this model on a down-stream task to be able to use it for predictions and inference.
[step 0001/150] method=ours loss=0.6814 train_acc=nan train_loss=nan val_acc=nan val_loss=nan best=-1.0000
[step 0010/150] method=ours loss=0.6478 train_acc=nan train_loss=nan val_acc=nan val_loss=nan best=-1.0000
[step 0020/150] method=ours loss=0.6400 train_acc=nan train_loss=nan val_acc=nan val_loss=nan best=-1.0000
[step 0030/150] method=ours loss=0.6125 train_acc=nan train_loss=nan val_acc=nan val_loss=nan best=-1.0000
[step 0040/150] method=ours loss=0.5702 train_acc=nan train_loss=nan val_acc=nan val_loss=nan best=-1.0000
[step 0050/150] method=ours loss=0.5730 train_acc=0.7053 train_loss=0.5627 val_acc=0.7108 val_loss=0.5621 router_H=0.5495 best=0.7108
           router_load=[0.17526346445083618, 0.002363990992307663, 0.7341005802154541, 0.08827193826436996]
[step 0060/150] method=ours loss=0.6123 train_acc=0.7053 train_loss=0.5627 val_acc=0.7108 val_loss=0.5621 router_H=0.5495 best=0.7108
           router_load=[0.17526346445083618, 0.002363990992307663, 0.7341005802154541, 0.08827193826436996]
[step 0070/150] method=ours loss=0.4692 train_acc=0.7053 train_loss=0.5627 val_acc=0.7108 val_loss=0.5621 router_H=0.5495 best=0.7108
           router_load=[0.17526346445083618, 0.002363990992307663, 0.7341005802154541, 0.08827193826436996]
[step 0080/150] method=ours loss=0.4623 train_acc=0.7053 train_loss=0.5627 val_acc=0.7108 val_loss=0.5621 router_H=0.5495 best=0.7108
           router_load=[0.17526346445083618, 0.002363990992307663, 0.7341005802154541, 0.08827193826436996]
[step 0090/150] method=ours loss=0.4379 train_acc=0.7053 train_loss=0.5627 val_acc=0.7108 val_loss=0.5621 router_H=0.5495 best=0.7108
           router_load=[0.17526346445083618, 0.002363990992307663, 0.7341005802154541, 0.08827193826436996]
[step 0100/150] method=ours loss=0.5109 train_acc=0.7830 train_loss=0.4744 val_acc=0.7819 val_loss=0.4752 router_H=0.5107 best=0.7819
           router_load=[0.22641848027706146, 0.00691375182941556, 0.7666677832603455, 0.0]
[step 0110/150] method=ours loss=0.6001 train_acc=0.7830 train_loss=0.4744 val_acc=0.7819 val_loss=0.4752 router_H=0.5107 best=0.7819
           router_load=[0.22641848027706146, 0.00691375182941556, 0.7666677832603455, 0.0]
[step 0120/150] method=ours loss=0.3036 train_acc=0.7830 train_loss=0.4744 val_acc=0.7819 val_loss=0.4752 router_H=0.5107 best=0.7819
           router_load=[0.22641848027706146, 0.00691375182941556, 0.7666677832603455, 0.0]
[step 0130/150] method=ours loss=0.5840 train_acc=0.7830 train_loss=0.4744 val_acc=0.7819 val_loss=0.4752 router_H=0.5107 best=0.7819
           router_load=[0.22641848027706146, 0.00691375182941556, 0.7666677832603455, 0.0]
[step 0140/150] method=ours loss=0.4520 train_acc=0.7830 train_loss=0.4744 val_acc=0.7819 val_loss=0.4752 router_H=0.5107 best=0.7819
           router_load=[0.22641848027706146, 0.00691375182941556, 0.7666677832603455, 0.0]
[step 0150/150] method=ours loss=0.5807 train_acc=0.8370 train_loss=0.3786 val_acc=0.8407 val_loss=0.3948 router_H=0.3266 best=0.8407
           router_load=[0.10941009223461151, 0.02539927326142788, 0.8651905655860901, 0.0]
saved summary -> /home/zhujjing/MOE-grad-conflict-routing/runs/paper_suite/single_gpu/single_task/roberta_mrpc_ffn_e4_k2/hpo/ours/trial_runs/coord_02_train_weight_decay_022/ours_s2.json
saved curve -> /home/zhujjing/MOE-grad-conflict-routing/runs/paper_suite/single_gpu/single_task/roberta_mrpc_ffn_e4_k2/hpo/ours/trial_runs/coord_02_train_weight_decay_022/ours_s2_curve.csv
