[run] method=ours candidate=coord_02_train_weight_decay_010 seed=2 steps=150 gpu=0
[run] cmd=
/home/zhujjing/anaconda3/envs/moe/bin/python /home/zhujjing/MOE-grad-conflict-routing/scripts/run.py --config configs/singletask_mrpc_real.yaml --set model.backbone_backend=hf --set model.hf_load_pretrained=true --set model.backbone=roberta --set model.hf_pretrained_name=roberta-base --set model.expert_type=ffn --set model.routing_mode=topk --set model.num_experts=4 --set model.top_k=2 --set seed=2 --set method.name=ours --set train.steps=150 --set train.eval_every_steps=50 --set method.ours.use_load_norm=true --set method.ours.lambda_align=0.001 --set train.grad_clip=1 --set train.lr=4.233346635e-05 --set train.weight_decay=0.01569929632 --out /home/zhujjing/MOE-grad-conflict-routing/runs/paper_suite/single_gpu/single_task/roberta_mrpc_ffn_e4_k2/hpo/ours/trial_runs/coord_02_train_weight_decay_010/ours_s2.json --curve_out /home/zhujjing/MOE-grad-conflict-routing/runs/paper_suite/single_gpu/single_task/roberta_mrpc_ffn_e4_k2/hpo/ours/trial_runs/coord_02_train_weight_decay_010/ours_s2_curve.csv
Using the latest cached version of the dataset since glue couldn't be found on the Hugging Face Hub (offline mode is enabled).
Found the latest cached dataset configuration 'mrpc' at /home/zhujjing/hf_cache/datasets/glue/mrpc/0.0.0/bcdcba79d07bc864c1c254ccfcedcce55bcc9a8c (last modified on Thu Mar 19 15:01:06 2026).
/home/zhujjing/anaconda3/envs/moe/lib/python3.10/site-packages/transformers/utils/hub.py:124: FutureWarning: Using `TRANSFORMERS_CACHE` is deprecated and will be removed in v5 of Transformers. Use `HF_HOME` instead.
  warnings.warn(
Some weights of RobertaModel were not initialized from the model checkpoint at roberta-base and are newly initialized: ['roberta.pooler.dense.bias', 'roberta.pooler.dense.weight']
You should probably TRAIN this model on a down-stream task to be able to use it for predictions and inference.
[step 0001/150] method=ours loss=0.6986 train_acc=nan train_loss=nan val_acc=nan val_loss=nan best=-1.0000
[step 0010/150] method=ours loss=0.6934 train_acc=nan train_loss=nan val_acc=nan val_loss=nan best=-1.0000
[step 0020/150] method=ours loss=0.6465 train_acc=nan train_loss=nan val_acc=nan val_loss=nan best=-1.0000
[step 0030/150] method=ours loss=0.6340 train_acc=nan train_loss=nan val_acc=nan val_loss=nan best=-1.0000
[step 0040/150] method=ours loss=0.5183 train_acc=nan train_loss=nan val_acc=nan val_loss=nan best=-1.0000
[step 0050/150] method=ours loss=0.5564 train_acc=0.7083 train_loss=0.5634 val_acc=0.7255 val_loss=0.5616 router_H=0.6795 best=0.7255
           router_load=[0.5625693202018738, 0.034880708903074265, 0.40173181891441345, 0.0008180995937436819]
[step 0060/150] method=ours loss=0.6626 train_acc=0.7083 train_loss=0.5634 val_acc=0.7255 val_loss=0.5616 router_H=0.6795 best=0.7255
           router_load=[0.5625693202018738, 0.034880708903074265, 0.40173181891441345, 0.0008180995937436819]
[step 0070/150] method=ours loss=0.4640 train_acc=0.7083 train_loss=0.5634 val_acc=0.7255 val_loss=0.5616 router_H=0.6795 best=0.7255
           router_load=[0.5625693202018738, 0.034880708903074265, 0.40173181891441345, 0.0008180995937436819]
[step 0080/150] method=ours loss=0.4667 train_acc=0.7083 train_loss=0.5634 val_acc=0.7255 val_loss=0.5616 router_H=0.6795 best=0.7255
           router_load=[0.5625693202018738, 0.034880708903074265, 0.40173181891441345, 0.0008180995937436819]
[step 0090/150] method=ours loss=0.4484 train_acc=0.7083 train_loss=0.5634 val_acc=0.7255 val_loss=0.5616 router_H=0.6795 best=0.7255
           router_load=[0.5625693202018738, 0.034880708903074265, 0.40173181891441345, 0.0008180995937436819]
[step 0100/150] method=ours loss=0.5554 train_acc=0.8070 train_loss=0.4906 val_acc=0.8211 val_loss=0.4830 router_H=0.6794 best=0.8211
           router_load=[0.4843858778476715, 0.045442961156368256, 0.4701712131500244, 0.0]
[step 0110/150] method=ours loss=0.7800 train_acc=0.8070 train_loss=0.4906 val_acc=0.8211 val_loss=0.4830 router_H=0.6794 best=0.8211
           router_load=[0.4843858778476715, 0.045442961156368256, 0.4701712131500244, 0.0]
[step 0120/150] method=ours loss=0.3234 train_acc=0.8070 train_loss=0.4906 val_acc=0.8211 val_loss=0.4830 router_H=0.6794 best=0.8211
           router_load=[0.4843858778476715, 0.045442961156368256, 0.4701712131500244, 0.0]
[step 0130/150] method=ours loss=0.5507 train_acc=0.8070 train_loss=0.4906 val_acc=0.8211 val_loss=0.4830 router_H=0.6794 best=0.8211
           router_load=[0.4843858778476715, 0.045442961156368256, 0.4701712131500244, 0.0]
[step 0140/150] method=ours loss=0.5424 train_acc=0.8070 train_loss=0.4906 val_acc=0.8211 val_loss=0.4830 router_H=0.6794 best=0.8211
           router_load=[0.4843858778476715, 0.045442961156368256, 0.4701712131500244, 0.0]
[step 0150/150] method=ours loss=0.6588 train_acc=0.8621 train_loss=0.3339 val_acc=0.8701 val_loss=0.3117 router_H=0.5726 best=0.8701
           router_load=[0.2525903582572937, 0.19202810525894165, 0.5535733699798584, 0.001808173255994916]
saved summary -> /home/zhujjing/MOE-grad-conflict-routing/runs/paper_suite/single_gpu/single_task/roberta_mrpc_ffn_e4_k2/hpo/ours/trial_runs/coord_02_train_weight_decay_010/ours_s2.json
saved curve -> /home/zhujjing/MOE-grad-conflict-routing/runs/paper_suite/single_gpu/single_task/roberta_mrpc_ffn_e4_k2/hpo/ours/trial_runs/coord_02_train_weight_decay_010/ours_s2_curve.csv
