[run] method=ours candidate=coord_02_train_weight_decay_000 seed=2 steps=150 gpu=0
[run] cmd=
/home/zhujjing/anaconda3/envs/moe/bin/python /home/zhujjing/MOE-grad-conflict-routing/scripts/run.py --config configs/singletask_mrpc_real.yaml --set model.backbone_backend=hf --set model.hf_load_pretrained=true --set model.backbone=roberta --set model.hf_pretrained_name=roberta-base --set model.expert_type=ffn --set model.routing_mode=topk --set model.num_experts=4 --set model.top_k=2 --set seed=2 --set method.name=ours --set train.steps=150 --set train.eval_every_steps=50 --set method.ours.use_load_norm=true --set method.ours.lambda_align=0.001 --set train.grad_clip=1 --set train.lr=4.233346635e-05 --set train.weight_decay=0.03963349774 --out /home/zhujjing/MOE-grad-conflict-routing/runs/paper_suite/single_gpu/single_task/roberta_mrpc_ffn_e4_k2/hpo/ours/trial_runs/coord_02_train_weight_decay_000/ours_s2.json --curve_out /home/zhujjing/MOE-grad-conflict-routing/runs/paper_suite/single_gpu/single_task/roberta_mrpc_ffn_e4_k2/hpo/ours/trial_runs/coord_02_train_weight_decay_000/ours_s2_curve.csv
Using the latest cached version of the dataset since glue couldn't be found on the Hugging Face Hub (offline mode is enabled).
Found the latest cached dataset configuration 'mrpc' at /home/zhujjing/hf_cache/datasets/glue/mrpc/0.0.0/bcdcba79d07bc864c1c254ccfcedcce55bcc9a8c (last modified on Thu Mar 19 15:01:06 2026).
/home/zhujjing/anaconda3/envs/moe/lib/python3.10/site-packages/transformers/utils/hub.py:124: FutureWarning: Using `TRANSFORMERS_CACHE` is deprecated and will be removed in v5 of Transformers. Use `HF_HOME` instead.
  warnings.warn(
Some weights of RobertaModel were not initialized from the model checkpoint at roberta-base and are newly initialized: ['roberta.pooler.dense.bias', 'roberta.pooler.dense.weight']
You should probably TRAIN this model on a down-stream task to be able to use it for predictions and inference.
[step 0001/150] method=ours loss=0.7048 train_acc=nan train_loss=nan val_acc=nan val_loss=nan best=-1.0000
[step 0010/150] method=ours loss=0.6527 train_acc=nan train_loss=nan val_acc=nan val_loss=nan best=-1.0000
[step 0020/150] method=ours loss=0.6418 train_acc=nan train_loss=nan val_acc=nan val_loss=nan best=-1.0000
[step 0030/150] method=ours loss=0.6269 train_acc=nan train_loss=nan val_acc=nan val_loss=nan best=-1.0000
[step 0040/150] method=ours loss=0.5271 train_acc=nan train_loss=nan val_acc=nan val_loss=nan best=-1.0000
[step 0050/150] method=ours loss=0.5816 train_acc=0.7047 train_loss=0.6327 val_acc=0.6985 val_loss=0.6248 router_H=0.5237 best=0.6985
           router_load=[0.7510668635368347, 0.0, 0.02851765975356102, 0.22041554749011993]
[step 0060/150] method=ours loss=0.7152 train_acc=0.7047 train_loss=0.6327 val_acc=0.6985 val_loss=0.6248 router_H=0.5237 best=0.6985
           router_load=[0.7510668635368347, 0.0, 0.02851765975356102, 0.22041554749011993]
[step 0070/150] method=ours loss=0.4826 train_acc=0.7047 train_loss=0.6327 val_acc=0.6985 val_loss=0.6248 router_H=0.5237 best=0.6985
           router_load=[0.7510668635368347, 0.0, 0.02851765975356102, 0.22041554749011993]
[step 0080/150] method=ours loss=0.5669 train_acc=0.7047 train_loss=0.6327 val_acc=0.6985 val_loss=0.6248 router_H=0.5237 best=0.6985
           router_load=[0.7510668635368347, 0.0, 0.02851765975356102, 0.22041554749011993]
[step 0090/150] method=ours loss=0.4376 train_acc=0.7047 train_loss=0.6327 val_acc=0.6985 val_loss=0.6248 router_H=0.5237 best=0.6985
           router_load=[0.7510668635368347, 0.0, 0.02851765975356102, 0.22041554749011993]
[step 0100/150] method=ours loss=0.5472 train_acc=0.7863 train_loss=0.4696 val_acc=0.7672 val_loss=0.4714 router_H=0.4590 best=0.7672
           router_load=[0.7743827700614929, 0.0, 0.22561734914779663, 0.0]
[step 0110/150] method=ours loss=0.6511 train_acc=0.7863 train_loss=0.4696 val_acc=0.7672 val_loss=0.4714 router_H=0.4590 best=0.7672
           router_load=[0.7743827700614929, 0.0, 0.22561734914779663, 0.0]
[step 0120/150] method=ours loss=0.3556 train_acc=0.7863 train_loss=0.4696 val_acc=0.7672 val_loss=0.4714 router_H=0.4590 best=0.7672
           router_load=[0.7743827700614929, 0.0, 0.22561734914779663, 0.0]
[step 0130/150] method=ours loss=0.5577 train_acc=0.7863 train_loss=0.4696 val_acc=0.7672 val_loss=0.4714 router_H=0.4590 best=0.7672
           router_load=[0.7743827700614929, 0.0, 0.22561734914779663, 0.0]
[step 0140/150] method=ours loss=0.4099 train_acc=0.7863 train_loss=0.4696 val_acc=0.7672 val_loss=0.4714 router_H=0.4590 best=0.7672
           router_load=[0.7743827700614929, 0.0, 0.22561734914779663, 0.0]
[step 0150/150] method=ours loss=0.8540 train_acc=0.8356 train_loss=0.4302 val_acc=0.8333 val_loss=0.4341 router_H=0.2957 best=0.8333
           router_load=[0.8607407212257385, 0.013287265785038471, 0.12388620525598526, 0.0020856987684965134]
saved summary -> /home/zhujjing/MOE-grad-conflict-routing/runs/paper_suite/single_gpu/single_task/roberta_mrpc_ffn_e4_k2/hpo/ours/trial_runs/coord_02_train_weight_decay_000/ours_s2.json
saved curve -> /home/zhujjing/MOE-grad-conflict-routing/runs/paper_suite/single_gpu/single_task/roberta_mrpc_ffn_e4_k2/hpo/ours/trial_runs/coord_02_train_weight_decay_000/ours_s2_curve.csv
