[run] method=ours candidate=coord_02_train_weight_decay_013 seed=3 steps=150 gpu=0
[run] cmd=
/home/zhujjing/anaconda3/envs/moe/bin/python /home/zhujjing/MOE-grad-conflict-routing/scripts/run.py --config configs/singletask_mrpc_real.yaml --set model.backbone_backend=hf --set model.hf_load_pretrained=true --set model.backbone=roberta --set model.hf_pretrained_name=roberta-base --set model.expert_type=ffn --set model.routing_mode=topk --set model.num_experts=4 --set model.top_k=2 --set seed=3 --set method.name=ours --set train.steps=150 --set train.eval_every_steps=50 --set method.ours.use_load_norm=true --set method.ours.lambda_align=0.001 --set train.grad_clip=1 --set train.lr=4.233346635e-05 --set train.weight_decay=0.04796146989 --out /home/zhujjing/MOE-grad-conflict-routing/runs/paper_suite/single_gpu/single_task/roberta_mrpc_ffn_e4_k2/hpo/ours/trial_runs/coord_02_train_weight_decay_013/ours_s3.json --curve_out /home/zhujjing/MOE-grad-conflict-routing/runs/paper_suite/single_gpu/single_task/roberta_mrpc_ffn_e4_k2/hpo/ours/trial_runs/coord_02_train_weight_decay_013/ours_s3_curve.csv
Using the latest cached version of the dataset since glue couldn't be found on the Hugging Face Hub (offline mode is enabled).
Found the latest cached dataset configuration 'mrpc' at /home/zhujjing/hf_cache/datasets/glue/mrpc/0.0.0/bcdcba79d07bc864c1c254ccfcedcce55bcc9a8c (last modified on Thu Mar 19 15:01:06 2026).
/home/zhujjing/anaconda3/envs/moe/lib/python3.10/site-packages/transformers/utils/hub.py:124: FutureWarning: Using `TRANSFORMERS_CACHE` is deprecated and will be removed in v5 of Transformers. Use `HF_HOME` instead.
  warnings.warn(
Some weights of RobertaModel were not initialized from the model checkpoint at roberta-base and are newly initialized: ['roberta.pooler.dense.bias', 'roberta.pooler.dense.weight']
You should probably TRAIN this model on a down-stream task to be able to use it for predictions and inference.
[step 0001/150] method=ours loss=0.6858 train_acc=nan train_loss=nan val_acc=nan val_loss=nan best=-1.0000
[step 0010/150] method=ours loss=0.6805 train_acc=nan train_loss=nan val_acc=nan val_loss=nan best=-1.0000
[step 0020/150] method=ours loss=0.5982 train_acc=nan train_loss=nan val_acc=nan val_loss=nan best=-1.0000
[step 0030/150] method=ours loss=0.5068 train_acc=nan train_loss=nan val_acc=nan val_loss=nan best=-1.0000
[step 0040/150] method=ours loss=0.8202 train_acc=nan train_loss=nan val_acc=nan val_loss=nan best=-1.0000
[step 0050/150] method=ours loss=0.3394 train_acc=0.7587 train_loss=0.4770 val_acc=0.7598 val_loss=0.4552 router_H=0.4124 best=0.7598
           router_load=[0.18181714415550232, 0.7650750279426575, 0.0030802905093878508, 0.050027597695589066]
[step 0060/150] method=ours loss=0.5690 train_acc=0.7587 train_loss=0.4770 val_acc=0.7598 val_loss=0.4552 router_H=0.4124 best=0.7598
           router_load=[0.18181714415550232, 0.7650750279426575, 0.0030802905093878508, 0.050027597695589066]
[step 0070/150] method=ours loss=0.5447 train_acc=0.7587 train_loss=0.4770 val_acc=0.7598 val_loss=0.4552 router_H=0.4124 best=0.7598
           router_load=[0.18181714415550232, 0.7650750279426575, 0.0030802905093878508, 0.050027597695589066]
[step 0080/150] method=ours loss=0.6758 train_acc=0.7587 train_loss=0.4770 val_acc=0.7598 val_loss=0.4552 router_H=0.4124 best=0.7598
           router_load=[0.18181714415550232, 0.7650750279426575, 0.0030802905093878508, 0.050027597695589066]
[step 0090/150] method=ours loss=0.8485 train_acc=0.7587 train_loss=0.4770 val_acc=0.7598 val_loss=0.4552 router_H=0.4124 best=0.7598
           router_load=[0.18181714415550232, 0.7650750279426575, 0.0030802905093878508, 0.050027597695589066]
[step 0100/150] method=ours loss=0.5398 train_acc=0.7819 train_loss=0.5373 val_acc=0.7647 val_loss=0.5450 router_H=0.6360 best=0.7647
           router_load=[0.0771922841668129, 0.6386014819145203, 0.0004740362928714603, 0.2837323248386383]
[step 0110/150] method=ours loss=0.3525 train_acc=0.7819 train_loss=0.5373 val_acc=0.7647 val_loss=0.5450 router_H=0.6360 best=0.7647
           router_load=[0.0771922841668129, 0.6386014819145203, 0.0004740362928714603, 0.2837323248386383]
[step 0120/150] method=ours loss=0.5643 train_acc=0.7819 train_loss=0.5373 val_acc=0.7647 val_loss=0.5450 router_H=0.6360 best=0.7647
           router_load=[0.0771922841668129, 0.6386014819145203, 0.0004740362928714603, 0.2837323248386383]
[step 0130/150] method=ours loss=0.4608 train_acc=0.7819 train_loss=0.5373 val_acc=0.7647 val_loss=0.5450 router_H=0.6360 best=0.7647
           router_load=[0.0771922841668129, 0.6386014819145203, 0.0004740362928714603, 0.2837323248386383]
[step 0140/150] method=ours loss=0.6314 train_acc=0.7819 train_loss=0.5373 val_acc=0.7647 val_loss=0.5450 router_H=0.6360 best=0.7647
           router_load=[0.0771922841668129, 0.6386014819145203, 0.0004740362928714603, 0.2837323248386383]
[step 0150/150] method=ours loss=0.5511 train_acc=0.7443 train_loss=0.5685 val_acc=0.7304 val_loss=0.5932 router_H=0.6386 best=0.7647
           router_load=[0.07407483458518982, 0.6379562020301819, 0.0, 0.2879689931869507]
saved summary -> /home/zhujjing/MOE-grad-conflict-routing/runs/paper_suite/single_gpu/single_task/roberta_mrpc_ffn_e4_k2/hpo/ours/trial_runs/coord_02_train_weight_decay_013/ours_s3.json
saved curve -> /home/zhujjing/MOE-grad-conflict-routing/runs/paper_suite/single_gpu/single_task/roberta_mrpc_ffn_e4_k2/hpo/ours/trial_runs/coord_02_train_weight_decay_013/ours_s3_curve.csv
