[run] method=ours candidate=coord_02_train_weight_decay_000 seed=3 steps=150 gpu=0
[run] cmd=
/home/zhujjing/anaconda3/envs/moe/bin/python /home/zhujjing/MOE-grad-conflict-routing/scripts/run.py --config configs/singletask_mrpc_real.yaml --set model.backbone_backend=hf --set model.hf_load_pretrained=true --set model.backbone=roberta --set model.hf_pretrained_name=roberta-base --set model.expert_type=ffn --set model.routing_mode=topk --set model.num_experts=4 --set model.top_k=2 --set seed=3 --set method.name=ours --set train.steps=150 --set train.eval_every_steps=50 --set method.ours.use_load_norm=true --set method.ours.lambda_align=0.001 --set train.grad_clip=1 --set train.lr=4.233346635e-05 --set train.weight_decay=0.03963349774 --out /home/zhujjing/MOE-grad-conflict-routing/runs/paper_suite/single_gpu/single_task/roberta_mrpc_ffn_e4_k2/hpo/ours/trial_runs/coord_02_train_weight_decay_000/ours_s3.json --curve_out /home/zhujjing/MOE-grad-conflict-routing/runs/paper_suite/single_gpu/single_task/roberta_mrpc_ffn_e4_k2/hpo/ours/trial_runs/coord_02_train_weight_decay_000/ours_s3_curve.csv
Using the latest cached version of the dataset since glue couldn't be found on the Hugging Face Hub (offline mode is enabled).
Found the latest cached dataset configuration 'mrpc' at /home/zhujjing/hf_cache/datasets/glue/mrpc/0.0.0/bcdcba79d07bc864c1c254ccfcedcce55bcc9a8c (last modified on Thu Mar 19 15:01:06 2026).
/home/zhujjing/anaconda3/envs/moe/lib/python3.10/site-packages/transformers/utils/hub.py:124: FutureWarning: Using `TRANSFORMERS_CACHE` is deprecated and will be removed in v5 of Transformers. Use `HF_HOME` instead.
  warnings.warn(
Some weights of RobertaModel were not initialized from the model checkpoint at roberta-base and are newly initialized: ['roberta.pooler.dense.bias', 'roberta.pooler.dense.weight']
You should probably TRAIN this model on a down-stream task to be able to use it for predictions and inference.
[step 0001/150] method=ours loss=0.6891 train_acc=nan train_loss=nan val_acc=nan val_loss=nan best=-1.0000
[step 0010/150] method=ours loss=0.7112 train_acc=nan train_loss=nan val_acc=nan val_loss=nan best=-1.0000
[step 0020/150] method=ours loss=0.6899 train_acc=nan train_loss=nan val_acc=nan val_loss=nan best=-1.0000
[step 0030/150] method=ours loss=0.4931 train_acc=nan train_loss=nan val_acc=nan val_loss=nan best=-1.0000
[step 0040/150] method=ours loss=0.6177 train_acc=nan train_loss=nan val_acc=nan val_loss=nan best=-1.0000
[step 0050/150] method=ours loss=0.4268 train_acc=0.7666 train_loss=0.4814 val_acc=0.7721 val_loss=0.4770 router_H=0.4511 best=0.7721
           router_load=[0.012309830635786057, 0.2066238671541214, 0.0, 0.7810662388801575]
[step 0060/150] method=ours loss=0.5105 train_acc=0.7666 train_loss=0.4814 val_acc=0.7721 val_loss=0.4770 router_H=0.4511 best=0.7721
           router_load=[0.012309830635786057, 0.2066238671541214, 0.0, 0.7810662388801575]
[step 0070/150] method=ours loss=0.4723 train_acc=0.7666 train_loss=0.4814 val_acc=0.7721 val_loss=0.4770 router_H=0.4511 best=0.7721
           router_load=[0.012309830635786057, 0.2066238671541214, 0.0, 0.7810662388801575]
[step 0080/150] method=ours loss=0.4644 train_acc=0.7666 train_loss=0.4814 val_acc=0.7721 val_loss=0.4770 router_H=0.4511 best=0.7721
           router_load=[0.012309830635786057, 0.2066238671541214, 0.0, 0.7810662388801575]
[step 0090/150] method=ours loss=0.8002 train_acc=0.7666 train_loss=0.4814 val_acc=0.7721 val_loss=0.4770 router_H=0.4511 best=0.7721
           router_load=[0.012309830635786057, 0.2066238671541214, 0.0, 0.7810662388801575]
[step 0100/150] method=ours loss=0.5237 train_acc=0.8282 train_loss=0.4404 val_acc=0.8358 val_loss=0.4330 router_H=0.5606 best=0.8358
           router_load=[0.000943001068662852, 0.2975888252258301, 0.0, 0.7014679908752441]
[step 0110/150] method=ours loss=0.5070 train_acc=0.8282 train_loss=0.4404 val_acc=0.8358 val_loss=0.4330 router_H=0.5606 best=0.8358
           router_load=[0.000943001068662852, 0.2975888252258301, 0.0, 0.7014679908752441]
[step 0120/150] method=ours loss=0.3264 train_acc=0.8282 train_loss=0.4404 val_acc=0.8358 val_loss=0.4330 router_H=0.5606 best=0.8358
           router_load=[0.000943001068662852, 0.2975888252258301, 0.0, 0.7014679908752441]
[step 0130/150] method=ours loss=0.3334 train_acc=0.8282 train_loss=0.4404 val_acc=0.8358 val_loss=0.4330 router_H=0.5606 best=0.8358
           router_load=[0.000943001068662852, 0.2975888252258301, 0.0, 0.7014679908752441]
[step 0140/150] method=ours loss=0.4628 train_acc=0.8282 train_loss=0.4404 val_acc=0.8358 val_loss=0.4330 router_H=0.5606 best=0.8358
           router_load=[0.000943001068662852, 0.2975888252258301, 0.0, 0.7014679908752441]
[step 0150/150] method=ours loss=0.6798 train_acc=0.8258 train_loss=0.4119 val_acc=0.8113 val_loss=0.4150 router_H=0.4487 best=0.8358
           router_load=[0.0, 0.2072990983724594, 0.0, 0.7927008867263794]
saved summary -> /home/zhujjing/MOE-grad-conflict-routing/runs/paper_suite/single_gpu/single_task/roberta_mrpc_ffn_e4_k2/hpo/ours/trial_runs/coord_02_train_weight_decay_000/ours_s3.json
saved curve -> /home/zhujjing/MOE-grad-conflict-routing/runs/paper_suite/single_gpu/single_task/roberta_mrpc_ffn_e4_k2/hpo/ours/trial_runs/coord_02_train_weight_decay_000/ours_s3_curve.csv
