[run] method=ours candidate=coord_02_train_weight_decay_011 seed=2 steps=150 gpu=0
[run] cmd=
/home/zhujjing/anaconda3/envs/moe/bin/python /home/zhujjing/MOE-grad-conflict-routing/scripts/run.py --config configs/singletask_mrpc_real.yaml --set model.backbone_backend=hf --set model.hf_load_pretrained=true --set model.backbone=roberta --set model.hf_pretrained_name=roberta-base --set model.expert_type=ffn --set model.routing_mode=topk --set model.num_experts=4 --set model.top_k=2 --set seed=2 --set method.name=ours --set train.steps=150 --set train.eval_every_steps=50 --set method.ours.use_load_norm=true --set method.ours.lambda_align=0.001 --set train.grad_clip=1 --set train.lr=4.233346635e-05 --set train.weight_decay=0.04322128284 --out /home/zhujjing/MOE-grad-conflict-routing/runs/paper_suite/single_gpu/single_task/roberta_mrpc_ffn_e4_k2/hpo/ours/trial_runs/coord_02_train_weight_decay_011/ours_s2.json --curve_out /home/zhujjing/MOE-grad-conflict-routing/runs/paper_suite/single_gpu/single_task/roberta_mrpc_ffn_e4_k2/hpo/ours/trial_runs/coord_02_train_weight_decay_011/ours_s2_curve.csv
Using the latest cached version of the dataset since glue couldn't be found on the Hugging Face Hub (offline mode is enabled).
Found the latest cached dataset configuration 'mrpc' at /home/zhujjing/hf_cache/datasets/glue/mrpc/0.0.0/bcdcba79d07bc864c1c254ccfcedcce55bcc9a8c (last modified on Thu Mar 19 15:01:06 2026).
/home/zhujjing/anaconda3/envs/moe/lib/python3.10/site-packages/transformers/utils/hub.py:124: FutureWarning: Using `TRANSFORMERS_CACHE` is deprecated and will be removed in v5 of Transformers. Use `HF_HOME` instead.
  warnings.warn(
Some weights of RobertaModel were not initialized from the model checkpoint at roberta-base and are newly initialized: ['roberta.pooler.dense.bias', 'roberta.pooler.dense.weight']
You should probably TRAIN this model on a down-stream task to be able to use it for predictions and inference.
[step 0001/150] method=ours loss=0.6961 train_acc=nan train_loss=nan val_acc=nan val_loss=nan best=-1.0000
[step 0010/150] method=ours loss=0.6816 train_acc=nan train_loss=nan val_acc=nan val_loss=nan best=-1.0000
[step 0020/150] method=ours loss=0.7472 train_acc=nan train_loss=nan val_acc=nan val_loss=nan best=-1.0000
[step 0030/150] method=ours loss=0.6154 train_acc=nan train_loss=nan val_acc=nan val_loss=nan best=-1.0000
[step 0040/150] method=ours loss=0.5349 train_acc=nan train_loss=nan val_acc=nan val_loss=nan best=-1.0000
[step 0050/150] method=ours loss=0.5043 train_acc=0.7391 train_loss=0.5356 val_acc=0.7353 val_loss=0.5271 router_H=0.4091 best=0.7353
           router_load=[0.028382916003465652, 0.8400274515151978, 0.1296943575143814, 0.0018949821824207902]
[step 0060/150] method=ours loss=0.6287 train_acc=0.7391 train_loss=0.5356 val_acc=0.7353 val_loss=0.5271 router_H=0.4091 best=0.7353
           router_load=[0.028382916003465652, 0.8400274515151978, 0.1296943575143814, 0.0018949821824207902]
[step 0070/150] method=ours loss=0.3839 train_acc=0.7391 train_loss=0.5356 val_acc=0.7353 val_loss=0.5271 router_H=0.4091 best=0.7353
           router_load=[0.028382916003465652, 0.8400274515151978, 0.1296943575143814, 0.0018949821824207902]
[step 0080/150] method=ours loss=0.5208 train_acc=0.7391 train_loss=0.5356 val_acc=0.7353 val_loss=0.5271 router_H=0.4091 best=0.7353
           router_load=[0.028382916003465652, 0.8400274515151978, 0.1296943575143814, 0.0018949821824207902]
[step 0090/150] method=ours loss=0.5210 train_acc=0.7391 train_loss=0.5356 val_acc=0.7353 val_loss=0.5271 router_H=0.4091 best=0.7353
           router_load=[0.028382916003465652, 0.8400274515151978, 0.1296943575143814, 0.0018949821824207902]
[step 0100/150] method=ours loss=0.6306 train_acc=0.7031 train_loss=0.4783 val_acc=0.7059 val_loss=0.4838 router_H=0.5689 best=0.7353
           router_load=[0.0038204274605959654, 0.7255263924598694, 0.2706531584262848, 0.0]
[step 0110/150] method=ours loss=0.5375 train_acc=0.7031 train_loss=0.4783 val_acc=0.7059 val_loss=0.4838 router_H=0.5689 best=0.7353
           router_load=[0.0038204274605959654, 0.7255263924598694, 0.2706531584262848, 0.0]
[step 0120/150] method=ours loss=0.2994 train_acc=0.7031 train_loss=0.4783 val_acc=0.7059 val_loss=0.4838 router_H=0.5689 best=0.7353
           router_load=[0.0038204274605959654, 0.7255263924598694, 0.2706531584262848, 0.0]
[step 0130/150] method=ours loss=0.5136 train_acc=0.7031 train_loss=0.4783 val_acc=0.7059 val_loss=0.4838 router_H=0.5689 best=0.7353
           router_load=[0.0038204274605959654, 0.7255263924598694, 0.2706531584262848, 0.0]
[step 0140/150] method=ours loss=0.4764 train_acc=0.7031 train_loss=0.4783 val_acc=0.7059 val_loss=0.4838 router_H=0.5689 best=0.7353
           router_load=[0.0038204274605959654, 0.7255263924598694, 0.2706531584262848, 0.0]
[step 0150/150] method=ours loss=0.7505 train_acc=0.8588 train_loss=0.3843 val_acc=0.8529 val_loss=0.4094 router_H=0.5325 best=0.8529
           router_load=[0.05125902220606804, 0.7616247534751892, 0.16372235119342804, 0.02339385449886322]
saved summary -> /home/zhujjing/MOE-grad-conflict-routing/runs/paper_suite/single_gpu/single_task/roberta_mrpc_ffn_e4_k2/hpo/ours/trial_runs/coord_02_train_weight_decay_011/ours_s2.json
saved curve -> /home/zhujjing/MOE-grad-conflict-routing/runs/paper_suite/single_gpu/single_task/roberta_mrpc_ffn_e4_k2/hpo/ours/trial_runs/coord_02_train_weight_decay_011/ours_s2_curve.csv
