[run] method=ours candidate=coord_02_train_weight_decay_003 seed=2 steps=150 gpu=0
[run] cmd=
/home/zhujjing/anaconda3/envs/moe/bin/python /home/zhujjing/MOE-grad-conflict-routing/scripts/run.py --config configs/singletask_mrpc_real.yaml --set model.backbone_backend=hf --set model.hf_load_pretrained=true --set model.backbone=roberta --set model.hf_pretrained_name=roberta-base --set model.expert_type=ffn --set model.routing_mode=topk --set model.num_experts=4 --set model.top_k=2 --set seed=2 --set method.name=ours --set train.steps=150 --set train.eval_every_steps=50 --set method.ours.use_load_norm=true --set method.ours.lambda_align=0.001 --set train.grad_clip=1 --set train.lr=4.233346635e-05 --set train.weight_decay=0.04145867636 --out /home/zhujjing/MOE-grad-conflict-routing/runs/paper_suite/single_gpu/single_task/roberta_mrpc_ffn_e4_k2/hpo/ours/trial_runs/coord_02_train_weight_decay_003/ours_s2.json --curve_out /home/zhujjing/MOE-grad-conflict-routing/runs/paper_suite/single_gpu/single_task/roberta_mrpc_ffn_e4_k2/hpo/ours/trial_runs/coord_02_train_weight_decay_003/ours_s2_curve.csv
Using the latest cached version of the dataset since glue couldn't be found on the Hugging Face Hub (offline mode is enabled).
Found the latest cached dataset configuration 'mrpc' at /home/zhujjing/hf_cache/datasets/glue/mrpc/0.0.0/bcdcba79d07bc864c1c254ccfcedcce55bcc9a8c (last modified on Thu Mar 19 15:01:06 2026).
/home/zhujjing/anaconda3/envs/moe/lib/python3.10/site-packages/transformers/utils/hub.py:124: FutureWarning: Using `TRANSFORMERS_CACHE` is deprecated and will be removed in v5 of Transformers. Use `HF_HOME` instead.
  warnings.warn(
Some weights of RobertaModel were not initialized from the model checkpoint at roberta-base and are newly initialized: ['roberta.pooler.dense.bias', 'roberta.pooler.dense.weight']
You should probably TRAIN this model on a down-stream task to be able to use it for predictions and inference.
[step 0001/150] method=ours loss=0.7079 train_acc=nan train_loss=nan val_acc=nan val_loss=nan best=-1.0000
[step 0010/150] method=ours loss=0.7089 train_acc=nan train_loss=nan val_acc=nan val_loss=nan best=-1.0000
[step 0020/150] method=ours loss=0.6572 train_acc=nan train_loss=nan val_acc=nan val_loss=nan best=-1.0000
[step 0030/150] method=ours loss=0.7188 train_acc=nan train_loss=nan val_acc=nan val_loss=nan best=-1.0000
[step 0040/150] method=ours loss=0.5636 train_acc=nan train_loss=nan val_acc=nan val_loss=nan best=-1.0000
[step 0050/150] method=ours loss=0.5575 train_acc=0.6960 train_loss=0.5927 val_acc=0.7132 val_loss=0.5919 router_H=0.6817 best=0.7132
           router_load=[0.0017951361369341612, 0.5669965744018555, 0.2967170476913452, 0.13449130952358246]
[step 0060/150] method=ours loss=0.6769 train_acc=0.6960 train_loss=0.5927 val_acc=0.7132 val_loss=0.5919 router_H=0.6817 best=0.7132
           router_load=[0.0017951361369341612, 0.5669965744018555, 0.2967170476913452, 0.13449130952358246]
[step 0070/150] method=ours loss=0.5227 train_acc=0.6960 train_loss=0.5927 val_acc=0.7132 val_loss=0.5919 router_H=0.6817 best=0.7132
           router_load=[0.0017951361369341612, 0.5669965744018555, 0.2967170476913452, 0.13449130952358246]
[step 0080/150] method=ours loss=0.6657 train_acc=0.6960 train_loss=0.5927 val_acc=0.7132 val_loss=0.5919 router_H=0.6817 best=0.7132
           router_load=[0.0017951361369341612, 0.5669965744018555, 0.2967170476913452, 0.13449130952358246]
[step 0090/150] method=ours loss=0.5538 train_acc=0.6960 train_loss=0.5927 val_acc=0.7132 val_loss=0.5919 router_H=0.6817 best=0.7132
           router_load=[0.0017951361369341612, 0.5669965744018555, 0.2967170476913452, 0.13449130952358246]
[step 0100/150] method=ours loss=0.6505 train_acc=0.7039 train_loss=0.6138 val_acc=0.7059 val_loss=0.6121 router_H=0.6434 best=0.7132
           router_load=[0.0, 0.6514202356338501, 0.2778152525424957, 0.0707644373178482]
[step 0110/150] method=ours loss=0.6269 train_acc=0.7039 train_loss=0.6138 val_acc=0.7059 val_loss=0.6121 router_H=0.6434 best=0.7132
           router_load=[0.0, 0.6514202356338501, 0.2778152525424957, 0.0707644373178482]
[step 0120/150] method=ours loss=0.5587 train_acc=0.7039 train_loss=0.6138 val_acc=0.7059 val_loss=0.6121 router_H=0.6434 best=0.7132
           router_load=[0.0, 0.6514202356338501, 0.2778152525424957, 0.0707644373178482]
[step 0130/150] method=ours loss=0.7129 train_acc=0.7039 train_loss=0.6138 val_acc=0.7059 val_loss=0.6121 router_H=0.6434 best=0.7132
           router_load=[0.0, 0.6514202356338501, 0.2778152525424957, 0.0707644373178482]
[step 0140/150] method=ours loss=0.5159 train_acc=0.7039 train_loss=0.6138 val_acc=0.7059 val_loss=0.6121 router_H=0.6434 best=0.7132
           router_load=[0.0, 0.6514202356338501, 0.2778152525424957, 0.0707644373178482]
[step 0150/150] method=ours loss=0.5365 train_acc=0.7740 train_loss=0.4724 val_acc=0.7966 val_loss=0.4596 router_H=0.6333 best=0.7966
           router_load=[0.05557207018136978, 0.651483952999115, 0.0, 0.29294389486312866]
saved summary -> /home/zhujjing/MOE-grad-conflict-routing/runs/paper_suite/single_gpu/single_task/roberta_mrpc_ffn_e4_k2/hpo/ours/trial_runs/coord_02_train_weight_decay_003/ours_s2.json
saved curve -> /home/zhujjing/MOE-grad-conflict-routing/runs/paper_suite/single_gpu/single_task/roberta_mrpc_ffn_e4_k2/hpo/ours/trial_runs/coord_02_train_weight_decay_003/ours_s2_curve.csv
