[run] method=ours candidate=coord_02_train_weight_decay_017 seed=2 steps=150 gpu=0
[run] cmd=
/home/zhujjing/anaconda3/envs/moe/bin/python /home/zhujjing/MOE-grad-conflict-routing/scripts/run.py --config configs/singletask_mrpc_real.yaml --set model.backbone_backend=hf --set model.hf_load_pretrained=true --set model.backbone=roberta --set model.hf_pretrained_name=roberta-base --set model.expert_type=ffn --set model.routing_mode=topk --set model.num_experts=4 --set model.top_k=2 --set seed=2 --set method.name=ours --set train.steps=150 --set train.eval_every_steps=50 --set method.ours.use_load_norm=true --set method.ours.lambda_align=0.001 --set train.grad_clip=1 --set train.lr=4.233346635e-05 --set train.weight_decay=0.02141233927 --out /home/zhujjing/MOE-grad-conflict-routing/runs/paper_suite/single_gpu/single_task/roberta_mrpc_ffn_e4_k2/hpo/ours/trial_runs/coord_02_train_weight_decay_017/ours_s2.json --curve_out /home/zhujjing/MOE-grad-conflict-routing/runs/paper_suite/single_gpu/single_task/roberta_mrpc_ffn_e4_k2/hpo/ours/trial_runs/coord_02_train_weight_decay_017/ours_s2_curve.csv
Using the latest cached version of the dataset since glue couldn't be found on the Hugging Face Hub (offline mode is enabled).
Found the latest cached dataset configuration 'mrpc' at /home/zhujjing/hf_cache/datasets/glue/mrpc/0.0.0/bcdcba79d07bc864c1c254ccfcedcce55bcc9a8c (last modified on Thu Mar 19 15:01:06 2026).
/home/zhujjing/anaconda3/envs/moe/lib/python3.10/site-packages/transformers/utils/hub.py:124: FutureWarning: Using `TRANSFORMERS_CACHE` is deprecated and will be removed in v5 of Transformers. Use `HF_HOME` instead.
  warnings.warn(
Some weights of RobertaModel were not initialized from the model checkpoint at roberta-base and are newly initialized: ['roberta.pooler.dense.bias', 'roberta.pooler.dense.weight']
You should probably TRAIN this model on a down-stream task to be able to use it for predictions and inference.
[step 0001/150] method=ours loss=0.7026 train_acc=nan train_loss=nan val_acc=nan val_loss=nan best=-1.0000
[step 0010/150] method=ours loss=0.6958 train_acc=nan train_loss=nan val_acc=nan val_loss=nan best=-1.0000
[step 0020/150] method=ours loss=0.6849 train_acc=nan train_loss=nan val_acc=nan val_loss=nan best=-1.0000
[step 0030/150] method=ours loss=0.6030 train_acc=nan train_loss=nan val_acc=nan val_loss=nan best=-1.0000
[step 0040/150] method=ours loss=0.5377 train_acc=nan train_loss=nan val_acc=nan val_loss=nan best=-1.0000
[step 0050/150] method=ours loss=0.4914 train_acc=0.7620 train_loss=0.4956 val_acc=0.7672 val_loss=0.4909 router_H=0.4617 best=0.7672
           router_load=[0.09914270788431168, 0.09426277875900269, 0.8065945506095886, 0.0]
[step 0060/150] method=ours loss=0.5990 train_acc=0.7620 train_loss=0.4956 val_acc=0.7672 val_loss=0.4909 router_H=0.4617 best=0.7672
           router_load=[0.09914270788431168, 0.09426277875900269, 0.8065945506095886, 0.0]
[step 0070/150] method=ours loss=0.3454 train_acc=0.7620 train_loss=0.4956 val_acc=0.7672 val_loss=0.4909 router_H=0.4617 best=0.7672
           router_load=[0.09914270788431168, 0.09426277875900269, 0.8065945506095886, 0.0]
[step 0080/150] method=ours loss=0.3329 train_acc=0.7620 train_loss=0.4956 val_acc=0.7672 val_loss=0.4909 router_H=0.4617 best=0.7672
           router_load=[0.09914270788431168, 0.09426277875900269, 0.8065945506095886, 0.0]
[step 0090/150] method=ours loss=0.5580 train_acc=0.7620 train_loss=0.4956 val_acc=0.7672 val_loss=0.4909 router_H=0.4617 best=0.7672
           router_load=[0.09914270788431168, 0.09426277875900269, 0.8065945506095886, 0.0]
[step 0100/150] method=ours loss=0.5907 train_acc=0.7770 train_loss=0.4700 val_acc=0.7574 val_loss=0.4760 router_H=0.5360 best=0.7672
           router_load=[0.06769605726003647, 0.18916748464107513, 0.7431362867355347, 0.0]
[step 0110/150] method=ours loss=0.7295 train_acc=0.7770 train_loss=0.4700 val_acc=0.7574 val_loss=0.4760 router_H=0.5360 best=0.7672
           router_load=[0.06769605726003647, 0.18916748464107513, 0.7431362867355347, 0.0]
[step 0120/150] method=ours loss=0.2009 train_acc=0.7770 train_loss=0.4700 val_acc=0.7574 val_loss=0.4760 router_H=0.5360 best=0.7672
           router_load=[0.06769605726003647, 0.18916748464107513, 0.7431362867355347, 0.0]
[step 0130/150] method=ours loss=0.4394 train_acc=0.7770 train_loss=0.4700 val_acc=0.7574 val_loss=0.4760 router_H=0.5360 best=0.7672
           router_load=[0.06769605726003647, 0.18916748464107513, 0.7431362867355347, 0.0]
[step 0140/150] method=ours loss=0.4577 train_acc=0.7770 train_loss=0.4700 val_acc=0.7574 val_loss=0.4760 router_H=0.5360 best=0.7672
           router_load=[0.06769605726003647, 0.18916748464107513, 0.7431362867355347, 0.0]
[step 0150/150] method=ours loss=0.8029 train_acc=0.8296 train_loss=0.4428 val_acc=0.8407 val_loss=0.4371 router_H=0.3388 best=0.8407
           router_load=[0.06153484061360359, 0.07992821931838989, 0.8585368990898132, 0.0]
saved summary -> /home/zhujjing/MOE-grad-conflict-routing/runs/paper_suite/single_gpu/single_task/roberta_mrpc_ffn_e4_k2/hpo/ours/trial_runs/coord_02_train_weight_decay_017/ours_s2.json
saved curve -> /home/zhujjing/MOE-grad-conflict-routing/runs/paper_suite/single_gpu/single_task/roberta_mrpc_ffn_e4_k2/hpo/ours/trial_runs/coord_02_train_weight_decay_017/ours_s2_curve.csv
