[run] method=ours candidate=coord_02_train_weight_decay_007 seed=3 steps=150 gpu=0
[run] cmd=
/home/zhujjing/anaconda3/envs/moe/bin/python /home/zhujjing/MOE-grad-conflict-routing/scripts/run.py --config configs/singletask_mrpc_real.yaml --set model.backbone_backend=hf --set model.hf_load_pretrained=true --set model.backbone=roberta --set model.hf_pretrained_name=roberta-base --set model.expert_type=ffn --set model.routing_mode=topk --set model.num_experts=4 --set model.top_k=2 --set seed=3 --set method.name=ours --set train.steps=150 --set train.eval_every_steps=50 --set method.ours.use_load_norm=true --set method.ours.lambda_align=0.001 --set train.grad_clip=1 --set train.lr=4.233346635e-05 --set train.weight_decay=0.001129385354 --out /home/zhujjing/MOE-grad-conflict-routing/runs/paper_suite/single_gpu/single_task/roberta_mrpc_ffn_e4_k2/hpo/ours/trial_runs/coord_02_train_weight_decay_007/ours_s3.json --curve_out /home/zhujjing/MOE-grad-conflict-routing/runs/paper_suite/single_gpu/single_task/roberta_mrpc_ffn_e4_k2/hpo/ours/trial_runs/coord_02_train_weight_decay_007/ours_s3_curve.csv
Using the latest cached version of the dataset since glue couldn't be found on the Hugging Face Hub (offline mode is enabled).
Found the latest cached dataset configuration 'mrpc' at /home/zhujjing/hf_cache/datasets/glue/mrpc/0.0.0/bcdcba79d07bc864c1c254ccfcedcce55bcc9a8c (last modified on Thu Mar 19 15:01:06 2026).
/home/zhujjing/anaconda3/envs/moe/lib/python3.10/site-packages/transformers/utils/hub.py:124: FutureWarning: Using `TRANSFORMERS_CACHE` is deprecated and will be removed in v5 of Transformers. Use `HF_HOME` instead.
  warnings.warn(
Some weights of RobertaModel were not initialized from the model checkpoint at roberta-base and are newly initialized: ['roberta.pooler.dense.bias', 'roberta.pooler.dense.weight']
You should probably TRAIN this model on a down-stream task to be able to use it for predictions and inference.
[step 0001/150] method=ours loss=0.6946 train_acc=nan train_loss=nan val_acc=nan val_loss=nan best=-1.0000
[step 0010/150] method=ours loss=0.7518 train_acc=nan train_loss=nan val_acc=nan val_loss=nan best=-1.0000
[step 0020/150] method=ours loss=0.6839 train_acc=nan train_loss=nan val_acc=nan val_loss=nan best=-1.0000
[step 0030/150] method=ours loss=0.5295 train_acc=nan train_loss=nan val_acc=nan val_loss=nan best=-1.0000
[step 0040/150] method=ours loss=0.6162 train_acc=nan train_loss=nan val_acc=nan val_loss=nan best=-1.0000
[step 0050/150] method=ours loss=0.5145 train_acc=0.7415 train_loss=0.6101 val_acc=0.7181 val_loss=0.6296 router_H=0.3424 best=0.7181
           router_load=[0.005444636102765799, 0.007515700068324804, 0.8620966672897339, 0.12494301050901413]
[step 0060/150] method=ours loss=0.6049 train_acc=0.7415 train_loss=0.6101 val_acc=0.7181 val_loss=0.6296 router_H=0.3424 best=0.7181
           router_load=[0.005444636102765799, 0.007515700068324804, 0.8620966672897339, 0.12494301050901413]
[step 0070/150] method=ours loss=0.5759 train_acc=0.7415 train_loss=0.6101 val_acc=0.7181 val_loss=0.6296 router_H=0.3424 best=0.7181
           router_load=[0.005444636102765799, 0.007515700068324804, 0.8620966672897339, 0.12494301050901413]
[step 0080/150] method=ours loss=0.5967 train_acc=0.7415 train_loss=0.6101 val_acc=0.7181 val_loss=0.6296 router_H=0.3424 best=0.7181
           router_load=[0.005444636102765799, 0.007515700068324804, 0.8620966672897339, 0.12494301050901413]
[step 0090/150] method=ours loss=0.5832 train_acc=0.7415 train_loss=0.6101 val_acc=0.7181 val_loss=0.6296 router_H=0.3424 best=0.7181
           router_load=[0.005444636102765799, 0.007515700068324804, 0.8620966672897339, 0.12494301050901413]
[step 0100/150] method=ours loss=0.3666 train_acc=0.8252 train_loss=0.4221 val_acc=0.8260 val_loss=0.4236 router_H=0.4975 best=0.8260
           router_load=[0.0986502468585968, 0.10133281350135803, 0.7810447812080383, 0.01897221989929676]
[step 0110/150] method=ours loss=0.3780 train_acc=0.8252 train_loss=0.4221 val_acc=0.8260 val_loss=0.4236 router_H=0.4975 best=0.8260
           router_load=[0.0986502468585968, 0.10133281350135803, 0.7810447812080383, 0.01897221989929676]
[step 0120/150] method=ours loss=0.2655 train_acc=0.8252 train_loss=0.4221 val_acc=0.8260 val_loss=0.4236 router_H=0.4975 best=0.8260
           router_load=[0.0986502468585968, 0.10133281350135803, 0.7810447812080383, 0.01897221989929676]
[step 0130/150] method=ours loss=0.3427 train_acc=0.8252 train_loss=0.4221 val_acc=0.8260 val_loss=0.4236 router_H=0.4975 best=0.8260
           router_load=[0.0986502468585968, 0.10133281350135803, 0.7810447812080383, 0.01897221989929676]
[step 0140/150] method=ours loss=0.4726 train_acc=0.8252 train_loss=0.4221 val_acc=0.8260 val_loss=0.4236 router_H=0.4975 best=0.8260
           router_load=[0.0986502468585968, 0.10133281350135803, 0.7810447812080383, 0.01897221989929676]
[step 0150/150] method=ours loss=0.4925 train_acc=0.8179 train_loss=0.3922 val_acc=0.8407 val_loss=0.3913 router_H=0.4009 best=0.8407
           router_load=[0.004704072140157223, 0.06975692510604858, 0.8368316292762756, 0.08870730549097061]
saved summary -> /home/zhujjing/MOE-grad-conflict-routing/runs/paper_suite/single_gpu/single_task/roberta_mrpc_ffn_e4_k2/hpo/ours/trial_runs/coord_02_train_weight_decay_007/ours_s3.json
saved curve -> /home/zhujjing/MOE-grad-conflict-routing/runs/paper_suite/single_gpu/single_task/roberta_mrpc_ffn_e4_k2/hpo/ours/trial_runs/coord_02_train_weight_decay_007/ours_s3_curve.csv
