[run] method=ours candidate=coord_02_train_weight_decay_016 seed=3 steps=150 gpu=0
[run] cmd=
/home/zhujjing/anaconda3/envs/moe/bin/python /home/zhujjing/MOE-grad-conflict-routing/scripts/run.py --config configs/singletask_mrpc_real.yaml --set model.backbone_backend=hf --set model.hf_load_pretrained=true --set model.backbone=roberta --set model.hf_pretrained_name=roberta-base --set model.expert_type=ffn --set model.routing_mode=topk --set model.num_experts=4 --set model.top_k=2 --set seed=3 --set method.name=ours --set train.steps=150 --set train.eval_every_steps=50 --set method.ours.use_load_norm=true --set method.ours.lambda_align=0.001 --set train.grad_clip=1 --set train.lr=4.233346635e-05 --set train.weight_decay=0.0452861226 --out /home/zhujjing/MOE-grad-conflict-routing/runs/paper_suite/single_gpu/single_task/roberta_mrpc_ffn_e4_k2/hpo/ours/trial_runs/coord_02_train_weight_decay_016/ours_s3.json --curve_out /home/zhujjing/MOE-grad-conflict-routing/runs/paper_suite/single_gpu/single_task/roberta_mrpc_ffn_e4_k2/hpo/ours/trial_runs/coord_02_train_weight_decay_016/ours_s3_curve.csv
Using the latest cached version of the dataset since glue couldn't be found on the Hugging Face Hub (offline mode is enabled).
Found the latest cached dataset configuration 'mrpc' at /home/zhujjing/hf_cache/datasets/glue/mrpc/0.0.0/bcdcba79d07bc864c1c254ccfcedcce55bcc9a8c (last modified on Thu Mar 19 15:01:06 2026).
/home/zhujjing/anaconda3/envs/moe/lib/python3.10/site-packages/transformers/utils/hub.py:124: FutureWarning: Using `TRANSFORMERS_CACHE` is deprecated and will be removed in v5 of Transformers. Use `HF_HOME` instead.
  warnings.warn(
Some weights of RobertaModel were not initialized from the model checkpoint at roberta-base and are newly initialized: ['roberta.pooler.dense.bias', 'roberta.pooler.dense.weight']
You should probably TRAIN this model on a down-stream task to be able to use it for predictions and inference.
[step 0001/150] method=ours loss=0.6839 train_acc=nan train_loss=nan val_acc=nan val_loss=nan best=-1.0000
[step 0010/150] method=ours loss=0.6884 train_acc=nan train_loss=nan val_acc=nan val_loss=nan best=-1.0000
[step 0020/150] method=ours loss=0.7466 train_acc=nan train_loss=nan val_acc=nan val_loss=nan best=-1.0000
[step 0030/150] method=ours loss=0.5548 train_acc=nan train_loss=nan val_acc=nan val_loss=nan best=-1.0000
[step 0040/150] method=ours loss=0.6278 train_acc=nan train_loss=nan val_acc=nan val_loss=nan best=-1.0000
[step 0050/150] method=ours loss=0.4049 train_acc=0.7519 train_loss=0.4974 val_acc=0.7230 val_loss=0.5011 router_H=0.6718 best=0.7230
           router_load=[0.0, 0.0, 0.5992063283920288, 0.4007936716079712]
[step 0060/150] method=ours loss=0.6208 train_acc=0.7519 train_loss=0.4974 val_acc=0.7230 val_loss=0.5011 router_H=0.6718 best=0.7230
           router_load=[0.0, 0.0, 0.5992063283920288, 0.4007936716079712]
[step 0070/150] method=ours loss=0.5183 train_acc=0.7519 train_loss=0.4974 val_acc=0.7230 val_loss=0.5011 router_H=0.6718 best=0.7230
           router_load=[0.0, 0.0, 0.5992063283920288, 0.4007936716079712]
[step 0080/150] method=ours loss=0.5729 train_acc=0.7519 train_loss=0.4974 val_acc=0.7230 val_loss=0.5011 router_H=0.6718 best=0.7230
           router_load=[0.0, 0.0, 0.5992063283920288, 0.4007936716079712]
[step 0090/150] method=ours loss=0.3902 train_acc=0.7519 train_loss=0.4974 val_acc=0.7230 val_loss=0.5011 router_H=0.6718 best=0.7230
           router_load=[0.0, 0.0, 0.5992063283920288, 0.4007936716079712]
[step 0100/150] method=ours loss=0.3463 train_acc=0.7745 train_loss=0.4502 val_acc=0.7770 val_loss=0.4494 router_H=0.6421 best=0.7770
           router_load=[0.0026687257923185825, 0.007296029478311539, 0.6554098725318909, 0.334625244140625]
[step 0110/150] method=ours loss=0.4988 train_acc=0.7745 train_loss=0.4502 val_acc=0.7770 val_loss=0.4494 router_H=0.6421 best=0.7770
           router_load=[0.0026687257923185825, 0.007296029478311539, 0.6554098725318909, 0.334625244140625]
[step 0120/150] method=ours loss=0.3695 train_acc=0.7745 train_loss=0.4502 val_acc=0.7770 val_loss=0.4494 router_H=0.6421 best=0.7770
           router_load=[0.0026687257923185825, 0.007296029478311539, 0.6554098725318909, 0.334625244140625]
[step 0130/150] method=ours loss=0.4161 train_acc=0.7745 train_loss=0.4502 val_acc=0.7770 val_loss=0.4494 router_H=0.6421 best=0.7770
           router_load=[0.0026687257923185825, 0.007296029478311539, 0.6554098725318909, 0.334625244140625]
[step 0140/150] method=ours loss=0.4619 train_acc=0.7745 train_loss=0.4502 val_acc=0.7770 val_loss=0.4494 router_H=0.6421 best=0.7770
           router_load=[0.0026687257923185825, 0.007296029478311539, 0.6554098725318909, 0.334625244140625]
[step 0150/150] method=ours loss=0.6040 train_acc=0.8143 train_loss=0.4479 val_acc=0.7941 val_loss=0.4698 router_H=0.6832 best=0.7941
           router_load=[0.0, 0.0, 0.4833417534828186, 0.5166582465171814]
saved summary -> /home/zhujjing/MOE-grad-conflict-routing/runs/paper_suite/single_gpu/single_task/roberta_mrpc_ffn_e4_k2/hpo/ours/trial_runs/coord_02_train_weight_decay_016/ours_s3.json
saved curve -> /home/zhujjing/MOE-grad-conflict-routing/runs/paper_suite/single_gpu/single_task/roberta_mrpc_ffn_e4_k2/hpo/ours/trial_runs/coord_02_train_weight_decay_016/ours_s3_curve.csv
