[run] method=ours candidate=coord_02_train_weight_decay_008 seed=2 steps=150 gpu=0
[run] cmd=
/home/zhujjing/anaconda3/envs/moe/bin/python /home/zhujjing/MOE-grad-conflict-routing/scripts/run.py --config configs/singletask_mrpc_real.yaml --set model.backbone_backend=hf --set model.hf_load_pretrained=true --set model.backbone=roberta --set model.hf_pretrained_name=roberta-base --set model.expert_type=ffn --set model.routing_mode=topk --set model.num_experts=4 --set model.top_k=2 --set seed=2 --set method.name=ours --set train.steps=150 --set train.eval_every_steps=50 --set method.ours.use_load_norm=true --set method.ours.lambda_align=0.001 --set train.grad_clip=1 --set train.lr=4.233346635e-05 --set train.weight_decay=0.02294122098 --out /home/zhujjing/MOE-grad-conflict-routing/runs/paper_suite/single_gpu/single_task/roberta_mrpc_ffn_e4_k2/hpo/ours/trial_runs/coord_02_train_weight_decay_008/ours_s2.json --curve_out /home/zhujjing/MOE-grad-conflict-routing/runs/paper_suite/single_gpu/single_task/roberta_mrpc_ffn_e4_k2/hpo/ours/trial_runs/coord_02_train_weight_decay_008/ours_s2_curve.csv
Using the latest cached version of the dataset since glue couldn't be found on the Hugging Face Hub (offline mode is enabled).
Found the latest cached dataset configuration 'mrpc' at /home/zhujjing/hf_cache/datasets/glue/mrpc/0.0.0/bcdcba79d07bc864c1c254ccfcedcce55bcc9a8c (last modified on Thu Mar 19 15:01:06 2026).
/home/zhujjing/anaconda3/envs/moe/lib/python3.10/site-packages/transformers/utils/hub.py:124: FutureWarning: Using `TRANSFORMERS_CACHE` is deprecated and will be removed in v5 of Transformers. Use `HF_HOME` instead.
  warnings.warn(
Some weights of RobertaModel were not initialized from the model checkpoint at roberta-base and are newly initialized: ['roberta.pooler.dense.bias', 'roberta.pooler.dense.weight']
You should probably TRAIN this model on a down-stream task to be able to use it for predictions and inference.
[step 0001/150] method=ours loss=0.6978 train_acc=nan train_loss=nan val_acc=nan val_loss=nan best=-1.0000
[step 0010/150] method=ours loss=0.6320 train_acc=nan train_loss=nan val_acc=nan val_loss=nan best=-1.0000
[step 0020/150] method=ours loss=0.6371 train_acc=nan train_loss=nan val_acc=nan val_loss=nan best=-1.0000
[step 0030/150] method=ours loss=0.6083 train_acc=nan train_loss=nan val_acc=nan val_loss=nan best=-1.0000
[step 0040/150] method=ours loss=0.5746 train_acc=nan train_loss=nan val_acc=nan val_loss=nan best=-1.0000
[step 0050/150] method=ours loss=0.4900 train_acc=0.7116 train_loss=0.5498 val_acc=0.7083 val_loss=0.5521 router_H=0.6389 best=0.7083
           router_load=[0.6423219442367554, 0.0, 0.04111247882246971, 0.31656545400619507]
[step 0060/150] method=ours loss=0.5926 train_acc=0.7116 train_loss=0.5498 val_acc=0.7083 val_loss=0.5521 router_H=0.6389 best=0.7083
           router_load=[0.6423219442367554, 0.0, 0.04111247882246971, 0.31656545400619507]
[step 0070/150] method=ours loss=0.4069 train_acc=0.7116 train_loss=0.5498 val_acc=0.7083 val_loss=0.5521 router_H=0.6389 best=0.7083
           router_load=[0.6423219442367554, 0.0, 0.04111247882246971, 0.31656545400619507]
[step 0080/150] method=ours loss=0.4182 train_acc=0.7116 train_loss=0.5498 val_acc=0.7083 val_loss=0.5521 router_H=0.6389 best=0.7083
           router_load=[0.6423219442367554, 0.0, 0.04111247882246971, 0.31656545400619507]
[step 0090/150] method=ours loss=0.5054 train_acc=0.7116 train_loss=0.5498 val_acc=0.7083 val_loss=0.5521 router_H=0.6389 best=0.7083
           router_load=[0.6423219442367554, 0.0, 0.04111247882246971, 0.31656545400619507]
[step 0100/150] method=ours loss=0.5730 train_acc=0.7380 train_loss=0.5592 val_acc=0.7402 val_loss=0.5669 router_H=0.6354 best=0.7402
           router_load=[0.5752583146095276, 0.0, 0.37745729088783264, 0.04728437587618828]
[step 0110/150] method=ours loss=0.5809 train_acc=0.7380 train_loss=0.5592 val_acc=0.7402 val_loss=0.5669 router_H=0.6354 best=0.7402
           router_load=[0.5752583146095276, 0.0, 0.37745729088783264, 0.04728437587618828]
[step 0120/150] method=ours loss=0.2758 train_acc=0.7380 train_loss=0.5592 val_acc=0.7402 val_loss=0.5669 router_H=0.6354 best=0.7402
           router_load=[0.5752583146095276, 0.0, 0.37745729088783264, 0.04728437587618828]
[step 0130/150] method=ours loss=0.3666 train_acc=0.7380 train_loss=0.5592 val_acc=0.7402 val_loss=0.5669 router_H=0.6354 best=0.7402
           router_load=[0.5752583146095276, 0.0, 0.37745729088783264, 0.04728437587618828]
[step 0140/150] method=ours loss=0.4058 train_acc=0.7380 train_loss=0.5592 val_acc=0.7402 val_loss=0.5669 router_H=0.6354 best=0.7402
           router_load=[0.5752583146095276, 0.0, 0.37745729088783264, 0.04728437587618828]
[step 0150/150] method=ours loss=0.7919 train_acc=0.8648 train_loss=0.3365 val_acc=0.8627 val_loss=0.3644 router_H=0.4819 best=0.8627
           router_load=[0.7600715756416321, 0.0029612432699650526, 0.11913890391588211, 0.11782818287611008]
saved summary -> /home/zhujjing/MOE-grad-conflict-routing/runs/paper_suite/single_gpu/single_task/roberta_mrpc_ffn_e4_k2/hpo/ours/trial_runs/coord_02_train_weight_decay_008/ours_s2.json
saved curve -> /home/zhujjing/MOE-grad-conflict-routing/runs/paper_suite/single_gpu/single_task/roberta_mrpc_ffn_e4_k2/hpo/ours/trial_runs/coord_02_train_weight_decay_008/ours_s2_curve.csv
