[run] method=ours candidate=coord_03_train_grad_clip_022 seed=3 steps=150 gpu=0
[run] cmd=
/home/zhujjing/anaconda3/envs/moe/bin/python /home/zhujjing/MOE-grad-conflict-routing/scripts/run.py --config configs/singletask_sst2_real.yaml --set model.backbone_backend=hf --set model.hf_load_pretrained=true --set model.backbone=roberta --set model.hf_pretrained_name=roberta-base --set model.expert_type=lora --set model.routing_mode=topk --set model.num_experts=4 --set model.top_k=2 --set seed=3 --set method.name=ours --set train.steps=150 --set train.eval_every_steps=50 --set method.ours.use_load_norm=true --set method.ours.lambda_align=0.001 --set train.grad_clip=0.5039966201 --set train.lr=2e-05 --set train.weight_decay=0.0452861226 --out /home/zhujjing/MOE-grad-conflict-routing/runs/paper_suite/single_gpu/single_task/roberta_sst2_lora_e4_k2/hpo/ours/trial_runs/coord_03_train_grad_clip_022/ours_s3.json --curve_out /home/zhujjing/MOE-grad-conflict-routing/runs/paper_suite/single_gpu/single_task/roberta_sst2_lora_e4_k2/hpo/ours/trial_runs/coord_03_train_grad_clip_022/ours_s3_curve.csv
Using the latest cached version of the dataset since glue couldn't be found on the Hugging Face Hub (offline mode is enabled).
Found the latest cached dataset configuration 'sst2' at /home/zhujjing/hf_cache/datasets/glue/sst2/0.0.0/bcdcba79d07bc864c1c254ccfcedcce55bcc9a8c (last modified on Thu Mar 19 15:01:41 2026).
/home/zhujjing/anaconda3/envs/moe/lib/python3.10/site-packages/transformers/utils/hub.py:124: FutureWarning: Using `TRANSFORMERS_CACHE` is deprecated and will be removed in v5 of Transformers. Use `HF_HOME` instead.
  warnings.warn(
Some weights of RobertaModel were not initialized from the model checkpoint at roberta-base and are newly initialized: ['roberta.pooler.dense.bias', 'roberta.pooler.dense.weight']
You should probably TRAIN this model on a down-stream task to be able to use it for predictions and inference.
[step 0001/150] method=ours loss=0.8969 train_acc=nan train_loss=nan val_acc=nan val_loss=nan best=-1.0000
[step 0010/150] method=ours loss=0.6328 train_acc=nan train_loss=nan val_acc=nan val_loss=nan best=-1.0000
[step 0020/150] method=ours loss=0.6455 train_acc=nan train_loss=nan val_acc=nan val_loss=nan best=-1.0000
[step 0030/150] method=ours loss=0.5527 train_acc=nan train_loss=nan val_acc=nan val_loss=nan best=-1.0000
[step 0040/150] method=ours loss=0.5170 train_acc=nan train_loss=nan val_acc=nan val_loss=nan best=-1.0000
[step 0050/150] method=ours loss=0.7062 train_acc=0.8726 train_loss=0.3405 val_acc=0.8727 val_loss=0.3200 router_H=0.6792 best=0.8727
           router_load=[0.24038158357143402, 0.18550612032413483, 0.573247492313385, 0.0008648231159895658]
[step 0060/150] method=ours loss=0.5176 train_acc=0.8726 train_loss=0.3405 val_acc=0.8727 val_loss=0.3200 router_H=0.6792 best=0.8727
           router_load=[0.24038158357143402, 0.18550612032413483, 0.573247492313385, 0.0008648231159895658]
[step 0070/150] method=ours loss=0.5022 train_acc=0.8726 train_loss=0.3405 val_acc=0.8727 val_loss=0.3200 router_H=0.6792 best=0.8727
           router_load=[0.24038158357143402, 0.18550612032413483, 0.573247492313385, 0.0008648231159895658]
[step 0080/150] method=ours loss=0.3005 train_acc=0.8726 train_loss=0.3405 val_acc=0.8727 val_loss=0.3200 router_H=0.6792 best=0.8727
           router_load=[0.24038158357143402, 0.18550612032413483, 0.573247492313385, 0.0008648231159895658]
[step 0090/150] method=ours loss=0.1987 train_acc=0.8726 train_loss=0.3405 val_acc=0.8727 val_loss=0.3200 router_H=0.6792 best=0.8727
           router_load=[0.24038158357143402, 0.18550612032413483, 0.573247492313385, 0.0008648231159895658]
[step 0100/150] method=ours loss=0.5317 train_acc=0.8650 train_loss=0.3529 val_acc=0.9025 val_loss=0.2655 router_H=0.6668 best=0.9025
           router_load=[0.18537500500679016, 0.19601066410541534, 0.6045176386833191, 0.014096646569669247]
[step 0110/150] method=ours loss=0.4289 train_acc=0.8650 train_loss=0.3529 val_acc=0.9025 val_loss=0.2655 router_H=0.6668 best=0.9025
           router_load=[0.18537500500679016, 0.19601066410541534, 0.6045176386833191, 0.014096646569669247]
[step 0120/150] method=ours loss=0.5942 train_acc=0.8650 train_loss=0.3529 val_acc=0.9025 val_loss=0.2655 router_H=0.6668 best=0.9025
           router_load=[0.18537500500679016, 0.19601066410541534, 0.6045176386833191, 0.014096646569669247]
[step 0130/150] method=ours loss=0.7018 train_acc=0.8650 train_loss=0.3529 val_acc=0.9025 val_loss=0.2655 router_H=0.6668 best=0.9025
           router_load=[0.18537500500679016, 0.19601066410541534, 0.6045176386833191, 0.014096646569669247]
[step 0140/150] method=ours loss=0.1974 train_acc=0.8650 train_loss=0.3529 val_acc=0.9025 val_loss=0.2655 router_H=0.6668 best=0.9025
           router_load=[0.18537500500679016, 0.19601066410541534, 0.6045176386833191, 0.014096646569669247]
[step 0150/150] method=ours loss=0.1555 train_acc=0.8802 train_loss=0.3044 val_acc=0.9083 val_loss=0.2500 router_H=0.6767 best=0.9083
           router_load=[0.17661435902118683, 0.23325687646865845, 0.5767455697059631, 0.013383361510932446]
saved summary -> /home/zhujjing/MOE-grad-conflict-routing/runs/paper_suite/single_gpu/single_task/roberta_sst2_lora_e4_k2/hpo/ours/trial_runs/coord_03_train_grad_clip_022/ours_s3.json
saved curve -> /home/zhujjing/MOE-grad-conflict-routing/runs/paper_suite/single_gpu/single_task/roberta_sst2_lora_e4_k2/hpo/ours/trial_runs/coord_03_train_grad_clip_022/ours_s3_curve.csv
