[run] method=ours candidate=coord_03_train_grad_clip_004 seed=3 steps=150 gpu=0
[run] cmd=
/home/zhujjing/anaconda3/envs/moe/bin/python /home/zhujjing/MOE-grad-conflict-routing/scripts/run.py --config configs/singletask_sst2_real.yaml --set model.backbone_backend=hf --set model.hf_load_pretrained=true --set model.backbone=roberta --set model.hf_pretrained_name=roberta-base --set model.expert_type=lora --set model.routing_mode=topk --set model.num_experts=4 --set model.top_k=2 --set seed=3 --set method.name=ours --set train.steps=150 --set train.eval_every_steps=50 --set method.ours.use_load_norm=true --set method.ours.lambda_align=0.001 --set train.grad_clip=0.8112607949 --set train.lr=2e-05 --set train.weight_decay=0.0452861226 --out /home/zhujjing/MOE-grad-conflict-routing/runs/paper_suite/single_gpu/single_task/roberta_sst2_lora_e4_k2/hpo/ours/trial_runs/coord_03_train_grad_clip_004/ours_s3.json --curve_out /home/zhujjing/MOE-grad-conflict-routing/runs/paper_suite/single_gpu/single_task/roberta_sst2_lora_e4_k2/hpo/ours/trial_runs/coord_03_train_grad_clip_004/ours_s3_curve.csv
Using the latest cached version of the dataset since glue couldn't be found on the Hugging Face Hub (offline mode is enabled).
Found the latest cached dataset configuration 'sst2' at /home/zhujjing/hf_cache/datasets/glue/sst2/0.0.0/bcdcba79d07bc864c1c254ccfcedcce55bcc9a8c (last modified on Thu Mar 19 15:01:41 2026).
/home/zhujjing/anaconda3/envs/moe/lib/python3.10/site-packages/transformers/utils/hub.py:124: FutureWarning: Using `TRANSFORMERS_CACHE` is deprecated and will be removed in v5 of Transformers. Use `HF_HOME` instead.
  warnings.warn(
Some weights of RobertaModel were not initialized from the model checkpoint at roberta-base and are newly initialized: ['roberta.pooler.dense.bias', 'roberta.pooler.dense.weight']
You should probably TRAIN this model on a down-stream task to be able to use it for predictions and inference.
[step 0001/150] method=ours loss=0.6054 train_acc=nan train_loss=nan val_acc=nan val_loss=nan best=-1.0000
[step 0010/150] method=ours loss=0.6473 train_acc=nan train_loss=nan val_acc=nan val_loss=nan best=-1.0000
[step 0020/150] method=ours loss=0.6187 train_acc=nan train_loss=nan val_acc=nan val_loss=nan best=-1.0000
[step 0030/150] method=ours loss=0.4942 train_acc=nan train_loss=nan val_acc=nan val_loss=nan best=-1.0000
[step 0040/150] method=ours loss=0.4741 train_acc=nan train_loss=nan val_acc=nan val_loss=nan best=-1.0000
[step 0050/150] method=ours loss=0.5458 train_acc=0.8694 train_loss=0.3379 val_acc=0.8635 val_loss=0.3321 router_H=0.6702 best=0.8635
           router_load=[0.591380774974823, 0.3705660402774811, 0.0, 0.038053207099437714]
[step 0060/150] method=ours loss=0.6017 train_acc=0.8694 train_loss=0.3379 val_acc=0.8635 val_loss=0.3321 router_H=0.6702 best=0.8635
           router_load=[0.591380774974823, 0.3705660402774811, 0.0, 0.038053207099437714]
[step 0070/150] method=ours loss=0.3052 train_acc=0.8694 train_loss=0.3379 val_acc=0.8635 val_loss=0.3321 router_H=0.6702 best=0.8635
           router_load=[0.591380774974823, 0.3705660402774811, 0.0, 0.038053207099437714]
[step 0080/150] method=ours loss=0.2097 train_acc=0.8694 train_loss=0.3379 val_acc=0.8635 val_loss=0.3321 router_H=0.6702 best=0.8635
           router_load=[0.591380774974823, 0.3705660402774811, 0.0, 0.038053207099437714]
[step 0090/150] method=ours loss=0.2271 train_acc=0.8694 train_loss=0.3379 val_acc=0.8635 val_loss=0.3321 router_H=0.6702 best=0.8635
           router_load=[0.591380774974823, 0.3705660402774811, 0.0, 0.038053207099437714]
[step 0100/150] method=ours loss=0.3240 train_acc=0.8762 train_loss=0.3122 val_acc=0.8956 val_loss=0.2631 router_H=0.6827 best=0.8956
           router_load=[0.5505754947662354, 0.36563417315483093, 0.0, 0.0837903618812561]
[step 0110/150] method=ours loss=0.6676 train_acc=0.8762 train_loss=0.3122 val_acc=0.8956 val_loss=0.2631 router_H=0.6827 best=0.8956
           router_load=[0.5505754947662354, 0.36563417315483093, 0.0, 0.0837903618812561]
[step 0120/150] method=ours loss=0.5354 train_acc=0.8762 train_loss=0.3122 val_acc=0.8956 val_loss=0.2631 router_H=0.6827 best=0.8956
           router_load=[0.5505754947662354, 0.36563417315483093, 0.0, 0.0837903618812561]
[step 0130/150] method=ours loss=0.8893 train_acc=0.8762 train_loss=0.3122 val_acc=0.8956 val_loss=0.2631 router_H=0.6827 best=0.8956
           router_load=[0.5505754947662354, 0.36563417315483093, 0.0, 0.0837903618812561]
[step 0140/150] method=ours loss=0.1907 train_acc=0.8762 train_loss=0.3122 val_acc=0.8956 val_loss=0.2631 router_H=0.6827 best=0.8956
           router_load=[0.5505754947662354, 0.36563417315483093, 0.0, 0.0837903618812561]
[step 0150/150] method=ours loss=0.1591 train_acc=0.8860 train_loss=0.3370 val_acc=0.9083 val_loss=0.2845 router_H=0.6703 best=0.9083
           router_load=[0.5953553915023804, 0.18028579652309418, 0.0, 0.22435899078845978]
saved summary -> /home/zhujjing/MOE-grad-conflict-routing/runs/paper_suite/single_gpu/single_task/roberta_sst2_lora_e4_k2/hpo/ours/trial_runs/coord_03_train_grad_clip_004/ours_s3.json
saved curve -> /home/zhujjing/MOE-grad-conflict-routing/runs/paper_suite/single_gpu/single_task/roberta_sst2_lora_e4_k2/hpo/ours/trial_runs/coord_03_train_grad_clip_004/ours_s3_curve.csv
