[run] method=ours candidate=coord_03_train_grad_clip_007 seed=3 steps=150 gpu=0
[run] cmd=
/home/zhujjing/anaconda3/envs/moe/bin/python /home/zhujjing/MOE-grad-conflict-routing/scripts/run.py --config configs/singletask_sst2_real.yaml --set model.backbone_backend=hf --set model.hf_load_pretrained=true --set model.backbone=roberta --set model.hf_pretrained_name=roberta-base --set model.expert_type=lora --set model.routing_mode=topk --set model.num_experts=4 --set model.top_k=2 --set seed=3 --set method.name=ours --set train.steps=150 --set train.eval_every_steps=50 --set method.ours.use_load_norm=true --set method.ours.lambda_align=0.001 --set train.grad_clip=1.883381917 --set train.lr=2e-05 --set train.weight_decay=0.0452861226 --out /home/zhujjing/MOE-grad-conflict-routing/runs/paper_suite/single_gpu/single_task/roberta_sst2_lora_e4_k2/hpo/ours/trial_runs/coord_03_train_grad_clip_007/ours_s3.json --curve_out /home/zhujjing/MOE-grad-conflict-routing/runs/paper_suite/single_gpu/single_task/roberta_sst2_lora_e4_k2/hpo/ours/trial_runs/coord_03_train_grad_clip_007/ours_s3_curve.csv
Using the latest cached version of the dataset since glue couldn't be found on the Hugging Face Hub (offline mode is enabled).
Found the latest cached dataset configuration 'sst2' at /home/zhujjing/hf_cache/datasets/glue/sst2/0.0.0/bcdcba79d07bc864c1c254ccfcedcce55bcc9a8c (last modified on Thu Mar 19 15:01:41 2026).
/home/zhujjing/anaconda3/envs/moe/lib/python3.10/site-packages/transformers/utils/hub.py:124: FutureWarning: Using `TRANSFORMERS_CACHE` is deprecated and will be removed in v5 of Transformers. Use `HF_HOME` instead.
  warnings.warn(
Some weights of RobertaModel were not initialized from the model checkpoint at roberta-base and are newly initialized: ['roberta.pooler.dense.bias', 'roberta.pooler.dense.weight']
You should probably TRAIN this model on a down-stream task to be able to use it for predictions and inference.
[step 0001/150] method=ours loss=0.6070 train_acc=nan train_loss=nan val_acc=nan val_loss=nan best=-1.0000
[step 0010/150] method=ours loss=0.6494 train_acc=nan train_loss=nan val_acc=nan val_loss=nan best=-1.0000
[step 0020/150] method=ours loss=0.6393 train_acc=nan train_loss=nan val_acc=nan val_loss=nan best=-1.0000
[step 0030/150] method=ours loss=0.4682 train_acc=nan train_loss=nan val_acc=nan val_loss=nan best=-1.0000
[step 0040/150] method=ours loss=0.6470 train_acc=nan train_loss=nan val_acc=nan val_loss=nan best=-1.0000
[step 0050/150] method=ours loss=0.4648 train_acc=0.8549 train_loss=0.4189 val_acc=0.8647 val_loss=0.3996 router_H=0.6765 best=0.8647
           router_load=[0.0496734157204628, 0.5799983143806458, 0.18695881962776184, 0.18336938321590424]
[step 0060/150] method=ours loss=0.6619 train_acc=0.8549 train_loss=0.4189 val_acc=0.8647 val_loss=0.3996 router_H=0.6765 best=0.8647
           router_load=[0.0496734157204628, 0.5799983143806458, 0.18695881962776184, 0.18336938321590424]
[step 0070/150] method=ours loss=0.4395 train_acc=0.8549 train_loss=0.4189 val_acc=0.8647 val_loss=0.3996 router_H=0.6765 best=0.8647
           router_load=[0.0496734157204628, 0.5799983143806458, 0.18695881962776184, 0.18336938321590424]
[step 0080/150] method=ours loss=0.1783 train_acc=0.8549 train_loss=0.4189 val_acc=0.8647 val_loss=0.3996 router_H=0.6765 best=0.8647
           router_load=[0.0496734157204628, 0.5799983143806458, 0.18695881962776184, 0.18336938321590424]
[step 0090/150] method=ours loss=0.2658 train_acc=0.8549 train_loss=0.4189 val_acc=0.8647 val_loss=0.3996 router_H=0.6765 best=0.8647
           router_load=[0.0496734157204628, 0.5799983143806458, 0.18695881962776184, 0.18336938321590424]
[step 0100/150] method=ours loss=0.6381 train_acc=0.8857 train_loss=0.3167 val_acc=0.9037 val_loss=0.2799 router_H=0.6714 best=0.9037
           router_load=[0.1627790480852127, 0.5816649794578552, 0.16574214398860931, 0.08981375396251678]
[step 0110/150] method=ours loss=0.4447 train_acc=0.8857 train_loss=0.3167 val_acc=0.9037 val_loss=0.2799 router_H=0.6714 best=0.9037
           router_load=[0.1627790480852127, 0.5816649794578552, 0.16574214398860931, 0.08981375396251678]
[step 0120/150] method=ours loss=0.5775 train_acc=0.8857 train_loss=0.3167 val_acc=0.9037 val_loss=0.2799 router_H=0.6714 best=0.9037
           router_load=[0.1627790480852127, 0.5816649794578552, 0.16574214398860931, 0.08981375396251678]
[step 0130/150] method=ours loss=0.9307 train_acc=0.8857 train_loss=0.3167 val_acc=0.9037 val_loss=0.2799 router_H=0.6714 best=0.9037
           router_load=[0.1627790480852127, 0.5816649794578552, 0.16574214398860931, 0.08981375396251678]
[step 0140/150] method=ours loss=0.2274 train_acc=0.8857 train_loss=0.3167 val_acc=0.9037 val_loss=0.2799 router_H=0.6714 best=0.9037
           router_load=[0.1627790480852127, 0.5816649794578552, 0.16574214398860931, 0.08981375396251678]
[step 0150/150] method=ours loss=0.1323 train_acc=0.8991 train_loss=0.2742 val_acc=0.9209 val_loss=0.2290 router_H=0.6889 best=0.9209
           router_load=[0.14326408505439758, 0.48331284523010254, 0.21804624795913696, 0.15537691116333008]
saved summary -> /home/zhujjing/MOE-grad-conflict-routing/runs/paper_suite/single_gpu/single_task/roberta_sst2_lora_e4_k2/hpo/ours/trial_runs/coord_03_train_grad_clip_007/ours_s3.json
saved curve -> /home/zhujjing/MOE-grad-conflict-routing/runs/paper_suite/single_gpu/single_task/roberta_sst2_lora_e4_k2/hpo/ours/trial_runs/coord_03_train_grad_clip_007/ours_s3_curve.csv
