[run] method=ours candidate=coord_03_train_grad_clip_008 seed=3 steps=150 gpu=0
[run] cmd=
/home/zhujjing/anaconda3/envs/moe/bin/python /home/zhujjing/MOE-grad-conflict-routing/scripts/run.py --config configs/singletask_sst2_real.yaml --set model.backbone_backend=hf --set model.hf_load_pretrained=true --set model.backbone=roberta --set model.hf_pretrained_name=roberta-base --set model.expert_type=lora --set model.routing_mode=topk --set model.num_experts=4 --set model.top_k=2 --set seed=3 --set method.name=ours --set train.steps=150 --set train.eval_every_steps=50 --set method.ours.use_load_norm=true --set method.ours.lambda_align=0.001 --set train.grad_clip=1.108977408 --set train.lr=2e-05 --set train.weight_decay=0.0452861226 --out /home/zhujjing/MOE-grad-conflict-routing/runs/paper_suite/single_gpu/single_task/roberta_sst2_lora_e4_k2/hpo/ours/trial_runs/coord_03_train_grad_clip_008/ours_s3.json --curve_out /home/zhujjing/MOE-grad-conflict-routing/runs/paper_suite/single_gpu/single_task/roberta_sst2_lora_e4_k2/hpo/ours/trial_runs/coord_03_train_grad_clip_008/ours_s3_curve.csv
Using the latest cached version of the dataset since glue couldn't be found on the Hugging Face Hub (offline mode is enabled).
Found the latest cached dataset configuration 'sst2' at /home/zhujjing/hf_cache/datasets/glue/sst2/0.0.0/bcdcba79d07bc864c1c254ccfcedcce55bcc9a8c (last modified on Thu Mar 19 15:01:41 2026).
/home/zhujjing/anaconda3/envs/moe/lib/python3.10/site-packages/transformers/utils/hub.py:124: FutureWarning: Using `TRANSFORMERS_CACHE` is deprecated and will be removed in v5 of Transformers. Use `HF_HOME` instead.
  warnings.warn(
Some weights of RobertaModel were not initialized from the model checkpoint at roberta-base and are newly initialized: ['roberta.pooler.dense.bias', 'roberta.pooler.dense.weight']
You should probably TRAIN this model on a down-stream task to be able to use it for predictions and inference.
[step 0001/150] method=ours loss=0.7513 train_acc=nan train_loss=nan val_acc=nan val_loss=nan best=-1.0000
[step 0010/150] method=ours loss=0.6162 train_acc=nan train_loss=nan val_acc=nan val_loss=nan best=-1.0000
[step 0020/150] method=ours loss=0.6015 train_acc=nan train_loss=nan val_acc=nan val_loss=nan best=-1.0000
[step 0030/150] method=ours loss=0.4578 train_acc=nan train_loss=nan val_acc=nan val_loss=nan best=-1.0000
[step 0040/150] method=ours loss=0.4400 train_acc=nan train_loss=nan val_acc=nan val_loss=nan best=-1.0000
[step 0050/150] method=ours loss=0.5879 train_acc=0.8800 train_loss=0.3179 val_acc=0.8796 val_loss=0.3319 router_H=0.6833 best=0.8796
           router_load=[0.002413957379758358, 0.44815120100975037, 0.003433734644204378, 0.546001136302948]
[step 0060/150] method=ours loss=0.3233 train_acc=0.8800 train_loss=0.3179 val_acc=0.8796 val_loss=0.3319 router_H=0.6833 best=0.8796
           router_load=[0.002413957379758358, 0.44815120100975037, 0.003433734644204378, 0.546001136302948]
[step 0070/150] method=ours loss=0.3879 train_acc=0.8800 train_loss=0.3179 val_acc=0.8796 val_loss=0.3319 router_H=0.6833 best=0.8796
           router_load=[0.002413957379758358, 0.44815120100975037, 0.003433734644204378, 0.546001136302948]
[step 0080/150] method=ours loss=0.2773 train_acc=0.8800 train_loss=0.3179 val_acc=0.8796 val_loss=0.3319 router_H=0.6833 best=0.8796
           router_load=[0.002413957379758358, 0.44815120100975037, 0.003433734644204378, 0.546001136302948]
[step 0090/150] method=ours loss=0.3713 train_acc=0.8800 train_loss=0.3179 val_acc=0.8796 val_loss=0.3319 router_H=0.6833 best=0.8796
           router_load=[0.002413957379758358, 0.44815120100975037, 0.003433734644204378, 0.546001136302948]
[step 0100/150] method=ours loss=0.4007 train_acc=0.8801 train_loss=0.3368 val_acc=0.9140 val_loss=0.2498 router_H=0.6775 best=0.9140
           router_load=[0.006846473086625338, 0.34644556045532227, 0.07263006269931793, 0.574077844619751]
[step 0110/150] method=ours loss=0.3674 train_acc=0.8801 train_loss=0.3368 val_acc=0.9140 val_loss=0.2498 router_H=0.6775 best=0.9140
           router_load=[0.006846473086625338, 0.34644556045532227, 0.07263006269931793, 0.574077844619751]
[step 0120/150] method=ours loss=0.3837 train_acc=0.8801 train_loss=0.3368 val_acc=0.9140 val_loss=0.2498 router_H=0.6775 best=0.9140
           router_load=[0.006846473086625338, 0.34644556045532227, 0.07263006269931793, 0.574077844619751]
[step 0130/150] method=ours loss=0.6416 train_acc=0.8801 train_loss=0.3368 val_acc=0.9140 val_loss=0.2498 router_H=0.6775 best=0.9140
           router_load=[0.006846473086625338, 0.34644556045532227, 0.07263006269931793, 0.574077844619751]
[step 0140/150] method=ours loss=0.2590 train_acc=0.8801 train_loss=0.3368 val_acc=0.9140 val_loss=0.2498 router_H=0.6775 best=0.9140
           router_load=[0.006846473086625338, 0.34644556045532227, 0.07263006269931793, 0.574077844619751]
[step 0150/150] method=ours loss=0.1407 train_acc=0.8895 train_loss=0.2929 val_acc=0.9151 val_loss=0.2393 router_H=0.6833 best=0.9151
           router_load=[0.018747858703136444, 0.3167175054550171, 0.12392108142375946, 0.5406135320663452]
saved summary -> /home/zhujjing/MOE-grad-conflict-routing/runs/paper_suite/single_gpu/single_task/roberta_sst2_lora_e4_k2/hpo/ours/trial_runs/coord_03_train_grad_clip_008/ours_s3.json
saved curve -> /home/zhujjing/MOE-grad-conflict-routing/runs/paper_suite/single_gpu/single_task/roberta_sst2_lora_e4_k2/hpo/ours/trial_runs/coord_03_train_grad_clip_008/ours_s3_curve.csv
