[run] method=ours candidate=coord_03_train_grad_clip_014 seed=2 steps=150 gpu=0
[run] cmd=
/home/zhujjing/anaconda3/envs/moe/bin/python /home/zhujjing/MOE-grad-conflict-routing/scripts/run.py --config configs/singletask_sst2_real.yaml --set model.backbone_backend=hf --set model.hf_load_pretrained=true --set model.backbone=roberta --set model.hf_pretrained_name=roberta-base --set model.expert_type=lora --set model.routing_mode=topk --set model.num_experts=4 --set model.top_k=2 --set seed=2 --set method.name=ours --set train.steps=150 --set train.eval_every_steps=50 --set method.ours.use_load_norm=true --set method.ours.lambda_align=0.001 --set train.grad_clip=0.8160969585 --set train.lr=2e-05 --set train.weight_decay=0.0452861226 --out /home/zhujjing/MOE-grad-conflict-routing/runs/paper_suite/single_gpu/single_task/roberta_sst2_lora_e4_k2/hpo/ours/trial_runs/coord_03_train_grad_clip_014/ours_s2.json --curve_out /home/zhujjing/MOE-grad-conflict-routing/runs/paper_suite/single_gpu/single_task/roberta_sst2_lora_e4_k2/hpo/ours/trial_runs/coord_03_train_grad_clip_014/ours_s2_curve.csv
Using the latest cached version of the dataset since glue couldn't be found on the Hugging Face Hub (offline mode is enabled).
Found the latest cached dataset configuration 'sst2' at /home/zhujjing/hf_cache/datasets/glue/sst2/0.0.0/bcdcba79d07bc864c1c254ccfcedcce55bcc9a8c (last modified on Thu Mar 19 15:01:41 2026).
/home/zhujjing/anaconda3/envs/moe/lib/python3.10/site-packages/transformers/utils/hub.py:124: FutureWarning: Using `TRANSFORMERS_CACHE` is deprecated and will be removed in v5 of Transformers. Use `HF_HOME` instead.
  warnings.warn(
Some weights of RobertaModel were not initialized from the model checkpoint at roberta-base and are newly initialized: ['roberta.pooler.dense.bias', 'roberta.pooler.dense.weight']
You should probably TRAIN this model on a down-stream task to be able to use it for predictions and inference.
[step 0001/150] method=ours loss=0.7229 train_acc=nan train_loss=nan val_acc=nan val_loss=nan best=-1.0000
[step 0010/150] method=ours loss=0.7156 train_acc=nan train_loss=nan val_acc=nan val_loss=nan best=-1.0000
[step 0020/150] method=ours loss=0.5711 train_acc=nan train_loss=nan val_acc=nan val_loss=nan best=-1.0000
[step 0030/150] method=ours loss=0.3254 train_acc=nan train_loss=nan val_acc=nan val_loss=nan best=-1.0000
[step 0040/150] method=ours loss=0.0877 train_acc=nan train_loss=nan val_acc=nan val_loss=nan best=-1.0000
[step 0050/150] method=ours loss=0.1544 train_acc=0.8558 train_loss=0.4238 val_acc=0.8280 val_loss=0.5367 router_H=0.6895 best=0.8280
           router_load=[0.47764188051223755, 0.062331926077604294, 0.1440192312002182, 0.31600698828697205]
[step 0060/150] method=ours loss=0.4407 train_acc=0.8558 train_loss=0.4238 val_acc=0.8280 val_loss=0.5367 router_H=0.6895 best=0.8280
           router_load=[0.47764188051223755, 0.062331926077604294, 0.1440192312002182, 0.31600698828697205]
[step 0070/150] method=ours loss=0.4269 train_acc=0.8558 train_loss=0.4238 val_acc=0.8280 val_loss=0.5367 router_H=0.6895 best=0.8280
           router_load=[0.47764188051223755, 0.062331926077604294, 0.1440192312002182, 0.31600698828697205]
[step 0080/150] method=ours loss=0.5224 train_acc=0.8558 train_loss=0.4238 val_acc=0.8280 val_loss=0.5367 router_H=0.6895 best=0.8280
           router_load=[0.47764188051223755, 0.062331926077604294, 0.1440192312002182, 0.31600698828697205]
[step 0090/150] method=ours loss=0.3095 train_acc=0.8558 train_loss=0.4238 val_acc=0.8280 val_loss=0.5367 router_H=0.6895 best=0.8280
           router_load=[0.47764188051223755, 0.062331926077604294, 0.1440192312002182, 0.31600698828697205]
[step 0100/150] method=ours loss=0.6773 train_acc=0.7596 train_loss=0.5194 val_acc=0.7099 val_loss=0.6322 router_H=0.6904 best=0.8280
           router_load=[0.43639075756073, 0.11437401920557022, 0.0016329690115526319, 0.4476022720336914]
[step 0110/150] method=ours loss=0.4053 train_acc=0.7596 train_loss=0.5194 val_acc=0.7099 val_loss=0.6322 router_H=0.6904 best=0.8280
           router_load=[0.43639075756073, 0.11437401920557022, 0.0016329690115526319, 0.4476022720336914]
[step 0120/150] method=ours loss=0.7376 train_acc=0.7596 train_loss=0.5194 val_acc=0.7099 val_loss=0.6322 router_H=0.6904 best=0.8280
           router_load=[0.43639075756073, 0.11437401920557022, 0.0016329690115526319, 0.4476022720336914]
[step 0130/150] method=ours loss=0.1890 train_acc=0.7596 train_loss=0.5194 val_acc=0.7099 val_loss=0.6322 router_H=0.6904 best=0.8280
           router_load=[0.43639075756073, 0.11437401920557022, 0.0016329690115526319, 0.4476022720336914]
[step 0140/150] method=ours loss=0.3088 train_acc=0.7596 train_loss=0.5194 val_acc=0.7099 val_loss=0.6322 router_H=0.6904 best=0.8280
           router_load=[0.43639075756073, 0.11437401920557022, 0.0016329690115526319, 0.4476022720336914]
[step 0150/150] method=ours loss=0.6112 train_acc=0.8890 train_loss=0.2987 val_acc=0.9002 val_loss=0.2695 router_H=0.6890 best=0.9002
           router_load=[0.41604679822921753, 0.02003755047917366, 0.15824651718139648, 0.40566903352737427]
saved summary -> /home/zhujjing/MOE-grad-conflict-routing/runs/paper_suite/single_gpu/single_task/roberta_sst2_lora_e4_k2/hpo/ours/trial_runs/coord_03_train_grad_clip_014/ours_s2.json
saved curve -> /home/zhujjing/MOE-grad-conflict-routing/runs/paper_suite/single_gpu/single_task/roberta_sst2_lora_e4_k2/hpo/ours/trial_runs/coord_03_train_grad_clip_014/ours_s2_curve.csv
