[run] method=ours candidate=coord_03_train_grad_clip_017 seed=2 steps=150 gpu=0
[run] cmd=
/home/zhujjing/anaconda3/envs/moe/bin/python /home/zhujjing/MOE-grad-conflict-routing/scripts/run.py --config configs/singletask_sst2_real.yaml --set model.backbone_backend=hf --set model.hf_load_pretrained=true --set model.backbone=roberta --set model.hf_pretrained_name=roberta-base --set model.expert_type=lora --set model.routing_mode=topk --set model.num_experts=4 --set model.top_k=2 --set seed=2 --set method.name=ours --set train.steps=150 --set train.eval_every_steps=50 --set method.ours.use_load_norm=true --set method.ours.lambda_align=0.001 --set train.grad_clip=0.8874671569 --set train.lr=2e-05 --set train.weight_decay=0.0452861226 --out /home/zhujjing/MOE-grad-conflict-routing/runs/paper_suite/single_gpu/single_task/roberta_sst2_lora_e4_k2/hpo/ours/trial_runs/coord_03_train_grad_clip_017/ours_s2.json --curve_out /home/zhujjing/MOE-grad-conflict-routing/runs/paper_suite/single_gpu/single_task/roberta_sst2_lora_e4_k2/hpo/ours/trial_runs/coord_03_train_grad_clip_017/ours_s2_curve.csv
Using the latest cached version of the dataset since glue couldn't be found on the Hugging Face Hub (offline mode is enabled).
Found the latest cached dataset configuration 'sst2' at /home/zhujjing/hf_cache/datasets/glue/sst2/0.0.0/bcdcba79d07bc864c1c254ccfcedcce55bcc9a8c (last modified on Thu Mar 19 15:01:41 2026).
/home/zhujjing/anaconda3/envs/moe/lib/python3.10/site-packages/transformers/utils/hub.py:124: FutureWarning: Using `TRANSFORMERS_CACHE` is deprecated and will be removed in v5 of Transformers. Use `HF_HOME` instead.
  warnings.warn(
Some weights of RobertaModel were not initialized from the model checkpoint at roberta-base and are newly initialized: ['roberta.pooler.dense.bias', 'roberta.pooler.dense.weight']
You should probably TRAIN this model on a down-stream task to be able to use it for predictions and inference.
[step 0001/150] method=ours loss=0.7935 train_acc=nan train_loss=nan val_acc=nan val_loss=nan best=-1.0000
[step 0010/150] method=ours loss=0.7387 train_acc=nan train_loss=nan val_acc=nan val_loss=nan best=-1.0000
[step 0020/150] method=ours loss=0.6066 train_acc=nan train_loss=nan val_acc=nan val_loss=nan best=-1.0000
[step 0030/150] method=ours loss=0.4019 train_acc=nan train_loss=nan val_acc=nan val_loss=nan best=-1.0000
[step 0040/150] method=ours loss=0.0962 train_acc=nan train_loss=nan val_acc=nan val_loss=nan best=-1.0000
[step 0050/150] method=ours loss=0.3093 train_acc=0.8812 train_loss=0.3350 val_acc=0.8819 val_loss=0.3329 router_H=0.6907 best=0.8819
           router_load=[0.2928493916988373, 0.368849515914917, 0.28599122166633606, 0.0523097850382328]
[step 0060/150] method=ours loss=0.3597 train_acc=0.8812 train_loss=0.3350 val_acc=0.8819 val_loss=0.3329 router_H=0.6907 best=0.8819
           router_load=[0.2928493916988373, 0.368849515914917, 0.28599122166633606, 0.0523097850382328]
[step 0070/150] method=ours loss=0.3373 train_acc=0.8812 train_loss=0.3350 val_acc=0.8819 val_loss=0.3329 router_H=0.6907 best=0.8819
           router_load=[0.2928493916988373, 0.368849515914917, 0.28599122166633606, 0.0523097850382328]
[step 0080/150] method=ours loss=0.6004 train_acc=0.8812 train_loss=0.3350 val_acc=0.8819 val_loss=0.3329 router_H=0.6907 best=0.8819
           router_load=[0.2928493916988373, 0.368849515914917, 0.28599122166633606, 0.0523097850382328]
[step 0090/150] method=ours loss=0.2328 train_acc=0.8812 train_loss=0.3350 val_acc=0.8819 val_loss=0.3329 router_H=0.6907 best=0.8819
           router_load=[0.2928493916988373, 0.368849515914917, 0.28599122166633606, 0.0523097850382328]
[step 0100/150] method=ours loss=0.5290 train_acc=0.8321 train_loss=0.3840 val_acc=0.8108 val_loss=0.4199 router_H=0.6905 best=0.8819
           router_load=[0.35801079869270325, 0.4413250982761383, 0.14119336009025574, 0.05947073921561241]
[step 0110/150] method=ours loss=0.4271 train_acc=0.8321 train_loss=0.3840 val_acc=0.8108 val_loss=0.4199 router_H=0.6905 best=0.8819
           router_load=[0.35801079869270325, 0.4413250982761383, 0.14119336009025574, 0.05947073921561241]
[step 0120/150] method=ours loss=0.4979 train_acc=0.8321 train_loss=0.3840 val_acc=0.8108 val_loss=0.4199 router_H=0.6905 best=0.8819
           router_load=[0.35801079869270325, 0.4413250982761383, 0.14119336009025574, 0.05947073921561241]
[step 0130/150] method=ours loss=0.2327 train_acc=0.8321 train_loss=0.3840 val_acc=0.8108 val_loss=0.4199 router_H=0.6905 best=0.8819
           router_load=[0.35801079869270325, 0.4413250982761383, 0.14119336009025574, 0.05947073921561241]
[step 0140/150] method=ours loss=0.3949 train_acc=0.8321 train_loss=0.3840 val_acc=0.8108 val_loss=0.4199 router_H=0.6905 best=0.8819
           router_load=[0.35801079869270325, 0.4413250982761383, 0.14119336009025574, 0.05947073921561241]
[step 0150/150] method=ours loss=0.6963 train_acc=0.8754 train_loss=0.3174 val_acc=0.8922 val_loss=0.2961 router_H=0.6890 best=0.8922
           router_load=[0.40483611822128296, 0.4838181138038635, 0.04333978891372681, 0.06800595670938492]
saved summary -> /home/zhujjing/MOE-grad-conflict-routing/runs/paper_suite/single_gpu/single_task/roberta_sst2_lora_e4_k2/hpo/ours/trial_runs/coord_03_train_grad_clip_017/ours_s2.json
saved curve -> /home/zhujjing/MOE-grad-conflict-routing/runs/paper_suite/single_gpu/single_task/roberta_sst2_lora_e4_k2/hpo/ours/trial_runs/coord_03_train_grad_clip_017/ours_s2_curve.csv
