[run] method=ours candidate=coord_03_train_grad_clip_012 seed=2 steps=150 gpu=0
[run] cmd=
/home/zhujjing/anaconda3/envs/moe/bin/python /home/zhujjing/MOE-grad-conflict-routing/scripts/run.py --config configs/singletask_sst2_real.yaml --set model.backbone_backend=hf --set model.hf_load_pretrained=true --set model.backbone=roberta --set model.hf_pretrained_name=roberta-base --set model.expert_type=lora --set model.routing_mode=topk --set model.num_experts=4 --set model.top_k=2 --set seed=2 --set method.name=ours --set train.steps=150 --set train.eval_every_steps=50 --set method.ours.use_load_norm=true --set method.ours.lambda_align=0.001 --set train.grad_clip=0.6534831993 --set train.lr=2e-05 --set train.weight_decay=0.0452861226 --out /home/zhujjing/MOE-grad-conflict-routing/runs/paper_suite/single_gpu/single_task/roberta_sst2_lora_e4_k2/hpo/ours/trial_runs/coord_03_train_grad_clip_012/ours_s2.json --curve_out /home/zhujjing/MOE-grad-conflict-routing/runs/paper_suite/single_gpu/single_task/roberta_sst2_lora_e4_k2/hpo/ours/trial_runs/coord_03_train_grad_clip_012/ours_s2_curve.csv
Using the latest cached version of the dataset since glue couldn't be found on the Hugging Face Hub (offline mode is enabled).
Found the latest cached dataset configuration 'sst2' at /home/zhujjing/hf_cache/datasets/glue/sst2/0.0.0/bcdcba79d07bc864c1c254ccfcedcce55bcc9a8c (last modified on Thu Mar 19 15:01:41 2026).
/home/zhujjing/anaconda3/envs/moe/lib/python3.10/site-packages/transformers/utils/hub.py:124: FutureWarning: Using `TRANSFORMERS_CACHE` is deprecated and will be removed in v5 of Transformers. Use `HF_HOME` instead.
  warnings.warn(
Some weights of RobertaModel were not initialized from the model checkpoint at roberta-base and are newly initialized: ['roberta.pooler.dense.bias', 'roberta.pooler.dense.weight']
You should probably TRAIN this model on a down-stream task to be able to use it for predictions and inference.
[step 0001/150] method=ours loss=0.7051 train_acc=nan train_loss=nan val_acc=nan val_loss=nan best=-1.0000
[step 0010/150] method=ours loss=0.7103 train_acc=nan train_loss=nan val_acc=nan val_loss=nan best=-1.0000
[step 0020/150] method=ours loss=0.5738 train_acc=nan train_loss=nan val_acc=nan val_loss=nan best=-1.0000
[step 0030/150] method=ours loss=0.1602 train_acc=nan train_loss=nan val_acc=nan val_loss=nan best=-1.0000
[step 0040/150] method=ours loss=0.0865 train_acc=nan train_loss=nan val_acc=nan val_loss=nan best=-1.0000
[step 0050/150] method=ours loss=0.3488 train_acc=0.8728 train_loss=0.3492 val_acc=0.8911 val_loss=0.3158 router_H=0.6807 best=0.8911
           router_load=[0.3173878788948059, 0.23595401644706726, 0.0, 0.4466579258441925]
[step 0060/150] method=ours loss=0.3260 train_acc=0.8728 train_loss=0.3492 val_acc=0.8911 val_loss=0.3158 router_H=0.6807 best=0.8911
           router_load=[0.3173878788948059, 0.23595401644706726, 0.0, 0.4466579258441925]
[step 0070/150] method=ours loss=0.5210 train_acc=0.8728 train_loss=0.3492 val_acc=0.8911 val_loss=0.3158 router_H=0.6807 best=0.8911
           router_load=[0.3173878788948059, 0.23595401644706726, 0.0, 0.4466579258441925]
[step 0080/150] method=ours loss=0.4721 train_acc=0.8728 train_loss=0.3492 val_acc=0.8911 val_loss=0.3158 router_H=0.6807 best=0.8911
           router_load=[0.3173878788948059, 0.23595401644706726, 0.0, 0.4466579258441925]
[step 0090/150] method=ours loss=0.3415 train_acc=0.8728 train_loss=0.3492 val_acc=0.8911 val_loss=0.3158 router_H=0.6807 best=0.8911
           router_load=[0.3173878788948059, 0.23595401644706726, 0.0, 0.4466579258441925]
[step 0100/150] method=ours loss=0.5168 train_acc=0.8253 train_loss=0.4740 val_acc=0.7959 val_loss=0.5345 router_H=0.6845 best=0.8911
           router_load=[0.33414947986602783, 0.20947055518627167, 0.0, 0.4563799202442169]
[step 0110/150] method=ours loss=0.3566 train_acc=0.8253 train_loss=0.4740 val_acc=0.7959 val_loss=0.5345 router_H=0.6845 best=0.8911
           router_load=[0.33414947986602783, 0.20947055518627167, 0.0, 0.4563799202442169]
[step 0120/150] method=ours loss=0.7215 train_acc=0.8253 train_loss=0.4740 val_acc=0.7959 val_loss=0.5345 router_H=0.6845 best=0.8911
           router_load=[0.33414947986602783, 0.20947055518627167, 0.0, 0.4563799202442169]
[step 0130/150] method=ours loss=0.3626 train_acc=0.8253 train_loss=0.4740 val_acc=0.7959 val_loss=0.5345 router_H=0.6845 best=0.8911
           router_load=[0.33414947986602783, 0.20947055518627167, 0.0, 0.4563799202442169]
[step 0140/150] method=ours loss=0.6305 train_acc=0.8253 train_loss=0.4740 val_acc=0.7959 val_loss=0.5345 router_H=0.6845 best=0.8911
           router_load=[0.33414947986602783, 0.20947055518627167, 0.0, 0.4563799202442169]
[step 0150/150] method=ours loss=0.4203 train_acc=0.8916 train_loss=0.2827 val_acc=0.9071 val_loss=0.2524 router_H=0.6866 best=0.9071
           router_load=[0.23096339404582977, 0.38076716661453247, 0.0, 0.3882693946361542]
saved summary -> /home/zhujjing/MOE-grad-conflict-routing/runs/paper_suite/single_gpu/single_task/roberta_sst2_lora_e4_k2/hpo/ours/trial_runs/coord_03_train_grad_clip_012/ours_s2.json
saved curve -> /home/zhujjing/MOE-grad-conflict-routing/runs/paper_suite/single_gpu/single_task/roberta_sst2_lora_e4_k2/hpo/ours/trial_runs/coord_03_train_grad_clip_012/ours_s2_curve.csv
