[run] method=ours candidate=local_var_topk_007 seed=3 steps=150 gpu=0
[run] cmd=
/home/zhujjing/anaconda3/envs/moe/bin/python /home/zhujjing/MOE-grad-conflict-routing/scripts/run.py --config configs/singletask_rte_real.yaml --set model.backbone_backend=hf --set model.hf_load_pretrained=true --set model.backbone=roberta --set model.hf_pretrained_name=roberta-base --set model.expert_type=ffn --set model.routing_mode=topk --set model.num_experts=4 --set model.top_k=2 --set seed=3 --set method.name=ours --set train.steps=150 --set train.eval_every_steps=50 --set method.ours.use_load_norm=true --set method.ours.lambda_align=0.0001328949179 --set train.grad_clip=0.951383293 --set train.lr=1.6782406e-05 --set train.weight_decay=0.04322128284 --out /home/zhujjing/MOE-grad-conflict-routing/runs/paper_suite/single_gpu/single_task/roberta_rte_ffn_e4_k2/hpo/ours/trial_runs/local_var_topk_007/ours_s3.json --curve_out /home/zhujjing/MOE-grad-conflict-routing/runs/paper_suite/single_gpu/single_task/roberta_rte_ffn_e4_k2/hpo/ours/trial_runs/local_var_topk_007/ours_s3_curve.csv
Using the latest cached version of the dataset since glue couldn't be found on the Hugging Face Hub (offline mode is enabled).
Found the latest cached dataset configuration 'rte' at /home/zhujjing/hf_cache/datasets/glue/rte/0.0.0/bcdcba79d07bc864c1c254ccfcedcce55bcc9a8c (last modified on Thu Mar 19 15:00:36 2026).
/home/zhujjing/anaconda3/envs/moe/lib/python3.10/site-packages/transformers/utils/hub.py:124: FutureWarning: Using `TRANSFORMERS_CACHE` is deprecated and will be removed in v5 of Transformers. Use `HF_HOME` instead.
  warnings.warn(
Some weights of RobertaModel were not initialized from the model checkpoint at roberta-base and are newly initialized: ['roberta.pooler.dense.bias', 'roberta.pooler.dense.weight']
You should probably TRAIN this model on a down-stream task to be able to use it for predictions and inference.
[step 0001/150] method=ours loss=0.6947 train_acc=nan train_loss=nan val_acc=nan val_loss=nan best=-1.0000
[step 0010/150] method=ours loss=0.7013 train_acc=nan train_loss=nan val_acc=nan val_loss=nan best=-1.0000
[step 0020/150] method=ours loss=0.6962 train_acc=nan train_loss=nan val_acc=nan val_loss=nan best=-1.0000
[step 0030/150] method=ours loss=0.6896 train_acc=nan train_loss=nan val_acc=nan val_loss=nan best=-1.0000
[step 0040/150] method=ours loss=0.6680 train_acc=nan train_loss=nan val_acc=nan val_loss=nan best=-1.0000
[step 0050/150] method=ours loss=0.6759 train_acc=0.5952 train_loss=0.6773 val_acc=0.5560 val_loss=0.6871 router_H=0.6832 best=0.5560
           router_load=[0.0, 0.4262309968471527, 0.5661042928695679, 0.0076646883971989155]
[step 0060/150] method=ours loss=0.6124 train_acc=0.5952 train_loss=0.6773 val_acc=0.5560 val_loss=0.6871 router_H=0.6832 best=0.5560
           router_load=[0.0, 0.4262309968471527, 0.5661042928695679, 0.0076646883971989155]
[step 0070/150] method=ours loss=0.7172 train_acc=0.5952 train_loss=0.6773 val_acc=0.5560 val_loss=0.6871 router_H=0.6832 best=0.5560
           router_load=[0.0, 0.4262309968471527, 0.5661042928695679, 0.0076646883971989155]
[step 0080/150] method=ours loss=0.6015 train_acc=0.5952 train_loss=0.6773 val_acc=0.5560 val_loss=0.6871 router_H=0.6832 best=0.5560
           router_load=[0.0, 0.4262309968471527, 0.5661042928695679, 0.0076646883971989155]
[step 0090/150] method=ours loss=0.5994 train_acc=0.5952 train_loss=0.6773 val_acc=0.5560 val_loss=0.6871 router_H=0.6832 best=0.5560
           router_load=[0.0, 0.4262309968471527, 0.5661042928695679, 0.0076646883971989155]
[step 0100/150] method=ours loss=0.8191 train_acc=0.6920 train_loss=0.5886 val_acc=0.6498 val_loss=0.6249 router_H=0.5309 best=0.6498
           router_load=[0.008973623625934124, 0.19242718815803528, 0.7729034423828125, 0.025695811957120895]
[step 0110/150] method=ours loss=0.5708 train_acc=0.6920 train_loss=0.5886 val_acc=0.6498 val_loss=0.6249 router_H=0.5309 best=0.6498
           router_load=[0.008973623625934124, 0.19242718815803528, 0.7729034423828125, 0.025695811957120895]
[step 0120/150] method=ours loss=0.6520 train_acc=0.6920 train_loss=0.5886 val_acc=0.6498 val_loss=0.6249 router_H=0.5309 best=0.6498
           router_load=[0.008973623625934124, 0.19242718815803528, 0.7729034423828125, 0.025695811957120895]
[step 0130/150] method=ours loss=0.6586 train_acc=0.6920 train_loss=0.5886 val_acc=0.6498 val_loss=0.6249 router_H=0.5309 best=0.6498
           router_load=[0.008973623625934124, 0.19242718815803528, 0.7729034423828125, 0.025695811957120895]
[step 0140/150] method=ours loss=0.6753 train_acc=0.6920 train_loss=0.5886 val_acc=0.6498 val_loss=0.6249 router_H=0.5309 best=0.6498
           router_load=[0.008973623625934124, 0.19242718815803528, 0.7729034423828125, 0.025695811957120895]
[step 0150/150] method=ours loss=0.5896 train_acc=0.7281 train_loss=0.5750 val_acc=0.6679 val_loss=0.6096 router_H=0.5536 best=0.6679
           router_load=[0.012895838357508183, 0.23041760921478271, 0.7558595538139343, 0.0008269473910331726]
saved summary -> /home/zhujjing/MOE-grad-conflict-routing/runs/paper_suite/single_gpu/single_task/roberta_rte_ffn_e4_k2/hpo/ours/trial_runs/local_var_topk_007/ours_s3.json
saved curve -> /home/zhujjing/MOE-grad-conflict-routing/runs/paper_suite/single_gpu/single_task/roberta_rte_ffn_e4_k2/hpo/ours/trial_runs/local_var_topk_007/ours_s3_curve.csv
