[run] method=ours candidate=local_var_topk_008 seed=3 steps=150 gpu=0
[run] cmd=
/home/zhujjing/anaconda3/envs/moe/bin/python /home/zhujjing/MOE-grad-conflict-routing/scripts/run.py --config configs/singletask_rte_real.yaml --set model.backbone_backend=hf --set model.hf_load_pretrained=true --set model.backbone=roberta --set model.hf_pretrained_name=roberta-base --set model.expert_type=ffn --set model.routing_mode=topk --set model.num_experts=4 --set model.top_k=2 --set seed=3 --set method.name=ours --set train.steps=150 --set train.eval_every_steps=50 --set method.ours.use_load_norm=true --set method.ours.lambda_align=0.0001328949179 --set train.grad_clip=0.951383293 --set train.lr=1.6782406e-05 --set train.weight_decay=0.05 --out /home/zhujjing/MOE-grad-conflict-routing/runs/paper_suite/single_gpu/single_task/roberta_rte_ffn_e4_k2/hpo/ours/trial_runs/local_var_topk_008/ours_s3.json --curve_out /home/zhujjing/MOE-grad-conflict-routing/runs/paper_suite/single_gpu/single_task/roberta_rte_ffn_e4_k2/hpo/ours/trial_runs/local_var_topk_008/ours_s3_curve.csv
Using the latest cached version of the dataset since glue couldn't be found on the Hugging Face Hub (offline mode is enabled).
Found the latest cached dataset configuration 'rte' at /home/zhujjing/hf_cache/datasets/glue/rte/0.0.0/bcdcba79d07bc864c1c254ccfcedcce55bcc9a8c (last modified on Thu Mar 19 15:00:36 2026).
/home/zhujjing/anaconda3/envs/moe/lib/python3.10/site-packages/transformers/utils/hub.py:124: FutureWarning: Using `TRANSFORMERS_CACHE` is deprecated and will be removed in v5 of Transformers. Use `HF_HOME` instead.
  warnings.warn(
Some weights of RobertaModel were not initialized from the model checkpoint at roberta-base and are newly initialized: ['roberta.pooler.dense.bias', 'roberta.pooler.dense.weight']
You should probably TRAIN this model on a down-stream task to be able to use it for predictions and inference.
[step 0001/150] method=ours loss=0.6904 train_acc=nan train_loss=nan val_acc=nan val_loss=nan best=-1.0000
[step 0010/150] method=ours loss=0.6994 train_acc=nan train_loss=nan val_acc=nan val_loss=nan best=-1.0000
[step 0020/150] method=ours loss=0.7049 train_acc=nan train_loss=nan val_acc=nan val_loss=nan best=-1.0000
[step 0030/150] method=ours loss=0.6987 train_acc=nan train_loss=nan val_acc=nan val_loss=nan best=-1.0000
[step 0040/150] method=ours loss=0.6847 train_acc=nan train_loss=nan val_acc=nan val_loss=nan best=-1.0000
[step 0050/150] method=ours loss=0.6796 train_acc=0.5414 train_loss=0.6877 val_acc=0.4910 val_loss=0.6930 router_H=0.6741 best=0.4910
           router_load=[0.28869521617889404, 0.1151745542883873, 0.0, 0.5961302518844604]
[step 0060/150] method=ours loss=0.6679 train_acc=0.5414 train_loss=0.6877 val_acc=0.4910 val_loss=0.6930 router_H=0.6741 best=0.4910
           router_load=[0.28869521617889404, 0.1151745542883873, 0.0, 0.5961302518844604]
[step 0070/150] method=ours loss=0.6802 train_acc=0.5414 train_loss=0.6877 val_acc=0.4910 val_loss=0.6930 router_H=0.6741 best=0.4910
           router_load=[0.28869521617889404, 0.1151745542883873, 0.0, 0.5961302518844604]
[step 0080/150] method=ours loss=0.5921 train_acc=0.5414 train_loss=0.6877 val_acc=0.4910 val_loss=0.6930 router_H=0.6741 best=0.4910
           router_load=[0.28869521617889404, 0.1151745542883873, 0.0, 0.5961302518844604]
[step 0090/150] method=ours loss=0.5347 train_acc=0.5414 train_loss=0.6877 val_acc=0.4910 val_loss=0.6930 router_H=0.6741 best=0.4910
           router_load=[0.28869521617889404, 0.1151745542883873, 0.0, 0.5961302518844604]
[step 0100/150] method=ours loss=0.8240 train_acc=0.6538 train_loss=0.6175 val_acc=0.5848 val_loss=0.6422 router_H=0.6737 best=0.5848
           router_load=[0.4079344868659973, 0.0030075986869633198, 0.0, 0.5890579223632812]
[step 0110/150] method=ours loss=0.6120 train_acc=0.6538 train_loss=0.6175 val_acc=0.5848 val_loss=0.6422 router_H=0.6737 best=0.5848
           router_load=[0.4079344868659973, 0.0030075986869633198, 0.0, 0.5890579223632812]
[step 0120/150] method=ours loss=0.5895 train_acc=0.6538 train_loss=0.6175 val_acc=0.5848 val_loss=0.6422 router_H=0.6737 best=0.5848
           router_load=[0.4079344868659973, 0.0030075986869633198, 0.0, 0.5890579223632812]
[step 0130/150] method=ours loss=0.6518 train_acc=0.6538 train_loss=0.6175 val_acc=0.5848 val_loss=0.6422 router_H=0.6737 best=0.5848
           router_load=[0.4079344868659973, 0.0030075986869633198, 0.0, 0.5890579223632812]
[step 0140/150] method=ours loss=0.6193 train_acc=0.6538 train_loss=0.6175 val_acc=0.5848 val_loss=0.6422 router_H=0.6737 best=0.5848
           router_load=[0.4079344868659973, 0.0030075986869633198, 0.0, 0.5890579223632812]
[step 0150/150] method=ours loss=0.5850 train_acc=0.7361 train_loss=0.5542 val_acc=0.6931 val_loss=0.5932 router_H=0.6655 best=0.6931
           router_load=[0.38224202394485474, 0.004612443037331104, 0.0, 0.6131455302238464]
saved summary -> /home/zhujjing/MOE-grad-conflict-routing/runs/paper_suite/single_gpu/single_task/roberta_rte_ffn_e4_k2/hpo/ours/trial_runs/local_var_topk_008/ours_s3.json
saved curve -> /home/zhujjing/MOE-grad-conflict-routing/runs/paper_suite/single_gpu/single_task/roberta_rte_ffn_e4_k2/hpo/ours/trial_runs/local_var_topk_008/ours_s3_curve.csv
