[run] method=ours candidate=local_var_topk_016 seed=3 steps=150 gpu=0
[run] cmd=
/home/zhujjing/anaconda3/envs/moe/bin/python /home/zhujjing/MOE-grad-conflict-routing/scripts/run.py --config configs/singletask_rte_real.yaml --set model.backbone_backend=hf --set model.hf_load_pretrained=true --set model.backbone=roberta --set model.hf_pretrained_name=roberta-base --set model.expert_type=ffn --set model.routing_mode=topk --set model.num_experts=4 --set model.top_k=2 --set seed=3 --set method.name=ours --set train.steps=150 --set train.eval_every_steps=50 --set method.ours.use_load_norm=true --set method.ours.lambda_align=0.0001328949179 --set train.grad_clip=0.951383293 --set train.lr=3.3564812e-05 --set train.weight_decay=0.04322128284 --out /home/zhujjing/MOE-grad-conflict-routing/runs/paper_suite/single_gpu/single_task/roberta_rte_ffn_e4_k2/hpo/ours/trial_runs/local_var_topk_016/ours_s3.json --curve_out /home/zhujjing/MOE-grad-conflict-routing/runs/paper_suite/single_gpu/single_task/roberta_rte_ffn_e4_k2/hpo/ours/trial_runs/local_var_topk_016/ours_s3_curve.csv
Using the latest cached version of the dataset since glue couldn't be found on the Hugging Face Hub (offline mode is enabled).
Found the latest cached dataset configuration 'rte' at /home/zhujjing/hf_cache/datasets/glue/rte/0.0.0/bcdcba79d07bc864c1c254ccfcedcce55bcc9a8c (last modified on Thu Mar 19 15:00:36 2026).
/home/zhujjing/anaconda3/envs/moe/lib/python3.10/site-packages/transformers/utils/hub.py:124: FutureWarning: Using `TRANSFORMERS_CACHE` is deprecated and will be removed in v5 of Transformers. Use `HF_HOME` instead.
  warnings.warn(
Some weights of RobertaModel were not initialized from the model checkpoint at roberta-base and are newly initialized: ['roberta.pooler.dense.bias', 'roberta.pooler.dense.weight']
You should probably TRAIN this model on a down-stream task to be able to use it for predictions and inference.
[step 0001/150] method=ours loss=0.6996 train_acc=nan train_loss=nan val_acc=nan val_loss=nan best=-1.0000
[step 0010/150] method=ours loss=0.7064 train_acc=nan train_loss=nan val_acc=nan val_loss=nan best=-1.0000
[step 0020/150] method=ours loss=0.7171 train_acc=nan train_loss=nan val_acc=nan val_loss=nan best=-1.0000
[step 0030/150] method=ours loss=0.6889 train_acc=nan train_loss=nan val_acc=nan val_loss=nan best=-1.0000
[step 0040/150] method=ours loss=0.6835 train_acc=nan train_loss=nan val_acc=nan val_loss=nan best=-1.0000
[step 0050/150] method=ours loss=0.6543 train_acc=0.5960 train_loss=0.6585 val_acc=0.5596 val_loss=0.6902 router_H=0.6070 best=0.5596
           router_load=[0.0, 0.6903349757194519, 0.11741730570793152, 0.19224762916564941]
[step 0060/150] method=ours loss=0.6494 train_acc=0.5960 train_loss=0.6585 val_acc=0.5596 val_loss=0.6902 router_H=0.6070 best=0.5596
           router_load=[0.0, 0.6903349757194519, 0.11741730570793152, 0.19224762916564941]
[step 0070/150] method=ours loss=0.7667 train_acc=0.5960 train_loss=0.6585 val_acc=0.5596 val_loss=0.6902 router_H=0.6070 best=0.5596
           router_load=[0.0, 0.6903349757194519, 0.11741730570793152, 0.19224762916564941]
[step 0080/150] method=ours loss=0.9364 train_acc=0.5960 train_loss=0.6585 val_acc=0.5596 val_loss=0.6902 router_H=0.6070 best=0.5596
           router_load=[0.0, 0.6903349757194519, 0.11741730570793152, 0.19224762916564941]
[step 0090/150] method=ours loss=0.6778 train_acc=0.5960 train_loss=0.6585 val_acc=0.5596 val_loss=0.6902 router_H=0.6070 best=0.5596
           router_load=[0.0, 0.6903349757194519, 0.11741730570793152, 0.19224762916564941]
[step 0100/150] method=ours loss=0.6903 train_acc=0.6574 train_loss=0.6378 val_acc=0.5776 val_loss=0.6656 router_H=0.5919 best=0.5776
           router_load=[0.0017795454477891326, 0.7174301743507385, 0.21207517385482788, 0.06871513277292252]
[step 0110/150] method=ours loss=0.6254 train_acc=0.6574 train_loss=0.6378 val_acc=0.5776 val_loss=0.6656 router_H=0.5919 best=0.5776
           router_load=[0.0017795454477891326, 0.7174301743507385, 0.21207517385482788, 0.06871513277292252]
[step 0120/150] method=ours loss=0.6643 train_acc=0.6574 train_loss=0.6378 val_acc=0.5776 val_loss=0.6656 router_H=0.5919 best=0.5776
           router_load=[0.0017795454477891326, 0.7174301743507385, 0.21207517385482788, 0.06871513277292252]
[step 0130/150] method=ours loss=0.6537 train_acc=0.6574 train_loss=0.6378 val_acc=0.5776 val_loss=0.6656 router_H=0.5919 best=0.5776
           router_load=[0.0017795454477891326, 0.7174301743507385, 0.21207517385482788, 0.06871513277292252]
[step 0140/150] method=ours loss=0.7042 train_acc=0.6574 train_loss=0.6378 val_acc=0.5776 val_loss=0.6656 router_H=0.5919 best=0.5776
           router_load=[0.0017795454477891326, 0.7174301743507385, 0.21207517385482788, 0.06871513277292252]
[step 0150/150] method=ours loss=0.7008 train_acc=0.5024 train_loss=0.6931 val_acc=0.5271 val_loss=0.6908 router_H=0.6818 best=0.5776
           router_load=[0.0, 0.5752082467079163, 0.42479178309440613, 0.0]
saved summary -> /home/zhujjing/MOE-grad-conflict-routing/runs/paper_suite/single_gpu/single_task/roberta_rte_ffn_e4_k2/hpo/ours/trial_runs/local_var_topk_016/ours_s3.json
saved curve -> /home/zhujjing/MOE-grad-conflict-routing/runs/paper_suite/single_gpu/single_task/roberta_rte_ffn_e4_k2/hpo/ours/trial_runs/local_var_topk_016/ours_s3_curve.csv
