[run] method=ours candidate=local_var_topk_007 seed=2 steps=150 gpu=0
[run] cmd=
/home/zhujjing/anaconda3/envs/moe/bin/python /home/zhujjing/MOE-grad-conflict-routing/scripts/run.py --config configs/singletask_rte_real.yaml --set model.backbone_backend=hf --set model.hf_load_pretrained=true --set model.backbone=roberta --set model.hf_pretrained_name=roberta-base --set model.expert_type=ffn --set model.routing_mode=topk --set model.num_experts=4 --set model.top_k=2 --set seed=2 --set method.name=ours --set train.steps=150 --set train.eval_every_steps=50 --set method.ours.use_load_norm=true --set method.ours.lambda_align=0.0001328949179 --set train.grad_clip=0.951383293 --set train.lr=1.6782406e-05 --set train.weight_decay=0.04322128284 --out /home/zhujjing/MOE-grad-conflict-routing/runs/paper_suite/single_gpu/single_task/roberta_rte_ffn_e4_k2/hpo/ours/trial_runs/local_var_topk_007/ours_s2.json --curve_out /home/zhujjing/MOE-grad-conflict-routing/runs/paper_suite/single_gpu/single_task/roberta_rte_ffn_e4_k2/hpo/ours/trial_runs/local_var_topk_007/ours_s2_curve.csv
Using the latest cached version of the dataset since glue couldn't be found on the Hugging Face Hub (offline mode is enabled).
Found the latest cached dataset configuration 'rte' at /home/zhujjing/hf_cache/datasets/glue/rte/0.0.0/bcdcba79d07bc864c1c254ccfcedcce55bcc9a8c (last modified on Thu Mar 19 15:00:36 2026).
/home/zhujjing/anaconda3/envs/moe/lib/python3.10/site-packages/transformers/utils/hub.py:124: FutureWarning: Using `TRANSFORMERS_CACHE` is deprecated and will be removed in v5 of Transformers. Use `HF_HOME` instead.
  warnings.warn(
Some weights of RobertaModel were not initialized from the model checkpoint at roberta-base and are newly initialized: ['roberta.pooler.dense.bias', 'roberta.pooler.dense.weight']
You should probably TRAIN this model on a down-stream task to be able to use it for predictions and inference.
[step 0001/150] method=ours loss=0.6788 train_acc=nan train_loss=nan val_acc=nan val_loss=nan best=-1.0000
[step 0010/150] method=ours loss=0.7325 train_acc=nan train_loss=nan val_acc=nan val_loss=nan best=-1.0000
[step 0020/150] method=ours loss=0.6793 train_acc=nan train_loss=nan val_acc=nan val_loss=nan best=-1.0000
[step 0030/150] method=ours loss=0.6871 train_acc=nan train_loss=nan val_acc=nan val_loss=nan best=-1.0000
[step 0040/150] method=ours loss=0.6960 train_acc=nan train_loss=nan val_acc=nan val_loss=nan best=-1.0000
[step 0050/150] method=ours loss=0.5813 train_acc=0.5807 train_loss=0.6671 val_acc=0.5812 val_loss=0.6648 router_H=0.6408 best=0.5812
           router_load=[0.24169395864009857, 0.08763212710618973, 0.6586525440216064, 0.012021375820040703]
[step 0060/150] method=ours loss=0.6387 train_acc=0.5807 train_loss=0.6671 val_acc=0.5812 val_loss=0.6648 router_H=0.6408 best=0.5812
           router_load=[0.24169395864009857, 0.08763212710618973, 0.6586525440216064, 0.012021375820040703]
[step 0070/150] method=ours loss=0.6614 train_acc=0.5807 train_loss=0.6671 val_acc=0.5812 val_loss=0.6648 router_H=0.6408 best=0.5812
           router_load=[0.24169395864009857, 0.08763212710618973, 0.6586525440216064, 0.012021375820040703]
[step 0080/150] method=ours loss=0.7568 train_acc=0.5807 train_loss=0.6671 val_acc=0.5812 val_loss=0.6648 router_H=0.6408 best=0.5812
           router_load=[0.24169395864009857, 0.08763212710618973, 0.6586525440216064, 0.012021375820040703]
[step 0090/150] method=ours loss=0.7165 train_acc=0.5807 train_loss=0.6671 val_acc=0.5812 val_loss=0.6648 router_H=0.6408 best=0.5812
           router_load=[0.24169395864009857, 0.08763212710618973, 0.6586525440216064, 0.012021375820040703]
[step 0100/150] method=ours loss=0.6447 train_acc=0.6928 train_loss=0.6512 val_acc=0.6715 val_loss=0.6580 router_H=0.6294 best=0.6715
           router_load=[0.16352905333042145, 0.15582500398159027, 0.6751601696014404, 0.005485801491886377]
[step 0110/150] method=ours loss=0.6596 train_acc=0.6928 train_loss=0.6512 val_acc=0.6715 val_loss=0.6580 router_H=0.6294 best=0.6715
           router_load=[0.16352905333042145, 0.15582500398159027, 0.6751601696014404, 0.005485801491886377]
[step 0120/150] method=ours loss=0.6017 train_acc=0.6928 train_loss=0.6512 val_acc=0.6715 val_loss=0.6580 router_H=0.6294 best=0.6715
           router_load=[0.16352905333042145, 0.15582500398159027, 0.6751601696014404, 0.005485801491886377]
[step 0130/150] method=ours loss=0.6079 train_acc=0.6928 train_loss=0.6512 val_acc=0.6715 val_loss=0.6580 router_H=0.6294 best=0.6715
           router_load=[0.16352905333042145, 0.15582500398159027, 0.6751601696014404, 0.005485801491886377]
[step 0140/150] method=ours loss=0.6315 train_acc=0.6928 train_loss=0.6512 val_acc=0.6715 val_loss=0.6580 router_H=0.6294 best=0.6715
           router_load=[0.16352905333042145, 0.15582500398159027, 0.6751601696014404, 0.005485801491886377]
[step 0150/150] method=ours loss=0.6182 train_acc=0.7068 train_loss=0.5880 val_acc=0.6787 val_loss=0.6080 router_H=0.6164 best=0.6787
           router_load=[0.013735095970332623, 0.2788991928100586, 0.6686694622039795, 0.03869631886482239]
saved summary -> /home/zhujjing/MOE-grad-conflict-routing/runs/paper_suite/single_gpu/single_task/roberta_rte_ffn_e4_k2/hpo/ours/trial_runs/local_var_topk_007/ours_s2.json
saved curve -> /home/zhujjing/MOE-grad-conflict-routing/runs/paper_suite/single_gpu/single_task/roberta_rte_ffn_e4_k2/hpo/ours/trial_runs/local_var_topk_007/ours_s2_curve.csv
