[run] method=ours candidate=local_var_topk_009 seed=2 steps=150 gpu=0
[run] cmd=
/home/zhujjing/anaconda3/envs/moe/bin/python /home/zhujjing/MOE-grad-conflict-routing/scripts/run.py --config configs/singletask_rte_real.yaml --set model.backbone_backend=hf --set model.hf_load_pretrained=true --set model.backbone=roberta --set model.hf_pretrained_name=roberta-base --set model.expert_type=ffn --set model.routing_mode=topk --set model.num_experts=4 --set model.top_k=2 --set seed=2 --set method.name=ours --set train.steps=150 --set train.eval_every_steps=50 --set method.ours.use_load_norm=true --set method.ours.lambda_align=0.0001328949179 --set train.grad_clip=0.5 --set train.lr=3.3564812e-05 --set train.weight_decay=0.03322128284 --out /home/zhujjing/MOE-grad-conflict-routing/runs/paper_suite/single_gpu/single_task/roberta_rte_ffn_e4_k2/hpo/ours/trial_runs/local_var_topk_009/ours_s2.json --curve_out /home/zhujjing/MOE-grad-conflict-routing/runs/paper_suite/single_gpu/single_task/roberta_rte_ffn_e4_k2/hpo/ours/trial_runs/local_var_topk_009/ours_s2_curve.csv
Using the latest cached version of the dataset since glue couldn't be found on the Hugging Face Hub (offline mode is enabled).
Found the latest cached dataset configuration 'rte' at /home/zhujjing/hf_cache/datasets/glue/rte/0.0.0/bcdcba79d07bc864c1c254ccfcedcce55bcc9a8c (last modified on Thu Mar 19 15:00:36 2026).
/home/zhujjing/anaconda3/envs/moe/lib/python3.10/site-packages/transformers/utils/hub.py:124: FutureWarning: Using `TRANSFORMERS_CACHE` is deprecated and will be removed in v5 of Transformers. Use `HF_HOME` instead.
  warnings.warn(
Some weights of RobertaModel were not initialized from the model checkpoint at roberta-base and are newly initialized: ['roberta.pooler.dense.bias', 'roberta.pooler.dense.weight']
You should probably TRAIN this model on a down-stream task to be able to use it for predictions and inference.
[step 0001/150] method=ours loss=0.7030 train_acc=nan train_loss=nan val_acc=nan val_loss=nan best=-1.0000
[step 0010/150] method=ours loss=0.7417 train_acc=nan train_loss=nan val_acc=nan val_loss=nan best=-1.0000
[step 0020/150] method=ours loss=0.6894 train_acc=nan train_loss=nan val_acc=nan val_loss=nan best=-1.0000
[step 0030/150] method=ours loss=0.7081 train_acc=nan train_loss=nan val_acc=nan val_loss=nan best=-1.0000
[step 0040/150] method=ours loss=0.7141 train_acc=nan train_loss=nan val_acc=nan val_loss=nan best=-1.0000
[step 0050/150] method=ours loss=0.6503 train_acc=0.6502 train_loss=0.6605 val_acc=0.6282 val_loss=0.6656 router_H=0.6607 best=0.6282
           router_load=[0.25885695219039917, 0.6156714558601379, 0.12547165155410767, 0.0]
[step 0060/150] method=ours loss=0.7026 train_acc=0.6502 train_loss=0.6605 val_acc=0.6282 val_loss=0.6656 router_H=0.6607 best=0.6282
           router_load=[0.25885695219039917, 0.6156714558601379, 0.12547165155410767, 0.0]
[step 0070/150] method=ours loss=0.6620 train_acc=0.6502 train_loss=0.6605 val_acc=0.6282 val_loss=0.6656 router_H=0.6607 best=0.6282
           router_load=[0.25885695219039917, 0.6156714558601379, 0.12547165155410767, 0.0]
[step 0080/150] method=ours loss=0.6994 train_acc=0.6502 train_loss=0.6605 val_acc=0.6282 val_loss=0.6656 router_H=0.6607 best=0.6282
           router_load=[0.25885695219039917, 0.6156714558601379, 0.12547165155410767, 0.0]
[step 0090/150] method=ours loss=0.5949 train_acc=0.6502 train_loss=0.6605 val_acc=0.6282 val_loss=0.6656 router_H=0.6607 best=0.6282
           router_load=[0.25885695219039917, 0.6156714558601379, 0.12547165155410767, 0.0]
[step 0100/150] method=ours loss=0.6928 train_acc=0.7068 train_loss=0.6154 val_acc=0.6354 val_loss=0.6728 router_H=0.5664 best=0.6354
           router_load=[0.03572329506278038, 0.71271812915802, 0.03022480383515358, 0.22133377194404602]
[step 0110/150] method=ours loss=0.5545 train_acc=0.7068 train_loss=0.6154 val_acc=0.6354 val_loss=0.6728 router_H=0.5664 best=0.6354
           router_load=[0.03572329506278038, 0.71271812915802, 0.03022480383515358, 0.22133377194404602]
[step 0120/150] method=ours loss=0.5460 train_acc=0.7068 train_loss=0.6154 val_acc=0.6354 val_loss=0.6728 router_H=0.5664 best=0.6354
           router_load=[0.03572329506278038, 0.71271812915802, 0.03022480383515358, 0.22133377194404602]
[step 0130/150] method=ours loss=0.5123 train_acc=0.7068 train_loss=0.6154 val_acc=0.6354 val_loss=0.6728 router_H=0.5664 best=0.6354
           router_load=[0.03572329506278038, 0.71271812915802, 0.03022480383515358, 0.22133377194404602]
[step 0140/150] method=ours loss=0.6396 train_acc=0.7068 train_loss=0.6154 val_acc=0.6354 val_loss=0.6728 router_H=0.5664 best=0.6354
           router_load=[0.03572329506278038, 0.71271812915802, 0.03022480383515358, 0.22133377194404602]
[step 0150/150] method=ours loss=0.6737 train_acc=0.7133 train_loss=0.5737 val_acc=0.6570 val_loss=0.6136 router_H=0.6108 best=0.6570
           router_load=[0.015909841284155846, 0.6299000978469849, 0.35419005155563354, 0.0]
saved summary -> /home/zhujjing/MOE-grad-conflict-routing/runs/paper_suite/single_gpu/single_task/roberta_rte_ffn_e4_k2/hpo/ours/trial_runs/local_var_topk_009/ours_s2.json
saved curve -> /home/zhujjing/MOE-grad-conflict-routing/runs/paper_suite/single_gpu/single_task/roberta_rte_ffn_e4_k2/hpo/ours/trial_runs/local_var_topk_009/ours_s2_curve.csv
