[run] method=ours candidate=local_var_topk_020 seed=2 steps=150 gpu=0
[run] cmd=
/home/zhujjing/anaconda3/envs/moe/bin/python /home/zhujjing/MOE-grad-conflict-routing/scripts/run.py --config configs/singletask_rte_real.yaml --set model.backbone_backend=hf --set model.hf_load_pretrained=true --set model.backbone=roberta --set model.hf_pretrained_name=roberta-base --set model.expert_type=ffn --set model.routing_mode=topk --set model.num_experts=4 --set model.top_k=2 --set seed=2 --set method.name=ours --set train.steps=150 --set train.eval_every_steps=50 --set method.ours.use_load_norm=true --set method.ours.lambda_align=0.0001328949179 --set train.grad_clip=0.5 --set train.lr=6.7129625e-05 --set train.weight_decay=0.05 --out /home/zhujjing/MOE-grad-conflict-routing/runs/paper_suite/single_gpu/single_task/roberta_rte_ffn_e4_k2/hpo/ours/trial_runs/local_var_topk_020/ours_s2.json --curve_out /home/zhujjing/MOE-grad-conflict-routing/runs/paper_suite/single_gpu/single_task/roberta_rte_ffn_e4_k2/hpo/ours/trial_runs/local_var_topk_020/ours_s2_curve.csv
Using the latest cached version of the dataset since glue couldn't be found on the Hugging Face Hub (offline mode is enabled).
Found the latest cached dataset configuration 'rte' at /home/zhujjing/hf_cache/datasets/glue/rte/0.0.0/bcdcba79d07bc864c1c254ccfcedcce55bcc9a8c (last modified on Thu Mar 19 15:00:36 2026).
/home/zhujjing/anaconda3/envs/moe/lib/python3.10/site-packages/transformers/utils/hub.py:124: FutureWarning: Using `TRANSFORMERS_CACHE` is deprecated and will be removed in v5 of Transformers. Use `HF_HOME` instead.
  warnings.warn(
Some weights of RobertaModel were not initialized from the model checkpoint at roberta-base and are newly initialized: ['roberta.pooler.dense.bias', 'roberta.pooler.dense.weight']
You should probably TRAIN this model on a down-stream task to be able to use it for predictions and inference.
[step 0001/150] method=ours loss=0.6876 train_acc=nan train_loss=nan val_acc=nan val_loss=nan best=-1.0000
[step 0010/150] method=ours loss=0.9874 train_acc=nan train_loss=nan val_acc=nan val_loss=nan best=-1.0000
[step 0020/150] method=ours loss=0.7473 train_acc=nan train_loss=nan val_acc=nan val_loss=nan best=-1.0000
[step 0030/150] method=ours loss=0.7006 train_acc=nan train_loss=nan val_acc=nan val_loss=nan best=-1.0000
[step 0040/150] method=ours loss=0.6756 train_acc=nan train_loss=nan val_acc=nan val_loss=nan best=-1.0000
[step 0050/150] method=ours loss=0.6433 train_acc=0.5016 train_loss=0.6913 val_acc=0.5271 val_loss=0.6853 router_H=0.6902 best=0.5271
           router_load=[0.5351524949073792, 0.0, 0.4648473858833313, 0.0]
[step 0060/150] method=ours loss=0.6880 train_acc=0.5016 train_loss=0.6913 val_acc=0.5271 val_loss=0.6853 router_H=0.6902 best=0.5271
           router_load=[0.5351524949073792, 0.0, 0.4648473858833313, 0.0]
[step 0070/150] method=ours loss=0.7022 train_acc=0.5016 train_loss=0.6913 val_acc=0.5271 val_loss=0.6853 router_H=0.6902 best=0.5271
           router_load=[0.5351524949073792, 0.0, 0.4648473858833313, 0.0]
[step 0080/150] method=ours loss=0.7236 train_acc=0.5016 train_loss=0.6913 val_acc=0.5271 val_loss=0.6853 router_H=0.6902 best=0.5271
           router_load=[0.5351524949073792, 0.0, 0.4648473858833313, 0.0]
[step 0090/150] method=ours loss=0.7613 train_acc=0.5016 train_loss=0.6913 val_acc=0.5271 val_loss=0.6853 router_H=0.6902 best=0.5271
           router_load=[0.5351524949073792, 0.0, 0.4648473858833313, 0.0]
[step 0100/150] method=ours loss=0.7006 train_acc=0.4984 train_loss=0.6955 val_acc=0.4729 val_loss=0.7002 router_H=0.6923 best=0.5271
           router_load=[0.5202354788780212, 0.47976452112197876, 0.0, 0.0]
[step 0110/150] method=ours loss=0.6660 train_acc=0.4984 train_loss=0.6955 val_acc=0.4729 val_loss=0.7002 router_H=0.6923 best=0.5271
           router_load=[0.5202354788780212, 0.47976452112197876, 0.0, 0.0]
[step 0120/150] method=ours loss=0.7014 train_acc=0.4984 train_loss=0.6955 val_acc=0.4729 val_loss=0.7002 router_H=0.6923 best=0.5271
           router_load=[0.5202354788780212, 0.47976452112197876, 0.0, 0.0]
[step 0130/150] method=ours loss=0.6975 train_acc=0.4984 train_loss=0.6955 val_acc=0.4729 val_loss=0.7002 router_H=0.6923 best=0.5271
           router_load=[0.5202354788780212, 0.47976452112197876, 0.0, 0.0]
[step 0140/150] method=ours loss=0.6605 train_acc=0.4984 train_loss=0.6955 val_acc=0.4729 val_loss=0.7002 router_H=0.6923 best=0.5271
           router_load=[0.5202354788780212, 0.47976452112197876, 0.0, 0.0]
[step 0150/150] method=ours loss=0.6841 train_acc=0.4984 train_loss=0.6946 val_acc=0.4729 val_loss=0.6982 router_H=0.6929 best=0.5271
           router_load=[0.5113623738288879, 0.48863765597343445, 0.0, 0.0]
saved summary -> /home/zhujjing/MOE-grad-conflict-routing/runs/paper_suite/single_gpu/single_task/roberta_rte_ffn_e4_k2/hpo/ours/trial_runs/local_var_topk_020/ours_s2.json
saved curve -> /home/zhujjing/MOE-grad-conflict-routing/runs/paper_suite/single_gpu/single_task/roberta_rte_ffn_e4_k2/hpo/ours/trial_runs/local_var_topk_020/ours_s2_curve.csv
