[run] method=ours candidate=local_var_topk_008 seed=2 steps=150 gpu=0
[run] cmd=
/home/zhujjing/anaconda3/envs/moe/bin/python /home/zhujjing/MOE-grad-conflict-routing/scripts/run.py --config configs/singletask_rte_real.yaml --set model.backbone_backend=hf --set model.hf_load_pretrained=true --set model.backbone=roberta --set model.hf_pretrained_name=roberta-base --set model.expert_type=ffn --set model.routing_mode=topk --set model.num_experts=4 --set model.top_k=2 --set seed=2 --set method.name=ours --set train.steps=150 --set train.eval_every_steps=50 --set method.ours.use_load_norm=true --set method.ours.lambda_align=0.0001328949179 --set train.grad_clip=0.951383293 --set train.lr=1.6782406e-05 --set train.weight_decay=0.05 --out /home/zhujjing/MOE-grad-conflict-routing/runs/paper_suite/single_gpu/single_task/roberta_rte_ffn_e4_k2/hpo/ours/trial_runs/local_var_topk_008/ours_s2.json --curve_out /home/zhujjing/MOE-grad-conflict-routing/runs/paper_suite/single_gpu/single_task/roberta_rte_ffn_e4_k2/hpo/ours/trial_runs/local_var_topk_008/ours_s2_curve.csv
Using the latest cached version of the dataset since glue couldn't be found on the Hugging Face Hub (offline mode is enabled).
Found the latest cached dataset configuration 'rte' at /home/zhujjing/hf_cache/datasets/glue/rte/0.0.0/bcdcba79d07bc864c1c254ccfcedcce55bcc9a8c (last modified on Thu Mar 19 15:00:36 2026).
/home/zhujjing/anaconda3/envs/moe/lib/python3.10/site-packages/transformers/utils/hub.py:124: FutureWarning: Using `TRANSFORMERS_CACHE` is deprecated and will be removed in v5 of Transformers. Use `HF_HOME` instead.
  warnings.warn(
Some weights of RobertaModel were not initialized from the model checkpoint at roberta-base and are newly initialized: ['roberta.pooler.dense.bias', 'roberta.pooler.dense.weight']
You should probably TRAIN this model on a down-stream task to be able to use it for predictions and inference.
[step 0001/150] method=ours loss=0.6997 train_acc=nan train_loss=nan val_acc=nan val_loss=nan best=-1.0000
[step 0010/150] method=ours loss=0.7249 train_acc=nan train_loss=nan val_acc=nan val_loss=nan best=-1.0000
[step 0020/150] method=ours loss=0.6820 train_acc=nan train_loss=nan val_acc=nan val_loss=nan best=-1.0000
[step 0030/150] method=ours loss=0.6911 train_acc=nan train_loss=nan val_acc=nan val_loss=nan best=-1.0000
[step 0040/150] method=ours loss=0.6960 train_acc=nan train_loss=nan val_acc=nan val_loss=nan best=-1.0000
[step 0050/150] method=ours loss=0.6408 train_acc=0.5064 train_loss=0.6844 val_acc=0.5307 val_loss=0.6815 router_H=0.6917 best=0.5307
           router_load=[0.0, 0.101834736764431, 0.5000898241996765, 0.3980754315853119]
[step 0060/150] method=ours loss=0.6687 train_acc=0.5064 train_loss=0.6844 val_acc=0.5307 val_loss=0.6815 router_H=0.6917 best=0.5307
           router_load=[0.0, 0.101834736764431, 0.5000898241996765, 0.3980754315853119]
[step 0070/150] method=ours loss=0.6588 train_acc=0.5064 train_loss=0.6844 val_acc=0.5307 val_loss=0.6815 router_H=0.6917 best=0.5307
           router_load=[0.0, 0.101834736764431, 0.5000898241996765, 0.3980754315853119]
[step 0080/150] method=ours loss=0.6793 train_acc=0.5064 train_loss=0.6844 val_acc=0.5307 val_loss=0.6815 router_H=0.6917 best=0.5307
           router_load=[0.0, 0.101834736764431, 0.5000898241996765, 0.3980754315853119]
[step 0090/150] method=ours loss=0.9131 train_acc=0.5064 train_loss=0.6844 val_acc=0.5307 val_loss=0.6815 router_H=0.6917 best=0.5307
           router_load=[0.0, 0.101834736764431, 0.5000898241996765, 0.3980754315853119]
[step 0100/150] method=ours loss=0.6658 train_acc=0.6008 train_loss=0.6526 val_acc=0.5704 val_loss=0.6847 router_H=0.6860 best=0.5704
           router_load=[0.07607904821634293, 0.004730443004518747, 0.5012178421020508, 0.4179726839065552]
[step 0110/150] method=ours loss=0.6322 train_acc=0.6008 train_loss=0.6526 val_acc=0.5704 val_loss=0.6847 router_H=0.6860 best=0.5704
           router_load=[0.07607904821634293, 0.004730443004518747, 0.5012178421020508, 0.4179726839065552]
[step 0120/150] method=ours loss=0.6075 train_acc=0.6008 train_loss=0.6526 val_acc=0.5704 val_loss=0.6847 router_H=0.6860 best=0.5704
           router_load=[0.07607904821634293, 0.004730443004518747, 0.5012178421020508, 0.4179726839065552]
[step 0130/150] method=ours loss=0.6558 train_acc=0.6008 train_loss=0.6526 val_acc=0.5704 val_loss=0.6847 router_H=0.6860 best=0.5704
           router_load=[0.07607904821634293, 0.004730443004518747, 0.5012178421020508, 0.4179726839065552]
[step 0140/150] method=ours loss=0.6176 train_acc=0.6008 train_loss=0.6526 val_acc=0.5704 val_loss=0.6847 router_H=0.6860 best=0.5704
           router_load=[0.07607904821634293, 0.004730443004518747, 0.5012178421020508, 0.4179726839065552]
[step 0150/150] method=ours loss=0.6285 train_acc=0.6751 train_loss=0.6166 val_acc=0.6354 val_loss=0.6381 router_H=0.6557 best=0.6354
           router_load=[0.27675995230674744, 0.09474983811378479, 0.6252726316452026, 0.0032175781670957804]
saved summary -> /home/zhujjing/MOE-grad-conflict-routing/runs/paper_suite/single_gpu/single_task/roberta_rte_ffn_e4_k2/hpo/ours/trial_runs/local_var_topk_008/ours_s2.json
saved curve -> /home/zhujjing/MOE-grad-conflict-routing/runs/paper_suite/single_gpu/single_task/roberta_rte_ffn_e4_k2/hpo/ours/trial_runs/local_var_topk_008/ours_s2_curve.csv
