[run] method=ours candidate=local_var_topk_005 seed=3 steps=150 gpu=0
[run] cmd=
/home/zhujjing/anaconda3/envs/moe/bin/python /home/zhujjing/MOE-grad-conflict-routing/scripts/run.py --config configs/singletask_rte_real.yaml --set model.backbone_backend=hf --set model.hf_load_pretrained=true --set model.backbone=roberta --set model.hf_pretrained_name=roberta-base --set model.expert_type=ffn --set model.routing_mode=topk --set model.num_experts=4 --set model.top_k=2 --set seed=3 --set method.name=ours --set train.steps=150 --set train.eval_every_steps=50 --set method.ours.use_load_norm=true --set method.ours.lambda_align=0.0001328949179 --set train.grad_clip=0.651383293 --set train.lr=1.6782406e-05 --set train.weight_decay=0.05 --out /home/zhujjing/MOE-grad-conflict-routing/runs/paper_suite/single_gpu/single_task/roberta_rte_ffn_e4_k2/hpo/ours/trial_runs/local_var_topk_005/ours_s3.json --curve_out /home/zhujjing/MOE-grad-conflict-routing/runs/paper_suite/single_gpu/single_task/roberta_rte_ffn_e4_k2/hpo/ours/trial_runs/local_var_topk_005/ours_s3_curve.csv
Using the latest cached version of the dataset since glue couldn't be found on the Hugging Face Hub (offline mode is enabled).
Found the latest cached dataset configuration 'rte' at /home/zhujjing/hf_cache/datasets/glue/rte/0.0.0/bcdcba79d07bc864c1c254ccfcedcce55bcc9a8c (last modified on Thu Mar 19 15:00:36 2026).
/home/zhujjing/anaconda3/envs/moe/lib/python3.10/site-packages/transformers/utils/hub.py:124: FutureWarning: Using `TRANSFORMERS_CACHE` is deprecated and will be removed in v5 of Transformers. Use `HF_HOME` instead.
  warnings.warn(
Some weights of RobertaModel were not initialized from the model checkpoint at roberta-base and are newly initialized: ['roberta.pooler.dense.bias', 'roberta.pooler.dense.weight']
You should probably TRAIN this model on a down-stream task to be able to use it for predictions and inference.
[step 0001/150] method=ours loss=0.6915 train_acc=nan train_loss=nan val_acc=nan val_loss=nan best=-1.0000
[step 0010/150] method=ours loss=0.6882 train_acc=nan train_loss=nan val_acc=nan val_loss=nan best=-1.0000
[step 0020/150] method=ours loss=0.7007 train_acc=nan train_loss=nan val_acc=nan val_loss=nan best=-1.0000
[step 0030/150] method=ours loss=0.6857 train_acc=nan train_loss=nan val_acc=nan val_loss=nan best=-1.0000
[step 0040/150] method=ours loss=0.6774 train_acc=nan train_loss=nan val_acc=nan val_loss=nan best=-1.0000
[step 0050/150] method=ours loss=0.6809 train_acc=0.5976 train_loss=0.6824 val_acc=0.5596 val_loss=0.6879 router_H=0.6717 best=0.5596
           router_load=[0.6018231511116028, 0.02121257223188877, 0.0, 0.3769643008708954]
[step 0060/150] method=ours loss=0.6410 train_acc=0.5976 train_loss=0.6824 val_acc=0.5596 val_loss=0.6879 router_H=0.6717 best=0.5596
           router_load=[0.6018231511116028, 0.02121257223188877, 0.0, 0.3769643008708954]
[step 0070/150] method=ours loss=0.7226 train_acc=0.5976 train_loss=0.6824 val_acc=0.5596 val_loss=0.6879 router_H=0.6717 best=0.5596
           router_load=[0.6018231511116028, 0.02121257223188877, 0.0, 0.3769643008708954]
[step 0080/150] method=ours loss=0.5896 train_acc=0.5976 train_loss=0.6824 val_acc=0.5596 val_loss=0.6879 router_H=0.6717 best=0.5596
           router_load=[0.6018231511116028, 0.02121257223188877, 0.0, 0.3769643008708954]
[step 0090/150] method=ours loss=0.5697 train_acc=0.5976 train_loss=0.6824 val_acc=0.5596 val_loss=0.6879 router_H=0.6717 best=0.5596
           router_load=[0.6018231511116028, 0.02121257223188877, 0.0, 0.3769643008708954]
[step 0100/150] method=ours loss=0.7440 train_acc=0.7016 train_loss=0.5903 val_acc=0.6859 val_loss=0.6072 router_H=0.5660 best=0.6859
           router_load=[0.7177950739860535, 0.029101988300681114, 0.013114775530993938, 0.2399880290031433]
[step 0110/150] method=ours loss=0.6185 train_acc=0.7016 train_loss=0.5903 val_acc=0.6859 val_loss=0.6072 router_H=0.5660 best=0.6859
           router_load=[0.7177950739860535, 0.029101988300681114, 0.013114775530993938, 0.2399880290031433]
[step 0120/150] method=ours loss=0.6841 train_acc=0.7016 train_loss=0.5903 val_acc=0.6859 val_loss=0.6072 router_H=0.5660 best=0.6859
           router_load=[0.7177950739860535, 0.029101988300681114, 0.013114775530993938, 0.2399880290031433]
[step 0130/150] method=ours loss=0.7459 train_acc=0.7016 train_loss=0.5903 val_acc=0.6859 val_loss=0.6072 router_H=0.5660 best=0.6859
           router_load=[0.7177950739860535, 0.029101988300681114, 0.013114775530993938, 0.2399880290031433]
[step 0140/150] method=ours loss=0.6618 train_acc=0.7016 train_loss=0.5903 val_acc=0.6859 val_loss=0.6072 router_H=0.5660 best=0.6859
           router_load=[0.7177950739860535, 0.029101988300681114, 0.013114775530993938, 0.2399880290031433]
[step 0150/150] method=ours loss=0.5770 train_acc=0.6855 train_loss=0.5927 val_acc=0.6534 val_loss=0.6204 router_H=0.5573 best=0.6859
           router_load=[0.7403460741043091, 0.18107329308986664, 0.0, 0.0785805806517601]
saved summary -> /home/zhujjing/MOE-grad-conflict-routing/runs/paper_suite/single_gpu/single_task/roberta_rte_ffn_e4_k2/hpo/ours/trial_runs/local_var_topk_005/ours_s3.json
saved curve -> /home/zhujjing/MOE-grad-conflict-routing/runs/paper_suite/single_gpu/single_task/roberta_rte_ffn_e4_k2/hpo/ours/trial_runs/local_var_topk_005/ours_s3_curve.csv
