[run] method=ours candidate=local_var_topk_021 seed=3 steps=150 gpu=0
[run] cmd=
/home/zhujjing/anaconda3/envs/moe/bin/python /home/zhujjing/MOE-grad-conflict-routing/scripts/run.py --config configs/singletask_rte_real.yaml --set model.backbone_backend=hf --set model.hf_load_pretrained=true --set model.backbone=roberta --set model.hf_pretrained_name=roberta-base --set model.expert_type=ffn --set model.routing_mode=topk --set model.num_experts=4 --set model.top_k=2 --set seed=3 --set method.name=ours --set train.steps=150 --set train.eval_every_steps=50 --set method.ours.use_load_norm=true --set method.ours.lambda_align=0.0001328949179 --set train.grad_clip=0.651383293 --set train.lr=6.7129625e-05 --set train.weight_decay=0.03322128284 --out /home/zhujjing/MOE-grad-conflict-routing/runs/paper_suite/single_gpu/single_task/roberta_rte_ffn_e4_k2/hpo/ours/trial_runs/local_var_topk_021/ours_s3.json --curve_out /home/zhujjing/MOE-grad-conflict-routing/runs/paper_suite/single_gpu/single_task/roberta_rte_ffn_e4_k2/hpo/ours/trial_runs/local_var_topk_021/ours_s3_curve.csv
Using the latest cached version of the dataset since glue couldn't be found on the Hugging Face Hub (offline mode is enabled).
Found the latest cached dataset configuration 'rte' at /home/zhujjing/hf_cache/datasets/glue/rte/0.0.0/bcdcba79d07bc864c1c254ccfcedcce55bcc9a8c (last modified on Thu Mar 19 15:00:36 2026).
/home/zhujjing/anaconda3/envs/moe/lib/python3.10/site-packages/transformers/utils/hub.py:124: FutureWarning: Using `TRANSFORMERS_CACHE` is deprecated and will be removed in v5 of Transformers. Use `HF_HOME` instead.
  warnings.warn(
Some weights of RobertaModel were not initialized from the model checkpoint at roberta-base and are newly initialized: ['roberta.pooler.dense.bias', 'roberta.pooler.dense.weight']
You should probably TRAIN this model on a down-stream task to be able to use it for predictions and inference.
[step 0001/150] method=ours loss=0.6922 train_acc=nan train_loss=nan val_acc=nan val_loss=nan best=-1.0000
[step 0010/150] method=ours loss=0.7019 train_acc=nan train_loss=nan val_acc=nan val_loss=nan best=-1.0000
[step 0020/150] method=ours loss=0.7158 train_acc=nan train_loss=nan val_acc=nan val_loss=nan best=-1.0000
[step 0030/150] method=ours loss=0.6762 train_acc=nan train_loss=nan val_acc=nan val_loss=nan best=-1.0000
[step 0040/150] method=ours loss=0.6738 train_acc=nan train_loss=nan val_acc=nan val_loss=nan best=-1.0000
[step 0050/150] method=ours loss=0.6807 train_acc=0.4984 train_loss=0.7024 val_acc=0.4729 val_loss=0.7125 router_H=0.6931 best=0.4729
           router_load=[0.4972376525402069, 0.007185408845543861, 0.0, 0.4955768883228302]
[step 0060/150] method=ours loss=0.6798 train_acc=0.4984 train_loss=0.7024 val_acc=0.4729 val_loss=0.7125 router_H=0.6931 best=0.4729
           router_load=[0.4972376525402069, 0.007185408845543861, 0.0, 0.4955768883228302]
[step 0070/150] method=ours loss=0.6939 train_acc=0.4984 train_loss=0.7024 val_acc=0.4729 val_loss=0.7125 router_H=0.6931 best=0.4729
           router_load=[0.4972376525402069, 0.007185408845543861, 0.0, 0.4955768883228302]
[step 0080/150] method=ours loss=0.6802 train_acc=0.4984 train_loss=0.7024 val_acc=0.4729 val_loss=0.7125 router_H=0.6931 best=0.4729
           router_load=[0.4972376525402069, 0.007185408845543861, 0.0, 0.4955768883228302]
[step 0090/150] method=ours loss=0.6871 train_acc=0.4984 train_loss=0.7024 val_acc=0.4729 val_loss=0.7125 router_H=0.6931 best=0.4729
           router_load=[0.4972376525402069, 0.007185408845543861, 0.0, 0.4955768883228302]
[step 0100/150] method=ours loss=0.7315 train_acc=0.4984 train_loss=0.6946 val_acc=0.4729 val_loss=0.6981 router_H=0.6922 best=0.4729
           router_load=[0.5212193131446838, 0.0, 0.0, 0.47878074645996094]
[step 0110/150] method=ours loss=0.6520 train_acc=0.4984 train_loss=0.6946 val_acc=0.4729 val_loss=0.6981 router_H=0.6922 best=0.4729
           router_load=[0.5212193131446838, 0.0, 0.0, 0.47878074645996094]
[step 0120/150] method=ours loss=0.6666 train_acc=0.4984 train_loss=0.6946 val_acc=0.4729 val_loss=0.6981 router_H=0.6922 best=0.4729
           router_load=[0.5212193131446838, 0.0, 0.0, 0.47878074645996094]
[step 0130/150] method=ours loss=0.6866 train_acc=0.4984 train_loss=0.6946 val_acc=0.4729 val_loss=0.6981 router_H=0.6922 best=0.4729
           router_load=[0.5212193131446838, 0.0, 0.0, 0.47878074645996094]
[step 0140/150] method=ours loss=0.7218 train_acc=0.4984 train_loss=0.6946 val_acc=0.4729 val_loss=0.6981 router_H=0.6922 best=0.4729
           router_load=[0.5212193131446838, 0.0, 0.0, 0.47878074645996094]
[step 0150/150] method=ours loss=0.7381 train_acc=0.4984 train_loss=0.6977 val_acc=0.4729 val_loss=0.7043 router_H=0.6900 best=0.4729
           router_load=[0.5397787094116211, 0.46022123098373413, 0.0, 0.0]
saved summary -> /home/zhujjing/MOE-grad-conflict-routing/runs/paper_suite/single_gpu/single_task/roberta_rte_ffn_e4_k2/hpo/ours/trial_runs/local_var_topk_021/ours_s3.json
saved curve -> /home/zhujjing/MOE-grad-conflict-routing/runs/paper_suite/single_gpu/single_task/roberta_rte_ffn_e4_k2/hpo/ours/trial_runs/local_var_topk_021/ours_s3_curve.csv
