[run] method=ours candidate=local_var_topk_013 seed=2 steps=150 gpu=0
[run] cmd=
/home/zhujjing/anaconda3/envs/moe/bin/python /home/zhujjing/MOE-grad-conflict-routing/scripts/run.py --config configs/singletask_rte_real.yaml --set model.backbone_backend=hf --set model.hf_load_pretrained=true --set model.backbone=roberta --set model.hf_pretrained_name=roberta-base --set model.expert_type=ffn --set model.routing_mode=topk --set model.num_experts=4 --set model.top_k=2 --set seed=2 --set method.name=ours --set train.steps=150 --set train.eval_every_steps=50 --set method.ours.use_load_norm=true --set method.ours.lambda_align=0.0001328949179 --set train.grad_clip=0.651383293 --set train.lr=3.3564812e-05 --set train.weight_decay=0.04322128284 --out /home/zhujjing/MOE-grad-conflict-routing/runs/paper_suite/single_gpu/single_task/roberta_rte_ffn_e4_k2/hpo/ours/trial_runs/local_var_topk_013/ours_s2.json --curve_out /home/zhujjing/MOE-grad-conflict-routing/runs/paper_suite/single_gpu/single_task/roberta_rte_ffn_e4_k2/hpo/ours/trial_runs/local_var_topk_013/ours_s2_curve.csv
Using the latest cached version of the dataset since glue couldn't be found on the Hugging Face Hub (offline mode is enabled).
Found the latest cached dataset configuration 'rte' at /home/zhujjing/hf_cache/datasets/glue/rte/0.0.0/bcdcba79d07bc864c1c254ccfcedcce55bcc9a8c (last modified on Thu Mar 19 15:00:36 2026).
/home/zhujjing/anaconda3/envs/moe/lib/python3.10/site-packages/transformers/utils/hub.py:124: FutureWarning: Using `TRANSFORMERS_CACHE` is deprecated and will be removed in v5 of Transformers. Use `HF_HOME` instead.
  warnings.warn(
Some weights of RobertaModel were not initialized from the model checkpoint at roberta-base and are newly initialized: ['roberta.pooler.dense.bias', 'roberta.pooler.dense.weight']
You should probably TRAIN this model on a down-stream task to be able to use it for predictions and inference.
[step 0001/150] method=ours loss=0.6953 train_acc=nan train_loss=nan val_acc=nan val_loss=nan best=-1.0000
[step 0010/150] method=ours loss=0.7613 train_acc=nan train_loss=nan val_acc=nan val_loss=nan best=-1.0000
[step 0020/150] method=ours loss=0.6825 train_acc=nan train_loss=nan val_acc=nan val_loss=nan best=-1.0000
[step 0030/150] method=ours loss=0.6562 train_acc=nan train_loss=nan val_acc=nan val_loss=nan best=-1.0000
[step 0040/150] method=ours loss=0.7310 train_acc=nan train_loss=nan val_acc=nan val_loss=nan best=-1.0000
[step 0050/150] method=ours loss=0.5064 train_acc=0.5410 train_loss=0.7189 val_acc=0.5523 val_loss=0.7099 router_H=0.4879 best=0.5523
           router_load=[0.035860538482666016, 0.1657448410987854, 0.7850167751312256, 0.0133779626339674]
[step 0060/150] method=ours loss=0.6301 train_acc=0.5410 train_loss=0.7189 val_acc=0.5523 val_loss=0.7099 router_H=0.4879 best=0.5523
           router_load=[0.035860538482666016, 0.1657448410987854, 0.7850167751312256, 0.0133779626339674]
[step 0070/150] method=ours loss=0.6483 train_acc=0.5410 train_loss=0.7189 val_acc=0.5523 val_loss=0.7099 router_H=0.4879 best=0.5523
           router_load=[0.035860538482666016, 0.1657448410987854, 0.7850167751312256, 0.0133779626339674]
[step 0080/150] method=ours loss=0.7350 train_acc=0.5410 train_loss=0.7189 val_acc=0.5523 val_loss=0.7099 router_H=0.4879 best=0.5523
           router_load=[0.035860538482666016, 0.1657448410987854, 0.7850167751312256, 0.0133779626339674]
[step 0090/150] method=ours loss=0.7421 train_acc=0.5410 train_loss=0.7189 val_acc=0.5523 val_loss=0.7099 router_H=0.4879 best=0.5523
           router_load=[0.035860538482666016, 0.1657448410987854, 0.7850167751312256, 0.0133779626339674]
[step 0100/150] method=ours loss=0.6583 train_acc=0.7100 train_loss=0.6263 val_acc=0.6570 val_loss=0.6505 router_H=0.6458 best=0.6570
           router_load=[0.16816918551921844, 0.19454534351825714, 0.6372854113578796, 0.0]
[step 0110/150] method=ours loss=0.5830 train_acc=0.7100 train_loss=0.6263 val_acc=0.6570 val_loss=0.6505 router_H=0.6458 best=0.6570
           router_load=[0.16816918551921844, 0.19454534351825714, 0.6372854113578796, 0.0]
[step 0120/150] method=ours loss=0.5015 train_acc=0.7100 train_loss=0.6263 val_acc=0.6570 val_loss=0.6505 router_H=0.6458 best=0.6570
           router_load=[0.16816918551921844, 0.19454534351825714, 0.6372854113578796, 0.0]
[step 0130/150] method=ours loss=0.7144 train_acc=0.7100 train_loss=0.6263 val_acc=0.6570 val_loss=0.6505 router_H=0.6458 best=0.6570
           router_load=[0.16816918551921844, 0.19454534351825714, 0.6372854113578796, 0.0]
[step 0140/150] method=ours loss=0.5741 train_acc=0.7100 train_loss=0.6263 val_acc=0.6570 val_loss=0.6505 router_H=0.6458 best=0.6570
           router_load=[0.16816918551921844, 0.19454534351825714, 0.6372854113578796, 0.0]
[step 0150/150] method=ours loss=0.7358 train_acc=0.7394 train_loss=0.5904 val_acc=0.6318 val_loss=0.6552 router_H=0.5696 best=0.6570
           router_load=[0.06576987355947495, 0.1644560545682907, 0.7159764766693115, 0.05379771813750267]
saved summary -> /home/zhujjing/MOE-grad-conflict-routing/runs/paper_suite/single_gpu/single_task/roberta_rte_ffn_e4_k2/hpo/ours/trial_runs/local_var_topk_013/ours_s2.json
saved curve -> /home/zhujjing/MOE-grad-conflict-routing/runs/paper_suite/single_gpu/single_task/roberta_rte_ffn_e4_k2/hpo/ours/trial_runs/local_var_topk_013/ours_s2_curve.csv
