[run] method=ours candidate=local_var_topk_019 seed=2 steps=150 gpu=0
[run] cmd=
/home/zhujjing/anaconda3/envs/moe/bin/python /home/zhujjing/MOE-grad-conflict-routing/scripts/run.py --config configs/singletask_rte_real.yaml --set model.backbone_backend=hf --set model.hf_load_pretrained=true --set model.backbone=roberta --set model.hf_pretrained_name=roberta-base --set model.expert_type=ffn --set model.routing_mode=topk --set model.num_experts=4 --set model.top_k=2 --set seed=2 --set method.name=ours --set train.steps=150 --set train.eval_every_steps=50 --set method.ours.use_load_norm=true --set method.ours.lambda_align=0.0001328949179 --set train.grad_clip=0.5 --set train.lr=6.7129625e-05 --set train.weight_decay=0.04322128284 --out /home/zhujjing/MOE-grad-conflict-routing/runs/paper_suite/single_gpu/single_task/roberta_rte_ffn_e4_k2/hpo/ours/trial_runs/local_var_topk_019/ours_s2.json --curve_out /home/zhujjing/MOE-grad-conflict-routing/runs/paper_suite/single_gpu/single_task/roberta_rte_ffn_e4_k2/hpo/ours/trial_runs/local_var_topk_019/ours_s2_curve.csv
Using the latest cached version of the dataset since glue couldn't be found on the Hugging Face Hub (offline mode is enabled).
Found the latest cached dataset configuration 'rte' at /home/zhujjing/hf_cache/datasets/glue/rte/0.0.0/bcdcba79d07bc864c1c254ccfcedcce55bcc9a8c (last modified on Thu Mar 19 15:00:36 2026).
/home/zhujjing/anaconda3/envs/moe/lib/python3.10/site-packages/transformers/utils/hub.py:124: FutureWarning: Using `TRANSFORMERS_CACHE` is deprecated and will be removed in v5 of Transformers. Use `HF_HOME` instead.
  warnings.warn(
Some weights of RobertaModel were not initialized from the model checkpoint at roberta-base and are newly initialized: ['roberta.pooler.dense.bias', 'roberta.pooler.dense.weight']
You should probably TRAIN this model on a down-stream task to be able to use it for predictions and inference.
[step 0001/150] method=ours loss=0.6931 train_acc=nan train_loss=nan val_acc=nan val_loss=nan best=-1.0000
[step 0010/150] method=ours loss=0.9529 train_acc=nan train_loss=nan val_acc=nan val_loss=nan best=-1.0000
[step 0020/150] method=ours loss=0.7237 train_acc=nan train_loss=nan val_acc=nan val_loss=nan best=-1.0000
[step 0030/150] method=ours loss=0.7049 train_acc=nan train_loss=nan val_acc=nan val_loss=nan best=-1.0000
[step 0040/150] method=ours loss=0.6763 train_acc=nan train_loss=nan val_acc=nan val_loss=nan best=-1.0000
[step 0050/150] method=ours loss=0.6363 train_acc=0.5016 train_loss=0.7010 val_acc=0.5271 val_loss=0.6919 router_H=0.6931 best=0.5271
           router_load=[0.49530476331710815, 0.0, 0.0, 0.5046952366828918]
[step 0060/150] method=ours loss=0.6939 train_acc=0.5016 train_loss=0.7010 val_acc=0.5271 val_loss=0.6919 router_H=0.6931 best=0.5271
           router_load=[0.49530476331710815, 0.0, 0.0, 0.5046952366828918]
[step 0070/150] method=ours loss=0.7043 train_acc=0.5016 train_loss=0.7010 val_acc=0.5271 val_loss=0.6919 router_H=0.6931 best=0.5271
           router_load=[0.49530476331710815, 0.0, 0.0, 0.5046952366828918]
[step 0080/150] method=ours loss=0.7336 train_acc=0.5016 train_loss=0.7010 val_acc=0.5271 val_loss=0.6919 router_H=0.6931 best=0.5271
           router_load=[0.49530476331710815, 0.0, 0.0, 0.5046952366828918]
[step 0090/150] method=ours loss=0.7286 train_acc=0.5016 train_loss=0.7010 val_acc=0.5271 val_loss=0.6919 router_H=0.6931 best=0.5271
           router_load=[0.49530476331710815, 0.0, 0.0, 0.5046952366828918]
[step 0100/150] method=ours loss=0.6918 train_acc=0.4984 train_loss=0.6932 val_acc=0.4729 val_loss=0.6939 router_H=0.6760 best=0.5271
           router_load=[0.5922838449478149, 0.0, 0.0, 0.40771612524986267]
[step 0110/150] method=ours loss=0.6707 train_acc=0.4984 train_loss=0.6932 val_acc=0.4729 val_loss=0.6939 router_H=0.6760 best=0.5271
           router_load=[0.5922838449478149, 0.0, 0.0, 0.40771612524986267]
[step 0120/150] method=ours loss=0.7067 train_acc=0.4984 train_loss=0.6932 val_acc=0.4729 val_loss=0.6939 router_H=0.6760 best=0.5271
           router_load=[0.5922838449478149, 0.0, 0.0, 0.40771612524986267]
[step 0130/150] method=ours loss=0.6892 train_acc=0.4984 train_loss=0.6932 val_acc=0.4729 val_loss=0.6939 router_H=0.6760 best=0.5271
           router_load=[0.5922838449478149, 0.0, 0.0, 0.40771612524986267]
[step 0140/150] method=ours loss=0.6611 train_acc=0.4984 train_loss=0.6932 val_acc=0.4729 val_loss=0.6939 router_H=0.6760 best=0.5271
           router_load=[0.5922838449478149, 0.0, 0.0, 0.40771612524986267]
[step 0150/150] method=ours loss=0.6870 train_acc=0.4984 train_loss=0.6944 val_acc=0.4729 val_loss=0.6977 router_H=0.6839 best=0.5271
           router_load=[0.5678450465202332, 0.0, 0.0, 0.43215498328208923]
saved summary -> /home/zhujjing/MOE-grad-conflict-routing/runs/paper_suite/single_gpu/single_task/roberta_rte_ffn_e4_k2/hpo/ours/trial_runs/local_var_topk_019/ours_s2.json
saved curve -> /home/zhujjing/MOE-grad-conflict-routing/runs/paper_suite/single_gpu/single_task/roberta_rte_ffn_e4_k2/hpo/ours/trial_runs/local_var_topk_019/ours_s2_curve.csv
