[run] method=ours candidate=local_var_topk_006 seed=2 steps=150 gpu=0
[run] cmd=
/home/zhujjing/anaconda3/envs/moe/bin/python /home/zhujjing/MOE-grad-conflict-routing/scripts/run.py --config configs/singletask_rte_real.yaml --set model.backbone_backend=hf --set model.hf_load_pretrained=true --set model.backbone=roberta --set model.hf_pretrained_name=roberta-base --set model.expert_type=ffn --set model.routing_mode=topk --set model.num_experts=4 --set model.top_k=2 --set seed=2 --set method.name=ours --set train.steps=150 --set train.eval_every_steps=50 --set method.ours.use_load_norm=true --set method.ours.lambda_align=0.0001328949179 --set train.grad_clip=0.951383293 --set train.lr=1.6782406e-05 --set train.weight_decay=0.03322128284 --out /home/zhujjing/MOE-grad-conflict-routing/runs/paper_suite/single_gpu/single_task/roberta_rte_ffn_e4_k2/hpo/ours/trial_runs/local_var_topk_006/ours_s2.json --curve_out /home/zhujjing/MOE-grad-conflict-routing/runs/paper_suite/single_gpu/single_task/roberta_rte_ffn_e4_k2/hpo/ours/trial_runs/local_var_topk_006/ours_s2_curve.csv
Using the latest cached version of the dataset since glue couldn't be found on the Hugging Face Hub (offline mode is enabled).
Found the latest cached dataset configuration 'rte' at /home/zhujjing/hf_cache/datasets/glue/rte/0.0.0/bcdcba79d07bc864c1c254ccfcedcce55bcc9a8c (last modified on Thu Mar 19 15:00:36 2026).
/home/zhujjing/anaconda3/envs/moe/lib/python3.10/site-packages/transformers/utils/hub.py:124: FutureWarning: Using `TRANSFORMERS_CACHE` is deprecated and will be removed in v5 of Transformers. Use `HF_HOME` instead.
  warnings.warn(
Some weights of RobertaModel were not initialized from the model checkpoint at roberta-base and are newly initialized: ['roberta.pooler.dense.bias', 'roberta.pooler.dense.weight']
You should probably TRAIN this model on a down-stream task to be able to use it for predictions and inference.
[step 0001/150] method=ours loss=0.7032 train_acc=nan train_loss=nan val_acc=nan val_loss=nan best=-1.0000
[step 0010/150] method=ours loss=0.7161 train_acc=nan train_loss=nan val_acc=nan val_loss=nan best=-1.0000
[step 0020/150] method=ours loss=0.6828 train_acc=nan train_loss=nan val_acc=nan val_loss=nan best=-1.0000
[step 0030/150] method=ours loss=0.6866 train_acc=nan train_loss=nan val_acc=nan val_loss=nan best=-1.0000
[step 0040/150] method=ours loss=0.6861 train_acc=nan train_loss=nan val_acc=nan val_loss=nan best=-1.0000
[step 0050/150] method=ours loss=0.5838 train_acc=0.5072 train_loss=0.6794 val_acc=0.5271 val_loss=0.6855 router_H=0.6743 best=0.5271
           router_load=[0.23091132938861847, 0.17818602919578552, 0.5909028053283691, 0.0]
[step 0060/150] method=ours loss=0.6541 train_acc=0.5072 train_loss=0.6794 val_acc=0.5271 val_loss=0.6855 router_H=0.6743 best=0.5271
           router_load=[0.23091132938861847, 0.17818602919578552, 0.5909028053283691, 0.0]
[step 0070/150] method=ours loss=0.6676 train_acc=0.5072 train_loss=0.6794 val_acc=0.5271 val_loss=0.6855 router_H=0.6743 best=0.5271
           router_load=[0.23091132938861847, 0.17818602919578552, 0.5909028053283691, 0.0]
[step 0080/150] method=ours loss=0.6960 train_acc=0.5072 train_loss=0.6794 val_acc=0.5271 val_loss=0.6855 router_H=0.6743 best=0.5271
           router_load=[0.23091132938861847, 0.17818602919578552, 0.5909028053283691, 0.0]
[step 0090/150] method=ours loss=0.7898 train_acc=0.5072 train_loss=0.6794 val_acc=0.5271 val_loss=0.6855 router_H=0.6743 best=0.5271
           router_load=[0.23091132938861847, 0.17818602919578552, 0.5909028053283691, 0.0]
[step 0100/150] method=ours loss=0.6820 train_acc=0.6084 train_loss=0.6615 val_acc=0.5704 val_loss=0.6787 router_H=0.6774 best=0.5704
           router_load=[0.4119603633880615, 0.0028072604909539223, 0.5837523341178894, 0.001480107195675373]
[step 0110/150] method=ours loss=0.6481 train_acc=0.6084 train_loss=0.6615 val_acc=0.5704 val_loss=0.6787 router_H=0.6774 best=0.5704
           router_load=[0.4119603633880615, 0.0028072604909539223, 0.5837523341178894, 0.001480107195675373]
[step 0120/150] method=ours loss=0.6359 train_acc=0.6084 train_loss=0.6615 val_acc=0.5704 val_loss=0.6787 router_H=0.6774 best=0.5704
           router_load=[0.4119603633880615, 0.0028072604909539223, 0.5837523341178894, 0.001480107195675373]
[step 0130/150] method=ours loss=0.6241 train_acc=0.6084 train_loss=0.6615 val_acc=0.5704 val_loss=0.6787 router_H=0.6774 best=0.5704
           router_load=[0.4119603633880615, 0.0028072604909539223, 0.5837523341178894, 0.001480107195675373]
[step 0140/150] method=ours loss=0.6046 train_acc=0.6084 train_loss=0.6615 val_acc=0.5704 val_loss=0.6787 router_H=0.6774 best=0.5704
           router_load=[0.4119603633880615, 0.0028072604909539223, 0.5837523341178894, 0.001480107195675373]
[step 0150/150] method=ours loss=0.7046 train_acc=0.6956 train_loss=0.6301 val_acc=0.6823 val_loss=0.6474 router_H=0.6850 best=0.6823
           router_load=[0.4421502351760864, 0.0, 0.5537114143371582, 0.004138246178627014]
saved summary -> /home/zhujjing/MOE-grad-conflict-routing/runs/paper_suite/single_gpu/single_task/roberta_rte_ffn_e4_k2/hpo/ours/trial_runs/local_var_topk_006/ours_s2.json
saved curve -> /home/zhujjing/MOE-grad-conflict-routing/runs/paper_suite/single_gpu/single_task/roberta_rte_ffn_e4_k2/hpo/ours/trial_runs/local_var_topk_006/ours_s2_curve.csv
