[run] method=cagrad candidate=coord_05_method_baseline_cagrad_inner_lr_001 seed=3 steps=150 gpu=0
[run] cmd=
/home/zhujjing/anaconda3/envs/moe/bin/python /home/zhujjing/MOE-grad-conflict-routing/scripts/run.py --config configs/singletask_sst2_real.yaml --set model.backbone_backend=hf --set model.hf_load_pretrained=true --set model.backbone=roberta --set model.hf_pretrained_name=roberta-base --set model.expert_type=lora --set model.routing_mode=topk --set model.num_experts=4 --set model.top_k=2 --set seed=3 --set method.name=baseline_cagrad --set train.steps=150 --set train.eval_every_steps=50 --set method.baseline_cagrad.c=0.1187523056 --set method.baseline_cagrad.inner_lr=0.07654088955 --set train.grad_clip=1.016176527 --set train.lr=2e-05 --set train.weight_decay=0.02884869601 --out /home/zhujjing/MOE-grad-conflict-routing/runs/paper_suite/single_gpu/single_task/roberta_sst2_lora_e4_k2/hpo/cagrad/trial_runs/coord_05_method_baseline_cagrad_inner_lr_001/cagrad_s3.json --curve_out /home/zhujjing/MOE-grad-conflict-routing/runs/paper_suite/single_gpu/single_task/roberta_sst2_lora_e4_k2/hpo/cagrad/trial_runs/coord_05_method_baseline_cagrad_inner_lr_001/cagrad_s3_curve.csv
Using the latest cached version of the dataset since glue couldn't be found on the Hugging Face Hub (offline mode is enabled).
Found the latest cached dataset configuration 'sst2' at /home/zhujjing/hf_cache/datasets/glue/sst2/0.0.0/bcdcba79d07bc864c1c254ccfcedcce55bcc9a8c (last modified on Thu Mar 19 15:01:41 2026).
/home/zhujjing/anaconda3/envs/moe/lib/python3.10/site-packages/transformers/utils/hub.py:124: FutureWarning: Using `TRANSFORMERS_CACHE` is deprecated and will be removed in v5 of Transformers. Use `HF_HOME` instead.
  warnings.warn(
Some weights of RobertaModel were not initialized from the model checkpoint at roberta-base and are newly initialized: ['roberta.pooler.dense.bias', 'roberta.pooler.dense.weight']
You should probably TRAIN this model on a down-stream task to be able to use it for predictions and inference.
[step 0001/150] method=baseline_cagrad loss=0.6758 train_acc=nan train_loss=nan val_acc=nan val_loss=nan best=-1.0000
[step 0010/150] method=baseline_cagrad loss=0.6081 train_acc=nan train_loss=nan val_acc=nan val_loss=nan best=-1.0000
[step 0020/150] method=baseline_cagrad loss=0.5522 train_acc=nan train_loss=nan val_acc=nan val_loss=nan best=-1.0000
[step 0030/150] method=baseline_cagrad loss=0.4773 train_acc=nan train_loss=nan val_acc=nan val_loss=nan best=-1.0000
[step 0040/150] method=baseline_cagrad loss=0.4492 train_acc=nan train_loss=nan val_acc=nan val_loss=nan best=-1.0000
[step 0050/150] method=baseline_cagrad loss=0.7371 train_acc=0.8639 train_loss=0.3504 val_acc=0.8567 val_loss=0.3518 router_H=0.6853 best=0.8567
           router_load=[0.232957661151886, 0.3048877418041229, 0.3112289011478424, 0.15092557668685913]
[step 0060/150] method=baseline_cagrad loss=0.3536 train_acc=0.8639 train_loss=0.3504 val_acc=0.8567 val_loss=0.3518 router_H=0.6853 best=0.8567
           router_load=[0.232957661151886, 0.3048877418041229, 0.3112289011478424, 0.15092557668685913]
[step 0070/150] method=baseline_cagrad loss=0.4277 train_acc=0.8639 train_loss=0.3504 val_acc=0.8567 val_loss=0.3518 router_H=0.6853 best=0.8567
           router_load=[0.232957661151886, 0.3048877418041229, 0.3112289011478424, 0.15092557668685913]
[step 0080/150] method=baseline_cagrad loss=0.2034 train_acc=0.8639 train_loss=0.3504 val_acc=0.8567 val_loss=0.3518 router_H=0.6853 best=0.8567
           router_load=[0.232957661151886, 0.3048877418041229, 0.3112289011478424, 0.15092557668685913]
[step 0090/150] method=baseline_cagrad loss=0.3362 train_acc=0.8639 train_loss=0.3504 val_acc=0.8567 val_loss=0.3518 router_H=0.6853 best=0.8567
           router_load=[0.232957661151886, 0.3048877418041229, 0.3112289011478424, 0.15092557668685913]
[step 0100/150] method=baseline_cagrad loss=0.4658 train_acc=0.8645 train_loss=0.3432 val_acc=0.8853 val_loss=0.2801 router_H=0.6775 best=0.8853
           router_load=[0.2123185396194458, 0.4202044904232025, 0.24355579912662506, 0.12392127513885498]
[step 0110/150] method=baseline_cagrad loss=0.3875 train_acc=0.8645 train_loss=0.3432 val_acc=0.8853 val_loss=0.2801 router_H=0.6775 best=0.8853
           router_load=[0.2123185396194458, 0.4202044904232025, 0.24355579912662506, 0.12392127513885498]
[step 0120/150] method=baseline_cagrad loss=0.3549 train_acc=0.8645 train_loss=0.3432 val_acc=0.8853 val_loss=0.2801 router_H=0.6775 best=0.8853
           router_load=[0.2123185396194458, 0.4202044904232025, 0.24355579912662506, 0.12392127513885498]
[step 0130/150] method=baseline_cagrad loss=0.9300 train_acc=0.8645 train_loss=0.3432 val_acc=0.8853 val_loss=0.2801 router_H=0.6775 best=0.8853
           router_load=[0.2123185396194458, 0.4202044904232025, 0.24355579912662506, 0.12392127513885498]
[step 0140/150] method=baseline_cagrad loss=0.2053 train_acc=0.8645 train_loss=0.3432 val_acc=0.8853 val_loss=0.2801 router_H=0.6775 best=0.8853
           router_load=[0.2123185396194458, 0.4202044904232025, 0.24355579912662506, 0.12392127513885498]
[step 0150/150] method=baseline_cagrad loss=0.1744 train_acc=0.8929 train_loss=0.2844 val_acc=0.8842 val_loss=0.2755 router_H=0.6782 best=0.8853
           router_load=[0.30444175004959106, 0.3581535518169403, 0.2535398304462433, 0.08386484533548355]
saved summary -> /home/zhujjing/MOE-grad-conflict-routing/runs/paper_suite/single_gpu/single_task/roberta_sst2_lora_e4_k2/hpo/cagrad/trial_runs/coord_05_method_baseline_cagrad_inner_lr_001/cagrad_s3.json
saved curve -> /home/zhujjing/MOE-grad-conflict-routing/runs/paper_suite/single_gpu/single_task/roberta_sst2_lora_e4_k2/hpo/cagrad/trial_runs/coord_05_method_baseline_cagrad_inner_lr_001/cagrad_s3_curve.csv
