[run] method=cagrad candidate=coord_05_method_baseline_cagrad_inner_lr_012 seed=2 steps=150 gpu=0
[run] cmd=
/home/zhujjing/anaconda3/envs/moe/bin/python /home/zhujjing/MOE-grad-conflict-routing/scripts/run.py --config configs/singletask_sst2_real.yaml --set model.backbone_backend=hf --set model.hf_load_pretrained=true --set model.backbone=roberta --set model.hf_pretrained_name=roberta-base --set model.expert_type=lora --set model.routing_mode=topk --set model.num_experts=4 --set model.top_k=2 --set seed=2 --set method.name=baseline_cagrad --set train.steps=150 --set train.eval_every_steps=50 --set method.baseline_cagrad.c=0.1187523056 --set method.baseline_cagrad.inner_lr=0.1055132234 --set train.grad_clip=1.016176527 --set train.lr=2e-05 --set train.weight_decay=0.02884869601 --out /home/zhujjing/MOE-grad-conflict-routing/runs/paper_suite/single_gpu/single_task/roberta_sst2_lora_e4_k2/hpo/cagrad/trial_runs/coord_05_method_baseline_cagrad_inner_lr_012/cagrad_s2.json --curve_out /home/zhujjing/MOE-grad-conflict-routing/runs/paper_suite/single_gpu/single_task/roberta_sst2_lora_e4_k2/hpo/cagrad/trial_runs/coord_05_method_baseline_cagrad_inner_lr_012/cagrad_s2_curve.csv
Using the latest cached version of the dataset since glue couldn't be found on the Hugging Face Hub (offline mode is enabled).
Found the latest cached dataset configuration 'sst2' at /home/zhujjing/hf_cache/datasets/glue/sst2/0.0.0/bcdcba79d07bc864c1c254ccfcedcce55bcc9a8c (last modified on Thu Mar 19 15:01:41 2026).
/home/zhujjing/anaconda3/envs/moe/lib/python3.10/site-packages/transformers/utils/hub.py:124: FutureWarning: Using `TRANSFORMERS_CACHE` is deprecated and will be removed in v5 of Transformers. Use `HF_HOME` instead.
  warnings.warn(
Some weights of RobertaModel were not initialized from the model checkpoint at roberta-base and are newly initialized: ['roberta.pooler.dense.bias', 'roberta.pooler.dense.weight']
You should probably TRAIN this model on a down-stream task to be able to use it for predictions and inference.
[step 0001/150] method=baseline_cagrad loss=0.6657 train_acc=nan train_loss=nan val_acc=nan val_loss=nan best=-1.0000
[step 0010/150] method=baseline_cagrad loss=0.7019 train_acc=nan train_loss=nan val_acc=nan val_loss=nan best=-1.0000
[step 0020/150] method=baseline_cagrad loss=0.5929 train_acc=nan train_loss=nan val_acc=nan val_loss=nan best=-1.0000
[step 0030/150] method=baseline_cagrad loss=0.2118 train_acc=nan train_loss=nan val_acc=nan val_loss=nan best=-1.0000
[step 0040/150] method=baseline_cagrad loss=0.0632 train_acc=nan train_loss=nan val_acc=nan val_loss=nan best=-1.0000
[step 0050/150] method=baseline_cagrad loss=0.6157 train_acc=0.8588 train_loss=0.4196 val_acc=0.8670 val_loss=0.3974 router_H=0.6887 best=0.8670
           router_load=[0.06788529455661774, 0.48384207487106323, 0.43959373235702515, 0.008678894490003586]
[step 0060/150] method=baseline_cagrad loss=0.5097 train_acc=0.8588 train_loss=0.4196 val_acc=0.8670 val_loss=0.3974 router_H=0.6887 best=0.8670
           router_load=[0.06788529455661774, 0.48384207487106323, 0.43959373235702515, 0.008678894490003586]
[step 0070/150] method=baseline_cagrad loss=0.5010 train_acc=0.8588 train_loss=0.4196 val_acc=0.8670 val_loss=0.3974 router_H=0.6887 best=0.8670
           router_load=[0.06788529455661774, 0.48384207487106323, 0.43959373235702515, 0.008678894490003586]
[step 0080/150] method=baseline_cagrad loss=0.5197 train_acc=0.8588 train_loss=0.4196 val_acc=0.8670 val_loss=0.3974 router_H=0.6887 best=0.8670
           router_load=[0.06788529455661774, 0.48384207487106323, 0.43959373235702515, 0.008678894490003586]
[step 0090/150] method=baseline_cagrad loss=0.2866 train_acc=0.8588 train_loss=0.4196 val_acc=0.8670 val_loss=0.3974 router_H=0.6887 best=0.8670
           router_load=[0.06788529455661774, 0.48384207487106323, 0.43959373235702515, 0.008678894490003586]
[step 0100/150] method=baseline_cagrad loss=0.4172 train_acc=0.8504 train_loss=0.3588 val_acc=0.8154 val_loss=0.4290 router_H=0.6856 best=0.8670
           router_load=[0.054033346474170685, 0.5332050323486328, 0.41221797466278076, 0.0005436757928691804]
[step 0110/150] method=baseline_cagrad loss=0.3030 train_acc=0.8504 train_loss=0.3588 val_acc=0.8154 val_loss=0.4290 router_H=0.6856 best=0.8670
           router_load=[0.054033346474170685, 0.5332050323486328, 0.41221797466278076, 0.0005436757928691804]
[step 0120/150] method=baseline_cagrad loss=0.7044 train_acc=0.8504 train_loss=0.3588 val_acc=0.8154 val_loss=0.4290 router_H=0.6856 best=0.8670
           router_load=[0.054033346474170685, 0.5332050323486328, 0.41221797466278076, 0.0005436757928691804]
[step 0130/150] method=baseline_cagrad loss=0.2455 train_acc=0.8504 train_loss=0.3588 val_acc=0.8154 val_loss=0.4290 router_H=0.6856 best=0.8670
           router_load=[0.054033346474170685, 0.5332050323486328, 0.41221797466278076, 0.0005436757928691804]
[step 0140/150] method=baseline_cagrad loss=0.4695 train_acc=0.8504 train_loss=0.3588 val_acc=0.8154 val_loss=0.4290 router_H=0.6856 best=0.8670
           router_load=[0.054033346474170685, 0.5332050323486328, 0.41221797466278076, 0.0005436757928691804]
[step 0150/150] method=baseline_cagrad loss=0.7755 train_acc=0.8798 train_loss=0.3172 val_acc=0.9002 val_loss=0.2712 router_H=0.6870 best=0.9002
           router_load=[0.22718212008476257, 0.48507454991340637, 0.26513081789016724, 0.02261235937476158]
saved summary -> /home/zhujjing/MOE-grad-conflict-routing/runs/paper_suite/single_gpu/single_task/roberta_sst2_lora_e4_k2/hpo/cagrad/trial_runs/coord_05_method_baseline_cagrad_inner_lr_012/cagrad_s2.json
saved curve -> /home/zhujjing/MOE-grad-conflict-routing/runs/paper_suite/single_gpu/single_task/roberta_sst2_lora_e4_k2/hpo/cagrad/trial_runs/coord_05_method_baseline_cagrad_inner_lr_012/cagrad_s2_curve.csv
