[run] method=cagrad candidate=coord_05_method_baseline_cagrad_inner_lr_003 seed=2 steps=150 gpu=0
[run] cmd=
/home/zhujjing/anaconda3/envs/moe/bin/python /home/zhujjing/MOE-grad-conflict-routing/scripts/run.py --config configs/singletask_sst2_real.yaml --set model.backbone_backend=hf --set model.hf_load_pretrained=true --set model.backbone=roberta --set model.hf_pretrained_name=roberta-base --set model.expert_type=lora --set model.routing_mode=topk --set model.num_experts=4 --set model.top_k=2 --set seed=2 --set method.name=baseline_cagrad --set train.steps=150 --set train.eval_every_steps=50 --set method.baseline_cagrad.c=0.1187523056 --set method.baseline_cagrad.inner_lr=0.09532402385 --set train.grad_clip=1.016176527 --set train.lr=2e-05 --set train.weight_decay=0.02884869601 --out /home/zhujjing/MOE-grad-conflict-routing/runs/paper_suite/single_gpu/single_task/roberta_sst2_lora_e4_k2/hpo/cagrad/trial_runs/coord_05_method_baseline_cagrad_inner_lr_003/cagrad_s2.json --curve_out /home/zhujjing/MOE-grad-conflict-routing/runs/paper_suite/single_gpu/single_task/roberta_sst2_lora_e4_k2/hpo/cagrad/trial_runs/coord_05_method_baseline_cagrad_inner_lr_003/cagrad_s2_curve.csv
Using the latest cached version of the dataset since glue couldn't be found on the Hugging Face Hub (offline mode is enabled).
Found the latest cached dataset configuration 'sst2' at /home/zhujjing/hf_cache/datasets/glue/sst2/0.0.0/bcdcba79d07bc864c1c254ccfcedcce55bcc9a8c (last modified on Thu Mar 19 15:01:41 2026).
/home/zhujjing/anaconda3/envs/moe/lib/python3.10/site-packages/transformers/utils/hub.py:124: FutureWarning: Using `TRANSFORMERS_CACHE` is deprecated and will be removed in v5 of Transformers. Use `HF_HOME` instead.
  warnings.warn(
Some weights of RobertaModel were not initialized from the model checkpoint at roberta-base and are newly initialized: ['roberta.pooler.dense.bias', 'roberta.pooler.dense.weight']
You should probably TRAIN this model on a down-stream task to be able to use it for predictions and inference.
[step 0001/150] method=baseline_cagrad loss=0.6245 train_acc=nan train_loss=nan val_acc=nan val_loss=nan best=-1.0000
[step 0010/150] method=baseline_cagrad loss=0.7053 train_acc=nan train_loss=nan val_acc=nan val_loss=nan best=-1.0000
[step 0020/150] method=baseline_cagrad loss=0.5429 train_acc=nan train_loss=nan val_acc=nan val_loss=nan best=-1.0000
[step 0030/150] method=baseline_cagrad loss=0.3378 train_acc=nan train_loss=nan val_acc=nan val_loss=nan best=-1.0000
[step 0040/150] method=baseline_cagrad loss=0.0867 train_acc=nan train_loss=nan val_acc=nan val_loss=nan best=-1.0000
[step 0050/150] method=baseline_cagrad loss=0.0423 train_acc=0.8613 train_loss=0.4248 val_acc=0.8177 val_loss=0.5774 router_H=0.6810 best=0.8177
           router_load=[0.12449582666158676, 0.20592981576919556, 0.5547860860824585, 0.11478841304779053]
[step 0060/150] method=baseline_cagrad loss=0.3602 train_acc=0.8613 train_loss=0.4248 val_acc=0.8177 val_loss=0.5774 router_H=0.6810 best=0.8177
           router_load=[0.12449582666158676, 0.20592981576919556, 0.5547860860824585, 0.11478841304779053]
[step 0070/150] method=baseline_cagrad loss=0.4148 train_acc=0.8613 train_loss=0.4248 val_acc=0.8177 val_loss=0.5774 router_H=0.6810 best=0.8177
           router_load=[0.12449582666158676, 0.20592981576919556, 0.5547860860824585, 0.11478841304779053]
[step 0080/150] method=baseline_cagrad loss=0.6005 train_acc=0.8613 train_loss=0.4248 val_acc=0.8177 val_loss=0.5774 router_H=0.6810 best=0.8177
           router_load=[0.12449582666158676, 0.20592981576919556, 0.5547860860824585, 0.11478841304779053]
[step 0090/150] method=baseline_cagrad loss=0.2525 train_acc=0.8613 train_loss=0.4248 val_acc=0.8177 val_loss=0.5774 router_H=0.6810 best=0.8177
           router_load=[0.12449582666158676, 0.20592981576919556, 0.5547860860824585, 0.11478841304779053]
[step 0100/150] method=baseline_cagrad loss=0.4257 train_acc=0.8063 train_loss=0.4321 val_acc=0.7408 val_loss=0.5226 router_H=0.6891 best=0.8177
           router_load=[0.123369961977005, 0.1304071694612503, 0.4626052677631378, 0.2836175560951233]
[step 0110/150] method=baseline_cagrad loss=0.4285 train_acc=0.8063 train_loss=0.4321 val_acc=0.7408 val_loss=0.5226 router_H=0.6891 best=0.8177
           router_load=[0.123369961977005, 0.1304071694612503, 0.4626052677631378, 0.2836175560951233]
[step 0120/150] method=baseline_cagrad loss=0.3776 train_acc=0.8063 train_loss=0.4321 val_acc=0.7408 val_loss=0.5226 router_H=0.6891 best=0.8177
           router_load=[0.123369961977005, 0.1304071694612503, 0.4626052677631378, 0.2836175560951233]
[step 0130/150] method=baseline_cagrad loss=0.2776 train_acc=0.8063 train_loss=0.4321 val_acc=0.7408 val_loss=0.5226 router_H=0.6891 best=0.8177
           router_load=[0.123369961977005, 0.1304071694612503, 0.4626052677631378, 0.2836175560951233]
[step 0140/150] method=baseline_cagrad loss=0.7133 train_acc=0.8063 train_loss=0.4321 val_acc=0.7408 val_loss=0.5226 router_H=0.6891 best=0.8177
           router_load=[0.123369961977005, 0.1304071694612503, 0.4626052677631378, 0.2836175560951233]
[step 0150/150] method=baseline_cagrad loss=0.5703 train_acc=0.8818 train_loss=0.2997 val_acc=0.8933 val_loss=0.2671 router_H=0.6798 best=0.8933
           router_load=[0.12349917739629745, 0.2243281900882721, 0.517595112323761, 0.134577676653862]
saved summary -> /home/zhujjing/MOE-grad-conflict-routing/runs/paper_suite/single_gpu/single_task/roberta_sst2_lora_e4_k2/hpo/cagrad/trial_runs/coord_05_method_baseline_cagrad_inner_lr_003/cagrad_s2.json
saved curve -> /home/zhujjing/MOE-grad-conflict-routing/runs/paper_suite/single_gpu/single_task/roberta_sst2_lora_e4_k2/hpo/cagrad/trial_runs/coord_05_method_baseline_cagrad_inner_lr_003/cagrad_s2_curve.csv
