[run] method=cagrad candidate=coord_05_method_baseline_cagrad_inner_lr_012 seed=3 steps=150 gpu=0
[run] cmd=
/home/zhujjing/anaconda3/envs/moe/bin/python /home/zhujjing/MOE-grad-conflict-routing/scripts/run.py --config configs/singletask_sst2_real.yaml --set model.backbone_backend=hf --set model.hf_load_pretrained=true --set model.backbone=roberta --set model.hf_pretrained_name=roberta-base --set model.expert_type=lora --set model.routing_mode=topk --set model.num_experts=4 --set model.top_k=2 --set seed=3 --set method.name=baseline_cagrad --set train.steps=150 --set train.eval_every_steps=50 --set method.baseline_cagrad.c=0.1187523056 --set method.baseline_cagrad.inner_lr=0.1055132234 --set train.grad_clip=1.016176527 --set train.lr=2e-05 --set train.weight_decay=0.02884869601 --out /home/zhujjing/MOE-grad-conflict-routing/runs/paper_suite/single_gpu/single_task/roberta_sst2_lora_e4_k2/hpo/cagrad/trial_runs/coord_05_method_baseline_cagrad_inner_lr_012/cagrad_s3.json --curve_out /home/zhujjing/MOE-grad-conflict-routing/runs/paper_suite/single_gpu/single_task/roberta_sst2_lora_e4_k2/hpo/cagrad/trial_runs/coord_05_method_baseline_cagrad_inner_lr_012/cagrad_s3_curve.csv
Using the latest cached version of the dataset since glue couldn't be found on the Hugging Face Hub (offline mode is enabled).
Found the latest cached dataset configuration 'sst2' at /home/zhujjing/hf_cache/datasets/glue/sst2/0.0.0/bcdcba79d07bc864c1c254ccfcedcce55bcc9a8c (last modified on Thu Mar 19 15:01:41 2026).
/home/zhujjing/anaconda3/envs/moe/lib/python3.10/site-packages/transformers/utils/hub.py:124: FutureWarning: Using `TRANSFORMERS_CACHE` is deprecated and will be removed in v5 of Transformers. Use `HF_HOME` instead.
  warnings.warn(
Some weights of RobertaModel were not initialized from the model checkpoint at roberta-base and are newly initialized: ['roberta.pooler.dense.bias', 'roberta.pooler.dense.weight']
You should probably TRAIN this model on a down-stream task to be able to use it for predictions and inference.
[step 0001/150] method=baseline_cagrad loss=0.7744 train_acc=nan train_loss=nan val_acc=nan val_loss=nan best=-1.0000
[step 0010/150] method=baseline_cagrad loss=0.5972 train_acc=nan train_loss=nan val_acc=nan val_loss=nan best=-1.0000
[step 0020/150] method=baseline_cagrad loss=0.6362 train_acc=nan train_loss=nan val_acc=nan val_loss=nan best=-1.0000
[step 0030/150] method=baseline_cagrad loss=0.5893 train_acc=nan train_loss=nan val_acc=nan val_loss=nan best=-1.0000
[step 0040/150] method=baseline_cagrad loss=0.4803 train_acc=nan train_loss=nan val_acc=nan val_loss=nan best=-1.0000
[step 0050/150] method=baseline_cagrad loss=0.6972 train_acc=0.8250 train_loss=0.4568 val_acc=0.8360 val_loss=0.4624 router_H=0.6814 best=0.8360
           router_load=[0.3100599944591522, 0.5441645979881287, 0.08537417650222778, 0.06040097773075104]
[step 0060/150] method=baseline_cagrad loss=0.3765 train_acc=0.8250 train_loss=0.4568 val_acc=0.8360 val_loss=0.4624 router_H=0.6814 best=0.8360
           router_load=[0.3100599944591522, 0.5441645979881287, 0.08537417650222778, 0.06040097773075104]
[step 0070/150] method=baseline_cagrad loss=0.4849 train_acc=0.8250 train_loss=0.4568 val_acc=0.8360 val_loss=0.4624 router_H=0.6814 best=0.8360
           router_load=[0.3100599944591522, 0.5441645979881287, 0.08537417650222778, 0.06040097773075104]
[step 0080/150] method=baseline_cagrad loss=0.1647 train_acc=0.8250 train_loss=0.4568 val_acc=0.8360 val_loss=0.4624 router_H=0.6814 best=0.8360
           router_load=[0.3100599944591522, 0.5441645979881287, 0.08537417650222778, 0.06040097773075104]
[step 0090/150] method=baseline_cagrad loss=0.5608 train_acc=0.8250 train_loss=0.4568 val_acc=0.8360 val_loss=0.4624 router_H=0.6814 best=0.8360
           router_load=[0.3100599944591522, 0.5441645979881287, 0.08537417650222778, 0.06040097773075104]
[step 0100/150] method=baseline_cagrad loss=0.5044 train_acc=0.8775 train_loss=0.3223 val_acc=0.8888 val_loss=0.2903 router_H=0.6854 best=0.8888
           router_load=[0.32596585154533386, 0.535859227180481, 0.01721743494272232, 0.12095757573843002]
[step 0110/150] method=baseline_cagrad loss=0.3792 train_acc=0.8775 train_loss=0.3223 val_acc=0.8888 val_loss=0.2903 router_H=0.6854 best=0.8888
           router_load=[0.32596585154533386, 0.535859227180481, 0.01721743494272232, 0.12095757573843002]
[step 0120/150] method=baseline_cagrad loss=0.5861 train_acc=0.8775 train_loss=0.3223 val_acc=0.8888 val_loss=0.2903 router_H=0.6854 best=0.8888
           router_load=[0.32596585154533386, 0.535859227180481, 0.01721743494272232, 0.12095757573843002]
[step 0130/150] method=baseline_cagrad loss=0.5339 train_acc=0.8775 train_loss=0.3223 val_acc=0.8888 val_loss=0.2903 router_H=0.6854 best=0.8888
           router_load=[0.32596585154533386, 0.535859227180481, 0.01721743494272232, 0.12095757573843002]
[step 0140/150] method=baseline_cagrad loss=0.2371 train_acc=0.8775 train_loss=0.3223 val_acc=0.8888 val_loss=0.2903 router_H=0.6854 best=0.8888
           router_load=[0.32596585154533386, 0.535859227180481, 0.01721743494272232, 0.12095757573843002]
[step 0150/150] method=baseline_cagrad loss=0.1135 train_acc=0.8869 train_loss=0.3159 val_acc=0.9151 val_loss=0.2521 router_H=0.6896 best=0.9151
           router_load=[0.43125709891319275, 0.4947972893714905, 0.04925353825092316, 0.02469201758503914]
saved summary -> /home/zhujjing/MOE-grad-conflict-routing/runs/paper_suite/single_gpu/single_task/roberta_sst2_lora_e4_k2/hpo/cagrad/trial_runs/coord_05_method_baseline_cagrad_inner_lr_012/cagrad_s3.json
saved curve -> /home/zhujjing/MOE-grad-conflict-routing/runs/paper_suite/single_gpu/single_task/roberta_sst2_lora_e4_k2/hpo/cagrad/trial_runs/coord_05_method_baseline_cagrad_inner_lr_012/cagrad_s3_curve.csv
