[run] method=cagrad candidate=coord_05_method_baseline_cagrad_inner_lr_002 seed=2 steps=150 gpu=0
[run] cmd=
/home/zhujjing/anaconda3/envs/moe/bin/python /home/zhujjing/MOE-grad-conflict-routing/scripts/run.py --config configs/singletask_sst2_real.yaml --set model.backbone_backend=hf --set model.hf_load_pretrained=true --set model.backbone=roberta --set model.hf_pretrained_name=roberta-base --set model.expert_type=lora --set model.routing_mode=topk --set model.num_experts=4 --set model.top_k=2 --set seed=2 --set method.name=baseline_cagrad --set train.steps=150 --set train.eval_every_steps=50 --set method.baseline_cagrad.c=0.1187523056 --set method.baseline_cagrad.inner_lr=0.1566407295 --set train.grad_clip=1.016176527 --set train.lr=2e-05 --set train.weight_decay=0.02884869601 --out /home/zhujjing/MOE-grad-conflict-routing/runs/paper_suite/single_gpu/single_task/roberta_sst2_lora_e4_k2/hpo/cagrad/trial_runs/coord_05_method_baseline_cagrad_inner_lr_002/cagrad_s2.json --curve_out /home/zhujjing/MOE-grad-conflict-routing/runs/paper_suite/single_gpu/single_task/roberta_sst2_lora_e4_k2/hpo/cagrad/trial_runs/coord_05_method_baseline_cagrad_inner_lr_002/cagrad_s2_curve.csv
Using the latest cached version of the dataset since glue couldn't be found on the Hugging Face Hub (offline mode is enabled).
Found the latest cached dataset configuration 'sst2' at /home/zhujjing/hf_cache/datasets/glue/sst2/0.0.0/bcdcba79d07bc864c1c254ccfcedcce55bcc9a8c (last modified on Thu Mar 19 15:01:41 2026).
/home/zhujjing/anaconda3/envs/moe/lib/python3.10/site-packages/transformers/utils/hub.py:124: FutureWarning: Using `TRANSFORMERS_CACHE` is deprecated and will be removed in v5 of Transformers. Use `HF_HOME` instead.
  warnings.warn(
Some weights of RobertaModel were not initialized from the model checkpoint at roberta-base and are newly initialized: ['roberta.pooler.dense.bias', 'roberta.pooler.dense.weight']
You should probably TRAIN this model on a down-stream task to be able to use it for predictions and inference.
[step 0001/150] method=baseline_cagrad loss=0.6254 train_acc=nan train_loss=nan val_acc=nan val_loss=nan best=-1.0000
[step 0010/150] method=baseline_cagrad loss=0.6914 train_acc=nan train_loss=nan val_acc=nan val_loss=nan best=-1.0000
[step 0020/150] method=baseline_cagrad loss=0.6039 train_acc=nan train_loss=nan val_acc=nan val_loss=nan best=-1.0000
[step 0030/150] method=baseline_cagrad loss=0.2403 train_acc=nan train_loss=nan val_acc=nan val_loss=nan best=-1.0000
[step 0040/150] method=baseline_cagrad loss=0.0954 train_acc=nan train_loss=nan val_acc=nan val_loss=nan best=-1.0000
[step 0050/150] method=baseline_cagrad loss=0.2939 train_acc=0.8743 train_loss=0.3278 val_acc=0.8498 val_loss=0.3760 router_H=0.6839 best=0.8498
           router_load=[0.5145971179008484, 0.32095855474472046, 0.13222798705101013, 0.03221646323800087]
[step 0060/150] method=baseline_cagrad loss=0.2828 train_acc=0.8743 train_loss=0.3278 val_acc=0.8498 val_loss=0.3760 router_H=0.6839 best=0.8498
           router_load=[0.5145971179008484, 0.32095855474472046, 0.13222798705101013, 0.03221646323800087]
[step 0070/150] method=baseline_cagrad loss=0.4634 train_acc=0.8743 train_loss=0.3278 val_acc=0.8498 val_loss=0.3760 router_H=0.6839 best=0.8498
           router_load=[0.5145971179008484, 0.32095855474472046, 0.13222798705101013, 0.03221646323800087]
[step 0080/150] method=baseline_cagrad loss=0.5754 train_acc=0.8743 train_loss=0.3278 val_acc=0.8498 val_loss=0.3760 router_H=0.6839 best=0.8498
           router_load=[0.5145971179008484, 0.32095855474472046, 0.13222798705101013, 0.03221646323800087]
[step 0090/150] method=baseline_cagrad loss=0.1420 train_acc=0.8743 train_loss=0.3278 val_acc=0.8498 val_loss=0.3760 router_H=0.6839 best=0.8498
           router_load=[0.5145971179008484, 0.32095855474472046, 0.13222798705101013, 0.03221646323800087]
[step 0100/150] method=baseline_cagrad loss=0.4442 train_acc=0.8312 train_loss=0.4257 val_acc=0.7557 val_loss=0.5443 router_H=0.6877 best=0.8498
           router_load=[0.46554630994796753, 0.18401655554771423, 0.3052259385585785, 0.04521121457219124]
[step 0110/150] method=baseline_cagrad loss=0.4016 train_acc=0.8312 train_loss=0.4257 val_acc=0.7557 val_loss=0.5443 router_H=0.6877 best=0.8498
           router_load=[0.46554630994796753, 0.18401655554771423, 0.3052259385585785, 0.04521121457219124]
[step 0120/150] method=baseline_cagrad loss=0.5230 train_acc=0.8312 train_loss=0.4257 val_acc=0.7557 val_loss=0.5443 router_H=0.6877 best=0.8498
           router_load=[0.46554630994796753, 0.18401655554771423, 0.3052259385585785, 0.04521121457219124]
[step 0130/150] method=baseline_cagrad loss=0.2518 train_acc=0.8312 train_loss=0.4257 val_acc=0.7557 val_loss=0.5443 router_H=0.6877 best=0.8498
           router_load=[0.46554630994796753, 0.18401655554771423, 0.3052259385585785, 0.04521121457219124]
[step 0140/150] method=baseline_cagrad loss=0.6707 train_acc=0.8312 train_loss=0.4257 val_acc=0.7557 val_loss=0.5443 router_H=0.6877 best=0.8498
           router_load=[0.46554630994796753, 0.18401655554771423, 0.3052259385585785, 0.04521121457219124]
[step 0150/150] method=baseline_cagrad loss=0.4252 train_acc=0.8787 train_loss=0.3124 val_acc=0.8830 val_loss=0.3250 router_H=0.6860 best=0.8830
           router_load=[0.29333919286727905, 0.47031402587890625, 0.06484459340572357, 0.17150206863880157]
saved summary -> /home/zhujjing/MOE-grad-conflict-routing/runs/paper_suite/single_gpu/single_task/roberta_sst2_lora_e4_k2/hpo/cagrad/trial_runs/coord_05_method_baseline_cagrad_inner_lr_002/cagrad_s2.json
saved curve -> /home/zhujjing/MOE-grad-conflict-routing/runs/paper_suite/single_gpu/single_task/roberta_sst2_lora_e4_k2/hpo/cagrad/trial_runs/coord_05_method_baseline_cagrad_inner_lr_002/cagrad_s2_curve.csv
