[run] method=cagrad candidate=coord_05_method_baseline_cagrad_inner_lr_017 seed=3 steps=150 gpu=0
[run] cmd=
/home/zhujjing/anaconda3/envs/moe/bin/python /home/zhujjing/MOE-grad-conflict-routing/scripts/run.py --config configs/singletask_sst2_real.yaml --set model.backbone_backend=hf --set model.hf_load_pretrained=true --set model.backbone=roberta --set model.hf_pretrained_name=roberta-base --set model.expert_type=lora --set model.routing_mode=topk --set model.num_experts=4 --set model.top_k=2 --set seed=3 --set method.name=baseline_cagrad --set train.steps=150 --set train.eval_every_steps=50 --set method.baseline_cagrad.c=0.1187523056 --set method.baseline_cagrad.inner_lr=0.4947630335 --set train.grad_clip=1.016176527 --set train.lr=2e-05 --set train.weight_decay=0.02884869601 --out /home/zhujjing/MOE-grad-conflict-routing/runs/paper_suite/single_gpu/single_task/roberta_sst2_lora_e4_k2/hpo/cagrad/trial_runs/coord_05_method_baseline_cagrad_inner_lr_017/cagrad_s3.json --curve_out /home/zhujjing/MOE-grad-conflict-routing/runs/paper_suite/single_gpu/single_task/roberta_sst2_lora_e4_k2/hpo/cagrad/trial_runs/coord_05_method_baseline_cagrad_inner_lr_017/cagrad_s3_curve.csv
Using the latest cached version of the dataset since glue couldn't be found on the Hugging Face Hub (offline mode is enabled).
Found the latest cached dataset configuration 'sst2' at /home/zhujjing/hf_cache/datasets/glue/sst2/0.0.0/bcdcba79d07bc864c1c254ccfcedcce55bcc9a8c (last modified on Thu Mar 19 15:01:41 2026).
/home/zhujjing/anaconda3/envs/moe/lib/python3.10/site-packages/transformers/utils/hub.py:124: FutureWarning: Using `TRANSFORMERS_CACHE` is deprecated and will be removed in v5 of Transformers. Use `HF_HOME` instead.
  warnings.warn(
Some weights of RobertaModel were not initialized from the model checkpoint at roberta-base and are newly initialized: ['roberta.pooler.dense.bias', 'roberta.pooler.dense.weight']
You should probably TRAIN this model on a down-stream task to be able to use it for predictions and inference.
[step 0001/150] method=baseline_cagrad loss=0.6423 train_acc=nan train_loss=nan val_acc=nan val_loss=nan best=-1.0000
[step 0010/150] method=baseline_cagrad loss=0.6646 train_acc=nan train_loss=nan val_acc=nan val_loss=nan best=-1.0000
[step 0020/150] method=baseline_cagrad loss=0.6172 train_acc=nan train_loss=nan val_acc=nan val_loss=nan best=-1.0000
[step 0030/150] method=baseline_cagrad loss=0.4770 train_acc=nan train_loss=nan val_acc=nan val_loss=nan best=-1.0000
[step 0040/150] method=baseline_cagrad loss=0.4962 train_acc=nan train_loss=nan val_acc=nan val_loss=nan best=-1.0000
[step 0050/150] method=baseline_cagrad loss=0.6157 train_acc=0.8766 train_loss=0.3192 val_acc=0.8555 val_loss=0.3528 router_H=0.6700 best=0.8555
           router_load=[0.3454935550689697, 0.08761091530323029, 0.5654213428497314, 0.0014743618667125702]
[step 0060/150] method=baseline_cagrad loss=0.5971 train_acc=0.8766 train_loss=0.3192 val_acc=0.8555 val_loss=0.3528 router_H=0.6700 best=0.8555
           router_load=[0.3454935550689697, 0.08761091530323029, 0.5654213428497314, 0.0014743618667125702]
[step 0070/150] method=baseline_cagrad loss=0.5257 train_acc=0.8766 train_loss=0.3192 val_acc=0.8555 val_loss=0.3528 router_H=0.6700 best=0.8555
           router_load=[0.3454935550689697, 0.08761091530323029, 0.5654213428497314, 0.0014743618667125702]
[step 0080/150] method=baseline_cagrad loss=0.1882 train_acc=0.8766 train_loss=0.3192 val_acc=0.8555 val_loss=0.3528 router_H=0.6700 best=0.8555
           router_load=[0.3454935550689697, 0.08761091530323029, 0.5654213428497314, 0.0014743618667125702]
[step 0090/150] method=baseline_cagrad loss=0.3074 train_acc=0.8766 train_loss=0.3192 val_acc=0.8555 val_loss=0.3528 router_H=0.6700 best=0.8555
           router_load=[0.3454935550689697, 0.08761091530323029, 0.5654213428497314, 0.0014743618667125702]
[step 0100/150] method=baseline_cagrad loss=0.4215 train_acc=0.8792 train_loss=0.3205 val_acc=0.9002 val_loss=0.2685 router_H=0.6749 best=0.9002
           router_load=[0.4289318025112152, 0.1580273061990738, 0.41258034110069275, 0.0004605261201504618]
[step 0110/150] method=baseline_cagrad loss=0.4639 train_acc=0.8792 train_loss=0.3205 val_acc=0.9002 val_loss=0.2685 router_H=0.6749 best=0.9002
           router_load=[0.4289318025112152, 0.1580273061990738, 0.41258034110069275, 0.0004605261201504618]
[step 0120/150] method=baseline_cagrad loss=0.4226 train_acc=0.8792 train_loss=0.3205 val_acc=0.9002 val_loss=0.2685 router_H=0.6749 best=0.9002
           router_load=[0.4289318025112152, 0.1580273061990738, 0.41258034110069275, 0.0004605261201504618]
[step 0130/150] method=baseline_cagrad loss=0.5268 train_acc=0.8792 train_loss=0.3205 val_acc=0.9002 val_loss=0.2685 router_H=0.6749 best=0.9002
           router_load=[0.4289318025112152, 0.1580273061990738, 0.41258034110069275, 0.0004605261201504618]
[step 0140/150] method=baseline_cagrad loss=0.3007 train_acc=0.8792 train_loss=0.3205 val_acc=0.9002 val_loss=0.2685 router_H=0.6749 best=0.9002
           router_load=[0.4289318025112152, 0.1580273061990738, 0.41258034110069275, 0.0004605261201504618]
[step 0150/150] method=baseline_cagrad loss=0.2075 train_acc=0.8939 train_loss=0.2745 val_acc=0.9083 val_loss=0.2511 router_H=0.6725 best=0.9083
           router_load=[0.42571452260017395, 0.2450898140668869, 0.32790136337280273, 0.0012942241737619042]
saved summary -> /home/zhujjing/MOE-grad-conflict-routing/runs/paper_suite/single_gpu/single_task/roberta_sst2_lora_e4_k2/hpo/cagrad/trial_runs/coord_05_method_baseline_cagrad_inner_lr_017/cagrad_s3.json
saved curve -> /home/zhujjing/MOE-grad-conflict-routing/runs/paper_suite/single_gpu/single_task/roberta_sst2_lora_e4_k2/hpo/cagrad/trial_runs/coord_05_method_baseline_cagrad_inner_lr_017/cagrad_s3_curve.csv
