[run] method=cagrad candidate=coord_05_method_baseline_cagrad_inner_lr_013 seed=2 steps=150 gpu=0
[run] cmd=
/home/zhujjing/anaconda3/envs/moe/bin/python /home/zhujjing/MOE-grad-conflict-routing/scripts/run.py --config configs/singletask_sst2_real.yaml --set model.backbone_backend=hf --set model.hf_load_pretrained=true --set model.backbone=roberta --set model.hf_pretrained_name=roberta-base --set model.expert_type=lora --set model.routing_mode=topk --set model.num_experts=4 --set model.top_k=2 --set seed=2 --set method.name=baseline_cagrad --set train.steps=150 --set train.eval_every_steps=50 --set method.baseline_cagrad.c=0.1187523056 --set method.baseline_cagrad.inner_lr=0.1824460376 --set train.grad_clip=1.016176527 --set train.lr=2e-05 --set train.weight_decay=0.02884869601 --out /home/zhujjing/MOE-grad-conflict-routing/runs/paper_suite/single_gpu/single_task/roberta_sst2_lora_e4_k2/hpo/cagrad/trial_runs/coord_05_method_baseline_cagrad_inner_lr_013/cagrad_s2.json --curve_out /home/zhujjing/MOE-grad-conflict-routing/runs/paper_suite/single_gpu/single_task/roberta_sst2_lora_e4_k2/hpo/cagrad/trial_runs/coord_05_method_baseline_cagrad_inner_lr_013/cagrad_s2_curve.csv
Using the latest cached version of the dataset since glue couldn't be found on the Hugging Face Hub (offline mode is enabled).
Found the latest cached dataset configuration 'sst2' at /home/zhujjing/hf_cache/datasets/glue/sst2/0.0.0/bcdcba79d07bc864c1c254ccfcedcce55bcc9a8c (last modified on Thu Mar 19 15:01:41 2026).
/home/zhujjing/anaconda3/envs/moe/lib/python3.10/site-packages/transformers/utils/hub.py:124: FutureWarning: Using `TRANSFORMERS_CACHE` is deprecated and will be removed in v5 of Transformers. Use `HF_HOME` instead.
  warnings.warn(
Some weights of RobertaModel were not initialized from the model checkpoint at roberta-base and are newly initialized: ['roberta.pooler.dense.bias', 'roberta.pooler.dense.weight']
You should probably TRAIN this model on a down-stream task to be able to use it for predictions and inference.
[step 0001/150] method=baseline_cagrad loss=0.7067 train_acc=nan train_loss=nan val_acc=nan val_loss=nan best=-1.0000
[step 0010/150] method=baseline_cagrad loss=0.7208 train_acc=nan train_loss=nan val_acc=nan val_loss=nan best=-1.0000
[step 0020/150] method=baseline_cagrad loss=0.5759 train_acc=nan train_loss=nan val_acc=nan val_loss=nan best=-1.0000
[step 0030/150] method=baseline_cagrad loss=0.1892 train_acc=nan train_loss=nan val_acc=nan val_loss=nan best=-1.0000
[step 0040/150] method=baseline_cagrad loss=0.0689 train_acc=nan train_loss=nan val_acc=nan val_loss=nan best=-1.0000
[step 0050/150] method=baseline_cagrad loss=0.7577 train_acc=0.8575 train_loss=0.3848 val_acc=0.8739 val_loss=0.3435 router_H=0.6765 best=0.8739
           router_load=[0.03420470654964447, 0.2861868441104889, 0.2867535948753357, 0.3928549885749817]
[step 0060/150] method=baseline_cagrad loss=0.3894 train_acc=0.8575 train_loss=0.3848 val_acc=0.8739 val_loss=0.3435 router_H=0.6765 best=0.8739
           router_load=[0.03420470654964447, 0.2861868441104889, 0.2867535948753357, 0.3928549885749817]
[step 0070/150] method=baseline_cagrad loss=0.4183 train_acc=0.8575 train_loss=0.3848 val_acc=0.8739 val_loss=0.3435 router_H=0.6765 best=0.8739
           router_load=[0.03420470654964447, 0.2861868441104889, 0.2867535948753357, 0.3928549885749817]
[step 0080/150] method=baseline_cagrad loss=0.5875 train_acc=0.8575 train_loss=0.3848 val_acc=0.8739 val_loss=0.3435 router_H=0.6765 best=0.8739
           router_load=[0.03420470654964447, 0.2861868441104889, 0.2867535948753357, 0.3928549885749817]
[step 0090/150] method=baseline_cagrad loss=0.1986 train_acc=0.8575 train_loss=0.3848 val_acc=0.8739 val_loss=0.3435 router_H=0.6765 best=0.8739
           router_load=[0.03420470654964447, 0.2861868441104889, 0.2867535948753357, 0.3928549885749817]
[step 0100/150] method=baseline_cagrad loss=0.6079 train_acc=0.7959 train_loss=0.5944 val_acc=0.7649 val_loss=0.6716 router_H=0.6718 best=0.8739
           router_load=[0.003695990890264511, 0.20150938630104065, 0.47637027502059937, 0.31842437386512756]
[step 0110/150] method=baseline_cagrad loss=0.3715 train_acc=0.7959 train_loss=0.5944 val_acc=0.7649 val_loss=0.6716 router_H=0.6718 best=0.8739
           router_load=[0.003695990890264511, 0.20150938630104065, 0.47637027502059937, 0.31842437386512756]
[step 0120/150] method=baseline_cagrad loss=0.4962 train_acc=0.7959 train_loss=0.5944 val_acc=0.7649 val_loss=0.6716 router_H=0.6718 best=0.8739
           router_load=[0.003695990890264511, 0.20150938630104065, 0.47637027502059937, 0.31842437386512756]
[step 0130/150] method=baseline_cagrad loss=0.2881 train_acc=0.7959 train_loss=0.5944 val_acc=0.7649 val_loss=0.6716 router_H=0.6718 best=0.8739
           router_load=[0.003695990890264511, 0.20150938630104065, 0.47637027502059937, 0.31842437386512756]
[step 0140/150] method=baseline_cagrad loss=0.7013 train_acc=0.7959 train_loss=0.5944 val_acc=0.7649 val_loss=0.6716 router_H=0.6718 best=0.8739
           router_load=[0.003695990890264511, 0.20150938630104065, 0.47637027502059937, 0.31842437386512756]
[step 0150/150] method=baseline_cagrad loss=0.5734 train_acc=0.8913 train_loss=0.2893 val_acc=0.9025 val_loss=0.2541 router_H=0.6721 best=0.9025
           router_load=[0.030538905411958694, 0.1304982751607895, 0.33403199911117554, 0.5049307346343994]
saved summary -> /home/zhujjing/MOE-grad-conflict-routing/runs/paper_suite/single_gpu/single_task/roberta_sst2_lora_e4_k2/hpo/cagrad/trial_runs/coord_05_method_baseline_cagrad_inner_lr_013/cagrad_s2.json
saved curve -> /home/zhujjing/MOE-grad-conflict-routing/runs/paper_suite/single_gpu/single_task/roberta_sst2_lora_e4_k2/hpo/cagrad/trial_runs/coord_05_method_baseline_cagrad_inner_lr_013/cagrad_s2_curve.csv
