[run] method=cagrad candidate=coord_05_method_baseline_cagrad_inner_lr_001 seed=2 steps=150 gpu=0
[run] cmd=
/home/zhujjing/anaconda3/envs/moe/bin/python /home/zhujjing/MOE-grad-conflict-routing/scripts/run.py --config configs/singletask_sst2_real.yaml --set model.backbone_backend=hf --set model.hf_load_pretrained=true --set model.backbone=roberta --set model.hf_pretrained_name=roberta-base --set model.expert_type=lora --set model.routing_mode=topk --set model.num_experts=4 --set model.top_k=2 --set seed=2 --set method.name=baseline_cagrad --set train.steps=150 --set train.eval_every_steps=50 --set method.baseline_cagrad.c=0.1187523056 --set method.baseline_cagrad.inner_lr=0.07654088955 --set train.grad_clip=1.016176527 --set train.lr=2e-05 --set train.weight_decay=0.02884869601 --out /home/zhujjing/MOE-grad-conflict-routing/runs/paper_suite/single_gpu/single_task/roberta_sst2_lora_e4_k2/hpo/cagrad/trial_runs/coord_05_method_baseline_cagrad_inner_lr_001/cagrad_s2.json --curve_out /home/zhujjing/MOE-grad-conflict-routing/runs/paper_suite/single_gpu/single_task/roberta_sst2_lora_e4_k2/hpo/cagrad/trial_runs/coord_05_method_baseline_cagrad_inner_lr_001/cagrad_s2_curve.csv
Using the latest cached version of the dataset since glue couldn't be found on the Hugging Face Hub (offline mode is enabled).
Found the latest cached dataset configuration 'sst2' at /home/zhujjing/hf_cache/datasets/glue/sst2/0.0.0/bcdcba79d07bc864c1c254ccfcedcce55bcc9a8c (last modified on Thu Mar 19 15:01:41 2026).
/home/zhujjing/anaconda3/envs/moe/lib/python3.10/site-packages/transformers/utils/hub.py:124: FutureWarning: Using `TRANSFORMERS_CACHE` is deprecated and will be removed in v5 of Transformers. Use `HF_HOME` instead.
  warnings.warn(
Some weights of RobertaModel were not initialized from the model checkpoint at roberta-base and are newly initialized: ['roberta.pooler.dense.bias', 'roberta.pooler.dense.weight']
You should probably TRAIN this model on a down-stream task to be able to use it for predictions and inference.
[step 0001/150] method=baseline_cagrad loss=0.9751 train_acc=nan train_loss=nan val_acc=nan val_loss=nan best=-1.0000
[step 0010/150] method=baseline_cagrad loss=0.7719 train_acc=nan train_loss=nan val_acc=nan val_loss=nan best=-1.0000
[step 0020/150] method=baseline_cagrad loss=0.6176 train_acc=nan train_loss=nan val_acc=nan val_loss=nan best=-1.0000
[step 0030/150] method=baseline_cagrad loss=0.2684 train_acc=nan train_loss=nan val_acc=nan val_loss=nan best=-1.0000
[step 0040/150] method=baseline_cagrad loss=0.0740 train_acc=nan train_loss=nan val_acc=nan val_loss=nan best=-1.0000
[step 0050/150] method=baseline_cagrad loss=0.9405 train_acc=0.8368 train_loss=0.4382 val_acc=0.8452 val_loss=0.4157 router_H=0.6699 best=0.8452
           router_load=[0.028204329311847687, 0.584893524646759, 0.07845336943864822, 0.3084486722946167]
[step 0060/150] method=baseline_cagrad loss=0.4448 train_acc=0.8368 train_loss=0.4382 val_acc=0.8452 val_loss=0.4157 router_H=0.6699 best=0.8452
           router_load=[0.028204329311847687, 0.584893524646759, 0.07845336943864822, 0.3084486722946167]
[step 0070/150] method=baseline_cagrad loss=0.4392 train_acc=0.8368 train_loss=0.4382 val_acc=0.8452 val_loss=0.4157 router_H=0.6699 best=0.8452
           router_load=[0.028204329311847687, 0.584893524646759, 0.07845336943864822, 0.3084486722946167]
[step 0080/150] method=baseline_cagrad loss=0.4387 train_acc=0.8368 train_loss=0.4382 val_acc=0.8452 val_loss=0.4157 router_H=0.6699 best=0.8452
           router_load=[0.028204329311847687, 0.584893524646759, 0.07845336943864822, 0.3084486722946167]
[step 0090/150] method=baseline_cagrad loss=0.2933 train_acc=0.8368 train_loss=0.4382 val_acc=0.8452 val_loss=0.4157 router_H=0.6699 best=0.8452
           router_load=[0.028204329311847687, 0.584893524646759, 0.07845336943864822, 0.3084486722946167]
[step 0100/150] method=baseline_cagrad loss=0.5377 train_acc=0.8419 train_loss=0.3958 val_acc=0.7764 val_loss=0.5500 router_H=0.6689 best=0.8452
           router_load=[0.043279945850372314, 0.5989102125167847, 0.028139282017946243, 0.32967060804367065]
[step 0110/150] method=baseline_cagrad loss=0.3977 train_acc=0.8419 train_loss=0.3958 val_acc=0.7764 val_loss=0.5500 router_H=0.6689 best=0.8452
           router_load=[0.043279945850372314, 0.5989102125167847, 0.028139282017946243, 0.32967060804367065]
[step 0120/150] method=baseline_cagrad loss=0.6363 train_acc=0.8419 train_loss=0.3958 val_acc=0.7764 val_loss=0.5500 router_H=0.6689 best=0.8452
           router_load=[0.043279945850372314, 0.5989102125167847, 0.028139282017946243, 0.32967060804367065]
[step 0130/150] method=baseline_cagrad loss=0.2876 train_acc=0.8419 train_loss=0.3958 val_acc=0.7764 val_loss=0.5500 router_H=0.6689 best=0.8452
           router_load=[0.043279945850372314, 0.5989102125167847, 0.028139282017946243, 0.32967060804367065]
[step 0140/150] method=baseline_cagrad loss=0.6688 train_acc=0.8419 train_loss=0.3958 val_acc=0.7764 val_loss=0.5500 router_H=0.6689 best=0.8452
           router_load=[0.043279945850372314, 0.5989102125167847, 0.028139282017946243, 0.32967060804367065]
[step 0150/150] method=baseline_cagrad loss=0.5975 train_acc=0.8912 train_loss=0.2839 val_acc=0.9037 val_loss=0.2735 router_H=0.6685 best=0.9037
           router_load=[0.021345075219869614, 0.598707377910614, 0.16240288317203522, 0.21754471957683563]
saved summary -> /home/zhujjing/MOE-grad-conflict-routing/runs/paper_suite/single_gpu/single_task/roberta_sst2_lora_e4_k2/hpo/cagrad/trial_runs/coord_05_method_baseline_cagrad_inner_lr_001/cagrad_s2.json
saved curve -> /home/zhujjing/MOE-grad-conflict-routing/runs/paper_suite/single_gpu/single_task/roberta_sst2_lora_e4_k2/hpo/cagrad/trial_runs/coord_05_method_baseline_cagrad_inner_lr_001/cagrad_s2_curve.csv
