[run] method=cagrad candidate=coord_05_method_baseline_cagrad_inner_lr_007 seed=3 steps=150 gpu=0
[run] cmd=
/home/zhujjing/anaconda3/envs/moe/bin/python /home/zhujjing/MOE-grad-conflict-routing/scripts/run.py --config configs/singletask_sst2_real.yaml --set model.backbone_backend=hf --set model.hf_load_pretrained=true --set model.backbone=roberta --set model.hf_pretrained_name=roberta-base --set model.expert_type=lora --set model.routing_mode=topk --set model.num_experts=4 --set model.top_k=2 --set seed=3 --set method.name=baseline_cagrad --set train.steps=150 --set train.eval_every_steps=50 --set method.baseline_cagrad.c=0.1187523056 --set method.baseline_cagrad.inner_lr=0.2863105147 --set train.grad_clip=1.016176527 --set train.lr=2e-05 --set train.weight_decay=0.02884869601 --out /home/zhujjing/MOE-grad-conflict-routing/runs/paper_suite/single_gpu/single_task/roberta_sst2_lora_e4_k2/hpo/cagrad/trial_runs/coord_05_method_baseline_cagrad_inner_lr_007/cagrad_s3.json --curve_out /home/zhujjing/MOE-grad-conflict-routing/runs/paper_suite/single_gpu/single_task/roberta_sst2_lora_e4_k2/hpo/cagrad/trial_runs/coord_05_method_baseline_cagrad_inner_lr_007/cagrad_s3_curve.csv
Using the latest cached version of the dataset since glue couldn't be found on the Hugging Face Hub (offline mode is enabled).
Found the latest cached dataset configuration 'sst2' at /home/zhujjing/hf_cache/datasets/glue/sst2/0.0.0/bcdcba79d07bc864c1c254ccfcedcce55bcc9a8c (last modified on Thu Mar 19 15:01:41 2026).
/home/zhujjing/anaconda3/envs/moe/lib/python3.10/site-packages/transformers/utils/hub.py:124: FutureWarning: Using `TRANSFORMERS_CACHE` is deprecated and will be removed in v5 of Transformers. Use `HF_HOME` instead.
  warnings.warn(
Some weights of RobertaModel were not initialized from the model checkpoint at roberta-base and are newly initialized: ['roberta.pooler.dense.bias', 'roberta.pooler.dense.weight']
You should probably TRAIN this model on a down-stream task to be able to use it for predictions and inference.
[step 0001/150] method=baseline_cagrad loss=0.7354 train_acc=nan train_loss=nan val_acc=nan val_loss=nan best=-1.0000
[step 0010/150] method=baseline_cagrad loss=0.6261 train_acc=nan train_loss=nan val_acc=nan val_loss=nan best=-1.0000
[step 0020/150] method=baseline_cagrad loss=0.5827 train_acc=nan train_loss=nan val_acc=nan val_loss=nan best=-1.0000
[step 0030/150] method=baseline_cagrad loss=0.4731 train_acc=nan train_loss=nan val_acc=nan val_loss=nan best=-1.0000
[step 0040/150] method=baseline_cagrad loss=0.5640 train_acc=nan train_loss=nan val_acc=nan val_loss=nan best=-1.0000
[step 0050/150] method=baseline_cagrad loss=0.5945 train_acc=0.8663 train_loss=0.3474 val_acc=0.8761 val_loss=0.3248 router_H=0.6896 best=0.8761
           router_load=[0.26441431045532227, 0.26224052906036377, 0.4733450710773468, 0.0]
[step 0060/150] method=baseline_cagrad loss=0.3624 train_acc=0.8663 train_loss=0.3474 val_acc=0.8761 val_loss=0.3248 router_H=0.6896 best=0.8761
           router_load=[0.26441431045532227, 0.26224052906036377, 0.4733450710773468, 0.0]
[step 0070/150] method=baseline_cagrad loss=0.5021 train_acc=0.8663 train_loss=0.3474 val_acc=0.8761 val_loss=0.3248 router_H=0.6896 best=0.8761
           router_load=[0.26441431045532227, 0.26224052906036377, 0.4733450710773468, 0.0]
[step 0080/150] method=baseline_cagrad loss=0.1686 train_acc=0.8663 train_loss=0.3474 val_acc=0.8761 val_loss=0.3248 router_H=0.6896 best=0.8761
           router_load=[0.26441431045532227, 0.26224052906036377, 0.4733450710773468, 0.0]
[step 0090/150] method=baseline_cagrad loss=0.2501 train_acc=0.8663 train_loss=0.3474 val_acc=0.8761 val_loss=0.3248 router_H=0.6896 best=0.8761
           router_load=[0.26441431045532227, 0.26224052906036377, 0.4733450710773468, 0.0]
[step 0100/150] method=baseline_cagrad loss=0.3695 train_acc=0.8920 train_loss=0.2811 val_acc=0.9025 val_loss=0.2561 router_H=0.6869 best=0.9025
           router_load=[0.30914750695228577, 0.22469429671764374, 0.4573920965194702, 0.008766104467213154]
[step 0110/150] method=baseline_cagrad loss=0.5837 train_acc=0.8920 train_loss=0.2811 val_acc=0.9025 val_loss=0.2561 router_H=0.6869 best=0.9025
           router_load=[0.30914750695228577, 0.22469429671764374, 0.4573920965194702, 0.008766104467213154]
[step 0120/150] method=baseline_cagrad loss=0.4320 train_acc=0.8920 train_loss=0.2811 val_acc=0.9025 val_loss=0.2561 router_H=0.6869 best=0.9025
           router_load=[0.30914750695228577, 0.22469429671764374, 0.4573920965194702, 0.008766104467213154]
[step 0130/150] method=baseline_cagrad loss=0.6940 train_acc=0.8920 train_loss=0.2811 val_acc=0.9025 val_loss=0.2561 router_H=0.6869 best=0.9025
           router_load=[0.30914750695228577, 0.22469429671764374, 0.4573920965194702, 0.008766104467213154]
[step 0140/150] method=baseline_cagrad loss=0.2349 train_acc=0.8920 train_loss=0.2811 val_acc=0.9025 val_loss=0.2561 router_H=0.6869 best=0.9025
           router_load=[0.30914750695228577, 0.22469429671764374, 0.4573920965194702, 0.008766104467213154]
[step 0150/150] method=baseline_cagrad loss=0.1399 train_acc=0.8980 train_loss=0.2802 val_acc=0.9071 val_loss=0.2549 router_H=0.6837 best=0.9071
           router_load=[0.3320179283618927, 0.21559998393058777, 0.44846251606941223, 0.0039195832796394825]
saved summary -> /home/zhujjing/MOE-grad-conflict-routing/runs/paper_suite/single_gpu/single_task/roberta_sst2_lora_e4_k2/hpo/cagrad/trial_runs/coord_05_method_baseline_cagrad_inner_lr_007/cagrad_s3.json
saved curve -> /home/zhujjing/MOE-grad-conflict-routing/runs/paper_suite/single_gpu/single_task/roberta_sst2_lora_e4_k2/hpo/cagrad/trial_runs/coord_05_method_baseline_cagrad_inner_lr_007/cagrad_s3_curve.csv
