[run] method=cagrad candidate=coord_05_method_baseline_cagrad_inner_lr_016 seed=2 steps=150 gpu=0
[run] cmd=
/home/zhujjing/anaconda3/envs/moe/bin/python /home/zhujjing/MOE-grad-conflict-routing/scripts/run.py --config configs/singletask_sst2_real.yaml --set model.backbone_backend=hf --set model.hf_load_pretrained=true --set model.backbone=roberta --set model.hf_pretrained_name=roberta-base --set model.expert_type=lora --set model.routing_mode=topk --set model.num_experts=4 --set model.top_k=2 --set seed=2 --set method.name=baseline_cagrad --set train.steps=150 --set train.eval_every_steps=50 --set method.baseline_cagrad.c=0.1187523056 --set method.baseline_cagrad.inner_lr=0.03125195703 --set train.grad_clip=1.016176527 --set train.lr=2e-05 --set train.weight_decay=0.02884869601 --out /home/zhujjing/MOE-grad-conflict-routing/runs/paper_suite/single_gpu/single_task/roberta_sst2_lora_e4_k2/hpo/cagrad/trial_runs/coord_05_method_baseline_cagrad_inner_lr_016/cagrad_s2.json --curve_out /home/zhujjing/MOE-grad-conflict-routing/runs/paper_suite/single_gpu/single_task/roberta_sst2_lora_e4_k2/hpo/cagrad/trial_runs/coord_05_method_baseline_cagrad_inner_lr_016/cagrad_s2_curve.csv
Using the latest cached version of the dataset since glue couldn't be found on the Hugging Face Hub (offline mode is enabled).
Found the latest cached dataset configuration 'sst2' at /home/zhujjing/hf_cache/datasets/glue/sst2/0.0.0/bcdcba79d07bc864c1c254ccfcedcce55bcc9a8c (last modified on Thu Mar 19 15:01:41 2026).
/home/zhujjing/anaconda3/envs/moe/lib/python3.10/site-packages/transformers/utils/hub.py:124: FutureWarning: Using `TRANSFORMERS_CACHE` is deprecated and will be removed in v5 of Transformers. Use `HF_HOME` instead.
  warnings.warn(
Some weights of RobertaModel were not initialized from the model checkpoint at roberta-base and are newly initialized: ['roberta.pooler.dense.bias', 'roberta.pooler.dense.weight']
You should probably TRAIN this model on a down-stream task to be able to use it for predictions and inference.
[step 0001/150] method=baseline_cagrad loss=0.6945 train_acc=nan train_loss=nan val_acc=nan val_loss=nan best=-1.0000
[step 0010/150] method=baseline_cagrad loss=0.7216 train_acc=nan train_loss=nan val_acc=nan val_loss=nan best=-1.0000
[step 0020/150] method=baseline_cagrad loss=0.5669 train_acc=nan train_loss=nan val_acc=nan val_loss=nan best=-1.0000
[step 0030/150] method=baseline_cagrad loss=0.0966 train_acc=nan train_loss=nan val_acc=nan val_loss=nan best=-1.0000
[step 0040/150] method=baseline_cagrad loss=0.2341 train_acc=nan train_loss=nan val_acc=nan val_loss=nan best=-1.0000
[step 0050/150] method=baseline_cagrad loss=0.5751 train_acc=0.8653 train_loss=0.3793 val_acc=0.8704 val_loss=0.3562 router_H=0.6901 best=0.8704
           router_load=[0.0, 0.29346343874931335, 0.22243238985538483, 0.4841043949127197]
[step 0060/150] method=baseline_cagrad loss=0.5034 train_acc=0.8653 train_loss=0.3793 val_acc=0.8704 val_loss=0.3562 router_H=0.6901 best=0.8704
           router_load=[0.0, 0.29346343874931335, 0.22243238985538483, 0.4841043949127197]
[step 0070/150] method=baseline_cagrad loss=0.3698 train_acc=0.8653 train_loss=0.3793 val_acc=0.8704 val_loss=0.3562 router_H=0.6901 best=0.8704
           router_load=[0.0, 0.29346343874931335, 0.22243238985538483, 0.4841043949127197]
[step 0080/150] method=baseline_cagrad loss=0.3818 train_acc=0.8653 train_loss=0.3793 val_acc=0.8704 val_loss=0.3562 router_H=0.6901 best=0.8704
           router_load=[0.0, 0.29346343874931335, 0.22243238985538483, 0.4841043949127197]
[step 0090/150] method=baseline_cagrad loss=0.1242 train_acc=0.8653 train_loss=0.3793 val_acc=0.8704 val_loss=0.3562 router_H=0.6901 best=0.8704
           router_load=[0.0, 0.29346343874931335, 0.22243238985538483, 0.4841043949127197]
[step 0100/150] method=baseline_cagrad loss=0.3590 train_acc=0.8759 train_loss=0.3668 val_acc=0.8612 val_loss=0.3770 router_H=0.6893 best=0.8704
           router_load=[0.0005039648385718465, 0.4354810118675232, 0.08283329755067825, 0.48118168115615845]
[step 0110/150] method=baseline_cagrad loss=0.4100 train_acc=0.8759 train_loss=0.3668 val_acc=0.8612 val_loss=0.3770 router_H=0.6893 best=0.8704
           router_load=[0.0005039648385718465, 0.4354810118675232, 0.08283329755067825, 0.48118168115615845]
[step 0120/150] method=baseline_cagrad loss=0.6073 train_acc=0.8759 train_loss=0.3668 val_acc=0.8612 val_loss=0.3770 router_H=0.6893 best=0.8704
           router_load=[0.0005039648385718465, 0.4354810118675232, 0.08283329755067825, 0.48118168115615845]
[step 0130/150] method=baseline_cagrad loss=0.3537 train_acc=0.8759 train_loss=0.3668 val_acc=0.8612 val_loss=0.3770 router_H=0.6893 best=0.8704
           router_load=[0.0005039648385718465, 0.4354810118675232, 0.08283329755067825, 0.48118168115615845]
[step 0140/150] method=baseline_cagrad loss=0.4953 train_acc=0.8759 train_loss=0.3668 val_acc=0.8612 val_loss=0.3770 router_H=0.6893 best=0.8704
           router_load=[0.0005039648385718465, 0.4354810118675232, 0.08283329755067825, 0.48118168115615845]
[step 0150/150] method=baseline_cagrad loss=0.5095 train_acc=0.8774 train_loss=0.3333 val_acc=0.8956 val_loss=0.3019 router_H=0.6869 best=0.8956
           router_load=[0.0004779576847795397, 0.49368101358413696, 0.020754685625433922, 0.4850862920284271]
saved summary -> /home/zhujjing/MOE-grad-conflict-routing/runs/paper_suite/single_gpu/single_task/roberta_sst2_lora_e4_k2/hpo/cagrad/trial_runs/coord_05_method_baseline_cagrad_inner_lr_016/cagrad_s2.json
saved curve -> /home/zhujjing/MOE-grad-conflict-routing/runs/paper_suite/single_gpu/single_task/roberta_sst2_lora_e4_k2/hpo/cagrad/trial_runs/coord_05_method_baseline_cagrad_inner_lr_016/cagrad_s2_curve.csv
