[run] method=cagrad candidate=coord_05_method_baseline_cagrad_inner_lr_005 seed=3 steps=150 gpu=0
[run] cmd=
/home/zhujjing/anaconda3/envs/moe/bin/python /home/zhujjing/MOE-grad-conflict-routing/scripts/run.py --config configs/singletask_sst2_real.yaml --set model.backbone_backend=hf --set model.hf_load_pretrained=true --set model.backbone=roberta --set model.hf_pretrained_name=roberta-base --set model.expert_type=lora --set model.routing_mode=topk --set model.num_experts=4 --set model.top_k=2 --set seed=3 --set method.name=baseline_cagrad --set train.steps=150 --set train.eval_every_steps=50 --set method.baseline_cagrad.c=0.1187523056 --set method.baseline_cagrad.inner_lr=0.02225676608 --set train.grad_clip=1.016176527 --set train.lr=2e-05 --set train.weight_decay=0.02884869601 --out /home/zhujjing/MOE-grad-conflict-routing/runs/paper_suite/single_gpu/single_task/roberta_sst2_lora_e4_k2/hpo/cagrad/trial_runs/coord_05_method_baseline_cagrad_inner_lr_005/cagrad_s3.json --curve_out /home/zhujjing/MOE-grad-conflict-routing/runs/paper_suite/single_gpu/single_task/roberta_sst2_lora_e4_k2/hpo/cagrad/trial_runs/coord_05_method_baseline_cagrad_inner_lr_005/cagrad_s3_curve.csv
Using the latest cached version of the dataset since glue couldn't be found on the Hugging Face Hub (offline mode is enabled).
Found the latest cached dataset configuration 'sst2' at /home/zhujjing/hf_cache/datasets/glue/sst2/0.0.0/bcdcba79d07bc864c1c254ccfcedcce55bcc9a8c (last modified on Thu Mar 19 15:01:41 2026).
/home/zhujjing/anaconda3/envs/moe/lib/python3.10/site-packages/transformers/utils/hub.py:124: FutureWarning: Using `TRANSFORMERS_CACHE` is deprecated and will be removed in v5 of Transformers. Use `HF_HOME` instead.
  warnings.warn(
Some weights of RobertaModel were not initialized from the model checkpoint at roberta-base and are newly initialized: ['roberta.pooler.dense.bias', 'roberta.pooler.dense.weight']
You should probably TRAIN this model on a down-stream task to be able to use it for predictions and inference.
[step 0001/150] method=baseline_cagrad loss=0.6793 train_acc=nan train_loss=nan val_acc=nan val_loss=nan best=-1.0000
[step 0010/150] method=baseline_cagrad loss=0.6258 train_acc=nan train_loss=nan val_acc=nan val_loss=nan best=-1.0000
[step 0020/150] method=baseline_cagrad loss=0.5650 train_acc=nan train_loss=nan val_acc=nan val_loss=nan best=-1.0000
[step 0030/150] method=baseline_cagrad loss=0.4690 train_acc=nan train_loss=nan val_acc=nan val_loss=nan best=-1.0000
[step 0040/150] method=baseline_cagrad loss=0.3973 train_acc=nan train_loss=nan val_acc=nan val_loss=nan best=-1.0000
[step 0050/150] method=baseline_cagrad loss=0.5638 train_acc=0.8819 train_loss=0.3165 val_acc=0.8888 val_loss=0.3090 router_H=0.6783 best=0.8888
           router_load=[0.07331602275371552, 0.3565484583377838, 0.0, 0.5701354742050171]
[step 0060/150] method=baseline_cagrad loss=0.3478 train_acc=0.8819 train_loss=0.3165 val_acc=0.8888 val_loss=0.3090 router_H=0.6783 best=0.8888
           router_load=[0.07331602275371552, 0.3565484583377838, 0.0, 0.5701354742050171]
[step 0070/150] method=baseline_cagrad loss=0.5136 train_acc=0.8819 train_loss=0.3165 val_acc=0.8888 val_loss=0.3090 router_H=0.6783 best=0.8888
           router_load=[0.07331602275371552, 0.3565484583377838, 0.0, 0.5701354742050171]
[step 0080/150] method=baseline_cagrad loss=0.1216 train_acc=0.8819 train_loss=0.3165 val_acc=0.8888 val_loss=0.3090 router_H=0.6783 best=0.8888
           router_load=[0.07331602275371552, 0.3565484583377838, 0.0, 0.5701354742050171]
[step 0090/150] method=baseline_cagrad loss=0.1741 train_acc=0.8819 train_loss=0.3165 val_acc=0.8888 val_loss=0.3090 router_H=0.6783 best=0.8888
           router_load=[0.07331602275371552, 0.3565484583377838, 0.0, 0.5701354742050171]
[step 0100/150] method=baseline_cagrad loss=0.4826 train_acc=0.8804 train_loss=0.3071 val_acc=0.8991 val_loss=0.2502 router_H=0.6631 best=0.8991
           router_load=[0.07154643535614014, 0.32870903611183167, 0.0, 0.5997443795204163]
[step 0110/150] method=baseline_cagrad loss=0.4701 train_acc=0.8804 train_loss=0.3071 val_acc=0.8991 val_loss=0.2502 router_H=0.6631 best=0.8991
           router_load=[0.07154643535614014, 0.32870903611183167, 0.0, 0.5997443795204163]
[step 0120/150] method=baseline_cagrad loss=0.3448 train_acc=0.8804 train_loss=0.3071 val_acc=0.8991 val_loss=0.2502 router_H=0.6631 best=0.8991
           router_load=[0.07154643535614014, 0.32870903611183167, 0.0, 0.5997443795204163]
[step 0130/150] method=baseline_cagrad loss=1.0647 train_acc=0.8804 train_loss=0.3071 val_acc=0.8991 val_loss=0.2502 router_H=0.6631 best=0.8991
           router_load=[0.07154643535614014, 0.32870903611183167, 0.0, 0.5997443795204163]
[step 0140/150] method=baseline_cagrad loss=0.1772 train_acc=0.8804 train_loss=0.3071 val_acc=0.8991 val_loss=0.2502 router_H=0.6631 best=0.8991
           router_load=[0.07154643535614014, 0.32870903611183167, 0.0, 0.5997443795204163]
[step 0150/150] method=baseline_cagrad loss=0.1902 train_acc=0.9016 train_loss=0.2646 val_acc=0.9151 val_loss=0.2351 router_H=0.6543 best=0.9151
           router_load=[0.10284443944692612, 0.2764538526535034, 0.0, 0.6207018494606018]
saved summary -> /home/zhujjing/MOE-grad-conflict-routing/runs/paper_suite/single_gpu/single_task/roberta_sst2_lora_e4_k2/hpo/cagrad/trial_runs/coord_05_method_baseline_cagrad_inner_lr_005/cagrad_s3.json
saved curve -> /home/zhujjing/MOE-grad-conflict-routing/runs/paper_suite/single_gpu/single_task/roberta_sst2_lora_e4_k2/hpo/cagrad/trial_runs/coord_05_method_baseline_cagrad_inner_lr_005/cagrad_s3_curve.csv
