[run] method=cagrad candidate=coord_05_method_baseline_cagrad_inner_lr_015 seed=3 steps=150 gpu=0
[run] cmd=
/home/zhujjing/anaconda3/envs/moe/bin/python /home/zhujjing/MOE-grad-conflict-routing/scripts/run.py --config configs/singletask_sst2_real.yaml --set model.backbone_backend=hf --set model.hf_load_pretrained=true --set model.backbone=roberta --set model.hf_pretrained_name=roberta-base --set model.expert_type=lora --set model.routing_mode=topk --set model.num_experts=4 --set model.top_k=2 --set seed=3 --set method.name=baseline_cagrad --set train.steps=150 --set train.eval_every_steps=50 --set method.baseline_cagrad.c=0.1187523056 --set method.baseline_cagrad.inner_lr=0.1550854002 --set train.grad_clip=1.016176527 --set train.lr=2e-05 --set train.weight_decay=0.02884869601 --out /home/zhujjing/MOE-grad-conflict-routing/runs/paper_suite/single_gpu/single_task/roberta_sst2_lora_e4_k2/hpo/cagrad/trial_runs/coord_05_method_baseline_cagrad_inner_lr_015/cagrad_s3.json --curve_out /home/zhujjing/MOE-grad-conflict-routing/runs/paper_suite/single_gpu/single_task/roberta_sst2_lora_e4_k2/hpo/cagrad/trial_runs/coord_05_method_baseline_cagrad_inner_lr_015/cagrad_s3_curve.csv
Using the latest cached version of the dataset since glue couldn't be found on the Hugging Face Hub (offline mode is enabled).
Found the latest cached dataset configuration 'sst2' at /home/zhujjing/hf_cache/datasets/glue/sst2/0.0.0/bcdcba79d07bc864c1c254ccfcedcce55bcc9a8c (last modified on Thu Mar 19 15:01:41 2026).
/home/zhujjing/anaconda3/envs/moe/lib/python3.10/site-packages/transformers/utils/hub.py:124: FutureWarning: Using `TRANSFORMERS_CACHE` is deprecated and will be removed in v5 of Transformers. Use `HF_HOME` instead.
  warnings.warn(
Some weights of RobertaModel were not initialized from the model checkpoint at roberta-base and are newly initialized: ['roberta.pooler.dense.bias', 'roberta.pooler.dense.weight']
You should probably TRAIN this model on a down-stream task to be able to use it for predictions and inference.
[step 0001/150] method=baseline_cagrad loss=0.6485 train_acc=nan train_loss=nan val_acc=nan val_loss=nan best=-1.0000
[step 0010/150] method=baseline_cagrad loss=0.6534 train_acc=nan train_loss=nan val_acc=nan val_loss=nan best=-1.0000
[step 0020/150] method=baseline_cagrad loss=0.6184 train_acc=nan train_loss=nan val_acc=nan val_loss=nan best=-1.0000
[step 0030/150] method=baseline_cagrad loss=0.4879 train_acc=nan train_loss=nan val_acc=nan val_loss=nan best=-1.0000
[step 0040/150] method=baseline_cagrad loss=0.6494 train_acc=nan train_loss=nan val_acc=nan val_loss=nan best=-1.0000
[step 0050/150] method=baseline_cagrad loss=0.5189 train_acc=0.8739 train_loss=0.3255 val_acc=0.8750 val_loss=0.3153 router_H=0.6787 best=0.8750
           router_load=[0.5626287460327148, 0.022167326882481575, 0.41520392894744873, 0.0]
[step 0060/150] method=baseline_cagrad loss=0.5130 train_acc=0.8739 train_loss=0.3255 val_acc=0.8750 val_loss=0.3153 router_H=0.6787 best=0.8750
           router_load=[0.5626287460327148, 0.022167326882481575, 0.41520392894744873, 0.0]
[step 0070/150] method=baseline_cagrad loss=0.4143 train_acc=0.8739 train_loss=0.3255 val_acc=0.8750 val_loss=0.3153 router_H=0.6787 best=0.8750
           router_load=[0.5626287460327148, 0.022167326882481575, 0.41520392894744873, 0.0]
[step 0080/150] method=baseline_cagrad loss=0.3852 train_acc=0.8739 train_loss=0.3255 val_acc=0.8750 val_loss=0.3153 router_H=0.6787 best=0.8750
           router_load=[0.5626287460327148, 0.022167326882481575, 0.41520392894744873, 0.0]
[step 0090/150] method=baseline_cagrad loss=0.3312 train_acc=0.8739 train_loss=0.3255 val_acc=0.8750 val_loss=0.3153 router_H=0.6787 best=0.8750
           router_load=[0.5626287460327148, 0.022167326882481575, 0.41520392894744873, 0.0]
[step 0100/150] method=baseline_cagrad loss=0.3703 train_acc=0.8895 train_loss=0.2903 val_acc=0.9048 val_loss=0.2570 router_H=0.6774 best=0.9048
           router_load=[0.554273784160614, 0.019597060978412628, 0.42567241191864014, 0.0004568783042486757]
[step 0110/150] method=baseline_cagrad loss=0.4757 train_acc=0.8895 train_loss=0.2903 val_acc=0.9048 val_loss=0.2570 router_H=0.6774 best=0.9048
           router_load=[0.554273784160614, 0.019597060978412628, 0.42567241191864014, 0.0004568783042486757]
[step 0120/150] method=baseline_cagrad loss=0.4722 train_acc=0.8895 train_loss=0.2903 val_acc=0.9048 val_loss=0.2570 router_H=0.6774 best=0.9048
           router_load=[0.554273784160614, 0.019597060978412628, 0.42567241191864014, 0.0004568783042486757]
[step 0130/150] method=baseline_cagrad loss=0.2610 train_acc=0.8895 train_loss=0.2903 val_acc=0.9048 val_loss=0.2570 router_H=0.6774 best=0.9048
           router_load=[0.554273784160614, 0.019597060978412628, 0.42567241191864014, 0.0004568783042486757]
[step 0140/150] method=baseline_cagrad loss=0.2551 train_acc=0.8895 train_loss=0.2903 val_acc=0.9048 val_loss=0.2570 router_H=0.6774 best=0.9048
           router_load=[0.554273784160614, 0.019597060978412628, 0.42567241191864014, 0.0004568783042486757]
[step 0150/150] method=baseline_cagrad loss=0.1435 train_acc=0.8954 train_loss=0.3188 val_acc=0.9163 val_loss=0.2708 router_H=0.6574 best=0.9163
           router_load=[0.620241641998291, 0.07395216822624207, 0.2729032635688782, 0.032902974635362625]
saved summary -> /home/zhujjing/MOE-grad-conflict-routing/runs/paper_suite/single_gpu/single_task/roberta_sst2_lora_e4_k2/hpo/cagrad/trial_runs/coord_05_method_baseline_cagrad_inner_lr_015/cagrad_s3.json
saved curve -> /home/zhujjing/MOE-grad-conflict-routing/runs/paper_suite/single_gpu/single_task/roberta_sst2_lora_e4_k2/hpo/cagrad/trial_runs/coord_05_method_baseline_cagrad_inner_lr_015/cagrad_s3_curve.csv
