[run] method=ours candidate=coord_01_train_lr_022 seed=2 steps=150 gpu=0
[run] cmd=
/home/zhujjing/anaconda3/envs/moe/bin/python /home/zhujjing/MOE-grad-conflict-routing/scripts/run.py --config configs/singletask_mrpc_real.yaml --set model.backbone_backend=hf --set model.hf_load_pretrained=true --set model.backbone=roberta --set model.hf_pretrained_name=roberta-base --set model.expert_type=lora --set model.routing_mode=topk --set model.num_experts=4 --set model.top_k=2 --set seed=2 --set method.name=ours --set train.steps=150 --set train.eval_every_steps=50 --set method.ours.use_load_norm=true --set method.ours.lambda_align=0.001 --set train.grad_clip=1 --set train.lr=5.80675235e-06 --set train.weight_decay=0.01 --out /home/zhujjing/MOE-grad-conflict-routing/runs/paper_suite/single_gpu/single_task/roberta_mrpc_lora_e4_k2/hpo/ours/trial_runs/coord_01_train_lr_022/ours_s2.json --curve_out /home/zhujjing/MOE-grad-conflict-routing/runs/paper_suite/single_gpu/single_task/roberta_mrpc_lora_e4_k2/hpo/ours/trial_runs/coord_01_train_lr_022/ours_s2_curve.csv
Using the latest cached version of the dataset since glue couldn't be found on the Hugging Face Hub (offline mode is enabled).
Found the latest cached dataset configuration 'mrpc' at /home/zhujjing/hf_cache/datasets/glue/mrpc/0.0.0/bcdcba79d07bc864c1c254ccfcedcce55bcc9a8c (last modified on Thu Mar 19 15:01:06 2026).
/home/zhujjing/anaconda3/envs/moe/lib/python3.10/site-packages/transformers/utils/hub.py:124: FutureWarning: Using `TRANSFORMERS_CACHE` is deprecated and will be removed in v5 of Transformers. Use `HF_HOME` instead.
  warnings.warn(
Some weights of RobertaModel were not initialized from the model checkpoint at roberta-base and are newly initialized: ['roberta.pooler.dense.bias', 'roberta.pooler.dense.weight']
You should probably TRAIN this model on a down-stream task to be able to use it for predictions and inference.
[step 0001/150] method=ours loss=0.6581 train_acc=nan train_loss=nan val_acc=nan val_loss=nan best=-1.0000
[step 0010/150] method=ours loss=0.6348 train_acc=nan train_loss=nan val_acc=nan val_loss=nan best=-1.0000
[step 0020/150] method=ours loss=0.7091 train_acc=nan train_loss=nan val_acc=nan val_loss=nan best=-1.0000
[step 0030/150] method=ours loss=0.7193 train_acc=nan train_loss=nan val_acc=nan val_loss=nan best=-1.0000
[step 0040/150] method=ours loss=0.6914 train_acc=nan train_loss=nan val_acc=nan val_loss=nan best=-1.0000
[step 0050/150] method=ours loss=0.5002 train_acc=0.6745 train_loss=0.5824 val_acc=0.6838 val_loss=0.5798 router_H=0.6903 best=0.6838
           router_load=[0.5195361971855164, 0.18451744318008423, 0.2959463894367218, 0.0]
[step 0060/150] method=ours loss=0.6225 train_acc=0.6745 train_loss=0.5824 val_acc=0.6838 val_loss=0.5798 router_H=0.6903 best=0.6838
           router_load=[0.5195361971855164, 0.18451744318008423, 0.2959463894367218, 0.0]
[step 0070/150] method=ours loss=0.4419 train_acc=0.6745 train_loss=0.5824 val_acc=0.6838 val_loss=0.5798 router_H=0.6903 best=0.6838
           router_load=[0.5195361971855164, 0.18451744318008423, 0.2959463894367218, 0.0]
[step 0080/150] method=ours loss=0.5661 train_acc=0.6745 train_loss=0.5824 val_acc=0.6838 val_loss=0.5798 router_H=0.6903 best=0.6838
           router_load=[0.5195361971855164, 0.18451744318008423, 0.2959463894367218, 0.0]
[step 0090/150] method=ours loss=0.5270 train_acc=0.6745 train_loss=0.5824 val_acc=0.6838 val_loss=0.5798 router_H=0.6903 best=0.6838
           router_load=[0.5195361971855164, 0.18451744318008423, 0.2959463894367218, 0.0]
[step 0100/150] method=ours loss=0.5744 train_acc=0.7255 train_loss=0.4999 val_acc=0.7255 val_loss=0.5014 router_H=0.6892 best=0.7255
           router_load=[0.5038809180259705, 0.21569626033306122, 0.28042274713516235, 0.0]
[step 0110/150] method=ours loss=0.7068 train_acc=0.7255 train_loss=0.4999 val_acc=0.7255 val_loss=0.5014 router_H=0.6892 best=0.7255
           router_load=[0.5038809180259705, 0.21569626033306122, 0.28042274713516235, 0.0]
[step 0120/150] method=ours loss=0.3735 train_acc=0.7255 train_loss=0.4999 val_acc=0.7255 val_loss=0.5014 router_H=0.6892 best=0.7255
           router_load=[0.5038809180259705, 0.21569626033306122, 0.28042274713516235, 0.0]
[step 0130/150] method=ours loss=0.5261 train_acc=0.7255 train_loss=0.4999 val_acc=0.7255 val_loss=0.5014 router_H=0.6892 best=0.7255
           router_load=[0.5038809180259705, 0.21569626033306122, 0.28042274713516235, 0.0]
[step 0140/150] method=ours loss=0.4199 train_acc=0.7255 train_loss=0.4999 val_acc=0.7255 val_loss=0.5014 router_H=0.6892 best=0.7255
           router_load=[0.5038809180259705, 0.21569626033306122, 0.28042274713516235, 0.0]
[step 0150/150] method=ours loss=0.5802 train_acc=0.7944 train_loss=0.4252 val_acc=0.8088 val_loss=0.4366 router_H=0.6888 best=0.8088
           router_load=[0.4831492602825165, 0.22365958988666534, 0.29319116473197937, 0.0]
saved summary -> /home/zhujjing/MOE-grad-conflict-routing/runs/paper_suite/single_gpu/single_task/roberta_mrpc_lora_e4_k2/hpo/ours/trial_runs/coord_01_train_lr_022/ours_s2.json
saved curve -> /home/zhujjing/MOE-grad-conflict-routing/runs/paper_suite/single_gpu/single_task/roberta_mrpc_lora_e4_k2/hpo/ours/trial_runs/coord_01_train_lr_022/ours_s2_curve.csv
