[run] method=ours candidate=coord_01_train_lr_013 seed=3 steps=150 gpu=0
[run] cmd=
/home/zhujjing/anaconda3/envs/moe/bin/python /home/zhujjing/MOE-grad-conflict-routing/scripts/run.py --config configs/singletask_mrpc_real.yaml --set model.backbone_backend=hf --set model.hf_load_pretrained=true --set model.backbone=roberta --set model.hf_pretrained_name=roberta-base --set model.expert_type=lora --set model.routing_mode=topk --set model.num_experts=4 --set model.top_k=2 --set seed=3 --set method.name=ours --set train.steps=150 --set train.eval_every_steps=50 --set method.ours.use_load_norm=true --set method.ours.lambda_align=0.001 --set train.grad_clip=1 --set train.lr=5.484611636e-05 --set train.weight_decay=0.01 --out /home/zhujjing/MOE-grad-conflict-routing/runs/paper_suite/single_gpu/single_task/roberta_mrpc_lora_e4_k2/hpo/ours/trial_runs/coord_01_train_lr_013/ours_s3.json --curve_out /home/zhujjing/MOE-grad-conflict-routing/runs/paper_suite/single_gpu/single_task/roberta_mrpc_lora_e4_k2/hpo/ours/trial_runs/coord_01_train_lr_013/ours_s3_curve.csv
Using the latest cached version of the dataset since glue couldn't be found on the Hugging Face Hub (offline mode is enabled).
Found the latest cached dataset configuration 'mrpc' at /home/zhujjing/hf_cache/datasets/glue/mrpc/0.0.0/bcdcba79d07bc864c1c254ccfcedcce55bcc9a8c (last modified on Thu Mar 19 15:01:06 2026).
/home/zhujjing/anaconda3/envs/moe/lib/python3.10/site-packages/transformers/utils/hub.py:124: FutureWarning: Using `TRANSFORMERS_CACHE` is deprecated and will be removed in v5 of Transformers. Use `HF_HOME` instead.
  warnings.warn(
Some weights of RobertaModel were not initialized from the model checkpoint at roberta-base and are newly initialized: ['roberta.pooler.dense.bias', 'roberta.pooler.dense.weight']
You should probably TRAIN this model on a down-stream task to be able to use it for predictions and inference.
[step 0001/150] method=ours loss=0.7382 train_acc=nan train_loss=nan val_acc=nan val_loss=nan best=-1.0000
[step 0010/150] method=ours loss=0.7201 train_acc=nan train_loss=nan val_acc=nan val_loss=nan best=-1.0000
[step 0020/150] method=ours loss=0.7118 train_acc=nan train_loss=nan val_acc=nan val_loss=nan best=-1.0000
[step 0030/150] method=ours loss=0.5492 train_acc=nan train_loss=nan val_acc=nan val_loss=nan best=-1.0000
[step 0040/150] method=ours loss=0.6256 train_acc=nan train_loss=nan val_acc=nan val_loss=nan best=-1.0000
[step 0050/150] method=ours loss=0.5001 train_acc=0.7773 train_loss=0.4736 val_acc=0.7647 val_loss=0.4697 router_H=0.6918 best=0.7647
           router_load=[0.34429001808166504, 0.09624379873275757, 0.4149644076824188, 0.14450177550315857]
[step 0060/150] method=ours loss=0.4725 train_acc=0.7773 train_loss=0.4736 val_acc=0.7647 val_loss=0.4697 router_H=0.6918 best=0.7647
           router_load=[0.34429001808166504, 0.09624379873275757, 0.4149644076824188, 0.14450177550315857]
[step 0070/150] method=ours loss=0.3687 train_acc=0.7773 train_loss=0.4736 val_acc=0.7647 val_loss=0.4697 router_H=0.6918 best=0.7647
           router_load=[0.34429001808166504, 0.09624379873275757, 0.4149644076824188, 0.14450177550315857]
[step 0080/150] method=ours loss=0.3873 train_acc=0.7773 train_loss=0.4736 val_acc=0.7647 val_loss=0.4697 router_H=0.6918 best=0.7647
           router_load=[0.34429001808166504, 0.09624379873275757, 0.4149644076824188, 0.14450177550315857]
[step 0090/150] method=ours loss=0.5171 train_acc=0.7773 train_loss=0.4736 val_acc=0.7647 val_loss=0.4697 router_H=0.6918 best=0.7647
           router_load=[0.34429001808166504, 0.09624379873275757, 0.4149644076824188, 0.14450177550315857]
[step 0100/150] method=ours loss=0.6534 train_acc=0.8348 train_loss=0.3909 val_acc=0.7966 val_loss=0.4248 router_H=0.6910 best=0.7966
           router_load=[0.08514489233493805, 0.006701833568513393, 0.5179486870765686, 0.3902045488357544]
[step 0110/150] method=ours loss=0.4919 train_acc=0.8348 train_loss=0.3909 val_acc=0.7966 val_loss=0.4248 router_H=0.6910 best=0.7966
           router_load=[0.08514489233493805, 0.006701833568513393, 0.5179486870765686, 0.3902045488357544]
[step 0120/150] method=ours loss=0.7782 train_acc=0.8348 train_loss=0.3909 val_acc=0.7966 val_loss=0.4248 router_H=0.6910 best=0.7966
           router_load=[0.08514489233493805, 0.006701833568513393, 0.5179486870765686, 0.3902045488357544]
[step 0130/150] method=ours loss=0.4882 train_acc=0.8348 train_loss=0.3909 val_acc=0.7966 val_loss=0.4248 router_H=0.6910 best=0.7966
           router_load=[0.08514489233493805, 0.006701833568513393, 0.5179486870765686, 0.3902045488357544]
[step 0140/150] method=ours loss=0.6048 train_acc=0.8348 train_loss=0.3909 val_acc=0.7966 val_loss=0.4248 router_H=0.6910 best=0.7966
           router_load=[0.08514489233493805, 0.006701833568513393, 0.5179486870765686, 0.3902045488357544]
[step 0150/150] method=ours loss=0.6388 train_acc=0.7816 train_loss=0.4418 val_acc=0.7647 val_loss=0.4716 router_H=0.6922 best=0.7966
           router_load=[0.0012080416781827807, 0.32201460003852844, 0.30730950832366943, 0.3694678544998169]
saved summary -> /home/zhujjing/MOE-grad-conflict-routing/runs/paper_suite/single_gpu/single_task/roberta_mrpc_lora_e4_k2/hpo/ours/trial_runs/coord_01_train_lr_013/ours_s3.json
saved curve -> /home/zhujjing/MOE-grad-conflict-routing/runs/paper_suite/single_gpu/single_task/roberta_mrpc_lora_e4_k2/hpo/ours/trial_runs/coord_01_train_lr_013/ours_s3_curve.csv
