[run] method=ours candidate=coord_01_train_lr_008 seed=3 steps=150 gpu=0
[run] cmd=
/home/zhujjing/anaconda3/envs/moe/bin/python /home/zhujjing/MOE-grad-conflict-routing/scripts/run.py --config configs/singletask_mrpc_real.yaml --set model.backbone_backend=hf --set model.hf_load_pretrained=true --set model.backbone=roberta --set model.hf_pretrained_name=roberta-base --set model.expert_type=lora --set model.routing_mode=topk --set model.num_experts=4 --set model.top_k=2 --set seed=3 --set method.name=ours --set train.steps=150 --set train.eval_every_steps=50 --set method.ours.use_load_norm=true --set method.ours.lambda_align=0.001 --set train.grad_clip=1 --set train.lr=1.595254206e-05 --set train.weight_decay=0.01 --out /home/zhujjing/MOE-grad-conflict-routing/runs/paper_suite/single_gpu/single_task/roberta_mrpc_lora_e4_k2/hpo/ours/trial_runs/coord_01_train_lr_008/ours_s3.json --curve_out /home/zhujjing/MOE-grad-conflict-routing/runs/paper_suite/single_gpu/single_task/roberta_mrpc_lora_e4_k2/hpo/ours/trial_runs/coord_01_train_lr_008/ours_s3_curve.csv
Using the latest cached version of the dataset since glue couldn't be found on the Hugging Face Hub (offline mode is enabled).
Found the latest cached dataset configuration 'mrpc' at /home/zhujjing/hf_cache/datasets/glue/mrpc/0.0.0/bcdcba79d07bc864c1c254ccfcedcce55bcc9a8c (last modified on Thu Mar 19 15:01:06 2026).
/home/zhujjing/anaconda3/envs/moe/lib/python3.10/site-packages/transformers/utils/hub.py:124: FutureWarning: Using `TRANSFORMERS_CACHE` is deprecated and will be removed in v5 of Transformers. Use `HF_HOME` instead.
  warnings.warn(
Some weights of RobertaModel were not initialized from the model checkpoint at roberta-base and are newly initialized: ['roberta.pooler.dense.bias', 'roberta.pooler.dense.weight']
You should probably TRAIN this model on a down-stream task to be able to use it for predictions and inference.
[step 0001/150] method=ours loss=0.6698 train_acc=nan train_loss=nan val_acc=nan val_loss=nan best=-1.0000
[step 0010/150] method=ours loss=0.6870 train_acc=nan train_loss=nan val_acc=nan val_loss=nan best=-1.0000
[step 0020/150] method=ours loss=0.6175 train_acc=nan train_loss=nan val_acc=nan val_loss=nan best=-1.0000
[step 0030/150] method=ours loss=0.5551 train_acc=nan train_loss=nan val_acc=nan val_loss=nan best=-1.0000
[step 0040/150] method=ours loss=0.6498 train_acc=nan train_loss=nan val_acc=nan val_loss=nan best=-1.0000
[step 0050/150] method=ours loss=0.5011 train_acc=0.7465 train_loss=0.5038 val_acc=0.7426 val_loss=0.4979 router_H=0.6888 best=0.7426
           router_load=[0.5323145985603333, 0.3725421726703644, 0.09514325857162476, 0.0]
[step 0060/150] method=ours loss=0.5081 train_acc=0.7465 train_loss=0.5038 val_acc=0.7426 val_loss=0.4979 router_H=0.6888 best=0.7426
           router_load=[0.5323145985603333, 0.3725421726703644, 0.09514325857162476, 0.0]
[step 0070/150] method=ours loss=0.4539 train_acc=0.7465 train_loss=0.5038 val_acc=0.7426 val_loss=0.4979 router_H=0.6888 best=0.7426
           router_load=[0.5323145985603333, 0.3725421726703644, 0.09514325857162476, 0.0]
[step 0080/150] method=ours loss=0.5162 train_acc=0.7465 train_loss=0.5038 val_acc=0.7426 val_loss=0.4979 router_H=0.6888 best=0.7426
           router_load=[0.5323145985603333, 0.3725421726703644, 0.09514325857162476, 0.0]
[step 0090/150] method=ours loss=0.6290 train_acc=0.7465 train_loss=0.5038 val_acc=0.7426 val_loss=0.4979 router_H=0.6888 best=0.7426
           router_load=[0.5323145985603333, 0.3725421726703644, 0.09514325857162476, 0.0]
[step 0100/150] method=ours loss=0.5773 train_acc=0.8312 train_loss=0.3791 val_acc=0.8186 val_loss=0.3839 router_H=0.6911 best=0.8186
           router_load=[0.3998081684112549, 0.2935030162334442, 0.20273727178573608, 0.10395155847072601]
[step 0110/150] method=ours loss=0.5139 train_acc=0.8312 train_loss=0.3791 val_acc=0.8186 val_loss=0.3839 router_H=0.6911 best=0.8186
           router_load=[0.3998081684112549, 0.2935030162334442, 0.20273727178573608, 0.10395155847072601]
[step 0120/150] method=ours loss=0.2703 train_acc=0.8312 train_loss=0.3791 val_acc=0.8186 val_loss=0.3839 router_H=0.6911 best=0.8186
           router_load=[0.3998081684112549, 0.2935030162334442, 0.20273727178573608, 0.10395155847072601]
[step 0130/150] method=ours loss=0.3378 train_acc=0.8312 train_loss=0.3791 val_acc=0.8186 val_loss=0.3839 router_H=0.6911 best=0.8186
           router_load=[0.3998081684112549, 0.2935030162334442, 0.20273727178573608, 0.10395155847072601]
[step 0140/150] method=ours loss=0.5015 train_acc=0.8312 train_loss=0.3791 val_acc=0.8186 val_loss=0.3839 router_H=0.6911 best=0.8186
           router_load=[0.3998081684112549, 0.2935030162334442, 0.20273727178573608, 0.10395155847072601]
[step 0150/150] method=ours loss=0.4405 train_acc=0.8618 train_loss=0.3446 val_acc=0.8431 val_loss=0.3605 router_H=0.6905 best=0.8431
           router_load=[0.5132438540458679, 0.3066557049751282, 0.15117108821868896, 0.028929226100444794]
saved summary -> /home/zhujjing/MOE-grad-conflict-routing/runs/paper_suite/single_gpu/single_task/roberta_mrpc_lora_e4_k2/hpo/ours/trial_runs/coord_01_train_lr_008/ours_s3.json
saved curve -> /home/zhujjing/MOE-grad-conflict-routing/runs/paper_suite/single_gpu/single_task/roberta_mrpc_lora_e4_k2/hpo/ours/trial_runs/coord_01_train_lr_008/ours_s3_curve.csv
