[run] method=baseline candidate=local_var_topk_018 seed=2 steps=150 gpu=0
[run] cmd=
/home/zhujjing/anaconda3/envs/moe/bin/python /home/zhujjing/MOE-grad-conflict-routing/scripts/run.py --config configs/singletask_mrpc_real.yaml --set model.backbone_backend=hf --set model.hf_load_pretrained=true --set model.backbone=roberta --set model.hf_pretrained_name=roberta-base --set model.expert_type=ffn --set model.routing_mode=topk --set model.num_experts=4 --set model.top_k=2 --set seed=2 --set method.name=baseline_avg --set train.steps=150 --set train.eval_every_steps=50 --set train.grad_clip=1.572120212 --set train.lr=7.684755e-05 --set train.weight_decay=0.004875709175 --out /home/zhujjing/MOE-grad-conflict-routing/runs/paper_suite/single_gpu/single_task/roberta_mrpc_ffn_e4_k2/hpo/baseline/trial_runs/local_var_topk_018/baseline_s2.json --curve_out /home/zhujjing/MOE-grad-conflict-routing/runs/paper_suite/single_gpu/single_task/roberta_mrpc_ffn_e4_k2/hpo/baseline/trial_runs/local_var_topk_018/baseline_s2_curve.csv
Using the latest cached version of the dataset since glue couldn't be found on the Hugging Face Hub (offline mode is enabled).
Found the latest cached dataset configuration 'mrpc' at /home/zhujjing/hf_cache/datasets/glue/mrpc/0.0.0/bcdcba79d07bc864c1c254ccfcedcce55bcc9a8c (last modified on Thu Mar 19 15:01:06 2026).
/home/zhujjing/anaconda3/envs/moe/lib/python3.10/site-packages/transformers/utils/hub.py:124: FutureWarning: Using `TRANSFORMERS_CACHE` is deprecated and will be removed in v5 of Transformers. Use `HF_HOME` instead.
  warnings.warn(
Some weights of RobertaModel were not initialized from the model checkpoint at roberta-base and are newly initialized: ['roberta.pooler.dense.bias', 'roberta.pooler.dense.weight']
You should probably TRAIN this model on a down-stream task to be able to use it for predictions and inference.
[step 0001/150] method=baseline_avg loss=0.6941 train_acc=nan train_loss=nan val_acc=nan val_loss=nan best=-1.0000
[step 0010/150] method=baseline_avg loss=0.7151 train_acc=nan train_loss=nan val_acc=nan val_loss=nan best=-1.0000
[step 0020/150] method=baseline_avg loss=0.6876 train_acc=nan train_loss=nan val_acc=nan val_loss=nan best=-1.0000
[step 0030/150] method=baseline_avg loss=0.6978 train_acc=nan train_loss=nan val_acc=nan val_loss=nan best=-1.0000
[step 0040/150] method=baseline_avg loss=0.5581 train_acc=nan train_loss=nan val_acc=nan val_loss=nan best=-1.0000
[step 0050/150] method=baseline_avg loss=0.5358 train_acc=0.6982 train_loss=0.5644 val_acc=0.6985 val_loss=0.5651 router_H=0.6924 best=0.6985
           router_load=[0.028395557776093483, 0.4881097674369812, 0.48349469900131226, 0.0]
[step 0060/150] method=baseline_avg loss=0.6585 train_acc=0.6982 train_loss=0.5644 val_acc=0.6985 val_loss=0.5651 router_H=0.6924 best=0.6985
           router_load=[0.028395557776093483, 0.4881097674369812, 0.48349469900131226, 0.0]
[step 0070/150] method=baseline_avg loss=0.3976 train_acc=0.6982 train_loss=0.5644 val_acc=0.6985 val_loss=0.5651 router_H=0.6924 best=0.6985
           router_load=[0.028395557776093483, 0.4881097674369812, 0.48349469900131226, 0.0]
[step 0080/150] method=baseline_avg loss=0.3646 train_acc=0.6982 train_loss=0.5644 val_acc=0.6985 val_loss=0.5651 router_H=0.6924 best=0.6985
           router_load=[0.028395557776093483, 0.4881097674369812, 0.48349469900131226, 0.0]
[step 0090/150] method=baseline_avg loss=0.5403 train_acc=0.6982 train_loss=0.5644 val_acc=0.6985 val_loss=0.5651 router_H=0.6924 best=0.6985
           router_load=[0.028395557776093483, 0.4881097674369812, 0.48349469900131226, 0.0]
[step 0100/150] method=baseline_avg loss=0.5257 train_acc=0.7658 train_loss=0.5168 val_acc=0.7304 val_loss=0.5357 router_H=0.6895 best=0.7304
           router_load=[0.01912079192698002, 0.5191899538040161, 0.11051914095878601, 0.3511701822280884]
[step 0110/150] method=baseline_avg loss=0.9533 train_acc=0.7658 train_loss=0.5168 val_acc=0.7304 val_loss=0.5357 router_H=0.6895 best=0.7304
           router_load=[0.01912079192698002, 0.5191899538040161, 0.11051914095878601, 0.3511701822280884]
[step 0120/150] method=baseline_avg loss=0.5286 train_acc=0.7658 train_loss=0.5168 val_acc=0.7304 val_loss=0.5357 router_H=0.6895 best=0.7304
           router_load=[0.01912079192698002, 0.5191899538040161, 0.11051914095878601, 0.3511701822280884]
[step 0130/150] method=baseline_avg loss=0.6162 train_acc=0.7658 train_loss=0.5168 val_acc=0.7304 val_loss=0.5357 router_H=0.6895 best=0.7304
           router_load=[0.01912079192698002, 0.5191899538040161, 0.11051914095878601, 0.3511701822280884]
[step 0140/150] method=baseline_avg loss=0.4060 train_acc=0.7658 train_loss=0.5168 val_acc=0.7304 val_loss=0.5357 router_H=0.6895 best=0.7304
           router_load=[0.01912079192698002, 0.5191899538040161, 0.11051914095878601, 0.3511701822280884]
[step 0150/150] method=baseline_avg loss=0.5927 train_acc=0.8302 train_loss=0.3912 val_acc=0.8431 val_loss=0.3807 router_H=0.6743 best=0.8431
           router_load=[0.0, 0.15406036376953125, 0.44016388058662415, 0.405775785446167]
saved summary -> /home/zhujjing/MOE-grad-conflict-routing/runs/paper_suite/single_gpu/single_task/roberta_mrpc_ffn_e4_k2/hpo/baseline/trial_runs/local_var_topk_018/baseline_s2.json
saved curve -> /home/zhujjing/MOE-grad-conflict-routing/runs/paper_suite/single_gpu/single_task/roberta_mrpc_ffn_e4_k2/hpo/baseline/trial_runs/local_var_topk_018/baseline_s2_curve.csv
