[run] method=baseline candidate=local_var_topk_012 seed=3 steps=150 gpu=0
[run] cmd=
/home/zhujjing/anaconda3/envs/moe/bin/python /home/zhujjing/MOE-grad-conflict-routing/scripts/run.py --config configs/singletask_mrpc_real.yaml --set model.backbone_backend=hf --set model.hf_load_pretrained=true --set model.backbone=roberta --set model.hf_pretrained_name=roberta-base --set model.expert_type=ffn --set model.routing_mode=topk --set model.num_experts=4 --set model.top_k=2 --set seed=3 --set method.name=baseline_avg --set train.steps=150 --set train.eval_every_steps=50 --set train.grad_clip=1.872120212 --set train.lr=3.8423775e-05 --set train.weight_decay=0.004875709175 --out /home/zhujjing/MOE-grad-conflict-routing/runs/paper_suite/single_gpu/single_task/roberta_mrpc_ffn_e4_k2/hpo/baseline/trial_runs/local_var_topk_012/baseline_s3.json --curve_out /home/zhujjing/MOE-grad-conflict-routing/runs/paper_suite/single_gpu/single_task/roberta_mrpc_ffn_e4_k2/hpo/baseline/trial_runs/local_var_topk_012/baseline_s3_curve.csv
Using the latest cached version of the dataset since glue couldn't be found on the Hugging Face Hub (offline mode is enabled).
Found the latest cached dataset configuration 'mrpc' at /home/zhujjing/hf_cache/datasets/glue/mrpc/0.0.0/bcdcba79d07bc864c1c254ccfcedcce55bcc9a8c (last modified on Thu Mar 19 15:01:06 2026).
/home/zhujjing/anaconda3/envs/moe/lib/python3.10/site-packages/transformers/utils/hub.py:124: FutureWarning: Using `TRANSFORMERS_CACHE` is deprecated and will be removed in v5 of Transformers. Use `HF_HOME` instead.
  warnings.warn(
Some weights of RobertaModel were not initialized from the model checkpoint at roberta-base and are newly initialized: ['roberta.pooler.dense.bias', 'roberta.pooler.dense.weight']
You should probably TRAIN this model on a down-stream task to be able to use it for predictions and inference.
[step 0001/150] method=baseline_avg loss=0.6885 train_acc=nan train_loss=nan val_acc=nan val_loss=nan best=-1.0000
[step 0010/150] method=baseline_avg loss=0.6722 train_acc=nan train_loss=nan val_acc=nan val_loss=nan best=-1.0000
[step 0020/150] method=baseline_avg loss=0.7876 train_acc=nan train_loss=nan val_acc=nan val_loss=nan best=-1.0000
[step 0030/150] method=baseline_avg loss=0.5634 train_acc=nan train_loss=nan val_acc=nan val_loss=nan best=-1.0000
[step 0040/150] method=baseline_avg loss=0.6455 train_acc=nan train_loss=nan val_acc=nan val_loss=nan best=-1.0000
[step 0050/150] method=baseline_avg loss=0.5243 train_acc=0.7443 train_loss=0.4921 val_acc=0.7426 val_loss=0.4890 router_H=0.4243 best=0.7426
           router_load=[0.0020352541469037533, 0.7905511260032654, 0.003540074685588479, 0.20387358963489532]
[step 0060/150] method=baseline_avg loss=0.4854 train_acc=0.7443 train_loss=0.4921 val_acc=0.7426 val_loss=0.4890 router_H=0.4243 best=0.7426
           router_load=[0.0020352541469037533, 0.7905511260032654, 0.003540074685588479, 0.20387358963489532]
[step 0070/150] method=baseline_avg loss=0.5363 train_acc=0.7443 train_loss=0.4921 val_acc=0.7426 val_loss=0.4890 router_H=0.4243 best=0.7426
           router_load=[0.0020352541469037533, 0.7905511260032654, 0.003540074685588479, 0.20387358963489532]
[step 0080/150] method=baseline_avg loss=0.5092 train_acc=0.7443 train_loss=0.4921 val_acc=0.7426 val_loss=0.4890 router_H=0.4243 best=0.7426
           router_load=[0.0020352541469037533, 0.7905511260032654, 0.003540074685588479, 0.20387358963489532]
[step 0090/150] method=baseline_avg loss=0.6967 train_acc=0.7443 train_loss=0.4921 val_acc=0.7426 val_loss=0.4890 router_H=0.4243 best=0.7426
           router_load=[0.0020352541469037533, 0.7905511260032654, 0.003540074685588479, 0.20387358963489532]
[step 0100/150] method=baseline_avg loss=0.3976 train_acc=0.7972 train_loss=0.4325 val_acc=0.8162 val_loss=0.4331 router_H=0.4910 best=0.8162
           router_load=[0.01550538744777441, 0.7185006141662598, 0.0, 0.26599404215812683]
[step 0110/150] method=baseline_avg loss=0.3656 train_acc=0.7972 train_loss=0.4325 val_acc=0.8162 val_loss=0.4331 router_H=0.4910 best=0.8162
           router_load=[0.01550538744777441, 0.7185006141662598, 0.0, 0.26599404215812683]
[step 0120/150] method=baseline_avg loss=0.2225 train_acc=0.7972 train_loss=0.4325 val_acc=0.8162 val_loss=0.4331 router_H=0.4910 best=0.8162
           router_load=[0.01550538744777441, 0.7185006141662598, 0.0, 0.26599404215812683]
[step 0130/150] method=baseline_avg loss=0.4452 train_acc=0.7972 train_loss=0.4325 val_acc=0.8162 val_loss=0.4331 router_H=0.4910 best=0.8162
           router_load=[0.01550538744777441, 0.7185006141662598, 0.0, 0.26599404215812683]
[step 0140/150] method=baseline_avg loss=0.5658 train_acc=0.7972 train_loss=0.4325 val_acc=0.8162 val_loss=0.4331 router_H=0.4910 best=0.8162
           router_load=[0.01550538744777441, 0.7185006141662598, 0.0, 0.26599404215812683]
[step 0150/150] method=baseline_avg loss=0.4541 train_acc=0.8277 train_loss=0.3704 val_acc=0.8284 val_loss=0.3603 router_H=0.4562 best=0.8284
           router_load=[0.0019095236202701926, 0.7353956699371338, 0.012359267100691795, 0.2503354549407959]
saved summary -> /home/zhujjing/MOE-grad-conflict-routing/runs/paper_suite/single_gpu/single_task/roberta_mrpc_ffn_e4_k2/hpo/baseline/trial_runs/local_var_topk_012/baseline_s3.json
saved curve -> /home/zhujjing/MOE-grad-conflict-routing/runs/paper_suite/single_gpu/single_task/roberta_mrpc_ffn_e4_k2/hpo/baseline/trial_runs/local_var_topk_012/baseline_s3_curve.csv
