[run] method=baseline candidate=local_var_topk_001 seed=2 steps=150 gpu=0
[run] cmd=
/home/zhujjing/anaconda3/envs/moe/bin/python /home/zhujjing/MOE-grad-conflict-routing/scripts/run.py --config configs/singletask_mrpc_real.yaml --set model.backbone_backend=hf --set model.hf_load_pretrained=true --set model.backbone=roberta --set model.hf_pretrained_name=roberta-base --set model.expert_type=ffn --set model.routing_mode=topk --set model.num_experts=4 --set model.top_k=2 --set seed=2 --set method.name=baseline_avg --set train.steps=150 --set train.eval_every_steps=50 --set train.grad_clip=1.572120212 --set train.lr=1.9211887e-05 --set train.weight_decay=0.01487570917 --out /home/zhujjing/MOE-grad-conflict-routing/runs/paper_suite/single_gpu/single_task/roberta_mrpc_ffn_e4_k2/hpo/baseline/trial_runs/local_var_topk_001/baseline_s2.json --curve_out /home/zhujjing/MOE-grad-conflict-routing/runs/paper_suite/single_gpu/single_task/roberta_mrpc_ffn_e4_k2/hpo/baseline/trial_runs/local_var_topk_001/baseline_s2_curve.csv
Using the latest cached version of the dataset since glue couldn't be found on the Hugging Face Hub (offline mode is enabled).
Found the latest cached dataset configuration 'mrpc' at /home/zhujjing/hf_cache/datasets/glue/mrpc/0.0.0/bcdcba79d07bc864c1c254ccfcedcce55bcc9a8c (last modified on Thu Mar 19 15:01:06 2026).
/home/zhujjing/anaconda3/envs/moe/lib/python3.10/site-packages/transformers/utils/hub.py:124: FutureWarning: Using `TRANSFORMERS_CACHE` is deprecated and will be removed in v5 of Transformers. Use `HF_HOME` instead.
  warnings.warn(
Some weights of RobertaModel were not initialized from the model checkpoint at roberta-base and are newly initialized: ['roberta.pooler.dense.bias', 'roberta.pooler.dense.weight']
You should probably TRAIN this model on a down-stream task to be able to use it for predictions and inference.
[step 0001/150] method=baseline_avg loss=0.7040 train_acc=nan train_loss=nan val_acc=nan val_loss=nan best=-1.0000
[step 0010/150] method=baseline_avg loss=0.6321 train_acc=nan train_loss=nan val_acc=nan val_loss=nan best=-1.0000
[step 0020/150] method=baseline_avg loss=0.6852 train_acc=nan train_loss=nan val_acc=nan val_loss=nan best=-1.0000
[step 0030/150] method=baseline_avg loss=0.7391 train_acc=nan train_loss=nan val_acc=nan val_loss=nan best=-1.0000
[step 0040/150] method=baseline_avg loss=0.6017 train_acc=nan train_loss=nan val_acc=nan val_loss=nan best=-1.0000
[step 0050/150] method=baseline_avg loss=0.4418 train_acc=0.7077 train_loss=0.5284 val_acc=0.7157 val_loss=0.5245 router_H=0.5858 best=0.7157
           router_load=[0.26918935775756836, 0.0, 0.6949487328529358, 0.03586198389530182]
[step 0060/150] method=baseline_avg loss=0.6112 train_acc=0.7077 train_loss=0.5284 val_acc=0.7157 val_loss=0.5245 router_H=0.5858 best=0.7157
           router_load=[0.26918935775756836, 0.0, 0.6949487328529358, 0.03586198389530182]
[step 0070/150] method=baseline_avg loss=0.3464 train_acc=0.7077 train_loss=0.5284 val_acc=0.7157 val_loss=0.5245 router_H=0.5858 best=0.7157
           router_load=[0.26918935775756836, 0.0, 0.6949487328529358, 0.03586198389530182]
[step 0080/150] method=baseline_avg loss=0.3975 train_acc=0.7077 train_loss=0.5284 val_acc=0.7157 val_loss=0.5245 router_H=0.5858 best=0.7157
           router_load=[0.26918935775756836, 0.0, 0.6949487328529358, 0.03586198389530182]
[step 0090/150] method=baseline_avg loss=0.4287 train_acc=0.7077 train_loss=0.5284 val_acc=0.7157 val_loss=0.5245 router_H=0.5858 best=0.7157
           router_load=[0.26918935775756836, 0.0, 0.6949487328529358, 0.03586198389530182]
[step 0100/150] method=baseline_avg loss=0.4719 train_acc=0.8198 train_loss=0.4160 val_acc=0.8162 val_loss=0.4042 router_H=0.4734 best=0.8162
           router_load=[0.17564642429351807, 0.009466041810810566, 0.772947371006012, 0.04194003343582153]
[step 0110/150] method=baseline_avg loss=0.6173 train_acc=0.8198 train_loss=0.4160 val_acc=0.8162 val_loss=0.4042 router_H=0.4734 best=0.8162
           router_load=[0.17564642429351807, 0.009466041810810566, 0.772947371006012, 0.04194003343582153]
[step 0120/150] method=baseline_avg loss=0.2805 train_acc=0.8198 train_loss=0.4160 val_acc=0.8162 val_loss=0.4042 router_H=0.4734 best=0.8162
           router_load=[0.17564642429351807, 0.009466041810810566, 0.772947371006012, 0.04194003343582153]
[step 0130/150] method=baseline_avg loss=0.5098 train_acc=0.8198 train_loss=0.4160 val_acc=0.8162 val_loss=0.4042 router_H=0.4734 best=0.8162
           router_load=[0.17564642429351807, 0.009466041810810566, 0.772947371006012, 0.04194003343582153]
[step 0140/150] method=baseline_avg loss=0.3763 train_acc=0.8198 train_loss=0.4160 val_acc=0.8162 val_loss=0.4042 router_H=0.4734 best=0.8162
           router_load=[0.17564642429351807, 0.009466041810810566, 0.772947371006012, 0.04194003343582153]
[step 0150/150] method=baseline_avg loss=0.6871 train_acc=0.8427 train_loss=0.4314 val_acc=0.8627 val_loss=0.4234 router_H=0.2973 best=0.8627
           router_load=[0.1255733072757721, 0.018360281363129616, 0.8526625633239746, 0.0034038759768009186]
saved summary -> /home/zhujjing/MOE-grad-conflict-routing/runs/paper_suite/single_gpu/single_task/roberta_mrpc_ffn_e4_k2/hpo/baseline/trial_runs/local_var_topk_001/baseline_s2.json
saved curve -> /home/zhujjing/MOE-grad-conflict-routing/runs/paper_suite/single_gpu/single_task/roberta_mrpc_ffn_e4_k2/hpo/baseline/trial_runs/local_var_topk_001/baseline_s2_curve.csv
