[run] method=baseline candidate=local_var_topk_007 seed=2 steps=150 gpu=0
[run] cmd=
/home/zhujjing/anaconda3/envs/moe/bin/python /home/zhujjing/MOE-grad-conflict-routing/scripts/run.py --config configs/singletask_mrpc_real.yaml --set model.backbone_backend=hf --set model.hf_load_pretrained=true --set model.backbone=roberta --set model.hf_pretrained_name=roberta-base --set model.expert_type=ffn --set model.routing_mode=topk --set model.num_experts=4 --set model.top_k=2 --set seed=2 --set method.name=baseline_avg --set train.steps=150 --set train.eval_every_steps=50 --set train.grad_clip=2 --set train.lr=1.9211887e-05 --set train.weight_decay=0.01487570917 --out /home/zhujjing/MOE-grad-conflict-routing/runs/paper_suite/single_gpu/single_task/roberta_mrpc_ffn_e4_k2/hpo/baseline/trial_runs/local_var_topk_007/baseline_s2.json --curve_out /home/zhujjing/MOE-grad-conflict-routing/runs/paper_suite/single_gpu/single_task/roberta_mrpc_ffn_e4_k2/hpo/baseline/trial_runs/local_var_topk_007/baseline_s2_curve.csv
Using the latest cached version of the dataset since glue couldn't be found on the Hugging Face Hub (offline mode is enabled).
Found the latest cached dataset configuration 'mrpc' at /home/zhujjing/hf_cache/datasets/glue/mrpc/0.0.0/bcdcba79d07bc864c1c254ccfcedcce55bcc9a8c (last modified on Thu Mar 19 15:01:06 2026).
/home/zhujjing/anaconda3/envs/moe/lib/python3.10/site-packages/transformers/utils/hub.py:124: FutureWarning: Using `TRANSFORMERS_CACHE` is deprecated and will be removed in v5 of Transformers. Use `HF_HOME` instead.
  warnings.warn(
Some weights of RobertaModel were not initialized from the model checkpoint at roberta-base and are newly initialized: ['roberta.pooler.dense.bias', 'roberta.pooler.dense.weight']
You should probably TRAIN this model on a down-stream task to be able to use it for predictions and inference.
[step 0001/150] method=baseline_avg loss=0.6805 train_acc=nan train_loss=nan val_acc=nan val_loss=nan best=-1.0000
[step 0010/150] method=baseline_avg loss=0.6258 train_acc=nan train_loss=nan val_acc=nan val_loss=nan best=-1.0000
[step 0020/150] method=baseline_avg loss=0.7028 train_acc=nan train_loss=nan val_acc=nan val_loss=nan best=-1.0000
[step 0030/150] method=baseline_avg loss=0.6853 train_acc=nan train_loss=nan val_acc=nan val_loss=nan best=-1.0000
[step 0040/150] method=baseline_avg loss=0.5856 train_acc=nan train_loss=nan val_acc=nan val_loss=nan best=-1.0000
[step 0050/150] method=baseline_avg loss=0.5166 train_acc=0.7132 train_loss=0.5419 val_acc=0.7108 val_loss=0.5391 router_H=0.4040 best=0.7108
           router_load=[0.050910595804452896, 0.00716450996696949, 0.09991683065891266, 0.8420083522796631]
[step 0060/150] method=baseline_avg loss=0.6074 train_acc=0.7132 train_loss=0.5419 val_acc=0.7108 val_loss=0.5391 router_H=0.4040 best=0.7108
           router_load=[0.050910595804452896, 0.00716450996696949, 0.09991683065891266, 0.8420083522796631]
[step 0070/150] method=baseline_avg loss=0.3723 train_acc=0.7132 train_loss=0.5419 val_acc=0.7108 val_loss=0.5391 router_H=0.4040 best=0.7108
           router_load=[0.050910595804452896, 0.00716450996696949, 0.09991683065891266, 0.8420083522796631]
[step 0080/150] method=baseline_avg loss=0.4397 train_acc=0.7132 train_loss=0.5419 val_acc=0.7108 val_loss=0.5391 router_H=0.4040 best=0.7108
           router_load=[0.050910595804452896, 0.00716450996696949, 0.09991683065891266, 0.8420083522796631]
[step 0090/150] method=baseline_avg loss=0.4459 train_acc=0.7132 train_loss=0.5419 val_acc=0.7108 val_loss=0.5391 router_H=0.4040 best=0.7108
           router_load=[0.050910595804452896, 0.00716450996696949, 0.09991683065891266, 0.8420083522796631]
[step 0100/150] method=baseline_avg loss=0.4831 train_acc=0.8334 train_loss=0.4006 val_acc=0.8309 val_loss=0.4063 router_H=0.4780 best=0.8309
           router_load=[0.23676571249961853, 0.0, 0.000567112525459379, 0.7626670598983765]
[step 0110/150] method=baseline_avg loss=0.6376 train_acc=0.8334 train_loss=0.4006 val_acc=0.8309 val_loss=0.4063 router_H=0.4780 best=0.8309
           router_load=[0.23676571249961853, 0.0, 0.000567112525459379, 0.7626670598983765]
[step 0120/150] method=baseline_avg loss=0.2681 train_acc=0.8334 train_loss=0.4006 val_acc=0.8309 val_loss=0.4063 router_H=0.4780 best=0.8309
           router_load=[0.23676571249961853, 0.0, 0.000567112525459379, 0.7626670598983765]
[step 0130/150] method=baseline_avg loss=0.5428 train_acc=0.8334 train_loss=0.4006 val_acc=0.8309 val_loss=0.4063 router_H=0.4780 best=0.8309
           router_load=[0.23676571249961853, 0.0, 0.000567112525459379, 0.7626670598983765]
[step 0140/150] method=baseline_avg loss=0.3277 train_acc=0.8334 train_loss=0.4006 val_acc=0.8309 val_loss=0.4063 router_H=0.4780 best=0.8309
           router_load=[0.23676571249961853, 0.0, 0.000567112525459379, 0.7626670598983765]
[step 0150/150] method=baseline_avg loss=0.6323 train_acc=0.8697 train_loss=0.3346 val_acc=0.8652 val_loss=0.3484 router_H=0.3145 best=0.8652
           router_load=[0.1226978749036789, 0.00040179616189561784, 0.01573004759848118, 0.8611701726913452]
saved summary -> /home/zhujjing/MOE-grad-conflict-routing/runs/paper_suite/single_gpu/single_task/roberta_mrpc_ffn_e4_k2/hpo/baseline/trial_runs/local_var_topk_007/baseline_s2.json
saved curve -> /home/zhujjing/MOE-grad-conflict-routing/runs/paper_suite/single_gpu/single_task/roberta_mrpc_ffn_e4_k2/hpo/baseline/trial_runs/local_var_topk_007/baseline_s2_curve.csv
