[run] method=baseline candidate=local_var_topk_010 seed=2 steps=150 gpu=0
[run] cmd=
/home/zhujjing/anaconda3/envs/moe/bin/python /home/zhujjing/MOE-grad-conflict-routing/scripts/run.py --config configs/singletask_mrpc_real.yaml --set model.backbone_backend=hf --set model.hf_load_pretrained=true --set model.backbone=roberta --set model.hf_pretrained_name=roberta-base --set model.expert_type=ffn --set model.routing_mode=topk --set model.num_experts=4 --set model.top_k=2 --set seed=2 --set method.name=baseline_avg --set train.steps=150 --set train.eval_every_steps=50 --set train.grad_clip=1.572120212 --set train.lr=3.8423775e-05 --set train.weight_decay=0.01487570917 --out /home/zhujjing/MOE-grad-conflict-routing/runs/paper_suite/single_gpu/single_task/roberta_mrpc_ffn_e4_k2/hpo/baseline/trial_runs/local_var_topk_010/baseline_s2.json --curve_out /home/zhujjing/MOE-grad-conflict-routing/runs/paper_suite/single_gpu/single_task/roberta_mrpc_ffn_e4_k2/hpo/baseline/trial_runs/local_var_topk_010/baseline_s2_curve.csv
Using the latest cached version of the dataset since glue couldn't be found on the Hugging Face Hub (offline mode is enabled).
Found the latest cached dataset configuration 'mrpc' at /home/zhujjing/hf_cache/datasets/glue/mrpc/0.0.0/bcdcba79d07bc864c1c254ccfcedcce55bcc9a8c (last modified on Thu Mar 19 15:01:06 2026).
/home/zhujjing/anaconda3/envs/moe/lib/python3.10/site-packages/transformers/utils/hub.py:124: FutureWarning: Using `TRANSFORMERS_CACHE` is deprecated and will be removed in v5 of Transformers. Use `HF_HOME` instead.
  warnings.warn(
Some weights of RobertaModel were not initialized from the model checkpoint at roberta-base and are newly initialized: ['roberta.pooler.dense.bias', 'roberta.pooler.dense.weight']
You should probably TRAIN this model on a down-stream task to be able to use it for predictions and inference.
[step 0001/150] method=baseline_avg loss=0.6956 train_acc=nan train_loss=nan val_acc=nan val_loss=nan best=-1.0000
[step 0010/150] method=baseline_avg loss=0.6483 train_acc=nan train_loss=nan val_acc=nan val_loss=nan best=-1.0000
[step 0020/150] method=baseline_avg loss=0.6605 train_acc=nan train_loss=nan val_acc=nan val_loss=nan best=-1.0000
[step 0030/150] method=baseline_avg loss=0.7045 train_acc=nan train_loss=nan val_acc=nan val_loss=nan best=-1.0000
[step 0040/150] method=baseline_avg loss=0.5470 train_acc=nan train_loss=nan val_acc=nan val_loss=nan best=-1.0000
[step 0050/150] method=baseline_avg loss=0.5353 train_acc=0.6813 train_loss=0.5674 val_acc=0.6985 val_loss=0.5629 router_H=0.5820 best=0.6985
           router_load=[0.25079482793807983, 0.6994033455848694, 0.03341768682003021, 0.016384098678827286]
[step 0060/150] method=baseline_avg loss=0.5889 train_acc=0.6813 train_loss=0.5674 val_acc=0.6985 val_loss=0.5629 router_H=0.5820 best=0.6985
           router_load=[0.25079482793807983, 0.6994033455848694, 0.03341768682003021, 0.016384098678827286]
[step 0070/150] method=baseline_avg loss=0.4203 train_acc=0.6813 train_loss=0.5674 val_acc=0.6985 val_loss=0.5629 router_H=0.5820 best=0.6985
           router_load=[0.25079482793807983, 0.6994033455848694, 0.03341768682003021, 0.016384098678827286]
[step 0080/150] method=baseline_avg loss=0.4123 train_acc=0.6813 train_loss=0.5674 val_acc=0.6985 val_loss=0.5629 router_H=0.5820 best=0.6985
           router_load=[0.25079482793807983, 0.6994033455848694, 0.03341768682003021, 0.016384098678827286]
[step 0090/150] method=baseline_avg loss=0.5671 train_acc=0.6813 train_loss=0.5674 val_acc=0.6985 val_loss=0.5629 router_H=0.5820 best=0.6985
           router_load=[0.25079482793807983, 0.6994033455848694, 0.03341768682003021, 0.016384098678827286]
[step 0100/150] method=baseline_avg loss=0.5493 train_acc=0.8100 train_loss=0.4244 val_acc=0.8186 val_loss=0.4250 router_H=0.4962 best=0.8186
           router_load=[0.16067682206630707, 0.7736228704452515, 0.002105811843648553, 0.06359448283910751]
[step 0110/150] method=baseline_avg loss=0.6622 train_acc=0.8100 train_loss=0.4244 val_acc=0.8186 val_loss=0.4250 router_H=0.4962 best=0.8186
           router_load=[0.16067682206630707, 0.7736228704452515, 0.002105811843648553, 0.06359448283910751]
[step 0120/150] method=baseline_avg loss=0.2936 train_acc=0.8100 train_loss=0.4244 val_acc=0.8186 val_loss=0.4250 router_H=0.4962 best=0.8186
           router_load=[0.16067682206630707, 0.7736228704452515, 0.002105811843648553, 0.06359448283910751]
[step 0130/150] method=baseline_avg loss=0.4817 train_acc=0.8100 train_loss=0.4244 val_acc=0.8186 val_loss=0.4250 router_H=0.4962 best=0.8186
           router_load=[0.16067682206630707, 0.7736228704452515, 0.002105811843648553, 0.06359448283910751]
[step 0140/150] method=baseline_avg loss=0.4087 train_acc=0.8100 train_loss=0.4244 val_acc=0.8186 val_loss=0.4250 router_H=0.4962 best=0.8186
           router_load=[0.16067682206630707, 0.7736228704452515, 0.002105811843648553, 0.06359448283910751]
[step 0150/150] method=baseline_avg loss=0.6388 train_acc=0.8539 train_loss=0.3775 val_acc=0.8873 val_loss=0.3422 router_H=0.5865 best=0.8873
           router_load=[0.060013093054294586, 0.7192152142524719, 0.0, 0.22077171504497528]
saved summary -> /home/zhujjing/MOE-grad-conflict-routing/runs/paper_suite/single_gpu/single_task/roberta_mrpc_ffn_e4_k2/hpo/baseline/trial_runs/local_var_topk_010/baseline_s2.json
saved curve -> /home/zhujjing/MOE-grad-conflict-routing/runs/paper_suite/single_gpu/single_task/roberta_mrpc_ffn_e4_k2/hpo/baseline/trial_runs/local_var_topk_010/baseline_s2_curve.csv
