[run] method=baseline candidate=local_var_topk_011 seed=2 steps=150 gpu=0
[run] cmd=
/home/zhujjing/anaconda3/envs/moe/bin/python /home/zhujjing/MOE-grad-conflict-routing/scripts/run.py --config configs/singletask_mrpc_real.yaml --set model.backbone_backend=hf --set model.hf_load_pretrained=true --set model.backbone=roberta --set model.hf_pretrained_name=roberta-base --set model.expert_type=ffn --set model.routing_mode=topk --set model.num_experts=4 --set model.top_k=2 --set seed=2 --set method.name=baseline_avg --set train.steps=150 --set train.eval_every_steps=50 --set train.grad_clip=1.572120212 --set train.lr=3.8423775e-05 --set train.weight_decay=0.02487570917 --out /home/zhujjing/MOE-grad-conflict-routing/runs/paper_suite/single_gpu/single_task/roberta_mrpc_ffn_e4_k2/hpo/baseline/trial_runs/local_var_topk_011/baseline_s2.json --curve_out /home/zhujjing/MOE-grad-conflict-routing/runs/paper_suite/single_gpu/single_task/roberta_mrpc_ffn_e4_k2/hpo/baseline/trial_runs/local_var_topk_011/baseline_s2_curve.csv
Using the latest cached version of the dataset since glue couldn't be found on the Hugging Face Hub (offline mode is enabled).
Found the latest cached dataset configuration 'mrpc' at /home/zhujjing/hf_cache/datasets/glue/mrpc/0.0.0/bcdcba79d07bc864c1c254ccfcedcce55bcc9a8c (last modified on Thu Mar 19 15:01:06 2026).
/home/zhujjing/anaconda3/envs/moe/lib/python3.10/site-packages/transformers/utils/hub.py:124: FutureWarning: Using `TRANSFORMERS_CACHE` is deprecated and will be removed in v5 of Transformers. Use `HF_HOME` instead.
  warnings.warn(
Some weights of RobertaModel were not initialized from the model checkpoint at roberta-base and are newly initialized: ['roberta.pooler.dense.bias', 'roberta.pooler.dense.weight']
You should probably TRAIN this model on a down-stream task to be able to use it for predictions and inference.
[step 0001/150] method=baseline_avg loss=0.6806 train_acc=nan train_loss=nan val_acc=nan val_loss=nan best=-1.0000
[step 0010/150] method=baseline_avg loss=0.6868 train_acc=nan train_loss=nan val_acc=nan val_loss=nan best=-1.0000
[step 0020/150] method=baseline_avg loss=0.6402 train_acc=nan train_loss=nan val_acc=nan val_loss=nan best=-1.0000
[step 0030/150] method=baseline_avg loss=0.6050 train_acc=nan train_loss=nan val_acc=nan val_loss=nan best=-1.0000
[step 0040/150] method=baseline_avg loss=0.5309 train_acc=nan train_loss=nan val_acc=nan val_loss=nan best=-1.0000
[step 0050/150] method=baseline_avg loss=0.4758 train_acc=0.7579 train_loss=0.5205 val_acc=0.7549 val_loss=0.5157 router_H=0.5769 best=0.7549
           router_load=[0.3089648485183716, 0.0, 0.0034516602754592896, 0.6875833868980408]
[step 0060/150] method=baseline_avg loss=0.6494 train_acc=0.7579 train_loss=0.5205 val_acc=0.7549 val_loss=0.5157 router_H=0.5769 best=0.7549
           router_load=[0.3089648485183716, 0.0, 0.0034516602754592896, 0.6875833868980408]
[step 0070/150] method=baseline_avg loss=0.3563 train_acc=0.7579 train_loss=0.5205 val_acc=0.7549 val_loss=0.5157 router_H=0.5769 best=0.7549
           router_load=[0.3089648485183716, 0.0, 0.0034516602754592896, 0.6875833868980408]
[step 0080/150] method=baseline_avg loss=0.4295 train_acc=0.7579 train_loss=0.5205 val_acc=0.7549 val_loss=0.5157 router_H=0.5769 best=0.7549
           router_load=[0.3089648485183716, 0.0, 0.0034516602754592896, 0.6875833868980408]
[step 0090/150] method=baseline_avg loss=0.4107 train_acc=0.7579 train_loss=0.5205 val_acc=0.7549 val_loss=0.5157 router_H=0.5769 best=0.7549
           router_load=[0.3089648485183716, 0.0, 0.0034516602754592896, 0.6875833868980408]
[step 0100/150] method=baseline_avg loss=0.5888 train_acc=0.8340 train_loss=0.3912 val_acc=0.8382 val_loss=0.3896 router_H=0.4929 best=0.8382
           router_load=[0.2895186245441437, 0.0, 0.0, 0.7104812264442444]
[step 0110/150] method=baseline_avg loss=0.4313 train_acc=0.8340 train_loss=0.3912 val_acc=0.8382 val_loss=0.3896 router_H=0.4929 best=0.8382
           router_load=[0.2895186245441437, 0.0, 0.0, 0.7104812264442444]
[step 0120/150] method=baseline_avg loss=0.3297 train_acc=0.8340 train_loss=0.3912 val_acc=0.8382 val_loss=0.3896 router_H=0.4929 best=0.8382
           router_load=[0.2895186245441437, 0.0, 0.0, 0.7104812264442444]
[step 0130/150] method=baseline_avg loss=0.5389 train_acc=0.8340 train_loss=0.3912 val_acc=0.8382 val_loss=0.3896 router_H=0.4929 best=0.8382
           router_load=[0.2895186245441437, 0.0, 0.0, 0.7104812264442444]
[step 0140/150] method=baseline_avg loss=0.2651 train_acc=0.8340 train_loss=0.3912 val_acc=0.8382 val_loss=0.3896 router_H=0.4929 best=0.8382
           router_load=[0.2895186245441437, 0.0, 0.0, 0.7104812264442444]
[step 0150/150] method=baseline_avg loss=0.7346 train_acc=0.8626 train_loss=0.3658 val_acc=0.8701 val_loss=0.3794 router_H=0.3678 best=0.8701
           router_load=[0.1632867008447647, 0.0, 0.03442538157105446, 0.8022880554199219]
saved summary -> /home/zhujjing/MOE-grad-conflict-routing/runs/paper_suite/single_gpu/single_task/roberta_mrpc_ffn_e4_k2/hpo/baseline/trial_runs/local_var_topk_011/baseline_s2.json
saved curve -> /home/zhujjing/MOE-grad-conflict-routing/runs/paper_suite/single_gpu/single_task/roberta_mrpc_ffn_e4_k2/hpo/baseline/trial_runs/local_var_topk_011/baseline_s2_curve.csv
