[run] method=baseline candidate=local_var_topk_005 seed=2 steps=150 gpu=0
[run] cmd=
/home/zhujjing/anaconda3/envs/moe/bin/python /home/zhujjing/MOE-grad-conflict-routing/scripts/run.py --config configs/singletask_mrpc_real.yaml --set model.backbone_backend=hf --set model.hf_load_pretrained=true --set model.backbone=roberta --set model.hf_pretrained_name=roberta-base --set model.expert_type=ffn --set model.routing_mode=topk --set model.num_experts=4 --set model.top_k=2 --set seed=2 --set method.name=baseline_avg --set train.steps=150 --set train.eval_every_steps=50 --set train.grad_clip=1.872120212 --set train.lr=1.9211887e-05 --set train.weight_decay=0.02487570917 --out /home/zhujjing/MOE-grad-conflict-routing/runs/paper_suite/single_gpu/single_task/roberta_mrpc_ffn_e4_k2/hpo/baseline/trial_runs/local_var_topk_005/baseline_s2.json --curve_out /home/zhujjing/MOE-grad-conflict-routing/runs/paper_suite/single_gpu/single_task/roberta_mrpc_ffn_e4_k2/hpo/baseline/trial_runs/local_var_topk_005/baseline_s2_curve.csv
Using the latest cached version of the dataset since glue couldn't be found on the Hugging Face Hub (offline mode is enabled).
Found the latest cached dataset configuration 'mrpc' at /home/zhujjing/hf_cache/datasets/glue/mrpc/0.0.0/bcdcba79d07bc864c1c254ccfcedcce55bcc9a8c (last modified on Thu Mar 19 15:01:06 2026).
/home/zhujjing/anaconda3/envs/moe/lib/python3.10/site-packages/transformers/utils/hub.py:124: FutureWarning: Using `TRANSFORMERS_CACHE` is deprecated and will be removed in v5 of Transformers. Use `HF_HOME` instead.
  warnings.warn(
Some weights of RobertaModel were not initialized from the model checkpoint at roberta-base and are newly initialized: ['roberta.pooler.dense.bias', 'roberta.pooler.dense.weight']
You should probably TRAIN this model on a down-stream task to be able to use it for predictions and inference.
[step 0001/150] method=baseline_avg loss=0.6835 train_acc=nan train_loss=nan val_acc=nan val_loss=nan best=-1.0000
[step 0010/150] method=baseline_avg loss=0.6474 train_acc=nan train_loss=nan val_acc=nan val_loss=nan best=-1.0000
[step 0020/150] method=baseline_avg loss=0.6685 train_acc=nan train_loss=nan val_acc=nan val_loss=nan best=-1.0000
[step 0030/150] method=baseline_avg loss=0.7012 train_acc=nan train_loss=nan val_acc=nan val_loss=nan best=-1.0000
[step 0040/150] method=baseline_avg loss=0.6075 train_acc=nan train_loss=nan val_acc=nan val_loss=nan best=-1.0000
[step 0050/150] method=baseline_avg loss=0.5082 train_acc=0.7135 train_loss=0.5468 val_acc=0.7083 val_loss=0.5404 router_H=0.5501 best=0.7083
           router_load=[0.02137865126132965, 0.1645769476890564, 0.7482854127883911, 0.0657590925693512]
[step 0060/150] method=baseline_avg loss=0.5901 train_acc=0.7135 train_loss=0.5468 val_acc=0.7083 val_loss=0.5404 router_H=0.5501 best=0.7083
           router_load=[0.02137865126132965, 0.1645769476890564, 0.7482854127883911, 0.0657590925693512]
[step 0070/150] method=baseline_avg loss=0.3603 train_acc=0.7135 train_loss=0.5468 val_acc=0.7083 val_loss=0.5404 router_H=0.5501 best=0.7083
           router_load=[0.02137865126132965, 0.1645769476890564, 0.7482854127883911, 0.0657590925693512]
[step 0080/150] method=baseline_avg loss=0.4673 train_acc=0.7135 train_loss=0.5468 val_acc=0.7083 val_loss=0.5404 router_H=0.5501 best=0.7083
           router_load=[0.02137865126132965, 0.1645769476890564, 0.7482854127883911, 0.0657590925693512]
[step 0090/150] method=baseline_avg loss=0.3626 train_acc=0.7135 train_loss=0.5468 val_acc=0.7083 val_loss=0.5404 router_H=0.5501 best=0.7083
           router_load=[0.02137865126132965, 0.1645769476890564, 0.7482854127883911, 0.0657590925693512]
[step 0100/150] method=baseline_avg loss=0.4813 train_acc=0.8250 train_loss=0.3959 val_acc=0.8358 val_loss=0.4034 router_H=0.4710 best=0.8358
           router_load=[0.05985041707754135, 0.1630389243364334, 0.7764934301376343, 0.0006171416607685387]
[step 0110/150] method=baseline_avg loss=0.6839 train_acc=0.8250 train_loss=0.3959 val_acc=0.8358 val_loss=0.4034 router_H=0.4710 best=0.8358
           router_load=[0.05985041707754135, 0.1630389243364334, 0.7764934301376343, 0.0006171416607685387]
[step 0120/150] method=baseline_avg loss=0.2791 train_acc=0.8250 train_loss=0.3959 val_acc=0.8358 val_loss=0.4034 router_H=0.4710 best=0.8358
           router_load=[0.05985041707754135, 0.1630389243364334, 0.7764934301376343, 0.0006171416607685387]
[step 0130/150] method=baseline_avg loss=0.5120 train_acc=0.8250 train_loss=0.3959 val_acc=0.8358 val_loss=0.4034 router_H=0.4710 best=0.8358
           router_load=[0.05985041707754135, 0.1630389243364334, 0.7764934301376343, 0.0006171416607685387]
[step 0140/150] method=baseline_avg loss=0.6146 train_acc=0.8250 train_loss=0.3959 val_acc=0.8358 val_loss=0.4034 router_H=0.4710 best=0.8358
           router_load=[0.05985041707754135, 0.1630389243364334, 0.7764934301376343, 0.0006171416607685387]
[step 0150/150] method=baseline_avg loss=0.5867 train_acc=0.8659 train_loss=0.3535 val_acc=0.8603 val_loss=0.3620 router_H=0.4128 best=0.8603
           router_load=[0.0030062347650527954, 0.2007952183485031, 0.7961986064910889, 0.0]
saved summary -> /home/zhujjing/MOE-grad-conflict-routing/runs/paper_suite/single_gpu/single_task/roberta_mrpc_ffn_e4_k2/hpo/baseline/trial_runs/local_var_topk_005/baseline_s2.json
saved curve -> /home/zhujjing/MOE-grad-conflict-routing/runs/paper_suite/single_gpu/single_task/roberta_mrpc_ffn_e4_k2/hpo/baseline/trial_runs/local_var_topk_005/baseline_s2_curve.csv
