[run] method=baseline candidate=local_var_topk_005 seed=3 steps=150 gpu=0
[run] cmd=
/home/zhujjing/anaconda3/envs/moe/bin/python /home/zhujjing/MOE-grad-conflict-routing/scripts/run.py --config configs/singletask_mrpc_real.yaml --set model.backbone_backend=hf --set model.hf_load_pretrained=true --set model.backbone=roberta --set model.hf_pretrained_name=roberta-base --set model.expert_type=ffn --set model.routing_mode=topk --set model.num_experts=4 --set model.top_k=2 --set seed=3 --set method.name=baseline_avg --set train.steps=150 --set train.eval_every_steps=50 --set train.grad_clip=1.872120212 --set train.lr=1.9211887e-05 --set train.weight_decay=0.02487570917 --out /home/zhujjing/MOE-grad-conflict-routing/runs/paper_suite/single_gpu/single_task/roberta_mrpc_ffn_e4_k2/hpo/baseline/trial_runs/local_var_topk_005/baseline_s3.json --curve_out /home/zhujjing/MOE-grad-conflict-routing/runs/paper_suite/single_gpu/single_task/roberta_mrpc_ffn_e4_k2/hpo/baseline/trial_runs/local_var_topk_005/baseline_s3_curve.csv
Using the latest cached version of the dataset since glue couldn't be found on the Hugging Face Hub (offline mode is enabled).
Found the latest cached dataset configuration 'mrpc' at /home/zhujjing/hf_cache/datasets/glue/mrpc/0.0.0/bcdcba79d07bc864c1c254ccfcedcce55bcc9a8c (last modified on Thu Mar 19 15:01:06 2026).
/home/zhujjing/anaconda3/envs/moe/lib/python3.10/site-packages/transformers/utils/hub.py:124: FutureWarning: Using `TRANSFORMERS_CACHE` is deprecated and will be removed in v5 of Transformers. Use `HF_HOME` instead.
  warnings.warn(
Some weights of RobertaModel were not initialized from the model checkpoint at roberta-base and are newly initialized: ['roberta.pooler.dense.bias', 'roberta.pooler.dense.weight']
You should probably TRAIN this model on a down-stream task to be able to use it for predictions and inference.
[step 0001/150] method=baseline_avg loss=0.6973 train_acc=nan train_loss=nan val_acc=nan val_loss=nan best=-1.0000
[step 0010/150] method=baseline_avg loss=0.7100 train_acc=nan train_loss=nan val_acc=nan val_loss=nan best=-1.0000
[step 0020/150] method=baseline_avg loss=0.6954 train_acc=nan train_loss=nan val_acc=nan val_loss=nan best=-1.0000
[step 0030/150] method=baseline_avg loss=0.5880 train_acc=nan train_loss=nan val_acc=nan val_loss=nan best=-1.0000
[step 0040/150] method=baseline_avg loss=0.6767 train_acc=nan train_loss=nan val_acc=nan val_loss=nan best=-1.0000
[step 0050/150] method=baseline_avg loss=0.4821 train_acc=0.7091 train_loss=0.5236 val_acc=0.7010 val_loss=0.5180 router_H=0.6449 best=0.7010
           router_load=[0.0, 0.3653959631919861, 0.6346040368080139, 0.0]
[step 0060/150] method=baseline_avg loss=0.5172 train_acc=0.7091 train_loss=0.5236 val_acc=0.7010 val_loss=0.5180 router_H=0.6449 best=0.7010
           router_load=[0.0, 0.3653959631919861, 0.6346040368080139, 0.0]
[step 0070/150] method=baseline_avg loss=0.5539 train_acc=0.7091 train_loss=0.5236 val_acc=0.7010 val_loss=0.5180 router_H=0.6449 best=0.7010
           router_load=[0.0, 0.3653959631919861, 0.6346040368080139, 0.0]
[step 0080/150] method=baseline_avg loss=0.5281 train_acc=0.7091 train_loss=0.5236 val_acc=0.7010 val_loss=0.5180 router_H=0.6449 best=0.7010
           router_load=[0.0, 0.3653959631919861, 0.6346040368080139, 0.0]
[step 0090/150] method=baseline_avg loss=0.5663 train_acc=0.7091 train_loss=0.5236 val_acc=0.7010 val_loss=0.5180 router_H=0.6449 best=0.7010
           router_load=[0.0, 0.3653959631919861, 0.6346040368080139, 0.0]
[step 0100/150] method=baseline_avg loss=0.4839 train_acc=0.8353 train_loss=0.3858 val_acc=0.8529 val_loss=0.3843 router_H=0.6838 best=0.8529
           router_load=[0.009821544401347637, 0.5377183556556702, 0.44650471210479736, 0.0059553817845880985]
[step 0110/150] method=baseline_avg loss=0.3673 train_acc=0.8353 train_loss=0.3858 val_acc=0.8529 val_loss=0.3843 router_H=0.6838 best=0.8529
           router_load=[0.009821544401347637, 0.5377183556556702, 0.44650471210479736, 0.0059553817845880985]
[step 0120/150] method=baseline_avg loss=0.3057 train_acc=0.8353 train_loss=0.3858 val_acc=0.8529 val_loss=0.3843 router_H=0.6838 best=0.8529
           router_load=[0.009821544401347637, 0.5377183556556702, 0.44650471210479736, 0.0059553817845880985]
[step 0130/150] method=baseline_avg loss=0.3346 train_acc=0.8353 train_loss=0.3858 val_acc=0.8529 val_loss=0.3843 router_H=0.6838 best=0.8529
           router_load=[0.009821544401347637, 0.5377183556556702, 0.44650471210479736, 0.0059553817845880985]
[step 0140/150] method=baseline_avg loss=0.4469 train_acc=0.8353 train_loss=0.3858 val_acc=0.8529 val_loss=0.3843 router_H=0.6838 best=0.8529
           router_load=[0.009821544401347637, 0.5377183556556702, 0.44650471210479736, 0.0059553817845880985]
[step 0150/150] method=baseline_avg loss=0.4995 train_acc=0.8473 train_loss=0.3755 val_acc=0.8529 val_loss=0.3867 router_H=0.6459 best=0.8529
           router_load=[0.004675606731325388, 0.41598230600357056, 0.578368067741394, 0.000973996939137578]
saved summary -> /home/zhujjing/MOE-grad-conflict-routing/runs/paper_suite/single_gpu/single_task/roberta_mrpc_ffn_e4_k2/hpo/baseline/trial_runs/local_var_topk_005/baseline_s3.json
saved curve -> /home/zhujjing/MOE-grad-conflict-routing/runs/paper_suite/single_gpu/single_task/roberta_mrpc_ffn_e4_k2/hpo/baseline/trial_runs/local_var_topk_005/baseline_s3_curve.csv
