[run] method=baseline candidate=local_var_topk_003 seed=3 steps=150 gpu=0
[run] cmd=
/home/zhujjing/anaconda3/envs/moe/bin/python /home/zhujjing/MOE-grad-conflict-routing/scripts/run.py --config configs/singletask_mrpc_real.yaml --set model.backbone_backend=hf --set model.hf_load_pretrained=true --set model.backbone=roberta --set model.hf_pretrained_name=roberta-base --set model.expert_type=ffn --set model.routing_mode=topk --set model.num_experts=4 --set model.top_k=2 --set seed=3 --set method.name=baseline_avg --set train.steps=150 --set train.eval_every_steps=50 --set train.grad_clip=1.872120212 --set train.lr=1.9211887e-05 --set train.weight_decay=0.004875709175 --out /home/zhujjing/MOE-grad-conflict-routing/runs/paper_suite/single_gpu/single_task/roberta_mrpc_ffn_e4_k2/hpo/baseline/trial_runs/local_var_topk_003/baseline_s3.json --curve_out /home/zhujjing/MOE-grad-conflict-routing/runs/paper_suite/single_gpu/single_task/roberta_mrpc_ffn_e4_k2/hpo/baseline/trial_runs/local_var_topk_003/baseline_s3_curve.csv
Using the latest cached version of the dataset since glue couldn't be found on the Hugging Face Hub (offline mode is enabled).
Found the latest cached dataset configuration 'mrpc' at /home/zhujjing/hf_cache/datasets/glue/mrpc/0.0.0/bcdcba79d07bc864c1c254ccfcedcce55bcc9a8c (last modified on Thu Mar 19 15:01:06 2026).
/home/zhujjing/anaconda3/envs/moe/lib/python3.10/site-packages/transformers/utils/hub.py:124: FutureWarning: Using `TRANSFORMERS_CACHE` is deprecated and will be removed in v5 of Transformers. Use `HF_HOME` instead.
  warnings.warn(
Some weights of RobertaModel were not initialized from the model checkpoint at roberta-base and are newly initialized: ['roberta.pooler.dense.bias', 'roberta.pooler.dense.weight']
You should probably TRAIN this model on a down-stream task to be able to use it for predictions and inference.
[step 0001/150] method=baseline_avg loss=0.6832 train_acc=nan train_loss=nan val_acc=nan val_loss=nan best=-1.0000
[step 0010/150] method=baseline_avg loss=0.6976 train_acc=nan train_loss=nan val_acc=nan val_loss=nan best=-1.0000
[step 0020/150] method=baseline_avg loss=0.6725 train_acc=nan train_loss=nan val_acc=nan val_loss=nan best=-1.0000
[step 0030/150] method=baseline_avg loss=0.6035 train_acc=nan train_loss=nan val_acc=nan val_loss=nan best=-1.0000
[step 0040/150] method=baseline_avg loss=0.6716 train_acc=nan train_loss=nan val_acc=nan val_loss=nan best=-1.0000
[step 0050/150] method=baseline_avg loss=0.4944 train_acc=0.7465 train_loss=0.4823 val_acc=0.7402 val_loss=0.4737 router_H=0.3711 best=0.7402
           router_load=[0.02970377542078495, 0.07793880254030228, 0.8370919823646545, 0.05526554211974144]
[step 0060/150] method=baseline_avg loss=0.4708 train_acc=0.7465 train_loss=0.4823 val_acc=0.7402 val_loss=0.4737 router_H=0.3711 best=0.7402
           router_load=[0.02970377542078495, 0.07793880254030228, 0.8370919823646545, 0.05526554211974144]
[step 0070/150] method=baseline_avg loss=0.4102 train_acc=0.7465 train_loss=0.4823 val_acc=0.7402 val_loss=0.4737 router_H=0.3711 best=0.7402
           router_load=[0.02970377542078495, 0.07793880254030228, 0.8370919823646545, 0.05526554211974144]
[step 0080/150] method=baseline_avg loss=0.4008 train_acc=0.7465 train_loss=0.4823 val_acc=0.7402 val_loss=0.4737 router_H=0.3711 best=0.7402
           router_load=[0.02970377542078495, 0.07793880254030228, 0.8370919823646545, 0.05526554211974144]
[step 0090/150] method=baseline_avg loss=0.5698 train_acc=0.7465 train_loss=0.4823 val_acc=0.7402 val_loss=0.4737 router_H=0.3711 best=0.7402
           router_load=[0.02970377542078495, 0.07793880254030228, 0.8370919823646545, 0.05526554211974144]
[step 0100/150] method=baseline_avg loss=0.5298 train_acc=0.8353 train_loss=0.4004 val_acc=0.8431 val_loss=0.3933 router_H=0.2862 best=0.8431
           router_load=[0.002276065992191434, 0.09735789895057678, 0.8975476026535034, 0.002818524604663253]
[step 0110/150] method=baseline_avg loss=0.3841 train_acc=0.8353 train_loss=0.4004 val_acc=0.8431 val_loss=0.3933 router_H=0.2862 best=0.8431
           router_load=[0.002276065992191434, 0.09735789895057678, 0.8975476026535034, 0.002818524604663253]
[step 0120/150] method=baseline_avg loss=0.3493 train_acc=0.8353 train_loss=0.4004 val_acc=0.8431 val_loss=0.3933 router_H=0.2862 best=0.8431
           router_load=[0.002276065992191434, 0.09735789895057678, 0.8975476026535034, 0.002818524604663253]
[step 0130/150] method=baseline_avg loss=0.4181 train_acc=0.8353 train_loss=0.4004 val_acc=0.8431 val_loss=0.3933 router_H=0.2862 best=0.8431
           router_load=[0.002276065992191434, 0.09735789895057678, 0.8975476026535034, 0.002818524604663253]
[step 0140/150] method=baseline_avg loss=0.4773 train_acc=0.8353 train_loss=0.4004 val_acc=0.8431 val_loss=0.3933 router_H=0.2862 best=0.8431
           router_load=[0.002276065992191434, 0.09735789895057678, 0.8975476026535034, 0.002818524604663253]
[step 0150/150] method=baseline_avg loss=0.5220 train_acc=0.8348 train_loss=0.3819 val_acc=0.8382 val_loss=0.3816 router_H=0.2899 best=0.8431
           router_load=[0.00037722665001638234, 0.09229986369609833, 0.907322883605957, 0.0]
saved summary -> /home/zhujjing/MOE-grad-conflict-routing/runs/paper_suite/single_gpu/single_task/roberta_mrpc_ffn_e4_k2/hpo/baseline/trial_runs/local_var_topk_003/baseline_s3.json
saved curve -> /home/zhujjing/MOE-grad-conflict-routing/runs/paper_suite/single_gpu/single_task/roberta_mrpc_ffn_e4_k2/hpo/baseline/trial_runs/local_var_topk_003/baseline_s3_curve.csv
