[run] method=baseline candidate=local_var_topk_002 seed=2 steps=150 gpu=0
[run] cmd=
/home/zhujjing/anaconda3/envs/moe/bin/python /home/zhujjing/MOE-grad-conflict-routing/scripts/run.py --config configs/singletask_mrpc_real.yaml --set model.backbone_backend=hf --set model.hf_load_pretrained=true --set model.backbone=roberta --set model.hf_pretrained_name=roberta-base --set model.expert_type=ffn --set model.routing_mode=topk --set model.num_experts=4 --set model.top_k=2 --set seed=2 --set method.name=baseline_avg --set train.steps=150 --set train.eval_every_steps=50 --set train.grad_clip=1.572120212 --set train.lr=1.9211887e-05 --set train.weight_decay=0.02487570917 --out /home/zhujjing/MOE-grad-conflict-routing/runs/paper_suite/single_gpu/single_task/roberta_mrpc_ffn_e4_k2/hpo/baseline/trial_runs/local_var_topk_002/baseline_s2.json --curve_out /home/zhujjing/MOE-grad-conflict-routing/runs/paper_suite/single_gpu/single_task/roberta_mrpc_ffn_e4_k2/hpo/baseline/trial_runs/local_var_topk_002/baseline_s2_curve.csv
Using the latest cached version of the dataset since glue couldn't be found on the Hugging Face Hub (offline mode is enabled).
Found the latest cached dataset configuration 'mrpc' at /home/zhujjing/hf_cache/datasets/glue/mrpc/0.0.0/bcdcba79d07bc864c1c254ccfcedcce55bcc9a8c (last modified on Thu Mar 19 15:01:06 2026).
/home/zhujjing/anaconda3/envs/moe/lib/python3.10/site-packages/transformers/utils/hub.py:124: FutureWarning: Using `TRANSFORMERS_CACHE` is deprecated and will be removed in v5 of Transformers. Use `HF_HOME` instead.
  warnings.warn(
Some weights of RobertaModel were not initialized from the model checkpoint at roberta-base and are newly initialized: ['roberta.pooler.dense.bias', 'roberta.pooler.dense.weight']
You should probably TRAIN this model on a down-stream task to be able to use it for predictions and inference.
[step 0001/150] method=baseline_avg loss=0.6865 train_acc=nan train_loss=nan val_acc=nan val_loss=nan best=-1.0000
[step 0010/150] method=baseline_avg loss=0.6355 train_acc=nan train_loss=nan val_acc=nan val_loss=nan best=-1.0000
[step 0020/150] method=baseline_avg loss=0.6939 train_acc=nan train_loss=nan val_acc=nan val_loss=nan best=-1.0000
[step 0030/150] method=baseline_avg loss=0.7544 train_acc=nan train_loss=nan val_acc=nan val_loss=nan best=-1.0000
[step 0040/150] method=baseline_avg loss=0.6032 train_acc=nan train_loss=nan val_acc=nan val_loss=nan best=-1.0000
[step 0050/150] method=baseline_avg loss=0.5168 train_acc=0.7097 train_loss=0.5482 val_acc=0.7083 val_loss=0.5489 router_H=0.6391 best=0.7083
           router_load=[0.6350681185722351, 0.0, 0.005795090924948454, 0.3591367304325104]
[step 0060/150] method=baseline_avg loss=0.5994 train_acc=0.7097 train_loss=0.5482 val_acc=0.7083 val_loss=0.5489 router_H=0.6391 best=0.7083
           router_load=[0.6350681185722351, 0.0, 0.005795090924948454, 0.3591367304325104]
[step 0070/150] method=baseline_avg loss=0.4236 train_acc=0.7097 train_loss=0.5482 val_acc=0.7083 val_loss=0.5489 router_H=0.6391 best=0.7083
           router_load=[0.6350681185722351, 0.0, 0.005795090924948454, 0.3591367304325104]
[step 0080/150] method=baseline_avg loss=0.4021 train_acc=0.7097 train_loss=0.5482 val_acc=0.7083 val_loss=0.5489 router_H=0.6391 best=0.7083
           router_load=[0.6350681185722351, 0.0, 0.005795090924948454, 0.3591367304325104]
[step 0090/150] method=baseline_avg loss=0.4583 train_acc=0.7097 train_loss=0.5482 val_acc=0.7083 val_loss=0.5489 router_H=0.6391 best=0.7083
           router_load=[0.6350681185722351, 0.0, 0.005795090924948454, 0.3591367304325104]
[step 0100/150] method=baseline_avg loss=0.4740 train_acc=0.8179 train_loss=0.4410 val_acc=0.8260 val_loss=0.4430 router_H=0.6116 best=0.8260
           router_load=[0.6082337498664856, 0.0013432410778477788, 0.0031394290272146463, 0.387283593416214]
[step 0110/150] method=baseline_avg loss=0.7371 train_acc=0.8179 train_loss=0.4410 val_acc=0.8260 val_loss=0.4430 router_H=0.6116 best=0.8260
           router_load=[0.6082337498664856, 0.0013432410778477788, 0.0031394290272146463, 0.387283593416214]
[step 0120/150] method=baseline_avg loss=0.3117 train_acc=0.8179 train_loss=0.4410 val_acc=0.8260 val_loss=0.4430 router_H=0.6116 best=0.8260
           router_load=[0.6082337498664856, 0.0013432410778477788, 0.0031394290272146463, 0.387283593416214]
[step 0130/150] method=baseline_avg loss=0.5900 train_acc=0.8179 train_loss=0.4410 val_acc=0.8260 val_loss=0.4430 router_H=0.6116 best=0.8260
           router_load=[0.6082337498664856, 0.0013432410778477788, 0.0031394290272146463, 0.387283593416214]
[step 0140/150] method=baseline_avg loss=0.3701 train_acc=0.8179 train_loss=0.4410 val_acc=0.8260 val_loss=0.4430 router_H=0.6116 best=0.8260
           router_load=[0.6082337498664856, 0.0013432410778477788, 0.0031394290272146463, 0.387283593416214]
[step 0150/150] method=baseline_avg loss=0.6527 train_acc=0.8626 train_loss=0.3552 val_acc=0.8529 val_loss=0.3615 router_H=0.4309 best=0.8529
           router_load=[0.7440956234931946, 0.01281258836388588, 0.0433678962290287, 0.19972385466098785]
saved summary -> /home/zhujjing/MOE-grad-conflict-routing/runs/paper_suite/single_gpu/single_task/roberta_mrpc_ffn_e4_k2/hpo/baseline/trial_runs/local_var_topk_002/baseline_s2.json
saved curve -> /home/zhujjing/MOE-grad-conflict-routing/runs/paper_suite/single_gpu/single_task/roberta_mrpc_ffn_e4_k2/hpo/baseline/trial_runs/local_var_topk_002/baseline_s2_curve.csv
