[run] method=baseline candidate=local_var_topk_009 seed=2 steps=150 gpu=0
[run] cmd=
/home/zhujjing/anaconda3/envs/moe/bin/python /home/zhujjing/MOE-grad-conflict-routing/scripts/run.py --config configs/singletask_mrpc_real.yaml --set model.backbone_backend=hf --set model.hf_load_pretrained=true --set model.backbone=roberta --set model.hf_pretrained_name=roberta-base --set model.expert_type=ffn --set model.routing_mode=topk --set model.num_experts=4 --set model.top_k=2 --set seed=2 --set method.name=baseline_avg --set train.steps=150 --set train.eval_every_steps=50 --set train.grad_clip=1.572120212 --set train.lr=3.8423775e-05 --set train.weight_decay=0.004875709175 --out /home/zhujjing/MOE-grad-conflict-routing/runs/paper_suite/single_gpu/single_task/roberta_mrpc_ffn_e4_k2/hpo/baseline/trial_runs/local_var_topk_009/baseline_s2.json --curve_out /home/zhujjing/MOE-grad-conflict-routing/runs/paper_suite/single_gpu/single_task/roberta_mrpc_ffn_e4_k2/hpo/baseline/trial_runs/local_var_topk_009/baseline_s2_curve.csv
Using the latest cached version of the dataset since glue couldn't be found on the Hugging Face Hub (offline mode is enabled).
Found the latest cached dataset configuration 'mrpc' at /home/zhujjing/hf_cache/datasets/glue/mrpc/0.0.0/bcdcba79d07bc864c1c254ccfcedcce55bcc9a8c (last modified on Thu Mar 19 15:01:06 2026).
/home/zhujjing/anaconda3/envs/moe/lib/python3.10/site-packages/transformers/utils/hub.py:124: FutureWarning: Using `TRANSFORMERS_CACHE` is deprecated and will be removed in v5 of Transformers. Use `HF_HOME` instead.
  warnings.warn(
Some weights of RobertaModel were not initialized from the model checkpoint at roberta-base and are newly initialized: ['roberta.pooler.dense.bias', 'roberta.pooler.dense.weight']
You should probably TRAIN this model on a down-stream task to be able to use it for predictions and inference.
[step 0001/150] method=baseline_avg loss=0.6989 train_acc=nan train_loss=nan val_acc=nan val_loss=nan best=-1.0000
[step 0010/150] method=baseline_avg loss=0.6699 train_acc=nan train_loss=nan val_acc=nan val_loss=nan best=-1.0000
[step 0020/150] method=baseline_avg loss=0.6074 train_acc=nan train_loss=nan val_acc=nan val_loss=nan best=-1.0000
[step 0030/150] method=baseline_avg loss=0.6031 train_acc=nan train_loss=nan val_acc=nan val_loss=nan best=-1.0000
[step 0040/150] method=baseline_avg loss=0.5437 train_acc=nan train_loss=nan val_acc=nan val_loss=nan best=-1.0000
[step 0050/150] method=baseline_avg loss=0.4809 train_acc=0.7634 train_loss=0.4942 val_acc=0.7598 val_loss=0.4963 router_H=0.5562 best=0.7598
           router_load=[0.006165733095258474, 0.31964564323425293, 0.0, 0.674188494682312]
[step 0060/150] method=baseline_avg loss=0.6243 train_acc=0.7634 train_loss=0.4942 val_acc=0.7598 val_loss=0.4963 router_H=0.5562 best=0.7598
           router_load=[0.006165733095258474, 0.31964564323425293, 0.0, 0.674188494682312]
[step 0070/150] method=baseline_avg loss=0.3134 train_acc=0.7634 train_loss=0.4942 val_acc=0.7598 val_loss=0.4963 router_H=0.5562 best=0.7598
           router_load=[0.006165733095258474, 0.31964564323425293, 0.0, 0.674188494682312]
[step 0080/150] method=baseline_avg loss=0.5762 train_acc=0.7634 train_loss=0.4942 val_acc=0.7598 val_loss=0.4963 router_H=0.5562 best=0.7598
           router_load=[0.006165733095258474, 0.31964564323425293, 0.0, 0.674188494682312]
[step 0090/150] method=baseline_avg loss=0.4326 train_acc=0.7634 train_loss=0.4942 val_acc=0.7598 val_loss=0.4963 router_H=0.5562 best=0.7598
           router_load=[0.006165733095258474, 0.31964564323425293, 0.0, 0.674188494682312]
[step 0100/150] method=baseline_avg loss=0.4350 train_acc=0.8402 train_loss=0.3711 val_acc=0.8284 val_loss=0.3797 router_H=0.4286 best=0.8284
           router_load=[0.0, 0.16975080966949463, 0.05749344453215599, 0.7727558016777039]
[step 0110/150] method=baseline_avg loss=0.7151 train_acc=0.8402 train_loss=0.3711 val_acc=0.8284 val_loss=0.3797 router_H=0.4286 best=0.8284
           router_load=[0.0, 0.16975080966949463, 0.05749344453215599, 0.7727558016777039]
[step 0120/150] method=baseline_avg loss=0.1538 train_acc=0.8402 train_loss=0.3711 val_acc=0.8284 val_loss=0.3797 router_H=0.4286 best=0.8284
           router_load=[0.0, 0.16975080966949463, 0.05749344453215599, 0.7727558016777039]
[step 0130/150] method=baseline_avg loss=0.5625 train_acc=0.8402 train_loss=0.3711 val_acc=0.8284 val_loss=0.3797 router_H=0.4286 best=0.8284
           router_load=[0.0, 0.16975080966949463, 0.05749344453215599, 0.7727558016777039]
[step 0140/150] method=baseline_avg loss=0.3386 train_acc=0.8402 train_loss=0.3711 val_acc=0.8284 val_loss=0.3797 router_H=0.4286 best=0.8284
           router_load=[0.0, 0.16975080966949463, 0.05749344453215599, 0.7727558016777039]
[step 0150/150] method=baseline_avg loss=1.0404 train_acc=0.8438 train_loss=0.4703 val_acc=0.8284 val_loss=0.5046 router_H=0.3323 best=0.8284
           router_load=[0.04370606318116188, 0.12795479595661163, 0.0043533602729439735, 0.8239858746528625]
saved summary -> /home/zhujjing/MOE-grad-conflict-routing/runs/paper_suite/single_gpu/single_task/roberta_mrpc_ffn_e4_k2/hpo/baseline/trial_runs/local_var_topk_009/baseline_s2.json
saved curve -> /home/zhujjing/MOE-grad-conflict-routing/runs/paper_suite/single_gpu/single_task/roberta_mrpc_ffn_e4_k2/hpo/baseline/trial_runs/local_var_topk_009/baseline_s2_curve.csv
