[run] method=baseline candidate=local_var_topk_020 seed=2 steps=150 gpu=0
[run] cmd=
/home/zhujjing/anaconda3/envs/moe/bin/python /home/zhujjing/MOE-grad-conflict-routing/scripts/run.py --config configs/singletask_mrpc_real.yaml --set model.backbone_backend=hf --set model.hf_load_pretrained=true --set model.backbone=roberta --set model.hf_pretrained_name=roberta-base --set model.expert_type=ffn --set model.routing_mode=topk --set model.num_experts=4 --set model.top_k=2 --set seed=2 --set method.name=baseline_avg --set train.steps=150 --set train.eval_every_steps=50 --set train.grad_clip=1.572120212 --set train.lr=7.684755e-05 --set train.weight_decay=0.02487570917 --out /home/zhujjing/MOE-grad-conflict-routing/runs/paper_suite/single_gpu/single_task/roberta_mrpc_ffn_e4_k2/hpo/baseline/trial_runs/local_var_topk_020/baseline_s2.json --curve_out /home/zhujjing/MOE-grad-conflict-routing/runs/paper_suite/single_gpu/single_task/roberta_mrpc_ffn_e4_k2/hpo/baseline/trial_runs/local_var_topk_020/baseline_s2_curve.csv
Using the latest cached version of the dataset since glue couldn't be found on the Hugging Face Hub (offline mode is enabled).
Found the latest cached dataset configuration 'mrpc' at /home/zhujjing/hf_cache/datasets/glue/mrpc/0.0.0/bcdcba79d07bc864c1c254ccfcedcce55bcc9a8c (last modified on Thu Mar 19 15:01:06 2026).
/home/zhujjing/anaconda3/envs/moe/lib/python3.10/site-packages/transformers/utils/hub.py:124: FutureWarning: Using `TRANSFORMERS_CACHE` is deprecated and will be removed in v5 of Transformers. Use `HF_HOME` instead.
  warnings.warn(
Some weights of RobertaModel were not initialized from the model checkpoint at roberta-base and are newly initialized: ['roberta.pooler.dense.bias', 'roberta.pooler.dense.weight']
You should probably TRAIN this model on a down-stream task to be able to use it for predictions and inference.
[step 0001/150] method=baseline_avg loss=0.6868 train_acc=nan train_loss=nan val_acc=nan val_loss=nan best=-1.0000
[step 0010/150] method=baseline_avg loss=0.6361 train_acc=nan train_loss=nan val_acc=nan val_loss=nan best=-1.0000
[step 0020/150] method=baseline_avg loss=0.6572 train_acc=nan train_loss=nan val_acc=nan val_loss=nan best=-1.0000
[step 0030/150] method=baseline_avg loss=0.6811 train_acc=nan train_loss=nan val_acc=nan val_loss=nan best=-1.0000
[step 0040/150] method=baseline_avg loss=0.6246 train_acc=nan train_loss=nan val_acc=nan val_loss=nan best=-1.0000
[step 0050/150] method=baseline_avg loss=0.6119 train_acc=0.6745 train_loss=0.6459 val_acc=0.6838 val_loss=0.6568 router_H=0.6886 best=0.6838
           router_load=[0.0, 0.045215439051389694, 0.5361725091934204, 0.4186120927333832]
[step 0060/150] method=baseline_avg loss=0.6798 train_acc=0.6745 train_loss=0.6459 val_acc=0.6838 val_loss=0.6568 router_H=0.6886 best=0.6838
           router_load=[0.0, 0.045215439051389694, 0.5361725091934204, 0.4186120927333832]
[step 0070/150] method=baseline_avg loss=0.4769 train_acc=0.6745 train_loss=0.6459 val_acc=0.6838 val_loss=0.6568 router_H=0.6886 best=0.6838
           router_load=[0.0, 0.045215439051389694, 0.5361725091934204, 0.4186120927333832]
[step 0080/150] method=baseline_avg loss=0.5904 train_acc=0.6745 train_loss=0.6459 val_acc=0.6838 val_loss=0.6568 router_H=0.6886 best=0.6838
           router_load=[0.0, 0.045215439051389694, 0.5361725091934204, 0.4186120927333832]
[step 0090/150] method=baseline_avg loss=0.5535 train_acc=0.6745 train_loss=0.6459 val_acc=0.6838 val_loss=0.6568 router_H=0.6886 best=0.6838
           router_load=[0.0, 0.045215439051389694, 0.5361725091934204, 0.4186120927333832]
[step 0100/150] method=baseline_avg loss=0.6053 train_acc=0.6745 train_loss=0.5322 val_acc=0.6838 val_loss=0.5292 router_H=0.6619 best=0.6838
           router_load=[0.0, 0.33753252029418945, 0.4084893763065338, 0.25397807359695435]
[step 0110/150] method=baseline_avg loss=0.5130 train_acc=0.6745 train_loss=0.5322 val_acc=0.6838 val_loss=0.5292 router_H=0.6619 best=0.6838
           router_load=[0.0, 0.33753252029418945, 0.4084893763065338, 0.25397807359695435]
[step 0120/150] method=baseline_avg loss=0.5599 train_acc=0.6745 train_loss=0.5322 val_acc=0.6838 val_loss=0.5292 router_H=0.6619 best=0.6838
           router_load=[0.0, 0.33753252029418945, 0.4084893763065338, 0.25397807359695435]
[step 0130/150] method=baseline_avg loss=0.6138 train_acc=0.6745 train_loss=0.5322 val_acc=0.6838 val_loss=0.5292 router_H=0.6619 best=0.6838
           router_load=[0.0, 0.33753252029418945, 0.4084893763065338, 0.25397807359695435]
[step 0140/150] method=baseline_avg loss=0.6708 train_acc=0.6745 train_loss=0.5322 val_acc=0.6838 val_loss=0.5292 router_H=0.6619 best=0.6838
           router_load=[0.0, 0.33753252029418945, 0.4084893763065338, 0.25397807359695435]
[step 0150/150] method=baseline_avg loss=0.6700 train_acc=0.6745 train_loss=0.5345 val_acc=0.6838 val_loss=0.5580 router_H=0.6201 best=0.6838
           router_load=[0.07342421263456345, 0.32115259766578674, 0.3932246267795563, 0.21219852566719055]
saved summary -> /home/zhujjing/MOE-grad-conflict-routing/runs/paper_suite/single_gpu/single_task/roberta_mrpc_ffn_e4_k2/hpo/baseline/trial_runs/local_var_topk_020/baseline_s2.json
saved curve -> /home/zhujjing/MOE-grad-conflict-routing/runs/paper_suite/single_gpu/single_task/roberta_mrpc_ffn_e4_k2/hpo/baseline/trial_runs/local_var_topk_020/baseline_s2_curve.csv
