[run] method=baseline candidate=local_var_topk_013 seed=3 steps=150 gpu=0
[run] cmd=
/home/zhujjing/anaconda3/envs/moe/bin/python /home/zhujjing/MOE-grad-conflict-routing/scripts/run.py --config configs/singletask_mrpc_real.yaml --set model.backbone_backend=hf --set model.hf_load_pretrained=true --set model.backbone=roberta --set model.hf_pretrained_name=roberta-base --set model.expert_type=ffn --set model.routing_mode=topk --set model.num_experts=4 --set model.top_k=2 --set seed=3 --set method.name=baseline_avg --set train.steps=150 --set train.eval_every_steps=50 --set train.grad_clip=1.872120212 --set train.lr=3.8423775e-05 --set train.weight_decay=0.01487570917 --out /home/zhujjing/MOE-grad-conflict-routing/runs/paper_suite/single_gpu/single_task/roberta_mrpc_ffn_e4_k2/hpo/baseline/trial_runs/local_var_topk_013/baseline_s3.json --curve_out /home/zhujjing/MOE-grad-conflict-routing/runs/paper_suite/single_gpu/single_task/roberta_mrpc_ffn_e4_k2/hpo/baseline/trial_runs/local_var_topk_013/baseline_s3_curve.csv
Using the latest cached version of the dataset since glue couldn't be found on the Hugging Face Hub (offline mode is enabled).
Found the latest cached dataset configuration 'mrpc' at /home/zhujjing/hf_cache/datasets/glue/mrpc/0.0.0/bcdcba79d07bc864c1c254ccfcedcce55bcc9a8c (last modified on Thu Mar 19 15:01:06 2026).
/home/zhujjing/anaconda3/envs/moe/lib/python3.10/site-packages/transformers/utils/hub.py:124: FutureWarning: Using `TRANSFORMERS_CACHE` is deprecated and will be removed in v5 of Transformers. Use `HF_HOME` instead.
  warnings.warn(
Some weights of RobertaModel were not initialized from the model checkpoint at roberta-base and are newly initialized: ['roberta.pooler.dense.bias', 'roberta.pooler.dense.weight']
You should probably TRAIN this model on a down-stream task to be able to use it for predictions and inference.
[step 0001/150] method=baseline_avg loss=0.6955 train_acc=nan train_loss=nan val_acc=nan val_loss=nan best=-1.0000
[step 0010/150] method=baseline_avg loss=0.7255 train_acc=nan train_loss=nan val_acc=nan val_loss=nan best=-1.0000
[step 0020/150] method=baseline_avg loss=0.6583 train_acc=nan train_loss=nan val_acc=nan val_loss=nan best=-1.0000
[step 0030/150] method=baseline_avg loss=0.5879 train_acc=nan train_loss=nan val_acc=nan val_loss=nan best=-1.0000
[step 0040/150] method=baseline_avg loss=0.6706 train_acc=nan train_loss=nan val_acc=nan val_loss=nan best=-1.0000
[step 0050/150] method=baseline_avg loss=0.5213 train_acc=0.7478 train_loss=0.5152 val_acc=0.7525 val_loss=0.5122 router_H=0.4563 best=0.7525
           router_load=[0.05455799773335457, 0.17348743975162506, 0.0031530719716101885, 0.7688015103340149]
[step 0060/150] method=baseline_avg loss=0.5306 train_acc=0.7478 train_loss=0.5152 val_acc=0.7525 val_loss=0.5122 router_H=0.4563 best=0.7525
           router_load=[0.05455799773335457, 0.17348743975162506, 0.0031530719716101885, 0.7688015103340149]
[step 0070/150] method=baseline_avg loss=0.4941 train_acc=0.7478 train_loss=0.5152 val_acc=0.7525 val_loss=0.5122 router_H=0.4563 best=0.7525
           router_load=[0.05455799773335457, 0.17348743975162506, 0.0031530719716101885, 0.7688015103340149]
[step 0080/150] method=baseline_avg loss=0.5614 train_acc=0.7478 train_loss=0.5152 val_acc=0.7525 val_loss=0.5122 router_H=0.4563 best=0.7525
           router_load=[0.05455799773335457, 0.17348743975162506, 0.0031530719716101885, 0.7688015103340149]
[step 0090/150] method=baseline_avg loss=0.6104 train_acc=0.7478 train_loss=0.5152 val_acc=0.7525 val_loss=0.5122 router_H=0.4563 best=0.7525
           router_load=[0.05455799773335457, 0.17348743975162506, 0.0031530719716101885, 0.7688015103340149]
[step 0100/150] method=baseline_avg loss=0.4085 train_acc=0.8435 train_loss=0.3898 val_acc=0.8529 val_loss=0.3761 router_H=0.4064 best=0.8529
           router_load=[0.15420156717300415, 0.011113711632788181, 0.0007737184059806168, 0.8339110612869263]
[step 0110/150] method=baseline_avg loss=0.5433 train_acc=0.8435 train_loss=0.3898 val_acc=0.8529 val_loss=0.3761 router_H=0.4064 best=0.8529
           router_load=[0.15420156717300415, 0.011113711632788181, 0.0007737184059806168, 0.8339110612869263]
[step 0120/150] method=baseline_avg loss=0.3061 train_acc=0.8435 train_loss=0.3898 val_acc=0.8529 val_loss=0.3761 router_H=0.4064 best=0.8529
           router_load=[0.15420156717300415, 0.011113711632788181, 0.0007737184059806168, 0.8339110612869263]
[step 0130/150] method=baseline_avg loss=0.3982 train_acc=0.8435 train_loss=0.3898 val_acc=0.8529 val_loss=0.3761 router_H=0.4064 best=0.8529
           router_load=[0.15420156717300415, 0.011113711632788181, 0.0007737184059806168, 0.8339110612869263]
[step 0140/150] method=baseline_avg loss=0.5816 train_acc=0.8435 train_loss=0.3898 val_acc=0.8529 val_loss=0.3761 router_H=0.4064 best=0.8529
           router_load=[0.15420156717300415, 0.011113711632788181, 0.0007737184059806168, 0.8339110612869263]
[step 0150/150] method=baseline_avg loss=0.5861 train_acc=0.8198 train_loss=0.4173 val_acc=0.8015 val_loss=0.4226 router_H=0.3829 best=0.8529
           router_load=[0.0, 0.1353546679019928, 0.0036840790417045355, 0.8609611392021179]
saved summary -> /home/zhujjing/MOE-grad-conflict-routing/runs/paper_suite/single_gpu/single_task/roberta_mrpc_ffn_e4_k2/hpo/baseline/trial_runs/local_var_topk_013/baseline_s3.json
saved curve -> /home/zhujjing/MOE-grad-conflict-routing/runs/paper_suite/single_gpu/single_task/roberta_mrpc_ffn_e4_k2/hpo/baseline/trial_runs/local_var_topk_013/baseline_s3_curve.csv
