[run] method=baseline candidate=local_var_topk_006 seed=2 steps=150 gpu=0
[run] cmd=
/home/zhujjing/anaconda3/envs/moe/bin/python /home/zhujjing/MOE-grad-conflict-routing/scripts/run.py --config configs/singletask_mrpc_real.yaml --set model.backbone_backend=hf --set model.hf_load_pretrained=true --set model.backbone=roberta --set model.hf_pretrained_name=roberta-base --set model.expert_type=ffn --set model.routing_mode=topk --set model.num_experts=4 --set model.top_k=2 --set seed=2 --set method.name=baseline_avg --set train.steps=150 --set train.eval_every_steps=50 --set train.grad_clip=2 --set train.lr=1.9211887e-05 --set train.weight_decay=0.004875709175 --out /home/zhujjing/MOE-grad-conflict-routing/runs/paper_suite/single_gpu/single_task/roberta_mrpc_ffn_e4_k2/hpo/baseline/trial_runs/local_var_topk_006/baseline_s2.json --curve_out /home/zhujjing/MOE-grad-conflict-routing/runs/paper_suite/single_gpu/single_task/roberta_mrpc_ffn_e4_k2/hpo/baseline/trial_runs/local_var_topk_006/baseline_s2_curve.csv
Using the latest cached version of the dataset since glue couldn't be found on the Hugging Face Hub (offline mode is enabled).
Found the latest cached dataset configuration 'mrpc' at /home/zhujjing/hf_cache/datasets/glue/mrpc/0.0.0/bcdcba79d07bc864c1c254ccfcedcce55bcc9a8c (last modified on Thu Mar 19 15:01:06 2026).
/home/zhujjing/anaconda3/envs/moe/lib/python3.10/site-packages/transformers/utils/hub.py:124: FutureWarning: Using `TRANSFORMERS_CACHE` is deprecated and will be removed in v5 of Transformers. Use `HF_HOME` instead.
  warnings.warn(
Some weights of RobertaModel were not initialized from the model checkpoint at roberta-base and are newly initialized: ['roberta.pooler.dense.bias', 'roberta.pooler.dense.weight']
You should probably TRAIN this model on a down-stream task to be able to use it for predictions and inference.
[step 0001/150] method=baseline_avg loss=0.6915 train_acc=nan train_loss=nan val_acc=nan val_loss=nan best=-1.0000
[step 0010/150] method=baseline_avg loss=0.6554 train_acc=nan train_loss=nan val_acc=nan val_loss=nan best=-1.0000
[step 0020/150] method=baseline_avg loss=0.6781 train_acc=nan train_loss=nan val_acc=nan val_loss=nan best=-1.0000
[step 0030/150] method=baseline_avg loss=0.7333 train_acc=nan train_loss=nan val_acc=nan val_loss=nan best=-1.0000
[step 0040/150] method=baseline_avg loss=0.6123 train_acc=nan train_loss=nan val_acc=nan val_loss=nan best=-1.0000
[step 0050/150] method=baseline_avg loss=0.5408 train_acc=0.7012 train_loss=0.5747 val_acc=0.7059 val_loss=0.5722 router_H=0.4892 best=0.7059
           router_load=[0.09930221736431122, 0.05383443459868431, 0.05982837453484535, 0.7870351076126099]
[step 0060/150] method=baseline_avg loss=0.6273 train_acc=0.7012 train_loss=0.5747 val_acc=0.7059 val_loss=0.5722 router_H=0.4892 best=0.7059
           router_load=[0.09930221736431122, 0.05383443459868431, 0.05982837453484535, 0.7870351076126099]
[step 0070/150] method=baseline_avg loss=0.3540 train_acc=0.7012 train_loss=0.5747 val_acc=0.7059 val_loss=0.5722 router_H=0.4892 best=0.7059
           router_load=[0.09930221736431122, 0.05383443459868431, 0.05982837453484535, 0.7870351076126099]
[step 0080/150] method=baseline_avg loss=0.4595 train_acc=0.7012 train_loss=0.5747 val_acc=0.7059 val_loss=0.5722 router_H=0.4892 best=0.7059
           router_load=[0.09930221736431122, 0.05383443459868431, 0.05982837453484535, 0.7870351076126099]
[step 0090/150] method=baseline_avg loss=0.3926 train_acc=0.7012 train_loss=0.5747 val_acc=0.7059 val_loss=0.5722 router_H=0.4892 best=0.7059
           router_load=[0.09930221736431122, 0.05383443459868431, 0.05982837453484535, 0.7870351076126099]
[step 0100/150] method=baseline_avg loss=0.4913 train_acc=0.8356 train_loss=0.4047 val_acc=0.8284 val_loss=0.4070 router_H=0.5762 best=0.8284
           router_load=[0.0, 0.0174578670412302, 0.3597498834133148, 0.6227923035621643]
[step 0110/150] method=baseline_avg loss=0.6425 train_acc=0.8356 train_loss=0.4047 val_acc=0.8284 val_loss=0.4070 router_H=0.5762 best=0.8284
           router_load=[0.0, 0.0174578670412302, 0.3597498834133148, 0.6227923035621643]
[step 0120/150] method=baseline_avg loss=0.2768 train_acc=0.8356 train_loss=0.4047 val_acc=0.8284 val_loss=0.4070 router_H=0.5762 best=0.8284
           router_load=[0.0, 0.0174578670412302, 0.3597498834133148, 0.6227923035621643]
[step 0130/150] method=baseline_avg loss=0.5247 train_acc=0.8356 train_loss=0.4047 val_acc=0.8284 val_loss=0.4070 router_H=0.5762 best=0.8284
           router_load=[0.0, 0.0174578670412302, 0.3597498834133148, 0.6227923035621643]
[step 0140/150] method=baseline_avg loss=0.2683 train_acc=0.8356 train_loss=0.4047 val_acc=0.8284 val_loss=0.4070 router_H=0.5762 best=0.8284
           router_load=[0.0, 0.0174578670412302, 0.3597498834133148, 0.6227923035621643]
[step 0150/150] method=baseline_avg loss=0.6731 train_acc=0.8787 train_loss=0.3356 val_acc=0.8701 val_loss=0.3414 router_H=0.3859 best=0.8701
           router_load=[0.0323665477335453, 0.04995782673358917, 0.22407181560993195, 0.6936038136482239]
saved summary -> /home/zhujjing/MOE-grad-conflict-routing/runs/paper_suite/single_gpu/single_task/roberta_mrpc_ffn_e4_k2/hpo/baseline/trial_runs/local_var_topk_006/baseline_s2.json
saved curve -> /home/zhujjing/MOE-grad-conflict-routing/runs/paper_suite/single_gpu/single_task/roberta_mrpc_ffn_e4_k2/hpo/baseline/trial_runs/local_var_topk_006/baseline_s2_curve.csv
