[run] method=baseline candidate=local_var_topk_013 seed=2 steps=150 gpu=0
[run] cmd=
/home/zhujjing/anaconda3/envs/moe/bin/python /home/zhujjing/MOE-grad-conflict-routing/scripts/run.py --config configs/singletask_mrpc_real.yaml --set model.backbone_backend=hf --set model.hf_load_pretrained=true --set model.backbone=roberta --set model.hf_pretrained_name=roberta-base --set model.expert_type=ffn --set model.routing_mode=topk --set model.num_experts=4 --set model.top_k=2 --set seed=2 --set method.name=baseline_avg --set train.steps=150 --set train.eval_every_steps=50 --set train.grad_clip=1.872120212 --set train.lr=3.8423775e-05 --set train.weight_decay=0.01487570917 --out /home/zhujjing/MOE-grad-conflict-routing/runs/paper_suite/single_gpu/single_task/roberta_mrpc_ffn_e4_k2/hpo/baseline/trial_runs/local_var_topk_013/baseline_s2.json --curve_out /home/zhujjing/MOE-grad-conflict-routing/runs/paper_suite/single_gpu/single_task/roberta_mrpc_ffn_e4_k2/hpo/baseline/trial_runs/local_var_topk_013/baseline_s2_curve.csv
Using the latest cached version of the dataset since glue couldn't be found on the Hugging Face Hub (offline mode is enabled).
Found the latest cached dataset configuration 'mrpc' at /home/zhujjing/hf_cache/datasets/glue/mrpc/0.0.0/bcdcba79d07bc864c1c254ccfcedcce55bcc9a8c (last modified on Thu Mar 19 15:01:06 2026).
/home/zhujjing/anaconda3/envs/moe/lib/python3.10/site-packages/transformers/utils/hub.py:124: FutureWarning: Using `TRANSFORMERS_CACHE` is deprecated and will be removed in v5 of Transformers. Use `HF_HOME` instead.
  warnings.warn(
Some weights of RobertaModel were not initialized from the model checkpoint at roberta-base and are newly initialized: ['roberta.pooler.dense.bias', 'roberta.pooler.dense.weight']
You should probably TRAIN this model on a down-stream task to be able to use it for predictions and inference.
[step 0001/150] method=baseline_avg loss=0.6894 train_acc=nan train_loss=nan val_acc=nan val_loss=nan best=-1.0000
[step 0010/150] method=baseline_avg loss=0.6734 train_acc=nan train_loss=nan val_acc=nan val_loss=nan best=-1.0000
[step 0020/150] method=baseline_avg loss=0.6365 train_acc=nan train_loss=nan val_acc=nan val_loss=nan best=-1.0000
[step 0030/150] method=baseline_avg loss=0.6008 train_acc=nan train_loss=nan val_acc=nan val_loss=nan best=-1.0000
[step 0040/150] method=baseline_avg loss=0.4948 train_acc=nan train_loss=nan val_acc=nan val_loss=nan best=-1.0000
[step 0050/150] method=baseline_avg loss=0.4671 train_acc=0.7737 train_loss=0.4855 val_acc=0.7623 val_loss=0.4863 router_H=0.4986 best=0.7623
           router_load=[0.0022091977298259735, 0.20627768337726593, 0.7801507115364075, 0.011362423188984394]
[step 0060/150] method=baseline_avg loss=0.5230 train_acc=0.7737 train_loss=0.4855 val_acc=0.7623 val_loss=0.4863 router_H=0.4986 best=0.7623
           router_load=[0.0022091977298259735, 0.20627768337726593, 0.7801507115364075, 0.011362423188984394]
[step 0070/150] method=baseline_avg loss=0.3198 train_acc=0.7737 train_loss=0.4855 val_acc=0.7623 val_loss=0.4863 router_H=0.4986 best=0.7623
           router_load=[0.0022091977298259735, 0.20627768337726593, 0.7801507115364075, 0.011362423188984394]
[step 0080/150] method=baseline_avg loss=0.4719 train_acc=0.7737 train_loss=0.4855 val_acc=0.7623 val_loss=0.4863 router_H=0.4986 best=0.7623
           router_load=[0.0022091977298259735, 0.20627768337726593, 0.7801507115364075, 0.011362423188984394]
[step 0090/150] method=baseline_avg loss=0.4840 train_acc=0.7737 train_loss=0.4855 val_acc=0.7623 val_loss=0.4863 router_H=0.4986 best=0.7623
           router_load=[0.0022091977298259735, 0.20627768337726593, 0.7801507115364075, 0.011362423188984394]
[step 0100/150] method=baseline_avg loss=0.5278 train_acc=0.8037 train_loss=0.4176 val_acc=0.7794 val_loss=0.4232 router_H=0.4719 best=0.7794
           router_load=[0.0009509211522527039, 0.24575158953666687, 0.7532386779785156, 5.886717917746864e-05]
[step 0110/150] method=baseline_avg loss=0.7391 train_acc=0.8037 train_loss=0.4176 val_acc=0.7794 val_loss=0.4232 router_H=0.4719 best=0.7794
           router_load=[0.0009509211522527039, 0.24575158953666687, 0.7532386779785156, 5.886717917746864e-05]
[step 0120/150] method=baseline_avg loss=0.3110 train_acc=0.8037 train_loss=0.4176 val_acc=0.7794 val_loss=0.4232 router_H=0.4719 best=0.7794
           router_load=[0.0009509211522527039, 0.24575158953666687, 0.7532386779785156, 5.886717917746864e-05]
[step 0130/150] method=baseline_avg loss=0.5424 train_acc=0.8037 train_loss=0.4176 val_acc=0.7794 val_loss=0.4232 router_H=0.4719 best=0.7794
           router_load=[0.0009509211522527039, 0.24575158953666687, 0.7532386779785156, 5.886717917746864e-05]
[step 0140/150] method=baseline_avg loss=0.3489 train_acc=0.8037 train_loss=0.4176 val_acc=0.7794 val_loss=0.4232 router_H=0.4719 best=0.7794
           router_load=[0.0009509211522527039, 0.24575158953666687, 0.7532386779785156, 5.886717917746864e-05]
[step 0150/150] method=baseline_avg loss=0.7287 train_acc=0.8713 train_loss=0.3524 val_acc=0.8603 val_loss=0.3827 router_H=0.3796 best=0.8603
           router_load=[0.03672866150736809, 0.1784849613904953, 0.7807067632675171, 0.0040796841494739056]
saved summary -> /home/zhujjing/MOE-grad-conflict-routing/runs/paper_suite/single_gpu/single_task/roberta_mrpc_ffn_e4_k2/hpo/baseline/trial_runs/local_var_topk_013/baseline_s2.json
saved curve -> /home/zhujjing/MOE-grad-conflict-routing/runs/paper_suite/single_gpu/single_task/roberta_mrpc_ffn_e4_k2/hpo/baseline/trial_runs/local_var_topk_013/baseline_s2_curve.csv
