[run] method=baseline candidate=local_var_topk_025 seed=2 steps=150 gpu=0
[run] cmd=
/home/zhujjing/anaconda3/envs/moe/bin/python /home/zhujjing/MOE-grad-conflict-routing/scripts/run.py --config configs/singletask_mrpc_real.yaml --set model.backbone_backend=hf --set model.hf_load_pretrained=true --set model.backbone=roberta --set model.hf_pretrained_name=roberta-base --set model.expert_type=ffn --set model.routing_mode=topk --set model.num_experts=4 --set model.top_k=2 --set seed=2 --set method.name=baseline_avg --set train.steps=150 --set train.eval_every_steps=50 --set train.grad_clip=2 --set train.lr=7.684755e-05 --set train.weight_decay=0.01487570917 --out /home/zhujjing/MOE-grad-conflict-routing/runs/paper_suite/single_gpu/single_task/roberta_mrpc_ffn_e4_k2/hpo/baseline/trial_runs/local_var_topk_025/baseline_s2.json --curve_out /home/zhujjing/MOE-grad-conflict-routing/runs/paper_suite/single_gpu/single_task/roberta_mrpc_ffn_e4_k2/hpo/baseline/trial_runs/local_var_topk_025/baseline_s2_curve.csv
Using the latest cached version of the dataset since glue couldn't be found on the Hugging Face Hub (offline mode is enabled).
Found the latest cached dataset configuration 'mrpc' at /home/zhujjing/hf_cache/datasets/glue/mrpc/0.0.0/bcdcba79d07bc864c1c254ccfcedcce55bcc9a8c (last modified on Thu Mar 19 15:01:06 2026).
/home/zhujjing/anaconda3/envs/moe/lib/python3.10/site-packages/transformers/utils/hub.py:124: FutureWarning: Using `TRANSFORMERS_CACHE` is deprecated and will be removed in v5 of Transformers. Use `HF_HOME` instead.
  warnings.warn(
Some weights of RobertaModel were not initialized from the model checkpoint at roberta-base and are newly initialized: ['roberta.pooler.dense.bias', 'roberta.pooler.dense.weight']
You should probably TRAIN this model on a down-stream task to be able to use it for predictions and inference.
[step 0001/150] method=baseline_avg loss=0.6879 train_acc=nan train_loss=nan val_acc=nan val_loss=nan best=-1.0000
[step 0010/150] method=baseline_avg loss=0.6141 train_acc=nan train_loss=nan val_acc=nan val_loss=nan best=-1.0000
[step 0020/150] method=baseline_avg loss=0.8221 train_acc=nan train_loss=nan val_acc=nan val_loss=nan best=-1.0000
[step 0030/150] method=baseline_avg loss=0.6291 train_acc=nan train_loss=nan val_acc=nan val_loss=nan best=-1.0000
[step 0040/150] method=baseline_avg loss=0.6506 train_acc=nan train_loss=nan val_acc=nan val_loss=nan best=-1.0000
[step 0050/150] method=baseline_avg loss=0.8413 train_acc=0.3967 train_loss=0.8350 val_acc=0.3750 val_loss=0.8436 router_H=0.6542 best=0.3750
           router_load=[0.575445830821991, 0.4185984432697296, 0.0, 0.005955823697149754]
[step 0060/150] method=baseline_avg loss=0.7057 train_acc=0.3967 train_loss=0.8350 val_acc=0.3750 val_loss=0.8436 router_H=0.6542 best=0.3750
           router_load=[0.575445830821991, 0.4185984432697296, 0.0, 0.005955823697149754]
[step 0070/150] method=baseline_avg loss=0.3206 train_acc=0.3967 train_loss=0.8350 val_acc=0.3750 val_loss=0.8436 router_H=0.6542 best=0.3750
           router_load=[0.575445830821991, 0.4185984432697296, 0.0, 0.005955823697149754]
[step 0080/150] method=baseline_avg loss=0.5370 train_acc=0.3967 train_loss=0.8350 val_acc=0.3750 val_loss=0.8436 router_H=0.6542 best=0.3750
           router_load=[0.575445830821991, 0.4185984432697296, 0.0, 0.005955823697149754]
[step 0090/150] method=baseline_avg loss=0.4615 train_acc=0.3967 train_loss=0.8350 val_acc=0.3750 val_loss=0.8436 router_H=0.6542 best=0.3750
           router_load=[0.575445830821991, 0.4185984432697296, 0.0, 0.005955823697149754]
[step 0100/150] method=baseline_avg loss=0.4997 train_acc=0.8097 train_loss=0.4654 val_acc=0.8162 val_loss=0.4578 router_H=0.6496 best=0.8162
           router_load=[0.1735558807849884, 0.6196316480636597, 0.02651350572705269, 0.18029901385307312]
[step 0110/150] method=baseline_avg loss=0.6290 train_acc=0.8097 train_loss=0.4654 val_acc=0.8162 val_loss=0.4578 router_H=0.6496 best=0.8162
           router_load=[0.1735558807849884, 0.6196316480636597, 0.02651350572705269, 0.18029901385307312]
[step 0120/150] method=baseline_avg loss=0.5239 train_acc=0.8097 train_loss=0.4654 val_acc=0.8162 val_loss=0.4578 router_H=0.6496 best=0.8162
           router_load=[0.1735558807849884, 0.6196316480636597, 0.02651350572705269, 0.18029901385307312]
[step 0130/150] method=baseline_avg loss=0.5201 train_acc=0.8097 train_loss=0.4654 val_acc=0.8162 val_loss=0.4578 router_H=0.6496 best=0.8162
           router_load=[0.1735558807849884, 0.6196316480636597, 0.02651350572705269, 0.18029901385307312]
[step 0140/150] method=baseline_avg loss=0.4151 train_acc=0.8097 train_loss=0.4654 val_acc=0.8162 val_loss=0.4578 router_H=0.6496 best=0.8162
           router_load=[0.1735558807849884, 0.6196316480636597, 0.02651350572705269, 0.18029901385307312]
[step 0150/150] method=baseline_avg loss=0.7002 train_acc=0.7868 train_loss=0.5588 val_acc=0.7745 val_loss=0.5845 router_H=0.6621 best=0.8162
           router_load=[0.06793016195297241, 0.5446310639381409, 0.0, 0.38743874430656433]
saved summary -> /home/zhujjing/MOE-grad-conflict-routing/runs/paper_suite/single_gpu/single_task/roberta_mrpc_ffn_e4_k2/hpo/baseline/trial_runs/local_var_topk_025/baseline_s2.json
saved curve -> /home/zhujjing/MOE-grad-conflict-routing/runs/paper_suite/single_gpu/single_task/roberta_mrpc_ffn_e4_k2/hpo/baseline/trial_runs/local_var_topk_025/baseline_s2_curve.csv
