[run] method=baseline candidate=coord_03_train_grad_clip_001 seed=2 steps=150 gpu=0
[run] cmd=
/home/zhujjing/anaconda3/envs/moe/bin/python /home/zhujjing/MOE-grad-conflict-routing/scripts/run.py --config configs/singletask_sst2_real.yaml --set model.backbone_backend=hf --set model.hf_load_pretrained=true --set model.backbone=roberta --set model.hf_pretrained_name=roberta-base --set model.expert_type=lora --set model.routing_mode=topk --set model.num_experts=4 --set model.top_k=2 --set seed=2 --set method.name=baseline_avg --set train.steps=150 --set train.eval_every_steps=50 --set train.grad_clip=0.9733492507 --set train.lr=4.073235309e-05 --set train.weight_decay=0.007589584458 --out /home/zhujjing/MOE-grad-conflict-routing/runs/paper_suite/single_gpu/single_task/roberta_sst2_lora_e4_k2/hpo/baseline/trial_runs/coord_03_train_grad_clip_001/baseline_s2.json --curve_out /home/zhujjing/MOE-grad-conflict-routing/runs/paper_suite/single_gpu/single_task/roberta_sst2_lora_e4_k2/hpo/baseline/trial_runs/coord_03_train_grad_clip_001/baseline_s2_curve.csv
Using the latest cached version of the dataset since glue couldn't be found on the Hugging Face Hub (offline mode is enabled).
Found the latest cached dataset configuration 'sst2' at /home/zhujjing/hf_cache/datasets/glue/sst2/0.0.0/bcdcba79d07bc864c1c254ccfcedcce55bcc9a8c (last modified on Thu Mar 19 15:01:41 2026).
/home/zhujjing/anaconda3/envs/moe/lib/python3.10/site-packages/transformers/utils/hub.py:124: FutureWarning: Using `TRANSFORMERS_CACHE` is deprecated and will be removed in v5 of Transformers. Use `HF_HOME` instead.
  warnings.warn(
Some weights of RobertaModel were not initialized from the model checkpoint at roberta-base and are newly initialized: ['roberta.pooler.dense.bias', 'roberta.pooler.dense.weight']
You should probably TRAIN this model on a down-stream task to be able to use it for predictions and inference.
[step 0001/150] method=baseline_avg loss=0.7558 train_acc=nan train_loss=nan val_acc=nan val_loss=nan best=-1.0000
[step 0010/150] method=baseline_avg loss=0.6519 train_acc=nan train_loss=nan val_acc=nan val_loss=nan best=-1.0000
[step 0020/150] method=baseline_avg loss=0.3823 train_acc=nan train_loss=nan val_acc=nan val_loss=nan best=-1.0000
[step 0030/150] method=baseline_avg loss=0.4414 train_acc=nan train_loss=nan val_acc=nan val_loss=nan best=-1.0000
[step 0040/150] method=baseline_avg loss=0.0747 train_acc=nan train_loss=nan val_acc=nan val_loss=nan best=-1.0000
[step 0050/150] method=baseline_avg loss=0.0911 train_acc=0.7461 train_loss=0.8668 val_acc=0.6594 val_loss=1.2351 router_H=0.6607 best=0.6594
           router_load=[0.034205228090286255, 0.6225117444992065, 0.32605522871017456, 0.017227746546268463]
[step 0060/150] method=baseline_avg loss=0.3278 train_acc=0.7461 train_loss=0.8668 val_acc=0.6594 val_loss=1.2351 router_H=0.6607 best=0.6594
           router_load=[0.034205228090286255, 0.6225117444992065, 0.32605522871017456, 0.017227746546268463]
[step 0070/150] method=baseline_avg loss=0.5203 train_acc=0.7461 train_loss=0.8668 val_acc=0.6594 val_loss=1.2351 router_H=0.6607 best=0.6594
           router_load=[0.034205228090286255, 0.6225117444992065, 0.32605522871017456, 0.017227746546268463]
[step 0080/150] method=baseline_avg loss=0.6240 train_acc=0.7461 train_loss=0.8668 val_acc=0.6594 val_loss=1.2351 router_H=0.6607 best=0.6594
           router_load=[0.034205228090286255, 0.6225117444992065, 0.32605522871017456, 0.017227746546268463]
[step 0090/150] method=baseline_avg loss=0.4486 train_acc=0.7461 train_loss=0.8668 val_acc=0.6594 val_loss=1.2351 router_H=0.6607 best=0.6594
           router_load=[0.034205228090286255, 0.6225117444992065, 0.32605522871017456, 0.017227746546268463]
[step 0100/150] method=baseline_avg loss=0.3896 train_acc=0.8674 train_loss=0.3276 val_acc=0.8784 val_loss=0.3281 router_H=0.6747 best=0.8784
           router_load=[0.18481773138046265, 0.5899776220321655, 0.19778844714164734, 0.02741624228656292]
[step 0110/150] method=baseline_avg loss=0.2679 train_acc=0.8674 train_loss=0.3276 val_acc=0.8784 val_loss=0.3281 router_H=0.6747 best=0.8784
           router_load=[0.18481773138046265, 0.5899776220321655, 0.19778844714164734, 0.02741624228656292]
[step 0120/150] method=baseline_avg loss=0.1741 train_acc=0.8674 train_loss=0.3276 val_acc=0.8784 val_loss=0.3281 router_H=0.6747 best=0.8784
           router_load=[0.18481773138046265, 0.5899776220321655, 0.19778844714164734, 0.02741624228656292]
[step 0130/150] method=baseline_avg loss=0.1340 train_acc=0.8674 train_loss=0.3276 val_acc=0.8784 val_loss=0.3281 router_H=0.6747 best=0.8784
           router_load=[0.18481773138046265, 0.5899776220321655, 0.19778844714164734, 0.02741624228656292]
[step 0140/150] method=baseline_avg loss=0.3115 train_acc=0.8674 train_loss=0.3276 val_acc=0.8784 val_loss=0.3281 router_H=0.6747 best=0.8784
           router_load=[0.18481773138046265, 0.5899776220321655, 0.19778844714164734, 0.02741624228656292]
[step 0150/150] method=baseline_avg loss=0.8529 train_acc=0.8694 train_loss=0.3389 val_acc=0.8796 val_loss=0.3224 router_H=0.6684 best=0.8796
           router_load=[0.11752614378929138, 0.6049640774726868, 0.2301504909992218, 0.04735928401350975]
saved summary -> /home/zhujjing/MOE-grad-conflict-routing/runs/paper_suite/single_gpu/single_task/roberta_sst2_lora_e4_k2/hpo/baseline/trial_runs/coord_03_train_grad_clip_001/baseline_s2.json
saved curve -> /home/zhujjing/MOE-grad-conflict-routing/runs/paper_suite/single_gpu/single_task/roberta_sst2_lora_e4_k2/hpo/baseline/trial_runs/coord_03_train_grad_clip_001/baseline_s2_curve.csv
