[run] method=baseline candidate=coord_03_train_grad_clip_027 seed=2 steps=150 gpu=0
[run] cmd=
/home/zhujjing/anaconda3/envs/moe/bin/python /home/zhujjing/MOE-grad-conflict-routing/scripts/run.py --config configs/singletask_sst2_real.yaml --set model.backbone_backend=hf --set model.hf_load_pretrained=true --set model.backbone=roberta --set model.hf_pretrained_name=roberta-base --set model.expert_type=lora --set model.routing_mode=topk --set model.num_experts=4 --set model.top_k=2 --set seed=2 --set method.name=baseline_avg --set train.steps=150 --set train.eval_every_steps=50 --set train.grad_clip=1.202092639 --set train.lr=4.073235309e-05 --set train.weight_decay=0.007589584458 --out /home/zhujjing/MOE-grad-conflict-routing/runs/paper_suite/single_gpu/single_task/roberta_sst2_lora_e4_k2/hpo/baseline/trial_runs/coord_03_train_grad_clip_027/baseline_s2.json --curve_out /home/zhujjing/MOE-grad-conflict-routing/runs/paper_suite/single_gpu/single_task/roberta_sst2_lora_e4_k2/hpo/baseline/trial_runs/coord_03_train_grad_clip_027/baseline_s2_curve.csv
Using the latest cached version of the dataset since glue couldn't be found on the Hugging Face Hub (offline mode is enabled).
Found the latest cached dataset configuration 'sst2' at /home/zhujjing/hf_cache/datasets/glue/sst2/0.0.0/bcdcba79d07bc864c1c254ccfcedcce55bcc9a8c (last modified on Thu Mar 19 15:01:41 2026).
/home/zhujjing/anaconda3/envs/moe/lib/python3.10/site-packages/transformers/utils/hub.py:124: FutureWarning: Using `TRANSFORMERS_CACHE` is deprecated and will be removed in v5 of Transformers. Use `HF_HOME` instead.
  warnings.warn(
Some weights of RobertaModel were not initialized from the model checkpoint at roberta-base and are newly initialized: ['roberta.pooler.dense.bias', 'roberta.pooler.dense.weight']
You should probably TRAIN this model on a down-stream task to be able to use it for predictions and inference.
[step 0001/150] method=baseline_avg loss=0.8794 train_acc=nan train_loss=nan val_acc=nan val_loss=nan best=-1.0000
[step 0010/150] method=baseline_avg loss=0.6895 train_acc=nan train_loss=nan val_acc=nan val_loss=nan best=-1.0000
[step 0020/150] method=baseline_avg loss=0.3525 train_acc=nan train_loss=nan val_acc=nan val_loss=nan best=-1.0000
[step 0030/150] method=baseline_avg loss=0.2492 train_acc=nan train_loss=nan val_acc=nan val_loss=nan best=-1.0000
[step 0040/150] method=baseline_avg loss=0.4961 train_acc=nan train_loss=nan val_acc=nan val_loss=nan best=-1.0000
[step 0050/150] method=baseline_avg loss=0.6285 train_acc=0.7866 train_loss=0.4604 val_acc=0.7901 val_loss=0.4750 router_H=0.6778 best=0.7901
           router_load=[0.0, 0.33980557322502136, 0.07818146049976349, 0.5820128917694092]
[step 0060/150] method=baseline_avg loss=0.5156 train_acc=0.7866 train_loss=0.4604 val_acc=0.7901 val_loss=0.4750 router_H=0.6778 best=0.7901
           router_load=[0.0, 0.33980557322502136, 0.07818146049976349, 0.5820128917694092]
[step 0070/150] method=baseline_avg loss=0.7031 train_acc=0.7866 train_loss=0.4604 val_acc=0.7901 val_loss=0.4750 router_H=0.6778 best=0.7901
           router_load=[0.0, 0.33980557322502136, 0.07818146049976349, 0.5820128917694092]
[step 0080/150] method=baseline_avg loss=0.3626 train_acc=0.7866 train_loss=0.4604 val_acc=0.7901 val_loss=0.4750 router_H=0.6778 best=0.7901
           router_load=[0.0, 0.33980557322502136, 0.07818146049976349, 0.5820128917694092]
[step 0090/150] method=baseline_avg loss=0.4970 train_acc=0.7866 train_loss=0.4604 val_acc=0.7901 val_loss=0.4750 router_H=0.6778 best=0.7901
           router_load=[0.0, 0.33980557322502136, 0.07818146049976349, 0.5820128917694092]
[step 0100/150] method=baseline_avg loss=0.5578 train_acc=0.8575 train_loss=0.3693 val_acc=0.8062 val_loss=0.4572 router_H=0.6722 best=0.8062
           router_load=[0.001187609857879579, 0.4027164578437805, 0.0017507147276774049, 0.594345211982727]
[step 0110/150] method=baseline_avg loss=0.4230 train_acc=0.8575 train_loss=0.3693 val_acc=0.8062 val_loss=0.4572 router_H=0.6722 best=0.8062
           router_load=[0.001187609857879579, 0.4027164578437805, 0.0017507147276774049, 0.594345211982727]
[step 0120/150] method=baseline_avg loss=0.6383 train_acc=0.8575 train_loss=0.3693 val_acc=0.8062 val_loss=0.4572 router_H=0.6722 best=0.8062
           router_load=[0.001187609857879579, 0.4027164578437805, 0.0017507147276774049, 0.594345211982727]
[step 0130/150] method=baseline_avg loss=0.4114 train_acc=0.8575 train_loss=0.3693 val_acc=0.8062 val_loss=0.4572 router_H=0.6722 best=0.8062
           router_load=[0.001187609857879579, 0.4027164578437805, 0.0017507147276774049, 0.594345211982727]
[step 0140/150] method=baseline_avg loss=0.3105 train_acc=0.8575 train_loss=0.3693 val_acc=0.8062 val_loss=0.4572 router_H=0.6722 best=0.8062
           router_load=[0.001187609857879579, 0.4027164578437805, 0.0017507147276774049, 0.594345211982727]
[step 0150/150] method=baseline_avg loss=0.6360 train_acc=0.8881 train_loss=0.3365 val_acc=0.8807 val_loss=0.3558 router_H=0.6787 best=0.8807
           router_load=[0.004206311423331499, 0.41946715116500854, 0.005078968126326799, 0.5712475776672363]
saved summary -> /home/zhujjing/MOE-grad-conflict-routing/runs/paper_suite/single_gpu/single_task/roberta_sst2_lora_e4_k2/hpo/baseline/trial_runs/coord_03_train_grad_clip_027/baseline_s2.json
saved curve -> /home/zhujjing/MOE-grad-conflict-routing/runs/paper_suite/single_gpu/single_task/roberta_sst2_lora_e4_k2/hpo/baseline/trial_runs/coord_03_train_grad_clip_027/baseline_s2_curve.csv
