[run] method=baseline candidate=coord_03_anchor seed=3 steps=150 gpu=0
[run] cmd=
/home/zhujjing/anaconda3/envs/moe/bin/python /home/zhujjing/MOE-grad-conflict-routing/scripts/run.py --config configs/singletask_sst2_real.yaml --set model.backbone_backend=hf --set model.hf_load_pretrained=true --set model.backbone=roberta --set model.hf_pretrained_name=roberta-base --set model.expert_type=lora --set model.routing_mode=topk --set model.num_experts=4 --set model.top_k=2 --set seed=3 --set method.name=baseline_avg --set train.steps=150 --set train.eval_every_steps=50 --set train.grad_clip=1 --set train.lr=4.073235309e-05 --set train.weight_decay=0.007589584458 --out /home/zhujjing/MOE-grad-conflict-routing/runs/paper_suite/single_gpu/single_task/roberta_sst2_lora_e4_k2/hpo/baseline/trial_runs/coord_03_anchor/baseline_s3.json --curve_out /home/zhujjing/MOE-grad-conflict-routing/runs/paper_suite/single_gpu/single_task/roberta_sst2_lora_e4_k2/hpo/baseline/trial_runs/coord_03_anchor/baseline_s3_curve.csv
Using the latest cached version of the dataset since glue couldn't be found on the Hugging Face Hub (offline mode is enabled).
Found the latest cached dataset configuration 'sst2' at /home/zhujjing/hf_cache/datasets/glue/sst2/0.0.0/bcdcba79d07bc864c1c254ccfcedcce55bcc9a8c (last modified on Thu Mar 19 15:01:41 2026).
/home/zhujjing/anaconda3/envs/moe/lib/python3.10/site-packages/transformers/utils/hub.py:124: FutureWarning: Using `TRANSFORMERS_CACHE` is deprecated and will be removed in v5 of Transformers. Use `HF_HOME` instead.
  warnings.warn(
Some weights of RobertaModel were not initialized from the model checkpoint at roberta-base and are newly initialized: ['roberta.pooler.dense.bias', 'roberta.pooler.dense.weight']
You should probably TRAIN this model on a down-stream task to be able to use it for predictions and inference.
[step 0001/150] method=baseline_avg loss=0.6101 train_acc=nan train_loss=nan val_acc=nan val_loss=nan best=-1.0000
[step 0010/150] method=baseline_avg loss=0.6769 train_acc=nan train_loss=nan val_acc=nan val_loss=nan best=-1.0000
[step 0020/150] method=baseline_avg loss=0.6280 train_acc=nan train_loss=nan val_acc=nan val_loss=nan best=-1.0000
[step 0030/150] method=baseline_avg loss=0.4102 train_acc=nan train_loss=nan val_acc=nan val_loss=nan best=-1.0000
[step 0040/150] method=baseline_avg loss=1.0283 train_acc=nan train_loss=nan val_acc=nan val_loss=nan best=-1.0000
[step 0050/150] method=baseline_avg loss=0.6774 train_acc=0.8167 train_loss=0.4720 val_acc=0.8028 val_loss=0.4671 router_H=0.6503 best=0.8028
           router_load=[0.6366690397262573, 0.20400549471378326, 0.14478442072868347, 0.014541028067469597]
[step 0060/150] method=baseline_avg loss=0.4029 train_acc=0.8167 train_loss=0.4720 val_acc=0.8028 val_loss=0.4671 router_H=0.6503 best=0.8028
           router_load=[0.6366690397262573, 0.20400549471378326, 0.14478442072868347, 0.014541028067469597]
[step 0070/150] method=baseline_avg loss=0.5379 train_acc=0.8167 train_loss=0.4720 val_acc=0.8028 val_loss=0.4671 router_H=0.6503 best=0.8028
           router_load=[0.6366690397262573, 0.20400549471378326, 0.14478442072868347, 0.014541028067469597]
[step 0080/150] method=baseline_avg loss=0.2938 train_acc=0.8167 train_loss=0.4720 val_acc=0.8028 val_loss=0.4671 router_H=0.6503 best=0.8028
           router_load=[0.6366690397262573, 0.20400549471378326, 0.14478442072868347, 0.014541028067469597]
[step 0090/150] method=baseline_avg loss=0.3670 train_acc=0.8167 train_loss=0.4720 val_acc=0.8028 val_loss=0.4671 router_H=0.6503 best=0.8028
           router_load=[0.6366690397262573, 0.20400549471378326, 0.14478442072868347, 0.014541028067469597]
[step 0100/150] method=baseline_avg loss=0.4158 train_acc=0.8586 train_loss=0.3631 val_acc=0.8876 val_loss=0.3214 router_H=0.6746 best=0.8876
           router_load=[0.5839928388595581, 0.11827794462442398, 0.08341753482818604, 0.21431168913841248]
[step 0110/150] method=baseline_avg loss=0.2780 train_acc=0.8586 train_loss=0.3631 val_acc=0.8876 val_loss=0.3214 router_H=0.6746 best=0.8876
           router_load=[0.5839928388595581, 0.11827794462442398, 0.08341753482818604, 0.21431168913841248]
[step 0120/150] method=baseline_avg loss=0.4165 train_acc=0.8586 train_loss=0.3631 val_acc=0.8876 val_loss=0.3214 router_H=0.6746 best=0.8876
           router_load=[0.5839928388595581, 0.11827794462442398, 0.08341753482818604, 0.21431168913841248]
[step 0130/150] method=baseline_avg loss=0.7058 train_acc=0.8586 train_loss=0.3631 val_acc=0.8876 val_loss=0.3214 router_H=0.6746 best=0.8876
           router_load=[0.5839928388595581, 0.11827794462442398, 0.08341753482818604, 0.21431168913841248]
[step 0140/150] method=baseline_avg loss=0.2922 train_acc=0.8586 train_loss=0.3631 val_acc=0.8876 val_loss=0.3214 router_H=0.6746 best=0.8876
           router_load=[0.5839928388595581, 0.11827794462442398, 0.08341753482818604, 0.21431168913841248]
[step 0150/150] method=baseline_avg loss=0.1769 train_acc=0.8740 train_loss=0.3210 val_acc=0.9025 val_loss=0.2689 router_H=0.6900 best=0.9025
           router_load=[0.4974263608455658, 0.16706183552742004, 0.15587830543518066, 0.17963352799415588]
saved summary -> /home/zhujjing/MOE-grad-conflict-routing/runs/paper_suite/single_gpu/single_task/roberta_sst2_lora_e4_k2/hpo/baseline/trial_runs/coord_03_anchor/baseline_s3.json
saved curve -> /home/zhujjing/MOE-grad-conflict-routing/runs/paper_suite/single_gpu/single_task/roberta_sst2_lora_e4_k2/hpo/baseline/trial_runs/coord_03_anchor/baseline_s3_curve.csv
