[run] method=baseline candidate=coord_03_train_grad_clip_028 seed=2 steps=150 gpu=0
[run] cmd=
/home/zhujjing/anaconda3/envs/moe/bin/python /home/zhujjing/MOE-grad-conflict-routing/scripts/run.py --config configs/singletask_sst2_real.yaml --set model.backbone_backend=hf --set model.hf_load_pretrained=true --set model.backbone=roberta --set model.hf_pretrained_name=roberta-base --set model.expert_type=lora --set model.routing_mode=topk --set model.num_experts=4 --set model.top_k=2 --set seed=2 --set method.name=baseline_avg --set train.steps=150 --set train.eval_every_steps=50 --set train.grad_clip=1.620289055 --set train.lr=4.073235309e-05 --set train.weight_decay=0.007589584458 --out /home/zhujjing/MOE-grad-conflict-routing/runs/paper_suite/single_gpu/single_task/roberta_sst2_lora_e4_k2/hpo/baseline/trial_runs/coord_03_train_grad_clip_028/baseline_s2.json --curve_out /home/zhujjing/MOE-grad-conflict-routing/runs/paper_suite/single_gpu/single_task/roberta_sst2_lora_e4_k2/hpo/baseline/trial_runs/coord_03_train_grad_clip_028/baseline_s2_curve.csv
Using the latest cached version of the dataset since glue couldn't be found on the Hugging Face Hub (offline mode is enabled).
Found the latest cached dataset configuration 'sst2' at /home/zhujjing/hf_cache/datasets/glue/sst2/0.0.0/bcdcba79d07bc864c1c254ccfcedcce55bcc9a8c (last modified on Thu Mar 19 15:01:41 2026).
/home/zhujjing/anaconda3/envs/moe/lib/python3.10/site-packages/transformers/utils/hub.py:124: FutureWarning: Using `TRANSFORMERS_CACHE` is deprecated and will be removed in v5 of Transformers. Use `HF_HOME` instead.
  warnings.warn(
Some weights of RobertaModel were not initialized from the model checkpoint at roberta-base and are newly initialized: ['roberta.pooler.dense.bias', 'roberta.pooler.dense.weight']
You should probably TRAIN this model on a down-stream task to be able to use it for predictions and inference.
[step 0001/150] method=baseline_avg loss=0.7211 train_acc=nan train_loss=nan val_acc=nan val_loss=nan best=-1.0000
[step 0010/150] method=baseline_avg loss=0.6399 train_acc=nan train_loss=nan val_acc=nan val_loss=nan best=-1.0000
[step 0020/150] method=baseline_avg loss=0.3443 train_acc=nan train_loss=nan val_acc=nan val_loss=nan best=-1.0000
[step 0030/150] method=baseline_avg loss=0.4961 train_acc=nan train_loss=nan val_acc=nan val_loss=nan best=-1.0000
[step 0040/150] method=baseline_avg loss=0.2852 train_acc=nan train_loss=nan val_acc=nan val_loss=nan best=-1.0000
[step 0050/150] method=baseline_avg loss=0.2326 train_acc=0.7410 train_loss=0.5958 val_acc=0.6307 val_loss=0.8145 router_H=0.6879 best=0.6307
           router_load=[0.5104867815971375, 0.14216962456703186, 0.025803342461586, 0.32154029607772827]
[step 0060/150] method=baseline_avg loss=0.2710 train_acc=0.7410 train_loss=0.5958 val_acc=0.6307 val_loss=0.8145 router_H=0.6879 best=0.6307
           router_load=[0.5104867815971375, 0.14216962456703186, 0.025803342461586, 0.32154029607772827]
[step 0070/150] method=baseline_avg loss=0.9086 train_acc=0.7410 train_loss=0.5958 val_acc=0.6307 val_loss=0.8145 router_H=0.6879 best=0.6307
           router_load=[0.5104867815971375, 0.14216962456703186, 0.025803342461586, 0.32154029607772827]
[step 0080/150] method=baseline_avg loss=0.8187 train_acc=0.7410 train_loss=0.5958 val_acc=0.6307 val_loss=0.8145 router_H=0.6879 best=0.6307
           router_load=[0.5104867815971375, 0.14216962456703186, 0.025803342461586, 0.32154029607772827]
[step 0090/150] method=baseline_avg loss=0.7740 train_acc=0.7410 train_loss=0.5958 val_acc=0.6307 val_loss=0.8145 router_H=0.6879 best=0.6307
           router_load=[0.5104867815971375, 0.14216962456703186, 0.025803342461586, 0.32154029607772827]
[step 0100/150] method=baseline_avg loss=0.7824 train_acc=0.8582 train_loss=0.4329 val_acc=0.8303 val_loss=0.4645 router_H=0.6901 best=0.8303
           router_load=[0.1993345320224762, 0.27402564883232117, 0.0009617016767151654, 0.5256780385971069]
[step 0110/150] method=baseline_avg loss=0.3729 train_acc=0.8582 train_loss=0.4329 val_acc=0.8303 val_loss=0.4645 router_H=0.6901 best=0.8303
           router_load=[0.1993345320224762, 0.27402564883232117, 0.0009617016767151654, 0.5256780385971069]
[step 0120/150] method=baseline_avg loss=1.0276 train_acc=0.8582 train_loss=0.4329 val_acc=0.8303 val_loss=0.4645 router_H=0.6901 best=0.8303
           router_load=[0.1993345320224762, 0.27402564883232117, 0.0009617016767151654, 0.5256780385971069]
[step 0130/150] method=baseline_avg loss=0.5394 train_acc=0.8582 train_loss=0.4329 val_acc=0.8303 val_loss=0.4645 router_H=0.6901 best=0.8303
           router_load=[0.1993345320224762, 0.27402564883232117, 0.0009617016767151654, 0.5256780385971069]
[step 0140/150] method=baseline_avg loss=0.5037 train_acc=0.8582 train_loss=0.4329 val_acc=0.8303 val_loss=0.4645 router_H=0.6901 best=0.8303
           router_load=[0.1993345320224762, 0.27402564883232117, 0.0009617016767151654, 0.5256780385971069]
[step 0150/150] method=baseline_avg loss=0.3812 train_acc=0.8721 train_loss=0.3636 val_acc=0.8624 val_loss=0.3605 router_H=0.6904 best=0.8624
           router_load=[0.24128127098083496, 0.26898902654647827, 0.10799361765384674, 0.3817361295223236]
saved summary -> /home/zhujjing/MOE-grad-conflict-routing/runs/paper_suite/single_gpu/single_task/roberta_sst2_lora_e4_k2/hpo/baseline/trial_runs/coord_03_train_grad_clip_028/baseline_s2.json
saved curve -> /home/zhujjing/MOE-grad-conflict-routing/runs/paper_suite/single_gpu/single_task/roberta_sst2_lora_e4_k2/hpo/baseline/trial_runs/coord_03_train_grad_clip_028/baseline_s2_curve.csv
