[run] method=baseline candidate=coord_03_train_grad_clip_010 seed=2 steps=150 gpu=0
[run] cmd=
/home/zhujjing/anaconda3/envs/moe/bin/python /home/zhujjing/MOE-grad-conflict-routing/scripts/run.py --config configs/singletask_sst2_real.yaml --set model.backbone_backend=hf --set model.hf_load_pretrained=true --set model.backbone=roberta --set model.hf_pretrained_name=roberta-base --set model.expert_type=lora --set model.routing_mode=topk --set model.num_experts=4 --set model.top_k=2 --set seed=2 --set method.name=baseline_avg --set train.steps=150 --set train.eval_every_steps=50 --set train.grad_clip=1.397685055 --set train.lr=4.073235309e-05 --set train.weight_decay=0.007589584458 --out /home/zhujjing/MOE-grad-conflict-routing/runs/paper_suite/single_gpu/single_task/roberta_sst2_lora_e4_k2/hpo/baseline/trial_runs/coord_03_train_grad_clip_010/baseline_s2.json --curve_out /home/zhujjing/MOE-grad-conflict-routing/runs/paper_suite/single_gpu/single_task/roberta_sst2_lora_e4_k2/hpo/baseline/trial_runs/coord_03_train_grad_clip_010/baseline_s2_curve.csv
Using the latest cached version of the dataset since glue couldn't be found on the Hugging Face Hub (offline mode is enabled).
Found the latest cached dataset configuration 'sst2' at /home/zhujjing/hf_cache/datasets/glue/sst2/0.0.0/bcdcba79d07bc864c1c254ccfcedcce55bcc9a8c (last modified on Thu Mar 19 15:01:41 2026).
/home/zhujjing/anaconda3/envs/moe/lib/python3.10/site-packages/transformers/utils/hub.py:124: FutureWarning: Using `TRANSFORMERS_CACHE` is deprecated and will be removed in v5 of Transformers. Use `HF_HOME` instead.
  warnings.warn(
Some weights of RobertaModel were not initialized from the model checkpoint at roberta-base and are newly initialized: ['roberta.pooler.dense.bias', 'roberta.pooler.dense.weight']
You should probably TRAIN this model on a down-stream task to be able to use it for predictions and inference.
[step 0001/150] method=baseline_avg loss=0.5822 train_acc=nan train_loss=nan val_acc=nan val_loss=nan best=-1.0000
[step 0010/150] method=baseline_avg loss=0.6201 train_acc=nan train_loss=nan val_acc=nan val_loss=nan best=-1.0000
[step 0020/150] method=baseline_avg loss=0.3062 train_acc=nan train_loss=nan val_acc=nan val_loss=nan best=-1.0000
[step 0030/150] method=baseline_avg loss=0.3052 train_acc=nan train_loss=nan val_acc=nan val_loss=nan best=-1.0000
[step 0040/150] method=baseline_avg loss=0.2688 train_acc=nan train_loss=nan val_acc=nan val_loss=nan best=-1.0000
[step 0050/150] method=baseline_avg loss=0.1504 train_acc=0.8209 train_loss=0.4603 val_acc=0.7947 val_loss=0.5116 router_H=0.6761 best=0.7947
           router_load=[0.08077973127365112, 0.5835264921188354, 0.039474356919527054, 0.29621946811676025]
[step 0060/150] method=baseline_avg loss=0.4502 train_acc=0.8209 train_loss=0.4603 val_acc=0.7947 val_loss=0.5116 router_H=0.6761 best=0.7947
           router_load=[0.08077973127365112, 0.5835264921188354, 0.039474356919527054, 0.29621946811676025]
[step 0070/150] method=baseline_avg loss=0.4133 train_acc=0.8209 train_loss=0.4603 val_acc=0.7947 val_loss=0.5116 router_H=0.6761 best=0.7947
           router_load=[0.08077973127365112, 0.5835264921188354, 0.039474356919527054, 0.29621946811676025]
[step 0080/150] method=baseline_avg loss=0.7554 train_acc=0.8209 train_loss=0.4603 val_acc=0.7947 val_loss=0.5116 router_H=0.6761 best=0.7947
           router_load=[0.08077973127365112, 0.5835264921188354, 0.039474356919527054, 0.29621946811676025]
[step 0090/150] method=baseline_avg loss=0.4988 train_acc=0.8209 train_loss=0.4603 val_acc=0.7947 val_loss=0.5116 router_H=0.6761 best=0.7947
           router_load=[0.08077973127365112, 0.5835264921188354, 0.039474356919527054, 0.29621946811676025]
[step 0100/150] method=baseline_avg loss=0.6293 train_acc=0.8302 train_loss=0.4244 val_acc=0.7787 val_loss=0.5594 router_H=0.6319 best=0.7947
           router_load=[0.00252777012065053, 0.6678072214126587, 0.03261444345116615, 0.2970503270626068]
[step 0110/150] method=baseline_avg loss=0.3658 train_acc=0.8302 train_loss=0.4244 val_acc=0.7787 val_loss=0.5594 router_H=0.6319 best=0.7947
           router_load=[0.00252777012065053, 0.6678072214126587, 0.03261444345116615, 0.2970503270626068]
[step 0120/150] method=baseline_avg loss=0.3699 train_acc=0.8302 train_loss=0.4244 val_acc=0.7787 val_loss=0.5594 router_H=0.6319 best=0.7947
           router_load=[0.00252777012065053, 0.6678072214126587, 0.03261444345116615, 0.2970503270626068]
[step 0130/150] method=baseline_avg loss=0.3493 train_acc=0.8302 train_loss=0.4244 val_acc=0.7787 val_loss=0.5594 router_H=0.6319 best=0.7947
           router_load=[0.00252777012065053, 0.6678072214126587, 0.03261444345116615, 0.2970503270626068]
[step 0140/150] method=baseline_avg loss=0.3362 train_acc=0.8302 train_loss=0.4244 val_acc=0.7787 val_loss=0.5594 router_H=0.6319 best=0.7947
           router_load=[0.00252777012065053, 0.6678072214126587, 0.03261444345116615, 0.2970503270626068]
[step 0150/150] method=baseline_avg loss=0.6906 train_acc=0.8819 train_loss=0.3012 val_acc=0.8647 val_loss=0.3633 router_H=0.6669 best=0.8647
           router_load=[0.002329004928469658, 0.604488730430603, 0.038327522575855255, 0.3548547923564911]
saved summary -> /home/zhujjing/MOE-grad-conflict-routing/runs/paper_suite/single_gpu/single_task/roberta_sst2_lora_e4_k2/hpo/baseline/trial_runs/coord_03_train_grad_clip_010/baseline_s2.json
saved curve -> /home/zhujjing/MOE-grad-conflict-routing/runs/paper_suite/single_gpu/single_task/roberta_sst2_lora_e4_k2/hpo/baseline/trial_runs/coord_03_train_grad_clip_010/baseline_s2_curve.csv
