[run] method=baseline candidate=coord_03_train_grad_clip_020 seed=2 steps=150 gpu=0
[run] cmd=
/home/zhujjing/anaconda3/envs/moe/bin/python /home/zhujjing/MOE-grad-conflict-routing/scripts/run.py --config configs/singletask_sst2_real.yaml --set model.backbone_backend=hf --set model.hf_load_pretrained=true --set model.backbone=roberta --set model.hf_pretrained_name=roberta-base --set model.expert_type=lora --set model.routing_mode=topk --set model.num_experts=4 --set model.top_k=2 --set seed=2 --set method.name=baseline_avg --set train.steps=150 --set train.eval_every_steps=50 --set train.grad_clip=1.451051031 --set train.lr=4.073235309e-05 --set train.weight_decay=0.007589584458 --out /home/zhujjing/MOE-grad-conflict-routing/runs/paper_suite/single_gpu/single_task/roberta_sst2_lora_e4_k2/hpo/baseline/trial_runs/coord_03_train_grad_clip_020/baseline_s2.json --curve_out /home/zhujjing/MOE-grad-conflict-routing/runs/paper_suite/single_gpu/single_task/roberta_sst2_lora_e4_k2/hpo/baseline/trial_runs/coord_03_train_grad_clip_020/baseline_s2_curve.csv
Using the latest cached version of the dataset since glue couldn't be found on the Hugging Face Hub (offline mode is enabled).
Found the latest cached dataset configuration 'sst2' at /home/zhujjing/hf_cache/datasets/glue/sst2/0.0.0/bcdcba79d07bc864c1c254ccfcedcce55bcc9a8c (last modified on Thu Mar 19 15:01:41 2026).
/home/zhujjing/anaconda3/envs/moe/lib/python3.10/site-packages/transformers/utils/hub.py:124: FutureWarning: Using `TRANSFORMERS_CACHE` is deprecated and will be removed in v5 of Transformers. Use `HF_HOME` instead.
  warnings.warn(
Some weights of RobertaModel were not initialized from the model checkpoint at roberta-base and are newly initialized: ['roberta.pooler.dense.bias', 'roberta.pooler.dense.weight']
You should probably TRAIN this model on a down-stream task to be able to use it for predictions and inference.
[step 0001/150] method=baseline_avg loss=0.6798 train_acc=nan train_loss=nan val_acc=nan val_loss=nan best=-1.0000
[step 0010/150] method=baseline_avg loss=0.6650 train_acc=nan train_loss=nan val_acc=nan val_loss=nan best=-1.0000
[step 0020/150] method=baseline_avg loss=0.4101 train_acc=nan train_loss=nan val_acc=nan val_loss=nan best=-1.0000
[step 0030/150] method=baseline_avg loss=0.4986 train_acc=nan train_loss=nan val_acc=nan val_loss=nan best=-1.0000
[step 0040/150] method=baseline_avg loss=0.4281 train_acc=nan train_loss=nan val_acc=nan val_loss=nan best=-1.0000
[step 0050/150] method=baseline_avg loss=0.4538 train_acc=0.8461 train_loss=0.4006 val_acc=0.8188 val_loss=0.4556 router_H=0.6718 best=0.8188
           router_load=[0.03188693895936012, 0.3869258165359497, 0.5634851455688477, 0.017702119424939156]
[step 0060/150] method=baseline_avg loss=0.5106 train_acc=0.8461 train_loss=0.4006 val_acc=0.8188 val_loss=0.4556 router_H=0.6718 best=0.8188
           router_load=[0.03188693895936012, 0.3869258165359497, 0.5634851455688477, 0.017702119424939156]
[step 0070/150] method=baseline_avg loss=0.5056 train_acc=0.8461 train_loss=0.4006 val_acc=0.8188 val_loss=0.4556 router_H=0.6718 best=0.8188
           router_load=[0.03188693895936012, 0.3869258165359497, 0.5634851455688477, 0.017702119424939156]
[step 0080/150] method=baseline_avg loss=0.6630 train_acc=0.8461 train_loss=0.4006 val_acc=0.8188 val_loss=0.4556 router_H=0.6718 best=0.8188
           router_load=[0.03188693895936012, 0.3869258165359497, 0.5634851455688477, 0.017702119424939156]
[step 0090/150] method=baseline_avg loss=0.7161 train_acc=0.8461 train_loss=0.4006 val_acc=0.8188 val_loss=0.4556 router_H=0.6718 best=0.8188
           router_load=[0.03188693895936012, 0.3869258165359497, 0.5634851455688477, 0.017702119424939156]
[step 0100/150] method=baseline_avg loss=0.4758 train_acc=0.8202 train_loss=0.4504 val_acc=0.7626 val_loss=0.5823 router_H=0.6832 best=0.8188
           router_load=[0.035052552819252014, 0.44628989696502686, 0.5186574459075928, 0.0]
[step 0110/150] method=baseline_avg loss=0.3519 train_acc=0.8202 train_loss=0.4504 val_acc=0.7626 val_loss=0.5823 router_H=0.6832 best=0.8188
           router_load=[0.035052552819252014, 0.44628989696502686, 0.5186574459075928, 0.0]
[step 0120/150] method=baseline_avg loss=0.6447 train_acc=0.8202 train_loss=0.4504 val_acc=0.7626 val_loss=0.5823 router_H=0.6832 best=0.8188
           router_load=[0.035052552819252014, 0.44628989696502686, 0.5186574459075928, 0.0]
[step 0130/150] method=baseline_avg loss=0.3770 train_acc=0.8202 train_loss=0.4504 val_acc=0.7626 val_loss=0.5823 router_H=0.6832 best=0.8188
           router_load=[0.035052552819252014, 0.44628989696502686, 0.5186574459075928, 0.0]
[step 0140/150] method=baseline_avg loss=0.4019 train_acc=0.8202 train_loss=0.4504 val_acc=0.7626 val_loss=0.5823 router_H=0.6832 best=0.8188
           router_load=[0.035052552819252014, 0.44628989696502686, 0.5186574459075928, 0.0]
[step 0150/150] method=baseline_avg loss=0.5783 train_acc=0.8913 train_loss=0.2821 val_acc=0.9002 val_loss=0.2655 router_H=0.6752 best=0.9002
           router_load=[0.13204309344291687, 0.29173216223716736, 0.5661020278930664, 0.010122702457010746]
saved summary -> /home/zhujjing/MOE-grad-conflict-routing/runs/paper_suite/single_gpu/single_task/roberta_sst2_lora_e4_k2/hpo/baseline/trial_runs/coord_03_train_grad_clip_020/baseline_s2.json
saved curve -> /home/zhujjing/MOE-grad-conflict-routing/runs/paper_suite/single_gpu/single_task/roberta_sst2_lora_e4_k2/hpo/baseline/trial_runs/coord_03_train_grad_clip_020/baseline_s2_curve.csv
