[run] method=baseline candidate=coord_03_train_grad_clip_013 seed=3 steps=150 gpu=0
[run] cmd=
/home/zhujjing/anaconda3/envs/moe/bin/python /home/zhujjing/MOE-grad-conflict-routing/scripts/run.py --config configs/singletask_sst2_real.yaml --set model.backbone_backend=hf --set model.hf_load_pretrained=true --set model.backbone=roberta --set model.hf_pretrained_name=roberta-base --set model.expert_type=lora --set model.routing_mode=topk --set model.num_experts=4 --set model.top_k=2 --set seed=3 --set method.name=baseline_avg --set train.steps=150 --set train.eval_every_steps=50 --set train.grad_clip=0.7891724795 --set train.lr=4.073235309e-05 --set train.weight_decay=0.007589584458 --out /home/zhujjing/MOE-grad-conflict-routing/runs/paper_suite/single_gpu/single_task/roberta_sst2_lora_e4_k2/hpo/baseline/trial_runs/coord_03_train_grad_clip_013/baseline_s3.json --curve_out /home/zhujjing/MOE-grad-conflict-routing/runs/paper_suite/single_gpu/single_task/roberta_sst2_lora_e4_k2/hpo/baseline/trial_runs/coord_03_train_grad_clip_013/baseline_s3_curve.csv
Using the latest cached version of the dataset since glue couldn't be found on the Hugging Face Hub (offline mode is enabled).
Found the latest cached dataset configuration 'sst2' at /home/zhujjing/hf_cache/datasets/glue/sst2/0.0.0/bcdcba79d07bc864c1c254ccfcedcce55bcc9a8c (last modified on Thu Mar 19 15:01:41 2026).
/home/zhujjing/anaconda3/envs/moe/lib/python3.10/site-packages/transformers/utils/hub.py:124: FutureWarning: Using `TRANSFORMERS_CACHE` is deprecated and will be removed in v5 of Transformers. Use `HF_HOME` instead.
  warnings.warn(
Some weights of RobertaModel were not initialized from the model checkpoint at roberta-base and are newly initialized: ['roberta.pooler.dense.bias', 'roberta.pooler.dense.weight']
You should probably TRAIN this model on a down-stream task to be able to use it for predictions and inference.
[step 0001/150] method=baseline_avg loss=0.6256 train_acc=nan train_loss=nan val_acc=nan val_loss=nan best=-1.0000
[step 0010/150] method=baseline_avg loss=0.7039 train_acc=nan train_loss=nan val_acc=nan val_loss=nan best=-1.0000
[step 0020/150] method=baseline_avg loss=0.5084 train_acc=nan train_loss=nan val_acc=nan val_loss=nan best=-1.0000
[step 0030/150] method=baseline_avg loss=0.3760 train_acc=nan train_loss=nan val_acc=nan val_loss=nan best=-1.0000
[step 0040/150] method=baseline_avg loss=0.6376 train_acc=nan train_loss=nan val_acc=nan val_loss=nan best=-1.0000
[step 0050/150] method=baseline_avg loss=0.5099 train_acc=0.8609 train_loss=0.3751 val_acc=0.8555 val_loss=0.3762 router_H=0.6796 best=0.8555
           router_load=[0.5234910845756531, 0.0, 0.4765089452266693, 0.0]
[step 0060/150] method=baseline_avg loss=0.7749 train_acc=0.8609 train_loss=0.3751 val_acc=0.8555 val_loss=0.3762 router_H=0.6796 best=0.8555
           router_load=[0.5234910845756531, 0.0, 0.4765089452266693, 0.0]
[step 0070/150] method=baseline_avg loss=0.3449 train_acc=0.8609 train_loss=0.3751 val_acc=0.8555 val_loss=0.3762 router_H=0.6796 best=0.8555
           router_load=[0.5234910845756531, 0.0, 0.4765089452266693, 0.0]
[step 0080/150] method=baseline_avg loss=0.4952 train_acc=0.8609 train_loss=0.3751 val_acc=0.8555 val_loss=0.3762 router_H=0.6796 best=0.8555
           router_load=[0.5234910845756531, 0.0, 0.4765089452266693, 0.0]
[step 0090/150] method=baseline_avg loss=0.2834 train_acc=0.8609 train_loss=0.3751 val_acc=0.8555 val_loss=0.3762 router_H=0.6796 best=0.8555
           router_load=[0.5234910845756531, 0.0, 0.4765089452266693, 0.0]
[step 0100/150] method=baseline_avg loss=0.3632 train_acc=0.8628 train_loss=0.3534 val_acc=0.8842 val_loss=0.2898 router_H=0.6786 best=0.8842
           router_load=[0.5108795166015625, 0.0, 0.4891204833984375, 0.0]
[step 0110/150] method=baseline_avg loss=0.1986 train_acc=0.8628 train_loss=0.3534 val_acc=0.8842 val_loss=0.2898 router_H=0.6786 best=0.8842
           router_load=[0.5108795166015625, 0.0, 0.4891204833984375, 0.0]
[step 0120/150] method=baseline_avg loss=0.3669 train_acc=0.8628 train_loss=0.3534 val_acc=0.8842 val_loss=0.2898 router_H=0.6786 best=0.8842
           router_load=[0.5108795166015625, 0.0, 0.4891204833984375, 0.0]
[step 0130/150] method=baseline_avg loss=1.4578 train_acc=0.8628 train_loss=0.3534 val_acc=0.8842 val_loss=0.2898 router_H=0.6786 best=0.8842
           router_load=[0.5108795166015625, 0.0, 0.4891204833984375, 0.0]
[step 0140/150] method=baseline_avg loss=0.1647 train_acc=0.8628 train_loss=0.3534 val_acc=0.8842 val_loss=0.2898 router_H=0.6786 best=0.8842
           router_load=[0.5108795166015625, 0.0, 0.4891204833984375, 0.0]
[step 0150/150] method=baseline_avg loss=0.2495 train_acc=0.8360 train_loss=0.3713 val_acc=0.8865 val_loss=0.2944 router_H=0.6822 best=0.8865
           router_load=[0.5381534695625305, 0.0, 0.46184659004211426, 0.0]
saved summary -> /home/zhujjing/MOE-grad-conflict-routing/runs/paper_suite/single_gpu/single_task/roberta_sst2_lora_e4_k2/hpo/baseline/trial_runs/coord_03_train_grad_clip_013/baseline_s3.json
saved curve -> /home/zhujjing/MOE-grad-conflict-routing/runs/paper_suite/single_gpu/single_task/roberta_sst2_lora_e4_k2/hpo/baseline/trial_runs/coord_03_train_grad_clip_013/baseline_s3_curve.csv
