[run] method=baseline candidate=coord_03_train_grad_clip_030 seed=2 steps=150 gpu=0
[run] cmd=
/home/zhujjing/anaconda3/envs/moe/bin/python /home/zhujjing/MOE-grad-conflict-routing/scripts/run.py --config configs/singletask_sst2_real.yaml --set model.backbone_backend=hf --set model.hf_load_pretrained=true --set model.backbone=roberta --set model.hf_pretrained_name=roberta-base --set model.expert_type=lora --set model.routing_mode=topk --set model.num_experts=4 --set model.top_k=2 --set seed=2 --set method.name=baseline_avg --set train.steps=150 --set train.eval_every_steps=50 --set train.grad_clip=1.8410066 --set train.lr=4.073235309e-05 --set train.weight_decay=0.007589584458 --out /home/zhujjing/MOE-grad-conflict-routing/runs/paper_suite/single_gpu/single_task/roberta_sst2_lora_e4_k2/hpo/baseline/trial_runs/coord_03_train_grad_clip_030/baseline_s2.json --curve_out /home/zhujjing/MOE-grad-conflict-routing/runs/paper_suite/single_gpu/single_task/roberta_sst2_lora_e4_k2/hpo/baseline/trial_runs/coord_03_train_grad_clip_030/baseline_s2_curve.csv
Using the latest cached version of the dataset since glue couldn't be found on the Hugging Face Hub (offline mode is enabled).
Found the latest cached dataset configuration 'sst2' at /home/zhujjing/hf_cache/datasets/glue/sst2/0.0.0/bcdcba79d07bc864c1c254ccfcedcce55bcc9a8c (last modified on Thu Mar 19 15:01:41 2026).
/home/zhujjing/anaconda3/envs/moe/lib/python3.10/site-packages/transformers/utils/hub.py:124: FutureWarning: Using `TRANSFORMERS_CACHE` is deprecated and will be removed in v5 of Transformers. Use `HF_HOME` instead.
  warnings.warn(
Some weights of RobertaModel were not initialized from the model checkpoint at roberta-base and are newly initialized: ['roberta.pooler.dense.bias', 'roberta.pooler.dense.weight']
You should probably TRAIN this model on a down-stream task to be able to use it for predictions and inference.
[step 0001/150] method=baseline_avg loss=0.5932 train_acc=nan train_loss=nan val_acc=nan val_loss=nan best=-1.0000
[step 0010/150] method=baseline_avg loss=0.6553 train_acc=nan train_loss=nan val_acc=nan val_loss=nan best=-1.0000
[step 0020/150] method=baseline_avg loss=0.5543 train_acc=nan train_loss=nan val_acc=nan val_loss=nan best=-1.0000
[step 0030/150] method=baseline_avg loss=0.7455 train_acc=nan train_loss=nan val_acc=nan val_loss=nan best=-1.0000
[step 0040/150] method=baseline_avg loss=0.3225 train_acc=nan train_loss=nan val_acc=nan val_loss=nan best=-1.0000
[step 0050/150] method=baseline_avg loss=0.3628 train_acc=0.8405 train_loss=0.4049 val_acc=0.7856 val_loss=0.4894 router_H=0.6798 best=0.7856
           router_load=[0.49146050214767456, 0.19410525262355804, 0.314434289932251, 0.0]
[step 0060/150] method=baseline_avg loss=0.2483 train_acc=0.8405 train_loss=0.4049 val_acc=0.7856 val_loss=0.4894 router_H=0.6798 best=0.7856
           router_load=[0.49146050214767456, 0.19410525262355804, 0.314434289932251, 0.0]
[step 0070/150] method=baseline_avg loss=0.4923 train_acc=0.8405 train_loss=0.4049 val_acc=0.7856 val_loss=0.4894 router_H=0.6798 best=0.7856
           router_load=[0.49146050214767456, 0.19410525262355804, 0.314434289932251, 0.0]
[step 0080/150] method=baseline_avg loss=0.7791 train_acc=0.8405 train_loss=0.4049 val_acc=0.7856 val_loss=0.4894 router_H=0.6798 best=0.7856
           router_load=[0.49146050214767456, 0.19410525262355804, 0.314434289932251, 0.0]
[step 0090/150] method=baseline_avg loss=0.3104 train_acc=0.8405 train_loss=0.4049 val_acc=0.7856 val_loss=0.4894 router_H=0.6798 best=0.7856
           router_load=[0.49146050214767456, 0.19410525262355804, 0.314434289932251, 0.0]
[step 0100/150] method=baseline_avg loss=0.7824 train_acc=0.7134 train_loss=0.5429 val_acc=0.6078 val_loss=0.6848 router_H=0.6815 best=0.7856
           router_load=[0.5711249113082886, 0.019577717408537865, 0.40883609652519226, 0.00046125607332214713]
[step 0110/150] method=baseline_avg loss=0.4240 train_acc=0.7134 train_loss=0.5429 val_acc=0.6078 val_loss=0.6848 router_H=0.6815 best=0.7856
           router_load=[0.5711249113082886, 0.019577717408537865, 0.40883609652519226, 0.00046125607332214713]
[step 0120/150] method=baseline_avg loss=0.5105 train_acc=0.7134 train_loss=0.5429 val_acc=0.6078 val_loss=0.6848 router_H=0.6815 best=0.7856
           router_load=[0.5711249113082886, 0.019577717408537865, 0.40883609652519226, 0.00046125607332214713]
[step 0130/150] method=baseline_avg loss=0.2594 train_acc=0.7134 train_loss=0.5429 val_acc=0.6078 val_loss=0.6848 router_H=0.6815 best=0.7856
           router_load=[0.5711249113082886, 0.019577717408537865, 0.40883609652519226, 0.00046125607332214713]
[step 0140/150] method=baseline_avg loss=0.5816 train_acc=0.7134 train_loss=0.5429 val_acc=0.6078 val_loss=0.6848 router_H=0.6815 best=0.7856
           router_load=[0.5711249113082886, 0.019577717408537865, 0.40883609652519226, 0.00046125607332214713]
[step 0150/150] method=baseline_avg loss=0.4553 train_acc=0.8787 train_loss=0.3124 val_acc=0.8842 val_loss=0.3162 router_H=0.6857 best=0.8842
           router_load=[0.5426481366157532, 0.0055656880140304565, 0.45080673694610596, 0.0009794795187190175]
saved summary -> /home/zhujjing/MOE-grad-conflict-routing/runs/paper_suite/single_gpu/single_task/roberta_sst2_lora_e4_k2/hpo/baseline/trial_runs/coord_03_train_grad_clip_030/baseline_s2.json
saved curve -> /home/zhujjing/MOE-grad-conflict-routing/runs/paper_suite/single_gpu/single_task/roberta_sst2_lora_e4_k2/hpo/baseline/trial_runs/coord_03_train_grad_clip_030/baseline_s2_curve.csv
