[run] method=baseline candidate=coord_03_train_grad_clip_029 seed=2 steps=150 gpu=0
[run] cmd=
/home/zhujjing/anaconda3/envs/moe/bin/python /home/zhujjing/MOE-grad-conflict-routing/scripts/run.py --config configs/singletask_sst2_real.yaml --set model.backbone_backend=hf --set model.hf_load_pretrained=true --set model.backbone=roberta --set model.hf_pretrained_name=roberta-base --set model.expert_type=lora --set model.routing_mode=topk --set model.num_experts=4 --set model.top_k=2 --set seed=2 --set method.name=baseline_avg --set train.steps=150 --set train.eval_every_steps=50 --set train.grad_clip=1.524974657 --set train.lr=4.073235309e-05 --set train.weight_decay=0.007589584458 --out /home/zhujjing/MOE-grad-conflict-routing/runs/paper_suite/single_gpu/single_task/roberta_sst2_lora_e4_k2/hpo/baseline/trial_runs/coord_03_train_grad_clip_029/baseline_s2.json --curve_out /home/zhujjing/MOE-grad-conflict-routing/runs/paper_suite/single_gpu/single_task/roberta_sst2_lora_e4_k2/hpo/baseline/trial_runs/coord_03_train_grad_clip_029/baseline_s2_curve.csv
Using the latest cached version of the dataset since glue couldn't be found on the Hugging Face Hub (offline mode is enabled).
Found the latest cached dataset configuration 'sst2' at /home/zhujjing/hf_cache/datasets/glue/sst2/0.0.0/bcdcba79d07bc864c1c254ccfcedcce55bcc9a8c (last modified on Thu Mar 19 15:01:41 2026).
/home/zhujjing/anaconda3/envs/moe/lib/python3.10/site-packages/transformers/utils/hub.py:124: FutureWarning: Using `TRANSFORMERS_CACHE` is deprecated and will be removed in v5 of Transformers. Use `HF_HOME` instead.
  warnings.warn(
Some weights of RobertaModel were not initialized from the model checkpoint at roberta-base and are newly initialized: ['roberta.pooler.dense.bias', 'roberta.pooler.dense.weight']
You should probably TRAIN this model on a down-stream task to be able to use it for predictions and inference.
[step 0001/150] method=baseline_avg loss=0.6590 train_acc=nan train_loss=nan val_acc=nan val_loss=nan best=-1.0000
[step 0010/150] method=baseline_avg loss=0.6833 train_acc=nan train_loss=nan val_acc=nan val_loss=nan best=-1.0000
[step 0020/150] method=baseline_avg loss=0.4216 train_acc=nan train_loss=nan val_acc=nan val_loss=nan best=-1.0000
[step 0030/150] method=baseline_avg loss=0.5642 train_acc=nan train_loss=nan val_acc=nan val_loss=nan best=-1.0000
[step 0040/150] method=baseline_avg loss=0.2323 train_acc=nan train_loss=nan val_acc=nan val_loss=nan best=-1.0000
[step 0050/150] method=baseline_avg loss=0.1104 train_acc=0.8051 train_loss=0.4795 val_acc=0.7466 val_loss=0.5711 router_H=0.6921 best=0.7466
           router_load=[0.15570421516895294, 0.010776360519230366, 0.33285626769065857, 0.5006631016731262]
[step 0060/150] method=baseline_avg loss=0.3682 train_acc=0.8051 train_loss=0.4795 val_acc=0.7466 val_loss=0.5711 router_H=0.6921 best=0.7466
           router_load=[0.15570421516895294, 0.010776360519230366, 0.33285626769065857, 0.5006631016731262]
[step 0070/150] method=baseline_avg loss=0.5913 train_acc=0.8051 train_loss=0.4795 val_acc=0.7466 val_loss=0.5711 router_H=0.6921 best=0.7466
           router_load=[0.15570421516895294, 0.010776360519230366, 0.33285626769065857, 0.5006631016731262]
[step 0080/150] method=baseline_avg loss=0.7439 train_acc=0.8051 train_loss=0.4795 val_acc=0.7466 val_loss=0.5711 router_H=0.6921 best=0.7466
           router_load=[0.15570421516895294, 0.010776360519230366, 0.33285626769065857, 0.5006631016731262]
[step 0090/150] method=baseline_avg loss=0.3342 train_acc=0.8051 train_loss=0.4795 val_acc=0.7466 val_loss=0.5711 router_H=0.6921 best=0.7466
           router_load=[0.15570421516895294, 0.010776360519230366, 0.33285626769065857, 0.5006631016731262]
[step 0100/150] method=baseline_avg loss=0.3774 train_acc=0.8667 train_loss=0.3867 val_acc=0.8876 val_loss=0.3801 router_H=0.6929 best=0.8876
           router_load=[0.2946060597896576, 0.0, 0.20479847490787506, 0.5005955696105957]
[step 0110/150] method=baseline_avg loss=0.4107 train_acc=0.8667 train_loss=0.3867 val_acc=0.8876 val_loss=0.3801 router_H=0.6929 best=0.8876
           router_load=[0.2946060597896576, 0.0, 0.20479847490787506, 0.5005955696105957]
[step 0120/150] method=baseline_avg loss=0.8995 train_acc=0.8667 train_loss=0.3867 val_acc=0.8876 val_loss=0.3801 router_H=0.6929 best=0.8876
           router_load=[0.2946060597896576, 0.0, 0.20479847490787506, 0.5005955696105957]
[step 0130/150] method=baseline_avg loss=0.3928 train_acc=0.8667 train_loss=0.3867 val_acc=0.8876 val_loss=0.3801 router_H=0.6929 best=0.8876
           router_load=[0.2946060597896576, 0.0, 0.20479847490787506, 0.5005955696105957]
[step 0140/150] method=baseline_avg loss=0.5306 train_acc=0.8667 train_loss=0.3867 val_acc=0.8876 val_loss=0.3801 router_H=0.6929 best=0.8876
           router_load=[0.2946060597896576, 0.0, 0.20479847490787506, 0.5005955696105957]
[step 0150/150] method=baseline_avg loss=0.7539 train_acc=0.8097 train_loss=0.4810 val_acc=0.7913 val_loss=0.5080 router_H=0.6915 best=0.8876
           router_load=[0.36387568712234497, 0.0005633088876493275, 0.2852967381477356, 0.35026445984840393]
saved summary -> /home/zhujjing/MOE-grad-conflict-routing/runs/paper_suite/single_gpu/single_task/roberta_sst2_lora_e4_k2/hpo/baseline/trial_runs/coord_03_train_grad_clip_029/baseline_s2.json
saved curve -> /home/zhujjing/MOE-grad-conflict-routing/runs/paper_suite/single_gpu/single_task/roberta_sst2_lora_e4_k2/hpo/baseline/trial_runs/coord_03_train_grad_clip_029/baseline_s2_curve.csv
