[run] method=baseline candidate=coord_03_train_grad_clip_003 seed=3 steps=150 gpu=0
[run] cmd=
/home/zhujjing/anaconda3/envs/moe/bin/python /home/zhujjing/MOE-grad-conflict-routing/scripts/run.py --config configs/singletask_sst2_real.yaml --set model.backbone_backend=hf --set model.hf_load_pretrained=true --set model.backbone=roberta --set model.hf_pretrained_name=roberta-base --set model.expert_type=lora --set model.routing_mode=topk --set model.num_experts=4 --set model.top_k=2 --set seed=3 --set method.name=baseline_avg --set train.steps=150 --set train.eval_every_steps=50 --set train.grad_clip=0.8690175238 --set train.lr=4.073235309e-05 --set train.weight_decay=0.007589584458 --out /home/zhujjing/MOE-grad-conflict-routing/runs/paper_suite/single_gpu/single_task/roberta_sst2_lora_e4_k2/hpo/baseline/trial_runs/coord_03_train_grad_clip_003/baseline_s3.json --curve_out /home/zhujjing/MOE-grad-conflict-routing/runs/paper_suite/single_gpu/single_task/roberta_sst2_lora_e4_k2/hpo/baseline/trial_runs/coord_03_train_grad_clip_003/baseline_s3_curve.csv
Using the latest cached version of the dataset since glue couldn't be found on the Hugging Face Hub (offline mode is enabled).
Found the latest cached dataset configuration 'sst2' at /home/zhujjing/hf_cache/datasets/glue/sst2/0.0.0/bcdcba79d07bc864c1c254ccfcedcce55bcc9a8c (last modified on Thu Mar 19 15:01:41 2026).
/home/zhujjing/anaconda3/envs/moe/lib/python3.10/site-packages/transformers/utils/hub.py:124: FutureWarning: Using `TRANSFORMERS_CACHE` is deprecated and will be removed in v5 of Transformers. Use `HF_HOME` instead.
  warnings.warn(
Some weights of RobertaModel were not initialized from the model checkpoint at roberta-base and are newly initialized: ['roberta.pooler.dense.bias', 'roberta.pooler.dense.weight']
You should probably TRAIN this model on a down-stream task to be able to use it for predictions and inference.
[step 0001/150] method=baseline_avg loss=0.7969 train_acc=nan train_loss=nan val_acc=nan val_loss=nan best=-1.0000
[step 0010/150] method=baseline_avg loss=0.5395 train_acc=nan train_loss=nan val_acc=nan val_loss=nan best=-1.0000
[step 0020/150] method=baseline_avg loss=0.6498 train_acc=nan train_loss=nan val_acc=nan val_loss=nan best=-1.0000
[step 0030/150] method=baseline_avg loss=0.5108 train_acc=nan train_loss=nan val_acc=nan val_loss=nan best=-1.0000
[step 0040/150] method=baseline_avg loss=0.5866 train_acc=nan train_loss=nan val_acc=nan val_loss=nan best=-1.0000
[step 0050/150] method=baseline_avg loss=0.5952 train_acc=0.8669 train_loss=0.3419 val_acc=0.8727 val_loss=0.3285 router_H=0.6883 best=0.8727
           router_load=[0.21887288987636566, 0.0, 0.49421292543411255, 0.2869141697883606]
[step 0060/150] method=baseline_avg loss=0.5180 train_acc=0.8669 train_loss=0.3419 val_acc=0.8727 val_loss=0.3285 router_H=0.6883 best=0.8727
           router_load=[0.21887288987636566, 0.0, 0.49421292543411255, 0.2869141697883606]
[step 0070/150] method=baseline_avg loss=0.4698 train_acc=0.8669 train_loss=0.3419 val_acc=0.8727 val_loss=0.3285 router_H=0.6883 best=0.8727
           router_load=[0.21887288987636566, 0.0, 0.49421292543411255, 0.2869141697883606]
[step 0080/150] method=baseline_avg loss=0.4051 train_acc=0.8669 train_loss=0.3419 val_acc=0.8727 val_loss=0.3285 router_H=0.6883 best=0.8727
           router_load=[0.21887288987636566, 0.0, 0.49421292543411255, 0.2869141697883606]
[step 0090/150] method=baseline_avg loss=0.2632 train_acc=0.8669 train_loss=0.3419 val_acc=0.8727 val_loss=0.3285 router_H=0.6883 best=0.8727
           router_load=[0.21887288987636566, 0.0, 0.49421292543411255, 0.2869141697883606]
[step 0100/150] method=baseline_avg loss=0.4133 train_acc=0.8851 train_loss=0.3353 val_acc=0.9060 val_loss=0.2807 router_H=0.6820 best=0.9060
           router_load=[0.022405190393328667, 0.0, 0.5107832551002502, 0.46681147813796997]
[step 0110/150] method=baseline_avg loss=0.5754 train_acc=0.8851 train_loss=0.3353 val_acc=0.9060 val_loss=0.2807 router_H=0.6820 best=0.9060
           router_load=[0.022405190393328667, 0.0, 0.5107832551002502, 0.46681147813796997]
[step 0120/150] method=baseline_avg loss=0.3057 train_acc=0.8851 train_loss=0.3353 val_acc=0.9060 val_loss=0.2807 router_H=0.6820 best=0.9060
           router_load=[0.022405190393328667, 0.0, 0.5107832551002502, 0.46681147813796997]
[step 0130/150] method=baseline_avg loss=0.3938 train_acc=0.8851 train_loss=0.3353 val_acc=0.9060 val_loss=0.2807 router_H=0.6820 best=0.9060
           router_load=[0.022405190393328667, 0.0, 0.5107832551002502, 0.46681147813796997]
[step 0140/150] method=baseline_avg loss=0.3081 train_acc=0.8851 train_loss=0.3353 val_acc=0.9060 val_loss=0.2807 router_H=0.6820 best=0.9060
           router_load=[0.022405190393328667, 0.0, 0.5107832551002502, 0.46681147813796997]
[step 0150/150] method=baseline_avg loss=0.1996 train_acc=0.8764 train_loss=0.3676 val_acc=0.8842 val_loss=0.3683 router_H=0.6804 best=0.9060
           router_load=[0.02360553853213787, 0.0, 0.5392003655433655, 0.4371940791606903]
saved summary -> /home/zhujjing/MOE-grad-conflict-routing/runs/paper_suite/single_gpu/single_task/roberta_sst2_lora_e4_k2/hpo/baseline/trial_runs/coord_03_train_grad_clip_003/baseline_s3.json
saved curve -> /home/zhujjing/MOE-grad-conflict-routing/runs/paper_suite/single_gpu/single_task/roberta_sst2_lora_e4_k2/hpo/baseline/trial_runs/coord_03_train_grad_clip_003/baseline_s3_curve.csv
