[run] method=baseline candidate=coord_03_train_grad_clip_018 seed=2 steps=150 gpu=0
[run] cmd=
/home/zhujjing/anaconda3/envs/moe/bin/python /home/zhujjing/MOE-grad-conflict-routing/scripts/run.py --config configs/singletask_sst2_real.yaml --set model.backbone_backend=hf --set model.hf_load_pretrained=true --set model.backbone=roberta --set model.hf_pretrained_name=roberta-base --set model.expert_type=lora --set model.routing_mode=topk --set model.num_experts=4 --set model.top_k=2 --set seed=2 --set method.name=baseline_avg --set train.steps=150 --set train.eval_every_steps=50 --set train.grad_clip=0.6552491104 --set train.lr=4.073235309e-05 --set train.weight_decay=0.007589584458 --out /home/zhujjing/MOE-grad-conflict-routing/runs/paper_suite/single_gpu/single_task/roberta_sst2_lora_e4_k2/hpo/baseline/trial_runs/coord_03_train_grad_clip_018/baseline_s2.json --curve_out /home/zhujjing/MOE-grad-conflict-routing/runs/paper_suite/single_gpu/single_task/roberta_sst2_lora_e4_k2/hpo/baseline/trial_runs/coord_03_train_grad_clip_018/baseline_s2_curve.csv
Using the latest cached version of the dataset since glue couldn't be found on the Hugging Face Hub (offline mode is enabled).
Found the latest cached dataset configuration 'sst2' at /home/zhujjing/hf_cache/datasets/glue/sst2/0.0.0/bcdcba79d07bc864c1c254ccfcedcce55bcc9a8c (last modified on Thu Mar 19 15:01:41 2026).
/home/zhujjing/anaconda3/envs/moe/lib/python3.10/site-packages/transformers/utils/hub.py:124: FutureWarning: Using `TRANSFORMERS_CACHE` is deprecated and will be removed in v5 of Transformers. Use `HF_HOME` instead.
  warnings.warn(
Some weights of RobertaModel were not initialized from the model checkpoint at roberta-base and are newly initialized: ['roberta.pooler.dense.bias', 'roberta.pooler.dense.weight']
You should probably TRAIN this model on a down-stream task to be able to use it for predictions and inference.
[step 0001/150] method=baseline_avg loss=0.6682 train_acc=nan train_loss=nan val_acc=nan val_loss=nan best=-1.0000
[step 0010/150] method=baseline_avg loss=0.6593 train_acc=nan train_loss=nan val_acc=nan val_loss=nan best=-1.0000
[step 0020/150] method=baseline_avg loss=0.5853 train_acc=nan train_loss=nan val_acc=nan val_loss=nan best=-1.0000
[step 0030/150] method=baseline_avg loss=0.5727 train_acc=nan train_loss=nan val_acc=nan val_loss=nan best=-1.0000
[step 0040/150] method=baseline_avg loss=0.2184 train_acc=nan train_loss=nan val_acc=nan val_loss=nan best=-1.0000
[step 0050/150] method=baseline_avg loss=0.3832 train_acc=0.8516 train_loss=0.3961 val_acc=0.8268 val_loss=0.4351 router_H=0.6893 best=0.8268
           router_load=[0.009801985695958138, 0.2586004137992859, 0.5176795721054077, 0.21391800045967102]
[step 0060/150] method=baseline_avg loss=0.2811 train_acc=0.8516 train_loss=0.3961 val_acc=0.8268 val_loss=0.4351 router_H=0.6893 best=0.8268
           router_load=[0.009801985695958138, 0.2586004137992859, 0.5176795721054077, 0.21391800045967102]
[step 0070/150] method=baseline_avg loss=0.6987 train_acc=0.8516 train_loss=0.3961 val_acc=0.8268 val_loss=0.4351 router_H=0.6893 best=0.8268
           router_load=[0.009801985695958138, 0.2586004137992859, 0.5176795721054077, 0.21391800045967102]
[step 0080/150] method=baseline_avg loss=0.9998 train_acc=0.8516 train_loss=0.3961 val_acc=0.8268 val_loss=0.4351 router_H=0.6893 best=0.8268
           router_load=[0.009801985695958138, 0.2586004137992859, 0.5176795721054077, 0.21391800045967102]
[step 0090/150] method=baseline_avg loss=0.3536 train_acc=0.8516 train_loss=0.3961 val_acc=0.8268 val_loss=0.4351 router_H=0.6893 best=0.8268
           router_load=[0.009801985695958138, 0.2586004137992859, 0.5176795721054077, 0.21391800045967102]
[step 0100/150] method=baseline_avg loss=0.5966 train_acc=0.7598 train_loss=0.5152 val_acc=0.6892 val_loss=0.6210 router_H=0.6915 best=0.8268
           router_load=[0.0, 0.47395744919776917, 0.4238872230052948, 0.10215523093938828]
[step 0110/150] method=baseline_avg loss=0.4192 train_acc=0.7598 train_loss=0.5152 val_acc=0.6892 val_loss=0.6210 router_H=0.6915 best=0.8268
           router_load=[0.0, 0.47395744919776917, 0.4238872230052948, 0.10215523093938828]
[step 0120/150] method=baseline_avg loss=0.4466 train_acc=0.7598 train_loss=0.5152 val_acc=0.6892 val_loss=0.6210 router_H=0.6915 best=0.8268
           router_load=[0.0, 0.47395744919776917, 0.4238872230052948, 0.10215523093938828]
[step 0130/150] method=baseline_avg loss=0.2895 train_acc=0.7598 train_loss=0.5152 val_acc=0.6892 val_loss=0.6210 router_H=0.6915 best=0.8268
           router_load=[0.0, 0.47395744919776917, 0.4238872230052948, 0.10215523093938828]
[step 0140/150] method=baseline_avg loss=0.4934 train_acc=0.7598 train_loss=0.5152 val_acc=0.6892 val_loss=0.6210 router_H=0.6915 best=0.8268
           router_load=[0.0, 0.47395744919776917, 0.4238872230052948, 0.10215523093938828]
[step 0150/150] method=baseline_avg loss=0.6829 train_acc=0.8710 train_loss=0.3215 val_acc=0.8750 val_loss=0.3219 router_H=0.6907 best=0.8750
           router_load=[0.008601300418376923, 0.4623737633228302, 0.5085759162902832, 0.020449096336960793]
saved summary -> /home/zhujjing/MOE-grad-conflict-routing/runs/paper_suite/single_gpu/single_task/roberta_sst2_lora_e4_k2/hpo/baseline/trial_runs/coord_03_train_grad_clip_018/baseline_s2.json
saved curve -> /home/zhujjing/MOE-grad-conflict-routing/runs/paper_suite/single_gpu/single_task/roberta_sst2_lora_e4_k2/hpo/baseline/trial_runs/coord_03_train_grad_clip_018/baseline_s2_curve.csv
