[run] method=baseline candidate=coord_03_train_grad_clip_021 seed=2 steps=150 gpu=0
[run] cmd=
/home/zhujjing/anaconda3/envs/moe/bin/python /home/zhujjing/MOE-grad-conflict-routing/scripts/run.py --config configs/singletask_sst2_real.yaml --set model.backbone_backend=hf --set model.hf_load_pretrained=true --set model.backbone=roberta --set model.hf_pretrained_name=roberta-base --set model.expert_type=lora --set model.routing_mode=topk --set model.num_experts=4 --set model.top_k=2 --set seed=2 --set method.name=baseline_avg --set train.steps=150 --set train.eval_every_steps=50 --set train.grad_clip=1.57230907 --set train.lr=4.073235309e-05 --set train.weight_decay=0.007589584458 --out /home/zhujjing/MOE-grad-conflict-routing/runs/paper_suite/single_gpu/single_task/roberta_sst2_lora_e4_k2/hpo/baseline/trial_runs/coord_03_train_grad_clip_021/baseline_s2.json --curve_out /home/zhujjing/MOE-grad-conflict-routing/runs/paper_suite/single_gpu/single_task/roberta_sst2_lora_e4_k2/hpo/baseline/trial_runs/coord_03_train_grad_clip_021/baseline_s2_curve.csv
Using the latest cached version of the dataset since glue couldn't be found on the Hugging Face Hub (offline mode is enabled).
Found the latest cached dataset configuration 'sst2' at /home/zhujjing/hf_cache/datasets/glue/sst2/0.0.0/bcdcba79d07bc864c1c254ccfcedcce55bcc9a8c (last modified on Thu Mar 19 15:01:41 2026).
/home/zhujjing/anaconda3/envs/moe/lib/python3.10/site-packages/transformers/utils/hub.py:124: FutureWarning: Using `TRANSFORMERS_CACHE` is deprecated and will be removed in v5 of Transformers. Use `HF_HOME` instead.
  warnings.warn(
Some weights of RobertaModel were not initialized from the model checkpoint at roberta-base and are newly initialized: ['roberta.pooler.dense.bias', 'roberta.pooler.dense.weight']
You should probably TRAIN this model on a down-stream task to be able to use it for predictions and inference.
[step 0001/150] method=baseline_avg loss=0.5622 train_acc=nan train_loss=nan val_acc=nan val_loss=nan best=-1.0000
[step 0010/150] method=baseline_avg loss=0.6423 train_acc=nan train_loss=nan val_acc=nan val_loss=nan best=-1.0000
[step 0020/150] method=baseline_avg loss=0.3641 train_acc=nan train_loss=nan val_acc=nan val_loss=nan best=-1.0000
[step 0030/150] method=baseline_avg loss=0.3443 train_acc=nan train_loss=nan val_acc=nan val_loss=nan best=-1.0000
[step 0040/150] method=baseline_avg loss=0.2600 train_acc=nan train_loss=nan val_acc=nan val_loss=nan best=-1.0000
[step 0050/150] method=baseline_avg loss=0.2073 train_acc=0.7896 train_loss=0.5080 val_acc=0.7099 val_loss=0.7014 router_H=0.6817 best=0.7099
           router_load=[0.0009672827436588705, 0.5598852038383484, 0.43914759159088135, 0.0]
[step 0060/150] method=baseline_avg loss=0.3415 train_acc=0.7896 train_loss=0.5080 val_acc=0.7099 val_loss=0.7014 router_H=0.6817 best=0.7099
           router_load=[0.0009672827436588705, 0.5598852038383484, 0.43914759159088135, 0.0]
[step 0070/150] method=baseline_avg loss=0.4671 train_acc=0.7896 train_loss=0.5080 val_acc=0.7099 val_loss=0.7014 router_H=0.6817 best=0.7099
           router_load=[0.0009672827436588705, 0.5598852038383484, 0.43914759159088135, 0.0]
[step 0080/150] method=baseline_avg loss=0.8446 train_acc=0.7896 train_loss=0.5080 val_acc=0.7099 val_loss=0.7014 router_H=0.6817 best=0.7099
           router_load=[0.0009672827436588705, 0.5598852038383484, 0.43914759159088135, 0.0]
[step 0090/150] method=baseline_avg loss=0.2375 train_acc=0.7896 train_loss=0.5080 val_acc=0.7099 val_loss=0.7014 router_H=0.6817 best=0.7099
           router_load=[0.0009672827436588705, 0.5598852038383484, 0.43914759159088135, 0.0]
[step 0100/150] method=baseline_avg loss=0.7114 train_acc=0.7872 train_loss=0.4574 val_acc=0.7500 val_loss=0.5044 router_H=0.6444 best=0.7500
           router_load=[0.0, 0.6502740383148193, 0.349726140499115, 0.0]
[step 0110/150] method=baseline_avg loss=0.2951 train_acc=0.7872 train_loss=0.4574 val_acc=0.7500 val_loss=0.5044 router_H=0.6444 best=0.7500
           router_load=[0.0, 0.6502740383148193, 0.349726140499115, 0.0]
[step 0120/150] method=baseline_avg loss=0.6662 train_acc=0.7872 train_loss=0.4574 val_acc=0.7500 val_loss=0.5044 router_H=0.6444 best=0.7500
           router_load=[0.0, 0.6502740383148193, 0.349726140499115, 0.0]
[step 0130/150] method=baseline_avg loss=0.3690 train_acc=0.7872 train_loss=0.4574 val_acc=0.7500 val_loss=0.5044 router_H=0.6444 best=0.7500
           router_load=[0.0, 0.6502740383148193, 0.349726140499115, 0.0]
[step 0140/150] method=baseline_avg loss=0.6424 train_acc=0.7872 train_loss=0.4574 val_acc=0.7500 val_loss=0.5044 router_H=0.6444 best=0.7500
           router_load=[0.0, 0.6502740383148193, 0.349726140499115, 0.0]
[step 0150/150] method=baseline_avg loss=0.4022 train_acc=0.8885 train_loss=0.2971 val_acc=0.9014 val_loss=0.2755 router_H=0.6491 best=0.9014
           router_load=[0.0056677330285310745, 0.6417229771614075, 0.35260921716690063, 0.0]
saved summary -> /home/zhujjing/MOE-grad-conflict-routing/runs/paper_suite/single_gpu/single_task/roberta_sst2_lora_e4_k2/hpo/baseline/trial_runs/coord_03_train_grad_clip_021/baseline_s2.json
saved curve -> /home/zhujjing/MOE-grad-conflict-routing/runs/paper_suite/single_gpu/single_task/roberta_sst2_lora_e4_k2/hpo/baseline/trial_runs/coord_03_train_grad_clip_021/baseline_s2_curve.csv
