[run] method=baseline candidate=coord_03_train_grad_clip_015 seed=2 steps=150 gpu=0
[run] cmd=
/home/zhujjing/anaconda3/envs/moe/bin/python /home/zhujjing/MOE-grad-conflict-routing/scripts/run.py --config configs/singletask_sst2_real.yaml --set model.backbone_backend=hf --set model.hf_load_pretrained=true --set model.backbone=roberta --set model.hf_pretrained_name=roberta-base --set model.expert_type=lora --set model.routing_mode=topk --set model.num_experts=4 --set model.top_k=2 --set seed=2 --set method.name=baseline_avg --set train.steps=150 --set train.eval_every_steps=50 --set train.grad_clip=0.93143294 --set train.lr=4.073235309e-05 --set train.weight_decay=0.007589584458 --out /home/zhujjing/MOE-grad-conflict-routing/runs/paper_suite/single_gpu/single_task/roberta_sst2_lora_e4_k2/hpo/baseline/trial_runs/coord_03_train_grad_clip_015/baseline_s2.json --curve_out /home/zhujjing/MOE-grad-conflict-routing/runs/paper_suite/single_gpu/single_task/roberta_sst2_lora_e4_k2/hpo/baseline/trial_runs/coord_03_train_grad_clip_015/baseline_s2_curve.csv
Using the latest cached version of the dataset since glue couldn't be found on the Hugging Face Hub (offline mode is enabled).
Found the latest cached dataset configuration 'sst2' at /home/zhujjing/hf_cache/datasets/glue/sst2/0.0.0/bcdcba79d07bc864c1c254ccfcedcce55bcc9a8c (last modified on Thu Mar 19 15:01:41 2026).
/home/zhujjing/anaconda3/envs/moe/lib/python3.10/site-packages/transformers/utils/hub.py:124: FutureWarning: Using `TRANSFORMERS_CACHE` is deprecated and will be removed in v5 of Transformers. Use `HF_HOME` instead.
  warnings.warn(
Some weights of RobertaModel were not initialized from the model checkpoint at roberta-base and are newly initialized: ['roberta.pooler.dense.bias', 'roberta.pooler.dense.weight']
You should probably TRAIN this model on a down-stream task to be able to use it for predictions and inference.
[step 0001/150] method=baseline_avg loss=0.6562 train_acc=nan train_loss=nan val_acc=nan val_loss=nan best=-1.0000
[step 0010/150] method=baseline_avg loss=0.6398 train_acc=nan train_loss=nan val_acc=nan val_loss=nan best=-1.0000
[step 0020/150] method=baseline_avg loss=0.5310 train_acc=nan train_loss=nan val_acc=nan val_loss=nan best=-1.0000
[step 0030/150] method=baseline_avg loss=0.4378 train_acc=nan train_loss=nan val_acc=nan val_loss=nan best=-1.0000
[step 0040/150] method=baseline_avg loss=0.1806 train_acc=nan train_loss=nan val_acc=nan val_loss=nan best=-1.0000
[step 0050/150] method=baseline_avg loss=0.1424 train_acc=0.8025 train_loss=0.6779 val_acc=0.7661 val_loss=0.9278 router_H=0.6776 best=0.7661
           router_load=[0.042371369898319244, 0.3820529282093048, 0.053740330040454865, 0.5218353867530823]
[step 0060/150] method=baseline_avg loss=0.2840 train_acc=0.8025 train_loss=0.6779 val_acc=0.7661 val_loss=0.9278 router_H=0.6776 best=0.7661
           router_load=[0.042371369898319244, 0.3820529282093048, 0.053740330040454865, 0.5218353867530823]
[step 0070/150] method=baseline_avg loss=0.3398 train_acc=0.8025 train_loss=0.6779 val_acc=0.7661 val_loss=0.9278 router_H=0.6776 best=0.7661
           router_load=[0.042371369898319244, 0.3820529282093048, 0.053740330040454865, 0.5218353867530823]
[step 0080/150] method=baseline_avg loss=0.7074 train_acc=0.8025 train_loss=0.6779 val_acc=0.7661 val_loss=0.9278 router_H=0.6776 best=0.7661
           router_load=[0.042371369898319244, 0.3820529282093048, 0.053740330040454865, 0.5218353867530823]
[step 0090/150] method=baseline_avg loss=0.5085 train_acc=0.8025 train_loss=0.6779 val_acc=0.7661 val_loss=0.9278 router_H=0.6776 best=0.7661
           router_load=[0.042371369898319244, 0.3820529282093048, 0.053740330040454865, 0.5218353867530823]
[step 0100/150] method=baseline_avg loss=0.8054 train_acc=0.7542 train_loss=0.5619 val_acc=0.6823 val_loss=0.7369 router_H=0.6840 best=0.7661
           router_load=[0.026088358834385872, 0.41304898262023926, 0.026005819439888, 0.5348568558692932]
[step 0110/150] method=baseline_avg loss=0.2744 train_acc=0.7542 train_loss=0.5619 val_acc=0.6823 val_loss=0.7369 router_H=0.6840 best=0.7661
           router_load=[0.026088358834385872, 0.41304898262023926, 0.026005819439888, 0.5348568558692932]
[step 0120/150] method=baseline_avg loss=0.3675 train_acc=0.7542 train_loss=0.5619 val_acc=0.6823 val_loss=0.7369 router_H=0.6840 best=0.7661
           router_load=[0.026088358834385872, 0.41304898262023926, 0.026005819439888, 0.5348568558692932]
[step 0130/150] method=baseline_avg loss=0.1723 train_acc=0.7542 train_loss=0.5619 val_acc=0.6823 val_loss=0.7369 router_H=0.6840 best=0.7661
           router_load=[0.026088358834385872, 0.41304898262023926, 0.026005819439888, 0.5348568558692932]
[step 0140/150] method=baseline_avg loss=0.3145 train_acc=0.7542 train_loss=0.5619 val_acc=0.6823 val_loss=0.7369 router_H=0.6840 best=0.7661
           router_load=[0.026088358834385872, 0.41304898262023926, 0.026005819439888, 0.5348568558692932]
[step 0150/150] method=baseline_avg loss=0.5578 train_acc=0.8745 train_loss=0.3250 val_acc=0.8578 val_loss=0.3615 router_H=0.6799 best=0.8578
           router_load=[0.12024876475334167, 0.33253592252731323, 0.01933274418115616, 0.5278825759887695]
saved summary -> /home/zhujjing/MOE-grad-conflict-routing/runs/paper_suite/single_gpu/single_task/roberta_sst2_lora_e4_k2/hpo/baseline/trial_runs/coord_03_train_grad_clip_015/baseline_s2.json
saved curve -> /home/zhujjing/MOE-grad-conflict-routing/runs/paper_suite/single_gpu/single_task/roberta_sst2_lora_e4_k2/hpo/baseline/trial_runs/coord_03_train_grad_clip_015/baseline_s2_curve.csv
