[run] method=baseline candidate=coord_03_train_grad_clip_001 seed=3 steps=150 gpu=0
[run] cmd=
/home/zhujjing/anaconda3/envs/moe/bin/python /home/zhujjing/MOE-grad-conflict-routing/scripts/run.py --config configs/singletask_sst2_real.yaml --set model.backbone_backend=hf --set model.hf_load_pretrained=true --set model.backbone=roberta --set model.hf_pretrained_name=roberta-base --set model.expert_type=lora --set model.routing_mode=topk --set model.num_experts=4 --set model.top_k=2 --set seed=3 --set method.name=baseline_avg --set train.steps=150 --set train.eval_every_steps=50 --set train.grad_clip=0.9733492507 --set train.lr=4.073235309e-05 --set train.weight_decay=0.007589584458 --out /home/zhujjing/MOE-grad-conflict-routing/runs/paper_suite/single_gpu/single_task/roberta_sst2_lora_e4_k2/hpo/baseline/trial_runs/coord_03_train_grad_clip_001/baseline_s3.json --curve_out /home/zhujjing/MOE-grad-conflict-routing/runs/paper_suite/single_gpu/single_task/roberta_sst2_lora_e4_k2/hpo/baseline/trial_runs/coord_03_train_grad_clip_001/baseline_s3_curve.csv
Using the latest cached version of the dataset since glue couldn't be found on the Hugging Face Hub (offline mode is enabled).
Found the latest cached dataset configuration 'sst2' at /home/zhujjing/hf_cache/datasets/glue/sst2/0.0.0/bcdcba79d07bc864c1c254ccfcedcce55bcc9a8c (last modified on Thu Mar 19 15:01:41 2026).
/home/zhujjing/anaconda3/envs/moe/lib/python3.10/site-packages/transformers/utils/hub.py:124: FutureWarning: Using `TRANSFORMERS_CACHE` is deprecated and will be removed in v5 of Transformers. Use `HF_HOME` instead.
  warnings.warn(
Some weights of RobertaModel were not initialized from the model checkpoint at roberta-base and are newly initialized: ['roberta.pooler.dense.bias', 'roberta.pooler.dense.weight']
You should probably TRAIN this model on a down-stream task to be able to use it for predictions and inference.
[step 0001/150] method=baseline_avg loss=0.8766 train_acc=nan train_loss=nan val_acc=nan val_loss=nan best=-1.0000
[step 0010/150] method=baseline_avg loss=0.5981 train_acc=nan train_loss=nan val_acc=nan val_loss=nan best=-1.0000
[step 0020/150] method=baseline_avg loss=0.4703 train_acc=nan train_loss=nan val_acc=nan val_loss=nan best=-1.0000
[step 0030/150] method=baseline_avg loss=0.4760 train_acc=nan train_loss=nan val_acc=nan val_loss=nan best=-1.0000
[step 0040/150] method=baseline_avg loss=1.0199 train_acc=nan train_loss=nan val_acc=nan val_loss=nan best=-1.0000
[step 0050/150] method=baseline_avg loss=0.8426 train_acc=0.6775 train_loss=0.6349 val_acc=0.6250 val_loss=0.7017 router_H=0.6489 best=0.6250
           router_load=[0.08490944653749466, 0.27155202627182007, 0.6407893896102905, 0.002749138278886676]
[step 0060/150] method=baseline_avg loss=0.6057 train_acc=0.6775 train_loss=0.6349 val_acc=0.6250 val_loss=0.7017 router_H=0.6489 best=0.6250
           router_load=[0.08490944653749466, 0.27155202627182007, 0.6407893896102905, 0.002749138278886676]
[step 0070/150] method=baseline_avg loss=0.3293 train_acc=0.6775 train_loss=0.6349 val_acc=0.6250 val_loss=0.7017 router_H=0.6489 best=0.6250
           router_load=[0.08490944653749466, 0.27155202627182007, 0.6407893896102905, 0.002749138278886676]
[step 0080/150] method=baseline_avg loss=0.3131 train_acc=0.6775 train_loss=0.6349 val_acc=0.6250 val_loss=0.7017 router_H=0.6489 best=0.6250
           router_load=[0.08490944653749466, 0.27155202627182007, 0.6407893896102905, 0.002749138278886676]
[step 0090/150] method=baseline_avg loss=0.4578 train_acc=0.6775 train_loss=0.6349 val_acc=0.6250 val_loss=0.7017 router_H=0.6489 best=0.6250
           router_load=[0.08490944653749466, 0.27155202627182007, 0.6407893896102905, 0.002749138278886676]
[step 0100/150] method=baseline_avg loss=0.5629 train_acc=0.8645 train_loss=0.3262 val_acc=0.8956 val_loss=0.2749 router_H=0.6531 best=0.8956
           router_load=[0.06713607162237167, 0.250328004360199, 0.6303767561912537, 0.0521591380238533]
[step 0110/150] method=baseline_avg loss=0.3379 train_acc=0.8645 train_loss=0.3262 val_acc=0.8956 val_loss=0.2749 router_H=0.6531 best=0.8956
           router_load=[0.06713607162237167, 0.250328004360199, 0.6303767561912537, 0.0521591380238533]
[step 0120/150] method=baseline_avg loss=0.3487 train_acc=0.8645 train_loss=0.3262 val_acc=0.8956 val_loss=0.2749 router_H=0.6531 best=0.8956
           router_load=[0.06713607162237167, 0.250328004360199, 0.6303767561912537, 0.0521591380238533]
[step 0130/150] method=baseline_avg loss=0.2075 train_acc=0.8645 train_loss=0.3262 val_acc=0.8956 val_loss=0.2749 router_H=0.6531 best=0.8956
           router_load=[0.06713607162237167, 0.250328004360199, 0.6303767561912537, 0.0521591380238533]
[step 0140/150] method=baseline_avg loss=0.3300 train_acc=0.8645 train_loss=0.3262 val_acc=0.8956 val_loss=0.2749 router_H=0.6531 best=0.8956
           router_load=[0.06713607162237167, 0.250328004360199, 0.6303767561912537, 0.0521591380238533]
[step 0150/150] method=baseline_avg loss=0.0931 train_acc=0.8838 train_loss=0.3582 val_acc=0.9071 val_loss=0.2931 router_H=0.6670 best=0.9071
           router_load=[0.13159872591495514, 0.26478978991508484, 0.6008361577987671, 0.002775509376078844]
saved summary -> /home/zhujjing/MOE-grad-conflict-routing/runs/paper_suite/single_gpu/single_task/roberta_sst2_lora_e4_k2/hpo/baseline/trial_runs/coord_03_train_grad_clip_001/baseline_s3.json
saved curve -> /home/zhujjing/MOE-grad-conflict-routing/runs/paper_suite/single_gpu/single_task/roberta_sst2_lora_e4_k2/hpo/baseline/trial_runs/coord_03_train_grad_clip_001/baseline_s3_curve.csv
