[run] method=baseline candidate=coord_03_train_grad_clip_002 seed=2 steps=150 gpu=0
[run] cmd=
/home/zhujjing/anaconda3/envs/moe/bin/python /home/zhujjing/MOE-grad-conflict-routing/scripts/run.py --config configs/singletask_sst2_real.yaml --set model.backbone_backend=hf --set model.hf_load_pretrained=true --set model.backbone=roberta --set model.hf_pretrained_name=roberta-base --set model.expert_type=lora --set model.routing_mode=topk --set model.num_experts=4 --set model.top_k=2 --set seed=2 --set method.name=baseline_avg --set train.steps=150 --set train.eval_every_steps=50 --set train.grad_clip=0.5277354059 --set train.lr=4.073235309e-05 --set train.weight_decay=0.007589584458 --out /home/zhujjing/MOE-grad-conflict-routing/runs/paper_suite/single_gpu/single_task/roberta_sst2_lora_e4_k2/hpo/baseline/trial_runs/coord_03_train_grad_clip_002/baseline_s2.json --curve_out /home/zhujjing/MOE-grad-conflict-routing/runs/paper_suite/single_gpu/single_task/roberta_sst2_lora_e4_k2/hpo/baseline/trial_runs/coord_03_train_grad_clip_002/baseline_s2_curve.csv
Using the latest cached version of the dataset since glue couldn't be found on the Hugging Face Hub (offline mode is enabled).
Found the latest cached dataset configuration 'sst2' at /home/zhujjing/hf_cache/datasets/glue/sst2/0.0.0/bcdcba79d07bc864c1c254ccfcedcce55bcc9a8c (last modified on Thu Mar 19 15:01:41 2026).
/home/zhujjing/anaconda3/envs/moe/lib/python3.10/site-packages/transformers/utils/hub.py:124: FutureWarning: Using `TRANSFORMERS_CACHE` is deprecated and will be removed in v5 of Transformers. Use `HF_HOME` instead.
  warnings.warn(
Some weights of RobertaModel were not initialized from the model checkpoint at roberta-base and are newly initialized: ['roberta.pooler.dense.bias', 'roberta.pooler.dense.weight']
You should probably TRAIN this model on a down-stream task to be able to use it for predictions and inference.
[step 0001/150] method=baseline_avg loss=0.6412 train_acc=nan train_loss=nan val_acc=nan val_loss=nan best=-1.0000
[step 0010/150] method=baseline_avg loss=0.6058 train_acc=nan train_loss=nan val_acc=nan val_loss=nan best=-1.0000
[step 0020/150] method=baseline_avg loss=0.8363 train_acc=nan train_loss=nan val_acc=nan val_loss=nan best=-1.0000
[step 0030/150] method=baseline_avg loss=0.7706 train_acc=nan train_loss=nan val_acc=nan val_loss=nan best=-1.0000
[step 0040/150] method=baseline_avg loss=0.1877 train_acc=nan train_loss=nan val_acc=nan val_loss=nan best=-1.0000
[step 0050/150] method=baseline_avg loss=0.3256 train_acc=0.8668 train_loss=0.3786 val_acc=0.8406 val_loss=0.4492 router_H=0.6800 best=0.8406
           router_load=[0.05080906301736832, 0.47074276208877563, 0.052966244518756866, 0.425481915473938]
[step 0060/150] method=baseline_avg loss=0.1776 train_acc=0.8668 train_loss=0.3786 val_acc=0.8406 val_loss=0.4492 router_H=0.6800 best=0.8406
           router_load=[0.05080906301736832, 0.47074276208877563, 0.052966244518756866, 0.425481915473938]
[step 0070/150] method=baseline_avg loss=0.4026 train_acc=0.8668 train_loss=0.3786 val_acc=0.8406 val_loss=0.4492 router_H=0.6800 best=0.8406
           router_load=[0.05080906301736832, 0.47074276208877563, 0.052966244518756866, 0.425481915473938]
[step 0080/150] method=baseline_avg loss=1.0236 train_acc=0.8668 train_loss=0.3786 val_acc=0.8406 val_loss=0.4492 router_H=0.6800 best=0.8406
           router_load=[0.05080906301736832, 0.47074276208877563, 0.052966244518756866, 0.425481915473938]
[step 0090/150] method=baseline_avg loss=0.3743 train_acc=0.8668 train_loss=0.3786 val_acc=0.8406 val_loss=0.4492 router_H=0.6800 best=0.8406
           router_load=[0.05080906301736832, 0.47074276208877563, 0.052966244518756866, 0.425481915473938]
[step 0100/150] method=baseline_avg loss=0.6041 train_acc=0.8513 train_loss=0.3791 val_acc=0.8360 val_loss=0.3860 router_H=0.6860 best=0.8406
           router_load=[0.005963250063359737, 0.4952888786792755, 0.0017764833755791187, 0.49697133898735046]
[step 0110/150] method=baseline_avg loss=0.2593 train_acc=0.8513 train_loss=0.3791 val_acc=0.8360 val_loss=0.3860 router_H=0.6860 best=0.8406
           router_load=[0.005963250063359737, 0.4952888786792755, 0.0017764833755791187, 0.49697133898735046]
[step 0120/150] method=baseline_avg loss=0.4597 train_acc=0.8513 train_loss=0.3791 val_acc=0.8360 val_loss=0.3860 router_H=0.6860 best=0.8406
           router_load=[0.005963250063359737, 0.4952888786792755, 0.0017764833755791187, 0.49697133898735046]
[step 0130/150] method=baseline_avg loss=0.3013 train_acc=0.8513 train_loss=0.3791 val_acc=0.8360 val_loss=0.3860 router_H=0.6860 best=0.8406
           router_load=[0.005963250063359737, 0.4952888786792755, 0.0017764833755791187, 0.49697133898735046]
[step 0140/150] method=baseline_avg loss=0.3497 train_acc=0.8513 train_loss=0.3791 val_acc=0.8360 val_loss=0.3860 router_H=0.6860 best=0.8406
           router_load=[0.005963250063359737, 0.4952888786792755, 0.0017764833755791187, 0.49697133898735046]
[step 0150/150] method=baseline_avg loss=0.6779 train_acc=0.8908 train_loss=0.2878 val_acc=0.8933 val_loss=0.2964 router_H=0.6818 best=0.8933
           router_load=[0.15661893784999847, 0.5006645321846008, 0.020318644121289253, 0.3223978877067566]
saved summary -> /home/zhujjing/MOE-grad-conflict-routing/runs/paper_suite/single_gpu/single_task/roberta_sst2_lora_e4_k2/hpo/baseline/trial_runs/coord_03_train_grad_clip_002/baseline_s2.json
saved curve -> /home/zhujjing/MOE-grad-conflict-routing/runs/paper_suite/single_gpu/single_task/roberta_sst2_lora_e4_k2/hpo/baseline/trial_runs/coord_03_train_grad_clip_002/baseline_s2_curve.csv
