[run] method=baseline candidate=coord_03_train_grad_clip_012 seed=2 steps=150 gpu=0
[run] cmd=
/home/zhujjing/anaconda3/envs/moe/bin/python /home/zhujjing/MOE-grad-conflict-routing/scripts/run.py --config configs/singletask_sst2_real.yaml --set model.backbone_backend=hf --set model.hf_load_pretrained=true --set model.backbone=roberta --set model.hf_pretrained_name=roberta-base --set model.expert_type=lora --set model.routing_mode=topk --set model.num_experts=4 --set model.top_k=2 --set seed=2 --set method.name=baseline_avg --set train.steps=150 --set train.eval_every_steps=50 --set train.grad_clip=1.832812971 --set train.lr=4.073235309e-05 --set train.weight_decay=0.007589584458 --out /home/zhujjing/MOE-grad-conflict-routing/runs/paper_suite/single_gpu/single_task/roberta_sst2_lora_e4_k2/hpo/baseline/trial_runs/coord_03_train_grad_clip_012/baseline_s2.json --curve_out /home/zhujjing/MOE-grad-conflict-routing/runs/paper_suite/single_gpu/single_task/roberta_sst2_lora_e4_k2/hpo/baseline/trial_runs/coord_03_train_grad_clip_012/baseline_s2_curve.csv
Using the latest cached version of the dataset since glue couldn't be found on the Hugging Face Hub (offline mode is enabled).
Found the latest cached dataset configuration 'sst2' at /home/zhujjing/hf_cache/datasets/glue/sst2/0.0.0/bcdcba79d07bc864c1c254ccfcedcce55bcc9a8c (last modified on Thu Mar 19 15:01:41 2026).
/home/zhujjing/anaconda3/envs/moe/lib/python3.10/site-packages/transformers/utils/hub.py:124: FutureWarning: Using `TRANSFORMERS_CACHE` is deprecated and will be removed in v5 of Transformers. Use `HF_HOME` instead.
  warnings.warn(
Some weights of RobertaModel were not initialized from the model checkpoint at roberta-base and are newly initialized: ['roberta.pooler.dense.bias', 'roberta.pooler.dense.weight']
You should probably TRAIN this model on a down-stream task to be able to use it for predictions and inference.
[step 0001/150] method=baseline_avg loss=0.6711 train_acc=nan train_loss=nan val_acc=nan val_loss=nan best=-1.0000
[step 0010/150] method=baseline_avg loss=0.6825 train_acc=nan train_loss=nan val_acc=nan val_loss=nan best=-1.0000
[step 0020/150] method=baseline_avg loss=0.4210 train_acc=nan train_loss=nan val_acc=nan val_loss=nan best=-1.0000
[step 0030/150] method=baseline_avg loss=0.2099 train_acc=nan train_loss=nan val_acc=nan val_loss=nan best=-1.0000
[step 0040/150] method=baseline_avg loss=0.1033 train_acc=nan train_loss=nan val_acc=nan val_loss=nan best=-1.0000
[step 0050/150] method=baseline_avg loss=0.2959 train_acc=0.8165 train_loss=0.4658 val_acc=0.7775 val_loss=0.5801 router_H=0.6436 best=0.7775
           router_load=[0.3718842566013336, 0.02512408420443535, 0.0012849831255152822, 0.6017067432403564]
[step 0060/150] method=baseline_avg loss=0.3278 train_acc=0.8165 train_loss=0.4658 val_acc=0.7775 val_loss=0.5801 router_H=0.6436 best=0.7775
           router_load=[0.3718842566013336, 0.02512408420443535, 0.0012849831255152822, 0.6017067432403564]
[step 0070/150] method=baseline_avg loss=0.4899 train_acc=0.8165 train_loss=0.4658 val_acc=0.7775 val_loss=0.5801 router_H=0.6436 best=0.7775
           router_load=[0.3718842566013336, 0.02512408420443535, 0.0012849831255152822, 0.6017067432403564]
[step 0080/150] method=baseline_avg loss=0.5981 train_acc=0.8165 train_loss=0.4658 val_acc=0.7775 val_loss=0.5801 router_H=0.6436 best=0.7775
           router_load=[0.3718842566013336, 0.02512408420443535, 0.0012849831255152822, 0.6017067432403564]
[step 0090/150] method=baseline_avg loss=0.3350 train_acc=0.8165 train_loss=0.4658 val_acc=0.7775 val_loss=0.5801 router_H=0.6436 best=0.7775
           router_load=[0.3718842566013336, 0.02512408420443535, 0.0012849831255152822, 0.6017067432403564]
[step 0100/150] method=baseline_avg loss=0.7419 train_acc=0.8160 train_loss=0.4248 val_acc=0.7936 val_loss=0.4461 router_H=0.6775 best=0.7936
           router_load=[0.4284913241863251, 0.0010897481115534902, 0.0035563823767006397, 0.5668624639511108]
[step 0110/150] method=baseline_avg loss=0.2699 train_acc=0.8160 train_loss=0.4248 val_acc=0.7936 val_loss=0.4461 router_H=0.6775 best=0.7936
           router_load=[0.4284913241863251, 0.0010897481115534902, 0.0035563823767006397, 0.5668624639511108]
[step 0120/150] method=baseline_avg loss=0.3637 train_acc=0.8160 train_loss=0.4248 val_acc=0.7936 val_loss=0.4461 router_H=0.6775 best=0.7936
           router_load=[0.4284913241863251, 0.0010897481115534902, 0.0035563823767006397, 0.5668624639511108]
[step 0130/150] method=baseline_avg loss=0.2294 train_acc=0.8160 train_loss=0.4248 val_acc=0.7936 val_loss=0.4461 router_H=0.6775 best=0.7936
           router_load=[0.4284913241863251, 0.0010897481115534902, 0.0035563823767006397, 0.5668624639511108]
[step 0140/150] method=baseline_avg loss=0.4656 train_acc=0.8160 train_loss=0.4248 val_acc=0.7936 val_loss=0.4461 router_H=0.6775 best=0.7936
           router_load=[0.4284913241863251, 0.0010897481115534902, 0.0035563823767006397, 0.5668624639511108]
[step 0150/150] method=baseline_avg loss=0.4865 train_acc=0.8442 train_loss=0.3452 val_acc=0.8177 val_loss=0.3674 router_H=0.6566 best=0.8177
           router_load=[0.38789862394332886, 0.0025920430198311806, 0.0016781474696472287, 0.6078311800956726]
saved summary -> /home/zhujjing/MOE-grad-conflict-routing/runs/paper_suite/single_gpu/single_task/roberta_sst2_lora_e4_k2/hpo/baseline/trial_runs/coord_03_train_grad_clip_012/baseline_s2.json
saved curve -> /home/zhujjing/MOE-grad-conflict-routing/runs/paper_suite/single_gpu/single_task/roberta_sst2_lora_e4_k2/hpo/baseline/trial_runs/coord_03_train_grad_clip_012/baseline_s2_curve.csv
