[run] method=cagrad candidate=coord_04_method_baseline_cagrad_c_005 seed=3 steps=150 gpu=0
[run] cmd=
/home/zhujjing/anaconda3/envs/moe/bin/python /home/zhujjing/MOE-grad-conflict-routing/scripts/run.py --config configs/singletask_rte_real.yaml --set model.backbone_backend=hf --set model.hf_load_pretrained=true --set model.backbone=roberta --set model.hf_pretrained_name=roberta-base --set model.expert_type=lora --set model.routing_mode=topk --set model.num_experts=4 --set model.top_k=2 --set seed=3 --set method.name=baseline_cagrad --set train.steps=150 --set train.eval_every_steps=50 --set method.baseline_cagrad.c=0.6535281282 --set method.baseline_cagrad.inner_lr=0.1 --set train.grad_clip=1 --set train.lr=2.410351909e-05 --set train.weight_decay=0.03456878451 --out /home/zhujjing/MOE-grad-conflict-routing/runs/paper_suite/single_gpu/single_task/roberta_rte_lora_e4_k2/hpo/cagrad/trial_runs/coord_04_method_baseline_cagrad_c_005/cagrad_s3.json --curve_out /home/zhujjing/MOE-grad-conflict-routing/runs/paper_suite/single_gpu/single_task/roberta_rte_lora_e4_k2/hpo/cagrad/trial_runs/coord_04_method_baseline_cagrad_c_005/cagrad_s3_curve.csv
Using the latest cached version of the dataset since glue couldn't be found on the Hugging Face Hub (offline mode is enabled).
Found the latest cached dataset configuration 'rte' at /home/zhujjing/hf_cache/datasets/glue/rte/0.0.0/bcdcba79d07bc864c1c254ccfcedcce55bcc9a8c (last modified on Thu Mar 19 15:00:36 2026).
/home/zhujjing/anaconda3/envs/moe/lib/python3.10/site-packages/transformers/utils/hub.py:124: FutureWarning: Using `TRANSFORMERS_CACHE` is deprecated and will be removed in v5 of Transformers. Use `HF_HOME` instead.
  warnings.warn(
Some weights of RobertaModel were not initialized from the model checkpoint at roberta-base and are newly initialized: ['roberta.pooler.dense.bias', 'roberta.pooler.dense.weight']
You should probably TRAIN this model on a down-stream task to be able to use it for predictions and inference.
[step 0001/150] method=baseline_cagrad loss=0.6997 train_acc=nan train_loss=nan val_acc=nan val_loss=nan best=-1.0000
[step 0010/150] method=baseline_cagrad loss=0.7153 train_acc=nan train_loss=nan val_acc=nan val_loss=nan best=-1.0000
[step 0020/150] method=baseline_cagrad loss=0.6939 train_acc=nan train_loss=nan val_acc=nan val_loss=nan best=-1.0000
[step 0030/150] method=baseline_cagrad loss=0.6843 train_acc=nan train_loss=nan val_acc=nan val_loss=nan best=-1.0000
[step 0040/150] method=baseline_cagrad loss=0.6468 train_acc=nan train_loss=nan val_acc=nan val_loss=nan best=-1.0000
[step 0050/150] method=baseline_cagrad loss=0.6209 train_acc=0.6313 train_loss=0.6377 val_acc=0.5993 val_loss=0.6759 router_H=0.6910 best=0.5993
           router_load=[0.06786065548658371, 0.4649710953235626, 0.001792268711142242, 0.46537598967552185]
[step 0060/150] method=baseline_cagrad loss=0.5613 train_acc=0.6313 train_loss=0.6377 val_acc=0.5993 val_loss=0.6759 router_H=0.6910 best=0.5993
           router_load=[0.06786065548658371, 0.4649710953235626, 0.001792268711142242, 0.46537598967552185]
[step 0070/150] method=baseline_cagrad loss=0.6931 train_acc=0.6313 train_loss=0.6377 val_acc=0.5993 val_loss=0.6759 router_H=0.6910 best=0.5993
           router_load=[0.06786065548658371, 0.4649710953235626, 0.001792268711142242, 0.46537598967552185]
[step 0080/150] method=baseline_cagrad loss=0.5548 train_acc=0.6313 train_loss=0.6377 val_acc=0.5993 val_loss=0.6759 router_H=0.6910 best=0.5993
           router_load=[0.06786065548658371, 0.4649710953235626, 0.001792268711142242, 0.46537598967552185]
[step 0090/150] method=baseline_cagrad loss=0.5628 train_acc=0.6313 train_loss=0.6377 val_acc=0.5993 val_loss=0.6759 router_H=0.6910 best=0.5993
           router_load=[0.06786065548658371, 0.4649710953235626, 0.001792268711142242, 0.46537598967552185]
[step 0100/150] method=baseline_cagrad loss=0.7428 train_acc=0.7225 train_loss=0.5444 val_acc=0.6643 val_loss=0.6166 router_H=0.6896 best=0.6643
           router_load=[0.05918130278587341, 0.5235292315483093, 0.02223179303109646, 0.3950576186180115]
[step 0110/150] method=baseline_cagrad loss=0.5389 train_acc=0.7225 train_loss=0.5444 val_acc=0.6643 val_loss=0.6166 router_H=0.6896 best=0.6643
           router_load=[0.05918130278587341, 0.5235292315483093, 0.02223179303109646, 0.3950576186180115]
[step 0120/150] method=baseline_cagrad loss=0.6500 train_acc=0.7225 train_loss=0.5444 val_acc=0.6643 val_loss=0.6166 router_H=0.6896 best=0.6643
           router_load=[0.05918130278587341, 0.5235292315483093, 0.02223179303109646, 0.3950576186180115]
[step 0130/150] method=baseline_cagrad loss=0.7660 train_acc=0.7225 train_loss=0.5444 val_acc=0.6643 val_loss=0.6166 router_H=0.6896 best=0.6643
           router_load=[0.05918130278587341, 0.5235292315483093, 0.02223179303109646, 0.3950576186180115]
[step 0140/150] method=baseline_cagrad loss=0.6600 train_acc=0.7225 train_loss=0.5444 val_acc=0.6643 val_loss=0.6166 router_H=0.6896 best=0.6643
           router_load=[0.05918130278587341, 0.5235292315483093, 0.02223179303109646, 0.3950576186180115]
[step 0150/150] method=baseline_cagrad loss=0.5660 train_acc=0.7490 train_loss=0.5314 val_acc=0.6679 val_loss=0.6117 router_H=0.6851 best=0.6679
           router_load=[0.01531688217073679, 0.5586776733398438, 0.1256830394268036, 0.30032238364219666]
saved summary -> /home/zhujjing/MOE-grad-conflict-routing/runs/paper_suite/single_gpu/single_task/roberta_rte_lora_e4_k2/hpo/cagrad/trial_runs/coord_04_method_baseline_cagrad_c_005/cagrad_s3.json
saved curve -> /home/zhujjing/MOE-grad-conflict-routing/runs/paper_suite/single_gpu/single_task/roberta_rte_lora_e4_k2/hpo/cagrad/trial_runs/coord_04_method_baseline_cagrad_c_005/cagrad_s3_curve.csv
