[run] method=cagrad candidate=coord_04_method_baseline_cagrad_c_006 seed=3 steps=150 gpu=0
[run] cmd=
/home/zhujjing/anaconda3/envs/moe/bin/python /home/zhujjing/MOE-grad-conflict-routing/scripts/run.py --config configs/singletask_rte_real.yaml --set model.backbone_backend=hf --set model.hf_load_pretrained=true --set model.backbone=roberta --set model.hf_pretrained_name=roberta-base --set model.expert_type=lora --set model.routing_mode=topk --set model.num_experts=4 --set model.top_k=2 --set seed=3 --set method.name=baseline_cagrad --set train.steps=150 --set train.eval_every_steps=50 --set method.baseline_cagrad.c=0.9099800661 --set method.baseline_cagrad.inner_lr=0.1 --set train.grad_clip=1 --set train.lr=2.410351909e-05 --set train.weight_decay=0.03456878451 --out /home/zhujjing/MOE-grad-conflict-routing/runs/paper_suite/single_gpu/single_task/roberta_rte_lora_e4_k2/hpo/cagrad/trial_runs/coord_04_method_baseline_cagrad_c_006/cagrad_s3.json --curve_out /home/zhujjing/MOE-grad-conflict-routing/runs/paper_suite/single_gpu/single_task/roberta_rte_lora_e4_k2/hpo/cagrad/trial_runs/coord_04_method_baseline_cagrad_c_006/cagrad_s3_curve.csv
Using the latest cached version of the dataset since glue couldn't be found on the Hugging Face Hub (offline mode is enabled).
Found the latest cached dataset configuration 'rte' at /home/zhujjing/hf_cache/datasets/glue/rte/0.0.0/bcdcba79d07bc864c1c254ccfcedcce55bcc9a8c (last modified on Thu Mar 19 15:00:36 2026).
/home/zhujjing/anaconda3/envs/moe/lib/python3.10/site-packages/transformers/utils/hub.py:124: FutureWarning: Using `TRANSFORMERS_CACHE` is deprecated and will be removed in v5 of Transformers. Use `HF_HOME` instead.
  warnings.warn(
Some weights of RobertaModel were not initialized from the model checkpoint at roberta-base and are newly initialized: ['roberta.pooler.dense.bias', 'roberta.pooler.dense.weight']
You should probably TRAIN this model on a down-stream task to be able to use it for predictions and inference.
[step 0001/150] method=baseline_cagrad loss=0.6983 train_acc=nan train_loss=nan val_acc=nan val_loss=nan best=-1.0000
[step 0010/150] method=baseline_cagrad loss=0.6956 train_acc=nan train_loss=nan val_acc=nan val_loss=nan best=-1.0000
[step 0020/150] method=baseline_cagrad loss=0.7059 train_acc=nan train_loss=nan val_acc=nan val_loss=nan best=-1.0000
[step 0030/150] method=baseline_cagrad loss=0.6674 train_acc=nan train_loss=nan val_acc=nan val_loss=nan best=-1.0000
[step 0040/150] method=baseline_cagrad loss=0.6486 train_acc=nan train_loss=nan val_acc=nan val_loss=nan best=-1.0000
[step 0050/150] method=baseline_cagrad loss=0.6116 train_acc=0.6470 train_loss=0.6214 val_acc=0.5848 val_loss=0.6619 router_H=0.6881 best=0.5848
           router_load=[0.06601686030626297, 0.12236036360263824, 0.5352031588554382, 0.27641963958740234]
[step 0060/150] method=baseline_cagrad loss=0.5561 train_acc=0.6470 train_loss=0.6214 val_acc=0.5848 val_loss=0.6619 router_H=0.6881 best=0.5848
           router_load=[0.06601686030626297, 0.12236036360263824, 0.5352031588554382, 0.27641963958740234]
[step 0070/150] method=baseline_cagrad loss=0.7857 train_acc=0.6470 train_loss=0.6214 val_acc=0.5848 val_loss=0.6619 router_H=0.6881 best=0.5848
           router_load=[0.06601686030626297, 0.12236036360263824, 0.5352031588554382, 0.27641963958740234]
[step 0080/150] method=baseline_cagrad loss=0.5125 train_acc=0.6470 train_loss=0.6214 val_acc=0.5848 val_loss=0.6619 router_H=0.6881 best=0.5848
           router_load=[0.06601686030626297, 0.12236036360263824, 0.5352031588554382, 0.27641963958740234]
[step 0090/150] method=baseline_cagrad loss=0.5089 train_acc=0.6470 train_loss=0.6214 val_acc=0.5848 val_loss=0.6619 router_H=0.6881 best=0.5848
           router_load=[0.06601686030626297, 0.12236036360263824, 0.5352031588554382, 0.27641963958740234]
[step 0100/150] method=baseline_cagrad loss=0.7504 train_acc=0.7245 train_loss=0.5452 val_acc=0.6715 val_loss=0.6331 router_H=0.6876 best=0.6715
           router_load=[0.07364784926176071, 0.1984565407037735, 0.5349579453468323, 0.1929376721382141]
[step 0110/150] method=baseline_cagrad loss=0.5418 train_acc=0.7245 train_loss=0.5452 val_acc=0.6715 val_loss=0.6331 router_H=0.6876 best=0.6715
           router_load=[0.07364784926176071, 0.1984565407037735, 0.5349579453468323, 0.1929376721382141]
[step 0120/150] method=baseline_cagrad loss=0.6492 train_acc=0.7245 train_loss=0.5452 val_acc=0.6715 val_loss=0.6331 router_H=0.6876 best=0.6715
           router_load=[0.07364784926176071, 0.1984565407037735, 0.5349579453468323, 0.1929376721382141]
[step 0130/150] method=baseline_cagrad loss=0.6526 train_acc=0.7245 train_loss=0.5452 val_acc=0.6715 val_loss=0.6331 router_H=0.6876 best=0.6715
           router_load=[0.07364784926176071, 0.1984565407037735, 0.5349579453468323, 0.1929376721382141]
[step 0140/150] method=baseline_cagrad loss=0.6107 train_acc=0.7245 train_loss=0.5452 val_acc=0.6715 val_loss=0.6331 router_H=0.6876 best=0.6715
           router_load=[0.07364784926176071, 0.1984565407037735, 0.5349579453468323, 0.1929376721382141]
[step 0150/150] method=baseline_cagrad loss=0.5412 train_acc=0.7458 train_loss=0.5141 val_acc=0.6968 val_loss=0.6001 router_H=0.6870 best=0.6968
           router_load=[0.29104116559028625, 0.04262882098555565, 0.5456161499023438, 0.12071393430233002]
saved summary -> /home/zhujjing/MOE-grad-conflict-routing/runs/paper_suite/single_gpu/single_task/roberta_rte_lora_e4_k2/hpo/cagrad/trial_runs/coord_04_method_baseline_cagrad_c_006/cagrad_s3.json
saved curve -> /home/zhujjing/MOE-grad-conflict-routing/runs/paper_suite/single_gpu/single_task/roberta_rte_lora_e4_k2/hpo/cagrad/trial_runs/coord_04_method_baseline_cagrad_c_006/cagrad_s3_curve.csv
