[run] method=cagrad candidate=coord_04_method_baseline_cagrad_c_009 seed=3 steps=150 gpu=0
[run] cmd=
/home/zhujjing/anaconda3/envs/moe/bin/python /home/zhujjing/MOE-grad-conflict-routing/scripts/run.py --config configs/singletask_rte_real.yaml --set model.backbone_backend=hf --set model.hf_load_pretrained=true --set model.backbone=roberta --set model.hf_pretrained_name=roberta-base --set model.expert_type=lora --set model.routing_mode=topk --set model.num_experts=4 --set model.top_k=2 --set seed=3 --set method.name=baseline_cagrad --set train.steps=150 --set train.eval_every_steps=50 --set method.baseline_cagrad.c=0.9288277249 --set method.baseline_cagrad.inner_lr=0.1 --set train.grad_clip=1 --set train.lr=2.410351909e-05 --set train.weight_decay=0.03456878451 --out /home/zhujjing/MOE-grad-conflict-routing/runs/paper_suite/single_gpu/single_task/roberta_rte_lora_e4_k2/hpo/cagrad/trial_runs/coord_04_method_baseline_cagrad_c_009/cagrad_s3.json --curve_out /home/zhujjing/MOE-grad-conflict-routing/runs/paper_suite/single_gpu/single_task/roberta_rte_lora_e4_k2/hpo/cagrad/trial_runs/coord_04_method_baseline_cagrad_c_009/cagrad_s3_curve.csv
Using the latest cached version of the dataset since glue couldn't be found on the Hugging Face Hub (offline mode is enabled).
Found the latest cached dataset configuration 'rte' at /home/zhujjing/hf_cache/datasets/glue/rte/0.0.0/bcdcba79d07bc864c1c254ccfcedcce55bcc9a8c (last modified on Thu Mar 19 15:00:36 2026).
/home/zhujjing/anaconda3/envs/moe/lib/python3.10/site-packages/transformers/utils/hub.py:124: FutureWarning: Using `TRANSFORMERS_CACHE` is deprecated and will be removed in v5 of Transformers. Use `HF_HOME` instead.
  warnings.warn(
Some weights of RobertaModel were not initialized from the model checkpoint at roberta-base and are newly initialized: ['roberta.pooler.dense.bias', 'roberta.pooler.dense.weight']
You should probably TRAIN this model on a down-stream task to be able to use it for predictions and inference.
[step 0001/150] method=baseline_cagrad loss=0.6984 train_acc=nan train_loss=nan val_acc=nan val_loss=nan best=-1.0000
[step 0010/150] method=baseline_cagrad loss=0.6958 train_acc=nan train_loss=nan val_acc=nan val_loss=nan best=-1.0000
[step 0020/150] method=baseline_cagrad loss=0.7021 train_acc=nan train_loss=nan val_acc=nan val_loss=nan best=-1.0000
[step 0030/150] method=baseline_cagrad loss=0.6583 train_acc=nan train_loss=nan val_acc=nan val_loss=nan best=-1.0000
[step 0040/150] method=baseline_cagrad loss=0.7107 train_acc=nan train_loss=nan val_acc=nan val_loss=nan best=-1.0000
[step 0050/150] method=baseline_cagrad loss=0.6691 train_acc=0.6277 train_loss=0.6490 val_acc=0.5848 val_loss=0.6829 router_H=0.6869 best=0.5848
           router_load=[0.48709630966186523, 0.1610293984413147, 0.34742993116378784, 0.004444413352757692]
[step 0060/150] method=baseline_cagrad loss=0.5486 train_acc=0.6277 train_loss=0.6490 val_acc=0.5848 val_loss=0.6829 router_H=0.6869 best=0.5848
           router_load=[0.48709630966186523, 0.1610293984413147, 0.34742993116378784, 0.004444413352757692]
[step 0070/150] method=baseline_cagrad loss=0.7203 train_acc=0.6277 train_loss=0.6490 val_acc=0.5848 val_loss=0.6829 router_H=0.6869 best=0.5848
           router_load=[0.48709630966186523, 0.1610293984413147, 0.34742993116378784, 0.004444413352757692]
[step 0080/150] method=baseline_cagrad loss=0.5960 train_acc=0.6277 train_loss=0.6490 val_acc=0.5848 val_loss=0.6829 router_H=0.6869 best=0.5848
           router_load=[0.48709630966186523, 0.1610293984413147, 0.34742993116378784, 0.004444413352757692]
[step 0090/150] method=baseline_cagrad loss=0.6113 train_acc=0.6277 train_loss=0.6490 val_acc=0.5848 val_loss=0.6829 router_H=0.6869 best=0.5848
           router_load=[0.48709630966186523, 0.1610293984413147, 0.34742993116378784, 0.004444413352757692]
[step 0100/150] method=baseline_cagrad loss=0.5607 train_acc=0.7277 train_loss=0.5459 val_acc=0.6643 val_loss=0.6064 router_H=0.6881 best=0.6643
           router_load=[0.5078000426292419, 0.2699667513370514, 0.2222331017255783, 0.0]
[step 0110/150] method=baseline_cagrad loss=0.5708 train_acc=0.7277 train_loss=0.5459 val_acc=0.6643 val_loss=0.6064 router_H=0.6881 best=0.6643
           router_load=[0.5078000426292419, 0.2699667513370514, 0.2222331017255783, 0.0]
[step 0120/150] method=baseline_cagrad loss=0.6030 train_acc=0.7277 train_loss=0.5459 val_acc=0.6643 val_loss=0.6064 router_H=0.6881 best=0.6643
           router_load=[0.5078000426292419, 0.2699667513370514, 0.2222331017255783, 0.0]
[step 0130/150] method=baseline_cagrad loss=0.7032 train_acc=0.7277 train_loss=0.5459 val_acc=0.6643 val_loss=0.6064 router_H=0.6881 best=0.6643
           router_load=[0.5078000426292419, 0.2699667513370514, 0.2222331017255783, 0.0]
[step 0140/150] method=baseline_cagrad loss=0.7060 train_acc=0.7277 train_loss=0.5459 val_acc=0.6643 val_loss=0.6064 router_H=0.6881 best=0.6643
           router_load=[0.5078000426292419, 0.2699667513370514, 0.2222331017255783, 0.0]
[step 0150/150] method=baseline_cagrad loss=0.5100 train_acc=0.7498 train_loss=0.5338 val_acc=0.6570 val_loss=0.6317 router_H=0.6847 best=0.6643
           router_load=[0.5458613038063049, 0.13410945236682892, 0.3127800226211548, 0.007249217480421066]
saved summary -> /home/zhujjing/MOE-grad-conflict-routing/runs/paper_suite/single_gpu/single_task/roberta_rte_lora_e4_k2/hpo/cagrad/trial_runs/coord_04_method_baseline_cagrad_c_009/cagrad_s3.json
saved curve -> /home/zhujjing/MOE-grad-conflict-routing/runs/paper_suite/single_gpu/single_task/roberta_rte_lora_e4_k2/hpo/cagrad/trial_runs/coord_04_method_baseline_cagrad_c_009/cagrad_s3_curve.csv
