[run] method=cagrad candidate=coord_04_method_baseline_cagrad_c_007 seed=2 steps=150 gpu=0
[run] cmd=
/home/zhujjing/anaconda3/envs/moe/bin/python /home/zhujjing/MOE-grad-conflict-routing/scripts/run.py --config configs/singletask_rte_real.yaml --set model.backbone_backend=hf --set model.hf_load_pretrained=true --set model.backbone=roberta --set model.hf_pretrained_name=roberta-base --set model.expert_type=lora --set model.routing_mode=topk --set model.num_experts=4 --set model.top_k=2 --set seed=2 --set method.name=baseline_cagrad --set train.steps=150 --set train.eval_every_steps=50 --set method.baseline_cagrad.c=0.69392653 --set method.baseline_cagrad.inner_lr=0.1 --set train.grad_clip=1 --set train.lr=2.410351909e-05 --set train.weight_decay=0.03456878451 --out /home/zhujjing/MOE-grad-conflict-routing/runs/paper_suite/single_gpu/single_task/roberta_rte_lora_e4_k2/hpo/cagrad/trial_runs/coord_04_method_baseline_cagrad_c_007/cagrad_s2.json --curve_out /home/zhujjing/MOE-grad-conflict-routing/runs/paper_suite/single_gpu/single_task/roberta_rte_lora_e4_k2/hpo/cagrad/trial_runs/coord_04_method_baseline_cagrad_c_007/cagrad_s2_curve.csv
Using the latest cached version of the dataset since glue couldn't be found on the Hugging Face Hub (offline mode is enabled).
Found the latest cached dataset configuration 'rte' at /home/zhujjing/hf_cache/datasets/glue/rte/0.0.0/bcdcba79d07bc864c1c254ccfcedcce55bcc9a8c (last modified on Thu Mar 19 15:00:36 2026).
/home/zhujjing/anaconda3/envs/moe/lib/python3.10/site-packages/transformers/utils/hub.py:124: FutureWarning: Using `TRANSFORMERS_CACHE` is deprecated and will be removed in v5 of Transformers. Use `HF_HOME` instead.
  warnings.warn(
Some weights of RobertaModel were not initialized from the model checkpoint at roberta-base and are newly initialized: ['roberta.pooler.dense.bias', 'roberta.pooler.dense.weight']
You should probably TRAIN this model on a down-stream task to be able to use it for predictions and inference.
[step 0001/150] method=baseline_cagrad loss=0.6984 train_acc=nan train_loss=nan val_acc=nan val_loss=nan best=-1.0000
[step 0010/150] method=baseline_cagrad loss=0.8497 train_acc=nan train_loss=nan val_acc=nan val_loss=nan best=-1.0000
[step 0020/150] method=baseline_cagrad loss=0.6810 train_acc=nan train_loss=nan val_acc=nan val_loss=nan best=-1.0000
[step 0030/150] method=baseline_cagrad loss=0.6930 train_acc=nan train_loss=nan val_acc=nan val_loss=nan best=-1.0000
[step 0040/150] method=baseline_cagrad loss=0.7252 train_acc=nan train_loss=nan val_acc=nan val_loss=nan best=-1.0000
[step 0050/150] method=baseline_cagrad loss=0.5679 train_acc=0.6622 train_loss=0.6586 val_acc=0.6318 val_loss=0.6711 router_H=0.6880 best=0.6318
           router_load=[0.017386918887495995, 0.0, 0.5472331047058105, 0.4353799521923065]
[step 0060/150] method=baseline_cagrad loss=0.6535 train_acc=0.6622 train_loss=0.6586 val_acc=0.6318 val_loss=0.6711 router_H=0.6880 best=0.6318
           router_load=[0.017386918887495995, 0.0, 0.5472331047058105, 0.4353799521923065]
[step 0070/150] method=baseline_cagrad loss=0.6856 train_acc=0.6622 train_loss=0.6586 val_acc=0.6318 val_loss=0.6711 router_H=0.6880 best=0.6318
           router_load=[0.017386918887495995, 0.0, 0.5472331047058105, 0.4353799521923065]
[step 0080/150] method=baseline_cagrad loss=0.6022 train_acc=0.6622 train_loss=0.6586 val_acc=0.6318 val_loss=0.6711 router_H=0.6880 best=0.6318
           router_load=[0.017386918887495995, 0.0, 0.5472331047058105, 0.4353799521923065]
[step 0090/150] method=baseline_cagrad loss=0.6592 train_acc=0.6622 train_loss=0.6586 val_acc=0.6318 val_loss=0.6711 router_H=0.6880 best=0.6318
           router_load=[0.017386918887495995, 0.0, 0.5472331047058105, 0.4353799521923065]
[step 0100/150] method=baseline_cagrad loss=0.6189 train_acc=0.7205 train_loss=0.5875 val_acc=0.6643 val_loss=0.6207 router_H=0.6862 best=0.6643
           router_load=[0.009076311253011227, 0.0, 0.5553607940673828, 0.4355629086494446]
[step 0110/150] method=baseline_cagrad loss=0.6390 train_acc=0.7205 train_loss=0.5875 val_acc=0.6643 val_loss=0.6207 router_H=0.6862 best=0.6643
           router_load=[0.009076311253011227, 0.0, 0.5553607940673828, 0.4355629086494446]
[step 0120/150] method=baseline_cagrad loss=0.5322 train_acc=0.7205 train_loss=0.5875 val_acc=0.6643 val_loss=0.6207 router_H=0.6862 best=0.6643
           router_load=[0.009076311253011227, 0.0, 0.5553607940673828, 0.4355629086494446]
[step 0130/150] method=baseline_cagrad loss=0.6257 train_acc=0.7205 train_loss=0.5875 val_acc=0.6643 val_loss=0.6207 router_H=0.6862 best=0.6643
           router_load=[0.009076311253011227, 0.0, 0.5553607940673828, 0.4355629086494446]
[step 0140/150] method=baseline_cagrad loss=0.7080 train_acc=0.7205 train_loss=0.5875 val_acc=0.6643 val_loss=0.6207 router_H=0.6862 best=0.6643
           router_load=[0.009076311253011227, 0.0, 0.5553607940673828, 0.4355629086494446]
[step 0150/150] method=baseline_cagrad loss=0.6066 train_acc=0.7197 train_loss=0.5961 val_acc=0.6679 val_loss=0.6223 router_H=0.6842 best=0.6679
           router_load=[0.010724633000791073, 0.0, 0.5652828812599182, 0.423992395401001]
saved summary -> /home/zhujjing/MOE-grad-conflict-routing/runs/paper_suite/single_gpu/single_task/roberta_rte_lora_e4_k2/hpo/cagrad/trial_runs/coord_04_method_baseline_cagrad_c_007/cagrad_s2.json
saved curve -> /home/zhujjing/MOE-grad-conflict-routing/runs/paper_suite/single_gpu/single_task/roberta_rte_lora_e4_k2/hpo/cagrad/trial_runs/coord_04_method_baseline_cagrad_c_007/cagrad_s2_curve.csv
