[run] method=cagrad candidate=coord_04_method_baseline_cagrad_c_005 seed=2 steps=150 gpu=0
[run] cmd=
/home/zhujjing/anaconda3/envs/moe/bin/python /home/zhujjing/MOE-grad-conflict-routing/scripts/run.py --config configs/singletask_rte_real.yaml --set model.backbone_backend=hf --set model.hf_load_pretrained=true --set model.backbone=roberta --set model.hf_pretrained_name=roberta-base --set model.expert_type=lora --set model.routing_mode=topk --set model.num_experts=4 --set model.top_k=2 --set seed=2 --set method.name=baseline_cagrad --set train.steps=150 --set train.eval_every_steps=50 --set method.baseline_cagrad.c=0.6535281282 --set method.baseline_cagrad.inner_lr=0.1 --set train.grad_clip=1 --set train.lr=2.410351909e-05 --set train.weight_decay=0.03456878451 --out /home/zhujjing/MOE-grad-conflict-routing/runs/paper_suite/single_gpu/single_task/roberta_rte_lora_e4_k2/hpo/cagrad/trial_runs/coord_04_method_baseline_cagrad_c_005/cagrad_s2.json --curve_out /home/zhujjing/MOE-grad-conflict-routing/runs/paper_suite/single_gpu/single_task/roberta_rte_lora_e4_k2/hpo/cagrad/trial_runs/coord_04_method_baseline_cagrad_c_005/cagrad_s2_curve.csv
Using the latest cached version of the dataset since glue couldn't be found on the Hugging Face Hub (offline mode is enabled).
Found the latest cached dataset configuration 'rte' at /home/zhujjing/hf_cache/datasets/glue/rte/0.0.0/bcdcba79d07bc864c1c254ccfcedcce55bcc9a8c (last modified on Thu Mar 19 15:00:36 2026).
/home/zhujjing/anaconda3/envs/moe/lib/python3.10/site-packages/transformers/utils/hub.py:124: FutureWarning: Using `TRANSFORMERS_CACHE` is deprecated and will be removed in v5 of Transformers. Use `HF_HOME` instead.
  warnings.warn(
Some weights of RobertaModel were not initialized from the model checkpoint at roberta-base and are newly initialized: ['roberta.pooler.dense.bias', 'roberta.pooler.dense.weight']
You should probably TRAIN this model on a down-stream task to be able to use it for predictions and inference.
[step 0001/150] method=baseline_cagrad loss=0.6989 train_acc=nan train_loss=nan val_acc=nan val_loss=nan best=-1.0000
[step 0010/150] method=baseline_cagrad loss=0.9065 train_acc=nan train_loss=nan val_acc=nan val_loss=nan best=-1.0000
[step 0020/150] method=baseline_cagrad loss=0.6869 train_acc=nan train_loss=nan val_acc=nan val_loss=nan best=-1.0000
[step 0030/150] method=baseline_cagrad loss=0.7127 train_acc=nan train_loss=nan val_acc=nan val_loss=nan best=-1.0000
[step 0040/150] method=baseline_cagrad loss=0.6813 train_acc=nan train_loss=nan val_acc=nan val_loss=nan best=-1.0000
[step 0050/150] method=baseline_cagrad loss=0.5515 train_acc=0.5197 train_loss=0.6868 val_acc=0.5199 val_loss=0.6859 router_H=0.6855 best=0.5199
           router_load=[0.0, 0.55384761095047, 0.44615238904953003, 0.0]
[step 0060/150] method=baseline_cagrad loss=0.6388 train_acc=0.5197 train_loss=0.6868 val_acc=0.5199 val_loss=0.6859 router_H=0.6855 best=0.5199
           router_load=[0.0, 0.55384761095047, 0.44615238904953003, 0.0]
[step 0070/150] method=baseline_cagrad loss=0.6969 train_acc=0.5197 train_loss=0.6868 val_acc=0.5199 val_loss=0.6859 router_H=0.6855 best=0.5199
           router_load=[0.0, 0.55384761095047, 0.44615238904953003, 0.0]
[step 0080/150] method=baseline_cagrad loss=0.7161 train_acc=0.5197 train_loss=0.6868 val_acc=0.5199 val_loss=0.6859 router_H=0.6855 best=0.5199
           router_load=[0.0, 0.55384761095047, 0.44615238904953003, 0.0]
[step 0090/150] method=baseline_cagrad loss=0.7797 train_acc=0.5197 train_loss=0.6868 val_acc=0.5199 val_loss=0.6859 router_H=0.6855 best=0.5199
           router_load=[0.0, 0.55384761095047, 0.44615238904953003, 0.0]
[step 0100/150] method=baseline_cagrad loss=0.6561 train_acc=0.6771 train_loss=0.6340 val_acc=0.5993 val_loss=0.6657 router_H=0.6857 best=0.5993
           router_load=[0.0, 0.5572397708892822, 0.4427602291107178, 0.0]
[step 0110/150] method=baseline_cagrad loss=0.6391 train_acc=0.6771 train_loss=0.6340 val_acc=0.5993 val_loss=0.6657 router_H=0.6857 best=0.5993
           router_load=[0.0, 0.5572397708892822, 0.4427602291107178, 0.0]
[step 0120/150] method=baseline_cagrad loss=0.6462 train_acc=0.6771 train_loss=0.6340 val_acc=0.5993 val_loss=0.6657 router_H=0.6857 best=0.5993
           router_load=[0.0, 0.5572397708892822, 0.4427602291107178, 0.0]
[step 0130/150] method=baseline_cagrad loss=0.6372 train_acc=0.6771 train_loss=0.6340 val_acc=0.5993 val_loss=0.6657 router_H=0.6857 best=0.5993
           router_load=[0.0, 0.5572397708892822, 0.4427602291107178, 0.0]
[step 0140/150] method=baseline_cagrad loss=0.7045 train_acc=0.6771 train_loss=0.6340 val_acc=0.5993 val_loss=0.6657 router_H=0.6857 best=0.5993
           router_load=[0.0, 0.5572397708892822, 0.4427602291107178, 0.0]
[step 0150/150] method=baseline_cagrad loss=0.6760 train_acc=0.6635 train_loss=0.6133 val_acc=0.5957 val_loss=0.6410 router_H=0.6889 best=0.5993
           router_load=[0.0, 0.538478672504425, 0.46152132749557495, 0.0]
saved summary -> /home/zhujjing/MOE-grad-conflict-routing/runs/paper_suite/single_gpu/single_task/roberta_rte_lora_e4_k2/hpo/cagrad/trial_runs/coord_04_method_baseline_cagrad_c_005/cagrad_s2.json
saved curve -> /home/zhujjing/MOE-grad-conflict-routing/runs/paper_suite/single_gpu/single_task/roberta_rte_lora_e4_k2/hpo/cagrad/trial_runs/coord_04_method_baseline_cagrad_c_005/cagrad_s2_curve.csv
