[run] method=cagrad candidate=coord_04_method_baseline_cagrad_c_007 seed=3 steps=150 gpu=0
[run] cmd=
/home/zhujjing/anaconda3/envs/moe/bin/python /home/zhujjing/MOE-grad-conflict-routing/scripts/run.py --config configs/singletask_rte_real.yaml --set model.backbone_backend=hf --set model.hf_load_pretrained=true --set model.backbone=roberta --set model.hf_pretrained_name=roberta-base --set model.expert_type=lora --set model.routing_mode=topk --set model.num_experts=4 --set model.top_k=2 --set seed=3 --set method.name=baseline_cagrad --set train.steps=150 --set train.eval_every_steps=50 --set method.baseline_cagrad.c=0.69392653 --set method.baseline_cagrad.inner_lr=0.1 --set train.grad_clip=1 --set train.lr=2.410351909e-05 --set train.weight_decay=0.03456878451 --out /home/zhujjing/MOE-grad-conflict-routing/runs/paper_suite/single_gpu/single_task/roberta_rte_lora_e4_k2/hpo/cagrad/trial_runs/coord_04_method_baseline_cagrad_c_007/cagrad_s3.json --curve_out /home/zhujjing/MOE-grad-conflict-routing/runs/paper_suite/single_gpu/single_task/roberta_rte_lora_e4_k2/hpo/cagrad/trial_runs/coord_04_method_baseline_cagrad_c_007/cagrad_s3_curve.csv
Using the latest cached version of the dataset since glue couldn't be found on the Hugging Face Hub (offline mode is enabled).
Found the latest cached dataset configuration 'rte' at /home/zhujjing/hf_cache/datasets/glue/rte/0.0.0/bcdcba79d07bc864c1c254ccfcedcce55bcc9a8c (last modified on Thu Mar 19 15:00:36 2026).
/home/zhujjing/anaconda3/envs/moe/lib/python3.10/site-packages/transformers/utils/hub.py:124: FutureWarning: Using `TRANSFORMERS_CACHE` is deprecated and will be removed in v5 of Transformers. Use `HF_HOME` instead.
  warnings.warn(
Some weights of RobertaModel were not initialized from the model checkpoint at roberta-base and are newly initialized: ['roberta.pooler.dense.bias', 'roberta.pooler.dense.weight']
You should probably TRAIN this model on a down-stream task to be able to use it for predictions and inference.
[step 0001/150] method=baseline_cagrad loss=0.7017 train_acc=nan train_loss=nan val_acc=nan val_loss=nan best=-1.0000
[step 0010/150] method=baseline_cagrad loss=0.7076 train_acc=nan train_loss=nan val_acc=nan val_loss=nan best=-1.0000
[step 0020/150] method=baseline_cagrad loss=0.7030 train_acc=nan train_loss=nan val_acc=nan val_loss=nan best=-1.0000
[step 0030/150] method=baseline_cagrad loss=0.6605 train_acc=nan train_loss=nan val_acc=nan val_loss=nan best=-1.0000
[step 0040/150] method=baseline_cagrad loss=0.6856 train_acc=nan train_loss=nan val_acc=nan val_loss=nan best=-1.0000
[step 0050/150] method=baseline_cagrad loss=0.5952 train_acc=0.6558 train_loss=0.6208 val_acc=0.6282 val_loss=0.6545 router_H=0.6922 best=0.6282
           router_load=[0.2988620698451996, 0.2911667227745056, 0.06560574471950531, 0.3443654477596283]
[step 0060/150] method=baseline_cagrad loss=0.5651 train_acc=0.6558 train_loss=0.6208 val_acc=0.6282 val_loss=0.6545 router_H=0.6922 best=0.6282
           router_load=[0.2988620698451996, 0.2911667227745056, 0.06560574471950531, 0.3443654477596283]
[step 0070/150] method=baseline_cagrad loss=0.7597 train_acc=0.6558 train_loss=0.6208 val_acc=0.6282 val_loss=0.6545 router_H=0.6922 best=0.6282
           router_load=[0.2988620698451996, 0.2911667227745056, 0.06560574471950531, 0.3443654477596283]
[step 0080/150] method=baseline_cagrad loss=0.5721 train_acc=0.6558 train_loss=0.6208 val_acc=0.6282 val_loss=0.6545 router_H=0.6922 best=0.6282
           router_load=[0.2988620698451996, 0.2911667227745056, 0.06560574471950531, 0.3443654477596283]
[step 0090/150] method=baseline_cagrad loss=0.6253 train_acc=0.6558 train_loss=0.6208 val_acc=0.6282 val_loss=0.6545 router_H=0.6922 best=0.6282
           router_load=[0.2988620698451996, 0.2911667227745056, 0.06560574471950531, 0.3443654477596283]
[step 0100/150] method=baseline_cagrad loss=0.5652 train_acc=0.7213 train_loss=0.5730 val_acc=0.6787 val_loss=0.6047 router_H=0.6925 best=0.6787
           router_load=[0.3256605267524719, 0.2780071496963501, 0.055449143052101135, 0.3408832550048828]
[step 0110/150] method=baseline_cagrad loss=0.6860 train_acc=0.7213 train_loss=0.5730 val_acc=0.6787 val_loss=0.6047 router_H=0.6925 best=0.6787
           router_load=[0.3256605267524719, 0.2780071496963501, 0.055449143052101135, 0.3408832550048828]
[step 0120/150] method=baseline_cagrad loss=0.5937 train_acc=0.7213 train_loss=0.5730 val_acc=0.6787 val_loss=0.6047 router_H=0.6925 best=0.6787
           router_load=[0.3256605267524719, 0.2780071496963501, 0.055449143052101135, 0.3408832550048828]
[step 0130/150] method=baseline_cagrad loss=0.6655 train_acc=0.7213 train_loss=0.5730 val_acc=0.6787 val_loss=0.6047 router_H=0.6925 best=0.6787
           router_load=[0.3256605267524719, 0.2780071496963501, 0.055449143052101135, 0.3408832550048828]
[step 0140/150] method=baseline_cagrad loss=0.6684 train_acc=0.7213 train_loss=0.5730 val_acc=0.6787 val_loss=0.6047 router_H=0.6925 best=0.6787
           router_load=[0.3256605267524719, 0.2780071496963501, 0.055449143052101135, 0.3408832550048828]
[step 0150/150] method=baseline_cagrad loss=0.5064 train_acc=0.7064 train_loss=0.5919 val_acc=0.6534 val_loss=0.6467 router_H=0.6920 best=0.6787
           router_load=[0.0810055062174797, 0.4158723056316376, 0.07831909507513046, 0.42480310797691345]
saved summary -> /home/zhujjing/MOE-grad-conflict-routing/runs/paper_suite/single_gpu/single_task/roberta_rte_lora_e4_k2/hpo/cagrad/trial_runs/coord_04_method_baseline_cagrad_c_007/cagrad_s3.json
saved curve -> /home/zhujjing/MOE-grad-conflict-routing/runs/paper_suite/single_gpu/single_task/roberta_rte_lora_e4_k2/hpo/cagrad/trial_runs/coord_04_method_baseline_cagrad_c_007/cagrad_s3_curve.csv
