[run] method=cagrad candidate=coord_02_train_weight_decay_000 seed=2 steps=150 gpu=0
[run] cmd=
/home/zhujjing/anaconda3/envs/moe/bin/python /home/zhujjing/MOE-grad-conflict-routing/scripts/run.py --config configs/singletask_mrpc_real.yaml --set model.backbone_backend=hf --set model.hf_load_pretrained=true --set model.backbone=roberta --set model.hf_pretrained_name=roberta-base --set model.expert_type=lora --set model.routing_mode=topk --set model.num_experts=4 --set model.top_k=2 --set seed=2 --set method.name=baseline_cagrad --set train.steps=150 --set train.eval_every_steps=50 --set method.baseline_cagrad.c=0.4 --set method.baseline_cagrad.inner_lr=0.1 --set train.grad_clip=1 --set train.lr=1.693101775e-05 --set train.weight_decay=0.003745151078 --out /home/zhujjing/MOE-grad-conflict-routing/runs/paper_suite/single_gpu/single_task/roberta_mrpc_lora_e4_k2/hpo/cagrad/trial_runs/coord_02_train_weight_decay_000/cagrad_s2.json --curve_out /home/zhujjing/MOE-grad-conflict-routing/runs/paper_suite/single_gpu/single_task/roberta_mrpc_lora_e4_k2/hpo/cagrad/trial_runs/coord_02_train_weight_decay_000/cagrad_s2_curve.csv
Using the latest cached version of the dataset since glue couldn't be found on the Hugging Face Hub (offline mode is enabled).
Found the latest cached dataset configuration 'mrpc' at /home/zhujjing/hf_cache/datasets/glue/mrpc/0.0.0/bcdcba79d07bc864c1c254ccfcedcce55bcc9a8c (last modified on Thu Mar 19 15:01:06 2026).
/home/zhujjing/anaconda3/envs/moe/lib/python3.10/site-packages/transformers/utils/hub.py:124: FutureWarning: Using `TRANSFORMERS_CACHE` is deprecated and will be removed in v5 of Transformers. Use `HF_HOME` instead.
  warnings.warn(
Some weights of RobertaModel were not initialized from the model checkpoint at roberta-base and are newly initialized: ['roberta.pooler.dense.bias', 'roberta.pooler.dense.weight']
You should probably TRAIN this model on a down-stream task to be able to use it for predictions and inference.
[step 0001/150] method=baseline_cagrad loss=0.6875 train_acc=nan train_loss=nan val_acc=nan val_loss=nan best=-1.0000
[step 0010/150] method=baseline_cagrad loss=0.7334 train_acc=nan train_loss=nan val_acc=nan val_loss=nan best=-1.0000
[step 0020/150] method=baseline_cagrad loss=0.5974 train_acc=nan train_loss=nan val_acc=nan val_loss=nan best=-1.0000
[step 0030/150] method=baseline_cagrad loss=0.7390 train_acc=nan train_loss=nan val_acc=nan val_loss=nan best=-1.0000
[step 0040/150] method=baseline_cagrad loss=0.5369 train_acc=nan train_loss=nan val_acc=nan val_loss=nan best=-1.0000
[step 0050/150] method=baseline_cagrad loss=0.5581 train_acc=0.7282 train_loss=0.5422 val_acc=0.7304 val_loss=0.5417 router_H=0.6871 best=0.7304
           router_load=[0.005285842344164848, 0.4196494221687317, 0.5465607643127441, 0.028504131361842155]
[step 0060/150] method=baseline_cagrad loss=0.6068 train_acc=0.7282 train_loss=0.5422 val_acc=0.7304 val_loss=0.5417 router_H=0.6871 best=0.7304
           router_load=[0.005285842344164848, 0.4196494221687317, 0.5465607643127441, 0.028504131361842155]
[step 0070/150] method=baseline_cagrad loss=0.3675 train_acc=0.7282 train_loss=0.5422 val_acc=0.7304 val_loss=0.5417 router_H=0.6871 best=0.7304
           router_load=[0.005285842344164848, 0.4196494221687317, 0.5465607643127441, 0.028504131361842155]
[step 0080/150] method=baseline_cagrad loss=0.4827 train_acc=0.7282 train_loss=0.5422 val_acc=0.7304 val_loss=0.5417 router_H=0.6871 best=0.7304
           router_load=[0.005285842344164848, 0.4196494221687317, 0.5465607643127441, 0.028504131361842155]
[step 0090/150] method=baseline_cagrad loss=0.3689 train_acc=0.7282 train_loss=0.5422 val_acc=0.7304 val_loss=0.5417 router_H=0.6871 best=0.7304
           router_load=[0.005285842344164848, 0.4196494221687317, 0.5465607643127441, 0.028504131361842155]
[step 0100/150] method=baseline_cagrad loss=0.4299 train_acc=0.8272 train_loss=0.3837 val_acc=0.7966 val_loss=0.3894 router_H=0.6887 best=0.7966
           router_load=[0.0022600542288273573, 0.42462554574012756, 0.5158829689025879, 0.05723154917359352]
[step 0110/150] method=baseline_cagrad loss=0.6611 train_acc=0.8272 train_loss=0.3837 val_acc=0.7966 val_loss=0.3894 router_H=0.6887 best=0.7966
           router_load=[0.0022600542288273573, 0.42462554574012756, 0.5158829689025879, 0.05723154917359352]
[step 0120/150] method=baseline_cagrad loss=0.2629 train_acc=0.8272 train_loss=0.3837 val_acc=0.7966 val_loss=0.3894 router_H=0.6887 best=0.7966
           router_load=[0.0022600542288273573, 0.42462554574012756, 0.5158829689025879, 0.05723154917359352]
[step 0130/150] method=baseline_cagrad loss=0.5432 train_acc=0.8272 train_loss=0.3837 val_acc=0.7966 val_loss=0.3894 router_H=0.6887 best=0.7966
           router_load=[0.0022600542288273573, 0.42462554574012756, 0.5158829689025879, 0.05723154917359352]
[step 0140/150] method=baseline_cagrad loss=0.2770 train_acc=0.8272 train_loss=0.3837 val_acc=0.7966 val_loss=0.3894 router_H=0.6887 best=0.7966
           router_load=[0.0022600542288273573, 0.42462554574012756, 0.5158829689025879, 0.05723154917359352]
[step 0150/150] method=baseline_cagrad loss=0.7433 train_acc=0.8601 train_loss=0.3495 val_acc=0.8627 val_loss=0.3626 router_H=0.6881 best=0.8627
           router_load=[0.005554576870054007, 0.33693093061447144, 0.42276355624198914, 0.2347508817911148]
saved summary -> /home/zhujjing/MOE-grad-conflict-routing/runs/paper_suite/single_gpu/single_task/roberta_mrpc_lora_e4_k2/hpo/cagrad/trial_runs/coord_02_train_weight_decay_000/cagrad_s2.json
saved curve -> /home/zhujjing/MOE-grad-conflict-routing/runs/paper_suite/single_gpu/single_task/roberta_mrpc_lora_e4_k2/hpo/cagrad/trial_runs/coord_02_train_weight_decay_000/cagrad_s2_curve.csv
