[run] method=cagrad candidate=coord_02_train_weight_decay_013 seed=2 steps=150 gpu=0
[run] cmd=
/home/zhujjing/anaconda3/envs/moe/bin/python /home/zhujjing/MOE-grad-conflict-routing/scripts/run.py --config configs/singletask_mrpc_real.yaml --set model.backbone_backend=hf --set model.hf_load_pretrained=true --set model.backbone=roberta --set model.hf_pretrained_name=roberta-base --set model.expert_type=lora --set model.routing_mode=topk --set model.num_experts=4 --set model.top_k=2 --set seed=2 --set method.name=baseline_cagrad --set train.steps=150 --set train.eval_every_steps=50 --set method.baseline_cagrad.c=0.4 --set method.baseline_cagrad.inner_lr=0.1 --set train.grad_clip=1 --set train.lr=1.693101775e-05 --set train.weight_decay=0.0006453157727 --out /home/zhujjing/MOE-grad-conflict-routing/runs/paper_suite/single_gpu/single_task/roberta_mrpc_lora_e4_k2/hpo/cagrad/trial_runs/coord_02_train_weight_decay_013/cagrad_s2.json --curve_out /home/zhujjing/MOE-grad-conflict-routing/runs/paper_suite/single_gpu/single_task/roberta_mrpc_lora_e4_k2/hpo/cagrad/trial_runs/coord_02_train_weight_decay_013/cagrad_s2_curve.csv
Using the latest cached version of the dataset since glue couldn't be found on the Hugging Face Hub (offline mode is enabled).
Found the latest cached dataset configuration 'mrpc' at /home/zhujjing/hf_cache/datasets/glue/mrpc/0.0.0/bcdcba79d07bc864c1c254ccfcedcce55bcc9a8c (last modified on Thu Mar 19 15:01:06 2026).
/home/zhujjing/anaconda3/envs/moe/lib/python3.10/site-packages/transformers/utils/hub.py:124: FutureWarning: Using `TRANSFORMERS_CACHE` is deprecated and will be removed in v5 of Transformers. Use `HF_HOME` instead.
  warnings.warn(
Some weights of RobertaModel were not initialized from the model checkpoint at roberta-base and are newly initialized: ['roberta.pooler.dense.bias', 'roberta.pooler.dense.weight']
You should probably TRAIN this model on a down-stream task to be able to use it for predictions and inference.
[step 0001/150] method=baseline_cagrad loss=0.6669 train_acc=nan train_loss=nan val_acc=nan val_loss=nan best=-1.0000
[step 0010/150] method=baseline_cagrad loss=0.6549 train_acc=nan train_loss=nan val_acc=nan val_loss=nan best=-1.0000
[step 0020/150] method=baseline_cagrad loss=0.6329 train_acc=nan train_loss=nan val_acc=nan val_loss=nan best=-1.0000
[step 0030/150] method=baseline_cagrad loss=0.7266 train_acc=nan train_loss=nan val_acc=nan val_loss=nan best=-1.0000
[step 0040/150] method=baseline_cagrad loss=0.5399 train_acc=nan train_loss=nan val_acc=nan val_loss=nan best=-1.0000
[step 0050/150] method=baseline_cagrad loss=0.5841 train_acc=0.7328 train_loss=0.5394 val_acc=0.7279 val_loss=0.5401 router_H=0.6882 best=0.7279
           router_load=[0.0335509330034256, 0.004106610547751188, 0.4197283685207367, 0.5426140427589417]
[step 0060/150] method=baseline_cagrad loss=0.6473 train_acc=0.7328 train_loss=0.5394 val_acc=0.7279 val_loss=0.5401 router_H=0.6882 best=0.7279
           router_load=[0.0335509330034256, 0.004106610547751188, 0.4197283685207367, 0.5426140427589417]
[step 0070/150] method=baseline_cagrad loss=0.3934 train_acc=0.7328 train_loss=0.5394 val_acc=0.7279 val_loss=0.5401 router_H=0.6882 best=0.7279
           router_load=[0.0335509330034256, 0.004106610547751188, 0.4197283685207367, 0.5426140427589417]
[step 0080/150] method=baseline_cagrad loss=0.4393 train_acc=0.7328 train_loss=0.5394 val_acc=0.7279 val_loss=0.5401 router_H=0.6882 best=0.7279
           router_load=[0.0335509330034256, 0.004106610547751188, 0.4197283685207367, 0.5426140427589417]
[step 0090/150] method=baseline_cagrad loss=0.4011 train_acc=0.7328 train_loss=0.5394 val_acc=0.7279 val_loss=0.5401 router_H=0.6882 best=0.7279
           router_load=[0.0335509330034256, 0.004106610547751188, 0.4197283685207367, 0.5426140427589417]
[step 0100/150] method=baseline_cagrad loss=0.4411 train_acc=0.8097 train_loss=0.3983 val_acc=0.7966 val_loss=0.3940 router_H=0.6892 best=0.7966
           router_load=[0.12783989310264587, 0.11846717447042465, 0.35522669553756714, 0.3984661400318146]
[step 0110/150] method=baseline_cagrad loss=0.7861 train_acc=0.8097 train_loss=0.3983 val_acc=0.7966 val_loss=0.3940 router_H=0.6892 best=0.7966
           router_load=[0.12783989310264587, 0.11846717447042465, 0.35522669553756714, 0.3984661400318146]
[step 0120/150] method=baseline_cagrad loss=0.1807 train_acc=0.8097 train_loss=0.3983 val_acc=0.7966 val_loss=0.3940 router_H=0.6892 best=0.7966
           router_load=[0.12783989310264587, 0.11846717447042465, 0.35522669553756714, 0.3984661400318146]
[step 0130/150] method=baseline_cagrad loss=0.5351 train_acc=0.8097 train_loss=0.3983 val_acc=0.7966 val_loss=0.3940 router_H=0.6892 best=0.7966
           router_load=[0.12783989310264587, 0.11846717447042465, 0.35522669553756714, 0.3984661400318146]
[step 0140/150] method=baseline_cagrad loss=0.3312 train_acc=0.8097 train_loss=0.3983 val_acc=0.7966 val_loss=0.3940 router_H=0.6892 best=0.7966
           router_load=[0.12783989310264587, 0.11846717447042465, 0.35522669553756714, 0.3984661400318146]
[step 0150/150] method=baseline_cagrad loss=0.7976 train_acc=0.8612 train_loss=0.3541 val_acc=0.8578 val_loss=0.3711 router_H=0.6884 best=0.8578
           router_load=[0.062450677156448364, 0.3109579384326935, 0.21666984260082245, 0.40992146730422974]
saved summary -> /home/zhujjing/MOE-grad-conflict-routing/runs/paper_suite/single_gpu/single_task/roberta_mrpc_lora_e4_k2/hpo/cagrad/trial_runs/coord_02_train_weight_decay_013/cagrad_s2.json
saved curve -> /home/zhujjing/MOE-grad-conflict-routing/runs/paper_suite/single_gpu/single_task/roberta_mrpc_lora_e4_k2/hpo/cagrad/trial_runs/coord_02_train_weight_decay_013/cagrad_s2_curve.csv
