[run] method=cagrad candidate=coord_02_train_weight_decay_008 seed=3 steps=150 gpu=0
[run] cmd=
/home/zhujjing/anaconda3/envs/moe/bin/python /home/zhujjing/MOE-grad-conflict-routing/scripts/run.py --config configs/singletask_mrpc_real.yaml --set model.backbone_backend=hf --set model.hf_load_pretrained=true --set model.backbone=roberta --set model.hf_pretrained_name=roberta-base --set model.expert_type=lora --set model.routing_mode=topk --set model.num_experts=4 --set model.top_k=2 --set seed=3 --set method.name=baseline_cagrad --set train.steps=150 --set train.eval_every_steps=50 --set method.baseline_cagrad.c=0.4 --set method.baseline_cagrad.inner_lr=0.1 --set train.grad_clip=1 --set train.lr=1.693101775e-05 --set train.weight_decay=0.009265879002 --out /home/zhujjing/MOE-grad-conflict-routing/runs/paper_suite/single_gpu/single_task/roberta_mrpc_lora_e4_k2/hpo/cagrad/trial_runs/coord_02_train_weight_decay_008/cagrad_s3.json --curve_out /home/zhujjing/MOE-grad-conflict-routing/runs/paper_suite/single_gpu/single_task/roberta_mrpc_lora_e4_k2/hpo/cagrad/trial_runs/coord_02_train_weight_decay_008/cagrad_s3_curve.csv
Using the latest cached version of the dataset since glue couldn't be found on the Hugging Face Hub (offline mode is enabled).
Found the latest cached dataset configuration 'mrpc' at /home/zhujjing/hf_cache/datasets/glue/mrpc/0.0.0/bcdcba79d07bc864c1c254ccfcedcce55bcc9a8c (last modified on Thu Mar 19 15:01:06 2026).
/home/zhujjing/anaconda3/envs/moe/lib/python3.10/site-packages/transformers/utils/hub.py:124: FutureWarning: Using `TRANSFORMERS_CACHE` is deprecated and will be removed in v5 of Transformers. Use `HF_HOME` instead.
  warnings.warn(
Some weights of RobertaModel were not initialized from the model checkpoint at roberta-base and are newly initialized: ['roberta.pooler.dense.bias', 'roberta.pooler.dense.weight']
You should probably TRAIN this model on a down-stream task to be able to use it for predictions and inference.
[step 0001/150] method=baseline_cagrad loss=0.6850 train_acc=nan train_loss=nan val_acc=nan val_loss=nan best=-1.0000
[step 0010/150] method=baseline_cagrad loss=0.6988 train_acc=nan train_loss=nan val_acc=nan val_loss=nan best=-1.0000
[step 0020/150] method=baseline_cagrad loss=0.6202 train_acc=nan train_loss=nan val_acc=nan val_loss=nan best=-1.0000
[step 0030/150] method=baseline_cagrad loss=0.5030 train_acc=nan train_loss=nan val_acc=nan val_loss=nan best=-1.0000
[step 0040/150] method=baseline_cagrad loss=0.5609 train_acc=nan train_loss=nan val_acc=nan val_loss=nan best=-1.0000
[step 0050/150] method=baseline_cagrad loss=0.4868 train_acc=0.7595 train_loss=0.4974 val_acc=0.7770 val_loss=0.4843 router_H=0.6902 best=0.7770
           router_load=[0.4848167300224304, 0.3930007815361023, 0.01737074926495552, 0.10481167584657669]
[step 0060/150] method=baseline_cagrad loss=0.5296 train_acc=0.7595 train_loss=0.4974 val_acc=0.7770 val_loss=0.4843 router_H=0.6902 best=0.7770
           router_load=[0.4848167300224304, 0.3930007815361023, 0.01737074926495552, 0.10481167584657669]
[step 0070/150] method=baseline_cagrad loss=0.5198 train_acc=0.7595 train_loss=0.4974 val_acc=0.7770 val_loss=0.4843 router_H=0.6902 best=0.7770
           router_load=[0.4848167300224304, 0.3930007815361023, 0.01737074926495552, 0.10481167584657669]
[step 0080/150] method=baseline_cagrad loss=0.5056 train_acc=0.7595 train_loss=0.4974 val_acc=0.7770 val_loss=0.4843 router_H=0.6902 best=0.7770
           router_load=[0.4848167300224304, 0.3930007815361023, 0.01737074926495552, 0.10481167584657669]
[step 0090/150] method=baseline_cagrad loss=0.6010 train_acc=0.7595 train_loss=0.4974 val_acc=0.7770 val_loss=0.4843 router_H=0.6902 best=0.7770
           router_load=[0.4848167300224304, 0.3930007815361023, 0.01737074926495552, 0.10481167584657669]
[step 0100/150] method=baseline_cagrad loss=0.6291 train_acc=0.8364 train_loss=0.3823 val_acc=0.8162 val_loss=0.3818 router_H=0.6803 best=0.8162
           router_load=[0.2942821681499481, 0.552600085735321, 0.02434125542640686, 0.1287766695022583]
[step 0110/150] method=baseline_cagrad loss=0.4060 train_acc=0.8364 train_loss=0.3823 val_acc=0.8162 val_loss=0.3818 router_H=0.6803 best=0.8162
           router_load=[0.2942821681499481, 0.552600085735321, 0.02434125542640686, 0.1287766695022583]
[step 0120/150] method=baseline_cagrad loss=0.2797 train_acc=0.8364 train_loss=0.3823 val_acc=0.8162 val_loss=0.3818 router_H=0.6803 best=0.8162
           router_load=[0.2942821681499481, 0.552600085735321, 0.02434125542640686, 0.1287766695022583]
[step 0130/150] method=baseline_cagrad loss=0.2754 train_acc=0.8364 train_loss=0.3823 val_acc=0.8162 val_loss=0.3818 router_H=0.6803 best=0.8162
           router_load=[0.2942821681499481, 0.552600085735321, 0.02434125542640686, 0.1287766695022583]
[step 0140/150] method=baseline_cagrad loss=0.6316 train_acc=0.8364 train_loss=0.3823 val_acc=0.8162 val_loss=0.3818 router_H=0.6803 best=0.8162
           router_load=[0.2942821681499481, 0.552600085735321, 0.02434125542640686, 0.1287766695022583]
[step 0150/150] method=baseline_cagrad loss=0.4232 train_acc=0.8528 train_loss=0.3430 val_acc=0.8603 val_loss=0.3524 router_H=0.6914 best=0.8603
           router_load=[0.22963914275169373, 0.4533259868621826, 0.21181446313858032, 0.10522034764289856]
saved summary -> /home/zhujjing/MOE-grad-conflict-routing/runs/paper_suite/single_gpu/single_task/roberta_mrpc_lora_e4_k2/hpo/cagrad/trial_runs/coord_02_train_weight_decay_008/cagrad_s3.json
saved curve -> /home/zhujjing/MOE-grad-conflict-routing/runs/paper_suite/single_gpu/single_task/roberta_mrpc_lora_e4_k2/hpo/cagrad/trial_runs/coord_02_train_weight_decay_008/cagrad_s3_curve.csv
