[run] method=cagrad candidate=coord_02_train_weight_decay_002 seed=2 steps=150 gpu=0
[run] cmd=
/home/zhujjing/anaconda3/envs/moe/bin/python /home/zhujjing/MOE-grad-conflict-routing/scripts/run.py --config configs/singletask_mrpc_real.yaml --set model.backbone_backend=hf --set model.hf_load_pretrained=true --set model.backbone=roberta --set model.hf_pretrained_name=roberta-base --set model.expert_type=lora --set model.routing_mode=topk --set model.num_experts=4 --set model.top_k=2 --set seed=2 --set method.name=baseline_cagrad --set train.steps=150 --set train.eval_every_steps=50 --set method.baseline_cagrad.c=0.4 --set method.baseline_cagrad.inner_lr=0.1 --set train.grad_clip=1 --set train.lr=1.693101775e-05 --set train.weight_decay=0.04430050278 --out /home/zhujjing/MOE-grad-conflict-routing/runs/paper_suite/single_gpu/single_task/roberta_mrpc_lora_e4_k2/hpo/cagrad/trial_runs/coord_02_train_weight_decay_002/cagrad_s2.json --curve_out /home/zhujjing/MOE-grad-conflict-routing/runs/paper_suite/single_gpu/single_task/roberta_mrpc_lora_e4_k2/hpo/cagrad/trial_runs/coord_02_train_weight_decay_002/cagrad_s2_curve.csv
Using the latest cached version of the dataset since glue couldn't be found on the Hugging Face Hub (offline mode is enabled).
Found the latest cached dataset configuration 'mrpc' at /home/zhujjing/hf_cache/datasets/glue/mrpc/0.0.0/bcdcba79d07bc864c1c254ccfcedcce55bcc9a8c (last modified on Thu Mar 19 15:01:06 2026).
/home/zhujjing/anaconda3/envs/moe/lib/python3.10/site-packages/transformers/utils/hub.py:124: FutureWarning: Using `TRANSFORMERS_CACHE` is deprecated and will be removed in v5 of Transformers. Use `HF_HOME` instead.
  warnings.warn(
Some weights of RobertaModel were not initialized from the model checkpoint at roberta-base and are newly initialized: ['roberta.pooler.dense.bias', 'roberta.pooler.dense.weight']
You should probably TRAIN this model on a down-stream task to be able to use it for predictions and inference.
[step 0001/150] method=baseline_cagrad loss=0.6892 train_acc=nan train_loss=nan val_acc=nan val_loss=nan best=-1.0000
[step 0010/150] method=baseline_cagrad loss=0.6715 train_acc=nan train_loss=nan val_acc=nan val_loss=nan best=-1.0000
[step 0020/150] method=baseline_cagrad loss=0.6000 train_acc=nan train_loss=nan val_acc=nan val_loss=nan best=-1.0000
[step 0030/150] method=baseline_cagrad loss=0.7254 train_acc=nan train_loss=nan val_acc=nan val_loss=nan best=-1.0000
[step 0040/150] method=baseline_cagrad loss=0.5303 train_acc=nan train_loss=nan val_acc=nan val_loss=nan best=-1.0000
[step 0050/150] method=baseline_cagrad loss=0.5306 train_acc=0.7266 train_loss=0.5258 val_acc=0.7230 val_loss=0.5230 router_H=0.6907 best=0.7230
           router_load=[0.040222737938165665, 0.07684414833784103, 0.5101199150085449, 0.37281325459480286]
[step 0060/150] method=baseline_cagrad loss=0.6112 train_acc=0.7266 train_loss=0.5258 val_acc=0.7230 val_loss=0.5230 router_H=0.6907 best=0.7230
           router_load=[0.040222737938165665, 0.07684414833784103, 0.5101199150085449, 0.37281325459480286]
[step 0070/150] method=baseline_cagrad loss=0.3821 train_acc=0.7266 train_loss=0.5258 val_acc=0.7230 val_loss=0.5230 router_H=0.6907 best=0.7230
           router_load=[0.040222737938165665, 0.07684414833784103, 0.5101199150085449, 0.37281325459480286]
[step 0080/150] method=baseline_cagrad loss=0.4327 train_acc=0.7266 train_loss=0.5258 val_acc=0.7230 val_loss=0.5230 router_H=0.6907 best=0.7230
           router_load=[0.040222737938165665, 0.07684414833784103, 0.5101199150085449, 0.37281325459480286]
[step 0090/150] method=baseline_cagrad loss=0.3136 train_acc=0.7266 train_loss=0.5258 val_acc=0.7230 val_loss=0.5230 router_H=0.6907 best=0.7230
           router_load=[0.040222737938165665, 0.07684414833784103, 0.5101199150085449, 0.37281325459480286]
[step 0100/150] method=baseline_cagrad loss=0.5382 train_acc=0.7805 train_loss=0.4297 val_acc=0.7598 val_loss=0.4352 router_H=0.6873 best=0.7598
           router_load=[0.1068827211856842, 0.08903314918279648, 0.5443661212921143, 0.25971782207489014]
[step 0110/150] method=baseline_cagrad loss=0.7425 train_acc=0.7805 train_loss=0.4297 val_acc=0.7598 val_loss=0.4352 router_H=0.6873 best=0.7598
           router_load=[0.1068827211856842, 0.08903314918279648, 0.5443661212921143, 0.25971782207489014]
[step 0120/150] method=baseline_cagrad loss=0.3287 train_acc=0.7805 train_loss=0.4297 val_acc=0.7598 val_loss=0.4352 router_H=0.6873 best=0.7598
           router_load=[0.1068827211856842, 0.08903314918279648, 0.5443661212921143, 0.25971782207489014]
[step 0130/150] method=baseline_cagrad loss=0.5723 train_acc=0.7805 train_loss=0.4297 val_acc=0.7598 val_loss=0.4352 router_H=0.6873 best=0.7598
           router_load=[0.1068827211856842, 0.08903314918279648, 0.5443661212921143, 0.25971782207489014]
[step 0140/150] method=baseline_cagrad loss=0.2378 train_acc=0.7805 train_loss=0.4297 val_acc=0.7598 val_loss=0.4352 router_H=0.6873 best=0.7598
           router_load=[0.1068827211856842, 0.08903314918279648, 0.5443661212921143, 0.25971782207489014]
[step 0150/150] method=baseline_cagrad loss=0.7367 train_acc=0.8588 train_loss=0.3532 val_acc=0.8480 val_loss=0.3609 router_H=0.6822 best=0.8480
           router_load=[0.13546445965766907, 0.09954474121332169, 0.5627690553665161, 0.2022217959165573]
saved summary -> /home/zhujjing/MOE-grad-conflict-routing/runs/paper_suite/single_gpu/single_task/roberta_mrpc_lora_e4_k2/hpo/cagrad/trial_runs/coord_02_train_weight_decay_002/cagrad_s2.json
saved curve -> /home/zhujjing/MOE-grad-conflict-routing/runs/paper_suite/single_gpu/single_task/roberta_mrpc_lora_e4_k2/hpo/cagrad/trial_runs/coord_02_train_weight_decay_002/cagrad_s2_curve.csv
