[run] method=cagrad candidate=coord_02_train_weight_decay_015 seed=3 steps=150 gpu=0
[run] cmd=
/home/zhujjing/anaconda3/envs/moe/bin/python /home/zhujjing/MOE-grad-conflict-routing/scripts/run.py --config configs/singletask_mrpc_real.yaml --set model.backbone_backend=hf --set model.hf_load_pretrained=true --set model.backbone=roberta --set model.hf_pretrained_name=roberta-base --set model.expert_type=lora --set model.routing_mode=topk --set model.num_experts=4 --set model.top_k=2 --set seed=3 --set method.name=baseline_cagrad --set train.steps=150 --set train.eval_every_steps=50 --set method.baseline_cagrad.c=0.4 --set method.baseline_cagrad.inner_lr=0.1 --set train.grad_clip=1 --set train.lr=1.693101775e-05 --set train.weight_decay=0.002198300522 --out /home/zhujjing/MOE-grad-conflict-routing/runs/paper_suite/single_gpu/single_task/roberta_mrpc_lora_e4_k2/hpo/cagrad/trial_runs/coord_02_train_weight_decay_015/cagrad_s3.json --curve_out /home/zhujjing/MOE-grad-conflict-routing/runs/paper_suite/single_gpu/single_task/roberta_mrpc_lora_e4_k2/hpo/cagrad/trial_runs/coord_02_train_weight_decay_015/cagrad_s3_curve.csv
Using the latest cached version of the dataset since glue couldn't be found on the Hugging Face Hub (offline mode is enabled).
Found the latest cached dataset configuration 'mrpc' at /home/zhujjing/hf_cache/datasets/glue/mrpc/0.0.0/bcdcba79d07bc864c1c254ccfcedcce55bcc9a8c (last modified on Thu Mar 19 15:01:06 2026).
/home/zhujjing/anaconda3/envs/moe/lib/python3.10/site-packages/transformers/utils/hub.py:124: FutureWarning: Using `TRANSFORMERS_CACHE` is deprecated and will be removed in v5 of Transformers. Use `HF_HOME` instead.
  warnings.warn(
Some weights of RobertaModel were not initialized from the model checkpoint at roberta-base and are newly initialized: ['roberta.pooler.dense.bias', 'roberta.pooler.dense.weight']
You should probably TRAIN this model on a down-stream task to be able to use it for predictions and inference.
[step 0001/150] method=baseline_cagrad loss=0.6410 train_acc=nan train_loss=nan val_acc=nan val_loss=nan best=-1.0000
[step 0010/150] method=baseline_cagrad loss=0.7362 train_acc=nan train_loss=nan val_acc=nan val_loss=nan best=-1.0000
[step 0020/150] method=baseline_cagrad loss=0.6405 train_acc=nan train_loss=nan val_acc=nan val_loss=nan best=-1.0000
[step 0030/150] method=baseline_cagrad loss=0.5487 train_acc=nan train_loss=nan val_acc=nan val_loss=nan best=-1.0000
[step 0040/150] method=baseline_cagrad loss=0.6508 train_acc=nan train_loss=nan val_acc=nan val_loss=nan best=-1.0000
[step 0050/150] method=baseline_cagrad loss=0.5232 train_acc=0.7470 train_loss=0.5323 val_acc=0.7451 val_loss=0.5212 router_H=0.6467 best=0.7451
           router_load=[0.6455374956130981, 0.033337123692035675, 0.1867653876543045, 0.13435997068881989]
[step 0060/150] method=baseline_cagrad loss=0.4983 train_acc=0.7470 train_loss=0.5323 val_acc=0.7451 val_loss=0.5212 router_H=0.6467 best=0.7451
           router_load=[0.6455374956130981, 0.033337123692035675, 0.1867653876543045, 0.13435997068881989]
[step 0070/150] method=baseline_cagrad loss=0.4508 train_acc=0.7470 train_loss=0.5323 val_acc=0.7451 val_loss=0.5212 router_H=0.6467 best=0.7451
           router_load=[0.6455374956130981, 0.033337123692035675, 0.1867653876543045, 0.13435997068881989]
[step 0080/150] method=baseline_cagrad loss=0.5198 train_acc=0.7470 train_loss=0.5323 val_acc=0.7451 val_loss=0.5212 router_H=0.6467 best=0.7451
           router_load=[0.6455374956130981, 0.033337123692035675, 0.1867653876543045, 0.13435997068881989]
[step 0090/150] method=baseline_cagrad loss=0.6453 train_acc=0.7470 train_loss=0.5323 val_acc=0.7451 val_loss=0.5212 router_H=0.6467 best=0.7451
           router_load=[0.6455374956130981, 0.033337123692035675, 0.1867653876543045, 0.13435997068881989]
[step 0100/150] method=baseline_cagrad loss=0.5768 train_acc=0.8021 train_loss=0.4191 val_acc=0.8088 val_loss=0.4055 router_H=0.6587 best=0.8088
           router_load=[0.6213203072547913, 0.02737315557897091, 0.22576943039894104, 0.12553715705871582]
[step 0110/150] method=baseline_cagrad loss=0.4879 train_acc=0.8021 train_loss=0.4191 val_acc=0.8088 val_loss=0.4055 router_H=0.6587 best=0.8088
           router_load=[0.6213203072547913, 0.02737315557897091, 0.22576943039894104, 0.12553715705871582]
[step 0120/150] method=baseline_cagrad loss=0.2983 train_acc=0.8021 train_loss=0.4191 val_acc=0.8088 val_loss=0.4055 router_H=0.6587 best=0.8088
           router_load=[0.6213203072547913, 0.02737315557897091, 0.22576943039894104, 0.12553715705871582]
[step 0130/150] method=baseline_cagrad loss=0.2725 train_acc=0.8021 train_loss=0.4191 val_acc=0.8088 val_loss=0.4055 router_H=0.6587 best=0.8088
           router_load=[0.6213203072547913, 0.02737315557897091, 0.22576943039894104, 0.12553715705871582]
[step 0140/150] method=baseline_cagrad loss=0.5999 train_acc=0.8021 train_loss=0.4191 val_acc=0.8088 val_loss=0.4055 router_H=0.6587 best=0.8088
           router_load=[0.6213203072547913, 0.02737315557897091, 0.22576943039894104, 0.12553715705871582]
[step 0150/150] method=baseline_cagrad loss=0.4401 train_acc=0.8503 train_loss=0.3532 val_acc=0.8480 val_loss=0.3568 router_H=0.6540 best=0.8480
           router_load=[0.6315657496452332, 0.018345322459936142, 0.2681119441986084, 0.08197703957557678]
saved summary -> /home/zhujjing/MOE-grad-conflict-routing/runs/paper_suite/single_gpu/single_task/roberta_mrpc_lora_e4_k2/hpo/cagrad/trial_runs/coord_02_train_weight_decay_015/cagrad_s3.json
saved curve -> /home/zhujjing/MOE-grad-conflict-routing/runs/paper_suite/single_gpu/single_task/roberta_mrpc_lora_e4_k2/hpo/cagrad/trial_runs/coord_02_train_weight_decay_015/cagrad_s3_curve.csv
