[run] method=baseline candidate=coord_01_train_lr_001 seed=2 steps=150 gpu=0
[run] cmd=
/home/zhujjing/anaconda3/envs/moe/bin/python /home/zhujjing/MOE-grad-conflict-routing/scripts/run.py --config configs/singletask_sst2_real.yaml --set model.backbone_backend=hf --set model.hf_load_pretrained=true --set model.backbone=roberta --set model.hf_pretrained_name=roberta-base --set model.expert_type=lora --set model.routing_mode=topk --set model.num_experts=4 --set model.top_k=2 --set seed=2 --set method.name=baseline_avg --set train.steps=150 --set train.eval_every_steps=50 --set train.grad_clip=1 --set train.lr=0.0001112973657 --set train.weight_decay=0.01 --out /home/zhujjing/MOE-grad-conflict-routing/runs/paper_suite/single_gpu/single_task/roberta_sst2_lora_e4_k2/hpo/baseline/trial_runs/coord_01_train_lr_001/baseline_s2.json --curve_out /home/zhujjing/MOE-grad-conflict-routing/runs/paper_suite/single_gpu/single_task/roberta_sst2_lora_e4_k2/hpo/baseline/trial_runs/coord_01_train_lr_001/baseline_s2_curve.csv
Using the latest cached version of the dataset since glue couldn't be found on the Hugging Face Hub (offline mode is enabled).
Found the latest cached dataset configuration 'sst2' at /home/zhujjing/hf_cache/datasets/glue/sst2/0.0.0/bcdcba79d07bc864c1c254ccfcedcce55bcc9a8c (last modified on Thu Mar 19 15:01:41 2026).
/home/zhujjing/anaconda3/envs/moe/lib/python3.10/site-packages/transformers/utils/hub.py:124: FutureWarning: Using `TRANSFORMERS_CACHE` is deprecated and will be removed in v5 of Transformers. Use `HF_HOME` instead.
  warnings.warn(
Some weights of RobertaModel were not initialized from the model checkpoint at roberta-base and are newly initialized: ['roberta.pooler.dense.bias', 'roberta.pooler.dense.weight']
You should probably TRAIN this model on a down-stream task to be able to use it for predictions and inference.
[step 0001/150] method=baseline_avg loss=0.7779 train_acc=nan train_loss=nan val_acc=nan val_loss=nan best=-1.0000
[step 0010/150] method=baseline_avg loss=0.5076 train_acc=nan train_loss=nan val_acc=nan val_loss=nan best=-1.0000
[step 0020/150] method=baseline_avg loss=0.5930 train_acc=nan train_loss=nan val_acc=nan val_loss=nan best=-1.0000
[step 0030/150] method=baseline_avg loss=0.4474 train_acc=nan train_loss=nan val_acc=nan val_loss=nan best=-1.0000
[step 0040/150] method=baseline_avg loss=0.2614 train_acc=nan train_loss=nan val_acc=nan val_loss=nan best=-1.0000
[step 0050/150] method=baseline_avg loss=0.2113 train_acc=0.7187 train_loss=0.7117 val_acc=0.6743 val_loss=0.7489 router_H=0.6918 best=0.6743
           router_load=[0.40131425857543945, 0.3882165551185608, 0.21046920120716095, 0.0]
[step 0060/150] method=baseline_avg loss=0.6828 train_acc=0.7187 train_loss=0.7117 val_acc=0.6743 val_loss=0.7489 router_H=0.6918 best=0.6743
           router_load=[0.40131425857543945, 0.3882165551185608, 0.21046920120716095, 0.0]
[step 0070/150] method=baseline_avg loss=0.9130 train_acc=0.7187 train_loss=0.7117 val_acc=0.6743 val_loss=0.7489 router_H=0.6918 best=0.6743
           router_load=[0.40131425857543945, 0.3882165551185608, 0.21046920120716095, 0.0]
[step 0080/150] method=baseline_avg loss=0.5500 train_acc=0.7187 train_loss=0.7117 val_acc=0.6743 val_loss=0.7489 router_H=0.6918 best=0.6743
           router_load=[0.40131425857543945, 0.3882165551185608, 0.21046920120716095, 0.0]
[step 0090/150] method=baseline_avg loss=0.4839 train_acc=0.7187 train_loss=0.7117 val_acc=0.6743 val_loss=0.7489 router_H=0.6918 best=0.6743
           router_load=[0.40131425857543945, 0.3882165551185608, 0.21046920120716095, 0.0]
[step 0100/150] method=baseline_avg loss=0.7367 train_acc=0.5578 train_loss=0.5766 val_acc=0.5092 val_loss=0.6109 router_H=0.6916 best=0.6743
           router_load=[0.5209211707115173, 0.20512010157108307, 0.273958683013916, 0.0]
[step 0110/150] method=baseline_avg loss=0.5200 train_acc=0.5578 train_loss=0.5766 val_acc=0.5092 val_loss=0.6109 router_H=0.6916 best=0.6743
           router_load=[0.5209211707115173, 0.20512010157108307, 0.273958683013916, 0.0]
[step 0120/150] method=baseline_avg loss=0.4212 train_acc=0.5578 train_loss=0.5766 val_acc=0.5092 val_loss=0.6109 router_H=0.6916 best=0.6743
           router_load=[0.5209211707115173, 0.20512010157108307, 0.273958683013916, 0.0]
[step 0130/150] method=baseline_avg loss=0.5865 train_acc=0.5578 train_loss=0.5766 val_acc=0.5092 val_loss=0.6109 router_H=0.6916 best=0.6743
           router_load=[0.5209211707115173, 0.20512010157108307, 0.273958683013916, 0.0]
[step 0140/150] method=baseline_avg loss=0.4236 train_acc=0.5578 train_loss=0.5766 val_acc=0.5092 val_loss=0.6109 router_H=0.6916 best=0.6743
           router_load=[0.5209211707115173, 0.20512010157108307, 0.273958683013916, 0.0]
[step 0150/150] method=baseline_avg loss=0.5708 train_acc=0.6888 train_loss=0.5472 val_acc=0.6193 val_loss=0.6175 router_H=0.6897 best=0.6743
           router_load=[0.505951464176178, 0.4857828915119171, 0.008265607059001923, 0.0]
saved summary -> /home/zhujjing/MOE-grad-conflict-routing/runs/paper_suite/single_gpu/single_task/roberta_sst2_lora_e4_k2/hpo/baseline/trial_runs/coord_01_train_lr_001/baseline_s2.json
saved curve -> /home/zhujjing/MOE-grad-conflict-routing/runs/paper_suite/single_gpu/single_task/roberta_sst2_lora_e4_k2/hpo/baseline/trial_runs/coord_01_train_lr_001/baseline_s2_curve.csv
