[run] method=baseline candidate=coord_01_train_lr_004 seed=2 steps=150 gpu=0
[run] cmd=
/home/zhujjing/anaconda3/envs/moe/bin/python /home/zhujjing/MOE-grad-conflict-routing/scripts/run.py --config configs/singletask_sst2_real.yaml --set model.backbone_backend=hf --set model.hf_load_pretrained=true --set model.backbone=roberta --set model.hf_pretrained_name=roberta-base --set model.expert_type=lora --set model.routing_mode=topk --set model.num_experts=4 --set model.top_k=2 --set seed=2 --set method.name=baseline_avg --set train.steps=150 --set train.eval_every_steps=50 --set train.grad_clip=1 --set train.lr=2.555178414e-05 --set train.weight_decay=0.01 --out /home/zhujjing/MOE-grad-conflict-routing/runs/paper_suite/single_gpu/single_task/roberta_sst2_lora_e4_k2/hpo/baseline/trial_runs/coord_01_train_lr_004/baseline_s2.json --curve_out /home/zhujjing/MOE-grad-conflict-routing/runs/paper_suite/single_gpu/single_task/roberta_sst2_lora_e4_k2/hpo/baseline/trial_runs/coord_01_train_lr_004/baseline_s2_curve.csv
Using the latest cached version of the dataset since glue couldn't be found on the Hugging Face Hub (offline mode is enabled).
Found the latest cached dataset configuration 'sst2' at /home/zhujjing/hf_cache/datasets/glue/sst2/0.0.0/bcdcba79d07bc864c1c254ccfcedcce55bcc9a8c (last modified on Thu Mar 19 15:01:41 2026).
/home/zhujjing/anaconda3/envs/moe/lib/python3.10/site-packages/transformers/utils/hub.py:124: FutureWarning: Using `TRANSFORMERS_CACHE` is deprecated and will be removed in v5 of Transformers. Use `HF_HOME` instead.
  warnings.warn(
Some weights of RobertaModel were not initialized from the model checkpoint at roberta-base and are newly initialized: ['roberta.pooler.dense.bias', 'roberta.pooler.dense.weight']
You should probably TRAIN this model on a down-stream task to be able to use it for predictions and inference.
[step 0001/150] method=baseline_avg loss=0.7091 train_acc=nan train_loss=nan val_acc=nan val_loss=nan best=-1.0000
[step 0010/150] method=baseline_avg loss=0.6994 train_acc=nan train_loss=nan val_acc=nan val_loss=nan best=-1.0000
[step 0020/150] method=baseline_avg loss=0.4459 train_acc=nan train_loss=nan val_acc=nan val_loss=nan best=-1.0000
[step 0030/150] method=baseline_avg loss=0.1036 train_acc=nan train_loss=nan val_acc=nan val_loss=nan best=-1.0000
[step 0040/150] method=baseline_avg loss=0.1011 train_acc=nan train_loss=nan val_acc=nan val_loss=nan best=-1.0000
[step 0050/150] method=baseline_avg loss=0.4221 train_acc=0.8763 train_loss=0.3306 val_acc=0.8773 val_loss=0.3244 router_H=0.6887 best=0.8773
           router_load=[0.03836458921432495, 0.38381093740463257, 0.23770391941070557, 0.3401206135749817]
[step 0060/150] method=baseline_avg loss=0.4311 train_acc=0.8763 train_loss=0.3306 val_acc=0.8773 val_loss=0.3244 router_H=0.6887 best=0.8773
           router_load=[0.03836458921432495, 0.38381093740463257, 0.23770391941070557, 0.3401206135749817]
[step 0070/150] method=baseline_avg loss=0.4575 train_acc=0.8763 train_loss=0.3306 val_acc=0.8773 val_loss=0.3244 router_H=0.6887 best=0.8773
           router_load=[0.03836458921432495, 0.38381093740463257, 0.23770391941070557, 0.3401206135749817]
[step 0080/150] method=baseline_avg loss=0.5473 train_acc=0.8763 train_loss=0.3306 val_acc=0.8773 val_loss=0.3244 router_H=0.6887 best=0.8773
           router_load=[0.03836458921432495, 0.38381093740463257, 0.23770391941070557, 0.3401206135749817]
[step 0090/150] method=baseline_avg loss=0.2729 train_acc=0.8763 train_loss=0.3306 val_acc=0.8773 val_loss=0.3244 router_H=0.6887 best=0.8773
           router_load=[0.03836458921432495, 0.38381093740463257, 0.23770391941070557, 0.3401206135749817]
[step 0100/150] method=baseline_avg loss=0.4470 train_acc=0.8486 train_loss=0.3633 val_acc=0.8028 val_loss=0.4337 router_H=0.6919 best=0.8773
           router_load=[0.07263213396072388, 0.19038313627243042, 0.3470032811164856, 0.3899815082550049]
[step 0110/150] method=baseline_avg loss=0.4364 train_acc=0.8486 train_loss=0.3633 val_acc=0.8028 val_loss=0.4337 router_H=0.6919 best=0.8773
           router_load=[0.07263213396072388, 0.19038313627243042, 0.3470032811164856, 0.3899815082550049]
[step 0120/150] method=baseline_avg loss=0.5291 train_acc=0.8486 train_loss=0.3633 val_acc=0.8028 val_loss=0.4337 router_H=0.6919 best=0.8773
           router_load=[0.07263213396072388, 0.19038313627243042, 0.3470032811164856, 0.3899815082550049]
[step 0130/150] method=baseline_avg loss=0.3396 train_acc=0.8486 train_loss=0.3633 val_acc=0.8028 val_loss=0.4337 router_H=0.6919 best=0.8773
           router_load=[0.07263213396072388, 0.19038313627243042, 0.3470032811164856, 0.3899815082550049]
[step 0140/150] method=baseline_avg loss=0.4790 train_acc=0.8486 train_loss=0.3633 val_acc=0.8028 val_loss=0.4337 router_H=0.6919 best=0.8773
           router_load=[0.07263213396072388, 0.19038313627243042, 0.3470032811164856, 0.3899815082550049]
[step 0150/150] method=baseline_avg loss=0.8096 train_acc=0.8805 train_loss=0.2858 val_acc=0.8716 val_loss=0.2954 router_H=0.6898 best=0.8773
           router_load=[0.03432435169816017, 0.27758118510246277, 0.19861716032028198, 0.4894774258136749]
saved summary -> /home/zhujjing/MOE-grad-conflict-routing/runs/paper_suite/single_gpu/single_task/roberta_sst2_lora_e4_k2/hpo/baseline/trial_runs/coord_01_train_lr_004/baseline_s2.json
saved curve -> /home/zhujjing/MOE-grad-conflict-routing/runs/paper_suite/single_gpu/single_task/roberta_sst2_lora_e4_k2/hpo/baseline/trial_runs/coord_01_train_lr_004/baseline_s2_curve.csv
