[run] method=baseline candidate=coord_01_train_lr_003 seed=2 steps=150 gpu=0
[run] cmd=
/home/zhujjing/anaconda3/envs/moe/bin/python /home/zhujjing/MOE-grad-conflict-routing/scripts/run.py --config configs/singletask_sst2_real.yaml --set model.backbone_backend=hf --set model.hf_load_pretrained=true --set model.backbone=roberta --set model.hf_pretrained_name=roberta-base --set model.expert_type=lora --set model.routing_mode=topk --set model.num_experts=4 --set model.top_k=2 --set seed=2 --set method.name=baseline_avg --set train.steps=150 --set train.eval_every_steps=50 --set train.grad_clip=1 --set train.lr=6.110024421e-06 --set train.weight_decay=0.01 --out /home/zhujjing/MOE-grad-conflict-routing/runs/paper_suite/single_gpu/single_task/roberta_sst2_lora_e4_k2/hpo/baseline/trial_runs/coord_01_train_lr_003/baseline_s2.json --curve_out /home/zhujjing/MOE-grad-conflict-routing/runs/paper_suite/single_gpu/single_task/roberta_sst2_lora_e4_k2/hpo/baseline/trial_runs/coord_01_train_lr_003/baseline_s2_curve.csv
Using the latest cached version of the dataset since glue couldn't be found on the Hugging Face Hub (offline mode is enabled).
Found the latest cached dataset configuration 'sst2' at /home/zhujjing/hf_cache/datasets/glue/sst2/0.0.0/bcdcba79d07bc864c1c254ccfcedcce55bcc9a8c (last modified on Thu Mar 19 15:01:41 2026).
/home/zhujjing/anaconda3/envs/moe/lib/python3.10/site-packages/transformers/utils/hub.py:124: FutureWarning: Using `TRANSFORMERS_CACHE` is deprecated and will be removed in v5 of Transformers. Use `HF_HOME` instead.
  warnings.warn(
Some weights of RobertaModel were not initialized from the model checkpoint at roberta-base and are newly initialized: ['roberta.pooler.dense.bias', 'roberta.pooler.dense.weight']
You should probably TRAIN this model on a down-stream task to be able to use it for predictions and inference.
[step 0001/150] method=baseline_avg loss=0.5834 train_acc=nan train_loss=nan val_acc=nan val_loss=nan best=-1.0000
[step 0010/150] method=baseline_avg loss=0.7469 train_acc=nan train_loss=nan val_acc=nan val_loss=nan best=-1.0000
[step 0020/150] method=baseline_avg loss=0.6535 train_acc=nan train_loss=nan val_acc=nan val_loss=nan best=-1.0000
[step 0030/150] method=baseline_avg loss=0.6659 train_acc=nan train_loss=nan val_acc=nan val_loss=nan best=-1.0000
[step 0040/150] method=baseline_avg loss=0.6055 train_acc=nan train_loss=nan val_acc=nan val_loss=nan best=-1.0000
[step 0050/150] method=baseline_avg loss=0.5591 train_acc=0.7526 train_loss=0.6036 val_acc=0.7122 val_loss=0.6185 router_H=0.6904 best=0.7122
           router_load=[0.0, 0.0, 0.5276848077774048, 0.4723151624202728]
[step 0060/150] method=baseline_avg loss=0.5749 train_acc=0.7526 train_loss=0.6036 val_acc=0.7122 val_loss=0.6185 router_H=0.6904 best=0.7122
           router_load=[0.0, 0.0, 0.5276848077774048, 0.4723151624202728]
[step 0070/150] method=baseline_avg loss=0.5332 train_acc=0.7526 train_loss=0.6036 val_acc=0.7122 val_loss=0.6185 router_H=0.6904 best=0.7122
           router_load=[0.0, 0.0, 0.5276848077774048, 0.4723151624202728]
[step 0080/150] method=baseline_avg loss=0.5161 train_acc=0.7526 train_loss=0.6036 val_acc=0.7122 val_loss=0.6185 router_H=0.6904 best=0.7122
           router_load=[0.0, 0.0, 0.5276848077774048, 0.4723151624202728]
[step 0090/150] method=baseline_avg loss=0.2178 train_acc=0.7526 train_loss=0.6036 val_acc=0.7122 val_loss=0.6185 router_H=0.6904 best=0.7122
           router_load=[0.0, 0.0, 0.5276848077774048, 0.4723151624202728]
[step 0100/150] method=baseline_avg loss=0.2449 train_acc=0.8575 train_loss=0.3621 val_acc=0.8475 val_loss=0.3665 router_H=0.6884 best=0.8475
           router_load=[0.3049745261669159, 0.0, 0.5032227635383606, 0.19180257618427277]
[step 0110/150] method=baseline_avg loss=0.3205 train_acc=0.8575 train_loss=0.3621 val_acc=0.8475 val_loss=0.3665 router_H=0.6884 best=0.8475
           router_load=[0.3049745261669159, 0.0, 0.5032227635383606, 0.19180257618427277]
[step 0120/150] method=baseline_avg loss=0.6411 train_acc=0.8575 train_loss=0.3621 val_acc=0.8475 val_loss=0.3665 router_H=0.6884 best=0.8475
           router_load=[0.3049745261669159, 0.0, 0.5032227635383606, 0.19180257618427277]
[step 0130/150] method=baseline_avg loss=0.3349 train_acc=0.8575 train_loss=0.3621 val_acc=0.8475 val_loss=0.3665 router_H=0.6884 best=0.8475
           router_load=[0.3049745261669159, 0.0, 0.5032227635383606, 0.19180257618427277]
[step 0140/150] method=baseline_avg loss=0.4206 train_acc=0.8575 train_loss=0.3621 val_acc=0.8475 val_loss=0.3665 router_H=0.6884 best=0.8475
           router_load=[0.3049745261669159, 0.0, 0.5032227635383606, 0.19180257618427277]
[step 0150/150] method=baseline_avg loss=0.4959 train_acc=0.8889 train_loss=0.3057 val_acc=0.8899 val_loss=0.3088 router_H=0.6885 best=0.8899
           router_load=[0.21322134137153625, 0.0, 0.505908727645874, 0.28086987137794495]
saved summary -> /home/zhujjing/MOE-grad-conflict-routing/runs/paper_suite/single_gpu/single_task/roberta_sst2_lora_e4_k2/hpo/baseline/trial_runs/coord_01_train_lr_003/baseline_s2.json
saved curve -> /home/zhujjing/MOE-grad-conflict-routing/runs/paper_suite/single_gpu/single_task/roberta_sst2_lora_e4_k2/hpo/baseline/trial_runs/coord_01_train_lr_003/baseline_s2_curve.csv
