[run] method=baseline candidate=coord_01_train_lr_005 seed=3 steps=150 gpu=0
[run] cmd=
/home/zhujjing/anaconda3/envs/moe/bin/python /home/zhujjing/MOE-grad-conflict-routing/scripts/run.py --config configs/singletask_sst2_real.yaml --set model.backbone_backend=hf --set model.hf_load_pretrained=true --set model.backbone=roberta --set model.hf_pretrained_name=roberta-base --set model.expert_type=lora --set model.routing_mode=topk --set model.num_experts=4 --set model.top_k=2 --set seed=3 --set method.name=baseline_avg --set train.steps=150 --set train.eval_every_steps=50 --set train.grad_clip=1 --set train.lr=1.263268742e-05 --set train.weight_decay=0.01 --out /home/zhujjing/MOE-grad-conflict-routing/runs/paper_suite/single_gpu/single_task/roberta_sst2_lora_e4_k2/hpo/baseline/trial_runs/coord_01_train_lr_005/baseline_s3.json --curve_out /home/zhujjing/MOE-grad-conflict-routing/runs/paper_suite/single_gpu/single_task/roberta_sst2_lora_e4_k2/hpo/baseline/trial_runs/coord_01_train_lr_005/baseline_s3_curve.csv
Using the latest cached version of the dataset since glue couldn't be found on the Hugging Face Hub (offline mode is enabled).
Found the latest cached dataset configuration 'sst2' at /home/zhujjing/hf_cache/datasets/glue/sst2/0.0.0/bcdcba79d07bc864c1c254ccfcedcce55bcc9a8c (last modified on Thu Mar 19 15:01:41 2026).
/home/zhujjing/anaconda3/envs/moe/lib/python3.10/site-packages/transformers/utils/hub.py:124: FutureWarning: Using `TRANSFORMERS_CACHE` is deprecated and will be removed in v5 of Transformers. Use `HF_HOME` instead.
  warnings.warn(
Some weights of RobertaModel were not initialized from the model checkpoint at roberta-base and are newly initialized: ['roberta.pooler.dense.bias', 'roberta.pooler.dense.weight']
You should probably TRAIN this model on a down-stream task to be able to use it for predictions and inference.
[step 0001/150] method=baseline_avg loss=0.7181 train_acc=nan train_loss=nan val_acc=nan val_loss=nan best=-1.0000
[step 0010/150] method=baseline_avg loss=0.6080 train_acc=nan train_loss=nan val_acc=nan val_loss=nan best=-1.0000
[step 0020/150] method=baseline_avg loss=0.5820 train_acc=nan train_loss=nan val_acc=nan val_loss=nan best=-1.0000
[step 0030/150] method=baseline_avg loss=0.4716 train_acc=nan train_loss=nan val_acc=nan val_loss=nan best=-1.0000
[step 0040/150] method=baseline_avg loss=0.4753 train_acc=nan train_loss=nan val_acc=nan val_loss=nan best=-1.0000
[step 0050/150] method=baseline_avg loss=0.7883 train_acc=0.8661 train_loss=0.3451 val_acc=0.8578 val_loss=0.3592 router_H=0.6637 best=0.8578
           router_load=[0.19765853881835938, 0.1882728934288025, 0.004744349978864193, 0.6093242764472961]
[step 0060/150] method=baseline_avg loss=0.4164 train_acc=0.8661 train_loss=0.3451 val_acc=0.8578 val_loss=0.3592 router_H=0.6637 best=0.8578
           router_load=[0.19765853881835938, 0.1882728934288025, 0.004744349978864193, 0.6093242764472961]
[step 0070/150] method=baseline_avg loss=0.4010 train_acc=0.8661 train_loss=0.3451 val_acc=0.8578 val_loss=0.3592 router_H=0.6637 best=0.8578
           router_load=[0.19765853881835938, 0.1882728934288025, 0.004744349978864193, 0.6093242764472961]
[step 0080/150] method=baseline_avg loss=0.2159 train_acc=0.8661 train_loss=0.3451 val_acc=0.8578 val_loss=0.3592 router_H=0.6637 best=0.8578
           router_load=[0.19765853881835938, 0.1882728934288025, 0.004744349978864193, 0.6093242764472961]
[step 0090/150] method=baseline_avg loss=0.2494 train_acc=0.8661 train_loss=0.3451 val_acc=0.8578 val_loss=0.3592 router_H=0.6637 best=0.8578
           router_load=[0.19765853881835938, 0.1882728934288025, 0.004744349978864193, 0.6093242764472961]
[step 0100/150] method=baseline_avg loss=0.4120 train_acc=0.8810 train_loss=0.3016 val_acc=0.9071 val_loss=0.2564 router_H=0.6700 best=0.9071
           router_load=[0.13590306043624878, 0.2769469618797302, 0.004370682407170534, 0.5827792882919312]
[step 0110/150] method=baseline_avg loss=0.6485 train_acc=0.8810 train_loss=0.3016 val_acc=0.9071 val_loss=0.2564 router_H=0.6700 best=0.9071
           router_load=[0.13590306043624878, 0.2769469618797302, 0.004370682407170534, 0.5827792882919312]
[step 0120/150] method=baseline_avg loss=0.4921 train_acc=0.8810 train_loss=0.3016 val_acc=0.9071 val_loss=0.2564 router_H=0.6700 best=0.9071
           router_load=[0.13590306043624878, 0.2769469618797302, 0.004370682407170534, 0.5827792882919312]
[step 0130/150] method=baseline_avg loss=0.5329 train_acc=0.8810 train_loss=0.3016 val_acc=0.9071 val_loss=0.2564 router_H=0.6700 best=0.9071
           router_load=[0.13590306043624878, 0.2769469618797302, 0.004370682407170534, 0.5827792882919312]
[step 0140/150] method=baseline_avg loss=0.2367 train_acc=0.8810 train_loss=0.3016 val_acc=0.9071 val_loss=0.2564 router_H=0.6700 best=0.9071
           router_load=[0.13590306043624878, 0.2769469618797302, 0.004370682407170534, 0.5827792882919312]
[step 0150/150] method=baseline_avg loss=0.1505 train_acc=0.8922 train_loss=0.2999 val_acc=0.9117 val_loss=0.2487 router_H=0.6664 best=0.9117
           router_load=[0.1394839584827423, 0.2670034170150757, 0.0032560687977820635, 0.5902564525604248]
saved summary -> /home/zhujjing/MOE-grad-conflict-routing/runs/paper_suite/single_gpu/single_task/roberta_sst2_lora_e4_k2/hpo/baseline/trial_runs/coord_01_train_lr_005/baseline_s3.json
saved curve -> /home/zhujjing/MOE-grad-conflict-routing/runs/paper_suite/single_gpu/single_task/roberta_sst2_lora_e4_k2/hpo/baseline/trial_runs/coord_01_train_lr_005/baseline_s3_curve.csv
