[run] method=baseline candidate=coord_01_train_lr_006 seed=2 steps=150 gpu=0
[run] cmd=
/home/zhujjing/anaconda3/envs/moe/bin/python /home/zhujjing/MOE-grad-conflict-routing/scripts/run.py --config configs/singletask_sst2_real.yaml --set model.backbone_backend=hf --set model.hf_load_pretrained=true --set model.backbone=roberta --set model.hf_pretrained_name=roberta-base --set model.expert_type=lora --set model.routing_mode=topk --set model.num_experts=4 --set model.top_k=2 --set seed=2 --set method.name=baseline_avg --set train.steps=150 --set train.eval_every_steps=50 --set train.grad_clip=1 --set train.lr=9.047754224e-05 --set train.weight_decay=0.01 --out /home/zhujjing/MOE-grad-conflict-routing/runs/paper_suite/single_gpu/single_task/roberta_sst2_lora_e4_k2/hpo/baseline/trial_runs/coord_01_train_lr_006/baseline_s2.json --curve_out /home/zhujjing/MOE-grad-conflict-routing/runs/paper_suite/single_gpu/single_task/roberta_sst2_lora_e4_k2/hpo/baseline/trial_runs/coord_01_train_lr_006/baseline_s2_curve.csv
Using the latest cached version of the dataset since glue couldn't be found on the Hugging Face Hub (offline mode is enabled).
Found the latest cached dataset configuration 'sst2' at /home/zhujjing/hf_cache/datasets/glue/sst2/0.0.0/bcdcba79d07bc864c1c254ccfcedcce55bcc9a8c (last modified on Thu Mar 19 15:01:41 2026).
/home/zhujjing/anaconda3/envs/moe/lib/python3.10/site-packages/transformers/utils/hub.py:124: FutureWarning: Using `TRANSFORMERS_CACHE` is deprecated and will be removed in v5 of Transformers. Use `HF_HOME` instead.
  warnings.warn(
Some weights of RobertaModel were not initialized from the model checkpoint at roberta-base and are newly initialized: ['roberta.pooler.dense.bias', 'roberta.pooler.dense.weight']
You should probably TRAIN this model on a down-stream task to be able to use it for predictions and inference.
[step 0001/150] method=baseline_avg loss=0.7889 train_acc=nan train_loss=nan val_acc=nan val_loss=nan best=-1.0000
[step 0010/150] method=baseline_avg loss=0.6219 train_acc=nan train_loss=nan val_acc=nan val_loss=nan best=-1.0000
[step 0020/150] method=baseline_avg loss=0.2516 train_acc=nan train_loss=nan val_acc=nan val_loss=nan best=-1.0000
[step 0030/150] method=baseline_avg loss=0.6209 train_acc=nan train_loss=nan val_acc=nan val_loss=nan best=-1.0000
[step 0040/150] method=baseline_avg loss=0.3623 train_acc=nan train_loss=nan val_acc=nan val_loss=nan best=-1.0000
[step 0050/150] method=baseline_avg loss=0.2732 train_acc=0.7291 train_loss=0.5938 val_acc=0.6445 val_loss=0.7191 router_H=0.6916 best=0.6445
           router_load=[0.0, 0.0, 0.47330453991889954, 0.5266954898834229]
[step 0060/150] method=baseline_avg loss=0.4825 train_acc=0.7291 train_loss=0.5938 val_acc=0.6445 val_loss=0.7191 router_H=0.6916 best=0.6445
           router_load=[0.0, 0.0, 0.47330453991889954, 0.5266954898834229]
[step 0070/150] method=baseline_avg loss=0.5810 train_acc=0.7291 train_loss=0.5938 val_acc=0.6445 val_loss=0.7191 router_H=0.6916 best=0.6445
           router_load=[0.0, 0.0, 0.47330453991889954, 0.5266954898834229]
[step 0080/150] method=baseline_avg loss=0.7389 train_acc=0.7291 train_loss=0.5938 val_acc=0.6445 val_loss=0.7191 router_H=0.6916 best=0.6445
           router_load=[0.0, 0.0, 0.47330453991889954, 0.5266954898834229]
[step 0090/150] method=baseline_avg loss=0.5675 train_acc=0.7291 train_loss=0.5938 val_acc=0.6445 val_loss=0.7191 router_H=0.6916 best=0.6445
           router_load=[0.0, 0.0, 0.47330453991889954, 0.5266954898834229]
[step 0100/150] method=baseline_avg loss=0.7393 train_acc=0.4896 train_loss=0.7789 val_acc=0.5470 val_loss=0.7814 router_H=0.6862 best=0.6445
           router_load=[0.0, 0.046727459877729416, 0.4374663233757019, 0.515806257724762]
[step 0110/150] method=baseline_avg loss=0.6769 train_acc=0.4896 train_loss=0.7789 val_acc=0.5470 val_loss=0.7814 router_H=0.6862 best=0.6445
           router_load=[0.0, 0.046727459877729416, 0.4374663233757019, 0.515806257724762]
[step 0120/150] method=baseline_avg loss=0.7988 train_acc=0.4896 train_loss=0.7789 val_acc=0.5470 val_loss=0.7814 router_H=0.6862 best=0.6445
           router_load=[0.0, 0.046727459877729416, 0.4374663233757019, 0.515806257724762]
[step 0130/150] method=baseline_avg loss=0.7023 train_acc=0.4896 train_loss=0.7789 val_acc=0.5470 val_loss=0.7814 router_H=0.6862 best=0.6445
           router_load=[0.0, 0.046727459877729416, 0.4374663233757019, 0.515806257724762]
[step 0140/150] method=baseline_avg loss=0.6466 train_acc=0.4896 train_loss=0.7789 val_acc=0.5470 val_loss=0.7814 router_H=0.6862 best=0.6445
           router_load=[0.0, 0.046727459877729416, 0.4374663233757019, 0.515806257724762]
[step 0150/150] method=baseline_avg loss=0.6561 train_acc=0.4871 train_loss=0.6857 val_acc=0.5654 val_loss=0.6791 router_H=0.6858 best=0.6445
           router_load=[0.0, 0.11290649324655533, 0.3279061019420624, 0.5591875910758972]
saved summary -> /home/zhujjing/MOE-grad-conflict-routing/runs/paper_suite/single_gpu/single_task/roberta_sst2_lora_e4_k2/hpo/baseline/trial_runs/coord_01_train_lr_006/baseline_s2.json
saved curve -> /home/zhujjing/MOE-grad-conflict-routing/runs/paper_suite/single_gpu/single_task/roberta_sst2_lora_e4_k2/hpo/baseline/trial_runs/coord_01_train_lr_006/baseline_s2_curve.csv
