[run] method=baseline candidate=coord_01_train_lr_008 seed=2 steps=150 gpu=0
[run] cmd=
/home/zhujjing/anaconda3/envs/moe/bin/python /home/zhujjing/MOE-grad-conflict-routing/scripts/run.py --config configs/singletask_sst2_real.yaml --set model.backbone_backend=hf --set model.hf_load_pretrained=true --set model.backbone=roberta --set model.hf_pretrained_name=roberta-base --set model.expert_type=lora --set model.routing_mode=topk --set model.num_experts=4 --set model.top_k=2 --set seed=2 --set method.name=baseline_avg --set train.steps=150 --set train.eval_every_steps=50 --set train.grad_clip=1 --set train.lr=3.07386945e-05 --set train.weight_decay=0.01 --out /home/zhujjing/MOE-grad-conflict-routing/runs/paper_suite/single_gpu/single_task/roberta_sst2_lora_e4_k2/hpo/baseline/trial_runs/coord_01_train_lr_008/baseline_s2.json --curve_out /home/zhujjing/MOE-grad-conflict-routing/runs/paper_suite/single_gpu/single_task/roberta_sst2_lora_e4_k2/hpo/baseline/trial_runs/coord_01_train_lr_008/baseline_s2_curve.csv
Using the latest cached version of the dataset since glue couldn't be found on the Hugging Face Hub (offline mode is enabled).
Found the latest cached dataset configuration 'sst2' at /home/zhujjing/hf_cache/datasets/glue/sst2/0.0.0/bcdcba79d07bc864c1c254ccfcedcce55bcc9a8c (last modified on Thu Mar 19 15:01:41 2026).
/home/zhujjing/anaconda3/envs/moe/lib/python3.10/site-packages/transformers/utils/hub.py:124: FutureWarning: Using `TRANSFORMERS_CACHE` is deprecated and will be removed in v5 of Transformers. Use `HF_HOME` instead.
  warnings.warn(
Some weights of RobertaModel were not initialized from the model checkpoint at roberta-base and are newly initialized: ['roberta.pooler.dense.bias', 'roberta.pooler.dense.weight']
You should probably TRAIN this model on a down-stream task to be able to use it for predictions and inference.
[step 0001/150] method=baseline_avg loss=0.8110 train_acc=nan train_loss=nan val_acc=nan val_loss=nan best=-1.0000
[step 0010/150] method=baseline_avg loss=0.7157 train_acc=nan train_loss=nan val_acc=nan val_loss=nan best=-1.0000
[step 0020/150] method=baseline_avg loss=0.3049 train_acc=nan train_loss=nan val_acc=nan val_loss=nan best=-1.0000
[step 0030/150] method=baseline_avg loss=0.2357 train_acc=nan train_loss=nan val_acc=nan val_loss=nan best=-1.0000
[step 0040/150] method=baseline_avg loss=0.3406 train_acc=nan train_loss=nan val_acc=nan val_loss=nan best=-1.0000
[step 0050/150] method=baseline_avg loss=0.6972 train_acc=0.8633 train_loss=0.3942 val_acc=0.8750 val_loss=0.3839 router_H=0.6922 best=0.8750
           router_load=[0.47633877396583557, 0.34516510367393494, 0.16066299378871918, 0.017833255231380463]
[step 0060/150] method=baseline_avg loss=0.4564 train_acc=0.8633 train_loss=0.3942 val_acc=0.8750 val_loss=0.3839 router_H=0.6922 best=0.8750
           router_load=[0.47633877396583557, 0.34516510367393494, 0.16066299378871918, 0.017833255231380463]
[step 0070/150] method=baseline_avg loss=0.6043 train_acc=0.8633 train_loss=0.3942 val_acc=0.8750 val_loss=0.3839 router_H=0.6922 best=0.8750
           router_load=[0.47633877396583557, 0.34516510367393494, 0.16066299378871918, 0.017833255231380463]
[step 0080/150] method=baseline_avg loss=0.6454 train_acc=0.8633 train_loss=0.3942 val_acc=0.8750 val_loss=0.3839 router_H=0.6922 best=0.8750
           router_load=[0.47633877396583557, 0.34516510367393494, 0.16066299378871918, 0.017833255231380463]
[step 0090/150] method=baseline_avg loss=0.3253 train_acc=0.8633 train_loss=0.3942 val_acc=0.8750 val_loss=0.3839 router_H=0.6922 best=0.8750
           router_load=[0.47633877396583557, 0.34516510367393494, 0.16066299378871918, 0.017833255231380463]
[step 0100/150] method=baseline_avg loss=0.4452 train_acc=0.8241 train_loss=0.4124 val_acc=0.7901 val_loss=0.4487 router_H=0.6806 best=0.8750
           router_load=[0.5672460198402405, 0.13494950532913208, 0.037662573158741, 0.2601417601108551]
[step 0110/150] method=baseline_avg loss=0.3148 train_acc=0.8241 train_loss=0.4124 val_acc=0.7901 val_loss=0.4487 router_H=0.6806 best=0.8750
           router_load=[0.5672460198402405, 0.13494950532913208, 0.037662573158741, 0.2601417601108551]
[step 0120/150] method=baseline_avg loss=0.4934 train_acc=0.8241 train_loss=0.4124 val_acc=0.7901 val_loss=0.4487 router_H=0.6806 best=0.8750
           router_load=[0.5672460198402405, 0.13494950532913208, 0.037662573158741, 0.2601417601108551]
[step 0130/150] method=baseline_avg loss=0.2331 train_acc=0.8241 train_loss=0.4124 val_acc=0.7901 val_loss=0.4487 router_H=0.6806 best=0.8750
           router_load=[0.5672460198402405, 0.13494950532913208, 0.037662573158741, 0.2601417601108551]
[step 0140/150] method=baseline_avg loss=0.3431 train_acc=0.8241 train_loss=0.4124 val_acc=0.7901 val_loss=0.4487 router_H=0.6806 best=0.8750
           router_load=[0.5672460198402405, 0.13494950532913208, 0.037662573158741, 0.2601417601108551]
[step 0150/150] method=baseline_avg loss=0.7203 train_acc=0.8909 train_loss=0.2795 val_acc=0.8933 val_loss=0.2704 router_H=0.6866 best=0.8933
           router_load=[0.5418928861618042, 0.058594249188899994, 0.03637246415019035, 0.3631402552127838]
saved summary -> /home/zhujjing/MOE-grad-conflict-routing/runs/paper_suite/single_gpu/single_task/roberta_sst2_lora_e4_k2/hpo/baseline/trial_runs/coord_01_train_lr_008/baseline_s2.json
saved curve -> /home/zhujjing/MOE-grad-conflict-routing/runs/paper_suite/single_gpu/single_task/roberta_sst2_lora_e4_k2/hpo/baseline/trial_runs/coord_01_train_lr_008/baseline_s2_curve.csv
