[run] method=baseline candidate=coord_01_train_lr_011 seed=2 steps=150 gpu=0
[run] cmd=
/home/zhujjing/anaconda3/envs/moe/bin/python /home/zhujjing/MOE-grad-conflict-routing/scripts/run.py --config configs/singletask_sst2_real.yaml --set model.backbone_backend=hf --set model.hf_load_pretrained=true --set model.backbone=roberta --set model.hf_pretrained_name=roberta-base --set model.expert_type=lora --set model.routing_mode=topk --set model.num_experts=4 --set model.top_k=2 --set seed=2 --set method.name=baseline_avg --set train.steps=150 --set train.eval_every_steps=50 --set train.grad_clip=1 --set train.lr=3.842377498e-05 --set train.weight_decay=0.01 --out /home/zhujjing/MOE-grad-conflict-routing/runs/paper_suite/single_gpu/single_task/roberta_sst2_lora_e4_k2/hpo/baseline/trial_runs/coord_01_train_lr_011/baseline_s2.json --curve_out /home/zhujjing/MOE-grad-conflict-routing/runs/paper_suite/single_gpu/single_task/roberta_sst2_lora_e4_k2/hpo/baseline/trial_runs/coord_01_train_lr_011/baseline_s2_curve.csv
Using the latest cached version of the dataset since glue couldn't be found on the Hugging Face Hub (offline mode is enabled).
Found the latest cached dataset configuration 'sst2' at /home/zhujjing/hf_cache/datasets/glue/sst2/0.0.0/bcdcba79d07bc864c1c254ccfcedcce55bcc9a8c (last modified on Thu Mar 19 15:01:41 2026).
/home/zhujjing/anaconda3/envs/moe/lib/python3.10/site-packages/transformers/utils/hub.py:124: FutureWarning: Using `TRANSFORMERS_CACHE` is deprecated and will be removed in v5 of Transformers. Use `HF_HOME` instead.
  warnings.warn(
Some weights of RobertaModel were not initialized from the model checkpoint at roberta-base and are newly initialized: ['roberta.pooler.dense.bias', 'roberta.pooler.dense.weight']
You should probably TRAIN this model on a down-stream task to be able to use it for predictions and inference.
[step 0001/150] method=baseline_avg loss=0.7575 train_acc=nan train_loss=nan val_acc=nan val_loss=nan best=-1.0000
[step 0010/150] method=baseline_avg loss=0.6755 train_acc=nan train_loss=nan val_acc=nan val_loss=nan best=-1.0000
[step 0020/150] method=baseline_avg loss=0.4519 train_acc=nan train_loss=nan val_acc=nan val_loss=nan best=-1.0000
[step 0030/150] method=baseline_avg loss=0.1521 train_acc=nan train_loss=nan val_acc=nan val_loss=nan best=-1.0000
[step 0040/150] method=baseline_avg loss=0.1418 train_acc=nan train_loss=nan val_acc=nan val_loss=nan best=-1.0000
[step 0050/150] method=baseline_avg loss=0.1409 train_acc=0.7767 train_loss=0.6457 val_acc=0.6950 val_loss=0.8827 router_H=0.6909 best=0.6950
           router_load=[0.30878254771232605, 0.21617256104946136, 0.3505904972553253, 0.1244543269276619]
[step 0060/150] method=baseline_avg loss=0.2956 train_acc=0.7767 train_loss=0.6457 val_acc=0.6950 val_loss=0.8827 router_H=0.6909 best=0.6950
           router_load=[0.30878254771232605, 0.21617256104946136, 0.3505904972553253, 0.1244543269276619]
[step 0070/150] method=baseline_avg loss=0.4896 train_acc=0.7767 train_loss=0.6457 val_acc=0.6950 val_loss=0.8827 router_H=0.6909 best=0.6950
           router_load=[0.30878254771232605, 0.21617256104946136, 0.3505904972553253, 0.1244543269276619]
[step 0080/150] method=baseline_avg loss=0.6058 train_acc=0.7767 train_loss=0.6457 val_acc=0.6950 val_loss=0.8827 router_H=0.6909 best=0.6950
           router_load=[0.30878254771232605, 0.21617256104946136, 0.3505904972553253, 0.1244543269276619]
[step 0090/150] method=baseline_avg loss=0.3737 train_acc=0.7767 train_loss=0.6457 val_acc=0.6950 val_loss=0.8827 router_H=0.6909 best=0.6950
           router_load=[0.30878254771232605, 0.21617256104946136, 0.3505904972553253, 0.1244543269276619]
[step 0100/150] method=baseline_avg loss=0.5702 train_acc=0.8456 train_loss=0.4317 val_acc=0.7970 val_loss=0.5244 router_H=0.6902 best=0.7970
           router_load=[0.3749867379665375, 0.345342755317688, 0.24205921590328217, 0.037611283361911774]
[step 0110/150] method=baseline_avg loss=0.3812 train_acc=0.8456 train_loss=0.4317 val_acc=0.7970 val_loss=0.5244 router_H=0.6902 best=0.7970
           router_load=[0.3749867379665375, 0.345342755317688, 0.24205921590328217, 0.037611283361911774]
[step 0120/150] method=baseline_avg loss=0.7690 train_acc=0.8456 train_loss=0.4317 val_acc=0.7970 val_loss=0.5244 router_H=0.6902 best=0.7970
           router_load=[0.3749867379665375, 0.345342755317688, 0.24205921590328217, 0.037611283361911774]
[step 0130/150] method=baseline_avg loss=0.2942 train_acc=0.8456 train_loss=0.4317 val_acc=0.7970 val_loss=0.5244 router_H=0.6902 best=0.7970
           router_load=[0.3749867379665375, 0.345342755317688, 0.24205921590328217, 0.037611283361911774]
[step 0140/150] method=baseline_avg loss=0.3049 train_acc=0.8456 train_loss=0.4317 val_acc=0.7970 val_loss=0.5244 router_H=0.6902 best=0.7970
           router_load=[0.3749867379665375, 0.345342755317688, 0.24205921590328217, 0.037611283361911774]
[step 0150/150] method=baseline_avg loss=0.7528 train_acc=0.8849 train_loss=0.2889 val_acc=0.8761 val_loss=0.2986 router_H=0.6907 best=0.8761
           router_load=[0.4663344919681549, 0.31312239170074463, 0.2126641720533371, 0.007878899574279785]
saved summary -> /home/zhujjing/MOE-grad-conflict-routing/runs/paper_suite/single_gpu/single_task/roberta_sst2_lora_e4_k2/hpo/baseline/trial_runs/coord_01_train_lr_011/baseline_s2.json
saved curve -> /home/zhujjing/MOE-grad-conflict-routing/runs/paper_suite/single_gpu/single_task/roberta_sst2_lora_e4_k2/hpo/baseline/trial_runs/coord_01_train_lr_011/baseline_s2_curve.csv
