[run] method=baseline candidate=coord_01_anchor seed=2 steps=150 gpu=0
[run] cmd=
/home/zhujjing/anaconda3/envs/moe/bin/python /home/zhujjing/MOE-grad-conflict-routing/scripts/run.py --config configs/singletask_sst2_real.yaml --set model.backbone_backend=hf --set model.hf_load_pretrained=true --set model.backbone=roberta --set model.hf_pretrained_name=roberta-base --set model.expert_type=lora --set model.routing_mode=topk --set model.num_experts=4 --set model.top_k=2 --set seed=2 --set method.name=baseline_avg --set train.steps=150 --set train.eval_every_steps=50 --set train.grad_clip=1 --set train.lr=2e-05 --set train.weight_decay=0.01 --out /home/zhujjing/MOE-grad-conflict-routing/runs/paper_suite/single_gpu/single_task/roberta_sst2_lora_e4_k2/hpo/baseline/trial_runs/coord_01_anchor/baseline_s2.json --curve_out /home/zhujjing/MOE-grad-conflict-routing/runs/paper_suite/single_gpu/single_task/roberta_sst2_lora_e4_k2/hpo/baseline/trial_runs/coord_01_anchor/baseline_s2_curve.csv
Using the latest cached version of the dataset since glue couldn't be found on the Hugging Face Hub (offline mode is enabled).
Found the latest cached dataset configuration 'sst2' at /home/zhujjing/hf_cache/datasets/glue/sst2/0.0.0/bcdcba79d07bc864c1c254ccfcedcce55bcc9a8c (last modified on Thu Mar 19 15:01:41 2026).
/home/zhujjing/anaconda3/envs/moe/lib/python3.10/site-packages/transformers/utils/hub.py:124: FutureWarning: Using `TRANSFORMERS_CACHE` is deprecated and will be removed in v5 of Transformers. Use `HF_HOME` instead.
  warnings.warn(
Some weights of RobertaModel were not initialized from the model checkpoint at roberta-base and are newly initialized: ['roberta.pooler.dense.bias', 'roberta.pooler.dense.weight']
You should probably TRAIN this model on a down-stream task to be able to use it for predictions and inference.
[step 0001/150] method=baseline_avg loss=0.7194 train_acc=nan train_loss=nan val_acc=nan val_loss=nan best=-1.0000
[step 0010/150] method=baseline_avg loss=0.7110 train_acc=nan train_loss=nan val_acc=nan val_loss=nan best=-1.0000
[step 0020/150] method=baseline_avg loss=0.5886 train_acc=nan train_loss=nan val_acc=nan val_loss=nan best=-1.0000
[step 0030/150] method=baseline_avg loss=0.3071 train_acc=nan train_loss=nan val_acc=nan val_loss=nan best=-1.0000
[step 0040/150] method=baseline_avg loss=0.1080 train_acc=nan train_loss=nan val_acc=nan val_loss=nan best=-1.0000
[step 0050/150] method=baseline_avg loss=0.7801 train_acc=0.8372 train_loss=0.4559 val_acc=0.8589 val_loss=0.3933 router_H=0.6790 best=0.8589
           router_load=[0.276003360748291, 0.12340950965881348, 0.05108083784580231, 0.5495062470436096]
[step 0060/150] method=baseline_avg loss=0.4444 train_acc=0.8372 train_loss=0.4559 val_acc=0.8589 val_loss=0.3933 router_H=0.6790 best=0.8589
           router_load=[0.276003360748291, 0.12340950965881348, 0.05108083784580231, 0.5495062470436096]
[step 0070/150] method=baseline_avg loss=0.5140 train_acc=0.8372 train_loss=0.4559 val_acc=0.8589 val_loss=0.3933 router_H=0.6790 best=0.8589
           router_load=[0.276003360748291, 0.12340950965881348, 0.05108083784580231, 0.5495062470436096]
[step 0080/150] method=baseline_avg loss=0.5295 train_acc=0.8372 train_loss=0.4559 val_acc=0.8589 val_loss=0.3933 router_H=0.6790 best=0.8589
           router_load=[0.276003360748291, 0.12340950965881348, 0.05108083784580231, 0.5495062470436096]
[step 0090/150] method=baseline_avg loss=0.4648 train_acc=0.8372 train_loss=0.4559 val_acc=0.8589 val_loss=0.3933 router_H=0.6790 best=0.8589
           router_load=[0.276003360748291, 0.12340950965881348, 0.05108083784580231, 0.5495062470436096]
[step 0100/150] method=baseline_avg loss=0.7350 train_acc=0.7881 train_loss=0.5231 val_acc=0.7294 val_loss=0.6365 router_H=0.6781 best=0.8589
           router_load=[0.29582127928733826, 0.026065314188599586, 0.1155816987156868, 0.5625317692756653]
[step 0110/150] method=baseline_avg loss=0.3589 train_acc=0.7881 train_loss=0.5231 val_acc=0.7294 val_loss=0.6365 router_H=0.6781 best=0.8589
           router_load=[0.29582127928733826, 0.026065314188599586, 0.1155816987156868, 0.5625317692756653]
[step 0120/150] method=baseline_avg loss=0.5287 train_acc=0.7881 train_loss=0.5231 val_acc=0.7294 val_loss=0.6365 router_H=0.6781 best=0.8589
           router_load=[0.29582127928733826, 0.026065314188599586, 0.1155816987156868, 0.5625317692756653]
[step 0130/150] method=baseline_avg loss=0.3150 train_acc=0.7881 train_loss=0.5231 val_acc=0.7294 val_loss=0.6365 router_H=0.6781 best=0.8589
           router_load=[0.29582127928733826, 0.026065314188599586, 0.1155816987156868, 0.5625317692756653]
[step 0140/150] method=baseline_avg loss=0.7203 train_acc=0.7881 train_loss=0.5231 val_acc=0.7294 val_loss=0.6365 router_H=0.6781 best=0.8589
           router_load=[0.29582127928733826, 0.026065314188599586, 0.1155816987156868, 0.5625317692756653]
[step 0150/150] method=baseline_avg loss=0.4555 train_acc=0.8767 train_loss=0.2987 val_acc=0.8739 val_loss=0.2892 router_H=0.6802 best=0.8739
           router_load=[0.22313328087329865, 0.04932727664709091, 0.16242170333862305, 0.5651180148124695]
saved summary -> /home/zhujjing/MOE-grad-conflict-routing/runs/paper_suite/single_gpu/single_task/roberta_sst2_lora_e4_k2/hpo/baseline/trial_runs/coord_01_anchor/baseline_s2.json
saved curve -> /home/zhujjing/MOE-grad-conflict-routing/runs/paper_suite/single_gpu/single_task/roberta_sst2_lora_e4_k2/hpo/baseline/trial_runs/coord_01_anchor/baseline_s2_curve.csv
