[run] method=baseline candidate=coord_01_train_lr_004 seed=3 steps=150 gpu=0
[run] cmd=
/home/zhujjing/anaconda3/envs/moe/bin/python /home/zhujjing/MOE-grad-conflict-routing/scripts/run.py --config configs/singletask_sst2_real.yaml --set model.backbone_backend=hf --set model.hf_load_pretrained=true --set model.backbone=roberta --set model.hf_pretrained_name=roberta-base --set model.expert_type=lora --set model.routing_mode=topk --set model.num_experts=4 --set model.top_k=2 --set seed=3 --set method.name=baseline_avg --set train.steps=150 --set train.eval_every_steps=50 --set train.grad_clip=1 --set train.lr=2.555178414e-05 --set train.weight_decay=0.01 --out /home/zhujjing/MOE-grad-conflict-routing/runs/paper_suite/single_gpu/single_task/roberta_sst2_lora_e4_k2/hpo/baseline/trial_runs/coord_01_train_lr_004/baseline_s3.json --curve_out /home/zhujjing/MOE-grad-conflict-routing/runs/paper_suite/single_gpu/single_task/roberta_sst2_lora_e4_k2/hpo/baseline/trial_runs/coord_01_train_lr_004/baseline_s3_curve.csv
Using the latest cached version of the dataset since glue couldn't be found on the Hugging Face Hub (offline mode is enabled).
Found the latest cached dataset configuration 'sst2' at /home/zhujjing/hf_cache/datasets/glue/sst2/0.0.0/bcdcba79d07bc864c1c254ccfcedcce55bcc9a8c (last modified on Thu Mar 19 15:01:41 2026).
/home/zhujjing/anaconda3/envs/moe/lib/python3.10/site-packages/transformers/utils/hub.py:124: FutureWarning: Using `TRANSFORMERS_CACHE` is deprecated and will be removed in v5 of Transformers. Use `HF_HOME` instead.
  warnings.warn(
Some weights of RobertaModel were not initialized from the model checkpoint at roberta-base and are newly initialized: ['roberta.pooler.dense.bias', 'roberta.pooler.dense.weight']
You should probably TRAIN this model on a down-stream task to be able to use it for predictions and inference.
[step 0001/150] method=baseline_avg loss=0.7323 train_acc=nan train_loss=nan val_acc=nan val_loss=nan best=-1.0000
[step 0010/150] method=baseline_avg loss=0.6232 train_acc=nan train_loss=nan val_acc=nan val_loss=nan best=-1.0000
[step 0020/150] method=baseline_avg loss=0.6128 train_acc=nan train_loss=nan val_acc=nan val_loss=nan best=-1.0000
[step 0030/150] method=baseline_avg loss=0.4918 train_acc=nan train_loss=nan val_acc=nan val_loss=nan best=-1.0000
[step 0040/150] method=baseline_avg loss=1.0125 train_acc=nan train_loss=nan val_acc=nan val_loss=nan best=-1.0000
[step 0050/150] method=baseline_avg loss=0.4579 train_acc=0.8711 train_loss=0.3512 val_acc=0.8716 val_loss=0.3346 router_H=0.6894 best=0.8716
           router_load=[0.030467186123132706, 0.5293867588043213, 0.4401460587978363, 0.0]
[step 0060/150] method=baseline_avg loss=0.3274 train_acc=0.8711 train_loss=0.3512 val_acc=0.8716 val_loss=0.3346 router_H=0.6894 best=0.8716
           router_load=[0.030467186123132706, 0.5293867588043213, 0.4401460587978363, 0.0]
[step 0070/150] method=baseline_avg loss=0.5436 train_acc=0.8711 train_loss=0.3512 val_acc=0.8716 val_loss=0.3346 router_H=0.6894 best=0.8716
           router_load=[0.030467186123132706, 0.5293867588043213, 0.4401460587978363, 0.0]
[step 0080/150] method=baseline_avg loss=0.2648 train_acc=0.8711 train_loss=0.3512 val_acc=0.8716 val_loss=0.3346 router_H=0.6894 best=0.8716
           router_load=[0.030467186123132706, 0.5293867588043213, 0.4401460587978363, 0.0]
[step 0090/150] method=baseline_avg loss=0.3138 train_acc=0.8711 train_loss=0.3512 val_acc=0.8716 val_loss=0.3346 router_H=0.6894 best=0.8716
           router_load=[0.030467186123132706, 0.5293867588043213, 0.4401460587978363, 0.0]
[step 0100/150] method=baseline_avg loss=0.4805 train_acc=0.8795 train_loss=0.3368 val_acc=0.8991 val_loss=0.2915 router_H=0.6879 best=0.8991
           router_load=[0.07913633435964584, 0.393449068069458, 0.5274146795272827, 0.0]
[step 0110/150] method=baseline_avg loss=0.6891 train_acc=0.8795 train_loss=0.3368 val_acc=0.8991 val_loss=0.2915 router_H=0.6879 best=0.8991
           router_load=[0.07913633435964584, 0.393449068069458, 0.5274146795272827, 0.0]
[step 0120/150] method=baseline_avg loss=0.2443 train_acc=0.8795 train_loss=0.3368 val_acc=0.8991 val_loss=0.2915 router_H=0.6879 best=0.8991
           router_load=[0.07913633435964584, 0.393449068069458, 0.5274146795272827, 0.0]
[step 0130/150] method=baseline_avg loss=0.1427 train_acc=0.8795 train_loss=0.3368 val_acc=0.8991 val_loss=0.2915 router_H=0.6879 best=0.8991
           router_load=[0.07913633435964584, 0.393449068069458, 0.5274146795272827, 0.0]
[step 0140/150] method=baseline_avg loss=0.1779 train_acc=0.8795 train_loss=0.3368 val_acc=0.8991 val_loss=0.2915 router_H=0.6879 best=0.8991
           router_load=[0.07913633435964584, 0.393449068069458, 0.5274146795272827, 0.0]
[step 0150/150] method=baseline_avg loss=0.2044 train_acc=0.8891 train_loss=0.3388 val_acc=0.8933 val_loss=0.3131 router_H=0.6855 best=0.8991
           router_load=[0.027513621374964714, 0.5326009392738342, 0.43988531827926636, 0.0]
saved summary -> /home/zhujjing/MOE-grad-conflict-routing/runs/paper_suite/single_gpu/single_task/roberta_sst2_lora_e4_k2/hpo/baseline/trial_runs/coord_01_train_lr_004/baseline_s3.json
saved curve -> /home/zhujjing/MOE-grad-conflict-routing/runs/paper_suite/single_gpu/single_task/roberta_sst2_lora_e4_k2/hpo/baseline/trial_runs/coord_01_train_lr_004/baseline_s3_curve.csv
