[run] method=ours candidate=coord_03_train_grad_clip_011 seed=3 steps=150 gpu=0
[run] cmd=
/home/zhujjing/anaconda3/envs/moe/bin/python /home/zhujjing/MOE-grad-conflict-routing/scripts/run.py --config configs/singletask_mrpc_real.yaml --set model.backbone_backend=hf --set model.hf_load_pretrained=true --set model.backbone=roberta --set model.hf_pretrained_name=roberta-base --set model.expert_type=ffn --set model.routing_mode=topk --set model.num_experts=4 --set model.top_k=2 --set seed=3 --set method.name=ours --set train.steps=150 --set train.eval_every_steps=50 --set method.ours.use_load_norm=true --set method.ours.lambda_align=0.001 --set train.grad_clip=0.8709011209 --set train.lr=4.233346635e-05 --set train.weight_decay=0.02576137036 --out /home/zhujjing/MOE-grad-conflict-routing/runs/paper_suite/single_gpu/single_task/roberta_mrpc_ffn_e4_k2/hpo/ours/trial_runs/coord_03_train_grad_clip_011/ours_s3.json --curve_out /home/zhujjing/MOE-grad-conflict-routing/runs/paper_suite/single_gpu/single_task/roberta_mrpc_ffn_e4_k2/hpo/ours/trial_runs/coord_03_train_grad_clip_011/ours_s3_curve.csv
Using the latest cached version of the dataset since glue couldn't be found on the Hugging Face Hub (offline mode is enabled).
Found the latest cached dataset configuration 'mrpc' at /home/zhujjing/hf_cache/datasets/glue/mrpc/0.0.0/bcdcba79d07bc864c1c254ccfcedcce55bcc9a8c (last modified on Thu Mar 19 15:01:06 2026).
/home/zhujjing/anaconda3/envs/moe/lib/python3.10/site-packages/transformers/utils/hub.py:124: FutureWarning: Using `TRANSFORMERS_CACHE` is deprecated and will be removed in v5 of Transformers. Use `HF_HOME` instead.
  warnings.warn(
Some weights of RobertaModel were not initialized from the model checkpoint at roberta-base and are newly initialized: ['roberta.pooler.dense.bias', 'roberta.pooler.dense.weight']
You should probably TRAIN this model on a down-stream task to be able to use it for predictions and inference.
[step 0001/150] method=ours loss=0.6709 train_acc=nan train_loss=nan val_acc=nan val_loss=nan best=-1.0000
[step 0010/150] method=ours loss=0.7024 train_acc=nan train_loss=nan val_acc=nan val_loss=nan best=-1.0000
[step 0020/150] method=ours loss=0.6931 train_acc=nan train_loss=nan val_acc=nan val_loss=nan best=-1.0000
[step 0030/150] method=ours loss=0.5227 train_acc=nan train_loss=nan val_acc=nan val_loss=nan best=-1.0000
[step 0040/150] method=ours loss=0.6170 train_acc=nan train_loss=nan val_acc=nan val_loss=nan best=-1.0000
[step 0050/150] method=ours loss=0.2763 train_acc=0.7650 train_loss=0.4858 val_acc=0.7377 val_loss=0.4864 router_H=0.5770 best=0.7377
           router_load=[0.003214013297110796, 0.09234587103128433, 0.6011709570884705, 0.3032691478729248]
[step 0060/150] method=ours loss=0.5750 train_acc=0.7650 train_loss=0.4858 val_acc=0.7377 val_loss=0.4864 router_H=0.5770 best=0.7377
           router_load=[0.003214013297110796, 0.09234587103128433, 0.6011709570884705, 0.3032691478729248]
[step 0070/150] method=ours loss=0.4522 train_acc=0.7650 train_loss=0.4858 val_acc=0.7377 val_loss=0.4864 router_H=0.5770 best=0.7377
           router_load=[0.003214013297110796, 0.09234587103128433, 0.6011709570884705, 0.3032691478729248]
[step 0080/150] method=ours loss=0.4025 train_acc=0.7650 train_loss=0.4858 val_acc=0.7377 val_loss=0.4864 router_H=0.5770 best=0.7377
           router_load=[0.003214013297110796, 0.09234587103128433, 0.6011709570884705, 0.3032691478729248]
[step 0090/150] method=ours loss=0.5758 train_acc=0.7650 train_loss=0.4858 val_acc=0.7377 val_loss=0.4864 router_H=0.5770 best=0.7377
           router_load=[0.003214013297110796, 0.09234587103128433, 0.6011709570884705, 0.3032691478729248]
[step 0100/150] method=ours loss=0.5354 train_acc=0.8599 train_loss=0.3716 val_acc=0.8529 val_loss=0.3810 router_H=0.4290 best=0.8529
           router_load=[0.0, 0.2132381945848465, 0.7792014479637146, 0.007560377009212971]
[step 0110/150] method=ours loss=0.5299 train_acc=0.8599 train_loss=0.3716 val_acc=0.8529 val_loss=0.3810 router_H=0.4290 best=0.8529
           router_load=[0.0, 0.2132381945848465, 0.7792014479637146, 0.007560377009212971]
[step 0120/150] method=ours loss=0.2833 train_acc=0.8599 train_loss=0.3716 val_acc=0.8529 val_loss=0.3810 router_H=0.4290 best=0.8529
           router_load=[0.0, 0.2132381945848465, 0.7792014479637146, 0.007560377009212971]
[step 0130/150] method=ours loss=0.2285 train_acc=0.8599 train_loss=0.3716 val_acc=0.8529 val_loss=0.3810 router_H=0.4290 best=0.8529
           router_load=[0.0, 0.2132381945848465, 0.7792014479637146, 0.007560377009212971]
[step 0140/150] method=ours loss=0.6358 train_acc=0.8599 train_loss=0.3716 val_acc=0.8529 val_loss=0.3810 router_H=0.4290 best=0.8529
           router_load=[0.0, 0.2132381945848465, 0.7792014479637146, 0.007560377009212971]
[step 0150/150] method=ours loss=0.4432 train_acc=0.8675 train_loss=0.3427 val_acc=0.8701 val_loss=0.3441 router_H=0.5036 best=0.8701
           router_load=[0.0, 0.16823191940784454, 0.7309309244155884, 0.10083718597888947]
saved summary -> /home/zhujjing/MOE-grad-conflict-routing/runs/paper_suite/single_gpu/single_task/roberta_mrpc_ffn_e4_k2/hpo/ours/trial_runs/coord_03_train_grad_clip_011/ours_s3.json
saved curve -> /home/zhujjing/MOE-grad-conflict-routing/runs/paper_suite/single_gpu/single_task/roberta_mrpc_ffn_e4_k2/hpo/ours/trial_runs/coord_03_train_grad_clip_011/ours_s3_curve.csv
