[run] method=ours candidate=coord_03_train_grad_clip_016 seed=2 steps=150 gpu=0
[run] cmd=
/home/zhujjing/anaconda3/envs/moe/bin/python /home/zhujjing/MOE-grad-conflict-routing/scripts/run.py --config configs/singletask_mrpc_real.yaml --set model.backbone_backend=hf --set model.hf_load_pretrained=true --set model.backbone=roberta --set model.hf_pretrained_name=roberta-base --set model.expert_type=ffn --set model.routing_mode=topk --set model.num_experts=4 --set model.top_k=2 --set seed=2 --set method.name=ours --set train.steps=150 --set train.eval_every_steps=50 --set method.ours.use_load_norm=true --set method.ours.lambda_align=0.001 --set train.grad_clip=0.9740671934 --set train.lr=4.233346635e-05 --set train.weight_decay=0.02576137036 --out /home/zhujjing/MOE-grad-conflict-routing/runs/paper_suite/single_gpu/single_task/roberta_mrpc_ffn_e4_k2/hpo/ours/trial_runs/coord_03_train_grad_clip_016/ours_s2.json --curve_out /home/zhujjing/MOE-grad-conflict-routing/runs/paper_suite/single_gpu/single_task/roberta_mrpc_ffn_e4_k2/hpo/ours/trial_runs/coord_03_train_grad_clip_016/ours_s2_curve.csv
Using the latest cached version of the dataset since glue couldn't be found on the Hugging Face Hub (offline mode is enabled).
Found the latest cached dataset configuration 'mrpc' at /home/zhujjing/hf_cache/datasets/glue/mrpc/0.0.0/bcdcba79d07bc864c1c254ccfcedcce55bcc9a8c (last modified on Thu Mar 19 15:01:06 2026).
/home/zhujjing/anaconda3/envs/moe/lib/python3.10/site-packages/transformers/utils/hub.py:124: FutureWarning: Using `TRANSFORMERS_CACHE` is deprecated and will be removed in v5 of Transformers. Use `HF_HOME` instead.
  warnings.warn(
Some weights of RobertaModel were not initialized from the model checkpoint at roberta-base and are newly initialized: ['roberta.pooler.dense.bias', 'roberta.pooler.dense.weight']
You should probably TRAIN this model on a down-stream task to be able to use it for predictions and inference.
[step 0001/150] method=ours loss=0.7052 train_acc=nan train_loss=nan val_acc=nan val_loss=nan best=-1.0000
[step 0010/150] method=ours loss=0.6892 train_acc=nan train_loss=nan val_acc=nan val_loss=nan best=-1.0000
[step 0020/150] method=ours loss=0.6198 train_acc=nan train_loss=nan val_acc=nan val_loss=nan best=-1.0000
[step 0030/150] method=ours loss=0.6094 train_acc=nan train_loss=nan val_acc=nan val_loss=nan best=-1.0000
[step 0040/150] method=ours loss=0.5544 train_acc=nan train_loss=nan val_acc=nan val_loss=nan best=-1.0000
[step 0050/150] method=ours loss=0.5251 train_acc=0.7015 train_loss=0.5548 val_acc=0.7059 val_loss=0.5545 router_H=0.5445 best=0.7059
           router_load=[0.0, 0.7504345178604126, 0.2451188862323761, 0.004446493461728096]
[step 0060/150] method=ours loss=0.6730 train_acc=0.7015 train_loss=0.5548 val_acc=0.7059 val_loss=0.5545 router_H=0.5445 best=0.7059
           router_load=[0.0, 0.7504345178604126, 0.2451188862323761, 0.004446493461728096]
[step 0070/150] method=ours loss=0.4353 train_acc=0.7015 train_loss=0.5548 val_acc=0.7059 val_loss=0.5545 router_H=0.5445 best=0.7059
           router_load=[0.0, 0.7504345178604126, 0.2451188862323761, 0.004446493461728096]
[step 0080/150] method=ours loss=0.4445 train_acc=0.7015 train_loss=0.5548 val_acc=0.7059 val_loss=0.5545 router_H=0.5445 best=0.7059
           router_load=[0.0, 0.7504345178604126, 0.2451188862323761, 0.004446493461728096]
[step 0090/150] method=ours loss=0.4160 train_acc=0.7015 train_loss=0.5548 val_acc=0.7059 val_loss=0.5545 router_H=0.5445 best=0.7059
           router_load=[0.0, 0.7504345178604126, 0.2451188862323761, 0.004446493461728096]
[step 0100/150] method=ours loss=0.5766 train_acc=0.7977 train_loss=0.5109 val_acc=0.7966 val_loss=0.5129 router_H=0.5984 best=0.7966
           router_load=[0.0, 0.6917734146118164, 0.3082265257835388, 0.0]
[step 0110/150] method=ours loss=0.5683 train_acc=0.7977 train_loss=0.5109 val_acc=0.7966 val_loss=0.5129 router_H=0.5984 best=0.7966
           router_load=[0.0, 0.6917734146118164, 0.3082265257835388, 0.0]
[step 0120/150] method=ours loss=0.3179 train_acc=0.7977 train_loss=0.5109 val_acc=0.7966 val_loss=0.5129 router_H=0.5984 best=0.7966
           router_load=[0.0, 0.6917734146118164, 0.3082265257835388, 0.0]
[step 0130/150] method=ours loss=0.5441 train_acc=0.7977 train_loss=0.5109 val_acc=0.7966 val_loss=0.5129 router_H=0.5984 best=0.7966
           router_load=[0.0, 0.6917734146118164, 0.3082265257835388, 0.0]
[step 0140/150] method=ours loss=0.5505 train_acc=0.7977 train_loss=0.5109 val_acc=0.7966 val_loss=0.5129 router_H=0.5984 best=0.7966
           router_load=[0.0, 0.6917734146118164, 0.3082265257835388, 0.0]
[step 0150/150] method=ours loss=0.7787 train_acc=0.8430 train_loss=0.4132 val_acc=0.8260 val_loss=0.4266 router_H=0.3375 best=0.8260
           router_load=[0.0, 0.872585117816925, 0.11903753131628036, 0.008377266116440296]
saved summary -> /home/zhujjing/MOE-grad-conflict-routing/runs/paper_suite/single_gpu/single_task/roberta_mrpc_ffn_e4_k2/hpo/ours/trial_runs/coord_03_train_grad_clip_016/ours_s2.json
saved curve -> /home/zhujjing/MOE-grad-conflict-routing/runs/paper_suite/single_gpu/single_task/roberta_mrpc_ffn_e4_k2/hpo/ours/trial_runs/coord_03_train_grad_clip_016/ours_s2_curve.csv
