[run] method=ours candidate=coord_03_train_grad_clip_011 seed=2 steps=150 gpu=0
[run] cmd=
/home/zhujjing/anaconda3/envs/moe/bin/python /home/zhujjing/MOE-grad-conflict-routing/scripts/run.py --config configs/singletask_mrpc_real.yaml --set model.backbone_backend=hf --set model.hf_load_pretrained=true --set model.backbone=roberta --set model.hf_pretrained_name=roberta-base --set model.expert_type=ffn --set model.routing_mode=topk --set model.num_experts=4 --set model.top_k=2 --set seed=2 --set method.name=ours --set train.steps=150 --set train.eval_every_steps=50 --set method.ours.use_load_norm=true --set method.ours.lambda_align=0.001 --set train.grad_clip=0.8709011209 --set train.lr=4.233346635e-05 --set train.weight_decay=0.02576137036 --out /home/zhujjing/MOE-grad-conflict-routing/runs/paper_suite/single_gpu/single_task/roberta_mrpc_ffn_e4_k2/hpo/ours/trial_runs/coord_03_train_grad_clip_011/ours_s2.json --curve_out /home/zhujjing/MOE-grad-conflict-routing/runs/paper_suite/single_gpu/single_task/roberta_mrpc_ffn_e4_k2/hpo/ours/trial_runs/coord_03_train_grad_clip_011/ours_s2_curve.csv
Using the latest cached version of the dataset since glue couldn't be found on the Hugging Face Hub (offline mode is enabled).
Found the latest cached dataset configuration 'mrpc' at /home/zhujjing/hf_cache/datasets/glue/mrpc/0.0.0/bcdcba79d07bc864c1c254ccfcedcce55bcc9a8c (last modified on Thu Mar 19 15:01:06 2026).
/home/zhujjing/anaconda3/envs/moe/lib/python3.10/site-packages/transformers/utils/hub.py:124: FutureWarning: Using `TRANSFORMERS_CACHE` is deprecated and will be removed in v5 of Transformers. Use `HF_HOME` instead.
  warnings.warn(
Some weights of RobertaModel were not initialized from the model checkpoint at roberta-base and are newly initialized: ['roberta.pooler.dense.bias', 'roberta.pooler.dense.weight']
You should probably TRAIN this model on a down-stream task to be able to use it for predictions and inference.
[step 0001/150] method=ours loss=0.6959 train_acc=nan train_loss=nan val_acc=nan val_loss=nan best=-1.0000
[step 0010/150] method=ours loss=0.7129 train_acc=nan train_loss=nan val_acc=nan val_loss=nan best=-1.0000
[step 0020/150] method=ours loss=0.6827 train_acc=nan train_loss=nan val_acc=nan val_loss=nan best=-1.0000
[step 0030/150] method=ours loss=0.5923 train_acc=nan train_loss=nan val_acc=nan val_loss=nan best=-1.0000
[step 0040/150] method=ours loss=0.5087 train_acc=nan train_loss=nan val_acc=nan val_loss=nan best=-1.0000
[step 0050/150] method=ours loss=0.4951 train_acc=0.7486 train_loss=0.5267 val_acc=0.7500 val_loss=0.5237 router_H=0.4359 best=0.7500
           router_load=[0.00620063953101635, 0.14861531555652618, 0.0291888527572155, 0.8159951567649841]
[step 0060/150] method=ours loss=0.6042 train_acc=0.7486 train_loss=0.5267 val_acc=0.7500 val_loss=0.5237 router_H=0.4359 best=0.7500
           router_load=[0.00620063953101635, 0.14861531555652618, 0.0291888527572155, 0.8159951567649841]
[step 0070/150] method=ours loss=0.2885 train_acc=0.7486 train_loss=0.5267 val_acc=0.7500 val_loss=0.5237 router_H=0.4359 best=0.7500
           router_load=[0.00620063953101635, 0.14861531555652618, 0.0291888527572155, 0.8159951567649841]
[step 0080/150] method=ours loss=0.2917 train_acc=0.7486 train_loss=0.5267 val_acc=0.7500 val_loss=0.5237 router_H=0.4359 best=0.7500
           router_load=[0.00620063953101635, 0.14861531555652618, 0.0291888527572155, 0.8159951567649841]
[step 0090/150] method=ours loss=0.6977 train_acc=0.7486 train_loss=0.5267 val_acc=0.7500 val_loss=0.5237 router_H=0.4359 best=0.7500
           router_load=[0.00620063953101635, 0.14861531555652618, 0.0291888527572155, 0.8159951567649841]
[step 0100/150] method=ours loss=0.6901 train_acc=0.6745 train_loss=0.6790 val_acc=0.6838 val_loss=0.6780 router_H=0.6916 best=0.7500
           router_load=[0.5277426242828369, 0.46996232867240906, 0.0, 0.0022950470447540283]
[step 0110/150] method=ours loss=0.5849 train_acc=0.6745 train_loss=0.6790 val_acc=0.6838 val_loss=0.6780 router_H=0.6916 best=0.7500
           router_load=[0.5277426242828369, 0.46996232867240906, 0.0, 0.0022950470447540283]
[step 0120/150] method=ours loss=0.4338 train_acc=0.6745 train_loss=0.6790 val_acc=0.6838 val_loss=0.6780 router_H=0.6916 best=0.7500
           router_load=[0.5277426242828369, 0.46996232867240906, 0.0, 0.0022950470447540283]
[step 0130/150] method=ours loss=0.6028 train_acc=0.6745 train_loss=0.6790 val_acc=0.6838 val_loss=0.6780 router_H=0.6916 best=0.7500
           router_load=[0.5277426242828369, 0.46996232867240906, 0.0, 0.0022950470447540283]
[step 0140/150] method=ours loss=0.5000 train_acc=0.6745 train_loss=0.6790 val_acc=0.6838 val_loss=0.6780 router_H=0.6916 best=0.7500
           router_load=[0.5277426242828369, 0.46996232867240906, 0.0, 0.0022950470447540283]
[step 0150/150] method=ours loss=0.5493 train_acc=0.7764 train_loss=0.5013 val_acc=0.7500 val_loss=0.5222 router_H=0.6745 best=0.7500
           router_load=[0.4584885835647583, 0.17305736243724823, 0.0, 0.3684540092945099]
saved summary -> /home/zhujjing/MOE-grad-conflict-routing/runs/paper_suite/single_gpu/single_task/roberta_mrpc_ffn_e4_k2/hpo/ours/trial_runs/coord_03_train_grad_clip_011/ours_s2.json
saved curve -> /home/zhujjing/MOE-grad-conflict-routing/runs/paper_suite/single_gpu/single_task/roberta_mrpc_ffn_e4_k2/hpo/ours/trial_runs/coord_03_train_grad_clip_011/ours_s2_curve.csv
