[run] method=ours candidate=coord_03_anchor seed=2 steps=150 gpu=0
[run] cmd=
/home/zhujjing/anaconda3/envs/moe/bin/python /home/zhujjing/MOE-grad-conflict-routing/scripts/run.py --config configs/singletask_mrpc_real.yaml --set model.backbone_backend=hf --set model.hf_load_pretrained=true --set model.backbone=roberta --set model.hf_pretrained_name=roberta-base --set model.expert_type=ffn --set model.routing_mode=topk --set model.num_experts=4 --set model.top_k=2 --set seed=2 --set method.name=ours --set train.steps=150 --set train.eval_every_steps=50 --set method.ours.use_load_norm=true --set method.ours.lambda_align=0.001 --set train.grad_clip=1 --set train.lr=4.233346635e-05 --set train.weight_decay=0.02576137036 --out /home/zhujjing/MOE-grad-conflict-routing/runs/paper_suite/single_gpu/single_task/roberta_mrpc_ffn_e4_k2/hpo/ours/trial_runs/coord_03_anchor/ours_s2.json --curve_out /home/zhujjing/MOE-grad-conflict-routing/runs/paper_suite/single_gpu/single_task/roberta_mrpc_ffn_e4_k2/hpo/ours/trial_runs/coord_03_anchor/ours_s2_curve.csv
Using the latest cached version of the dataset since glue couldn't be found on the Hugging Face Hub (offline mode is enabled).
Found the latest cached dataset configuration 'mrpc' at /home/zhujjing/hf_cache/datasets/glue/mrpc/0.0.0/bcdcba79d07bc864c1c254ccfcedcce55bcc9a8c (last modified on Thu Mar 19 15:01:06 2026).
/home/zhujjing/anaconda3/envs/moe/lib/python3.10/site-packages/transformers/utils/hub.py:124: FutureWarning: Using `TRANSFORMERS_CACHE` is deprecated and will be removed in v5 of Transformers. Use `HF_HOME` instead.
  warnings.warn(
Some weights of RobertaModel were not initialized from the model checkpoint at roberta-base and are newly initialized: ['roberta.pooler.dense.bias', 'roberta.pooler.dense.weight']
You should probably TRAIN this model on a down-stream task to be able to use it for predictions and inference.
[step 0001/150] method=ours loss=0.6886 train_acc=nan train_loss=nan val_acc=nan val_loss=nan best=-1.0000
[step 0010/150] method=ours loss=0.6903 train_acc=nan train_loss=nan val_acc=nan val_loss=nan best=-1.0000
[step 0020/150] method=ours loss=0.6459 train_acc=nan train_loss=nan val_acc=nan val_loss=nan best=-1.0000
[step 0030/150] method=ours loss=0.6178 train_acc=nan train_loss=nan val_acc=nan val_loss=nan best=-1.0000
[step 0040/150] method=ours loss=0.5786 train_acc=nan train_loss=nan val_acc=nan val_loss=nan best=-1.0000
[step 0050/150] method=ours loss=0.6524 train_acc=0.7315 train_loss=0.6551 val_acc=0.7230 val_loss=0.6547 router_H=0.6731 best=0.7230
           router_load=[0.0, 0.5988826155662537, 0.0, 0.4011174440383911]
[step 0060/150] method=ours loss=0.7125 train_acc=0.7315 train_loss=0.6551 val_acc=0.7230 val_loss=0.6547 router_H=0.6731 best=0.7230
           router_load=[0.0, 0.5988826155662537, 0.0, 0.4011174440383911]
[step 0070/150] method=ours loss=0.4853 train_acc=0.7315 train_loss=0.6551 val_acc=0.7230 val_loss=0.6547 router_H=0.6731 best=0.7230
           router_load=[0.0, 0.5988826155662537, 0.0, 0.4011174440383911]
[step 0080/150] method=ours loss=0.3885 train_acc=0.7315 train_loss=0.6551 val_acc=0.7230 val_loss=0.6547 router_H=0.6731 best=0.7230
           router_load=[0.0, 0.5988826155662537, 0.0, 0.4011174440383911]
[step 0090/150] method=ours loss=0.4014 train_acc=0.7315 train_loss=0.6551 val_acc=0.7230 val_loss=0.6547 router_H=0.6731 best=0.7230
           router_load=[0.0, 0.5988826155662537, 0.0, 0.4011174440383911]
[step 0100/150] method=ours loss=0.4764 train_acc=0.8141 train_loss=0.3982 val_acc=0.8309 val_loss=0.3720 router_H=0.6622 best=0.8309
           router_load=[0.0, 0.596287190914154, 0.0, 0.40371277928352356]
[step 0110/150] method=ours loss=0.8415 train_acc=0.8141 train_loss=0.3982 val_acc=0.8309 val_loss=0.3720 router_H=0.6622 best=0.8309
           router_load=[0.0, 0.596287190914154, 0.0, 0.40371277928352356]
[step 0120/150] method=ours loss=0.5170 train_acc=0.8141 train_loss=0.3982 val_acc=0.8309 val_loss=0.3720 router_H=0.6622 best=0.8309
           router_load=[0.0, 0.596287190914154, 0.0, 0.40371277928352356]
[step 0130/150] method=ours loss=0.7314 train_acc=0.8141 train_loss=0.3982 val_acc=0.8309 val_loss=0.3720 router_H=0.6622 best=0.8309
           router_load=[0.0, 0.596287190914154, 0.0, 0.40371277928352356]
[step 0140/150] method=ours loss=0.4653 train_acc=0.8141 train_loss=0.3982 val_acc=0.8309 val_loss=0.3720 router_H=0.6622 best=0.8309
           router_load=[0.0, 0.596287190914154, 0.0, 0.40371277928352356]
[step 0150/150] method=ours loss=1.0151 train_acc=0.8446 train_loss=0.5024 val_acc=0.8456 val_loss=0.5338 router_H=0.5680 best=0.8456
           router_load=[0.0, 0.7238646149635315, 0.0, 0.27613550424575806]
saved summary -> /home/zhujjing/MOE-grad-conflict-routing/runs/paper_suite/single_gpu/single_task/roberta_mrpc_ffn_e4_k2/hpo/ours/trial_runs/coord_03_anchor/ours_s2.json
saved curve -> /home/zhujjing/MOE-grad-conflict-routing/runs/paper_suite/single_gpu/single_task/roberta_mrpc_ffn_e4_k2/hpo/ours/trial_runs/coord_03_anchor/ours_s2_curve.csv
