[run] method=ours candidate=coord_03_train_grad_clip_009 seed=3 steps=150 gpu=0
[run] cmd=
/home/zhujjing/anaconda3/envs/moe/bin/python /home/zhujjing/MOE-grad-conflict-routing/scripts/run.py --config configs/singletask_mrpc_real.yaml --set model.backbone_backend=hf --set model.hf_load_pretrained=true --set model.backbone=roberta --set model.hf_pretrained_name=roberta-base --set model.expert_type=ffn --set model.routing_mode=topk --set model.num_experts=4 --set model.top_k=2 --set seed=3 --set method.name=ours --set train.steps=150 --set train.eval_every_steps=50 --set method.ours.use_load_norm=true --set method.ours.lambda_align=0.001 --set train.grad_clip=0.7083602144 --set train.lr=4.233346635e-05 --set train.weight_decay=0.02576137036 --out /home/zhujjing/MOE-grad-conflict-routing/runs/paper_suite/single_gpu/single_task/roberta_mrpc_ffn_e4_k2/hpo/ours/trial_runs/coord_03_train_grad_clip_009/ours_s3.json --curve_out /home/zhujjing/MOE-grad-conflict-routing/runs/paper_suite/single_gpu/single_task/roberta_mrpc_ffn_e4_k2/hpo/ours/trial_runs/coord_03_train_grad_clip_009/ours_s3_curve.csv
Using the latest cached version of the dataset since glue couldn't be found on the Hugging Face Hub (offline mode is enabled).
Found the latest cached dataset configuration 'mrpc' at /home/zhujjing/hf_cache/datasets/glue/mrpc/0.0.0/bcdcba79d07bc864c1c254ccfcedcce55bcc9a8c (last modified on Thu Mar 19 15:01:06 2026).
/home/zhujjing/anaconda3/envs/moe/lib/python3.10/site-packages/transformers/utils/hub.py:124: FutureWarning: Using `TRANSFORMERS_CACHE` is deprecated and will be removed in v5 of Transformers. Use `HF_HOME` instead.
  warnings.warn(
Some weights of RobertaModel were not initialized from the model checkpoint at roberta-base and are newly initialized: ['roberta.pooler.dense.bias', 'roberta.pooler.dense.weight']
You should probably TRAIN this model on a down-stream task to be able to use it for predictions and inference.
[step 0001/150] method=ours loss=0.6891 train_acc=nan train_loss=nan val_acc=nan val_loss=nan best=-1.0000
[step 0010/150] method=ours loss=0.6827 train_acc=nan train_loss=nan val_acc=nan val_loss=nan best=-1.0000
[step 0020/150] method=ours loss=0.7187 train_acc=nan train_loss=nan val_acc=nan val_loss=nan best=-1.0000
[step 0030/150] method=ours loss=0.5083 train_acc=nan train_loss=nan val_acc=nan val_loss=nan best=-1.0000
[step 0040/150] method=ours loss=0.6687 train_acc=nan train_loss=nan val_acc=nan val_loss=nan best=-1.0000
[step 0050/150] method=ours loss=0.4413 train_acc=0.7683 train_loss=0.4821 val_acc=0.7525 val_loss=0.4702 router_H=0.5824 best=0.7525
           router_load=[0.27852609753608704, 0.0, 0.720573365688324, 0.0009006144246086478]
[step 0060/150] method=ours loss=0.5998 train_acc=0.7683 train_loss=0.4821 val_acc=0.7525 val_loss=0.4702 router_H=0.5824 best=0.7525
           router_load=[0.27852609753608704, 0.0, 0.720573365688324, 0.0009006144246086478]
[step 0070/150] method=ours loss=0.4102 train_acc=0.7683 train_loss=0.4821 val_acc=0.7525 val_loss=0.4702 router_H=0.5824 best=0.7525
           router_load=[0.27852609753608704, 0.0, 0.720573365688324, 0.0009006144246086478]
[step 0080/150] method=ours loss=0.5127 train_acc=0.7683 train_loss=0.4821 val_acc=0.7525 val_loss=0.4702 router_H=0.5824 best=0.7525
           router_load=[0.27852609753608704, 0.0, 0.720573365688324, 0.0009006144246086478]
[step 0090/150] method=ours loss=0.7698 train_acc=0.7683 train_loss=0.4821 val_acc=0.7525 val_loss=0.4702 router_H=0.5824 best=0.7525
           router_load=[0.27852609753608704, 0.0, 0.720573365688324, 0.0009006144246086478]
[step 0100/150] method=ours loss=0.5512 train_acc=0.8247 train_loss=0.4992 val_acc=0.8039 val_loss=0.5097 router_H=0.6712 best=0.8039
           router_load=[0.38265347480773926, 0.01912195049226284, 0.5982246994972229, 0.0]
[step 0110/150] method=ours loss=0.3560 train_acc=0.8247 train_loss=0.4992 val_acc=0.8039 val_loss=0.5097 router_H=0.6712 best=0.8039
           router_load=[0.38265347480773926, 0.01912195049226284, 0.5982246994972229, 0.0]
[step 0120/150] method=ours loss=0.3011 train_acc=0.8247 train_loss=0.4992 val_acc=0.8039 val_loss=0.5097 router_H=0.6712 best=0.8039
           router_load=[0.38265347480773926, 0.01912195049226284, 0.5982246994972229, 0.0]
[step 0130/150] method=ours loss=0.4384 train_acc=0.8247 train_loss=0.4992 val_acc=0.8039 val_loss=0.5097 router_H=0.6712 best=0.8039
           router_load=[0.38265347480773926, 0.01912195049226284, 0.5982246994972229, 0.0]
[step 0140/150] method=ours loss=0.4077 train_acc=0.8247 train_loss=0.4992 val_acc=0.8039 val_loss=0.5097 router_H=0.6712 best=0.8039
           router_load=[0.38265347480773926, 0.01912195049226284, 0.5982246994972229, 0.0]
[step 0150/150] method=ours loss=0.6504 train_acc=0.7953 train_loss=0.4667 val_acc=0.8088 val_loss=0.4609 router_H=0.6718 best=0.8088
           router_load=[0.3977835476398468, 0.0, 0.6022165417671204, 0.0]
saved summary -> /home/zhujjing/MOE-grad-conflict-routing/runs/paper_suite/single_gpu/single_task/roberta_mrpc_ffn_e4_k2/hpo/ours/trial_runs/coord_03_train_grad_clip_009/ours_s3.json
saved curve -> /home/zhujjing/MOE-grad-conflict-routing/runs/paper_suite/single_gpu/single_task/roberta_mrpc_ffn_e4_k2/hpo/ours/trial_runs/coord_03_train_grad_clip_009/ours_s3_curve.csv
