[run] method=ours candidate=coord_03_train_grad_clip_014 seed=2 steps=150 gpu=0
[run] cmd=
/home/zhujjing/anaconda3/envs/moe/bin/python /home/zhujjing/MOE-grad-conflict-routing/scripts/run.py --config configs/singletask_mrpc_real.yaml --set model.backbone_backend=hf --set model.hf_load_pretrained=true --set model.backbone=roberta --set model.hf_pretrained_name=roberta-base --set model.expert_type=ffn --set model.routing_mode=topk --set model.num_experts=4 --set model.top_k=2 --set seed=2 --set method.name=ours --set train.steps=150 --set train.eval_every_steps=50 --set method.ours.use_load_norm=true --set method.ours.lambda_align=0.001 --set train.grad_clip=0.8160969585 --set train.lr=4.233346635e-05 --set train.weight_decay=0.02576137036 --out /home/zhujjing/MOE-grad-conflict-routing/runs/paper_suite/single_gpu/single_task/roberta_mrpc_ffn_e4_k2/hpo/ours/trial_runs/coord_03_train_grad_clip_014/ours_s2.json --curve_out /home/zhujjing/MOE-grad-conflict-routing/runs/paper_suite/single_gpu/single_task/roberta_mrpc_ffn_e4_k2/hpo/ours/trial_runs/coord_03_train_grad_clip_014/ours_s2_curve.csv
Using the latest cached version of the dataset since glue couldn't be found on the Hugging Face Hub (offline mode is enabled).
Found the latest cached dataset configuration 'mrpc' at /home/zhujjing/hf_cache/datasets/glue/mrpc/0.0.0/bcdcba79d07bc864c1c254ccfcedcce55bcc9a8c (last modified on Thu Mar 19 15:01:06 2026).
/home/zhujjing/anaconda3/envs/moe/lib/python3.10/site-packages/transformers/utils/hub.py:124: FutureWarning: Using `TRANSFORMERS_CACHE` is deprecated and will be removed in v5 of Transformers. Use `HF_HOME` instead.
  warnings.warn(
Some weights of RobertaModel were not initialized from the model checkpoint at roberta-base and are newly initialized: ['roberta.pooler.dense.bias', 'roberta.pooler.dense.weight']
You should probably TRAIN this model on a down-stream task to be able to use it for predictions and inference.
[step 0001/150] method=ours loss=0.6814 train_acc=nan train_loss=nan val_acc=nan val_loss=nan best=-1.0000
[step 0010/150] method=ours loss=0.6890 train_acc=nan train_loss=nan val_acc=nan val_loss=nan best=-1.0000
[step 0020/150] method=ours loss=0.6491 train_acc=nan train_loss=nan val_acc=nan val_loss=nan best=-1.0000
[step 0030/150] method=ours loss=0.6248 train_acc=nan train_loss=nan val_acc=nan val_loss=nan best=-1.0000
[step 0040/150] method=ours loss=0.5129 train_acc=nan train_loss=nan val_acc=nan val_loss=nan best=-1.0000
[step 0050/150] method=ours loss=0.5336 train_acc=0.7050 train_loss=0.5655 val_acc=0.7279 val_loss=0.5671 router_H=0.4761 best=0.7279
           router_load=[0.04093938693404198, 0.17726179957389832, 0.7812913656234741, 0.0005073752836324275]
[step 0060/150] method=ours loss=0.6277 train_acc=0.7050 train_loss=0.5655 val_acc=0.7279 val_loss=0.5671 router_H=0.4761 best=0.7279
           router_load=[0.04093938693404198, 0.17726179957389832, 0.7812913656234741, 0.0005073752836324275]
[step 0070/150] method=ours loss=0.4221 train_acc=0.7050 train_loss=0.5655 val_acc=0.7279 val_loss=0.5671 router_H=0.4761 best=0.7279
           router_load=[0.04093938693404198, 0.17726179957389832, 0.7812913656234741, 0.0005073752836324275]
[step 0080/150] method=ours loss=0.5226 train_acc=0.7050 train_loss=0.5655 val_acc=0.7279 val_loss=0.5671 router_H=0.4761 best=0.7279
           router_load=[0.04093938693404198, 0.17726179957389832, 0.7812913656234741, 0.0005073752836324275]
[step 0090/150] method=ours loss=0.4661 train_acc=0.7050 train_loss=0.5655 val_acc=0.7279 val_loss=0.5671 router_H=0.4761 best=0.7279
           router_load=[0.04093938693404198, 0.17726179957389832, 0.7812913656234741, 0.0005073752836324275]
[step 0100/150] method=ours loss=0.5687 train_acc=0.7808 train_loss=0.5227 val_acc=0.7794 val_loss=0.5332 router_H=0.4703 best=0.7794
           router_load=[0.10815401375293732, 0.04528261721134186, 0.8054002523422241, 0.041162990033626556]
[step 0110/150] method=ours loss=0.5702 train_acc=0.7808 train_loss=0.5227 val_acc=0.7794 val_loss=0.5332 router_H=0.4703 best=0.7794
           router_load=[0.10815401375293732, 0.04528261721134186, 0.8054002523422241, 0.041162990033626556]
[step 0120/150] method=ours loss=0.3804 train_acc=0.7808 train_loss=0.5227 val_acc=0.7794 val_loss=0.5332 router_H=0.4703 best=0.7794
           router_load=[0.10815401375293732, 0.04528261721134186, 0.8054002523422241, 0.041162990033626556]
[step 0130/150] method=ours loss=0.6762 train_acc=0.7808 train_loss=0.5227 val_acc=0.7794 val_loss=0.5332 router_H=0.4703 best=0.7794
           router_load=[0.10815401375293732, 0.04528261721134186, 0.8054002523422241, 0.041162990033626556]
[step 0140/150] method=ours loss=0.3332 train_acc=0.7808 train_loss=0.5227 val_acc=0.7794 val_loss=0.5332 router_H=0.4703 best=0.7794
           router_load=[0.10815401375293732, 0.04528261721134186, 0.8054002523422241, 0.041162990033626556]
[step 0150/150] method=ours loss=0.8453 train_acc=0.8550 train_loss=0.4041 val_acc=0.8505 val_loss=0.4071 router_H=0.3157 best=0.8505
           router_load=[0.03111599013209343, 0.16974131762981415, 0.7634482383728027, 0.035694558173418045]
saved summary -> /home/zhujjing/MOE-grad-conflict-routing/runs/paper_suite/single_gpu/single_task/roberta_mrpc_ffn_e4_k2/hpo/ours/trial_runs/coord_03_train_grad_clip_014/ours_s2.json
saved curve -> /home/zhujjing/MOE-grad-conflict-routing/runs/paper_suite/single_gpu/single_task/roberta_mrpc_ffn_e4_k2/hpo/ours/trial_runs/coord_03_train_grad_clip_014/ours_s2_curve.csv
