[run] method=ours candidate=coord_03_train_grad_clip_008 seed=3 steps=150 gpu=0
[run] cmd=
/home/zhujjing/anaconda3/envs/moe/bin/python /home/zhujjing/MOE-grad-conflict-routing/scripts/run.py --config configs/singletask_mrpc_real.yaml --set model.backbone_backend=hf --set model.hf_load_pretrained=true --set model.backbone=roberta --set model.hf_pretrained_name=roberta-base --set model.expert_type=ffn --set model.routing_mode=topk --set model.num_experts=4 --set model.top_k=2 --set seed=3 --set method.name=ours --set train.steps=150 --set train.eval_every_steps=50 --set method.ours.use_load_norm=true --set method.ours.lambda_align=0.001 --set train.grad_clip=1.108977408 --set train.lr=4.233346635e-05 --set train.weight_decay=0.02576137036 --out /home/zhujjing/MOE-grad-conflict-routing/runs/paper_suite/single_gpu/single_task/roberta_mrpc_ffn_e4_k2/hpo/ours/trial_runs/coord_03_train_grad_clip_008/ours_s3.json --curve_out /home/zhujjing/MOE-grad-conflict-routing/runs/paper_suite/single_gpu/single_task/roberta_mrpc_ffn_e4_k2/hpo/ours/trial_runs/coord_03_train_grad_clip_008/ours_s3_curve.csv
Using the latest cached version of the dataset since glue couldn't be found on the Hugging Face Hub (offline mode is enabled).
Found the latest cached dataset configuration 'mrpc' at /home/zhujjing/hf_cache/datasets/glue/mrpc/0.0.0/bcdcba79d07bc864c1c254ccfcedcce55bcc9a8c (last modified on Thu Mar 19 15:01:06 2026).
/home/zhujjing/anaconda3/envs/moe/lib/python3.10/site-packages/transformers/utils/hub.py:124: FutureWarning: Using `TRANSFORMERS_CACHE` is deprecated and will be removed in v5 of Transformers. Use `HF_HOME` instead.
  warnings.warn(
Some weights of RobertaModel were not initialized from the model checkpoint at roberta-base and are newly initialized: ['roberta.pooler.dense.bias', 'roberta.pooler.dense.weight']
You should probably TRAIN this model on a down-stream task to be able to use it for predictions and inference.
[step 0001/150] method=ours loss=0.6914 train_acc=nan train_loss=nan val_acc=nan val_loss=nan best=-1.0000
[step 0010/150] method=ours loss=0.7030 train_acc=nan train_loss=nan val_acc=nan val_loss=nan best=-1.0000
[step 0020/150] method=ours loss=0.7050 train_acc=nan train_loss=nan val_acc=nan val_loss=nan best=-1.0000
[step 0030/150] method=ours loss=0.5093 train_acc=nan train_loss=nan val_acc=nan val_loss=nan best=-1.0000
[step 0040/150] method=ours loss=0.5648 train_acc=nan train_loss=nan val_acc=nan val_loss=nan best=-1.0000
[step 0050/150] method=ours loss=0.5418 train_acc=0.7470 train_loss=0.4805 val_acc=0.7279 val_loss=0.4872 router_H=0.5510 best=0.7279
           router_load=[0.6948504447937012, 0.0, 0.3051494061946869, 0.0]
[step 0060/150] method=ours loss=0.4748 train_acc=0.7470 train_loss=0.4805 val_acc=0.7279 val_loss=0.4872 router_H=0.5510 best=0.7279
           router_load=[0.6948504447937012, 0.0, 0.3051494061946869, 0.0]
[step 0070/150] method=ours loss=0.3292 train_acc=0.7470 train_loss=0.4805 val_acc=0.7279 val_loss=0.4872 router_H=0.5510 best=0.7279
           router_load=[0.6948504447937012, 0.0, 0.3051494061946869, 0.0]
[step 0080/150] method=ours loss=0.4323 train_acc=0.7470 train_loss=0.4805 val_acc=0.7279 val_loss=0.4872 router_H=0.5510 best=0.7279
           router_load=[0.6948504447937012, 0.0, 0.3051494061946869, 0.0]
[step 0090/150] method=ours loss=0.5629 train_acc=0.7470 train_loss=0.4805 val_acc=0.7279 val_loss=0.4872 router_H=0.5510 best=0.7279
           router_load=[0.6948504447937012, 0.0, 0.3051494061946869, 0.0]
[step 0100/150] method=ours loss=0.6746 train_acc=0.5823 train_loss=0.6397 val_acc=0.5441 val_loss=0.6510 router_H=0.6524 best=0.7279
           router_load=[0.6126336455345154, 0.0, 0.3873663544654846, 0.0]
[step 0110/150] method=ours loss=0.6472 train_acc=0.5823 train_loss=0.6397 val_acc=0.5441 val_loss=0.6510 router_H=0.6524 best=0.7279
           router_load=[0.6126336455345154, 0.0, 0.3873663544654846, 0.0]
[step 0120/150] method=ours loss=0.4548 train_acc=0.5823 train_loss=0.6397 val_acc=0.5441 val_loss=0.6510 router_H=0.6524 best=0.7279
           router_load=[0.6126336455345154, 0.0, 0.3873663544654846, 0.0]
[step 0130/150] method=ours loss=0.4298 train_acc=0.5823 train_loss=0.6397 val_acc=0.5441 val_loss=0.6510 router_H=0.6524 best=0.7279
           router_load=[0.6126336455345154, 0.0, 0.3873663544654846, 0.0]
[step 0140/150] method=ours loss=0.5934 train_acc=0.5823 train_loss=0.6397 val_acc=0.5441 val_loss=0.6510 router_H=0.6524 best=0.7279
           router_load=[0.6126336455345154, 0.0, 0.3873663544654846, 0.0]
[step 0150/150] method=ours loss=0.7269 train_acc=0.8501 train_loss=0.3550 val_acc=0.8456 val_loss=0.3593 router_H=0.4691 best=0.8456
           router_load=[0.7490770220756531, 0.0, 0.20427890121936798, 0.04664423316717148]
saved summary -> /home/zhujjing/MOE-grad-conflict-routing/runs/paper_suite/single_gpu/single_task/roberta_mrpc_ffn_e4_k2/hpo/ours/trial_runs/coord_03_train_grad_clip_008/ours_s3.json
saved curve -> /home/zhujjing/MOE-grad-conflict-routing/runs/paper_suite/single_gpu/single_task/roberta_mrpc_ffn_e4_k2/hpo/ours/trial_runs/coord_03_train_grad_clip_008/ours_s3_curve.csv
