[run] method=ours candidate=coord_03_train_grad_clip_000 seed=3 steps=150 gpu=0
[run] cmd=
/home/zhujjing/anaconda3/envs/moe/bin/python /home/zhujjing/MOE-grad-conflict-routing/scripts/run.py --config configs/singletask_mrpc_real.yaml --set model.backbone_backend=hf --set model.hf_load_pretrained=true --set model.backbone=roberta --set model.hf_pretrained_name=roberta-base --set model.expert_type=ffn --set model.routing_mode=topk --set model.num_experts=4 --set model.top_k=2 --set seed=3 --set method.name=ours --set train.steps=150 --set train.eval_every_steps=50 --set method.ours.use_load_norm=true --set method.ours.lambda_align=0.001 --set train.grad_clip=1.516011677 --set train.lr=4.233346635e-05 --set train.weight_decay=0.02576137036 --out /home/zhujjing/MOE-grad-conflict-routing/runs/paper_suite/single_gpu/single_task/roberta_mrpc_ffn_e4_k2/hpo/ours/trial_runs/coord_03_train_grad_clip_000/ours_s3.json --curve_out /home/zhujjing/MOE-grad-conflict-routing/runs/paper_suite/single_gpu/single_task/roberta_mrpc_ffn_e4_k2/hpo/ours/trial_runs/coord_03_train_grad_clip_000/ours_s3_curve.csv
Using the latest cached version of the dataset since glue couldn't be found on the Hugging Face Hub (offline mode is enabled).
Found the latest cached dataset configuration 'mrpc' at /home/zhujjing/hf_cache/datasets/glue/mrpc/0.0.0/bcdcba79d07bc864c1c254ccfcedcce55bcc9a8c (last modified on Thu Mar 19 15:01:06 2026).
/home/zhujjing/anaconda3/envs/moe/lib/python3.10/site-packages/transformers/utils/hub.py:124: FutureWarning: Using `TRANSFORMERS_CACHE` is deprecated and will be removed in v5 of Transformers. Use `HF_HOME` instead.
  warnings.warn(
Some weights of RobertaModel were not initialized from the model checkpoint at roberta-base and are newly initialized: ['roberta.pooler.dense.bias', 'roberta.pooler.dense.weight']
You should probably TRAIN this model on a down-stream task to be able to use it for predictions and inference.
[step 0001/150] method=ours loss=0.6933 train_acc=nan train_loss=nan val_acc=nan val_loss=nan best=-1.0000
[step 0010/150] method=ours loss=0.6461 train_acc=nan train_loss=nan val_acc=nan val_loss=nan best=-1.0000
[step 0020/150] method=ours loss=0.5871 train_acc=nan train_loss=nan val_acc=nan val_loss=nan best=-1.0000
[step 0030/150] method=ours loss=0.5689 train_acc=nan train_loss=nan val_acc=nan val_loss=nan best=-1.0000
[step 0040/150] method=ours loss=0.5698 train_acc=nan train_loss=nan val_acc=nan val_loss=nan best=-1.0000
[step 0050/150] method=ours loss=0.4368 train_acc=0.7898 train_loss=0.4339 val_acc=0.7917 val_loss=0.4200 router_H=0.4525 best=0.7917
           router_load=[0.0019714690279215574, 0.6020984053611755, 0.0005137489060871303, 0.39541640877723694]
[step 0060/150] method=ours loss=0.5844 train_acc=0.7898 train_loss=0.4339 val_acc=0.7917 val_loss=0.4200 router_H=0.4525 best=0.7917
           router_load=[0.0019714690279215574, 0.6020984053611755, 0.0005137489060871303, 0.39541640877723694]
[step 0070/150] method=ours loss=0.3397 train_acc=0.7898 train_loss=0.4339 val_acc=0.7917 val_loss=0.4200 router_H=0.4525 best=0.7917
           router_load=[0.0019714690279215574, 0.6020984053611755, 0.0005137489060871303, 0.39541640877723694]
[step 0080/150] method=ours loss=0.2942 train_acc=0.7898 train_loss=0.4339 val_acc=0.7917 val_loss=0.4200 router_H=0.4525 best=0.7917
           router_load=[0.0019714690279215574, 0.6020984053611755, 0.0005137489060871303, 0.39541640877723694]
[step 0090/150] method=ours loss=0.6555 train_acc=0.7898 train_loss=0.4339 val_acc=0.7917 val_loss=0.4200 router_H=0.4525 best=0.7917
           router_load=[0.0019714690279215574, 0.6020984053611755, 0.0005137489060871303, 0.39541640877723694]
[step 0100/150] method=ours loss=0.7745 train_acc=0.8233 train_loss=0.4314 val_acc=0.8064 val_loss=0.4494 router_H=0.3658 best=0.8064
           router_load=[0.006743832025676966, 0.6026164293289185, 0.046110596507787704, 0.34452909231185913]
[step 0110/150] method=ours loss=0.4861 train_acc=0.8233 train_loss=0.4314 val_acc=0.8064 val_loss=0.4494 router_H=0.3658 best=0.8064
           router_load=[0.006743832025676966, 0.6026164293289185, 0.046110596507787704, 0.34452909231185913]
[step 0120/150] method=ours loss=0.3122 train_acc=0.8233 train_loss=0.4314 val_acc=0.8064 val_loss=0.4494 router_H=0.3658 best=0.8064
           router_load=[0.006743832025676966, 0.6026164293289185, 0.046110596507787704, 0.34452909231185913]
[step 0130/150] method=ours loss=0.6530 train_acc=0.8233 train_loss=0.4314 val_acc=0.8064 val_loss=0.4494 router_H=0.3658 best=0.8064
           router_load=[0.006743832025676966, 0.6026164293289185, 0.046110596507787704, 0.34452909231185913]
[step 0140/150] method=ours loss=0.5674 train_acc=0.8233 train_loss=0.4314 val_acc=0.8064 val_loss=0.4494 router_H=0.3658 best=0.8064
           router_load=[0.006743832025676966, 0.6026164293289185, 0.046110596507787704, 0.34452909231185913]
[step 0150/150] method=ours loss=0.5216 train_acc=0.8525 train_loss=0.3549 val_acc=0.8260 val_loss=0.3695 router_H=0.3035 best=0.8260
           router_load=[0.000281542626908049, 0.820583701133728, 0.04079710692167282, 0.13833747804164886]
saved summary -> /home/zhujjing/MOE-grad-conflict-routing/runs/paper_suite/single_gpu/single_task/roberta_mrpc_ffn_e4_k2/hpo/ours/trial_runs/coord_03_train_grad_clip_000/ours_s3.json
saved curve -> /home/zhujjing/MOE-grad-conflict-routing/runs/paper_suite/single_gpu/single_task/roberta_mrpc_ffn_e4_k2/hpo/ours/trial_runs/coord_03_train_grad_clip_000/ours_s3_curve.csv
