[run] method=ours candidate=coord_03_train_grad_clip_001 seed=3 steps=150 gpu=0
[run] cmd=
/home/zhujjing/anaconda3/envs/moe/bin/python /home/zhujjing/MOE-grad-conflict-routing/scripts/run.py --config configs/singletask_mrpc_real.yaml --set model.backbone_backend=hf --set model.hf_load_pretrained=true --set model.backbone=roberta --set model.hf_pretrained_name=roberta-base --set model.expert_type=ffn --set model.routing_mode=topk --set model.num_experts=4 --set model.top_k=2 --set seed=3 --set method.name=ours --set train.steps=150 --set train.eval_every_steps=50 --set method.ours.use_load_norm=true --set method.ours.lambda_align=0.001 --set train.grad_clip=1.764511791 --set train.lr=4.233346635e-05 --set train.weight_decay=0.02576137036 --out /home/zhujjing/MOE-grad-conflict-routing/runs/paper_suite/single_gpu/single_task/roberta_mrpc_ffn_e4_k2/hpo/ours/trial_runs/coord_03_train_grad_clip_001/ours_s3.json --curve_out /home/zhujjing/MOE-grad-conflict-routing/runs/paper_suite/single_gpu/single_task/roberta_mrpc_ffn_e4_k2/hpo/ours/trial_runs/coord_03_train_grad_clip_001/ours_s3_curve.csv
Using the latest cached version of the dataset since glue couldn't be found on the Hugging Face Hub (offline mode is enabled).
Found the latest cached dataset configuration 'mrpc' at /home/zhujjing/hf_cache/datasets/glue/mrpc/0.0.0/bcdcba79d07bc864c1c254ccfcedcce55bcc9a8c (last modified on Thu Mar 19 15:01:06 2026).
/home/zhujjing/anaconda3/envs/moe/lib/python3.10/site-packages/transformers/utils/hub.py:124: FutureWarning: Using `TRANSFORMERS_CACHE` is deprecated and will be removed in v5 of Transformers. Use `HF_HOME` instead.
  warnings.warn(
Some weights of RobertaModel were not initialized from the model checkpoint at roberta-base and are newly initialized: ['roberta.pooler.dense.bias', 'roberta.pooler.dense.weight']
You should probably TRAIN this model on a down-stream task to be able to use it for predictions and inference.
[step 0001/150] method=ours loss=0.6764 train_acc=nan train_loss=nan val_acc=nan val_loss=nan best=-1.0000
[step 0010/150] method=ours loss=0.6886 train_acc=nan train_loss=nan val_acc=nan val_loss=nan best=-1.0000
[step 0020/150] method=ours loss=0.6749 train_acc=nan train_loss=nan val_acc=nan val_loss=nan best=-1.0000
[step 0030/150] method=ours loss=0.4666 train_acc=nan train_loss=nan val_acc=nan val_loss=nan best=-1.0000
[step 0040/150] method=ours loss=0.6447 train_acc=nan train_loss=nan val_acc=nan val_loss=nan best=-1.0000
[step 0050/150] method=ours loss=0.3522 train_acc=0.7805 train_loss=0.4765 val_acc=0.7696 val_loss=0.4776 router_H=0.3752 best=0.7696
           router_load=[0.831511914730072, 0.011810329742729664, 0.15667778253555298, 0.0]
[step 0060/150] method=ours loss=0.7817 train_acc=0.7805 train_loss=0.4765 val_acc=0.7696 val_loss=0.4776 router_H=0.3752 best=0.7696
           router_load=[0.831511914730072, 0.011810329742729664, 0.15667778253555298, 0.0]
[step 0070/150] method=ours loss=0.3560 train_acc=0.7805 train_loss=0.4765 val_acc=0.7696 val_loss=0.4776 router_H=0.3752 best=0.7696
           router_load=[0.831511914730072, 0.011810329742729664, 0.15667778253555298, 0.0]
[step 0080/150] method=ours loss=0.4209 train_acc=0.7805 train_loss=0.4765 val_acc=0.7696 val_loss=0.4776 router_H=0.3752 best=0.7696
           router_load=[0.831511914730072, 0.011810329742729664, 0.15667778253555298, 0.0]
[step 0090/150] method=ours loss=0.7876 train_acc=0.7805 train_loss=0.4765 val_acc=0.7696 val_loss=0.4776 router_H=0.3752 best=0.7696
           router_load=[0.831511914730072, 0.011810329742729664, 0.15667778253555298, 0.0]
[step 0100/150] method=ours loss=0.6019 train_acc=0.8326 train_loss=0.3997 val_acc=0.8137 val_loss=0.4227 router_H=0.4233 best=0.8137
           router_load=[0.7665674090385437, 0.04300566762685776, 0.18713942170143127, 0.0032874001190066338]
[step 0110/150] method=ours loss=0.5905 train_acc=0.8326 train_loss=0.3997 val_acc=0.8137 val_loss=0.4227 router_H=0.4233 best=0.8137
           router_load=[0.7665674090385437, 0.04300566762685776, 0.18713942170143127, 0.0032874001190066338]
[step 0120/150] method=ours loss=0.4918 train_acc=0.8326 train_loss=0.3997 val_acc=0.8137 val_loss=0.4227 router_H=0.4233 best=0.8137
           router_load=[0.7665674090385437, 0.04300566762685776, 0.18713942170143127, 0.0032874001190066338]
[step 0130/150] method=ours loss=0.4004 train_acc=0.8326 train_loss=0.3997 val_acc=0.8137 val_loss=0.4227 router_H=0.4233 best=0.8137
           router_load=[0.7665674090385437, 0.04300566762685776, 0.18713942170143127, 0.0032874001190066338]
[step 0140/150] method=ours loss=0.6525 train_acc=0.8326 train_loss=0.3997 val_acc=0.8137 val_loss=0.4227 router_H=0.4233 best=0.8137
           router_load=[0.7665674090385437, 0.04300566762685776, 0.18713942170143127, 0.0032874001190066338]
[step 0150/150] method=ours loss=0.4635 train_acc=0.8481 train_loss=0.3816 val_acc=0.8211 val_loss=0.4284 router_H=0.2954 best=0.8211
           router_load=[0.8602386713027954, 0.031407520174980164, 0.10779209434986115, 0.0005617344286292791]
saved summary -> /home/zhujjing/MOE-grad-conflict-routing/runs/paper_suite/single_gpu/single_task/roberta_mrpc_ffn_e4_k2/hpo/ours/trial_runs/coord_03_train_grad_clip_001/ours_s3.json
saved curve -> /home/zhujjing/MOE-grad-conflict-routing/runs/paper_suite/single_gpu/single_task/roberta_mrpc_ffn_e4_k2/hpo/ours/trial_runs/coord_03_train_grad_clip_001/ours_s3_curve.csv
