[run] method=cagrad candidate=local_var_topk_011 seed=3 steps=150 gpu=0
[run] cmd=
/home/zhujjing/anaconda3/envs/moe/bin/python /home/zhujjing/MOE-grad-conflict-routing/scripts/run.py --config configs/singletask_rte_real.yaml --set model.backbone_backend=hf --set model.hf_load_pretrained=true --set model.backbone=roberta --set model.hf_pretrained_name=roberta-base --set model.expert_type=lora --set model.routing_mode=topk --set model.num_experts=4 --set model.top_k=2 --set seed=3 --set method.name=baseline_cagrad --set train.steps=150 --set train.eval_every_steps=50 --set method.baseline_cagrad.c=0.4 --set method.baseline_cagrad.inner_lr=0.0365494571 --set train.grad_clip=1.3 --set train.lr=2.4103519e-05 --set train.weight_decay=0.03456878451 --out /home/zhujjing/MOE-grad-conflict-routing/runs/paper_suite/single_gpu/single_task/roberta_rte_lora_e4_k2/hpo/cagrad/trial_runs/local_var_topk_011/cagrad_s3.json --curve_out /home/zhujjing/MOE-grad-conflict-routing/runs/paper_suite/single_gpu/single_task/roberta_rte_lora_e4_k2/hpo/cagrad/trial_runs/local_var_topk_011/cagrad_s3_curve.csv
Using the latest cached version of the dataset since glue couldn't be found on the Hugging Face Hub (offline mode is enabled).
Found the latest cached dataset configuration 'rte' at /home/zhujjing/hf_cache/datasets/glue/rte/0.0.0/bcdcba79d07bc864c1c254ccfcedcce55bcc9a8c (last modified on Thu Mar 19 15:00:36 2026).
/home/zhujjing/anaconda3/envs/moe/lib/python3.10/site-packages/transformers/utils/hub.py:124: FutureWarning: Using `TRANSFORMERS_CACHE` is deprecated and will be removed in v5 of Transformers. Use `HF_HOME` instead.
  warnings.warn(
Some weights of RobertaModel were not initialized from the model checkpoint at roberta-base and are newly initialized: ['roberta.pooler.dense.bias', 'roberta.pooler.dense.weight']
You should probably TRAIN this model on a down-stream task to be able to use it for predictions and inference.
[step 0001/150] method=baseline_cagrad loss=0.6977 train_acc=nan train_loss=nan val_acc=nan val_loss=nan best=-1.0000
[step 0010/150] method=baseline_cagrad loss=0.6857 train_acc=nan train_loss=nan val_acc=nan val_loss=nan best=-1.0000
[step 0020/150] method=baseline_cagrad loss=0.7129 train_acc=nan train_loss=nan val_acc=nan val_loss=nan best=-1.0000
[step 0030/150] method=baseline_cagrad loss=0.6558 train_acc=nan train_loss=nan val_acc=nan val_loss=nan best=-1.0000
[step 0040/150] method=baseline_cagrad loss=0.6636 train_acc=nan train_loss=nan val_acc=nan val_loss=nan best=-1.0000
[step 0050/150] method=baseline_cagrad loss=0.6722 train_acc=0.6004 train_loss=0.6616 val_acc=0.5776 val_loss=0.6983 router_H=0.6923 best=0.5776
           router_load=[0.4986509382724762, 0.4995671212673187, 0.0, 0.0017817993648350239]
[step 0060/150] method=baseline_cagrad loss=0.5701 train_acc=0.6004 train_loss=0.6616 val_acc=0.5776 val_loss=0.6983 router_H=0.6923 best=0.5776
           router_load=[0.4986509382724762, 0.4995671212673187, 0.0, 0.0017817993648350239]
[step 0070/150] method=baseline_cagrad loss=0.6706 train_acc=0.6004 train_loss=0.6616 val_acc=0.5776 val_loss=0.6983 router_H=0.6923 best=0.5776
           router_load=[0.4986509382724762, 0.4995671212673187, 0.0, 0.0017817993648350239]
[step 0080/150] method=baseline_cagrad loss=0.5625 train_acc=0.6004 train_loss=0.6616 val_acc=0.5776 val_loss=0.6983 router_H=0.6923 best=0.5776
           router_load=[0.4986509382724762, 0.4995671212673187, 0.0, 0.0017817993648350239]
[step 0090/150] method=baseline_cagrad loss=0.5735 train_acc=0.6004 train_loss=0.6616 val_acc=0.5776 val_loss=0.6983 router_H=0.6923 best=0.5776
           router_load=[0.4986509382724762, 0.4995671212673187, 0.0, 0.0017817993648350239]
[step 0100/150] method=baseline_cagrad loss=0.7503 train_acc=0.7028 train_loss=0.5884 val_acc=0.6751 val_loss=0.6293 router_H=0.6913 best=0.6751
           router_load=[0.5168267488479614, 0.472469300031662, 0.0053687551990151405, 0.005335148423910141]
[step 0110/150] method=baseline_cagrad loss=0.6177 train_acc=0.7028 train_loss=0.5884 val_acc=0.6751 val_loss=0.6293 router_H=0.6913 best=0.6751
           router_load=[0.5168267488479614, 0.472469300031662, 0.0053687551990151405, 0.005335148423910141]
[step 0120/150] method=baseline_cagrad loss=0.6325 train_acc=0.7028 train_loss=0.5884 val_acc=0.6751 val_loss=0.6293 router_H=0.6913 best=0.6751
           router_load=[0.5168267488479614, 0.472469300031662, 0.0053687551990151405, 0.005335148423910141]
[step 0130/150] method=baseline_cagrad loss=0.7090 train_acc=0.7028 train_loss=0.5884 val_acc=0.6751 val_loss=0.6293 router_H=0.6913 best=0.6751
           router_load=[0.5168267488479614, 0.472469300031662, 0.0053687551990151405, 0.005335148423910141]
[step 0140/150] method=baseline_cagrad loss=0.6710 train_acc=0.7028 train_loss=0.5884 val_acc=0.6751 val_loss=0.6293 router_H=0.6913 best=0.6751
           router_load=[0.5168267488479614, 0.472469300031662, 0.0053687551990151405, 0.005335148423910141]
[step 0150/150] method=baseline_cagrad loss=0.5774 train_acc=0.7185 train_loss=0.5633 val_acc=0.6534 val_loss=0.6201 router_H=0.6895 best=0.6751
           router_load=[0.5396052598953247, 0.4135788381099701, 0.04515213146805763, 0.001663826871663332]
saved summary -> /home/zhujjing/MOE-grad-conflict-routing/runs/paper_suite/single_gpu/single_task/roberta_rte_lora_e4_k2/hpo/cagrad/trial_runs/local_var_topk_011/cagrad_s3.json
saved curve -> /home/zhujjing/MOE-grad-conflict-routing/runs/paper_suite/single_gpu/single_task/roberta_rte_lora_e4_k2/hpo/cagrad/trial_runs/local_var_topk_011/cagrad_s3_curve.csv
