[run] method=cagrad candidate=local_var_topk_004 seed=2 steps=150 gpu=0
[run] cmd=
/home/zhujjing/anaconda3/envs/moe/bin/python /home/zhujjing/MOE-grad-conflict-routing/scripts/run.py --config configs/singletask_rte_real.yaml --set model.backbone_backend=hf --set model.hf_load_pretrained=true --set model.backbone=roberta --set model.hf_pretrained_name=roberta-base --set model.expert_type=lora --set model.routing_mode=topk --set model.num_experts=4 --set model.top_k=2 --set seed=2 --set method.name=baseline_cagrad --set train.steps=150 --set train.eval_every_steps=50 --set method.baseline_cagrad.c=0.4 --set method.baseline_cagrad.inner_lr=0.07309891419 --set train.grad_clip=1 --set train.lr=1.205176e-05 --set train.weight_decay=0.03456878451 --out /home/zhujjing/MOE-grad-conflict-routing/runs/paper_suite/single_gpu/single_task/roberta_rte_lora_e4_k2/hpo/cagrad/trial_runs/local_var_topk_004/cagrad_s2.json --curve_out /home/zhujjing/MOE-grad-conflict-routing/runs/paper_suite/single_gpu/single_task/roberta_rte_lora_e4_k2/hpo/cagrad/trial_runs/local_var_topk_004/cagrad_s2_curve.csv
Using the latest cached version of the dataset since glue couldn't be found on the Hugging Face Hub (offline mode is enabled).
Found the latest cached dataset configuration 'rte' at /home/zhujjing/hf_cache/datasets/glue/rte/0.0.0/bcdcba79d07bc864c1c254ccfcedcce55bcc9a8c (last modified on Thu Mar 19 15:00:36 2026).
/home/zhujjing/anaconda3/envs/moe/lib/python3.10/site-packages/transformers/utils/hub.py:124: FutureWarning: Using `TRANSFORMERS_CACHE` is deprecated and will be removed in v5 of Transformers. Use `HF_HOME` instead.
  warnings.warn(
Some weights of RobertaModel were not initialized from the model checkpoint at roberta-base and are newly initialized: ['roberta.pooler.dense.bias', 'roberta.pooler.dense.weight']
You should probably TRAIN this model on a down-stream task to be able to use it for predictions and inference.
[step 0001/150] method=baseline_cagrad loss=0.7249 train_acc=nan train_loss=nan val_acc=nan val_loss=nan best=-1.0000
[step 0010/150] method=baseline_cagrad loss=0.7695 train_acc=nan train_loss=nan val_acc=nan val_loss=nan best=-1.0000
[step 0020/150] method=baseline_cagrad loss=0.6814 train_acc=nan train_loss=nan val_acc=nan val_loss=nan best=-1.0000
[step 0030/150] method=baseline_cagrad loss=0.7011 train_acc=nan train_loss=nan val_acc=nan val_loss=nan best=-1.0000
[step 0040/150] method=baseline_cagrad loss=0.6974 train_acc=nan train_loss=nan val_acc=nan val_loss=nan best=-1.0000
[step 0050/150] method=baseline_cagrad loss=0.5738 train_acc=0.5016 train_loss=0.7035 val_acc=0.5271 val_loss=0.6930 router_H=0.6926 best=0.5271
           router_load=[0.0, 0.053145378828048706, 0.47665417194366455, 0.4702005088329315]
[step 0060/150] method=baseline_cagrad loss=0.6793 train_acc=0.5016 train_loss=0.7035 val_acc=0.5271 val_loss=0.6930 router_H=0.6926 best=0.5271
           router_load=[0.0, 0.053145378828048706, 0.47665417194366455, 0.4702005088329315]
[step 0070/150] method=baseline_cagrad loss=0.6773 train_acc=0.5016 train_loss=0.7035 val_acc=0.5271 val_loss=0.6930 router_H=0.6926 best=0.5271
           router_load=[0.0, 0.053145378828048706, 0.47665417194366455, 0.4702005088329315]
[step 0080/150] method=baseline_cagrad loss=0.6788 train_acc=0.5016 train_loss=0.7035 val_acc=0.5271 val_loss=0.6930 router_H=0.6926 best=0.5271
           router_load=[0.0, 0.053145378828048706, 0.47665417194366455, 0.4702005088329315]
[step 0090/150] method=baseline_cagrad loss=0.7853 train_acc=0.5016 train_loss=0.7035 val_acc=0.5271 val_loss=0.6930 router_H=0.6926 best=0.5271
           router_load=[0.0, 0.053145378828048706, 0.47665417194366455, 0.4702005088329315]
[step 0100/150] method=baseline_cagrad loss=0.6563 train_acc=0.6153 train_loss=0.6427 val_acc=0.5523 val_loss=0.6784 router_H=0.6923 best=0.5523
           router_load=[0.08961713314056396, 0.41584205627441406, 0.34264349937438965, 0.1518974006175995]
[step 0110/150] method=baseline_cagrad loss=0.6207 train_acc=0.6153 train_loss=0.6427 val_acc=0.5523 val_loss=0.6784 router_H=0.6923 best=0.5523
           router_load=[0.08961713314056396, 0.41584205627441406, 0.34264349937438965, 0.1518974006175995]
[step 0120/150] method=baseline_cagrad loss=0.6164 train_acc=0.6153 train_loss=0.6427 val_acc=0.5523 val_loss=0.6784 router_H=0.6923 best=0.5523
           router_load=[0.08961713314056396, 0.41584205627441406, 0.34264349937438965, 0.1518974006175995]
[step 0130/150] method=baseline_cagrad loss=0.6291 train_acc=0.6153 train_loss=0.6427 val_acc=0.5523 val_loss=0.6784 router_H=0.6923 best=0.5523
           router_load=[0.08961713314056396, 0.41584205627441406, 0.34264349937438965, 0.1518974006175995]
[step 0140/150] method=baseline_cagrad loss=0.5774 train_acc=0.6153 train_loss=0.6427 val_acc=0.5523 val_loss=0.6784 router_H=0.6923 best=0.5523
           router_load=[0.08961713314056396, 0.41584205627441406, 0.34264349937438965, 0.1518974006175995]
[step 0150/150] method=baseline_cagrad loss=0.5970 train_acc=0.6932 train_loss=0.6083 val_acc=0.6282 val_loss=0.6309 router_H=0.6925 best=0.6282
           router_load=[0.007019599433988333, 0.21573776006698608, 0.42604318261146545, 0.35119950771331787]
saved summary -> /home/zhujjing/MOE-grad-conflict-routing/runs/paper_suite/single_gpu/single_task/roberta_rte_lora_e4_k2/hpo/cagrad/trial_runs/local_var_topk_004/cagrad_s2.json
saved curve -> /home/zhujjing/MOE-grad-conflict-routing/runs/paper_suite/single_gpu/single_task/roberta_rte_lora_e4_k2/hpo/cagrad/trial_runs/local_var_topk_004/cagrad_s2_curve.csv
