[run] method=cagrad candidate=local_var_topk_001 seed=3 steps=150 gpu=0
[run] cmd=
/home/zhujjing/anaconda3/envs/moe/bin/python /home/zhujjing/MOE-grad-conflict-routing/scripts/run.py --config configs/singletask_rte_real.yaml --set model.backbone_backend=hf --set model.hf_load_pretrained=true --set model.backbone=roberta --set model.hf_pretrained_name=roberta-base --set model.expert_type=lora --set model.routing_mode=topk --set model.num_experts=4 --set model.top_k=2 --set seed=3 --set method.name=baseline_cagrad --set train.steps=150 --set train.eval_every_steps=50 --set method.baseline_cagrad.c=0.4 --set method.baseline_cagrad.inner_lr=0.0365494571 --set train.grad_clip=1 --set train.lr=1.205176e-05 --set train.weight_decay=0.03456878451 --out /home/zhujjing/MOE-grad-conflict-routing/runs/paper_suite/single_gpu/single_task/roberta_rte_lora_e4_k2/hpo/cagrad/trial_runs/local_var_topk_001/cagrad_s3.json --curve_out /home/zhujjing/MOE-grad-conflict-routing/runs/paper_suite/single_gpu/single_task/roberta_rte_lora_e4_k2/hpo/cagrad/trial_runs/local_var_topk_001/cagrad_s3_curve.csv
Using the latest cached version of the dataset since glue couldn't be found on the Hugging Face Hub (offline mode is enabled).
Found the latest cached dataset configuration 'rte' at /home/zhujjing/hf_cache/datasets/glue/rte/0.0.0/bcdcba79d07bc864c1c254ccfcedcce55bcc9a8c (last modified on Thu Mar 19 15:00:36 2026).
/home/zhujjing/anaconda3/envs/moe/lib/python3.10/site-packages/transformers/utils/hub.py:124: FutureWarning: Using `TRANSFORMERS_CACHE` is deprecated and will be removed in v5 of Transformers. Use `HF_HOME` instead.
  warnings.warn(
Some weights of RobertaModel were not initialized from the model checkpoint at roberta-base and are newly initialized: ['roberta.pooler.dense.bias', 'roberta.pooler.dense.weight']
You should probably TRAIN this model on a down-stream task to be able to use it for predictions and inference.
[step 0001/150] method=baseline_cagrad loss=0.7171 train_acc=nan train_loss=nan val_acc=nan val_loss=nan best=-1.0000
[step 0010/150] method=baseline_cagrad loss=0.6997 train_acc=nan train_loss=nan val_acc=nan val_loss=nan best=-1.0000
[step 0020/150] method=baseline_cagrad loss=0.6918 train_acc=nan train_loss=nan val_acc=nan val_loss=nan best=-1.0000
[step 0030/150] method=baseline_cagrad loss=0.6771 train_acc=nan train_loss=nan val_acc=nan val_loss=nan best=-1.0000
[step 0040/150] method=baseline_cagrad loss=0.6732 train_acc=nan train_loss=nan val_acc=nan val_loss=nan best=-1.0000
[step 0050/150] method=baseline_cagrad loss=0.6660 train_acc=0.6137 train_loss=0.6709 val_acc=0.5523 val_loss=0.6861 router_H=0.6897 best=0.5523
           router_load=[0.0, 0.5378450751304626, 0.0, 0.46215489506721497]
[step 0060/150] method=baseline_cagrad loss=0.6189 train_acc=0.6137 train_loss=0.6709 val_acc=0.5523 val_loss=0.6861 router_H=0.6897 best=0.5523
           router_load=[0.0, 0.5378450751304626, 0.0, 0.46215489506721497]
[step 0070/150] method=baseline_cagrad loss=0.6853 train_acc=0.6137 train_loss=0.6709 val_acc=0.5523 val_loss=0.6861 router_H=0.6897 best=0.5523
           router_load=[0.0, 0.5378450751304626, 0.0, 0.46215489506721497]
[step 0080/150] method=baseline_cagrad loss=0.5724 train_acc=0.6137 train_loss=0.6709 val_acc=0.5523 val_loss=0.6861 router_H=0.6897 best=0.5523
           router_load=[0.0, 0.5378450751304626, 0.0, 0.46215489506721497]
[step 0090/150] method=baseline_cagrad loss=0.4996 train_acc=0.6137 train_loss=0.6709 val_acc=0.5523 val_loss=0.6861 router_H=0.6897 best=0.5523
           router_load=[0.0, 0.5378450751304626, 0.0, 0.46215489506721497]
[step 0100/150] method=baseline_cagrad loss=0.6210 train_acc=0.7000 train_loss=0.5873 val_acc=0.6606 val_loss=0.6308 router_H=0.6790 best=0.6606
           router_load=[0.11485736817121506, 0.5783290266990662, 0.0, 0.3068135678768158]
[step 0110/150] method=baseline_cagrad loss=0.5669 train_acc=0.7000 train_loss=0.5873 val_acc=0.6606 val_loss=0.6308 router_H=0.6790 best=0.6606
           router_load=[0.11485736817121506, 0.5783290266990662, 0.0, 0.3068135678768158]
[step 0120/150] method=baseline_cagrad loss=0.7005 train_acc=0.7000 train_loss=0.5873 val_acc=0.6606 val_loss=0.6308 router_H=0.6790 best=0.6606
           router_load=[0.11485736817121506, 0.5783290266990662, 0.0, 0.3068135678768158]
[step 0130/150] method=baseline_cagrad loss=0.6577 train_acc=0.7000 train_loss=0.5873 val_acc=0.6606 val_loss=0.6308 router_H=0.6790 best=0.6606
           router_load=[0.11485736817121506, 0.5783290266990662, 0.0, 0.3068135678768158]
[step 0140/150] method=baseline_cagrad loss=0.6042 train_acc=0.7000 train_loss=0.5873 val_acc=0.6606 val_loss=0.6308 router_H=0.6790 best=0.6606
           router_load=[0.11485736817121506, 0.5783290266990662, 0.0, 0.3068135678768158]
[step 0150/150] method=baseline_cagrad loss=0.5582 train_acc=0.7586 train_loss=0.5313 val_acc=0.6643 val_loss=0.5935 router_H=0.6853 best=0.6643
           router_load=[0.08153828233480453, 0.5531008243560791, 0.0, 0.36536088585853577]
saved summary -> /home/zhujjing/MOE-grad-conflict-routing/runs/paper_suite/single_gpu/single_task/roberta_rte_lora_e4_k2/hpo/cagrad/trial_runs/local_var_topk_001/cagrad_s3.json
saved curve -> /home/zhujjing/MOE-grad-conflict-routing/runs/paper_suite/single_gpu/single_task/roberta_rte_lora_e4_k2/hpo/cagrad/trial_runs/local_var_topk_001/cagrad_s3_curve.csv
