[run] method=cagrad candidate=local_var_topk_003 seed=2 steps=150 gpu=0
[run] cmd=
/home/zhujjing/anaconda3/envs/moe/bin/python /home/zhujjing/MOE-grad-conflict-routing/scripts/run.py --config configs/singletask_rte_real.yaml --set model.backbone_backend=hf --set model.hf_load_pretrained=true --set model.backbone=roberta --set model.hf_pretrained_name=roberta-base --set model.expert_type=lora --set model.routing_mode=topk --set model.num_experts=4 --set model.top_k=2 --set seed=2 --set method.name=baseline_cagrad --set train.steps=150 --set train.eval_every_steps=50 --set method.baseline_cagrad.c=0.4 --set method.baseline_cagrad.inner_lr=0.07309891419 --set train.grad_clip=0.7 --set train.lr=1.205176e-05 --set train.weight_decay=0.03456878451 --out /home/zhujjing/MOE-grad-conflict-routing/runs/paper_suite/single_gpu/single_task/roberta_rte_lora_e4_k2/hpo/cagrad/trial_runs/local_var_topk_003/cagrad_s2.json --curve_out /home/zhujjing/MOE-grad-conflict-routing/runs/paper_suite/single_gpu/single_task/roberta_rte_lora_e4_k2/hpo/cagrad/trial_runs/local_var_topk_003/cagrad_s2_curve.csv
Using the latest cached version of the dataset since glue couldn't be found on the Hugging Face Hub (offline mode is enabled).
Found the latest cached dataset configuration 'rte' at /home/zhujjing/hf_cache/datasets/glue/rte/0.0.0/bcdcba79d07bc864c1c254ccfcedcce55bcc9a8c (last modified on Thu Mar 19 15:00:36 2026).
/home/zhujjing/anaconda3/envs/moe/lib/python3.10/site-packages/transformers/utils/hub.py:124: FutureWarning: Using `TRANSFORMERS_CACHE` is deprecated and will be removed in v5 of Transformers. Use `HF_HOME` instead.
  warnings.warn(
Some weights of RobertaModel were not initialized from the model checkpoint at roberta-base and are newly initialized: ['roberta.pooler.dense.bias', 'roberta.pooler.dense.weight']
You should probably TRAIN this model on a down-stream task to be able to use it for predictions and inference.
[step 0001/150] method=baseline_cagrad loss=0.6895 train_acc=nan train_loss=nan val_acc=nan val_loss=nan best=-1.0000
[step 0010/150] method=baseline_cagrad loss=0.8446 train_acc=nan train_loss=nan val_acc=nan val_loss=nan best=-1.0000
[step 0020/150] method=baseline_cagrad loss=0.6874 train_acc=nan train_loss=nan val_acc=nan val_loss=nan best=-1.0000
[step 0030/150] method=baseline_cagrad loss=0.7145 train_acc=nan train_loss=nan val_acc=nan val_loss=nan best=-1.0000
[step 0040/150] method=baseline_cagrad loss=0.7493 train_acc=nan train_loss=nan val_acc=nan val_loss=nan best=-1.0000
[step 0050/150] method=baseline_cagrad loss=0.6502 train_acc=0.5462 train_loss=0.6810 val_acc=0.5343 val_loss=0.6805 router_H=0.6853 best=0.5343
           router_load=[0.5617172122001648, 0.43828272819519043, 0.0, 0.0]
[step 0060/150] method=baseline_cagrad loss=0.6742 train_acc=0.5462 train_loss=0.6810 val_acc=0.5343 val_loss=0.6805 router_H=0.6853 best=0.5343
           router_load=[0.5617172122001648, 0.43828272819519043, 0.0, 0.0]
[step 0070/150] method=baseline_cagrad loss=0.6640 train_acc=0.5462 train_loss=0.6810 val_acc=0.5343 val_loss=0.6805 router_H=0.6853 best=0.5343
           router_load=[0.5617172122001648, 0.43828272819519043, 0.0, 0.0]
[step 0080/150] method=baseline_cagrad loss=0.6897 train_acc=0.5462 train_loss=0.6810 val_acc=0.5343 val_loss=0.6805 router_H=0.6853 best=0.5343
           router_load=[0.5617172122001648, 0.43828272819519043, 0.0, 0.0]
[step 0090/150] method=baseline_cagrad loss=0.7859 train_acc=0.5462 train_loss=0.6810 val_acc=0.5343 val_loss=0.6805 router_H=0.6853 best=0.5343
           router_load=[0.5617172122001648, 0.43828272819519043, 0.0, 0.0]
[step 0100/150] method=baseline_cagrad loss=0.6627 train_acc=0.6133 train_loss=0.6558 val_acc=0.5704 val_loss=0.6746 router_H=0.6817 best=0.5704
           router_load=[0.5743573307991028, 0.42411741614341736, 0.0015253002056851983, 0.0]
[step 0110/150] method=baseline_cagrad loss=0.6353 train_acc=0.6133 train_loss=0.6558 val_acc=0.5704 val_loss=0.6746 router_H=0.6817 best=0.5704
           router_load=[0.5743573307991028, 0.42411741614341736, 0.0015253002056851983, 0.0]
[step 0120/150] method=baseline_cagrad loss=0.6417 train_acc=0.6133 train_loss=0.6558 val_acc=0.5704 val_loss=0.6746 router_H=0.6817 best=0.5704
           router_load=[0.5743573307991028, 0.42411741614341736, 0.0015253002056851983, 0.0]
[step 0130/150] method=baseline_cagrad loss=0.6499 train_acc=0.6133 train_loss=0.6558 val_acc=0.5704 val_loss=0.6746 router_H=0.6817 best=0.5704
           router_load=[0.5743573307991028, 0.42411741614341736, 0.0015253002056851983, 0.0]
[step 0140/150] method=baseline_cagrad loss=0.5845 train_acc=0.6133 train_loss=0.6558 val_acc=0.5704 val_loss=0.6746 router_H=0.6817 best=0.5704
           router_load=[0.5743573307991028, 0.42411741614341736, 0.0015253002056851983, 0.0]
[step 0150/150] method=baseline_cagrad loss=0.6378 train_acc=0.6815 train_loss=0.6217 val_acc=0.6462 val_loss=0.6394 router_H=0.6808 best=0.6462
           router_load=[0.5771936774253845, 0.421357661485672, 0.0014486449072137475, 0.0]
saved summary -> /home/zhujjing/MOE-grad-conflict-routing/runs/paper_suite/single_gpu/single_task/roberta_rte_lora_e4_k2/hpo/cagrad/trial_runs/local_var_topk_003/cagrad_s2.json
saved curve -> /home/zhujjing/MOE-grad-conflict-routing/runs/paper_suite/single_gpu/single_task/roberta_rte_lora_e4_k2/hpo/cagrad/trial_runs/local_var_topk_003/cagrad_s2_curve.csv
