[run] method=cagrad candidate=local_var_topk_012 seed=3 steps=150 gpu=0
[run] cmd=
/home/zhujjing/anaconda3/envs/moe/bin/python /home/zhujjing/MOE-grad-conflict-routing/scripts/run.py --config configs/singletask_rte_real.yaml --set model.backbone_backend=hf --set model.hf_load_pretrained=true --set model.backbone=roberta --set model.hf_pretrained_name=roberta-base --set model.expert_type=lora --set model.routing_mode=topk --set model.num_experts=4 --set model.top_k=2 --set seed=3 --set method.name=baseline_cagrad --set train.steps=150 --set train.eval_every_steps=50 --set method.baseline_cagrad.c=0.4 --set method.baseline_cagrad.inner_lr=0.07309891419 --set train.grad_clip=0.7 --set train.lr=2.4103519e-05 --set train.weight_decay=0.03456878451 --out /home/zhujjing/MOE-grad-conflict-routing/runs/paper_suite/single_gpu/single_task/roberta_rte_lora_e4_k2/hpo/cagrad/trial_runs/local_var_topk_012/cagrad_s3.json --curve_out /home/zhujjing/MOE-grad-conflict-routing/runs/paper_suite/single_gpu/single_task/roberta_rte_lora_e4_k2/hpo/cagrad/trial_runs/local_var_topk_012/cagrad_s3_curve.csv
Using the latest cached version of the dataset since glue couldn't be found on the Hugging Face Hub (offline mode is enabled).
Found the latest cached dataset configuration 'rte' at /home/zhujjing/hf_cache/datasets/glue/rte/0.0.0/bcdcba79d07bc864c1c254ccfcedcce55bcc9a8c (last modified on Thu Mar 19 15:00:36 2026).
/home/zhujjing/anaconda3/envs/moe/lib/python3.10/site-packages/transformers/utils/hub.py:124: FutureWarning: Using `TRANSFORMERS_CACHE` is deprecated and will be removed in v5 of Transformers. Use `HF_HOME` instead.
  warnings.warn(
Some weights of RobertaModel were not initialized from the model checkpoint at roberta-base and are newly initialized: ['roberta.pooler.dense.bias', 'roberta.pooler.dense.weight']
You should probably TRAIN this model on a down-stream task to be able to use it for predictions and inference.
[step 0001/150] method=baseline_cagrad loss=0.6846 train_acc=nan train_loss=nan val_acc=nan val_loss=nan best=-1.0000
[step 0010/150] method=baseline_cagrad loss=0.7106 train_acc=nan train_loss=nan val_acc=nan val_loss=nan best=-1.0000
[step 0020/150] method=baseline_cagrad loss=0.7278 train_acc=nan train_loss=nan val_acc=nan val_loss=nan best=-1.0000
[step 0030/150] method=baseline_cagrad loss=0.6818 train_acc=nan train_loss=nan val_acc=nan val_loss=nan best=-1.0000
[step 0040/150] method=baseline_cagrad loss=0.6638 train_acc=nan train_loss=nan val_acc=nan val_loss=nan best=-1.0000
[step 0050/150] method=baseline_cagrad loss=0.6341 train_acc=0.6382 train_loss=0.6302 val_acc=0.5993 val_loss=0.6658 router_H=0.6743 best=0.5993
           router_load=[0.007087422534823418, 0.06068022921681404, 0.341930091381073, 0.5903022289276123]
[step 0060/150] method=baseline_cagrad loss=0.6036 train_acc=0.6382 train_loss=0.6302 val_acc=0.5993 val_loss=0.6658 router_H=0.6743 best=0.5993
           router_load=[0.007087422534823418, 0.06068022921681404, 0.341930091381073, 0.5903022289276123]
[step 0070/150] method=baseline_cagrad loss=0.7167 train_acc=0.6382 train_loss=0.6302 val_acc=0.5993 val_loss=0.6658 router_H=0.6743 best=0.5993
           router_load=[0.007087422534823418, 0.06068022921681404, 0.341930091381073, 0.5903022289276123]
[step 0080/150] method=baseline_cagrad loss=0.5488 train_acc=0.6382 train_loss=0.6302 val_acc=0.5993 val_loss=0.6658 router_H=0.6743 best=0.5993
           router_load=[0.007087422534823418, 0.06068022921681404, 0.341930091381073, 0.5903022289276123]
[step 0090/150] method=baseline_cagrad loss=0.5903 train_acc=0.6382 train_loss=0.6302 val_acc=0.5993 val_loss=0.6658 router_H=0.6743 best=0.5993
           router_load=[0.007087422534823418, 0.06068022921681404, 0.341930091381073, 0.5903022289276123]
[step 0100/150] method=baseline_cagrad loss=0.7382 train_acc=0.7237 train_loss=0.5558 val_acc=0.6606 val_loss=0.5959 router_H=0.6865 best=0.6606
           router_load=[0.0, 0.0, 0.4541322886943817, 0.5458676815032959]
[step 0110/150] method=baseline_cagrad loss=0.6682 train_acc=0.7237 train_loss=0.5558 val_acc=0.6606 val_loss=0.5959 router_H=0.6865 best=0.6606
           router_load=[0.0, 0.0, 0.4541322886943817, 0.5458676815032959]
[step 0120/150] method=baseline_cagrad loss=0.5936 train_acc=0.7237 train_loss=0.5558 val_acc=0.6606 val_loss=0.5959 router_H=0.6865 best=0.6606
           router_load=[0.0, 0.0, 0.4541322886943817, 0.5458676815032959]
[step 0130/150] method=baseline_cagrad loss=0.6516 train_acc=0.7237 train_loss=0.5558 val_acc=0.6606 val_loss=0.5959 router_H=0.6865 best=0.6606
           router_load=[0.0, 0.0, 0.4541322886943817, 0.5458676815032959]
[step 0140/150] method=baseline_cagrad loss=0.6391 train_acc=0.7237 train_loss=0.5558 val_acc=0.6606 val_loss=0.5959 router_H=0.6865 best=0.6606
           router_load=[0.0, 0.0, 0.4541322886943817, 0.5458676815032959]
[step 0150/150] method=baseline_cagrad loss=0.4940 train_acc=0.7341 train_loss=0.5373 val_acc=0.6895 val_loss=0.5959 router_H=0.6848 best=0.6895
           router_load=[0.14541584253311157, 0.012529860250651836, 0.2846493721008301, 0.5574049949645996]
saved summary -> /home/zhujjing/MOE-grad-conflict-routing/runs/paper_suite/single_gpu/single_task/roberta_rte_lora_e4_k2/hpo/cagrad/trial_runs/local_var_topk_012/cagrad_s3.json
saved curve -> /home/zhujjing/MOE-grad-conflict-routing/runs/paper_suite/single_gpu/single_task/roberta_rte_lora_e4_k2/hpo/cagrad/trial_runs/local_var_topk_012/cagrad_s3_curve.csv
