[run] method=cagrad candidate=local_var_topk_016 seed=3 steps=150 gpu=0
[run] cmd=
/home/zhujjing/anaconda3/envs/moe/bin/python /home/zhujjing/MOE-grad-conflict-routing/scripts/run.py --config configs/singletask_rte_real.yaml --set model.backbone_backend=hf --set model.hf_load_pretrained=true --set model.backbone=roberta --set model.hf_pretrained_name=roberta-base --set model.expert_type=lora --set model.routing_mode=topk --set model.num_experts=4 --set model.top_k=2 --set seed=3 --set method.name=baseline_cagrad --set train.steps=150 --set train.eval_every_steps=50 --set method.baseline_cagrad.c=0.4 --set method.baseline_cagrad.inner_lr=0.1461978284 --set train.grad_clip=1 --set train.lr=2.4103519e-05 --set train.weight_decay=0.03456878451 --out /home/zhujjing/MOE-grad-conflict-routing/runs/paper_suite/single_gpu/single_task/roberta_rte_lora_e4_k2/hpo/cagrad/trial_runs/local_var_topk_016/cagrad_s3.json --curve_out /home/zhujjing/MOE-grad-conflict-routing/runs/paper_suite/single_gpu/single_task/roberta_rte_lora_e4_k2/hpo/cagrad/trial_runs/local_var_topk_016/cagrad_s3_curve.csv
Using the latest cached version of the dataset since glue couldn't be found on the Hugging Face Hub (offline mode is enabled).
Found the latest cached dataset configuration 'rte' at /home/zhujjing/hf_cache/datasets/glue/rte/0.0.0/bcdcba79d07bc864c1c254ccfcedcce55bcc9a8c (last modified on Thu Mar 19 15:00:36 2026).
/home/zhujjing/anaconda3/envs/moe/lib/python3.10/site-packages/transformers/utils/hub.py:124: FutureWarning: Using `TRANSFORMERS_CACHE` is deprecated and will be removed in v5 of Transformers. Use `HF_HOME` instead.
  warnings.warn(
Some weights of RobertaModel were not initialized from the model checkpoint at roberta-base and are newly initialized: ['roberta.pooler.dense.bias', 'roberta.pooler.dense.weight']
You should probably TRAIN this model on a down-stream task to be able to use it for predictions and inference.
[step 0001/150] method=baseline_cagrad loss=0.7169 train_acc=nan train_loss=nan val_acc=nan val_loss=nan best=-1.0000
[step 0010/150] method=baseline_cagrad loss=0.6973 train_acc=nan train_loss=nan val_acc=nan val_loss=nan best=-1.0000
[step 0020/150] method=baseline_cagrad loss=0.7179 train_acc=nan train_loss=nan val_acc=nan val_loss=nan best=-1.0000
[step 0030/150] method=baseline_cagrad loss=0.6790 train_acc=nan train_loss=nan val_acc=nan val_loss=nan best=-1.0000
[step 0040/150] method=baseline_cagrad loss=0.6657 train_acc=nan train_loss=nan val_acc=nan val_loss=nan best=-1.0000
[step 0050/150] method=baseline_cagrad loss=0.6267 train_acc=0.6297 train_loss=0.6354 val_acc=0.5957 val_loss=0.6738 router_H=0.6856 best=0.5957
           router_load=[0.46075350046157837, 0.0, 0.0, 0.5392465591430664]
[step 0060/150] method=baseline_cagrad loss=0.5947 train_acc=0.6297 train_loss=0.6354 val_acc=0.5957 val_loss=0.6738 router_H=0.6856 best=0.5957
           router_load=[0.46075350046157837, 0.0, 0.0, 0.5392465591430664]
[step 0070/150] method=baseline_cagrad loss=0.7322 train_acc=0.6297 train_loss=0.6354 val_acc=0.5957 val_loss=0.6738 router_H=0.6856 best=0.5957
           router_load=[0.46075350046157837, 0.0, 0.0, 0.5392465591430664]
[step 0080/150] method=baseline_cagrad loss=0.6035 train_acc=0.6297 train_loss=0.6354 val_acc=0.5957 val_loss=0.6738 router_H=0.6856 best=0.5957
           router_load=[0.46075350046157837, 0.0, 0.0, 0.5392465591430664]
[step 0090/150] method=baseline_cagrad loss=0.5825 train_acc=0.6297 train_loss=0.6354 val_acc=0.5957 val_loss=0.6738 router_H=0.6856 best=0.5957
           router_load=[0.46075350046157837, 0.0, 0.0, 0.5392465591430664]
[step 0100/150] method=baseline_cagrad loss=0.6083 train_acc=0.7193 train_loss=0.5711 val_acc=0.6968 val_loss=0.6064 router_H=0.6862 best=0.6968
           router_load=[0.4560675024986267, 0.0, 0.0, 0.5439324975013733]
[step 0110/150] method=baseline_cagrad loss=0.6398 train_acc=0.7193 train_loss=0.5711 val_acc=0.6968 val_loss=0.6064 router_H=0.6862 best=0.6968
           router_load=[0.4560675024986267, 0.0, 0.0, 0.5439324975013733]
[step 0120/150] method=baseline_cagrad loss=0.6568 train_acc=0.7193 train_loss=0.5711 val_acc=0.6968 val_loss=0.6064 router_H=0.6862 best=0.6968
           router_load=[0.4560675024986267, 0.0, 0.0, 0.5439324975013733]
[step 0130/150] method=baseline_cagrad loss=0.6368 train_acc=0.7193 train_loss=0.5711 val_acc=0.6968 val_loss=0.6064 router_H=0.6862 best=0.6968
           router_load=[0.4560675024986267, 0.0, 0.0, 0.5439324975013733]
[step 0140/150] method=baseline_cagrad loss=0.6126 train_acc=0.7193 train_loss=0.5711 val_acc=0.6968 val_loss=0.6064 router_H=0.6862 best=0.6968
           router_load=[0.4560675024986267, 0.0, 0.0, 0.5439324975013733]
[step 0150/150] method=baseline_cagrad loss=0.4467 train_acc=0.7550 train_loss=0.5467 val_acc=0.7184 val_loss=0.6107 router_H=0.6798 best=0.7184
           router_load=[0.43133464455604553, 0.0, 0.0014670031378045678, 0.5671984553337097]
saved summary -> /home/zhujjing/MOE-grad-conflict-routing/runs/paper_suite/single_gpu/single_task/roberta_rte_lora_e4_k2/hpo/cagrad/trial_runs/local_var_topk_016/cagrad_s3.json
saved curve -> /home/zhujjing/MOE-grad-conflict-routing/runs/paper_suite/single_gpu/single_task/roberta_rte_lora_e4_k2/hpo/cagrad/trial_runs/local_var_topk_016/cagrad_s3_curve.csv
