[run] method=baseline candidate=coord_03_train_grad_clip_011 seed=3 steps=150 gpu=0
[run] cmd=
/home/zhujjing/anaconda3/envs/moe/bin/python /home/zhujjing/MOE-grad-conflict-routing/scripts/run.py --config configs/singletask_rte_real.yaml --set model.backbone_backend=hf --set model.hf_load_pretrained=true --set model.backbone=roberta --set model.hf_pretrained_name=roberta-base --set model.expert_type=lora --set model.routing_mode=topk --set model.num_experts=4 --set model.top_k=2 --set seed=3 --set method.name=baseline_avg --set train.steps=150 --set train.eval_every_steps=50 --set train.grad_clip=0.5836984322 --set train.lr=1.302122972e-05 --set train.weight_decay=0.04115829834 --out /home/zhujjing/MOE-grad-conflict-routing/runs/paper_suite/single_gpu/single_task/roberta_rte_lora_e4_k2/hpo/baseline/trial_runs/coord_03_train_grad_clip_011/baseline_s3.json --curve_out /home/zhujjing/MOE-grad-conflict-routing/runs/paper_suite/single_gpu/single_task/roberta_rte_lora_e4_k2/hpo/baseline/trial_runs/coord_03_train_grad_clip_011/baseline_s3_curve.csv
Using the latest cached version of the dataset since glue couldn't be found on the Hugging Face Hub (offline mode is enabled).
Found the latest cached dataset configuration 'rte' at /home/zhujjing/hf_cache/datasets/glue/rte/0.0.0/bcdcba79d07bc864c1c254ccfcedcce55bcc9a8c (last modified on Thu Mar 19 15:00:36 2026).
/home/zhujjing/anaconda3/envs/moe/lib/python3.10/site-packages/transformers/utils/hub.py:124: FutureWarning: Using `TRANSFORMERS_CACHE` is deprecated and will be removed in v5 of Transformers. Use `HF_HOME` instead.
  warnings.warn(
Some weights of RobertaModel were not initialized from the model checkpoint at roberta-base and are newly initialized: ['roberta.pooler.dense.bias', 'roberta.pooler.dense.weight']
You should probably TRAIN this model on a down-stream task to be able to use it for predictions and inference.
[step 0001/150] method=baseline_avg loss=0.7108 train_acc=nan train_loss=nan val_acc=nan val_loss=nan best=-1.0000
[step 0010/150] method=baseline_avg loss=0.7161 train_acc=nan train_loss=nan val_acc=nan val_loss=nan best=-1.0000
[step 0020/150] method=baseline_avg loss=0.6978 train_acc=nan train_loss=nan val_acc=nan val_loss=nan best=-1.0000
[step 0030/150] method=baseline_avg loss=0.6886 train_acc=nan train_loss=nan val_acc=nan val_loss=nan best=-1.0000
[step 0040/150] method=baseline_avg loss=0.6774 train_acc=nan train_loss=nan val_acc=nan val_loss=nan best=-1.0000
[step 0050/150] method=baseline_avg loss=0.6689 train_acc=0.5928 train_loss=0.6715 val_acc=0.5704 val_loss=0.6848 router_H=0.6907 best=0.5704
           router_load=[0.521104633808136, 0.005007710307836533, 0.14671002328395844, 0.32717767357826233]
[step 0060/150] method=baseline_avg loss=0.5988 train_acc=0.5928 train_loss=0.6715 val_acc=0.5704 val_loss=0.6848 router_H=0.6907 best=0.5704
           router_load=[0.521104633808136, 0.005007710307836533, 0.14671002328395844, 0.32717767357826233]
[step 0070/150] method=baseline_avg loss=0.6827 train_acc=0.5928 train_loss=0.6715 val_acc=0.5704 val_loss=0.6848 router_H=0.6907 best=0.5704
           router_load=[0.521104633808136, 0.005007710307836533, 0.14671002328395844, 0.32717767357826233]
[step 0080/150] method=baseline_avg loss=0.5771 train_acc=0.5928 train_loss=0.6715 val_acc=0.5704 val_loss=0.6848 router_H=0.6907 best=0.5704
           router_load=[0.521104633808136, 0.005007710307836533, 0.14671002328395844, 0.32717767357826233]
[step 0090/150] method=baseline_avg loss=0.4993 train_acc=0.5928 train_loss=0.6715 val_acc=0.5704 val_loss=0.6848 router_H=0.6907 best=0.5704
           router_load=[0.521104633808136, 0.005007710307836533, 0.14671002328395844, 0.32717767357826233]
[step 0100/150] method=baseline_avg loss=0.6901 train_acc=0.6924 train_loss=0.5900 val_acc=0.6570 val_loss=0.6136 router_H=0.6902 best=0.6570
           router_load=[0.28738081455230713, 0.03916272893548012, 0.27340641617774963, 0.4000500440597534]
[step 0110/150] method=baseline_avg loss=0.6650 train_acc=0.6924 train_loss=0.5900 val_acc=0.6570 val_loss=0.6136 router_H=0.6902 best=0.6570
           router_load=[0.28738081455230713, 0.03916272893548012, 0.27340641617774963, 0.4000500440597534]
[step 0120/150] method=baseline_avg loss=0.6018 train_acc=0.6924 train_loss=0.5900 val_acc=0.6570 val_loss=0.6136 router_H=0.6902 best=0.6570
           router_load=[0.28738081455230713, 0.03916272893548012, 0.27340641617774963, 0.4000500440597534]
[step 0130/150] method=baseline_avg loss=0.6563 train_acc=0.6924 train_loss=0.5900 val_acc=0.6570 val_loss=0.6136 router_H=0.6902 best=0.6570
           router_load=[0.28738081455230713, 0.03916272893548012, 0.27340641617774963, 0.4000500440597534]
[step 0140/150] method=baseline_avg loss=0.5938 train_acc=0.6924 train_loss=0.5900 val_acc=0.6570 val_loss=0.6136 router_H=0.6902 best=0.6570
           router_load=[0.28738081455230713, 0.03916272893548012, 0.27340641617774963, 0.4000500440597534]
[step 0150/150] method=baseline_avg loss=0.5424 train_acc=0.7285 train_loss=0.5375 val_acc=0.6823 val_loss=0.5837 router_H=0.6911 best=0.6823
           router_load=[0.2946573495864868, 0.0015951828099787235, 0.31415805220603943, 0.38958939909935]
saved summary -> /home/zhujjing/MOE-grad-conflict-routing/runs/paper_suite/single_gpu/single_task/roberta_rte_lora_e4_k2/hpo/baseline/trial_runs/coord_03_train_grad_clip_011/baseline_s3.json
saved curve -> /home/zhujjing/MOE-grad-conflict-routing/runs/paper_suite/single_gpu/single_task/roberta_rte_lora_e4_k2/hpo/baseline/trial_runs/coord_03_train_grad_clip_011/baseline_s3_curve.csv
