[run] method=baseline candidate=coord_03_train_grad_clip_005 seed=2 steps=150 gpu=0
[run] cmd=
/home/zhujjing/anaconda3/envs/moe/bin/python /home/zhujjing/MOE-grad-conflict-routing/scripts/run.py --config configs/singletask_rte_real.yaml --set model.backbone_backend=hf --set model.hf_load_pretrained=true --set model.backbone=roberta --set model.hf_pretrained_name=roberta-base --set model.expert_type=lora --set model.routing_mode=topk --set model.num_experts=4 --set model.top_k=2 --set seed=2 --set method.name=baseline_avg --set train.steps=150 --set train.eval_every_steps=50 --set train.grad_clip=0.6271934851 --set train.lr=1.302122972e-05 --set train.weight_decay=0.04115829834 --out /home/zhujjing/MOE-grad-conflict-routing/runs/paper_suite/single_gpu/single_task/roberta_rte_lora_e4_k2/hpo/baseline/trial_runs/coord_03_train_grad_clip_005/baseline_s2.json --curve_out /home/zhujjing/MOE-grad-conflict-routing/runs/paper_suite/single_gpu/single_task/roberta_rte_lora_e4_k2/hpo/baseline/trial_runs/coord_03_train_grad_clip_005/baseline_s2_curve.csv
Using the latest cached version of the dataset since glue couldn't be found on the Hugging Face Hub (offline mode is enabled).
Found the latest cached dataset configuration 'rte' at /home/zhujjing/hf_cache/datasets/glue/rte/0.0.0/bcdcba79d07bc864c1c254ccfcedcce55bcc9a8c (last modified on Thu Mar 19 15:00:36 2026).
/home/zhujjing/anaconda3/envs/moe/lib/python3.10/site-packages/transformers/utils/hub.py:124: FutureWarning: Using `TRANSFORMERS_CACHE` is deprecated and will be removed in v5 of Transformers. Use `HF_HOME` instead.
  warnings.warn(
Some weights of RobertaModel were not initialized from the model checkpoint at roberta-base and are newly initialized: ['roberta.pooler.dense.bias', 'roberta.pooler.dense.weight']
You should probably TRAIN this model on a down-stream task to be able to use it for predictions and inference.
[step 0001/150] method=baseline_avg loss=0.7250 train_acc=nan train_loss=nan val_acc=nan val_loss=nan best=-1.0000
[step 0010/150] method=baseline_avg loss=0.7566 train_acc=nan train_loss=nan val_acc=nan val_loss=nan best=-1.0000
[step 0020/150] method=baseline_avg loss=0.6680 train_acc=nan train_loss=nan val_acc=nan val_loss=nan best=-1.0000
[step 0030/150] method=baseline_avg loss=0.7092 train_acc=nan train_loss=nan val_acc=nan val_loss=nan best=-1.0000
[step 0040/150] method=baseline_avg loss=0.7085 train_acc=nan train_loss=nan val_acc=nan val_loss=nan best=-1.0000
[step 0050/150] method=baseline_avg loss=0.5905 train_acc=0.5016 train_loss=0.6954 val_acc=0.5271 val_loss=0.6855 router_H=0.6923 best=0.5271
           router_load=[0.0, 0.4898309111595154, 0.0, 0.5101690888404846]
[step 0060/150] method=baseline_avg loss=0.6707 train_acc=0.5016 train_loss=0.6954 val_acc=0.5271 val_loss=0.6855 router_H=0.6923 best=0.5271
           router_load=[0.0, 0.4898309111595154, 0.0, 0.5101690888404846]
[step 0070/150] method=baseline_avg loss=0.6722 train_acc=0.5016 train_loss=0.6954 val_acc=0.5271 val_loss=0.6855 router_H=0.6923 best=0.5271
           router_load=[0.0, 0.4898309111595154, 0.0, 0.5101690888404846]
[step 0080/150] method=baseline_avg loss=0.6556 train_acc=0.5016 train_loss=0.6954 val_acc=0.5271 val_loss=0.6855 router_H=0.6923 best=0.5271
           router_load=[0.0, 0.4898309111595154, 0.0, 0.5101690888404846]
[step 0090/150] method=baseline_avg loss=0.7708 train_acc=0.5016 train_loss=0.6954 val_acc=0.5271 val_loss=0.6855 router_H=0.6923 best=0.5271
           router_load=[0.0, 0.4898309111595154, 0.0, 0.5101690888404846]
[step 0100/150] method=baseline_avg loss=0.6641 train_acc=0.6217 train_loss=0.6382 val_acc=0.5921 val_loss=0.6711 router_H=0.6897 best=0.5921
           router_load=[0.0, 0.46883460879325867, 0.003231715178117156, 0.527933657169342]
[step 0110/150] method=baseline_avg loss=0.6191 train_acc=0.6217 train_loss=0.6382 val_acc=0.5921 val_loss=0.6711 router_H=0.6897 best=0.5921
           router_load=[0.0, 0.46883460879325867, 0.003231715178117156, 0.527933657169342]
[step 0120/150] method=baseline_avg loss=0.5794 train_acc=0.6217 train_loss=0.6382 val_acc=0.5921 val_loss=0.6711 router_H=0.6897 best=0.5921
           router_load=[0.0, 0.46883460879325867, 0.003231715178117156, 0.527933657169342]
[step 0130/150] method=baseline_avg loss=0.6313 train_acc=0.6217 train_loss=0.6382 val_acc=0.5921 val_loss=0.6711 router_H=0.6897 best=0.5921
           router_load=[0.0, 0.46883460879325867, 0.003231715178117156, 0.527933657169342]
[step 0140/150] method=baseline_avg loss=0.5485 train_acc=0.6217 train_loss=0.6382 val_acc=0.5921 val_loss=0.6711 router_H=0.6897 best=0.5921
           router_load=[0.0, 0.46883460879325867, 0.003231715178117156, 0.527933657169342]
[step 0150/150] method=baseline_avg loss=0.6276 train_acc=0.6960 train_loss=0.6038 val_acc=0.6679 val_loss=0.6328 router_H=0.6910 best=0.6679
           router_load=[0.0, 0.49071642756462097, 0.0, 0.5092835426330566]
saved summary -> /home/zhujjing/MOE-grad-conflict-routing/runs/paper_suite/single_gpu/single_task/roberta_rte_lora_e4_k2/hpo/baseline/trial_runs/coord_03_train_grad_clip_005/baseline_s2.json
saved curve -> /home/zhujjing/MOE-grad-conflict-routing/runs/paper_suite/single_gpu/single_task/roberta_rte_lora_e4_k2/hpo/baseline/trial_runs/coord_03_train_grad_clip_005/baseline_s2_curve.csv
