[run] method=baseline candidate=coord_03_train_grad_clip_007 seed=3 steps=150 gpu=0
[run] cmd=
/home/zhujjing/anaconda3/envs/moe/bin/python /home/zhujjing/MOE-grad-conflict-routing/scripts/run.py --config configs/singletask_rte_real.yaml --set model.backbone_backend=hf --set model.hf_load_pretrained=true --set model.backbone=roberta --set model.hf_pretrained_name=roberta-base --set model.expert_type=lora --set model.routing_mode=topk --set model.num_experts=4 --set model.top_k=2 --set seed=3 --set method.name=baseline_avg --set train.steps=150 --set train.eval_every_steps=50 --set train.grad_clip=0.6972133521 --set train.lr=1.302122972e-05 --set train.weight_decay=0.04115829834 --out /home/zhujjing/MOE-grad-conflict-routing/runs/paper_suite/single_gpu/single_task/roberta_rte_lora_e4_k2/hpo/baseline/trial_runs/coord_03_train_grad_clip_007/baseline_s3.json --curve_out /home/zhujjing/MOE-grad-conflict-routing/runs/paper_suite/single_gpu/single_task/roberta_rte_lora_e4_k2/hpo/baseline/trial_runs/coord_03_train_grad_clip_007/baseline_s3_curve.csv
Using the latest cached version of the dataset since glue couldn't be found on the Hugging Face Hub (offline mode is enabled).
Found the latest cached dataset configuration 'rte' at /home/zhujjing/hf_cache/datasets/glue/rte/0.0.0/bcdcba79d07bc864c1c254ccfcedcce55bcc9a8c (last modified on Thu Mar 19 15:00:36 2026).
/home/zhujjing/anaconda3/envs/moe/lib/python3.10/site-packages/transformers/utils/hub.py:124: FutureWarning: Using `TRANSFORMERS_CACHE` is deprecated and will be removed in v5 of Transformers. Use `HF_HOME` instead.
  warnings.warn(
Some weights of RobertaModel were not initialized from the model checkpoint at roberta-base and are newly initialized: ['roberta.pooler.dense.bias', 'roberta.pooler.dense.weight']
You should probably TRAIN this model on a down-stream task to be able to use it for predictions and inference.
[step 0001/150] method=baseline_avg loss=0.7124 train_acc=nan train_loss=nan val_acc=nan val_loss=nan best=-1.0000
[step 0010/150] method=baseline_avg loss=0.6924 train_acc=nan train_loss=nan val_acc=nan val_loss=nan best=-1.0000
[step 0020/150] method=baseline_avg loss=0.6838 train_acc=nan train_loss=nan val_acc=nan val_loss=nan best=-1.0000
[step 0030/150] method=baseline_avg loss=0.6870 train_acc=nan train_loss=nan val_acc=nan val_loss=nan best=-1.0000
[step 0040/150] method=baseline_avg loss=0.6570 train_acc=nan train_loss=nan val_acc=nan val_loss=nan best=-1.0000
[step 0050/150] method=baseline_avg loss=0.6912 train_acc=0.5771 train_loss=0.6780 val_acc=0.5199 val_loss=0.6926 router_H=0.6866 best=0.5199
           router_load=[0.5545871257781982, 0.016049984842538834, 0.4293628931045532, 0.0]
[step 0060/150] method=baseline_avg loss=0.6338 train_acc=0.5771 train_loss=0.6780 val_acc=0.5199 val_loss=0.6926 router_H=0.6866 best=0.5199
           router_load=[0.5545871257781982, 0.016049984842538834, 0.4293628931045532, 0.0]
[step 0070/150] method=baseline_avg loss=0.7266 train_acc=0.5771 train_loss=0.6780 val_acc=0.5199 val_loss=0.6926 router_H=0.6866 best=0.5199
           router_load=[0.5545871257781982, 0.016049984842538834, 0.4293628931045532, 0.0]
[step 0080/150] method=baseline_avg loss=0.5821 train_acc=0.5771 train_loss=0.6780 val_acc=0.5199 val_loss=0.6926 router_H=0.6866 best=0.5199
           router_load=[0.5545871257781982, 0.016049984842538834, 0.4293628931045532, 0.0]
[step 0090/150] method=baseline_avg loss=0.5518 train_acc=0.5771 train_loss=0.6780 val_acc=0.5199 val_loss=0.6926 router_H=0.6866 best=0.5199
           router_load=[0.5545871257781982, 0.016049984842538834, 0.4293628931045532, 0.0]
[step 0100/150] method=baseline_avg loss=0.6434 train_acc=0.6896 train_loss=0.5970 val_acc=0.6209 val_loss=0.6396 router_H=0.6784 best=0.6209
           router_load=[0.5796566605567932, 0.23744669556617737, 0.16129761934280396, 0.021599015220999718]
[step 0110/150] method=baseline_avg loss=0.5592 train_acc=0.6896 train_loss=0.5970 val_acc=0.6209 val_loss=0.6396 router_H=0.6784 best=0.6209
           router_load=[0.5796566605567932, 0.23744669556617737, 0.16129761934280396, 0.021599015220999718]
[step 0120/150] method=baseline_avg loss=0.6290 train_acc=0.6896 train_loss=0.5970 val_acc=0.6209 val_loss=0.6396 router_H=0.6784 best=0.6209
           router_load=[0.5796566605567932, 0.23744669556617737, 0.16129761934280396, 0.021599015220999718]
[step 0130/150] method=baseline_avg loss=0.6657 train_acc=0.6896 train_loss=0.5970 val_acc=0.6209 val_loss=0.6396 router_H=0.6784 best=0.6209
           router_load=[0.5796566605567932, 0.23744669556617737, 0.16129761934280396, 0.021599015220999718]
[step 0140/150] method=baseline_avg loss=0.6080 train_acc=0.6896 train_loss=0.5970 val_acc=0.6209 val_loss=0.6396 router_H=0.6784 best=0.6209
           router_load=[0.5796566605567932, 0.23744669556617737, 0.16129761934280396, 0.021599015220999718]
[step 0150/150] method=baseline_avg loss=0.5508 train_acc=0.7438 train_loss=0.5362 val_acc=0.6498 val_loss=0.5944 router_H=0.6817 best=0.6498
           router_load=[0.5689634084701538, 0.20415417850017548, 0.12463783472776413, 0.10224463790655136]
saved summary -> /home/zhujjing/MOE-grad-conflict-routing/runs/paper_suite/single_gpu/single_task/roberta_rte_lora_e4_k2/hpo/baseline/trial_runs/coord_03_train_grad_clip_007/baseline_s3.json
saved curve -> /home/zhujjing/MOE-grad-conflict-routing/runs/paper_suite/single_gpu/single_task/roberta_rte_lora_e4_k2/hpo/baseline/trial_runs/coord_03_train_grad_clip_007/baseline_s3_curve.csv
