[run] method=baseline candidate=coord_03_train_grad_clip_023 seed=2 steps=150 gpu=0
[run] cmd=
/home/zhujjing/anaconda3/envs/moe/bin/python /home/zhujjing/MOE-grad-conflict-routing/scripts/run.py --config configs/singletask_rte_real.yaml --set model.backbone_backend=hf --set model.hf_load_pretrained=true --set model.backbone=roberta --set model.hf_pretrained_name=roberta-base --set model.expert_type=lora --set model.routing_mode=topk --set model.num_experts=4 --set model.top_k=2 --set seed=2 --set method.name=baseline_avg --set train.steps=150 --set train.eval_every_steps=50 --set train.grad_clip=1.371711877 --set train.lr=1.302122972e-05 --set train.weight_decay=0.04115829834 --out /home/zhujjing/MOE-grad-conflict-routing/runs/paper_suite/single_gpu/single_task/roberta_rte_lora_e4_k2/hpo/baseline/trial_runs/coord_03_train_grad_clip_023/baseline_s2.json --curve_out /home/zhujjing/MOE-grad-conflict-routing/runs/paper_suite/single_gpu/single_task/roberta_rte_lora_e4_k2/hpo/baseline/trial_runs/coord_03_train_grad_clip_023/baseline_s2_curve.csv
Using the latest cached version of the dataset since glue couldn't be found on the Hugging Face Hub (offline mode is enabled).
Found the latest cached dataset configuration 'rte' at /home/zhujjing/hf_cache/datasets/glue/rte/0.0.0/bcdcba79d07bc864c1c254ccfcedcce55bcc9a8c (last modified on Thu Mar 19 15:00:36 2026).
/home/zhujjing/anaconda3/envs/moe/lib/python3.10/site-packages/transformers/utils/hub.py:124: FutureWarning: Using `TRANSFORMERS_CACHE` is deprecated and will be removed in v5 of Transformers. Use `HF_HOME` instead.
  warnings.warn(
Some weights of RobertaModel were not initialized from the model checkpoint at roberta-base and are newly initialized: ['roberta.pooler.dense.bias', 'roberta.pooler.dense.weight']
You should probably TRAIN this model on a down-stream task to be able to use it for predictions and inference.
[step 0001/150] method=baseline_avg loss=0.6920 train_acc=nan train_loss=nan val_acc=nan val_loss=nan best=-1.0000
[step 0010/150] method=baseline_avg loss=0.9099 train_acc=nan train_loss=nan val_acc=nan val_loss=nan best=-1.0000
[step 0020/150] method=baseline_avg loss=0.6692 train_acc=nan train_loss=nan val_acc=nan val_loss=nan best=-1.0000
[step 0030/150] method=baseline_avg loss=0.7148 train_acc=nan train_loss=nan val_acc=nan val_loss=nan best=-1.0000
[step 0040/150] method=baseline_avg loss=0.7212 train_acc=nan train_loss=nan val_acc=nan val_loss=nan best=-1.0000
[step 0050/150] method=baseline_avg loss=0.5767 train_acc=0.5016 train_loss=0.6976 val_acc=0.5271 val_loss=0.6876 router_H=0.6910 best=0.5271
           router_load=[0.3561202585697174, 0.5281903147697449, 0.11245278269052505, 0.0032367173116654158]
[step 0060/150] method=baseline_avg loss=0.6584 train_acc=0.5016 train_loss=0.6976 val_acc=0.5271 val_loss=0.6876 router_H=0.6910 best=0.5271
           router_load=[0.3561202585697174, 0.5281903147697449, 0.11245278269052505, 0.0032367173116654158]
[step 0070/150] method=baseline_avg loss=0.6554 train_acc=0.5016 train_loss=0.6976 val_acc=0.5271 val_loss=0.6876 router_H=0.6910 best=0.5271
           router_load=[0.3561202585697174, 0.5281903147697449, 0.11245278269052505, 0.0032367173116654158]
[step 0080/150] method=baseline_avg loss=0.6778 train_acc=0.5016 train_loss=0.6976 val_acc=0.5271 val_loss=0.6876 router_H=0.6910 best=0.5271
           router_load=[0.3561202585697174, 0.5281903147697449, 0.11245278269052505, 0.0032367173116654158]
[step 0090/150] method=baseline_avg loss=0.7777 train_acc=0.5016 train_loss=0.6976 val_acc=0.5271 val_loss=0.6876 router_H=0.6910 best=0.5271
           router_load=[0.3561202585697174, 0.5281903147697449, 0.11245278269052505, 0.0032367173116654158]
[step 0100/150] method=baseline_avg loss=0.6464 train_acc=0.6414 train_loss=0.6387 val_acc=0.5848 val_loss=0.6662 router_H=0.6906 best=0.5848
           router_load=[0.3464277386665344, 0.5311059355735779, 0.10968321561813354, 0.012783048674464226]
[step 0110/150] method=baseline_avg loss=0.6288 train_acc=0.6414 train_loss=0.6387 val_acc=0.5848 val_loss=0.6662 router_H=0.6906 best=0.5848
           router_load=[0.3464277386665344, 0.5311059355735779, 0.10968321561813354, 0.012783048674464226]
[step 0120/150] method=baseline_avg loss=0.6118 train_acc=0.6414 train_loss=0.6387 val_acc=0.5848 val_loss=0.6662 router_H=0.6906 best=0.5848
           router_load=[0.3464277386665344, 0.5311059355735779, 0.10968321561813354, 0.012783048674464226]
[step 0130/150] method=baseline_avg loss=0.5814 train_acc=0.6414 train_loss=0.6387 val_acc=0.5848 val_loss=0.6662 router_H=0.6906 best=0.5848
           router_load=[0.3464277386665344, 0.5311059355735779, 0.10968321561813354, 0.012783048674464226]
[step 0140/150] method=baseline_avg loss=0.5785 train_acc=0.6414 train_loss=0.6387 val_acc=0.5848 val_loss=0.6662 router_H=0.6906 best=0.5848
           router_load=[0.3464277386665344, 0.5311059355735779, 0.10968321561813354, 0.012783048674464226]
[step 0150/150] method=baseline_avg loss=0.6395 train_acc=0.7124 train_loss=0.6009 val_acc=0.6606 val_loss=0.6337 router_H=0.6897 best=0.6606
           router_load=[0.24541087448596954, 0.5373446941375732, 0.17811420559883118, 0.03913014009594917]
saved summary -> /home/zhujjing/MOE-grad-conflict-routing/runs/paper_suite/single_gpu/single_task/roberta_rte_lora_e4_k2/hpo/baseline/trial_runs/coord_03_train_grad_clip_023/baseline_s2.json
saved curve -> /home/zhujjing/MOE-grad-conflict-routing/runs/paper_suite/single_gpu/single_task/roberta_rte_lora_e4_k2/hpo/baseline/trial_runs/coord_03_train_grad_clip_023/baseline_s2_curve.csv
