[run] method=cagrad candidate=coord_01_train_lr_018 seed=3 steps=150 gpu=0
[run] cmd=
/home/zhujjing/anaconda3/envs/moe/bin/python /home/zhujjing/MOE-grad-conflict-routing/scripts/run.py --config configs/singletask_rte_real.yaml --set model.backbone_backend=hf --set model.hf_load_pretrained=true --set model.backbone=roberta --set model.hf_pretrained_name=roberta-base --set model.expert_type=lora --set model.routing_mode=topk --set model.num_experts=4 --set model.top_k=2 --set seed=3 --set method.name=baseline_cagrad --set train.steps=150 --set train.eval_every_steps=50 --set method.baseline_cagrad.c=0.4 --set method.baseline_cagrad.inner_lr=0.1 --set train.grad_clip=1 --set train.lr=2.410351909e-05 --set train.weight_decay=0.01 --out /home/zhujjing/MOE-grad-conflict-routing/runs/paper_suite/single_gpu/single_task/roberta_rte_lora_e4_k2/hpo/cagrad/trial_runs/coord_01_train_lr_018/cagrad_s3.json --curve_out /home/zhujjing/MOE-grad-conflict-routing/runs/paper_suite/single_gpu/single_task/roberta_rte_lora_e4_k2/hpo/cagrad/trial_runs/coord_01_train_lr_018/cagrad_s3_curve.csv
Using the latest cached version of the dataset since glue couldn't be found on the Hugging Face Hub (offline mode is enabled).
Found the latest cached dataset configuration 'rte' at /home/zhujjing/hf_cache/datasets/glue/rte/0.0.0/bcdcba79d07bc864c1c254ccfcedcce55bcc9a8c (last modified on Thu Mar 19 15:00:36 2026).
/home/zhujjing/anaconda3/envs/moe/lib/python3.10/site-packages/transformers/utils/hub.py:124: FutureWarning: Using `TRANSFORMERS_CACHE` is deprecated and will be removed in v5 of Transformers. Use `HF_HOME` instead.
  warnings.warn(
Some weights of RobertaModel were not initialized from the model checkpoint at roberta-base and are newly initialized: ['roberta.pooler.dense.bias', 'roberta.pooler.dense.weight']
You should probably TRAIN this model on a down-stream task to be able to use it for predictions and inference.
[step 0001/150] method=baseline_cagrad loss=0.7030 train_acc=nan train_loss=nan val_acc=nan val_loss=nan best=-1.0000
[step 0010/150] method=baseline_cagrad loss=0.6911 train_acc=nan train_loss=nan val_acc=nan val_loss=nan best=-1.0000
[step 0020/150] method=baseline_cagrad loss=0.6890 train_acc=nan train_loss=nan val_acc=nan val_loss=nan best=-1.0000
[step 0030/150] method=baseline_cagrad loss=0.6719 train_acc=nan train_loss=nan val_acc=nan val_loss=nan best=-1.0000
[step 0040/150] method=baseline_cagrad loss=0.7069 train_acc=nan train_loss=nan val_acc=nan val_loss=nan best=-1.0000
[step 0050/150] method=baseline_cagrad loss=0.6517 train_acc=0.6373 train_loss=0.6329 val_acc=0.5596 val_loss=0.6687 router_H=0.6476 best=0.5596
           router_load=[0.001264828024432063, 0.6486620306968689, 0.004695084411650896, 0.34537816047668457]
[step 0060/150] method=baseline_cagrad loss=0.5344 train_acc=0.6373 train_loss=0.6329 val_acc=0.5596 val_loss=0.6687 router_H=0.6476 best=0.5596
           router_load=[0.001264828024432063, 0.6486620306968689, 0.004695084411650896, 0.34537816047668457]
[step 0070/150] method=baseline_cagrad loss=0.7631 train_acc=0.6373 train_loss=0.6329 val_acc=0.5596 val_loss=0.6687 router_H=0.6476 best=0.5596
           router_load=[0.001264828024432063, 0.6486620306968689, 0.004695084411650896, 0.34537816047668457]
[step 0080/150] method=baseline_cagrad loss=0.5663 train_acc=0.6373 train_loss=0.6329 val_acc=0.5596 val_loss=0.6687 router_H=0.6476 best=0.5596
           router_load=[0.001264828024432063, 0.6486620306968689, 0.004695084411650896, 0.34537816047668457]
[step 0090/150] method=baseline_cagrad loss=0.5734 train_acc=0.6373 train_loss=0.6329 val_acc=0.5596 val_loss=0.6687 router_H=0.6476 best=0.5596
           router_load=[0.001264828024432063, 0.6486620306968689, 0.004695084411650896, 0.34537816047668457]
[step 0100/150] method=baseline_cagrad loss=0.7661 train_acc=0.7281 train_loss=0.5634 val_acc=0.6823 val_loss=0.6068 router_H=0.6474 best=0.6823
           router_load=[0.0037586994003504515, 0.6492680907249451, 0.06011452525854111, 0.2868586778640747]
[step 0110/150] method=baseline_cagrad loss=0.5243 train_acc=0.7281 train_loss=0.5634 val_acc=0.6823 val_loss=0.6068 router_H=0.6474 best=0.6823
           router_load=[0.0037586994003504515, 0.6492680907249451, 0.06011452525854111, 0.2868586778640747]
[step 0120/150] method=baseline_cagrad loss=0.6391 train_acc=0.7281 train_loss=0.5634 val_acc=0.6823 val_loss=0.6068 router_H=0.6474 best=0.6823
           router_load=[0.0037586994003504515, 0.6492680907249451, 0.06011452525854111, 0.2868586778640747]
[step 0130/150] method=baseline_cagrad loss=0.6727 train_acc=0.7281 train_loss=0.5634 val_acc=0.6823 val_loss=0.6068 router_H=0.6474 best=0.6823
           router_load=[0.0037586994003504515, 0.6492680907249451, 0.06011452525854111, 0.2868586778640747]
[step 0140/150] method=baseline_cagrad loss=0.6094 train_acc=0.7281 train_loss=0.5634 val_acc=0.6823 val_loss=0.6068 router_H=0.6474 best=0.6823
           router_load=[0.0037586994003504515, 0.6492680907249451, 0.06011452525854111, 0.2868586778640747]
[step 0150/150] method=baseline_cagrad loss=0.5335 train_acc=0.7458 train_loss=0.5305 val_acc=0.6859 val_loss=0.5981 router_H=0.6429 best=0.6859
           router_load=[0.062369782477617264, 0.6564087867736816, 0.09569530934095383, 0.1855260282754898]
saved summary -> /home/zhujjing/MOE-grad-conflict-routing/runs/paper_suite/single_gpu/single_task/roberta_rte_lora_e4_k2/hpo/cagrad/trial_runs/coord_01_train_lr_018/cagrad_s3.json
saved curve -> /home/zhujjing/MOE-grad-conflict-routing/runs/paper_suite/single_gpu/single_task/roberta_rte_lora_e4_k2/hpo/cagrad/trial_runs/coord_01_train_lr_018/cagrad_s3_curve.csv
