[run] method=cagrad candidate=coord_01_train_lr_008 seed=2 steps=150 gpu=0
[run] cmd=
/home/zhujjing/anaconda3/envs/moe/bin/python /home/zhujjing/MOE-grad-conflict-routing/scripts/run.py --config configs/singletask_rte_real.yaml --set model.backbone_backend=hf --set model.hf_load_pretrained=true --set model.backbone=roberta --set model.hf_pretrained_name=roberta-base --set model.expert_type=lora --set model.routing_mode=topk --set model.num_experts=4 --set model.top_k=2 --set seed=2 --set method.name=baseline_cagrad --set train.steps=150 --set train.eval_every_steps=50 --set method.baseline_cagrad.c=0.4 --set method.baseline_cagrad.inner_lr=0.1 --set train.grad_clip=1 --set train.lr=9.799696332e-06 --set train.weight_decay=0.01 --out /home/zhujjing/MOE-grad-conflict-routing/runs/paper_suite/single_gpu/single_task/roberta_rte_lora_e4_k2/hpo/cagrad/trial_runs/coord_01_train_lr_008/cagrad_s2.json --curve_out /home/zhujjing/MOE-grad-conflict-routing/runs/paper_suite/single_gpu/single_task/roberta_rte_lora_e4_k2/hpo/cagrad/trial_runs/coord_01_train_lr_008/cagrad_s2_curve.csv
Using the latest cached version of the dataset since glue couldn't be found on the Hugging Face Hub (offline mode is enabled).
Found the latest cached dataset configuration 'rte' at /home/zhujjing/hf_cache/datasets/glue/rte/0.0.0/bcdcba79d07bc864c1c254ccfcedcce55bcc9a8c (last modified on Thu Mar 19 15:00:36 2026).
/home/zhujjing/anaconda3/envs/moe/lib/python3.10/site-packages/transformers/utils/hub.py:124: FutureWarning: Using `TRANSFORMERS_CACHE` is deprecated and will be removed in v5 of Transformers. Use `HF_HOME` instead.
  warnings.warn(
Some weights of RobertaModel were not initialized from the model checkpoint at roberta-base and are newly initialized: ['roberta.pooler.dense.bias', 'roberta.pooler.dense.weight']
You should probably TRAIN this model on a down-stream task to be able to use it for predictions and inference.
[step 0001/150] method=baseline_cagrad loss=0.7169 train_acc=nan train_loss=nan val_acc=nan val_loss=nan best=-1.0000
[step 0010/150] method=baseline_cagrad loss=0.7565 train_acc=nan train_loss=nan val_acc=nan val_loss=nan best=-1.0000
[step 0020/150] method=baseline_cagrad loss=0.6803 train_acc=nan train_loss=nan val_acc=nan val_loss=nan best=-1.0000
[step 0030/150] method=baseline_cagrad loss=0.6956 train_acc=nan train_loss=nan val_acc=nan val_loss=nan best=-1.0000
[step 0040/150] method=baseline_cagrad loss=0.7134 train_acc=nan train_loss=nan val_acc=nan val_loss=nan best=-1.0000
[step 0050/150] method=baseline_cagrad loss=0.6289 train_acc=0.5040 train_loss=0.6877 val_acc=0.5307 val_loss=0.6831 router_H=0.6860 best=0.5307
           router_load=[0.0, 0.0, 0.5583537220954895, 0.4416463077068329]
[step 0060/150] method=baseline_cagrad loss=0.6753 train_acc=0.5040 train_loss=0.6877 val_acc=0.5307 val_loss=0.6831 router_H=0.6860 best=0.5307
           router_load=[0.0, 0.0, 0.5583537220954895, 0.4416463077068329]
[step 0070/150] method=baseline_cagrad loss=0.6735 train_acc=0.5040 train_loss=0.6877 val_acc=0.5307 val_loss=0.6831 router_H=0.6860 best=0.5307
           router_load=[0.0, 0.0, 0.5583537220954895, 0.4416463077068329]
[step 0080/150] method=baseline_cagrad loss=0.6786 train_acc=0.5040 train_loss=0.6877 val_acc=0.5307 val_loss=0.6831 router_H=0.6860 best=0.5307
           router_load=[0.0, 0.0, 0.5583537220954895, 0.4416463077068329]
[step 0090/150] method=baseline_cagrad loss=0.7166 train_acc=0.5040 train_loss=0.6877 val_acc=0.5307 val_loss=0.6831 router_H=0.6860 best=0.5307
           router_load=[0.0, 0.0, 0.5583537220954895, 0.4416463077068329]
[step 0100/150] method=baseline_cagrad loss=0.6420 train_acc=0.6635 train_loss=0.6465 val_acc=0.6173 val_loss=0.6596 router_H=0.6833 best=0.6173
           router_load=[0.0, 0.005781705491244793, 0.5666775107383728, 0.42754077911376953]
[step 0110/150] method=baseline_cagrad loss=0.6274 train_acc=0.6635 train_loss=0.6465 val_acc=0.6173 val_loss=0.6596 router_H=0.6833 best=0.6173
           router_load=[0.0, 0.005781705491244793, 0.5666775107383728, 0.42754077911376953]
[step 0120/150] method=baseline_cagrad loss=0.6692 train_acc=0.6635 train_loss=0.6465 val_acc=0.6173 val_loss=0.6596 router_H=0.6833 best=0.6173
           router_load=[0.0, 0.005781705491244793, 0.5666775107383728, 0.42754077911376953]
[step 0130/150] method=baseline_cagrad loss=0.6470 train_acc=0.6635 train_loss=0.6465 val_acc=0.6173 val_loss=0.6596 router_H=0.6833 best=0.6173
           router_load=[0.0, 0.005781705491244793, 0.5666775107383728, 0.42754077911376953]
[step 0140/150] method=baseline_cagrad loss=0.5686 train_acc=0.6635 train_loss=0.6465 val_acc=0.6173 val_loss=0.6596 router_H=0.6833 best=0.6173
           router_load=[0.0, 0.005781705491244793, 0.5666775107383728, 0.42754077911376953]
[step 0150/150] method=baseline_cagrad loss=0.6402 train_acc=0.6827 train_loss=0.6189 val_acc=0.6390 val_loss=0.6424 router_H=0.6857 best=0.6390
           router_load=[0.0014565763995051384, 0.01209229789674282, 0.557495653629303, 0.42895546555519104]
saved summary -> /home/zhujjing/MOE-grad-conflict-routing/runs/paper_suite/single_gpu/single_task/roberta_rte_lora_e4_k2/hpo/cagrad/trial_runs/coord_01_train_lr_008/cagrad_s2.json
saved curve -> /home/zhujjing/MOE-grad-conflict-routing/runs/paper_suite/single_gpu/single_task/roberta_rte_lora_e4_k2/hpo/cagrad/trial_runs/coord_01_train_lr_008/cagrad_s2_curve.csv
