[run] method=cagrad candidate=coord_01_train_lr_004 seed=2 steps=150 gpu=0
[run] cmd=
/home/zhujjing/anaconda3/envs/moe/bin/python /home/zhujjing/MOE-grad-conflict-routing/scripts/run.py --config configs/singletask_rte_real.yaml --set model.backbone_backend=hf --set model.hf_load_pretrained=true --set model.backbone=roberta --set model.hf_pretrained_name=roberta-base --set model.expert_type=lora --set model.routing_mode=topk --set model.num_experts=4 --set model.top_k=2 --set seed=2 --set method.name=baseline_cagrad --set train.steps=150 --set train.eval_every_steps=50 --set method.baseline_cagrad.c=0.4 --set method.baseline_cagrad.inner_lr=0.1 --set train.grad_clip=1 --set train.lr=5.914112254e-06 --set train.weight_decay=0.01 --out /home/zhujjing/MOE-grad-conflict-routing/runs/paper_suite/single_gpu/single_task/roberta_rte_lora_e4_k2/hpo/cagrad/trial_runs/coord_01_train_lr_004/cagrad_s2.json --curve_out /home/zhujjing/MOE-grad-conflict-routing/runs/paper_suite/single_gpu/single_task/roberta_rte_lora_e4_k2/hpo/cagrad/trial_runs/coord_01_train_lr_004/cagrad_s2_curve.csv
Using the latest cached version of the dataset since glue couldn't be found on the Hugging Face Hub (offline mode is enabled).
Found the latest cached dataset configuration 'rte' at /home/zhujjing/hf_cache/datasets/glue/rte/0.0.0/bcdcba79d07bc864c1c254ccfcedcce55bcc9a8c (last modified on Thu Mar 19 15:00:36 2026).
/home/zhujjing/anaconda3/envs/moe/lib/python3.10/site-packages/transformers/utils/hub.py:124: FutureWarning: Using `TRANSFORMERS_CACHE` is deprecated and will be removed in v5 of Transformers. Use `HF_HOME` instead.
  warnings.warn(
Some weights of RobertaModel were not initialized from the model checkpoint at roberta-base and are newly initialized: ['roberta.pooler.dense.bias', 'roberta.pooler.dense.weight']
You should probably TRAIN this model on a down-stream task to be able to use it for predictions and inference.
[step 0001/150] method=baseline_cagrad loss=0.7324 train_acc=nan train_loss=nan val_acc=nan val_loss=nan best=-1.0000
[step 0010/150] method=baseline_cagrad loss=0.6871 train_acc=nan train_loss=nan val_acc=nan val_loss=nan best=-1.0000
[step 0020/150] method=baseline_cagrad loss=0.6801 train_acc=nan train_loss=nan val_acc=nan val_loss=nan best=-1.0000
[step 0030/150] method=baseline_cagrad loss=0.6770 train_acc=nan train_loss=nan val_acc=nan val_loss=nan best=-1.0000
[step 0040/150] method=baseline_cagrad loss=0.6870 train_acc=nan train_loss=nan val_acc=nan val_loss=nan best=-1.0000
[step 0050/150] method=baseline_cagrad loss=0.6111 train_acc=0.5056 train_loss=0.6852 val_acc=0.5271 val_loss=0.6762 router_H=0.6900 best=0.5271
           router_load=[0.5355002284049988, 0.36685311794281006, 0.0, 0.09764669090509415]
[step 0060/150] method=baseline_cagrad loss=0.6797 train_acc=0.5056 train_loss=0.6852 val_acc=0.5271 val_loss=0.6762 router_H=0.6900 best=0.5271
           router_load=[0.5355002284049988, 0.36685311794281006, 0.0, 0.09764669090509415]
[step 0070/150] method=baseline_cagrad loss=0.6547 train_acc=0.5056 train_loss=0.6852 val_acc=0.5271 val_loss=0.6762 router_H=0.6900 best=0.5271
           router_load=[0.5355002284049988, 0.36685311794281006, 0.0, 0.09764669090509415]
[step 0080/150] method=baseline_cagrad loss=0.6507 train_acc=0.5056 train_loss=0.6852 val_acc=0.5271 val_loss=0.6762 router_H=0.6900 best=0.5271
           router_load=[0.5355002284049988, 0.36685311794281006, 0.0, 0.09764669090509415]
[step 0090/150] method=baseline_cagrad loss=0.6465 train_acc=0.5056 train_loss=0.6852 val_acc=0.5271 val_loss=0.6762 router_H=0.6900 best=0.5271
           router_load=[0.5355002284049988, 0.36685311794281006, 0.0, 0.09764669090509415]
[step 0100/150] method=baseline_cagrad loss=0.6406 train_acc=0.6470 train_loss=0.6477 val_acc=0.6245 val_loss=0.6456 router_H=0.6881 best=0.6245
           router_load=[0.5429642796516418, 0.3490561246871948, 0.0, 0.10797962546348572]
[step 0110/150] method=baseline_cagrad loss=0.6393 train_acc=0.6470 train_loss=0.6477 val_acc=0.6245 val_loss=0.6456 router_H=0.6881 best=0.6245
           router_load=[0.5429642796516418, 0.3490561246871948, 0.0, 0.10797962546348572]
[step 0120/150] method=baseline_cagrad loss=0.6664 train_acc=0.6470 train_loss=0.6477 val_acc=0.6245 val_loss=0.6456 router_H=0.6881 best=0.6245
           router_load=[0.5429642796516418, 0.3490561246871948, 0.0, 0.10797962546348572]
[step 0130/150] method=baseline_cagrad loss=0.6491 train_acc=0.6470 train_loss=0.6477 val_acc=0.6245 val_loss=0.6456 router_H=0.6881 best=0.6245
           router_load=[0.5429642796516418, 0.3490561246871948, 0.0, 0.10797962546348572]
[step 0140/150] method=baseline_cagrad loss=0.6136 train_acc=0.6470 train_loss=0.6477 val_acc=0.6245 val_loss=0.6456 router_H=0.6881 best=0.6245
           router_load=[0.5429642796516418, 0.3490561246871948, 0.0, 0.10797962546348572]
[step 0150/150] method=baseline_cagrad loss=0.6404 train_acc=0.6908 train_loss=0.6179 val_acc=0.6787 val_loss=0.6226 router_H=0.6868 best=0.6787
           router_load=[0.5491666197776794, 0.32303348183631897, 0.0, 0.1277998983860016]
saved summary -> /home/zhujjing/MOE-grad-conflict-routing/runs/paper_suite/single_gpu/single_task/roberta_rte_lora_e4_k2/hpo/cagrad/trial_runs/coord_01_train_lr_004/cagrad_s2.json
saved curve -> /home/zhujjing/MOE-grad-conflict-routing/runs/paper_suite/single_gpu/single_task/roberta_rte_lora_e4_k2/hpo/cagrad/trial_runs/coord_01_train_lr_004/cagrad_s2_curve.csv
