[run] method=ours candidate=coord_01_train_lr_014 seed=3 steps=150 gpu=0
[run] cmd=
/home/zhujjing/anaconda3/envs/moe/bin/python /home/zhujjing/MOE-grad-conflict-routing/scripts/run.py --config configs/singletask_rte_real.yaml --set model.backbone_backend=hf --set model.hf_load_pretrained=true --set model.backbone=roberta --set model.hf_pretrained_name=roberta-base --set model.expert_type=ffn --set model.routing_mode=topk --set model.num_experts=4 --set model.top_k=2 --set seed=3 --set method.name=ours --set train.steps=150 --set train.eval_every_steps=50 --set method.ours.use_load_norm=true --set method.ours.lambda_align=0.001 --set train.grad_clip=1 --set train.lr=7.050310524e-05 --set train.weight_decay=0.01 --out /home/zhujjing/MOE-grad-conflict-routing/runs/paper_suite/single_gpu/single_task/roberta_rte_ffn_e4_k2/hpo/ours/trial_runs/coord_01_train_lr_014/ours_s3.json --curve_out /home/zhujjing/MOE-grad-conflict-routing/runs/paper_suite/single_gpu/single_task/roberta_rte_ffn_e4_k2/hpo/ours/trial_runs/coord_01_train_lr_014/ours_s3_curve.csv
Using the latest cached version of the dataset since glue couldn't be found on the Hugging Face Hub (offline mode is enabled).
Found the latest cached dataset configuration 'rte' at /home/zhujjing/hf_cache/datasets/glue/rte/0.0.0/bcdcba79d07bc864c1c254ccfcedcce55bcc9a8c (last modified on Thu Mar 19 15:00:36 2026).
/home/zhujjing/anaconda3/envs/moe/lib/python3.10/site-packages/transformers/utils/hub.py:124: FutureWarning: Using `TRANSFORMERS_CACHE` is deprecated and will be removed in v5 of Transformers. Use `HF_HOME` instead.
  warnings.warn(
Some weights of RobertaModel were not initialized from the model checkpoint at roberta-base and are newly initialized: ['roberta.pooler.dense.bias', 'roberta.pooler.dense.weight']
You should probably TRAIN this model on a down-stream task to be able to use it for predictions and inference.
[step 0001/150] method=ours loss=0.6943 train_acc=nan train_loss=nan val_acc=nan val_loss=nan best=-1.0000
[step 0010/150] method=ours loss=0.7009 train_acc=nan train_loss=nan val_acc=nan val_loss=nan best=-1.0000
[step 0020/150] method=ours loss=0.6934 train_acc=nan train_loss=nan val_acc=nan val_loss=nan best=-1.0000
[step 0030/150] method=ours loss=0.6859 train_acc=nan train_loss=nan val_acc=nan val_loss=nan best=-1.0000
[step 0040/150] method=ours loss=0.6698 train_acc=nan train_loss=nan val_acc=nan val_loss=nan best=-1.0000
[step 0050/150] method=ours loss=0.6777 train_acc=0.5020 train_loss=0.6905 val_acc=0.4693 val_loss=0.6999 router_H=0.6795 best=0.4693
           router_load=[0.4182882010936737, 0.0, 0.5817118883132935, 0.0]
[step 0060/150] method=ours loss=0.6917 train_acc=0.5020 train_loss=0.6905 val_acc=0.4693 val_loss=0.6999 router_H=0.6795 best=0.4693
           router_load=[0.4182882010936737, 0.0, 0.5817118883132935, 0.0]
[step 0070/150] method=ours loss=0.6982 train_acc=0.5020 train_loss=0.6905 val_acc=0.4693 val_loss=0.6999 router_H=0.6795 best=0.4693
           router_load=[0.4182882010936737, 0.0, 0.5817118883132935, 0.0]
[step 0080/150] method=ours loss=0.6814 train_acc=0.5020 train_loss=0.6905 val_acc=0.4693 val_loss=0.6999 router_H=0.6795 best=0.4693
           router_load=[0.4182882010936737, 0.0, 0.5817118883132935, 0.0]
[step 0090/150] method=ours loss=0.5948 train_acc=0.5020 train_loss=0.6905 val_acc=0.4693 val_loss=0.6999 router_H=0.6795 best=0.4693
           router_load=[0.4182882010936737, 0.0, 0.5817118883132935, 0.0]
[step 0100/150] method=ours loss=0.7405 train_acc=0.6241 train_loss=0.6507 val_acc=0.5523 val_loss=0.6769 router_H=0.6697 best=0.5523
           router_load=[0.3947792053222656, 0.0, 0.6052207350730896, 0.0]
[step 0110/150] method=ours loss=0.7267 train_acc=0.6241 train_loss=0.6507 val_acc=0.5523 val_loss=0.6769 router_H=0.6697 best=0.5523
           router_load=[0.3947792053222656, 0.0, 0.6052207350730896, 0.0]
[step 0120/150] method=ours loss=0.6397 train_acc=0.6241 train_loss=0.6507 val_acc=0.5523 val_loss=0.6769 router_H=0.6697 best=0.5523
           router_load=[0.3947792053222656, 0.0, 0.6052207350730896, 0.0]
[step 0130/150] method=ours loss=0.6952 train_acc=0.6241 train_loss=0.6507 val_acc=0.5523 val_loss=0.6769 router_H=0.6697 best=0.5523
           router_load=[0.3947792053222656, 0.0, 0.6052207350730896, 0.0]
[step 0140/150] method=ours loss=0.7176 train_acc=0.6241 train_loss=0.6507 val_acc=0.5523 val_loss=0.6769 router_H=0.6697 best=0.5523
           router_load=[0.3947792053222656, 0.0, 0.6052207350730896, 0.0]
[step 0150/150] method=ours loss=0.7556 train_acc=0.4992 train_loss=0.6919 val_acc=0.4765 val_loss=0.7018 router_H=0.6921 best=0.5523
           router_load=[0.5213728547096252, 0.0, 0.4786272346973419, 0.0]
saved summary -> /home/zhujjing/MOE-grad-conflict-routing/runs/paper_suite/single_gpu/single_task/roberta_rte_ffn_e4_k2/hpo/ours/trial_runs/coord_01_train_lr_014/ours_s3.json
saved curve -> /home/zhujjing/MOE-grad-conflict-routing/runs/paper_suite/single_gpu/single_task/roberta_rte_ffn_e4_k2/hpo/ours/trial_runs/coord_01_train_lr_014/ours_s3_curve.csv
