[run] method=ours candidate=coord_01_anchor seed=3 steps=150 gpu=0
[run] cmd=
/home/zhujjing/anaconda3/envs/moe/bin/python /home/zhujjing/MOE-grad-conflict-routing/scripts/run.py --config configs/singletask_rte_real.yaml --set model.backbone_backend=hf --set model.hf_load_pretrained=true --set model.backbone=roberta --set model.hf_pretrained_name=roberta-base --set model.expert_type=ffn --set model.routing_mode=topk --set model.num_experts=4 --set model.top_k=2 --set seed=3 --set method.name=ours --set train.steps=150 --set train.eval_every_steps=50 --set method.ours.use_load_norm=true --set method.ours.lambda_align=0.001 --set train.grad_clip=1 --set train.lr=2e-05 --set train.weight_decay=0.01 --out /home/zhujjing/MOE-grad-conflict-routing/runs/paper_suite/single_gpu/single_task/roberta_rte_ffn_e4_k2/hpo/ours/trial_runs/coord_01_anchor/ours_s3.json --curve_out /home/zhujjing/MOE-grad-conflict-routing/runs/paper_suite/single_gpu/single_task/roberta_rte_ffn_e4_k2/hpo/ours/trial_runs/coord_01_anchor/ours_s3_curve.csv
Using the latest cached version of the dataset since glue couldn't be found on the Hugging Face Hub (offline mode is enabled).
Found the latest cached dataset configuration 'rte' at /home/zhujjing/hf_cache/datasets/glue/rte/0.0.0/bcdcba79d07bc864c1c254ccfcedcce55bcc9a8c (last modified on Thu Mar 19 15:00:36 2026).
/home/zhujjing/anaconda3/envs/moe/lib/python3.10/site-packages/transformers/utils/hub.py:124: FutureWarning: Using `TRANSFORMERS_CACHE` is deprecated and will be removed in v5 of Transformers. Use `HF_HOME` instead.
  warnings.warn(
Some weights of RobertaModel were not initialized from the model checkpoint at roberta-base and are newly initialized: ['roberta.pooler.dense.bias', 'roberta.pooler.dense.weight']
You should probably TRAIN this model on a down-stream task to be able to use it for predictions and inference.
[step 0001/150] method=ours loss=0.6896 train_acc=nan train_loss=nan val_acc=nan val_loss=nan best=-1.0000
[step 0010/150] method=ours loss=0.7016 train_acc=nan train_loss=nan val_acc=nan val_loss=nan best=-1.0000
[step 0020/150] method=ours loss=0.6961 train_acc=nan train_loss=nan val_acc=nan val_loss=nan best=-1.0000
[step 0030/150] method=ours loss=0.6829 train_acc=nan train_loss=nan val_acc=nan val_loss=nan best=-1.0000
[step 0040/150] method=ours loss=0.6709 train_acc=nan train_loss=nan val_acc=nan val_loss=nan best=-1.0000
[step 0050/150] method=ours loss=0.6671 train_acc=0.6080 train_loss=0.6707 val_acc=0.5776 val_loss=0.6814 router_H=0.6840 best=0.5776
           router_load=[0.0015277060447260737, 0.0402284599840641, 0.5307385325431824, 0.4275053143501282]
[step 0060/150] method=ours loss=0.7142 train_acc=0.6080 train_loss=0.6707 val_acc=0.5776 val_loss=0.6814 router_H=0.6840 best=0.5776
           router_load=[0.0015277060447260737, 0.0402284599840641, 0.5307385325431824, 0.4275053143501282]
[step 0070/150] method=ours loss=0.6617 train_acc=0.6080 train_loss=0.6707 val_acc=0.5776 val_loss=0.6814 router_H=0.6840 best=0.5776
           router_load=[0.0015277060447260737, 0.0402284599840641, 0.5307385325431824, 0.4275053143501282]
[step 0080/150] method=ours loss=0.5531 train_acc=0.6080 train_loss=0.6707 val_acc=0.5776 val_loss=0.6814 router_H=0.6840 best=0.5776
           router_load=[0.0015277060447260737, 0.0402284599840641, 0.5307385325431824, 0.4275053143501282]
[step 0090/150] method=ours loss=0.5633 train_acc=0.6080 train_loss=0.6707 val_acc=0.5776 val_loss=0.6814 router_H=0.6840 best=0.5776
           router_load=[0.0015277060447260737, 0.0402284599840641, 0.5307385325431824, 0.4275053143501282]
[step 0100/150] method=ours loss=0.6375 train_acc=0.5980 train_loss=0.6464 val_acc=0.6173 val_loss=0.6446 router_H=0.6877 best=0.6173
           router_load=[0.0, 0.4323526620864868, 0.5260005593299866, 0.041646894067525864]
[step 0110/150] method=ours loss=0.6449 train_acc=0.5980 train_loss=0.6464 val_acc=0.6173 val_loss=0.6446 router_H=0.6877 best=0.6173
           router_load=[0.0, 0.4323526620864868, 0.5260005593299866, 0.041646894067525864]
[step 0120/150] method=ours loss=0.7688 train_acc=0.5980 train_loss=0.6464 val_acc=0.6173 val_loss=0.6446 router_H=0.6877 best=0.6173
           router_load=[0.0, 0.4323526620864868, 0.5260005593299866, 0.041646894067525864]
[step 0130/150] method=ours loss=0.6305 train_acc=0.5980 train_loss=0.6464 val_acc=0.6173 val_loss=0.6446 router_H=0.6877 best=0.6173
           router_load=[0.0, 0.4323526620864868, 0.5260005593299866, 0.041646894067525864]
[step 0140/150] method=ours loss=0.6429 train_acc=0.5980 train_loss=0.6464 val_acc=0.6173 val_loss=0.6446 router_H=0.6877 best=0.6173
           router_load=[0.0, 0.4323526620864868, 0.5260005593299866, 0.041646894067525864]
[step 0150/150] method=ours loss=0.5895 train_acc=0.7498 train_loss=0.5347 val_acc=0.6426 val_loss=0.6360 router_H=0.6486 best=0.6426
           router_load=[0.0, 0.23240801692008972, 0.47873157262802124, 0.2888604402542114]
saved summary -> /home/zhujjing/MOE-grad-conflict-routing/runs/paper_suite/single_gpu/single_task/roberta_rte_ffn_e4_k2/hpo/ours/trial_runs/coord_01_anchor/ours_s3.json
saved curve -> /home/zhujjing/MOE-grad-conflict-routing/runs/paper_suite/single_gpu/single_task/roberta_rte_ffn_e4_k2/hpo/ours/trial_runs/coord_01_anchor/ours_s3_curve.csv
