[run] method=ours candidate=coord_01_train_lr_022 seed=3 steps=150 gpu=0
[run] cmd=
/home/zhujjing/anaconda3/envs/moe/bin/python /home/zhujjing/MOE-grad-conflict-routing/scripts/run.py --config configs/singletask_rte_real.yaml --set model.backbone_backend=hf --set model.hf_load_pretrained=true --set model.backbone=roberta --set model.hf_pretrained_name=roberta-base --set model.expert_type=ffn --set model.routing_mode=topk --set model.num_experts=4 --set model.top_k=2 --set seed=3 --set method.name=ours --set train.steps=150 --set train.eval_every_steps=50 --set method.ours.use_load_norm=true --set method.ours.lambda_align=0.001 --set train.grad_clip=1 --set train.lr=5.80675235e-06 --set train.weight_decay=0.01 --out /home/zhujjing/MOE-grad-conflict-routing/runs/paper_suite/single_gpu/single_task/roberta_rte_ffn_e4_k2/hpo/ours/trial_runs/coord_01_train_lr_022/ours_s3.json --curve_out /home/zhujjing/MOE-grad-conflict-routing/runs/paper_suite/single_gpu/single_task/roberta_rte_ffn_e4_k2/hpo/ours/trial_runs/coord_01_train_lr_022/ours_s3_curve.csv
Using the latest cached version of the dataset since glue couldn't be found on the Hugging Face Hub (offline mode is enabled).
Found the latest cached dataset configuration 'rte' at /home/zhujjing/hf_cache/datasets/glue/rte/0.0.0/bcdcba79d07bc864c1c254ccfcedcce55bcc9a8c (last modified on Thu Mar 19 15:00:36 2026).
/home/zhujjing/anaconda3/envs/moe/lib/python3.10/site-packages/transformers/utils/hub.py:124: FutureWarning: Using `TRANSFORMERS_CACHE` is deprecated and will be removed in v5 of Transformers. Use `HF_HOME` instead.
  warnings.warn(
Some weights of RobertaModel were not initialized from the model checkpoint at roberta-base and are newly initialized: ['roberta.pooler.dense.bias', 'roberta.pooler.dense.weight']
You should probably TRAIN this model on a down-stream task to be able to use it for predictions and inference.
[step 0001/150] method=ours loss=0.6905 train_acc=nan train_loss=nan val_acc=nan val_loss=nan best=-1.0000
[step 0010/150] method=ours loss=0.7011 train_acc=nan train_loss=nan val_acc=nan val_loss=nan best=-1.0000
[step 0020/150] method=ours loss=0.6880 train_acc=nan train_loss=nan val_acc=nan val_loss=nan best=-1.0000
[step 0030/150] method=ours loss=0.6829 train_acc=nan train_loss=nan val_acc=nan val_loss=nan best=-1.0000
[step 0040/150] method=ours loss=0.6877 train_acc=nan train_loss=nan val_acc=nan val_loss=nan best=-1.0000
[step 0050/150] method=ours loss=0.6873 train_acc=0.5269 train_loss=0.6907 val_acc=0.4838 val_loss=0.6932 router_H=0.6848 best=0.4838
           router_load=[0.0, 0.1433696746826172, 0.5625330209732056, 0.29409724473953247]
[step 0060/150] method=ours loss=0.6968 train_acc=0.5269 train_loss=0.6907 val_acc=0.4838 val_loss=0.6932 router_H=0.6848 best=0.4838
           router_load=[0.0, 0.1433696746826172, 0.5625330209732056, 0.29409724473953247]
[step 0070/150] method=ours loss=0.6918 train_acc=0.5269 train_loss=0.6907 val_acc=0.4838 val_loss=0.6932 router_H=0.6848 best=0.4838
           router_load=[0.0, 0.1433696746826172, 0.5625330209732056, 0.29409724473953247]
[step 0080/150] method=ours loss=0.6859 train_acc=0.5269 train_loss=0.6907 val_acc=0.4838 val_loss=0.6932 router_H=0.6848 best=0.4838
           router_load=[0.0, 0.1433696746826172, 0.5625330209732056, 0.29409724473953247]
[step 0090/150] method=ours loss=0.6715 train_acc=0.5269 train_loss=0.6907 val_acc=0.4838 val_loss=0.6932 router_H=0.6848 best=0.4838
           router_load=[0.0, 0.1433696746826172, 0.5625330209732056, 0.29409724473953247]
[step 0100/150] method=ours loss=0.7050 train_acc=0.5739 train_loss=0.6809 val_acc=0.5740 val_loss=0.6843 router_H=0.6807 best=0.5740
           router_load=[0.0, 0.01759381778538227, 0.5730300545692444, 0.4093761146068573]
[step 0110/150] method=ours loss=0.6436 train_acc=0.5739 train_loss=0.6809 val_acc=0.5740 val_loss=0.6843 router_H=0.6807 best=0.5740
           router_load=[0.0, 0.01759381778538227, 0.5730300545692444, 0.4093761146068573]
[step 0120/150] method=ours loss=0.6468 train_acc=0.5739 train_loss=0.6809 val_acc=0.5740 val_loss=0.6843 router_H=0.6807 best=0.5740
           router_load=[0.0, 0.01759381778538227, 0.5730300545692444, 0.4093761146068573]
[step 0130/150] method=ours loss=0.6705 train_acc=0.5739 train_loss=0.6809 val_acc=0.5740 val_loss=0.6843 router_H=0.6807 best=0.5740
           router_load=[0.0, 0.01759381778538227, 0.5730300545692444, 0.4093761146068573]
[step 0140/150] method=ours loss=0.6627 train_acc=0.5739 train_loss=0.6809 val_acc=0.5740 val_loss=0.6843 router_H=0.6807 best=0.5740
           router_load=[0.0, 0.01759381778538227, 0.5730300545692444, 0.4093761146068573]
[step 0150/150] method=ours loss=0.6738 train_acc=0.6514 train_loss=0.6535 val_acc=0.6209 val_loss=0.6616 router_H=0.6702 best=0.6209
           router_load=[0.003300656098872423, 0.01518865767866373, 0.5843044519424438, 0.3972063660621643]
saved summary -> /home/zhujjing/MOE-grad-conflict-routing/runs/paper_suite/single_gpu/single_task/roberta_rte_ffn_e4_k2/hpo/ours/trial_runs/coord_01_train_lr_022/ours_s3.json
saved curve -> /home/zhujjing/MOE-grad-conflict-routing/runs/paper_suite/single_gpu/single_task/roberta_rte_ffn_e4_k2/hpo/ours/trial_runs/coord_01_train_lr_022/ours_s3_curve.csv
