[run] method=ours candidate=coord_01_train_lr_001 seed=3 steps=150 gpu=0
[run] cmd=
/home/zhujjing/anaconda3/envs/moe/bin/python /home/zhujjing/MOE-grad-conflict-routing/scripts/run.py --config configs/singletask_rte_real.yaml --set model.backbone_backend=hf --set model.hf_load_pretrained=true --set model.backbone=roberta --set model.hf_pretrained_name=roberta-base --set model.expert_type=ffn --set model.routing_mode=topk --set model.num_experts=4 --set model.top_k=2 --set seed=3 --set method.name=ours --set train.steps=150 --set train.eval_every_steps=50 --set method.ours.use_load_norm=true --set method.ours.lambda_align=0.001 --set train.grad_clip=1 --set train.lr=6.093904654e-06 --set train.weight_decay=0.01 --out /home/zhujjing/MOE-grad-conflict-routing/runs/paper_suite/single_gpu/single_task/roberta_rte_ffn_e4_k2/hpo/ours/trial_runs/coord_01_train_lr_001/ours_s3.json --curve_out /home/zhujjing/MOE-grad-conflict-routing/runs/paper_suite/single_gpu/single_task/roberta_rte_ffn_e4_k2/hpo/ours/trial_runs/coord_01_train_lr_001/ours_s3_curve.csv
Using the latest cached version of the dataset since glue couldn't be found on the Hugging Face Hub (offline mode is enabled).
Found the latest cached dataset configuration 'rte' at /home/zhujjing/hf_cache/datasets/glue/rte/0.0.0/bcdcba79d07bc864c1c254ccfcedcce55bcc9a8c (last modified on Thu Mar 19 15:00:36 2026).
/home/zhujjing/anaconda3/envs/moe/lib/python3.10/site-packages/transformers/utils/hub.py:124: FutureWarning: Using `TRANSFORMERS_CACHE` is deprecated and will be removed in v5 of Transformers. Use `HF_HOME` instead.
  warnings.warn(
Some weights of RobertaModel were not initialized from the model checkpoint at roberta-base and are newly initialized: ['roberta.pooler.dense.bias', 'roberta.pooler.dense.weight']
You should probably TRAIN this model on a down-stream task to be able to use it for predictions and inference.
[step 0001/150] method=ours loss=0.6874 train_acc=nan train_loss=nan val_acc=nan val_loss=nan best=-1.0000
[step 0010/150] method=ours loss=0.6933 train_acc=nan train_loss=nan val_acc=nan val_loss=nan best=-1.0000
[step 0020/150] method=ours loss=0.6915 train_acc=nan train_loss=nan val_acc=nan val_loss=nan best=-1.0000
[step 0030/150] method=ours loss=0.6943 train_acc=nan train_loss=nan val_acc=nan val_loss=nan best=-1.0000
[step 0040/150] method=ours loss=0.6799 train_acc=nan train_loss=nan val_acc=nan val_loss=nan best=-1.0000
[step 0050/150] method=ours loss=0.6885 train_acc=0.5092 train_loss=0.6910 val_acc=0.4657 val_loss=0.6952 router_H=0.6895 best=0.4657
           router_load=[0.5390581488609314, 0.4498206079006195, 0.0, 0.011121242307126522]
[step 0060/150] method=ours loss=0.6911 train_acc=0.5092 train_loss=0.6910 val_acc=0.4657 val_loss=0.6952 router_H=0.6895 best=0.4657
           router_load=[0.5390581488609314, 0.4498206079006195, 0.0, 0.011121242307126522]
[step 0070/150] method=ours loss=0.6937 train_acc=0.5092 train_loss=0.6910 val_acc=0.4657 val_loss=0.6952 router_H=0.6895 best=0.4657
           router_load=[0.5390581488609314, 0.4498206079006195, 0.0, 0.011121242307126522]
[step 0080/150] method=ours loss=0.6709 train_acc=0.5092 train_loss=0.6910 val_acc=0.4657 val_loss=0.6952 router_H=0.6895 best=0.4657
           router_load=[0.5390581488609314, 0.4498206079006195, 0.0, 0.011121242307126522]
[step 0090/150] method=ours loss=0.6656 train_acc=0.5092 train_loss=0.6910 val_acc=0.4657 val_loss=0.6952 router_H=0.6895 best=0.4657
           router_load=[0.5390581488609314, 0.4498206079006195, 0.0, 0.011121242307126522]
[step 0100/150] method=ours loss=0.6942 train_acc=0.6390 train_loss=0.6685 val_acc=0.6354 val_loss=0.6753 router_H=0.6705 best=0.6354
           router_load=[0.6007304787635803, 0.21601389348506927, 0.06659328192472458, 0.11666228622198105]
[step 0110/150] method=ours loss=0.5972 train_acc=0.6390 train_loss=0.6685 val_acc=0.6354 val_loss=0.6753 router_H=0.6705 best=0.6354
           router_load=[0.6007304787635803, 0.21601389348506927, 0.06659328192472458, 0.11666228622198105]
[step 0120/150] method=ours loss=0.6406 train_acc=0.6390 train_loss=0.6685 val_acc=0.6354 val_loss=0.6753 router_H=0.6705 best=0.6354
           router_load=[0.6007304787635803, 0.21601389348506927, 0.06659328192472458, 0.11666228622198105]
[step 0130/150] method=ours loss=0.6829 train_acc=0.6390 train_loss=0.6685 val_acc=0.6354 val_loss=0.6753 router_H=0.6705 best=0.6354
           router_load=[0.6007304787635803, 0.21601389348506927, 0.06659328192472458, 0.11666228622198105]
[step 0140/150] method=ours loss=0.6377 train_acc=0.6390 train_loss=0.6685 val_acc=0.6354 val_loss=0.6753 router_H=0.6705 best=0.6354
           router_load=[0.6007304787635803, 0.21601389348506927, 0.06659328192472458, 0.11666228622198105]
[step 0150/150] method=ours loss=0.6445 train_acc=0.6900 train_loss=0.6172 val_acc=0.6534 val_loss=0.6353 router_H=0.5985 best=0.6534
           router_load=[0.6998181343078613, 0.1167558878660202, 0.010263627395033836, 0.17316243052482605]
saved summary -> /home/zhujjing/MOE-grad-conflict-routing/runs/paper_suite/single_gpu/single_task/roberta_rte_ffn_e4_k2/hpo/ours/trial_runs/coord_01_train_lr_001/ours_s3.json
saved curve -> /home/zhujjing/MOE-grad-conflict-routing/runs/paper_suite/single_gpu/single_task/roberta_rte_ffn_e4_k2/hpo/ours/trial_runs/coord_01_train_lr_001/ours_s3_curve.csv
