[run] method=ours candidate=coord_01_train_lr_010 seed=3 steps=150 gpu=0
[run] cmd=
/home/zhujjing/anaconda3/envs/moe/bin/python /home/zhujjing/MOE-grad-conflict-routing/scripts/run.py --config configs/singletask_rte_real.yaml --set model.backbone_backend=hf --set model.hf_load_pretrained=true --set model.backbone=roberta --set model.hf_pretrained_name=roberta-base --set model.expert_type=ffn --set model.routing_mode=topk --set model.num_experts=4 --set model.top_k=2 --set seed=3 --set method.name=ours --set train.steps=150 --set train.eval_every_steps=50 --set method.ours.use_load_norm=true --set method.ours.lambda_align=0.001 --set train.grad_clip=1 --set train.lr=2.521629285e-05 --set train.weight_decay=0.01 --out /home/zhujjing/MOE-grad-conflict-routing/runs/paper_suite/single_gpu/single_task/roberta_rte_ffn_e4_k2/hpo/ours/trial_runs/coord_01_train_lr_010/ours_s3.json --curve_out /home/zhujjing/MOE-grad-conflict-routing/runs/paper_suite/single_gpu/single_task/roberta_rte_ffn_e4_k2/hpo/ours/trial_runs/coord_01_train_lr_010/ours_s3_curve.csv
Using the latest cached version of the dataset since glue couldn't be found on the Hugging Face Hub (offline mode is enabled).
Found the latest cached dataset configuration 'rte' at /home/zhujjing/hf_cache/datasets/glue/rte/0.0.0/bcdcba79d07bc864c1c254ccfcedcce55bcc9a8c (last modified on Thu Mar 19 15:00:36 2026).
/home/zhujjing/anaconda3/envs/moe/lib/python3.10/site-packages/transformers/utils/hub.py:124: FutureWarning: Using `TRANSFORMERS_CACHE` is deprecated and will be removed in v5 of Transformers. Use `HF_HOME` instead.
  warnings.warn(
Some weights of RobertaModel were not initialized from the model checkpoint at roberta-base and are newly initialized: ['roberta.pooler.dense.bias', 'roberta.pooler.dense.weight']
You should probably TRAIN this model on a down-stream task to be able to use it for predictions and inference.
[step 0001/150] method=ours loss=0.6862 train_acc=nan train_loss=nan val_acc=nan val_loss=nan best=-1.0000
[step 0010/150] method=ours loss=0.7016 train_acc=nan train_loss=nan val_acc=nan val_loss=nan best=-1.0000
[step 0020/150] method=ours loss=0.6989 train_acc=nan train_loss=nan val_acc=nan val_loss=nan best=-1.0000
[step 0030/150] method=ours loss=0.6974 train_acc=nan train_loss=nan val_acc=nan val_loss=nan best=-1.0000
[step 0040/150] method=ours loss=0.6607 train_acc=nan train_loss=nan val_acc=nan val_loss=nan best=-1.0000
[step 0050/150] method=ours loss=0.6734 train_acc=0.5129 train_loss=0.6916 val_acc=0.4801 val_loss=0.6992 router_H=0.6253 best=0.4801
           router_load=[0.17893579602241516, 0.14049465954303741, 0.6805695295333862, 0.0]
[step 0060/150] method=ours loss=0.6338 train_acc=0.5129 train_loss=0.6916 val_acc=0.4801 val_loss=0.6992 router_H=0.6253 best=0.4801
           router_load=[0.17893579602241516, 0.14049465954303741, 0.6805695295333862, 0.0]
[step 0070/150] method=ours loss=0.7081 train_acc=0.5129 train_loss=0.6916 val_acc=0.4801 val_loss=0.6992 router_H=0.6253 best=0.4801
           router_load=[0.17893579602241516, 0.14049465954303741, 0.6805695295333862, 0.0]
[step 0080/150] method=ours loss=0.6407 train_acc=0.5129 train_loss=0.6916 val_acc=0.4801 val_loss=0.6992 router_H=0.6253 best=0.4801
           router_load=[0.17893579602241516, 0.14049465954303741, 0.6805695295333862, 0.0]
[step 0090/150] method=ours loss=0.5628 train_acc=0.5129 train_loss=0.6916 val_acc=0.4801 val_loss=0.6992 router_H=0.6253 best=0.4801
           router_load=[0.17893579602241516, 0.14049465954303741, 0.6805695295333862, 0.0]
[step 0100/150] method=ours loss=0.6767 train_acc=0.6695 train_loss=0.6198 val_acc=0.6643 val_loss=0.6223 router_H=0.5061 best=0.6643
           router_load=[0.004603192210197449, 0.19585353136062622, 0.79156893491745, 0.007974269799888134]
[step 0110/150] method=ours loss=0.7127 train_acc=0.6695 train_loss=0.6198 val_acc=0.6643 val_loss=0.6223 router_H=0.5061 best=0.6643
           router_load=[0.004603192210197449, 0.19585353136062622, 0.79156893491745, 0.007974269799888134]
[step 0120/150] method=ours loss=0.7455 train_acc=0.6695 train_loss=0.6198 val_acc=0.6643 val_loss=0.6223 router_H=0.5061 best=0.6643
           router_load=[0.004603192210197449, 0.19585353136062622, 0.79156893491745, 0.007974269799888134]
[step 0130/150] method=ours loss=0.6359 train_acc=0.6695 train_loss=0.6198 val_acc=0.6643 val_loss=0.6223 router_H=0.5061 best=0.6643
           router_load=[0.004603192210197449, 0.19585353136062622, 0.79156893491745, 0.007974269799888134]
[step 0140/150] method=ours loss=0.6110 train_acc=0.6695 train_loss=0.6198 val_acc=0.6643 val_loss=0.6223 router_H=0.5061 best=0.6643
           router_load=[0.004603192210197449, 0.19585353136062622, 0.79156893491745, 0.007974269799888134]
[step 0150/150] method=ours loss=0.6087 train_acc=0.6221 train_loss=0.6193 val_acc=0.6282 val_loss=0.6220 router_H=0.6286 best=0.6643
           router_load=[0.049247097223997116, 0.5600435733795166, 0.39039480686187744, 0.0003145930531900376]
saved summary -> /home/zhujjing/MOE-grad-conflict-routing/runs/paper_suite/single_gpu/single_task/roberta_rte_ffn_e4_k2/hpo/ours/trial_runs/coord_01_train_lr_010/ours_s3.json
saved curve -> /home/zhujjing/MOE-grad-conflict-routing/runs/paper_suite/single_gpu/single_task/roberta_rte_ffn_e4_k2/hpo/ours/trial_runs/coord_01_train_lr_010/ours_s3_curve.csv
