[run] method=ours candidate=coord_01_train_lr_003 seed=3 steps=150 gpu=0
[run] cmd=
/home/zhujjing/anaconda3/envs/moe/bin/python /home/zhujjing/MOE-grad-conflict-routing/scripts/run.py --config configs/singletask_rte_real.yaml --set model.backbone_backend=hf --set model.hf_load_pretrained=true --set model.backbone=roberta --set model.hf_pretrained_name=roberta-base --set model.expert_type=ffn --set model.routing_mode=topk --set model.num_experts=4 --set model.top_k=2 --set seed=3 --set method.name=ours --set train.steps=150 --set train.eval_every_steps=50 --set method.ours.use_load_norm=true --set method.ours.lambda_align=0.001 --set train.grad_clip=1 --set train.lr=5.731108509e-05 --set train.weight_decay=0.01 --out /home/zhujjing/MOE-grad-conflict-routing/runs/paper_suite/single_gpu/single_task/roberta_rte_ffn_e4_k2/hpo/ours/trial_runs/coord_01_train_lr_003/ours_s3.json --curve_out /home/zhujjing/MOE-grad-conflict-routing/runs/paper_suite/single_gpu/single_task/roberta_rte_ffn_e4_k2/hpo/ours/trial_runs/coord_01_train_lr_003/ours_s3_curve.csv
Using the latest cached version of the dataset since glue couldn't be found on the Hugging Face Hub (offline mode is enabled).
Found the latest cached dataset configuration 'rte' at /home/zhujjing/hf_cache/datasets/glue/rte/0.0.0/bcdcba79d07bc864c1c254ccfcedcce55bcc9a8c (last modified on Thu Mar 19 15:00:36 2026).
/home/zhujjing/anaconda3/envs/moe/lib/python3.10/site-packages/transformers/utils/hub.py:124: FutureWarning: Using `TRANSFORMERS_CACHE` is deprecated and will be removed in v5 of Transformers. Use `HF_HOME` instead.
  warnings.warn(
Some weights of RobertaModel were not initialized from the model checkpoint at roberta-base and are newly initialized: ['roberta.pooler.dense.bias', 'roberta.pooler.dense.weight']
You should probably TRAIN this model on a down-stream task to be able to use it for predictions and inference.
[step 0001/150] method=ours loss=0.6931 train_acc=nan train_loss=nan val_acc=nan val_loss=nan best=-1.0000
[step 0010/150] method=ours loss=0.7335 train_acc=nan train_loss=nan val_acc=nan val_loss=nan best=-1.0000
[step 0020/150] method=ours loss=0.7066 train_acc=nan train_loss=nan val_acc=nan val_loss=nan best=-1.0000
[step 0030/150] method=ours loss=0.6737 train_acc=nan train_loss=nan val_acc=nan val_loss=nan best=-1.0000
[step 0040/150] method=ours loss=0.6663 train_acc=nan train_loss=nan val_acc=nan val_loss=nan best=-1.0000
[step 0050/150] method=ours loss=0.6719 train_acc=0.5695 train_loss=0.6748 val_acc=0.5560 val_loss=0.6866 router_H=0.6374 best=0.5560
           router_load=[0.6639348268508911, 0.019402360543608665, 0.07968172430992126, 0.2369811087846756]
[step 0060/150] method=ours loss=0.6728 train_acc=0.5695 train_loss=0.6748 val_acc=0.5560 val_loss=0.6866 router_H=0.6374 best=0.5560
           router_load=[0.6639348268508911, 0.019402360543608665, 0.07968172430992126, 0.2369811087846756]
[step 0070/150] method=ours loss=0.7118 train_acc=0.5695 train_loss=0.6748 val_acc=0.5560 val_loss=0.6866 router_H=0.6374 best=0.5560
           router_load=[0.6639348268508911, 0.019402360543608665, 0.07968172430992126, 0.2369811087846756]
[step 0080/150] method=ours loss=0.6704 train_acc=0.5695 train_loss=0.6748 val_acc=0.5560 val_loss=0.6866 router_H=0.6374 best=0.5560
           router_load=[0.6639348268508911, 0.019402360543608665, 0.07968172430992126, 0.2369811087846756]
[step 0090/150] method=ours loss=0.6790 train_acc=0.5695 train_loss=0.6748 val_acc=0.5560 val_loss=0.6866 router_H=0.6374 best=0.5560
           router_load=[0.6639348268508911, 0.019402360543608665, 0.07968172430992126, 0.2369811087846756]
[step 0100/150] method=ours loss=0.7434 train_acc=0.6285 train_loss=0.6590 val_acc=0.5957 val_loss=0.6733 router_H=0.6877 best=0.5957
           router_load=[0.5479190945625305, 0.0, 0.0, 0.45208093523979187]
[step 0110/150] method=ours loss=0.7156 train_acc=0.6285 train_loss=0.6590 val_acc=0.5957 val_loss=0.6733 router_H=0.6877 best=0.5957
           router_load=[0.5479190945625305, 0.0, 0.0, 0.45208093523979187]
[step 0120/150] method=ours loss=0.6983 train_acc=0.6285 train_loss=0.6590 val_acc=0.5957 val_loss=0.6733 router_H=0.6877 best=0.5957
           router_load=[0.5479190945625305, 0.0, 0.0, 0.45208093523979187]
[step 0130/150] method=ours loss=0.6886 train_acc=0.6285 train_loss=0.6590 val_acc=0.5957 val_loss=0.6733 router_H=0.6877 best=0.5957
           router_load=[0.5479190945625305, 0.0, 0.0, 0.45208093523979187]
[step 0140/150] method=ours loss=0.7232 train_acc=0.6285 train_loss=0.6590 val_acc=0.5957 val_loss=0.6733 router_H=0.6877 best=0.5957
           router_load=[0.5479190945625305, 0.0, 0.0, 0.45208093523979187]
[step 0150/150] method=ours loss=0.7412 train_acc=0.4984 train_loss=0.7013 val_acc=0.4729 val_loss=0.7102 router_H=0.6928 best=0.5957
           router_load=[0.4872928857803345, 0.0, 0.0, 0.5127071738243103]
saved summary -> /home/zhujjing/MOE-grad-conflict-routing/runs/paper_suite/single_gpu/single_task/roberta_rte_ffn_e4_k2/hpo/ours/trial_runs/coord_01_train_lr_003/ours_s3.json
saved curve -> /home/zhujjing/MOE-grad-conflict-routing/runs/paper_suite/single_gpu/single_task/roberta_rte_ffn_e4_k2/hpo/ours/trial_runs/coord_01_train_lr_003/ours_s3_curve.csv
