[run] method=ours candidate=coord_01_train_lr_006 seed=3 steps=150 gpu=0
[run] cmd=
/home/zhujjing/anaconda3/envs/moe/bin/python /home/zhujjing/MOE-grad-conflict-routing/scripts/run.py --config configs/singletask_rte_real.yaml --set model.backbone_backend=hf --set model.hf_load_pretrained=true --set model.backbone=roberta --set model.hf_pretrained_name=roberta-base --set model.expert_type=ffn --set model.routing_mode=topk --set model.num_experts=4 --set model.top_k=2 --set seed=3 --set method.name=ours --set train.steps=150 --set train.eval_every_steps=50 --set method.ours.use_load_norm=true --set method.ours.lambda_align=0.001 --set train.grad_clip=1 --set train.lr=4.233346635e-05 --set train.weight_decay=0.01 --out /home/zhujjing/MOE-grad-conflict-routing/runs/paper_suite/single_gpu/single_task/roberta_rte_ffn_e4_k2/hpo/ours/trial_runs/coord_01_train_lr_006/ours_s3.json --curve_out /home/zhujjing/MOE-grad-conflict-routing/runs/paper_suite/single_gpu/single_task/roberta_rte_ffn_e4_k2/hpo/ours/trial_runs/coord_01_train_lr_006/ours_s3_curve.csv
Using the latest cached version of the dataset since glue couldn't be found on the Hugging Face Hub (offline mode is enabled).
Found the latest cached dataset configuration 'rte' at /home/zhujjing/hf_cache/datasets/glue/rte/0.0.0/bcdcba79d07bc864c1c254ccfcedcce55bcc9a8c (last modified on Thu Mar 19 15:00:36 2026).
/home/zhujjing/anaconda3/envs/moe/lib/python3.10/site-packages/transformers/utils/hub.py:124: FutureWarning: Using `TRANSFORMERS_CACHE` is deprecated and will be removed in v5 of Transformers. Use `HF_HOME` instead.
  warnings.warn(
Some weights of RobertaModel were not initialized from the model checkpoint at roberta-base and are newly initialized: ['roberta.pooler.dense.bias', 'roberta.pooler.dense.weight']
You should probably TRAIN this model on a down-stream task to be able to use it for predictions and inference.
[step 0001/150] method=ours loss=0.6947 train_acc=nan train_loss=nan val_acc=nan val_loss=nan best=-1.0000
[step 0010/150] method=ours loss=0.6923 train_acc=nan train_loss=nan val_acc=nan val_loss=nan best=-1.0000
[step 0020/150] method=ours loss=0.6971 train_acc=nan train_loss=nan val_acc=nan val_loss=nan best=-1.0000
[step 0030/150] method=ours loss=0.6580 train_acc=nan train_loss=nan val_acc=nan val_loss=nan best=-1.0000
[step 0040/150] method=ours loss=0.6804 train_acc=nan train_loss=nan val_acc=nan val_loss=nan best=-1.0000
[step 0050/150] method=ours loss=0.6392 train_acc=0.6165 train_loss=0.6535 val_acc=0.5957 val_loss=0.6882 router_H=0.5696 best=0.5957
           router_load=[0.15841402113437653, 0.736383855342865, 0.10442264378070831, 0.0007794140838086605]
[step 0060/150] method=ours loss=0.6483 train_acc=0.6165 train_loss=0.6535 val_acc=0.5957 val_loss=0.6882 router_H=0.5696 best=0.5957
           router_load=[0.15841402113437653, 0.736383855342865, 0.10442264378070831, 0.0007794140838086605]
[step 0070/150] method=ours loss=0.6927 train_acc=0.6165 train_loss=0.6535 val_acc=0.5957 val_loss=0.6882 router_H=0.5696 best=0.5957
           router_load=[0.15841402113437653, 0.736383855342865, 0.10442264378070831, 0.0007794140838086605]
[step 0080/150] method=ours loss=0.6880 train_acc=0.6165 train_loss=0.6535 val_acc=0.5957 val_loss=0.6882 router_H=0.5696 best=0.5957
           router_load=[0.15841402113437653, 0.736383855342865, 0.10442264378070831, 0.0007794140838086605]
[step 0090/150] method=ours loss=0.6036 train_acc=0.6165 train_loss=0.6535 val_acc=0.5957 val_loss=0.6882 router_H=0.5696 best=0.5957
           router_load=[0.15841402113437653, 0.736383855342865, 0.10442264378070831, 0.0007794140838086605]
[step 0100/150] method=ours loss=0.7206 train_acc=0.6743 train_loss=0.6165 val_acc=0.6498 val_loss=0.6422 router_H=0.6081 best=0.6498
           router_load=[0.2011614739894867, 0.7007884383201599, 0.0909324362874031, 0.007117689587175846]
[step 0110/150] method=ours loss=0.7139 train_acc=0.6743 train_loss=0.6165 val_acc=0.6498 val_loss=0.6422 router_H=0.6081 best=0.6498
           router_load=[0.2011614739894867, 0.7007884383201599, 0.0909324362874031, 0.007117689587175846]
[step 0120/150] method=ours loss=0.6456 train_acc=0.6743 train_loss=0.6165 val_acc=0.6498 val_loss=0.6422 router_H=0.6081 best=0.6498
           router_load=[0.2011614739894867, 0.7007884383201599, 0.0909324362874031, 0.007117689587175846]
[step 0130/150] method=ours loss=0.7243 train_acc=0.6743 train_loss=0.6165 val_acc=0.6498 val_loss=0.6422 router_H=0.6081 best=0.6498
           router_load=[0.2011614739894867, 0.7007884383201599, 0.0909324362874031, 0.007117689587175846]
[step 0140/150] method=ours loss=0.6420 train_acc=0.6743 train_loss=0.6165 val_acc=0.6498 val_loss=0.6422 router_H=0.6081 best=0.6498
           router_load=[0.2011614739894867, 0.7007884383201599, 0.0909324362874031, 0.007117689587175846]
[step 0150/150] method=ours loss=0.6194 train_acc=0.7643 train_loss=0.5566 val_acc=0.6715 val_loss=0.6143 router_H=0.6167 best=0.6715
           router_load=[0.13898900151252747, 0.6810124516487122, 0.15872515738010406, 0.021273424848914146]
saved summary -> /home/zhujjing/MOE-grad-conflict-routing/runs/paper_suite/single_gpu/single_task/roberta_rte_ffn_e4_k2/hpo/ours/trial_runs/coord_01_train_lr_006/ours_s3.json
saved curve -> /home/zhujjing/MOE-grad-conflict-routing/runs/paper_suite/single_gpu/single_task/roberta_rte_ffn_e4_k2/hpo/ours/trial_runs/coord_01_train_lr_006/ours_s3_curve.csv
