[run] method=ours candidate=coord_01_train_lr_011 seed=2 steps=150 gpu=0
[run] cmd=
/home/zhujjing/anaconda3/envs/moe/bin/python /home/zhujjing/MOE-grad-conflict-routing/scripts/run.py --config configs/singletask_rte_real.yaml --set model.backbone_backend=hf --set model.hf_load_pretrained=true --set model.backbone=roberta --set model.hf_pretrained_name=roberta-base --set model.expert_type=ffn --set model.routing_mode=topk --set model.num_experts=4 --set model.top_k=2 --set seed=2 --set method.name=ours --set train.steps=150 --set train.eval_every_steps=50 --set method.ours.use_load_norm=true --set method.ours.lambda_align=0.001 --set train.grad_clip=1 --set train.lr=0.0006460890537 --set train.weight_decay=0.01 --out /home/zhujjing/MOE-grad-conflict-routing/runs/paper_suite/single_gpu/single_task/roberta_rte_ffn_e4_k2/hpo/ours/trial_runs/coord_01_train_lr_011/ours_s2.json --curve_out /home/zhujjing/MOE-grad-conflict-routing/runs/paper_suite/single_gpu/single_task/roberta_rte_ffn_e4_k2/hpo/ours/trial_runs/coord_01_train_lr_011/ours_s2_curve.csv
Using the latest cached version of the dataset since glue couldn't be found on the Hugging Face Hub (offline mode is enabled).
Found the latest cached dataset configuration 'rte' at /home/zhujjing/hf_cache/datasets/glue/rte/0.0.0/bcdcba79d07bc864c1c254ccfcedcce55bcc9a8c (last modified on Thu Mar 19 15:00:36 2026).
/home/zhujjing/anaconda3/envs/moe/lib/python3.10/site-packages/transformers/utils/hub.py:124: FutureWarning: Using `TRANSFORMERS_CACHE` is deprecated and will be removed in v5 of Transformers. Use `HF_HOME` instead.
  warnings.warn(
Some weights of RobertaModel were not initialized from the model checkpoint at roberta-base and are newly initialized: ['roberta.pooler.dense.bias', 'roberta.pooler.dense.weight']
You should probably TRAIN this model on a down-stream task to be able to use it for predictions and inference.
[step 0001/150] method=ours loss=0.6839 train_acc=nan train_loss=nan val_acc=nan val_loss=nan best=-1.0000
[step 0010/150] method=ours loss=0.6619 train_acc=nan train_loss=nan val_acc=nan val_loss=nan best=-1.0000
[step 0020/150] method=ours loss=0.8607 train_acc=nan train_loss=nan val_acc=nan val_loss=nan best=-1.0000
[step 0030/150] method=ours loss=0.7118 train_acc=nan train_loss=nan val_acc=nan val_loss=nan best=-1.0000
[step 0040/150] method=ours loss=0.6404 train_acc=nan train_loss=nan val_acc=nan val_loss=nan best=-1.0000
[step 0050/150] method=ours loss=0.8517 train_acc=0.4984 train_loss=0.6976 val_acc=0.4729 val_loss=0.7040 router_H=0.2794 best=0.4729
           router_load=[0.0, 0.9197402000427246, 0.08026005327701569, 0.0]
[step 0060/150] method=ours loss=0.6950 train_acc=0.4984 train_loss=0.6976 val_acc=0.4729 val_loss=0.7040 router_H=0.2794 best=0.4729
           router_load=[0.0, 0.9197402000427246, 0.08026005327701569, 0.0]
[step 0070/150] method=ours loss=0.7432 train_acc=0.4984 train_loss=0.6976 val_acc=0.4729 val_loss=0.7040 router_H=0.2794 best=0.4729
           router_load=[0.0, 0.9197402000427246, 0.08026005327701569, 0.0]
[step 0080/150] method=ours loss=0.7845 train_acc=0.4984 train_loss=0.6976 val_acc=0.4729 val_loss=0.7040 router_H=0.2794 best=0.4729
           router_load=[0.0, 0.9197402000427246, 0.08026005327701569, 0.0]
[step 0090/150] method=ours loss=0.8610 train_acc=0.4984 train_loss=0.6976 val_acc=0.4729 val_loss=0.7040 router_H=0.2794 best=0.4729
           router_load=[0.0, 0.9197402000427246, 0.08026005327701569, 0.0]
[step 0100/150] method=ours loss=0.7398 train_acc=0.4984 train_loss=0.7081 val_acc=0.4729 val_loss=0.7203 router_H=0.2536 best=0.4729
           router_load=[0.0699668675661087, 0.9300329089164734, 0.0, 0.0]
[step 0110/150] method=ours loss=0.6686 train_acc=0.4984 train_loss=0.7081 val_acc=0.4729 val_loss=0.7203 router_H=0.2536 best=0.4729
           router_load=[0.0699668675661087, 0.9300329089164734, 0.0, 0.0]
[step 0120/150] method=ours loss=0.6849 train_acc=0.4984 train_loss=0.7081 val_acc=0.4729 val_loss=0.7203 router_H=0.2536 best=0.4729
           router_load=[0.0699668675661087, 0.9300329089164734, 0.0, 0.0]
[step 0130/150] method=ours loss=0.6530 train_acc=0.4984 train_loss=0.7081 val_acc=0.4729 val_loss=0.7203 router_H=0.2536 best=0.4729
           router_load=[0.0699668675661087, 0.9300329089164734, 0.0, 0.0]
[step 0140/150] method=ours loss=0.7659 train_acc=0.4984 train_loss=0.7081 val_acc=0.4729 val_loss=0.7203 router_H=0.2536 best=0.4729
           router_load=[0.0699668675661087, 0.9300329089164734, 0.0, 0.0]
[step 0150/150] method=ours loss=0.7102 train_acc=0.5016 train_loss=0.6968 val_acc=0.5271 val_loss=0.6904 router_H=0.0967 best=0.5271
           router_load=[0.0, 0.9803353548049927, 0.0, 0.019664648920297623]
saved summary -> /home/zhujjing/MOE-grad-conflict-routing/runs/paper_suite/single_gpu/single_task/roberta_rte_ffn_e4_k2/hpo/ours/trial_runs/coord_01_train_lr_011/ours_s2.json
saved curve -> /home/zhujjing/MOE-grad-conflict-routing/runs/paper_suite/single_gpu/single_task/roberta_rte_ffn_e4_k2/hpo/ours/trial_runs/coord_01_train_lr_011/ours_s2_curve.csv
