[run] method=cagrad candidate=coord_03_train_grad_clip_005 seed=2 steps=150 gpu=0
[run] cmd=
/home/zhujjing/anaconda3/envs/moe/bin/python /home/zhujjing/MOE-grad-conflict-routing/scripts/run.py --config configs/singletask_mrpc_real.yaml --set model.backbone_backend=hf --set model.hf_load_pretrained=true --set model.backbone=roberta --set model.hf_pretrained_name=roberta-base --set model.expert_type=ffn --set model.routing_mode=topk --set model.num_experts=4 --set model.top_k=2 --set seed=2 --set method.name=baseline_cagrad --set train.steps=150 --set train.eval_every_steps=50 --set method.baseline_cagrad.c=0.4 --set method.baseline_cagrad.inner_lr=0.1 --set train.grad_clip=0.7780371314 --set train.lr=2.52305587e-05 --set train.weight_decay=0.003745151078 --out /home/zhujjing/MOE-grad-conflict-routing/runs/paper_suite/single_gpu/single_task/roberta_mrpc_ffn_e4_k2/hpo/cagrad/trial_runs/coord_03_train_grad_clip_005/cagrad_s2.json --curve_out /home/zhujjing/MOE-grad-conflict-routing/runs/paper_suite/single_gpu/single_task/roberta_mrpc_ffn_e4_k2/hpo/cagrad/trial_runs/coord_03_train_grad_clip_005/cagrad_s2_curve.csv
Using the latest cached version of the dataset since glue couldn't be found on the Hugging Face Hub (offline mode is enabled).
Found the latest cached dataset configuration 'mrpc' at /home/zhujjing/hf_cache/datasets/glue/mrpc/0.0.0/bcdcba79d07bc864c1c254ccfcedcce55bcc9a8c (last modified on Thu Mar 19 15:01:06 2026).
/home/zhujjing/anaconda3/envs/moe/lib/python3.10/site-packages/transformers/utils/hub.py:124: FutureWarning: Using `TRANSFORMERS_CACHE` is deprecated and will be removed in v5 of Transformers. Use `HF_HOME` instead.
  warnings.warn(
Some weights of RobertaModel were not initialized from the model checkpoint at roberta-base and are newly initialized: ['roberta.pooler.dense.bias', 'roberta.pooler.dense.weight']
You should probably TRAIN this model on a down-stream task to be able to use it for predictions and inference.
[step 0001/150] method=baseline_cagrad loss=0.6779 train_acc=nan train_loss=nan val_acc=nan val_loss=nan best=-1.0000
[step 0010/150] method=baseline_cagrad loss=0.6663 train_acc=nan train_loss=nan val_acc=nan val_loss=nan best=-1.0000
[step 0020/150] method=baseline_cagrad loss=0.6355 train_acc=nan train_loss=nan val_acc=nan val_loss=nan best=-1.0000
[step 0030/150] method=baseline_cagrad loss=0.5999 train_acc=nan train_loss=nan val_acc=nan val_loss=nan best=-1.0000
[step 0040/150] method=baseline_cagrad loss=0.5122 train_acc=nan train_loss=nan val_acc=nan val_loss=nan best=-1.0000
[step 0050/150] method=baseline_cagrad loss=0.4650 train_acc=0.7563 train_loss=0.4753 val_acc=0.7475 val_loss=0.4715 router_H=0.4248 best=0.7475
           router_load=[0.015676263719797134, 0.7749627232551575, 0.060024794191122055, 0.14933638274669647]
[step 0060/150] method=baseline_cagrad loss=0.5833 train_acc=0.7563 train_loss=0.4753 val_acc=0.7475 val_loss=0.4715 router_H=0.4248 best=0.7475
           router_load=[0.015676263719797134, 0.7749627232551575, 0.060024794191122055, 0.14933638274669647]
[step 0070/150] method=baseline_cagrad loss=0.3459 train_acc=0.7563 train_loss=0.4753 val_acc=0.7475 val_loss=0.4715 router_H=0.4248 best=0.7475
           router_load=[0.015676263719797134, 0.7749627232551575, 0.060024794191122055, 0.14933638274669647]
[step 0080/150] method=baseline_cagrad loss=0.2277 train_acc=0.7563 train_loss=0.4753 val_acc=0.7475 val_loss=0.4715 router_H=0.4248 best=0.7475
           router_load=[0.015676263719797134, 0.7749627232551575, 0.060024794191122055, 0.14933638274669647]
[step 0090/150] method=baseline_cagrad loss=0.3327 train_acc=0.7563 train_loss=0.4753 val_acc=0.7475 val_loss=0.4715 router_H=0.4248 best=0.7475
           router_load=[0.015676263719797134, 0.7749627232551575, 0.060024794191122055, 0.14933638274669647]
[step 0100/150] method=baseline_cagrad loss=0.4849 train_acc=0.8552 train_loss=0.3422 val_acc=0.8505 val_loss=0.3437 router_H=0.4173 best=0.8505
           router_load=[0.0028655813075602055, 0.6273531317710876, 0.004677835386246443, 0.36510348320007324]
[step 0110/150] method=baseline_cagrad loss=0.7077 train_acc=0.8552 train_loss=0.3422 val_acc=0.8505 val_loss=0.3437 router_H=0.4173 best=0.8505
           router_load=[0.0028655813075602055, 0.6273531317710876, 0.004677835386246443, 0.36510348320007324]
[step 0120/150] method=baseline_cagrad loss=0.2861 train_acc=0.8552 train_loss=0.3422 val_acc=0.8505 val_loss=0.3437 router_H=0.4173 best=0.8505
           router_load=[0.0028655813075602055, 0.6273531317710876, 0.004677835386246443, 0.36510348320007324]
[step 0130/150] method=baseline_cagrad loss=0.5870 train_acc=0.8552 train_loss=0.3422 val_acc=0.8505 val_loss=0.3437 router_H=0.4173 best=0.8505
           router_load=[0.0028655813075602055, 0.6273531317710876, 0.004677835386246443, 0.36510348320007324]
[step 0140/150] method=baseline_cagrad loss=0.3010 train_acc=0.8552 train_loss=0.3422 val_acc=0.8505 val_loss=0.3437 router_H=0.4173 best=0.8505
           router_load=[0.0028655813075602055, 0.6273531317710876, 0.004677835386246443, 0.36510348320007324]
[step 0150/150] method=baseline_cagrad loss=0.7406 train_acc=0.8754 train_loss=0.3197 val_acc=0.8627 val_loss=0.3639 router_H=0.3323 best=0.8627
           router_load=[0.007776955142617226, 0.6865093111991882, 0.009453031234443188, 0.29626089334487915]
saved summary -> /home/zhujjing/MOE-grad-conflict-routing/runs/paper_suite/single_gpu/single_task/roberta_mrpc_ffn_e4_k2/hpo/cagrad/trial_runs/coord_03_train_grad_clip_005/cagrad_s2.json
saved curve -> /home/zhujjing/MOE-grad-conflict-routing/runs/paper_suite/single_gpu/single_task/roberta_mrpc_ffn_e4_k2/hpo/cagrad/trial_runs/coord_03_train_grad_clip_005/cagrad_s2_curve.csv
