[run] method=cagrad candidate=coord_03_train_grad_clip_012 seed=3 steps=150 gpu=0
[run] cmd=
/home/zhujjing/anaconda3/envs/moe/bin/python /home/zhujjing/MOE-grad-conflict-routing/scripts/run.py --config configs/singletask_mrpc_real.yaml --set model.backbone_backend=hf --set model.hf_load_pretrained=true --set model.backbone=roberta --set model.hf_pretrained_name=roberta-base --set model.expert_type=ffn --set model.routing_mode=topk --set model.num_experts=4 --set model.top_k=2 --set seed=3 --set method.name=baseline_cagrad --set train.steps=150 --set train.eval_every_steps=50 --set method.baseline_cagrad.c=0.4 --set method.baseline_cagrad.inner_lr=0.1 --set train.grad_clip=1.66022919 --set train.lr=2.52305587e-05 --set train.weight_decay=0.003745151078 --out /home/zhujjing/MOE-grad-conflict-routing/runs/paper_suite/single_gpu/single_task/roberta_mrpc_ffn_e4_k2/hpo/cagrad/trial_runs/coord_03_train_grad_clip_012/cagrad_s3.json --curve_out /home/zhujjing/MOE-grad-conflict-routing/runs/paper_suite/single_gpu/single_task/roberta_mrpc_ffn_e4_k2/hpo/cagrad/trial_runs/coord_03_train_grad_clip_012/cagrad_s3_curve.csv
Using the latest cached version of the dataset since glue couldn't be found on the Hugging Face Hub (offline mode is enabled).
Found the latest cached dataset configuration 'mrpc' at /home/zhujjing/hf_cache/datasets/glue/mrpc/0.0.0/bcdcba79d07bc864c1c254ccfcedcce55bcc9a8c (last modified on Thu Mar 19 15:01:06 2026).
/home/zhujjing/anaconda3/envs/moe/lib/python3.10/site-packages/transformers/utils/hub.py:124: FutureWarning: Using `TRANSFORMERS_CACHE` is deprecated and will be removed in v5 of Transformers. Use `HF_HOME` instead.
  warnings.warn(
Some weights of RobertaModel were not initialized from the model checkpoint at roberta-base and are newly initialized: ['roberta.pooler.dense.bias', 'roberta.pooler.dense.weight']
You should probably TRAIN this model on a down-stream task to be able to use it for predictions and inference.
[step 0001/150] method=baseline_cagrad loss=0.6921 train_acc=nan train_loss=nan val_acc=nan val_loss=nan best=-1.0000
[step 0010/150] method=baseline_cagrad loss=0.8189 train_acc=nan train_loss=nan val_acc=nan val_loss=nan best=-1.0000
[step 0020/150] method=baseline_cagrad loss=0.6989 train_acc=nan train_loss=nan val_acc=nan val_loss=nan best=-1.0000
[step 0030/150] method=baseline_cagrad loss=0.5713 train_acc=nan train_loss=nan val_acc=nan val_loss=nan best=-1.0000
[step 0040/150] method=baseline_cagrad loss=0.6389 train_acc=nan train_loss=nan val_acc=nan val_loss=nan best=-1.0000
[step 0050/150] method=baseline_cagrad loss=0.5313 train_acc=0.7462 train_loss=0.5041 val_acc=0.7574 val_loss=0.4886 router_H=0.4195 best=0.7574
           router_load=[0.0, 0.11390950530767441, 0.7760984897613525, 0.10999199748039246]
[step 0060/150] method=baseline_cagrad loss=0.5242 train_acc=0.7462 train_loss=0.5041 val_acc=0.7574 val_loss=0.4886 router_H=0.4195 best=0.7574
           router_load=[0.0, 0.11390950530767441, 0.7760984897613525, 0.10999199748039246]
[step 0070/150] method=baseline_cagrad loss=0.4821 train_acc=0.7462 train_loss=0.5041 val_acc=0.7574 val_loss=0.4886 router_H=0.4195 best=0.7574
           router_load=[0.0, 0.11390950530767441, 0.7760984897613525, 0.10999199748039246]
[step 0080/150] method=baseline_cagrad loss=0.5543 train_acc=0.7462 train_loss=0.5041 val_acc=0.7574 val_loss=0.4886 router_H=0.4195 best=0.7574
           router_load=[0.0, 0.11390950530767441, 0.7760984897613525, 0.10999199748039246]
[step 0090/150] method=baseline_cagrad loss=0.6520 train_acc=0.7462 train_loss=0.5041 val_acc=0.7574 val_loss=0.4886 router_H=0.4195 best=0.7574
           router_load=[0.0, 0.11390950530767441, 0.7760984897613525, 0.10999199748039246]
[step 0100/150] method=baseline_cagrad loss=0.4075 train_acc=0.8138 train_loss=0.4210 val_acc=0.8015 val_loss=0.4193 router_H=0.4353 best=0.8015
           router_load=[0.0, 0.08688683807849884, 0.6906420588493347, 0.22247102856636047]
[step 0110/150] method=baseline_cagrad loss=0.3931 train_acc=0.8138 train_loss=0.4210 val_acc=0.8015 val_loss=0.4193 router_H=0.4353 best=0.8015
           router_load=[0.0, 0.08688683807849884, 0.6906420588493347, 0.22247102856636047]
[step 0120/150] method=baseline_cagrad loss=0.3740 train_acc=0.8138 train_loss=0.4210 val_acc=0.8015 val_loss=0.4193 router_H=0.4353 best=0.8015
           router_load=[0.0, 0.08688683807849884, 0.6906420588493347, 0.22247102856636047]
[step 0130/150] method=baseline_cagrad loss=0.3543 train_acc=0.8138 train_loss=0.4210 val_acc=0.8015 val_loss=0.4193 router_H=0.4353 best=0.8015
           router_load=[0.0, 0.08688683807849884, 0.6906420588493347, 0.22247102856636047]
[step 0140/150] method=baseline_cagrad loss=0.4501 train_acc=0.8138 train_loss=0.4210 val_acc=0.8015 val_loss=0.4193 router_H=0.4353 best=0.8015
           router_load=[0.0, 0.08688683807849884, 0.6906420588493347, 0.22247102856636047]
[step 0150/150] method=baseline_cagrad loss=0.5313 train_acc=0.8645 train_loss=0.3628 val_acc=0.8676 val_loss=0.3509 router_H=0.4782 best=0.8676
           router_load=[0.05817544832825661, 0.015536308288574219, 0.734065055847168, 0.19222326576709747]
saved summary -> /home/zhujjing/MOE-grad-conflict-routing/runs/paper_suite/single_gpu/single_task/roberta_mrpc_ffn_e4_k2/hpo/cagrad/trial_runs/coord_03_train_grad_clip_012/cagrad_s3.json
saved curve -> /home/zhujjing/MOE-grad-conflict-routing/runs/paper_suite/single_gpu/single_task/roberta_mrpc_ffn_e4_k2/hpo/cagrad/trial_runs/coord_03_train_grad_clip_012/cagrad_s3_curve.csv
