[run] method=cagrad candidate=coord_03_train_grad_clip_016 seed=2 steps=150 gpu=0
[run] cmd=
/home/zhujjing/anaconda3/envs/moe/bin/python /home/zhujjing/MOE-grad-conflict-routing/scripts/run.py --config configs/singletask_mrpc_real.yaml --set model.backbone_backend=hf --set model.hf_load_pretrained=true --set model.backbone=roberta --set model.hf_pretrained_name=roberta-base --set model.expert_type=ffn --set model.routing_mode=topk --set model.num_experts=4 --set model.top_k=2 --set seed=2 --set method.name=baseline_cagrad --set train.steps=150 --set train.eval_every_steps=50 --set method.baseline_cagrad.c=0.4 --set method.baseline_cagrad.inner_lr=0.1 --set train.grad_clip=1.908688321 --set train.lr=2.52305587e-05 --set train.weight_decay=0.003745151078 --out /home/zhujjing/MOE-grad-conflict-routing/runs/paper_suite/single_gpu/single_task/roberta_mrpc_ffn_e4_k2/hpo/cagrad/trial_runs/coord_03_train_grad_clip_016/cagrad_s2.json --curve_out /home/zhujjing/MOE-grad-conflict-routing/runs/paper_suite/single_gpu/single_task/roberta_mrpc_ffn_e4_k2/hpo/cagrad/trial_runs/coord_03_train_grad_clip_016/cagrad_s2_curve.csv
Using the latest cached version of the dataset since glue couldn't be found on the Hugging Face Hub (offline mode is enabled).
Found the latest cached dataset configuration 'mrpc' at /home/zhujjing/hf_cache/datasets/glue/mrpc/0.0.0/bcdcba79d07bc864c1c254ccfcedcce55bcc9a8c (last modified on Thu Mar 19 15:01:06 2026).
/home/zhujjing/anaconda3/envs/moe/lib/python3.10/site-packages/transformers/utils/hub.py:124: FutureWarning: Using `TRANSFORMERS_CACHE` is deprecated and will be removed in v5 of Transformers. Use `HF_HOME` instead.
  warnings.warn(
Some weights of RobertaModel were not initialized from the model checkpoint at roberta-base and are newly initialized: ['roberta.pooler.dense.bias', 'roberta.pooler.dense.weight']
You should probably TRAIN this model on a down-stream task to be able to use it for predictions and inference.
[step 0001/150] method=baseline_cagrad loss=0.6899 train_acc=nan train_loss=nan val_acc=nan val_loss=nan best=-1.0000
[step 0010/150] method=baseline_cagrad loss=0.6619 train_acc=nan train_loss=nan val_acc=nan val_loss=nan best=-1.0000
[step 0020/150] method=baseline_cagrad loss=0.6777 train_acc=nan train_loss=nan val_acc=nan val_loss=nan best=-1.0000
[step 0030/150] method=baseline_cagrad loss=0.6936 train_acc=nan train_loss=nan val_acc=nan val_loss=nan best=-1.0000
[step 0040/150] method=baseline_cagrad loss=0.5707 train_acc=nan train_loss=nan val_acc=nan val_loss=nan best=-1.0000
[step 0050/150] method=baseline_cagrad loss=0.4938 train_acc=0.7135 train_loss=0.5426 val_acc=0.7157 val_loss=0.5392 router_H=0.5108 best=0.7157
           router_load=[0.14526444673538208, 0.11044178158044815, 0.0, 0.744293749332428]
[step 0060/150] method=baseline_cagrad loss=0.5746 train_acc=0.7135 train_loss=0.5426 val_acc=0.7157 val_loss=0.5392 router_H=0.5108 best=0.7157
           router_load=[0.14526444673538208, 0.11044178158044815, 0.0, 0.744293749332428]
[step 0070/150] method=baseline_cagrad loss=0.3175 train_acc=0.7135 train_loss=0.5426 val_acc=0.7157 val_loss=0.5392 router_H=0.5108 best=0.7157
           router_load=[0.14526444673538208, 0.11044178158044815, 0.0, 0.744293749332428]
[step 0080/150] method=baseline_cagrad loss=0.3542 train_acc=0.7135 train_loss=0.5426 val_acc=0.7157 val_loss=0.5392 router_H=0.5108 best=0.7157
           router_load=[0.14526444673538208, 0.11044178158044815, 0.0, 0.744293749332428]
[step 0090/150] method=baseline_cagrad loss=0.3573 train_acc=0.7135 train_loss=0.5426 val_acc=0.7157 val_loss=0.5392 router_H=0.5108 best=0.7157
           router_load=[0.14526444673538208, 0.11044178158044815, 0.0, 0.744293749332428]
[step 0100/150] method=baseline_cagrad loss=0.4446 train_acc=0.8449 train_loss=0.3805 val_acc=0.8333 val_loss=0.3884 router_H=0.5212 best=0.8333
           router_load=[0.31917673349380493, 0.02952631562948227, 0.0002485520963091403, 0.6510485410690308]
[step 0110/150] method=baseline_cagrad loss=0.7507 train_acc=0.8449 train_loss=0.3805 val_acc=0.8333 val_loss=0.3884 router_H=0.5212 best=0.8333
           router_load=[0.31917673349380493, 0.02952631562948227, 0.0002485520963091403, 0.6510485410690308]
[step 0120/150] method=baseline_cagrad loss=0.1666 train_acc=0.8449 train_loss=0.3805 val_acc=0.8333 val_loss=0.3884 router_H=0.5212 best=0.8333
           router_load=[0.31917673349380493, 0.02952631562948227, 0.0002485520963091403, 0.6510485410690308]
[step 0130/150] method=baseline_cagrad loss=0.5548 train_acc=0.8449 train_loss=0.3805 val_acc=0.8333 val_loss=0.3884 router_H=0.5212 best=0.8333
           router_load=[0.31917673349380493, 0.02952631562948227, 0.0002485520963091403, 0.6510485410690308]
[step 0140/150] method=baseline_cagrad loss=0.3591 train_acc=0.8449 train_loss=0.3805 val_acc=0.8333 val_loss=0.3884 router_H=0.5212 best=0.8333
           router_load=[0.31917673349380493, 0.02952631562948227, 0.0002485520963091403, 0.6510485410690308]
[step 0150/150] method=baseline_cagrad loss=0.6789 train_acc=0.8517 train_loss=0.3764 val_acc=0.8627 val_loss=0.3773 router_H=0.3877 best=0.8627
           router_load=[0.2121797651052475, 0.00017287202354054898, 0.002477083820849657, 0.7851701378822327]
saved summary -> /home/zhujjing/MOE-grad-conflict-routing/runs/paper_suite/single_gpu/single_task/roberta_mrpc_ffn_e4_k2/hpo/cagrad/trial_runs/coord_03_train_grad_clip_016/cagrad_s2.json
saved curve -> /home/zhujjing/MOE-grad-conflict-routing/runs/paper_suite/single_gpu/single_task/roberta_mrpc_ffn_e4_k2/hpo/cagrad/trial_runs/coord_03_train_grad_clip_016/cagrad_s2_curve.csv
