[run] method=cagrad candidate=coord_03_anchor seed=3 steps=150 gpu=0
[run] cmd=
/home/zhujjing/anaconda3/envs/moe/bin/python /home/zhujjing/MOE-grad-conflict-routing/scripts/run.py --config configs/singletask_mrpc_real.yaml --set model.backbone_backend=hf --set model.hf_load_pretrained=true --set model.backbone=roberta --set model.hf_pretrained_name=roberta-base --set model.expert_type=ffn --set model.routing_mode=topk --set model.num_experts=4 --set model.top_k=2 --set seed=3 --set method.name=baseline_cagrad --set train.steps=150 --set train.eval_every_steps=50 --set method.baseline_cagrad.c=0.4 --set method.baseline_cagrad.inner_lr=0.1 --set train.grad_clip=1 --set train.lr=2.52305587e-05 --set train.weight_decay=0.003745151078 --out /home/zhujjing/MOE-grad-conflict-routing/runs/paper_suite/single_gpu/single_task/roberta_mrpc_ffn_e4_k2/hpo/cagrad/trial_runs/coord_03_anchor/cagrad_s3.json --curve_out /home/zhujjing/MOE-grad-conflict-routing/runs/paper_suite/single_gpu/single_task/roberta_mrpc_ffn_e4_k2/hpo/cagrad/trial_runs/coord_03_anchor/cagrad_s3_curve.csv
Using the latest cached version of the dataset since glue couldn't be found on the Hugging Face Hub (offline mode is enabled).
Found the latest cached dataset configuration 'mrpc' at /home/zhujjing/hf_cache/datasets/glue/mrpc/0.0.0/bcdcba79d07bc864c1c254ccfcedcce55bcc9a8c (last modified on Thu Mar 19 15:01:06 2026).
/home/zhujjing/anaconda3/envs/moe/lib/python3.10/site-packages/transformers/utils/hub.py:124: FutureWarning: Using `TRANSFORMERS_CACHE` is deprecated and will be removed in v5 of Transformers. Use `HF_HOME` instead.
  warnings.warn(
Some weights of RobertaModel were not initialized from the model checkpoint at roberta-base and are newly initialized: ['roberta.pooler.dense.bias', 'roberta.pooler.dense.weight']
You should probably TRAIN this model on a down-stream task to be able to use it for predictions and inference.
[step 0001/150] method=baseline_cagrad loss=0.7022 train_acc=nan train_loss=nan val_acc=nan val_loss=nan best=-1.0000
[step 0010/150] method=baseline_cagrad loss=0.7320 train_acc=nan train_loss=nan val_acc=nan val_loss=nan best=-1.0000
[step 0020/150] method=baseline_cagrad loss=0.7213 train_acc=nan train_loss=nan val_acc=nan val_loss=nan best=-1.0000
[step 0030/150] method=baseline_cagrad loss=0.5499 train_acc=nan train_loss=nan val_acc=nan val_loss=nan best=-1.0000
[step 0040/150] method=baseline_cagrad loss=0.6271 train_acc=nan train_loss=nan val_acc=nan val_loss=nan best=-1.0000
[step 0050/150] method=baseline_cagrad loss=0.4577 train_acc=0.7593 train_loss=0.5427 val_acc=0.7475 val_loss=0.5450 router_H=0.3678 best=0.7475
           router_load=[0.029727721586823463, 0.05661464110016823, 0.09948545694351196, 0.8141722679138184]
[step 0060/150] method=baseline_cagrad loss=0.5737 train_acc=0.7593 train_loss=0.5427 val_acc=0.7475 val_loss=0.5450 router_H=0.3678 best=0.7475
           router_load=[0.029727721586823463, 0.05661464110016823, 0.09948545694351196, 0.8141722679138184]
[step 0070/150] method=baseline_cagrad loss=0.4969 train_acc=0.7593 train_loss=0.5427 val_acc=0.7475 val_loss=0.5450 router_H=0.3678 best=0.7475
           router_load=[0.029727721586823463, 0.05661464110016823, 0.09948545694351196, 0.8141722679138184]
[step 0080/150] method=baseline_cagrad loss=0.5344 train_acc=0.7593 train_loss=0.5427 val_acc=0.7475 val_loss=0.5450 router_H=0.3678 best=0.7475
           router_load=[0.029727721586823463, 0.05661464110016823, 0.09948545694351196, 0.8141722679138184]
[step 0090/150] method=baseline_cagrad loss=0.5990 train_acc=0.7593 train_loss=0.5427 val_acc=0.7475 val_loss=0.5450 router_H=0.3678 best=0.7475
           router_load=[0.029727721586823463, 0.05661464110016823, 0.09948545694351196, 0.8141722679138184]
[step 0100/150] method=baseline_cagrad loss=0.5183 train_acc=0.8274 train_loss=0.4019 val_acc=0.7794 val_loss=0.4117 router_H=0.5185 best=0.7794
           router_load=[0.0037479563616216183, 0.09423637390136719, 0.22180968523025513, 0.6802060604095459]
[step 0110/150] method=baseline_cagrad loss=0.4350 train_acc=0.8274 train_loss=0.4019 val_acc=0.7794 val_loss=0.4117 router_H=0.5185 best=0.7794
           router_load=[0.0037479563616216183, 0.09423637390136719, 0.22180968523025513, 0.6802060604095459]
[step 0120/150] method=baseline_cagrad loss=0.3128 train_acc=0.8274 train_loss=0.4019 val_acc=0.7794 val_loss=0.4117 router_H=0.5185 best=0.7794
           router_load=[0.0037479563616216183, 0.09423637390136719, 0.22180968523025513, 0.6802060604095459]
[step 0130/150] method=baseline_cagrad loss=0.5514 train_acc=0.8274 train_loss=0.4019 val_acc=0.7794 val_loss=0.4117 router_H=0.5185 best=0.7794
           router_load=[0.0037479563616216183, 0.09423637390136719, 0.22180968523025513, 0.6802060604095459]
[step 0140/150] method=baseline_cagrad loss=0.5986 train_acc=0.8274 train_loss=0.4019 val_acc=0.7794 val_loss=0.4117 router_H=0.5185 best=0.7794
           router_load=[0.0037479563616216183, 0.09423637390136719, 0.22180968523025513, 0.6802060604095459]
[step 0150/150] method=baseline_cagrad loss=0.4395 train_acc=0.8724 train_loss=0.3185 val_acc=0.8775 val_loss=0.3267 router_H=0.3763 best=0.8775
           router_load=[0.024881800636649132, 0.051791783422231674, 0.1588081270456314, 0.7645182609558105]
saved summary -> /home/zhujjing/MOE-grad-conflict-routing/runs/paper_suite/single_gpu/single_task/roberta_mrpc_ffn_e4_k2/hpo/cagrad/trial_runs/coord_03_anchor/cagrad_s3.json
saved curve -> /home/zhujjing/MOE-grad-conflict-routing/runs/paper_suite/single_gpu/single_task/roberta_mrpc_ffn_e4_k2/hpo/cagrad/trial_runs/coord_03_anchor/cagrad_s3_curve.csv
