[run] method=cagrad candidate=coord_03_train_grad_clip_015 seed=3 steps=150 gpu=0
[run] cmd=
/home/zhujjing/anaconda3/envs/moe/bin/python /home/zhujjing/MOE-grad-conflict-routing/scripts/run.py --config configs/singletask_mrpc_real.yaml --set model.backbone_backend=hf --set model.hf_load_pretrained=true --set model.backbone=roberta --set model.hf_pretrained_name=roberta-base --set model.expert_type=ffn --set model.routing_mode=topk --set model.num_experts=4 --set model.top_k=2 --set seed=3 --set method.name=baseline_cagrad --set train.steps=150 --set train.eval_every_steps=50 --set method.baseline_cagrad.c=0.4 --set method.baseline_cagrad.inner_lr=0.1 --set train.grad_clip=1.94968982 --set train.lr=2.52305587e-05 --set train.weight_decay=0.003745151078 --out /home/zhujjing/MOE-grad-conflict-routing/runs/paper_suite/single_gpu/single_task/roberta_mrpc_ffn_e4_k2/hpo/cagrad/trial_runs/coord_03_train_grad_clip_015/cagrad_s3.json --curve_out /home/zhujjing/MOE-grad-conflict-routing/runs/paper_suite/single_gpu/single_task/roberta_mrpc_ffn_e4_k2/hpo/cagrad/trial_runs/coord_03_train_grad_clip_015/cagrad_s3_curve.csv
Using the latest cached version of the dataset since glue couldn't be found on the Hugging Face Hub (offline mode is enabled).
Found the latest cached dataset configuration 'mrpc' at /home/zhujjing/hf_cache/datasets/glue/mrpc/0.0.0/bcdcba79d07bc864c1c254ccfcedcce55bcc9a8c (last modified on Thu Mar 19 15:01:06 2026).
/home/zhujjing/anaconda3/envs/moe/lib/python3.10/site-packages/transformers/utils/hub.py:124: FutureWarning: Using `TRANSFORMERS_CACHE` is deprecated and will be removed in v5 of Transformers. Use `HF_HOME` instead.
  warnings.warn(
Some weights of RobertaModel were not initialized from the model checkpoint at roberta-base and are newly initialized: ['roberta.pooler.dense.bias', 'roberta.pooler.dense.weight']
You should probably TRAIN this model on a down-stream task to be able to use it for predictions and inference.
[step 0001/150] method=baseline_cagrad loss=0.6965 train_acc=nan train_loss=nan val_acc=nan val_loss=nan best=-1.0000
[step 0010/150] method=baseline_cagrad loss=0.7565 train_acc=nan train_loss=nan val_acc=nan val_loss=nan best=-1.0000
[step 0020/150] method=baseline_cagrad loss=0.6787 train_acc=nan train_loss=nan val_acc=nan val_loss=nan best=-1.0000
[step 0030/150] method=baseline_cagrad loss=0.5742 train_acc=nan train_loss=nan val_acc=nan val_loss=nan best=-1.0000
[step 0040/150] method=baseline_cagrad loss=0.6245 train_acc=nan train_loss=nan val_acc=nan val_loss=nan best=-1.0000
[step 0050/150] method=baseline_cagrad loss=0.5719 train_acc=0.7538 train_loss=0.5091 val_acc=0.7647 val_loss=0.4991 router_H=0.4682 best=0.7647
           router_load=[0.7847894430160522, 0.1615869700908661, 0.013051257468760014, 0.040572334080934525]
[step 0060/150] method=baseline_cagrad loss=0.5511 train_acc=0.7538 train_loss=0.5091 val_acc=0.7647 val_loss=0.4991 router_H=0.4682 best=0.7647
           router_load=[0.7847894430160522, 0.1615869700908661, 0.013051257468760014, 0.040572334080934525]
[step 0070/150] method=baseline_cagrad loss=0.4645 train_acc=0.7538 train_loss=0.5091 val_acc=0.7647 val_loss=0.4991 router_H=0.4682 best=0.7647
           router_load=[0.7847894430160522, 0.1615869700908661, 0.013051257468760014, 0.040572334080934525]
[step 0080/150] method=baseline_cagrad loss=0.4961 train_acc=0.7538 train_loss=0.5091 val_acc=0.7647 val_loss=0.4991 router_H=0.4682 best=0.7647
           router_load=[0.7847894430160522, 0.1615869700908661, 0.013051257468760014, 0.040572334080934525]
[step 0090/150] method=baseline_cagrad loss=0.6870 train_acc=0.7538 train_loss=0.5091 val_acc=0.7647 val_loss=0.4991 router_H=0.4682 best=0.7647
           router_load=[0.7847894430160522, 0.1615869700908661, 0.013051257468760014, 0.040572334080934525]
[step 0100/150] method=baseline_cagrad loss=0.4944 train_acc=0.8288 train_loss=0.4682 val_acc=0.8235 val_loss=0.4729 router_H=0.5123 best=0.8235
           router_load=[0.7282178997993469, 0.20617851614952087, 0.032876912504434586, 0.03272662311792374]
[step 0110/150] method=baseline_cagrad loss=0.4433 train_acc=0.8288 train_loss=0.4682 val_acc=0.8235 val_loss=0.4729 router_H=0.5123 best=0.8235
           router_load=[0.7282178997993469, 0.20617851614952087, 0.032876912504434586, 0.03272662311792374]
[step 0120/150] method=baseline_cagrad loss=0.3176 train_acc=0.8288 train_loss=0.4682 val_acc=0.8235 val_loss=0.4729 router_H=0.5123 best=0.8235
           router_load=[0.7282178997993469, 0.20617851614952087, 0.032876912504434586, 0.03272662311792374]
[step 0130/150] method=baseline_cagrad loss=0.3379 train_acc=0.8288 train_loss=0.4682 val_acc=0.8235 val_loss=0.4729 router_H=0.5123 best=0.8235
           router_load=[0.7282178997993469, 0.20617851614952087, 0.032876912504434586, 0.03272662311792374]
[step 0140/150] method=baseline_cagrad loss=0.5757 train_acc=0.8288 train_loss=0.4682 val_acc=0.8235 val_loss=0.4729 router_H=0.5123 best=0.8235
           router_load=[0.7282178997993469, 0.20617851614952087, 0.032876912504434586, 0.03272662311792374]
[step 0150/150] method=baseline_cagrad loss=0.4672 train_acc=0.8580 train_loss=0.3567 val_acc=0.8431 val_loss=0.3572 router_H=0.4121 best=0.8431
           router_load=[0.7996476888656616, 0.1860952228307724, 0.00045953356311656535, 0.01379762776196003]
saved summary -> /home/zhujjing/MOE-grad-conflict-routing/runs/paper_suite/single_gpu/single_task/roberta_mrpc_ffn_e4_k2/hpo/cagrad/trial_runs/coord_03_train_grad_clip_015/cagrad_s3.json
saved curve -> /home/zhujjing/MOE-grad-conflict-routing/runs/paper_suite/single_gpu/single_task/roberta_mrpc_ffn_e4_k2/hpo/cagrad/trial_runs/coord_03_train_grad_clip_015/cagrad_s3_curve.csv
