[run] method=cagrad candidate=coord_03_train_grad_clip_000 seed=2 steps=150 gpu=0
[run] cmd=
/home/zhujjing/anaconda3/envs/moe/bin/python /home/zhujjing/MOE-grad-conflict-routing/scripts/run.py --config configs/singletask_mrpc_real.yaml --set model.backbone_backend=hf --set model.hf_load_pretrained=true --set model.backbone=roberta --set model.hf_pretrained_name=roberta-base --set model.expert_type=ffn --set model.routing_mode=topk --set model.num_experts=4 --set model.top_k=2 --set seed=2 --set method.name=baseline_cagrad --set train.steps=150 --set train.eval_every_steps=50 --set method.baseline_cagrad.c=0.4 --set method.baseline_cagrad.inner_lr=0.1 --set train.grad_clip=1.594082469 --set train.lr=2.52305587e-05 --set train.weight_decay=0.003745151078 --out /home/zhujjing/MOE-grad-conflict-routing/runs/paper_suite/single_gpu/single_task/roberta_mrpc_ffn_e4_k2/hpo/cagrad/trial_runs/coord_03_train_grad_clip_000/cagrad_s2.json --curve_out /home/zhujjing/MOE-grad-conflict-routing/runs/paper_suite/single_gpu/single_task/roberta_mrpc_ffn_e4_k2/hpo/cagrad/trial_runs/coord_03_train_grad_clip_000/cagrad_s2_curve.csv
Using the latest cached version of the dataset since glue couldn't be found on the Hugging Face Hub (offline mode is enabled).
Found the latest cached dataset configuration 'mrpc' at /home/zhujjing/hf_cache/datasets/glue/mrpc/0.0.0/bcdcba79d07bc864c1c254ccfcedcce55bcc9a8c (last modified on Thu Mar 19 15:01:06 2026).
/home/zhujjing/anaconda3/envs/moe/lib/python3.10/site-packages/transformers/utils/hub.py:124: FutureWarning: Using `TRANSFORMERS_CACHE` is deprecated and will be removed in v5 of Transformers. Use `HF_HOME` instead.
  warnings.warn(
Some weights of RobertaModel were not initialized from the model checkpoint at roberta-base and are newly initialized: ['roberta.pooler.dense.bias', 'roberta.pooler.dense.weight']
You should probably TRAIN this model on a down-stream task to be able to use it for predictions and inference.
[step 0001/150] method=baseline_cagrad loss=0.6967 train_acc=nan train_loss=nan val_acc=nan val_loss=nan best=-1.0000
[step 0010/150] method=baseline_cagrad loss=0.6315 train_acc=nan train_loss=nan val_acc=nan val_loss=nan best=-1.0000
[step 0020/150] method=baseline_cagrad loss=0.6428 train_acc=nan train_loss=nan val_acc=nan val_loss=nan best=-1.0000
[step 0030/150] method=baseline_cagrad loss=0.6570 train_acc=nan train_loss=nan val_acc=nan val_loss=nan best=-1.0000
[step 0040/150] method=baseline_cagrad loss=0.5845 train_acc=nan train_loss=nan val_acc=nan val_loss=nan best=-1.0000
[step 0050/150] method=baseline_cagrad loss=0.4808 train_acc=0.7585 train_loss=0.5309 val_acc=0.7745 val_loss=0.5250 router_H=0.2826 best=0.7745
           router_load=[0.09857581555843353, 0.8635631799697876, 0.03786098584532738, 0.0]
[step 0060/150] method=baseline_cagrad loss=0.6353 train_acc=0.7585 train_loss=0.5309 val_acc=0.7745 val_loss=0.5250 router_H=0.2826 best=0.7745
           router_load=[0.09857581555843353, 0.8635631799697876, 0.03786098584532738, 0.0]
[step 0070/150] method=baseline_cagrad loss=0.4081 train_acc=0.7585 train_loss=0.5309 val_acc=0.7745 val_loss=0.5250 router_H=0.2826 best=0.7745
           router_load=[0.09857581555843353, 0.8635631799697876, 0.03786098584532738, 0.0]
[step 0080/150] method=baseline_cagrad loss=0.4464 train_acc=0.7585 train_loss=0.5309 val_acc=0.7745 val_loss=0.5250 router_H=0.2826 best=0.7745
           router_load=[0.09857581555843353, 0.8635631799697876, 0.03786098584532738, 0.0]
[step 0090/150] method=baseline_cagrad loss=0.4335 train_acc=0.7585 train_loss=0.5309 val_acc=0.7745 val_loss=0.5250 router_H=0.2826 best=0.7745
           router_load=[0.09857581555843353, 0.8635631799697876, 0.03786098584532738, 0.0]
[step 0100/150] method=baseline_cagrad loss=0.5115 train_acc=0.7748 train_loss=0.4325 val_acc=0.7745 val_loss=0.4218 router_H=0.4421 best=0.7745
           router_load=[0.2862476408481598, 0.6986692547798157, 0.014665423892438412, 0.00041766412323340774]
[step 0110/150] method=baseline_cagrad loss=0.7933 train_acc=0.7748 train_loss=0.4325 val_acc=0.7745 val_loss=0.4218 router_H=0.4421 best=0.7745
           router_load=[0.2862476408481598, 0.6986692547798157, 0.014665423892438412, 0.00041766412323340774]
[step 0120/150] method=baseline_cagrad loss=0.3145 train_acc=0.7748 train_loss=0.4325 val_acc=0.7745 val_loss=0.4218 router_H=0.4421 best=0.7745
           router_load=[0.2862476408481598, 0.6986692547798157, 0.014665423892438412, 0.00041766412323340774]
[step 0130/150] method=baseline_cagrad loss=0.4809 train_acc=0.7748 train_loss=0.4325 val_acc=0.7745 val_loss=0.4218 router_H=0.4421 best=0.7745
           router_load=[0.2862476408481598, 0.6986692547798157, 0.014665423892438412, 0.00041766412323340774]
[step 0140/150] method=baseline_cagrad loss=0.3600 train_acc=0.7748 train_loss=0.4325 val_acc=0.7745 val_loss=0.4218 router_H=0.4421 best=0.7745
           router_load=[0.2862476408481598, 0.6986692547798157, 0.014665423892438412, 0.00041766412323340774]
[step 0150/150] method=baseline_cagrad loss=0.6900 train_acc=0.8484 train_loss=0.4017 val_acc=0.8554 val_loss=0.3956 router_H=0.2896 best=0.8554
           router_load=[0.10966208577156067, 0.8379666209220886, 0.052371274679899216, 0.0]
saved summary -> /home/zhujjing/MOE-grad-conflict-routing/runs/paper_suite/single_gpu/single_task/roberta_mrpc_ffn_e4_k2/hpo/cagrad/trial_runs/coord_03_train_grad_clip_000/cagrad_s2.json
saved curve -> /home/zhujjing/MOE-grad-conflict-routing/runs/paper_suite/single_gpu/single_task/roberta_mrpc_ffn_e4_k2/hpo/cagrad/trial_runs/coord_03_train_grad_clip_000/cagrad_s2_curve.csv
