[run] method=cagrad candidate=coord_03_train_grad_clip_011 seed=3 steps=150 gpu=0
[run] cmd=
/home/zhujjing/anaconda3/envs/moe/bin/python /home/zhujjing/MOE-grad-conflict-routing/scripts/run.py --config configs/singletask_mrpc_real.yaml --set model.backbone_backend=hf --set model.hf_load_pretrained=true --set model.backbone=roberta --set model.hf_pretrained_name=roberta-base --set model.expert_type=ffn --set model.routing_mode=topk --set model.num_experts=4 --set model.top_k=2 --set seed=3 --set method.name=baseline_cagrad --set train.steps=150 --set train.eval_every_steps=50 --set method.baseline_cagrad.c=0.4 --set method.baseline_cagrad.inner_lr=0.1 --set train.grad_clip=1.064623922 --set train.lr=2.52305587e-05 --set train.weight_decay=0.003745151078 --out /home/zhujjing/MOE-grad-conflict-routing/runs/paper_suite/single_gpu/single_task/roberta_mrpc_ffn_e4_k2/hpo/cagrad/trial_runs/coord_03_train_grad_clip_011/cagrad_s3.json --curve_out /home/zhujjing/MOE-grad-conflict-routing/runs/paper_suite/single_gpu/single_task/roberta_mrpc_ffn_e4_k2/hpo/cagrad/trial_runs/coord_03_train_grad_clip_011/cagrad_s3_curve.csv
Using the latest cached version of the dataset since glue couldn't be found on the Hugging Face Hub (offline mode is enabled).
Found the latest cached dataset configuration 'mrpc' at /home/zhujjing/hf_cache/datasets/glue/mrpc/0.0.0/bcdcba79d07bc864c1c254ccfcedcce55bcc9a8c (last modified on Thu Mar 19 15:01:06 2026).
/home/zhujjing/anaconda3/envs/moe/lib/python3.10/site-packages/transformers/utils/hub.py:124: FutureWarning: Using `TRANSFORMERS_CACHE` is deprecated and will be removed in v5 of Transformers. Use `HF_HOME` instead.
  warnings.warn(
Some weights of RobertaModel were not initialized from the model checkpoint at roberta-base and are newly initialized: ['roberta.pooler.dense.bias', 'roberta.pooler.dense.weight']
You should probably TRAIN this model on a down-stream task to be able to use it for predictions and inference.
[step 0001/150] method=baseline_cagrad loss=0.6906 train_acc=nan train_loss=nan val_acc=nan val_loss=nan best=-1.0000
[step 0010/150] method=baseline_cagrad loss=0.7200 train_acc=nan train_loss=nan val_acc=nan val_loss=nan best=-1.0000
[step 0020/150] method=baseline_cagrad loss=0.6588 train_acc=nan train_loss=nan val_acc=nan val_loss=nan best=-1.0000
[step 0030/150] method=baseline_cagrad loss=0.5895 train_acc=nan train_loss=nan val_acc=nan val_loss=nan best=-1.0000
[step 0040/150] method=baseline_cagrad loss=0.6650 train_acc=nan train_loss=nan val_acc=nan val_loss=nan best=-1.0000
[step 0050/150] method=baseline_cagrad loss=0.4647 train_acc=0.7413 train_loss=0.5037 val_acc=0.7328 val_loss=0.5073 router_H=0.3802 best=0.7328
           router_load=[0.8216053247451782, 0.05636387690901756, 0.0919838696718216, 0.030046924948692322]
[step 0060/150] method=baseline_cagrad loss=0.4813 train_acc=0.7413 train_loss=0.5037 val_acc=0.7328 val_loss=0.5073 router_H=0.3802 best=0.7328
           router_load=[0.8216053247451782, 0.05636387690901756, 0.0919838696718216, 0.030046924948692322]
[step 0070/150] method=baseline_cagrad loss=0.4284 train_acc=0.7413 train_loss=0.5037 val_acc=0.7328 val_loss=0.5073 router_H=0.3802 best=0.7328
           router_load=[0.8216053247451782, 0.05636387690901756, 0.0919838696718216, 0.030046924948692322]
[step 0080/150] method=baseline_cagrad loss=0.4729 train_acc=0.7413 train_loss=0.5037 val_acc=0.7328 val_loss=0.5073 router_H=0.3802 best=0.7328
           router_load=[0.8216053247451782, 0.05636387690901756, 0.0919838696718216, 0.030046924948692322]
[step 0090/150] method=baseline_cagrad loss=0.6194 train_acc=0.7413 train_loss=0.5037 val_acc=0.7328 val_loss=0.5073 router_H=0.3802 best=0.7328
           router_load=[0.8216053247451782, 0.05636387690901756, 0.0919838696718216, 0.030046924948692322]
[step 0100/150] method=baseline_cagrad loss=0.5297 train_acc=0.8397 train_loss=0.4000 val_acc=0.8260 val_loss=0.4045 router_H=0.4011 best=0.8260
           router_load=[0.7557489275932312, 0.0229139793664217, 0.18387912213802338, 0.03745788335800171]
[step 0110/150] method=baseline_cagrad loss=0.4095 train_acc=0.8397 train_loss=0.4000 val_acc=0.8260 val_loss=0.4045 router_H=0.4011 best=0.8260
           router_load=[0.7557489275932312, 0.0229139793664217, 0.18387912213802338, 0.03745788335800171]
[step 0120/150] method=baseline_cagrad loss=0.3681 train_acc=0.8397 train_loss=0.4000 val_acc=0.8260 val_loss=0.4045 router_H=0.4011 best=0.8260
           router_load=[0.7557489275932312, 0.0229139793664217, 0.18387912213802338, 0.03745788335800171]
[step 0130/150] method=baseline_cagrad loss=0.4115 train_acc=0.8397 train_loss=0.4000 val_acc=0.8260 val_loss=0.4045 router_H=0.4011 best=0.8260
           router_load=[0.7557489275932312, 0.0229139793664217, 0.18387912213802338, 0.03745788335800171]
[step 0140/150] method=baseline_cagrad loss=0.5122 train_acc=0.8397 train_loss=0.4000 val_acc=0.8260 val_loss=0.4045 router_H=0.4011 best=0.8260
           router_load=[0.7557489275932312, 0.0229139793664217, 0.18387912213802338, 0.03745788335800171]
[step 0150/150] method=baseline_cagrad loss=0.5265 train_acc=0.8356 train_loss=0.3807 val_acc=0.8333 val_loss=0.3873 router_H=0.3770 best=0.8333
           router_load=[0.8060982823371887, 0.00977516733109951, 0.16177216172218323, 0.02235444448888302]
saved summary -> /home/zhujjing/MOE-grad-conflict-routing/runs/paper_suite/single_gpu/single_task/roberta_mrpc_ffn_e4_k2/hpo/cagrad/trial_runs/coord_03_train_grad_clip_011/cagrad_s3.json
saved curve -> /home/zhujjing/MOE-grad-conflict-routing/runs/paper_suite/single_gpu/single_task/roberta_mrpc_ffn_e4_k2/hpo/cagrad/trial_runs/coord_03_train_grad_clip_011/cagrad_s3_curve.csv
