[run] method=cagrad candidate=coord_03_train_grad_clip_015 seed=2 steps=150 gpu=0
[run] cmd=
/home/zhujjing/anaconda3/envs/moe/bin/python /home/zhujjing/MOE-grad-conflict-routing/scripts/run.py --config configs/singletask_mrpc_real.yaml --set model.backbone_backend=hf --set model.hf_load_pretrained=true --set model.backbone=roberta --set model.hf_pretrained_name=roberta-base --set model.expert_type=ffn --set model.routing_mode=topk --set model.num_experts=4 --set model.top_k=2 --set seed=2 --set method.name=baseline_cagrad --set train.steps=150 --set train.eval_every_steps=50 --set method.baseline_cagrad.c=0.4 --set method.baseline_cagrad.inner_lr=0.1 --set train.grad_clip=1.94968982 --set train.lr=2.52305587e-05 --set train.weight_decay=0.003745151078 --out /home/zhujjing/MOE-grad-conflict-routing/runs/paper_suite/single_gpu/single_task/roberta_mrpc_ffn_e4_k2/hpo/cagrad/trial_runs/coord_03_train_grad_clip_015/cagrad_s2.json --curve_out /home/zhujjing/MOE-grad-conflict-routing/runs/paper_suite/single_gpu/single_task/roberta_mrpc_ffn_e4_k2/hpo/cagrad/trial_runs/coord_03_train_grad_clip_015/cagrad_s2_curve.csv
Using the latest cached version of the dataset since glue couldn't be found on the Hugging Face Hub (offline mode is enabled).
Found the latest cached dataset configuration 'mrpc' at /home/zhujjing/hf_cache/datasets/glue/mrpc/0.0.0/bcdcba79d07bc864c1c254ccfcedcce55bcc9a8c (last modified on Thu Mar 19 15:01:06 2026).
/home/zhujjing/anaconda3/envs/moe/lib/python3.10/site-packages/transformers/utils/hub.py:124: FutureWarning: Using `TRANSFORMERS_CACHE` is deprecated and will be removed in v5 of Transformers. Use `HF_HOME` instead.
  warnings.warn(
Some weights of RobertaModel were not initialized from the model checkpoint at roberta-base and are newly initialized: ['roberta.pooler.dense.bias', 'roberta.pooler.dense.weight']
You should probably TRAIN this model on a down-stream task to be able to use it for predictions and inference.
[step 0001/150] method=baseline_cagrad loss=0.7027 train_acc=nan train_loss=nan val_acc=nan val_loss=nan best=-1.0000
[step 0010/150] method=baseline_cagrad loss=0.6621 train_acc=nan train_loss=nan val_acc=nan val_loss=nan best=-1.0000
[step 0020/150] method=baseline_cagrad loss=0.6436 train_acc=nan train_loss=nan val_acc=nan val_loss=nan best=-1.0000
[step 0030/150] method=baseline_cagrad loss=0.6571 train_acc=nan train_loss=nan val_acc=nan val_loss=nan best=-1.0000
[step 0040/150] method=baseline_cagrad loss=0.5988 train_acc=nan train_loss=nan val_acc=nan val_loss=nan best=-1.0000
[step 0050/150] method=baseline_cagrad loss=0.5187 train_acc=0.7091 train_loss=0.5566 val_acc=0.7034 val_loss=0.5562 router_H=0.6768 best=0.7034
           router_load=[0.5786254405975342, 0.19922372698783875, 0.20905719697475433, 0.013093589805066586]
[step 0060/150] method=baseline_cagrad loss=0.6594 train_acc=0.7091 train_loss=0.5566 val_acc=0.7034 val_loss=0.5562 router_H=0.6768 best=0.7034
           router_load=[0.5786254405975342, 0.19922372698783875, 0.20905719697475433, 0.013093589805066586]
[step 0070/150] method=baseline_cagrad loss=0.3552 train_acc=0.7091 train_loss=0.5566 val_acc=0.7034 val_loss=0.5562 router_H=0.6768 best=0.7034
           router_load=[0.5786254405975342, 0.19922372698783875, 0.20905719697475433, 0.013093589805066586]
[step 0080/150] method=baseline_cagrad loss=0.5149 train_acc=0.7091 train_loss=0.5566 val_acc=0.7034 val_loss=0.5562 router_H=0.6768 best=0.7034
           router_load=[0.5786254405975342, 0.19922372698783875, 0.20905719697475433, 0.013093589805066586]
[step 0090/150] method=baseline_cagrad loss=0.4467 train_acc=0.7091 train_loss=0.5566 val_acc=0.7034 val_loss=0.5562 router_H=0.6768 best=0.7034
           router_load=[0.5786254405975342, 0.19922372698783875, 0.20905719697475433, 0.013093589805066586]
[step 0100/150] method=baseline_cagrad loss=0.5167 train_acc=0.8332 train_loss=0.4096 val_acc=0.8235 val_loss=0.4002 router_H=0.6514 best=0.8235
           router_load=[0.636464536190033, 0.32981863617897034, 0.02796766720712185, 0.005749187432229519]
[step 0110/150] method=baseline_cagrad loss=0.6999 train_acc=0.8332 train_loss=0.4096 val_acc=0.8235 val_loss=0.4002 router_H=0.6514 best=0.8235
           router_load=[0.636464536190033, 0.32981863617897034, 0.02796766720712185, 0.005749187432229519]
[step 0120/150] method=baseline_cagrad loss=0.1945 train_acc=0.8332 train_loss=0.4096 val_acc=0.8235 val_loss=0.4002 router_H=0.6514 best=0.8235
           router_load=[0.636464536190033, 0.32981863617897034, 0.02796766720712185, 0.005749187432229519]
[step 0130/150] method=baseline_cagrad loss=0.4751 train_acc=0.8332 train_loss=0.4096 val_acc=0.8235 val_loss=0.4002 router_H=0.6514 best=0.8235
           router_load=[0.636464536190033, 0.32981863617897034, 0.02796766720712185, 0.005749187432229519]
[step 0140/150] method=baseline_cagrad loss=0.8824 train_acc=0.8332 train_loss=0.4096 val_acc=0.8235 val_loss=0.4002 router_H=0.6514 best=0.8235
           router_load=[0.636464536190033, 0.32981863617897034, 0.02796766720712185, 0.005749187432229519]
[step 0150/150] method=baseline_cagrad loss=0.5446 train_acc=0.8667 train_loss=0.3507 val_acc=0.8529 val_loss=0.3679 router_H=0.6599 best=0.8529
           router_load=[0.6217224597930908, 0.2881903648376465, 0.0814712718129158, 0.008615792728960514]
saved summary -> /home/zhujjing/MOE-grad-conflict-routing/runs/paper_suite/single_gpu/single_task/roberta_mrpc_ffn_e4_k2/hpo/cagrad/trial_runs/coord_03_train_grad_clip_015/cagrad_s2.json
saved curve -> /home/zhujjing/MOE-grad-conflict-routing/runs/paper_suite/single_gpu/single_task/roberta_mrpc_ffn_e4_k2/hpo/cagrad/trial_runs/coord_03_train_grad_clip_015/cagrad_s2_curve.csv
