[run] method=cagrad candidate=coord_03_train_grad_clip_008 seed=3 steps=150 gpu=0
[run] cmd=
/home/zhujjing/anaconda3/envs/moe/bin/python /home/zhujjing/MOE-grad-conflict-routing/scripts/run.py --config configs/singletask_mrpc_real.yaml --set model.backbone_backend=hf --set model.hf_load_pretrained=true --set model.backbone=roberta --set model.hf_pretrained_name=roberta-base --set model.expert_type=ffn --set model.routing_mode=topk --set model.num_experts=4 --set model.top_k=2 --set seed=3 --set method.name=baseline_cagrad --set train.steps=150 --set train.eval_every_steps=50 --set method.baseline_cagrad.c=0.4 --set method.baseline_cagrad.inner_lr=0.1 --set train.grad_clip=0.9919648274 --set train.lr=2.52305587e-05 --set train.weight_decay=0.003745151078 --out /home/zhujjing/MOE-grad-conflict-routing/runs/paper_suite/single_gpu/single_task/roberta_mrpc_ffn_e4_k2/hpo/cagrad/trial_runs/coord_03_train_grad_clip_008/cagrad_s3.json --curve_out /home/zhujjing/MOE-grad-conflict-routing/runs/paper_suite/single_gpu/single_task/roberta_mrpc_ffn_e4_k2/hpo/cagrad/trial_runs/coord_03_train_grad_clip_008/cagrad_s3_curve.csv
Using the latest cached version of the dataset since glue couldn't be found on the Hugging Face Hub (offline mode is enabled).
Found the latest cached dataset configuration 'mrpc' at /home/zhujjing/hf_cache/datasets/glue/mrpc/0.0.0/bcdcba79d07bc864c1c254ccfcedcce55bcc9a8c (last modified on Thu Mar 19 15:01:06 2026).
/home/zhujjing/anaconda3/envs/moe/lib/python3.10/site-packages/transformers/utils/hub.py:124: FutureWarning: Using `TRANSFORMERS_CACHE` is deprecated and will be removed in v5 of Transformers. Use `HF_HOME` instead.
  warnings.warn(
Some weights of RobertaModel were not initialized from the model checkpoint at roberta-base and are newly initialized: ['roberta.pooler.dense.bias', 'roberta.pooler.dense.weight']
You should probably TRAIN this model on a down-stream task to be able to use it for predictions and inference.
[step 0001/150] method=baseline_cagrad loss=0.6963 train_acc=nan train_loss=nan val_acc=nan val_loss=nan best=-1.0000
[step 0010/150] method=baseline_cagrad loss=0.8433 train_acc=nan train_loss=nan val_acc=nan val_loss=nan best=-1.0000
[step 0020/150] method=baseline_cagrad loss=0.6844 train_acc=nan train_loss=nan val_acc=nan val_loss=nan best=-1.0000
[step 0030/150] method=baseline_cagrad loss=0.5901 train_acc=nan train_loss=nan val_acc=nan val_loss=nan best=-1.0000
[step 0040/150] method=baseline_cagrad loss=0.6708 train_acc=nan train_loss=nan val_acc=nan val_loss=nan best=-1.0000
[step 0050/150] method=baseline_cagrad loss=0.4211 train_acc=0.7167 train_loss=0.5402 val_acc=0.7157 val_loss=0.5264 router_H=0.4022 best=0.7157
           router_load=[0.0006351586198434234, 0.07709752768278122, 0.8322052359580994, 0.09006202220916748]
[step 0060/150] method=baseline_cagrad loss=0.4893 train_acc=0.7167 train_loss=0.5402 val_acc=0.7157 val_loss=0.5264 router_H=0.4022 best=0.7157
           router_load=[0.0006351586198434234, 0.07709752768278122, 0.8322052359580994, 0.09006202220916748]
[step 0070/150] method=baseline_cagrad loss=0.3930 train_acc=0.7167 train_loss=0.5402 val_acc=0.7157 val_loss=0.5264 router_H=0.4022 best=0.7157
           router_load=[0.0006351586198434234, 0.07709752768278122, 0.8322052359580994, 0.09006202220916748]
[step 0080/150] method=baseline_cagrad loss=0.5447 train_acc=0.7167 train_loss=0.5402 val_acc=0.7157 val_loss=0.5264 router_H=0.4022 best=0.7157
           router_load=[0.0006351586198434234, 0.07709752768278122, 0.8322052359580994, 0.09006202220916748]
[step 0090/150] method=baseline_cagrad loss=0.5737 train_acc=0.7167 train_loss=0.5402 val_acc=0.7157 val_loss=0.5264 router_H=0.4022 best=0.7157
           router_load=[0.0006351586198434234, 0.07709752768278122, 0.8322052359580994, 0.09006202220916748]
[step 0100/150] method=baseline_cagrad loss=0.5046 train_acc=0.8356 train_loss=0.4258 val_acc=0.8431 val_loss=0.4142 router_H=0.4778 best=0.8431
           router_load=[0.10656044632196426, 0.022491712123155594, 0.8002908229827881, 0.07065706700086594]
[step 0110/150] method=baseline_cagrad loss=0.3616 train_acc=0.8356 train_loss=0.4258 val_acc=0.8431 val_loss=0.4142 router_H=0.4778 best=0.8431
           router_load=[0.10656044632196426, 0.022491712123155594, 0.8002908229827881, 0.07065706700086594]
[step 0120/150] method=baseline_cagrad loss=0.3092 train_acc=0.8356 train_loss=0.4258 val_acc=0.8431 val_loss=0.4142 router_H=0.4778 best=0.8431
           router_load=[0.10656044632196426, 0.022491712123155594, 0.8002908229827881, 0.07065706700086594]
[step 0130/150] method=baseline_cagrad loss=0.2867 train_acc=0.8356 train_loss=0.4258 val_acc=0.8431 val_loss=0.4142 router_H=0.4778 best=0.8431
           router_load=[0.10656044632196426, 0.022491712123155594, 0.8002908229827881, 0.07065706700086594]
[step 0140/150] method=baseline_cagrad loss=0.4356 train_acc=0.8356 train_loss=0.4258 val_acc=0.8431 val_loss=0.4142 router_H=0.4778 best=0.8431
           router_load=[0.10656044632196426, 0.022491712123155594, 0.8002908229827881, 0.07065706700086594]
[step 0150/150] method=baseline_cagrad loss=0.4941 train_acc=0.8501 train_loss=0.3696 val_acc=0.8554 val_loss=0.3848 router_H=0.4392 best=0.8554
           router_load=[0.0, 0.008914206176996231, 0.8157109022140503, 0.1753748208284378]
saved summary -> /home/zhujjing/MOE-grad-conflict-routing/runs/paper_suite/single_gpu/single_task/roberta_mrpc_ffn_e4_k2/hpo/cagrad/trial_runs/coord_03_train_grad_clip_008/cagrad_s3.json
saved curve -> /home/zhujjing/MOE-grad-conflict-routing/runs/paper_suite/single_gpu/single_task/roberta_mrpc_ffn_e4_k2/hpo/cagrad/trial_runs/coord_03_train_grad_clip_008/cagrad_s3_curve.csv
