[run] method=cagrad candidate=coord_03_train_grad_clip_017 seed=2 steps=150 gpu=0
[run] cmd=
/home/zhujjing/anaconda3/envs/moe/bin/python /home/zhujjing/MOE-grad-conflict-routing/scripts/run.py --config configs/singletask_mrpc_real.yaml --set model.backbone_backend=hf --set model.hf_load_pretrained=true --set model.backbone=roberta --set model.hf_pretrained_name=roberta-base --set model.expert_type=ffn --set model.routing_mode=topk --set model.num_experts=4 --set model.top_k=2 --set seed=2 --set method.name=baseline_cagrad --set train.steps=150 --set train.eval_every_steps=50 --set method.baseline_cagrad.c=0.4 --set method.baseline_cagrad.inner_lr=0.1 --set train.grad_clip=1.658271302 --set train.lr=2.52305587e-05 --set train.weight_decay=0.003745151078 --out /home/zhujjing/MOE-grad-conflict-routing/runs/paper_suite/single_gpu/single_task/roberta_mrpc_ffn_e4_k2/hpo/cagrad/trial_runs/coord_03_train_grad_clip_017/cagrad_s2.json --curve_out /home/zhujjing/MOE-grad-conflict-routing/runs/paper_suite/single_gpu/single_task/roberta_mrpc_ffn_e4_k2/hpo/cagrad/trial_runs/coord_03_train_grad_clip_017/cagrad_s2_curve.csv
Using the latest cached version of the dataset since glue couldn't be found on the Hugging Face Hub (offline mode is enabled).
Found the latest cached dataset configuration 'mrpc' at /home/zhujjing/hf_cache/datasets/glue/mrpc/0.0.0/bcdcba79d07bc864c1c254ccfcedcce55bcc9a8c (last modified on Thu Mar 19 15:01:06 2026).
/home/zhujjing/anaconda3/envs/moe/lib/python3.10/site-packages/transformers/utils/hub.py:124: FutureWarning: Using `TRANSFORMERS_CACHE` is deprecated and will be removed in v5 of Transformers. Use `HF_HOME` instead.
  warnings.warn(
Some weights of RobertaModel were not initialized from the model checkpoint at roberta-base and are newly initialized: ['roberta.pooler.dense.bias', 'roberta.pooler.dense.weight']
You should probably TRAIN this model on a down-stream task to be able to use it for predictions and inference.
[step 0001/150] method=baseline_cagrad loss=0.7128 train_acc=nan train_loss=nan val_acc=nan val_loss=nan best=-1.0000
[step 0010/150] method=baseline_cagrad loss=0.7222 train_acc=nan train_loss=nan val_acc=nan val_loss=nan best=-1.0000
[step 0020/150] method=baseline_cagrad loss=0.6851 train_acc=nan train_loss=nan val_acc=nan val_loss=nan best=-1.0000
[step 0030/150] method=baseline_cagrad loss=0.6980 train_acc=nan train_loss=nan val_acc=nan val_loss=nan best=-1.0000
[step 0040/150] method=baseline_cagrad loss=0.5842 train_acc=nan train_loss=nan val_acc=nan val_loss=nan best=-1.0000
[step 0050/150] method=baseline_cagrad loss=0.5185 train_acc=0.6971 train_loss=0.5553 val_acc=0.7059 val_loss=0.5633 router_H=0.6875 best=0.7059
           router_load=[0.5249523520469666, 0.440258264541626, 0.016519183292984962, 0.01827031746506691]
[step 0060/150] method=baseline_cagrad loss=0.5851 train_acc=0.6971 train_loss=0.5553 val_acc=0.7059 val_loss=0.5633 router_H=0.6875 best=0.7059
           router_load=[0.5249523520469666, 0.440258264541626, 0.016519183292984962, 0.01827031746506691]
[step 0070/150] method=baseline_cagrad loss=0.4215 train_acc=0.6971 train_loss=0.5553 val_acc=0.7059 val_loss=0.5633 router_H=0.6875 best=0.7059
           router_load=[0.5249523520469666, 0.440258264541626, 0.016519183292984962, 0.01827031746506691]
[step 0080/150] method=baseline_cagrad loss=0.4334 train_acc=0.6971 train_loss=0.5553 val_acc=0.7059 val_loss=0.5633 router_H=0.6875 best=0.7059
           router_load=[0.5249523520469666, 0.440258264541626, 0.016519183292984962, 0.01827031746506691]
[step 0090/150] method=baseline_cagrad loss=0.3047 train_acc=0.6971 train_loss=0.5553 val_acc=0.7059 val_loss=0.5633 router_H=0.6875 best=0.7059
           router_load=[0.5249523520469666, 0.440258264541626, 0.016519183292984962, 0.01827031746506691]
[step 0100/150] method=baseline_cagrad loss=0.5237 train_acc=0.7781 train_loss=0.4650 val_acc=0.7843 val_loss=0.4573 router_H=0.6856 best=0.7843
           router_load=[0.449807345867157, 0.5415312051773071, 0.0074422298930585384, 0.0012191918212920427]
[step 0110/150] method=baseline_cagrad loss=0.6873 train_acc=0.7781 train_loss=0.4650 val_acc=0.7843 val_loss=0.4573 router_H=0.6856 best=0.7843
           router_load=[0.449807345867157, 0.5415312051773071, 0.0074422298930585384, 0.0012191918212920427]
[step 0120/150] method=baseline_cagrad loss=0.4462 train_acc=0.7781 train_loss=0.4650 val_acc=0.7843 val_loss=0.4573 router_H=0.6856 best=0.7843
           router_load=[0.449807345867157, 0.5415312051773071, 0.0074422298930585384, 0.0012191918212920427]
[step 0130/150] method=baseline_cagrad loss=0.6248 train_acc=0.7781 train_loss=0.4650 val_acc=0.7843 val_loss=0.4573 router_H=0.6856 best=0.7843
           router_load=[0.449807345867157, 0.5415312051773071, 0.0074422298930585384, 0.0012191918212920427]
[step 0140/150] method=baseline_cagrad loss=0.3460 train_acc=0.7781 train_loss=0.4650 val_acc=0.7843 val_loss=0.4573 router_H=0.6856 best=0.7843
           router_load=[0.449807345867157, 0.5415312051773071, 0.0074422298930585384, 0.0012191918212920427]
[step 0150/150] method=baseline_cagrad loss=0.8215 train_acc=0.8334 train_loss=0.4637 val_acc=0.8456 val_loss=0.4495 router_H=0.5792 best=0.8456
           router_load=[0.24227218329906464, 0.7218406796455383, 0.02857503853738308, 0.0073121460154652596]
saved summary -> /home/zhujjing/MOE-grad-conflict-routing/runs/paper_suite/single_gpu/single_task/roberta_mrpc_ffn_e4_k2/hpo/cagrad/trial_runs/coord_03_train_grad_clip_017/cagrad_s2.json
saved curve -> /home/zhujjing/MOE-grad-conflict-routing/runs/paper_suite/single_gpu/single_task/roberta_mrpc_ffn_e4_k2/hpo/cagrad/trial_runs/coord_03_train_grad_clip_017/cagrad_s2_curve.csv
