[run] method=cagrad candidate=coord_05_method_baseline_cagrad_inner_lr_012 seed=3 steps=150 gpu=0
[run] cmd=
/home/zhujjing/anaconda3/envs/moe/bin/python /home/zhujjing/MOE-grad-conflict-routing/scripts/run.py --config configs/singletask_mrpc_real.yaml --set model.backbone_backend=hf --set model.hf_load_pretrained=true --set model.backbone=roberta --set model.hf_pretrained_name=roberta-base --set model.expert_type=lora --set model.routing_mode=topk --set model.num_experts=4 --set model.top_k=2 --set seed=3 --set method.name=baseline_cagrad --set train.steps=150 --set train.eval_every_steps=50 --set method.baseline_cagrad.c=0.2865396522 --set method.baseline_cagrad.inner_lr=0.1055132234 --set train.grad_clip=0.8201921409 --set train.lr=1.693101775e-05 --set train.weight_decay=0.00811280231 --out /home/zhujjing/MOE-grad-conflict-routing/runs/paper_suite/single_gpu/single_task/roberta_mrpc_lora_e4_k2/hpo/cagrad/trial_runs/coord_05_method_baseline_cagrad_inner_lr_012/cagrad_s3.json --curve_out /home/zhujjing/MOE-grad-conflict-routing/runs/paper_suite/single_gpu/single_task/roberta_mrpc_lora_e4_k2/hpo/cagrad/trial_runs/coord_05_method_baseline_cagrad_inner_lr_012/cagrad_s3_curve.csv
Using the latest cached version of the dataset since glue couldn't be found on the Hugging Face Hub (offline mode is enabled).
Found the latest cached dataset configuration 'mrpc' at /home/zhujjing/hf_cache/datasets/glue/mrpc/0.0.0/bcdcba79d07bc864c1c254ccfcedcce55bcc9a8c (last modified on Thu Mar 19 15:01:06 2026).
/home/zhujjing/anaconda3/envs/moe/lib/python3.10/site-packages/transformers/utils/hub.py:124: FutureWarning: Using `TRANSFORMERS_CACHE` is deprecated and will be removed in v5 of Transformers. Use `HF_HOME` instead.
  warnings.warn(
Some weights of RobertaModel were not initialized from the model checkpoint at roberta-base and are newly initialized: ['roberta.pooler.dense.bias', 'roberta.pooler.dense.weight']
You should probably TRAIN this model on a down-stream task to be able to use it for predictions and inference.
[step 0001/150] method=baseline_cagrad loss=0.8071 train_acc=nan train_loss=nan val_acc=nan val_loss=nan best=-1.0000
[step 0010/150] method=baseline_cagrad loss=0.9250 train_acc=nan train_loss=nan val_acc=nan val_loss=nan best=-1.0000
[step 0020/150] method=baseline_cagrad loss=0.6387 train_acc=nan train_loss=nan val_acc=nan val_loss=nan best=-1.0000
[step 0030/150] method=baseline_cagrad loss=0.5692 train_acc=nan train_loss=nan val_acc=nan val_loss=nan best=-1.0000
[step 0040/150] method=baseline_cagrad loss=0.6418 train_acc=nan train_loss=nan val_acc=nan val_loss=nan best=-1.0000
[step 0050/150] method=baseline_cagrad loss=0.4470 train_acc=0.7443 train_loss=0.5155 val_acc=0.7377 val_loss=0.5062 router_H=0.6894 best=0.7377
           router_load=[0.4856534004211426, 0.0, 0.0011379808420315385, 0.5132086277008057]
[step 0060/150] method=baseline_cagrad loss=0.4594 train_acc=0.7443 train_loss=0.5155 val_acc=0.7377 val_loss=0.5062 router_H=0.6894 best=0.7377
           router_load=[0.4856534004211426, 0.0, 0.0011379808420315385, 0.5132086277008057]
[step 0070/150] method=baseline_cagrad loss=0.5024 train_acc=0.7443 train_loss=0.5155 val_acc=0.7377 val_loss=0.5062 router_H=0.6894 best=0.7377
           router_load=[0.4856534004211426, 0.0, 0.0011379808420315385, 0.5132086277008057]
[step 0080/150] method=baseline_cagrad loss=0.4891 train_acc=0.7443 train_loss=0.5155 val_acc=0.7377 val_loss=0.5062 router_H=0.6894 best=0.7377
           router_load=[0.4856534004211426, 0.0, 0.0011379808420315385, 0.5132086277008057]
[step 0090/150] method=baseline_cagrad loss=0.6648 train_acc=0.7443 train_loss=0.5155 val_acc=0.7377 val_loss=0.5062 router_H=0.6894 best=0.7377
           router_load=[0.4856534004211426, 0.0, 0.0011379808420315385, 0.5132086277008057]
[step 0100/150] method=baseline_cagrad loss=0.4794 train_acc=0.8381 train_loss=0.3823 val_acc=0.8186 val_loss=0.3993 router_H=0.6799 best=0.8186
           router_load=[0.4458911120891571, 0.0, 0.005613530520349741, 0.548495352268219]
[step 0110/150] method=baseline_cagrad loss=0.3706 train_acc=0.8381 train_loss=0.3823 val_acc=0.8186 val_loss=0.3993 router_H=0.6799 best=0.8186
           router_load=[0.4458911120891571, 0.0, 0.005613530520349741, 0.548495352268219]
[step 0120/150] method=baseline_cagrad loss=0.3696 train_acc=0.8381 train_loss=0.3823 val_acc=0.8186 val_loss=0.3993 router_H=0.6799 best=0.8186
           router_load=[0.4458911120891571, 0.0, 0.005613530520349741, 0.548495352268219]
[step 0130/150] method=baseline_cagrad loss=0.2812 train_acc=0.8381 train_loss=0.3823 val_acc=0.8186 val_loss=0.3993 router_H=0.6799 best=0.8186
           router_load=[0.4458911120891571, 0.0, 0.005613530520349741, 0.548495352268219]
[step 0140/150] method=baseline_cagrad loss=0.4360 train_acc=0.8381 train_loss=0.3823 val_acc=0.8186 val_loss=0.3993 router_H=0.6799 best=0.8186
           router_load=[0.4458911120891571, 0.0, 0.005613530520349741, 0.548495352268219]
[step 0150/150] method=baseline_cagrad loss=0.4269 train_acc=0.8394 train_loss=0.3670 val_acc=0.8358 val_loss=0.3789 router_H=0.6804 best=0.8358
           router_load=[0.4428885281085968, 0.0, 0.011204210110008717, 0.5459072589874268]
saved summary -> /home/zhujjing/MOE-grad-conflict-routing/runs/paper_suite/single_gpu/single_task/roberta_mrpc_lora_e4_k2/hpo/cagrad/trial_runs/coord_05_method_baseline_cagrad_inner_lr_012/cagrad_s3.json
saved curve -> /home/zhujjing/MOE-grad-conflict-routing/runs/paper_suite/single_gpu/single_task/roberta_mrpc_lora_e4_k2/hpo/cagrad/trial_runs/coord_05_method_baseline_cagrad_inner_lr_012/cagrad_s3_curve.csv
