[run] method=cagrad candidate=coord_05_method_baseline_cagrad_inner_lr_003 seed=3 steps=150 gpu=0
[run] cmd=
/home/zhujjing/anaconda3/envs/moe/bin/python /home/zhujjing/MOE-grad-conflict-routing/scripts/run.py --config configs/singletask_mrpc_real.yaml --set model.backbone_backend=hf --set model.hf_load_pretrained=true --set model.backbone=roberta --set model.hf_pretrained_name=roberta-base --set model.expert_type=lora --set model.routing_mode=topk --set model.num_experts=4 --set model.top_k=2 --set seed=3 --set method.name=baseline_cagrad --set train.steps=150 --set train.eval_every_steps=50 --set method.baseline_cagrad.c=0.2865396522 --set method.baseline_cagrad.inner_lr=0.09532402385 --set train.grad_clip=0.8201921409 --set train.lr=1.693101775e-05 --set train.weight_decay=0.00811280231 --out /home/zhujjing/MOE-grad-conflict-routing/runs/paper_suite/single_gpu/single_task/roberta_mrpc_lora_e4_k2/hpo/cagrad/trial_runs/coord_05_method_baseline_cagrad_inner_lr_003/cagrad_s3.json --curve_out /home/zhujjing/MOE-grad-conflict-routing/runs/paper_suite/single_gpu/single_task/roberta_mrpc_lora_e4_k2/hpo/cagrad/trial_runs/coord_05_method_baseline_cagrad_inner_lr_003/cagrad_s3_curve.csv
Using the latest cached version of the dataset since glue couldn't be found on the Hugging Face Hub (offline mode is enabled).
Found the latest cached dataset configuration 'mrpc' at /home/zhujjing/hf_cache/datasets/glue/mrpc/0.0.0/bcdcba79d07bc864c1c254ccfcedcce55bcc9a8c (last modified on Thu Mar 19 15:01:06 2026).
/home/zhujjing/anaconda3/envs/moe/lib/python3.10/site-packages/transformers/utils/hub.py:124: FutureWarning: Using `TRANSFORMERS_CACHE` is deprecated and will be removed in v5 of Transformers. Use `HF_HOME` instead.
  warnings.warn(
Some weights of RobertaModel were not initialized from the model checkpoint at roberta-base and are newly initialized: ['roberta.pooler.dense.bias', 'roberta.pooler.dense.weight']
You should probably TRAIN this model on a down-stream task to be able to use it for predictions and inference.
[step 0001/150] method=baseline_cagrad loss=0.7404 train_acc=nan train_loss=nan val_acc=nan val_loss=nan best=-1.0000
[step 0010/150] method=baseline_cagrad loss=0.8396 train_acc=nan train_loss=nan val_acc=nan val_loss=nan best=-1.0000
[step 0020/150] method=baseline_cagrad loss=0.6557 train_acc=nan train_loss=nan val_acc=nan val_loss=nan best=-1.0000
[step 0030/150] method=baseline_cagrad loss=0.5869 train_acc=nan train_loss=nan val_acc=nan val_loss=nan best=-1.0000
[step 0040/150] method=baseline_cagrad loss=0.6268 train_acc=nan train_loss=nan val_acc=nan val_loss=nan best=-1.0000
[step 0050/150] method=baseline_cagrad loss=0.3972 train_acc=0.7696 train_loss=0.4890 val_acc=0.7794 val_loss=0.4878 router_H=0.6560 best=0.7794
           router_load=[0.6227618455886841, 0.006035228725522757, 0.18428076803684235, 0.18692214787006378]
[step 0060/150] method=baseline_cagrad loss=0.4113 train_acc=0.7696 train_loss=0.4890 val_acc=0.7794 val_loss=0.4878 router_H=0.6560 best=0.7794
           router_load=[0.6227618455886841, 0.006035228725522757, 0.18428076803684235, 0.18692214787006378]
[step 0070/150] method=baseline_cagrad loss=0.3870 train_acc=0.7696 train_loss=0.4890 val_acc=0.7794 val_loss=0.4878 router_H=0.6560 best=0.7794
           router_load=[0.6227618455886841, 0.006035228725522757, 0.18428076803684235, 0.18692214787006378]
[step 0080/150] method=baseline_cagrad loss=0.4444 train_acc=0.7696 train_loss=0.4890 val_acc=0.7794 val_loss=0.4878 router_H=0.6560 best=0.7794
           router_load=[0.6227618455886841, 0.006035228725522757, 0.18428076803684235, 0.18692214787006378]
[step 0090/150] method=baseline_cagrad loss=0.5971 train_acc=0.7696 train_loss=0.4890 val_acc=0.7794 val_loss=0.4878 router_H=0.6560 best=0.7794
           router_load=[0.6227618455886841, 0.006035228725522757, 0.18428076803684235, 0.18692214787006378]
[step 0100/150] method=baseline_cagrad loss=0.4679 train_acc=0.7944 train_loss=0.4069 val_acc=0.7941 val_loss=0.4166 router_H=0.6674 best=0.7941
           router_load=[0.5939527153968811, 0.005253318697214127, 0.278279185295105, 0.12251479178667068]
[step 0110/150] method=baseline_cagrad loss=0.5860 train_acc=0.7944 train_loss=0.4069 val_acc=0.7941 val_loss=0.4166 router_H=0.6674 best=0.7941
           router_load=[0.5939527153968811, 0.005253318697214127, 0.278279185295105, 0.12251479178667068]
[step 0120/150] method=baseline_cagrad loss=0.3129 train_acc=0.7944 train_loss=0.4069 val_acc=0.7941 val_loss=0.4166 router_H=0.6674 best=0.7941
           router_load=[0.5939527153968811, 0.005253318697214127, 0.278279185295105, 0.12251479178667068]
[step 0130/150] method=baseline_cagrad loss=0.2482 train_acc=0.7944 train_loss=0.4069 val_acc=0.7941 val_loss=0.4166 router_H=0.6674 best=0.7941
           router_load=[0.5939527153968811, 0.005253318697214127, 0.278279185295105, 0.12251479178667068]
[step 0140/150] method=baseline_cagrad loss=0.5635 train_acc=0.7944 train_loss=0.4069 val_acc=0.7941 val_loss=0.4166 router_H=0.6674 best=0.7941
           router_load=[0.5939527153968811, 0.005253318697214127, 0.278279185295105, 0.12251479178667068]
[step 0150/150] method=baseline_cagrad loss=0.4835 train_acc=0.8263 train_loss=0.3934 val_acc=0.8186 val_loss=0.3935 router_H=0.6712 best=0.8186
           router_load=[0.5966634750366211, 0.0, 0.20525509119033813, 0.19808140397071838]
saved summary -> /home/zhujjing/MOE-grad-conflict-routing/runs/paper_suite/single_gpu/single_task/roberta_mrpc_lora_e4_k2/hpo/cagrad/trial_runs/coord_05_method_baseline_cagrad_inner_lr_003/cagrad_s3.json
saved curve -> /home/zhujjing/MOE-grad-conflict-routing/runs/paper_suite/single_gpu/single_task/roberta_mrpc_lora_e4_k2/hpo/cagrad/trial_runs/coord_05_method_baseline_cagrad_inner_lr_003/cagrad_s3_curve.csv
