[run] method=cagrad candidate=coord_05_method_baseline_cagrad_inner_lr_000 seed=2 steps=150 gpu=0
[run] cmd=
/home/zhujjing/anaconda3/envs/moe/bin/python /home/zhujjing/MOE-grad-conflict-routing/scripts/run.py --config configs/singletask_mrpc_real.yaml --set model.backbone_backend=hf --set model.hf_load_pretrained=true --set model.backbone=roberta --set model.hf_pretrained_name=roberta-base --set model.expert_type=lora --set model.routing_mode=topk --set model.num_experts=4 --set model.top_k=2 --set seed=2 --set method.name=baseline_cagrad --set train.steps=150 --set train.eval_every_steps=50 --set method.baseline_cagrad.c=0.2865396522 --set method.baseline_cagrad.inner_lr=0.07815593766 --set train.grad_clip=0.8201921409 --set train.lr=1.693101775e-05 --set train.weight_decay=0.00811280231 --out /home/zhujjing/MOE-grad-conflict-routing/runs/paper_suite/single_gpu/single_task/roberta_mrpc_lora_e4_k2/hpo/cagrad/trial_runs/coord_05_method_baseline_cagrad_inner_lr_000/cagrad_s2.json --curve_out /home/zhujjing/MOE-grad-conflict-routing/runs/paper_suite/single_gpu/single_task/roberta_mrpc_lora_e4_k2/hpo/cagrad/trial_runs/coord_05_method_baseline_cagrad_inner_lr_000/cagrad_s2_curve.csv
Using the latest cached version of the dataset since glue couldn't be found on the Hugging Face Hub (offline mode is enabled).
Found the latest cached dataset configuration 'mrpc' at /home/zhujjing/hf_cache/datasets/glue/mrpc/0.0.0/bcdcba79d07bc864c1c254ccfcedcce55bcc9a8c (last modified on Thu Mar 19 15:01:06 2026).
/home/zhujjing/anaconda3/envs/moe/lib/python3.10/site-packages/transformers/utils/hub.py:124: FutureWarning: Using `TRANSFORMERS_CACHE` is deprecated and will be removed in v5 of Transformers. Use `HF_HOME` instead.
  warnings.warn(
Some weights of RobertaModel were not initialized from the model checkpoint at roberta-base and are newly initialized: ['roberta.pooler.dense.bias', 'roberta.pooler.dense.weight']
You should probably TRAIN this model on a down-stream task to be able to use it for predictions and inference.
[step 0001/150] method=baseline_cagrad loss=0.6845 train_acc=nan train_loss=nan val_acc=nan val_loss=nan best=-1.0000
[step 0010/150] method=baseline_cagrad loss=0.6847 train_acc=nan train_loss=nan val_acc=nan val_loss=nan best=-1.0000
[step 0020/150] method=baseline_cagrad loss=0.6104 train_acc=nan train_loss=nan val_acc=nan val_loss=nan best=-1.0000
[step 0030/150] method=baseline_cagrad loss=0.6939 train_acc=nan train_loss=nan val_acc=nan val_loss=nan best=-1.0000
[step 0040/150] method=baseline_cagrad loss=0.5132 train_acc=nan train_loss=nan val_acc=nan val_loss=nan best=-1.0000
[step 0050/150] method=baseline_cagrad loss=0.5048 train_acc=0.7255 train_loss=0.5033 val_acc=0.7230 val_loss=0.5085 router_H=0.6731 best=0.7230
           router_load=[0.4045431613922119, 0.0, 0.0, 0.5954568386077881]
[step 0060/150] method=baseline_cagrad loss=0.6223 train_acc=0.7255 train_loss=0.5033 val_acc=0.7230 val_loss=0.5085 router_H=0.6731 best=0.7230
           router_load=[0.4045431613922119, 0.0, 0.0, 0.5954568386077881]
[step 0070/150] method=baseline_cagrad loss=0.3045 train_acc=0.7255 train_loss=0.5033 val_acc=0.7230 val_loss=0.5085 router_H=0.6731 best=0.7230
           router_load=[0.4045431613922119, 0.0, 0.0, 0.5954568386077881]
[step 0080/150] method=baseline_cagrad loss=0.3577 train_acc=0.7255 train_loss=0.5033 val_acc=0.7230 val_loss=0.5085 router_H=0.6731 best=0.7230
           router_load=[0.4045431613922119, 0.0, 0.0, 0.5954568386077881]
[step 0090/150] method=baseline_cagrad loss=0.3102 train_acc=0.7255 train_loss=0.5033 val_acc=0.7230 val_loss=0.5085 router_H=0.6731 best=0.7230
           router_load=[0.4045431613922119, 0.0, 0.0, 0.5954568386077881]
[step 0100/150] method=baseline_cagrad loss=0.4852 train_acc=0.8083 train_loss=0.3985 val_acc=0.7941 val_loss=0.4032 router_H=0.6798 best=0.7941
           router_load=[0.4192008078098297, 0.004842185880988836, 0.0018757375655695796, 0.574081301689148]
[step 0110/150] method=baseline_cagrad loss=0.5919 train_acc=0.8083 train_loss=0.3985 val_acc=0.7941 val_loss=0.4032 router_H=0.6798 best=0.7941
           router_load=[0.4192008078098297, 0.004842185880988836, 0.0018757375655695796, 0.574081301689148]
[step 0120/150] method=baseline_cagrad loss=0.2069 train_acc=0.8083 train_loss=0.3985 val_acc=0.7941 val_loss=0.4032 router_H=0.6798 best=0.7941
           router_load=[0.4192008078098297, 0.004842185880988836, 0.0018757375655695796, 0.574081301689148]
[step 0130/150] method=baseline_cagrad loss=0.4646 train_acc=0.8083 train_loss=0.3985 val_acc=0.7941 val_loss=0.4032 router_H=0.6798 best=0.7941
           router_load=[0.4192008078098297, 0.004842185880988836, 0.0018757375655695796, 0.574081301689148]
[step 0140/150] method=baseline_cagrad loss=0.3296 train_acc=0.8083 train_loss=0.3985 val_acc=0.7941 val_loss=0.4032 router_H=0.6798 best=0.7941
           router_load=[0.4192008078098297, 0.004842185880988836, 0.0018757375655695796, 0.574081301689148]
[step 0150/150] method=baseline_cagrad loss=0.5863 train_acc=0.8800 train_loss=0.3154 val_acc=0.8701 val_loss=0.3367 router_H=0.6821 best=0.8701
           router_load=[0.3784208595752716, 0.05616101622581482, 0.0019161185482516885, 0.5635020136833191]
saved summary -> /home/zhujjing/MOE-grad-conflict-routing/runs/paper_suite/single_gpu/single_task/roberta_mrpc_lora_e4_k2/hpo/cagrad/trial_runs/coord_05_method_baseline_cagrad_inner_lr_000/cagrad_s2.json
saved curve -> /home/zhujjing/MOE-grad-conflict-routing/runs/paper_suite/single_gpu/single_task/roberta_mrpc_lora_e4_k2/hpo/cagrad/trial_runs/coord_05_method_baseline_cagrad_inner_lr_000/cagrad_s2_curve.csv
