[run] method=cagrad candidate=coord_05_method_baseline_cagrad_inner_lr_006 seed=3 steps=150 gpu=0
[run] cmd=
/home/zhujjing/anaconda3/envs/moe/bin/python /home/zhujjing/MOE-grad-conflict-routing/scripts/run.py --config configs/singletask_mrpc_real.yaml --set model.backbone_backend=hf --set model.hf_load_pretrained=true --set model.backbone=roberta --set model.hf_pretrained_name=roberta-base --set model.expert_type=lora --set model.routing_mode=topk --set model.num_experts=4 --set model.top_k=2 --set seed=3 --set method.name=baseline_cagrad --set train.steps=150 --set train.eval_every_steps=50 --set method.baseline_cagrad.c=0.2865396522 --set method.baseline_cagrad.inner_lr=0.054610408 --set train.grad_clip=0.8201921409 --set train.lr=1.693101775e-05 --set train.weight_decay=0.00811280231 --out /home/zhujjing/MOE-grad-conflict-routing/runs/paper_suite/single_gpu/single_task/roberta_mrpc_lora_e4_k2/hpo/cagrad/trial_runs/coord_05_method_baseline_cagrad_inner_lr_006/cagrad_s3.json --curve_out /home/zhujjing/MOE-grad-conflict-routing/runs/paper_suite/single_gpu/single_task/roberta_mrpc_lora_e4_k2/hpo/cagrad/trial_runs/coord_05_method_baseline_cagrad_inner_lr_006/cagrad_s3_curve.csv
Using the latest cached version of the dataset since glue couldn't be found on the Hugging Face Hub (offline mode is enabled).
Found the latest cached dataset configuration 'mrpc' at /home/zhujjing/hf_cache/datasets/glue/mrpc/0.0.0/bcdcba79d07bc864c1c254ccfcedcce55bcc9a8c (last modified on Thu Mar 19 15:01:06 2026).
/home/zhujjing/anaconda3/envs/moe/lib/python3.10/site-packages/transformers/utils/hub.py:124: FutureWarning: Using `TRANSFORMERS_CACHE` is deprecated and will be removed in v5 of Transformers. Use `HF_HOME` instead.
  warnings.warn(
Some weights of RobertaModel were not initialized from the model checkpoint at roberta-base and are newly initialized: ['roberta.pooler.dense.bias', 'roberta.pooler.dense.weight']
You should probably TRAIN this model on a down-stream task to be able to use it for predictions and inference.
[step 0001/150] method=baseline_cagrad loss=0.6789 train_acc=nan train_loss=nan val_acc=nan val_loss=nan best=-1.0000
[step 0010/150] method=baseline_cagrad loss=0.7434 train_acc=nan train_loss=nan val_acc=nan val_loss=nan best=-1.0000
[step 0020/150] method=baseline_cagrad loss=0.6210 train_acc=nan train_loss=nan val_acc=nan val_loss=nan best=-1.0000
[step 0030/150] method=baseline_cagrad loss=0.5813 train_acc=nan train_loss=nan val_acc=nan val_loss=nan best=-1.0000
[step 0040/150] method=baseline_cagrad loss=0.6102 train_acc=nan train_loss=nan val_acc=nan val_loss=nan best=-1.0000
[step 0050/150] method=baseline_cagrad loss=0.4872 train_acc=0.7595 train_loss=0.4942 val_acc=0.7745 val_loss=0.4859 router_H=0.6885 best=0.7745
           router_load=[0.38684144616127014, 0.09157270193099976, 0.022065719589591026, 0.4995201826095581]
[step 0060/150] method=baseline_cagrad loss=0.4166 train_acc=0.7595 train_loss=0.4942 val_acc=0.7745 val_loss=0.4859 router_H=0.6885 best=0.7745
           router_load=[0.38684144616127014, 0.09157270193099976, 0.022065719589591026, 0.4995201826095581]
[step 0070/150] method=baseline_cagrad loss=0.3489 train_acc=0.7595 train_loss=0.4942 val_acc=0.7745 val_loss=0.4859 router_H=0.6885 best=0.7745
           router_load=[0.38684144616127014, 0.09157270193099976, 0.022065719589591026, 0.4995201826095581]
[step 0080/150] method=baseline_cagrad loss=0.4925 train_acc=0.7595 train_loss=0.4942 val_acc=0.7745 val_loss=0.4859 router_H=0.6885 best=0.7745
           router_load=[0.38684144616127014, 0.09157270193099976, 0.022065719589591026, 0.4995201826095581]
[step 0090/150] method=baseline_cagrad loss=0.6293 train_acc=0.7595 train_loss=0.4942 val_acc=0.7745 val_loss=0.4859 router_H=0.6885 best=0.7745
           router_load=[0.38684144616127014, 0.09157270193099976, 0.022065719589591026, 0.4995201826095581]
[step 0100/150] method=baseline_cagrad loss=0.5912 train_acc=0.8075 train_loss=0.4006 val_acc=0.7941 val_loss=0.4130 router_H=0.6810 best=0.7941
           router_load=[0.31105801463127136, 0.019184285774827003, 0.1571255624294281, 0.5126321315765381]
[step 0110/150] method=baseline_cagrad loss=0.5378 train_acc=0.8075 train_loss=0.4006 val_acc=0.7941 val_loss=0.4130 router_H=0.6810 best=0.7941
           router_load=[0.31105801463127136, 0.019184285774827003, 0.1571255624294281, 0.5126321315765381]
[step 0120/150] method=baseline_cagrad loss=0.3140 train_acc=0.8075 train_loss=0.4006 val_acc=0.7941 val_loss=0.4130 router_H=0.6810 best=0.7941
           router_load=[0.31105801463127136, 0.019184285774827003, 0.1571255624294281, 0.5126321315765381]
[step 0130/150] method=baseline_cagrad loss=0.2739 train_acc=0.8075 train_loss=0.4006 val_acc=0.7941 val_loss=0.4130 router_H=0.6810 best=0.7941
           router_load=[0.31105801463127136, 0.019184285774827003, 0.1571255624294281, 0.5126321315765381]
[step 0140/150] method=baseline_cagrad loss=0.5621 train_acc=0.8075 train_loss=0.4006 val_acc=0.7941 val_loss=0.4130 router_H=0.6810 best=0.7941
           router_load=[0.31105801463127136, 0.019184285774827003, 0.1571255624294281, 0.5126321315765381]
[step 0150/150] method=baseline_cagrad loss=0.3654 train_acc=0.8705 train_loss=0.3331 val_acc=0.8480 val_loss=0.3477 router_H=0.6898 best=0.8480
           router_load=[0.4425256848335266, 0.07586145401000977, 0.03090449795126915, 0.4507082998752594]
saved summary -> /home/zhujjing/MOE-grad-conflict-routing/runs/paper_suite/single_gpu/single_task/roberta_mrpc_lora_e4_k2/hpo/cagrad/trial_runs/coord_05_method_baseline_cagrad_inner_lr_006/cagrad_s3.json
saved curve -> /home/zhujjing/MOE-grad-conflict-routing/runs/paper_suite/single_gpu/single_task/roberta_mrpc_lora_e4_k2/hpo/cagrad/trial_runs/coord_05_method_baseline_cagrad_inner_lr_006/cagrad_s3_curve.csv
