[run] method=cagrad candidate=coord_05_method_baseline_cagrad_inner_lr_007 seed=2 steps=150 gpu=0
[run] cmd=
/home/zhujjing/anaconda3/envs/moe/bin/python /home/zhujjing/MOE-grad-conflict-routing/scripts/run.py --config configs/singletask_mrpc_real.yaml --set model.backbone_backend=hf --set model.hf_load_pretrained=true --set model.backbone=roberta --set model.hf_pretrained_name=roberta-base --set model.expert_type=lora --set model.routing_mode=topk --set model.num_experts=4 --set model.top_k=2 --set seed=2 --set method.name=baseline_cagrad --set train.steps=150 --set train.eval_every_steps=50 --set method.baseline_cagrad.c=0.2865396522 --set method.baseline_cagrad.inner_lr=0.2863105147 --set train.grad_clip=0.8201921409 --set train.lr=1.693101775e-05 --set train.weight_decay=0.00811280231 --out /home/zhujjing/MOE-grad-conflict-routing/runs/paper_suite/single_gpu/single_task/roberta_mrpc_lora_e4_k2/hpo/cagrad/trial_runs/coord_05_method_baseline_cagrad_inner_lr_007/cagrad_s2.json --curve_out /home/zhujjing/MOE-grad-conflict-routing/runs/paper_suite/single_gpu/single_task/roberta_mrpc_lora_e4_k2/hpo/cagrad/trial_runs/coord_05_method_baseline_cagrad_inner_lr_007/cagrad_s2_curve.csv
Using the latest cached version of the dataset since glue couldn't be found on the Hugging Face Hub (offline mode is enabled).
Found the latest cached dataset configuration 'mrpc' at /home/zhujjing/hf_cache/datasets/glue/mrpc/0.0.0/bcdcba79d07bc864c1c254ccfcedcce55bcc9a8c (last modified on Thu Mar 19 15:01:06 2026).
/home/zhujjing/anaconda3/envs/moe/lib/python3.10/site-packages/transformers/utils/hub.py:124: FutureWarning: Using `TRANSFORMERS_CACHE` is deprecated and will be removed in v5 of Transformers. Use `HF_HOME` instead.
  warnings.warn(
Some weights of RobertaModel were not initialized from the model checkpoint at roberta-base and are newly initialized: ['roberta.pooler.dense.bias', 'roberta.pooler.dense.weight']
You should probably TRAIN this model on a down-stream task to be able to use it for predictions and inference.
[step 0001/150] method=baseline_cagrad loss=0.7042 train_acc=nan train_loss=nan val_acc=nan val_loss=nan best=-1.0000
[step 0010/150] method=baseline_cagrad loss=0.6895 train_acc=nan train_loss=nan val_acc=nan val_loss=nan best=-1.0000
[step 0020/150] method=baseline_cagrad loss=0.6597 train_acc=nan train_loss=nan val_acc=nan val_loss=nan best=-1.0000
[step 0030/150] method=baseline_cagrad loss=0.6678 train_acc=nan train_loss=nan val_acc=nan val_loss=nan best=-1.0000
[step 0040/150] method=baseline_cagrad loss=0.5969 train_acc=nan train_loss=nan val_acc=nan val_loss=nan best=-1.0000
[step 0050/150] method=baseline_cagrad loss=0.4925 train_acc=0.7165 train_loss=0.5270 val_acc=0.7206 val_loss=0.5202 router_H=0.6916 best=0.7206
           router_load=[0.0, 0.1496371626853943, 0.3374786078929901, 0.5128841996192932]
[step 0060/150] method=baseline_cagrad loss=0.5927 train_acc=0.7165 train_loss=0.5270 val_acc=0.7206 val_loss=0.5202 router_H=0.6916 best=0.7206
           router_load=[0.0, 0.1496371626853943, 0.3374786078929901, 0.5128841996192932]
[step 0070/150] method=baseline_cagrad loss=0.3728 train_acc=0.7165 train_loss=0.5270 val_acc=0.7206 val_loss=0.5202 router_H=0.6916 best=0.7206
           router_load=[0.0, 0.1496371626853943, 0.3374786078929901, 0.5128841996192932]
[step 0080/150] method=baseline_cagrad loss=0.4643 train_acc=0.7165 train_loss=0.5270 val_acc=0.7206 val_loss=0.5202 router_H=0.6916 best=0.7206
           router_load=[0.0, 0.1496371626853943, 0.3374786078929901, 0.5128841996192932]
[step 0090/150] method=baseline_cagrad loss=0.4461 train_acc=0.7165 train_loss=0.5270 val_acc=0.7206 val_loss=0.5202 router_H=0.6916 best=0.7206
           router_load=[0.0, 0.1496371626853943, 0.3374786078929901, 0.5128841996192932]
[step 0100/150] method=baseline_cagrad loss=0.4793 train_acc=0.8048 train_loss=0.4460 val_acc=0.8064 val_loss=0.4539 router_H=0.6907 best=0.8064
           router_load=[0.0, 0.22102725505828857, 0.2617091238498688, 0.5172637701034546]
[step 0110/150] method=baseline_cagrad loss=0.6549 train_acc=0.8048 train_loss=0.4460 val_acc=0.8064 val_loss=0.4539 router_H=0.6907 best=0.8064
           router_load=[0.0, 0.22102725505828857, 0.2617091238498688, 0.5172637701034546]
[step 0120/150] method=baseline_cagrad loss=0.2677 train_acc=0.8048 train_loss=0.4460 val_acc=0.8064 val_loss=0.4539 router_H=0.6907 best=0.8064
           router_load=[0.0, 0.22102725505828857, 0.2617091238498688, 0.5172637701034546]
[step 0130/150] method=baseline_cagrad loss=0.6231 train_acc=0.8048 train_loss=0.4460 val_acc=0.8064 val_loss=0.4539 router_H=0.6907 best=0.8064
           router_load=[0.0, 0.22102725505828857, 0.2617091238498688, 0.5172637701034546]
[step 0140/150] method=baseline_cagrad loss=0.3821 train_acc=0.8048 train_loss=0.4460 val_acc=0.8064 val_loss=0.4539 router_H=0.6907 best=0.8064
           router_load=[0.0, 0.22102725505828857, 0.2617091238498688, 0.5172637701034546]
[step 0150/150] method=baseline_cagrad loss=0.6406 train_acc=0.8547 train_loss=0.3701 val_acc=0.8480 val_loss=0.3631 router_H=0.6887 best=0.8480
           router_load=[0.004356482066214085, 0.2682556211948395, 0.19809234142303467, 0.5292955636978149]
saved summary -> /home/zhujjing/MOE-grad-conflict-routing/runs/paper_suite/single_gpu/single_task/roberta_mrpc_lora_e4_k2/hpo/cagrad/trial_runs/coord_05_method_baseline_cagrad_inner_lr_007/cagrad_s2.json
saved curve -> /home/zhujjing/MOE-grad-conflict-routing/runs/paper_suite/single_gpu/single_task/roberta_mrpc_lora_e4_k2/hpo/cagrad/trial_runs/coord_05_method_baseline_cagrad_inner_lr_007/cagrad_s2_curve.csv
