[run] method=ours candidate=coord_04_method_ours_lambda_align_015 seed=2 steps=150 gpu=0
[run] cmd=
/home/zhujjing/anaconda3/envs/moe/bin/python /home/zhujjing/MOE-grad-conflict-routing/scripts/run.py --config configs/singletask_mrpc_real.yaml --set model.backbone_backend=hf --set model.hf_load_pretrained=true --set model.backbone=roberta --set model.hf_pretrained_name=roberta-base --set model.expert_type=ffn --set model.routing_mode=topk --set model.num_experts=4 --set model.top_k=2 --set seed=2 --set method.name=ours --set train.steps=150 --set train.eval_every_steps=50 --set method.ours.use_load_norm=true --set method.ours.lambda_align=0.007094332297 --set train.grad_clip=0.8874671569 --set train.lr=4.233346635e-05 --set train.weight_decay=0.02576137036 --out /home/zhujjing/MOE-grad-conflict-routing/runs/paper_suite/single_gpu/single_task/roberta_mrpc_ffn_e4_k2/hpo/ours/trial_runs/coord_04_method_ours_lambda_align_015/ours_s2.json --curve_out /home/zhujjing/MOE-grad-conflict-routing/runs/paper_suite/single_gpu/single_task/roberta_mrpc_ffn_e4_k2/hpo/ours/trial_runs/coord_04_method_ours_lambda_align_015/ours_s2_curve.csv
Using the latest cached version of the dataset since glue couldn't be found on the Hugging Face Hub (offline mode is enabled).
Found the latest cached dataset configuration 'mrpc' at /home/zhujjing/hf_cache/datasets/glue/mrpc/0.0.0/bcdcba79d07bc864c1c254ccfcedcce55bcc9a8c (last modified on Thu Mar 19 15:01:06 2026).
/home/zhujjing/anaconda3/envs/moe/lib/python3.10/site-packages/transformers/utils/hub.py:124: FutureWarning: Using `TRANSFORMERS_CACHE` is deprecated and will be removed in v5 of Transformers. Use `HF_HOME` instead.
  warnings.warn(
Some weights of RobertaModel were not initialized from the model checkpoint at roberta-base and are newly initialized: ['roberta.pooler.dense.bias', 'roberta.pooler.dense.weight']
You should probably TRAIN this model on a down-stream task to be able to use it for predictions and inference.
[step 0001/150] method=ours loss=0.7020 train_acc=nan train_loss=nan val_acc=nan val_loss=nan best=-1.0000
[step 0010/150] method=ours loss=0.7086 train_acc=nan train_loss=nan val_acc=nan val_loss=nan best=-1.0000
[step 0020/150] method=ours loss=0.7163 train_acc=nan train_loss=nan val_acc=nan val_loss=nan best=-1.0000
[step 0030/150] method=ours loss=0.6248 train_acc=nan train_loss=nan val_acc=nan val_loss=nan best=-1.0000
[step 0040/150] method=ours loss=0.5454 train_acc=nan train_loss=nan val_acc=nan val_loss=nan best=-1.0000
[step 0050/150] method=ours loss=0.4338 train_acc=0.7688 train_loss=0.5148 val_acc=0.7574 val_loss=0.5071 router_H=0.4916 best=0.7574
           router_load=[0.0036231724079698324, 0.013727588579058647, 0.7680748701095581, 0.21457436680793762]
[step 0060/150] method=ours loss=0.6793 train_acc=0.7688 train_loss=0.5148 val_acc=0.7574 val_loss=0.5071 router_H=0.4916 best=0.7574
           router_load=[0.0036231724079698324, 0.013727588579058647, 0.7680748701095581, 0.21457436680793762]
[step 0070/150] method=ours loss=0.3370 train_acc=0.7688 train_loss=0.5148 val_acc=0.7574 val_loss=0.5071 router_H=0.4916 best=0.7574
           router_load=[0.0036231724079698324, 0.013727588579058647, 0.7680748701095581, 0.21457436680793762]
[step 0080/150] method=ours loss=0.3802 train_acc=0.7688 train_loss=0.5148 val_acc=0.7574 val_loss=0.5071 router_H=0.4916 best=0.7574
           router_load=[0.0036231724079698324, 0.013727588579058647, 0.7680748701095581, 0.21457436680793762]
[step 0090/150] method=ours loss=0.3846 train_acc=0.7688 train_loss=0.5148 val_acc=0.7574 val_loss=0.5071 router_H=0.4916 best=0.7574
           router_load=[0.0036231724079698324, 0.013727588579058647, 0.7680748701095581, 0.21457436680793762]
[step 0100/150] method=ours loss=0.3899 train_acc=0.8596 train_loss=0.3369 val_acc=0.8554 val_loss=0.3340 router_H=0.3692 best=0.8554
           router_load=[0.05555514618754387, 0.03183542564511299, 0.8460076451301575, 0.06660174578428268]
[step 0110/150] method=ours loss=0.4719 train_acc=0.8596 train_loss=0.3369 val_acc=0.8554 val_loss=0.3340 router_H=0.3692 best=0.8554
           router_load=[0.05555514618754387, 0.03183542564511299, 0.8460076451301575, 0.06660174578428268]
[step 0120/150] method=ours loss=0.4228 train_acc=0.8596 train_loss=0.3369 val_acc=0.8554 val_loss=0.3340 router_H=0.3692 best=0.8554
           router_load=[0.05555514618754387, 0.03183542564511299, 0.8460076451301575, 0.06660174578428268]
[step 0130/150] method=ours loss=0.5059 train_acc=0.8596 train_loss=0.3369 val_acc=0.8554 val_loss=0.3340 router_H=0.3692 best=0.8554
           router_load=[0.05555514618754387, 0.03183542564511299, 0.8460076451301575, 0.06660174578428268]
[step 0140/150] method=ours loss=0.5100 train_acc=0.8596 train_loss=0.3369 val_acc=0.8554 val_loss=0.3340 router_H=0.3692 best=0.8554
           router_load=[0.05555514618754387, 0.03183542564511299, 0.8460076451301575, 0.06660174578428268]
[step 0150/150] method=ours loss=0.7373 train_acc=0.8405 train_loss=0.5296 val_acc=0.8480 val_loss=0.5486 router_H=0.2555 best=0.8554
           router_load=[0.007218001876026392, 0.03513110801577568, 0.9157406091690063, 0.04191027954220772]
saved summary -> /home/zhujjing/MOE-grad-conflict-routing/runs/paper_suite/single_gpu/single_task/roberta_mrpc_ffn_e4_k2/hpo/ours/trial_runs/coord_04_method_ours_lambda_align_015/ours_s2.json
saved curve -> /home/zhujjing/MOE-grad-conflict-routing/runs/paper_suite/single_gpu/single_task/roberta_mrpc_ffn_e4_k2/hpo/ours/trial_runs/coord_04_method_ours_lambda_align_015/ours_s2_curve.csv
