[run] method=ours candidate=coord_04_method_ours_lambda_align_005 seed=3 steps=150 gpu=0
[run] cmd=
/home/zhujjing/anaconda3/envs/moe/bin/python /home/zhujjing/MOE-grad-conflict-routing/scripts/run.py --config configs/singletask_mrpc_real.yaml --set model.backbone_backend=hf --set model.hf_load_pretrained=true --set model.backbone=roberta --set model.hf_pretrained_name=roberta-base --set model.expert_type=ffn --set model.routing_mode=topk --set model.num_experts=4 --set model.top_k=2 --set seed=3 --set method.name=ours --set train.steps=150 --set train.eval_every_steps=50 --set method.ours.use_load_norm=true --set method.ours.lambda_align=2.430985345e-05 --set train.grad_clip=0.8874671569 --set train.lr=4.233346635e-05 --set train.weight_decay=0.02576137036 --out /home/zhujjing/MOE-grad-conflict-routing/runs/paper_suite/single_gpu/single_task/roberta_mrpc_ffn_e4_k2/hpo/ours/trial_runs/coord_04_method_ours_lambda_align_005/ours_s3.json --curve_out /home/zhujjing/MOE-grad-conflict-routing/runs/paper_suite/single_gpu/single_task/roberta_mrpc_ffn_e4_k2/hpo/ours/trial_runs/coord_04_method_ours_lambda_align_005/ours_s3_curve.csv
Using the latest cached version of the dataset since glue couldn't be found on the Hugging Face Hub (offline mode is enabled).
Found the latest cached dataset configuration 'mrpc' at /home/zhujjing/hf_cache/datasets/glue/mrpc/0.0.0/bcdcba79d07bc864c1c254ccfcedcce55bcc9a8c (last modified on Thu Mar 19 15:01:06 2026).
/home/zhujjing/anaconda3/envs/moe/lib/python3.10/site-packages/transformers/utils/hub.py:124: FutureWarning: Using `TRANSFORMERS_CACHE` is deprecated and will be removed in v5 of Transformers. Use `HF_HOME` instead.
  warnings.warn(
Some weights of RobertaModel were not initialized from the model checkpoint at roberta-base and are newly initialized: ['roberta.pooler.dense.bias', 'roberta.pooler.dense.weight']
You should probably TRAIN this model on a down-stream task to be able to use it for predictions and inference.
[step 0001/150] method=ours loss=0.6752 train_acc=nan train_loss=nan val_acc=nan val_loss=nan best=-1.0000
[step 0010/150] method=ours loss=0.7689 train_acc=nan train_loss=nan val_acc=nan val_loss=nan best=-1.0000
[step 0020/150] method=ours loss=0.7011 train_acc=nan train_loss=nan val_acc=nan val_loss=nan best=-1.0000
[step 0030/150] method=ours loss=0.5003 train_acc=nan train_loss=nan val_acc=nan val_loss=nan best=-1.0000
[step 0040/150] method=ours loss=0.6400 train_acc=nan train_loss=nan val_acc=nan val_loss=nan best=-1.0000
[step 0050/150] method=ours loss=0.4730 train_acc=0.7347 train_loss=0.5032 val_acc=0.7083 val_loss=0.4967 router_H=0.5601 best=0.7083
           router_load=[0.28246644139289856, 0.00027385581051930785, 0.7172595858573914, 0.0]
[step 0060/150] method=ours loss=0.4683 train_acc=0.7347 train_loss=0.5032 val_acc=0.7083 val_loss=0.4967 router_H=0.5601 best=0.7083
           router_load=[0.28246644139289856, 0.00027385581051930785, 0.7172595858573914, 0.0]
[step 0070/150] method=ours loss=0.5346 train_acc=0.7347 train_loss=0.5032 val_acc=0.7083 val_loss=0.4967 router_H=0.5601 best=0.7083
           router_load=[0.28246644139289856, 0.00027385581051930785, 0.7172595858573914, 0.0]
[step 0080/150] method=ours loss=0.4407 train_acc=0.7347 train_loss=0.5032 val_acc=0.7083 val_loss=0.4967 router_H=0.5601 best=0.7083
           router_load=[0.28246644139289856, 0.00027385581051930785, 0.7172595858573914, 0.0]
[step 0090/150] method=ours loss=0.3923 train_acc=0.7347 train_loss=0.5032 val_acc=0.7083 val_loss=0.4967 router_H=0.5601 best=0.7083
           router_load=[0.28246644139289856, 0.00027385581051930785, 0.7172595858573914, 0.0]
[step 0100/150] method=ours loss=0.4414 train_acc=0.8280 train_loss=0.4166 val_acc=0.8186 val_loss=0.4134 router_H=0.4056 best=0.8186
           router_load=[0.13111205399036407, 0.014022273942828178, 0.8212300539016724, 0.03363572433590889]
[step 0110/150] method=ours loss=0.5566 train_acc=0.8280 train_loss=0.4166 val_acc=0.8186 val_loss=0.4134 router_H=0.4056 best=0.8186
           router_load=[0.13111205399036407, 0.014022273942828178, 0.8212300539016724, 0.03363572433590889]
[step 0120/150] method=ours loss=0.3855 train_acc=0.8280 train_loss=0.4166 val_acc=0.8186 val_loss=0.4134 router_H=0.4056 best=0.8186
           router_load=[0.13111205399036407, 0.014022273942828178, 0.8212300539016724, 0.03363572433590889]
[step 0130/150] method=ours loss=0.9247 train_acc=0.8280 train_loss=0.4166 val_acc=0.8186 val_loss=0.4134 router_H=0.4056 best=0.8186
           router_load=[0.13111205399036407, 0.014022273942828178, 0.8212300539016724, 0.03363572433590889]
[step 0140/150] method=ours loss=0.3845 train_acc=0.8280 train_loss=0.4166 val_acc=0.8186 val_loss=0.4134 router_H=0.4056 best=0.8186
           router_load=[0.13111205399036407, 0.014022273942828178, 0.8212300539016724, 0.03363572433590889]
[step 0150/150] method=ours loss=0.5173 train_acc=0.8642 train_loss=0.3646 val_acc=0.8554 val_loss=0.3742 router_H=0.6711 best=0.8554
           router_load=[0.42160564661026, 0.0, 0.5783944129943848, 0.0]
saved summary -> /home/zhujjing/MOE-grad-conflict-routing/runs/paper_suite/single_gpu/single_task/roberta_mrpc_ffn_e4_k2/hpo/ours/trial_runs/coord_04_method_ours_lambda_align_005/ours_s3.json
saved curve -> /home/zhujjing/MOE-grad-conflict-routing/runs/paper_suite/single_gpu/single_task/roberta_mrpc_ffn_e4_k2/hpo/ours/trial_runs/coord_04_method_ours_lambda_align_005/ours_s3_curve.csv
