[run] method=ours candidate=coord_04_method_ours_lambda_align_014 seed=2 steps=150 gpu=0
[run] cmd=
/home/zhujjing/anaconda3/envs/moe/bin/python /home/zhujjing/MOE-grad-conflict-routing/scripts/run.py --config configs/singletask_mrpc_real.yaml --set model.backbone_backend=hf --set model.hf_load_pretrained=true --set model.backbone=roberta --set model.hf_pretrained_name=roberta-base --set model.expert_type=ffn --set model.routing_mode=topk --set model.num_experts=4 --set model.top_k=2 --set seed=2 --set method.name=ours --set train.steps=150 --set train.eval_every_steps=50 --set method.ours.use_load_norm=true --set method.ours.lambda_align=0.0004542517577 --set train.grad_clip=0.8874671569 --set train.lr=4.233346635e-05 --set train.weight_decay=0.02576137036 --out /home/zhujjing/MOE-grad-conflict-routing/runs/paper_suite/single_gpu/single_task/roberta_mrpc_ffn_e4_k2/hpo/ours/trial_runs/coord_04_method_ours_lambda_align_014/ours_s2.json --curve_out /home/zhujjing/MOE-grad-conflict-routing/runs/paper_suite/single_gpu/single_task/roberta_mrpc_ffn_e4_k2/hpo/ours/trial_runs/coord_04_method_ours_lambda_align_014/ours_s2_curve.csv
Using the latest cached version of the dataset since glue couldn't be found on the Hugging Face Hub (offline mode is enabled).
Found the latest cached dataset configuration 'mrpc' at /home/zhujjing/hf_cache/datasets/glue/mrpc/0.0.0/bcdcba79d07bc864c1c254ccfcedcce55bcc9a8c (last modified on Thu Mar 19 15:01:06 2026).
/home/zhujjing/anaconda3/envs/moe/lib/python3.10/site-packages/transformers/utils/hub.py:124: FutureWarning: Using `TRANSFORMERS_CACHE` is deprecated and will be removed in v5 of Transformers. Use `HF_HOME` instead.
  warnings.warn(
Some weights of RobertaModel were not initialized from the model checkpoint at roberta-base and are newly initialized: ['roberta.pooler.dense.bias', 'roberta.pooler.dense.weight']
You should probably TRAIN this model on a down-stream task to be able to use it for predictions and inference.
[step 0001/150] method=ours loss=0.7059 train_acc=nan train_loss=nan val_acc=nan val_loss=nan best=-1.0000
[step 0010/150] method=ours loss=0.6918 train_acc=nan train_loss=nan val_acc=nan val_loss=nan best=-1.0000
[step 0020/150] method=ours loss=0.6325 train_acc=nan train_loss=nan val_acc=nan val_loss=nan best=-1.0000
[step 0030/150] method=ours loss=0.6144 train_acc=nan train_loss=nan val_acc=nan val_loss=nan best=-1.0000
[step 0040/150] method=ours loss=0.5597 train_acc=nan train_loss=nan val_acc=nan val_loss=nan best=-1.0000
[step 0050/150] method=ours loss=0.5687 train_acc=0.6938 train_loss=0.5961 val_acc=0.6936 val_loss=0.5977 router_H=0.3055 best=0.6936
           router_load=[0.9030938148498535, 0.001167173613794148, 0.0, 0.09573899209499359]
[step 0060/150] method=ours loss=0.6365 train_acc=0.6938 train_loss=0.5961 val_acc=0.6936 val_loss=0.5977 router_H=0.3055 best=0.6936
           router_load=[0.9030938148498535, 0.001167173613794148, 0.0, 0.09573899209499359]
[step 0070/150] method=ours loss=0.3850 train_acc=0.6938 train_loss=0.5961 val_acc=0.6936 val_loss=0.5977 router_H=0.3055 best=0.6936
           router_load=[0.9030938148498535, 0.001167173613794148, 0.0, 0.09573899209499359]
[step 0080/150] method=ours loss=0.5012 train_acc=0.6938 train_loss=0.5961 val_acc=0.6936 val_loss=0.5977 router_H=0.3055 best=0.6936
           router_load=[0.9030938148498535, 0.001167173613794148, 0.0, 0.09573899209499359]
[step 0090/150] method=ours loss=0.3787 train_acc=0.6938 train_loss=0.5961 val_acc=0.6936 val_loss=0.5977 router_H=0.3055 best=0.6936
           router_load=[0.9030938148498535, 0.001167173613794148, 0.0, 0.09573899209499359]
[step 0100/150] method=ours loss=0.4114 train_acc=0.8231 train_loss=0.4046 val_acc=0.8529 val_loss=0.3946 router_H=0.5076 best=0.8529
           router_load=[0.7200464606285095, 0.010341358371078968, 0.03220845386385918, 0.23740379512310028]
[step 0110/150] method=ours loss=0.5259 train_acc=0.8231 train_loss=0.4046 val_acc=0.8529 val_loss=0.3946 router_H=0.5076 best=0.8529
           router_load=[0.7200464606285095, 0.010341358371078968, 0.03220845386385918, 0.23740379512310028]
[step 0120/150] method=ours loss=0.3903 train_acc=0.8231 train_loss=0.4046 val_acc=0.8529 val_loss=0.3946 router_H=0.5076 best=0.8529
           router_load=[0.7200464606285095, 0.010341358371078968, 0.03220845386385918, 0.23740379512310028]
[step 0130/150] method=ours loss=0.6754 train_acc=0.8231 train_loss=0.4046 val_acc=0.8529 val_loss=0.3946 router_H=0.5076 best=0.8529
           router_load=[0.7200464606285095, 0.010341358371078968, 0.03220845386385918, 0.23740379512310028]
[step 0140/150] method=ours loss=0.2565 train_acc=0.8231 train_loss=0.4046 val_acc=0.8529 val_loss=0.3946 router_H=0.5076 best=0.8529
           router_load=[0.7200464606285095, 0.010341358371078968, 0.03220845386385918, 0.23740379512310028]
[step 0150/150] method=ours loss=0.6563 train_acc=0.8460 train_loss=0.4142 val_acc=0.8260 val_loss=0.4557 router_H=0.3832 best=0.8529
           router_load=[0.751309871673584, 0.08325180411338806, 0.04952177032828331, 0.11591663211584091]
saved summary -> /home/zhujjing/MOE-grad-conflict-routing/runs/paper_suite/single_gpu/single_task/roberta_mrpc_ffn_e4_k2/hpo/ours/trial_runs/coord_04_method_ours_lambda_align_014/ours_s2.json
saved curve -> /home/zhujjing/MOE-grad-conflict-routing/runs/paper_suite/single_gpu/single_task/roberta_mrpc_ffn_e4_k2/hpo/ours/trial_runs/coord_04_method_ours_lambda_align_014/ours_s2_curve.csv
