[run] method=ours candidate=coord_04_method_ours_lambda_align_000 seed=3 steps=150 gpu=0
[run] cmd=
/home/zhujjing/anaconda3/envs/moe/bin/python /home/zhujjing/MOE-grad-conflict-routing/scripts/run.py --config configs/singletask_mrpc_real.yaml --set model.backbone_backend=hf --set model.hf_load_pretrained=true --set model.backbone=roberta --set model.hf_pretrained_name=roberta-base --set model.expert_type=ffn --set model.routing_mode=topk --set model.num_experts=4 --set model.top_k=2 --set seed=3 --set method.name=ours --set train.steps=150 --set train.eval_every_steps=50 --set method.ours.use_load_norm=true --set method.ours.lambda_align=0.0002085502775 --set train.grad_clip=0.8874671569 --set train.lr=4.233346635e-05 --set train.weight_decay=0.02576137036 --out /home/zhujjing/MOE-grad-conflict-routing/runs/paper_suite/single_gpu/single_task/roberta_mrpc_ffn_e4_k2/hpo/ours/trial_runs/coord_04_method_ours_lambda_align_000/ours_s3.json --curve_out /home/zhujjing/MOE-grad-conflict-routing/runs/paper_suite/single_gpu/single_task/roberta_mrpc_ffn_e4_k2/hpo/ours/trial_runs/coord_04_method_ours_lambda_align_000/ours_s3_curve.csv
Using the latest cached version of the dataset since glue couldn't be found on the Hugging Face Hub (offline mode is enabled).
Found the latest cached dataset configuration 'mrpc' at /home/zhujjing/hf_cache/datasets/glue/mrpc/0.0.0/bcdcba79d07bc864c1c254ccfcedcce55bcc9a8c (last modified on Thu Mar 19 15:01:06 2026).
/home/zhujjing/anaconda3/envs/moe/lib/python3.10/site-packages/transformers/utils/hub.py:124: FutureWarning: Using `TRANSFORMERS_CACHE` is deprecated and will be removed in v5 of Transformers. Use `HF_HOME` instead.
  warnings.warn(
Some weights of RobertaModel were not initialized from the model checkpoint at roberta-base and are newly initialized: ['roberta.pooler.dense.bias', 'roberta.pooler.dense.weight']
You should probably TRAIN this model on a down-stream task to be able to use it for predictions and inference.
[step 0001/150] method=ours loss=0.6862 train_acc=nan train_loss=nan val_acc=nan val_loss=nan best=-1.0000
[step 0010/150] method=ours loss=0.6865 train_acc=nan train_loss=nan val_acc=nan val_loss=nan best=-1.0000
[step 0020/150] method=ours loss=0.6284 train_acc=nan train_loss=nan val_acc=nan val_loss=nan best=-1.0000
[step 0030/150] method=ours loss=0.5286 train_acc=nan train_loss=nan val_acc=nan val_loss=nan best=-1.0000
[step 0040/150] method=ours loss=0.5874 train_acc=nan train_loss=nan val_acc=nan val_loss=nan best=-1.0000
[step 0050/150] method=ours loss=0.3401 train_acc=0.7901 train_loss=0.4443 val_acc=0.8039 val_loss=0.4290 router_H=0.1884 best=0.8039
           router_load=[0.013948588632047176, 0.005505731329321861, 0.9492942094802856, 0.03125153109431267]
[step 0060/150] method=ours loss=0.4563 train_acc=0.7901 train_loss=0.4443 val_acc=0.8039 val_loss=0.4290 router_H=0.1884 best=0.8039
           router_load=[0.013948588632047176, 0.005505731329321861, 0.9492942094802856, 0.03125153109431267]
[step 0070/150] method=ours loss=0.2785 train_acc=0.7901 train_loss=0.4443 val_acc=0.8039 val_loss=0.4290 router_H=0.1884 best=0.8039
           router_load=[0.013948588632047176, 0.005505731329321861, 0.9492942094802856, 0.03125153109431267]
[step 0080/150] method=ours loss=0.4245 train_acc=0.7901 train_loss=0.4443 val_acc=0.8039 val_loss=0.4290 router_H=0.1884 best=0.8039
           router_load=[0.013948588632047176, 0.005505731329321861, 0.9492942094802856, 0.03125153109431267]
[step 0090/150] method=ours loss=0.5062 train_acc=0.7901 train_loss=0.4443 val_acc=0.8039 val_loss=0.4290 router_H=0.1884 best=0.8039
           router_load=[0.013948588632047176, 0.005505731329321861, 0.9492942094802856, 0.03125153109431267]
[step 0100/150] method=ours loss=0.6872 train_acc=0.8386 train_loss=0.3765 val_acc=0.8064 val_loss=0.4060 router_H=0.2178 best=0.8064
           router_load=[0.008315821178257465, 0.0038377183955162764, 0.9387485384941101, 0.04909796640276909]
[step 0110/150] method=ours loss=0.5489 train_acc=0.8386 train_loss=0.3765 val_acc=0.8064 val_loss=0.4060 router_H=0.2178 best=0.8064
           router_load=[0.008315821178257465, 0.0038377183955162764, 0.9387485384941101, 0.04909796640276909]
[step 0120/150] method=ours loss=0.2541 train_acc=0.8386 train_loss=0.3765 val_acc=0.8064 val_loss=0.4060 router_H=0.2178 best=0.8064
           router_load=[0.008315821178257465, 0.0038377183955162764, 0.9387485384941101, 0.04909796640276909]
[step 0130/150] method=ours loss=0.7170 train_acc=0.8386 train_loss=0.3765 val_acc=0.8064 val_loss=0.4060 router_H=0.2178 best=0.8064
           router_load=[0.008315821178257465, 0.0038377183955162764, 0.9387485384941101, 0.04909796640276909]
[step 0140/150] method=ours loss=0.8464 train_acc=0.8386 train_loss=0.3765 val_acc=0.8064 val_loss=0.4060 router_H=0.2178 best=0.8064
           router_load=[0.008315821178257465, 0.0038377183955162764, 0.9387485384941101, 0.04909796640276909]
[step 0150/150] method=ours loss=0.4234 train_acc=0.8732 train_loss=0.3449 val_acc=0.8652 val_loss=0.3622 router_H=0.3874 best=0.8652
           router_load=[0.0, 0.00019288528710603714, 0.8559160232543945, 0.14389102160930634]
saved summary -> /home/zhujjing/MOE-grad-conflict-routing/runs/paper_suite/single_gpu/single_task/roberta_mrpc_ffn_e4_k2/hpo/ours/trial_runs/coord_04_method_ours_lambda_align_000/ours_s3.json
saved curve -> /home/zhujjing/MOE-grad-conflict-routing/runs/paper_suite/single_gpu/single_task/roberta_mrpc_ffn_e4_k2/hpo/ours/trial_runs/coord_04_method_ours_lambda_align_000/ours_s3_curve.csv
