[run] method=ours candidate=coord_04_method_ours_lambda_align_001 seed=3 steps=150 gpu=0
[run] cmd=
/home/zhujjing/anaconda3/envs/moe/bin/python /home/zhujjing/MOE-grad-conflict-routing/scripts/run.py --config configs/singletask_mrpc_real.yaml --set model.backbone_backend=hf --set model.hf_load_pretrained=true --set model.backbone=roberta --set model.hf_pretrained_name=roberta-base --set model.expert_type=ffn --set model.routing_mode=topk --set model.num_experts=4 --set model.top_k=2 --set seed=3 --set method.name=ours --set train.steps=150 --set train.eval_every_steps=50 --set method.ours.use_load_norm=true --set method.ours.lambda_align=0.001234687834 --set train.grad_clip=0.8874671569 --set train.lr=4.233346635e-05 --set train.weight_decay=0.02576137036 --out /home/zhujjing/MOE-grad-conflict-routing/runs/paper_suite/single_gpu/single_task/roberta_mrpc_ffn_e4_k2/hpo/ours/trial_runs/coord_04_method_ours_lambda_align_001/ours_s3.json --curve_out /home/zhujjing/MOE-grad-conflict-routing/runs/paper_suite/single_gpu/single_task/roberta_mrpc_ffn_e4_k2/hpo/ours/trial_runs/coord_04_method_ours_lambda_align_001/ours_s3_curve.csv
Using the latest cached version of the dataset since glue couldn't be found on the Hugging Face Hub (offline mode is enabled).
Found the latest cached dataset configuration 'mrpc' at /home/zhujjing/hf_cache/datasets/glue/mrpc/0.0.0/bcdcba79d07bc864c1c254ccfcedcce55bcc9a8c (last modified on Thu Mar 19 15:01:06 2026).
/home/zhujjing/anaconda3/envs/moe/lib/python3.10/site-packages/transformers/utils/hub.py:124: FutureWarning: Using `TRANSFORMERS_CACHE` is deprecated and will be removed in v5 of Transformers. Use `HF_HOME` instead.
  warnings.warn(
Some weights of RobertaModel were not initialized from the model checkpoint at roberta-base and are newly initialized: ['roberta.pooler.dense.bias', 'roberta.pooler.dense.weight']
You should probably TRAIN this model on a down-stream task to be able to use it for predictions and inference.
[step 0001/150] method=ours loss=0.6949 train_acc=nan train_loss=nan val_acc=nan val_loss=nan best=-1.0000
[step 0010/150] method=ours loss=0.6888 train_acc=nan train_loss=nan val_acc=nan val_loss=nan best=-1.0000
[step 0020/150] method=ours loss=0.6703 train_acc=nan train_loss=nan val_acc=nan val_loss=nan best=-1.0000
[step 0030/150] method=ours loss=0.6170 train_acc=nan train_loss=nan val_acc=nan val_loss=nan best=-1.0000
[step 0040/150] method=ours loss=0.6186 train_acc=nan train_loss=nan val_acc=nan val_loss=nan best=-1.0000
[step 0050/150] method=ours loss=0.5768 train_acc=0.7407 train_loss=0.5291 val_acc=0.7206 val_loss=0.5298 router_H=0.3833 best=0.7206
           router_load=[0.7956463694572449, 0.0042144907638430595, 0.07091790437698364, 0.1292213648557663]
[step 0060/150] method=ours loss=0.5945 train_acc=0.7407 train_loss=0.5291 val_acc=0.7206 val_loss=0.5298 router_H=0.3833 best=0.7206
           router_load=[0.7956463694572449, 0.0042144907638430595, 0.07091790437698364, 0.1292213648557663]
[step 0070/150] method=ours loss=0.5744 train_acc=0.7407 train_loss=0.5291 val_acc=0.7206 val_loss=0.5298 router_H=0.3833 best=0.7206
           router_load=[0.7956463694572449, 0.0042144907638430595, 0.07091790437698364, 0.1292213648557663]
[step 0080/150] method=ours loss=0.6196 train_acc=0.7407 train_loss=0.5291 val_acc=0.7206 val_loss=0.5298 router_H=0.3833 best=0.7206
           router_load=[0.7956463694572449, 0.0042144907638430595, 0.07091790437698364, 0.1292213648557663]
[step 0090/150] method=ours loss=0.6208 train_acc=0.7407 train_loss=0.5291 val_acc=0.7206 val_loss=0.5298 router_H=0.3833 best=0.7206
           router_load=[0.7956463694572449, 0.0042144907638430595, 0.07091790437698364, 0.1292213648557663]
[step 0100/150] method=ours loss=0.5202 train_acc=0.7863 train_loss=0.4349 val_acc=0.7819 val_loss=0.4485 router_H=0.5611 best=0.7819
           router_load=[0.6115802526473999, 0.0, 0.17342227697372437, 0.21499742567539215]
[step 0110/150] method=ours loss=0.4111 train_acc=0.7863 train_loss=0.4349 val_acc=0.7819 val_loss=0.4485 router_H=0.5611 best=0.7819
           router_load=[0.6115802526473999, 0.0, 0.17342227697372437, 0.21499742567539215]
[step 0120/150] method=ours loss=0.2937 train_acc=0.7863 train_loss=0.4349 val_acc=0.7819 val_loss=0.4485 router_H=0.5611 best=0.7819
           router_load=[0.6115802526473999, 0.0, 0.17342227697372437, 0.21499742567539215]
[step 0130/150] method=ours loss=0.4100 train_acc=0.7863 train_loss=0.4349 val_acc=0.7819 val_loss=0.4485 router_H=0.5611 best=0.7819
           router_load=[0.6115802526473999, 0.0, 0.17342227697372437, 0.21499742567539215]
[step 0140/150] method=ours loss=0.5242 train_acc=0.7863 train_loss=0.4349 val_acc=0.7819 val_loss=0.4485 router_H=0.5611 best=0.7819
           router_load=[0.6115802526473999, 0.0, 0.17342227697372437, 0.21499742567539215]
[step 0150/150] method=ours loss=0.8208 train_acc=0.7996 train_loss=0.5026 val_acc=0.7696 val_loss=0.5239 router_H=0.6257 best=0.7819
           router_load=[0.6587210297584534, 0.0, 0.33895671367645264, 0.0023223047610372305]
saved summary -> /home/zhujjing/MOE-grad-conflict-routing/runs/paper_suite/single_gpu/single_task/roberta_mrpc_ffn_e4_k2/hpo/ours/trial_runs/coord_04_method_ours_lambda_align_001/ours_s3.json
saved curve -> /home/zhujjing/MOE-grad-conflict-routing/runs/paper_suite/single_gpu/single_task/roberta_mrpc_ffn_e4_k2/hpo/ours/trial_runs/coord_04_method_ours_lambda_align_001/ours_s3_curve.csv
