[run] method=ours candidate=coord_04_method_ours_lambda_align_002 seed=3 steps=150 gpu=0
[run] cmd=
/home/zhujjing/anaconda3/envs/moe/bin/python /home/zhujjing/MOE-grad-conflict-routing/scripts/run.py --config configs/singletask_mrpc_real.yaml --set model.backbone_backend=hf --set model.hf_load_pretrained=true --set model.backbone=roberta --set model.hf_pretrained_name=roberta-base --set model.expert_type=ffn --set model.routing_mode=topk --set model.num_experts=4 --set model.top_k=2 --set seed=3 --set method.name=ours --set train.steps=150 --set train.eval_every_steps=50 --set method.ours.use_load_norm=true --set method.ours.lambda_align=0.0002878913241 --set train.grad_clip=0.8874671569 --set train.lr=4.233346635e-05 --set train.weight_decay=0.02576137036 --out /home/zhujjing/MOE-grad-conflict-routing/runs/paper_suite/single_gpu/single_task/roberta_mrpc_ffn_e4_k2/hpo/ours/trial_runs/coord_04_method_ours_lambda_align_002/ours_s3.json --curve_out /home/zhujjing/MOE-grad-conflict-routing/runs/paper_suite/single_gpu/single_task/roberta_mrpc_ffn_e4_k2/hpo/ours/trial_runs/coord_04_method_ours_lambda_align_002/ours_s3_curve.csv
Using the latest cached version of the dataset since glue couldn't be found on the Hugging Face Hub (offline mode is enabled).
Found the latest cached dataset configuration 'mrpc' at /home/zhujjing/hf_cache/datasets/glue/mrpc/0.0.0/bcdcba79d07bc864c1c254ccfcedcce55bcc9a8c (last modified on Thu Mar 19 15:01:06 2026).
/home/zhujjing/anaconda3/envs/moe/lib/python3.10/site-packages/transformers/utils/hub.py:124: FutureWarning: Using `TRANSFORMERS_CACHE` is deprecated and will be removed in v5 of Transformers. Use `HF_HOME` instead.
  warnings.warn(
Some weights of RobertaModel were not initialized from the model checkpoint at roberta-base and are newly initialized: ['roberta.pooler.dense.bias', 'roberta.pooler.dense.weight']
You should probably TRAIN this model on a down-stream task to be able to use it for predictions and inference.
[step 0001/150] method=ours loss=0.6932 train_acc=nan train_loss=nan val_acc=nan val_loss=nan best=-1.0000
[step 0010/150] method=ours loss=0.7842 train_acc=nan train_loss=nan val_acc=nan val_loss=nan best=-1.0000
[step 0020/150] method=ours loss=0.6828 train_acc=nan train_loss=nan val_acc=nan val_loss=nan best=-1.0000
[step 0030/150] method=ours loss=0.5469 train_acc=nan train_loss=nan val_acc=nan val_loss=nan best=-1.0000
[step 0040/150] method=ours loss=0.7049 train_acc=nan train_loss=nan val_acc=nan val_loss=nan best=-1.0000
[step 0050/150] method=ours loss=0.4958 train_acc=0.7456 train_loss=0.5315 val_acc=0.7500 val_loss=0.5290 router_H=0.4320 best=0.7500
           router_load=[0.025836918503046036, 0.1483864188194275, 0.7844627499580383, 0.04131399467587471]
[step 0060/150] method=ours loss=0.5230 train_acc=0.7456 train_loss=0.5315 val_acc=0.7500 val_loss=0.5290 router_H=0.4320 best=0.7500
           router_load=[0.025836918503046036, 0.1483864188194275, 0.7844627499580383, 0.04131399467587471]
[step 0070/150] method=ours loss=0.3673 train_acc=0.7456 train_loss=0.5315 val_acc=0.7500 val_loss=0.5290 router_H=0.4320 best=0.7500
           router_load=[0.025836918503046036, 0.1483864188194275, 0.7844627499580383, 0.04131399467587471]
[step 0080/150] method=ours loss=0.6957 train_acc=0.7456 train_loss=0.5315 val_acc=0.7500 val_loss=0.5290 router_H=0.4320 best=0.7500
           router_load=[0.025836918503046036, 0.1483864188194275, 0.7844627499580383, 0.04131399467587471]
[step 0090/150] method=ours loss=0.5548 train_acc=0.7456 train_loss=0.5315 val_acc=0.7500 val_loss=0.5290 router_H=0.4320 best=0.7500
           router_load=[0.025836918503046036, 0.1483864188194275, 0.7844627499580383, 0.04131399467587471]
[step 0100/150] method=ours loss=0.4985 train_acc=0.8342 train_loss=0.4295 val_acc=0.8113 val_loss=0.4498 router_H=0.5857 best=0.8113
           router_load=[0.1245604157447815, 0.2083730697631836, 0.640408456325531, 0.026658039540052414]
[step 0110/150] method=ours loss=0.4628 train_acc=0.8342 train_loss=0.4295 val_acc=0.8113 val_loss=0.4498 router_H=0.5857 best=0.8113
           router_load=[0.1245604157447815, 0.2083730697631836, 0.640408456325531, 0.026658039540052414]
[step 0120/150] method=ours loss=0.3919 train_acc=0.8342 train_loss=0.4295 val_acc=0.8113 val_loss=0.4498 router_H=0.5857 best=0.8113
           router_load=[0.1245604157447815, 0.2083730697631836, 0.640408456325531, 0.026658039540052414]
[step 0130/150] method=ours loss=0.5593 train_acc=0.8342 train_loss=0.4295 val_acc=0.8113 val_loss=0.4498 router_H=0.5857 best=0.8113
           router_load=[0.1245604157447815, 0.2083730697631836, 0.640408456325531, 0.026658039540052414]
[step 0140/150] method=ours loss=0.5068 train_acc=0.8342 train_loss=0.4295 val_acc=0.8113 val_loss=0.4498 router_H=0.5857 best=0.8113
           router_load=[0.1245604157447815, 0.2083730697631836, 0.640408456325531, 0.026658039540052414]
[step 0150/150] method=ours loss=0.4408 train_acc=0.8511 train_loss=0.3626 val_acc=0.8162 val_loss=0.4153 router_H=0.4992 best=0.8162
           router_load=[0.07148738205432892, 0.27142661809921265, 0.6570859551429749, 0.0]
saved summary -> /home/zhujjing/MOE-grad-conflict-routing/runs/paper_suite/single_gpu/single_task/roberta_mrpc_ffn_e4_k2/hpo/ours/trial_runs/coord_04_method_ours_lambda_align_002/ours_s3.json
saved curve -> /home/zhujjing/MOE-grad-conflict-routing/runs/paper_suite/single_gpu/single_task/roberta_mrpc_ffn_e4_k2/hpo/ours/trial_runs/coord_04_method_ours_lambda_align_002/ours_s3_curve.csv
