[run] method=ours candidate=coord_04_anchor seed=2 steps=150 gpu=0
[run] cmd=
/home/zhujjing/anaconda3/envs/moe/bin/python /home/zhujjing/MOE-grad-conflict-routing/scripts/run.py --config configs/singletask_mrpc_real.yaml --set model.backbone_backend=hf --set model.hf_load_pretrained=true --set model.backbone=roberta --set model.hf_pretrained_name=roberta-base --set model.expert_type=ffn --set model.routing_mode=topk --set model.num_experts=4 --set model.top_k=2 --set seed=2 --set method.name=ours --set train.steps=150 --set train.eval_every_steps=50 --set method.ours.use_load_norm=true --set method.ours.lambda_align=0.001 --set train.grad_clip=0.8874671569 --set train.lr=4.233346635e-05 --set train.weight_decay=0.02576137036 --out /home/zhujjing/MOE-grad-conflict-routing/runs/paper_suite/single_gpu/single_task/roberta_mrpc_ffn_e4_k2/hpo/ours/trial_runs/coord_04_anchor/ours_s2.json --curve_out /home/zhujjing/MOE-grad-conflict-routing/runs/paper_suite/single_gpu/single_task/roberta_mrpc_ffn_e4_k2/hpo/ours/trial_runs/coord_04_anchor/ours_s2_curve.csv
Using the latest cached version of the dataset since glue couldn't be found on the Hugging Face Hub (offline mode is enabled).
Found the latest cached dataset configuration 'mrpc' at /home/zhujjing/hf_cache/datasets/glue/mrpc/0.0.0/bcdcba79d07bc864c1c254ccfcedcce55bcc9a8c (last modified on Thu Mar 19 15:01:06 2026).
/home/zhujjing/anaconda3/envs/moe/lib/python3.10/site-packages/transformers/utils/hub.py:124: FutureWarning: Using `TRANSFORMERS_CACHE` is deprecated and will be removed in v5 of Transformers. Use `HF_HOME` instead.
  warnings.warn(
Some weights of RobertaModel were not initialized from the model checkpoint at roberta-base and are newly initialized: ['roberta.pooler.dense.bias', 'roberta.pooler.dense.weight']
You should probably TRAIN this model on a down-stream task to be able to use it for predictions and inference.
[step 0001/150] method=ours loss=0.6704 train_acc=nan train_loss=nan val_acc=nan val_loss=nan best=-1.0000
[step 0010/150] method=ours loss=0.7230 train_acc=nan train_loss=nan val_acc=nan val_loss=nan best=-1.0000
[step 0020/150] method=ours loss=0.6062 train_acc=nan train_loss=nan val_acc=nan val_loss=nan best=-1.0000
[step 0030/150] method=ours loss=0.6362 train_acc=nan train_loss=nan val_acc=nan val_loss=nan best=-1.0000
[step 0040/150] method=ours loss=0.5801 train_acc=nan train_loss=nan val_acc=nan val_loss=nan best=-1.0000
[step 0050/150] method=ours loss=0.4467 train_acc=0.7312 train_loss=0.4941 val_acc=0.7426 val_loss=0.4766 router_H=0.6394 best=0.7426
           router_load=[0.18809664249420166, 0.0212100762873888, 0.5693093538284302, 0.2213839292526245]
[step 0060/150] method=ours loss=0.6119 train_acc=0.7312 train_loss=0.4941 val_acc=0.7426 val_loss=0.4766 router_H=0.6394 best=0.7426
           router_load=[0.18809664249420166, 0.0212100762873888, 0.5693093538284302, 0.2213839292526245]
[step 0070/150] method=ours loss=0.3022 train_acc=0.7312 train_loss=0.4941 val_acc=0.7426 val_loss=0.4766 router_H=0.6394 best=0.7426
           router_load=[0.18809664249420166, 0.0212100762873888, 0.5693093538284302, 0.2213839292526245]
[step 0080/150] method=ours loss=0.3211 train_acc=0.7312 train_loss=0.4941 val_acc=0.7426 val_loss=0.4766 router_H=0.6394 best=0.7426
           router_load=[0.18809664249420166, 0.0212100762873888, 0.5693093538284302, 0.2213839292526245]
[step 0090/150] method=ours loss=0.5278 train_acc=0.7312 train_loss=0.4941 val_acc=0.7426 val_loss=0.4766 router_H=0.6394 best=0.7426
           router_load=[0.18809664249420166, 0.0212100762873888, 0.5693093538284302, 0.2213839292526245]
[step 0100/150] method=ours loss=0.5417 train_acc=0.8059 train_loss=0.4833 val_acc=0.8309 val_loss=0.4673 router_H=0.6866 best=0.8309
           router_load=[0.4784577786922455, 0.07782762497663498, 0.44371452927589417, 0.0]
[step 0110/150] method=ours loss=0.6990 train_acc=0.8059 train_loss=0.4833 val_acc=0.8309 val_loss=0.4673 router_H=0.6866 best=0.8309
           router_load=[0.4784577786922455, 0.07782762497663498, 0.44371452927589417, 0.0]
[step 0120/150] method=ours loss=0.2221 train_acc=0.8059 train_loss=0.4833 val_acc=0.8309 val_loss=0.4673 router_H=0.6866 best=0.8309
           router_load=[0.4784577786922455, 0.07782762497663498, 0.44371452927589417, 0.0]
[step 0130/150] method=ours loss=0.7185 train_acc=0.8059 train_loss=0.4833 val_acc=0.8309 val_loss=0.4673 router_H=0.6866 best=0.8309
           router_load=[0.4784577786922455, 0.07782762497663498, 0.44371452927589417, 0.0]
[step 0140/150] method=ours loss=0.4757 train_acc=0.8059 train_loss=0.4833 val_acc=0.8309 val_loss=0.4673 router_H=0.6866 best=0.8309
           router_load=[0.4784577786922455, 0.07782762497663498, 0.44371452927589417, 0.0]
[step 0150/150] method=ours loss=0.9003 train_acc=0.8337 train_loss=0.5104 val_acc=0.8260 val_loss=0.5585 router_H=0.5617 best=0.8309
           router_load=[0.3200089931488037, 0.0, 0.6429250240325928, 0.03706599771976471]
saved summary -> /home/zhujjing/MOE-grad-conflict-routing/runs/paper_suite/single_gpu/single_task/roberta_mrpc_ffn_e4_k2/hpo/ours/trial_runs/coord_04_anchor/ours_s2.json
saved curve -> /home/zhujjing/MOE-grad-conflict-routing/runs/paper_suite/single_gpu/single_task/roberta_mrpc_ffn_e4_k2/hpo/ours/trial_runs/coord_04_anchor/ours_s2_curve.csv
