[run] method=ours candidate=coord_04_method_ours_lambda_align_008 seed=3 steps=150 gpu=0
[run] cmd=
/home/zhujjing/anaconda3/envs/moe/bin/python /home/zhujjing/MOE-grad-conflict-routing/scripts/run.py --config configs/singletask_mrpc_real.yaml --set model.backbone_backend=hf --set model.hf_load_pretrained=true --set model.backbone=roberta --set model.hf_pretrained_name=roberta-base --set model.expert_type=ffn --set model.routing_mode=topk --set model.num_experts=4 --set model.top_k=2 --set seed=3 --set method.name=ours --set train.steps=150 --set train.eval_every_steps=50 --set method.ours.use_load_norm=true --set method.ours.lambda_align=0.0001328949179 --set train.grad_clip=0.8874671569 --set train.lr=4.233346635e-05 --set train.weight_decay=0.02576137036 --out /home/zhujjing/MOE-grad-conflict-routing/runs/paper_suite/single_gpu/single_task/roberta_mrpc_ffn_e4_k2/hpo/ours/trial_runs/coord_04_method_ours_lambda_align_008/ours_s3.json --curve_out /home/zhujjing/MOE-grad-conflict-routing/runs/paper_suite/single_gpu/single_task/roberta_mrpc_ffn_e4_k2/hpo/ours/trial_runs/coord_04_method_ours_lambda_align_008/ours_s3_curve.csv
Using the latest cached version of the dataset since glue couldn't be found on the Hugging Face Hub (offline mode is enabled).
Found the latest cached dataset configuration 'mrpc' at /home/zhujjing/hf_cache/datasets/glue/mrpc/0.0.0/bcdcba79d07bc864c1c254ccfcedcce55bcc9a8c (last modified on Thu Mar 19 15:01:06 2026).
/home/zhujjing/anaconda3/envs/moe/lib/python3.10/site-packages/transformers/utils/hub.py:124: FutureWarning: Using `TRANSFORMERS_CACHE` is deprecated and will be removed in v5 of Transformers. Use `HF_HOME` instead.
  warnings.warn(
Some weights of RobertaModel were not initialized from the model checkpoint at roberta-base and are newly initialized: ['roberta.pooler.dense.bias', 'roberta.pooler.dense.weight']
You should probably TRAIN this model on a down-stream task to be able to use it for predictions and inference.
[step 0001/150] method=ours loss=0.6830 train_acc=nan train_loss=nan val_acc=nan val_loss=nan best=-1.0000
[step 0010/150] method=ours loss=0.6690 train_acc=nan train_loss=nan val_acc=nan val_loss=nan best=-1.0000
[step 0020/150] method=ours loss=0.6631 train_acc=nan train_loss=nan val_acc=nan val_loss=nan best=-1.0000
[step 0030/150] method=ours loss=0.5199 train_acc=nan train_loss=nan val_acc=nan val_loss=nan best=-1.0000
[step 0040/150] method=ours loss=0.5359 train_acc=nan train_loss=nan val_acc=nan val_loss=nan best=-1.0000
[step 0050/150] method=ours loss=0.5597 train_acc=0.7601 train_loss=0.5306 val_acc=0.7647 val_loss=0.5272 router_H=0.4790 best=0.7647
           router_load=[0.794842541217804, 0.0, 0.07129353284835815, 0.13386394083499908]
[step 0060/150] method=ours loss=0.4911 train_acc=0.7601 train_loss=0.5306 val_acc=0.7647 val_loss=0.5272 router_H=0.4790 best=0.7647
           router_load=[0.794842541217804, 0.0, 0.07129353284835815, 0.13386394083499908]
[step 0070/150] method=ours loss=0.3538 train_acc=0.7601 train_loss=0.5306 val_acc=0.7647 val_loss=0.5272 router_H=0.4790 best=0.7647
           router_load=[0.794842541217804, 0.0, 0.07129353284835815, 0.13386394083499908]
[step 0080/150] method=ours loss=0.4222 train_acc=0.7601 train_loss=0.5306 val_acc=0.7647 val_loss=0.5272 router_H=0.4790 best=0.7647
           router_load=[0.794842541217804, 0.0, 0.07129353284835815, 0.13386394083499908]
[step 0090/150] method=ours loss=0.5773 train_acc=0.7601 train_loss=0.5306 val_acc=0.7647 val_loss=0.5272 router_H=0.4790 best=0.7647
           router_load=[0.794842541217804, 0.0, 0.07129353284835815, 0.13386394083499908]
[step 0100/150] method=ours loss=0.3751 train_acc=0.8195 train_loss=0.4003 val_acc=0.8064 val_loss=0.4265 router_H=0.4304 best=0.8064
           router_load=[0.6622616648674011, 0.0, 0.05973074957728386, 0.27800774574279785]
[step 0110/150] method=ours loss=0.6802 train_acc=0.8195 train_loss=0.4003 val_acc=0.8064 val_loss=0.4265 router_H=0.4304 best=0.8064
           router_load=[0.6622616648674011, 0.0, 0.05973074957728386, 0.27800774574279785]
[step 0120/150] method=ours loss=0.4448 train_acc=0.8195 train_loss=0.4003 val_acc=0.8064 val_loss=0.4265 router_H=0.4304 best=0.8064
           router_load=[0.6622616648674011, 0.0, 0.05973074957728386, 0.27800774574279785]
[step 0130/150] method=ours loss=1.0222 train_acc=0.8195 train_loss=0.4003 val_acc=0.8064 val_loss=0.4265 router_H=0.4304 best=0.8064
           router_load=[0.6622616648674011, 0.0, 0.05973074957728386, 0.27800774574279785]
[step 0140/150] method=ours loss=0.6961 train_acc=0.8195 train_loss=0.4003 val_acc=0.8064 val_loss=0.4265 router_H=0.4304 best=0.8064
           router_load=[0.6622616648674011, 0.0, 0.05973074957728386, 0.27800774574279785]
[step 0150/150] method=ours loss=0.6862 train_acc=0.7571 train_loss=0.4896 val_acc=0.7475 val_loss=0.5104 router_H=0.2744 best=0.8064
           router_load=[0.8978968858718872, 0.0, 0.00088841887190938, 0.10121466219425201]
saved summary -> /home/zhujjing/MOE-grad-conflict-routing/runs/paper_suite/single_gpu/single_task/roberta_mrpc_ffn_e4_k2/hpo/ours/trial_runs/coord_04_method_ours_lambda_align_008/ours_s3.json
saved curve -> /home/zhujjing/MOE-grad-conflict-routing/runs/paper_suite/single_gpu/single_task/roberta_mrpc_ffn_e4_k2/hpo/ours/trial_runs/coord_04_method_ours_lambda_align_008/ours_s3_curve.csv
