[run] method=ours candidate=coord_04_method_ours_lambda_align_003 seed=2 steps=150 gpu=0
[run] cmd=
/home/zhujjing/anaconda3/envs/moe/bin/python /home/zhujjing/MOE-grad-conflict-routing/scripts/run.py --config configs/singletask_mrpc_real.yaml --set model.backbone_backend=hf --set model.hf_load_pretrained=true --set model.backbone=roberta --set model.hf_pretrained_name=roberta-base --set model.expert_type=ffn --set model.routing_mode=topk --set model.num_experts=4 --set model.top_k=2 --set seed=2 --set method.name=ours --set train.steps=150 --set train.eval_every_steps=50 --set method.ours.use_load_norm=true --set method.ours.lambda_align=0.003264950101 --set train.grad_clip=0.8874671569 --set train.lr=4.233346635e-05 --set train.weight_decay=0.02576137036 --out /home/zhujjing/MOE-grad-conflict-routing/runs/paper_suite/single_gpu/single_task/roberta_mrpc_ffn_e4_k2/hpo/ours/trial_runs/coord_04_method_ours_lambda_align_003/ours_s2.json --curve_out /home/zhujjing/MOE-grad-conflict-routing/runs/paper_suite/single_gpu/single_task/roberta_mrpc_ffn_e4_k2/hpo/ours/trial_runs/coord_04_method_ours_lambda_align_003/ours_s2_curve.csv
Using the latest cached version of the dataset since glue couldn't be found on the Hugging Face Hub (offline mode is enabled).
Found the latest cached dataset configuration 'mrpc' at /home/zhujjing/hf_cache/datasets/glue/mrpc/0.0.0/bcdcba79d07bc864c1c254ccfcedcce55bcc9a8c (last modified on Thu Mar 19 15:01:06 2026).
/home/zhujjing/anaconda3/envs/moe/lib/python3.10/site-packages/transformers/utils/hub.py:124: FutureWarning: Using `TRANSFORMERS_CACHE` is deprecated and will be removed in v5 of Transformers. Use `HF_HOME` instead.
  warnings.warn(
Some weights of RobertaModel were not initialized from the model checkpoint at roberta-base and are newly initialized: ['roberta.pooler.dense.bias', 'roberta.pooler.dense.weight']
You should probably TRAIN this model on a down-stream task to be able to use it for predictions and inference.
[step 0001/150] method=ours loss=0.7014 train_acc=nan train_loss=nan val_acc=nan val_loss=nan best=-1.0000
[step 0010/150] method=ours loss=0.6146 train_acc=nan train_loss=nan val_acc=nan val_loss=nan best=-1.0000
[step 0020/150] method=ours loss=0.6954 train_acc=nan train_loss=nan val_acc=nan val_loss=nan best=-1.0000
[step 0030/150] method=ours loss=0.5733 train_acc=nan train_loss=nan val_acc=nan val_loss=nan best=-1.0000
[step 0040/150] method=ours loss=0.5709 train_acc=nan train_loss=nan val_acc=nan val_loss=nan best=-1.0000
[step 0050/150] method=ours loss=0.4867 train_acc=0.7279 train_loss=0.5047 val_acc=0.7255 val_loss=0.5024 router_H=0.4688 best=0.7255
           router_load=[0.26472222805023193, 0.006865822244435549, 0.0, 0.728411853313446]
[step 0060/150] method=ours loss=0.6084 train_acc=0.7279 train_loss=0.5047 val_acc=0.7255 val_loss=0.5024 router_H=0.4688 best=0.7255
           router_load=[0.26472222805023193, 0.006865822244435549, 0.0, 0.728411853313446]
[step 0070/150] method=ours loss=0.2936 train_acc=0.7279 train_loss=0.5047 val_acc=0.7255 val_loss=0.5024 router_H=0.4688 best=0.7255
           router_load=[0.26472222805023193, 0.006865822244435549, 0.0, 0.728411853313446]
[step 0080/150] method=ours loss=0.3646 train_acc=0.7279 train_loss=0.5047 val_acc=0.7255 val_loss=0.5024 router_H=0.4688 best=0.7255
           router_load=[0.26472222805023193, 0.006865822244435549, 0.0, 0.728411853313446]
[step 0090/150] method=ours loss=0.4714 train_acc=0.7279 train_loss=0.5047 val_acc=0.7255 val_loss=0.5024 router_H=0.4688 best=0.7255
           router_load=[0.26472222805023193, 0.006865822244435549, 0.0, 0.728411853313446]
[step 0100/150] method=ours loss=0.4786 train_acc=0.8498 train_loss=0.3403 val_acc=0.8407 val_loss=0.3502 router_H=0.4392 best=0.8407
           router_load=[0.3567770719528198, 0.028542179614305496, 0.0041000861674547195, 0.6105806827545166]
[step 0110/150] method=ours loss=0.7709 train_acc=0.8498 train_loss=0.3403 val_acc=0.8407 val_loss=0.3502 router_H=0.4392 best=0.8407
           router_load=[0.3567770719528198, 0.028542179614305496, 0.0041000861674547195, 0.6105806827545166]
[step 0120/150] method=ours loss=0.4771 train_acc=0.8498 train_loss=0.3403 val_acc=0.8407 val_loss=0.3502 router_H=0.4392 best=0.8407
           router_load=[0.3567770719528198, 0.028542179614305496, 0.0041000861674547195, 0.6105806827545166]
[step 0130/150] method=ours loss=0.5306 train_acc=0.8498 train_loss=0.3403 val_acc=0.8407 val_loss=0.3502 router_H=0.4392 best=0.8407
           router_load=[0.3567770719528198, 0.028542179614305496, 0.0041000861674547195, 0.6105806827545166]
[step 0140/150] method=ours loss=0.2598 train_acc=0.8498 train_loss=0.3403 val_acc=0.8407 val_loss=0.3502 router_H=0.4392 best=0.8407
           router_load=[0.3567770719528198, 0.028542179614305496, 0.0041000861674547195, 0.6105806827545166]
[step 0150/150] method=ours loss=0.8000 train_acc=0.8770 train_loss=0.3214 val_acc=0.8529 val_loss=0.3639 router_H=0.4417 best=0.8529
           router_load=[0.29541903734207153, 0.11449725180864334, 0.004155763890594244, 0.5859279036521912]
saved summary -> /home/zhujjing/MOE-grad-conflict-routing/runs/paper_suite/single_gpu/single_task/roberta_mrpc_ffn_e4_k2/hpo/ours/trial_runs/coord_04_method_ours_lambda_align_003/ours_s2.json
saved curve -> /home/zhujjing/MOE-grad-conflict-routing/runs/paper_suite/single_gpu/single_task/roberta_mrpc_ffn_e4_k2/hpo/ours/trial_runs/coord_04_method_ours_lambda_align_003/ours_s2_curve.csv
