[run] method=ours candidate=coord_04_method_ours_lambda_align_009 seed=3 steps=150 gpu=0
[run] cmd=
/home/zhujjing/anaconda3/envs/moe/bin/python /home/zhujjing/MOE-grad-conflict-routing/scripts/run.py --config configs/singletask_mrpc_real.yaml --set model.backbone_backend=hf --set model.hf_load_pretrained=true --set model.backbone=roberta --set model.hf_pretrained_name=roberta-base --set model.expert_type=ffn --set model.routing_mode=topk --set model.num_experts=4 --set model.top_k=2 --set seed=3 --set method.name=ours --set train.steps=150 --set train.eval_every_steps=50 --set method.ours.use_load_norm=true --set method.ours.lambda_align=0.0002708806329 --set train.grad_clip=0.8874671569 --set train.lr=4.233346635e-05 --set train.weight_decay=0.02576137036 --out /home/zhujjing/MOE-grad-conflict-routing/runs/paper_suite/single_gpu/single_task/roberta_mrpc_ffn_e4_k2/hpo/ours/trial_runs/coord_04_method_ours_lambda_align_009/ours_s3.json --curve_out /home/zhujjing/MOE-grad-conflict-routing/runs/paper_suite/single_gpu/single_task/roberta_mrpc_ffn_e4_k2/hpo/ours/trial_runs/coord_04_method_ours_lambda_align_009/ours_s3_curve.csv
Using the latest cached version of the dataset since glue couldn't be found on the Hugging Face Hub (offline mode is enabled).
Found the latest cached dataset configuration 'mrpc' at /home/zhujjing/hf_cache/datasets/glue/mrpc/0.0.0/bcdcba79d07bc864c1c254ccfcedcce55bcc9a8c (last modified on Thu Mar 19 15:01:06 2026).
/home/zhujjing/anaconda3/envs/moe/lib/python3.10/site-packages/transformers/utils/hub.py:124: FutureWarning: Using `TRANSFORMERS_CACHE` is deprecated and will be removed in v5 of Transformers. Use `HF_HOME` instead.
  warnings.warn(
Some weights of RobertaModel were not initialized from the model checkpoint at roberta-base and are newly initialized: ['roberta.pooler.dense.bias', 'roberta.pooler.dense.weight']
You should probably TRAIN this model on a down-stream task to be able to use it for predictions and inference.
[step 0001/150] method=ours loss=0.7035 train_acc=nan train_loss=nan val_acc=nan val_loss=nan best=-1.0000
[step 0010/150] method=ours loss=0.7241 train_acc=nan train_loss=nan val_acc=nan val_loss=nan best=-1.0000
[step 0020/150] method=ours loss=0.5845 train_acc=nan train_loss=nan val_acc=nan val_loss=nan best=-1.0000
[step 0030/150] method=ours loss=0.5337 train_acc=nan train_loss=nan val_acc=nan val_loss=nan best=-1.0000
[step 0040/150] method=ours loss=0.5627 train_acc=nan train_loss=nan val_acc=nan val_loss=nan best=-1.0000
[step 0050/150] method=ours loss=0.5211 train_acc=0.7822 train_loss=0.4955 val_acc=0.7721 val_loss=0.4794 router_H=0.5950 best=0.7721
           router_load=[0.2754208743572235, 0.6926431059837341, 0.03193607181310654, 0.0]
[step 0060/150] method=ours loss=0.4171 train_acc=0.7822 train_loss=0.4955 val_acc=0.7721 val_loss=0.4794 router_H=0.5950 best=0.7721
           router_load=[0.2754208743572235, 0.6926431059837341, 0.03193607181310654, 0.0]
[step 0070/150] method=ours loss=0.3634 train_acc=0.7822 train_loss=0.4955 val_acc=0.7721 val_loss=0.4794 router_H=0.5950 best=0.7721
           router_load=[0.2754208743572235, 0.6926431059837341, 0.03193607181310654, 0.0]
[step 0080/150] method=ours loss=0.5502 train_acc=0.7822 train_loss=0.4955 val_acc=0.7721 val_loss=0.4794 router_H=0.5950 best=0.7721
           router_load=[0.2754208743572235, 0.6926431059837341, 0.03193607181310654, 0.0]
[step 0090/150] method=ours loss=0.6713 train_acc=0.7822 train_loss=0.4955 val_acc=0.7721 val_loss=0.4794 router_H=0.5950 best=0.7721
           router_load=[0.2754208743572235, 0.6926431059837341, 0.03193607181310654, 0.0]
[step 0100/150] method=ours loss=0.4730 train_acc=0.8391 train_loss=0.4499 val_acc=0.8676 val_loss=0.4396 router_H=0.5933 best=0.8676
           router_load=[0.17883548140525818, 0.7050044536590576, 0.11616009473800659, 0.0]
[step 0110/150] method=ours loss=0.4330 train_acc=0.8391 train_loss=0.4499 val_acc=0.8676 val_loss=0.4396 router_H=0.5933 best=0.8676
           router_load=[0.17883548140525818, 0.7050044536590576, 0.11616009473800659, 0.0]
[step 0120/150] method=ours loss=0.3285 train_acc=0.8391 train_loss=0.4499 val_acc=0.8676 val_loss=0.4396 router_H=0.5933 best=0.8676
           router_load=[0.17883548140525818, 0.7050044536590576, 0.11616009473800659, 0.0]
[step 0130/150] method=ours loss=0.5005 train_acc=0.8391 train_loss=0.4499 val_acc=0.8676 val_loss=0.4396 router_H=0.5933 best=0.8676
           router_load=[0.17883548140525818, 0.7050044536590576, 0.11616009473800659, 0.0]
[step 0140/150] method=ours loss=0.5660 train_acc=0.8391 train_loss=0.4499 val_acc=0.8676 val_loss=0.4396 router_H=0.5933 best=0.8676
           router_load=[0.17883548140525818, 0.7050044536590576, 0.11616009473800659, 0.0]
[step 0150/150] method=ours loss=0.4322 train_acc=0.8686 train_loss=0.3287 val_acc=0.8873 val_loss=0.3069 router_H=0.4531 best=0.8873
           router_load=[0.17310291528701782, 0.8262813687324524, 0.000615749042481184, 0.0]
saved summary -> /home/zhujjing/MOE-grad-conflict-routing/runs/paper_suite/single_gpu/single_task/roberta_mrpc_ffn_e4_k2/hpo/ours/trial_runs/coord_04_method_ours_lambda_align_009/ours_s3.json
saved curve -> /home/zhujjing/MOE-grad-conflict-routing/runs/paper_suite/single_gpu/single_task/roberta_mrpc_ffn_e4_k2/hpo/ours/trial_runs/coord_04_method_ours_lambda_align_009/ours_s3_curve.csv
