[run] method=ours candidate=coord_04_method_ours_lambda_align_003 seed=3 steps=150 gpu=0
[run] cmd=
/home/zhujjing/anaconda3/envs/moe/bin/python /home/zhujjing/MOE-grad-conflict-routing/scripts/run.py --config configs/singletask_mrpc_real.yaml --set model.backbone_backend=hf --set model.hf_load_pretrained=true --set model.backbone=roberta --set model.hf_pretrained_name=roberta-base --set model.expert_type=ffn --set model.routing_mode=topk --set model.num_experts=4 --set model.top_k=2 --set seed=3 --set method.name=ours --set train.steps=150 --set train.eval_every_steps=50 --set method.ours.use_load_norm=true --set method.ours.lambda_align=0.003264950101 --set train.grad_clip=0.8874671569 --set train.lr=4.233346635e-05 --set train.weight_decay=0.02576137036 --out /home/zhujjing/MOE-grad-conflict-routing/runs/paper_suite/single_gpu/single_task/roberta_mrpc_ffn_e4_k2/hpo/ours/trial_runs/coord_04_method_ours_lambda_align_003/ours_s3.json --curve_out /home/zhujjing/MOE-grad-conflict-routing/runs/paper_suite/single_gpu/single_task/roberta_mrpc_ffn_e4_k2/hpo/ours/trial_runs/coord_04_method_ours_lambda_align_003/ours_s3_curve.csv
Using the latest cached version of the dataset since glue couldn't be found on the Hugging Face Hub (offline mode is enabled).
Found the latest cached dataset configuration 'mrpc' at /home/zhujjing/hf_cache/datasets/glue/mrpc/0.0.0/bcdcba79d07bc864c1c254ccfcedcce55bcc9a8c (last modified on Thu Mar 19 15:01:06 2026).
/home/zhujjing/anaconda3/envs/moe/lib/python3.10/site-packages/transformers/utils/hub.py:124: FutureWarning: Using `TRANSFORMERS_CACHE` is deprecated and will be removed in v5 of Transformers. Use `HF_HOME` instead.
  warnings.warn(
Some weights of RobertaModel were not initialized from the model checkpoint at roberta-base and are newly initialized: ['roberta.pooler.dense.bias', 'roberta.pooler.dense.weight']
You should probably TRAIN this model on a down-stream task to be able to use it for predictions and inference.
[step 0001/150] method=ours loss=0.7105 train_acc=nan train_loss=nan val_acc=nan val_loss=nan best=-1.0000
[step 0010/150] method=ours loss=0.7673 train_acc=nan train_loss=nan val_acc=nan val_loss=nan best=-1.0000
[step 0020/150] method=ours loss=0.6831 train_acc=nan train_loss=nan val_acc=nan val_loss=nan best=-1.0000
[step 0030/150] method=ours loss=0.5313 train_acc=nan train_loss=nan val_acc=nan val_loss=nan best=-1.0000
[step 0040/150] method=ours loss=0.5854 train_acc=nan train_loss=nan val_acc=nan val_loss=nan best=-1.0000
[step 0050/150] method=ours loss=0.3873 train_acc=0.7631 train_loss=0.4924 val_acc=0.7672 val_loss=0.5065 router_H=0.6126 best=0.7672
           router_load=[0.0, 0.6704491972923279, 0.0, 0.3295506536960602]
[step 0060/150] method=ours loss=0.4978 train_acc=0.7631 train_loss=0.4924 val_acc=0.7672 val_loss=0.5065 router_H=0.6126 best=0.7672
           router_load=[0.0, 0.6704491972923279, 0.0, 0.3295506536960602]
[step 0070/150] method=ours loss=0.3721 train_acc=0.7631 train_loss=0.4924 val_acc=0.7672 val_loss=0.5065 router_H=0.6126 best=0.7672
           router_load=[0.0, 0.6704491972923279, 0.0, 0.3295506536960602]
[step 0080/150] method=ours loss=0.7025 train_acc=0.7631 train_loss=0.4924 val_acc=0.7672 val_loss=0.5065 router_H=0.6126 best=0.7672
           router_load=[0.0, 0.6704491972923279, 0.0, 0.3295506536960602]
[step 0090/150] method=ours loss=0.7257 train_acc=0.7631 train_loss=0.4924 val_acc=0.7672 val_loss=0.5065 router_H=0.6126 best=0.7672
           router_load=[0.0, 0.6704491972923279, 0.0, 0.3295506536960602]
[step 0100/150] method=ours loss=0.4434 train_acc=0.8419 train_loss=0.3908 val_acc=0.8284 val_loss=0.4097 router_H=0.6882 best=0.8284
           router_load=[0.009271400980651379, 0.5071039199829102, 0.0, 0.4836246967315674]
[step 0110/150] method=ours loss=0.6684 train_acc=0.8419 train_loss=0.3908 val_acc=0.8284 val_loss=0.4097 router_H=0.6882 best=0.8284
           router_load=[0.009271400980651379, 0.5071039199829102, 0.0, 0.4836246967315674]
[step 0120/150] method=ours loss=0.3485 train_acc=0.8419 train_loss=0.3908 val_acc=0.8284 val_loss=0.4097 router_H=0.6882 best=0.8284
           router_load=[0.009271400980651379, 0.5071039199829102, 0.0, 0.4836246967315674]
[step 0130/150] method=ours loss=0.4711 train_acc=0.8419 train_loss=0.3908 val_acc=0.8284 val_loss=0.4097 router_H=0.6882 best=0.8284
           router_load=[0.009271400980651379, 0.5071039199829102, 0.0, 0.4836246967315674]
[step 0140/150] method=ours loss=0.4977 train_acc=0.8419 train_loss=0.3908 val_acc=0.8284 val_loss=0.4097 router_H=0.6882 best=0.8284
           router_load=[0.009271400980651379, 0.5071039199829102, 0.0, 0.4836246967315674]
[step 0150/150] method=ours loss=0.5240 train_acc=0.8113 train_loss=0.4430 val_acc=0.8088 val_loss=0.4707 router_H=0.6860 best=0.8284
           router_load=[0.0, 0.5497772097587585, 0.0, 0.4502228796482086]
saved summary -> /home/zhujjing/MOE-grad-conflict-routing/runs/paper_suite/single_gpu/single_task/roberta_mrpc_ffn_e4_k2/hpo/ours/trial_runs/coord_04_method_ours_lambda_align_003/ours_s3.json
saved curve -> /home/zhujjing/MOE-grad-conflict-routing/runs/paper_suite/single_gpu/single_task/roberta_mrpc_ffn_e4_k2/hpo/ours/trial_runs/coord_04_method_ours_lambda_align_003/ours_s3_curve.csv
