[run] method=ours candidate=coord_04_method_ours_lambda_align_008 seed=2 steps=150 gpu=0
[run] cmd=
/home/zhujjing/anaconda3/envs/moe/bin/python /home/zhujjing/MOE-grad-conflict-routing/scripts/run.py --config configs/singletask_mrpc_real.yaml --set model.backbone_backend=hf --set model.hf_load_pretrained=true --set model.backbone=roberta --set model.hf_pretrained_name=roberta-base --set model.expert_type=ffn --set model.routing_mode=topk --set model.num_experts=4 --set model.top_k=2 --set seed=2 --set method.name=ours --set train.steps=150 --set train.eval_every_steps=50 --set method.ours.use_load_norm=true --set method.ours.lambda_align=0.0001328949179 --set train.grad_clip=0.8874671569 --set train.lr=4.233346635e-05 --set train.weight_decay=0.02576137036 --out /home/zhujjing/MOE-grad-conflict-routing/runs/paper_suite/single_gpu/single_task/roberta_mrpc_ffn_e4_k2/hpo/ours/trial_runs/coord_04_method_ours_lambda_align_008/ours_s2.json --curve_out /home/zhujjing/MOE-grad-conflict-routing/runs/paper_suite/single_gpu/single_task/roberta_mrpc_ffn_e4_k2/hpo/ours/trial_runs/coord_04_method_ours_lambda_align_008/ours_s2_curve.csv
Using the latest cached version of the dataset since glue couldn't be found on the Hugging Face Hub (offline mode is enabled).
Found the latest cached dataset configuration 'mrpc' at /home/zhujjing/hf_cache/datasets/glue/mrpc/0.0.0/bcdcba79d07bc864c1c254ccfcedcce55bcc9a8c (last modified on Thu Mar 19 15:01:06 2026).
/home/zhujjing/anaconda3/envs/moe/lib/python3.10/site-packages/transformers/utils/hub.py:124: FutureWarning: Using `TRANSFORMERS_CACHE` is deprecated and will be removed in v5 of Transformers. Use `HF_HOME` instead.
  warnings.warn(
Some weights of RobertaModel were not initialized from the model checkpoint at roberta-base and are newly initialized: ['roberta.pooler.dense.bias', 'roberta.pooler.dense.weight']
You should probably TRAIN this model on a down-stream task to be able to use it for predictions and inference.
[step 0001/150] method=ours loss=0.6823 train_acc=nan train_loss=nan val_acc=nan val_loss=nan best=-1.0000
[step 0010/150] method=ours loss=0.6735 train_acc=nan train_loss=nan val_acc=nan val_loss=nan best=-1.0000
[step 0020/150] method=ours loss=0.6709 train_acc=nan train_loss=nan val_acc=nan val_loss=nan best=-1.0000
[step 0030/150] method=ours loss=0.7323 train_acc=nan train_loss=nan val_acc=nan val_loss=nan best=-1.0000
[step 0040/150] method=ours loss=0.5593 train_acc=nan train_loss=nan val_acc=nan val_loss=nan best=-1.0000
[step 0050/150] method=ours loss=0.5628 train_acc=0.6955 train_loss=0.5879 val_acc=0.7059 val_loss=0.5905 router_H=0.6756 best=0.7059
           router_load=[0.3850882947444916, 0.5648642182350159, 0.025708090513944626, 0.024339381605386734]
[step 0060/150] method=ours loss=0.7439 train_acc=0.6955 train_loss=0.5879 val_acc=0.7059 val_loss=0.5905 router_H=0.6756 best=0.7059
           router_load=[0.3850882947444916, 0.5648642182350159, 0.025708090513944626, 0.024339381605386734]
[step 0070/150] method=ours loss=0.4719 train_acc=0.6955 train_loss=0.5879 val_acc=0.7059 val_loss=0.5905 router_H=0.6756 best=0.7059
           router_load=[0.3850882947444916, 0.5648642182350159, 0.025708090513944626, 0.024339381605386734]
[step 0080/150] method=ours loss=0.6166 train_acc=0.6955 train_loss=0.5879 val_acc=0.7059 val_loss=0.5905 router_H=0.6756 best=0.7059
           router_load=[0.3850882947444916, 0.5648642182350159, 0.025708090513944626, 0.024339381605386734]
[step 0090/150] method=ours loss=0.5457 train_acc=0.6955 train_loss=0.5879 val_acc=0.7059 val_loss=0.5905 router_H=0.6756 best=0.7059
           router_load=[0.3850882947444916, 0.5648642182350159, 0.025708090513944626, 0.024339381605386734]
[step 0100/150] method=ours loss=0.6049 train_acc=0.6990 train_loss=0.5496 val_acc=0.6985 val_loss=0.5461 router_H=0.6646 best=0.7059
           router_load=[0.38168153166770935, 0.5997241139411926, 0.015285344794392586, 0.0033090803772211075]
[step 0110/150] method=ours loss=0.7160 train_acc=0.6990 train_loss=0.5496 val_acc=0.6985 val_loss=0.5461 router_H=0.6646 best=0.7059
           router_load=[0.38168153166770935, 0.5997241139411926, 0.015285344794392586, 0.0033090803772211075]
[step 0120/150] method=ours loss=0.4199 train_acc=0.6990 train_loss=0.5496 val_acc=0.6985 val_loss=0.5461 router_H=0.6646 best=0.7059
           router_load=[0.38168153166770935, 0.5997241139411926, 0.015285344794392586, 0.0033090803772211075]
[step 0130/150] method=ours loss=0.6669 train_acc=0.6990 train_loss=0.5496 val_acc=0.6985 val_loss=0.5461 router_H=0.6646 best=0.7059
           router_load=[0.38168153166770935, 0.5997241139411926, 0.015285344794392586, 0.0033090803772211075]
[step 0140/150] method=ours loss=0.4539 train_acc=0.6990 train_loss=0.5496 val_acc=0.6985 val_loss=0.5461 router_H=0.6646 best=0.7059
           router_load=[0.38168153166770935, 0.5997241139411926, 0.015285344794392586, 0.0033090803772211075]
[step 0150/150] method=ours loss=0.5980 train_acc=0.8263 train_loss=0.4111 val_acc=0.8186 val_loss=0.4187 router_H=0.6232 best=0.8186
           router_load=[0.3544856309890747, 0.6331605911254883, 0.01235379558056593, 0.0]
saved summary -> /home/zhujjing/MOE-grad-conflict-routing/runs/paper_suite/single_gpu/single_task/roberta_mrpc_ffn_e4_k2/hpo/ours/trial_runs/coord_04_method_ours_lambda_align_008/ours_s2.json
saved curve -> /home/zhujjing/MOE-grad-conflict-routing/runs/paper_suite/single_gpu/single_task/roberta_mrpc_ffn_e4_k2/hpo/ours/trial_runs/coord_04_method_ours_lambda_align_008/ours_s2_curve.csv
