[run] method=baseline candidate=coord_02_train_weight_decay_024 seed=2 steps=150 gpu=0
[run] cmd=
/home/zhujjing/anaconda3/envs/moe/bin/python /home/zhujjing/MOE-grad-conflict-routing/scripts/run.py --config configs/singletask_mrpc_real.yaml --set model.backbone_backend=hf --set model.hf_load_pretrained=true --set model.backbone=roberta --set model.hf_pretrained_name=roberta-base --set model.expert_type=ffn --set model.routing_mode=topk --set model.num_experts=4 --set model.top_k=2 --set seed=2 --set method.name=baseline_avg --set train.steps=150 --set train.eval_every_steps=50 --set train.grad_clip=1 --set train.lr=3.842377498e-05 --set train.weight_decay=0.009605022583 --out /home/zhujjing/MOE-grad-conflict-routing/runs/paper_suite/single_gpu/single_task/roberta_mrpc_ffn_e4_k2/hpo/baseline/trial_runs/coord_02_train_weight_decay_024/baseline_s2.json --curve_out /home/zhujjing/MOE-grad-conflict-routing/runs/paper_suite/single_gpu/single_task/roberta_mrpc_ffn_e4_k2/hpo/baseline/trial_runs/coord_02_train_weight_decay_024/baseline_s2_curve.csv
Using the latest cached version of the dataset since glue couldn't be found on the Hugging Face Hub (offline mode is enabled).
Found the latest cached dataset configuration 'mrpc' at /home/zhujjing/hf_cache/datasets/glue/mrpc/0.0.0/bcdcba79d07bc864c1c254ccfcedcce55bcc9a8c (last modified on Thu Mar 19 15:01:06 2026).
/home/zhujjing/anaconda3/envs/moe/lib/python3.10/site-packages/transformers/utils/hub.py:124: FutureWarning: Using `TRANSFORMERS_CACHE` is deprecated and will be removed in v5 of Transformers. Use `HF_HOME` instead.
  warnings.warn(
Some weights of RobertaModel were not initialized from the model checkpoint at roberta-base and are newly initialized: ['roberta.pooler.dense.bias', 'roberta.pooler.dense.weight']
You should probably TRAIN this model on a down-stream task to be able to use it for predictions and inference.
[step 0001/150] method=baseline_avg loss=0.7014 train_acc=nan train_loss=nan val_acc=nan val_loss=nan best=-1.0000
[step 0010/150] method=baseline_avg loss=0.7709 train_acc=nan train_loss=nan val_acc=nan val_loss=nan best=-1.0000
[step 0020/150] method=baseline_avg loss=0.6824 train_acc=nan train_loss=nan val_acc=nan val_loss=nan best=-1.0000
[step 0030/150] method=baseline_avg loss=0.7217 train_acc=nan train_loss=nan val_acc=nan val_loss=nan best=-1.0000
[step 0040/150] method=baseline_avg loss=0.5890 train_acc=nan train_loss=nan val_acc=nan val_loss=nan best=-1.0000
[step 0050/150] method=baseline_avg loss=0.5799 train_acc=0.6944 train_loss=0.5986 val_acc=0.7034 val_loss=0.5974 router_H=0.6280 best=0.7034
           router_load=[0.6613026857376099, 0.0, 0.33869752287864685, 0.0]
[step 0060/150] method=baseline_avg loss=0.6444 train_acc=0.6944 train_loss=0.5986 val_acc=0.7034 val_loss=0.5974 router_H=0.6280 best=0.7034
           router_load=[0.6613026857376099, 0.0, 0.33869752287864685, 0.0]
[step 0070/150] method=baseline_avg loss=0.4482 train_acc=0.6944 train_loss=0.5986 val_acc=0.7034 val_loss=0.5974 router_H=0.6280 best=0.7034
           router_load=[0.6613026857376099, 0.0, 0.33869752287864685, 0.0]
[step 0080/150] method=baseline_avg loss=0.5327 train_acc=0.6944 train_loss=0.5986 val_acc=0.7034 val_loss=0.5974 router_H=0.6280 best=0.7034
           router_load=[0.6613026857376099, 0.0, 0.33869752287864685, 0.0]
[step 0090/150] method=baseline_avg loss=0.5026 train_acc=0.6944 train_loss=0.5986 val_acc=0.7034 val_loss=0.5974 router_H=0.6280 best=0.7034
           router_load=[0.6613026857376099, 0.0, 0.33869752287864685, 0.0]
[step 0100/150] method=baseline_avg loss=0.6710 train_acc=0.6870 train_loss=0.5756 val_acc=0.6887 val_loss=0.5694 router_H=0.5431 best=0.7034
           router_load=[0.7445687651634216, 0.0, 0.24511250853538513, 0.010318752378225327]
[step 0110/150] method=baseline_avg loss=0.6068 train_acc=0.6870 train_loss=0.5756 val_acc=0.6887 val_loss=0.5694 router_H=0.5431 best=0.7034
           router_load=[0.7445687651634216, 0.0, 0.24511250853538513, 0.010318752378225327]
[step 0120/150] method=baseline_avg loss=0.4460 train_acc=0.6870 train_loss=0.5756 val_acc=0.6887 val_loss=0.5694 router_H=0.5431 best=0.7034
           router_load=[0.7445687651634216, 0.0, 0.24511250853538513, 0.010318752378225327]
[step 0130/150] method=baseline_avg loss=0.6211 train_acc=0.6870 train_loss=0.5756 val_acc=0.6887 val_loss=0.5694 router_H=0.5431 best=0.7034
           router_load=[0.7445687651634216, 0.0, 0.24511250853538513, 0.010318752378225327]
[step 0140/150] method=baseline_avg loss=0.6768 train_acc=0.6870 train_loss=0.5756 val_acc=0.6887 val_loss=0.5694 router_H=0.5431 best=0.7034
           router_load=[0.7445687651634216, 0.0, 0.24511250853538513, 0.010318752378225327]
[step 0150/150] method=baseline_avg loss=0.5823 train_acc=0.7628 train_loss=0.4707 val_acc=0.7672 val_loss=0.4756 router_H=0.4509 best=0.7672
           router_load=[0.7937076687812805, 0.0, 0.1705971360206604, 0.03569521754980087]
saved summary -> /home/zhujjing/MOE-grad-conflict-routing/runs/paper_suite/single_gpu/single_task/roberta_mrpc_ffn_e4_k2/hpo/baseline/trial_runs/coord_02_train_weight_decay_024/baseline_s2.json
saved curve -> /home/zhujjing/MOE-grad-conflict-routing/runs/paper_suite/single_gpu/single_task/roberta_mrpc_ffn_e4_k2/hpo/baseline/trial_runs/coord_02_train_weight_decay_024/baseline_s2_curve.csv
