[run] method=baseline candidate=coord_02_train_weight_decay_010 seed=2 steps=150 gpu=0
[run] cmd=
/home/zhujjing/anaconda3/envs/moe/bin/python /home/zhujjing/MOE-grad-conflict-routing/scripts/run.py --config configs/singletask_mrpc_real.yaml --set model.backbone_backend=hf --set model.hf_load_pretrained=true --set model.backbone=roberta --set model.hf_pretrained_name=roberta-base --set model.expert_type=ffn --set model.routing_mode=topk --set model.num_experts=4 --set model.top_k=2 --set seed=2 --set method.name=baseline_avg --set train.steps=150 --set train.eval_every_steps=50 --set train.grad_clip=1 --set train.lr=3.842377498e-05 --set train.weight_decay=0.02446709884 --out /home/zhujjing/MOE-grad-conflict-routing/runs/paper_suite/single_gpu/single_task/roberta_mrpc_ffn_e4_k2/hpo/baseline/trial_runs/coord_02_train_weight_decay_010/baseline_s2.json --curve_out /home/zhujjing/MOE-grad-conflict-routing/runs/paper_suite/single_gpu/single_task/roberta_mrpc_ffn_e4_k2/hpo/baseline/trial_runs/coord_02_train_weight_decay_010/baseline_s2_curve.csv
Using the latest cached version of the dataset since glue couldn't be found on the Hugging Face Hub (offline mode is enabled).
Found the latest cached dataset configuration 'mrpc' at /home/zhujjing/hf_cache/datasets/glue/mrpc/0.0.0/bcdcba79d07bc864c1c254ccfcedcce55bcc9a8c (last modified on Thu Mar 19 15:01:06 2026).
/home/zhujjing/anaconda3/envs/moe/lib/python3.10/site-packages/transformers/utils/hub.py:124: FutureWarning: Using `TRANSFORMERS_CACHE` is deprecated and will be removed in v5 of Transformers. Use `HF_HOME` instead.
  warnings.warn(
Some weights of RobertaModel were not initialized from the model checkpoint at roberta-base and are newly initialized: ['roberta.pooler.dense.bias', 'roberta.pooler.dense.weight']
You should probably TRAIN this model on a down-stream task to be able to use it for predictions and inference.
[step 0001/150] method=baseline_avg loss=0.6970 train_acc=nan train_loss=nan val_acc=nan val_loss=nan best=-1.0000
[step 0010/150] method=baseline_avg loss=0.6202 train_acc=nan train_loss=nan val_acc=nan val_loss=nan best=-1.0000
[step 0020/150] method=baseline_avg loss=0.6413 train_acc=nan train_loss=nan val_acc=nan val_loss=nan best=-1.0000
[step 0030/150] method=baseline_avg loss=0.6230 train_acc=nan train_loss=nan val_acc=nan val_loss=nan best=-1.0000
[step 0040/150] method=baseline_avg loss=0.5625 train_acc=nan train_loss=nan val_acc=nan val_loss=nan best=-1.0000
[step 0050/150] method=baseline_avg loss=0.5283 train_acc=0.7271 train_loss=0.5340 val_acc=0.7279 val_loss=0.5364 router_H=0.5137 best=0.7279
           router_load=[0.7482385635375977, 0.13004298508167267, 0.0, 0.12171870470046997]
[step 0060/150] method=baseline_avg loss=0.6359 train_acc=0.7271 train_loss=0.5340 val_acc=0.7279 val_loss=0.5364 router_H=0.5137 best=0.7279
           router_load=[0.7482385635375977, 0.13004298508167267, 0.0, 0.12171870470046997]
[step 0070/150] method=baseline_avg loss=0.4387 train_acc=0.7271 train_loss=0.5340 val_acc=0.7279 val_loss=0.5364 router_H=0.5137 best=0.7279
           router_load=[0.7482385635375977, 0.13004298508167267, 0.0, 0.12171870470046997]
[step 0080/150] method=baseline_avg loss=0.4698 train_acc=0.7271 train_loss=0.5340 val_acc=0.7279 val_loss=0.5364 router_H=0.5137 best=0.7279
           router_load=[0.7482385635375977, 0.13004298508167267, 0.0, 0.12171870470046997]
[step 0090/150] method=baseline_avg loss=0.4972 train_acc=0.7271 train_loss=0.5340 val_acc=0.7279 val_loss=0.5364 router_H=0.5137 best=0.7279
           router_load=[0.7482385635375977, 0.13004298508167267, 0.0, 0.12171870470046997]
[step 0100/150] method=baseline_avg loss=0.4003 train_acc=0.8454 train_loss=0.3819 val_acc=0.8480 val_loss=0.3892 router_H=0.4611 best=0.8480
           router_load=[0.7588610649108887, 0.17879286408424377, 0.0009753388585522771, 0.06137068197131157]
[step 0110/150] method=baseline_avg loss=0.6253 train_acc=0.8454 train_loss=0.3819 val_acc=0.8480 val_loss=0.3892 router_H=0.4611 best=0.8480
           router_load=[0.7588610649108887, 0.17879286408424377, 0.0009753388585522771, 0.06137068197131157]
[step 0120/150] method=baseline_avg loss=0.1326 train_acc=0.8454 train_loss=0.3819 val_acc=0.8480 val_loss=0.3892 router_H=0.4611 best=0.8480
           router_load=[0.7588610649108887, 0.17879286408424377, 0.0009753388585522771, 0.06137068197131157]
[step 0130/150] method=baseline_avg loss=0.5732 train_acc=0.8454 train_loss=0.3819 val_acc=0.8480 val_loss=0.3892 router_H=0.4611 best=0.8480
           router_load=[0.7588610649108887, 0.17879286408424377, 0.0009753388585522771, 0.06137068197131157]
[step 0140/150] method=baseline_avg loss=0.4578 train_acc=0.8454 train_loss=0.3819 val_acc=0.8480 val_loss=0.3892 router_H=0.4611 best=0.8480
           router_load=[0.7588610649108887, 0.17879286408424377, 0.0009753388585522771, 0.06137068197131157]
[step 0150/150] method=baseline_avg loss=0.6679 train_acc=0.8631 train_loss=0.3648 val_acc=0.8627 val_loss=0.3590 router_H=0.4042 best=0.8627
           router_load=[0.8197842836380005, 0.12676118314266205, 0.037847183644771576, 0.015607438050210476]
saved summary -> /home/zhujjing/MOE-grad-conflict-routing/runs/paper_suite/single_gpu/single_task/roberta_mrpc_ffn_e4_k2/hpo/baseline/trial_runs/coord_02_train_weight_decay_010/baseline_s2.json
saved curve -> /home/zhujjing/MOE-grad-conflict-routing/runs/paper_suite/single_gpu/single_task/roberta_mrpc_ffn_e4_k2/hpo/baseline/trial_runs/coord_02_train_weight_decay_010/baseline_s2_curve.csv
