[run] method=baseline candidate=coord_02_train_weight_decay_018 seed=2 steps=150 gpu=0
[run] cmd=
/home/zhujjing/anaconda3/envs/moe/bin/python /home/zhujjing/MOE-grad-conflict-routing/scripts/run.py --config configs/singletask_mrpc_real.yaml --set model.backbone_backend=hf --set model.hf_load_pretrained=true --set model.backbone=roberta --set model.hf_pretrained_name=roberta-base --set model.expert_type=ffn --set model.routing_mode=topk --set model.num_experts=4 --set model.top_k=2 --set seed=2 --set method.name=baseline_avg --set train.steps=150 --set train.eval_every_steps=50 --set train.grad_clip=1 --set train.lr=3.842377498e-05 --set train.weight_decay=0.01471133122 --out /home/zhujjing/MOE-grad-conflict-routing/runs/paper_suite/single_gpu/single_task/roberta_mrpc_ffn_e4_k2/hpo/baseline/trial_runs/coord_02_train_weight_decay_018/baseline_s2.json --curve_out /home/zhujjing/MOE-grad-conflict-routing/runs/paper_suite/single_gpu/single_task/roberta_mrpc_ffn_e4_k2/hpo/baseline/trial_runs/coord_02_train_weight_decay_018/baseline_s2_curve.csv
Using the latest cached version of the dataset since glue couldn't be found on the Hugging Face Hub (offline mode is enabled).
Found the latest cached dataset configuration 'mrpc' at /home/zhujjing/hf_cache/datasets/glue/mrpc/0.0.0/bcdcba79d07bc864c1c254ccfcedcce55bcc9a8c (last modified on Thu Mar 19 15:01:06 2026).
/home/zhujjing/anaconda3/envs/moe/lib/python3.10/site-packages/transformers/utils/hub.py:124: FutureWarning: Using `TRANSFORMERS_CACHE` is deprecated and will be removed in v5 of Transformers. Use `HF_HOME` instead.
  warnings.warn(
Some weights of RobertaModel were not initialized from the model checkpoint at roberta-base and are newly initialized: ['roberta.pooler.dense.bias', 'roberta.pooler.dense.weight']
You should probably TRAIN this model on a down-stream task to be able to use it for predictions and inference.
[step 0001/150] method=baseline_avg loss=0.6965 train_acc=nan train_loss=nan val_acc=nan val_loss=nan best=-1.0000
[step 0010/150] method=baseline_avg loss=0.7079 train_acc=nan train_loss=nan val_acc=nan val_loss=nan best=-1.0000
[step 0020/150] method=baseline_avg loss=0.6965 train_acc=nan train_loss=nan val_acc=nan val_loss=nan best=-1.0000
[step 0030/150] method=baseline_avg loss=0.7072 train_acc=nan train_loss=nan val_acc=nan val_loss=nan best=-1.0000
[step 0040/150] method=baseline_avg loss=0.5494 train_acc=nan train_loss=nan val_acc=nan val_loss=nan best=-1.0000
[step 0050/150] method=baseline_avg loss=0.4696 train_acc=0.7432 train_loss=0.5181 val_acc=0.7377 val_loss=0.5145 router_H=0.4554 best=0.7377
           router_load=[0.0, 0.19655300676822662, 0.004027923569083214, 0.799419105052948]
[step 0060/150] method=baseline_avg loss=0.6168 train_acc=0.7432 train_loss=0.5181 val_acc=0.7377 val_loss=0.5145 router_H=0.4554 best=0.7377
           router_load=[0.0, 0.19655300676822662, 0.004027923569083214, 0.799419105052948]
[step 0070/150] method=baseline_avg loss=0.3509 train_acc=0.7432 train_loss=0.5181 val_acc=0.7377 val_loss=0.5145 router_H=0.4554 best=0.7377
           router_load=[0.0, 0.19655300676822662, 0.004027923569083214, 0.799419105052948]
[step 0080/150] method=baseline_avg loss=0.4062 train_acc=0.7432 train_loss=0.5181 val_acc=0.7377 val_loss=0.5145 router_H=0.4554 best=0.7377
           router_load=[0.0, 0.19655300676822662, 0.004027923569083214, 0.799419105052948]
[step 0090/150] method=baseline_avg loss=0.3806 train_acc=0.7432 train_loss=0.5181 val_acc=0.7377 val_loss=0.5145 router_H=0.4554 best=0.7377
           router_load=[0.0, 0.19655300676822662, 0.004027923569083214, 0.799419105052948]
[step 0100/150] method=baseline_avg loss=0.5344 train_acc=0.8078 train_loss=0.4815 val_acc=0.7917 val_loss=0.4901 router_H=0.5972 best=0.7917
           router_load=[0.0, 0.32672277092933655, 0.0, 0.6732772588729858]
[step 0110/150] method=baseline_avg loss=0.5801 train_acc=0.8078 train_loss=0.4815 val_acc=0.7917 val_loss=0.4901 router_H=0.5972 best=0.7917
           router_load=[0.0, 0.32672277092933655, 0.0, 0.6732772588729858]
[step 0120/150] method=baseline_avg loss=0.2802 train_acc=0.8078 train_loss=0.4815 val_acc=0.7917 val_loss=0.4901 router_H=0.5972 best=0.7917
           router_load=[0.0, 0.32672277092933655, 0.0, 0.6732772588729858]
[step 0130/150] method=baseline_avg loss=0.4646 train_acc=0.8078 train_loss=0.4815 val_acc=0.7917 val_loss=0.4901 router_H=0.5972 best=0.7917
           router_load=[0.0, 0.32672277092933655, 0.0, 0.6732772588729858]
[step 0140/150] method=baseline_avg loss=0.3191 train_acc=0.8078 train_loss=0.4815 val_acc=0.7917 val_loss=0.4901 router_H=0.5972 best=0.7917
           router_load=[0.0, 0.32672277092933655, 0.0, 0.6732772588729858]
[step 0150/150] method=baseline_avg loss=0.6899 train_acc=0.8492 train_loss=0.4194 val_acc=0.8186 val_loss=0.4786 router_H=0.3075 best=0.8186
           router_load=[0.0, 0.10808006674051285, 0.03626837953925133, 0.8556515574455261]
saved summary -> /home/zhujjing/MOE-grad-conflict-routing/runs/paper_suite/single_gpu/single_task/roberta_mrpc_ffn_e4_k2/hpo/baseline/trial_runs/coord_02_train_weight_decay_018/baseline_s2.json
saved curve -> /home/zhujjing/MOE-grad-conflict-routing/runs/paper_suite/single_gpu/single_task/roberta_mrpc_ffn_e4_k2/hpo/baseline/trial_runs/coord_02_train_weight_decay_018/baseline_s2_curve.csv
