[run] method=baseline candidate=coord_02_anchor seed=3 steps=150 gpu=0
[run] cmd=
/home/zhujjing/anaconda3/envs/moe/bin/python /home/zhujjing/MOE-grad-conflict-routing/scripts/run.py --config configs/singletask_mrpc_real.yaml --set model.backbone_backend=hf --set model.hf_load_pretrained=true --set model.backbone=roberta --set model.hf_pretrained_name=roberta-base --set model.expert_type=ffn --set model.routing_mode=topk --set model.num_experts=4 --set model.top_k=2 --set seed=3 --set method.name=baseline_avg --set train.steps=150 --set train.eval_every_steps=50 --set train.grad_clip=1 --set train.lr=3.842377498e-05 --set train.weight_decay=0.01 --out /home/zhujjing/MOE-grad-conflict-routing/runs/paper_suite/single_gpu/single_task/roberta_mrpc_ffn_e4_k2/hpo/baseline/trial_runs/coord_02_anchor/baseline_s3.json --curve_out /home/zhujjing/MOE-grad-conflict-routing/runs/paper_suite/single_gpu/single_task/roberta_mrpc_ffn_e4_k2/hpo/baseline/trial_runs/coord_02_anchor/baseline_s3_curve.csv
Using the latest cached version of the dataset since glue couldn't be found on the Hugging Face Hub (offline mode is enabled).
Found the latest cached dataset configuration 'mrpc' at /home/zhujjing/hf_cache/datasets/glue/mrpc/0.0.0/bcdcba79d07bc864c1c254ccfcedcce55bcc9a8c (last modified on Thu Mar 19 15:01:06 2026).
/home/zhujjing/anaconda3/envs/moe/lib/python3.10/site-packages/transformers/utils/hub.py:124: FutureWarning: Using `TRANSFORMERS_CACHE` is deprecated and will be removed in v5 of Transformers. Use `HF_HOME` instead.
  warnings.warn(
Some weights of RobertaModel were not initialized from the model checkpoint at roberta-base and are newly initialized: ['roberta.pooler.dense.bias', 'roberta.pooler.dense.weight']
You should probably TRAIN this model on a down-stream task to be able to use it for predictions and inference.
[step 0001/150] method=baseline_avg loss=0.6895 train_acc=nan train_loss=nan val_acc=nan val_loss=nan best=-1.0000
[step 0010/150] method=baseline_avg loss=0.7045 train_acc=nan train_loss=nan val_acc=nan val_loss=nan best=-1.0000
[step 0020/150] method=baseline_avg loss=0.7276 train_acc=nan train_loss=nan val_acc=nan val_loss=nan best=-1.0000
[step 0030/150] method=baseline_avg loss=0.5038 train_acc=nan train_loss=nan val_acc=nan val_loss=nan best=-1.0000
[step 0040/150] method=baseline_avg loss=0.6500 train_acc=nan train_loss=nan val_acc=nan val_loss=nan best=-1.0000
[step 0050/150] method=baseline_avg loss=0.4351 train_acc=0.7604 train_loss=0.4780 val_acc=0.7574 val_loss=0.4703 router_H=0.5166 best=0.7574
           router_load=[0.755473256111145, 0.20515036582946777, 0.03660358116030693, 0.002772687468677759]
[step 0060/150] method=baseline_avg loss=0.6024 train_acc=0.7604 train_loss=0.4780 val_acc=0.7574 val_loss=0.4703 router_H=0.5166 best=0.7574
           router_load=[0.755473256111145, 0.20515036582946777, 0.03660358116030693, 0.002772687468677759]
[step 0070/150] method=baseline_avg loss=0.3329 train_acc=0.7604 train_loss=0.4780 val_acc=0.7574 val_loss=0.4703 router_H=0.5166 best=0.7574
           router_load=[0.755473256111145, 0.20515036582946777, 0.03660358116030693, 0.002772687468677759]
[step 0080/150] method=baseline_avg loss=0.5358 train_acc=0.7604 train_loss=0.4780 val_acc=0.7574 val_loss=0.4703 router_H=0.5166 best=0.7574
           router_load=[0.755473256111145, 0.20515036582946777, 0.03660358116030693, 0.002772687468677759]
[step 0090/150] method=baseline_avg loss=0.4646 train_acc=0.7604 train_loss=0.4780 val_acc=0.7574 val_loss=0.4703 router_H=0.5166 best=0.7574
           router_load=[0.755473256111145, 0.20515036582946777, 0.03660358116030693, 0.002772687468677759]
[step 0100/150] method=baseline_avg loss=0.4082 train_acc=0.8282 train_loss=0.4049 val_acc=0.8284 val_loss=0.4139 router_H=0.2821 best=0.8284
           router_load=[0.8979551196098328, 0.03372124955058098, 0.039161115884780884, 0.029162444174289703]
[step 0110/150] method=baseline_avg loss=0.5885 train_acc=0.8282 train_loss=0.4049 val_acc=0.8284 val_loss=0.4139 router_H=0.2821 best=0.8284
           router_load=[0.8979551196098328, 0.03372124955058098, 0.039161115884780884, 0.029162444174289703]
[step 0120/150] method=baseline_avg loss=0.3465 train_acc=0.8282 train_loss=0.4049 val_acc=0.8284 val_loss=0.4139 router_H=0.2821 best=0.8284
           router_load=[0.8979551196098328, 0.03372124955058098, 0.039161115884780884, 0.029162444174289703]
[step 0130/150] method=baseline_avg loss=1.0054 train_acc=0.8282 train_loss=0.4049 val_acc=0.8284 val_loss=0.4139 router_H=0.2821 best=0.8284
           router_load=[0.8979551196098328, 0.03372124955058098, 0.039161115884780884, 0.029162444174289703]
[step 0140/150] method=baseline_avg loss=0.7136 train_acc=0.8282 train_loss=0.4049 val_acc=0.8284 val_loss=0.4139 router_H=0.2821 best=0.8284
           router_load=[0.8979551196098328, 0.03372124955058098, 0.039161115884780884, 0.029162444174289703]
[step 0150/150] method=baseline_avg loss=0.7575 train_acc=0.7950 train_loss=0.5040 val_acc=0.7745 val_loss=0.5166 router_H=0.2643 best=0.8284
           router_load=[0.9134698510169983, 0.04036516696214676, 0.00425423588603735, 0.041910696774721146]
saved summary -> /home/zhujjing/MOE-grad-conflict-routing/runs/paper_suite/single_gpu/single_task/roberta_mrpc_ffn_e4_k2/hpo/baseline/trial_runs/coord_02_anchor/baseline_s3.json
saved curve -> /home/zhujjing/MOE-grad-conflict-routing/runs/paper_suite/single_gpu/single_task/roberta_mrpc_ffn_e4_k2/hpo/baseline/trial_runs/coord_02_anchor/baseline_s3_curve.csv
