[run] method=baseline candidate=coord_02_train_weight_decay_011 seed=3 steps=150 gpu=0
[run] cmd=
/home/zhujjing/anaconda3/envs/moe/bin/python /home/zhujjing/MOE-grad-conflict-routing/scripts/run.py --config configs/singletask_mrpc_real.yaml --set model.backbone_backend=hf --set model.hf_load_pretrained=true --set model.backbone=roberta --set model.hf_pretrained_name=roberta-base --set model.expert_type=ffn --set model.routing_mode=topk --set model.num_experts=4 --set model.top_k=2 --set seed=3 --set method.name=baseline_avg --set train.steps=150 --set train.eval_every_steps=50 --set train.grad_clip=1 --set train.lr=3.842377498e-05 --set train.weight_decay=0.01108226147 --out /home/zhujjing/MOE-grad-conflict-routing/runs/paper_suite/single_gpu/single_task/roberta_mrpc_ffn_e4_k2/hpo/baseline/trial_runs/coord_02_train_weight_decay_011/baseline_s3.json --curve_out /home/zhujjing/MOE-grad-conflict-routing/runs/paper_suite/single_gpu/single_task/roberta_mrpc_ffn_e4_k2/hpo/baseline/trial_runs/coord_02_train_weight_decay_011/baseline_s3_curve.csv
Using the latest cached version of the dataset since glue couldn't be found on the Hugging Face Hub (offline mode is enabled).
Found the latest cached dataset configuration 'mrpc' at /home/zhujjing/hf_cache/datasets/glue/mrpc/0.0.0/bcdcba79d07bc864c1c254ccfcedcce55bcc9a8c (last modified on Thu Mar 19 15:01:06 2026).
/home/zhujjing/anaconda3/envs/moe/lib/python3.10/site-packages/transformers/utils/hub.py:124: FutureWarning: Using `TRANSFORMERS_CACHE` is deprecated and will be removed in v5 of Transformers. Use `HF_HOME` instead.
  warnings.warn(
Some weights of RobertaModel were not initialized from the model checkpoint at roberta-base and are newly initialized: ['roberta.pooler.dense.bias', 'roberta.pooler.dense.weight']
You should probably TRAIN this model on a down-stream task to be able to use it for predictions and inference.
[step 0001/150] method=baseline_avg loss=0.6917 train_acc=nan train_loss=nan val_acc=nan val_loss=nan best=-1.0000
[step 0010/150] method=baseline_avg loss=0.7362 train_acc=nan train_loss=nan val_acc=nan val_loss=nan best=-1.0000
[step 0020/150] method=baseline_avg loss=0.7184 train_acc=nan train_loss=nan val_acc=nan val_loss=nan best=-1.0000
[step 0030/150] method=baseline_avg loss=0.5811 train_acc=nan train_loss=nan val_acc=nan val_loss=nan best=-1.0000
[step 0040/150] method=baseline_avg loss=0.6574 train_acc=nan train_loss=nan val_acc=nan val_loss=nan best=-1.0000
[step 0050/150] method=baseline_avg loss=0.4171 train_acc=0.7429 train_loss=0.5207 val_acc=0.7426 val_loss=0.5169 router_H=0.5310 best=0.7426
           router_load=[0.2315821498632431, 0.7548032999038696, 0.013614550232887268, 0.0]
[step 0060/150] method=baseline_avg loss=0.5827 train_acc=0.7429 train_loss=0.5207 val_acc=0.7426 val_loss=0.5169 router_H=0.5310 best=0.7426
           router_load=[0.2315821498632431, 0.7548032999038696, 0.013614550232887268, 0.0]
[step 0070/150] method=baseline_avg loss=0.4846 train_acc=0.7429 train_loss=0.5207 val_acc=0.7426 val_loss=0.5169 router_H=0.5310 best=0.7426
           router_load=[0.2315821498632431, 0.7548032999038696, 0.013614550232887268, 0.0]
[step 0080/150] method=baseline_avg loss=0.5624 train_acc=0.7429 train_loss=0.5207 val_acc=0.7426 val_loss=0.5169 router_H=0.5310 best=0.7426
           router_load=[0.2315821498632431, 0.7548032999038696, 0.013614550232887268, 0.0]
[step 0090/150] method=baseline_avg loss=0.6825 train_acc=0.7429 train_loss=0.5207 val_acc=0.7426 val_loss=0.5169 router_H=0.5310 best=0.7426
           router_load=[0.2315821498632431, 0.7548032999038696, 0.013614550232887268, 0.0]
[step 0100/150] method=baseline_avg loss=0.4401 train_acc=0.8342 train_loss=0.3753 val_acc=0.8333 val_loss=0.3584 router_H=0.6097 best=0.8333
           router_load=[0.3430802822113037, 0.6504894495010376, 0.0, 0.00643025990575552]
[step 0110/150] method=baseline_avg loss=0.6061 train_acc=0.8342 train_loss=0.3753 val_acc=0.8333 val_loss=0.3584 router_H=0.6097 best=0.8333
           router_load=[0.3430802822113037, 0.6504894495010376, 0.0, 0.00643025990575552]
[step 0120/150] method=baseline_avg loss=0.3552 train_acc=0.8342 train_loss=0.3753 val_acc=0.8333 val_loss=0.3584 router_H=0.6097 best=0.8333
           router_load=[0.3430802822113037, 0.6504894495010376, 0.0, 0.00643025990575552]
[step 0130/150] method=baseline_avg loss=0.6990 train_acc=0.8342 train_loss=0.3753 val_acc=0.8333 val_loss=0.3584 router_H=0.6097 best=0.8333
           router_load=[0.3430802822113037, 0.6504894495010376, 0.0, 0.00643025990575552]
[step 0140/150] method=baseline_avg loss=0.5398 train_acc=0.8342 train_loss=0.3753 val_acc=0.8333 val_loss=0.3584 router_H=0.6097 best=0.8333
           router_load=[0.3430802822113037, 0.6504894495010376, 0.0, 0.00643025990575552]
[step 0150/150] method=baseline_avg loss=0.5858 train_acc=0.8233 train_loss=0.4141 val_acc=0.8284 val_loss=0.4169 router_H=0.6806 best=0.8333
           router_load=[0.42813223600387573, 0.5718677043914795, 0.0, 0.0]
saved summary -> /home/zhujjing/MOE-grad-conflict-routing/runs/paper_suite/single_gpu/single_task/roberta_mrpc_ffn_e4_k2/hpo/baseline/trial_runs/coord_02_train_weight_decay_011/baseline_s3.json
saved curve -> /home/zhujjing/MOE-grad-conflict-routing/runs/paper_suite/single_gpu/single_task/roberta_mrpc_ffn_e4_k2/hpo/baseline/trial_runs/coord_02_train_weight_decay_011/baseline_s3_curve.csv
