[run] method=baseline candidate=coord_02_train_weight_decay_020 seed=2 steps=150 gpu=0
[run] cmd=
/home/zhujjing/anaconda3/envs/moe/bin/python /home/zhujjing/MOE-grad-conflict-routing/scripts/run.py --config configs/singletask_mrpc_real.yaml --set model.backbone_backend=hf --set model.hf_load_pretrained=true --set model.backbone=roberta --set model.hf_pretrained_name=roberta-base --set model.expert_type=ffn --set model.routing_mode=topk --set model.num_experts=4 --set model.top_k=2 --set seed=2 --set method.name=baseline_avg --set train.steps=150 --set train.eval_every_steps=50 --set train.grad_clip=1 --set train.lr=3.842377498e-05 --set train.weight_decay=0.006169258685 --out /home/zhujjing/MOE-grad-conflict-routing/runs/paper_suite/single_gpu/single_task/roberta_mrpc_ffn_e4_k2/hpo/baseline/trial_runs/coord_02_train_weight_decay_020/baseline_s2.json --curve_out /home/zhujjing/MOE-grad-conflict-routing/runs/paper_suite/single_gpu/single_task/roberta_mrpc_ffn_e4_k2/hpo/baseline/trial_runs/coord_02_train_weight_decay_020/baseline_s2_curve.csv
Using the latest cached version of the dataset since glue couldn't be found on the Hugging Face Hub (offline mode is enabled).
Found the latest cached dataset configuration 'mrpc' at /home/zhujjing/hf_cache/datasets/glue/mrpc/0.0.0/bcdcba79d07bc864c1c254ccfcedcce55bcc9a8c (last modified on Thu Mar 19 15:01:06 2026).
/home/zhujjing/anaconda3/envs/moe/lib/python3.10/site-packages/transformers/utils/hub.py:124: FutureWarning: Using `TRANSFORMERS_CACHE` is deprecated and will be removed in v5 of Transformers. Use `HF_HOME` instead.
  warnings.warn(
Some weights of RobertaModel were not initialized from the model checkpoint at roberta-base and are newly initialized: ['roberta.pooler.dense.bias', 'roberta.pooler.dense.weight']
You should probably TRAIN this model on a down-stream task to be able to use it for predictions and inference.
[step 0001/150] method=baseline_avg loss=0.6822 train_acc=nan train_loss=nan val_acc=nan val_loss=nan best=-1.0000
[step 0010/150] method=baseline_avg loss=0.7078 train_acc=nan train_loss=nan val_acc=nan val_loss=nan best=-1.0000
[step 0020/150] method=baseline_avg loss=0.6384 train_acc=nan train_loss=nan val_acc=nan val_loss=nan best=-1.0000
[step 0030/150] method=baseline_avg loss=0.7029 train_acc=nan train_loss=nan val_acc=nan val_loss=nan best=-1.0000
[step 0040/150] method=baseline_avg loss=0.5420 train_acc=nan train_loss=nan val_acc=nan val_loss=nan best=-1.0000
[step 0050/150] method=baseline_avg loss=0.4917 train_acc=0.7102 train_loss=0.5416 val_acc=0.7181 val_loss=0.5393 router_H=0.5858 best=0.7181
           router_load=[0.08603832125663757, 0.19625426828861237, 0.7168186902999878, 0.0008886936120688915]
[step 0060/150] method=baseline_avg loss=0.6252 train_acc=0.7102 train_loss=0.5416 val_acc=0.7181 val_loss=0.5393 router_H=0.5858 best=0.7181
           router_load=[0.08603832125663757, 0.19625426828861237, 0.7168186902999878, 0.0008886936120688915]
[step 0070/150] method=baseline_avg loss=0.4309 train_acc=0.7102 train_loss=0.5416 val_acc=0.7181 val_loss=0.5393 router_H=0.5858 best=0.7181
           router_load=[0.08603832125663757, 0.19625426828861237, 0.7168186902999878, 0.0008886936120688915]
[step 0080/150] method=baseline_avg loss=0.4694 train_acc=0.7102 train_loss=0.5416 val_acc=0.7181 val_loss=0.5393 router_H=0.5858 best=0.7181
           router_load=[0.08603832125663757, 0.19625426828861237, 0.7168186902999878, 0.0008886936120688915]
[step 0090/150] method=baseline_avg loss=0.3425 train_acc=0.7102 train_loss=0.5416 val_acc=0.7181 val_loss=0.5393 router_H=0.5858 best=0.7181
           router_load=[0.08603832125663757, 0.19625426828861237, 0.7168186902999878, 0.0008886936120688915]
[step 0100/150] method=baseline_avg loss=0.5323 train_acc=0.8351 train_loss=0.5113 val_acc=0.8480 val_loss=0.5111 router_H=0.6552 best=0.8480
           router_load=[0.13662660121917725, 0.23726938664913177, 0.6261040568351746, 0.0]
[step 0110/150] method=baseline_avg loss=0.6270 train_acc=0.8351 train_loss=0.5113 val_acc=0.8480 val_loss=0.5111 router_H=0.6552 best=0.8480
           router_load=[0.13662660121917725, 0.23726938664913177, 0.6261040568351746, 0.0]
[step 0120/150] method=baseline_avg loss=0.1607 train_acc=0.8351 train_loss=0.5113 val_acc=0.8480 val_loss=0.5111 router_H=0.6552 best=0.8480
           router_load=[0.13662660121917725, 0.23726938664913177, 0.6261040568351746, 0.0]
[step 0130/150] method=baseline_avg loss=0.5617 train_acc=0.8351 train_loss=0.5113 val_acc=0.8480 val_loss=0.5111 router_H=0.6552 best=0.8480
           router_load=[0.13662660121917725, 0.23726938664913177, 0.6261040568351746, 0.0]
[step 0140/150] method=baseline_avg loss=0.3577 train_acc=0.8351 train_loss=0.5113 val_acc=0.8480 val_loss=0.5111 router_H=0.6552 best=0.8480
           router_load=[0.13662660121917725, 0.23726938664913177, 0.6261040568351746, 0.0]
[step 0150/150] method=baseline_avg loss=0.7277 train_acc=0.8541 train_loss=0.4035 val_acc=0.8480 val_loss=0.4423 router_H=0.5614 best=0.8480
           router_load=[0.13684897124767303, 0.17203381657600403, 0.6811271905899048, 0.009989987127482891]
saved summary -> /home/zhujjing/MOE-grad-conflict-routing/runs/paper_suite/single_gpu/single_task/roberta_mrpc_ffn_e4_k2/hpo/baseline/trial_runs/coord_02_train_weight_decay_020/baseline_s2.json
saved curve -> /home/zhujjing/MOE-grad-conflict-routing/runs/paper_suite/single_gpu/single_task/roberta_mrpc_ffn_e4_k2/hpo/baseline/trial_runs/coord_02_train_weight_decay_020/baseline_s2_curve.csv
