[run] method=baseline candidate=coord_02_train_weight_decay_006 seed=2 steps=150 gpu=0
[run] cmd=
/home/zhujjing/anaconda3/envs/moe/bin/python /home/zhujjing/MOE-grad-conflict-routing/scripts/run.py --config configs/singletask_mrpc_real.yaml --set model.backbone_backend=hf --set model.hf_load_pretrained=true --set model.backbone=roberta --set model.hf_pretrained_name=roberta-base --set model.expert_type=ffn --set model.routing_mode=topk --set model.num_experts=4 --set model.top_k=2 --set seed=2 --set method.name=baseline_avg --set train.steps=150 --set train.eval_every_steps=50 --set train.grad_clip=1 --set train.lr=3.842377498e-05 --set train.weight_decay=0.0494133814 --out /home/zhujjing/MOE-grad-conflict-routing/runs/paper_suite/single_gpu/single_task/roberta_mrpc_ffn_e4_k2/hpo/baseline/trial_runs/coord_02_train_weight_decay_006/baseline_s2.json --curve_out /home/zhujjing/MOE-grad-conflict-routing/runs/paper_suite/single_gpu/single_task/roberta_mrpc_ffn_e4_k2/hpo/baseline/trial_runs/coord_02_train_weight_decay_006/baseline_s2_curve.csv
Using the latest cached version of the dataset since glue couldn't be found on the Hugging Face Hub (offline mode is enabled).
Found the latest cached dataset configuration 'mrpc' at /home/zhujjing/hf_cache/datasets/glue/mrpc/0.0.0/bcdcba79d07bc864c1c254ccfcedcce55bcc9a8c (last modified on Thu Mar 19 15:01:06 2026).
/home/zhujjing/anaconda3/envs/moe/lib/python3.10/site-packages/transformers/utils/hub.py:124: FutureWarning: Using `TRANSFORMERS_CACHE` is deprecated and will be removed in v5 of Transformers. Use `HF_HOME` instead.
  warnings.warn(
Some weights of RobertaModel were not initialized from the model checkpoint at roberta-base and are newly initialized: ['roberta.pooler.dense.bias', 'roberta.pooler.dense.weight']
You should probably TRAIN this model on a down-stream task to be able to use it for predictions and inference.
[step 0001/150] method=baseline_avg loss=0.6831 train_acc=nan train_loss=nan val_acc=nan val_loss=nan best=-1.0000
[step 0010/150] method=baseline_avg loss=0.6559 train_acc=nan train_loss=nan val_acc=nan val_loss=nan best=-1.0000
[step 0020/150] method=baseline_avg loss=0.6240 train_acc=nan train_loss=nan val_acc=nan val_loss=nan best=-1.0000
[step 0030/150] method=baseline_avg loss=0.6268 train_acc=nan train_loss=nan val_acc=nan val_loss=nan best=-1.0000
[step 0040/150] method=baseline_avg loss=0.5495 train_acc=nan train_loss=nan val_acc=nan val_loss=nan best=-1.0000
[step 0050/150] method=baseline_avg loss=0.5285 train_acc=0.7241 train_loss=0.5238 val_acc=0.7255 val_loss=0.5171 router_H=0.5301 best=0.7255
           router_load=[0.0, 0.23126168549060822, 0.7687382698059082, 0.0]
[step 0060/150] method=baseline_avg loss=0.5675 train_acc=0.7241 train_loss=0.5238 val_acc=0.7255 val_loss=0.5171 router_H=0.5301 best=0.7255
           router_load=[0.0, 0.23126168549060822, 0.7687382698059082, 0.0]
[step 0070/150] method=baseline_avg loss=0.3112 train_acc=0.7241 train_loss=0.5238 val_acc=0.7255 val_loss=0.5171 router_H=0.5301 best=0.7255
           router_load=[0.0, 0.23126168549060822, 0.7687382698059082, 0.0]
[step 0080/150] method=baseline_avg loss=0.6044 train_acc=0.7241 train_loss=0.5238 val_acc=0.7255 val_loss=0.5171 router_H=0.5301 best=0.7255
           router_load=[0.0, 0.23126168549060822, 0.7687382698059082, 0.0]
[step 0090/150] method=baseline_avg loss=0.4773 train_acc=0.7241 train_loss=0.5238 val_acc=0.7255 val_loss=0.5171 router_H=0.5301 best=0.7255
           router_load=[0.0, 0.23126168549060822, 0.7687382698059082, 0.0]
[step 0100/150] method=baseline_avg loss=0.4910 train_acc=0.8021 train_loss=0.4334 val_acc=0.7966 val_loss=0.4360 router_H=0.3664 best=0.7966
           router_load=[0.0, 0.05329599976539612, 0.8649457097053528, 0.08175808936357498]
[step 0110/150] method=baseline_avg loss=0.6854 train_acc=0.8021 train_loss=0.4334 val_acc=0.7966 val_loss=0.4360 router_H=0.3664 best=0.7966
           router_load=[0.0, 0.05329599976539612, 0.8649457097053528, 0.08175808936357498]
[step 0120/150] method=baseline_avg loss=0.1844 train_acc=0.8021 train_loss=0.4334 val_acc=0.7966 val_loss=0.4360 router_H=0.3664 best=0.7966
           router_load=[0.0, 0.05329599976539612, 0.8649457097053528, 0.08175808936357498]
[step 0130/150] method=baseline_avg loss=0.5358 train_acc=0.8021 train_loss=0.4334 val_acc=0.7966 val_loss=0.4360 router_H=0.3664 best=0.7966
           router_load=[0.0, 0.05329599976539612, 0.8649457097053528, 0.08175808936357498]
[step 0140/150] method=baseline_avg loss=0.8019 train_acc=0.8021 train_loss=0.4334 val_acc=0.7966 val_loss=0.4360 router_H=0.3664 best=0.7966
           router_load=[0.0, 0.05329599976539612, 0.8649457097053528, 0.08175808936357498]
[step 0150/150] method=baseline_avg loss=0.8421 train_acc=0.8457 train_loss=0.4417 val_acc=0.8505 val_loss=0.4471 router_H=0.3527 best=0.8505
           router_load=[0.004578915424644947, 0.1306847631931305, 0.8634263873100281, 0.0013099303469061852]
saved summary -> /home/zhujjing/MOE-grad-conflict-routing/runs/paper_suite/single_gpu/single_task/roberta_mrpc_ffn_e4_k2/hpo/baseline/trial_runs/coord_02_train_weight_decay_006/baseline_s2.json
saved curve -> /home/zhujjing/MOE-grad-conflict-routing/runs/paper_suite/single_gpu/single_task/roberta_mrpc_ffn_e4_k2/hpo/baseline/trial_runs/coord_02_train_weight_decay_006/baseline_s2_curve.csv
