[run] method=baseline candidate=coord_02_train_weight_decay_028 seed=2 steps=150 gpu=0
[run] cmd=
/home/zhujjing/anaconda3/envs/moe/bin/python /home/zhujjing/MOE-grad-conflict-routing/scripts/run.py --config configs/singletask_mrpc_real.yaml --set model.backbone_backend=hf --set model.hf_load_pretrained=true --set model.backbone=roberta --set model.hf_pretrained_name=roberta-base --set model.expert_type=ffn --set model.routing_mode=topk --set model.num_experts=4 --set model.top_k=2 --set seed=2 --set method.name=baseline_avg --set train.steps=150 --set train.eval_every_steps=50 --set train.grad_clip=1 --set train.lr=3.842377498e-05 --set train.weight_decay=0.002392015778 --out /home/zhujjing/MOE-grad-conflict-routing/runs/paper_suite/single_gpu/single_task/roberta_mrpc_ffn_e4_k2/hpo/baseline/trial_runs/coord_02_train_weight_decay_028/baseline_s2.json --curve_out /home/zhujjing/MOE-grad-conflict-routing/runs/paper_suite/single_gpu/single_task/roberta_mrpc_ffn_e4_k2/hpo/baseline/trial_runs/coord_02_train_weight_decay_028/baseline_s2_curve.csv
Using the latest cached version of the dataset since glue couldn't be found on the Hugging Face Hub (offline mode is enabled).
Found the latest cached dataset configuration 'mrpc' at /home/zhujjing/hf_cache/datasets/glue/mrpc/0.0.0/bcdcba79d07bc864c1c254ccfcedcce55bcc9a8c (last modified on Thu Mar 19 15:01:06 2026).
/home/zhujjing/anaconda3/envs/moe/lib/python3.10/site-packages/transformers/utils/hub.py:124: FutureWarning: Using `TRANSFORMERS_CACHE` is deprecated and will be removed in v5 of Transformers. Use `HF_HOME` instead.
  warnings.warn(
Some weights of RobertaModel were not initialized from the model checkpoint at roberta-base and are newly initialized: ['roberta.pooler.dense.bias', 'roberta.pooler.dense.weight']
You should probably TRAIN this model on a down-stream task to be able to use it for predictions and inference.
[step 0001/150] method=baseline_avg loss=0.6862 train_acc=nan train_loss=nan val_acc=nan val_loss=nan best=-1.0000
[step 0010/150] method=baseline_avg loss=0.7405 train_acc=nan train_loss=nan val_acc=nan val_loss=nan best=-1.0000
[step 0020/150] method=baseline_avg loss=0.6511 train_acc=nan train_loss=nan val_acc=nan val_loss=nan best=-1.0000
[step 0030/150] method=baseline_avg loss=0.6528 train_acc=nan train_loss=nan val_acc=nan val_loss=nan best=-1.0000
[step 0040/150] method=baseline_avg loss=0.5675 train_acc=nan train_loss=nan val_acc=nan val_loss=nan best=-1.0000
[step 0050/150] method=baseline_avg loss=0.4977 train_acc=0.7124 train_loss=0.5257 val_acc=0.7181 val_loss=0.5267 router_H=0.5851 best=0.7181
           router_load=[0.30773505568504333, 0.6922650337219238, 0.0, 0.0]
[step 0060/150] method=baseline_avg loss=0.6048 train_acc=0.7124 train_loss=0.5257 val_acc=0.7181 val_loss=0.5267 router_H=0.5851 best=0.7181
           router_load=[0.30773505568504333, 0.6922650337219238, 0.0, 0.0]
[step 0070/150] method=baseline_avg loss=0.3469 train_acc=0.7124 train_loss=0.5257 val_acc=0.7181 val_loss=0.5267 router_H=0.5851 best=0.7181
           router_load=[0.30773505568504333, 0.6922650337219238, 0.0, 0.0]
[step 0080/150] method=baseline_avg loss=0.4220 train_acc=0.7124 train_loss=0.5257 val_acc=0.7181 val_loss=0.5267 router_H=0.5851 best=0.7181
           router_load=[0.30773505568504333, 0.6922650337219238, 0.0, 0.0]
[step 0090/150] method=baseline_avg loss=0.3485 train_acc=0.7124 train_loss=0.5257 val_acc=0.7181 val_loss=0.5267 router_H=0.5851 best=0.7181
           router_load=[0.30773505568504333, 0.6922650337219238, 0.0, 0.0]
[step 0100/150] method=baseline_avg loss=0.5308 train_acc=0.7909 train_loss=0.4444 val_acc=0.7647 val_loss=0.4554 router_H=0.5141 best=0.7647
           router_load=[0.28158077597618103, 0.7174134254455566, 0.0, 0.0010056982282549143]
[step 0110/150] method=baseline_avg loss=0.5872 train_acc=0.7909 train_loss=0.4444 val_acc=0.7647 val_loss=0.4554 router_H=0.5141 best=0.7647
           router_load=[0.28158077597618103, 0.7174134254455566, 0.0, 0.0010056982282549143]
[step 0120/150] method=baseline_avg loss=0.3329 train_acc=0.7909 train_loss=0.4444 val_acc=0.7647 val_loss=0.4554 router_H=0.5141 best=0.7647
           router_load=[0.28158077597618103, 0.7174134254455566, 0.0, 0.0010056982282549143]
[step 0130/150] method=baseline_avg loss=0.6010 train_acc=0.7909 train_loss=0.4444 val_acc=0.7647 val_loss=0.4554 router_H=0.5141 best=0.7647
           router_load=[0.28158077597618103, 0.7174134254455566, 0.0, 0.0010056982282549143]
[step 0140/150] method=baseline_avg loss=0.2835 train_acc=0.7909 train_loss=0.4444 val_acc=0.7647 val_loss=0.4554 router_H=0.5141 best=0.7647
           router_load=[0.28158077597618103, 0.7174134254455566, 0.0, 0.0010056982282549143]
[step 0150/150] method=baseline_avg loss=0.8855 train_acc=0.8610 train_loss=0.3903 val_acc=0.8333 val_loss=0.4442 router_H=0.3450 best=0.8333
           router_load=[0.20031900703907013, 0.7976250648498535, 0.0008672853000462055, 0.001188559108413756]
saved summary -> /home/zhujjing/MOE-grad-conflict-routing/runs/paper_suite/single_gpu/single_task/roberta_mrpc_ffn_e4_k2/hpo/baseline/trial_runs/coord_02_train_weight_decay_028/baseline_s2.json
saved curve -> /home/zhujjing/MOE-grad-conflict-routing/runs/paper_suite/single_gpu/single_task/roberta_mrpc_ffn_e4_k2/hpo/baseline/trial_runs/coord_02_train_weight_decay_028/baseline_s2_curve.csv
