[run] method=baseline candidate=coord_02_train_weight_decay_027 seed=2 steps=150 gpu=0
[run] cmd=
/home/zhujjing/anaconda3/envs/moe/bin/python /home/zhujjing/MOE-grad-conflict-routing/scripts/run.py --config configs/singletask_mrpc_real.yaml --set model.backbone_backend=hf --set model.hf_load_pretrained=true --set model.backbone=roberta --set model.hf_pretrained_name=roberta-base --set model.expert_type=ffn --set model.routing_mode=topk --set model.num_experts=4 --set model.top_k=2 --set seed=2 --set method.name=baseline_avg --set train.steps=150 --set train.eval_every_steps=50 --set train.grad_clip=1 --set train.lr=3.842377498e-05 --set train.weight_decay=0.04621390262 --out /home/zhujjing/MOE-grad-conflict-routing/runs/paper_suite/single_gpu/single_task/roberta_mrpc_ffn_e4_k2/hpo/baseline/trial_runs/coord_02_train_weight_decay_027/baseline_s2.json --curve_out /home/zhujjing/MOE-grad-conflict-routing/runs/paper_suite/single_gpu/single_task/roberta_mrpc_ffn_e4_k2/hpo/baseline/trial_runs/coord_02_train_weight_decay_027/baseline_s2_curve.csv
Using the latest cached version of the dataset since glue couldn't be found on the Hugging Face Hub (offline mode is enabled).
Found the latest cached dataset configuration 'mrpc' at /home/zhujjing/hf_cache/datasets/glue/mrpc/0.0.0/bcdcba79d07bc864c1c254ccfcedcce55bcc9a8c (last modified on Thu Mar 19 15:01:06 2026).
/home/zhujjing/anaconda3/envs/moe/lib/python3.10/site-packages/transformers/utils/hub.py:124: FutureWarning: Using `TRANSFORMERS_CACHE` is deprecated and will be removed in v5 of Transformers. Use `HF_HOME` instead.
  warnings.warn(
Some weights of RobertaModel were not initialized from the model checkpoint at roberta-base and are newly initialized: ['roberta.pooler.dense.bias', 'roberta.pooler.dense.weight']
You should probably TRAIN this model on a down-stream task to be able to use it for predictions and inference.
[step 0001/150] method=baseline_avg loss=0.6762 train_acc=nan train_loss=nan val_acc=nan val_loss=nan best=-1.0000
[step 0010/150] method=baseline_avg loss=0.7495 train_acc=nan train_loss=nan val_acc=nan val_loss=nan best=-1.0000
[step 0020/150] method=baseline_avg loss=0.6548 train_acc=nan train_loss=nan val_acc=nan val_loss=nan best=-1.0000
[step 0030/150] method=baseline_avg loss=0.6508 train_acc=nan train_loss=nan val_acc=nan val_loss=nan best=-1.0000
[step 0040/150] method=baseline_avg loss=0.5376 train_acc=nan train_loss=nan val_acc=nan val_loss=nan best=-1.0000
[step 0050/150] method=baseline_avg loss=0.4951 train_acc=0.7661 train_loss=0.5316 val_acc=0.7574 val_loss=0.5341 router_H=0.4040 best=0.7574
           router_load=[0.06924043595790863, 0.8472093939781189, 0.005388741847127676, 0.07816152274608612]
[step 0060/150] method=baseline_avg loss=0.7321 train_acc=0.7661 train_loss=0.5316 val_acc=0.7574 val_loss=0.5341 router_H=0.4040 best=0.7574
           router_load=[0.06924043595790863, 0.8472093939781189, 0.005388741847127676, 0.07816152274608612]
[step 0070/150] method=baseline_avg loss=0.4812 train_acc=0.7661 train_loss=0.5316 val_acc=0.7574 val_loss=0.5341 router_H=0.4040 best=0.7574
           router_load=[0.06924043595790863, 0.8472093939781189, 0.005388741847127676, 0.07816152274608612]
[step 0080/150] method=baseline_avg loss=0.3159 train_acc=0.7661 train_loss=0.5316 val_acc=0.7574 val_loss=0.5341 router_H=0.4040 best=0.7574
           router_load=[0.06924043595790863, 0.8472093939781189, 0.005388741847127676, 0.07816152274608612]
[step 0090/150] method=baseline_avg loss=0.3491 train_acc=0.7661 train_loss=0.5316 val_acc=0.7574 val_loss=0.5341 router_H=0.4040 best=0.7574
           router_load=[0.06924043595790863, 0.8472093939781189, 0.005388741847127676, 0.07816152274608612]
[step 0100/150] method=baseline_avg loss=0.4910 train_acc=0.8250 train_loss=0.4017 val_acc=0.8162 val_loss=0.3886 router_H=0.2212 best=0.8162
           router_load=[0.049662064760923386, 0.9306225776672363, 0.0019946331158280373, 0.017720837146043777]
[step 0110/150] method=baseline_avg loss=0.6114 train_acc=0.8250 train_loss=0.4017 val_acc=0.8162 val_loss=0.3886 router_H=0.2212 best=0.8162
           router_load=[0.049662064760923386, 0.9306225776672363, 0.0019946331158280373, 0.017720837146043777]
[step 0120/150] method=baseline_avg loss=0.2862 train_acc=0.8250 train_loss=0.4017 val_acc=0.8162 val_loss=0.3886 router_H=0.2212 best=0.8162
           router_load=[0.049662064760923386, 0.9306225776672363, 0.0019946331158280373, 0.017720837146043777]
[step 0130/150] method=baseline_avg loss=0.5286 train_acc=0.8250 train_loss=0.4017 val_acc=0.8162 val_loss=0.3886 router_H=0.2212 best=0.8162
           router_load=[0.049662064760923386, 0.9306225776672363, 0.0019946331158280373, 0.017720837146043777]
[step 0140/150] method=baseline_avg loss=0.4195 train_acc=0.8250 train_loss=0.4017 val_acc=0.8162 val_loss=0.3886 router_H=0.2212 best=0.8162
           router_load=[0.049662064760923386, 0.9306225776672363, 0.0019946331158280373, 0.017720837146043777]
[step 0150/150] method=baseline_avg loss=0.6781 train_acc=0.8719 train_loss=0.3529 val_acc=0.8676 val_loss=0.3451 router_H=0.2008 best=0.8676
           router_load=[0.015296299941837788, 0.9433482885360718, 0.0007041057106107473, 0.04065138101577759]
saved summary -> /home/zhujjing/MOE-grad-conflict-routing/runs/paper_suite/single_gpu/single_task/roberta_mrpc_ffn_e4_k2/hpo/baseline/trial_runs/coord_02_train_weight_decay_027/baseline_s2.json
saved curve -> /home/zhujjing/MOE-grad-conflict-routing/runs/paper_suite/single_gpu/single_task/roberta_mrpc_ffn_e4_k2/hpo/baseline/trial_runs/coord_02_train_weight_decay_027/baseline_s2_curve.csv
