[run] method=baseline candidate=coord_02_train_weight_decay_019 seed=3 steps=150 gpu=0
[run] cmd=
/home/zhujjing/anaconda3/envs/moe/bin/python /home/zhujjing/MOE-grad-conflict-routing/scripts/run.py --config configs/singletask_mrpc_real.yaml --set model.backbone_backend=hf --set model.hf_load_pretrained=true --set model.backbone=roberta --set model.hf_pretrained_name=roberta-base --set model.expert_type=ffn --set model.routing_mode=topk --set model.num_experts=4 --set model.top_k=2 --set seed=3 --set method.name=baseline_avg --set train.steps=150 --set train.eval_every_steps=50 --set train.grad_clip=1 --set train.lr=3.842377498e-05 --set train.weight_decay=0.03290476974 --out /home/zhujjing/MOE-grad-conflict-routing/runs/paper_suite/single_gpu/single_task/roberta_mrpc_ffn_e4_k2/hpo/baseline/trial_runs/coord_02_train_weight_decay_019/baseline_s3.json --curve_out /home/zhujjing/MOE-grad-conflict-routing/runs/paper_suite/single_gpu/single_task/roberta_mrpc_ffn_e4_k2/hpo/baseline/trial_runs/coord_02_train_weight_decay_019/baseline_s3_curve.csv
Using the latest cached version of the dataset since glue couldn't be found on the Hugging Face Hub (offline mode is enabled).
Found the latest cached dataset configuration 'mrpc' at /home/zhujjing/hf_cache/datasets/glue/mrpc/0.0.0/bcdcba79d07bc864c1c254ccfcedcce55bcc9a8c (last modified on Thu Mar 19 15:01:06 2026).
/home/zhujjing/anaconda3/envs/moe/lib/python3.10/site-packages/transformers/utils/hub.py:124: FutureWarning: Using `TRANSFORMERS_CACHE` is deprecated and will be removed in v5 of Transformers. Use `HF_HOME` instead.
  warnings.warn(
Some weights of RobertaModel were not initialized from the model checkpoint at roberta-base and are newly initialized: ['roberta.pooler.dense.bias', 'roberta.pooler.dense.weight']
You should probably TRAIN this model on a down-stream task to be able to use it for predictions and inference.
[step 0001/150] method=baseline_avg loss=0.7035 train_acc=nan train_loss=nan val_acc=nan val_loss=nan best=-1.0000
[step 0010/150] method=baseline_avg loss=0.7575 train_acc=nan train_loss=nan val_acc=nan val_loss=nan best=-1.0000
[step 0020/150] method=baseline_avg loss=0.6843 train_acc=nan train_loss=nan val_acc=nan val_loss=nan best=-1.0000
[step 0030/150] method=baseline_avg loss=0.5506 train_acc=nan train_loss=nan val_acc=nan val_loss=nan best=-1.0000
[step 0040/150] method=baseline_avg loss=0.6114 train_acc=nan train_loss=nan val_acc=nan val_loss=nan best=-1.0000
[step 0050/150] method=baseline_avg loss=0.4468 train_acc=0.7650 train_loss=0.5088 val_acc=0.7672 val_loss=0.5187 router_H=0.4204 best=0.7672
           router_load=[0.7845703363418579, 0.02942277118563652, 0.008957350626587868, 0.17704957723617554]
[step 0060/150] method=baseline_avg loss=0.4398 train_acc=0.7650 train_loss=0.5088 val_acc=0.7672 val_loss=0.5187 router_H=0.4204 best=0.7672
           router_load=[0.7845703363418579, 0.02942277118563652, 0.008957350626587868, 0.17704957723617554]
[step 0070/150] method=baseline_avg loss=0.5466 train_acc=0.7650 train_loss=0.5088 val_acc=0.7672 val_loss=0.5187 router_H=0.4204 best=0.7672
           router_load=[0.7845703363418579, 0.02942277118563652, 0.008957350626587868, 0.17704957723617554]
[step 0080/150] method=baseline_avg loss=0.4586 train_acc=0.7650 train_loss=0.5088 val_acc=0.7672 val_loss=0.5187 router_H=0.4204 best=0.7672
           router_load=[0.7845703363418579, 0.02942277118563652, 0.008957350626587868, 0.17704957723617554]
[step 0090/150] method=baseline_avg loss=0.8276 train_acc=0.7650 train_loss=0.5088 val_acc=0.7672 val_loss=0.5187 router_H=0.4204 best=0.7672
           router_load=[0.7845703363418579, 0.02942277118563652, 0.008957350626587868, 0.17704957723617554]
[step 0100/150] method=baseline_avg loss=0.4881 train_acc=0.8408 train_loss=0.3854 val_acc=0.8137 val_loss=0.3967 router_H=0.5182 best=0.8137
           router_load=[0.6975560188293457, 0.10681545734405518, 0.0, 0.19562844932079315]
[step 0110/150] method=baseline_avg loss=0.4776 train_acc=0.8408 train_loss=0.3854 val_acc=0.8137 val_loss=0.3967 router_H=0.5182 best=0.8137
           router_load=[0.6975560188293457, 0.10681545734405518, 0.0, 0.19562844932079315]
[step 0120/150] method=baseline_avg loss=0.1965 train_acc=0.8408 train_loss=0.3854 val_acc=0.8137 val_loss=0.3967 router_H=0.5182 best=0.8137
           router_load=[0.6975560188293457, 0.10681545734405518, 0.0, 0.19562844932079315]
[step 0130/150] method=baseline_avg loss=0.4506 train_acc=0.8408 train_loss=0.3854 val_acc=0.8137 val_loss=0.3967 router_H=0.5182 best=0.8137
           router_load=[0.6975560188293457, 0.10681545734405518, 0.0, 0.19562844932079315]
[step 0140/150] method=baseline_avg loss=0.6014 train_acc=0.8408 train_loss=0.3854 val_acc=0.8137 val_loss=0.3967 router_H=0.5182 best=0.8137
           router_load=[0.6975560188293457, 0.10681545734405518, 0.0, 0.19562844932079315]
[step 0150/150] method=baseline_avg loss=0.5329 train_acc=0.8389 train_loss=0.3726 val_acc=0.7990 val_loss=0.4116 router_H=0.4855 best=0.8137
           router_load=[0.7048912048339844, 0.04576815664768219, 0.0, 0.2493407279253006]
saved summary -> /home/zhujjing/MOE-grad-conflict-routing/runs/paper_suite/single_gpu/single_task/roberta_mrpc_ffn_e4_k2/hpo/baseline/trial_runs/coord_02_train_weight_decay_019/baseline_s3.json
saved curve -> /home/zhujjing/MOE-grad-conflict-routing/runs/paper_suite/single_gpu/single_task/roberta_mrpc_ffn_e4_k2/hpo/baseline/trial_runs/coord_02_train_weight_decay_019/baseline_s3_curve.csv
