[run] method=baseline candidate=coord_02_train_weight_decay_007 seed=3 steps=150 gpu=0
[run] cmd=
/home/zhujjing/anaconda3/envs/moe/bin/python /home/zhujjing/MOE-grad-conflict-routing/scripts/run.py --config configs/singletask_mrpc_real.yaml --set model.backbone_backend=hf --set model.hf_load_pretrained=true --set model.backbone=roberta --set model.hf_pretrained_name=roberta-base --set model.expert_type=ffn --set model.routing_mode=topk --set model.num_experts=4 --set model.top_k=2 --set seed=3 --set method.name=baseline_avg --set train.steps=150 --set train.eval_every_steps=50 --set train.grad_clip=1 --set train.lr=3.842377498e-05 --set train.weight_decay=0.007589584458 --out /home/zhujjing/MOE-grad-conflict-routing/runs/paper_suite/single_gpu/single_task/roberta_mrpc_ffn_e4_k2/hpo/baseline/trial_runs/coord_02_train_weight_decay_007/baseline_s3.json --curve_out /home/zhujjing/MOE-grad-conflict-routing/runs/paper_suite/single_gpu/single_task/roberta_mrpc_ffn_e4_k2/hpo/baseline/trial_runs/coord_02_train_weight_decay_007/baseline_s3_curve.csv
Using the latest cached version of the dataset since glue couldn't be found on the Hugging Face Hub (offline mode is enabled).
Found the latest cached dataset configuration 'mrpc' at /home/zhujjing/hf_cache/datasets/glue/mrpc/0.0.0/bcdcba79d07bc864c1c254ccfcedcce55bcc9a8c (last modified on Thu Mar 19 15:01:06 2026).
/home/zhujjing/anaconda3/envs/moe/lib/python3.10/site-packages/transformers/utils/hub.py:124: FutureWarning: Using `TRANSFORMERS_CACHE` is deprecated and will be removed in v5 of Transformers. Use `HF_HOME` instead.
  warnings.warn(
Some weights of RobertaModel were not initialized from the model checkpoint at roberta-base and are newly initialized: ['roberta.pooler.dense.bias', 'roberta.pooler.dense.weight']
You should probably TRAIN this model on a down-stream task to be able to use it for predictions and inference.
[step 0001/150] method=baseline_avg loss=0.7118 train_acc=nan train_loss=nan val_acc=nan val_loss=nan best=-1.0000
[step 0010/150] method=baseline_avg loss=0.6779 train_acc=nan train_loss=nan val_acc=nan val_loss=nan best=-1.0000
[step 0020/150] method=baseline_avg loss=0.7420 train_acc=nan train_loss=nan val_acc=nan val_loss=nan best=-1.0000
[step 0030/150] method=baseline_avg loss=0.5421 train_acc=nan train_loss=nan val_acc=nan val_loss=nan best=-1.0000
[step 0040/150] method=baseline_avg loss=0.5176 train_acc=nan train_loss=nan val_acc=nan val_loss=nan best=-1.0000
[step 0050/150] method=baseline_avg loss=0.4082 train_acc=0.7966 train_loss=0.4615 val_acc=0.7990 val_loss=0.4515 router_H=0.4411 best=0.7990
           router_load=[0.014931957237422466, 0.24494683742523193, 0.006836290005594492, 0.7332848310470581]
[step 0060/150] method=baseline_avg loss=0.4847 train_acc=0.7966 train_loss=0.4615 val_acc=0.7990 val_loss=0.4515 router_H=0.4411 best=0.7990
           router_load=[0.014931957237422466, 0.24494683742523193, 0.006836290005594492, 0.7332848310470581]
[step 0070/150] method=baseline_avg loss=0.3762 train_acc=0.7966 train_loss=0.4615 val_acc=0.7990 val_loss=0.4515 router_H=0.4411 best=0.7990
           router_load=[0.014931957237422466, 0.24494683742523193, 0.006836290005594492, 0.7332848310470581]
[step 0080/150] method=baseline_avg loss=0.4823 train_acc=0.7966 train_loss=0.4615 val_acc=0.7990 val_loss=0.4515 router_H=0.4411 best=0.7990
           router_load=[0.014931957237422466, 0.24494683742523193, 0.006836290005594492, 0.7332848310470581]
[step 0090/150] method=baseline_avg loss=0.5456 train_acc=0.7966 train_loss=0.4615 val_acc=0.7990 val_loss=0.4515 router_H=0.4411 best=0.7990
           router_load=[0.014931957237422466, 0.24494683742523193, 0.006836290005594492, 0.7332848310470581]
[step 0100/150] method=baseline_avg loss=0.5627 train_acc=0.8359 train_loss=0.3717 val_acc=0.8211 val_loss=0.3805 router_H=0.4788 best=0.8211
           router_load=[0.0030101335141807795, 0.3413851857185364, 0.007151186931878328, 0.6484535336494446]
[step 0110/150] method=baseline_avg loss=0.4607 train_acc=0.8359 train_loss=0.3717 val_acc=0.8211 val_loss=0.3805 router_H=0.4788 best=0.8211
           router_load=[0.0030101335141807795, 0.3413851857185364, 0.007151186931878328, 0.6484535336494446]
[step 0120/150] method=baseline_avg loss=0.3756 train_acc=0.8359 train_loss=0.3717 val_acc=0.8211 val_loss=0.3805 router_H=0.4788 best=0.8211
           router_load=[0.0030101335141807795, 0.3413851857185364, 0.007151186931878328, 0.6484535336494446]
[step 0130/150] method=baseline_avg loss=0.4215 train_acc=0.8359 train_loss=0.3717 val_acc=0.8211 val_loss=0.3805 router_H=0.4788 best=0.8211
           router_load=[0.0030101335141807795, 0.3413851857185364, 0.007151186931878328, 0.6484535336494446]
[step 0140/150] method=baseline_avg loss=0.7248 train_acc=0.8359 train_loss=0.3717 val_acc=0.8211 val_loss=0.3805 router_H=0.4788 best=0.8211
           router_load=[0.0030101335141807795, 0.3413851857185364, 0.007151186931878328, 0.6484535336494446]
[step 0150/150] method=baseline_avg loss=0.5989 train_acc=0.8451 train_loss=0.4612 val_acc=0.8333 val_loss=0.5092 router_H=0.3191 best=0.8333
           router_load=[0.010228867642581463, 0.1656840294599533, 0.06128239631652832, 0.7628046870231628]
saved summary -> /home/zhujjing/MOE-grad-conflict-routing/runs/paper_suite/single_gpu/single_task/roberta_mrpc_ffn_e4_k2/hpo/baseline/trial_runs/coord_02_train_weight_decay_007/baseline_s3.json
saved curve -> /home/zhujjing/MOE-grad-conflict-routing/runs/paper_suite/single_gpu/single_task/roberta_mrpc_ffn_e4_k2/hpo/baseline/trial_runs/coord_02_train_weight_decay_007/baseline_s3_curve.csv
