[run] method=baseline candidate=coord_02_train_weight_decay_007 seed=2 steps=150 gpu=0
[run] cmd=
/home/zhujjing/anaconda3/envs/moe/bin/python /home/zhujjing/MOE-grad-conflict-routing/scripts/run.py --config configs/singletask_mrpc_real.yaml --set model.backbone_backend=hf --set model.hf_load_pretrained=true --set model.backbone=roberta --set model.hf_pretrained_name=roberta-base --set model.expert_type=ffn --set model.routing_mode=topk --set model.num_experts=4 --set model.top_k=2 --set seed=2 --set method.name=baseline_avg --set train.steps=150 --set train.eval_every_steps=50 --set train.grad_clip=1 --set train.lr=3.842377498e-05 --set train.weight_decay=0.007589584458 --out /home/zhujjing/MOE-grad-conflict-routing/runs/paper_suite/single_gpu/single_task/roberta_mrpc_ffn_e4_k2/hpo/baseline/trial_runs/coord_02_train_weight_decay_007/baseline_s2.json --curve_out /home/zhujjing/MOE-grad-conflict-routing/runs/paper_suite/single_gpu/single_task/roberta_mrpc_ffn_e4_k2/hpo/baseline/trial_runs/coord_02_train_weight_decay_007/baseline_s2_curve.csv
Using the latest cached version of the dataset since glue couldn't be found on the Hugging Face Hub (offline mode is enabled).
Found the latest cached dataset configuration 'mrpc' at /home/zhujjing/hf_cache/datasets/glue/mrpc/0.0.0/bcdcba79d07bc864c1c254ccfcedcce55bcc9a8c (last modified on Thu Mar 19 15:01:06 2026).
/home/zhujjing/anaconda3/envs/moe/lib/python3.10/site-packages/transformers/utils/hub.py:124: FutureWarning: Using `TRANSFORMERS_CACHE` is deprecated and will be removed in v5 of Transformers. Use `HF_HOME` instead.
  warnings.warn(
Some weights of RobertaModel were not initialized from the model checkpoint at roberta-base and are newly initialized: ['roberta.pooler.dense.bias', 'roberta.pooler.dense.weight']
You should probably TRAIN this model on a down-stream task to be able to use it for predictions and inference.
[step 0001/150] method=baseline_avg loss=0.6884 train_acc=nan train_loss=nan val_acc=nan val_loss=nan best=-1.0000
[step 0010/150] method=baseline_avg loss=0.7075 train_acc=nan train_loss=nan val_acc=nan val_loss=nan best=-1.0000
[step 0020/150] method=baseline_avg loss=0.6806 train_acc=nan train_loss=nan val_acc=nan val_loss=nan best=-1.0000
[step 0030/150] method=baseline_avg loss=0.7092 train_acc=nan train_loss=nan val_acc=nan val_loss=nan best=-1.0000
[step 0040/150] method=baseline_avg loss=0.6042 train_acc=nan train_loss=nan val_acc=nan val_loss=nan best=-1.0000
[step 0050/150] method=baseline_avg loss=0.6079 train_acc=0.6791 train_loss=0.5888 val_acc=0.6618 val_loss=0.5882 router_H=0.5347 best=0.6618
           router_load=[0.042752016335725784, 0.7069762945175171, 0.06575573980808258, 0.18451589345932007]
[step 0060/150] method=baseline_avg loss=0.7410 train_acc=0.6791 train_loss=0.5888 val_acc=0.6618 val_loss=0.5882 router_H=0.5347 best=0.6618
           router_load=[0.042752016335725784, 0.7069762945175171, 0.06575573980808258, 0.18451589345932007]
[step 0070/150] method=baseline_avg loss=0.4522 train_acc=0.6791 train_loss=0.5888 val_acc=0.6618 val_loss=0.5882 router_H=0.5347 best=0.6618
           router_load=[0.042752016335725784, 0.7069762945175171, 0.06575573980808258, 0.18451589345932007]
[step 0080/150] method=baseline_avg loss=0.5498 train_acc=0.6791 train_loss=0.5888 val_acc=0.6618 val_loss=0.5882 router_H=0.5347 best=0.6618
           router_load=[0.042752016335725784, 0.7069762945175171, 0.06575573980808258, 0.18451589345932007]
[step 0090/150] method=baseline_avg loss=0.4694 train_acc=0.6791 train_loss=0.5888 val_acc=0.6618 val_loss=0.5882 router_H=0.5347 best=0.6618
           router_load=[0.042752016335725784, 0.7069762945175171, 0.06575573980808258, 0.18451589345932007]
[step 0100/150] method=baseline_avg loss=0.5475 train_acc=0.7462 train_loss=0.4887 val_acc=0.7525 val_loss=0.4721 router_H=0.4314 best=0.7525
           router_load=[0.0011821802472695708, 0.8218252658843994, 0.020348628982901573, 0.15664388239383698]
[step 0110/150] method=baseline_avg loss=0.6343 train_acc=0.7462 train_loss=0.4887 val_acc=0.7525 val_loss=0.4721 router_H=0.4314 best=0.7525
           router_load=[0.0011821802472695708, 0.8218252658843994, 0.020348628982901573, 0.15664388239383698]
[step 0120/150] method=baseline_avg loss=0.2595 train_acc=0.7462 train_loss=0.4887 val_acc=0.7525 val_loss=0.4721 router_H=0.4314 best=0.7525
           router_load=[0.0011821802472695708, 0.8218252658843994, 0.020348628982901573, 0.15664388239383698]
[step 0130/150] method=baseline_avg loss=0.5276 train_acc=0.7462 train_loss=0.4887 val_acc=0.7525 val_loss=0.4721 router_H=0.4314 best=0.7525
           router_load=[0.0011821802472695708, 0.8218252658843994, 0.020348628982901573, 0.15664388239383698]
[step 0140/150] method=baseline_avg loss=0.4870 train_acc=0.7462 train_loss=0.4887 val_acc=0.7525 val_loss=0.4721 router_H=0.4314 best=0.7525
           router_load=[0.0011821802472695708, 0.8218252658843994, 0.020348628982901573, 0.15664388239383698]
[step 0150/150] method=baseline_avg loss=0.6723 train_acc=0.8274 train_loss=0.4669 val_acc=0.8505 val_loss=0.4369 router_H=0.2916 best=0.8505
           router_load=[0.018258335068821907, 0.8538355827331543, 0.044177256524562836, 0.08372882008552551]
saved summary -> /home/zhujjing/MOE-grad-conflict-routing/runs/paper_suite/single_gpu/single_task/roberta_mrpc_ffn_e4_k2/hpo/baseline/trial_runs/coord_02_train_weight_decay_007/baseline_s2.json
saved curve -> /home/zhujjing/MOE-grad-conflict-routing/runs/paper_suite/single_gpu/single_task/roberta_mrpc_ffn_e4_k2/hpo/baseline/trial_runs/coord_02_train_weight_decay_007/baseline_s2_curve.csv
