[run] method=baseline candidate=coord_02_train_weight_decay_005 seed=2 steps=150 gpu=0
[run] cmd=
/home/zhujjing/anaconda3/envs/moe/bin/python /home/zhujjing/MOE-grad-conflict-routing/scripts/run.py --config configs/singletask_mrpc_real.yaml --set model.backbone_backend=hf --set model.hf_load_pretrained=true --set model.backbone=roberta --set model.hf_pretrained_name=roberta-base --set model.expert_type=ffn --set model.routing_mode=topk --set model.num_experts=4 --set model.top_k=2 --set seed=2 --set method.name=baseline_avg --set train.steps=150 --set train.eval_every_steps=50 --set train.grad_clip=1 --set train.lr=3.842377498e-05 --set train.weight_decay=0.01546097608 --out /home/zhujjing/MOE-grad-conflict-routing/runs/paper_suite/single_gpu/single_task/roberta_mrpc_ffn_e4_k2/hpo/baseline/trial_runs/coord_02_train_weight_decay_005/baseline_s2.json --curve_out /home/zhujjing/MOE-grad-conflict-routing/runs/paper_suite/single_gpu/single_task/roberta_mrpc_ffn_e4_k2/hpo/baseline/trial_runs/coord_02_train_weight_decay_005/baseline_s2_curve.csv
Using the latest cached version of the dataset since glue couldn't be found on the Hugging Face Hub (offline mode is enabled).
Found the latest cached dataset configuration 'mrpc' at /home/zhujjing/hf_cache/datasets/glue/mrpc/0.0.0/bcdcba79d07bc864c1c254ccfcedcce55bcc9a8c (last modified on Thu Mar 19 15:01:06 2026).
/home/zhujjing/anaconda3/envs/moe/lib/python3.10/site-packages/transformers/utils/hub.py:124: FutureWarning: Using `TRANSFORMERS_CACHE` is deprecated and will be removed in v5 of Transformers. Use `HF_HOME` instead.
  warnings.warn(
Some weights of RobertaModel were not initialized from the model checkpoint at roberta-base and are newly initialized: ['roberta.pooler.dense.bias', 'roberta.pooler.dense.weight']
You should probably TRAIN this model on a down-stream task to be able to use it for predictions and inference.
[step 0001/150] method=baseline_avg loss=0.6978 train_acc=nan train_loss=nan val_acc=nan val_loss=nan best=-1.0000
[step 0010/150] method=baseline_avg loss=0.6890 train_acc=nan train_loss=nan val_acc=nan val_loss=nan best=-1.0000
[step 0020/150] method=baseline_avg loss=0.6659 train_acc=nan train_loss=nan val_acc=nan val_loss=nan best=-1.0000
[step 0030/150] method=baseline_avg loss=0.6355 train_acc=nan train_loss=nan val_acc=nan val_loss=nan best=-1.0000
[step 0040/150] method=baseline_avg loss=0.5459 train_acc=nan train_loss=nan val_acc=nan val_loss=nan best=-1.0000
[step 0050/150] method=baseline_avg loss=0.5177 train_acc=0.7587 train_loss=0.5310 val_acc=0.7647 val_loss=0.5250 router_H=0.6382 best=0.7647
           router_load=[0.6437991857528687, 0.0, 0.35620078444480896, 0.0]
[step 0060/150] method=baseline_avg loss=0.6426 train_acc=0.7587 train_loss=0.5310 val_acc=0.7647 val_loss=0.5250 router_H=0.6382 best=0.7647
           router_load=[0.6437991857528687, 0.0, 0.35620078444480896, 0.0]
[step 0070/150] method=baseline_avg loss=0.3477 train_acc=0.7587 train_loss=0.5310 val_acc=0.7647 val_loss=0.5250 router_H=0.6382 best=0.7647
           router_load=[0.6437991857528687, 0.0, 0.35620078444480896, 0.0]
[step 0080/150] method=baseline_avg loss=0.4571 train_acc=0.7587 train_loss=0.5310 val_acc=0.7647 val_loss=0.5250 router_H=0.6382 best=0.7647
           router_load=[0.6437991857528687, 0.0, 0.35620078444480896, 0.0]
[step 0090/150] method=baseline_avg loss=0.5277 train_acc=0.7587 train_loss=0.5310 val_acc=0.7647 val_loss=0.5250 router_H=0.6382 best=0.7647
           router_load=[0.6437991857528687, 0.0, 0.35620078444480896, 0.0]
[step 0100/150] method=baseline_avg loss=0.5240 train_acc=0.8171 train_loss=0.4482 val_acc=0.8113 val_loss=0.4446 router_H=0.6029 best=0.8113
           router_load=[0.6482632756233215, 0.039421938359737396, 0.31231480836868286, 0.0]
[step 0110/150] method=baseline_avg loss=0.7137 train_acc=0.8171 train_loss=0.4482 val_acc=0.8113 val_loss=0.4446 router_H=0.6029 best=0.8113
           router_load=[0.6482632756233215, 0.039421938359737396, 0.31231480836868286, 0.0]
[step 0120/150] method=baseline_avg loss=0.2265 train_acc=0.8171 train_loss=0.4482 val_acc=0.8113 val_loss=0.4446 router_H=0.6029 best=0.8113
           router_load=[0.6482632756233215, 0.039421938359737396, 0.31231480836868286, 0.0]
[step 0130/150] method=baseline_avg loss=0.5302 train_acc=0.8171 train_loss=0.4482 val_acc=0.8113 val_loss=0.4446 router_H=0.6029 best=0.8113
           router_load=[0.6482632756233215, 0.039421938359737396, 0.31231480836868286, 0.0]
[step 0140/150] method=baseline_avg loss=0.4271 train_acc=0.8171 train_loss=0.4482 val_acc=0.8113 val_loss=0.4446 router_H=0.6029 best=0.8113
           router_load=[0.6482632756233215, 0.039421938359737396, 0.31231480836868286, 0.0]
[step 0150/150] method=baseline_avg loss=0.7772 train_acc=0.7685 train_loss=0.6422 val_acc=0.7647 val_loss=0.6618 router_H=0.5189 best=0.8113
           router_load=[0.7736214399337769, 0.1619822382926941, 0.06439638882875443, 0.0]
saved summary -> /home/zhujjing/MOE-grad-conflict-routing/runs/paper_suite/single_gpu/single_task/roberta_mrpc_ffn_e4_k2/hpo/baseline/trial_runs/coord_02_train_weight_decay_005/baseline_s2.json
saved curve -> /home/zhujjing/MOE-grad-conflict-routing/runs/paper_suite/single_gpu/single_task/roberta_mrpc_ffn_e4_k2/hpo/baseline/trial_runs/coord_02_train_weight_decay_005/baseline_s2_curve.csv
