[run] method=cagrad candidate=coord_02_train_weight_decay_011 seed=2 steps=150 gpu=0
[run] cmd=
/home/zhujjing/anaconda3/envs/moe/bin/python /home/zhujjing/MOE-grad-conflict-routing/scripts/run.py --config configs/singletask_rte_real.yaml --set model.backbone_backend=hf --set model.hf_load_pretrained=true --set model.backbone=roberta --set model.hf_pretrained_name=roberta-base --set model.expert_type=ffn --set model.routing_mode=topk --set model.num_experts=4 --set model.top_k=2 --set seed=2 --set method.name=baseline_cagrad --set train.steps=150 --set train.eval_every_steps=50 --set method.baseline_cagrad.c=0.4 --set method.baseline_cagrad.inner_lr=0.1 --set train.grad_clip=1 --set train.lr=2.52305587e-05 --set train.weight_decay=0.01566577443 --out /home/zhujjing/MOE-grad-conflict-routing/runs/paper_suite/single_gpu/single_task/roberta_rte_ffn_e4_k2/hpo/cagrad/trial_runs/coord_02_train_weight_decay_011/cagrad_s2.json --curve_out /home/zhujjing/MOE-grad-conflict-routing/runs/paper_suite/single_gpu/single_task/roberta_rte_ffn_e4_k2/hpo/cagrad/trial_runs/coord_02_train_weight_decay_011/cagrad_s2_curve.csv
Using the latest cached version of the dataset since glue couldn't be found on the Hugging Face Hub (offline mode is enabled).
Found the latest cached dataset configuration 'rte' at /home/zhujjing/hf_cache/datasets/glue/rte/0.0.0/bcdcba79d07bc864c1c254ccfcedcce55bcc9a8c (last modified on Thu Mar 19 15:00:36 2026).
/home/zhujjing/anaconda3/envs/moe/lib/python3.10/site-packages/transformers/utils/hub.py:124: FutureWarning: Using `TRANSFORMERS_CACHE` is deprecated and will be removed in v5 of Transformers. Use `HF_HOME` instead.
  warnings.warn(
Some weights of RobertaModel were not initialized from the model checkpoint at roberta-base and are newly initialized: ['roberta.pooler.dense.bias', 'roberta.pooler.dense.weight']
You should probably TRAIN this model on a down-stream task to be able to use it for predictions and inference.
[step 0001/150] method=baseline_cagrad loss=0.6949 train_acc=nan train_loss=nan val_acc=nan val_loss=nan best=-1.0000
[step 0010/150] method=baseline_cagrad loss=0.7729 train_acc=nan train_loss=nan val_acc=nan val_loss=nan best=-1.0000
[step 0020/150] method=baseline_cagrad loss=0.6765 train_acc=nan train_loss=nan val_acc=nan val_loss=nan best=-1.0000
[step 0030/150] method=baseline_cagrad loss=0.6809 train_acc=nan train_loss=nan val_acc=nan val_loss=nan best=-1.0000
[step 0040/150] method=baseline_cagrad loss=0.7106 train_acc=nan train_loss=nan val_acc=nan val_loss=nan best=-1.0000
[step 0050/150] method=baseline_cagrad loss=0.5421 train_acc=0.6378 train_loss=0.6770 val_acc=0.6245 val_loss=0.6791 router_H=0.6067 best=0.6245
           router_load=[0.22824282944202423, 0.0024366003926843405, 0.6746858358383179, 0.09463478624820709]
[step 0060/150] method=baseline_cagrad loss=0.6424 train_acc=0.6378 train_loss=0.6770 val_acc=0.6245 val_loss=0.6791 router_H=0.6067 best=0.6245
           router_load=[0.22824282944202423, 0.0024366003926843405, 0.6746858358383179, 0.09463478624820709]
[step 0070/150] method=baseline_cagrad loss=0.6540 train_acc=0.6378 train_loss=0.6770 val_acc=0.6245 val_loss=0.6791 router_H=0.6067 best=0.6245
           router_load=[0.22824282944202423, 0.0024366003926843405, 0.6746858358383179, 0.09463478624820709]
[step 0080/150] method=baseline_cagrad loss=0.6121 train_acc=0.6378 train_loss=0.6770 val_acc=0.6245 val_loss=0.6791 router_H=0.6067 best=0.6245
           router_load=[0.22824282944202423, 0.0024366003926843405, 0.6746858358383179, 0.09463478624820709]
[step 0090/150] method=baseline_cagrad loss=0.5733 train_acc=0.6378 train_loss=0.6770 val_acc=0.6245 val_loss=0.6791 router_H=0.6067 best=0.6245
           router_load=[0.22824282944202423, 0.0024366003926843405, 0.6746858358383179, 0.09463478624820709]
[step 0100/150] method=baseline_cagrad loss=0.5655 train_acc=0.7414 train_loss=0.5673 val_acc=0.6715 val_loss=0.6135 router_H=0.6140 best=0.6715
           router_load=[0.3205282986164093, 0.0, 0.6713489294052124, 0.00812278501689434]
[step 0110/150] method=baseline_cagrad loss=0.6341 train_acc=0.7414 train_loss=0.5673 val_acc=0.6715 val_loss=0.6135 router_H=0.6140 best=0.6715
           router_load=[0.3205282986164093, 0.0, 0.6713489294052124, 0.00812278501689434]
[step 0120/150] method=baseline_cagrad loss=0.5548 train_acc=0.7414 train_loss=0.5673 val_acc=0.6715 val_loss=0.6135 router_H=0.6140 best=0.6715
           router_load=[0.3205282986164093, 0.0, 0.6713489294052124, 0.00812278501689434]
[step 0130/150] method=baseline_cagrad loss=0.5907 train_acc=0.7414 train_loss=0.5673 val_acc=0.6715 val_loss=0.6135 router_H=0.6140 best=0.6715
           router_load=[0.3205282986164093, 0.0, 0.6713489294052124, 0.00812278501689434]
[step 0140/150] method=baseline_cagrad loss=0.6598 train_acc=0.7414 train_loss=0.5673 val_acc=0.6715 val_loss=0.6135 router_H=0.6140 best=0.6715
           router_load=[0.3205282986164093, 0.0, 0.6713489294052124, 0.00812278501689434]
[step 0150/150] method=baseline_cagrad loss=0.6082 train_acc=0.7032 train_loss=0.6111 val_acc=0.6751 val_loss=0.6321 router_H=0.6328 best=0.6751
           router_load=[0.28504040837287903, 0.0, 0.6675774455070496, 0.047382306307554245]
saved summary -> /home/zhujjing/MOE-grad-conflict-routing/runs/paper_suite/single_gpu/single_task/roberta_rte_ffn_e4_k2/hpo/cagrad/trial_runs/coord_02_train_weight_decay_011/cagrad_s2.json
saved curve -> /home/zhujjing/MOE-grad-conflict-routing/runs/paper_suite/single_gpu/single_task/roberta_rte_ffn_e4_k2/hpo/cagrad/trial_runs/coord_02_train_weight_decay_011/cagrad_s2_curve.csv
