[run] method=cagrad candidate=coord_02_train_weight_decay_009 seed=3 steps=150 gpu=0
[run] cmd=
/home/zhujjing/anaconda3/envs/moe/bin/python /home/zhujjing/MOE-grad-conflict-routing/scripts/run.py --config configs/singletask_rte_real.yaml --set model.backbone_backend=hf --set model.hf_load_pretrained=true --set model.backbone=roberta --set model.hf_pretrained_name=roberta-base --set model.expert_type=ffn --set model.routing_mode=topk --set model.num_experts=4 --set model.top_k=2 --set seed=3 --set method.name=baseline_cagrad --set train.steps=150 --set train.eval_every_steps=50 --set method.baseline_cagrad.c=0.4 --set method.baseline_cagrad.inner_lr=0.1 --set train.grad_clip=1 --set train.lr=2.52305587e-05 --set train.weight_decay=0.009393496225 --out /home/zhujjing/MOE-grad-conflict-routing/runs/paper_suite/single_gpu/single_task/roberta_rte_ffn_e4_k2/hpo/cagrad/trial_runs/coord_02_train_weight_decay_009/cagrad_s3.json --curve_out /home/zhujjing/MOE-grad-conflict-routing/runs/paper_suite/single_gpu/single_task/roberta_rte_ffn_e4_k2/hpo/cagrad/trial_runs/coord_02_train_weight_decay_009/cagrad_s3_curve.csv
Using the latest cached version of the dataset since glue couldn't be found on the Hugging Face Hub (offline mode is enabled).
Found the latest cached dataset configuration 'rte' at /home/zhujjing/hf_cache/datasets/glue/rte/0.0.0/bcdcba79d07bc864c1c254ccfcedcce55bcc9a8c (last modified on Thu Mar 19 15:00:36 2026).
/home/zhujjing/anaconda3/envs/moe/lib/python3.10/site-packages/transformers/utils/hub.py:124: FutureWarning: Using `TRANSFORMERS_CACHE` is deprecated and will be removed in v5 of Transformers. Use `HF_HOME` instead.
  warnings.warn(
Some weights of RobertaModel were not initialized from the model checkpoint at roberta-base and are newly initialized: ['roberta.pooler.dense.bias', 'roberta.pooler.dense.weight']
You should probably TRAIN this model on a down-stream task to be able to use it for predictions and inference.
[step 0001/150] method=baseline_cagrad loss=0.6957 train_acc=nan train_loss=nan val_acc=nan val_loss=nan best=-1.0000
[step 0010/150] method=baseline_cagrad loss=0.7038 train_acc=nan train_loss=nan val_acc=nan val_loss=nan best=-1.0000
[step 0020/150] method=baseline_cagrad loss=0.6894 train_acc=nan train_loss=nan val_acc=nan val_loss=nan best=-1.0000
[step 0030/150] method=baseline_cagrad loss=0.6801 train_acc=nan train_loss=nan val_acc=nan val_loss=nan best=-1.0000
[step 0040/150] method=baseline_cagrad loss=0.6783 train_acc=nan train_loss=nan val_acc=nan val_loss=nan best=-1.0000
[step 0050/150] method=baseline_cagrad loss=0.6743 train_acc=0.5554 train_loss=0.6748 val_acc=0.5126 val_loss=0.7038 router_H=0.5319 best=0.5126
           router_load=[0.7702227234840393, 0.14525803923606873, 0.08327963203191757, 0.0012395473895594478]
[step 0060/150] method=baseline_cagrad loss=0.6188 train_acc=0.5554 train_loss=0.6748 val_acc=0.5126 val_loss=0.7038 router_H=0.5319 best=0.5126
           router_load=[0.7702227234840393, 0.14525803923606873, 0.08327963203191757, 0.0012395473895594478]
[step 0070/150] method=baseline_cagrad loss=0.6897 train_acc=0.5554 train_loss=0.6748 val_acc=0.5126 val_loss=0.7038 router_H=0.5319 best=0.5126
           router_load=[0.7702227234840393, 0.14525803923606873, 0.08327963203191757, 0.0012395473895594478]
[step 0080/150] method=baseline_cagrad loss=0.5776 train_acc=0.5554 train_loss=0.6748 val_acc=0.5126 val_loss=0.7038 router_H=0.5319 best=0.5126
           router_load=[0.7702227234840393, 0.14525803923606873, 0.08327963203191757, 0.0012395473895594478]
[step 0090/150] method=baseline_cagrad loss=0.5604 train_acc=0.5554 train_loss=0.6748 val_acc=0.5126 val_loss=0.7038 router_H=0.5319 best=0.5126
           router_load=[0.7702227234840393, 0.14525803923606873, 0.08327963203191757, 0.0012395473895594478]
[step 0100/150] method=baseline_cagrad loss=0.7685 train_acc=0.7076 train_loss=0.5705 val_acc=0.6282 val_loss=0.6180 router_H=0.3472 best=0.6282
           router_load=[0.8857178688049316, 0.0871671587228775, 0.019312268123030663, 0.007802796084433794]
[step 0110/150] method=baseline_cagrad loss=0.5921 train_acc=0.7076 train_loss=0.5705 val_acc=0.6282 val_loss=0.6180 router_H=0.3472 best=0.6282
           router_load=[0.8857178688049316, 0.0871671587228775, 0.019312268123030663, 0.007802796084433794]
[step 0120/150] method=baseline_cagrad loss=0.6052 train_acc=0.7076 train_loss=0.5705 val_acc=0.6282 val_loss=0.6180 router_H=0.3472 best=0.6282
           router_load=[0.8857178688049316, 0.0871671587228775, 0.019312268123030663, 0.007802796084433794]
[step 0130/150] method=baseline_cagrad loss=0.7335 train_acc=0.7076 train_loss=0.5705 val_acc=0.6282 val_loss=0.6180 router_H=0.3472 best=0.6282
           router_load=[0.8857178688049316, 0.0871671587228775, 0.019312268123030663, 0.007802796084433794]
[step 0140/150] method=baseline_cagrad loss=0.7069 train_acc=0.7076 train_loss=0.5705 val_acc=0.6282 val_loss=0.6180 router_H=0.3472 best=0.6282
           router_load=[0.8857178688049316, 0.0871671587228775, 0.019312268123030663, 0.007802796084433794]
[step 0150/150] method=baseline_cagrad loss=0.5210 train_acc=0.7253 train_loss=0.5733 val_acc=0.6606 val_loss=0.6199 router_H=0.4597 best=0.6606
           router_load=[0.825113832950592, 0.024235164746642113, 0.1506509631872177, 0.0]
saved summary -> /home/zhujjing/MOE-grad-conflict-routing/runs/paper_suite/single_gpu/single_task/roberta_rte_ffn_e4_k2/hpo/cagrad/trial_runs/coord_02_train_weight_decay_009/cagrad_s3.json
saved curve -> /home/zhujjing/MOE-grad-conflict-routing/runs/paper_suite/single_gpu/single_task/roberta_rte_ffn_e4_k2/hpo/cagrad/trial_runs/coord_02_train_weight_decay_009/cagrad_s3_curve.csv
