[run] method=cagrad candidate=coord_02_train_weight_decay_004 seed=2 steps=150 gpu=0
[run] cmd=
/home/zhujjing/anaconda3/envs/moe/bin/python /home/zhujjing/MOE-grad-conflict-routing/scripts/run.py --config configs/singletask_rte_real.yaml --set model.backbone_backend=hf --set model.hf_load_pretrained=true --set model.backbone=roberta --set model.hf_pretrained_name=roberta-base --set model.expert_type=ffn --set model.routing_mode=topk --set model.num_experts=4 --set model.top_k=2 --set seed=2 --set method.name=baseline_cagrad --set train.steps=150 --set train.eval_every_steps=50 --set method.baseline_cagrad.c=0.4 --set method.baseline_cagrad.inner_lr=0.1 --set train.grad_clip=1 --set train.lr=2.52305587e-05 --set train.weight_decay=0.01436751473 --out /home/zhujjing/MOE-grad-conflict-routing/runs/paper_suite/single_gpu/single_task/roberta_rte_ffn_e4_k2/hpo/cagrad/trial_runs/coord_02_train_weight_decay_004/cagrad_s2.json --curve_out /home/zhujjing/MOE-grad-conflict-routing/runs/paper_suite/single_gpu/single_task/roberta_rte_ffn_e4_k2/hpo/cagrad/trial_runs/coord_02_train_weight_decay_004/cagrad_s2_curve.csv
Using the latest cached version of the dataset since glue couldn't be found on the Hugging Face Hub (offline mode is enabled).
Found the latest cached dataset configuration 'rte' at /home/zhujjing/hf_cache/datasets/glue/rte/0.0.0/bcdcba79d07bc864c1c254ccfcedcce55bcc9a8c (last modified on Thu Mar 19 15:00:36 2026).
/home/zhujjing/anaconda3/envs/moe/lib/python3.10/site-packages/transformers/utils/hub.py:124: FutureWarning: Using `TRANSFORMERS_CACHE` is deprecated and will be removed in v5 of Transformers. Use `HF_HOME` instead.
  warnings.warn(
Some weights of RobertaModel were not initialized from the model checkpoint at roberta-base and are newly initialized: ['roberta.pooler.dense.bias', 'roberta.pooler.dense.weight']
You should probably TRAIN this model on a down-stream task to be able to use it for predictions and inference.
[step 0001/150] method=baseline_cagrad loss=0.7034 train_acc=nan train_loss=nan val_acc=nan val_loss=nan best=-1.0000
[step 0010/150] method=baseline_cagrad loss=0.7289 train_acc=nan train_loss=nan val_acc=nan val_loss=nan best=-1.0000
[step 0020/150] method=baseline_cagrad loss=0.6836 train_acc=nan train_loss=nan val_acc=nan val_loss=nan best=-1.0000
[step 0030/150] method=baseline_cagrad loss=0.7063 train_acc=nan train_loss=nan val_acc=nan val_loss=nan best=-1.0000
[step 0040/150] method=baseline_cagrad loss=0.6935 train_acc=nan train_loss=nan val_acc=nan val_loss=nan best=-1.0000
[step 0050/150] method=baseline_cagrad loss=0.5544 train_acc=0.5116 train_loss=0.6773 val_acc=0.5415 val_loss=0.6809 router_H=0.5997 best=0.5415
           router_load=[0.693397045135498, 0.040353454649448395, 0.03523667901754379, 0.231012761592865]
[step 0060/150] method=baseline_cagrad loss=0.6627 train_acc=0.5116 train_loss=0.6773 val_acc=0.5415 val_loss=0.6809 router_H=0.5997 best=0.5415
           router_load=[0.693397045135498, 0.040353454649448395, 0.03523667901754379, 0.231012761592865]
[step 0070/150] method=baseline_cagrad loss=0.6401 train_acc=0.5116 train_loss=0.6773 val_acc=0.5415 val_loss=0.6809 router_H=0.5997 best=0.5415
           router_load=[0.693397045135498, 0.040353454649448395, 0.03523667901754379, 0.231012761592865]
[step 0080/150] method=baseline_cagrad loss=0.7095 train_acc=0.5116 train_loss=0.6773 val_acc=0.5415 val_loss=0.6809 router_H=0.5997 best=0.5415
           router_load=[0.693397045135498, 0.040353454649448395, 0.03523667901754379, 0.231012761592865]
[step 0090/150] method=baseline_cagrad loss=0.7898 train_acc=0.5116 train_loss=0.6773 val_acc=0.5415 val_loss=0.6809 router_H=0.5997 best=0.5415
           router_load=[0.693397045135498, 0.040353454649448395, 0.03523667901754379, 0.231012761592865]
[step 0100/150] method=baseline_cagrad loss=0.6735 train_acc=0.6719 train_loss=0.6171 val_acc=0.6101 val_loss=0.6544 router_H=0.6354 best=0.6101
           router_load=[0.6648402214050293, 0.13209669291973114, 0.2030632644891739, 0.0]
[step 0110/150] method=baseline_cagrad loss=0.6232 train_acc=0.6719 train_loss=0.6171 val_acc=0.6101 val_loss=0.6544 router_H=0.6354 best=0.6101
           router_load=[0.6648402214050293, 0.13209669291973114, 0.2030632644891739, 0.0]
[step 0120/150] method=baseline_cagrad loss=0.4692 train_acc=0.6719 train_loss=0.6171 val_acc=0.6101 val_loss=0.6544 router_H=0.6354 best=0.6101
           router_load=[0.6648402214050293, 0.13209669291973114, 0.2030632644891739, 0.0]
[step 0130/150] method=baseline_cagrad loss=0.6238 train_acc=0.6719 train_loss=0.6171 val_acc=0.6101 val_loss=0.6544 router_H=0.6354 best=0.6101
           router_load=[0.6648402214050293, 0.13209669291973114, 0.2030632644891739, 0.0]
[step 0140/150] method=baseline_cagrad loss=0.7952 train_acc=0.6719 train_loss=0.6171 val_acc=0.6101 val_loss=0.6544 router_H=0.6354 best=0.6101
           router_load=[0.6648402214050293, 0.13209669291973114, 0.2030632644891739, 0.0]
[step 0150/150] method=baseline_cagrad loss=0.5772 train_acc=0.7249 train_loss=0.5945 val_acc=0.6173 val_loss=0.6792 router_H=0.6488 best=0.6173
           router_load=[0.6091611385345459, 0.10311853885650635, 0.2867060601711273, 0.0010142545215785503]
saved summary -> /home/zhujjing/MOE-grad-conflict-routing/runs/paper_suite/single_gpu/single_task/roberta_rte_ffn_e4_k2/hpo/cagrad/trial_runs/coord_02_train_weight_decay_004/cagrad_s2.json
saved curve -> /home/zhujjing/MOE-grad-conflict-routing/runs/paper_suite/single_gpu/single_task/roberta_rte_ffn_e4_k2/hpo/cagrad/trial_runs/coord_02_train_weight_decay_004/cagrad_s2_curve.csv
