[run] method=cagrad candidate=coord_02_train_weight_decay_015 seed=3 steps=150 gpu=0
[run] cmd=
/home/zhujjing/anaconda3/envs/moe/bin/python /home/zhujjing/MOE-grad-conflict-routing/scripts/run.py --config configs/singletask_rte_real.yaml --set model.backbone_backend=hf --set model.hf_load_pretrained=true --set model.backbone=roberta --set model.hf_pretrained_name=roberta-base --set model.expert_type=ffn --set model.routing_mode=topk --set model.num_experts=4 --set model.top_k=2 --set seed=3 --set method.name=baseline_cagrad --set train.steps=150 --set train.eval_every_steps=50 --set method.baseline_cagrad.c=0.4 --set method.baseline_cagrad.inner_lr=0.1 --set train.grad_clip=1 --set train.lr=2.52305587e-05 --set train.weight_decay=0.002198300522 --out /home/zhujjing/MOE-grad-conflict-routing/runs/paper_suite/single_gpu/single_task/roberta_rte_ffn_e4_k2/hpo/cagrad/trial_runs/coord_02_train_weight_decay_015/cagrad_s3.json --curve_out /home/zhujjing/MOE-grad-conflict-routing/runs/paper_suite/single_gpu/single_task/roberta_rte_ffn_e4_k2/hpo/cagrad/trial_runs/coord_02_train_weight_decay_015/cagrad_s3_curve.csv
Using the latest cached version of the dataset since glue couldn't be found on the Hugging Face Hub (offline mode is enabled).
Found the latest cached dataset configuration 'rte' at /home/zhujjing/hf_cache/datasets/glue/rte/0.0.0/bcdcba79d07bc864c1c254ccfcedcce55bcc9a8c (last modified on Thu Mar 19 15:00:36 2026).
/home/zhujjing/anaconda3/envs/moe/lib/python3.10/site-packages/transformers/utils/hub.py:124: FutureWarning: Using `TRANSFORMERS_CACHE` is deprecated and will be removed in v5 of Transformers. Use `HF_HOME` instead.
  warnings.warn(
Some weights of RobertaModel were not initialized from the model checkpoint at roberta-base and are newly initialized: ['roberta.pooler.dense.bias', 'roberta.pooler.dense.weight']
You should probably TRAIN this model on a down-stream task to be able to use it for predictions and inference.
[step 0001/150] method=baseline_cagrad loss=0.6902 train_acc=nan train_loss=nan val_acc=nan val_loss=nan best=-1.0000
[step 0010/150] method=baseline_cagrad loss=0.7189 train_acc=nan train_loss=nan val_acc=nan val_loss=nan best=-1.0000
[step 0020/150] method=baseline_cagrad loss=0.7089 train_acc=nan train_loss=nan val_acc=nan val_loss=nan best=-1.0000
[step 0030/150] method=baseline_cagrad loss=0.6819 train_acc=nan train_loss=nan val_acc=nan val_loss=nan best=-1.0000
[step 0040/150] method=baseline_cagrad loss=0.6649 train_acc=nan train_loss=nan val_acc=nan val_loss=nan best=-1.0000
[step 0050/150] method=baseline_cagrad loss=0.6670 train_acc=0.5884 train_loss=0.6724 val_acc=0.5487 val_loss=0.6871 router_H=0.6850 best=0.5487
           router_load=[0.40776515007019043, 0.037138912826776505, 0.0029867500998079777, 0.5521091222763062]
[step 0060/150] method=baseline_cagrad loss=0.6382 train_acc=0.5884 train_loss=0.6724 val_acc=0.5487 val_loss=0.6871 router_H=0.6850 best=0.5487
           router_load=[0.40776515007019043, 0.037138912826776505, 0.0029867500998079777, 0.5521091222763062]
[step 0070/150] method=baseline_cagrad loss=0.7504 train_acc=0.5884 train_loss=0.6724 val_acc=0.5487 val_loss=0.6871 router_H=0.6850 best=0.5487
           router_load=[0.40776515007019043, 0.037138912826776505, 0.0029867500998079777, 0.5521091222763062]
[step 0080/150] method=baseline_cagrad loss=0.5809 train_acc=0.5884 train_loss=0.6724 val_acc=0.5487 val_loss=0.6871 router_H=0.6850 best=0.5487
           router_load=[0.40776515007019043, 0.037138912826776505, 0.0029867500998079777, 0.5521091222763062]
[step 0090/150] method=baseline_cagrad loss=0.6088 train_acc=0.5884 train_loss=0.6724 val_acc=0.5487 val_loss=0.6871 router_H=0.6850 best=0.5487
           router_load=[0.40776515007019043, 0.037138912826776505, 0.0029867500998079777, 0.5521091222763062]
[step 0100/150] method=baseline_cagrad loss=0.7554 train_acc=0.7032 train_loss=0.5988 val_acc=0.6534 val_loss=0.6368 router_H=0.6812 best=0.6534
           router_load=[0.45587268471717834, 0.0, 0.09571270644664764, 0.4484145939350128]
[step 0110/150] method=baseline_cagrad loss=0.5757 train_acc=0.7032 train_loss=0.5988 val_acc=0.6534 val_loss=0.6368 router_H=0.6812 best=0.6534
           router_load=[0.45587268471717834, 0.0, 0.09571270644664764, 0.4484145939350128]
[step 0120/150] method=baseline_cagrad loss=0.7091 train_acc=0.7032 train_loss=0.5988 val_acc=0.6534 val_loss=0.6368 router_H=0.6812 best=0.6534
           router_load=[0.45587268471717834, 0.0, 0.09571270644664764, 0.4484145939350128]
[step 0130/150] method=baseline_cagrad loss=0.6570 train_acc=0.7032 train_loss=0.5988 val_acc=0.6534 val_loss=0.6368 router_H=0.6812 best=0.6534
           router_load=[0.45587268471717834, 0.0, 0.09571270644664764, 0.4484145939350128]
[step 0140/150] method=baseline_cagrad loss=0.6088 train_acc=0.7032 train_loss=0.5988 val_acc=0.6534 val_loss=0.6368 router_H=0.6812 best=0.6534
           router_load=[0.45587268471717834, 0.0, 0.09571270644664764, 0.4484145939350128]
[step 0150/150] method=baseline_cagrad loss=0.5288 train_acc=0.7390 train_loss=0.5504 val_acc=0.6931 val_loss=0.5954 router_H=0.6766 best=0.6931
           router_load=[0.5272440910339355, 0.0012909747892990708, 0.0866847112774849, 0.3847801685333252]
saved summary -> /home/zhujjing/MOE-grad-conflict-routing/runs/paper_suite/single_gpu/single_task/roberta_rte_ffn_e4_k2/hpo/cagrad/trial_runs/coord_02_train_weight_decay_015/cagrad_s3.json
saved curve -> /home/zhujjing/MOE-grad-conflict-routing/runs/paper_suite/single_gpu/single_task/roberta_rte_ffn_e4_k2/hpo/cagrad/trial_runs/coord_02_train_weight_decay_015/cagrad_s3_curve.csv
