[run] method=cagrad candidate=coord_02_train_weight_decay_006 seed=2 steps=150 gpu=0
[run] cmd=
/home/zhujjing/anaconda3/envs/moe/bin/python /home/zhujjing/MOE-grad-conflict-routing/scripts/run.py --config configs/singletask_rte_real.yaml --set model.backbone_backend=hf --set model.hf_load_pretrained=true --set model.backbone=roberta --set model.hf_pretrained_name=roberta-base --set model.expert_type=ffn --set model.routing_mode=topk --set model.num_experts=4 --set model.top_k=2 --set seed=2 --set method.name=baseline_cagrad --set train.steps=150 --set train.eval_every_steps=50 --set method.baseline_cagrad.c=0.4 --set method.baseline_cagrad.inner_lr=0.1 --set train.grad_clip=1 --set train.lr=2.52305587e-05 --set train.weight_decay=0.03456878451 --out /home/zhujjing/MOE-grad-conflict-routing/runs/paper_suite/single_gpu/single_task/roberta_rte_ffn_e4_k2/hpo/cagrad/trial_runs/coord_02_train_weight_decay_006/cagrad_s2.json --curve_out /home/zhujjing/MOE-grad-conflict-routing/runs/paper_suite/single_gpu/single_task/roberta_rte_ffn_e4_k2/hpo/cagrad/trial_runs/coord_02_train_weight_decay_006/cagrad_s2_curve.csv
Using the latest cached version of the dataset since glue couldn't be found on the Hugging Face Hub (offline mode is enabled).
Found the latest cached dataset configuration 'rte' at /home/zhujjing/hf_cache/datasets/glue/rte/0.0.0/bcdcba79d07bc864c1c254ccfcedcce55bcc9a8c (last modified on Thu Mar 19 15:00:36 2026).
/home/zhujjing/anaconda3/envs/moe/lib/python3.10/site-packages/transformers/utils/hub.py:124: FutureWarning: Using `TRANSFORMERS_CACHE` is deprecated and will be removed in v5 of Transformers. Use `HF_HOME` instead.
  warnings.warn(
Some weights of RobertaModel were not initialized from the model checkpoint at roberta-base and are newly initialized: ['roberta.pooler.dense.bias', 'roberta.pooler.dense.weight']
You should probably TRAIN this model on a down-stream task to be able to use it for predictions and inference.
[step 0001/150] method=baseline_cagrad loss=0.7010 train_acc=nan train_loss=nan val_acc=nan val_loss=nan best=-1.0000
[step 0010/150] method=baseline_cagrad loss=0.7537 train_acc=nan train_loss=nan val_acc=nan val_loss=nan best=-1.0000
[step 0020/150] method=baseline_cagrad loss=0.6788 train_acc=nan train_loss=nan val_acc=nan val_loss=nan best=-1.0000
[step 0030/150] method=baseline_cagrad loss=0.6962 train_acc=nan train_loss=nan val_acc=nan val_loss=nan best=-1.0000
[step 0040/150] method=baseline_cagrad loss=0.6945 train_acc=nan train_loss=nan val_acc=nan val_loss=nan best=-1.0000
[step 0050/150] method=baseline_cagrad loss=0.6021 train_acc=0.6096 train_loss=0.6610 val_acc=0.6137 val_loss=0.6575 router_H=0.6485 best=0.6137
           router_load=[0.0, 0.6412336826324463, 0.0928199514746666, 0.2659464478492737]
[step 0060/150] method=baseline_cagrad loss=0.6598 train_acc=0.6096 train_loss=0.6610 val_acc=0.6137 val_loss=0.6575 router_H=0.6485 best=0.6137
           router_load=[0.0, 0.6412336826324463, 0.0928199514746666, 0.2659464478492737]
[step 0070/150] method=baseline_cagrad loss=0.6814 train_acc=0.6096 train_loss=0.6610 val_acc=0.6137 val_loss=0.6575 router_H=0.6485 best=0.6137
           router_load=[0.0, 0.6412336826324463, 0.0928199514746666, 0.2659464478492737]
[step 0080/150] method=baseline_cagrad loss=0.6475 train_acc=0.6096 train_loss=0.6610 val_acc=0.6137 val_loss=0.6575 router_H=0.6485 best=0.6137
           router_load=[0.0, 0.6412336826324463, 0.0928199514746666, 0.2659464478492737]
[step 0090/150] method=baseline_cagrad loss=0.8216 train_acc=0.6096 train_loss=0.6610 val_acc=0.6137 val_loss=0.6575 router_H=0.6485 best=0.6137
           router_load=[0.0, 0.6412336826324463, 0.0928199514746666, 0.2659464478492737]
[step 0100/150] method=baseline_cagrad loss=0.6415 train_acc=0.7096 train_loss=0.6124 val_acc=0.6570 val_loss=0.6510 router_H=0.6910 best=0.6570
           router_load=[0.0, 0.5059890747070312, 0.24804569780826569, 0.24596525728702545]
[step 0110/150] method=baseline_cagrad loss=0.6683 train_acc=0.7096 train_loss=0.6124 val_acc=0.6570 val_loss=0.6510 router_H=0.6910 best=0.6570
           router_load=[0.0, 0.5059890747070312, 0.24804569780826569, 0.24596525728702545]
[step 0120/150] method=baseline_cagrad loss=0.4947 train_acc=0.7096 train_loss=0.6124 val_acc=0.6570 val_loss=0.6510 router_H=0.6910 best=0.6570
           router_load=[0.0, 0.5059890747070312, 0.24804569780826569, 0.24596525728702545]
[step 0130/150] method=baseline_cagrad loss=0.6840 train_acc=0.7096 train_loss=0.6124 val_acc=0.6570 val_loss=0.6510 router_H=0.6910 best=0.6570
           router_load=[0.0, 0.5059890747070312, 0.24804569780826569, 0.24596525728702545]
[step 0140/150] method=baseline_cagrad loss=0.6669 train_acc=0.7096 train_loss=0.6124 val_acc=0.6570 val_loss=0.6510 router_H=0.6910 best=0.6570
           router_load=[0.0, 0.5059890747070312, 0.24804569780826569, 0.24596525728702545]
[step 0150/150] method=baseline_cagrad loss=0.6917 train_acc=0.7482 train_loss=0.5854 val_acc=0.7112 val_loss=0.6188 router_H=0.6070 best=0.7112
           router_load=[0.11924038827419281, 0.6893041729927063, 0.059931911528110504, 0.13152346014976501]
saved summary -> /home/zhujjing/MOE-grad-conflict-routing/runs/paper_suite/single_gpu/single_task/roberta_rte_ffn_e4_k2/hpo/cagrad/trial_runs/coord_02_train_weight_decay_006/cagrad_s2.json
saved curve -> /home/zhujjing/MOE-grad-conflict-routing/runs/paper_suite/single_gpu/single_task/roberta_rte_ffn_e4_k2/hpo/cagrad/trial_runs/coord_02_train_weight_decay_006/cagrad_s2_curve.csv
