[run] method=cagrad candidate=coord_05_method_baseline_cagrad_inner_lr_003 seed=2 steps=150 gpu=0
[run] cmd=
/home/zhujjing/anaconda3/envs/moe/bin/python /home/zhujjing/MOE-grad-conflict-routing/scripts/run.py --config configs/singletask_rte_real.yaml --set model.backbone_backend=hf --set model.hf_load_pretrained=true --set model.backbone=roberta --set model.hf_pretrained_name=roberta-base --set model.expert_type=lora --set model.routing_mode=topk --set model.num_experts=4 --set model.top_k=2 --set seed=2 --set method.name=baseline_cagrad --set train.steps=150 --set train.eval_every_steps=50 --set method.baseline_cagrad.c=0.4 --set method.baseline_cagrad.inner_lr=0.09532402385 --set train.grad_clip=1 --set train.lr=2.410351909e-05 --set train.weight_decay=0.03456878451 --out /home/zhujjing/MOE-grad-conflict-routing/runs/paper_suite/single_gpu/single_task/roberta_rte_lora_e4_k2/hpo/cagrad/trial_runs/coord_05_method_baseline_cagrad_inner_lr_003/cagrad_s2.json --curve_out /home/zhujjing/MOE-grad-conflict-routing/runs/paper_suite/single_gpu/single_task/roberta_rte_lora_e4_k2/hpo/cagrad/trial_runs/coord_05_method_baseline_cagrad_inner_lr_003/cagrad_s2_curve.csv
Using the latest cached version of the dataset since glue couldn't be found on the Hugging Face Hub (offline mode is enabled).
Found the latest cached dataset configuration 'rte' at /home/zhujjing/hf_cache/datasets/glue/rte/0.0.0/bcdcba79d07bc864c1c254ccfcedcce55bcc9a8c (last modified on Thu Mar 19 15:00:36 2026).
/home/zhujjing/anaconda3/envs/moe/lib/python3.10/site-packages/transformers/utils/hub.py:124: FutureWarning: Using `TRANSFORMERS_CACHE` is deprecated and will be removed in v5 of Transformers. Use `HF_HOME` instead.
  warnings.warn(
Some weights of RobertaModel were not initialized from the model checkpoint at roberta-base and are newly initialized: ['roberta.pooler.dense.bias', 'roberta.pooler.dense.weight']
You should probably TRAIN this model on a down-stream task to be able to use it for predictions and inference.
[step 0001/150] method=baseline_cagrad loss=0.9265 train_acc=nan train_loss=nan val_acc=nan val_loss=nan best=-1.0000
[step 0010/150] method=baseline_cagrad loss=0.7533 train_acc=nan train_loss=nan val_acc=nan val_loss=nan best=-1.0000
[step 0020/150] method=baseline_cagrad loss=0.6996 train_acc=nan train_loss=nan val_acc=nan val_loss=nan best=-1.0000
[step 0030/150] method=baseline_cagrad loss=0.7125 train_acc=nan train_loss=nan val_acc=nan val_loss=nan best=-1.0000
[step 0040/150] method=baseline_cagrad loss=0.6783 train_acc=nan train_loss=nan val_acc=nan val_loss=nan best=-1.0000
[step 0050/150] method=baseline_cagrad loss=0.6018 train_acc=0.5016 train_loss=0.7043 val_acc=0.5271 val_loss=0.6975 router_H=0.6871 best=0.5271
           router_load=[0.5543675422668457, 0.44563233852386475, 0.0, 0.0]
[step 0060/150] method=baseline_cagrad loss=0.6815 train_acc=0.5016 train_loss=0.7043 val_acc=0.5271 val_loss=0.6975 router_H=0.6871 best=0.5271
           router_load=[0.5543675422668457, 0.44563233852386475, 0.0, 0.0]
[step 0070/150] method=baseline_cagrad loss=0.7105 train_acc=0.5016 train_loss=0.7043 val_acc=0.5271 val_loss=0.6975 router_H=0.6871 best=0.5271
           router_load=[0.5543675422668457, 0.44563233852386475, 0.0, 0.0]
[step 0080/150] method=baseline_cagrad loss=0.6985 train_acc=0.5016 train_loss=0.7043 val_acc=0.5271 val_loss=0.6975 router_H=0.6871 best=0.5271
           router_load=[0.5543675422668457, 0.44563233852386475, 0.0, 0.0]
[step 0090/150] method=baseline_cagrad loss=0.8355 train_acc=0.5016 train_loss=0.7043 val_acc=0.5271 val_loss=0.6975 router_H=0.6871 best=0.5271
           router_load=[0.5543675422668457, 0.44563233852386475, 0.0, 0.0]
[step 0100/150] method=baseline_cagrad loss=0.6939 train_acc=0.5691 train_loss=0.6690 val_acc=0.5307 val_loss=0.6940 router_H=0.6871 best=0.5307
           router_load=[0.5542090535163879, 0.44413328170776367, 0.001657565007917583, 0.0]
[step 0110/150] method=baseline_cagrad loss=0.6409 train_acc=0.5691 train_loss=0.6690 val_acc=0.5307 val_loss=0.6940 router_H=0.6871 best=0.5307
           router_load=[0.5542090535163879, 0.44413328170776367, 0.001657565007917583, 0.0]
[step 0120/150] method=baseline_cagrad loss=0.7107 train_acc=0.5691 train_loss=0.6690 val_acc=0.5307 val_loss=0.6940 router_H=0.6871 best=0.5307
           router_load=[0.5542090535163879, 0.44413328170776367, 0.001657565007917583, 0.0]
[step 0130/150] method=baseline_cagrad loss=0.6381 train_acc=0.5691 train_loss=0.6690 val_acc=0.5307 val_loss=0.6940 router_H=0.6871 best=0.5307
           router_load=[0.5542090535163879, 0.44413328170776367, 0.001657565007917583, 0.0]
[step 0140/150] method=baseline_cagrad loss=0.6420 train_acc=0.5691 train_loss=0.6690 val_acc=0.5307 val_loss=0.6940 router_H=0.6871 best=0.5307
           router_load=[0.5542090535163879, 0.44413328170776367, 0.001657565007917583, 0.0]
[step 0150/150] method=baseline_cagrad loss=0.6335 train_acc=0.6470 train_loss=0.6385 val_acc=0.6173 val_loss=0.6559 router_H=0.6887 best=0.6173
           router_load=[0.5461780428886414, 0.45215776562690735, 0.001664241892285645, 0.0]
saved summary -> /home/zhujjing/MOE-grad-conflict-routing/runs/paper_suite/single_gpu/single_task/roberta_rte_lora_e4_k2/hpo/cagrad/trial_runs/coord_05_method_baseline_cagrad_inner_lr_003/cagrad_s2.json
saved curve -> /home/zhujjing/MOE-grad-conflict-routing/runs/paper_suite/single_gpu/single_task/roberta_rte_lora_e4_k2/hpo/cagrad/trial_runs/coord_05_method_baseline_cagrad_inner_lr_003/cagrad_s2_curve.csv
