[run] method=cagrad candidate=coord_05_method_baseline_cagrad_inner_lr_015 seed=3 steps=150 gpu=0
[run] cmd=
/home/zhujjing/anaconda3/envs/moe/bin/python /home/zhujjing/MOE-grad-conflict-routing/scripts/run.py --config configs/singletask_rte_real.yaml --set model.backbone_backend=hf --set model.hf_load_pretrained=true --set model.backbone=roberta --set model.hf_pretrained_name=roberta-base --set model.expert_type=lora --set model.routing_mode=topk --set model.num_experts=4 --set model.top_k=2 --set seed=3 --set method.name=baseline_cagrad --set train.steps=150 --set train.eval_every_steps=50 --set method.baseline_cagrad.c=0.4 --set method.baseline_cagrad.inner_lr=0.1550854002 --set train.grad_clip=1 --set train.lr=2.410351909e-05 --set train.weight_decay=0.03456878451 --out /home/zhujjing/MOE-grad-conflict-routing/runs/paper_suite/single_gpu/single_task/roberta_rte_lora_e4_k2/hpo/cagrad/trial_runs/coord_05_method_baseline_cagrad_inner_lr_015/cagrad_s3.json --curve_out /home/zhujjing/MOE-grad-conflict-routing/runs/paper_suite/single_gpu/single_task/roberta_rte_lora_e4_k2/hpo/cagrad/trial_runs/coord_05_method_baseline_cagrad_inner_lr_015/cagrad_s3_curve.csv
Using the latest cached version of the dataset since glue couldn't be found on the Hugging Face Hub (offline mode is enabled).
Found the latest cached dataset configuration 'rte' at /home/zhujjing/hf_cache/datasets/glue/rte/0.0.0/bcdcba79d07bc864c1c254ccfcedcce55bcc9a8c (last modified on Thu Mar 19 15:00:36 2026).
/home/zhujjing/anaconda3/envs/moe/lib/python3.10/site-packages/transformers/utils/hub.py:124: FutureWarning: Using `TRANSFORMERS_CACHE` is deprecated and will be removed in v5 of Transformers. Use `HF_HOME` instead.
  warnings.warn(
Some weights of RobertaModel were not initialized from the model checkpoint at roberta-base and are newly initialized: ['roberta.pooler.dense.bias', 'roberta.pooler.dense.weight']
You should probably TRAIN this model on a down-stream task to be able to use it for predictions and inference.
[step 0001/150] method=baseline_cagrad loss=0.7486 train_acc=nan train_loss=nan val_acc=nan val_loss=nan best=-1.0000
[step 0010/150] method=baseline_cagrad loss=0.7432 train_acc=nan train_loss=nan val_acc=nan val_loss=nan best=-1.0000
[step 0020/150] method=baseline_cagrad loss=0.7184 train_acc=nan train_loss=nan val_acc=nan val_loss=nan best=-1.0000
[step 0030/150] method=baseline_cagrad loss=0.6877 train_acc=nan train_loss=nan val_acc=nan val_loss=nan best=-1.0000
[step 0040/150] method=baseline_cagrad loss=0.6526 train_acc=nan train_loss=nan val_acc=nan val_loss=nan best=-1.0000
[step 0050/150] method=baseline_cagrad loss=0.6048 train_acc=0.6373 train_loss=0.6407 val_acc=0.5957 val_loss=0.6915 router_H=0.6910 best=0.5957
           router_load=[0.5145760774612427, 0.4804108440876007, 0.0, 0.005013061221688986]
[step 0060/150] method=baseline_cagrad loss=0.6317 train_acc=0.6373 train_loss=0.6407 val_acc=0.5957 val_loss=0.6915 router_H=0.6910 best=0.5957
           router_load=[0.5145760774612427, 0.4804108440876007, 0.0, 0.005013061221688986]
[step 0070/150] method=baseline_cagrad loss=0.6965 train_acc=0.6373 train_loss=0.6407 val_acc=0.5957 val_loss=0.6915 router_H=0.6910 best=0.5957
           router_load=[0.5145760774612427, 0.4804108440876007, 0.0, 0.005013061221688986]
[step 0080/150] method=baseline_cagrad loss=0.5809 train_acc=0.6373 train_loss=0.6407 val_acc=0.5957 val_loss=0.6915 router_H=0.6910 best=0.5957
           router_load=[0.5145760774612427, 0.4804108440876007, 0.0, 0.005013061221688986]
[step 0090/150] method=baseline_cagrad loss=0.5351 train_acc=0.6373 train_loss=0.6407 val_acc=0.5957 val_loss=0.6915 router_H=0.6910 best=0.5957
           router_load=[0.5145760774612427, 0.4804108440876007, 0.0, 0.005013061221688986]
[step 0100/150] method=baseline_cagrad loss=0.6490 train_acc=0.6908 train_loss=0.5814 val_acc=0.6895 val_loss=0.6130 router_H=0.6916 best=0.6895
           router_load=[0.5092371702194214, 0.48756590485572815, 0.0, 0.0031969421543180943]
[step 0110/150] method=baseline_cagrad loss=0.5504 train_acc=0.6908 train_loss=0.5814 val_acc=0.6895 val_loss=0.6130 router_H=0.6916 best=0.6895
           router_load=[0.5092371702194214, 0.48756590485572815, 0.0, 0.0031969421543180943]
[step 0120/150] method=baseline_cagrad loss=0.6813 train_acc=0.6908 train_loss=0.5814 val_acc=0.6895 val_loss=0.6130 router_H=0.6916 best=0.6895
           router_load=[0.5092371702194214, 0.48756590485572815, 0.0, 0.0031969421543180943]
[step 0130/150] method=baseline_cagrad loss=0.6320 train_acc=0.6908 train_loss=0.5814 val_acc=0.6895 val_loss=0.6130 router_H=0.6916 best=0.6895
           router_load=[0.5092371702194214, 0.48756590485572815, 0.0, 0.0031969421543180943]
[step 0140/150] method=baseline_cagrad loss=0.5675 train_acc=0.6908 train_loss=0.5814 val_acc=0.6895 val_loss=0.6130 router_H=0.6916 best=0.6895
           router_load=[0.5092371702194214, 0.48756590485572815, 0.0, 0.0031969421543180943]
[step 0150/150] method=baseline_cagrad loss=0.5479 train_acc=0.7410 train_loss=0.5357 val_acc=0.6498 val_loss=0.5944 router_H=0.6901 best=0.6895
           router_load=[0.5261178612709045, 0.47388219833374023, 0.0, 0.0]
saved summary -> /home/zhujjing/MOE-grad-conflict-routing/runs/paper_suite/single_gpu/single_task/roberta_rte_lora_e4_k2/hpo/cagrad/trial_runs/coord_05_method_baseline_cagrad_inner_lr_015/cagrad_s3.json
saved curve -> /home/zhujjing/MOE-grad-conflict-routing/runs/paper_suite/single_gpu/single_task/roberta_rte_lora_e4_k2/hpo/cagrad/trial_runs/coord_05_method_baseline_cagrad_inner_lr_015/cagrad_s3_curve.csv
