[run] method=cagrad candidate=coord_05_method_baseline_cagrad_inner_lr_000 seed=2 steps=150 gpu=0
[run] cmd=
/home/zhujjing/anaconda3/envs/moe/bin/python /home/zhujjing/MOE-grad-conflict-routing/scripts/run.py --config configs/singletask_rte_real.yaml --set model.backbone_backend=hf --set model.hf_load_pretrained=true --set model.backbone=roberta --set model.hf_pretrained_name=roberta-base --set model.expert_type=lora --set model.routing_mode=topk --set model.num_experts=4 --set model.top_k=2 --set seed=2 --set method.name=baseline_cagrad --set train.steps=150 --set train.eval_every_steps=50 --set method.baseline_cagrad.c=0.4 --set method.baseline_cagrad.inner_lr=0.07815593766 --set train.grad_clip=1 --set train.lr=2.410351909e-05 --set train.weight_decay=0.03456878451 --out /home/zhujjing/MOE-grad-conflict-routing/runs/paper_suite/single_gpu/single_task/roberta_rte_lora_e4_k2/hpo/cagrad/trial_runs/coord_05_method_baseline_cagrad_inner_lr_000/cagrad_s2.json --curve_out /home/zhujjing/MOE-grad-conflict-routing/runs/paper_suite/single_gpu/single_task/roberta_rte_lora_e4_k2/hpo/cagrad/trial_runs/coord_05_method_baseline_cagrad_inner_lr_000/cagrad_s2_curve.csv
Using the latest cached version of the dataset since glue couldn't be found on the Hugging Face Hub (offline mode is enabled).
Found the latest cached dataset configuration 'rte' at /home/zhujjing/hf_cache/datasets/glue/rte/0.0.0/bcdcba79d07bc864c1c254ccfcedcce55bcc9a8c (last modified on Thu Mar 19 15:00:36 2026).
/home/zhujjing/anaconda3/envs/moe/lib/python3.10/site-packages/transformers/utils/hub.py:124: FutureWarning: Using `TRANSFORMERS_CACHE` is deprecated and will be removed in v5 of Transformers. Use `HF_HOME` instead.
  warnings.warn(
Some weights of RobertaModel were not initialized from the model checkpoint at roberta-base and are newly initialized: ['roberta.pooler.dense.bias', 'roberta.pooler.dense.weight']
You should probably TRAIN this model on a down-stream task to be able to use it for predictions and inference.
[step 0001/150] method=baseline_cagrad loss=0.7249 train_acc=nan train_loss=nan val_acc=nan val_loss=nan best=-1.0000
[step 0010/150] method=baseline_cagrad loss=0.8938 train_acc=nan train_loss=nan val_acc=nan val_loss=nan best=-1.0000
[step 0020/150] method=baseline_cagrad loss=0.6811 train_acc=nan train_loss=nan val_acc=nan val_loss=nan best=-1.0000
[step 0030/150] method=baseline_cagrad loss=0.7055 train_acc=nan train_loss=nan val_acc=nan val_loss=nan best=-1.0000
[step 0040/150] method=baseline_cagrad loss=0.6838 train_acc=nan train_loss=nan val_acc=nan val_loss=nan best=-1.0000
[step 0050/150] method=baseline_cagrad loss=0.5838 train_acc=0.5614 train_loss=0.6663 val_acc=0.5487 val_loss=0.6696 router_H=0.6797 best=0.5487
           router_load=[0.5804696083068848, 0.07856454700231552, 0.15711748600006104, 0.18384842574596405]
[step 0060/150] method=baseline_cagrad loss=0.6450 train_acc=0.5614 train_loss=0.6663 val_acc=0.5487 val_loss=0.6696 router_H=0.6797 best=0.5487
           router_load=[0.5804696083068848, 0.07856454700231552, 0.15711748600006104, 0.18384842574596405]
[step 0070/150] method=baseline_cagrad loss=0.7273 train_acc=0.5614 train_loss=0.6663 val_acc=0.5487 val_loss=0.6696 router_H=0.6797 best=0.5487
           router_load=[0.5804696083068848, 0.07856454700231552, 0.15711748600006104, 0.18384842574596405]
[step 0080/150] method=baseline_cagrad loss=0.6321 train_acc=0.5614 train_loss=0.6663 val_acc=0.5487 val_loss=0.6696 router_H=0.6797 best=0.5487
           router_load=[0.5804696083068848, 0.07856454700231552, 0.15711748600006104, 0.18384842574596405]
[step 0090/150] method=baseline_cagrad loss=0.6747 train_acc=0.5614 train_loss=0.6663 val_acc=0.5487 val_loss=0.6696 router_H=0.6797 best=0.5487
           router_load=[0.5804696083068848, 0.07856454700231552, 0.15711748600006104, 0.18384842574596405]
[step 0100/150] method=baseline_cagrad loss=0.6435 train_acc=0.7064 train_loss=0.6160 val_acc=0.6462 val_loss=0.6457 router_H=0.6791 best=0.6462
           router_load=[0.5820533633232117, 0.018202517181634903, 0.393790602684021, 0.005953613668680191]
[step 0110/150] method=baseline_cagrad loss=0.6317 train_acc=0.7064 train_loss=0.6160 val_acc=0.6462 val_loss=0.6457 router_H=0.6791 best=0.6462
           router_load=[0.5820533633232117, 0.018202517181634903, 0.393790602684021, 0.005953613668680191]
[step 0120/150] method=baseline_cagrad loss=0.5463 train_acc=0.7064 train_loss=0.6160 val_acc=0.6462 val_loss=0.6457 router_H=0.6791 best=0.6462
           router_load=[0.5820533633232117, 0.018202517181634903, 0.393790602684021, 0.005953613668680191]
[step 0130/150] method=baseline_cagrad loss=0.6535 train_acc=0.7064 train_loss=0.6160 val_acc=0.6462 val_loss=0.6457 router_H=0.6791 best=0.6462
           router_load=[0.5820533633232117, 0.018202517181634903, 0.393790602684021, 0.005953613668680191]
[step 0140/150] method=baseline_cagrad loss=0.7246 train_acc=0.7064 train_loss=0.6160 val_acc=0.6462 val_loss=0.6457 router_H=0.6791 best=0.6462
           router_load=[0.5820533633232117, 0.018202517181634903, 0.393790602684021, 0.005953613668680191]
[step 0150/150] method=baseline_cagrad loss=0.6145 train_acc=0.7044 train_loss=0.6027 val_acc=0.6823 val_loss=0.6232 router_H=0.6831 best=0.6823
           router_load=[0.56878662109375, 0.06864950805902481, 0.15036024153232574, 0.21220366656780243]
saved summary -> /home/zhujjing/MOE-grad-conflict-routing/runs/paper_suite/single_gpu/single_task/roberta_rte_lora_e4_k2/hpo/cagrad/trial_runs/coord_05_method_baseline_cagrad_inner_lr_000/cagrad_s2.json
saved curve -> /home/zhujjing/MOE-grad-conflict-routing/runs/paper_suite/single_gpu/single_task/roberta_rte_lora_e4_k2/hpo/cagrad/trial_runs/coord_05_method_baseline_cagrad_inner_lr_000/cagrad_s2_curve.csv
