[run] method=cagrad candidate=coord_05_method_baseline_cagrad_inner_lr_012 seed=3 steps=150 gpu=0
[run] cmd=
/home/zhujjing/anaconda3/envs/moe/bin/python /home/zhujjing/MOE-grad-conflict-routing/scripts/run.py --config configs/singletask_rte_real.yaml --set model.backbone_backend=hf --set model.hf_load_pretrained=true --set model.backbone=roberta --set model.hf_pretrained_name=roberta-base --set model.expert_type=lora --set model.routing_mode=topk --set model.num_experts=4 --set model.top_k=2 --set seed=3 --set method.name=baseline_cagrad --set train.steps=150 --set train.eval_every_steps=50 --set method.baseline_cagrad.c=0.4 --set method.baseline_cagrad.inner_lr=0.1055132234 --set train.grad_clip=1 --set train.lr=2.410351909e-05 --set train.weight_decay=0.03456878451 --out /home/zhujjing/MOE-grad-conflict-routing/runs/paper_suite/single_gpu/single_task/roberta_rte_lora_e4_k2/hpo/cagrad/trial_runs/coord_05_method_baseline_cagrad_inner_lr_012/cagrad_s3.json --curve_out /home/zhujjing/MOE-grad-conflict-routing/runs/paper_suite/single_gpu/single_task/roberta_rte_lora_e4_k2/hpo/cagrad/trial_runs/coord_05_method_baseline_cagrad_inner_lr_012/cagrad_s3_curve.csv
Using the latest cached version of the dataset since glue couldn't be found on the Hugging Face Hub (offline mode is enabled).
Found the latest cached dataset configuration 'rte' at /home/zhujjing/hf_cache/datasets/glue/rte/0.0.0/bcdcba79d07bc864c1c254ccfcedcce55bcc9a8c (last modified on Thu Mar 19 15:00:36 2026).
/home/zhujjing/anaconda3/envs/moe/lib/python3.10/site-packages/transformers/utils/hub.py:124: FutureWarning: Using `TRANSFORMERS_CACHE` is deprecated and will be removed in v5 of Transformers. Use `HF_HOME` instead.
  warnings.warn(
Some weights of RobertaModel were not initialized from the model checkpoint at roberta-base and are newly initialized: ['roberta.pooler.dense.bias', 'roberta.pooler.dense.weight']
You should probably TRAIN this model on a down-stream task to be able to use it for predictions and inference.
[step 0001/150] method=baseline_cagrad loss=0.7511 train_acc=nan train_loss=nan val_acc=nan val_loss=nan best=-1.0000
[step 0010/150] method=baseline_cagrad loss=0.7286 train_acc=nan train_loss=nan val_acc=nan val_loss=nan best=-1.0000
[step 0020/150] method=baseline_cagrad loss=0.7142 train_acc=nan train_loss=nan val_acc=nan val_loss=nan best=-1.0000
[step 0030/150] method=baseline_cagrad loss=0.6893 train_acc=nan train_loss=nan val_acc=nan val_loss=nan best=-1.0000
[step 0040/150] method=baseline_cagrad loss=0.6409 train_acc=nan train_loss=nan val_acc=nan val_loss=nan best=-1.0000
[step 0050/150] method=baseline_cagrad loss=0.6927 train_acc=0.5791 train_loss=0.6742 val_acc=0.5235 val_loss=0.6964 router_H=0.6911 best=0.5235
           router_load=[0.14567303657531738, 0.2738000154495239, 0.5266930460929871, 0.05383382365107536]
[step 0060/150] method=baseline_cagrad loss=0.6244 train_acc=0.5791 train_loss=0.6742 val_acc=0.5235 val_loss=0.6964 router_H=0.6911 best=0.5235
           router_load=[0.14567303657531738, 0.2738000154495239, 0.5266930460929871, 0.05383382365107536]
[step 0070/150] method=baseline_cagrad loss=0.7010 train_acc=0.5791 train_loss=0.6742 val_acc=0.5235 val_loss=0.6964 router_H=0.6911 best=0.5235
           router_load=[0.14567303657531738, 0.2738000154495239, 0.5266930460929871, 0.05383382365107536]
[step 0080/150] method=baseline_cagrad loss=0.5829 train_acc=0.5791 train_loss=0.6742 val_acc=0.5235 val_loss=0.6964 router_H=0.6911 best=0.5235
           router_load=[0.14567303657531738, 0.2738000154495239, 0.5266930460929871, 0.05383382365107536]
[step 0090/150] method=baseline_cagrad loss=0.5844 train_acc=0.5791 train_loss=0.6742 val_acc=0.5235 val_loss=0.6964 router_H=0.6911 best=0.5235
           router_load=[0.14567303657531738, 0.2738000154495239, 0.5266930460929871, 0.05383382365107536]
[step 0100/150] method=baseline_cagrad loss=0.6581 train_acc=0.6839 train_loss=0.6070 val_acc=0.6498 val_loss=0.6331 router_H=0.6907 best=0.6498
           router_load=[0.04685603827238083, 0.1198209598660469, 0.5282193422317505, 0.305103600025177]
[step 0110/150] method=baseline_cagrad loss=0.6770 train_acc=0.6839 train_loss=0.6070 val_acc=0.6498 val_loss=0.6331 router_H=0.6907 best=0.6498
           router_load=[0.04685603827238083, 0.1198209598660469, 0.5282193422317505, 0.305103600025177]
[step 0120/150] method=baseline_cagrad loss=0.6524 train_acc=0.6839 train_loss=0.6070 val_acc=0.6498 val_loss=0.6331 router_H=0.6907 best=0.6498
           router_load=[0.04685603827238083, 0.1198209598660469, 0.5282193422317505, 0.305103600025177]
[step 0130/150] method=baseline_cagrad loss=0.7258 train_acc=0.6839 train_loss=0.6070 val_acc=0.6498 val_loss=0.6331 router_H=0.6907 best=0.6498
           router_load=[0.04685603827238083, 0.1198209598660469, 0.5282193422317505, 0.305103600025177]
[step 0140/150] method=baseline_cagrad loss=0.7080 train_acc=0.6839 train_loss=0.6070 val_acc=0.6498 val_loss=0.6331 router_H=0.6907 best=0.6498
           router_load=[0.04685603827238083, 0.1198209598660469, 0.5282193422317505, 0.305103600025177]
[step 0150/150] method=baseline_cagrad loss=0.6035 train_acc=0.7301 train_loss=0.5898 val_acc=0.6426 val_loss=0.6320 router_H=0.6923 best=0.6498
           router_load=[0.0222368985414505, 0.21421220898628235, 0.5001479983329773, 0.26340287923812866]
saved summary -> /home/zhujjing/MOE-grad-conflict-routing/runs/paper_suite/single_gpu/single_task/roberta_rte_lora_e4_k2/hpo/cagrad/trial_runs/coord_05_method_baseline_cagrad_inner_lr_012/cagrad_s3.json
saved curve -> /home/zhujjing/MOE-grad-conflict-routing/runs/paper_suite/single_gpu/single_task/roberta_rte_lora_e4_k2/hpo/cagrad/trial_runs/coord_05_method_baseline_cagrad_inner_lr_012/cagrad_s3_curve.csv
