[run] method=cagrad candidate=coord_05_method_baseline_cagrad_inner_lr_001 seed=2 steps=150 gpu=0
[run] cmd=
/home/zhujjing/anaconda3/envs/moe/bin/python /home/zhujjing/MOE-grad-conflict-routing/scripts/run.py --config configs/singletask_rte_real.yaml --set model.backbone_backend=hf --set model.hf_load_pretrained=true --set model.backbone=roberta --set model.hf_pretrained_name=roberta-base --set model.expert_type=lora --set model.routing_mode=topk --set model.num_experts=4 --set model.top_k=2 --set seed=2 --set method.name=baseline_cagrad --set train.steps=150 --set train.eval_every_steps=50 --set method.baseline_cagrad.c=0.4 --set method.baseline_cagrad.inner_lr=0.07654088955 --set train.grad_clip=1 --set train.lr=2.410351909e-05 --set train.weight_decay=0.03456878451 --out /home/zhujjing/MOE-grad-conflict-routing/runs/paper_suite/single_gpu/single_task/roberta_rte_lora_e4_k2/hpo/cagrad/trial_runs/coord_05_method_baseline_cagrad_inner_lr_001/cagrad_s2.json --curve_out /home/zhujjing/MOE-grad-conflict-routing/runs/paper_suite/single_gpu/single_task/roberta_rte_lora_e4_k2/hpo/cagrad/trial_runs/coord_05_method_baseline_cagrad_inner_lr_001/cagrad_s2_curve.csv
Using the latest cached version of the dataset since glue couldn't be found on the Hugging Face Hub (offline mode is enabled).
Found the latest cached dataset configuration 'rte' at /home/zhujjing/hf_cache/datasets/glue/rte/0.0.0/bcdcba79d07bc864c1c254ccfcedcce55bcc9a8c (last modified on Thu Mar 19 15:00:36 2026).
/home/zhujjing/anaconda3/envs/moe/lib/python3.10/site-packages/transformers/utils/hub.py:124: FutureWarning: Using `TRANSFORMERS_CACHE` is deprecated and will be removed in v5 of Transformers. Use `HF_HOME` instead.
  warnings.warn(
Some weights of RobertaModel were not initialized from the model checkpoint at roberta-base and are newly initialized: ['roberta.pooler.dense.bias', 'roberta.pooler.dense.weight']
You should probably TRAIN this model on a down-stream task to be able to use it for predictions and inference.
[step 0001/150] method=baseline_cagrad loss=0.6861 train_acc=nan train_loss=nan val_acc=nan val_loss=nan best=-1.0000
[step 0010/150] method=baseline_cagrad loss=0.9162 train_acc=nan train_loss=nan val_acc=nan val_loss=nan best=-1.0000
[step 0020/150] method=baseline_cagrad loss=0.6719 train_acc=nan train_loss=nan val_acc=nan val_loss=nan best=-1.0000
[step 0030/150] method=baseline_cagrad loss=0.7305 train_acc=nan train_loss=nan val_acc=nan val_loss=nan best=-1.0000
[step 0040/150] method=baseline_cagrad loss=0.6733 train_acc=nan train_loss=nan val_acc=nan val_loss=nan best=-1.0000
[step 0050/150] method=baseline_cagrad loss=0.5666 train_acc=0.5153 train_loss=0.6818 val_acc=0.5235 val_loss=0.6818 router_H=0.6926 best=0.5235
           router_load=[0.3291950225830078, 0.4238493740558624, 0.11878254264593124, 0.12817305326461792]
[step 0060/150] method=baseline_cagrad loss=0.6713 train_acc=0.5153 train_loss=0.6818 val_acc=0.5235 val_loss=0.6818 router_H=0.6926 best=0.5235
           router_load=[0.3291950225830078, 0.4238493740558624, 0.11878254264593124, 0.12817305326461792]
[step 0070/150] method=baseline_cagrad loss=0.6755 train_acc=0.5153 train_loss=0.6818 val_acc=0.5235 val_loss=0.6818 router_H=0.6926 best=0.5235
           router_load=[0.3291950225830078, 0.4238493740558624, 0.11878254264593124, 0.12817305326461792]
[step 0080/150] method=baseline_cagrad loss=0.6104 train_acc=0.5153 train_loss=0.6818 val_acc=0.5235 val_loss=0.6818 router_H=0.6926 best=0.5235
           router_load=[0.3291950225830078, 0.4238493740558624, 0.11878254264593124, 0.12817305326461792]
[step 0090/150] method=baseline_cagrad loss=0.6967 train_acc=0.5153 train_loss=0.6818 val_acc=0.5235 val_loss=0.6818 router_H=0.6926 best=0.5235
           router_load=[0.3291950225830078, 0.4238493740558624, 0.11878254264593124, 0.12817305326461792]
[step 0100/150] method=baseline_cagrad loss=0.6263 train_acc=0.6984 train_loss=0.6218 val_acc=0.6282 val_loss=0.6518 router_H=0.6920 best=0.6282
           router_load=[0.06493474543094635, 0.49011242389678955, 0.13324753940105438, 0.31170526146888733]
[step 0110/150] method=baseline_cagrad loss=0.6253 train_acc=0.6984 train_loss=0.6218 val_acc=0.6282 val_loss=0.6518 router_H=0.6920 best=0.6282
           router_load=[0.06493474543094635, 0.49011242389678955, 0.13324753940105438, 0.31170526146888733]
[step 0120/150] method=baseline_cagrad loss=0.6065 train_acc=0.6984 train_loss=0.6218 val_acc=0.6282 val_loss=0.6518 router_H=0.6920 best=0.6282
           router_load=[0.06493474543094635, 0.49011242389678955, 0.13324753940105438, 0.31170526146888733]
[step 0130/150] method=baseline_cagrad loss=0.6760 train_acc=0.6984 train_loss=0.6218 val_acc=0.6282 val_loss=0.6518 router_H=0.6920 best=0.6282
           router_load=[0.06493474543094635, 0.49011242389678955, 0.13324753940105438, 0.31170526146888733]
[step 0140/150] method=baseline_cagrad loss=0.6415 train_acc=0.6984 train_loss=0.6218 val_acc=0.6282 val_loss=0.6518 router_H=0.6920 best=0.6282
           router_load=[0.06493474543094635, 0.49011242389678955, 0.13324753940105438, 0.31170526146888733]
[step 0150/150] method=baseline_cagrad loss=0.6399 train_acc=0.6779 train_loss=0.6164 val_acc=0.6282 val_loss=0.6431 router_H=0.6925 best=0.6282
           router_load=[0.2595587968826294, 0.4298224151134491, 0.03322379291057587, 0.27739500999450684]
saved summary -> /home/zhujjing/MOE-grad-conflict-routing/runs/paper_suite/single_gpu/single_task/roberta_rte_lora_e4_k2/hpo/cagrad/trial_runs/coord_05_method_baseline_cagrad_inner_lr_001/cagrad_s2.json
saved curve -> /home/zhujjing/MOE-grad-conflict-routing/runs/paper_suite/single_gpu/single_task/roberta_rte_lora_e4_k2/hpo/cagrad/trial_runs/coord_05_method_baseline_cagrad_inner_lr_001/cagrad_s2_curve.csv
