[run] method=cagrad candidate=coord_05_method_baseline_cagrad_inner_lr_007 seed=3 steps=150 gpu=0
[run] cmd=
/home/zhujjing/anaconda3/envs/moe/bin/python /home/zhujjing/MOE-grad-conflict-routing/scripts/run.py --config configs/singletask_rte_real.yaml --set model.backbone_backend=hf --set model.hf_load_pretrained=true --set model.backbone=roberta --set model.hf_pretrained_name=roberta-base --set model.expert_type=lora --set model.routing_mode=topk --set model.num_experts=4 --set model.top_k=2 --set seed=3 --set method.name=baseline_cagrad --set train.steps=150 --set train.eval_every_steps=50 --set method.baseline_cagrad.c=0.4 --set method.baseline_cagrad.inner_lr=0.2863105147 --set train.grad_clip=1 --set train.lr=2.410351909e-05 --set train.weight_decay=0.03456878451 --out /home/zhujjing/MOE-grad-conflict-routing/runs/paper_suite/single_gpu/single_task/roberta_rte_lora_e4_k2/hpo/cagrad/trial_runs/coord_05_method_baseline_cagrad_inner_lr_007/cagrad_s3.json --curve_out /home/zhujjing/MOE-grad-conflict-routing/runs/paper_suite/single_gpu/single_task/roberta_rte_lora_e4_k2/hpo/cagrad/trial_runs/coord_05_method_baseline_cagrad_inner_lr_007/cagrad_s3_curve.csv
Using the latest cached version of the dataset since glue couldn't be found on the Hugging Face Hub (offline mode is enabled).
Found the latest cached dataset configuration 'rte' at /home/zhujjing/hf_cache/datasets/glue/rte/0.0.0/bcdcba79d07bc864c1c254ccfcedcce55bcc9a8c (last modified on Thu Mar 19 15:00:36 2026).
/home/zhujjing/anaconda3/envs/moe/lib/python3.10/site-packages/transformers/utils/hub.py:124: FutureWarning: Using `TRANSFORMERS_CACHE` is deprecated and will be removed in v5 of Transformers. Use `HF_HOME` instead.
  warnings.warn(
Some weights of RobertaModel were not initialized from the model checkpoint at roberta-base and are newly initialized: ['roberta.pooler.dense.bias', 'roberta.pooler.dense.weight']
You should probably TRAIN this model on a down-stream task to be able to use it for predictions and inference.
[step 0001/150] method=baseline_cagrad loss=0.6975 train_acc=nan train_loss=nan val_acc=nan val_loss=nan best=-1.0000
[step 0010/150] method=baseline_cagrad loss=0.7125 train_acc=nan train_loss=nan val_acc=nan val_loss=nan best=-1.0000
[step 0020/150] method=baseline_cagrad loss=0.7038 train_acc=nan train_loss=nan val_acc=nan val_loss=nan best=-1.0000
[step 0030/150] method=baseline_cagrad loss=0.6659 train_acc=nan train_loss=nan val_acc=nan val_loss=nan best=-1.0000
[step 0040/150] method=baseline_cagrad loss=0.7095 train_acc=nan train_loss=nan val_acc=nan val_loss=nan best=-1.0000
[step 0050/150] method=baseline_cagrad loss=0.6432 train_acc=0.5871 train_loss=0.6632 val_acc=0.5379 val_loss=0.7171 router_H=0.6828 best=0.5379
           router_load=[0.5688650608062744, 0.002948487177491188, 0.04609888419508934, 0.38208749890327454]
[step 0060/150] method=baseline_cagrad loss=0.6242 train_acc=0.5871 train_loss=0.6632 val_acc=0.5379 val_loss=0.7171 router_H=0.6828 best=0.5379
           router_load=[0.5688650608062744, 0.002948487177491188, 0.04609888419508934, 0.38208749890327454]
[step 0070/150] method=baseline_cagrad loss=0.7650 train_acc=0.5871 train_loss=0.6632 val_acc=0.5379 val_loss=0.7171 router_H=0.6828 best=0.5379
           router_load=[0.5688650608062744, 0.002948487177491188, 0.04609888419508934, 0.38208749890327454]
[step 0080/150] method=baseline_cagrad loss=0.5312 train_acc=0.5871 train_loss=0.6632 val_acc=0.5379 val_loss=0.7171 router_H=0.6828 best=0.5379
           router_load=[0.5688650608062744, 0.002948487177491188, 0.04609888419508934, 0.38208749890327454]
[step 0090/150] method=baseline_cagrad loss=0.5415 train_acc=0.5871 train_loss=0.6632 val_acc=0.5379 val_loss=0.7171 router_H=0.6828 best=0.5379
           router_load=[0.5688650608062744, 0.002948487177491188, 0.04609888419508934, 0.38208749890327454]
[step 0100/150] method=baseline_cagrad loss=0.7432 train_acc=0.7161 train_loss=0.5590 val_acc=0.6787 val_loss=0.6059 router_H=0.6874 best=0.6787
           router_load=[0.5460304021835327, 0.026279645040631294, 0.17582693696022034, 0.25186294317245483]
[step 0110/150] method=baseline_cagrad loss=0.6338 train_acc=0.7161 train_loss=0.5590 val_acc=0.6787 val_loss=0.6059 router_H=0.6874 best=0.6787
           router_load=[0.5460304021835327, 0.026279645040631294, 0.17582693696022034, 0.25186294317245483]
[step 0120/150] method=baseline_cagrad loss=0.6205 train_acc=0.7161 train_loss=0.5590 val_acc=0.6787 val_loss=0.6059 router_H=0.6874 best=0.6787
           router_load=[0.5460304021835327, 0.026279645040631294, 0.17582693696022034, 0.25186294317245483]
[step 0130/150] method=baseline_cagrad loss=0.7043 train_acc=0.7161 train_loss=0.5590 val_acc=0.6787 val_loss=0.6059 router_H=0.6874 best=0.6787
           router_load=[0.5460304021835327, 0.026279645040631294, 0.17582693696022034, 0.25186294317245483]
[step 0140/150] method=baseline_cagrad loss=0.6456 train_acc=0.7161 train_loss=0.5590 val_acc=0.6787 val_loss=0.6059 router_H=0.6874 best=0.6787
           router_load=[0.5460304021835327, 0.026279645040631294, 0.17582693696022034, 0.25186294317245483]
[step 0150/150] method=baseline_cagrad loss=0.5047 train_acc=0.7382 train_loss=0.5495 val_acc=0.6679 val_loss=0.6313 router_H=0.6900 best=0.6787
           router_load=[0.5283381342887878, 0.0, 0.37649837136268616, 0.09516361355781555]
saved summary -> /home/zhujjing/MOE-grad-conflict-routing/runs/paper_suite/single_gpu/single_task/roberta_rte_lora_e4_k2/hpo/cagrad/trial_runs/coord_05_method_baseline_cagrad_inner_lr_007/cagrad_s3.json
saved curve -> /home/zhujjing/MOE-grad-conflict-routing/runs/paper_suite/single_gpu/single_task/roberta_rte_lora_e4_k2/hpo/cagrad/trial_runs/coord_05_method_baseline_cagrad_inner_lr_007/cagrad_s3_curve.csv
