[run] method=baseline candidate=coord_02_train_weight_decay_028 seed=3 steps=150 gpu=0
[run] cmd=
/home/zhujjing/anaconda3/envs/moe/bin/python /home/zhujjing/MOE-grad-conflict-routing/scripts/run.py --config configs/singletask_sst2_real.yaml --set model.backbone_backend=hf --set model.hf_load_pretrained=true --set model.backbone=roberta --set model.hf_pretrained_name=roberta-base --set model.expert_type=lora --set model.routing_mode=topk --set model.num_experts=4 --set model.top_k=2 --set seed=3 --set method.name=baseline_avg --set train.steps=150 --set train.eval_every_steps=50 --set train.grad_clip=1 --set train.lr=4.073235309e-05 --set train.weight_decay=0.002392015778 --out /home/zhujjing/MOE-grad-conflict-routing/runs/paper_suite/single_gpu/single_task/roberta_sst2_lora_e4_k2/hpo/baseline/trial_runs/coord_02_train_weight_decay_028/baseline_s3.json --curve_out /home/zhujjing/MOE-grad-conflict-routing/runs/paper_suite/single_gpu/single_task/roberta_sst2_lora_e4_k2/hpo/baseline/trial_runs/coord_02_train_weight_decay_028/baseline_s3_curve.csv
Using the latest cached version of the dataset since glue couldn't be found on the Hugging Face Hub (offline mode is enabled).
Found the latest cached dataset configuration 'sst2' at /home/zhujjing/hf_cache/datasets/glue/sst2/0.0.0/bcdcba79d07bc864c1c254ccfcedcce55bcc9a8c (last modified on Thu Mar 19 15:01:41 2026).
/home/zhujjing/anaconda3/envs/moe/lib/python3.10/site-packages/transformers/utils/hub.py:124: FutureWarning: Using `TRANSFORMERS_CACHE` is deprecated and will be removed in v5 of Transformers. Use `HF_HOME` instead.
  warnings.warn(
Some weights of RobertaModel were not initialized from the model checkpoint at roberta-base and are newly initialized: ['roberta.pooler.dense.bias', 'roberta.pooler.dense.weight']
You should probably TRAIN this model on a down-stream task to be able to use it for predictions and inference.
[step 0001/150] method=baseline_avg loss=0.6853 train_acc=nan train_loss=nan val_acc=nan val_loss=nan best=-1.0000
[step 0010/150] method=baseline_avg loss=0.6645 train_acc=nan train_loss=nan val_acc=nan val_loss=nan best=-1.0000
[step 0020/150] method=baseline_avg loss=0.5248 train_acc=nan train_loss=nan val_acc=nan val_loss=nan best=-1.0000
[step 0030/150] method=baseline_avg loss=0.4966 train_acc=nan train_loss=nan val_acc=nan val_loss=nan best=-1.0000
[step 0040/150] method=baseline_avg loss=0.9861 train_acc=nan train_loss=nan val_acc=nan val_loss=nan best=-1.0000
[step 0050/150] method=baseline_avg loss=0.7231 train_acc=0.8312 train_loss=0.3956 val_acc=0.8452 val_loss=0.3976 router_H=0.6869 best=0.8452
           router_load=[0.2957910895347595, 0.5501388907432556, 0.14126452803611755, 0.012805587612092495]
[step 0060/150] method=baseline_avg loss=0.4522 train_acc=0.8312 train_loss=0.3956 val_acc=0.8452 val_loss=0.3976 router_H=0.6869 best=0.8452
           router_load=[0.2957910895347595, 0.5501388907432556, 0.14126452803611755, 0.012805587612092495]
[step 0070/150] method=baseline_avg loss=0.3919 train_acc=0.8312 train_loss=0.3956 val_acc=0.8452 val_loss=0.3976 router_H=0.6869 best=0.8452
           router_load=[0.2957910895347595, 0.5501388907432556, 0.14126452803611755, 0.012805587612092495]
[step 0080/150] method=baseline_avg loss=0.4410 train_acc=0.8312 train_loss=0.3956 val_acc=0.8452 val_loss=0.3976 router_H=0.6869 best=0.8452
           router_load=[0.2957910895347595, 0.5501388907432556, 0.14126452803611755, 0.012805587612092495]
[step 0090/150] method=baseline_avg loss=0.3831 train_acc=0.8312 train_loss=0.3956 val_acc=0.8452 val_loss=0.3976 router_H=0.6869 best=0.8452
           router_load=[0.2957910895347595, 0.5501388907432556, 0.14126452803611755, 0.012805587612092495]
[step 0100/150] method=baseline_avg loss=0.4889 train_acc=0.8533 train_loss=0.3383 val_acc=0.8933 val_loss=0.2950 router_H=0.6889 best=0.8933
           router_load=[0.20567332208156586, 0.5226052403450012, 0.2717215418815613, 0.0]
[step 0110/150] method=baseline_avg loss=0.4965 train_acc=0.8533 train_loss=0.3383 val_acc=0.8933 val_loss=0.2950 router_H=0.6889 best=0.8933
           router_load=[0.20567332208156586, 0.5226052403450012, 0.2717215418815613, 0.0]
[step 0120/150] method=baseline_avg loss=0.4598 train_acc=0.8533 train_loss=0.3383 val_acc=0.8933 val_loss=0.2950 router_H=0.6889 best=0.8933
           router_load=[0.20567332208156586, 0.5226052403450012, 0.2717215418815613, 0.0]
[step 0130/150] method=baseline_avg loss=0.5687 train_acc=0.8533 train_loss=0.3383 val_acc=0.8933 val_loss=0.2950 router_H=0.6889 best=0.8933
           router_load=[0.20567332208156586, 0.5226052403450012, 0.2717215418815613, 0.0]
[step 0140/150] method=baseline_avg loss=0.1595 train_acc=0.8533 train_loss=0.3383 val_acc=0.8933 val_loss=0.2950 router_H=0.6889 best=0.8933
           router_load=[0.20567332208156586, 0.5226052403450012, 0.2717215418815613, 0.0]
[step 0150/150] method=baseline_avg loss=0.2911 train_acc=0.8712 train_loss=0.3075 val_acc=0.9106 val_loss=0.2355 router_H=0.6844 best=0.9106
           router_load=[0.12218952924013138, 0.5202184319496155, 0.357177734375, 0.00041443025111220777]
saved summary -> /home/zhujjing/MOE-grad-conflict-routing/runs/paper_suite/single_gpu/single_task/roberta_sst2_lora_e4_k2/hpo/baseline/trial_runs/coord_02_train_weight_decay_028/baseline_s3.json
saved curve -> /home/zhujjing/MOE-grad-conflict-routing/runs/paper_suite/single_gpu/single_task/roberta_sst2_lora_e4_k2/hpo/baseline/trial_runs/coord_02_train_weight_decay_028/baseline_s3_curve.csv
