[run] method=baseline candidate=coord_02_train_weight_decay_005 seed=2 steps=150 gpu=0
[run] cmd=
/home/zhujjing/anaconda3/envs/moe/bin/python /home/zhujjing/MOE-grad-conflict-routing/scripts/run.py --config configs/singletask_sst2_real.yaml --set model.backbone_backend=hf --set model.hf_load_pretrained=true --set model.backbone=roberta --set model.hf_pretrained_name=roberta-base --set model.expert_type=lora --set model.routing_mode=topk --set model.num_experts=4 --set model.top_k=2 --set seed=2 --set method.name=baseline_avg --set train.steps=150 --set train.eval_every_steps=50 --set train.grad_clip=1 --set train.lr=4.073235309e-05 --set train.weight_decay=0.01546097608 --out /home/zhujjing/MOE-grad-conflict-routing/runs/paper_suite/single_gpu/single_task/roberta_sst2_lora_e4_k2/hpo/baseline/trial_runs/coord_02_train_weight_decay_005/baseline_s2.json --curve_out /home/zhujjing/MOE-grad-conflict-routing/runs/paper_suite/single_gpu/single_task/roberta_sst2_lora_e4_k2/hpo/baseline/trial_runs/coord_02_train_weight_decay_005/baseline_s2_curve.csv
Using the latest cached version of the dataset since glue couldn't be found on the Hugging Face Hub (offline mode is enabled).
Found the latest cached dataset configuration 'sst2' at /home/zhujjing/hf_cache/datasets/glue/sst2/0.0.0/bcdcba79d07bc864c1c254ccfcedcce55bcc9a8c (last modified on Thu Mar 19 15:01:41 2026).
/home/zhujjing/anaconda3/envs/moe/lib/python3.10/site-packages/transformers/utils/hub.py:124: FutureWarning: Using `TRANSFORMERS_CACHE` is deprecated and will be removed in v5 of Transformers. Use `HF_HOME` instead.
  warnings.warn(
Some weights of RobertaModel were not initialized from the model checkpoint at roberta-base and are newly initialized: ['roberta.pooler.dense.bias', 'roberta.pooler.dense.weight']
You should probably TRAIN this model on a down-stream task to be able to use it for predictions and inference.
[step 0001/150] method=baseline_avg loss=0.6645 train_acc=nan train_loss=nan val_acc=nan val_loss=nan best=-1.0000
[step 0010/150] method=baseline_avg loss=0.6513 train_acc=nan train_loss=nan val_acc=nan val_loss=nan best=-1.0000
[step 0020/150] method=baseline_avg loss=0.3128 train_acc=nan train_loss=nan val_acc=nan val_loss=nan best=-1.0000
[step 0030/150] method=baseline_avg loss=0.6591 train_acc=nan train_loss=nan val_acc=nan val_loss=nan best=-1.0000
[step 0040/150] method=baseline_avg loss=0.1224 train_acc=nan train_loss=nan val_acc=nan val_loss=nan best=-1.0000
[step 0050/150] method=baseline_avg loss=0.2831 train_acc=0.8386 train_loss=0.3923 val_acc=0.7833 val_loss=0.4555 router_H=0.6849 best=0.7833
           router_load=[0.2589435875415802, 0.2192883938550949, 0.0, 0.5217679738998413]
[step 0060/150] method=baseline_avg loss=0.2265 train_acc=0.8386 train_loss=0.3923 val_acc=0.7833 val_loss=0.4555 router_H=0.6849 best=0.7833
           router_load=[0.2589435875415802, 0.2192883938550949, 0.0, 0.5217679738998413]
[step 0070/150] method=baseline_avg loss=0.6102 train_acc=0.8386 train_loss=0.3923 val_acc=0.7833 val_loss=0.4555 router_H=0.6849 best=0.7833
           router_load=[0.2589435875415802, 0.2192883938550949, 0.0, 0.5217679738998413]
[step 0080/150] method=baseline_avg loss=0.8589 train_acc=0.8386 train_loss=0.3923 val_acc=0.7833 val_loss=0.4555 router_H=0.6849 best=0.7833
           router_load=[0.2589435875415802, 0.2192883938550949, 0.0, 0.5217679738998413]
[step 0090/150] method=baseline_avg loss=0.2069 train_acc=0.8386 train_loss=0.3923 val_acc=0.7833 val_loss=0.4555 router_H=0.6849 best=0.7833
           router_load=[0.2589435875415802, 0.2192883938550949, 0.0, 0.5217679738998413]
[step 0100/150] method=baseline_avg loss=0.6456 train_acc=0.7778 train_loss=0.4581 val_acc=0.6995 val_loss=0.5795 router_H=0.6766 best=0.7833
           router_load=[0.1776803433895111, 0.24275964498519897, 0.0, 0.5795599818229675]
[step 0110/150] method=baseline_avg loss=0.4380 train_acc=0.7778 train_loss=0.4581 val_acc=0.6995 val_loss=0.5795 router_H=0.6766 best=0.7833
           router_load=[0.1776803433895111, 0.24275964498519897, 0.0, 0.5795599818229675]
[step 0120/150] method=baseline_avg loss=0.6081 train_acc=0.7778 train_loss=0.4581 val_acc=0.6995 val_loss=0.5795 router_H=0.6766 best=0.7833
           router_load=[0.1776803433895111, 0.24275964498519897, 0.0, 0.5795599818229675]
[step 0130/150] method=baseline_avg loss=0.3545 train_acc=0.7778 train_loss=0.4581 val_acc=0.6995 val_loss=0.5795 router_H=0.6766 best=0.7833
           router_load=[0.1776803433895111, 0.24275964498519897, 0.0, 0.5795599818229675]
[step 0140/150] method=baseline_avg loss=0.6089 train_acc=0.7778 train_loss=0.4581 val_acc=0.6995 val_loss=0.5795 router_H=0.6766 best=0.7833
           router_load=[0.1776803433895111, 0.24275964498519897, 0.0, 0.5795599818229675]
[step 0150/150] method=baseline_avg loss=0.5228 train_acc=0.8873 train_loss=0.2910 val_acc=0.8670 val_loss=0.3409 router_H=0.6742 best=0.8670
           router_load=[0.1892285943031311, 0.22737754881381989, 0.0, 0.5833939909934998]
saved summary -> /home/zhujjing/MOE-grad-conflict-routing/runs/paper_suite/single_gpu/single_task/roberta_sst2_lora_e4_k2/hpo/baseline/trial_runs/coord_02_train_weight_decay_005/baseline_s2.json
saved curve -> /home/zhujjing/MOE-grad-conflict-routing/runs/paper_suite/single_gpu/single_task/roberta_sst2_lora_e4_k2/hpo/baseline/trial_runs/coord_02_train_weight_decay_005/baseline_s2_curve.csv
