[run] method=baseline candidate=coord_02_train_weight_decay_000 seed=2 steps=150 gpu=0
[run] cmd=
/home/zhujjing/anaconda3/envs/moe/bin/python /home/zhujjing/MOE-grad-conflict-routing/scripts/run.py --config configs/singletask_sst2_real.yaml --set model.backbone_backend=hf --set model.hf_load_pretrained=true --set model.backbone=roberta --set model.hf_pretrained_name=roberta-base --set model.expert_type=lora --set model.routing_mode=topk --set model.num_experts=4 --set model.top_k=2 --set seed=2 --set method.name=baseline_avg --set train.steps=150 --set train.eval_every_steps=50 --set train.grad_clip=1 --set train.lr=4.073235309e-05 --set train.weight_decay=0.02474250561 --out /home/zhujjing/MOE-grad-conflict-routing/runs/paper_suite/single_gpu/single_task/roberta_sst2_lora_e4_k2/hpo/baseline/trial_runs/coord_02_train_weight_decay_000/baseline_s2.json --curve_out /home/zhujjing/MOE-grad-conflict-routing/runs/paper_suite/single_gpu/single_task/roberta_sst2_lora_e4_k2/hpo/baseline/trial_runs/coord_02_train_weight_decay_000/baseline_s2_curve.csv
Using the latest cached version of the dataset since glue couldn't be found on the Hugging Face Hub (offline mode is enabled).
Found the latest cached dataset configuration 'sst2' at /home/zhujjing/hf_cache/datasets/glue/sst2/0.0.0/bcdcba79d07bc864c1c254ccfcedcce55bcc9a8c (last modified on Thu Mar 19 15:01:41 2026).
/home/zhujjing/anaconda3/envs/moe/lib/python3.10/site-packages/transformers/utils/hub.py:124: FutureWarning: Using `TRANSFORMERS_CACHE` is deprecated and will be removed in v5 of Transformers. Use `HF_HOME` instead.
  warnings.warn(
Some weights of RobertaModel were not initialized from the model checkpoint at roberta-base and are newly initialized: ['roberta.pooler.dense.bias', 'roberta.pooler.dense.weight']
You should probably TRAIN this model on a down-stream task to be able to use it for predictions and inference.
[step 0001/150] method=baseline_avg loss=0.7645 train_acc=nan train_loss=nan val_acc=nan val_loss=nan best=-1.0000
[step 0010/150] method=baseline_avg loss=0.6988 train_acc=nan train_loss=nan val_acc=nan val_loss=nan best=-1.0000
[step 0020/150] method=baseline_avg loss=0.4161 train_acc=nan train_loss=nan val_acc=nan val_loss=nan best=-1.0000
[step 0030/150] method=baseline_avg loss=0.6360 train_acc=nan train_loss=nan val_acc=nan val_loss=nan best=-1.0000
[step 0040/150] method=baseline_avg loss=0.3091 train_acc=nan train_loss=nan val_acc=nan val_loss=nan best=-1.0000
[step 0050/150] method=baseline_avg loss=0.3373 train_acc=0.7272 train_loss=0.5257 val_acc=0.6456 val_loss=0.5994 router_H=0.6925 best=0.6456
           router_load=[0.0020551609341055155, 0.48589739203453064, 0.0, 0.512047529220581]
[step 0060/150] method=baseline_avg loss=0.4770 train_acc=0.7272 train_loss=0.5257 val_acc=0.6456 val_loss=0.5994 router_H=0.6925 best=0.6456
           router_load=[0.0020551609341055155, 0.48589739203453064, 0.0, 0.512047529220581]
[step 0070/150] method=baseline_avg loss=0.6595 train_acc=0.7272 train_loss=0.5257 val_acc=0.6456 val_loss=0.5994 router_H=0.6925 best=0.6456
           router_load=[0.0020551609341055155, 0.48589739203453064, 0.0, 0.512047529220581]
[step 0080/150] method=baseline_avg loss=0.5993 train_acc=0.7272 train_loss=0.5257 val_acc=0.6456 val_loss=0.5994 router_H=0.6925 best=0.6456
           router_load=[0.0020551609341055155, 0.48589739203453064, 0.0, 0.512047529220581]
[step 0090/150] method=baseline_avg loss=0.5707 train_acc=0.7272 train_loss=0.5257 val_acc=0.6456 val_loss=0.5994 router_H=0.6925 best=0.6456
           router_load=[0.0020551609341055155, 0.48589739203453064, 0.0, 0.512047529220581]
[step 0100/150] method=baseline_avg loss=0.4781 train_acc=0.8289 train_loss=0.3994 val_acc=0.8016 val_loss=0.4377 router_H=0.6895 best=0.8016
           router_load=[0.0014532216591760516, 0.4646141827106476, 0.0004299032734706998, 0.5335027575492859]
[step 0110/150] method=baseline_avg loss=0.4307 train_acc=0.8289 train_loss=0.3994 val_acc=0.8016 val_loss=0.4377 router_H=0.6895 best=0.8016
           router_load=[0.0014532216591760516, 0.4646141827106476, 0.0004299032734706998, 0.5335027575492859]
[step 0120/150] method=baseline_avg loss=0.4515 train_acc=0.8289 train_loss=0.3994 val_acc=0.8016 val_loss=0.4377 router_H=0.6895 best=0.8016
           router_load=[0.0014532216591760516, 0.4646141827106476, 0.0004299032734706998, 0.5335027575492859]
[step 0130/150] method=baseline_avg loss=0.1990 train_acc=0.8289 train_loss=0.3994 val_acc=0.8016 val_loss=0.4377 router_H=0.6895 best=0.8016
           router_load=[0.0014532216591760516, 0.4646141827106476, 0.0004299032734706998, 0.5335027575492859]
[step 0140/150] method=baseline_avg loss=0.4807 train_acc=0.8289 train_loss=0.3994 val_acc=0.8016 val_loss=0.4377 router_H=0.6895 best=0.8016
           router_load=[0.0014532216591760516, 0.4646141827106476, 0.0004299032734706998, 0.5335027575492859]
[step 0150/150] method=baseline_avg loss=0.5017 train_acc=0.8710 train_loss=0.3313 val_acc=0.8773 val_loss=0.3222 router_H=0.6834 best=0.8773
           router_load=[0.0, 0.43668466806411743, 0.0003964685893151909, 0.5629189610481262]
saved summary -> /home/zhujjing/MOE-grad-conflict-routing/runs/paper_suite/single_gpu/single_task/roberta_sst2_lora_e4_k2/hpo/baseline/trial_runs/coord_02_train_weight_decay_000/baseline_s2.json
saved curve -> /home/zhujjing/MOE-grad-conflict-routing/runs/paper_suite/single_gpu/single_task/roberta_sst2_lora_e4_k2/hpo/baseline/trial_runs/coord_02_train_weight_decay_000/baseline_s2_curve.csv
