[run] method=baseline candidate=coord_02_train_weight_decay_020 seed=2 steps=150 gpu=0
[run] cmd=
/home/zhujjing/anaconda3/envs/moe/bin/python /home/zhujjing/MOE-grad-conflict-routing/scripts/run.py --config configs/singletask_sst2_real.yaml --set model.backbone_backend=hf --set model.hf_load_pretrained=true --set model.backbone=roberta --set model.hf_pretrained_name=roberta-base --set model.expert_type=lora --set model.routing_mode=topk --set model.num_experts=4 --set model.top_k=2 --set seed=2 --set method.name=baseline_avg --set train.steps=150 --set train.eval_every_steps=50 --set train.grad_clip=1 --set train.lr=4.073235309e-05 --set train.weight_decay=0.006169258685 --out /home/zhujjing/MOE-grad-conflict-routing/runs/paper_suite/single_gpu/single_task/roberta_sst2_lora_e4_k2/hpo/baseline/trial_runs/coord_02_train_weight_decay_020/baseline_s2.json --curve_out /home/zhujjing/MOE-grad-conflict-routing/runs/paper_suite/single_gpu/single_task/roberta_sst2_lora_e4_k2/hpo/baseline/trial_runs/coord_02_train_weight_decay_020/baseline_s2_curve.csv
Using the latest cached version of the dataset since glue couldn't be found on the Hugging Face Hub (offline mode is enabled).
Found the latest cached dataset configuration 'sst2' at /home/zhujjing/hf_cache/datasets/glue/sst2/0.0.0/bcdcba79d07bc864c1c254ccfcedcce55bcc9a8c (last modified on Thu Mar 19 15:01:41 2026).
/home/zhujjing/anaconda3/envs/moe/lib/python3.10/site-packages/transformers/utils/hub.py:124: FutureWarning: Using `TRANSFORMERS_CACHE` is deprecated and will be removed in v5 of Transformers. Use `HF_HOME` instead.
  warnings.warn(
Some weights of RobertaModel were not initialized from the model checkpoint at roberta-base and are newly initialized: ['roberta.pooler.dense.bias', 'roberta.pooler.dense.weight']
You should probably TRAIN this model on a down-stream task to be able to use it for predictions and inference.
[step 0001/150] method=baseline_avg loss=0.7255 train_acc=nan train_loss=nan val_acc=nan val_loss=nan best=-1.0000
[step 0010/150] method=baseline_avg loss=0.6630 train_acc=nan train_loss=nan val_acc=nan val_loss=nan best=-1.0000
[step 0020/150] method=baseline_avg loss=0.3954 train_acc=nan train_loss=nan val_acc=nan val_loss=nan best=-1.0000
[step 0030/150] method=baseline_avg loss=0.5958 train_acc=nan train_loss=nan val_acc=nan val_loss=nan best=-1.0000
[step 0040/150] method=baseline_avg loss=0.2014 train_acc=nan train_loss=nan val_acc=nan val_loss=nan best=-1.0000
[step 0050/150] method=baseline_avg loss=0.0997 train_acc=0.8430 train_loss=0.4524 val_acc=0.8291 val_loss=0.4535 router_H=0.6917 best=0.8291
           router_load=[0.30056023597717285, 0.4190961420536041, 0.18191340565681458, 0.09843026846647263]
[step 0060/150] method=baseline_avg loss=0.5132 train_acc=0.8430 train_loss=0.4524 val_acc=0.8291 val_loss=0.4535 router_H=0.6917 best=0.8291
           router_load=[0.30056023597717285, 0.4190961420536041, 0.18191340565681458, 0.09843026846647263]
[step 0070/150] method=baseline_avg loss=0.5699 train_acc=0.8430 train_loss=0.4524 val_acc=0.8291 val_loss=0.4535 router_H=0.6917 best=0.8291
           router_load=[0.30056023597717285, 0.4190961420536041, 0.18191340565681458, 0.09843026846647263]
[step 0080/150] method=baseline_avg loss=0.6656 train_acc=0.8430 train_loss=0.4524 val_acc=0.8291 val_loss=0.4535 router_H=0.6917 best=0.8291
           router_load=[0.30056023597717285, 0.4190961420536041, 0.18191340565681458, 0.09843026846647263]
[step 0090/150] method=baseline_avg loss=0.2917 train_acc=0.8430 train_loss=0.4524 val_acc=0.8291 val_loss=0.4535 router_H=0.6917 best=0.8291
           router_load=[0.30056023597717285, 0.4190961420536041, 0.18191340565681458, 0.09843026846647263]
[step 0100/150] method=baseline_avg loss=1.0943 train_acc=0.7891 train_loss=0.4939 val_acc=0.7328 val_loss=0.6049 router_H=0.6918 best=0.8291
           router_load=[0.4039430320262909, 0.4211214780807495, 0.11639800667762756, 0.05853741616010666]
[step 0110/150] method=baseline_avg loss=0.4615 train_acc=0.7891 train_loss=0.4939 val_acc=0.7328 val_loss=0.6049 router_H=0.6918 best=0.8291
           router_load=[0.4039430320262909, 0.4211214780807495, 0.11639800667762756, 0.05853741616010666]
[step 0120/150] method=baseline_avg loss=1.0021 train_acc=0.7891 train_loss=0.4939 val_acc=0.7328 val_loss=0.6049 router_H=0.6918 best=0.8291
           router_load=[0.4039430320262909, 0.4211214780807495, 0.11639800667762756, 0.05853741616010666]
[step 0130/150] method=baseline_avg loss=0.4127 train_acc=0.7891 train_loss=0.4939 val_acc=0.7328 val_loss=0.6049 router_H=0.6918 best=0.8291
           router_load=[0.4039430320262909, 0.4211214780807495, 0.11639800667762756, 0.05853741616010666]
[step 0140/150] method=baseline_avg loss=0.4880 train_acc=0.7891 train_loss=0.4939 val_acc=0.7328 val_loss=0.6049 router_H=0.6918 best=0.8291
           router_load=[0.4039430320262909, 0.4211214780807495, 0.11639800667762756, 0.05853741616010666]
[step 0150/150] method=baseline_avg loss=0.5509 train_acc=0.8592 train_loss=0.3427 val_acc=0.8417 val_loss=0.3571 router_H=0.6764 best=0.8417
           router_load=[0.3799175024032593, 0.4978885054588318, 0.0, 0.12219385802745819]
saved summary -> /home/zhujjing/MOE-grad-conflict-routing/runs/paper_suite/single_gpu/single_task/roberta_sst2_lora_e4_k2/hpo/baseline/trial_runs/coord_02_train_weight_decay_020/baseline_s2.json
saved curve -> /home/zhujjing/MOE-grad-conflict-routing/runs/paper_suite/single_gpu/single_task/roberta_sst2_lora_e4_k2/hpo/baseline/trial_runs/coord_02_train_weight_decay_020/baseline_s2_curve.csv
