[run] method=baseline candidate=coord_02_train_weight_decay_012 seed=2 steps=150 gpu=0
[run] cmd=
/home/zhujjing/anaconda3/envs/moe/bin/python /home/zhujjing/MOE-grad-conflict-routing/scripts/run.py --config configs/singletask_sst2_real.yaml --set model.backbone_backend=hf --set model.hf_load_pretrained=true --set model.backbone=roberta --set model.hf_pretrained_name=roberta-base --set model.expert_type=lora --set model.routing_mode=topk --set model.num_experts=4 --set model.top_k=2 --set seed=2 --set method.name=baseline_avg --set train.steps=150 --set train.eval_every_steps=50 --set train.grad_clip=1 --set train.lr=4.073235309e-05 --set train.weight_decay=0.02770196132 --out /home/zhujjing/MOE-grad-conflict-routing/runs/paper_suite/single_gpu/single_task/roberta_sst2_lora_e4_k2/hpo/baseline/trial_runs/coord_02_train_weight_decay_012/baseline_s2.json --curve_out /home/zhujjing/MOE-grad-conflict-routing/runs/paper_suite/single_gpu/single_task/roberta_sst2_lora_e4_k2/hpo/baseline/trial_runs/coord_02_train_weight_decay_012/baseline_s2_curve.csv
Using the latest cached version of the dataset since glue couldn't be found on the Hugging Face Hub (offline mode is enabled).
Found the latest cached dataset configuration 'sst2' at /home/zhujjing/hf_cache/datasets/glue/sst2/0.0.0/bcdcba79d07bc864c1c254ccfcedcce55bcc9a8c (last modified on Thu Mar 19 15:01:41 2026).
/home/zhujjing/anaconda3/envs/moe/lib/python3.10/site-packages/transformers/utils/hub.py:124: FutureWarning: Using `TRANSFORMERS_CACHE` is deprecated and will be removed in v5 of Transformers. Use `HF_HOME` instead.
  warnings.warn(
Some weights of RobertaModel were not initialized from the model checkpoint at roberta-base and are newly initialized: ['roberta.pooler.dense.bias', 'roberta.pooler.dense.weight']
You should probably TRAIN this model on a down-stream task to be able to use it for predictions and inference.
[step 0001/150] method=baseline_avg loss=0.8769 train_acc=nan train_loss=nan val_acc=nan val_loss=nan best=-1.0000
[step 0010/150] method=baseline_avg loss=0.6543 train_acc=nan train_loss=nan val_acc=nan val_loss=nan best=-1.0000
[step 0020/150] method=baseline_avg loss=0.2874 train_acc=nan train_loss=nan val_acc=nan val_loss=nan best=-1.0000
[step 0030/150] method=baseline_avg loss=0.2300 train_acc=nan train_loss=nan val_acc=nan val_loss=nan best=-1.0000
[step 0040/150] method=baseline_avg loss=0.3231 train_acc=nan train_loss=nan val_acc=nan val_loss=nan best=-1.0000
[step 0050/150] method=baseline_avg loss=0.7384 train_acc=0.8625 train_loss=0.3792 val_acc=0.8830 val_loss=0.3362 router_H=0.6910 best=0.8830
           router_load=[0.3887721300125122, 0.5066567063331604, 0.10457112640142441, 0.0]
[step 0060/150] method=baseline_avg loss=0.4935 train_acc=0.8625 train_loss=0.3792 val_acc=0.8830 val_loss=0.3362 router_H=0.6910 best=0.8830
           router_load=[0.3887721300125122, 0.5066567063331604, 0.10457112640142441, 0.0]
[step 0070/150] method=baseline_avg loss=0.5512 train_acc=0.8625 train_loss=0.3792 val_acc=0.8830 val_loss=0.3362 router_H=0.6910 best=0.8830
           router_load=[0.3887721300125122, 0.5066567063331604, 0.10457112640142441, 0.0]
[step 0080/150] method=baseline_avg loss=0.6721 train_acc=0.8625 train_loss=0.3792 val_acc=0.8830 val_loss=0.3362 router_H=0.6910 best=0.8830
           router_load=[0.3887721300125122, 0.5066567063331604, 0.10457112640142441, 0.0]
[step 0090/150] method=baseline_avg loss=0.2016 train_acc=0.8625 train_loss=0.3792 val_acc=0.8830 val_loss=0.3362 router_H=0.6910 best=0.8830
           router_load=[0.3887721300125122, 0.5066567063331604, 0.10457112640142441, 0.0]
[step 0100/150] method=baseline_avg loss=1.0093 train_acc=0.7877 train_loss=0.5839 val_acc=0.7305 val_loss=0.6384 router_H=0.6921 best=0.8830
           router_load=[0.5012633204460144, 0.21497023105621338, 0.2837664484977722, 0.0]
[step 0110/150] method=baseline_avg loss=0.3681 train_acc=0.7877 train_loss=0.5839 val_acc=0.7305 val_loss=0.6384 router_H=0.6921 best=0.8830
           router_load=[0.5012633204460144, 0.21497023105621338, 0.2837664484977722, 0.0]
[step 0120/150] method=baseline_avg loss=0.7821 train_acc=0.7877 train_loss=0.5839 val_acc=0.7305 val_loss=0.6384 router_H=0.6921 best=0.8830
           router_load=[0.5012633204460144, 0.21497023105621338, 0.2837664484977722, 0.0]
[step 0130/150] method=baseline_avg loss=0.2681 train_acc=0.7877 train_loss=0.5839 val_acc=0.7305 val_loss=0.6384 router_H=0.6921 best=0.8830
           router_load=[0.5012633204460144, 0.21497023105621338, 0.2837664484977722, 0.0]
[step 0140/150] method=baseline_avg loss=0.6600 train_acc=0.7877 train_loss=0.5839 val_acc=0.7305 val_loss=0.6384 router_H=0.6921 best=0.8830
           router_load=[0.5012633204460144, 0.21497023105621338, 0.2837664484977722, 0.0]
[step 0150/150] method=baseline_avg loss=0.4960 train_acc=0.8882 train_loss=0.3291 val_acc=0.8876 val_loss=0.3348 router_H=0.6924 best=0.8876
           router_load=[0.46550145745277405, 0.5062766075134277, 0.028221923857927322, 0.0]
saved summary -> /home/zhujjing/MOE-grad-conflict-routing/runs/paper_suite/single_gpu/single_task/roberta_sst2_lora_e4_k2/hpo/baseline/trial_runs/coord_02_train_weight_decay_012/baseline_s2.json
saved curve -> /home/zhujjing/MOE-grad-conflict-routing/runs/paper_suite/single_gpu/single_task/roberta_sst2_lora_e4_k2/hpo/baseline/trial_runs/coord_02_train_weight_decay_012/baseline_s2_curve.csv
