[run] method=baseline candidate=coord_02_train_weight_decay_017 seed=2 steps=150 gpu=0
[run] cmd=
/home/zhujjing/anaconda3/envs/moe/bin/python /home/zhujjing/MOE-grad-conflict-routing/scripts/run.py --config configs/singletask_sst2_real.yaml --set model.backbone_backend=hf --set model.hf_load_pretrained=true --set model.backbone=roberta --set model.hf_pretrained_name=roberta-base --set model.expert_type=lora --set model.routing_mode=topk --set model.num_experts=4 --set model.top_k=2 --set seed=2 --set method.name=baseline_avg --set train.steps=150 --set train.eval_every_steps=50 --set train.grad_clip=1 --set train.lr=4.073235309e-05 --set train.weight_decay=0.04458013788 --out /home/zhujjing/MOE-grad-conflict-routing/runs/paper_suite/single_gpu/single_task/roberta_sst2_lora_e4_k2/hpo/baseline/trial_runs/coord_02_train_weight_decay_017/baseline_s2.json --curve_out /home/zhujjing/MOE-grad-conflict-routing/runs/paper_suite/single_gpu/single_task/roberta_sst2_lora_e4_k2/hpo/baseline/trial_runs/coord_02_train_weight_decay_017/baseline_s2_curve.csv
Using the latest cached version of the dataset since glue couldn't be found on the Hugging Face Hub (offline mode is enabled).
Found the latest cached dataset configuration 'sst2' at /home/zhujjing/hf_cache/datasets/glue/sst2/0.0.0/bcdcba79d07bc864c1c254ccfcedcce55bcc9a8c (last modified on Thu Mar 19 15:01:41 2026).
/home/zhujjing/anaconda3/envs/moe/lib/python3.10/site-packages/transformers/utils/hub.py:124: FutureWarning: Using `TRANSFORMERS_CACHE` is deprecated and will be removed in v5 of Transformers. Use `HF_HOME` instead.
  warnings.warn(
Some weights of RobertaModel were not initialized from the model checkpoint at roberta-base and are newly initialized: ['roberta.pooler.dense.bias', 'roberta.pooler.dense.weight']
You should probably TRAIN this model on a down-stream task to be able to use it for predictions and inference.
[step 0001/150] method=baseline_avg loss=0.5926 train_acc=nan train_loss=nan val_acc=nan val_loss=nan best=-1.0000
[step 0010/150] method=baseline_avg loss=0.6303 train_acc=nan train_loss=nan val_acc=nan val_loss=nan best=-1.0000
[step 0020/150] method=baseline_avg loss=0.4859 train_acc=nan train_loss=nan val_acc=nan val_loss=nan best=-1.0000
[step 0030/150] method=baseline_avg loss=0.4130 train_acc=nan train_loss=nan val_acc=nan val_loss=nan best=-1.0000
[step 0040/150] method=baseline_avg loss=0.1828 train_acc=nan train_loss=nan val_acc=nan val_loss=nan best=-1.0000
[step 0050/150] method=baseline_avg loss=0.0711 train_acc=0.8357 train_loss=0.4791 val_acc=0.7810 val_loss=0.6897 router_H=0.6910 best=0.7810
           router_load=[0.16148275136947632, 0.29399794340133667, 0.10882272571325302, 0.43569648265838623]
[step 0060/150] method=baseline_avg loss=0.2249 train_acc=0.8357 train_loss=0.4791 val_acc=0.7810 val_loss=0.6897 router_H=0.6910 best=0.7810
           router_load=[0.16148275136947632, 0.29399794340133667, 0.10882272571325302, 0.43569648265838623]
[step 0070/150] method=baseline_avg loss=0.3679 train_acc=0.8357 train_loss=0.4791 val_acc=0.7810 val_loss=0.6897 router_H=0.6910 best=0.7810
           router_load=[0.16148275136947632, 0.29399794340133667, 0.10882272571325302, 0.43569648265838623]
[step 0080/150] method=baseline_avg loss=0.6578 train_acc=0.8357 train_loss=0.4791 val_acc=0.7810 val_loss=0.6897 router_H=0.6910 best=0.7810
           router_load=[0.16148275136947632, 0.29399794340133667, 0.10882272571325302, 0.43569648265838623]
[step 0090/150] method=baseline_avg loss=0.3554 train_acc=0.8357 train_loss=0.4791 val_acc=0.7810 val_loss=0.6897 router_H=0.6910 best=0.7810
           router_load=[0.16148275136947632, 0.29399794340133667, 0.10882272571325302, 0.43569648265838623]
[step 0100/150] method=baseline_avg loss=0.5879 train_acc=0.7839 train_loss=0.4699 val_acc=0.7328 val_loss=0.5228 router_H=0.6918 best=0.7810
           router_load=[0.2611704170703888, 0.1596512347459793, 0.23623047769069672, 0.3429478406906128]
[step 0110/150] method=baseline_avg loss=0.2766 train_acc=0.7839 train_loss=0.4699 val_acc=0.7328 val_loss=0.5228 router_H=0.6918 best=0.7810
           router_load=[0.2611704170703888, 0.1596512347459793, 0.23623047769069672, 0.3429478406906128]
[step 0120/150] method=baseline_avg loss=0.7474 train_acc=0.7839 train_loss=0.4699 val_acc=0.7328 val_loss=0.5228 router_H=0.6918 best=0.7810
           router_load=[0.2611704170703888, 0.1596512347459793, 0.23623047769069672, 0.3429478406906128]
[step 0130/150] method=baseline_avg loss=0.2952 train_acc=0.7839 train_loss=0.4699 val_acc=0.7328 val_loss=0.5228 router_H=0.6918 best=0.7810
           router_load=[0.2611704170703888, 0.1596512347459793, 0.23623047769069672, 0.3429478406906128]
[step 0140/150] method=baseline_avg loss=0.4749 train_acc=0.7839 train_loss=0.4699 val_acc=0.7328 val_loss=0.5228 router_H=0.6918 best=0.7810
           router_load=[0.2611704170703888, 0.1596512347459793, 0.23623047769069672, 0.3429478406906128]
[step 0150/150] method=baseline_avg loss=0.5109 train_acc=0.8725 train_loss=0.3133 val_acc=0.8842 val_loss=0.2949 router_H=0.6896 best=0.8842
           router_load=[0.47728270292282104, 0.11176160722970963, 0.3024890720844269, 0.10846640914678574]
saved summary -> /home/zhujjing/MOE-grad-conflict-routing/runs/paper_suite/single_gpu/single_task/roberta_sst2_lora_e4_k2/hpo/baseline/trial_runs/coord_02_train_weight_decay_017/baseline_s2.json
saved curve -> /home/zhujjing/MOE-grad-conflict-routing/runs/paper_suite/single_gpu/single_task/roberta_sst2_lora_e4_k2/hpo/baseline/trial_runs/coord_02_train_weight_decay_017/baseline_s2_curve.csv
