[run] method=baseline candidate=coord_02_train_weight_decay_007 seed=3 steps=150 gpu=0
[run] cmd=
/home/zhujjing/anaconda3/envs/moe/bin/python /home/zhujjing/MOE-grad-conflict-routing/scripts/run.py --config configs/singletask_sst2_real.yaml --set model.backbone_backend=hf --set model.hf_load_pretrained=true --set model.backbone=roberta --set model.hf_pretrained_name=roberta-base --set model.expert_type=lora --set model.routing_mode=topk --set model.num_experts=4 --set model.top_k=2 --set seed=3 --set method.name=baseline_avg --set train.steps=150 --set train.eval_every_steps=50 --set train.grad_clip=1 --set train.lr=4.073235309e-05 --set train.weight_decay=0.007589584458 --out /home/zhujjing/MOE-grad-conflict-routing/runs/paper_suite/single_gpu/single_task/roberta_sst2_lora_e4_k2/hpo/baseline/trial_runs/coord_02_train_weight_decay_007/baseline_s3.json --curve_out /home/zhujjing/MOE-grad-conflict-routing/runs/paper_suite/single_gpu/single_task/roberta_sst2_lora_e4_k2/hpo/baseline/trial_runs/coord_02_train_weight_decay_007/baseline_s3_curve.csv
Using the latest cached version of the dataset since glue couldn't be found on the Hugging Face Hub (offline mode is enabled).
Found the latest cached dataset configuration 'sst2' at /home/zhujjing/hf_cache/datasets/glue/sst2/0.0.0/bcdcba79d07bc864c1c254ccfcedcce55bcc9a8c (last modified on Thu Mar 19 15:01:41 2026).
/home/zhujjing/anaconda3/envs/moe/lib/python3.10/site-packages/transformers/utils/hub.py:124: FutureWarning: Using `TRANSFORMERS_CACHE` is deprecated and will be removed in v5 of Transformers. Use `HF_HOME` instead.
  warnings.warn(
Some weights of RobertaModel were not initialized from the model checkpoint at roberta-base and are newly initialized: ['roberta.pooler.dense.bias', 'roberta.pooler.dense.weight']
You should probably TRAIN this model on a down-stream task to be able to use it for predictions and inference.
[step 0001/150] method=baseline_avg loss=0.7105 train_acc=nan train_loss=nan val_acc=nan val_loss=nan best=-1.0000
[step 0010/150] method=baseline_avg loss=0.6454 train_acc=nan train_loss=nan val_acc=nan val_loss=nan best=-1.0000
[step 0020/150] method=baseline_avg loss=0.5342 train_acc=nan train_loss=nan val_acc=nan val_loss=nan best=-1.0000
[step 0030/150] method=baseline_avg loss=0.5437 train_acc=nan train_loss=nan val_acc=nan val_loss=nan best=-1.0000
[step 0040/150] method=baseline_avg loss=0.6588 train_acc=nan train_loss=nan val_acc=nan val_loss=nan best=-1.0000
[step 0050/150] method=baseline_avg loss=0.3662 train_acc=0.8708 train_loss=0.3663 val_acc=0.8739 val_loss=0.3678 router_H=0.6783 best=0.8739
           router_load=[0.1595427691936493, 0.5784165263175964, 0.22102656960487366, 0.04101414978504181]
[step 0060/150] method=baseline_avg loss=0.6981 train_acc=0.8708 train_loss=0.3663 val_acc=0.8739 val_loss=0.3678 router_H=0.6783 best=0.8739
           router_load=[0.1595427691936493, 0.5784165263175964, 0.22102656960487366, 0.04101414978504181]
[step 0070/150] method=baseline_avg loss=0.4826 train_acc=0.8708 train_loss=0.3663 val_acc=0.8739 val_loss=0.3678 router_H=0.6783 best=0.8739
           router_load=[0.1595427691936493, 0.5784165263175964, 0.22102656960487366, 0.04101414978504181]
[step 0080/150] method=baseline_avg loss=0.2129 train_acc=0.8708 train_loss=0.3663 val_acc=0.8739 val_loss=0.3678 router_H=0.6783 best=0.8739
           router_load=[0.1595427691936493, 0.5784165263175964, 0.22102656960487366, 0.04101414978504181]
[step 0090/150] method=baseline_avg loss=0.4684 train_acc=0.8708 train_loss=0.3663 val_acc=0.8739 val_loss=0.3678 router_H=0.6783 best=0.8739
           router_load=[0.1595427691936493, 0.5784165263175964, 0.22102656960487366, 0.04101414978504181]
[step 0100/150] method=baseline_avg loss=0.4652 train_acc=0.8659 train_loss=0.3217 val_acc=0.9002 val_loss=0.2590 router_H=0.6873 best=0.9002
           router_load=[0.05765247717499733, 0.5266048312187195, 0.4136042892932892, 0.0021384411957114935]
[step 0110/150] method=baseline_avg loss=0.3641 train_acc=0.8659 train_loss=0.3217 val_acc=0.9002 val_loss=0.2590 router_H=0.6873 best=0.9002
           router_load=[0.05765247717499733, 0.5266048312187195, 0.4136042892932892, 0.0021384411957114935]
[step 0120/150] method=baseline_avg loss=0.4024 train_acc=0.8659 train_loss=0.3217 val_acc=0.9002 val_loss=0.2590 router_H=0.6873 best=0.9002
           router_load=[0.05765247717499733, 0.5266048312187195, 0.4136042892932892, 0.0021384411957114935]
[step 0130/150] method=baseline_avg loss=0.3396 train_acc=0.8659 train_loss=0.3217 val_acc=0.9002 val_loss=0.2590 router_H=0.6873 best=0.9002
           router_load=[0.05765247717499733, 0.5266048312187195, 0.4136042892932892, 0.0021384411957114935]
[step 0140/150] method=baseline_avg loss=0.3363 train_acc=0.8659 train_loss=0.3217 val_acc=0.9002 val_loss=0.2590 router_H=0.6873 best=0.9002
           router_load=[0.05765247717499733, 0.5266048312187195, 0.4136042892932892, 0.0021384411957114935]
[step 0150/150] method=baseline_avg loss=0.3072 train_acc=0.8816 train_loss=0.3091 val_acc=0.9094 val_loss=0.2469 router_H=0.6889 best=0.9094
           router_load=[0.04049206152558327, 0.4753227233886719, 0.46188822388648987, 0.022296952083706856]
saved summary -> /home/zhujjing/MOE-grad-conflict-routing/runs/paper_suite/single_gpu/single_task/roberta_sst2_lora_e4_k2/hpo/baseline/trial_runs/coord_02_train_weight_decay_007/baseline_s3.json
saved curve -> /home/zhujjing/MOE-grad-conflict-routing/runs/paper_suite/single_gpu/single_task/roberta_sst2_lora_e4_k2/hpo/baseline/trial_runs/coord_02_train_weight_decay_007/baseline_s3_curve.csv
