[run] method=baseline candidate=coord_02_train_weight_decay_022 seed=2 steps=150 gpu=0
[run] cmd=
/home/zhujjing/anaconda3/envs/moe/bin/python /home/zhujjing/MOE-grad-conflict-routing/scripts/run.py --config configs/singletask_sst2_real.yaml --set model.backbone_backend=hf --set model.hf_load_pretrained=true --set model.backbone=roberta --set model.hf_pretrained_name=roberta-base --set model.expert_type=lora --set model.routing_mode=topk --set model.num_experts=4 --set model.top_k=2 --set seed=2 --set method.name=baseline_avg --set train.steps=150 --set train.eval_every_steps=50 --set train.grad_clip=1 --set train.lr=4.073235309e-05 --set train.weight_decay=0.04115829834 --out /home/zhujjing/MOE-grad-conflict-routing/runs/paper_suite/single_gpu/single_task/roberta_sst2_lora_e4_k2/hpo/baseline/trial_runs/coord_02_train_weight_decay_022/baseline_s2.json --curve_out /home/zhujjing/MOE-grad-conflict-routing/runs/paper_suite/single_gpu/single_task/roberta_sst2_lora_e4_k2/hpo/baseline/trial_runs/coord_02_train_weight_decay_022/baseline_s2_curve.csv
Using the latest cached version of the dataset since glue couldn't be found on the Hugging Face Hub (offline mode is enabled).
Found the latest cached dataset configuration 'sst2' at /home/zhujjing/hf_cache/datasets/glue/sst2/0.0.0/bcdcba79d07bc864c1c254ccfcedcce55bcc9a8c (last modified on Thu Mar 19 15:01:41 2026).
/home/zhujjing/anaconda3/envs/moe/lib/python3.10/site-packages/transformers/utils/hub.py:124: FutureWarning: Using `TRANSFORMERS_CACHE` is deprecated and will be removed in v5 of Transformers. Use `HF_HOME` instead.
  warnings.warn(
Some weights of RobertaModel were not initialized from the model checkpoint at roberta-base and are newly initialized: ['roberta.pooler.dense.bias', 'roberta.pooler.dense.weight']
You should probably TRAIN this model on a down-stream task to be able to use it for predictions and inference.
[step 0001/150] method=baseline_avg loss=0.7877 train_acc=nan train_loss=nan val_acc=nan val_loss=nan best=-1.0000
[step 0010/150] method=baseline_avg loss=0.6786 train_acc=nan train_loss=nan val_acc=nan val_loss=nan best=-1.0000
[step 0020/150] method=baseline_avg loss=0.3375 train_acc=nan train_loss=nan val_acc=nan val_loss=nan best=-1.0000
[step 0030/150] method=baseline_avg loss=0.1658 train_acc=nan train_loss=nan val_acc=nan val_loss=nan best=-1.0000
[step 0040/150] method=baseline_avg loss=0.1103 train_acc=nan train_loss=nan val_acc=nan val_loss=nan best=-1.0000
[step 0050/150] method=baseline_avg loss=0.2023 train_acc=0.7350 train_loss=1.2437 val_acc=0.7018 val_loss=1.4938 router_H=0.6639 best=0.7018
           router_load=[0.5258824229240417, 0.2610732614994049, 0.13357071578502655, 0.07947348803281784]
[step 0060/150] method=baseline_avg loss=0.3119 train_acc=0.7350 train_loss=1.2437 val_acc=0.7018 val_loss=1.4938 router_H=0.6639 best=0.7018
           router_load=[0.5258824229240417, 0.2610732614994049, 0.13357071578502655, 0.07947348803281784]
[step 0070/150] method=baseline_avg loss=0.4297 train_acc=0.7350 train_loss=1.2437 val_acc=0.7018 val_loss=1.4938 router_H=0.6639 best=0.7018
           router_load=[0.5258824229240417, 0.2610732614994049, 0.13357071578502655, 0.07947348803281784]
[step 0080/150] method=baseline_avg loss=0.3982 train_acc=0.7350 train_loss=1.2437 val_acc=0.7018 val_loss=1.4938 router_H=0.6639 best=0.7018
           router_load=[0.5258824229240417, 0.2610732614994049, 0.13357071578502655, 0.07947348803281784]
[step 0090/150] method=baseline_avg loss=0.7769 train_acc=0.7350 train_loss=1.2437 val_acc=0.7018 val_loss=1.4938 router_H=0.6639 best=0.7018
           router_load=[0.5258824229240417, 0.2610732614994049, 0.13357071578502655, 0.07947348803281784]
[step 0100/150] method=baseline_avg loss=0.5911 train_acc=0.7397 train_loss=0.5038 val_acc=0.7202 val_loss=0.5122 router_H=0.6910 best=0.7202
           router_load=[0.4311511218547821, 0.3661333918571472, 0.06290505081415176, 0.1398104727268219]
[step 0110/150] method=baseline_avg loss=0.3831 train_acc=0.7397 train_loss=0.5038 val_acc=0.7202 val_loss=0.5122 router_H=0.6910 best=0.7202
           router_load=[0.4311511218547821, 0.3661333918571472, 0.06290505081415176, 0.1398104727268219]
[step 0120/150] method=baseline_avg loss=0.2802 train_acc=0.7397 train_loss=0.5038 val_acc=0.7202 val_loss=0.5122 router_H=0.6910 best=0.7202
           router_load=[0.4311511218547821, 0.3661333918571472, 0.06290505081415176, 0.1398104727268219]
[step 0130/150] method=baseline_avg loss=0.2079 train_acc=0.7397 train_loss=0.5038 val_acc=0.7202 val_loss=0.5122 router_H=0.6910 best=0.7202
           router_load=[0.4311511218547821, 0.3661333918571472, 0.06290505081415176, 0.1398104727268219]
[step 0140/150] method=baseline_avg loss=0.5090 train_acc=0.7397 train_loss=0.5038 val_acc=0.7202 val_loss=0.5122 router_H=0.6910 best=0.7202
           router_load=[0.4311511218547821, 0.3661333918571472, 0.06290505081415176, 0.1398104727268219]
[step 0150/150] method=baseline_avg loss=0.7086 train_acc=0.8651 train_loss=0.3272 val_acc=0.8739 val_loss=0.3070 router_H=0.6838 best=0.8739
           router_load=[0.32519617676734924, 0.4754355549812317, 0.05454517900943756, 0.1448231190443039]
saved summary -> /home/zhujjing/MOE-grad-conflict-routing/runs/paper_suite/single_gpu/single_task/roberta_sst2_lora_e4_k2/hpo/baseline/trial_runs/coord_02_train_weight_decay_022/baseline_s2.json
saved curve -> /home/zhujjing/MOE-grad-conflict-routing/runs/paper_suite/single_gpu/single_task/roberta_sst2_lora_e4_k2/hpo/baseline/trial_runs/coord_02_train_weight_decay_022/baseline_s2_curve.csv
