[run] method=baseline candidate=coord_02_train_weight_decay_015 seed=2 steps=150 gpu=0
[run] cmd=
/home/zhujjing/anaconda3/envs/moe/bin/python /home/zhujjing/MOE-grad-conflict-routing/scripts/run.py --config configs/singletask_sst2_real.yaml --set model.backbone_backend=hf --set model.hf_load_pretrained=true --set model.backbone=roberta --set model.hf_pretrained_name=roberta-base --set model.expert_type=lora --set model.routing_mode=topk --set model.num_experts=4 --set model.top_k=2 --set seed=2 --set method.name=baseline_avg --set train.steps=150 --set train.eval_every_steps=50 --set train.grad_clip=1 --set train.lr=4.073235309e-05 --set train.weight_decay=0.002253014112 --out /home/zhujjing/MOE-grad-conflict-routing/runs/paper_suite/single_gpu/single_task/roberta_sst2_lora_e4_k2/hpo/baseline/trial_runs/coord_02_train_weight_decay_015/baseline_s2.json --curve_out /home/zhujjing/MOE-grad-conflict-routing/runs/paper_suite/single_gpu/single_task/roberta_sst2_lora_e4_k2/hpo/baseline/trial_runs/coord_02_train_weight_decay_015/baseline_s2_curve.csv
Using the latest cached version of the dataset since glue couldn't be found on the Hugging Face Hub (offline mode is enabled).
Found the latest cached dataset configuration 'sst2' at /home/zhujjing/hf_cache/datasets/glue/sst2/0.0.0/bcdcba79d07bc864c1c254ccfcedcce55bcc9a8c (last modified on Thu Mar 19 15:01:41 2026).
/home/zhujjing/anaconda3/envs/moe/lib/python3.10/site-packages/transformers/utils/hub.py:124: FutureWarning: Using `TRANSFORMERS_CACHE` is deprecated and will be removed in v5 of Transformers. Use `HF_HOME` instead.
  warnings.warn(
Some weights of RobertaModel were not initialized from the model checkpoint at roberta-base and are newly initialized: ['roberta.pooler.dense.bias', 'roberta.pooler.dense.weight']
You should probably TRAIN this model on a down-stream task to be able to use it for predictions and inference.
[step 0001/150] method=baseline_avg loss=0.6136 train_acc=nan train_loss=nan val_acc=nan val_loss=nan best=-1.0000
[step 0010/150] method=baseline_avg loss=0.6676 train_acc=nan train_loss=nan val_acc=nan val_loss=nan best=-1.0000
[step 0020/150] method=baseline_avg loss=0.6636 train_acc=nan train_loss=nan val_acc=nan val_loss=nan best=-1.0000
[step 0030/150] method=baseline_avg loss=0.3899 train_acc=nan train_loss=nan val_acc=nan val_loss=nan best=-1.0000
[step 0040/150] method=baseline_avg loss=0.2794 train_acc=nan train_loss=nan val_acc=nan val_loss=nan best=-1.0000
[step 0050/150] method=baseline_avg loss=0.2842 train_acc=0.8280 train_loss=0.3987 val_acc=0.7511 val_loss=0.5062 router_H=0.6883 best=0.7511
           router_load=[0.2680419087409973, 0.41869068145751953, 0.0026138529647141695, 0.3106535077095032]
[step 0060/150] method=baseline_avg loss=0.3071 train_acc=0.8280 train_loss=0.3987 val_acc=0.7511 val_loss=0.5062 router_H=0.6883 best=0.7511
           router_load=[0.2680419087409973, 0.41869068145751953, 0.0026138529647141695, 0.3106535077095032]
[step 0070/150] method=baseline_avg loss=0.6169 train_acc=0.8280 train_loss=0.3987 val_acc=0.7511 val_loss=0.5062 router_H=0.6883 best=0.7511
           router_load=[0.2680419087409973, 0.41869068145751953, 0.0026138529647141695, 0.3106535077095032]
[step 0080/150] method=baseline_avg loss=0.5923 train_acc=0.8280 train_loss=0.3987 val_acc=0.7511 val_loss=0.5062 router_H=0.6883 best=0.7511
           router_load=[0.2680419087409973, 0.41869068145751953, 0.0026138529647141695, 0.3106535077095032]
[step 0090/150] method=baseline_avg loss=0.4794 train_acc=0.8280 train_loss=0.3987 val_acc=0.7511 val_loss=0.5062 router_H=0.6883 best=0.7511
           router_load=[0.2680419087409973, 0.41869068145751953, 0.0026138529647141695, 0.3106535077095032]
[step 0100/150] method=baseline_avg loss=0.7656 train_acc=0.7256 train_loss=0.5159 val_acc=0.6411 val_loss=0.6096 router_H=0.6865 best=0.7511
           router_load=[0.07943221926689148, 0.4252341389656067, 0.018662072718143463, 0.47667184472084045]
[step 0110/150] method=baseline_avg loss=0.3159 train_acc=0.7256 train_loss=0.5159 val_acc=0.6411 val_loss=0.6096 router_H=0.6865 best=0.7511
           router_load=[0.07943221926689148, 0.4252341389656067, 0.018662072718143463, 0.47667184472084045]
[step 0120/150] method=baseline_avg loss=1.0781 train_acc=0.7256 train_loss=0.5159 val_acc=0.6411 val_loss=0.6096 router_H=0.6865 best=0.7511
           router_load=[0.07943221926689148, 0.4252341389656067, 0.018662072718143463, 0.47667184472084045]
[step 0130/150] method=baseline_avg loss=0.4066 train_acc=0.7256 train_loss=0.5159 val_acc=0.6411 val_loss=0.6096 router_H=0.6865 best=0.7511
           router_load=[0.07943221926689148, 0.4252341389656067, 0.018662072718143463, 0.47667184472084045]
[step 0140/150] method=baseline_avg loss=0.3507 train_acc=0.7256 train_loss=0.5159 val_acc=0.6411 val_loss=0.6096 router_H=0.6865 best=0.7511
           router_load=[0.07943221926689148, 0.4252341389656067, 0.018662072718143463, 0.47667184472084045]
[step 0150/150] method=baseline_avg loss=0.5933 train_acc=0.8824 train_loss=0.2915 val_acc=0.8589 val_loss=0.3236 router_H=0.6799 best=0.8589
           router_load=[0.1862083077430725, 0.3636583387851715, 0.01891830936074257, 0.4312151074409485]
saved summary -> /home/zhujjing/MOE-grad-conflict-routing/runs/paper_suite/single_gpu/single_task/roberta_sst2_lora_e4_k2/hpo/baseline/trial_runs/coord_02_train_weight_decay_015/baseline_s2.json
saved curve -> /home/zhujjing/MOE-grad-conflict-routing/runs/paper_suite/single_gpu/single_task/roberta_sst2_lora_e4_k2/hpo/baseline/trial_runs/coord_02_train_weight_decay_015/baseline_s2_curve.csv
