[run] method=baseline candidate=coord_02_train_weight_decay_011 seed=3 steps=150 gpu=0
[run] cmd=
/home/zhujjing/anaconda3/envs/moe/bin/python /home/zhujjing/MOE-grad-conflict-routing/scripts/run.py --config configs/singletask_sst2_real.yaml --set model.backbone_backend=hf --set model.hf_load_pretrained=true --set model.backbone=roberta --set model.hf_pretrained_name=roberta-base --set model.expert_type=lora --set model.routing_mode=topk --set model.num_experts=4 --set model.top_k=2 --set seed=3 --set method.name=baseline_avg --set train.steps=150 --set train.eval_every_steps=50 --set train.grad_clip=1 --set train.lr=4.073235309e-05 --set train.weight_decay=0.01108226147 --out /home/zhujjing/MOE-grad-conflict-routing/runs/paper_suite/single_gpu/single_task/roberta_sst2_lora_e4_k2/hpo/baseline/trial_runs/coord_02_train_weight_decay_011/baseline_s3.json --curve_out /home/zhujjing/MOE-grad-conflict-routing/runs/paper_suite/single_gpu/single_task/roberta_sst2_lora_e4_k2/hpo/baseline/trial_runs/coord_02_train_weight_decay_011/baseline_s3_curve.csv
Using the latest cached version of the dataset since glue couldn't be found on the Hugging Face Hub (offline mode is enabled).
Found the latest cached dataset configuration 'sst2' at /home/zhujjing/hf_cache/datasets/glue/sst2/0.0.0/bcdcba79d07bc864c1c254ccfcedcce55bcc9a8c (last modified on Thu Mar 19 15:01:41 2026).
/home/zhujjing/anaconda3/envs/moe/lib/python3.10/site-packages/transformers/utils/hub.py:124: FutureWarning: Using `TRANSFORMERS_CACHE` is deprecated and will be removed in v5 of Transformers. Use `HF_HOME` instead.
  warnings.warn(
Some weights of RobertaModel were not initialized from the model checkpoint at roberta-base and are newly initialized: ['roberta.pooler.dense.bias', 'roberta.pooler.dense.weight']
You should probably TRAIN this model on a down-stream task to be able to use it for predictions and inference.
[step 0001/150] method=baseline_avg loss=0.6722 train_acc=nan train_loss=nan val_acc=nan val_loss=nan best=-1.0000
[step 0010/150] method=baseline_avg loss=0.6701 train_acc=nan train_loss=nan val_acc=nan val_loss=nan best=-1.0000
[step 0020/150] method=baseline_avg loss=0.4979 train_acc=nan train_loss=nan val_acc=nan val_loss=nan best=-1.0000
[step 0030/150] method=baseline_avg loss=0.5766 train_acc=nan train_loss=nan val_acc=nan val_loss=nan best=-1.0000
[step 0040/150] method=baseline_avg loss=0.9044 train_acc=nan train_loss=nan val_acc=nan val_loss=nan best=-1.0000
[step 0050/150] method=baseline_avg loss=0.5793 train_acc=0.8608 train_loss=0.3546 val_acc=0.8601 val_loss=0.3679 router_H=0.6884 best=0.8601
           router_load=[0.0, 0.2614560127258301, 0.5181108117103577, 0.22043302655220032]
[step 0060/150] method=baseline_avg loss=0.5324 train_acc=0.8608 train_loss=0.3546 val_acc=0.8601 val_loss=0.3679 router_H=0.6884 best=0.8601
           router_load=[0.0, 0.2614560127258301, 0.5181108117103577, 0.22043302655220032]
[step 0070/150] method=baseline_avg loss=0.4896 train_acc=0.8608 train_loss=0.3546 val_acc=0.8601 val_loss=0.3679 router_H=0.6884 best=0.8601
           router_load=[0.0, 0.2614560127258301, 0.5181108117103577, 0.22043302655220032]
[step 0080/150] method=baseline_avg loss=0.4354 train_acc=0.8608 train_loss=0.3546 val_acc=0.8601 val_loss=0.3679 router_H=0.6884 best=0.8601
           router_load=[0.0, 0.2614560127258301, 0.5181108117103577, 0.22043302655220032]
[step 0090/150] method=baseline_avg loss=0.3829 train_acc=0.8608 train_loss=0.3546 val_acc=0.8601 val_loss=0.3679 router_H=0.6884 best=0.8601
           router_load=[0.0, 0.2614560127258301, 0.5181108117103577, 0.22043302655220032]
[step 0100/150] method=baseline_avg loss=0.3295 train_acc=0.8820 train_loss=0.2945 val_acc=0.8968 val_loss=0.2578 router_H=0.6726 best=0.8968
           router_load=[0.023315954953432083, 0.24858839809894562, 0.5871441960334778, 0.14095143973827362]
[step 0110/150] method=baseline_avg loss=0.3481 train_acc=0.8820 train_loss=0.2945 val_acc=0.8968 val_loss=0.2578 router_H=0.6726 best=0.8968
           router_load=[0.023315954953432083, 0.24858839809894562, 0.5871441960334778, 0.14095143973827362]
[step 0120/150] method=baseline_avg loss=0.3307 train_acc=0.8820 train_loss=0.2945 val_acc=0.8968 val_loss=0.2578 router_H=0.6726 best=0.8968
           router_load=[0.023315954953432083, 0.24858839809894562, 0.5871441960334778, 0.14095143973827362]
[step 0130/150] method=baseline_avg loss=0.5401 train_acc=0.8820 train_loss=0.2945 val_acc=0.8968 val_loss=0.2578 router_H=0.6726 best=0.8968
           router_load=[0.023315954953432083, 0.24858839809894562, 0.5871441960334778, 0.14095143973827362]
[step 0140/150] method=baseline_avg loss=0.3414 train_acc=0.8820 train_loss=0.2945 val_acc=0.8968 val_loss=0.2578 router_H=0.6726 best=0.8968
           router_load=[0.023315954953432083, 0.24858839809894562, 0.5871441960334778, 0.14095143973827362]
[step 0150/150] method=baseline_avg loss=0.4469 train_acc=0.8032 train_loss=0.4191 val_acc=0.8647 val_loss=0.3551 router_H=0.6851 best=0.8968
           router_load=[0.0, 0.327934205532074, 0.5555750727653503, 0.11649069935083389]
saved summary -> /home/zhujjing/MOE-grad-conflict-routing/runs/paper_suite/single_gpu/single_task/roberta_sst2_lora_e4_k2/hpo/baseline/trial_runs/coord_02_train_weight_decay_011/baseline_s3.json
saved curve -> /home/zhujjing/MOE-grad-conflict-routing/runs/paper_suite/single_gpu/single_task/roberta_sst2_lora_e4_k2/hpo/baseline/trial_runs/coord_02_train_weight_decay_011/baseline_s3_curve.csv
