[run] method=cagrad candidate=coord_03_train_grad_clip_000 seed=2 steps=150 gpu=0
[run] cmd=
/home/zhujjing/anaconda3/envs/moe/bin/python /home/zhujjing/MOE-grad-conflict-routing/scripts/run.py --config configs/singletask_mrpc_real.yaml --set model.backbone_backend=hf --set model.hf_load_pretrained=true --set model.backbone=roberta --set model.hf_pretrained_name=roberta-base --set model.expert_type=lora --set model.routing_mode=topk --set model.num_experts=4 --set model.top_k=2 --set seed=2 --set method.name=baseline_cagrad --set train.steps=150 --set train.eval_every_steps=50 --set method.baseline_cagrad.c=0.4 --set method.baseline_cagrad.inner_lr=0.1 --set train.grad_clip=1.594082469 --set train.lr=1.693101775e-05 --set train.weight_decay=0.00811280231 --out /home/zhujjing/MOE-grad-conflict-routing/runs/paper_suite/single_gpu/single_task/roberta_mrpc_lora_e4_k2/hpo/cagrad/trial_runs/coord_03_train_grad_clip_000/cagrad_s2.json --curve_out /home/zhujjing/MOE-grad-conflict-routing/runs/paper_suite/single_gpu/single_task/roberta_mrpc_lora_e4_k2/hpo/cagrad/trial_runs/coord_03_train_grad_clip_000/cagrad_s2_curve.csv
Using the latest cached version of the dataset since glue couldn't be found on the Hugging Face Hub (offline mode is enabled).
Found the latest cached dataset configuration 'mrpc' at /home/zhujjing/hf_cache/datasets/glue/mrpc/0.0.0/bcdcba79d07bc864c1c254ccfcedcce55bcc9a8c (last modified on Thu Mar 19 15:01:06 2026).
/home/zhujjing/anaconda3/envs/moe/lib/python3.10/site-packages/transformers/utils/hub.py:124: FutureWarning: Using `TRANSFORMERS_CACHE` is deprecated and will be removed in v5 of Transformers. Use `HF_HOME` instead.
  warnings.warn(
Some weights of RobertaModel were not initialized from the model checkpoint at roberta-base and are newly initialized: ['roberta.pooler.dense.bias', 'roberta.pooler.dense.weight']
You should probably TRAIN this model on a down-stream task to be able to use it for predictions and inference.
[step 0001/150] method=baseline_cagrad loss=0.7559 train_acc=nan train_loss=nan val_acc=nan val_loss=nan best=-1.0000
[step 0010/150] method=baseline_cagrad loss=0.6720 train_acc=nan train_loss=nan val_acc=nan val_loss=nan best=-1.0000
[step 0020/150] method=baseline_cagrad loss=0.6205 train_acc=nan train_loss=nan val_acc=nan val_loss=nan best=-1.0000
[step 0030/150] method=baseline_cagrad loss=0.6808 train_acc=nan train_loss=nan val_acc=nan val_loss=nan best=-1.0000
[step 0040/150] method=baseline_cagrad loss=0.5634 train_acc=nan train_loss=nan val_acc=nan val_loss=nan best=-1.0000
[step 0050/150] method=baseline_cagrad loss=0.5040 train_acc=0.7263 train_loss=0.5312 val_acc=0.7206 val_loss=0.5253 router_H=0.6909 best=0.7206
           router_load=[0.0, 0.0010714249219745398, 0.5226640701293945, 0.47626450657844543]
[step 0060/150] method=baseline_cagrad loss=0.6267 train_acc=0.7263 train_loss=0.5312 val_acc=0.7206 val_loss=0.5253 router_H=0.6909 best=0.7206
           router_load=[0.0, 0.0010714249219745398, 0.5226640701293945, 0.47626450657844543]
[step 0070/150] method=baseline_cagrad loss=0.4095 train_acc=0.7263 train_loss=0.5312 val_acc=0.7206 val_loss=0.5253 router_H=0.6909 best=0.7206
           router_load=[0.0, 0.0010714249219745398, 0.5226640701293945, 0.47626450657844543]
[step 0080/150] method=baseline_cagrad loss=0.4426 train_acc=0.7263 train_loss=0.5312 val_acc=0.7206 val_loss=0.5253 router_H=0.6909 best=0.7206
           router_load=[0.0, 0.0010714249219745398, 0.5226640701293945, 0.47626450657844543]
[step 0090/150] method=baseline_cagrad loss=0.3890 train_acc=0.7263 train_loss=0.5312 val_acc=0.7206 val_loss=0.5253 router_H=0.6909 best=0.7206
           router_load=[0.0, 0.0010714249219745398, 0.5226640701293945, 0.47626450657844543]
[step 0100/150] method=baseline_cagrad loss=0.4749 train_acc=0.8015 train_loss=0.4268 val_acc=0.7843 val_loss=0.4314 router_H=0.6900 best=0.7843
           router_load=[0.007480748929083347, 0.06713566929101944, 0.5285935401916504, 0.3967899978160858]
[step 0110/150] method=baseline_cagrad loss=0.7156 train_acc=0.8015 train_loss=0.4268 val_acc=0.7843 val_loss=0.4314 router_H=0.6900 best=0.7843
           router_load=[0.007480748929083347, 0.06713566929101944, 0.5285935401916504, 0.3967899978160858]
[step 0120/150] method=baseline_cagrad loss=0.2496 train_acc=0.8015 train_loss=0.4268 val_acc=0.7843 val_loss=0.4314 router_H=0.6900 best=0.7843
           router_load=[0.007480748929083347, 0.06713566929101944, 0.5285935401916504, 0.3967899978160858]
[step 0130/150] method=baseline_cagrad loss=0.4887 train_acc=0.8015 train_loss=0.4268 val_acc=0.7843 val_loss=0.4314 router_H=0.6900 best=0.7843
           router_load=[0.007480748929083347, 0.06713566929101944, 0.5285935401916504, 0.3967899978160858]
[step 0140/150] method=baseline_cagrad loss=0.4016 train_acc=0.8015 train_loss=0.4268 val_acc=0.7843 val_loss=0.4314 router_H=0.6900 best=0.7843
           router_load=[0.007480748929083347, 0.06713566929101944, 0.5285935401916504, 0.3967899978160858]
[step 0150/150] method=baseline_cagrad loss=0.7073 train_acc=0.8612 train_loss=0.3458 val_acc=0.8603 val_loss=0.3643 router_H=0.6888 best=0.8603
           router_load=[0.16818305850028992, 0.05958860367536545, 0.53471839427948, 0.23750993609428406]
saved summary -> /home/zhujjing/MOE-grad-conflict-routing/runs/paper_suite/single_gpu/single_task/roberta_mrpc_lora_e4_k2/hpo/cagrad/trial_runs/coord_03_train_grad_clip_000/cagrad_s2.json
saved curve -> /home/zhujjing/MOE-grad-conflict-routing/runs/paper_suite/single_gpu/single_task/roberta_mrpc_lora_e4_k2/hpo/cagrad/trial_runs/coord_03_train_grad_clip_000/cagrad_s2_curve.csv
