[run] method=cagrad candidate=coord_03_train_grad_clip_015 seed=2 steps=150 gpu=0
[run] cmd=
/home/zhujjing/anaconda3/envs/moe/bin/python /home/zhujjing/MOE-grad-conflict-routing/scripts/run.py --config configs/singletask_mrpc_real.yaml --set model.backbone_backend=hf --set model.hf_load_pretrained=true --set model.backbone=roberta --set model.hf_pretrained_name=roberta-base --set model.expert_type=lora --set model.routing_mode=topk --set model.num_experts=4 --set model.top_k=2 --set seed=2 --set method.name=baseline_cagrad --set train.steps=150 --set train.eval_every_steps=50 --set method.baseline_cagrad.c=0.4 --set method.baseline_cagrad.inner_lr=0.1 --set train.grad_clip=1.94968982 --set train.lr=1.693101775e-05 --set train.weight_decay=0.00811280231 --out /home/zhujjing/MOE-grad-conflict-routing/runs/paper_suite/single_gpu/single_task/roberta_mrpc_lora_e4_k2/hpo/cagrad/trial_runs/coord_03_train_grad_clip_015/cagrad_s2.json --curve_out /home/zhujjing/MOE-grad-conflict-routing/runs/paper_suite/single_gpu/single_task/roberta_mrpc_lora_e4_k2/hpo/cagrad/trial_runs/coord_03_train_grad_clip_015/cagrad_s2_curve.csv
Using the latest cached version of the dataset since glue couldn't be found on the Hugging Face Hub (offline mode is enabled).
Found the latest cached dataset configuration 'mrpc' at /home/zhujjing/hf_cache/datasets/glue/mrpc/0.0.0/bcdcba79d07bc864c1c254ccfcedcce55bcc9a8c (last modified on Thu Mar 19 15:01:06 2026).
/home/zhujjing/anaconda3/envs/moe/lib/python3.10/site-packages/transformers/utils/hub.py:124: FutureWarning: Using `TRANSFORMERS_CACHE` is deprecated and will be removed in v5 of Transformers. Use `HF_HOME` instead.
  warnings.warn(
Some weights of RobertaModel were not initialized from the model checkpoint at roberta-base and are newly initialized: ['roberta.pooler.dense.bias', 'roberta.pooler.dense.weight']
You should probably TRAIN this model on a down-stream task to be able to use it for predictions and inference.
[step 0001/150] method=baseline_cagrad loss=0.6908 train_acc=nan train_loss=nan val_acc=nan val_loss=nan best=-1.0000
[step 0010/150] method=baseline_cagrad loss=0.6601 train_acc=nan train_loss=nan val_acc=nan val_loss=nan best=-1.0000
[step 0020/150] method=baseline_cagrad loss=0.6076 train_acc=nan train_loss=nan val_acc=nan val_loss=nan best=-1.0000
[step 0030/150] method=baseline_cagrad loss=0.6553 train_acc=nan train_loss=nan val_acc=nan val_loss=nan best=-1.0000
[step 0040/150] method=baseline_cagrad loss=0.5480 train_acc=nan train_loss=nan val_acc=nan val_loss=nan best=-1.0000
[step 0050/150] method=baseline_cagrad loss=0.5663 train_acc=0.7328 train_loss=0.5392 val_acc=0.7255 val_loss=0.5414 router_H=0.6912 best=0.7255
           router_load=[0.5195913314819336, 0.04158172756433487, 0.0, 0.4388269782066345]
[step 0060/150] method=baseline_cagrad loss=0.6166 train_acc=0.7328 train_loss=0.5392 val_acc=0.7255 val_loss=0.5414 router_H=0.6912 best=0.7255
           router_load=[0.5195913314819336, 0.04158172756433487, 0.0, 0.4388269782066345]
[step 0070/150] method=baseline_cagrad loss=0.4197 train_acc=0.7328 train_loss=0.5392 val_acc=0.7255 val_loss=0.5414 router_H=0.6912 best=0.7255
           router_load=[0.5195913314819336, 0.04158172756433487, 0.0, 0.4388269782066345]
[step 0080/150] method=baseline_cagrad loss=0.4472 train_acc=0.7328 train_loss=0.5392 val_acc=0.7255 val_loss=0.5414 router_H=0.6912 best=0.7255
           router_load=[0.5195913314819336, 0.04158172756433487, 0.0, 0.4388269782066345]
[step 0090/150] method=baseline_cagrad loss=0.4702 train_acc=0.7328 train_loss=0.5392 val_acc=0.7255 val_loss=0.5414 router_H=0.6912 best=0.7255
           router_load=[0.5195913314819336, 0.04158172756433487, 0.0, 0.4388269782066345]
[step 0100/150] method=baseline_cagrad loss=0.5074 train_acc=0.8182 train_loss=0.4171 val_acc=0.8064 val_loss=0.4231 router_H=0.6922 best=0.8064
           router_load=[0.49497246742248535, 0.03187739476561546, 0.0, 0.4731501042842865]
[step 0110/150] method=baseline_cagrad loss=0.5981 train_acc=0.8182 train_loss=0.4171 val_acc=0.8064 val_loss=0.4231 router_H=0.6922 best=0.8064
           router_load=[0.49497246742248535, 0.03187739476561546, 0.0, 0.4731501042842865]
[step 0120/150] method=baseline_cagrad loss=0.2125 train_acc=0.8182 train_loss=0.4171 val_acc=0.8064 val_loss=0.4231 router_H=0.6922 best=0.8064
           router_load=[0.49497246742248535, 0.03187739476561546, 0.0, 0.4731501042842865]
[step 0130/150] method=baseline_cagrad loss=0.5245 train_acc=0.8182 train_loss=0.4171 val_acc=0.8064 val_loss=0.4231 router_H=0.6922 best=0.8064
           router_load=[0.49497246742248535, 0.03187739476561546, 0.0, 0.4731501042842865]
[step 0140/150] method=baseline_cagrad loss=0.4674 train_acc=0.8182 train_loss=0.4171 val_acc=0.8064 val_loss=0.4231 router_H=0.6922 best=0.8064
           router_load=[0.49497246742248535, 0.03187739476561546, 0.0, 0.4731501042842865]
[step 0150/150] method=baseline_cagrad loss=0.6366 train_acc=0.8629 train_loss=0.3419 val_acc=0.8701 val_loss=0.3590 router_H=0.6919 best=0.8701
           router_load=[0.3415059447288513, 0.26929008960723877, 0.0, 0.38920387625694275]
saved summary -> /home/zhujjing/MOE-grad-conflict-routing/runs/paper_suite/single_gpu/single_task/roberta_mrpc_lora_e4_k2/hpo/cagrad/trial_runs/coord_03_train_grad_clip_015/cagrad_s2.json
saved curve -> /home/zhujjing/MOE-grad-conflict-routing/runs/paper_suite/single_gpu/single_task/roberta_mrpc_lora_e4_k2/hpo/cagrad/trial_runs/coord_03_train_grad_clip_015/cagrad_s2_curve.csv
