[run] method=cagrad candidate=coord_03_train_grad_clip_011 seed=3 steps=150 gpu=0
[run] cmd=
/home/zhujjing/anaconda3/envs/moe/bin/python /home/zhujjing/MOE-grad-conflict-routing/scripts/run.py --config configs/singletask_mrpc_real.yaml --set model.backbone_backend=hf --set model.hf_load_pretrained=true --set model.backbone=roberta --set model.hf_pretrained_name=roberta-base --set model.expert_type=lora --set model.routing_mode=topk --set model.num_experts=4 --set model.top_k=2 --set seed=3 --set method.name=baseline_cagrad --set train.steps=150 --set train.eval_every_steps=50 --set method.baseline_cagrad.c=0.4 --set method.baseline_cagrad.inner_lr=0.1 --set train.grad_clip=1.064623922 --set train.lr=1.693101775e-05 --set train.weight_decay=0.00811280231 --out /home/zhujjing/MOE-grad-conflict-routing/runs/paper_suite/single_gpu/single_task/roberta_mrpc_lora_e4_k2/hpo/cagrad/trial_runs/coord_03_train_grad_clip_011/cagrad_s3.json --curve_out /home/zhujjing/MOE-grad-conflict-routing/runs/paper_suite/single_gpu/single_task/roberta_mrpc_lora_e4_k2/hpo/cagrad/trial_runs/coord_03_train_grad_clip_011/cagrad_s3_curve.csv
Using the latest cached version of the dataset since glue couldn't be found on the Hugging Face Hub (offline mode is enabled).
Found the latest cached dataset configuration 'mrpc' at /home/zhujjing/hf_cache/datasets/glue/mrpc/0.0.0/bcdcba79d07bc864c1c254ccfcedcce55bcc9a8c (last modified on Thu Mar 19 15:01:06 2026).
/home/zhujjing/anaconda3/envs/moe/lib/python3.10/site-packages/transformers/utils/hub.py:124: FutureWarning: Using `TRANSFORMERS_CACHE` is deprecated and will be removed in v5 of Transformers. Use `HF_HOME` instead.
  warnings.warn(
Some weights of RobertaModel were not initialized from the model checkpoint at roberta-base and are newly initialized: ['roberta.pooler.dense.bias', 'roberta.pooler.dense.weight']
You should probably TRAIN this model on a down-stream task to be able to use it for predictions and inference.
[step 0001/150] method=baseline_cagrad loss=0.7349 train_acc=nan train_loss=nan val_acc=nan val_loss=nan best=-1.0000
[step 0010/150] method=baseline_cagrad loss=0.7421 train_acc=nan train_loss=nan val_acc=nan val_loss=nan best=-1.0000
[step 0020/150] method=baseline_cagrad loss=0.6432 train_acc=nan train_loss=nan val_acc=nan val_loss=nan best=-1.0000
[step 0030/150] method=baseline_cagrad loss=0.5361 train_acc=nan train_loss=nan val_acc=nan val_loss=nan best=-1.0000
[step 0040/150] method=baseline_cagrad loss=0.6357 train_acc=nan train_loss=nan val_acc=nan val_loss=nan best=-1.0000
[step 0050/150] method=baseline_cagrad loss=0.5728 train_acc=0.7402 train_loss=0.4946 val_acc=0.7525 val_loss=0.4879 router_H=0.6906 best=0.7525
           router_load=[0.1825963258743286, 0.33071717619895935, 0.2507012188434601, 0.23598530888557434]
[step 0060/150] method=baseline_cagrad loss=0.5038 train_acc=0.7402 train_loss=0.4946 val_acc=0.7525 val_loss=0.4879 router_H=0.6906 best=0.7525
           router_load=[0.1825963258743286, 0.33071717619895935, 0.2507012188434601, 0.23598530888557434]
[step 0070/150] method=baseline_cagrad loss=0.5273 train_acc=0.7402 train_loss=0.4946 val_acc=0.7525 val_loss=0.4879 router_H=0.6906 best=0.7525
           router_load=[0.1825963258743286, 0.33071717619895935, 0.2507012188434601, 0.23598530888557434]
[step 0080/150] method=baseline_cagrad loss=0.4272 train_acc=0.7402 train_loss=0.4946 val_acc=0.7525 val_loss=0.4879 router_H=0.6906 best=0.7525
           router_load=[0.1825963258743286, 0.33071717619895935, 0.2507012188434601, 0.23598530888557434]
[step 0090/150] method=baseline_cagrad loss=0.5641 train_acc=0.7402 train_loss=0.4946 val_acc=0.7525 val_loss=0.4879 router_H=0.6906 best=0.7525
           router_load=[0.1825963258743286, 0.33071717619895935, 0.2507012188434601, 0.23598530888557434]
[step 0100/150] method=baseline_cagrad loss=0.5641 train_acc=0.8103 train_loss=0.4132 val_acc=0.8064 val_loss=0.4119 router_H=0.6915 best=0.8064
           router_load=[0.11843427270650864, 0.32046225666999817, 0.21338915824890137, 0.34771430492401123]
[step 0110/150] method=baseline_cagrad loss=0.3921 train_acc=0.8103 train_loss=0.4132 val_acc=0.8064 val_loss=0.4119 router_H=0.6915 best=0.8064
           router_load=[0.11843427270650864, 0.32046225666999817, 0.21338915824890137, 0.34771430492401123]
[step 0120/150] method=baseline_cagrad loss=0.3568 train_acc=0.8103 train_loss=0.4132 val_acc=0.8064 val_loss=0.4119 router_H=0.6915 best=0.8064
           router_load=[0.11843427270650864, 0.32046225666999817, 0.21338915824890137, 0.34771430492401123]
[step 0130/150] method=baseline_cagrad loss=0.2863 train_acc=0.8103 train_loss=0.4132 val_acc=0.8064 val_loss=0.4119 router_H=0.6915 best=0.8064
           router_load=[0.11843427270650864, 0.32046225666999817, 0.21338915824890137, 0.34771430492401123]
[step 0140/150] method=baseline_cagrad loss=0.5225 train_acc=0.8103 train_loss=0.4132 val_acc=0.8064 val_loss=0.4119 router_H=0.6915 best=0.8064
           router_load=[0.11843427270650864, 0.32046225666999817, 0.21338915824890137, 0.34771430492401123]
[step 0150/150] method=baseline_cagrad loss=0.4683 train_acc=0.8591 train_loss=0.3523 val_acc=0.8480 val_loss=0.3627 router_H=0.6904 best=0.8480
           router_load=[0.07015255093574524, 0.3287850618362427, 0.22836877405643463, 0.37269356846809387]
saved summary -> /home/zhujjing/MOE-grad-conflict-routing/runs/paper_suite/single_gpu/single_task/roberta_mrpc_lora_e4_k2/hpo/cagrad/trial_runs/coord_03_train_grad_clip_011/cagrad_s3.json
saved curve -> /home/zhujjing/MOE-grad-conflict-routing/runs/paper_suite/single_gpu/single_task/roberta_mrpc_lora_e4_k2/hpo/cagrad/trial_runs/coord_03_train_grad_clip_011/cagrad_s3_curve.csv
