[run] method=cagrad candidate=coord_03_train_grad_clip_010 seed=3 steps=150 gpu=0
[run] cmd=
/home/zhujjing/anaconda3/envs/moe/bin/python /home/zhujjing/MOE-grad-conflict-routing/scripts/run.py --config configs/singletask_mrpc_real.yaml --set model.backbone_backend=hf --set model.hf_load_pretrained=true --set model.backbone=roberta --set model.hf_pretrained_name=roberta-base --set model.expert_type=lora --set model.routing_mode=topk --set model.num_experts=4 --set model.top_k=2 --set seed=3 --set method.name=baseline_cagrad --set train.steps=150 --set train.eval_every_steps=50 --set method.baseline_cagrad.c=0.4 --set method.baseline_cagrad.inner_lr=0.1 --set train.grad_clip=1.273448831 --set train.lr=1.693101775e-05 --set train.weight_decay=0.00811280231 --out /home/zhujjing/MOE-grad-conflict-routing/runs/paper_suite/single_gpu/single_task/roberta_mrpc_lora_e4_k2/hpo/cagrad/trial_runs/coord_03_train_grad_clip_010/cagrad_s3.json --curve_out /home/zhujjing/MOE-grad-conflict-routing/runs/paper_suite/single_gpu/single_task/roberta_mrpc_lora_e4_k2/hpo/cagrad/trial_runs/coord_03_train_grad_clip_010/cagrad_s3_curve.csv
Using the latest cached version of the dataset since glue couldn't be found on the Hugging Face Hub (offline mode is enabled).
Found the latest cached dataset configuration 'mrpc' at /home/zhujjing/hf_cache/datasets/glue/mrpc/0.0.0/bcdcba79d07bc864c1c254ccfcedcce55bcc9a8c (last modified on Thu Mar 19 15:01:06 2026).
/home/zhujjing/anaconda3/envs/moe/lib/python3.10/site-packages/transformers/utils/hub.py:124: FutureWarning: Using `TRANSFORMERS_CACHE` is deprecated and will be removed in v5 of Transformers. Use `HF_HOME` instead.
  warnings.warn(
Some weights of RobertaModel were not initialized from the model checkpoint at roberta-base and are newly initialized: ['roberta.pooler.dense.bias', 'roberta.pooler.dense.weight']
You should probably TRAIN this model on a down-stream task to be able to use it for predictions and inference.
[step 0001/150] method=baseline_cagrad loss=0.6537 train_acc=nan train_loss=nan val_acc=nan val_loss=nan best=-1.0000
[step 0010/150] method=baseline_cagrad loss=0.6990 train_acc=nan train_loss=nan val_acc=nan val_loss=nan best=-1.0000
[step 0020/150] method=baseline_cagrad loss=0.6656 train_acc=nan train_loss=nan val_acc=nan val_loss=nan best=-1.0000
[step 0030/150] method=baseline_cagrad loss=0.5630 train_acc=nan train_loss=nan val_acc=nan val_loss=nan best=-1.0000
[step 0040/150] method=baseline_cagrad loss=0.6080 train_acc=nan train_loss=nan val_acc=nan val_loss=nan best=-1.0000
[step 0050/150] method=baseline_cagrad loss=0.5634 train_acc=0.7595 train_loss=0.5283 val_acc=0.7745 val_loss=0.5186 router_H=0.6896 best=0.7745
           router_load=[0.0, 0.5166253447532654, 0.08659394830465317, 0.39678072929382324]
[step 0060/150] method=baseline_cagrad loss=0.5064 train_acc=0.7595 train_loss=0.5283 val_acc=0.7745 val_loss=0.5186 router_H=0.6896 best=0.7745
           router_load=[0.0, 0.5166253447532654, 0.08659394830465317, 0.39678072929382324]
[step 0070/150] method=baseline_cagrad loss=0.4368 train_acc=0.7595 train_loss=0.5283 val_acc=0.7745 val_loss=0.5186 router_H=0.6896 best=0.7745
           router_load=[0.0, 0.5166253447532654, 0.08659394830465317, 0.39678072929382324]
[step 0080/150] method=baseline_cagrad loss=0.5265 train_acc=0.7595 train_loss=0.5283 val_acc=0.7745 val_loss=0.5186 router_H=0.6896 best=0.7745
           router_load=[0.0, 0.5166253447532654, 0.08659394830465317, 0.39678072929382324]
[step 0090/150] method=baseline_cagrad loss=0.6197 train_acc=0.7595 train_loss=0.5283 val_acc=0.7745 val_loss=0.5186 router_H=0.6896 best=0.7745
           router_load=[0.0, 0.5166253447532654, 0.08659394830465317, 0.39678072929382324]
[step 0100/150] method=baseline_cagrad loss=0.4860 train_acc=0.8236 train_loss=0.4098 val_acc=0.8088 val_loss=0.4158 router_H=0.6882 best=0.8088
           router_load=[0.0009588395478203893, 0.5128971338272095, 0.06967178732156754, 0.41647225618362427]
[step 0110/150] method=baseline_cagrad loss=0.4347 train_acc=0.8236 train_loss=0.4098 val_acc=0.8088 val_loss=0.4158 router_H=0.6882 best=0.8088
           router_load=[0.0009588395478203893, 0.5128971338272095, 0.06967178732156754, 0.41647225618362427]
[step 0120/150] method=baseline_cagrad loss=0.2741 train_acc=0.8236 train_loss=0.4098 val_acc=0.8088 val_loss=0.4158 router_H=0.6882 best=0.8088
           router_load=[0.0009588395478203893, 0.5128971338272095, 0.06967178732156754, 0.41647225618362427]
[step 0130/150] method=baseline_cagrad loss=0.2031 train_acc=0.8236 train_loss=0.4098 val_acc=0.8088 val_loss=0.4158 router_H=0.6882 best=0.8088
           router_load=[0.0009588395478203893, 0.5128971338272095, 0.06967178732156754, 0.41647225618362427]
[step 0140/150] method=baseline_cagrad loss=0.4562 train_acc=0.8236 train_loss=0.4098 val_acc=0.8088 val_loss=0.4158 router_H=0.6882 best=0.8088
           router_load=[0.0009588395478203893, 0.5128971338272095, 0.06967178732156754, 0.41647225618362427]
[step 0150/150] method=baseline_cagrad loss=0.5186 train_acc=0.8383 train_loss=0.3659 val_acc=0.8333 val_loss=0.3903 router_H=0.6906 best=0.8333
           router_load=[0.0010914596496149898, 0.4768521189689636, 0.024388037621974945, 0.4976683557033539]
saved summary -> /home/zhujjing/MOE-grad-conflict-routing/runs/paper_suite/single_gpu/single_task/roberta_mrpc_lora_e4_k2/hpo/cagrad/trial_runs/coord_03_train_grad_clip_010/cagrad_s3.json
saved curve -> /home/zhujjing/MOE-grad-conflict-routing/runs/paper_suite/single_gpu/single_task/roberta_mrpc_lora_e4_k2/hpo/cagrad/trial_runs/coord_03_train_grad_clip_010/cagrad_s3_curve.csv
