[run] method=cagrad candidate=coord_03_train_grad_clip_016 seed=2 steps=150 gpu=0
[run] cmd=
/home/zhujjing/anaconda3/envs/moe/bin/python /home/zhujjing/MOE-grad-conflict-routing/scripts/run.py --config configs/singletask_mrpc_real.yaml --set model.backbone_backend=hf --set model.hf_load_pretrained=true --set model.backbone=roberta --set model.hf_pretrained_name=roberta-base --set model.expert_type=lora --set model.routing_mode=topk --set model.num_experts=4 --set model.top_k=2 --set seed=2 --set method.name=baseline_cagrad --set train.steps=150 --set train.eval_every_steps=50 --set method.baseline_cagrad.c=0.4 --set method.baseline_cagrad.inner_lr=0.1 --set train.grad_clip=1.908688321 --set train.lr=1.693101775e-05 --set train.weight_decay=0.00811280231 --out /home/zhujjing/MOE-grad-conflict-routing/runs/paper_suite/single_gpu/single_task/roberta_mrpc_lora_e4_k2/hpo/cagrad/trial_runs/coord_03_train_grad_clip_016/cagrad_s2.json --curve_out /home/zhujjing/MOE-grad-conflict-routing/runs/paper_suite/single_gpu/single_task/roberta_mrpc_lora_e4_k2/hpo/cagrad/trial_runs/coord_03_train_grad_clip_016/cagrad_s2_curve.csv
Using the latest cached version of the dataset since glue couldn't be found on the Hugging Face Hub (offline mode is enabled).
Found the latest cached dataset configuration 'mrpc' at /home/zhujjing/hf_cache/datasets/glue/mrpc/0.0.0/bcdcba79d07bc864c1c254ccfcedcce55bcc9a8c (last modified on Thu Mar 19 15:01:06 2026).
/home/zhujjing/anaconda3/envs/moe/lib/python3.10/site-packages/transformers/utils/hub.py:124: FutureWarning: Using `TRANSFORMERS_CACHE` is deprecated and will be removed in v5 of Transformers. Use `HF_HOME` instead.
  warnings.warn(
Some weights of RobertaModel were not initialized from the model checkpoint at roberta-base and are newly initialized: ['roberta.pooler.dense.bias', 'roberta.pooler.dense.weight']
You should probably TRAIN this model on a down-stream task to be able to use it for predictions and inference.
[step 0001/150] method=baseline_cagrad loss=0.6881 train_acc=nan train_loss=nan val_acc=nan val_loss=nan best=-1.0000
[step 0010/150] method=baseline_cagrad loss=0.6939 train_acc=nan train_loss=nan val_acc=nan val_loss=nan best=-1.0000
[step 0020/150] method=baseline_cagrad loss=0.5975 train_acc=nan train_loss=nan val_acc=nan val_loss=nan best=-1.0000
[step 0030/150] method=baseline_cagrad loss=0.7192 train_acc=nan train_loss=nan val_acc=nan val_loss=nan best=-1.0000
[step 0040/150] method=baseline_cagrad loss=0.5349 train_acc=nan train_loss=nan val_acc=nan val_loss=nan best=-1.0000
[step 0050/150] method=baseline_cagrad loss=0.5868 train_acc=0.7315 train_loss=0.5568 val_acc=0.7279 val_loss=0.5571 router_H=0.6721 best=0.7279
           router_load=[0.002751166233792901, 0.5959183573722839, 0.34339645504951477, 0.05793404206633568]
[step 0060/150] method=baseline_cagrad loss=0.5863 train_acc=0.7315 train_loss=0.5568 val_acc=0.7279 val_loss=0.5571 router_H=0.6721 best=0.7279
           router_load=[0.002751166233792901, 0.5959183573722839, 0.34339645504951477, 0.05793404206633568]
[step 0070/150] method=baseline_cagrad loss=0.3909 train_acc=0.7315 train_loss=0.5568 val_acc=0.7279 val_loss=0.5571 router_H=0.6721 best=0.7279
           router_load=[0.002751166233792901, 0.5959183573722839, 0.34339645504951477, 0.05793404206633568]
[step 0080/150] method=baseline_cagrad loss=0.4250 train_acc=0.7315 train_loss=0.5568 val_acc=0.7279 val_loss=0.5571 router_H=0.6721 best=0.7279
           router_load=[0.002751166233792901, 0.5959183573722839, 0.34339645504951477, 0.05793404206633568]
[step 0090/150] method=baseline_cagrad loss=0.3485 train_acc=0.7315 train_loss=0.5568 val_acc=0.7279 val_loss=0.5571 router_H=0.6721 best=0.7279
           router_load=[0.002751166233792901, 0.5959183573722839, 0.34339645504951477, 0.05793404206633568]
[step 0100/150] method=baseline_cagrad loss=0.5243 train_acc=0.8231 train_loss=0.3938 val_acc=0.8186 val_loss=0.4036 router_H=0.6732 best=0.8186
           router_load=[0.010187579318881035, 0.5844006538391113, 0.24576108157634735, 0.15965065360069275]
[step 0110/150] method=baseline_cagrad loss=0.6241 train_acc=0.8231 train_loss=0.3938 val_acc=0.8186 val_loss=0.4036 router_H=0.6732 best=0.8186
           router_load=[0.010187579318881035, 0.5844006538391113, 0.24576108157634735, 0.15965065360069275]
[step 0120/150] method=baseline_cagrad loss=0.2741 train_acc=0.8231 train_loss=0.3938 val_acc=0.8186 val_loss=0.4036 router_H=0.6732 best=0.8186
           router_load=[0.010187579318881035, 0.5844006538391113, 0.24576108157634735, 0.15965065360069275]
[step 0130/150] method=baseline_cagrad loss=0.4829 train_acc=0.8231 train_loss=0.3938 val_acc=0.8186 val_loss=0.4036 router_H=0.6732 best=0.8186
           router_load=[0.010187579318881035, 0.5844006538391113, 0.24576108157634735, 0.15965065360069275]
[step 0140/150] method=baseline_cagrad loss=0.2417 train_acc=0.8231 train_loss=0.3938 val_acc=0.8186 val_loss=0.4036 router_H=0.6732 best=0.8186
           router_load=[0.010187579318881035, 0.5844006538391113, 0.24576108157634735, 0.15965065360069275]
[step 0150/150] method=baseline_cagrad loss=0.7699 train_acc=0.8495 train_loss=0.3721 val_acc=0.8456 val_loss=0.4047 router_H=0.6806 best=0.8456
           router_load=[0.013001597486436367, 0.5413311123847961, 0.36271020770072937, 0.08295707404613495]
saved summary -> /home/zhujjing/MOE-grad-conflict-routing/runs/paper_suite/single_gpu/single_task/roberta_mrpc_lora_e4_k2/hpo/cagrad/trial_runs/coord_03_train_grad_clip_016/cagrad_s2.json
saved curve -> /home/zhujjing/MOE-grad-conflict-routing/runs/paper_suite/single_gpu/single_task/roberta_mrpc_lora_e4_k2/hpo/cagrad/trial_runs/coord_03_train_grad_clip_016/cagrad_s2_curve.csv
