[run] method=cagrad candidate=coord_03_train_grad_clip_014 seed=3 steps=150 gpu=0
[run] cmd=
/home/zhujjing/anaconda3/envs/moe/bin/python /home/zhujjing/MOE-grad-conflict-routing/scripts/run.py --config configs/singletask_mrpc_real.yaml --set model.backbone_backend=hf --set model.hf_load_pretrained=true --set model.backbone=roberta --set model.hf_pretrained_name=roberta-base --set model.expert_type=lora --set model.routing_mode=topk --set model.num_experts=4 --set model.top_k=2 --set seed=3 --set method.name=baseline_cagrad --set train.steps=150 --set train.eval_every_steps=50 --set method.baseline_cagrad.c=0.4 --set method.baseline_cagrad.inner_lr=0.1 --set train.grad_clip=0.712672082 --set train.lr=1.693101775e-05 --set train.weight_decay=0.00811280231 --out /home/zhujjing/MOE-grad-conflict-routing/runs/paper_suite/single_gpu/single_task/roberta_mrpc_lora_e4_k2/hpo/cagrad/trial_runs/coord_03_train_grad_clip_014/cagrad_s3.json --curve_out /home/zhujjing/MOE-grad-conflict-routing/runs/paper_suite/single_gpu/single_task/roberta_mrpc_lora_e4_k2/hpo/cagrad/trial_runs/coord_03_train_grad_clip_014/cagrad_s3_curve.csv
Using the latest cached version of the dataset since glue couldn't be found on the Hugging Face Hub (offline mode is enabled).
Found the latest cached dataset configuration 'mrpc' at /home/zhujjing/hf_cache/datasets/glue/mrpc/0.0.0/bcdcba79d07bc864c1c254ccfcedcce55bcc9a8c (last modified on Thu Mar 19 15:01:06 2026).
/home/zhujjing/anaconda3/envs/moe/lib/python3.10/site-packages/transformers/utils/hub.py:124: FutureWarning: Using `TRANSFORMERS_CACHE` is deprecated and will be removed in v5 of Transformers. Use `HF_HOME` instead.
  warnings.warn(
Some weights of RobertaModel were not initialized from the model checkpoint at roberta-base and are newly initialized: ['roberta.pooler.dense.bias', 'roberta.pooler.dense.weight']
You should probably TRAIN this model on a down-stream task to be able to use it for predictions and inference.
[step 0001/150] method=baseline_cagrad loss=0.7462 train_acc=nan train_loss=nan val_acc=nan val_loss=nan best=-1.0000
[step 0010/150] method=baseline_cagrad loss=0.8033 train_acc=nan train_loss=nan val_acc=nan val_loss=nan best=-1.0000
[step 0020/150] method=baseline_cagrad loss=0.6452 train_acc=nan train_loss=nan val_acc=nan val_loss=nan best=-1.0000
[step 0030/150] method=baseline_cagrad loss=0.5647 train_acc=nan train_loss=nan val_acc=nan val_loss=nan best=-1.0000
[step 0040/150] method=baseline_cagrad loss=0.6226 train_acc=nan train_loss=nan val_acc=nan val_loss=nan best=-1.0000
[step 0050/150] method=baseline_cagrad loss=0.4134 train_acc=0.7661 train_loss=0.4882 val_acc=0.7721 val_loss=0.4840 router_H=0.6899 best=0.7721
           router_load=[0.01144815981388092, 0.42181915044784546, 0.4341262876987457, 0.1326064169406891]
[step 0060/150] method=baseline_cagrad loss=0.4295 train_acc=0.7661 train_loss=0.4882 val_acc=0.7721 val_loss=0.4840 router_H=0.6899 best=0.7721
           router_load=[0.01144815981388092, 0.42181915044784546, 0.4341262876987457, 0.1326064169406891]
[step 0070/150] method=baseline_cagrad loss=0.4140 train_acc=0.7661 train_loss=0.4882 val_acc=0.7721 val_loss=0.4840 router_H=0.6899 best=0.7721
           router_load=[0.01144815981388092, 0.42181915044784546, 0.4341262876987457, 0.1326064169406891]
[step 0080/150] method=baseline_cagrad loss=0.4524 train_acc=0.7661 train_loss=0.4882 val_acc=0.7721 val_loss=0.4840 router_H=0.6899 best=0.7721
           router_load=[0.01144815981388092, 0.42181915044784546, 0.4341262876987457, 0.1326064169406891]
[step 0090/150] method=baseline_cagrad loss=0.5760 train_acc=0.7661 train_loss=0.4882 val_acc=0.7721 val_loss=0.4840 router_H=0.6899 best=0.7721
           router_load=[0.01144815981388092, 0.42181915044784546, 0.4341262876987457, 0.1326064169406891]
[step 0100/150] method=baseline_cagrad loss=0.5482 train_acc=0.7906 train_loss=0.4159 val_acc=0.8064 val_loss=0.4129 router_H=0.6876 best=0.8064
           router_load=[0.016380498185753822, 0.3049893379211426, 0.4134923815727234, 0.2651376724243164]
[step 0110/150] method=baseline_cagrad loss=0.4118 train_acc=0.7906 train_loss=0.4159 val_acc=0.8064 val_loss=0.4129 router_H=0.6876 best=0.8064
           router_load=[0.016380498185753822, 0.3049893379211426, 0.4134923815727234, 0.2651376724243164]
[step 0120/150] method=baseline_cagrad loss=0.2659 train_acc=0.7906 train_loss=0.4159 val_acc=0.8064 val_loss=0.4129 router_H=0.6876 best=0.8064
           router_load=[0.016380498185753822, 0.3049893379211426, 0.4134923815727234, 0.2651376724243164]
[step 0130/150] method=baseline_cagrad loss=0.2380 train_acc=0.7906 train_loss=0.4159 val_acc=0.8064 val_loss=0.4129 router_H=0.6876 best=0.8064
           router_load=[0.016380498185753822, 0.3049893379211426, 0.4134923815727234, 0.2651376724243164]
[step 0140/150] method=baseline_cagrad loss=0.5416 train_acc=0.7906 train_loss=0.4159 val_acc=0.8064 val_loss=0.4129 router_H=0.6876 best=0.8064
           router_load=[0.016380498185753822, 0.3049893379211426, 0.4134923815727234, 0.2651376724243164]
[step 0150/150] method=baseline_cagrad loss=0.5058 train_acc=0.8563 train_loss=0.3442 val_acc=0.8431 val_loss=0.3452 router_H=0.6872 best=0.8431
           router_load=[0.005820884369313717, 0.24070724844932556, 0.46121570467948914, 0.29225611686706543]
saved summary -> /home/zhujjing/MOE-grad-conflict-routing/runs/paper_suite/single_gpu/single_task/roberta_mrpc_lora_e4_k2/hpo/cagrad/trial_runs/coord_03_train_grad_clip_014/cagrad_s3.json
saved curve -> /home/zhujjing/MOE-grad-conflict-routing/runs/paper_suite/single_gpu/single_task/roberta_mrpc_lora_e4_k2/hpo/cagrad/trial_runs/coord_03_train_grad_clip_014/cagrad_s3_curve.csv
