[run] method=cagrad candidate=local_var_topk_007 seed=3 steps=150 gpu=0
[run] cmd=
/home/zhujjing/anaconda3/envs/moe/bin/python /home/zhujjing/MOE-grad-conflict-routing/scripts/run.py --config configs/singletask_rte_real.yaml --set model.backbone_backend=hf --set model.hf_load_pretrained=true --set model.backbone=roberta --set model.hf_pretrained_name=roberta-base --set model.expert_type=ffn --set model.routing_mode=topk --set model.num_experts=4 --set model.top_k=2 --set seed=3 --set method.name=baseline_cagrad --set train.steps=150 --set train.eval_every_steps=50 --set method.baseline_cagrad.c=0.2255019392 --set method.baseline_cagrad.inner_lr=0.02575731996 --set train.grad_clip=1.23610215 --set train.lr=1.2615279e-05 --set train.weight_decay=0.01034654618 --out /home/zhujjing/MOE-grad-conflict-routing/runs/paper_suite/single_gpu/single_task/roberta_rte_ffn_e4_k2/hpo/cagrad/trial_runs/local_var_topk_007/cagrad_s3.json --curve_out /home/zhujjing/MOE-grad-conflict-routing/runs/paper_suite/single_gpu/single_task/roberta_rte_ffn_e4_k2/hpo/cagrad/trial_runs/local_var_topk_007/cagrad_s3_curve.csv
Using the latest cached version of the dataset since glue couldn't be found on the Hugging Face Hub (offline mode is enabled).
Found the latest cached dataset configuration 'rte' at /home/zhujjing/hf_cache/datasets/glue/rte/0.0.0/bcdcba79d07bc864c1c254ccfcedcce55bcc9a8c (last modified on Thu Mar 19 15:00:36 2026).
/home/zhujjing/anaconda3/envs/moe/lib/python3.10/site-packages/transformers/utils/hub.py:124: FutureWarning: Using `TRANSFORMERS_CACHE` is deprecated and will be removed in v5 of Transformers. Use `HF_HOME` instead.
  warnings.warn(
Some weights of RobertaModel were not initialized from the model checkpoint at roberta-base and are newly initialized: ['roberta.pooler.dense.bias', 'roberta.pooler.dense.weight']
You should probably TRAIN this model on a down-stream task to be able to use it for predictions and inference.
[step 0001/150] method=baseline_cagrad loss=0.6855 train_acc=nan train_loss=nan val_acc=nan val_loss=nan best=-1.0000
[step 0010/150] method=baseline_cagrad loss=0.7058 train_acc=nan train_loss=nan val_acc=nan val_loss=nan best=-1.0000
[step 0020/150] method=baseline_cagrad loss=0.6942 train_acc=nan train_loss=nan val_acc=nan val_loss=nan best=-1.0000
[step 0030/150] method=baseline_cagrad loss=0.6799 train_acc=nan train_loss=nan val_acc=nan val_loss=nan best=-1.0000
[step 0040/150] method=baseline_cagrad loss=0.6681 train_acc=nan train_loss=nan val_acc=nan val_loss=nan best=-1.0000
[step 0050/150] method=baseline_cagrad loss=0.6782 train_acc=0.6052 train_loss=0.6800 val_acc=0.6029 val_loss=0.6846 router_H=0.6627 best=0.6029
           router_load=[0.0, 0.0, 0.3807543218135834, 0.6192456483840942]
[step 0060/150] method=baseline_cagrad loss=0.6165 train_acc=0.6052 train_loss=0.6800 val_acc=0.6029 val_loss=0.6846 router_H=0.6627 best=0.6029
           router_load=[0.0, 0.0, 0.3807543218135834, 0.6192456483840942]
[step 0070/150] method=baseline_cagrad loss=0.6801 train_acc=0.6052 train_loss=0.6800 val_acc=0.6029 val_loss=0.6846 router_H=0.6627 best=0.6029
           router_load=[0.0, 0.0, 0.3807543218135834, 0.6192456483840942]
[step 0080/150] method=baseline_cagrad loss=0.5831 train_acc=0.6052 train_loss=0.6800 val_acc=0.6029 val_loss=0.6846 router_H=0.6627 best=0.6029
           router_load=[0.0, 0.0, 0.3807543218135834, 0.6192456483840942]
[step 0090/150] method=baseline_cagrad loss=0.5340 train_acc=0.6052 train_loss=0.6800 val_acc=0.6029 val_loss=0.6846 router_H=0.6627 best=0.6029
           router_load=[0.0, 0.0, 0.3807543218135834, 0.6192456483840942]
[step 0100/150] method=baseline_cagrad loss=0.8272 train_acc=0.7060 train_loss=0.5939 val_acc=0.6823 val_loss=0.6202 router_H=0.5593 best=0.6823
           router_load=[0.004073400050401688, 0.006679952144622803, 0.24340340495109558, 0.745843231678009]
[step 0110/150] method=baseline_cagrad loss=0.5376 train_acc=0.7060 train_loss=0.5939 val_acc=0.6823 val_loss=0.6202 router_H=0.5593 best=0.6823
           router_load=[0.004073400050401688, 0.006679952144622803, 0.24340340495109558, 0.745843231678009]
[step 0120/150] method=baseline_cagrad loss=0.6648 train_acc=0.7060 train_loss=0.5939 val_acc=0.6823 val_loss=0.6202 router_H=0.5593 best=0.6823
           router_load=[0.004073400050401688, 0.006679952144622803, 0.24340340495109558, 0.745843231678009]
[step 0130/150] method=baseline_cagrad loss=0.7211 train_acc=0.7060 train_loss=0.5939 val_acc=0.6823 val_loss=0.6202 router_H=0.5593 best=0.6823
           router_load=[0.004073400050401688, 0.006679952144622803, 0.24340340495109558, 0.745843231678009]
[step 0140/150] method=baseline_cagrad loss=0.6826 train_acc=0.7060 train_loss=0.5939 val_acc=0.6823 val_loss=0.6202 router_H=0.5593 best=0.6823
           router_load=[0.004073400050401688, 0.006679952144622803, 0.24340340495109558, 0.745843231678009]
[step 0150/150] method=baseline_cagrad loss=0.6621 train_acc=0.7542 train_loss=0.5643 val_acc=0.6606 val_loss=0.6106 router_H=0.6648 best=0.6823
           router_load=[0.0, 0.0030760851223021746, 0.4276910722255707, 0.5692328810691833]
saved summary -> /home/zhujjing/MOE-grad-conflict-routing/runs/paper_suite/single_gpu/single_task/roberta_rte_ffn_e4_k2/hpo/cagrad/trial_runs/local_var_topk_007/cagrad_s3.json
saved curve -> /home/zhujjing/MOE-grad-conflict-routing/runs/paper_suite/single_gpu/single_task/roberta_rte_ffn_e4_k2/hpo/cagrad/trial_runs/local_var_topk_007/cagrad_s3_curve.csv
