[run] method=cagrad candidate=local_var_topk_001 seed=2 steps=150 gpu=0
[run] cmd=
/home/zhujjing/anaconda3/envs/moe/bin/python /home/zhujjing/MOE-grad-conflict-routing/scripts/run.py --config configs/singletask_rte_real.yaml --set model.backbone_backend=hf --set model.hf_load_pretrained=true --set model.backbone=roberta --set model.hf_pretrained_name=roberta-base --set model.expert_type=ffn --set model.routing_mode=topk --set model.num_experts=4 --set model.top_k=2 --set seed=2 --set method.name=baseline_cagrad --set train.steps=150 --set train.eval_every_steps=50 --set method.baseline_cagrad.c=0.2255019392 --set method.baseline_cagrad.inner_lr=0.02575731996 --set train.grad_clip=1.23610215 --set train.lr=1.2615279e-05 --set train.weight_decay=0 --out /home/zhujjing/MOE-grad-conflict-routing/runs/paper_suite/single_gpu/single_task/roberta_rte_ffn_e4_k2/hpo/cagrad/trial_runs/local_var_topk_001/cagrad_s2.json --curve_out /home/zhujjing/MOE-grad-conflict-routing/runs/paper_suite/single_gpu/single_task/roberta_rte_ffn_e4_k2/hpo/cagrad/trial_runs/local_var_topk_001/cagrad_s2_curve.csv
Using the latest cached version of the dataset since glue couldn't be found on the Hugging Face Hub (offline mode is enabled).
Found the latest cached dataset configuration 'rte' at /home/zhujjing/hf_cache/datasets/glue/rte/0.0.0/bcdcba79d07bc864c1c254ccfcedcce55bcc9a8c (last modified on Thu Mar 19 15:00:36 2026).
/home/zhujjing/anaconda3/envs/moe/lib/python3.10/site-packages/transformers/utils/hub.py:124: FutureWarning: Using `TRANSFORMERS_CACHE` is deprecated and will be removed in v5 of Transformers. Use `HF_HOME` instead.
  warnings.warn(
Some weights of RobertaModel were not initialized from the model checkpoint at roberta-base and are newly initialized: ['roberta.pooler.dense.bias', 'roberta.pooler.dense.weight']
You should probably TRAIN this model on a down-stream task to be able to use it for predictions and inference.
[step 0001/150] method=baseline_cagrad loss=0.7011 train_acc=nan train_loss=nan val_acc=nan val_loss=nan best=-1.0000
[step 0010/150] method=baseline_cagrad loss=0.7214 train_acc=nan train_loss=nan val_acc=nan val_loss=nan best=-1.0000
[step 0020/150] method=baseline_cagrad loss=0.6822 train_acc=nan train_loss=nan val_acc=nan val_loss=nan best=-1.0000
[step 0030/150] method=baseline_cagrad loss=0.6969 train_acc=nan train_loss=nan val_acc=nan val_loss=nan best=-1.0000
[step 0040/150] method=baseline_cagrad loss=0.7046 train_acc=nan train_loss=nan val_acc=nan val_loss=nan best=-1.0000
[step 0050/150] method=baseline_cagrad loss=0.6415 train_acc=0.5205 train_loss=0.6923 val_acc=0.5523 val_loss=0.6825 router_H=0.6912 best=0.5523
           router_load=[0.4059235155582428, 0.5273048877716064, 0.03994918614625931, 0.026822345331311226]
[step 0060/150] method=baseline_cagrad loss=0.6982 train_acc=0.5205 train_loss=0.6923 val_acc=0.5523 val_loss=0.6825 router_H=0.6912 best=0.5523
           router_load=[0.4059235155582428, 0.5273048877716064, 0.03994918614625931, 0.026822345331311226]
[step 0070/150] method=baseline_cagrad loss=0.6630 train_acc=0.5205 train_loss=0.6923 val_acc=0.5523 val_loss=0.6825 router_H=0.6912 best=0.5523
           router_load=[0.4059235155582428, 0.5273048877716064, 0.03994918614625931, 0.026822345331311226]
[step 0080/150] method=baseline_cagrad loss=0.6920 train_acc=0.5205 train_loss=0.6923 val_acc=0.5523 val_loss=0.6825 router_H=0.6912 best=0.5523
           router_load=[0.4059235155582428, 0.5273048877716064, 0.03994918614625931, 0.026822345331311226]
[step 0090/150] method=baseline_cagrad loss=0.8499 train_acc=0.5205 train_loss=0.6923 val_acc=0.5523 val_loss=0.6825 router_H=0.6912 best=0.5523
           router_load=[0.4059235155582428, 0.5273048877716064, 0.03994918614625931, 0.026822345331311226]
[step 0100/150] method=baseline_cagrad loss=0.6788 train_acc=0.6418 train_loss=0.6601 val_acc=0.5921 val_loss=0.6790 router_H=0.6739 best=0.5921
           router_load=[0.12271083891391754, 0.593535840511322, 0.14392060041427612, 0.13983267545700073]
[step 0110/150] method=baseline_cagrad loss=0.6784 train_acc=0.6418 train_loss=0.6601 val_acc=0.5921 val_loss=0.6790 router_H=0.6739 best=0.5921
           router_load=[0.12271083891391754, 0.593535840511322, 0.14392060041427612, 0.13983267545700073]
[step 0120/150] method=baseline_cagrad loss=0.5948 train_acc=0.6418 train_loss=0.6601 val_acc=0.5921 val_loss=0.6790 router_H=0.6739 best=0.5921
           router_load=[0.12271083891391754, 0.593535840511322, 0.14392060041427612, 0.13983267545700073]
[step 0130/150] method=baseline_cagrad loss=0.6332 train_acc=0.6418 train_loss=0.6601 val_acc=0.5921 val_loss=0.6790 router_H=0.6739 best=0.5921
           router_load=[0.12271083891391754, 0.593535840511322, 0.14392060041427612, 0.13983267545700073]
[step 0140/150] method=baseline_cagrad loss=0.5430 train_acc=0.6418 train_loss=0.6601 val_acc=0.5921 val_loss=0.6790 router_H=0.6739 best=0.5921
           router_load=[0.12271083891391754, 0.593535840511322, 0.14392060041427612, 0.13983267545700073]
[step 0150/150] method=baseline_cagrad loss=0.6408 train_acc=0.6811 train_loss=0.6150 val_acc=0.6318 val_loss=0.6371 router_H=0.6758 best=0.6318
           router_load=[0.4616036117076874, 0.49768227338790894, 0.0295933336019516, 0.01112082414329052]
saved summary -> /home/zhujjing/MOE-grad-conflict-routing/runs/paper_suite/single_gpu/single_task/roberta_rte_ffn_e4_k2/hpo/cagrad/trial_runs/local_var_topk_001/cagrad_s2.json
saved curve -> /home/zhujjing/MOE-grad-conflict-routing/runs/paper_suite/single_gpu/single_task/roberta_rte_ffn_e4_k2/hpo/cagrad/trial_runs/local_var_topk_001/cagrad_s2_curve.csv
