[run] method=cagrad candidate=local_var_topk_017 seed=3 steps=150 gpu=0
[run] cmd=
/home/zhujjing/anaconda3/envs/moe/bin/python /home/zhujjing/MOE-grad-conflict-routing/scripts/run.py --config configs/singletask_rte_real.yaml --set model.backbone_backend=hf --set model.hf_load_pretrained=true --set model.backbone=roberta --set model.hf_pretrained_name=roberta-base --set model.expert_type=ffn --set model.routing_mode=topk --set model.num_experts=4 --set model.top_k=2 --set seed=3 --set method.name=baseline_cagrad --set train.steps=150 --set train.eval_every_steps=50 --set method.baseline_cagrad.c=0.2255019392 --set method.baseline_cagrad.inner_lr=0.05151463993 --set train.grad_clip=1.23610215 --set train.lr=2.5230559e-05 --set train.weight_decay=0.01034654618 --out /home/zhujjing/MOE-grad-conflict-routing/runs/paper_suite/single_gpu/single_task/roberta_rte_ffn_e4_k2/hpo/cagrad/trial_runs/local_var_topk_017/cagrad_s3.json --curve_out /home/zhujjing/MOE-grad-conflict-routing/runs/paper_suite/single_gpu/single_task/roberta_rte_ffn_e4_k2/hpo/cagrad/trial_runs/local_var_topk_017/cagrad_s3_curve.csv
Using the latest cached version of the dataset since glue couldn't be found on the Hugging Face Hub (offline mode is enabled).
Found the latest cached dataset configuration 'rte' at /home/zhujjing/hf_cache/datasets/glue/rte/0.0.0/bcdcba79d07bc864c1c254ccfcedcce55bcc9a8c (last modified on Thu Mar 19 15:00:36 2026).
/home/zhujjing/anaconda3/envs/moe/lib/python3.10/site-packages/transformers/utils/hub.py:124: FutureWarning: Using `TRANSFORMERS_CACHE` is deprecated and will be removed in v5 of Transformers. Use `HF_HOME` instead.
  warnings.warn(
Some weights of RobertaModel were not initialized from the model checkpoint at roberta-base and are newly initialized: ['roberta.pooler.dense.bias', 'roberta.pooler.dense.weight']
You should probably TRAIN this model on a down-stream task to be able to use it for predictions and inference.
[step 0001/150] method=baseline_cagrad loss=0.6936 train_acc=nan train_loss=nan val_acc=nan val_loss=nan best=-1.0000
[step 0010/150] method=baseline_cagrad loss=0.7016 train_acc=nan train_loss=nan val_acc=nan val_loss=nan best=-1.0000
[step 0020/150] method=baseline_cagrad loss=0.6938 train_acc=nan train_loss=nan val_acc=nan val_loss=nan best=-1.0000
[step 0030/150] method=baseline_cagrad loss=0.6885 train_acc=nan train_loss=nan val_acc=nan val_loss=nan best=-1.0000
[step 0040/150] method=baseline_cagrad loss=0.6656 train_acc=nan train_loss=nan val_acc=nan val_loss=nan best=-1.0000
[step 0050/150] method=baseline_cagrad loss=0.6842 train_acc=0.6088 train_loss=0.6575 val_acc=0.5812 val_loss=0.6711 router_H=0.6732 best=0.5812
           router_load=[0.002485422883182764, 0.5312163829803467, 0.4662981927394867, 0.0]
[step 0060/150] method=baseline_cagrad loss=0.6269 train_acc=0.6088 train_loss=0.6575 val_acc=0.5812 val_loss=0.6711 router_H=0.6732 best=0.5812
           router_load=[0.002485422883182764, 0.5312163829803467, 0.4662981927394867, 0.0]
[step 0070/150] method=baseline_cagrad loss=0.7029 train_acc=0.6088 train_loss=0.6575 val_acc=0.5812 val_loss=0.6711 router_H=0.6732 best=0.5812
           router_load=[0.002485422883182764, 0.5312163829803467, 0.4662981927394867, 0.0]
[step 0080/150] method=baseline_cagrad loss=0.5646 train_acc=0.6088 train_loss=0.6575 val_acc=0.5812 val_loss=0.6711 router_H=0.6732 best=0.5812
           router_load=[0.002485422883182764, 0.5312163829803467, 0.4662981927394867, 0.0]
[step 0090/150] method=baseline_cagrad loss=0.5858 train_acc=0.6088 train_loss=0.6575 val_acc=0.5812 val_loss=0.6711 router_H=0.6732 best=0.5812
           router_load=[0.002485422883182764, 0.5312163829803467, 0.4662981927394867, 0.0]
[step 0100/150] method=baseline_cagrad loss=0.6885 train_acc=0.6968 train_loss=0.6151 val_acc=0.6534 val_loss=0.6338 router_H=0.6761 best=0.6534
           router_load=[0.0, 0.3199729919433594, 0.3740096092224121, 0.3060173988342285]
[step 0110/150] method=baseline_cagrad loss=0.7102 train_acc=0.6968 train_loss=0.6151 val_acc=0.6534 val_loss=0.6338 router_H=0.6761 best=0.6534
           router_load=[0.0, 0.3199729919433594, 0.3740096092224121, 0.3060173988342285]
[step 0120/150] method=baseline_cagrad loss=0.6752 train_acc=0.6968 train_loss=0.6151 val_acc=0.6534 val_loss=0.6338 router_H=0.6761 best=0.6534
           router_load=[0.0, 0.3199729919433594, 0.3740096092224121, 0.3060173988342285]
[step 0130/150] method=baseline_cagrad loss=0.6904 train_acc=0.6968 train_loss=0.6151 val_acc=0.6534 val_loss=0.6338 router_H=0.6761 best=0.6534
           router_load=[0.0, 0.3199729919433594, 0.3740096092224121, 0.3060173988342285]
[step 0140/150] method=baseline_cagrad loss=0.7217 train_acc=0.6968 train_loss=0.6151 val_acc=0.6534 val_loss=0.6338 router_H=0.6761 best=0.6534
           router_load=[0.0, 0.3199729919433594, 0.3740096092224121, 0.3060173988342285]
[step 0150/150] method=baseline_cagrad loss=0.7428 train_acc=0.4984 train_loss=0.6976 val_acc=0.4729 val_loss=0.7054 router_H=0.6844 best=0.6534
           router_load=[0.0, 0.5658819675445557, 0.43411803245544434, 0.0]
saved summary -> /home/zhujjing/MOE-grad-conflict-routing/runs/paper_suite/single_gpu/single_task/roberta_rte_ffn_e4_k2/hpo/cagrad/trial_runs/local_var_topk_017/cagrad_s3.json
saved curve -> /home/zhujjing/MOE-grad-conflict-routing/runs/paper_suite/single_gpu/single_task/roberta_rte_ffn_e4_k2/hpo/cagrad/trial_runs/local_var_topk_017/cagrad_s3_curve.csv
