[run] method=cagrad candidate=local_var_topk_026 seed=2 steps=150 gpu=0
[run] cmd=
/home/zhujjing/anaconda3/envs/moe/bin/python /home/zhujjing/MOE-grad-conflict-routing/scripts/run.py --config configs/singletask_rte_real.yaml --set model.backbone_backend=hf --set model.hf_load_pretrained=true --set model.backbone=roberta --set model.hf_pretrained_name=roberta-base --set model.expert_type=ffn --set model.routing_mode=topk --set model.num_experts=4 --set model.top_k=2 --set seed=2 --set method.name=baseline_cagrad --set train.steps=150 --set train.eval_every_steps=50 --set method.baseline_cagrad.c=0.2255019392 --set method.baseline_cagrad.inner_lr=0.05151463993 --set train.grad_clip=1.23610215 --set train.lr=5.0461117e-05 --set train.weight_decay=0.01034654618 --out /home/zhujjing/MOE-grad-conflict-routing/runs/paper_suite/single_gpu/single_task/roberta_rte_ffn_e4_k2/hpo/cagrad/trial_runs/local_var_topk_026/cagrad_s2.json --curve_out /home/zhujjing/MOE-grad-conflict-routing/runs/paper_suite/single_gpu/single_task/roberta_rte_ffn_e4_k2/hpo/cagrad/trial_runs/local_var_topk_026/cagrad_s2_curve.csv
Using the latest cached version of the dataset since glue couldn't be found on the Hugging Face Hub (offline mode is enabled).
Found the latest cached dataset configuration 'rte' at /home/zhujjing/hf_cache/datasets/glue/rte/0.0.0/bcdcba79d07bc864c1c254ccfcedcce55bcc9a8c (last modified on Thu Mar 19 15:00:36 2026).
/home/zhujjing/anaconda3/envs/moe/lib/python3.10/site-packages/transformers/utils/hub.py:124: FutureWarning: Using `TRANSFORMERS_CACHE` is deprecated and will be removed in v5 of Transformers. Use `HF_HOME` instead.
  warnings.warn(
Some weights of RobertaModel were not initialized from the model checkpoint at roberta-base and are newly initialized: ['roberta.pooler.dense.bias', 'roberta.pooler.dense.weight']
You should probably TRAIN this model on a down-stream task to be able to use it for predictions and inference.
[step 0001/150] method=baseline_cagrad loss=0.6892 train_acc=nan train_loss=nan val_acc=nan val_loss=nan best=-1.0000
[step 0010/150] method=baseline_cagrad loss=0.8975 train_acc=nan train_loss=nan val_acc=nan val_loss=nan best=-1.0000
[step 0020/150] method=baseline_cagrad loss=0.6952 train_acc=nan train_loss=nan val_acc=nan val_loss=nan best=-1.0000
[step 0030/150] method=baseline_cagrad loss=0.7256 train_acc=nan train_loss=nan val_acc=nan val_loss=nan best=-1.0000
[step 0040/150] method=baseline_cagrad loss=0.6912 train_acc=nan train_loss=nan val_acc=nan val_loss=nan best=-1.0000
[step 0050/150] method=baseline_cagrad loss=0.6456 train_acc=0.5016 train_loss=0.6967 val_acc=0.5271 val_loss=0.6902 router_H=0.6913 best=0.5271
           router_load=[0.0, 0.0, 0.47037190198898315, 0.5296280980110168]
[step 0060/150] method=baseline_cagrad loss=0.6938 train_acc=0.5016 train_loss=0.6967 val_acc=0.5271 val_loss=0.6902 router_H=0.6913 best=0.5271
           router_load=[0.0, 0.0, 0.47037190198898315, 0.5296280980110168]
[step 0070/150] method=baseline_cagrad loss=0.6922 train_acc=0.5016 train_loss=0.6967 val_acc=0.5271 val_loss=0.6902 router_H=0.6913 best=0.5271
           router_load=[0.0, 0.0, 0.47037190198898315, 0.5296280980110168]
[step 0080/150] method=baseline_cagrad loss=0.7597 train_acc=0.5016 train_loss=0.6967 val_acc=0.5271 val_loss=0.6902 router_H=0.6913 best=0.5271
           router_load=[0.0, 0.0, 0.47037190198898315, 0.5296280980110168]
[step 0090/150] method=baseline_cagrad loss=0.8005 train_acc=0.5016 train_loss=0.6967 val_acc=0.5271 val_loss=0.6902 router_H=0.6913 best=0.5271
           router_load=[0.0, 0.0, 0.47037190198898315, 0.5296280980110168]
[step 0100/150] method=baseline_cagrad loss=0.6959 train_acc=0.4984 train_loss=0.6923 val_acc=0.4729 val_loss=0.6957 router_H=0.6916 best=0.5271
           router_load=[0.0, 0.0, 0.47268009185791016, 0.5273199081420898]
[step 0110/150] method=baseline_cagrad loss=0.6648 train_acc=0.4984 train_loss=0.6923 val_acc=0.4729 val_loss=0.6957 router_H=0.6916 best=0.5271
           router_load=[0.0, 0.0, 0.47268009185791016, 0.5273199081420898]
[step 0120/150] method=baseline_cagrad loss=0.7019 train_acc=0.4984 train_loss=0.6923 val_acc=0.4729 val_loss=0.6957 router_H=0.6916 best=0.5271
           router_load=[0.0, 0.0, 0.47268009185791016, 0.5273199081420898]
[step 0130/150] method=baseline_cagrad loss=0.6944 train_acc=0.4984 train_loss=0.6923 val_acc=0.4729 val_loss=0.6957 router_H=0.6916 best=0.5271
           router_load=[0.0, 0.0, 0.47268009185791016, 0.5273199081420898]
[step 0140/150] method=baseline_cagrad loss=0.6787 train_acc=0.4984 train_loss=0.6923 val_acc=0.4729 val_loss=0.6957 router_H=0.6916 best=0.5271
           router_load=[0.0, 0.0, 0.47268009185791016, 0.5273199081420898]
[step 0150/150] method=baseline_cagrad loss=0.6906 train_acc=0.6080 train_loss=0.6913 val_acc=0.5776 val_loss=0.6918 router_H=0.6931 best=0.5776
           router_load=[0.0, 0.0, 0.49922049045562744, 0.5007795095443726]
saved summary -> /home/zhujjing/MOE-grad-conflict-routing/runs/paper_suite/single_gpu/single_task/roberta_rte_ffn_e4_k2/hpo/cagrad/trial_runs/local_var_topk_026/cagrad_s2.json
saved curve -> /home/zhujjing/MOE-grad-conflict-routing/runs/paper_suite/single_gpu/single_task/roberta_rte_ffn_e4_k2/hpo/cagrad/trial_runs/local_var_topk_026/cagrad_s2_curve.csv
