[run] method=cagrad candidate=local_var_topk_000 seed=3 steps=150 gpu=0
[run] cmd=
/home/zhujjing/anaconda3/envs/moe/bin/python /home/zhujjing/MOE-grad-conflict-routing/scripts/run.py --config configs/singletask_rte_real.yaml --set model.backbone_backend=hf --set model.hf_load_pretrained=true --set model.backbone=roberta --set model.hf_pretrained_name=roberta-base --set model.expert_type=ffn --set model.routing_mode=topk --set model.num_experts=4 --set model.top_k=2 --set seed=3 --set method.name=baseline_cagrad --set train.steps=150 --set train.eval_every_steps=50 --set method.baseline_cagrad.c=0.2255019392 --set method.baseline_cagrad.inner_lr=0.01287865998 --set train.grad_clip=1.23610215 --set train.lr=1.2615279e-05 --set train.weight_decay=0 --out /home/zhujjing/MOE-grad-conflict-routing/runs/paper_suite/single_gpu/single_task/roberta_rte_ffn_e4_k2/hpo/cagrad/trial_runs/local_var_topk_000/cagrad_s3.json --curve_out /home/zhujjing/MOE-grad-conflict-routing/runs/paper_suite/single_gpu/single_task/roberta_rte_ffn_e4_k2/hpo/cagrad/trial_runs/local_var_topk_000/cagrad_s3_curve.csv
Using the latest cached version of the dataset since glue couldn't be found on the Hugging Face Hub (offline mode is enabled).
Found the latest cached dataset configuration 'rte' at /home/zhujjing/hf_cache/datasets/glue/rte/0.0.0/bcdcba79d07bc864c1c254ccfcedcce55bcc9a8c (last modified on Thu Mar 19 15:00:36 2026).
/home/zhujjing/anaconda3/envs/moe/lib/python3.10/site-packages/transformers/utils/hub.py:124: FutureWarning: Using `TRANSFORMERS_CACHE` is deprecated and will be removed in v5 of Transformers. Use `HF_HOME` instead.
  warnings.warn(
Some weights of RobertaModel were not initialized from the model checkpoint at roberta-base and are newly initialized: ['roberta.pooler.dense.bias', 'roberta.pooler.dense.weight']
You should probably TRAIN this model on a down-stream task to be able to use it for predictions and inference.
[step 0001/150] method=baseline_cagrad loss=0.6998 train_acc=nan train_loss=nan val_acc=nan val_loss=nan best=-1.0000
[step 0010/150] method=baseline_cagrad loss=0.6975 train_acc=nan train_loss=nan val_acc=nan val_loss=nan best=-1.0000
[step 0020/150] method=baseline_cagrad loss=0.6742 train_acc=nan train_loss=nan val_acc=nan val_loss=nan best=-1.0000
[step 0030/150] method=baseline_cagrad loss=0.6855 train_acc=nan train_loss=nan val_acc=nan val_loss=nan best=-1.0000
[step 0040/150] method=baseline_cagrad loss=0.6724 train_acc=nan train_loss=nan val_acc=nan val_loss=nan best=-1.0000
[step 0050/150] method=baseline_cagrad loss=0.6874 train_acc=0.5936 train_loss=0.6692 val_acc=0.6029 val_loss=0.6664 router_H=0.6763 best=0.6029
           router_load=[0.5709640979766846, 0.0038297094870358706, 0.04789289832115173, 0.3773133158683777]
[step 0060/150] method=baseline_cagrad loss=0.6325 train_acc=0.5936 train_loss=0.6692 val_acc=0.6029 val_loss=0.6664 router_H=0.6763 best=0.6029
           router_load=[0.5709640979766846, 0.0038297094870358706, 0.04789289832115173, 0.3773133158683777]
[step 0070/150] method=baseline_cagrad loss=0.6959 train_acc=0.5936 train_loss=0.6692 val_acc=0.6029 val_loss=0.6664 router_H=0.6763 best=0.6029
           router_load=[0.5709640979766846, 0.0038297094870358706, 0.04789289832115173, 0.3773133158683777]
[step 0080/150] method=baseline_cagrad loss=0.6224 train_acc=0.5936 train_loss=0.6692 val_acc=0.6029 val_loss=0.6664 router_H=0.6763 best=0.6029
           router_load=[0.5709640979766846, 0.0038297094870358706, 0.04789289832115173, 0.3773133158683777]
[step 0090/150] method=baseline_cagrad loss=0.5575 train_acc=0.5936 train_loss=0.6692 val_acc=0.6029 val_loss=0.6664 router_H=0.6763 best=0.6029
           router_load=[0.5709640979766846, 0.0038297094870358706, 0.04789289832115173, 0.3773133158683777]
[step 0100/150] method=baseline_cagrad loss=0.9206 train_acc=0.6450 train_loss=0.6405 val_acc=0.6173 val_loss=0.6654 router_H=0.5214 best=0.6173
           router_load=[0.7643077373504639, 0.02375909499824047, 0.05760447308421135, 0.1543286293745041]
[step 0110/150] method=baseline_cagrad loss=0.6033 train_acc=0.6450 train_loss=0.6405 val_acc=0.6173 val_loss=0.6654 router_H=0.5214 best=0.6173
           router_load=[0.7643077373504639, 0.02375909499824047, 0.05760447308421135, 0.1543286293745041]
[step 0120/150] method=baseline_cagrad loss=0.6429 train_acc=0.6450 train_loss=0.6405 val_acc=0.6173 val_loss=0.6654 router_H=0.5214 best=0.6173
           router_load=[0.7643077373504639, 0.02375909499824047, 0.05760447308421135, 0.1543286293745041]
[step 0130/150] method=baseline_cagrad loss=0.7116 train_acc=0.6450 train_loss=0.6405 val_acc=0.6173 val_loss=0.6654 router_H=0.5214 best=0.6173
           router_load=[0.7643077373504639, 0.02375909499824047, 0.05760447308421135, 0.1543286293745041]
[step 0140/150] method=baseline_cagrad loss=0.6193 train_acc=0.6450 train_loss=0.6405 val_acc=0.6173 val_loss=0.6654 router_H=0.5214 best=0.6173
           router_load=[0.7643077373504639, 0.02375909499824047, 0.05760447308421135, 0.1543286293745041]
[step 0150/150] method=baseline_cagrad loss=0.6354 train_acc=0.7647 train_loss=0.5551 val_acc=0.6968 val_loss=0.6051 router_H=0.6112 best=0.6968
           router_load=[0.6725181341171265, 0.02337588556110859, 0.057121165096759796, 0.2469847947359085]
saved summary -> /home/zhujjing/MOE-grad-conflict-routing/runs/paper_suite/single_gpu/single_task/roberta_rte_ffn_e4_k2/hpo/cagrad/trial_runs/local_var_topk_000/cagrad_s3.json
saved curve -> /home/zhujjing/MOE-grad-conflict-routing/runs/paper_suite/single_gpu/single_task/roberta_rte_ffn_e4_k2/hpo/cagrad/trial_runs/local_var_topk_000/cagrad_s3_curve.csv
