[run] method=cagrad candidate=local_var_topk_021 seed=2 steps=150 gpu=0
[run] cmd=
/home/zhujjing/anaconda3/envs/moe/bin/python /home/zhujjing/MOE-grad-conflict-routing/scripts/run.py --config configs/singletask_rte_real.yaml --set model.backbone_backend=hf --set model.hf_load_pretrained=true --set model.backbone=roberta --set model.hf_pretrained_name=roberta-base --set model.expert_type=ffn --set model.routing_mode=topk --set model.num_experts=4 --set model.top_k=2 --set seed=2 --set method.name=baseline_cagrad --set train.steps=150 --set train.eval_every_steps=50 --set method.baseline_cagrad.c=0.2255019392 --set method.baseline_cagrad.inner_lr=0.01287865998 --set train.grad_clip=1.23610215 --set train.lr=5.0461117e-05 --set train.weight_decay=0.000346546175 --out /home/zhujjing/MOE-grad-conflict-routing/runs/paper_suite/single_gpu/single_task/roberta_rte_ffn_e4_k2/hpo/cagrad/trial_runs/local_var_topk_021/cagrad_s2.json --curve_out /home/zhujjing/MOE-grad-conflict-routing/runs/paper_suite/single_gpu/single_task/roberta_rte_ffn_e4_k2/hpo/cagrad/trial_runs/local_var_topk_021/cagrad_s2_curve.csv
Using the latest cached version of the dataset since glue couldn't be found on the Hugging Face Hub (offline mode is enabled).
Found the latest cached dataset configuration 'rte' at /home/zhujjing/hf_cache/datasets/glue/rte/0.0.0/bcdcba79d07bc864c1c254ccfcedcce55bcc9a8c (last modified on Thu Mar 19 15:00:36 2026).
/home/zhujjing/anaconda3/envs/moe/lib/python3.10/site-packages/transformers/utils/hub.py:124: FutureWarning: Using `TRANSFORMERS_CACHE` is deprecated and will be removed in v5 of Transformers. Use `HF_HOME` instead.
  warnings.warn(
Some weights of RobertaModel were not initialized from the model checkpoint at roberta-base and are newly initialized: ['roberta.pooler.dense.bias', 'roberta.pooler.dense.weight']
You should probably TRAIN this model on a down-stream task to be able to use it for predictions and inference.
[step 0001/150] method=baseline_cagrad loss=0.7027 train_acc=nan train_loss=nan val_acc=nan val_loss=nan best=-1.0000
[step 0010/150] method=baseline_cagrad loss=0.8896 train_acc=nan train_loss=nan val_acc=nan val_loss=nan best=-1.0000
[step 0020/150] method=baseline_cagrad loss=0.6997 train_acc=nan train_loss=nan val_acc=nan val_loss=nan best=-1.0000
[step 0030/150] method=baseline_cagrad loss=0.7208 train_acc=nan train_loss=nan val_acc=nan val_loss=nan best=-1.0000
[step 0040/150] method=baseline_cagrad loss=0.6917 train_acc=nan train_loss=nan val_acc=nan val_loss=nan best=-1.0000
[step 0050/150] method=baseline_cagrad loss=0.6482 train_acc=0.5016 train_loss=0.6968 val_acc=0.5271 val_loss=0.6899 router_H=0.6925 best=0.5271
           router_load=[0.4832875430583954, 0.0, 0.516712486743927, 0.0]
[step 0060/150] method=baseline_cagrad loss=0.6982 train_acc=0.5016 train_loss=0.6968 val_acc=0.5271 val_loss=0.6899 router_H=0.6925 best=0.5271
           router_load=[0.4832875430583954, 0.0, 0.516712486743927, 0.0]
[step 0070/150] method=baseline_cagrad loss=0.6911 train_acc=0.5016 train_loss=0.6968 val_acc=0.5271 val_loss=0.6899 router_H=0.6925 best=0.5271
           router_load=[0.4832875430583954, 0.0, 0.516712486743927, 0.0]
[step 0080/150] method=baseline_cagrad loss=0.7693 train_acc=0.5016 train_loss=0.6968 val_acc=0.5271 val_loss=0.6899 router_H=0.6925 best=0.5271
           router_load=[0.4832875430583954, 0.0, 0.516712486743927, 0.0]
[step 0090/150] method=baseline_cagrad loss=0.7204 train_acc=0.5016 train_loss=0.6968 val_acc=0.5271 val_loss=0.6899 router_H=0.6925 best=0.5271
           router_load=[0.4832875430583954, 0.0, 0.516712486743927, 0.0]
[step 0100/150] method=baseline_cagrad loss=0.6946 train_acc=0.5096 train_loss=0.6912 val_acc=0.5379 val_loss=0.6909 router_H=0.6888 best=0.5379
           router_load=[0.4472682476043701, 0.0, 0.5462118983268738, 0.006519834976643324]
[step 0110/150] method=baseline_cagrad loss=0.6634 train_acc=0.5096 train_loss=0.6912 val_acc=0.5379 val_loss=0.6909 router_H=0.6888 best=0.5379
           router_load=[0.4472682476043701, 0.0, 0.5462118983268738, 0.006519834976643324]
[step 0120/150] method=baseline_cagrad loss=0.7024 train_acc=0.5096 train_loss=0.6912 val_acc=0.5379 val_loss=0.6909 router_H=0.6888 best=0.5379
           router_load=[0.4472682476043701, 0.0, 0.5462118983268738, 0.006519834976643324]
[step 0130/150] method=baseline_cagrad loss=0.6976 train_acc=0.5096 train_loss=0.6912 val_acc=0.5379 val_loss=0.6909 router_H=0.6888 best=0.5379
           router_load=[0.4472682476043701, 0.0, 0.5462118983268738, 0.006519834976643324]
[step 0140/150] method=baseline_cagrad loss=0.6804 train_acc=0.5096 train_loss=0.6912 val_acc=0.5379 val_loss=0.6909 router_H=0.6888 best=0.5379
           router_load=[0.4472682476043701, 0.0, 0.5462118983268738, 0.006519834976643324]
[step 0150/150] method=baseline_cagrad loss=0.6955 train_acc=0.6153 train_loss=0.6901 val_acc=0.5812 val_loss=0.6908 router_H=0.6917 best=0.5812
           router_load=[0.4735461175441742, 0.0, 0.5264539122581482, 0.0]
saved summary -> /home/zhujjing/MOE-grad-conflict-routing/runs/paper_suite/single_gpu/single_task/roberta_rte_ffn_e4_k2/hpo/cagrad/trial_runs/local_var_topk_021/cagrad_s2.json
saved curve -> /home/zhujjing/MOE-grad-conflict-routing/runs/paper_suite/single_gpu/single_task/roberta_rte_ffn_e4_k2/hpo/cagrad/trial_runs/local_var_topk_021/cagrad_s2_curve.csv
