[run] method=cagrad candidate=local_var_topk_012 seed=2 steps=150 gpu=0
[run] cmd=
/home/zhujjing/anaconda3/envs/moe/bin/python /home/zhujjing/MOE-grad-conflict-routing/scripts/run.py --config configs/singletask_rte_real.yaml --set model.backbone_backend=hf --set model.hf_load_pretrained=true --set model.backbone=roberta --set model.hf_pretrained_name=roberta-base --set model.expert_type=ffn --set model.routing_mode=topk --set model.num_experts=4 --set model.top_k=2 --set seed=2 --set method.name=baseline_cagrad --set train.steps=150 --set train.eval_every_steps=50 --set method.baseline_cagrad.c=0.2255019392 --set method.baseline_cagrad.inner_lr=0.01287865998 --set train.grad_clip=1.23610215 --set train.lr=2.5230559e-05 --set train.weight_decay=0.000346546175 --out /home/zhujjing/MOE-grad-conflict-routing/runs/paper_suite/single_gpu/single_task/roberta_rte_ffn_e4_k2/hpo/cagrad/trial_runs/local_var_topk_012/cagrad_s2.json --curve_out /home/zhujjing/MOE-grad-conflict-routing/runs/paper_suite/single_gpu/single_task/roberta_rte_ffn_e4_k2/hpo/cagrad/trial_runs/local_var_topk_012/cagrad_s2_curve.csv
Using the latest cached version of the dataset since glue couldn't be found on the Hugging Face Hub (offline mode is enabled).
Found the latest cached dataset configuration 'rte' at /home/zhujjing/hf_cache/datasets/glue/rte/0.0.0/bcdcba79d07bc864c1c254ccfcedcce55bcc9a8c (last modified on Thu Mar 19 15:00:36 2026).
/home/zhujjing/anaconda3/envs/moe/lib/python3.10/site-packages/transformers/utils/hub.py:124: FutureWarning: Using `TRANSFORMERS_CACHE` is deprecated and will be removed in v5 of Transformers. Use `HF_HOME` instead.
  warnings.warn(
Some weights of RobertaModel were not initialized from the model checkpoint at roberta-base and are newly initialized: ['roberta.pooler.dense.bias', 'roberta.pooler.dense.weight']
You should probably TRAIN this model on a down-stream task to be able to use it for predictions and inference.
[step 0001/150] method=baseline_cagrad loss=0.6941 train_acc=nan train_loss=nan val_acc=nan val_loss=nan best=-1.0000
[step 0010/150] method=baseline_cagrad loss=0.7530 train_acc=nan train_loss=nan val_acc=nan val_loss=nan best=-1.0000
[step 0020/150] method=baseline_cagrad loss=0.6905 train_acc=nan train_loss=nan val_acc=nan val_loss=nan best=-1.0000
[step 0030/150] method=baseline_cagrad loss=0.7022 train_acc=nan train_loss=nan val_acc=nan val_loss=nan best=-1.0000
[step 0040/150] method=baseline_cagrad loss=0.7007 train_acc=nan train_loss=nan val_acc=nan val_loss=nan best=-1.0000
[step 0050/150] method=baseline_cagrad loss=0.6510 train_acc=0.5048 train_loss=0.6898 val_acc=0.5090 val_loss=0.6868 router_H=0.6926 best=0.5090
           router_load=[0.08848091959953308, 0.0, 0.39838486909866333, 0.5131341218948364]
[step 0060/150] method=baseline_cagrad loss=0.6781 train_acc=0.5048 train_loss=0.6898 val_acc=0.5090 val_loss=0.6868 router_H=0.6926 best=0.5090
           router_load=[0.08848091959953308, 0.0, 0.39838486909866333, 0.5131341218948364]
[step 0070/150] method=baseline_cagrad loss=0.6752 train_acc=0.5048 train_loss=0.6898 val_acc=0.5090 val_loss=0.6868 router_H=0.6926 best=0.5090
           router_load=[0.08848091959953308, 0.0, 0.39838486909866333, 0.5131341218948364]
[step 0080/150] method=baseline_cagrad loss=0.6824 train_acc=0.5048 train_loss=0.6898 val_acc=0.5090 val_loss=0.6868 router_H=0.6926 best=0.5090
           router_load=[0.08848091959953308, 0.0, 0.39838486909866333, 0.5131341218948364]
[step 0090/150] method=baseline_cagrad loss=0.6205 train_acc=0.5048 train_loss=0.6898 val_acc=0.5090 val_loss=0.6868 router_H=0.6926 best=0.5090
           router_load=[0.08848091959953308, 0.0, 0.39838486909866333, 0.5131341218948364]
[step 0100/150] method=baseline_cagrad loss=0.6244 train_acc=0.7112 train_loss=0.5856 val_acc=0.6534 val_loss=0.6368 router_H=0.6609 best=0.6534
           router_load=[0.4036189317703247, 0.0, 0.02182634361088276, 0.5745547413825989]
[step 0110/150] method=baseline_cagrad loss=0.5313 train_acc=0.7112 train_loss=0.5856 val_acc=0.6534 val_loss=0.6368 router_H=0.6609 best=0.6534
           router_load=[0.4036189317703247, 0.0, 0.02182634361088276, 0.5745547413825989]
[step 0120/150] method=baseline_cagrad loss=0.5593 train_acc=0.7112 train_loss=0.5856 val_acc=0.6534 val_loss=0.6368 router_H=0.6609 best=0.6534
           router_load=[0.4036189317703247, 0.0, 0.02182634361088276, 0.5745547413825989]
[step 0130/150] method=baseline_cagrad loss=0.5870 train_acc=0.7112 train_loss=0.5856 val_acc=0.6534 val_loss=0.6368 router_H=0.6609 best=0.6534
           router_load=[0.4036189317703247, 0.0, 0.02182634361088276, 0.5745547413825989]
[step 0140/150] method=baseline_cagrad loss=0.6049 train_acc=0.7112 train_loss=0.5856 val_acc=0.6534 val_loss=0.6368 router_H=0.6609 best=0.6534
           router_load=[0.4036189317703247, 0.0, 0.02182634361088276, 0.5745547413825989]
[step 0150/150] method=baseline_cagrad loss=0.6542 train_acc=0.7486 train_loss=0.5522 val_acc=0.6859 val_loss=0.6152 router_H=0.6618 best=0.6859
           router_load=[0.4444746971130371, 0.0, 0.015252413228154182, 0.5402728915214539]
saved summary -> /home/zhujjing/MOE-grad-conflict-routing/runs/paper_suite/single_gpu/single_task/roberta_rte_ffn_e4_k2/hpo/cagrad/trial_runs/local_var_topk_012/cagrad_s2.json
saved curve -> /home/zhujjing/MOE-grad-conflict-routing/runs/paper_suite/single_gpu/single_task/roberta_rte_ffn_e4_k2/hpo/cagrad/trial_runs/local_var_topk_012/cagrad_s2_curve.csv
