[run] method=cagrad candidate=local_var_topk_021 seed=3 steps=150 gpu=0
[run] cmd=
/home/zhujjing/anaconda3/envs/moe/bin/python /home/zhujjing/MOE-grad-conflict-routing/scripts/run.py --config configs/singletask_rte_real.yaml --set model.backbone_backend=hf --set model.hf_load_pretrained=true --set model.backbone=roberta --set model.hf_pretrained_name=roberta-base --set model.expert_type=ffn --set model.routing_mode=topk --set model.num_experts=4 --set model.top_k=2 --set seed=3 --set method.name=baseline_cagrad --set train.steps=150 --set train.eval_every_steps=50 --set method.baseline_cagrad.c=0.2255019392 --set method.baseline_cagrad.inner_lr=0.01287865998 --set train.grad_clip=1.23610215 --set train.lr=5.0461117e-05 --set train.weight_decay=0.000346546175 --out /home/zhujjing/MOE-grad-conflict-routing/runs/paper_suite/single_gpu/single_task/roberta_rte_ffn_e4_k2/hpo/cagrad/trial_runs/local_var_topk_021/cagrad_s3.json --curve_out /home/zhujjing/MOE-grad-conflict-routing/runs/paper_suite/single_gpu/single_task/roberta_rte_ffn_e4_k2/hpo/cagrad/trial_runs/local_var_topk_021/cagrad_s3_curve.csv
Using the latest cached version of the dataset since glue couldn't be found on the Hugging Face Hub (offline mode is enabled).
Found the latest cached dataset configuration 'rte' at /home/zhujjing/hf_cache/datasets/glue/rte/0.0.0/bcdcba79d07bc864c1c254ccfcedcce55bcc9a8c (last modified on Thu Mar 19 15:00:36 2026).
/home/zhujjing/anaconda3/envs/moe/lib/python3.10/site-packages/transformers/utils/hub.py:124: FutureWarning: Using `TRANSFORMERS_CACHE` is deprecated and will be removed in v5 of Transformers. Use `HF_HOME` instead.
  warnings.warn(
Some weights of RobertaModel were not initialized from the model checkpoint at roberta-base and are newly initialized: ['roberta.pooler.dense.bias', 'roberta.pooler.dense.weight']
You should probably TRAIN this model on a down-stream task to be able to use it for predictions and inference.
[step 0001/150] method=baseline_cagrad loss=0.6986 train_acc=nan train_loss=nan val_acc=nan val_loss=nan best=-1.0000
[step 0010/150] method=baseline_cagrad loss=0.6966 train_acc=nan train_loss=nan val_acc=nan val_loss=nan best=-1.0000
[step 0020/150] method=baseline_cagrad loss=0.7156 train_acc=nan train_loss=nan val_acc=nan val_loss=nan best=-1.0000
[step 0030/150] method=baseline_cagrad loss=0.6766 train_acc=nan train_loss=nan val_acc=nan val_loss=nan best=-1.0000
[step 0040/150] method=baseline_cagrad loss=0.6819 train_acc=nan train_loss=nan val_acc=nan val_loss=nan best=-1.0000
[step 0050/150] method=baseline_cagrad loss=0.6447 train_acc=0.6153 train_loss=0.6609 val_acc=0.5921 val_loss=0.6721 router_H=0.6865 best=0.5921
           router_load=[0.5470293760299683, 0.0, 0.01644567959010601, 0.4365249574184418]
[step 0060/150] method=baseline_cagrad loss=0.6384 train_acc=0.6153 train_loss=0.6609 val_acc=0.5921 val_loss=0.6721 router_H=0.6865 best=0.5921
           router_load=[0.5470293760299683, 0.0, 0.01644567959010601, 0.4365249574184418]
[step 0070/150] method=baseline_cagrad loss=0.7091 train_acc=0.6153 train_loss=0.6609 val_acc=0.5921 val_loss=0.6721 router_H=0.6865 best=0.5921
           router_load=[0.5470293760299683, 0.0, 0.01644567959010601, 0.4365249574184418]
[step 0080/150] method=baseline_cagrad loss=0.6373 train_acc=0.6153 train_loss=0.6609 val_acc=0.5921 val_loss=0.6721 router_H=0.6865 best=0.5921
           router_load=[0.5470293760299683, 0.0, 0.01644567959010601, 0.4365249574184418]
[step 0090/150] method=baseline_cagrad loss=0.6754 train_acc=0.6153 train_loss=0.6609 val_acc=0.5921 val_loss=0.6721 router_H=0.6865 best=0.5921
           router_load=[0.5470293760299683, 0.0, 0.01644567959010601, 0.4365249574184418]
[step 0100/150] method=baseline_cagrad loss=0.6368 train_acc=0.6201 train_loss=0.6531 val_acc=0.6101 val_loss=0.6547 router_H=0.6902 best=0.6101
           router_load=[0.5362722873687744, 0.006626868154853582, 0.0, 0.45710086822509766]
[step 0110/150] method=baseline_cagrad loss=0.7984 train_acc=0.6201 train_loss=0.6531 val_acc=0.6101 val_loss=0.6547 router_H=0.6902 best=0.6101
           router_load=[0.5362722873687744, 0.006626868154853582, 0.0, 0.45710086822509766]
[step 0120/150] method=baseline_cagrad loss=0.6500 train_acc=0.6201 train_loss=0.6531 val_acc=0.6101 val_loss=0.6547 router_H=0.6902 best=0.6101
           router_load=[0.5362722873687744, 0.006626868154853582, 0.0, 0.45710086822509766]
[step 0130/150] method=baseline_cagrad loss=0.6926 train_acc=0.6201 train_loss=0.6531 val_acc=0.6101 val_loss=0.6547 router_H=0.6902 best=0.6101
           router_load=[0.5362722873687744, 0.006626868154853582, 0.0, 0.45710086822509766]
[step 0140/150] method=baseline_cagrad loss=0.6702 train_acc=0.6201 train_loss=0.6531 val_acc=0.6101 val_loss=0.6547 router_H=0.6902 best=0.6101
           router_load=[0.5362722873687744, 0.006626868154853582, 0.0, 0.45710086822509766]
[step 0150/150] method=baseline_cagrad loss=0.5403 train_acc=0.6402 train_loss=0.6729 val_acc=0.5957 val_loss=0.6826 router_H=0.5982 best=0.6101
           router_load=[0.7114313840866089, 0.11651893705129623, 0.0, 0.17204956710338593]
saved summary -> /home/zhujjing/MOE-grad-conflict-routing/runs/paper_suite/single_gpu/single_task/roberta_rte_ffn_e4_k2/hpo/cagrad/trial_runs/local_var_topk_021/cagrad_s3.json
saved curve -> /home/zhujjing/MOE-grad-conflict-routing/runs/paper_suite/single_gpu/single_task/roberta_rte_ffn_e4_k2/hpo/cagrad/trial_runs/local_var_topk_021/cagrad_s3_curve.csv
