[run] method=cagrad candidate=local_var_topk_009 seed=2 steps=150 gpu=0
[run] cmd=
/home/zhujjing/anaconda3/envs/moe/bin/python /home/zhujjing/MOE-grad-conflict-routing/scripts/run.py --config configs/singletask_rte_real.yaml --set model.backbone_backend=hf --set model.hf_load_pretrained=true --set model.backbone=roberta --set model.hf_pretrained_name=roberta-base --set model.expert_type=ffn --set model.routing_mode=topk --set model.num_experts=4 --set model.top_k=2 --set seed=2 --set method.name=baseline_cagrad --set train.steps=150 --set train.eval_every_steps=50 --set method.baseline_cagrad.c=0.2255019392 --set method.baseline_cagrad.inner_lr=0.01287865998 --set train.grad_clip=1.23610215 --set train.lr=2.5230559e-05 --set train.weight_decay=0 --out /home/zhujjing/MOE-grad-conflict-routing/runs/paper_suite/single_gpu/single_task/roberta_rte_ffn_e4_k2/hpo/cagrad/trial_runs/local_var_topk_009/cagrad_s2.json --curve_out /home/zhujjing/MOE-grad-conflict-routing/runs/paper_suite/single_gpu/single_task/roberta_rte_ffn_e4_k2/hpo/cagrad/trial_runs/local_var_topk_009/cagrad_s2_curve.csv
Using the latest cached version of the dataset since glue couldn't be found on the Hugging Face Hub (offline mode is enabled).
Found the latest cached dataset configuration 'rte' at /home/zhujjing/hf_cache/datasets/glue/rte/0.0.0/bcdcba79d07bc864c1c254ccfcedcce55bcc9a8c (last modified on Thu Mar 19 15:00:36 2026).
/home/zhujjing/anaconda3/envs/moe/lib/python3.10/site-packages/transformers/utils/hub.py:124: FutureWarning: Using `TRANSFORMERS_CACHE` is deprecated and will be removed in v5 of Transformers. Use `HF_HOME` instead.
  warnings.warn(
Some weights of RobertaModel were not initialized from the model checkpoint at roberta-base and are newly initialized: ['roberta.pooler.dense.bias', 'roberta.pooler.dense.weight']
You should probably TRAIN this model on a down-stream task to be able to use it for predictions and inference.
[step 0001/150] method=baseline_cagrad loss=0.6808 train_acc=nan train_loss=nan val_acc=nan val_loss=nan best=-1.0000
[step 0010/150] method=baseline_cagrad loss=0.7969 train_acc=nan train_loss=nan val_acc=nan val_loss=nan best=-1.0000
[step 0020/150] method=baseline_cagrad loss=0.6836 train_acc=nan train_loss=nan val_acc=nan val_loss=nan best=-1.0000
[step 0030/150] method=baseline_cagrad loss=0.7052 train_acc=nan train_loss=nan val_acc=nan val_loss=nan best=-1.0000
[step 0040/150] method=baseline_cagrad loss=0.7051 train_acc=nan train_loss=nan val_acc=nan val_loss=nan best=-1.0000
[step 0050/150] method=baseline_cagrad loss=0.5622 train_acc=0.5558 train_loss=0.6679 val_acc=0.5523 val_loss=0.6654 router_H=0.6220 best=0.5523
           router_load=[0.6424338221549988, 0.01419203169643879, 0.08815069496631622, 0.25522348284721375]
[step 0060/150] method=baseline_cagrad loss=0.6715 train_acc=0.5558 train_loss=0.6679 val_acc=0.5523 val_loss=0.6654 router_H=0.6220 best=0.5523
           router_load=[0.6424338221549988, 0.01419203169643879, 0.08815069496631622, 0.25522348284721375]
[step 0070/150] method=baseline_cagrad loss=0.6480 train_acc=0.5558 train_loss=0.6679 val_acc=0.5523 val_loss=0.6654 router_H=0.6220 best=0.5523
           router_load=[0.6424338221549988, 0.01419203169643879, 0.08815069496631622, 0.25522348284721375]
[step 0080/150] method=baseline_cagrad loss=0.5917 train_acc=0.5558 train_loss=0.6679 val_acc=0.5523 val_loss=0.6654 router_H=0.6220 best=0.5523
           router_load=[0.6424338221549988, 0.01419203169643879, 0.08815069496631622, 0.25522348284721375]
[step 0090/150] method=baseline_cagrad loss=0.5327 train_acc=0.5558 train_loss=0.6679 val_acc=0.5523 val_loss=0.6654 router_H=0.6220 best=0.5523
           router_load=[0.6424338221549988, 0.01419203169643879, 0.08815069496631622, 0.25522348284721375]
[step 0100/150] method=baseline_cagrad loss=0.5962 train_acc=0.7004 train_loss=0.6103 val_acc=0.6859 val_loss=0.6305 router_H=0.5698 best=0.6859
           router_load=[0.00019173577311448753, 0.0, 0.6625444889068604, 0.33726388216018677]
[step 0110/150] method=baseline_cagrad loss=0.6208 train_acc=0.7004 train_loss=0.6103 val_acc=0.6859 val_loss=0.6305 router_H=0.5698 best=0.6859
           router_load=[0.00019173577311448753, 0.0, 0.6625444889068604, 0.33726388216018677]
[step 0120/150] method=baseline_cagrad loss=0.5957 train_acc=0.7004 train_loss=0.6103 val_acc=0.6859 val_loss=0.6305 router_H=0.5698 best=0.6859
           router_load=[0.00019173577311448753, 0.0, 0.6625444889068604, 0.33726388216018677]
[step 0130/150] method=baseline_cagrad loss=0.5316 train_acc=0.7004 train_loss=0.6103 val_acc=0.6859 val_loss=0.6305 router_H=0.5698 best=0.6859
           router_load=[0.00019173577311448753, 0.0, 0.6625444889068604, 0.33726388216018677]
[step 0140/150] method=baseline_cagrad loss=0.6734 train_acc=0.7004 train_loss=0.6103 val_acc=0.6859 val_loss=0.6305 router_H=0.5698 best=0.6859
           router_load=[0.00019173577311448753, 0.0, 0.6625444889068604, 0.33726388216018677]
[step 0150/150] method=baseline_cagrad loss=0.6821 train_acc=0.7458 train_loss=0.5786 val_acc=0.6751 val_loss=0.6128 router_H=0.6196 best=0.6859
           router_load=[0.02926245704293251, 0.0, 0.5509626269340515, 0.4197749197483063]
saved summary -> /home/zhujjing/MOE-grad-conflict-routing/runs/paper_suite/single_gpu/single_task/roberta_rte_ffn_e4_k2/hpo/cagrad/trial_runs/local_var_topk_009/cagrad_s2.json
saved curve -> /home/zhujjing/MOE-grad-conflict-routing/runs/paper_suite/single_gpu/single_task/roberta_rte_ffn_e4_k2/hpo/cagrad/trial_runs/local_var_topk_009/cagrad_s2_curve.csv
