[run] method=cagrad candidate=local_var_topk_013 seed=2 steps=150 gpu=0
[run] cmd=
/home/zhujjing/anaconda3/envs/moe/bin/python /home/zhujjing/MOE-grad-conflict-routing/scripts/run.py --config configs/singletask_rte_real.yaml --set model.backbone_backend=hf --set model.hf_load_pretrained=true --set model.backbone=roberta --set model.hf_pretrained_name=roberta-base --set model.expert_type=ffn --set model.routing_mode=topk --set model.num_experts=4 --set model.top_k=2 --set seed=2 --set method.name=baseline_cagrad --set train.steps=150 --set train.eval_every_steps=50 --set method.baseline_cagrad.c=0.2255019392 --set method.baseline_cagrad.inner_lr=0.02575731996 --set train.grad_clip=1.23610215 --set train.lr=2.5230559e-05 --set train.weight_decay=0.000346546175 --out /home/zhujjing/MOE-grad-conflict-routing/runs/paper_suite/single_gpu/single_task/roberta_rte_ffn_e4_k2/hpo/cagrad/trial_runs/local_var_topk_013/cagrad_s2.json --curve_out /home/zhujjing/MOE-grad-conflict-routing/runs/paper_suite/single_gpu/single_task/roberta_rte_ffn_e4_k2/hpo/cagrad/trial_runs/local_var_topk_013/cagrad_s2_curve.csv
Using the latest cached version of the dataset since glue couldn't be found on the Hugging Face Hub (offline mode is enabled).
Found the latest cached dataset configuration 'rte' at /home/zhujjing/hf_cache/datasets/glue/rte/0.0.0/bcdcba79d07bc864c1c254ccfcedcce55bcc9a8c (last modified on Thu Mar 19 15:00:36 2026).
/home/zhujjing/anaconda3/envs/moe/lib/python3.10/site-packages/transformers/utils/hub.py:124: FutureWarning: Using `TRANSFORMERS_CACHE` is deprecated and will be removed in v5 of Transformers. Use `HF_HOME` instead.
  warnings.warn(
Some weights of RobertaModel were not initialized from the model checkpoint at roberta-base and are newly initialized: ['roberta.pooler.dense.bias', 'roberta.pooler.dense.weight']
You should probably TRAIN this model on a down-stream task to be able to use it for predictions and inference.
[step 0001/150] method=baseline_cagrad loss=0.6953 train_acc=nan train_loss=nan val_acc=nan val_loss=nan best=-1.0000
[step 0010/150] method=baseline_cagrad loss=0.7405 train_acc=nan train_loss=nan val_acc=nan val_loss=nan best=-1.0000
[step 0020/150] method=baseline_cagrad loss=0.6820 train_acc=nan train_loss=nan val_acc=nan val_loss=nan best=-1.0000
[step 0030/150] method=baseline_cagrad loss=0.6941 train_acc=nan train_loss=nan val_acc=nan val_loss=nan best=-1.0000
[step 0040/150] method=baseline_cagrad loss=0.6974 train_acc=nan train_loss=nan val_acc=nan val_loss=nan best=-1.0000
[step 0050/150] method=baseline_cagrad loss=0.6375 train_acc=0.5285 train_loss=0.6815 val_acc=0.5451 val_loss=0.6796 router_H=0.6577 best=0.5451
           router_load=[0.0065372115932404995, 0.2258101850748062, 0.6313573122024536, 0.13629531860351562]
[step 0060/150] method=baseline_cagrad loss=0.6520 train_acc=0.5285 train_loss=0.6815 val_acc=0.5451 val_loss=0.6796 router_H=0.6577 best=0.5451
           router_load=[0.0065372115932404995, 0.2258101850748062, 0.6313573122024536, 0.13629531860351562]
[step 0070/150] method=baseline_cagrad loss=0.6538 train_acc=0.5285 train_loss=0.6815 val_acc=0.5451 val_loss=0.6796 router_H=0.6577 best=0.5451
           router_load=[0.0065372115932404995, 0.2258101850748062, 0.6313573122024536, 0.13629531860351562]
[step 0080/150] method=baseline_cagrad loss=0.7025 train_acc=0.5285 train_loss=0.6815 val_acc=0.5451 val_loss=0.6796 router_H=0.6577 best=0.5451
           router_load=[0.0065372115932404995, 0.2258101850748062, 0.6313573122024536, 0.13629531860351562]
[step 0090/150] method=baseline_cagrad loss=0.8495 train_acc=0.5285 train_loss=0.6815 val_acc=0.5451 val_loss=0.6796 router_H=0.6577 best=0.5451
           router_load=[0.0065372115932404995, 0.2258101850748062, 0.6313573122024536, 0.13629531860351562]
[step 0100/150] method=baseline_cagrad loss=0.6598 train_acc=0.6169 train_loss=0.6475 val_acc=0.5776 val_loss=0.6979 router_H=0.6794 best=0.5776
           router_load=[0.0, 0.09065669029951096, 0.5623289346694946, 0.34701427817344666]
[step 0110/150] method=baseline_cagrad loss=0.6434 train_acc=0.6169 train_loss=0.6475 val_acc=0.5776 val_loss=0.6979 router_H=0.6794 best=0.5776
           router_load=[0.0, 0.09065669029951096, 0.5623289346694946, 0.34701427817344666]
[step 0120/150] method=baseline_cagrad loss=0.5256 train_acc=0.6169 train_loss=0.6475 val_acc=0.5776 val_loss=0.6979 router_H=0.6794 best=0.5776
           router_load=[0.0, 0.09065669029951096, 0.5623289346694946, 0.34701427817344666]
[step 0130/150] method=baseline_cagrad loss=0.6200 train_acc=0.6169 train_loss=0.6475 val_acc=0.5776 val_loss=0.6979 router_H=0.6794 best=0.5776
           router_load=[0.0, 0.09065669029951096, 0.5623289346694946, 0.34701427817344666]
[step 0140/150] method=baseline_cagrad loss=0.7320 train_acc=0.6169 train_loss=0.6475 val_acc=0.5776 val_loss=0.6979 router_H=0.6794 best=0.5776
           router_load=[0.0, 0.09065669029951096, 0.5623289346694946, 0.34701427817344666]
[step 0150/150] method=baseline_cagrad loss=0.6550 train_acc=0.6723 train_loss=0.6251 val_acc=0.6715 val_loss=0.6348 router_H=0.6772 best=0.6715
           router_load=[0.4598793685436249, 0.35784024000167847, 0.14347225427627563, 0.03880801424384117]
saved summary -> /home/zhujjing/MOE-grad-conflict-routing/runs/paper_suite/single_gpu/single_task/roberta_rte_ffn_e4_k2/hpo/cagrad/trial_runs/local_var_topk_013/cagrad_s2.json
saved curve -> /home/zhujjing/MOE-grad-conflict-routing/runs/paper_suite/single_gpu/single_task/roberta_rte_ffn_e4_k2/hpo/cagrad/trial_runs/local_var_topk_013/cagrad_s2_curve.csv
