[run] method=cagrad candidate=local_var_topk_008 seed=3 steps=150 gpu=0
[run] cmd=
/home/zhujjing/anaconda3/envs/moe/bin/python /home/zhujjing/MOE-grad-conflict-routing/scripts/run.py --config configs/singletask_rte_real.yaml --set model.backbone_backend=hf --set model.hf_load_pretrained=true --set model.backbone=roberta --set model.hf_pretrained_name=roberta-base --set model.expert_type=ffn --set model.routing_mode=topk --set model.num_experts=4 --set model.top_k=2 --set seed=3 --set method.name=baseline_cagrad --set train.steps=150 --set train.eval_every_steps=50 --set method.baseline_cagrad.c=0.2255019392 --set method.baseline_cagrad.inner_lr=0.05151463993 --set train.grad_clip=1.23610215 --set train.lr=1.2615279e-05 --set train.weight_decay=0.01034654618 --out /home/zhujjing/MOE-grad-conflict-routing/runs/paper_suite/single_gpu/single_task/roberta_rte_ffn_e4_k2/hpo/cagrad/trial_runs/local_var_topk_008/cagrad_s3.json --curve_out /home/zhujjing/MOE-grad-conflict-routing/runs/paper_suite/single_gpu/single_task/roberta_rte_ffn_e4_k2/hpo/cagrad/trial_runs/local_var_topk_008/cagrad_s3_curve.csv
Using the latest cached version of the dataset since glue couldn't be found on the Hugging Face Hub (offline mode is enabled).
Found the latest cached dataset configuration 'rte' at /home/zhujjing/hf_cache/datasets/glue/rte/0.0.0/bcdcba79d07bc864c1c254ccfcedcce55bcc9a8c (last modified on Thu Mar 19 15:00:36 2026).
/home/zhujjing/anaconda3/envs/moe/lib/python3.10/site-packages/transformers/utils/hub.py:124: FutureWarning: Using `TRANSFORMERS_CACHE` is deprecated and will be removed in v5 of Transformers. Use `HF_HOME` instead.
  warnings.warn(
Some weights of RobertaModel were not initialized from the model checkpoint at roberta-base and are newly initialized: ['roberta.pooler.dense.bias', 'roberta.pooler.dense.weight']
You should probably TRAIN this model on a down-stream task to be able to use it for predictions and inference.
[step 0001/150] method=baseline_cagrad loss=0.7015 train_acc=nan train_loss=nan val_acc=nan val_loss=nan best=-1.0000
[step 0010/150] method=baseline_cagrad loss=0.7021 train_acc=nan train_loss=nan val_acc=nan val_loss=nan best=-1.0000
[step 0020/150] method=baseline_cagrad loss=0.6858 train_acc=nan train_loss=nan val_acc=nan val_loss=nan best=-1.0000
[step 0030/150] method=baseline_cagrad loss=0.6819 train_acc=nan train_loss=nan val_acc=nan val_loss=nan best=-1.0000
[step 0040/150] method=baseline_cagrad loss=0.6940 train_acc=nan train_loss=nan val_acc=nan val_loss=nan best=-1.0000
[step 0050/150] method=baseline_cagrad loss=0.6956 train_acc=0.5783 train_loss=0.6871 val_acc=0.5560 val_loss=0.6911 router_H=0.6806 best=0.5560
           router_load=[0.07378500699996948, 0.5774646401405334, 0.0, 0.34875038266181946]
[step 0060/150] method=baseline_cagrad loss=0.6756 train_acc=0.5783 train_loss=0.6871 val_acc=0.5560 val_loss=0.6911 router_H=0.6806 best=0.5560
           router_load=[0.07378500699996948, 0.5774646401405334, 0.0, 0.34875038266181946]
[step 0070/150] method=baseline_cagrad loss=0.7045 train_acc=0.5783 train_loss=0.6871 val_acc=0.5560 val_loss=0.6911 router_H=0.6806 best=0.5560
           router_load=[0.07378500699996948, 0.5774646401405334, 0.0, 0.34875038266181946]
[step 0080/150] method=baseline_cagrad loss=0.6272 train_acc=0.5783 train_loss=0.6871 val_acc=0.5560 val_loss=0.6911 router_H=0.6806 best=0.5560
           router_load=[0.07378500699996948, 0.5774646401405334, 0.0, 0.34875038266181946]
[step 0090/150] method=baseline_cagrad loss=0.6292 train_acc=0.5783 train_loss=0.6871 val_acc=0.5560 val_loss=0.6911 router_H=0.6806 best=0.5560
           router_load=[0.07378500699996948, 0.5774646401405334, 0.0, 0.34875038266181946]
[step 0100/150] method=baseline_cagrad loss=0.6314 train_acc=0.6707 train_loss=0.6163 val_acc=0.6534 val_loss=0.6351 router_H=0.6438 best=0.6534
           router_load=[0.048775821924209595, 0.5995195508003235, 0.009596607647836208, 0.34210795164108276]
[step 0110/150] method=baseline_cagrad loss=0.6322 train_acc=0.6707 train_loss=0.6163 val_acc=0.6534 val_loss=0.6351 router_H=0.6438 best=0.6534
           router_load=[0.048775821924209595, 0.5995195508003235, 0.009596607647836208, 0.34210795164108276]
[step 0120/150] method=baseline_cagrad loss=0.6464 train_acc=0.6707 train_loss=0.6163 val_acc=0.6534 val_loss=0.6351 router_H=0.6438 best=0.6534
           router_load=[0.048775821924209595, 0.5995195508003235, 0.009596607647836208, 0.34210795164108276]
[step 0130/150] method=baseline_cagrad loss=0.7055 train_acc=0.6707 train_loss=0.6163 val_acc=0.6534 val_loss=0.6351 router_H=0.6438 best=0.6534
           router_load=[0.048775821924209595, 0.5995195508003235, 0.009596607647836208, 0.34210795164108276]
[step 0140/150] method=baseline_cagrad loss=0.6100 train_acc=0.6707 train_loss=0.6163 val_acc=0.6534 val_loss=0.6351 router_H=0.6438 best=0.6534
           router_load=[0.048775821924209595, 0.5995195508003235, 0.009596607647836208, 0.34210795164108276]
[step 0150/150] method=baseline_cagrad loss=0.6950 train_acc=0.7205 train_loss=0.5938 val_acc=0.6606 val_loss=0.6320 router_H=0.6252 best=0.6606
           router_load=[0.04041934758424759, 0.6657614707946777, 0.029259422793984413, 0.2645597755908966]
saved summary -> /home/zhujjing/MOE-grad-conflict-routing/runs/paper_suite/single_gpu/single_task/roberta_rte_ffn_e4_k2/hpo/cagrad/trial_runs/local_var_topk_008/cagrad_s3.json
saved curve -> /home/zhujjing/MOE-grad-conflict-routing/runs/paper_suite/single_gpu/single_task/roberta_rte_ffn_e4_k2/hpo/cagrad/trial_runs/local_var_topk_008/cagrad_s3_curve.csv
