[run] method=baseline candidate=coord_01_train_lr_024 seed=2 steps=150 gpu=0
[run] cmd=
/home/zhujjing/anaconda3/envs/moe/bin/python /home/zhujjing/MOE-grad-conflict-routing/scripts/run.py --config configs/singletask_mrpc_real.yaml --set model.backbone_backend=hf --set model.hf_load_pretrained=true --set model.backbone=roberta --set model.hf_pretrained_name=roberta-base --set model.expert_type=ffn --set model.routing_mode=topk --set model.num_experts=4 --set model.top_k=2 --set seed=2 --set method.name=baseline_avg --set train.steps=150 --set train.eval_every_steps=50 --set train.grad_clip=1 --set train.lr=0.000410266129 --set train.weight_decay=0.01 --out /home/zhujjing/MOE-grad-conflict-routing/runs/paper_suite/single_gpu/single_task/roberta_mrpc_ffn_e4_k2/hpo/baseline/trial_runs/coord_01_train_lr_024/baseline_s2.json --curve_out /home/zhujjing/MOE-grad-conflict-routing/runs/paper_suite/single_gpu/single_task/roberta_mrpc_ffn_e4_k2/hpo/baseline/trial_runs/coord_01_train_lr_024/baseline_s2_curve.csv
Using the latest cached version of the dataset since glue couldn't be found on the Hugging Face Hub (offline mode is enabled).
Found the latest cached dataset configuration 'mrpc' at /home/zhujjing/hf_cache/datasets/glue/mrpc/0.0.0/bcdcba79d07bc864c1c254ccfcedcce55bcc9a8c (last modified on Thu Mar 19 15:01:06 2026).
/home/zhujjing/anaconda3/envs/moe/lib/python3.10/site-packages/transformers/utils/hub.py:124: FutureWarning: Using `TRANSFORMERS_CACHE` is deprecated and will be removed in v5 of Transformers. Use `HF_HOME` instead.
  warnings.warn(
Some weights of RobertaModel were not initialized from the model checkpoint at roberta-base and are newly initialized: ['roberta.pooler.dense.bias', 'roberta.pooler.dense.weight']
You should probably TRAIN this model on a down-stream task to be able to use it for predictions and inference.
[step 0001/150] method=baseline_avg loss=0.6783 train_acc=nan train_loss=nan val_acc=nan val_loss=nan best=-1.0000
[step 0010/150] method=baseline_avg loss=0.8319 train_acc=nan train_loss=nan val_acc=nan val_loss=nan best=-1.0000
[step 0020/150] method=baseline_avg loss=0.7540 train_acc=nan train_loss=nan val_acc=nan val_loss=nan best=-1.0000
[step 0030/150] method=baseline_avg loss=0.6920 train_acc=nan train_loss=nan val_acc=nan val_loss=nan best=-1.0000
[step 0040/150] method=baseline_avg loss=0.7212 train_acc=nan train_loss=nan val_acc=nan val_loss=nan best=-1.0000
[step 0050/150] method=baseline_avg loss=0.5781 train_acc=0.6745 train_loss=0.6349 val_acc=0.6838 val_loss=0.6311 router_H=0.4835 best=0.6838
           router_load=[0.8118386268615723, 0.1881614774465561, 0.0, 0.0]
[step 0060/150] method=baseline_avg loss=0.8331 train_acc=0.6745 train_loss=0.6349 val_acc=0.6838 val_loss=0.6311 router_H=0.4835 best=0.6838
           router_load=[0.8118386268615723, 0.1881614774465561, 0.0, 0.0]
[step 0070/150] method=baseline_avg loss=0.5288 train_acc=0.6745 train_loss=0.6349 val_acc=0.6838 val_loss=0.6311 router_H=0.4835 best=0.6838
           router_load=[0.8118386268615723, 0.1881614774465561, 0.0, 0.0]
[step 0080/150] method=baseline_avg loss=0.7104 train_acc=0.6745 train_loss=0.6349 val_acc=0.6838 val_loss=0.6311 router_H=0.4835 best=0.6838
           router_load=[0.8118386268615723, 0.1881614774465561, 0.0, 0.0]
[step 0090/150] method=baseline_avg loss=0.5756 train_acc=0.6745 train_loss=0.6349 val_acc=0.6838 val_loss=0.6311 router_H=0.4835 best=0.6838
           router_load=[0.8118386268615723, 0.1881614774465561, 0.0, 0.0]
[step 0100/150] method=baseline_avg loss=0.6596 train_acc=0.6745 train_loss=0.6339 val_acc=0.6838 val_loss=0.6282 router_H=0.6912 best=0.6838
           router_load=[0.0, 0.0, 0.4685688018798828, 0.5314311981201172]
[step 0110/150] method=baseline_avg loss=0.5590 train_acc=0.6745 train_loss=0.6339 val_acc=0.6838 val_loss=0.6282 router_H=0.6912 best=0.6838
           router_load=[0.0, 0.0, 0.4685688018798828, 0.5314311981201172]
[step 0120/150] method=baseline_avg loss=0.5915 train_acc=0.6745 train_loss=0.6339 val_acc=0.6838 val_loss=0.6282 router_H=0.6912 best=0.6838
           router_load=[0.0, 0.0, 0.4685688018798828, 0.5314311981201172]
[step 0130/150] method=baseline_avg loss=0.6279 train_acc=0.6745 train_loss=0.6339 val_acc=0.6838 val_loss=0.6282 router_H=0.6912 best=0.6838
           router_load=[0.0, 0.0, 0.4685688018798828, 0.5314311981201172]
[step 0140/150] method=baseline_avg loss=0.7821 train_acc=0.6745 train_loss=0.6339 val_acc=0.6838 val_loss=0.6282 router_H=0.6912 best=0.6838
           router_load=[0.0, 0.0, 0.4685688018798828, 0.5314311981201172]
[step 0150/150] method=baseline_avg loss=0.6199 train_acc=0.6745 train_loss=0.6308 val_acc=0.6838 val_loss=0.6248 router_H=0.6495 best=0.6838
           router_load=[0.6465782523155212, 0.0, 0.35342147946357727, 0.0]
saved summary -> /home/zhujjing/MOE-grad-conflict-routing/runs/paper_suite/single_gpu/single_task/roberta_mrpc_ffn_e4_k2/hpo/baseline/trial_runs/coord_01_train_lr_024/baseline_s2.json
saved curve -> /home/zhujjing/MOE-grad-conflict-routing/runs/paper_suite/single_gpu/single_task/roberta_mrpc_ffn_e4_k2/hpo/baseline/trial_runs/coord_01_train_lr_024/baseline_s2_curve.csv
