[run] method=baseline candidate=coord_01_train_lr_011 seed=2 steps=150 gpu=0
[run] cmd=
/home/zhujjing/anaconda3/envs/moe/bin/python /home/zhujjing/MOE-grad-conflict-routing/scripts/run.py --config configs/singletask_mrpc_real.yaml --set model.backbone_backend=hf --set model.hf_load_pretrained=true --set model.backbone=roberta --set model.hf_pretrained_name=roberta-base --set model.expert_type=ffn --set model.routing_mode=topk --set model.num_experts=4 --set model.top_k=2 --set seed=2 --set method.name=baseline_avg --set train.steps=150 --set train.eval_every_steps=50 --set train.grad_clip=1 --set train.lr=3.842377498e-05 --set train.weight_decay=0.01 --out /home/zhujjing/MOE-grad-conflict-routing/runs/paper_suite/single_gpu/single_task/roberta_mrpc_ffn_e4_k2/hpo/baseline/trial_runs/coord_01_train_lr_011/baseline_s2.json --curve_out /home/zhujjing/MOE-grad-conflict-routing/runs/paper_suite/single_gpu/single_task/roberta_mrpc_ffn_e4_k2/hpo/baseline/trial_runs/coord_01_train_lr_011/baseline_s2_curve.csv
Using the latest cached version of the dataset since glue couldn't be found on the Hugging Face Hub (offline mode is enabled).
Found the latest cached dataset configuration 'mrpc' at /home/zhujjing/hf_cache/datasets/glue/mrpc/0.0.0/bcdcba79d07bc864c1c254ccfcedcce55bcc9a8c (last modified on Thu Mar 19 15:01:06 2026).
/home/zhujjing/anaconda3/envs/moe/lib/python3.10/site-packages/transformers/utils/hub.py:124: FutureWarning: Using `TRANSFORMERS_CACHE` is deprecated and will be removed in v5 of Transformers. Use `HF_HOME` instead.
  warnings.warn(
Some weights of RobertaModel were not initialized from the model checkpoint at roberta-base and are newly initialized: ['roberta.pooler.dense.bias', 'roberta.pooler.dense.weight']
You should probably TRAIN this model on a down-stream task to be able to use it for predictions and inference.
[step 0001/150] method=baseline_avg loss=0.6975 train_acc=nan train_loss=nan val_acc=nan val_loss=nan best=-1.0000
[step 0010/150] method=baseline_avg loss=0.6368 train_acc=nan train_loss=nan val_acc=nan val_loss=nan best=-1.0000
[step 0020/150] method=baseline_avg loss=0.6604 train_acc=nan train_loss=nan val_acc=nan val_loss=nan best=-1.0000
[step 0030/150] method=baseline_avg loss=0.7022 train_acc=nan train_loss=nan val_acc=nan val_loss=nan best=-1.0000
[step 0040/150] method=baseline_avg loss=0.5805 train_acc=nan train_loss=nan val_acc=nan val_loss=nan best=-1.0000
[step 0050/150] method=baseline_avg loss=0.5330 train_acc=0.6810 train_loss=0.5648 val_acc=0.6814 val_loss=0.5694 router_H=0.6471 best=0.6814
           router_load=[0.5712370872497559, 0.0, 0.3697037100791931, 0.05905906856060028]
[step 0060/150] method=baseline_avg loss=0.5993 train_acc=0.6810 train_loss=0.5648 val_acc=0.6814 val_loss=0.5694 router_H=0.6471 best=0.6814
           router_load=[0.5712370872497559, 0.0, 0.3697037100791931, 0.05905906856060028]
[step 0070/150] method=baseline_avg loss=0.4045 train_acc=0.6810 train_loss=0.5648 val_acc=0.6814 val_loss=0.5694 router_H=0.6471 best=0.6814
           router_load=[0.5712370872497559, 0.0, 0.3697037100791931, 0.05905906856060028]
[step 0080/150] method=baseline_avg loss=0.4510 train_acc=0.6810 train_loss=0.5648 val_acc=0.6814 val_loss=0.5694 router_H=0.6471 best=0.6814
           router_load=[0.5712370872497559, 0.0, 0.3697037100791931, 0.05905906856060028]
[step 0090/150] method=baseline_avg loss=0.3830 train_acc=0.6810 train_loss=0.5648 val_acc=0.6814 val_loss=0.5694 router_H=0.6471 best=0.6814
           router_load=[0.5712370872497559, 0.0, 0.3697037100791931, 0.05905906856060028]
[step 0100/150] method=baseline_avg loss=0.5109 train_acc=0.8004 train_loss=0.4742 val_acc=0.8137 val_loss=0.4714 router_H=0.6632 best=0.8137
           router_load=[0.5196881294250488, 0.0, 0.47317227721214294, 0.007139614317566156]
[step 0110/150] method=baseline_avg loss=0.5846 train_acc=0.8004 train_loss=0.4742 val_acc=0.8137 val_loss=0.4714 router_H=0.6632 best=0.8137
           router_load=[0.5196881294250488, 0.0, 0.47317227721214294, 0.007139614317566156]
[step 0120/150] method=baseline_avg loss=0.3157 train_acc=0.8004 train_loss=0.4742 val_acc=0.8137 val_loss=0.4714 router_H=0.6632 best=0.8137
           router_load=[0.5196881294250488, 0.0, 0.47317227721214294, 0.007139614317566156]
[step 0130/150] method=baseline_avg loss=0.6784 train_acc=0.8004 train_loss=0.4742 val_acc=0.8137 val_loss=0.4714 router_H=0.6632 best=0.8137
           router_load=[0.5196881294250488, 0.0, 0.47317227721214294, 0.007139614317566156]
[step 0140/150] method=baseline_avg loss=0.4399 train_acc=0.8004 train_loss=0.4742 val_acc=0.8137 val_loss=0.4714 router_H=0.6632 best=0.8137
           router_load=[0.5196881294250488, 0.0, 0.47317227721214294, 0.007139614317566156]
[step 0150/150] method=baseline_avg loss=0.7915 train_acc=0.8648 train_loss=0.3426 val_acc=0.8456 val_loss=0.3812 router_H=0.5698 best=0.8456
           router_load=[0.59560227394104, 0.0, 0.3294315040111542, 0.07496621459722519]
saved summary -> /home/zhujjing/MOE-grad-conflict-routing/runs/paper_suite/single_gpu/single_task/roberta_mrpc_ffn_e4_k2/hpo/baseline/trial_runs/coord_01_train_lr_011/baseline_s2.json
saved curve -> /home/zhujjing/MOE-grad-conflict-routing/runs/paper_suite/single_gpu/single_task/roberta_mrpc_ffn_e4_k2/hpo/baseline/trial_runs/coord_01_train_lr_011/baseline_s2_curve.csv
