[run] method=baseline candidate=coord_01_train_lr_006 seed=2 steps=150 gpu=0
[run] cmd=
/home/zhujjing/anaconda3/envs/moe/bin/python /home/zhujjing/MOE-grad-conflict-routing/scripts/run.py --config configs/singletask_mrpc_real.yaml --set model.backbone_backend=hf --set model.hf_load_pretrained=true --set model.backbone=roberta --set model.hf_pretrained_name=roberta-base --set model.expert_type=ffn --set model.routing_mode=topk --set model.num_experts=4 --set model.top_k=2 --set seed=2 --set method.name=baseline_avg --set train.steps=150 --set train.eval_every_steps=50 --set train.grad_clip=1 --set train.lr=9.047754224e-05 --set train.weight_decay=0.01 --out /home/zhujjing/MOE-grad-conflict-routing/runs/paper_suite/single_gpu/single_task/roberta_mrpc_ffn_e4_k2/hpo/baseline/trial_runs/coord_01_train_lr_006/baseline_s2.json --curve_out /home/zhujjing/MOE-grad-conflict-routing/runs/paper_suite/single_gpu/single_task/roberta_mrpc_ffn_e4_k2/hpo/baseline/trial_runs/coord_01_train_lr_006/baseline_s2_curve.csv
Using the latest cached version of the dataset since glue couldn't be found on the Hugging Face Hub (offline mode is enabled).
Found the latest cached dataset configuration 'mrpc' at /home/zhujjing/hf_cache/datasets/glue/mrpc/0.0.0/bcdcba79d07bc864c1c254ccfcedcce55bcc9a8c (last modified on Thu Mar 19 15:01:06 2026).
/home/zhujjing/anaconda3/envs/moe/lib/python3.10/site-packages/transformers/utils/hub.py:124: FutureWarning: Using `TRANSFORMERS_CACHE` is deprecated and will be removed in v5 of Transformers. Use `HF_HOME` instead.
  warnings.warn(
Some weights of RobertaModel were not initialized from the model checkpoint at roberta-base and are newly initialized: ['roberta.pooler.dense.bias', 'roberta.pooler.dense.weight']
You should probably TRAIN this model on a down-stream task to be able to use it for predictions and inference.
[step 0001/150] method=baseline_avg loss=0.7069 train_acc=nan train_loss=nan val_acc=nan val_loss=nan best=-1.0000
[step 0010/150] method=baseline_avg loss=0.7292 train_acc=nan train_loss=nan val_acc=nan val_loss=nan best=-1.0000
[step 0020/150] method=baseline_avg loss=0.6354 train_acc=nan train_loss=nan val_acc=nan val_loss=nan best=-1.0000
[step 0030/150] method=baseline_avg loss=0.6579 train_acc=nan train_loss=nan val_acc=nan val_loss=nan best=-1.0000
[step 0040/150] method=baseline_avg loss=0.6032 train_acc=nan train_loss=nan val_acc=nan val_loss=nan best=-1.0000
[step 0050/150] method=baseline_avg loss=0.5257 train_acc=0.6745 train_loss=0.5871 val_acc=0.6838 val_loss=0.5863 router_H=0.6479 best=0.6838
           router_load=[0.09553603827953339, 0.0, 0.6350182294845581, 0.26944583654403687]
[step 0060/150] method=baseline_avg loss=0.6579 train_acc=0.6745 train_loss=0.5871 val_acc=0.6838 val_loss=0.5863 router_H=0.6479 best=0.6838
           router_load=[0.09553603827953339, 0.0, 0.6350182294845581, 0.26944583654403687]
[step 0070/150] method=baseline_avg loss=0.4668 train_acc=0.6745 train_loss=0.5871 val_acc=0.6838 val_loss=0.5863 router_H=0.6479 best=0.6838
           router_load=[0.09553603827953339, 0.0, 0.6350182294845581, 0.26944583654403687]
[step 0080/150] method=baseline_avg loss=0.5523 train_acc=0.6745 train_loss=0.5871 val_acc=0.6838 val_loss=0.5863 router_H=0.6479 best=0.6838
           router_load=[0.09553603827953339, 0.0, 0.6350182294845581, 0.26944583654403687]
[step 0090/150] method=baseline_avg loss=0.4723 train_acc=0.6745 train_loss=0.5871 val_acc=0.6838 val_loss=0.5863 router_H=0.6479 best=0.6838
           router_load=[0.09553603827953339, 0.0, 0.6350182294845581, 0.26944583654403687]
[step 0100/150] method=baseline_avg loss=0.4335 train_acc=0.7789 train_loss=0.4445 val_acc=0.7868 val_loss=0.4526 router_H=0.4961 best=0.7868
           router_load=[0.1792045533657074, 0.0, 0.771558940410614, 0.04923658445477486]
[step 0110/150] method=baseline_avg loss=0.8016 train_acc=0.7789 train_loss=0.4445 val_acc=0.7868 val_loss=0.4526 router_H=0.4961 best=0.7868
           router_load=[0.1792045533657074, 0.0, 0.771558940410614, 0.04923658445477486]
[step 0120/150] method=baseline_avg loss=0.2610 train_acc=0.7789 train_loss=0.4445 val_acc=0.7868 val_loss=0.4526 router_H=0.4961 best=0.7868
           router_load=[0.1792045533657074, 0.0, 0.771558940410614, 0.04923658445477486]
[step 0130/150] method=baseline_avg loss=0.6196 train_acc=0.7789 train_loss=0.4445 val_acc=0.7868 val_loss=0.4526 router_H=0.4961 best=0.7868
           router_load=[0.1792045533657074, 0.0, 0.771558940410614, 0.04923658445477486]
[step 0140/150] method=baseline_avg loss=0.4704 train_acc=0.7789 train_loss=0.4445 val_acc=0.7868 val_loss=0.4526 router_H=0.4961 best=0.7868
           router_load=[0.1792045533657074, 0.0, 0.771558940410614, 0.04923658445477486]
[step 0150/150] method=baseline_avg loss=0.7331 train_acc=0.8323 train_loss=0.4030 val_acc=0.8088 val_loss=0.4471 router_H=0.5629 best=0.8088
           router_load=[0.14099808037281036, 0.0, 0.7192257046699524, 0.13977622985839844]
saved summary -> /home/zhujjing/MOE-grad-conflict-routing/runs/paper_suite/single_gpu/single_task/roberta_mrpc_ffn_e4_k2/hpo/baseline/trial_runs/coord_01_train_lr_006/baseline_s2.json
saved curve -> /home/zhujjing/MOE-grad-conflict-routing/runs/paper_suite/single_gpu/single_task/roberta_mrpc_ffn_e4_k2/hpo/baseline/trial_runs/coord_01_train_lr_006/baseline_s2_curve.csv
