[run] method=baseline candidate=coord_01_anchor seed=2 steps=150 gpu=0
[run] cmd=
/home/zhujjing/anaconda3/envs/moe/bin/python /home/zhujjing/MOE-grad-conflict-routing/scripts/run.py --config configs/singletask_mrpc_real.yaml --set model.backbone_backend=hf --set model.hf_load_pretrained=true --set model.backbone=roberta --set model.hf_pretrained_name=roberta-base --set model.expert_type=ffn --set model.routing_mode=topk --set model.num_experts=4 --set model.top_k=2 --set seed=2 --set method.name=baseline_avg --set train.steps=150 --set train.eval_every_steps=50 --set train.grad_clip=1 --set train.lr=2e-05 --set train.weight_decay=0.01 --out /home/zhujjing/MOE-grad-conflict-routing/runs/paper_suite/single_gpu/single_task/roberta_mrpc_ffn_e4_k2/hpo/baseline/trial_runs/coord_01_anchor/baseline_s2.json --curve_out /home/zhujjing/MOE-grad-conflict-routing/runs/paper_suite/single_gpu/single_task/roberta_mrpc_ffn_e4_k2/hpo/baseline/trial_runs/coord_01_anchor/baseline_s2_curve.csv
Using the latest cached version of the dataset since glue couldn't be found on the Hugging Face Hub (offline mode is enabled).
Found the latest cached dataset configuration 'mrpc' at /home/zhujjing/hf_cache/datasets/glue/mrpc/0.0.0/bcdcba79d07bc864c1c254ccfcedcce55bcc9a8c (last modified on Thu Mar 19 15:01:06 2026).
/home/zhujjing/anaconda3/envs/moe/lib/python3.10/site-packages/transformers/utils/hub.py:124: FutureWarning: Using `TRANSFORMERS_CACHE` is deprecated and will be removed in v5 of Transformers. Use `HF_HOME` instead.
  warnings.warn(
Some weights of RobertaModel were not initialized from the model checkpoint at roberta-base and are newly initialized: ['roberta.pooler.dense.bias', 'roberta.pooler.dense.weight']
You should probably TRAIN this model on a down-stream task to be able to use it for predictions and inference.
[step 0001/150] method=baseline_avg loss=0.7015 train_acc=nan train_loss=nan val_acc=nan val_loss=nan best=-1.0000
[step 0010/150] method=baseline_avg loss=0.6541 train_acc=nan train_loss=nan val_acc=nan val_loss=nan best=-1.0000
[step 0020/150] method=baseline_avg loss=0.6764 train_acc=nan train_loss=nan val_acc=nan val_loss=nan best=-1.0000
[step 0030/150] method=baseline_avg loss=0.7423 train_acc=nan train_loss=nan val_acc=nan val_loss=nan best=-1.0000
[step 0040/150] method=baseline_avg loss=0.6283 train_acc=nan train_loss=nan val_acc=nan val_loss=nan best=-1.0000
[step 0050/150] method=baseline_avg loss=0.5452 train_acc=0.7001 train_loss=0.5786 val_acc=0.7059 val_loss=0.5768 router_H=0.5505 best=0.7059
           router_load=[0.23308688402175903, 0.0, 0.7552067041397095, 0.011706373654305935]
[step 0060/150] method=baseline_avg loss=0.6294 train_acc=0.7001 train_loss=0.5786 val_acc=0.7059 val_loss=0.5768 router_H=0.5505 best=0.7059
           router_load=[0.23308688402175903, 0.0, 0.7552067041397095, 0.011706373654305935]
[step 0070/150] method=baseline_avg loss=0.4100 train_acc=0.7001 train_loss=0.5786 val_acc=0.7059 val_loss=0.5768 router_H=0.5505 best=0.7059
           router_load=[0.23308688402175903, 0.0, 0.7552067041397095, 0.011706373654305935]
[step 0080/150] method=baseline_avg loss=0.4859 train_acc=0.7001 train_loss=0.5786 val_acc=0.7059 val_loss=0.5768 router_H=0.5505 best=0.7059
           router_load=[0.23308688402175903, 0.0, 0.7552067041397095, 0.011706373654305935]
[step 0090/150] method=baseline_avg loss=0.4491 train_acc=0.7001 train_loss=0.5786 val_acc=0.7059 val_loss=0.5768 router_H=0.5505 best=0.7059
           router_load=[0.23308688402175903, 0.0, 0.7552067041397095, 0.011706373654305935]
[step 0100/150] method=baseline_avg loss=0.4472 train_acc=0.8138 train_loss=0.4118 val_acc=0.7990 val_loss=0.4158 router_H=0.6145 best=0.7990
           router_load=[0.19481505453586578, 0.0020251732785254717, 0.6923112273216248, 0.11084838211536407]
[step 0110/150] method=baseline_avg loss=0.7868 train_acc=0.8138 train_loss=0.4118 val_acc=0.7990 val_loss=0.4158 router_H=0.6145 best=0.7990
           router_load=[0.19481505453586578, 0.0020251732785254717, 0.6923112273216248, 0.11084838211536407]
[step 0120/150] method=baseline_avg loss=0.2951 train_acc=0.8138 train_loss=0.4118 val_acc=0.7990 val_loss=0.4158 router_H=0.6145 best=0.7990
           router_load=[0.19481505453586578, 0.0020251732785254717, 0.6923112273216248, 0.11084838211536407]
[step 0130/150] method=baseline_avg loss=0.5047 train_acc=0.8138 train_loss=0.4118 val_acc=0.7990 val_loss=0.4158 router_H=0.6145 best=0.7990
           router_load=[0.19481505453586578, 0.0020251732785254717, 0.6923112273216248, 0.11084838211536407]
[step 0140/150] method=baseline_avg loss=0.3173 train_acc=0.8138 train_loss=0.4118 val_acc=0.7990 val_loss=0.4158 router_H=0.6145 best=0.7990
           router_load=[0.19481505453586578, 0.0020251732785254717, 0.6923112273216248, 0.11084838211536407]
[step 0150/150] method=baseline_avg loss=0.6574 train_acc=0.8585 train_loss=0.3631 val_acc=0.8750 val_loss=0.3741 router_H=0.5323 best=0.8750
           router_load=[0.16439281404018402, 0.009205281734466553, 0.7702484130859375, 0.05615338683128357]
saved summary -> /home/zhujjing/MOE-grad-conflict-routing/runs/paper_suite/single_gpu/single_task/roberta_mrpc_ffn_e4_k2/hpo/baseline/trial_runs/coord_01_anchor/baseline_s2.json
saved curve -> /home/zhujjing/MOE-grad-conflict-routing/runs/paper_suite/single_gpu/single_task/roberta_mrpc_ffn_e4_k2/hpo/baseline/trial_runs/coord_01_anchor/baseline_s2_curve.csv
