[run] method=baseline candidate=coord_01_train_lr_022 seed=2 steps=150 gpu=0
[run] cmd=
/home/zhujjing/anaconda3/envs/moe/bin/python /home/zhujjing/MOE-grad-conflict-routing/scripts/run.py --config configs/singletask_mrpc_real.yaml --set model.backbone_backend=hf --set model.hf_load_pretrained=true --set model.backbone=roberta --set model.hf_pretrained_name=roberta-base --set model.expert_type=ffn --set model.routing_mode=topk --set model.num_experts=4 --set model.top_k=2 --set seed=2 --set method.name=baseline_avg --set train.steps=150 --set train.eval_every_steps=50 --set train.grad_clip=1 --set train.lr=3.717574237e-06 --set train.weight_decay=0.01 --out /home/zhujjing/MOE-grad-conflict-routing/runs/paper_suite/single_gpu/single_task/roberta_mrpc_ffn_e4_k2/hpo/baseline/trial_runs/coord_01_train_lr_022/baseline_s2.json --curve_out /home/zhujjing/MOE-grad-conflict-routing/runs/paper_suite/single_gpu/single_task/roberta_mrpc_ffn_e4_k2/hpo/baseline/trial_runs/coord_01_train_lr_022/baseline_s2_curve.csv
Using the latest cached version of the dataset since glue couldn't be found on the Hugging Face Hub (offline mode is enabled).
Found the latest cached dataset configuration 'mrpc' at /home/zhujjing/hf_cache/datasets/glue/mrpc/0.0.0/bcdcba79d07bc864c1c254ccfcedcce55bcc9a8c (last modified on Thu Mar 19 15:01:06 2026).
/home/zhujjing/anaconda3/envs/moe/lib/python3.10/site-packages/transformers/utils/hub.py:124: FutureWarning: Using `TRANSFORMERS_CACHE` is deprecated and will be removed in v5 of Transformers. Use `HF_HOME` instead.
  warnings.warn(
Some weights of RobertaModel were not initialized from the model checkpoint at roberta-base and are newly initialized: ['roberta.pooler.dense.bias', 'roberta.pooler.dense.weight']
You should probably TRAIN this model on a down-stream task to be able to use it for predictions and inference.
[step 0001/150] method=baseline_avg loss=0.6884 train_acc=nan train_loss=nan val_acc=nan val_loss=nan best=-1.0000
[step 0010/150] method=baseline_avg loss=0.6660 train_acc=nan train_loss=nan val_acc=nan val_loss=nan best=-1.0000
[step 0020/150] method=baseline_avg loss=0.6940 train_acc=nan train_loss=nan val_acc=nan val_loss=nan best=-1.0000
[step 0030/150] method=baseline_avg loss=0.6921 train_acc=nan train_loss=nan val_acc=nan val_loss=nan best=-1.0000
[step 0040/150] method=baseline_avg loss=0.6751 train_acc=nan train_loss=nan val_acc=nan val_loss=nan best=-1.0000
[step 0050/150] method=baseline_avg loss=0.5224 train_acc=0.6745 train_loss=0.5857 val_acc=0.6838 val_loss=0.5857 router_H=0.6760 best=0.6838
           router_load=[0.3441489040851593, 0.07489614188671112, 0.0, 0.5809550285339355]
[step 0060/150] method=baseline_avg loss=0.6318 train_acc=0.6745 train_loss=0.5857 val_acc=0.6838 val_loss=0.5857 router_H=0.6760 best=0.6838
           router_load=[0.3441489040851593, 0.07489614188671112, 0.0, 0.5809550285339355]
[step 0070/150] method=baseline_avg loss=0.4601 train_acc=0.6745 train_loss=0.5857 val_acc=0.6838 val_loss=0.5857 router_H=0.6760 best=0.6838
           router_load=[0.3441489040851593, 0.07489614188671112, 0.0, 0.5809550285339355]
[step 0080/150] method=baseline_avg loss=0.5895 train_acc=0.6745 train_loss=0.5857 val_acc=0.6838 val_loss=0.5857 router_H=0.6760 best=0.6838
           router_load=[0.3441489040851593, 0.07489614188671112, 0.0, 0.5809550285339355]
[step 0090/150] method=baseline_avg loss=0.4957 train_acc=0.6745 train_loss=0.5857 val_acc=0.6838 val_loss=0.5857 router_H=0.6760 best=0.6838
           router_load=[0.3441489040851593, 0.07489614188671112, 0.0, 0.5809550285339355]
[step 0100/150] method=baseline_avg loss=0.5920 train_acc=0.6745 train_loss=0.5431 val_acc=0.6838 val_loss=0.5349 router_H=0.5770 best=0.6838
           router_load=[0.22454531490802765, 0.04522410407662392, 0.009801315143704414, 0.7204291224479675]
[step 0110/150] method=baseline_avg loss=0.6248 train_acc=0.6745 train_loss=0.5431 val_acc=0.6838 val_loss=0.5349 router_H=0.5770 best=0.6838
           router_load=[0.22454531490802765, 0.04522410407662392, 0.009801315143704414, 0.7204291224479675]
[step 0120/150] method=baseline_avg loss=0.4571 train_acc=0.6745 train_loss=0.5431 val_acc=0.6838 val_loss=0.5349 router_H=0.5770 best=0.6838
           router_load=[0.22454531490802765, 0.04522410407662392, 0.009801315143704414, 0.7204291224479675]
[step 0130/150] method=baseline_avg loss=0.5854 train_acc=0.6745 train_loss=0.5431 val_acc=0.6838 val_loss=0.5349 router_H=0.5770 best=0.6838
           router_load=[0.22454531490802765, 0.04522410407662392, 0.009801315143704414, 0.7204291224479675]
[step 0140/150] method=baseline_avg loss=0.5262 train_acc=0.6745 train_loss=0.5431 val_acc=0.6838 val_loss=0.5349 router_H=0.5770 best=0.6838
           router_load=[0.22454531490802765, 0.04522410407662392, 0.009801315143704414, 0.7204291224479675]
[step 0150/150] method=baseline_avg loss=0.5927 train_acc=0.6745 train_loss=0.5142 val_acc=0.6838 val_loss=0.5168 router_H=0.4870 best=0.6838
           router_load=[0.17196132242679596, 0.018321910873055458, 0.021559597924351692, 0.788157045841217]
saved summary -> /home/zhujjing/MOE-grad-conflict-routing/runs/paper_suite/single_gpu/single_task/roberta_mrpc_ffn_e4_k2/hpo/baseline/trial_runs/coord_01_train_lr_022/baseline_s2.json
saved curve -> /home/zhujjing/MOE-grad-conflict-routing/runs/paper_suite/single_gpu/single_task/roberta_mrpc_ffn_e4_k2/hpo/baseline/trial_runs/coord_01_train_lr_022/baseline_s2_curve.csv
