[run] method=baseline candidate=coord_01_train_lr_003 seed=2 steps=150 gpu=0
[run] cmd=
/home/zhujjing/anaconda3/envs/moe/bin/python /home/zhujjing/MOE-grad-conflict-routing/scripts/run.py --config configs/singletask_mrpc_real.yaml --set model.backbone_backend=hf --set model.hf_load_pretrained=true --set model.backbone=roberta --set model.hf_pretrained_name=roberta-base --set model.expert_type=ffn --set model.routing_mode=topk --set model.num_experts=4 --set model.top_k=2 --set seed=2 --set method.name=baseline_avg --set train.steps=150 --set train.eval_every_steps=50 --set train.grad_clip=1 --set train.lr=6.110024421e-06 --set train.weight_decay=0.01 --out /home/zhujjing/MOE-grad-conflict-routing/runs/paper_suite/single_gpu/single_task/roberta_mrpc_ffn_e4_k2/hpo/baseline/trial_runs/coord_01_train_lr_003/baseline_s2.json --curve_out /home/zhujjing/MOE-grad-conflict-routing/runs/paper_suite/single_gpu/single_task/roberta_mrpc_ffn_e4_k2/hpo/baseline/trial_runs/coord_01_train_lr_003/baseline_s2_curve.csv
Using the latest cached version of the dataset since glue couldn't be found on the Hugging Face Hub (offline mode is enabled).
Found the latest cached dataset configuration 'mrpc' at /home/zhujjing/hf_cache/datasets/glue/mrpc/0.0.0/bcdcba79d07bc864c1c254ccfcedcce55bcc9a8c (last modified on Thu Mar 19 15:01:06 2026).
/home/zhujjing/anaconda3/envs/moe/lib/python3.10/site-packages/transformers/utils/hub.py:124: FutureWarning: Using `TRANSFORMERS_CACHE` is deprecated and will be removed in v5 of Transformers. Use `HF_HOME` instead.
  warnings.warn(
Some weights of RobertaModel were not initialized from the model checkpoint at roberta-base and are newly initialized: ['roberta.pooler.dense.bias', 'roberta.pooler.dense.weight']
You should probably TRAIN this model on a down-stream task to be able to use it for predictions and inference.
[step 0001/150] method=baseline_avg loss=0.6796 train_acc=nan train_loss=nan val_acc=nan val_loss=nan best=-1.0000
[step 0010/150] method=baseline_avg loss=0.6523 train_acc=nan train_loss=nan val_acc=nan val_loss=nan best=-1.0000
[step 0020/150] method=baseline_avg loss=0.7110 train_acc=nan train_loss=nan val_acc=nan val_loss=nan best=-1.0000
[step 0030/150] method=baseline_avg loss=0.7107 train_acc=nan train_loss=nan val_acc=nan val_loss=nan best=-1.0000
[step 0040/150] method=baseline_avg loss=0.6525 train_acc=nan train_loss=nan val_acc=nan val_loss=nan best=-1.0000
[step 0050/150] method=baseline_avg loss=0.4945 train_acc=0.6745 train_loss=0.5764 val_acc=0.6838 val_loss=0.5758 router_H=0.5525 best=0.6838
           router_load=[0.014804866164922714, 0.7418052554130554, 0.2433897852897644, 0.0]
[step 0060/150] method=baseline_avg loss=0.6404 train_acc=0.6745 train_loss=0.5764 val_acc=0.6838 val_loss=0.5758 router_H=0.5525 best=0.6838
           router_load=[0.014804866164922714, 0.7418052554130554, 0.2433897852897644, 0.0]
[step 0070/150] method=baseline_avg loss=0.4399 train_acc=0.6745 train_loss=0.5764 val_acc=0.6838 val_loss=0.5758 router_H=0.5525 best=0.6838
           router_load=[0.014804866164922714, 0.7418052554130554, 0.2433897852897644, 0.0]
[step 0080/150] method=baseline_avg loss=0.5599 train_acc=0.6745 train_loss=0.5764 val_acc=0.6838 val_loss=0.5758 router_H=0.5525 best=0.6838
           router_load=[0.014804866164922714, 0.7418052554130554, 0.2433897852897644, 0.0]
[step 0090/150] method=baseline_avg loss=0.4904 train_acc=0.6745 train_loss=0.5764 val_acc=0.6838 val_loss=0.5758 router_H=0.5525 best=0.6838
           router_load=[0.014804866164922714, 0.7418052554130554, 0.2433897852897644, 0.0]
[step 0100/150] method=baseline_avg loss=0.6615 train_acc=0.6974 train_loss=0.4894 val_acc=0.6985 val_loss=0.4890 router_H=0.4901 best=0.6985
           router_load=[0.030699806287884712, 0.760173499584198, 0.19795989990234375, 0.011166947893798351]
[step 0110/150] method=baseline_avg loss=0.5907 train_acc=0.6974 train_loss=0.4894 val_acc=0.6985 val_loss=0.4890 router_H=0.4901 best=0.6985
           router_load=[0.030699806287884712, 0.760173499584198, 0.19795989990234375, 0.011166947893798351]
[step 0120/150] method=baseline_avg loss=0.3478 train_acc=0.6974 train_loss=0.4894 val_acc=0.6985 val_loss=0.4890 router_H=0.4901 best=0.6985
           router_load=[0.030699806287884712, 0.760173499584198, 0.19795989990234375, 0.011166947893798351]
[step 0130/150] method=baseline_avg loss=0.5666 train_acc=0.6974 train_loss=0.4894 val_acc=0.6985 val_loss=0.4890 router_H=0.4901 best=0.6985
           router_load=[0.030699806287884712, 0.760173499584198, 0.19795989990234375, 0.011166947893798351]
[step 0140/150] method=baseline_avg loss=0.4003 train_acc=0.6974 train_loss=0.4894 val_acc=0.6985 val_loss=0.4890 router_H=0.4901 best=0.6985
           router_load=[0.030699806287884712, 0.760173499584198, 0.19795989990234375, 0.011166947893798351]
[step 0150/150] method=baseline_avg loss=0.6015 train_acc=0.7699 train_loss=0.4385 val_acc=0.7721 val_loss=0.4426 router_H=0.4703 best=0.7721
           router_load=[0.02637416310608387, 0.741782546043396, 0.21669410169124603, 0.015149069018661976]
saved summary -> /home/zhujjing/MOE-grad-conflict-routing/runs/paper_suite/single_gpu/single_task/roberta_mrpc_ffn_e4_k2/hpo/baseline/trial_runs/coord_01_train_lr_003/baseline_s2.json
saved curve -> /home/zhujjing/MOE-grad-conflict-routing/runs/paper_suite/single_gpu/single_task/roberta_mrpc_ffn_e4_k2/hpo/baseline/trial_runs/coord_01_train_lr_003/baseline_s2_curve.csv
