[run] method=baseline candidate=coord_01_train_lr_003 seed=3 steps=150 gpu=0
[run] cmd=
/home/zhujjing/anaconda3/envs/moe/bin/python /home/zhujjing/MOE-grad-conflict-routing/scripts/run.py --config configs/singletask_mrpc_real.yaml --set model.backbone_backend=hf --set model.hf_load_pretrained=true --set model.backbone=roberta --set model.hf_pretrained_name=roberta-base --set model.expert_type=ffn --set model.routing_mode=topk --set model.num_experts=4 --set model.top_k=2 --set seed=3 --set method.name=baseline_avg --set train.steps=150 --set train.eval_every_steps=50 --set train.grad_clip=1 --set train.lr=6.110024421e-06 --set train.weight_decay=0.01 --out /home/zhujjing/MOE-grad-conflict-routing/runs/paper_suite/single_gpu/single_task/roberta_mrpc_ffn_e4_k2/hpo/baseline/trial_runs/coord_01_train_lr_003/baseline_s3.json --curve_out /home/zhujjing/MOE-grad-conflict-routing/runs/paper_suite/single_gpu/single_task/roberta_mrpc_ffn_e4_k2/hpo/baseline/trial_runs/coord_01_train_lr_003/baseline_s3_curve.csv
Using the latest cached version of the dataset since glue couldn't be found on the Hugging Face Hub (offline mode is enabled).
Found the latest cached dataset configuration 'mrpc' at /home/zhujjing/hf_cache/datasets/glue/mrpc/0.0.0/bcdcba79d07bc864c1c254ccfcedcce55bcc9a8c (last modified on Thu Mar 19 15:01:06 2026).
/home/zhujjing/anaconda3/envs/moe/lib/python3.10/site-packages/transformers/utils/hub.py:124: FutureWarning: Using `TRANSFORMERS_CACHE` is deprecated and will be removed in v5 of Transformers. Use `HF_HOME` instead.
  warnings.warn(
Some weights of RobertaModel were not initialized from the model checkpoint at roberta-base and are newly initialized: ['roberta.pooler.dense.bias', 'roberta.pooler.dense.weight']
You should probably TRAIN this model on a down-stream task to be able to use it for predictions and inference.
[step 0001/150] method=baseline_avg loss=0.6894 train_acc=nan train_loss=nan val_acc=nan val_loss=nan best=-1.0000
[step 0010/150] method=baseline_avg loss=0.6679 train_acc=nan train_loss=nan val_acc=nan val_loss=nan best=-1.0000
[step 0020/150] method=baseline_avg loss=0.7016 train_acc=nan train_loss=nan val_acc=nan val_loss=nan best=-1.0000
[step 0030/150] method=baseline_avg loss=0.5617 train_acc=nan train_loss=nan val_acc=nan val_loss=nan best=-1.0000
[step 0040/150] method=baseline_avg loss=0.7205 train_acc=nan train_loss=nan val_acc=nan val_loss=nan best=-1.0000
[step 0050/150] method=baseline_avg loss=0.5259 train_acc=0.6745 train_loss=0.5759 val_acc=0.6838 val_loss=0.5703 router_H=0.5900 best=0.6838
           router_load=[0.2842710614204407, 0.7091739177703857, 0.004433336667716503, 0.0021217039320617914]
[step 0060/150] method=baseline_avg loss=0.6308 train_acc=0.6745 train_loss=0.5759 val_acc=0.6838 val_loss=0.5703 router_H=0.5900 best=0.6838
           router_load=[0.2842710614204407, 0.7091739177703857, 0.004433336667716503, 0.0021217039320617914]
[step 0070/150] method=baseline_avg loss=0.5084 train_acc=0.6745 train_loss=0.5759 val_acc=0.6838 val_loss=0.5703 router_H=0.5900 best=0.6838
           router_load=[0.2842710614204407, 0.7091739177703857, 0.004433336667716503, 0.0021217039320617914]
[step 0080/150] method=baseline_avg loss=0.7052 train_acc=0.6745 train_loss=0.5759 val_acc=0.6838 val_loss=0.5703 router_H=0.5900 best=0.6838
           router_load=[0.2842710614204407, 0.7091739177703857, 0.004433336667716503, 0.0021217039320617914]
[step 0090/150] method=baseline_avg loss=0.6174 train_acc=0.6745 train_loss=0.5759 val_acc=0.6838 val_loss=0.5703 router_H=0.5900 best=0.6838
           router_load=[0.2842710614204407, 0.7091739177703857, 0.004433336667716503, 0.0021217039320617914]
[step 0100/150] method=baseline_avg loss=0.6284 train_acc=0.6748 train_loss=0.5182 val_acc=0.6838 val_loss=0.5173 router_H=0.4372 best=0.6838
           router_load=[0.16568909585475922, 0.8158340454101562, 0.015871673822402954, 0.0026050577871501446]
[step 0110/150] method=baseline_avg loss=0.4758 train_acc=0.6748 train_loss=0.5182 val_acc=0.6838 val_loss=0.5173 router_H=0.4372 best=0.6838
           router_load=[0.16568909585475922, 0.8158340454101562, 0.015871673822402954, 0.0026050577871501446]
[step 0120/150] method=baseline_avg loss=0.4867 train_acc=0.6748 train_loss=0.5182 val_acc=0.6838 val_loss=0.5173 router_H=0.4372 best=0.6838
           router_load=[0.16568909585475922, 0.8158340454101562, 0.015871673822402954, 0.0026050577871501446]
[step 0130/150] method=baseline_avg loss=0.4550 train_acc=0.6748 train_loss=0.5182 val_acc=0.6838 val_loss=0.5173 router_H=0.4372 best=0.6838
           router_load=[0.16568909585475922, 0.8158340454101562, 0.015871673822402954, 0.0026050577871501446]
[step 0140/150] method=baseline_avg loss=0.4767 train_acc=0.6748 train_loss=0.5182 val_acc=0.6838 val_loss=0.5173 router_H=0.4372 best=0.6838
           router_load=[0.16568909585475922, 0.8158340454101562, 0.015871673822402954, 0.0026050577871501446]
[step 0150/150] method=baseline_avg loss=0.4636 train_acc=0.7407 train_loss=0.4326 val_acc=0.7328 val_loss=0.4354 router_H=0.4586 best=0.7328
           router_load=[0.20431379973888397, 0.7803184390068054, 0.011652631685137749, 0.003715120954439044]
saved summary -> /home/zhujjing/MOE-grad-conflict-routing/runs/paper_suite/single_gpu/single_task/roberta_mrpc_ffn_e4_k2/hpo/baseline/trial_runs/coord_01_train_lr_003/baseline_s3.json
saved curve -> /home/zhujjing/MOE-grad-conflict-routing/runs/paper_suite/single_gpu/single_task/roberta_mrpc_ffn_e4_k2/hpo/baseline/trial_runs/coord_01_train_lr_003/baseline_s3_curve.csv
