[run] method=baseline candidate=coord_01_anchor seed=3 steps=150 gpu=0
[run] cmd=
/home/zhujjing/anaconda3/envs/moe/bin/python /home/zhujjing/MOE-grad-conflict-routing/scripts/run.py --config configs/singletask_mrpc_real.yaml --set model.backbone_backend=hf --set model.hf_load_pretrained=true --set model.backbone=roberta --set model.hf_pretrained_name=roberta-base --set model.expert_type=ffn --set model.routing_mode=topk --set model.num_experts=4 --set model.top_k=2 --set seed=3 --set method.name=baseline_avg --set train.steps=150 --set train.eval_every_steps=50 --set train.grad_clip=1 --set train.lr=2e-05 --set train.weight_decay=0.01 --out /home/zhujjing/MOE-grad-conflict-routing/runs/paper_suite/single_gpu/single_task/roberta_mrpc_ffn_e4_k2/hpo/baseline/trial_runs/coord_01_anchor/baseline_s3.json --curve_out /home/zhujjing/MOE-grad-conflict-routing/runs/paper_suite/single_gpu/single_task/roberta_mrpc_ffn_e4_k2/hpo/baseline/trial_runs/coord_01_anchor/baseline_s3_curve.csv
Using the latest cached version of the dataset since glue couldn't be found on the Hugging Face Hub (offline mode is enabled).
Found the latest cached dataset configuration 'mrpc' at /home/zhujjing/hf_cache/datasets/glue/mrpc/0.0.0/bcdcba79d07bc864c1c254ccfcedcce55bcc9a8c (last modified on Thu Mar 19 15:01:06 2026).
/home/zhujjing/anaconda3/envs/moe/lib/python3.10/site-packages/transformers/utils/hub.py:124: FutureWarning: Using `TRANSFORMERS_CACHE` is deprecated and will be removed in v5 of Transformers. Use `HF_HOME` instead.
  warnings.warn(
Some weights of RobertaModel were not initialized from the model checkpoint at roberta-base and are newly initialized: ['roberta.pooler.dense.bias', 'roberta.pooler.dense.weight']
You should probably TRAIN this model on a down-stream task to be able to use it for predictions and inference.
[step 0001/150] method=baseline_avg loss=0.6990 train_acc=nan train_loss=nan val_acc=nan val_loss=nan best=-1.0000
[step 0010/150] method=baseline_avg loss=0.7107 train_acc=nan train_loss=nan val_acc=nan val_loss=nan best=-1.0000
[step 0020/150] method=baseline_avg loss=0.7202 train_acc=nan train_loss=nan val_acc=nan val_loss=nan best=-1.0000
[step 0030/150] method=baseline_avg loss=0.5900 train_acc=nan train_loss=nan val_acc=nan val_loss=nan best=-1.0000
[step 0040/150] method=baseline_avg loss=0.6356 train_acc=nan train_loss=nan val_acc=nan val_loss=nan best=-1.0000
[step 0050/150] method=baseline_avg loss=0.5180 train_acc=0.7124 train_loss=0.5077 val_acc=0.7132 val_loss=0.4942 router_H=0.5064 best=0.7132
           router_load=[0.7430159449577332, 0.20604805648326874, 0.050935979932546616, 0.0]
[step 0060/150] method=baseline_avg loss=0.4707 train_acc=0.7124 train_loss=0.5077 val_acc=0.7132 val_loss=0.4942 router_H=0.5064 best=0.7132
           router_load=[0.7430159449577332, 0.20604805648326874, 0.050935979932546616, 0.0]
[step 0070/150] method=baseline_avg loss=0.5378 train_acc=0.7124 train_loss=0.5077 val_acc=0.7132 val_loss=0.4942 router_H=0.5064 best=0.7132
           router_load=[0.7430159449577332, 0.20604805648326874, 0.050935979932546616, 0.0]
[step 0080/150] method=baseline_avg loss=0.6104 train_acc=0.7124 train_loss=0.5077 val_acc=0.7132 val_loss=0.4942 router_H=0.5064 best=0.7132
           router_load=[0.7430159449577332, 0.20604805648326874, 0.050935979932546616, 0.0]
[step 0090/150] method=baseline_avg loss=0.5820 train_acc=0.7124 train_loss=0.5077 val_acc=0.7132 val_loss=0.4942 router_H=0.5064 best=0.7132
           router_load=[0.7430159449577332, 0.20604805648326874, 0.050935979932546616, 0.0]
[step 0100/150] method=baseline_avg loss=0.4281 train_acc=0.8299 train_loss=0.4029 val_acc=0.8211 val_loss=0.4105 router_H=0.5357 best=0.8211
           router_load=[0.7254979014396667, 0.11966826766729355, 0.15483371913433075, 0.0]
[step 0110/150] method=baseline_avg loss=0.4295 train_acc=0.8299 train_loss=0.4029 val_acc=0.8211 val_loss=0.4105 router_H=0.5357 best=0.8211
           router_load=[0.7254979014396667, 0.11966826766729355, 0.15483371913433075, 0.0]
[step 0120/150] method=baseline_avg loss=0.3796 train_acc=0.8299 train_loss=0.4029 val_acc=0.8211 val_loss=0.4105 router_H=0.5357 best=0.8211
           router_load=[0.7254979014396667, 0.11966826766729355, 0.15483371913433075, 0.0]
[step 0130/150] method=baseline_avg loss=0.2961 train_acc=0.8299 train_loss=0.4029 val_acc=0.8211 val_loss=0.4105 router_H=0.5357 best=0.8211
           router_load=[0.7254979014396667, 0.11966826766729355, 0.15483371913433075, 0.0]
[step 0140/150] method=baseline_avg loss=0.5767 train_acc=0.8299 train_loss=0.4029 val_acc=0.8211 val_loss=0.4105 router_H=0.5357 best=0.8211
           router_load=[0.7254979014396667, 0.11966826766729355, 0.15483371913433075, 0.0]
[step 0150/150] method=baseline_avg loss=0.4027 train_acc=0.8370 train_loss=0.3627 val_acc=0.8211 val_loss=0.3840 router_H=0.3716 best=0.8211
           router_load=[0.8421996831893921, 0.08517203480005264, 0.07262830436229706, 0.0]
saved summary -> /home/zhujjing/MOE-grad-conflict-routing/runs/paper_suite/single_gpu/single_task/roberta_mrpc_ffn_e4_k2/hpo/baseline/trial_runs/coord_01_anchor/baseline_s3.json
saved curve -> /home/zhujjing/MOE-grad-conflict-routing/runs/paper_suite/single_gpu/single_task/roberta_mrpc_ffn_e4_k2/hpo/baseline/trial_runs/coord_01_anchor/baseline_s3_curve.csv
