[run] method=baseline candidate=coord_01_train_lr_026 seed=2 steps=150 gpu=0
[run] cmd=
/home/zhujjing/anaconda3/envs/moe/bin/python /home/zhujjing/MOE-grad-conflict-routing/scripts/run.py --config configs/singletask_mrpc_real.yaml --set model.backbone_backend=hf --set model.hf_load_pretrained=true --set model.backbone=roberta --set model.hf_pretrained_name=roberta-base --set model.expert_type=ffn --set model.routing_mode=topk --set model.num_experts=4 --set model.top_k=2 --set seed=2 --set method.name=baseline_avg --set train.steps=150 --set train.eval_every_steps=50 --set train.grad_clip=1 --set train.lr=1.302122972e-05 --set train.weight_decay=0.01 --out /home/zhujjing/MOE-grad-conflict-routing/runs/paper_suite/single_gpu/single_task/roberta_mrpc_ffn_e4_k2/hpo/baseline/trial_runs/coord_01_train_lr_026/baseline_s2.json --curve_out /home/zhujjing/MOE-grad-conflict-routing/runs/paper_suite/single_gpu/single_task/roberta_mrpc_ffn_e4_k2/hpo/baseline/trial_runs/coord_01_train_lr_026/baseline_s2_curve.csv
Using the latest cached version of the dataset since glue couldn't be found on the Hugging Face Hub (offline mode is enabled).
Found the latest cached dataset configuration 'mrpc' at /home/zhujjing/hf_cache/datasets/glue/mrpc/0.0.0/bcdcba79d07bc864c1c254ccfcedcce55bcc9a8c (last modified on Thu Mar 19 15:01:06 2026).
/home/zhujjing/anaconda3/envs/moe/lib/python3.10/site-packages/transformers/utils/hub.py:124: FutureWarning: Using `TRANSFORMERS_CACHE` is deprecated and will be removed in v5 of Transformers. Use `HF_HOME` instead.
  warnings.warn(
Some weights of RobertaModel were not initialized from the model checkpoint at roberta-base and are newly initialized: ['roberta.pooler.dense.bias', 'roberta.pooler.dense.weight']
You should probably TRAIN this model on a down-stream task to be able to use it for predictions and inference.
[step 0001/150] method=baseline_avg loss=0.6875 train_acc=nan train_loss=nan val_acc=nan val_loss=nan best=-1.0000
[step 0010/150] method=baseline_avg loss=0.6345 train_acc=nan train_loss=nan val_acc=nan val_loss=nan best=-1.0000
[step 0020/150] method=baseline_avg loss=0.7100 train_acc=nan train_loss=nan val_acc=nan val_loss=nan best=-1.0000
[step 0030/150] method=baseline_avg loss=0.7070 train_acc=nan train_loss=nan val_acc=nan val_loss=nan best=-1.0000
[step 0040/150] method=baseline_avg loss=0.6195 train_acc=nan train_loss=nan val_acc=nan val_loss=nan best=-1.0000
[step 0050/150] method=baseline_avg loss=0.4889 train_acc=0.6938 train_loss=0.5351 val_acc=0.6961 val_loss=0.5328 router_H=0.5963 best=0.6961
           router_load=[0.6817384362220764, 0.06812785565853119, 0.23990754783153534, 0.010226136073470116]
[step 0060/150] method=baseline_avg loss=0.5938 train_acc=0.6938 train_loss=0.5351 val_acc=0.6961 val_loss=0.5328 router_H=0.5963 best=0.6961
           router_load=[0.6817384362220764, 0.06812785565853119, 0.23990754783153534, 0.010226136073470116]
[step 0070/150] method=baseline_avg loss=0.3842 train_acc=0.6938 train_loss=0.5351 val_acc=0.6961 val_loss=0.5328 router_H=0.5963 best=0.6961
           router_load=[0.6817384362220764, 0.06812785565853119, 0.23990754783153534, 0.010226136073470116]
[step 0080/150] method=baseline_avg loss=0.4705 train_acc=0.6938 train_loss=0.5351 val_acc=0.6961 val_loss=0.5328 router_H=0.5963 best=0.6961
           router_load=[0.6817384362220764, 0.06812785565853119, 0.23990754783153534, 0.010226136073470116]
[step 0090/150] method=baseline_avg loss=0.4383 train_acc=0.6938 train_loss=0.5351 val_acc=0.6961 val_loss=0.5328 router_H=0.5963 best=0.6961
           router_load=[0.6817384362220764, 0.06812785565853119, 0.23990754783153534, 0.010226136073470116]
[step 0100/150] method=baseline_avg loss=0.5617 train_acc=0.7574 train_loss=0.4371 val_acc=0.7475 val_loss=0.4566 router_H=0.4149 best=0.7475
           router_load=[0.793752908706665, 0.03295726329088211, 0.16014042496681213, 0.01314928475767374]
[step 0110/150] method=baseline_avg loss=0.6627 train_acc=0.7574 train_loss=0.4371 val_acc=0.7475 val_loss=0.4566 router_H=0.4149 best=0.7475
           router_load=[0.793752908706665, 0.03295726329088211, 0.16014042496681213, 0.01314928475767374]
[step 0120/150] method=baseline_avg loss=0.2217 train_acc=0.7574 train_loss=0.4371 val_acc=0.7475 val_loss=0.4566 router_H=0.4149 best=0.7475
           router_load=[0.793752908706665, 0.03295726329088211, 0.16014042496681213, 0.01314928475767374]
[step 0130/150] method=baseline_avg loss=0.5298 train_acc=0.7574 train_loss=0.4371 val_acc=0.7475 val_loss=0.4566 router_H=0.4149 best=0.7475
           router_load=[0.793752908706665, 0.03295726329088211, 0.16014042496681213, 0.01314928475767374]
[step 0140/150] method=baseline_avg loss=0.4016 train_acc=0.7574 train_loss=0.4371 val_acc=0.7475 val_loss=0.4566 router_H=0.4149 best=0.7475
           router_load=[0.793752908706665, 0.03295726329088211, 0.16014042496681213, 0.01314928475767374]
[step 0150/150] method=baseline_avg loss=0.6175 train_acc=0.8528 train_loss=0.3617 val_acc=0.8554 val_loss=0.3604 router_H=0.4136 best=0.8554
           router_load=[0.7481220364570618, 0.027851508930325508, 0.20398713648319244, 0.020039202645421028]
saved summary -> /home/zhujjing/MOE-grad-conflict-routing/runs/paper_suite/single_gpu/single_task/roberta_mrpc_ffn_e4_k2/hpo/baseline/trial_runs/coord_01_train_lr_026/baseline_s2.json
saved curve -> /home/zhujjing/MOE-grad-conflict-routing/runs/paper_suite/single_gpu/single_task/roberta_mrpc_ffn_e4_k2/hpo/baseline/trial_runs/coord_01_train_lr_026/baseline_s2_curve.csv
