[run] method=baseline candidate=coord_01_train_lr_004 seed=3 steps=150 gpu=0
[run] cmd=
/home/zhujjing/anaconda3/envs/moe/bin/python /home/zhujjing/MOE-grad-conflict-routing/scripts/run.py --config configs/singletask_mrpc_real.yaml --set model.backbone_backend=hf --set model.hf_load_pretrained=true --set model.backbone=roberta --set model.hf_pretrained_name=roberta-base --set model.expert_type=ffn --set model.routing_mode=topk --set model.num_experts=4 --set model.top_k=2 --set seed=3 --set method.name=baseline_avg --set train.steps=150 --set train.eval_every_steps=50 --set train.grad_clip=1 --set train.lr=2.555178414e-05 --set train.weight_decay=0.01 --out /home/zhujjing/MOE-grad-conflict-routing/runs/paper_suite/single_gpu/single_task/roberta_mrpc_ffn_e4_k2/hpo/baseline/trial_runs/coord_01_train_lr_004/baseline_s3.json --curve_out /home/zhujjing/MOE-grad-conflict-routing/runs/paper_suite/single_gpu/single_task/roberta_mrpc_ffn_e4_k2/hpo/baseline/trial_runs/coord_01_train_lr_004/baseline_s3_curve.csv
Using the latest cached version of the dataset since glue couldn't be found on the Hugging Face Hub (offline mode is enabled).
Found the latest cached dataset configuration 'mrpc' at /home/zhujjing/hf_cache/datasets/glue/mrpc/0.0.0/bcdcba79d07bc864c1c254ccfcedcce55bcc9a8c (last modified on Thu Mar 19 15:01:06 2026).
/home/zhujjing/anaconda3/envs/moe/lib/python3.10/site-packages/transformers/utils/hub.py:124: FutureWarning: Using `TRANSFORMERS_CACHE` is deprecated and will be removed in v5 of Transformers. Use `HF_HOME` instead.
  warnings.warn(
Some weights of RobertaModel were not initialized from the model checkpoint at roberta-base and are newly initialized: ['roberta.pooler.dense.bias', 'roberta.pooler.dense.weight']
You should probably TRAIN this model on a down-stream task to be able to use it for predictions and inference.
[step 0001/150] method=baseline_avg loss=0.7023 train_acc=nan train_loss=nan val_acc=nan val_loss=nan best=-1.0000
[step 0010/150] method=baseline_avg loss=0.7698 train_acc=nan train_loss=nan val_acc=nan val_loss=nan best=-1.0000
[step 0020/150] method=baseline_avg loss=0.7067 train_acc=nan train_loss=nan val_acc=nan val_loss=nan best=-1.0000
[step 0030/150] method=baseline_avg loss=0.5581 train_acc=nan train_loss=nan val_acc=nan val_loss=nan best=-1.0000
[step 0040/150] method=baseline_avg loss=0.6922 train_acc=nan train_loss=nan val_acc=nan val_loss=nan best=-1.0000
[step 0050/150] method=baseline_avg loss=0.4545 train_acc=0.7391 train_loss=0.4883 val_acc=0.7451 val_loss=0.4677 router_H=0.4357 best=0.7451
           router_load=[0.0, 0.0325373075902462, 0.784789502620697, 0.18267317116260529]
[step 0060/150] method=baseline_avg loss=0.4918 train_acc=0.7391 train_loss=0.4883 val_acc=0.7451 val_loss=0.4677 router_H=0.4357 best=0.7451
           router_load=[0.0, 0.0325373075902462, 0.784789502620697, 0.18267317116260529]
[step 0070/150] method=baseline_avg loss=0.4244 train_acc=0.7391 train_loss=0.4883 val_acc=0.7451 val_loss=0.4677 router_H=0.4357 best=0.7451
           router_load=[0.0, 0.0325373075902462, 0.784789502620697, 0.18267317116260529]
[step 0080/150] method=baseline_avg loss=0.4657 train_acc=0.7391 train_loss=0.4883 val_acc=0.7451 val_loss=0.4677 router_H=0.4357 best=0.7451
           router_load=[0.0, 0.0325373075902462, 0.784789502620697, 0.18267317116260529]
[step 0090/150] method=baseline_avg loss=0.6646 train_acc=0.7391 train_loss=0.4883 val_acc=0.7451 val_loss=0.4677 router_H=0.4357 best=0.7451
           router_load=[0.0, 0.0325373075902462, 0.784789502620697, 0.18267317116260529]
[step 0100/150] method=baseline_avg loss=0.6950 train_acc=0.8386 train_loss=0.4030 val_acc=0.8505 val_loss=0.3758 router_H=0.3237 best=0.8505
           router_load=[0.011715742759406567, 0.024879541248083115, 0.8079275488853455, 0.1554771065711975]
[step 0110/150] method=baseline_avg loss=0.4339 train_acc=0.8386 train_loss=0.4030 val_acc=0.8505 val_loss=0.3758 router_H=0.3237 best=0.8505
           router_load=[0.011715742759406567, 0.024879541248083115, 0.8079275488853455, 0.1554771065711975]
[step 0120/150] method=baseline_avg loss=0.3322 train_acc=0.8386 train_loss=0.4030 val_acc=0.8505 val_loss=0.3758 router_H=0.3237 best=0.8505
           router_load=[0.011715742759406567, 0.024879541248083115, 0.8079275488853455, 0.1554771065711975]
[step 0130/150] method=baseline_avg loss=0.2699 train_acc=0.8386 train_loss=0.4030 val_acc=0.8505 val_loss=0.3758 router_H=0.3237 best=0.8505
           router_load=[0.011715742759406567, 0.024879541248083115, 0.8079275488853455, 0.1554771065711975]
[step 0140/150] method=baseline_avg loss=0.5615 train_acc=0.8386 train_loss=0.4030 val_acc=0.8505 val_loss=0.3758 router_H=0.3237 best=0.8505
           router_load=[0.011715742759406567, 0.024879541248083115, 0.8079275488853455, 0.1554771065711975]
[step 0150/150] method=baseline_avg loss=0.5035 train_acc=0.7901 train_loss=0.5209 val_acc=0.7819 val_loss=0.5297 router_H=0.3448 best=0.8505
           router_load=[0.0021957335993647575, 0.07268504798412323, 0.8685457110404968, 0.05657338723540306]
saved summary -> /home/zhujjing/MOE-grad-conflict-routing/runs/paper_suite/single_gpu/single_task/roberta_mrpc_ffn_e4_k2/hpo/baseline/trial_runs/coord_01_train_lr_004/baseline_s3.json
saved curve -> /home/zhujjing/MOE-grad-conflict-routing/runs/paper_suite/single_gpu/single_task/roberta_mrpc_ffn_e4_k2/hpo/baseline/trial_runs/coord_01_train_lr_004/baseline_s3_curve.csv
