[run] method=baseline candidate=coord_01_train_lr_000 seed=3 steps=150 gpu=0
[run] cmd=
/home/zhujjing/anaconda3/envs/moe/bin/python /home/zhujjing/MOE-grad-conflict-routing/scripts/run.py --config configs/singletask_mrpc_real.yaml --set model.backbone_backend=hf --set model.hf_load_pretrained=true --set model.backbone=roberta --set model.hf_pretrained_name=roberta-base --set model.expert_type=ffn --set model.routing_mode=topk --set model.num_experts=4 --set model.top_k=2 --set seed=3 --set method.name=baseline_avg --set train.steps=150 --set train.eval_every_steps=50 --set train.grad_clip=1 --set train.lr=3.056132297e-06 --set train.weight_decay=0.01 --out /home/zhujjing/MOE-grad-conflict-routing/runs/paper_suite/single_gpu/single_task/roberta_mrpc_ffn_e4_k2/hpo/baseline/trial_runs/coord_01_train_lr_000/baseline_s3.json --curve_out /home/zhujjing/MOE-grad-conflict-routing/runs/paper_suite/single_gpu/single_task/roberta_mrpc_ffn_e4_k2/hpo/baseline/trial_runs/coord_01_train_lr_000/baseline_s3_curve.csv
Using the latest cached version of the dataset since glue couldn't be found on the Hugging Face Hub (offline mode is enabled).
Found the latest cached dataset configuration 'mrpc' at /home/zhujjing/hf_cache/datasets/glue/mrpc/0.0.0/bcdcba79d07bc864c1c254ccfcedcce55bcc9a8c (last modified on Thu Mar 19 15:01:06 2026).
/home/zhujjing/anaconda3/envs/moe/lib/python3.10/site-packages/transformers/utils/hub.py:124: FutureWarning: Using `TRANSFORMERS_CACHE` is deprecated and will be removed in v5 of Transformers. Use `HF_HOME` instead.
  warnings.warn(
Some weights of RobertaModel were not initialized from the model checkpoint at roberta-base and are newly initialized: ['roberta.pooler.dense.bias', 'roberta.pooler.dense.weight']
You should probably TRAIN this model on a down-stream task to be able to use it for predictions and inference.
[step 0001/150] method=baseline_avg loss=0.6881 train_acc=nan train_loss=nan val_acc=nan val_loss=nan best=-1.0000
[step 0010/150] method=baseline_avg loss=0.6726 train_acc=nan train_loss=nan val_acc=nan val_loss=nan best=-1.0000
[step 0020/150] method=baseline_avg loss=0.6971 train_acc=nan train_loss=nan val_acc=nan val_loss=nan best=-1.0000
[step 0030/150] method=baseline_avg loss=0.6189 train_acc=nan train_loss=nan val_acc=nan val_loss=nan best=-1.0000
[step 0040/150] method=baseline_avg loss=0.7140 train_acc=nan train_loss=nan val_acc=nan val_loss=nan best=-1.0000
[step 0050/150] method=baseline_avg loss=0.4847 train_acc=0.6745 train_loss=0.5852 val_acc=0.6838 val_loss=0.5835 router_H=0.6678 best=0.6838
           router_load=[0.0, 0.32028070092201233, 0.0767877995967865, 0.6029314994812012]
[step 0060/150] method=baseline_avg loss=0.6256 train_acc=0.6745 train_loss=0.5852 val_acc=0.6838 val_loss=0.5835 router_H=0.6678 best=0.6838
           router_load=[0.0, 0.32028070092201233, 0.0767877995967865, 0.6029314994812012]
[step 0070/150] method=baseline_avg loss=0.5874 train_acc=0.6745 train_loss=0.5852 val_acc=0.6838 val_loss=0.5835 router_H=0.6678 best=0.6838
           router_load=[0.0, 0.32028070092201233, 0.0767877995967865, 0.6029314994812012]
[step 0080/150] method=baseline_avg loss=0.8055 train_acc=0.6745 train_loss=0.5852 val_acc=0.6838 val_loss=0.5835 router_H=0.6678 best=0.6838
           router_load=[0.0, 0.32028070092201233, 0.0767877995967865, 0.6029314994812012]
[step 0090/150] method=baseline_avg loss=0.6260 train_acc=0.6745 train_loss=0.5852 val_acc=0.6838 val_loss=0.5835 router_H=0.6678 best=0.6838
           router_load=[0.0, 0.32028070092201233, 0.0767877995967865, 0.6029314994812012]
[step 0100/150] method=baseline_avg loss=0.6310 train_acc=0.6745 train_loss=0.5545 val_acc=0.6838 val_loss=0.5503 router_H=0.6122 best=0.6838
           router_load=[0.0, 0.14017565548419952, 0.1777036190032959, 0.682120680809021]
[step 0110/150] method=baseline_avg loss=0.5595 train_acc=0.6745 train_loss=0.5545 val_acc=0.6838 val_loss=0.5503 router_H=0.6122 best=0.6838
           router_load=[0.0, 0.14017565548419952, 0.1777036190032959, 0.682120680809021]
[step 0120/150] method=baseline_avg loss=0.6062 train_acc=0.6745 train_loss=0.5545 val_acc=0.6838 val_loss=0.5503 router_H=0.6122 best=0.6838
           router_load=[0.0, 0.14017565548419952, 0.1777036190032959, 0.682120680809021]
[step 0130/150] method=baseline_avg loss=0.5243 train_acc=0.6745 train_loss=0.5545 val_acc=0.6838 val_loss=0.5503 router_H=0.6122 best=0.6838
           router_load=[0.0, 0.14017565548419952, 0.1777036190032959, 0.682120680809021]
[step 0140/150] method=baseline_avg loss=0.5284 train_acc=0.6745 train_loss=0.5545 val_acc=0.6838 val_loss=0.5503 router_H=0.6122 best=0.6838
           router_load=[0.0, 0.14017565548419952, 0.1777036190032959, 0.682120680809021]
[step 0150/150] method=baseline_avg loss=0.6306 train_acc=0.6745 train_loss=0.5189 val_acc=0.6838 val_loss=0.5166 router_H=0.5708 best=0.6838
           router_load=[0.0, 0.28313136100769043, 0.008896227926015854, 0.7079722881317139]
saved summary -> /home/zhujjing/MOE-grad-conflict-routing/runs/paper_suite/single_gpu/single_task/roberta_mrpc_ffn_e4_k2/hpo/baseline/trial_runs/coord_01_train_lr_000/baseline_s3.json
saved curve -> /home/zhujjing/MOE-grad-conflict-routing/runs/paper_suite/single_gpu/single_task/roberta_mrpc_ffn_e4_k2/hpo/baseline/trial_runs/coord_01_train_lr_000/baseline_s3_curve.csv
