[run] method=baseline candidate=coord_03_train_grad_clip_014 seed=2 steps=100 gpu=2
[run] cmd=
/home/yuli0398/miniconda3/envs/optimization/bin/python /share/home/yuli0398/Optimization/MOE-grad-conflict-routing/scripts/run.py --config configs/singletask_mrpc_real.yaml --set model.backbone_backend=hf --set model.hf_load_pretrained=true --set model.backbone=deberta --set model.hf_pretrained_name=microsoft/deberta-v3-base --set model.expert_type=lora --set model.num_experts=4 --set model.top_k=2 --set seed=2 --set method.name=baseline_avg --set train.steps=100 --set train.eval_every_steps=50 --set train.grad_clip=1.883288229 --set train.lr=3.842377498e-05 --set train.weight_decay=0.01546097608 --out /share/home/yuli0398/Optimization/MOE-grad-conflict-routing/runs/mrpc_deberta_coord48_s23_final235_gpu12/single_task/deberta_mrpc_lora_e4_k2/hpo/baseline/trial_runs/coord_03_train_grad_clip_014/baseline_s2.json --curve_out /share/home/yuli0398/Optimization/MOE-grad-conflict-routing/runs/mrpc_deberta_coord48_s23_final235_gpu12/single_task/deberta_mrpc_lora_e4_k2/hpo/baseline/trial_runs/coord_03_train_grad_clip_014/baseline_s2_curve.csv
/home/yuli0398/miniconda3/envs/optimization/lib/python3.10/site-packages/torch/cuda/__init__.py:61: FutureWarning: The pynvml package is deprecated. Please install nvidia-ml-py instead. If you did not install pynvml directly, please report this to the maintainers of the package that installed pynvml for you.
  import pynvml  # type: ignore[import]
/home/yuli0398/miniconda3/envs/optimization/lib/python3.10/site-packages/transformers/convert_slow_tokenizer.py:561: UserWarning: The sentencepiece tokenizer that you are converting to a fast tokenizer uses the byte fallback option which is not implemented in the fast tokenizers. In practice this means that the fast version of the tokenizer can produce unknown tokens whereas the sentencepiece version would have converted these unknown tokens into a sequence of byte tokens matching the original piece of text.
  warnings.warn(
[step 0001/100] method=baseline_avg loss=0.7968 train_acc=nan train_loss=nan val_acc=nan val_loss=nan best=-1.0000
[step 0010/100] method=baseline_avg loss=0.6573 train_acc=nan train_loss=nan val_acc=nan val_loss=nan best=-1.0000
[step 0020/100] method=baseline_avg loss=0.6256 train_acc=nan train_loss=nan val_acc=nan val_loss=nan best=-1.0000
[step 0030/100] method=baseline_avg loss=0.4806 train_acc=nan train_loss=nan val_acc=nan val_loss=nan best=-1.0000
[step 0040/100] method=baseline_avg loss=0.4153 train_acc=nan train_loss=nan val_acc=nan val_loss=nan best=-1.0000
[step 0050/100] method=baseline_avg loss=0.4781 train_acc=0.8094 train_loss=0.4457 val_acc=0.8407 val_loss=0.4409 router_H=1.3333 best=0.8407
           router_load=[0.2541789710521698, 0.2489057183265686, 0.14904561638832092, 0.3478696346282959]
[step 0060/100] method=baseline_avg loss=0.5250 train_acc=0.8094 train_loss=0.4457 val_acc=0.8407 val_loss=0.4409 router_H=1.3333 best=0.8407
           router_load=[0.2541789710521698, 0.2489057183265686, 0.14904561638832092, 0.3478696346282959]
[step 0070/100] method=baseline_avg loss=0.2556 train_acc=0.8094 train_loss=0.4457 val_acc=0.8407 val_loss=0.4409 router_H=1.3333 best=0.8407
           router_load=[0.2541789710521698, 0.2489057183265686, 0.14904561638832092, 0.3478696346282959]
[step 0080/100] method=baseline_avg loss=0.2730 train_acc=0.8094 train_loss=0.4457 val_acc=0.8407 val_loss=0.4409 router_H=1.3333 best=0.8407
           router_load=[0.2541789710521698, 0.2489057183265686, 0.14904561638832092, 0.3478696346282959]
[step 0090/100] method=baseline_avg loss=0.3006 train_acc=0.8094 train_loss=0.4457 val_acc=0.8407 val_loss=0.4409 router_H=1.3333 best=0.8407
           router_load=[0.2541789710521698, 0.2489057183265686, 0.14904561638832092, 0.3478696346282959]
[step 0100/100] method=baseline_avg loss=0.2819 train_acc=0.8773 train_loss=0.2890 val_acc=0.8554 val_loss=0.3178 router_H=1.3434 best=0.8554
           router_load=[0.2973784804344177, 0.26330113410949707, 0.16056565940380096, 0.2787548005580902]
saved summary -> /share/home/yuli0398/Optimization/MOE-grad-conflict-routing/runs/mrpc_deberta_coord48_s23_final235_gpu12/single_task/deberta_mrpc_lora_e4_k2/hpo/baseline/trial_runs/coord_03_train_grad_clip_014/baseline_s2.json
saved curve -> /share/home/yuli0398/Optimization/MOE-grad-conflict-routing/runs/mrpc_deberta_coord48_s23_final235_gpu12/single_task/deberta_mrpc_lora_e4_k2/hpo/baseline/trial_runs/coord_03_train_grad_clip_014/baseline_s2_curve.csv
