[run] method=baseline candidate=coord_03_train_grad_clip_013 seed=2 steps=100 gpu=2
[run] cmd=
/home/yuli0398/miniconda3/envs/optimization/bin/python /share/home/yuli0398/Optimization/MOE-grad-conflict-routing/scripts/run.py --config configs/singletask_mrpc_real.yaml --set model.backbone_backend=hf --set model.hf_load_pretrained=true --set model.backbone=deberta --set model.hf_pretrained_name=microsoft/deberta-v3-base --set model.expert_type=lora --set model.num_experts=4 --set model.top_k=2 --set seed=2 --set method.name=baseline_avg --set train.steps=100 --set train.eval_every_steps=50 --set train.grad_clip=0.7891724795 --set train.lr=3.842377498e-05 --set train.weight_decay=0.01546097608 --out /share/home/yuli0398/Optimization/MOE-grad-conflict-routing/runs/mrpc_deberta_coord48_s23_final235_gpu12/single_task/deberta_mrpc_lora_e4_k2/hpo/baseline/trial_runs/coord_03_train_grad_clip_013/baseline_s2.json --curve_out /share/home/yuli0398/Optimization/MOE-grad-conflict-routing/runs/mrpc_deberta_coord48_s23_final235_gpu12/single_task/deberta_mrpc_lora_e4_k2/hpo/baseline/trial_runs/coord_03_train_grad_clip_013/baseline_s2_curve.csv
/home/yuli0398/miniconda3/envs/optimization/lib/python3.10/site-packages/torch/cuda/__init__.py:61: FutureWarning: The pynvml package is deprecated. Please install nvidia-ml-py instead. If you did not install pynvml directly, please report this to the maintainers of the package that installed pynvml for you.
  import pynvml  # type: ignore[import]
/home/yuli0398/miniconda3/envs/optimization/lib/python3.10/site-packages/transformers/convert_slow_tokenizer.py:561: UserWarning: The sentencepiece tokenizer that you are converting to a fast tokenizer uses the byte fallback option which is not implemented in the fast tokenizers. In practice this means that the fast version of the tokenizer can produce unknown tokens whereas the sentencepiece version would have converted these unknown tokens into a sequence of byte tokens matching the original piece of text.
  warnings.warn(
[step 0001/100] method=baseline_avg loss=1.1883 train_acc=nan train_loss=nan val_acc=nan val_loss=nan best=-1.0000
[step 0010/100] method=baseline_avg loss=0.6466 train_acc=nan train_loss=nan val_acc=nan val_loss=nan best=-1.0000
[step 0020/100] method=baseline_avg loss=0.5090 train_acc=nan train_loss=nan val_acc=nan val_loss=nan best=-1.0000
[step 0030/100] method=baseline_avg loss=0.4834 train_acc=nan train_loss=nan val_acc=nan val_loss=nan best=-1.0000
[step 0040/100] method=baseline_avg loss=0.4297 train_acc=nan train_loss=nan val_acc=nan val_loss=nan best=-1.0000
[step 0050/100] method=baseline_avg loss=0.5480 train_acc=0.7200 train_loss=0.5491 val_acc=0.7451 val_loss=0.5426 router_H=1.0856 best=0.7451
           router_load=[0.6006819605827332, 0.12169834971427917, 0.13941100239753723, 0.13820870220661163]
[step 0060/100] method=baseline_avg loss=0.6774 train_acc=0.7200 train_loss=0.5491 val_acc=0.7451 val_loss=0.5426 router_H=1.0856 best=0.7451
           router_load=[0.6006819605827332, 0.12169834971427917, 0.13941100239753723, 0.13820870220661163]
[step 0070/100] method=baseline_avg loss=0.3807 train_acc=0.7200 train_loss=0.5491 val_acc=0.7451 val_loss=0.5426 router_H=1.0856 best=0.7451
           router_load=[0.6006819605827332, 0.12169834971427917, 0.13941100239753723, 0.13820870220661163]
[step 0080/100] method=baseline_avg loss=0.2702 train_acc=0.7200 train_loss=0.5491 val_acc=0.7451 val_loss=0.5426 router_H=1.0856 best=0.7451
           router_load=[0.6006819605827332, 0.12169834971427917, 0.13941100239753723, 0.13820870220661163]
[step 0090/100] method=baseline_avg loss=0.3379 train_acc=0.7200 train_loss=0.5491 val_acc=0.7451 val_loss=0.5426 router_H=1.0856 best=0.7451
           router_load=[0.6006819605827332, 0.12169834971427917, 0.13941100239753723, 0.13820870220661163]
[step 0100/100] method=baseline_avg loss=0.2801 train_acc=0.8716 train_loss=0.2895 val_acc=0.8505 val_loss=0.3395 router_H=1.1892 best=0.8505
           router_load=[0.5017358064651489, 0.11440354585647583, 0.1977769434452057, 0.18608367443084717]
saved summary -> /share/home/yuli0398/Optimization/MOE-grad-conflict-routing/runs/mrpc_deberta_coord48_s23_final235_gpu12/single_task/deberta_mrpc_lora_e4_k2/hpo/baseline/trial_runs/coord_03_train_grad_clip_013/baseline_s2.json
saved curve -> /share/home/yuli0398/Optimization/MOE-grad-conflict-routing/runs/mrpc_deberta_coord48_s23_final235_gpu12/single_task/deberta_mrpc_lora_e4_k2/hpo/baseline/trial_runs/coord_03_train_grad_clip_013/baseline_s2_curve.csv
