[run] method=baseline candidate=coord_03_train_grad_clip_004 seed=3 steps=100 gpu=2
[run] cmd=
/home/yuli0398/miniconda3/envs/optimization/bin/python /share/home/yuli0398/Optimization/MOE-grad-conflict-routing/scripts/run.py --config configs/singletask_mrpc_real.yaml --set model.backbone_backend=hf --set model.hf_load_pretrained=true --set model.backbone=deberta --set model.hf_pretrained_name=microsoft/deberta-v3-base --set model.expert_type=lora --set model.num_experts=4 --set model.top_k=2 --set seed=3 --set method.name=baseline_avg --set train.steps=100 --set train.eval_every_steps=50 --set train.grad_clip=0.9537451003 --set train.lr=3.842377498e-05 --set train.weight_decay=0.01546097608 --out /share/home/yuli0398/Optimization/MOE-grad-conflict-routing/runs/mrpc_deberta_coord48_s23_final235_gpu12/single_task/deberta_mrpc_lora_e4_k2/hpo/baseline/trial_runs/coord_03_train_grad_clip_004/baseline_s3.json --curve_out /share/home/yuli0398/Optimization/MOE-grad-conflict-routing/runs/mrpc_deberta_coord48_s23_final235_gpu12/single_task/deberta_mrpc_lora_e4_k2/hpo/baseline/trial_runs/coord_03_train_grad_clip_004/baseline_s3_curve.csv
/home/yuli0398/miniconda3/envs/optimization/lib/python3.10/site-packages/torch/cuda/__init__.py:61: FutureWarning: The pynvml package is deprecated. Please install nvidia-ml-py instead. If you did not install pynvml directly, please report this to the maintainers of the package that installed pynvml for you.
  import pynvml  # type: ignore[import]
/home/yuli0398/miniconda3/envs/optimization/lib/python3.10/site-packages/transformers/convert_slow_tokenizer.py:561: UserWarning: The sentencepiece tokenizer that you are converting to a fast tokenizer uses the byte fallback option which is not implemented in the fast tokenizers. In practice this means that the fast version of the tokenizer can produce unknown tokens whereas the sentencepiece version would have converted these unknown tokens into a sequence of byte tokens matching the original piece of text.
  warnings.warn(
[step 0001/100] method=baseline_avg loss=0.6519 train_acc=nan train_loss=nan val_acc=nan val_loss=nan best=-1.0000
[step 0010/100] method=baseline_avg loss=0.7199 train_acc=nan train_loss=nan val_acc=nan val_loss=nan best=-1.0000
[step 0020/100] method=baseline_avg loss=0.5133 train_acc=nan train_loss=nan val_acc=nan val_loss=nan best=-1.0000
[step 0030/100] method=baseline_avg loss=0.4517 train_acc=nan train_loss=nan val_acc=nan val_loss=nan best=-1.0000
[step 0040/100] method=baseline_avg loss=0.4745 train_acc=nan train_loss=nan val_acc=nan val_loss=nan best=-1.0000
[step 0050/100] method=baseline_avg loss=0.3643 train_acc=0.8048 train_loss=0.4117 val_acc=0.7941 val_loss=0.4104 router_H=1.2987 best=0.7941
           router_load=[0.36470839381217957, 0.26503488421440125, 0.1273207664489746, 0.24293598532676697]
[step 0060/100] method=baseline_avg loss=0.3889 train_acc=0.8048 train_loss=0.4117 val_acc=0.7941 val_loss=0.4104 router_H=1.2987 best=0.7941
           router_load=[0.36470839381217957, 0.26503488421440125, 0.1273207664489746, 0.24293598532676697]
[step 0070/100] method=baseline_avg loss=0.3894 train_acc=0.8048 train_loss=0.4117 val_acc=0.7941 val_loss=0.4104 router_H=1.2987 best=0.7941
           router_load=[0.36470839381217957, 0.26503488421440125, 0.1273207664489746, 0.24293598532676697]
[step 0080/100] method=baseline_avg loss=0.2603 train_acc=0.8048 train_loss=0.4117 val_acc=0.7941 val_loss=0.4104 router_H=1.2987 best=0.7941
           router_load=[0.36470839381217957, 0.26503488421440125, 0.1273207664489746, 0.24293598532676697]
[step 0090/100] method=baseline_avg loss=0.5375 train_acc=0.8048 train_loss=0.4117 val_acc=0.7941 val_loss=0.4104 router_H=1.2987 best=0.7941
           router_load=[0.36470839381217957, 0.26503488421440125, 0.1273207664489746, 0.24293598532676697]
[step 0100/100] method=baseline_avg loss=0.2772 train_acc=0.8773 train_loss=0.2879 val_acc=0.8676 val_loss=0.3287 router_H=1.2868 best=0.8676
           router_load=[0.3006340563297272, 0.34515073895454407, 0.1330602467060089, 0.22115500271320343]
saved summary -> /share/home/yuli0398/Optimization/MOE-grad-conflict-routing/runs/mrpc_deberta_coord48_s23_final235_gpu12/single_task/deberta_mrpc_lora_e4_k2/hpo/baseline/trial_runs/coord_03_train_grad_clip_004/baseline_s3.json
saved curve -> /share/home/yuli0398/Optimization/MOE-grad-conflict-routing/runs/mrpc_deberta_coord48_s23_final235_gpu12/single_task/deberta_mrpc_lora_e4_k2/hpo/baseline/trial_runs/coord_03_train_grad_clip_004/baseline_s3_curve.csv
