[run] method=cagrad candidate=coord_02_train_weight_decay_006 seed=3 steps=150 gpu=0
[run] cmd=
/home/zhujjing/anaconda3/envs/moe/bin/python /home/zhujjing/MOE-grad-conflict-routing/scripts/run.py --config configs/singletask_sst2_real.yaml --set model.backbone_backend=hf --set model.hf_load_pretrained=true --set model.backbone=roberta --set model.hf_pretrained_name=roberta-base --set model.expert_type=lora --set model.routing_mode=topk --set model.num_experts=4 --set model.top_k=2 --set seed=3 --set method.name=baseline_cagrad --set train.steps=150 --set train.eval_every_steps=50 --set method.baseline_cagrad.c=0.4 --set method.baseline_cagrad.inner_lr=0.1 --set train.grad_clip=1 --set train.lr=2e-05 --set train.weight_decay=0.03456878451 --out /home/zhujjing/MOE-grad-conflict-routing/runs/paper_suite/single_gpu/single_task/roberta_sst2_lora_e4_k2/hpo/cagrad/trial_runs/coord_02_train_weight_decay_006/cagrad_s3.json --curve_out /home/zhujjing/MOE-grad-conflict-routing/runs/paper_suite/single_gpu/single_task/roberta_sst2_lora_e4_k2/hpo/cagrad/trial_runs/coord_02_train_weight_decay_006/cagrad_s3_curve.csv
Using the latest cached version of the dataset since glue couldn't be found on the Hugging Face Hub (offline mode is enabled).
Found the latest cached dataset configuration 'sst2' at /home/zhujjing/hf_cache/datasets/glue/sst2/0.0.0/bcdcba79d07bc864c1c254ccfcedcce55bcc9a8c (last modified on Thu Mar 19 15:01:41 2026).
/home/zhujjing/anaconda3/envs/moe/lib/python3.10/site-packages/transformers/utils/hub.py:124: FutureWarning: Using `TRANSFORMERS_CACHE` is deprecated and will be removed in v5 of Transformers. Use `HF_HOME` instead.
  warnings.warn(
Some weights of RobertaModel were not initialized from the model checkpoint at roberta-base and are newly initialized: ['roberta.pooler.dense.bias', 'roberta.pooler.dense.weight']
You should probably TRAIN this model on a down-stream task to be able to use it for predictions and inference.
[step 0001/150] method=baseline_cagrad loss=0.6804 train_acc=nan train_loss=nan val_acc=nan val_loss=nan best=-1.0000
[step 0010/150] method=baseline_cagrad loss=0.6330 train_acc=nan train_loss=nan val_acc=nan val_loss=nan best=-1.0000
[step 0020/150] method=baseline_cagrad loss=0.5901 train_acc=nan train_loss=nan val_acc=nan val_loss=nan best=-1.0000
[step 0030/150] method=baseline_cagrad loss=0.4039 train_acc=nan train_loss=nan val_acc=nan val_loss=nan best=-1.0000
[step 0040/150] method=baseline_cagrad loss=0.4422 train_acc=nan train_loss=nan val_acc=nan val_loss=nan best=-1.0000
[step 0050/150] method=baseline_cagrad loss=0.7121 train_acc=0.8657 train_loss=0.3495 val_acc=0.8612 val_loss=0.3525 router_H=0.6825 best=0.8612
           router_load=[0.4782004654407501, 0.032209355384111404, 0.00047306183842010796, 0.4891170561313629]
[step 0060/150] method=baseline_cagrad loss=0.4138 train_acc=0.8657 train_loss=0.3495 val_acc=0.8612 val_loss=0.3525 router_H=0.6825 best=0.8612
           router_load=[0.4782004654407501, 0.032209355384111404, 0.00047306183842010796, 0.4891170561313629]
[step 0070/150] method=baseline_cagrad loss=0.3606 train_acc=0.8657 train_loss=0.3495 val_acc=0.8612 val_loss=0.3525 router_H=0.6825 best=0.8612
           router_load=[0.4782004654407501, 0.032209355384111404, 0.00047306183842010796, 0.4891170561313629]
[step 0080/150] method=baseline_cagrad loss=0.2363 train_acc=0.8657 train_loss=0.3495 val_acc=0.8612 val_loss=0.3525 router_H=0.6825 best=0.8612
           router_load=[0.4782004654407501, 0.032209355384111404, 0.00047306183842010796, 0.4891170561313629]
[step 0090/150] method=baseline_cagrad loss=0.2038 train_acc=0.8657 train_loss=0.3495 val_acc=0.8612 val_loss=0.3525 router_H=0.6825 best=0.8612
           router_load=[0.4782004654407501, 0.032209355384111404, 0.00047306183842010796, 0.4891170561313629]
[step 0100/150] method=baseline_cagrad loss=0.3508 train_acc=0.8842 train_loss=0.3043 val_acc=0.8991 val_loss=0.2676 router_H=0.6861 best=0.8991
           router_load=[0.32603442668914795, 0.13966087996959686, 0.001912688254378736, 0.5323919653892517]
[step 0110/150] method=baseline_cagrad loss=0.4503 train_acc=0.8842 train_loss=0.3043 val_acc=0.8991 val_loss=0.2676 router_H=0.6861 best=0.8991
           router_load=[0.32603442668914795, 0.13966087996959686, 0.001912688254378736, 0.5323919653892517]
[step 0120/150] method=baseline_cagrad loss=0.4482 train_acc=0.8842 train_loss=0.3043 val_acc=0.8991 val_loss=0.2676 router_H=0.6861 best=0.8991
           router_load=[0.32603442668914795, 0.13966087996959686, 0.001912688254378736, 0.5323919653892517]
[step 0130/150] method=baseline_cagrad loss=0.9267 train_acc=0.8842 train_loss=0.3043 val_acc=0.8991 val_loss=0.2676 router_H=0.6861 best=0.8991
           router_load=[0.32603442668914795, 0.13966087996959686, 0.001912688254378736, 0.5323919653892517]
[step 0140/150] method=baseline_cagrad loss=0.2222 train_acc=0.8842 train_loss=0.3043 val_acc=0.8991 val_loss=0.2676 router_H=0.6861 best=0.8991
           router_load=[0.32603442668914795, 0.13966087996959686, 0.001912688254378736, 0.5323919653892517]
[step 0150/150] method=baseline_cagrad loss=0.2008 train_acc=0.8813 train_loss=0.3256 val_acc=0.9117 val_loss=0.2650 router_H=0.6848 best=0.9117
           router_load=[0.3372816741466522, 0.19035905599594116, 0.0037250081077218056, 0.46863415837287903]
saved summary -> /home/zhujjing/MOE-grad-conflict-routing/runs/paper_suite/single_gpu/single_task/roberta_sst2_lora_e4_k2/hpo/cagrad/trial_runs/coord_02_train_weight_decay_006/cagrad_s3.json
saved curve -> /home/zhujjing/MOE-grad-conflict-routing/runs/paper_suite/single_gpu/single_task/roberta_sst2_lora_e4_k2/hpo/cagrad/trial_runs/coord_02_train_weight_decay_006/cagrad_s3_curve.csv
