[run] method=cagrad candidate=coord_02_train_weight_decay_004 seed=3 steps=150 gpu=0
[run] cmd=
/home/zhujjing/anaconda3/envs/moe/bin/python /home/zhujjing/MOE-grad-conflict-routing/scripts/run.py --config configs/singletask_sst2_real.yaml --set model.backbone_backend=hf --set model.hf_load_pretrained=true --set model.backbone=roberta --set model.hf_pretrained_name=roberta-base --set model.expert_type=lora --set model.routing_mode=topk --set model.num_experts=4 --set model.top_k=2 --set seed=3 --set method.name=baseline_cagrad --set train.steps=150 --set train.eval_every_steps=50 --set method.baseline_cagrad.c=0.4 --set method.baseline_cagrad.inner_lr=0.1 --set train.grad_clip=1 --set train.lr=2e-05 --set train.weight_decay=0.01436751473 --out /home/zhujjing/MOE-grad-conflict-routing/runs/paper_suite/single_gpu/single_task/roberta_sst2_lora_e4_k2/hpo/cagrad/trial_runs/coord_02_train_weight_decay_004/cagrad_s3.json --curve_out /home/zhujjing/MOE-grad-conflict-routing/runs/paper_suite/single_gpu/single_task/roberta_sst2_lora_e4_k2/hpo/cagrad/trial_runs/coord_02_train_weight_decay_004/cagrad_s3_curve.csv
Using the latest cached version of the dataset since glue couldn't be found on the Hugging Face Hub (offline mode is enabled).
Found the latest cached dataset configuration 'sst2' at /home/zhujjing/hf_cache/datasets/glue/sst2/0.0.0/bcdcba79d07bc864c1c254ccfcedcce55bcc9a8c (last modified on Thu Mar 19 15:01:41 2026).
/home/zhujjing/anaconda3/envs/moe/lib/python3.10/site-packages/transformers/utils/hub.py:124: FutureWarning: Using `TRANSFORMERS_CACHE` is deprecated and will be removed in v5 of Transformers. Use `HF_HOME` instead.
  warnings.warn(
Some weights of RobertaModel were not initialized from the model checkpoint at roberta-base and are newly initialized: ['roberta.pooler.dense.bias', 'roberta.pooler.dense.weight']
You should probably TRAIN this model on a down-stream task to be able to use it for predictions and inference.
[step 0001/150] method=baseline_cagrad loss=0.8331 train_acc=nan train_loss=nan val_acc=nan val_loss=nan best=-1.0000
[step 0010/150] method=baseline_cagrad loss=0.5981 train_acc=nan train_loss=nan val_acc=nan val_loss=nan best=-1.0000
[step 0020/150] method=baseline_cagrad loss=0.5536 train_acc=nan train_loss=nan val_acc=nan val_loss=nan best=-1.0000
[step 0030/150] method=baseline_cagrad loss=0.5287 train_acc=nan train_loss=nan val_acc=nan val_loss=nan best=-1.0000
[step 0040/150] method=baseline_cagrad loss=0.6402 train_acc=nan train_loss=nan val_acc=nan val_loss=nan best=-1.0000
[step 0050/150] method=baseline_cagrad loss=0.5070 train_acc=0.8656 train_loss=0.3514 val_acc=0.8601 val_loss=0.3518 router_H=0.6885 best=0.8601
           router_load=[0.09471099078655243, 0.3821747899055481, 0.5231141448020935, 0.0]
[step 0060/150] method=baseline_cagrad loss=0.3910 train_acc=0.8656 train_loss=0.3514 val_acc=0.8601 val_loss=0.3518 router_H=0.6885 best=0.8601
           router_load=[0.09471099078655243, 0.3821747899055481, 0.5231141448020935, 0.0]
[step 0070/150] method=baseline_cagrad loss=0.4516 train_acc=0.8656 train_loss=0.3514 val_acc=0.8601 val_loss=0.3518 router_H=0.6885 best=0.8601
           router_load=[0.09471099078655243, 0.3821747899055481, 0.5231141448020935, 0.0]
[step 0080/150] method=baseline_cagrad loss=0.2132 train_acc=0.8656 train_loss=0.3514 val_acc=0.8601 val_loss=0.3518 router_H=0.6885 best=0.8601
           router_load=[0.09471099078655243, 0.3821747899055481, 0.5231141448020935, 0.0]
[step 0090/150] method=baseline_cagrad loss=0.3774 train_acc=0.8656 train_loss=0.3514 val_acc=0.8601 val_loss=0.3518 router_H=0.6885 best=0.8601
           router_load=[0.09471099078655243, 0.3821747899055481, 0.5231141448020935, 0.0]
[step 0100/150] method=baseline_cagrad loss=0.4410 train_acc=0.8706 train_loss=0.3263 val_acc=0.9025 val_loss=0.2495 router_H=0.6870 best=0.9025
           router_load=[0.32835447788238525, 0.32736700773239136, 0.34427857398986816, 0.0]
[step 0110/150] method=baseline_cagrad loss=0.4728 train_acc=0.8706 train_loss=0.3263 val_acc=0.9025 val_loss=0.2495 router_H=0.6870 best=0.9025
           router_load=[0.32835447788238525, 0.32736700773239136, 0.34427857398986816, 0.0]
[step 0120/150] method=baseline_cagrad loss=0.3537 train_acc=0.8706 train_loss=0.3263 val_acc=0.9025 val_loss=0.2495 router_H=0.6870 best=0.9025
           router_load=[0.32835447788238525, 0.32736700773239136, 0.34427857398986816, 0.0]
[step 0130/150] method=baseline_cagrad loss=0.4269 train_acc=0.8706 train_loss=0.3263 val_acc=0.9025 val_loss=0.2495 router_H=0.6870 best=0.9025
           router_load=[0.32835447788238525, 0.32736700773239136, 0.34427857398986816, 0.0]
[step 0140/150] method=baseline_cagrad loss=0.2984 train_acc=0.8706 train_loss=0.3263 val_acc=0.9025 val_loss=0.2495 router_H=0.6870 best=0.9025
           router_load=[0.32835447788238525, 0.32736700773239136, 0.34427857398986816, 0.0]
[step 0150/150] method=baseline_cagrad loss=0.1338 train_acc=0.8960 train_loss=0.2996 val_acc=0.9186 val_loss=0.2464 router_H=0.6878 best=0.9186
           router_load=[0.27028775215148926, 0.31502237915992737, 0.4120585024356842, 0.002631295705214143]
saved summary -> /home/zhujjing/MOE-grad-conflict-routing/runs/paper_suite/single_gpu/single_task/roberta_sst2_lora_e4_k2/hpo/cagrad/trial_runs/coord_02_train_weight_decay_004/cagrad_s3.json
saved curve -> /home/zhujjing/MOE-grad-conflict-routing/runs/paper_suite/single_gpu/single_task/roberta_sst2_lora_e4_k2/hpo/cagrad/trial_runs/coord_02_train_weight_decay_004/cagrad_s3_curve.csv
