[run] method=cagrad candidate=coord_02_train_weight_decay_007 seed=2 steps=150 gpu=0
[run] cmd=
/home/zhujjing/anaconda3/envs/moe/bin/python /home/zhujjing/MOE-grad-conflict-routing/scripts/run.py --config configs/singletask_sst2_real.yaml --set model.backbone_backend=hf --set model.hf_load_pretrained=true --set model.backbone=roberta --set model.hf_pretrained_name=roberta-base --set model.expert_type=lora --set model.routing_mode=topk --set model.num_experts=4 --set model.top_k=2 --set seed=2 --set method.name=baseline_cagrad --set train.steps=150 --set train.eval_every_steps=50 --set method.baseline_cagrad.c=0.4 --set method.baseline_cagrad.inner_lr=0.1 --set train.grad_clip=1 --set train.lr=2e-05 --set train.weight_decay=0.005634744023 --out /home/zhujjing/MOE-grad-conflict-routing/runs/paper_suite/single_gpu/single_task/roberta_sst2_lora_e4_k2/hpo/cagrad/trial_runs/coord_02_train_weight_decay_007/cagrad_s2.json --curve_out /home/zhujjing/MOE-grad-conflict-routing/runs/paper_suite/single_gpu/single_task/roberta_sst2_lora_e4_k2/hpo/cagrad/trial_runs/coord_02_train_weight_decay_007/cagrad_s2_curve.csv
Using the latest cached version of the dataset since glue couldn't be found on the Hugging Face Hub (offline mode is enabled).
Found the latest cached dataset configuration 'sst2' at /home/zhujjing/hf_cache/datasets/glue/sst2/0.0.0/bcdcba79d07bc864c1c254ccfcedcce55bcc9a8c (last modified on Thu Mar 19 15:01:41 2026).
/home/zhujjing/anaconda3/envs/moe/lib/python3.10/site-packages/transformers/utils/hub.py:124: FutureWarning: Using `TRANSFORMERS_CACHE` is deprecated and will be removed in v5 of Transformers. Use `HF_HOME` instead.
  warnings.warn(
Some weights of RobertaModel were not initialized from the model checkpoint at roberta-base and are newly initialized: ['roberta.pooler.dense.bias', 'roberta.pooler.dense.weight']
You should probably TRAIN this model on a down-stream task to be able to use it for predictions and inference.
[step 0001/150] method=baseline_cagrad loss=0.7082 train_acc=nan train_loss=nan val_acc=nan val_loss=nan best=-1.0000
[step 0010/150] method=baseline_cagrad loss=0.7290 train_acc=nan train_loss=nan val_acc=nan val_loss=nan best=-1.0000
[step 0020/150] method=baseline_cagrad loss=0.5618 train_acc=nan train_loss=nan val_acc=nan val_loss=nan best=-1.0000
[step 0030/150] method=baseline_cagrad loss=0.1786 train_acc=nan train_loss=nan val_acc=nan val_loss=nan best=-1.0000
[step 0040/150] method=baseline_cagrad loss=0.0991 train_acc=nan train_loss=nan val_acc=nan val_loss=nan best=-1.0000
[step 0050/150] method=baseline_cagrad loss=0.5380 train_acc=0.8722 train_loss=0.3285 val_acc=0.8842 val_loss=0.2961 router_H=0.6841 best=0.8842
           router_load=[0.5457776784896851, 0.45284897089004517, 0.0, 0.001373280305415392]
[step 0060/150] method=baseline_cagrad loss=0.4349 train_acc=0.8722 train_loss=0.3285 val_acc=0.8842 val_loss=0.2961 router_H=0.6841 best=0.8842
           router_load=[0.5457776784896851, 0.45284897089004517, 0.0, 0.001373280305415392]
[step 0070/150] method=baseline_cagrad loss=0.4923 train_acc=0.8722 train_loss=0.3285 val_acc=0.8842 val_loss=0.2961 router_H=0.6841 best=0.8842
           router_load=[0.5457776784896851, 0.45284897089004517, 0.0, 0.001373280305415392]
[step 0080/150] method=baseline_cagrad loss=0.5836 train_acc=0.8722 train_loss=0.3285 val_acc=0.8842 val_loss=0.2961 router_H=0.6841 best=0.8842
           router_load=[0.5457776784896851, 0.45284897089004517, 0.0, 0.001373280305415392]
[step 0090/150] method=baseline_cagrad loss=0.3031 train_acc=0.8722 train_loss=0.3285 val_acc=0.8842 val_loss=0.2961 router_H=0.6841 best=0.8842
           router_load=[0.5457776784896851, 0.45284897089004517, 0.0, 0.001373280305415392]
[step 0100/150] method=baseline_cagrad loss=0.5749 train_acc=0.7789 train_loss=0.5106 val_acc=0.7007 val_loss=0.6200 router_H=0.6887 best=0.8842
           router_load=[0.492429256439209, 0.4863024055957794, 0.015282305888831615, 0.005985994357615709]
[step 0110/150] method=baseline_cagrad loss=0.3749 train_acc=0.7789 train_loss=0.5106 val_acc=0.7007 val_loss=0.6200 router_H=0.6887 best=0.8842
           router_load=[0.492429256439209, 0.4863024055957794, 0.015282305888831615, 0.005985994357615709]
[step 0120/150] method=baseline_cagrad loss=0.5872 train_acc=0.7789 train_loss=0.5106 val_acc=0.7007 val_loss=0.6200 router_H=0.6887 best=0.8842
           router_load=[0.492429256439209, 0.4863024055957794, 0.015282305888831615, 0.005985994357615709]
[step 0130/150] method=baseline_cagrad loss=0.3620 train_acc=0.7789 train_loss=0.5106 val_acc=0.7007 val_loss=0.6200 router_H=0.6887 best=0.8842
           router_load=[0.492429256439209, 0.4863024055957794, 0.015282305888831615, 0.005985994357615709]
[step 0140/150] method=baseline_cagrad loss=0.7791 train_acc=0.7789 train_loss=0.5106 val_acc=0.7007 val_loss=0.6200 router_H=0.6887 best=0.8842
           router_load=[0.492429256439209, 0.4863024055957794, 0.015282305888831615, 0.005985994357615709]
[step 0150/150] method=baseline_cagrad loss=0.5220 train_acc=0.8905 train_loss=0.2824 val_acc=0.8899 val_loss=0.2739 router_H=0.6873 best=0.8899
           router_load=[0.5267009139060974, 0.4706747829914093, 0.0010660348925739527, 0.0015582615742459893]
saved summary -> /home/zhujjing/MOE-grad-conflict-routing/runs/paper_suite/single_gpu/single_task/roberta_sst2_lora_e4_k2/hpo/cagrad/trial_runs/coord_02_train_weight_decay_007/cagrad_s2.json
saved curve -> /home/zhujjing/MOE-grad-conflict-routing/runs/paper_suite/single_gpu/single_task/roberta_sst2_lora_e4_k2/hpo/cagrad/trial_runs/coord_02_train_weight_decay_007/cagrad_s2_curve.csv
