[run] method=cagrad candidate=coord_02_train_weight_decay_006 seed=2 steps=150 gpu=0
[run] cmd=
/home/zhujjing/anaconda3/envs/moe/bin/python /home/zhujjing/MOE-grad-conflict-routing/scripts/run.py --config configs/singletask_sst2_real.yaml --set model.backbone_backend=hf --set model.hf_load_pretrained=true --set model.backbone=roberta --set model.hf_pretrained_name=roberta-base --set model.expert_type=lora --set model.routing_mode=topk --set model.num_experts=4 --set model.top_k=2 --set seed=2 --set method.name=baseline_cagrad --set train.steps=150 --set train.eval_every_steps=50 --set method.baseline_cagrad.c=0.4 --set method.baseline_cagrad.inner_lr=0.1 --set train.grad_clip=1 --set train.lr=2e-05 --set train.weight_decay=0.03456878451 --out /home/zhujjing/MOE-grad-conflict-routing/runs/paper_suite/single_gpu/single_task/roberta_sst2_lora_e4_k2/hpo/cagrad/trial_runs/coord_02_train_weight_decay_006/cagrad_s2.json --curve_out /home/zhujjing/MOE-grad-conflict-routing/runs/paper_suite/single_gpu/single_task/roberta_sst2_lora_e4_k2/hpo/cagrad/trial_runs/coord_02_train_weight_decay_006/cagrad_s2_curve.csv
Using the latest cached version of the dataset since glue couldn't be found on the Hugging Face Hub (offline mode is enabled).
Found the latest cached dataset configuration 'sst2' at /home/zhujjing/hf_cache/datasets/glue/sst2/0.0.0/bcdcba79d07bc864c1c254ccfcedcce55bcc9a8c (last modified on Thu Mar 19 15:01:41 2026).
/home/zhujjing/anaconda3/envs/moe/lib/python3.10/site-packages/transformers/utils/hub.py:124: FutureWarning: Using `TRANSFORMERS_CACHE` is deprecated and will be removed in v5 of Transformers. Use `HF_HOME` instead.
  warnings.warn(
Some weights of RobertaModel were not initialized from the model checkpoint at roberta-base and are newly initialized: ['roberta.pooler.dense.bias', 'roberta.pooler.dense.weight']
You should probably TRAIN this model on a down-stream task to be able to use it for predictions and inference.
[step 0001/150] method=baseline_cagrad loss=0.8845 train_acc=nan train_loss=nan val_acc=nan val_loss=nan best=-1.0000
[step 0010/150] method=baseline_cagrad loss=0.7526 train_acc=nan train_loss=nan val_acc=nan val_loss=nan best=-1.0000
[step 0020/150] method=baseline_cagrad loss=0.5743 train_acc=nan train_loss=nan val_acc=nan val_loss=nan best=-1.0000
[step 0030/150] method=baseline_cagrad loss=0.1844 train_acc=nan train_loss=nan val_acc=nan val_loss=nan best=-1.0000
[step 0040/150] method=baseline_cagrad loss=0.0700 train_acc=nan train_loss=nan val_acc=nan val_loss=nan best=-1.0000
[step 0050/150] method=baseline_cagrad loss=0.6319 train_acc=0.8660 train_loss=0.3828 val_acc=0.8658 val_loss=0.3720 router_H=0.6887 best=0.8658
           router_load=[0.23405064642429352, 0.42166221141815186, 0.0859750434756279, 0.2583121657371521]
[step 0060/150] method=baseline_cagrad loss=0.3286 train_acc=0.8660 train_loss=0.3828 val_acc=0.8658 val_loss=0.3720 router_H=0.6887 best=0.8658
           router_load=[0.23405064642429352, 0.42166221141815186, 0.0859750434756279, 0.2583121657371521]
[step 0070/150] method=baseline_cagrad loss=0.4256 train_acc=0.8660 train_loss=0.3828 val_acc=0.8658 val_loss=0.3720 router_H=0.6887 best=0.8658
           router_load=[0.23405064642429352, 0.42166221141815186, 0.0859750434756279, 0.2583121657371521]
[step 0080/150] method=baseline_cagrad loss=0.4330 train_acc=0.8660 train_loss=0.3828 val_acc=0.8658 val_loss=0.3720 router_H=0.6887 best=0.8658
           router_load=[0.23405064642429352, 0.42166221141815186, 0.0859750434756279, 0.2583121657371521]
[step 0090/150] method=baseline_cagrad loss=0.6086 train_acc=0.8660 train_loss=0.3828 val_acc=0.8658 val_loss=0.3720 router_H=0.6887 best=0.8658
           router_load=[0.23405064642429352, 0.42166221141815186, 0.0859750434756279, 0.2583121657371521]
[step 0100/150] method=baseline_cagrad loss=0.4589 train_acc=0.8004 train_loss=0.5086 val_acc=0.7443 val_loss=0.6521 router_H=0.6900 best=0.8658
           router_load=[0.3808977007865906, 0.33333322405815125, 0.11418240517377853, 0.17158666253089905]
[step 0110/150] method=baseline_cagrad loss=0.4122 train_acc=0.8004 train_loss=0.5086 val_acc=0.7443 val_loss=0.6521 router_H=0.6900 best=0.8658
           router_load=[0.3808977007865906, 0.33333322405815125, 0.11418240517377853, 0.17158666253089905]
[step 0120/150] method=baseline_cagrad loss=0.4776 train_acc=0.8004 train_loss=0.5086 val_acc=0.7443 val_loss=0.6521 router_H=0.6900 best=0.8658
           router_load=[0.3808977007865906, 0.33333322405815125, 0.11418240517377853, 0.17158666253089905]
[step 0130/150] method=baseline_cagrad loss=0.2128 train_acc=0.8004 train_loss=0.5086 val_acc=0.7443 val_loss=0.6521 router_H=0.6900 best=0.8658
           router_load=[0.3808977007865906, 0.33333322405815125, 0.11418240517377853, 0.17158666253089905]
[step 0140/150] method=baseline_cagrad loss=0.6086 train_acc=0.8004 train_loss=0.5086 val_acc=0.7443 val_loss=0.6521 router_H=0.6900 best=0.8658
           router_load=[0.3808977007865906, 0.33333322405815125, 0.11418240517377853, 0.17158666253089905]
[step 0150/150] method=baseline_cagrad loss=0.6097 train_acc=0.8825 train_loss=0.2972 val_acc=0.8945 val_loss=0.2636 router_H=0.6894 best=0.8945
           router_load=[0.41704124212265015, 0.2521273195743561, 0.0395195409655571, 0.291312038898468]
saved summary -> /home/zhujjing/MOE-grad-conflict-routing/runs/paper_suite/single_gpu/single_task/roberta_sst2_lora_e4_k2/hpo/cagrad/trial_runs/coord_02_train_weight_decay_006/cagrad_s2.json
saved curve -> /home/zhujjing/MOE-grad-conflict-routing/runs/paper_suite/single_gpu/single_task/roberta_sst2_lora_e4_k2/hpo/cagrad/trial_runs/coord_02_train_weight_decay_006/cagrad_s2_curve.csv
