[run] method=cagrad candidate=coord_02_train_weight_decay_014 seed=2 steps=150 gpu=0
[run] cmd=
/home/zhujjing/anaconda3/envs/moe/bin/python /home/zhujjing/MOE-grad-conflict-routing/scripts/run.py --config configs/singletask_sst2_real.yaml --set model.backbone_backend=hf --set model.hf_load_pretrained=true --set model.backbone=roberta --set model.hf_pretrained_name=roberta-base --set model.expert_type=lora --set model.routing_mode=topk --set model.num_experts=4 --set model.top_k=2 --set seed=2 --set method.name=baseline_cagrad --set train.steps=150 --set train.eval_every_steps=50 --set method.baseline_cagrad.c=0.4 --set method.baseline_cagrad.inner_lr=0.1 --set train.grad_clip=1 --set train.lr=2e-05 --set train.weight_decay=0.03714616012 --out /home/zhujjing/MOE-grad-conflict-routing/runs/paper_suite/single_gpu/single_task/roberta_sst2_lora_e4_k2/hpo/cagrad/trial_runs/coord_02_train_weight_decay_014/cagrad_s2.json --curve_out /home/zhujjing/MOE-grad-conflict-routing/runs/paper_suite/single_gpu/single_task/roberta_sst2_lora_e4_k2/hpo/cagrad/trial_runs/coord_02_train_weight_decay_014/cagrad_s2_curve.csv
Using the latest cached version of the dataset since glue couldn't be found on the Hugging Face Hub (offline mode is enabled).
Found the latest cached dataset configuration 'sst2' at /home/zhujjing/hf_cache/datasets/glue/sst2/0.0.0/bcdcba79d07bc864c1c254ccfcedcce55bcc9a8c (last modified on Thu Mar 19 15:01:41 2026).
/home/zhujjing/anaconda3/envs/moe/lib/python3.10/site-packages/transformers/utils/hub.py:124: FutureWarning: Using `TRANSFORMERS_CACHE` is deprecated and will be removed in v5 of Transformers. Use `HF_HOME` instead.
  warnings.warn(
Some weights of RobertaModel were not initialized from the model checkpoint at roberta-base and are newly initialized: ['roberta.pooler.dense.bias', 'roberta.pooler.dense.weight']
You should probably TRAIN this model on a down-stream task to be able to use it for predictions and inference.
[step 0001/150] method=baseline_cagrad loss=0.6169 train_acc=nan train_loss=nan val_acc=nan val_loss=nan best=-1.0000
[step 0010/150] method=baseline_cagrad loss=0.6948 train_acc=nan train_loss=nan val_acc=nan val_loss=nan best=-1.0000
[step 0020/150] method=baseline_cagrad loss=0.6295 train_acc=nan train_loss=nan val_acc=nan val_loss=nan best=-1.0000
[step 0030/150] method=baseline_cagrad loss=0.4448 train_acc=nan train_loss=nan val_acc=nan val_loss=nan best=-1.0000
[step 0040/150] method=baseline_cagrad loss=0.1337 train_acc=nan train_loss=nan val_acc=nan val_loss=nan best=-1.0000
[step 0050/150] method=baseline_cagrad loss=0.1066 train_acc=0.8698 train_loss=0.3675 val_acc=0.8589 val_loss=0.4072 router_H=0.6106 best=0.8589
           router_load=[0.016066264361143112, 0.1359364092350006, 0.6913964748382568, 0.1566009819507599]
[step 0060/150] method=baseline_cagrad loss=0.4353 train_acc=0.8698 train_loss=0.3675 val_acc=0.8589 val_loss=0.4072 router_H=0.6106 best=0.8589
           router_load=[0.016066264361143112, 0.1359364092350006, 0.6913964748382568, 0.1566009819507599]
[step 0070/150] method=baseline_cagrad loss=0.3561 train_acc=0.8698 train_loss=0.3675 val_acc=0.8589 val_loss=0.4072 router_H=0.6106 best=0.8589
           router_load=[0.016066264361143112, 0.1359364092350006, 0.6913964748382568, 0.1566009819507599]
[step 0080/150] method=baseline_cagrad loss=0.5241 train_acc=0.8698 train_loss=0.3675 val_acc=0.8589 val_loss=0.4072 router_H=0.6106 best=0.8589
           router_load=[0.016066264361143112, 0.1359364092350006, 0.6913964748382568, 0.1566009819507599]
[step 0090/150] method=baseline_cagrad loss=0.2099 train_acc=0.8698 train_loss=0.3675 val_acc=0.8589 val_loss=0.4072 router_H=0.6106 best=0.8589
           router_load=[0.016066264361143112, 0.1359364092350006, 0.6913964748382568, 0.1566009819507599]
[step 0100/150] method=baseline_cagrad loss=0.4577 train_acc=0.8291 train_loss=0.5735 val_acc=0.7500 val_loss=0.8383 router_H=0.6139 best=0.8589
           router_load=[0.03315204754471779, 0.013513710349798203, 0.6895105242729187, 0.2638236880302429]
[step 0110/150] method=baseline_cagrad loss=0.4778 train_acc=0.8291 train_loss=0.5735 val_acc=0.7500 val_loss=0.8383 router_H=0.6139 best=0.8589
           router_load=[0.03315204754471779, 0.013513710349798203, 0.6895105242729187, 0.2638236880302429]
[step 0120/150] method=baseline_cagrad loss=0.8228 train_acc=0.8291 train_loss=0.5735 val_acc=0.7500 val_loss=0.8383 router_H=0.6139 best=0.8589
           router_load=[0.03315204754471779, 0.013513710349798203, 0.6895105242729187, 0.2638236880302429]
[step 0130/150] method=baseline_cagrad loss=0.2895 train_acc=0.8291 train_loss=0.5735 val_acc=0.7500 val_loss=0.8383 router_H=0.6139 best=0.8589
           router_load=[0.03315204754471779, 0.013513710349798203, 0.6895105242729187, 0.2638236880302429]
[step 0140/150] method=baseline_cagrad loss=0.3978 train_acc=0.8291 train_loss=0.5735 val_acc=0.7500 val_loss=0.8383 router_H=0.6139 best=0.8589
           router_load=[0.03315204754471779, 0.013513710349798203, 0.6895105242729187, 0.2638236880302429]
[step 0150/150] method=baseline_cagrad loss=0.7770 train_acc=0.8894 train_loss=0.3044 val_acc=0.8865 val_loss=0.3094 router_H=0.5958 best=0.8865
           router_load=[0.014856995083391666, 0.03518163412809372, 0.7109504342079163, 0.23901088535785675]
saved summary -> /home/zhujjing/MOE-grad-conflict-routing/runs/paper_suite/single_gpu/single_task/roberta_sst2_lora_e4_k2/hpo/cagrad/trial_runs/coord_02_train_weight_decay_014/cagrad_s2.json
saved curve -> /home/zhujjing/MOE-grad-conflict-routing/runs/paper_suite/single_gpu/single_task/roberta_sst2_lora_e4_k2/hpo/cagrad/trial_runs/coord_02_train_weight_decay_014/cagrad_s2_curve.csv
