[run] method=cagrad candidate=coord_02_train_weight_decay_016 seed=2 steps=150 gpu=0
[run] cmd=
/home/zhujjing/anaconda3/envs/moe/bin/python /home/zhujjing/MOE-grad-conflict-routing/scripts/run.py --config configs/singletask_sst2_real.yaml --set model.backbone_backend=hf --set model.hf_load_pretrained=true --set model.backbone=roberta --set model.hf_pretrained_name=roberta-base --set model.expert_type=lora --set model.routing_mode=topk --set model.num_experts=4 --set model.top_k=2 --set seed=2 --set method.name=baseline_cagrad --set train.steps=150 --set train.eval_every_steps=50 --set method.baseline_cagrad.c=0.4 --set method.baseline_cagrad.inner_lr=0.1 --set train.grad_clip=1 --set train.lr=2e-05 --set train.weight_decay=0.01797160105 --out /home/zhujjing/MOE-grad-conflict-routing/runs/paper_suite/single_gpu/single_task/roberta_sst2_lora_e4_k2/hpo/cagrad/trial_runs/coord_02_train_weight_decay_016/cagrad_s2.json --curve_out /home/zhujjing/MOE-grad-conflict-routing/runs/paper_suite/single_gpu/single_task/roberta_sst2_lora_e4_k2/hpo/cagrad/trial_runs/coord_02_train_weight_decay_016/cagrad_s2_curve.csv
Using the latest cached version of the dataset since glue couldn't be found on the Hugging Face Hub (offline mode is enabled).
Found the latest cached dataset configuration 'sst2' at /home/zhujjing/hf_cache/datasets/glue/sst2/0.0.0/bcdcba79d07bc864c1c254ccfcedcce55bcc9a8c (last modified on Thu Mar 19 15:01:41 2026).
/home/zhujjing/anaconda3/envs/moe/lib/python3.10/site-packages/transformers/utils/hub.py:124: FutureWarning: Using `TRANSFORMERS_CACHE` is deprecated and will be removed in v5 of Transformers. Use `HF_HOME` instead.
  warnings.warn(
Some weights of RobertaModel were not initialized from the model checkpoint at roberta-base and are newly initialized: ['roberta.pooler.dense.bias', 'roberta.pooler.dense.weight']
You should probably TRAIN this model on a down-stream task to be able to use it for predictions and inference.
[step 0001/150] method=baseline_cagrad loss=0.6037 train_acc=nan train_loss=nan val_acc=nan val_loss=nan best=-1.0000
[step 0010/150] method=baseline_cagrad loss=0.6977 train_acc=nan train_loss=nan val_acc=nan val_loss=nan best=-1.0000
[step 0020/150] method=baseline_cagrad loss=0.6213 train_acc=nan train_loss=nan val_acc=nan val_loss=nan best=-1.0000
[step 0030/150] method=baseline_cagrad loss=0.5381 train_acc=nan train_loss=nan val_acc=nan val_loss=nan best=-1.0000
[step 0040/150] method=baseline_cagrad loss=0.0830 train_acc=nan train_loss=nan val_acc=nan val_loss=nan best=-1.0000
[step 0050/150] method=baseline_cagrad loss=0.3676 train_acc=0.8611 train_loss=0.4124 val_acc=0.8463 val_loss=0.3809 router_H=0.6769 best=0.8463
           router_load=[0.02108542062342167, 0.5368123650550842, 0.3720966577529907, 0.07000569999217987]
[step 0060/150] method=baseline_cagrad loss=0.1600 train_acc=0.8611 train_loss=0.4124 val_acc=0.8463 val_loss=0.3809 router_H=0.6769 best=0.8463
           router_load=[0.02108542062342167, 0.5368123650550842, 0.3720966577529907, 0.07000569999217987]
[step 0070/150] method=baseline_cagrad loss=0.5367 train_acc=0.8611 train_loss=0.4124 val_acc=0.8463 val_loss=0.3809 router_H=0.6769 best=0.8463
           router_load=[0.02108542062342167, 0.5368123650550842, 0.3720966577529907, 0.07000569999217987]
[step 0080/150] method=baseline_cagrad loss=0.6177 train_acc=0.8611 train_loss=0.4124 val_acc=0.8463 val_loss=0.3809 router_H=0.6769 best=0.8463
           router_load=[0.02108542062342167, 0.5368123650550842, 0.3720966577529907, 0.07000569999217987]
[step 0090/150] method=baseline_cagrad loss=0.2791 train_acc=0.8611 train_loss=0.4124 val_acc=0.8463 val_loss=0.3809 router_H=0.6769 best=0.8463
           router_load=[0.02108542062342167, 0.5368123650550842, 0.3720966577529907, 0.07000569999217987]
[step 0100/150] method=baseline_cagrad loss=0.6384 train_acc=0.7803 train_loss=0.5080 val_acc=0.7144 val_loss=0.6025 router_H=0.6760 best=0.8463
           router_load=[0.001113778562285006, 0.580633819103241, 0.41729816794395447, 0.0009543389896862209]
[step 0110/150] method=baseline_cagrad loss=0.3705 train_acc=0.7803 train_loss=0.5080 val_acc=0.7144 val_loss=0.6025 router_H=0.6760 best=0.8463
           router_load=[0.001113778562285006, 0.580633819103241, 0.41729816794395447, 0.0009543389896862209]
[step 0120/150] method=baseline_cagrad loss=0.3785 train_acc=0.7803 train_loss=0.5080 val_acc=0.7144 val_loss=0.6025 router_H=0.6760 best=0.8463
           router_load=[0.001113778562285006, 0.580633819103241, 0.41729816794395447, 0.0009543389896862209]
[step 0130/150] method=baseline_cagrad loss=0.3242 train_acc=0.7803 train_loss=0.5080 val_acc=0.7144 val_loss=0.6025 router_H=0.6760 best=0.8463
           router_load=[0.001113778562285006, 0.580633819103241, 0.41729816794395447, 0.0009543389896862209]
[step 0140/150] method=baseline_cagrad loss=0.5835 train_acc=0.7803 train_loss=0.5080 val_acc=0.7144 val_loss=0.6025 router_H=0.6760 best=0.8463
           router_load=[0.001113778562285006, 0.580633819103241, 0.41729816794395447, 0.0009543389896862209]
[step 0150/150] method=baseline_cagrad loss=0.4156 train_acc=0.8873 train_loss=0.2883 val_acc=0.8945 val_loss=0.2497 router_H=0.6652 best=0.8945
           router_load=[0.004457332193851471, 0.5953264236450195, 0.4002162218093872, 0.0]
saved summary -> /home/zhujjing/MOE-grad-conflict-routing/runs/paper_suite/single_gpu/single_task/roberta_sst2_lora_e4_k2/hpo/cagrad/trial_runs/coord_02_train_weight_decay_016/cagrad_s2.json
saved curve -> /home/zhujjing/MOE-grad-conflict-routing/runs/paper_suite/single_gpu/single_task/roberta_sst2_lora_e4_k2/hpo/cagrad/trial_runs/coord_02_train_weight_decay_016/cagrad_s2_curve.csv
