[run] method=cagrad candidate=coord_03_train_grad_clip_004 seed=11 steps=1000 gpu=0
[run] cmd=
/home/zhujjing/anaconda3/envs/moe/bin/python /home/zhujjing/MOE-grad-conflict-routing/scripts/run.py --config configs/singletask_rte_real.yaml --set model.backbone_backend=hf --set model.hf_load_pretrained=true --set model.backbone=roberta --set model.hf_pretrained_name=roberta-base --set model.expert_type=ffn --set model.routing_mode=topk --set model.num_experts=4 --set model.top_k=2 --set seed=11 --set method.name=baseline_cagrad --set train.steps=1000 --set train.eval_every_steps=50 --set method.baseline_cagrad.c=0.4 --set method.baseline_cagrad.inner_lr=0.1 --set train.grad_clip=1.23610215 --set train.lr=2.52305587e-05 --set train.weight_decay=0.0003465461751 --out /home/zhujjing/MOE-grad-conflict-routing/runs/paper_suite/single_gpu/single_task/roberta_rte_ffn_e4_k2/final/cagrad_s11.json --curve_out /home/zhujjing/MOE-grad-conflict-routing/runs/paper_suite/single_gpu/single_task/roberta_rte_ffn_e4_k2/final/cagrad_s11_curve.csv
Using the latest cached version of the dataset since glue couldn't be found on the Hugging Face Hub (offline mode is enabled).
Found the latest cached dataset configuration 'rte' at /home/zhujjing/hf_cache/datasets/glue/rte/0.0.0/bcdcba79d07bc864c1c254ccfcedcce55bcc9a8c (last modified on Thu Mar 19 15:00:36 2026).
/home/zhujjing/anaconda3/envs/moe/lib/python3.10/site-packages/transformers/utils/hub.py:124: FutureWarning: Using `TRANSFORMERS_CACHE` is deprecated and will be removed in v5 of Transformers. Use `HF_HOME` instead.
  warnings.warn(
Some weights of RobertaModel were not initialized from the model checkpoint at roberta-base and are newly initialized: ['roberta.pooler.dense.bias', 'roberta.pooler.dense.weight']
You should probably TRAIN this model on a down-stream task to be able to use it for predictions and inference.
[step 0001/1000] method=baseline_cagrad loss=0.6924 train_acc=nan train_loss=nan val_acc=nan val_loss=nan best=-1.0000
[step 0010/1000] method=baseline_cagrad loss=0.6909 train_acc=nan train_loss=nan val_acc=nan val_loss=nan best=-1.0000
[step 0020/1000] method=baseline_cagrad loss=0.6901 train_acc=nan train_loss=nan val_acc=nan val_loss=nan best=-1.0000
[step 0030/1000] method=baseline_cagrad loss=0.6858 train_acc=nan train_loss=nan val_acc=nan val_loss=nan best=-1.0000
[step 0040/1000] method=baseline_cagrad loss=0.6684 train_acc=nan train_loss=nan val_acc=nan val_loss=nan best=-1.0000
[step 0050/1000] method=baseline_cagrad loss=0.6639 train_acc=0.6293 train_loss=0.6715 val_acc=0.6173 val_loss=0.6715 router_H=0.6714 best=0.6173
           router_load=[0.6005162000656128, 0.3001841604709625, 0.004454717040061951, 0.09484491497278214]
[step 0060/1000] method=baseline_cagrad loss=0.7266 train_acc=0.6293 train_loss=0.6715 val_acc=0.6173 val_loss=0.6715 router_H=0.6714 best=0.6173
           router_load=[0.6005162000656128, 0.3001841604709625, 0.004454717040061951, 0.09484491497278214]
[step 0070/1000] method=baseline_cagrad loss=0.6257 train_acc=0.6293 train_loss=0.6715 val_acc=0.6173 val_loss=0.6715 router_H=0.6714 best=0.6173
           router_load=[0.6005162000656128, 0.3001841604709625, 0.004454717040061951, 0.09484491497278214]
[step 0080/1000] method=baseline_cagrad loss=0.6543 train_acc=0.6293 train_loss=0.6715 val_acc=0.6173 val_loss=0.6715 router_H=0.6714 best=0.6173
           router_load=[0.6005162000656128, 0.3001841604709625, 0.004454717040061951, 0.09484491497278214]
[step 0090/1000] method=baseline_cagrad loss=0.5660 train_acc=0.6293 train_loss=0.6715 val_acc=0.6173 val_loss=0.6715 router_H=0.6714 best=0.6173
           router_load=[0.6005162000656128, 0.3001841604709625, 0.004454717040061951, 0.09484491497278214]
[step 0100/1000] method=baseline_cagrad loss=0.5743 train_acc=0.7080 train_loss=0.6126 val_acc=0.6462 val_loss=0.6468 router_H=0.6609 best=0.6462
           router_load=[0.6239543557167053, 0.37604573369026184, 0.0, 0.0]
[step 0110/1000] method=baseline_cagrad loss=0.6407 train_acc=0.7080 train_loss=0.6126 val_acc=0.6462 val_loss=0.6468 router_H=0.6609 best=0.6462
           router_load=[0.6239543557167053, 0.37604573369026184, 0.0, 0.0]
[step 0120/1000] method=baseline_cagrad loss=0.6176 train_acc=0.7080 train_loss=0.6126 val_acc=0.6462 val_loss=0.6468 router_H=0.6609 best=0.6462
           router_load=[0.6239543557167053, 0.37604573369026184, 0.0, 0.0]
[step 0130/1000] method=baseline_cagrad loss=0.6705 train_acc=0.7080 train_loss=0.6126 val_acc=0.6462 val_loss=0.6468 router_H=0.6609 best=0.6462
           router_load=[0.6239543557167053, 0.37604573369026184, 0.0, 0.0]
[step 0140/1000] method=baseline_cagrad loss=0.4887 train_acc=0.7080 train_loss=0.6126 val_acc=0.6462 val_loss=0.6468 router_H=0.6609 best=0.6462
           router_load=[0.6239543557167053, 0.37604573369026184, 0.0, 0.0]
[step 0150/1000] method=baseline_cagrad loss=0.7075 train_acc=0.7566 train_loss=0.5736 val_acc=0.6606 val_loss=0.6278 router_H=0.6407 best=0.6606
           router_load=[0.6587162613868713, 0.3400874137878418, 0.001196355908177793, 0.0]
[step 0160/1000] method=baseline_cagrad loss=0.6374 train_acc=0.7566 train_loss=0.5736 val_acc=0.6606 val_loss=0.6278 router_H=0.6407 best=0.6606
           router_load=[0.6587162613868713, 0.3400874137878418, 0.001196355908177793, 0.0]
[step 0170/1000] method=baseline_cagrad loss=0.7124 train_acc=0.7566 train_loss=0.5736 val_acc=0.6606 val_loss=0.6278 router_H=0.6407 best=0.6606
           router_load=[0.6587162613868713, 0.3400874137878418, 0.001196355908177793, 0.0]
[step 0180/1000] method=baseline_cagrad loss=0.4816 train_acc=0.7566 train_loss=0.5736 val_acc=0.6606 val_loss=0.6278 router_H=0.6407 best=0.6606
           router_load=[0.6587162613868713, 0.3400874137878418, 0.001196355908177793, 0.0]
[step 0190/1000] method=baseline_cagrad loss=0.3992 train_acc=0.7566 train_loss=0.5736 val_acc=0.6606 val_loss=0.6278 router_H=0.6407 best=0.6606
           router_load=[0.6587162613868713, 0.3400874137878418, 0.001196355908177793, 0.0]
[step 0200/1000] method=baseline_cagrad loss=0.4710 train_acc=0.8112 train_loss=0.4421 val_acc=0.7401 val_loss=0.6002 router_H=0.6307 best=0.7401
           router_load=[0.6687390208244324, 0.3186187148094177, 0.012642196379601955, 0.0]
[step 0210/1000] method=baseline_cagrad loss=0.3920 train_acc=0.8112 train_loss=0.4421 val_acc=0.7401 val_loss=0.6002 router_H=0.6307 best=0.7401
           router_load=[0.6687390208244324, 0.3186187148094177, 0.012642196379601955, 0.0]
[step 0220/1000] method=baseline_cagrad loss=0.3766 train_acc=0.8112 train_loss=0.4421 val_acc=0.7401 val_loss=0.6002 router_H=0.6307 best=0.7401
           router_load=[0.6687390208244324, 0.3186187148094177, 0.012642196379601955, 0.0]
[step 0230/1000] method=baseline_cagrad loss=0.8494 train_acc=0.8112 train_loss=0.4421 val_acc=0.7401 val_loss=0.6002 router_H=0.6307 best=0.7401
           router_load=[0.6687390208244324, 0.3186187148094177, 0.012642196379601955, 0.0]
[step 0240/1000] method=baseline_cagrad loss=0.5759 train_acc=0.8112 train_loss=0.4421 val_acc=0.7401 val_loss=0.6002 router_H=0.6307 best=0.7401
           router_load=[0.6687390208244324, 0.3186187148094177, 0.012642196379601955, 0.0]
[step 0250/1000] method=baseline_cagrad loss=0.4305 train_acc=0.8566 train_loss=0.3703 val_acc=0.7329 val_loss=0.5629 router_H=0.6193 best=0.7401
           router_load=[0.6840922236442566, 0.2818981111049652, 0.03400958329439163, 0.0]
[step 0260/1000] method=baseline_cagrad loss=0.2636 train_acc=0.8566 train_loss=0.3703 val_acc=0.7329 val_loss=0.5629 router_H=0.6193 best=0.7401
           router_load=[0.6840922236442566, 0.2818981111049652, 0.03400958329439163, 0.0]
[step 0270/1000] method=baseline_cagrad loss=0.3934 train_acc=0.8566 train_loss=0.3703 val_acc=0.7329 val_loss=0.5629 router_H=0.6193 best=0.7401
           router_load=[0.6840922236442566, 0.2818981111049652, 0.03400958329439163, 0.0]
[step 0280/1000] method=baseline_cagrad loss=0.6217 train_acc=0.8566 train_loss=0.3703 val_acc=0.7329 val_loss=0.5629 router_H=0.6193 best=0.7401
           router_load=[0.6840922236442566, 0.2818981111049652, 0.03400958329439163, 0.0]
[step 0290/1000] method=baseline_cagrad loss=0.5854 train_acc=0.8566 train_loss=0.3703 val_acc=0.7329 val_loss=0.5629 router_H=0.6193 best=0.7401
           router_load=[0.6840922236442566, 0.2818981111049652, 0.03400958329439163, 0.0]
[step 0300/1000] method=baseline_cagrad loss=0.5023 train_acc=0.8876 train_loss=0.3098 val_acc=0.7220 val_loss=0.5941 router_H=0.6107 best=0.7401
           router_load=[0.6870038509368896, 0.2828857898712158, 0.027798330411314964, 0.002312094671651721]
[step 0310/1000] method=baseline_cagrad loss=0.4690 train_acc=0.8876 train_loss=0.3098 val_acc=0.7220 val_loss=0.5941 router_H=0.6107 best=0.7401
           router_load=[0.6870038509368896, 0.2828857898712158, 0.027798330411314964, 0.002312094671651721]
[step 0320/1000] method=baseline_cagrad loss=0.2791 train_acc=0.8876 train_loss=0.3098 val_acc=0.7220 val_loss=0.5941 router_H=0.6107 best=0.7401
           router_load=[0.6870038509368896, 0.2828857898712158, 0.027798330411314964, 0.002312094671651721]
[step 0330/1000] method=baseline_cagrad loss=0.3519 train_acc=0.8876 train_loss=0.3098 val_acc=0.7220 val_loss=0.5941 router_H=0.6107 best=0.7401
           router_load=[0.6870038509368896, 0.2828857898712158, 0.027798330411314964, 0.002312094671651721]
[step 0340/1000] method=baseline_cagrad loss=0.1322 train_acc=0.8876 train_loss=0.3098 val_acc=0.7220 val_loss=0.5941 router_H=0.6107 best=0.7401
           router_load=[0.6870038509368896, 0.2828857898712158, 0.027798330411314964, 0.002312094671651721]
[step 0350/1000] method=baseline_cagrad loss=0.1152 train_acc=0.9060 train_loss=0.2394 val_acc=0.7220 val_loss=0.6623 router_H=0.5555 best=0.7401
           router_load=[0.7516077756881714, 0.23348748683929443, 0.014904728159308434, 0.0]
[step 0360/1000] method=baseline_cagrad loss=0.6391 train_acc=0.9060 train_loss=0.2394 val_acc=0.7220 val_loss=0.6623 router_H=0.5555 best=0.7401
           router_load=[0.7516077756881714, 0.23348748683929443, 0.014904728159308434, 0.0]
[step 0370/1000] method=baseline_cagrad loss=0.2736 train_acc=0.9060 train_loss=0.2394 val_acc=0.7220 val_loss=0.6623 router_H=0.5555 best=0.7401
           router_load=[0.7516077756881714, 0.23348748683929443, 0.014904728159308434, 0.0]
[step 0380/1000] method=baseline_cagrad loss=0.6072 train_acc=0.9060 train_loss=0.2394 val_acc=0.7220 val_loss=0.6623 router_H=0.5555 best=0.7401
           router_load=[0.7516077756881714, 0.23348748683929443, 0.014904728159308434, 0.0]
[step 0390/1000] method=baseline_cagrad loss=0.4735 train_acc=0.9060 train_loss=0.2394 val_acc=0.7220 val_loss=0.6623 router_H=0.5555 best=0.7401
           router_load=[0.7516077756881714, 0.23348748683929443, 0.014904728159308434, 0.0]
[step 0400/1000] method=baseline_cagrad loss=0.5610 train_acc=0.8759 train_loss=0.4203 val_acc=0.7112 val_loss=0.9725 router_H=0.5726 best=0.7401
           router_load=[0.7349294424057007, 0.258588045835495, 0.006482494529336691, 0.0]
[step 0410/1000] method=baseline_cagrad loss=0.2769 train_acc=0.8759 train_loss=0.4203 val_acc=0.7112 val_loss=0.9725 router_H=0.5726 best=0.7401
           router_load=[0.7349294424057007, 0.258588045835495, 0.006482494529336691, 0.0]
[step 0420/1000] method=baseline_cagrad loss=0.4210 train_acc=0.8759 train_loss=0.4203 val_acc=0.7112 val_loss=0.9725 router_H=0.5726 best=0.7401
           router_load=[0.7349294424057007, 0.258588045835495, 0.006482494529336691, 0.0]
[step 0430/1000] method=baseline_cagrad loss=0.3548 train_acc=0.8759 train_loss=0.4203 val_acc=0.7112 val_loss=0.9725 router_H=0.5726 best=0.7401
           router_load=[0.7349294424057007, 0.258588045835495, 0.006482494529336691, 0.0]
[step 0440/1000] method=baseline_cagrad loss=0.9890 train_acc=0.8759 train_loss=0.4203 val_acc=0.7112 val_loss=0.9725 router_H=0.5726 best=0.7401
           router_load=[0.7349294424057007, 0.258588045835495, 0.006482494529336691, 0.0]
[step 0450/1000] method=baseline_cagrad loss=0.2259 train_acc=0.9165 train_loss=0.2543 val_acc=0.7256 val_loss=0.7027 router_H=0.6529 best=0.7401
           router_load=[0.6334777474403381, 0.3665221929550171, 0.0, 0.0]
[step 0460/1000] method=baseline_cagrad loss=0.3890 train_acc=0.9165 train_loss=0.2543 val_acc=0.7256 val_loss=0.7027 router_H=0.6529 best=0.7401
           router_load=[0.6334777474403381, 0.3665221929550171, 0.0, 0.0]
[step 0470/1000] method=baseline_cagrad loss=0.0824 train_acc=0.9165 train_loss=0.2543 val_acc=0.7256 val_loss=0.7027 router_H=0.6529 best=0.7401
           router_load=[0.6334777474403381, 0.3665221929550171, 0.0, 0.0]
[step 0480/1000] method=baseline_cagrad loss=0.5232 train_acc=0.9165 train_loss=0.2543 val_acc=0.7256 val_loss=0.7027 router_H=0.6529 best=0.7401
           router_load=[0.6334777474403381, 0.3665221929550171, 0.0, 0.0]
[step 0490/1000] method=baseline_cagrad loss=0.0340 train_acc=0.9165 train_loss=0.2543 val_acc=0.7256 val_loss=0.7027 router_H=0.6529 best=0.7401
           router_load=[0.6334777474403381, 0.3665221929550171, 0.0, 0.0]
[step 0500/1000] method=baseline_cagrad loss=0.3012 train_acc=0.9410 train_loss=0.2125 val_acc=0.7509 val_loss=0.9658 router_H=0.6043 best=0.7509
           router_load=[0.699758768081665, 0.29654771089553833, 0.003693491918966174, 0.0]
[step 0510/1000] method=baseline_cagrad loss=0.5365 train_acc=0.9410 train_loss=0.2125 val_acc=0.7509 val_loss=0.9658 router_H=0.6043 best=0.7509
           router_load=[0.699758768081665, 0.29654771089553833, 0.003693491918966174, 0.0]
[step 0520/1000] method=baseline_cagrad loss=0.0228 train_acc=0.9410 train_loss=0.2125 val_acc=0.7509 val_loss=0.9658 router_H=0.6043 best=0.7509
           router_load=[0.699758768081665, 0.29654771089553833, 0.003693491918966174, 0.0]
[step 0530/1000] method=baseline_cagrad loss=0.6208 train_acc=0.9410 train_loss=0.2125 val_acc=0.7509 val_loss=0.9658 router_H=0.6043 best=0.7509
           router_load=[0.699758768081665, 0.29654771089553833, 0.003693491918966174, 0.0]
[step 0540/1000] method=baseline_cagrad loss=0.5814 train_acc=0.9410 train_loss=0.2125 val_acc=0.7509 val_loss=0.9658 router_H=0.6043 best=0.7509
           router_load=[0.699758768081665, 0.29654771089553833, 0.003693491918966174, 0.0]
[step 0550/1000] method=baseline_cagrad loss=0.2364 train_acc=0.9036 train_loss=0.2761 val_acc=0.7256 val_loss=0.8122 router_H=0.6449 best=0.7509
           router_load=[0.6478368639945984, 0.34978044033050537, 0.0023828085977584124, 0.0]
[step 0560/1000] method=baseline_cagrad loss=0.3867 train_acc=0.9036 train_loss=0.2761 val_acc=0.7256 val_loss=0.8122 router_H=0.6449 best=0.7509
           router_load=[0.6478368639945984, 0.34978044033050537, 0.0023828085977584124, 0.0]
[step 0570/1000] method=baseline_cagrad loss=0.1585 train_acc=0.9036 train_loss=0.2761 val_acc=0.7256 val_loss=0.8122 router_H=0.6449 best=0.7509
           router_load=[0.6478368639945984, 0.34978044033050537, 0.0023828085977584124, 0.0]
[step 0580/1000] method=baseline_cagrad loss=0.2453 train_acc=0.9036 train_loss=0.2761 val_acc=0.7256 val_loss=0.8122 router_H=0.6449 best=0.7509
           router_load=[0.6478368639945984, 0.34978044033050537, 0.0023828085977584124, 0.0]
[step 0590/1000] method=baseline_cagrad loss=0.0776 train_acc=0.9036 train_loss=0.2761 val_acc=0.7256 val_loss=0.8122 router_H=0.6449 best=0.7509
           router_load=[0.6478368639945984, 0.34978044033050537, 0.0023828085977584124, 0.0]
[step 0600/1000] method=baseline_cagrad loss=0.1582 train_acc=0.9506 train_loss=0.1628 val_acc=0.7545 val_loss=0.7272 router_H=0.6546 best=0.7545
           router_load=[0.6311442852020264, 0.3678191006183624, 0.0010366064961999655, 0.0]
[step 0610/1000] method=baseline_cagrad loss=0.2878 train_acc=0.9506 train_loss=0.1628 val_acc=0.7545 val_loss=0.7272 router_H=0.6546 best=0.7545
           router_load=[0.6311442852020264, 0.3678191006183624, 0.0010366064961999655, 0.0]
[step 0620/1000] method=baseline_cagrad loss=0.2358 train_acc=0.9506 train_loss=0.1628 val_acc=0.7545 val_loss=0.7272 router_H=0.6546 best=0.7545
           router_load=[0.6311442852020264, 0.3678191006183624, 0.0010366064961999655, 0.0]
[step 0630/1000] method=baseline_cagrad loss=0.0538 train_acc=0.9506 train_loss=0.1628 val_acc=0.7545 val_loss=0.7272 router_H=0.6546 best=0.7545
           router_load=[0.6311442852020264, 0.3678191006183624, 0.0010366064961999655, 0.0]
[step 0640/1000] method=baseline_cagrad loss=0.1397 train_acc=0.9506 train_loss=0.1628 val_acc=0.7545 val_loss=0.7272 router_H=0.6546 best=0.7545
           router_load=[0.6311442852020264, 0.3678191006183624, 0.0010366064961999655, 0.0]
[step 0650/1000] method=baseline_cagrad loss=0.4003 train_acc=0.9687 train_loss=0.1112 val_acc=0.7653 val_loss=0.8678 router_H=0.6620 best=0.7653
           router_load=[0.6092593669891357, 0.3876221179962158, 0.0031185022089630365, 0.0]
[step 0660/1000] method=baseline_cagrad loss=0.0387 train_acc=0.9687 train_loss=0.1112 val_acc=0.7653 val_loss=0.8678 router_H=0.6620 best=0.7653
           router_load=[0.6092593669891357, 0.3876221179962158, 0.0031185022089630365, 0.0]
[step 0670/1000] method=baseline_cagrad loss=0.8533 train_acc=0.9687 train_loss=0.1112 val_acc=0.7653 val_loss=0.8678 router_H=0.6620 best=0.7653
           router_load=[0.6092593669891357, 0.3876221179962158, 0.0031185022089630365, 0.0]
[step 0680/1000] method=baseline_cagrad loss=0.2031 train_acc=0.9687 train_loss=0.1112 val_acc=0.7653 val_loss=0.8678 router_H=0.6620 best=0.7653
           router_load=[0.6092593669891357, 0.3876221179962158, 0.0031185022089630365, 0.0]
[step 0690/1000] method=baseline_cagrad loss=0.3410 train_acc=0.9687 train_loss=0.1112 val_acc=0.7653 val_loss=0.8678 router_H=0.6620 best=0.7653
           router_load=[0.6092593669891357, 0.3876221179962158, 0.0031185022089630365, 0.0]
[step 0700/1000] method=baseline_cagrad loss=0.0069 train_acc=0.9731 train_loss=0.1038 val_acc=0.7653 val_loss=1.0874 router_H=0.6503 best=0.7653
           router_load=[0.6302968263626099, 0.36875638365745544, 0.0009467938798479736, 0.0]
[step 0710/1000] method=baseline_cagrad loss=0.0039 train_acc=0.9731 train_loss=0.1038 val_acc=0.7653 val_loss=1.0874 router_H=0.6503 best=0.7653
           router_load=[0.6302968263626099, 0.36875638365745544, 0.0009467938798479736, 0.0]
[step 0720/1000] method=baseline_cagrad loss=0.5427 train_acc=0.9731 train_loss=0.1038 val_acc=0.7653 val_loss=1.0874 router_H=0.6503 best=0.7653
           router_load=[0.6302968263626099, 0.36875638365745544, 0.0009467938798479736, 0.0]
[step 0730/1000] method=baseline_cagrad loss=0.4065 train_acc=0.9731 train_loss=0.1038 val_acc=0.7653 val_loss=1.0874 router_H=0.6503 best=0.7653
           router_load=[0.6302968263626099, 0.36875638365745544, 0.0009467938798479736, 0.0]
[step 0740/1000] method=baseline_cagrad loss=0.1743 train_acc=0.9731 train_loss=0.1038 val_acc=0.7653 val_loss=1.0874 router_H=0.6503 best=0.7653
           router_load=[0.6302968263626099, 0.36875638365745544, 0.0009467938798479736, 0.0]
[step 0750/1000] method=baseline_cagrad loss=0.1613 train_acc=0.9763 train_loss=0.1051 val_acc=0.7184 val_loss=0.8231 router_H=0.6575 best=0.7653
           router_load=[0.6248098015785217, 0.3709404170513153, 0.0, 0.0042498232796788216]
[step 0760/1000] method=baseline_cagrad loss=0.0748 train_acc=0.9763 train_loss=0.1051 val_acc=0.7184 val_loss=0.8231 router_H=0.6575 best=0.7653
           router_load=[0.6248098015785217, 0.3709404170513153, 0.0, 0.0042498232796788216]
[step 0770/1000] method=baseline_cagrad loss=0.0048 train_acc=0.9763 train_loss=0.1051 val_acc=0.7184 val_loss=0.8231 router_H=0.6575 best=0.7653
           router_load=[0.6248098015785217, 0.3709404170513153, 0.0, 0.0042498232796788216]
[step 0780/1000] method=baseline_cagrad loss=0.6838 train_acc=0.9763 train_loss=0.1051 val_acc=0.7184 val_loss=0.8231 router_H=0.6575 best=0.7653
           router_load=[0.6248098015785217, 0.3709404170513153, 0.0, 0.0042498232796788216]
[step 0790/1000] method=baseline_cagrad loss=0.2168 train_acc=0.9763 train_loss=0.1051 val_acc=0.7184 val_loss=0.8231 router_H=0.6575 best=0.7653
           router_load=[0.6248098015785217, 0.3709404170513153, 0.0, 0.0042498232796788216]
[step 0800/1000] method=baseline_cagrad loss=0.6851 train_acc=0.9635 train_loss=0.1840 val_acc=0.7401 val_loss=1.4888 router_H=0.6557 best=0.7653
           router_load=[0.5145309567451477, 0.4854690730571747, 0.0, 0.0]
[step 0810/1000] method=baseline_cagrad loss=0.0064 train_acc=0.9635 train_loss=0.1840 val_acc=0.7401 val_loss=1.4888 router_H=0.6557 best=0.7653
           router_load=[0.5145309567451477, 0.4854690730571747, 0.0, 0.0]
[step 0820/1000] method=baseline_cagrad loss=0.0348 train_acc=0.9635 train_loss=0.1840 val_acc=0.7401 val_loss=1.4888 router_H=0.6557 best=0.7653
           router_load=[0.5145309567451477, 0.4854690730571747, 0.0, 0.0]
[step 0830/1000] method=baseline_cagrad loss=0.1296 train_acc=0.9635 train_loss=0.1840 val_acc=0.7401 val_loss=1.4888 router_H=0.6557 best=0.7653
           router_load=[0.5145309567451477, 0.4854690730571747, 0.0, 0.0]
[step 0840/1000] method=baseline_cagrad loss=0.0270 train_acc=0.9635 train_loss=0.1840 val_acc=0.7401 val_loss=1.4888 router_H=0.6557 best=0.7653
           router_load=[0.5145309567451477, 0.4854690730571747, 0.0, 0.0]
[step 0850/1000] method=baseline_cagrad loss=0.3085 train_acc=0.9823 train_loss=0.0759 val_acc=0.7690 val_loss=0.9853 router_H=0.6530 best=0.7690
           router_load=[0.6093041896820068, 0.3889792561531067, 0.0, 0.0017165204044431448]
[step 0860/1000] method=baseline_cagrad loss=0.0377 train_acc=0.9823 train_loss=0.0759 val_acc=0.7690 val_loss=0.9853 router_H=0.6530 best=0.7690
           router_load=[0.6093041896820068, 0.3889792561531067, 0.0, 0.0017165204044431448]
[step 0870/1000] method=baseline_cagrad loss=0.5731 train_acc=0.9823 train_loss=0.0759 val_acc=0.7690 val_loss=0.9853 router_H=0.6530 best=0.7690
           router_load=[0.6093041896820068, 0.3889792561531067, 0.0, 0.0017165204044431448]
[step 0880/1000] method=baseline_cagrad loss=0.0915 train_acc=0.9823 train_loss=0.0759 val_acc=0.7690 val_loss=0.9853 router_H=0.6530 best=0.7690
           router_load=[0.6093041896820068, 0.3889792561531067, 0.0, 0.0017165204044431448]
[step 0890/1000] method=baseline_cagrad loss=0.0218 train_acc=0.9823 train_loss=0.0759 val_acc=0.7690 val_loss=0.9853 router_H=0.6530 best=0.7690
           router_load=[0.6093041896820068, 0.3889792561531067, 0.0, 0.0017165204044431448]
[step 0900/1000] method=baseline_cagrad loss=0.1570 train_acc=0.9771 train_loss=0.1006 val_acc=0.7473 val_loss=1.2719 router_H=0.6331 best=0.7690
           router_load=[0.6552249789237976, 0.34036946296691895, 0.001957603497430682, 0.002447917126119137]
[step 0910/1000] method=baseline_cagrad loss=0.0050 train_acc=0.9771 train_loss=0.1006 val_acc=0.7473 val_loss=1.2719 router_H=0.6331 best=0.7690
           router_load=[0.6552249789237976, 0.34036946296691895, 0.001957603497430682, 0.002447917126119137]
[step 0920/1000] method=baseline_cagrad loss=0.0051 train_acc=0.9771 train_loss=0.1006 val_acc=0.7473 val_loss=1.2719 router_H=0.6331 best=0.7690
           router_load=[0.6552249789237976, 0.34036946296691895, 0.001957603497430682, 0.002447917126119137]
[step 0930/1000] method=baseline_cagrad loss=0.0579 train_acc=0.9771 train_loss=0.1006 val_acc=0.7473 val_loss=1.2719 router_H=0.6331 best=0.7690
           router_load=[0.6552249789237976, 0.34036946296691895, 0.001957603497430682, 0.002447917126119137]
[step 0940/1000] method=baseline_cagrad loss=0.4172 train_acc=0.9771 train_loss=0.1006 val_acc=0.7473 val_loss=1.2719 router_H=0.6331 best=0.7690
           router_load=[0.6552249789237976, 0.34036946296691895, 0.001957603497430682, 0.002447917126119137]
[step 0950/1000] method=baseline_cagrad loss=0.0524 train_acc=0.9867 train_loss=0.0579 val_acc=0.7617 val_loss=0.8624 router_H=0.6265 best=0.7690
           router_load=[0.6761490106582642, 0.31744858622550964, 0.006402385421097279, 0.0]
[step 0960/1000] method=baseline_cagrad loss=0.0095 train_acc=0.9867 train_loss=0.0579 val_acc=0.7617 val_loss=0.8624 router_H=0.6265 best=0.7690
           router_load=[0.6761490106582642, 0.31744858622550964, 0.006402385421097279, 0.0]
[step 0970/1000] method=baseline_cagrad loss=0.2796 train_acc=0.9867 train_loss=0.0579 val_acc=0.7617 val_loss=0.8624 router_H=0.6265 best=0.7690
           router_load=[0.6761490106582642, 0.31744858622550964, 0.006402385421097279, 0.0]
[step 0980/1000] method=baseline_cagrad loss=0.1606 train_acc=0.9867 train_loss=0.0579 val_acc=0.7617 val_loss=0.8624 router_H=0.6265 best=0.7690
           router_load=[0.6761490106582642, 0.31744858622550964, 0.006402385421097279, 0.0]
[step 0990/1000] method=baseline_cagrad loss=0.4286 train_acc=0.9867 train_loss=0.0579 val_acc=0.7617 val_loss=0.8624 router_H=0.6265 best=0.7690
           router_load=[0.6761490106582642, 0.31744858622550964, 0.006402385421097279, 0.0]
[step 1000/1000] method=baseline_cagrad loss=0.4781 train_acc=0.9843 train_loss=0.0760 val_acc=0.7509 val_loss=1.3516 router_H=0.6653 best=0.7690
           router_load=[0.5727942585945129, 0.42720574140548706, 0.0, 0.0]
saved summary -> /home/zhujjing/MOE-grad-conflict-routing/runs/paper_suite/single_gpu/single_task/roberta_rte_ffn_e4_k2/final/cagrad_s11.json
saved curve -> /home/zhujjing/MOE-grad-conflict-routing/runs/paper_suite/single_gpu/single_task/roberta_rte_ffn_e4_k2/final/cagrad_s11_curve.csv
