[run] method=cagrad candidate=coord_03_train_grad_clip_004 seed=3 steps=1000 gpu=0
[run] cmd=
/home/zhujjing/anaconda3/envs/moe/bin/python /home/zhujjing/MOE-grad-conflict-routing/scripts/run.py --config configs/singletask_rte_real.yaml --set model.backbone_backend=hf --set model.hf_load_pretrained=true --set model.backbone=roberta --set model.hf_pretrained_name=roberta-base --set model.expert_type=ffn --set model.routing_mode=topk --set model.num_experts=4 --set model.top_k=2 --set seed=3 --set method.name=baseline_cagrad --set train.steps=1000 --set train.eval_every_steps=50 --set method.baseline_cagrad.c=0.4 --set method.baseline_cagrad.inner_lr=0.1 --set train.grad_clip=1.23610215 --set train.lr=2.52305587e-05 --set train.weight_decay=0.0003465461751 --out /home/zhujjing/MOE-grad-conflict-routing/runs/paper_suite/single_gpu/single_task/roberta_rte_ffn_e4_k2/final/cagrad_s3.json --curve_out /home/zhujjing/MOE-grad-conflict-routing/runs/paper_suite/single_gpu/single_task/roberta_rte_ffn_e4_k2/final/cagrad_s3_curve.csv
Using the latest cached version of the dataset since glue couldn't be found on the Hugging Face Hub (offline mode is enabled).
Found the latest cached dataset configuration 'rte' at /home/zhujjing/hf_cache/datasets/glue/rte/0.0.0/bcdcba79d07bc864c1c254ccfcedcce55bcc9a8c (last modified on Thu Mar 19 15:00:36 2026).
/home/zhujjing/anaconda3/envs/moe/lib/python3.10/site-packages/transformers/utils/hub.py:124: FutureWarning: Using `TRANSFORMERS_CACHE` is deprecated and will be removed in v5 of Transformers. Use `HF_HOME` instead.
  warnings.warn(
Some weights of RobertaModel were not initialized from the model checkpoint at roberta-base and are newly initialized: ['roberta.pooler.dense.bias', 'roberta.pooler.dense.weight']
You should probably TRAIN this model on a down-stream task to be able to use it for predictions and inference.
[step 0001/1000] method=baseline_cagrad loss=0.6923 train_acc=nan train_loss=nan val_acc=nan val_loss=nan best=-1.0000
[step 0010/1000] method=baseline_cagrad loss=0.6971 train_acc=nan train_loss=nan val_acc=nan val_loss=nan best=-1.0000
[step 0020/1000] method=baseline_cagrad loss=0.6976 train_acc=nan train_loss=nan val_acc=nan val_loss=nan best=-1.0000
[step 0030/1000] method=baseline_cagrad loss=0.6857 train_acc=nan train_loss=nan val_acc=nan val_loss=nan best=-1.0000
[step 0040/1000] method=baseline_cagrad loss=0.6644 train_acc=nan train_loss=nan val_acc=nan val_loss=nan best=-1.0000
[step 0050/1000] method=baseline_cagrad loss=0.6435 train_acc=0.6333 train_loss=0.6464 val_acc=0.5993 val_loss=0.6684 router_H=0.6693 best=0.5993
           router_load=[0.0036835249047726393, 0.37997913360595703, 0.022927530109882355, 0.5934098958969116]
[step 0060/1000] method=baseline_cagrad loss=0.6828 train_acc=0.6333 train_loss=0.6464 val_acc=0.5993 val_loss=0.6684 router_H=0.6693 best=0.5993
           router_load=[0.0036835249047726393, 0.37997913360595703, 0.022927530109882355, 0.5934098958969116]
[step 0070/1000] method=baseline_cagrad loss=0.6306 train_acc=0.6333 train_loss=0.6464 val_acc=0.5993 val_loss=0.6684 router_H=0.6693 best=0.5993
           router_load=[0.0036835249047726393, 0.37997913360595703, 0.022927530109882355, 0.5934098958969116]
[step 0080/1000] method=baseline_cagrad loss=0.5025 train_acc=0.6333 train_loss=0.6464 val_acc=0.5993 val_loss=0.6684 router_H=0.6693 best=0.5993
           router_load=[0.0036835249047726393, 0.37997913360595703, 0.022927530109882355, 0.5934098958969116]
[step 0090/1000] method=baseline_cagrad loss=0.5676 train_acc=0.6333 train_loss=0.6464 val_acc=0.5993 val_loss=0.6684 router_H=0.6693 best=0.5993
           router_load=[0.0036835249047726393, 0.37997913360595703, 0.022927530109882355, 0.5934098958969116]
[step 0100/1000] method=baseline_cagrad loss=0.9236 train_acc=0.6743 train_loss=0.6151 val_acc=0.6354 val_loss=0.6407 router_H=0.6100 best=0.6354
           router_load=[0.0, 0.2935301661491394, 0.008734753355383873, 0.6977351903915405]
[step 0110/1000] method=baseline_cagrad loss=0.6241 train_acc=0.6743 train_loss=0.6151 val_acc=0.6354 val_loss=0.6407 router_H=0.6100 best=0.6354
           router_load=[0.0, 0.2935301661491394, 0.008734753355383873, 0.6977351903915405]
[step 0120/1000] method=baseline_cagrad loss=0.7800 train_acc=0.6743 train_loss=0.6151 val_acc=0.6354 val_loss=0.6407 router_H=0.6100 best=0.6354
           router_load=[0.0, 0.2935301661491394, 0.008734753355383873, 0.6977351903915405]
[step 0130/1000] method=baseline_cagrad loss=0.7285 train_acc=0.6743 train_loss=0.6151 val_acc=0.6354 val_loss=0.6407 router_H=0.6100 best=0.6354
           router_load=[0.0, 0.2935301661491394, 0.008734753355383873, 0.6977351903915405]
[step 0140/1000] method=baseline_cagrad loss=0.6764 train_acc=0.6743 train_loss=0.6151 val_acc=0.6354 val_loss=0.6407 router_H=0.6100 best=0.6354
           router_load=[0.0, 0.2935301661491394, 0.008734753355383873, 0.6977351903915405]
[step 0150/1000] method=baseline_cagrad loss=0.6315 train_acc=0.7426 train_loss=0.5605 val_acc=0.6823 val_loss=0.6131 router_H=0.6681 best=0.6823
           router_load=[0.0, 0.3015046715736389, 0.10845433175563812, 0.5900411009788513]
[step 0160/1000] method=baseline_cagrad loss=0.5495 train_acc=0.7426 train_loss=0.5605 val_acc=0.6823 val_loss=0.6131 router_H=0.6681 best=0.6823
           router_load=[0.0, 0.3015046715736389, 0.10845433175563812, 0.5900411009788513]
[step 0170/1000] method=baseline_cagrad loss=0.5350 train_acc=0.7426 train_loss=0.5605 val_acc=0.6823 val_loss=0.6131 router_H=0.6681 best=0.6823
           router_load=[0.0, 0.3015046715736389, 0.10845433175563812, 0.5900411009788513]
[step 0180/1000] method=baseline_cagrad loss=0.9045 train_acc=0.7426 train_loss=0.5605 val_acc=0.6823 val_loss=0.6131 router_H=0.6681 best=0.6823
           router_load=[0.0, 0.3015046715736389, 0.10845433175563812, 0.5900411009788513]
[step 0190/1000] method=baseline_cagrad loss=0.6430 train_acc=0.7426 train_loss=0.5605 val_acc=0.6823 val_loss=0.6131 router_H=0.6681 best=0.6823
           router_load=[0.0, 0.3015046715736389, 0.10845433175563812, 0.5900411009788513]
[step 0200/1000] method=baseline_cagrad loss=0.4596 train_acc=0.7799 train_loss=0.5441 val_acc=0.6606 val_loss=0.6957 router_H=0.6493 best=0.6823
           router_load=[0.0012775681680068374, 0.31964001059532166, 0.06265196949243546, 0.616430401802063]
[step 0210/1000] method=baseline_cagrad loss=0.5387 train_acc=0.7799 train_loss=0.5441 val_acc=0.6606 val_loss=0.6957 router_H=0.6493 best=0.6823
           router_load=[0.0012775681680068374, 0.31964001059532166, 0.06265196949243546, 0.616430401802063]
[step 0220/1000] method=baseline_cagrad loss=0.5826 train_acc=0.7799 train_loss=0.5441 val_acc=0.6606 val_loss=0.6957 router_H=0.6493 best=0.6823
           router_load=[0.0012775681680068374, 0.31964001059532166, 0.06265196949243546, 0.616430401802063]
[step 0230/1000] method=baseline_cagrad loss=0.4467 train_acc=0.7799 train_loss=0.5441 val_acc=0.6606 val_loss=0.6957 router_H=0.6493 best=0.6823
           router_load=[0.0012775681680068374, 0.31964001059532166, 0.06265196949243546, 0.616430401802063]
[step 0240/1000] method=baseline_cagrad loss=0.5582 train_acc=0.7799 train_loss=0.5441 val_acc=0.6606 val_loss=0.6957 router_H=0.6493 best=0.6823
           router_load=[0.0012775681680068374, 0.31964001059532166, 0.06265196949243546, 0.616430401802063]
[step 0250/1000] method=baseline_cagrad loss=0.5431 train_acc=0.7434 train_loss=0.4872 val_acc=0.6751 val_loss=0.5839 router_H=0.6262 best=0.6823
           router_load=[0.0, 0.09915082156658173, 0.24111148715019226, 0.6597376465797424]
[step 0260/1000] method=baseline_cagrad loss=0.5770 train_acc=0.7434 train_loss=0.4872 val_acc=0.6751 val_loss=0.5839 router_H=0.6262 best=0.6823
           router_load=[0.0, 0.09915082156658173, 0.24111148715019226, 0.6597376465797424]
[step 0270/1000] method=baseline_cagrad loss=0.5180 train_acc=0.7434 train_loss=0.4872 val_acc=0.6751 val_loss=0.5839 router_H=0.6262 best=0.6823
           router_load=[0.0, 0.09915082156658173, 0.24111148715019226, 0.6597376465797424]
[step 0280/1000] method=baseline_cagrad loss=0.5791 train_acc=0.7434 train_loss=0.4872 val_acc=0.6751 val_loss=0.5839 router_H=0.6262 best=0.6823
           router_load=[0.0, 0.09915082156658173, 0.24111148715019226, 0.6597376465797424]
[step 0290/1000] method=baseline_cagrad loss=0.7528 train_acc=0.7434 train_loss=0.4872 val_acc=0.6751 val_loss=0.5839 router_H=0.6262 best=0.6823
           router_load=[0.0, 0.09915082156658173, 0.24111148715019226, 0.6597376465797424]
[step 0300/1000] method=baseline_cagrad loss=0.4374 train_acc=0.8426 train_loss=0.4409 val_acc=0.6859 val_loss=0.6034 router_H=0.6681 best=0.6859
           router_load=[0.0, 0.3153409957885742, 0.09005987644195557, 0.5945990681648254]
[step 0310/1000] method=baseline_cagrad loss=0.3715 train_acc=0.8426 train_loss=0.4409 val_acc=0.6859 val_loss=0.6034 router_H=0.6681 best=0.6859
           router_load=[0.0, 0.3153409957885742, 0.09005987644195557, 0.5945990681648254]
[step 0320/1000] method=baseline_cagrad loss=0.5885 train_acc=0.8426 train_loss=0.4409 val_acc=0.6859 val_loss=0.6034 router_H=0.6681 best=0.6859
           router_load=[0.0, 0.3153409957885742, 0.09005987644195557, 0.5945990681648254]
[step 0330/1000] method=baseline_cagrad loss=0.2788 train_acc=0.8426 train_loss=0.4409 val_acc=0.6859 val_loss=0.6034 router_H=0.6681 best=0.6859
           router_load=[0.0, 0.3153409957885742, 0.09005987644195557, 0.5945990681648254]
[step 0340/1000] method=baseline_cagrad loss=0.7135 train_acc=0.8426 train_loss=0.4409 val_acc=0.6859 val_loss=0.6034 router_H=0.6681 best=0.6859
           router_load=[0.0, 0.3153409957885742, 0.09005987644195557, 0.5945990681648254]
[step 0350/1000] method=baseline_cagrad loss=0.4040 train_acc=0.8333 train_loss=0.4280 val_acc=0.7148 val_loss=0.6957 router_H=0.4736 best=0.7148
           router_load=[0.004308550618588924, 0.19711808860301971, 0.025108952075242996, 0.7734644412994385]
[step 0360/1000] method=baseline_cagrad loss=0.5777 train_acc=0.8333 train_loss=0.4280 val_acc=0.7148 val_loss=0.6957 router_H=0.4736 best=0.7148
           router_load=[0.004308550618588924, 0.19711808860301971, 0.025108952075242996, 0.7734644412994385]
[step 0370/1000] method=baseline_cagrad loss=0.2016 train_acc=0.8333 train_loss=0.4280 val_acc=0.7148 val_loss=0.6957 router_H=0.4736 best=0.7148
           router_load=[0.004308550618588924, 0.19711808860301971, 0.025108952075242996, 0.7734644412994385]
[step 0380/1000] method=baseline_cagrad loss=0.4715 train_acc=0.8333 train_loss=0.4280 val_acc=0.7148 val_loss=0.6957 router_H=0.4736 best=0.7148
           router_load=[0.004308550618588924, 0.19711808860301971, 0.025108952075242996, 0.7734644412994385]
[step 0390/1000] method=baseline_cagrad loss=0.4240 train_acc=0.8333 train_loss=0.4280 val_acc=0.7148 val_loss=0.6957 router_H=0.4736 best=0.7148
           router_load=[0.004308550618588924, 0.19711808860301971, 0.025108952075242996, 0.7734644412994385]
[step 0400/1000] method=baseline_cagrad loss=0.4242 train_acc=0.8928 train_loss=0.2951 val_acc=0.7437 val_loss=0.5599 router_H=0.6168 best=0.7437
           router_load=[0.0, 0.21649086475372314, 0.1264362633228302, 0.657072901725769]
[step 0410/1000] method=baseline_cagrad loss=0.1901 train_acc=0.8928 train_loss=0.2951 val_acc=0.7437 val_loss=0.5599 router_H=0.6168 best=0.7437
           router_load=[0.0, 0.21649086475372314, 0.1264362633228302, 0.657072901725769]
[step 0420/1000] method=baseline_cagrad loss=0.3395 train_acc=0.8928 train_loss=0.2951 val_acc=0.7437 val_loss=0.5599 router_H=0.6168 best=0.7437
           router_load=[0.0, 0.21649086475372314, 0.1264362633228302, 0.657072901725769]
[step 0430/1000] method=baseline_cagrad loss=0.4783 train_acc=0.8928 train_loss=0.2951 val_acc=0.7437 val_loss=0.5599 router_H=0.6168 best=0.7437
           router_load=[0.0, 0.21649086475372314, 0.1264362633228302, 0.657072901725769]
[step 0440/1000] method=baseline_cagrad loss=0.7294 train_acc=0.8928 train_loss=0.2951 val_acc=0.7437 val_loss=0.5599 router_H=0.6168 best=0.7437
           router_load=[0.0, 0.21649086475372314, 0.1264362633228302, 0.657072901725769]
[step 0450/1000] method=baseline_cagrad loss=0.5038 train_acc=0.9108 train_loss=0.2563 val_acc=0.7365 val_loss=0.5505 router_H=0.5790 best=0.7437
           router_load=[0.00047019150224514306, 0.2602987289428711, 0.053235121071338654, 0.6859959363937378]
[step 0460/1000] method=baseline_cagrad loss=0.5363 train_acc=0.9108 train_loss=0.2563 val_acc=0.7365 val_loss=0.5505 router_H=0.5790 best=0.7437
           router_load=[0.00047019150224514306, 0.2602987289428711, 0.053235121071338654, 0.6859959363937378]
[step 0470/1000] method=baseline_cagrad loss=0.6691 train_acc=0.9108 train_loss=0.2563 val_acc=0.7365 val_loss=0.5505 router_H=0.5790 best=0.7437
           router_load=[0.00047019150224514306, 0.2602987289428711, 0.053235121071338654, 0.6859959363937378]
[step 0480/1000] method=baseline_cagrad loss=0.1713 train_acc=0.9108 train_loss=0.2563 val_acc=0.7365 val_loss=0.5505 router_H=0.5790 best=0.7437
           router_load=[0.00047019150224514306, 0.2602987289428711, 0.053235121071338654, 0.6859959363937378]
[step 0490/1000] method=baseline_cagrad loss=0.1758 train_acc=0.9108 train_loss=0.2563 val_acc=0.7365 val_loss=0.5505 router_H=0.5790 best=0.7437
           router_load=[0.00047019150224514306, 0.2602987289428711, 0.053235121071338654, 0.6859959363937378]
[step 0500/1000] method=baseline_cagrad loss=0.3098 train_acc=0.9233 train_loss=0.2083 val_acc=0.7473 val_loss=0.7291 router_H=0.4738 best=0.7473
           router_load=[0.01060577854514122, 0.1888459473848343, 0.03661279380321503, 0.7639354467391968]
[step 0510/1000] method=baseline_cagrad loss=0.0567 train_acc=0.9233 train_loss=0.2083 val_acc=0.7473 val_loss=0.7291 router_H=0.4738 best=0.7473
           router_load=[0.01060577854514122, 0.1888459473848343, 0.03661279380321503, 0.7639354467391968]
[step 0520/1000] method=baseline_cagrad loss=0.0642 train_acc=0.9233 train_loss=0.2083 val_acc=0.7473 val_loss=0.7291 router_H=0.4738 best=0.7473
           router_load=[0.01060577854514122, 0.1888459473848343, 0.03661279380321503, 0.7639354467391968]
[step 0530/1000] method=baseline_cagrad loss=0.3217 train_acc=0.9233 train_loss=0.2083 val_acc=0.7473 val_loss=0.7291 router_H=0.4738 best=0.7473
           router_load=[0.01060577854514122, 0.1888459473848343, 0.03661279380321503, 0.7639354467391968]
[step 0540/1000] method=baseline_cagrad loss=0.2355 train_acc=0.9233 train_loss=0.2083 val_acc=0.7473 val_loss=0.7291 router_H=0.4738 best=0.7473
           router_load=[0.01060577854514122, 0.1888459473848343, 0.03661279380321503, 0.7639354467391968]
[step 0550/1000] method=baseline_cagrad loss=0.5507 train_acc=0.9542 train_loss=0.1306 val_acc=0.7437 val_loss=0.7843 router_H=0.5655 best=0.7473
           router_load=[0.0012461704900488257, 0.22901348769664764, 0.09370467811822891, 0.6760355830192566]
[step 0560/1000] method=baseline_cagrad loss=0.5346 train_acc=0.9542 train_loss=0.1306 val_acc=0.7437 val_loss=0.7843 router_H=0.5655 best=0.7473
           router_load=[0.0012461704900488257, 0.22901348769664764, 0.09370467811822891, 0.6760355830192566]
[step 0570/1000] method=baseline_cagrad loss=0.1211 train_acc=0.9542 train_loss=0.1306 val_acc=0.7437 val_loss=0.7843 router_H=0.5655 best=0.7473
           router_load=[0.0012461704900488257, 0.22901348769664764, 0.09370467811822891, 0.6760355830192566]
[step 0580/1000] method=baseline_cagrad loss=0.1037 train_acc=0.9542 train_loss=0.1306 val_acc=0.7437 val_loss=0.7843 router_H=0.5655 best=0.7473
           router_load=[0.0012461704900488257, 0.22901348769664764, 0.09370467811822891, 0.6760355830192566]
[step 0590/1000] method=baseline_cagrad loss=0.3306 train_acc=0.9542 train_loss=0.1306 val_acc=0.7437 val_loss=0.7843 router_H=0.5655 best=0.7473
           router_load=[0.0012461704900488257, 0.22901348769664764, 0.09370467811822891, 0.6760355830192566]
[step 0600/1000] method=baseline_cagrad loss=0.0622 train_acc=0.9297 train_loss=0.1871 val_acc=0.7112 val_loss=0.6852 router_H=0.4629 best=0.7473
           router_load=[0.004643755499273539, 0.2072489857673645, 0.0, 0.7881072759628296]
[step 0610/1000] method=baseline_cagrad loss=0.6276 train_acc=0.9297 train_loss=0.1871 val_acc=0.7112 val_loss=0.6852 router_H=0.4629 best=0.7473
           router_load=[0.004643755499273539, 0.2072489857673645, 0.0, 0.7881072759628296]
[step 0620/1000] method=baseline_cagrad loss=0.1378 train_acc=0.9297 train_loss=0.1871 val_acc=0.7112 val_loss=0.6852 router_H=0.4629 best=0.7473
           router_load=[0.004643755499273539, 0.2072489857673645, 0.0, 0.7881072759628296]
[step 0630/1000] method=baseline_cagrad loss=0.0571 train_acc=0.9297 train_loss=0.1871 val_acc=0.7112 val_loss=0.6852 router_H=0.4629 best=0.7473
           router_load=[0.004643755499273539, 0.2072489857673645, 0.0, 0.7881072759628296]
[step 0640/1000] method=baseline_cagrad loss=0.0557 train_acc=0.9297 train_loss=0.1871 val_acc=0.7112 val_loss=0.6852 router_H=0.4629 best=0.7473
           router_load=[0.004643755499273539, 0.2072489857673645, 0.0, 0.7881072759628296]
[step 0650/1000] method=baseline_cagrad loss=0.3862 train_acc=0.9723 train_loss=0.0829 val_acc=0.7329 val_loss=1.0716 router_H=0.4918 best=0.7473
           router_load=[0.003597341710701585, 0.2793421447277069, 0.018252480775117874, 0.698807954788208]
[step 0660/1000] method=baseline_cagrad loss=0.1267 train_acc=0.9723 train_loss=0.0829 val_acc=0.7329 val_loss=1.0716 router_H=0.4918 best=0.7473
           router_load=[0.003597341710701585, 0.2793421447277069, 0.018252480775117874, 0.698807954788208]
[step 0670/1000] method=baseline_cagrad loss=0.4916 train_acc=0.9723 train_loss=0.0829 val_acc=0.7329 val_loss=1.0716 router_H=0.4918 best=0.7473
           router_load=[0.003597341710701585, 0.2793421447277069, 0.018252480775117874, 0.698807954788208]
[step 0680/1000] method=baseline_cagrad loss=0.1601 train_acc=0.9723 train_loss=0.0829 val_acc=0.7329 val_loss=1.0716 router_H=0.4918 best=0.7473
           router_load=[0.003597341710701585, 0.2793421447277069, 0.018252480775117874, 0.698807954788208]
[step 0690/1000] method=baseline_cagrad loss=0.1547 train_acc=0.9723 train_loss=0.0829 val_acc=0.7329 val_loss=1.0716 router_H=0.4918 best=0.7473
           router_load=[0.003597341710701585, 0.2793421447277069, 0.018252480775117874, 0.698807954788208]
[step 0700/1000] method=baseline_cagrad loss=0.0240 train_acc=0.9759 train_loss=0.0747 val_acc=0.7401 val_loss=1.0410 router_H=0.4448 best=0.7473
           router_load=[0.006182414945214987, 0.23057985305786133, 0.0030052983202040195, 0.7602323889732361]
[step 0710/1000] method=baseline_cagrad loss=0.1956 train_acc=0.9759 train_loss=0.0747 val_acc=0.7401 val_loss=1.0410 router_H=0.4448 best=0.7473
           router_load=[0.006182414945214987, 0.23057985305786133, 0.0030052983202040195, 0.7602323889732361]
[step 0720/1000] method=baseline_cagrad loss=0.4771 train_acc=0.9759 train_loss=0.0747 val_acc=0.7401 val_loss=1.0410 router_H=0.4448 best=0.7473
           router_load=[0.006182414945214987, 0.23057985305786133, 0.0030052983202040195, 0.7602323889732361]
[step 0730/1000] method=baseline_cagrad loss=0.0076 train_acc=0.9759 train_loss=0.0747 val_acc=0.7401 val_loss=1.0410 router_H=0.4448 best=0.7473
           router_load=[0.006182414945214987, 0.23057985305786133, 0.0030052983202040195, 0.7602323889732361]
[step 0740/1000] method=baseline_cagrad loss=0.1138 train_acc=0.9759 train_loss=0.0747 val_acc=0.7401 val_loss=1.0410 router_H=0.4448 best=0.7473
           router_load=[0.006182414945214987, 0.23057985305786133, 0.0030052983202040195, 0.7602323889732361]
[step 0750/1000] method=baseline_cagrad loss=0.0066 train_acc=0.9727 train_loss=0.0934 val_acc=0.7256 val_loss=1.2149 router_H=0.4202 best=0.7473
           router_load=[0.008561168797314167, 0.12422505021095276, 0.05042751505970955, 0.8167862296104431]
[step 0760/1000] method=baseline_cagrad loss=0.0043 train_acc=0.9727 train_loss=0.0934 val_acc=0.7256 val_loss=1.2149 router_H=0.4202 best=0.7473
           router_load=[0.008561168797314167, 0.12422505021095276, 0.05042751505970955, 0.8167862296104431]
[step 0770/1000] method=baseline_cagrad loss=0.5227 train_acc=0.9727 train_loss=0.0934 val_acc=0.7256 val_loss=1.2149 router_H=0.4202 best=0.7473
           router_load=[0.008561168797314167, 0.12422505021095276, 0.05042751505970955, 0.8167862296104431]
[step 0780/1000] method=baseline_cagrad loss=0.1408 train_acc=0.9727 train_loss=0.0934 val_acc=0.7256 val_loss=1.2149 router_H=0.4202 best=0.7473
           router_load=[0.008561168797314167, 0.12422505021095276, 0.05042751505970955, 0.8167862296104431]
[step 0790/1000] method=baseline_cagrad loss=0.0068 train_acc=0.9727 train_loss=0.0934 val_acc=0.7256 val_loss=1.2149 router_H=0.4202 best=0.7473
           router_load=[0.008561168797314167, 0.12422505021095276, 0.05042751505970955, 0.8167862296104431]
[step 0800/1000] method=baseline_cagrad loss=0.0014 train_acc=0.9819 train_loss=0.0987 val_acc=0.7220 val_loss=1.7032 router_H=0.2323 best=0.7473
           router_load=[0.03388446941971779, 0.3432186245918274, 0.0015382531564682722, 0.6213585734367371]
[step 0810/1000] method=baseline_cagrad loss=0.0008 train_acc=0.9819 train_loss=0.0987 val_acc=0.7220 val_loss=1.7032 router_H=0.2323 best=0.7473
           router_load=[0.03388446941971779, 0.3432186245918274, 0.0015382531564682722, 0.6213585734367371]
[step 0820/1000] method=baseline_cagrad loss=0.1876 train_acc=0.9819 train_loss=0.0987 val_acc=0.7220 val_loss=1.7032 router_H=0.2323 best=0.7473
           router_load=[0.03388446941971779, 0.3432186245918274, 0.0015382531564682722, 0.6213585734367371]
[step 0830/1000] method=baseline_cagrad loss=0.1264 train_acc=0.9819 train_loss=0.0987 val_acc=0.7220 val_loss=1.7032 router_H=0.2323 best=0.7473
           router_load=[0.03388446941971779, 0.3432186245918274, 0.0015382531564682722, 0.6213585734367371]
[step 0840/1000] method=baseline_cagrad loss=0.0511 train_acc=0.9819 train_loss=0.0987 val_acc=0.7220 val_loss=1.7032 router_H=0.2323 best=0.7473
           router_load=[0.03388446941971779, 0.3432186245918274, 0.0015382531564682722, 0.6213585734367371]
[step 0850/1000] method=baseline_cagrad loss=0.0326 train_acc=0.9759 train_loss=0.1306 val_acc=0.7076 val_loss=1.6287 router_H=0.3051 best=0.7473
           router_load=[0.010700471699237823, 0.2545716464519501, 0.000364827923476696, 0.7343630790710449]
[step 0860/1000] method=baseline_cagrad loss=0.3127 train_acc=0.9759 train_loss=0.1306 val_acc=0.7076 val_loss=1.6287 router_H=0.3051 best=0.7473
           router_load=[0.010700471699237823, 0.2545716464519501, 0.000364827923476696, 0.7343630790710449]
[step 0870/1000] method=baseline_cagrad loss=0.0044 train_acc=0.9759 train_loss=0.1306 val_acc=0.7076 val_loss=1.6287 router_H=0.3051 best=0.7473
           router_load=[0.010700471699237823, 0.2545716464519501, 0.000364827923476696, 0.7343630790710449]
[step 0880/1000] method=baseline_cagrad loss=0.3270 train_acc=0.9759 train_loss=0.1306 val_acc=0.7076 val_loss=1.6287 router_H=0.3051 best=0.7473
           router_load=[0.010700471699237823, 0.2545716464519501, 0.000364827923476696, 0.7343630790710449]
[step 0890/1000] method=baseline_cagrad loss=0.2683 train_acc=0.9759 train_loss=0.1306 val_acc=0.7076 val_loss=1.6287 router_H=0.3051 best=0.7473
           router_load=[0.010700471699237823, 0.2545716464519501, 0.000364827923476696, 0.7343630790710449]
[step 0900/1000] method=baseline_cagrad loss=0.1385 train_acc=0.9859 train_loss=0.0484 val_acc=0.7184 val_loss=0.9843 router_H=0.3795 best=0.7473
           router_load=[0.030873581767082214, 0.2938987612724304, 0.0, 0.6752277612686157]
[step 0910/1000] method=baseline_cagrad loss=0.0587 train_acc=0.9859 train_loss=0.0484 val_acc=0.7184 val_loss=0.9843 router_H=0.3795 best=0.7473
           router_load=[0.030873581767082214, 0.2938987612724304, 0.0, 0.6752277612686157]
[step 0920/1000] method=baseline_cagrad loss=0.0271 train_acc=0.9859 train_loss=0.0484 val_acc=0.7184 val_loss=0.9843 router_H=0.3795 best=0.7473
           router_load=[0.030873581767082214, 0.2938987612724304, 0.0, 0.6752277612686157]
[step 0930/1000] method=baseline_cagrad loss=0.0027 train_acc=0.9859 train_loss=0.0484 val_acc=0.7184 val_loss=0.9843 router_H=0.3795 best=0.7473
           router_load=[0.030873581767082214, 0.2938987612724304, 0.0, 0.6752277612686157]
[step 0940/1000] method=baseline_cagrad loss=0.3271 train_acc=0.9859 train_loss=0.0484 val_acc=0.7184 val_loss=0.9843 router_H=0.3795 best=0.7473
           router_load=[0.030873581767082214, 0.2938987612724304, 0.0, 0.6752277612686157]
[step 0950/1000] method=baseline_cagrad loss=0.0204 train_acc=0.9900 train_loss=0.0457 val_acc=0.7401 val_loss=0.9810 router_H=0.4304 best=0.7473
           router_load=[0.0003748277958948165, 0.22604604065418243, 0.035557378083467484, 0.7380218505859375]
[step 0960/1000] method=baseline_cagrad loss=0.1513 train_acc=0.9900 train_loss=0.0457 val_acc=0.7401 val_loss=0.9810 router_H=0.4304 best=0.7473
           router_load=[0.0003748277958948165, 0.22604604065418243, 0.035557378083467484, 0.7380218505859375]
[step 0970/1000] method=baseline_cagrad loss=0.2880 train_acc=0.9900 train_loss=0.0457 val_acc=0.7401 val_loss=0.9810 router_H=0.4304 best=0.7473
           router_load=[0.0003748277958948165, 0.22604604065418243, 0.035557378083467484, 0.7380218505859375]
[step 0980/1000] method=baseline_cagrad loss=0.0060 train_acc=0.9900 train_loss=0.0457 val_acc=0.7401 val_loss=0.9810 router_H=0.4304 best=0.7473
           router_load=[0.0003748277958948165, 0.22604604065418243, 0.035557378083467484, 0.7380218505859375]
[step 0990/1000] method=baseline_cagrad loss=0.0006 train_acc=0.9900 train_loss=0.0457 val_acc=0.7401 val_loss=0.9810 router_H=0.4304 best=0.7473
           router_load=[0.0003748277958948165, 0.22604604065418243, 0.035557378083467484, 0.7380218505859375]
[step 1000/1000] method=baseline_cagrad loss=0.0005 train_acc=0.9896 train_loss=0.0554 val_acc=0.7473 val_loss=1.6814 router_H=0.2644 best=0.7473
           router_load=[0.0270730871707201, 0.05725393444299698, 0.001724374364130199, 0.9139485955238342]
saved summary -> /home/zhujjing/MOE-grad-conflict-routing/runs/paper_suite/single_gpu/single_task/roberta_rte_ffn_e4_k2/final/cagrad_s3.json
saved curve -> /home/zhujjing/MOE-grad-conflict-routing/runs/paper_suite/single_gpu/single_task/roberta_rte_ffn_e4_k2/final/cagrad_s3_curve.csv
