[run] method=cagrad candidate=coord_03_train_grad_clip_004 seed=2 steps=1000 gpu=0
[run] cmd=
/home/zhujjing/anaconda3/envs/moe/bin/python /home/zhujjing/MOE-grad-conflict-routing/scripts/run.py --config configs/singletask_rte_real.yaml --set model.backbone_backend=hf --set model.hf_load_pretrained=true --set model.backbone=roberta --set model.hf_pretrained_name=roberta-base --set model.expert_type=ffn --set model.routing_mode=topk --set model.num_experts=4 --set model.top_k=2 --set seed=2 --set method.name=baseline_cagrad --set train.steps=1000 --set train.eval_every_steps=50 --set method.baseline_cagrad.c=0.4 --set method.baseline_cagrad.inner_lr=0.1 --set train.grad_clip=1.23610215 --set train.lr=2.52305587e-05 --set train.weight_decay=0.0003465461751 --out /home/zhujjing/MOE-grad-conflict-routing/runs/paper_suite/single_gpu/single_task/roberta_rte_ffn_e4_k2/final/cagrad_s2.json --curve_out /home/zhujjing/MOE-grad-conflict-routing/runs/paper_suite/single_gpu/single_task/roberta_rte_ffn_e4_k2/final/cagrad_s2_curve.csv
Using the latest cached version of the dataset since glue couldn't be found on the Hugging Face Hub (offline mode is enabled).
Found the latest cached dataset configuration 'rte' at /home/zhujjing/hf_cache/datasets/glue/rte/0.0.0/bcdcba79d07bc864c1c254ccfcedcce55bcc9a8c (last modified on Thu Mar 19 15:00:36 2026).
/home/zhujjing/anaconda3/envs/moe/lib/python3.10/site-packages/transformers/utils/hub.py:124: FutureWarning: Using `TRANSFORMERS_CACHE` is deprecated and will be removed in v5 of Transformers. Use `HF_HOME` instead.
  warnings.warn(
Some weights of RobertaModel were not initialized from the model checkpoint at roberta-base and are newly initialized: ['roberta.pooler.dense.bias', 'roberta.pooler.dense.weight']
You should probably TRAIN this model on a down-stream task to be able to use it for predictions and inference.
[step 0001/1000] method=baseline_cagrad loss=0.6905 train_acc=nan train_loss=nan val_acc=nan val_loss=nan best=-1.0000
[step 0010/1000] method=baseline_cagrad loss=0.7669 train_acc=nan train_loss=nan val_acc=nan val_loss=nan best=-1.0000
[step 0020/1000] method=baseline_cagrad loss=0.6786 train_acc=nan train_loss=nan val_acc=nan val_loss=nan best=-1.0000
[step 0030/1000] method=baseline_cagrad loss=0.6867 train_acc=nan train_loss=nan val_acc=nan val_loss=nan best=-1.0000
[step 0040/1000] method=baseline_cagrad loss=0.7038 train_acc=nan train_loss=nan val_acc=nan val_loss=nan best=-1.0000
[step 0050/1000] method=baseline_cagrad loss=0.6471 train_acc=0.6044 train_loss=0.6644 val_acc=0.5848 val_loss=0.6652 router_H=0.6705 best=0.5848
           router_load=[0.106143057346344, 0.2680986821651459, 0.0223542507737875, 0.6034039855003357]
[step 0060/1000] method=baseline_cagrad loss=0.6506 train_acc=0.6044 train_loss=0.6644 val_acc=0.5848 val_loss=0.6652 router_H=0.6705 best=0.5848
           router_load=[0.106143057346344, 0.2680986821651459, 0.0223542507737875, 0.6034039855003357]
[step 0070/1000] method=baseline_cagrad loss=0.7045 train_acc=0.6044 train_loss=0.6644 val_acc=0.5848 val_loss=0.6652 router_H=0.6705 best=0.5848
           router_load=[0.106143057346344, 0.2680986821651459, 0.0223542507737875, 0.6034039855003357]
[step 0080/1000] method=baseline_cagrad loss=0.7121 train_acc=0.6044 train_loss=0.6644 val_acc=0.5848 val_loss=0.6652 router_H=0.6705 best=0.5848
           router_load=[0.106143057346344, 0.2680986821651459, 0.0223542507737875, 0.6034039855003357]
[step 0090/1000] method=baseline_cagrad loss=0.7989 train_acc=0.6044 train_loss=0.6644 val_acc=0.5848 val_loss=0.6652 router_H=0.6705 best=0.5848
           router_load=[0.106143057346344, 0.2680986821651459, 0.0223542507737875, 0.6034039855003357]
[step 0100/1000] method=baseline_cagrad loss=0.7177 train_acc=0.5695 train_loss=0.6754 val_acc=0.5235 val_loss=0.6933 router_H=0.6838 best=0.5848
           router_load=[0.19029055535793304, 0.24456559121608734, 0.0, 0.5651437640190125]
[step 0110/1000] method=baseline_cagrad loss=0.6462 train_acc=0.5695 train_loss=0.6754 val_acc=0.5235 val_loss=0.6933 router_H=0.6838 best=0.5848
           router_load=[0.19029055535793304, 0.24456559121608734, 0.0, 0.5651437640190125]
[step 0120/1000] method=baseline_cagrad loss=0.6849 train_acc=0.5695 train_loss=0.6754 val_acc=0.5235 val_loss=0.6933 router_H=0.6838 best=0.5848
           router_load=[0.19029055535793304, 0.24456559121608734, 0.0, 0.5651437640190125]
[step 0130/1000] method=baseline_cagrad loss=0.6474 train_acc=0.5695 train_loss=0.6754 val_acc=0.5235 val_loss=0.6933 router_H=0.6838 best=0.5848
           router_load=[0.19029055535793304, 0.24456559121608734, 0.0, 0.5651437640190125]
[step 0140/1000] method=baseline_cagrad loss=0.6092 train_acc=0.5695 train_loss=0.6754 val_acc=0.5235 val_loss=0.6933 router_H=0.6838 best=0.5848
           router_load=[0.19029055535793304, 0.24456559121608734, 0.0, 0.5651437640190125]
[step 0150/1000] method=baseline_cagrad loss=0.6993 train_acc=0.6112 train_loss=0.6356 val_acc=0.5921 val_loss=0.6522 router_H=0.6846 best=0.5921
           router_load=[0.034762877970933914, 0.4052099883556366, 0.0, 0.5600270628929138]
[step 0160/1000] method=baseline_cagrad loss=0.6584 train_acc=0.6112 train_loss=0.6356 val_acc=0.5921 val_loss=0.6522 router_H=0.6846 best=0.5921
           router_load=[0.034762877970933914, 0.4052099883556366, 0.0, 0.5600270628929138]
[step 0170/1000] method=baseline_cagrad loss=0.6322 train_acc=0.6112 train_loss=0.6356 val_acc=0.5921 val_loss=0.6522 router_H=0.6846 best=0.5921
           router_load=[0.034762877970933914, 0.4052099883556366, 0.0, 0.5600270628929138]
[step 0180/1000] method=baseline_cagrad loss=0.5360 train_acc=0.6112 train_loss=0.6356 val_acc=0.5921 val_loss=0.6522 router_H=0.6846 best=0.5921
           router_load=[0.034762877970933914, 0.4052099883556366, 0.0, 0.5600270628929138]
[step 0190/1000] method=baseline_cagrad loss=0.5314 train_acc=0.6112 train_loss=0.6356 val_acc=0.5921 val_loss=0.6522 router_H=0.6846 best=0.5921
           router_load=[0.034762877970933914, 0.4052099883556366, 0.0, 0.5600270628929138]
[step 0200/1000] method=baseline_cagrad loss=0.5669 train_acc=0.7627 train_loss=0.4888 val_acc=0.6787 val_loss=0.6322 router_H=0.6858 best=0.6787
           router_load=[0.17209270596504211, 0.44652867317199707, 0.0, 0.381378710269928]
[step 0210/1000] method=baseline_cagrad loss=0.5526 train_acc=0.7627 train_loss=0.4888 val_acc=0.6787 val_loss=0.6322 router_H=0.6858 best=0.6787
           router_load=[0.17209270596504211, 0.44652867317199707, 0.0, 0.381378710269928]
[step 0220/1000] method=baseline_cagrad loss=0.4993 train_acc=0.7627 train_loss=0.4888 val_acc=0.6787 val_loss=0.6322 router_H=0.6858 best=0.6787
           router_load=[0.17209270596504211, 0.44652867317199707, 0.0, 0.381378710269928]
[step 0230/1000] method=baseline_cagrad loss=0.4971 train_acc=0.7627 train_loss=0.4888 val_acc=0.6787 val_loss=0.6322 router_H=0.6858 best=0.6787
           router_load=[0.17209270596504211, 0.44652867317199707, 0.0, 0.381378710269928]
[step 0240/1000] method=baseline_cagrad loss=0.3702 train_acc=0.7627 train_loss=0.4888 val_acc=0.6787 val_loss=0.6322 router_H=0.6858 best=0.6787
           router_load=[0.17209270596504211, 0.44652867317199707, 0.0, 0.381378710269928]
[step 0250/1000] method=baseline_cagrad loss=0.5816 train_acc=0.8277 train_loss=0.3940 val_acc=0.6715 val_loss=0.6377 router_H=0.6844 best=0.6787
           router_load=[0.26525580883026123, 0.22406716644763947, 0.0, 0.5106770992279053]
[step 0260/1000] method=baseline_cagrad loss=0.5808 train_acc=0.8277 train_loss=0.3940 val_acc=0.6715 val_loss=0.6377 router_H=0.6844 best=0.6787
           router_load=[0.26525580883026123, 0.22406716644763947, 0.0, 0.5106770992279053]
[step 0270/1000] method=baseline_cagrad loss=0.7024 train_acc=0.8277 train_loss=0.3940 val_acc=0.6715 val_loss=0.6377 router_H=0.6844 best=0.6787
           router_load=[0.26525580883026123, 0.22406716644763947, 0.0, 0.5106770992279053]
[step 0280/1000] method=baseline_cagrad loss=0.5069 train_acc=0.8277 train_loss=0.3940 val_acc=0.6715 val_loss=0.6377 router_H=0.6844 best=0.6787
           router_load=[0.26525580883026123, 0.22406716644763947, 0.0, 0.5106770992279053]
[step 0290/1000] method=baseline_cagrad loss=0.5719 train_acc=0.8277 train_loss=0.3940 val_acc=0.6715 val_loss=0.6377 router_H=0.6844 best=0.6787
           router_load=[0.26525580883026123, 0.22406716644763947, 0.0, 0.5106770992279053]
[step 0300/1000] method=baseline_cagrad loss=0.6100 train_acc=0.8562 train_loss=0.3604 val_acc=0.7004 val_loss=0.6038 router_H=0.6406 best=0.7004
           router_load=[0.2360767424106598, 0.12192363291978836, 0.004548084456473589, 0.6374515891075134]
[step 0310/1000] method=baseline_cagrad loss=0.5640 train_acc=0.8562 train_loss=0.3604 val_acc=0.7004 val_loss=0.6038 router_H=0.6406 best=0.7004
           router_load=[0.2360767424106598, 0.12192363291978836, 0.004548084456473589, 0.6374515891075134]
[step 0320/1000] method=baseline_cagrad loss=0.5693 train_acc=0.8562 train_loss=0.3604 val_acc=0.7004 val_loss=0.6038 router_H=0.6406 best=0.7004
           router_load=[0.2360767424106598, 0.12192363291978836, 0.004548084456473589, 0.6374515891075134]
[step 0330/1000] method=baseline_cagrad loss=0.2346 train_acc=0.8562 train_loss=0.3604 val_acc=0.7004 val_loss=0.6038 router_H=0.6406 best=0.7004
           router_load=[0.2360767424106598, 0.12192363291978836, 0.004548084456473589, 0.6374515891075134]
[step 0340/1000] method=baseline_cagrad loss=0.5661 train_acc=0.8562 train_loss=0.3604 val_acc=0.7004 val_loss=0.6038 router_H=0.6406 best=0.7004
           router_load=[0.2360767424106598, 0.12192363291978836, 0.004548084456473589, 0.6374515891075134]
[step 0350/1000] method=baseline_cagrad loss=0.1394 train_acc=0.9028 train_loss=0.2522 val_acc=0.7401 val_loss=0.6171 router_H=0.6704 best=0.7401
           router_load=[0.24383613467216492, 0.2185882031917572, 0.0, 0.5375756025314331]
[step 0360/1000] method=baseline_cagrad loss=0.3250 train_acc=0.9028 train_loss=0.2522 val_acc=0.7401 val_loss=0.6171 router_H=0.6704 best=0.7401
           router_load=[0.24383613467216492, 0.2185882031917572, 0.0, 0.5375756025314331]
[step 0370/1000] method=baseline_cagrad loss=0.3715 train_acc=0.9028 train_loss=0.2522 val_acc=0.7401 val_loss=0.6171 router_H=0.6704 best=0.7401
           router_load=[0.24383613467216492, 0.2185882031917572, 0.0, 0.5375756025314331]
[step 0380/1000] method=baseline_cagrad loss=0.1460 train_acc=0.9028 train_loss=0.2522 val_acc=0.7401 val_loss=0.6171 router_H=0.6704 best=0.7401
           router_load=[0.24383613467216492, 0.2185882031917572, 0.0, 0.5375756025314331]
[step 0390/1000] method=baseline_cagrad loss=0.3679 train_acc=0.9028 train_loss=0.2522 val_acc=0.7401 val_loss=0.6171 router_H=0.6704 best=0.7401
           router_load=[0.24383613467216492, 0.2185882031917572, 0.0, 0.5375756025314331]
[step 0400/1000] method=baseline_cagrad loss=0.1662 train_acc=0.8916 train_loss=0.2635 val_acc=0.6968 val_loss=0.7775 router_H=0.6382 best=0.7401
           router_load=[0.16423967480659485, 0.23767687380313873, 0.0, 0.59808349609375]
[step 0410/1000] method=baseline_cagrad loss=0.1631 train_acc=0.8916 train_loss=0.2635 val_acc=0.6968 val_loss=0.7775 router_H=0.6382 best=0.7401
           router_load=[0.16423967480659485, 0.23767687380313873, 0.0, 0.59808349609375]
[step 0420/1000] method=baseline_cagrad loss=0.3857 train_acc=0.8916 train_loss=0.2635 val_acc=0.6968 val_loss=0.7775 router_H=0.6382 best=0.7401
           router_load=[0.16423967480659485, 0.23767687380313873, 0.0, 0.59808349609375]
[step 0430/1000] method=baseline_cagrad loss=0.4871 train_acc=0.8916 train_loss=0.2635 val_acc=0.6968 val_loss=0.7775 router_H=0.6382 best=0.7401
           router_load=[0.16423967480659485, 0.23767687380313873, 0.0, 0.59808349609375]
[step 0440/1000] method=baseline_cagrad loss=0.2569 train_acc=0.8916 train_loss=0.2635 val_acc=0.6968 val_loss=0.7775 router_H=0.6382 best=0.7401
           router_load=[0.16423967480659485, 0.23767687380313873, 0.0, 0.59808349609375]
[step 0450/1000] method=baseline_cagrad loss=0.1787 train_acc=0.9012 train_loss=0.2319 val_acc=0.6823 val_loss=0.7030 router_H=0.6744 best=0.7401
           router_load=[0.13512186706066132, 0.29313793778419495, 0.0, 0.5717402100563049]
[step 0460/1000] method=baseline_cagrad loss=0.4516 train_acc=0.9012 train_loss=0.2319 val_acc=0.6823 val_loss=0.7030 router_H=0.6744 best=0.7401
           router_load=[0.13512186706066132, 0.29313793778419495, 0.0, 0.5717402100563049]
[step 0470/1000] method=baseline_cagrad loss=0.1687 train_acc=0.9012 train_loss=0.2319 val_acc=0.6823 val_loss=0.7030 router_H=0.6744 best=0.7401
           router_load=[0.13512186706066132, 0.29313793778419495, 0.0, 0.5717402100563049]
[step 0480/1000] method=baseline_cagrad loss=0.1863 train_acc=0.9012 train_loss=0.2319 val_acc=0.6823 val_loss=0.7030 router_H=0.6744 best=0.7401
           router_load=[0.13512186706066132, 0.29313793778419495, 0.0, 0.5717402100563049]
[step 0490/1000] method=baseline_cagrad loss=0.0522 train_acc=0.9012 train_loss=0.2319 val_acc=0.6823 val_loss=0.7030 router_H=0.6744 best=0.7401
           router_load=[0.13512186706066132, 0.29313793778419495, 0.0, 0.5717402100563049]
[step 0500/1000] method=baseline_cagrad loss=0.4688 train_acc=0.9578 train_loss=0.1470 val_acc=0.7401 val_loss=1.0738 router_H=0.4715 best=0.7401
           router_load=[0.37313681840896606, 0.12813788652420044, 0.0011710254475474358, 0.49755430221557617]
[step 0510/1000] method=baseline_cagrad loss=0.1374 train_acc=0.9578 train_loss=0.1470 val_acc=0.7401 val_loss=1.0738 router_H=0.4715 best=0.7401
           router_load=[0.37313681840896606, 0.12813788652420044, 0.0011710254475474358, 0.49755430221557617]
[step 0520/1000] method=baseline_cagrad loss=0.3958 train_acc=0.9578 train_loss=0.1470 val_acc=0.7401 val_loss=1.0738 router_H=0.4715 best=0.7401
           router_load=[0.37313681840896606, 0.12813788652420044, 0.0011710254475474358, 0.49755430221557617]
[step 0530/1000] method=baseline_cagrad loss=0.6694 train_acc=0.9578 train_loss=0.1470 val_acc=0.7401 val_loss=1.0738 router_H=0.4715 best=0.7401
           router_load=[0.37313681840896606, 0.12813788652420044, 0.0011710254475474358, 0.49755430221557617]
[step 0540/1000] method=baseline_cagrad loss=0.3929 train_acc=0.9578 train_loss=0.1470 val_acc=0.7401 val_loss=1.0738 router_H=0.4715 best=0.7401
           router_load=[0.37313681840896606, 0.12813788652420044, 0.0011710254475474358, 0.49755430221557617]
[step 0550/1000] method=baseline_cagrad loss=0.2605 train_acc=0.9647 train_loss=0.1029 val_acc=0.7256 val_loss=0.7950 router_H=0.4993 best=0.7401
           router_load=[0.2903250455856323, 0.11403542757034302, 0.0, 0.5956395268440247]
[step 0560/1000] method=baseline_cagrad loss=0.1495 train_acc=0.9647 train_loss=0.1029 val_acc=0.7256 val_loss=0.7950 router_H=0.4993 best=0.7401
           router_load=[0.2903250455856323, 0.11403542757034302, 0.0, 0.5956395268440247]
[step 0570/1000] method=baseline_cagrad loss=0.2562 train_acc=0.9647 train_loss=0.1029 val_acc=0.7256 val_loss=0.7950 router_H=0.4993 best=0.7401
           router_load=[0.2903250455856323, 0.11403542757034302, 0.0, 0.5956395268440247]
[step 0580/1000] method=baseline_cagrad loss=0.8536 train_acc=0.9647 train_loss=0.1029 val_acc=0.7256 val_loss=0.7950 router_H=0.4993 best=0.7401
           router_load=[0.2903250455856323, 0.11403542757034302, 0.0, 0.5956395268440247]
[step 0590/1000] method=baseline_cagrad loss=0.3345 train_acc=0.9647 train_loss=0.1029 val_acc=0.7256 val_loss=0.7950 router_H=0.4993 best=0.7401
           router_load=[0.2903250455856323, 0.11403542757034302, 0.0, 0.5956395268440247]
[step 0600/1000] method=baseline_cagrad loss=0.3628 train_acc=0.9711 train_loss=0.0962 val_acc=0.7545 val_loss=0.8774 router_H=0.5129 best=0.7545
           router_load=[0.25988346338272095, 0.12279080599546432, 0.0, 0.6173257231712341]
[step 0610/1000] method=baseline_cagrad loss=0.0443 train_acc=0.9711 train_loss=0.0962 val_acc=0.7545 val_loss=0.8774 router_H=0.5129 best=0.7545
           router_load=[0.25988346338272095, 0.12279080599546432, 0.0, 0.6173257231712341]
[step 0620/1000] method=baseline_cagrad loss=0.6793 train_acc=0.9711 train_loss=0.0962 val_acc=0.7545 val_loss=0.8774 router_H=0.5129 best=0.7545
           router_load=[0.25988346338272095, 0.12279080599546432, 0.0, 0.6173257231712341]
[step 0630/1000] method=baseline_cagrad loss=0.0044 train_acc=0.9711 train_loss=0.0962 val_acc=0.7545 val_loss=0.8774 router_H=0.5129 best=0.7545
           router_load=[0.25988346338272095, 0.12279080599546432, 0.0, 0.6173257231712341]
[step 0640/1000] method=baseline_cagrad loss=0.0242 train_acc=0.9711 train_loss=0.0962 val_acc=0.7545 val_loss=0.8774 router_H=0.5129 best=0.7545
           router_load=[0.25988346338272095, 0.12279080599546432, 0.0, 0.6173257231712341]
[step 0650/1000] method=baseline_cagrad loss=0.0117 train_acc=0.9715 train_loss=0.0961 val_acc=0.7401 val_loss=1.2249 router_H=0.3747 best=0.7545
           router_load=[0.3467657268047333, 0.08274102210998535, 0.0025725921150296926, 0.5679206252098083]
[step 0660/1000] method=baseline_cagrad loss=0.0025 train_acc=0.9715 train_loss=0.0961 val_acc=0.7401 val_loss=1.2249 router_H=0.3747 best=0.7545
           router_load=[0.3467657268047333, 0.08274102210998535, 0.0025725921150296926, 0.5679206252098083]
[step 0670/1000] method=baseline_cagrad loss=0.4456 train_acc=0.9715 train_loss=0.0961 val_acc=0.7401 val_loss=1.2249 router_H=0.3747 best=0.7545
           router_load=[0.3467657268047333, 0.08274102210998535, 0.0025725921150296926, 0.5679206252098083]
[step 0680/1000] method=baseline_cagrad loss=0.2855 train_acc=0.9715 train_loss=0.0961 val_acc=0.7401 val_loss=1.2249 router_H=0.3747 best=0.7545
           router_load=[0.3467657268047333, 0.08274102210998535, 0.0025725921150296926, 0.5679206252098083]
[step 0690/1000] method=baseline_cagrad loss=0.0020 train_acc=0.9715 train_loss=0.0961 val_acc=0.7401 val_loss=1.2249 router_H=0.3747 best=0.7545
           router_load=[0.3467657268047333, 0.08274102210998535, 0.0025725921150296926, 0.5679206252098083]
[step 0700/1000] method=baseline_cagrad loss=0.5071 train_acc=0.9775 train_loss=0.0680 val_acc=0.7148 val_loss=1.2214 router_H=0.4138 best=0.7545
           router_load=[0.2845202386379242, 0.10386310517787933, 0.00015136328875087202, 0.6114652752876282]
[step 0710/1000] method=baseline_cagrad loss=0.4525 train_acc=0.9775 train_loss=0.0680 val_acc=0.7148 val_loss=1.2214 router_H=0.4138 best=0.7545
           router_load=[0.2845202386379242, 0.10386310517787933, 0.00015136328875087202, 0.6114652752876282]
[step 0720/1000] method=baseline_cagrad loss=0.3220 train_acc=0.9775 train_loss=0.0680 val_acc=0.7148 val_loss=1.2214 router_H=0.4138 best=0.7545
           router_load=[0.2845202386379242, 0.10386310517787933, 0.00015136328875087202, 0.6114652752876282]
[step 0730/1000] method=baseline_cagrad loss=0.0016 train_acc=0.9775 train_loss=0.0680 val_acc=0.7148 val_loss=1.2214 router_H=0.4138 best=0.7545
           router_load=[0.2845202386379242, 0.10386310517787933, 0.00015136328875087202, 0.6114652752876282]
[step 0740/1000] method=baseline_cagrad loss=0.4189 train_acc=0.9775 train_loss=0.0680 val_acc=0.7148 val_loss=1.2214 router_H=0.4138 best=0.7545
           router_load=[0.2845202386379242, 0.10386310517787933, 0.00015136328875087202, 0.6114652752876282]
[step 0750/1000] method=baseline_cagrad loss=0.5664 train_acc=0.9851 train_loss=0.0601 val_acc=0.7220 val_loss=1.4913 router_H=0.3126 best=0.7545
           router_load=[0.49714115262031555, 0.0540628544986248, 0.00045408905134536326, 0.448341965675354]
[step 0760/1000] method=baseline_cagrad loss=0.0674 train_acc=0.9851 train_loss=0.0601 val_acc=0.7220 val_loss=1.4913 router_H=0.3126 best=0.7545
           router_load=[0.49714115262031555, 0.0540628544986248, 0.00045408905134536326, 0.448341965675354]
[step 0770/1000] method=baseline_cagrad loss=0.5134 train_acc=0.9851 train_loss=0.0601 val_acc=0.7220 val_loss=1.4913 router_H=0.3126 best=0.7545
           router_load=[0.49714115262031555, 0.0540628544986248, 0.00045408905134536326, 0.448341965675354]
[step 0780/1000] method=baseline_cagrad loss=0.4491 train_acc=0.9851 train_loss=0.0601 val_acc=0.7220 val_loss=1.4913 router_H=0.3126 best=0.7545
           router_load=[0.49714115262031555, 0.0540628544986248, 0.00045408905134536326, 0.448341965675354]
[step 0790/1000] method=baseline_cagrad loss=0.3165 train_acc=0.9851 train_loss=0.0601 val_acc=0.7220 val_loss=1.4913 router_H=0.3126 best=0.7545
           router_load=[0.49714115262031555, 0.0540628544986248, 0.00045408905134536326, 0.448341965675354]
[step 0800/1000] method=baseline_cagrad loss=0.0033 train_acc=0.9835 train_loss=0.0591 val_acc=0.7329 val_loss=1.3656 router_H=0.3274 best=0.7545
           router_load=[0.2840091288089752, 0.04907144233584404, 0.011009699665009975, 0.6559098362922668]
[step 0810/1000] method=baseline_cagrad loss=0.4218 train_acc=0.9835 train_loss=0.0591 val_acc=0.7329 val_loss=1.3656 router_H=0.3274 best=0.7545
           router_load=[0.2840091288089752, 0.04907144233584404, 0.011009699665009975, 0.6559098362922668]
[step 0820/1000] method=baseline_cagrad loss=0.4467 train_acc=0.9835 train_loss=0.0591 val_acc=0.7329 val_loss=1.3656 router_H=0.3274 best=0.7545
           router_load=[0.2840091288089752, 0.04907144233584404, 0.011009699665009975, 0.6559098362922668]
[step 0830/1000] method=baseline_cagrad loss=0.2782 train_acc=0.9835 train_loss=0.0591 val_acc=0.7329 val_loss=1.3656 router_H=0.3274 best=0.7545
           router_load=[0.2840091288089752, 0.04907144233584404, 0.011009699665009975, 0.6559098362922668]
[step 0840/1000] method=baseline_cagrad loss=0.0428 train_acc=0.9835 train_loss=0.0591 val_acc=0.7329 val_loss=1.3656 router_H=0.3274 best=0.7545
           router_load=[0.2840091288089752, 0.04907144233584404, 0.011009699665009975, 0.6559098362922668]
[step 0850/1000] method=baseline_cagrad loss=0.0052 train_acc=0.9791 train_loss=0.0746 val_acc=0.7184 val_loss=1.5909 router_H=0.2849 best=0.7545
           router_load=[0.2590853273868561, 0.06938931345939636, 0.0, 0.6715251803398132]
[step 0860/1000] method=baseline_cagrad loss=0.1023 train_acc=0.9791 train_loss=0.0746 val_acc=0.7184 val_loss=1.5909 router_H=0.2849 best=0.7545
           router_load=[0.2590853273868561, 0.06938931345939636, 0.0, 0.6715251803398132]
[step 0870/1000] method=baseline_cagrad loss=0.0011 train_acc=0.9791 train_loss=0.0746 val_acc=0.7184 val_loss=1.5909 router_H=0.2849 best=0.7545
           router_load=[0.2590853273868561, 0.06938931345939636, 0.0, 0.6715251803398132]
[step 0880/1000] method=baseline_cagrad loss=0.3211 train_acc=0.9791 train_loss=0.0746 val_acc=0.7184 val_loss=1.5909 router_H=0.2849 best=0.7545
           router_load=[0.2590853273868561, 0.06938931345939636, 0.0, 0.6715251803398132]
[step 0890/1000] method=baseline_cagrad loss=0.2547 train_acc=0.9791 train_loss=0.0746 val_acc=0.7184 val_loss=1.5909 router_H=0.2849 best=0.7545
           router_load=[0.2590853273868561, 0.06938931345939636, 0.0, 0.6715251803398132]
[step 0900/1000] method=baseline_cagrad loss=0.0240 train_acc=0.9896 train_loss=0.0540 val_acc=0.7292 val_loss=1.4023 router_H=0.3739 best=0.7545
           router_load=[0.2706168591976166, 0.12211980670690536, 0.0, 0.6072633862495422]
[step 0910/1000] method=baseline_cagrad loss=0.3779 train_acc=0.9896 train_loss=0.0540 val_acc=0.7292 val_loss=1.4023 router_H=0.3739 best=0.7545
           router_load=[0.2706168591976166, 0.12211980670690536, 0.0, 0.6072633862495422]
[step 0920/1000] method=baseline_cagrad loss=0.2743 train_acc=0.9896 train_loss=0.0540 val_acc=0.7292 val_loss=1.4023 router_H=0.3739 best=0.7545
           router_load=[0.2706168591976166, 0.12211980670690536, 0.0, 0.6072633862495422]
[step 0930/1000] method=baseline_cagrad loss=0.4755 train_acc=0.9896 train_loss=0.0540 val_acc=0.7292 val_loss=1.4023 router_H=0.3739 best=0.7545
           router_load=[0.2706168591976166, 0.12211980670690536, 0.0, 0.6072633862495422]
[step 0940/1000] method=baseline_cagrad loss=0.0127 train_acc=0.9896 train_loss=0.0540 val_acc=0.7292 val_loss=1.4023 router_H=0.3739 best=0.7545
           router_load=[0.2706168591976166, 0.12211980670690536, 0.0, 0.6072633862495422]
[step 0950/1000] method=baseline_cagrad loss=0.0095 train_acc=0.9880 train_loss=0.0601 val_acc=0.7184 val_loss=1.8271 router_H=0.2083 best=0.7545
           router_load=[0.28881925344467163, 0.01915779896080494, 0.014160705730319023, 0.677862286567688]
[step 0960/1000] method=baseline_cagrad loss=0.0003 train_acc=0.9880 train_loss=0.0601 val_acc=0.7184 val_loss=1.8271 router_H=0.2083 best=0.7545
           router_load=[0.28881925344467163, 0.01915779896080494, 0.014160705730319023, 0.677862286567688]
[step 0970/1000] method=baseline_cagrad loss=0.4684 train_acc=0.9880 train_loss=0.0601 val_acc=0.7184 val_loss=1.8271 router_H=0.2083 best=0.7545
           router_load=[0.28881925344467163, 0.01915779896080494, 0.014160705730319023, 0.677862286567688]
[step 0980/1000] method=baseline_cagrad loss=0.0012 train_acc=0.9880 train_loss=0.0601 val_acc=0.7184 val_loss=1.8271 router_H=0.2083 best=0.7545
           router_load=[0.28881925344467163, 0.01915779896080494, 0.014160705730319023, 0.677862286567688]
[step 0990/1000] method=baseline_cagrad loss=0.0007 train_acc=0.9880 train_loss=0.0601 val_acc=0.7184 val_loss=1.8271 router_H=0.2083 best=0.7545
           router_load=[0.28881925344467163, 0.01915779896080494, 0.014160705730319023, 0.677862286567688]
[step 1000/1000] method=baseline_cagrad loss=0.0009 train_acc=0.9618 train_loss=0.1737 val_acc=0.6751 val_loss=2.0426 router_H=0.2463 best=0.7545
           router_load=[0.18857507407665253, 0.048040006309747696, 0.0011542182182893157, 0.7622306942939758]
saved summary -> /home/zhujjing/MOE-grad-conflict-routing/runs/paper_suite/single_gpu/single_task/roberta_rte_ffn_e4_k2/final/cagrad_s2.json
saved curve -> /home/zhujjing/MOE-grad-conflict-routing/runs/paper_suite/single_gpu/single_task/roberta_rte_ffn_e4_k2/final/cagrad_s2_curve.csv
