[run] method=baseline candidate=coord_01_train_lr_003 seed=3 steps=150 gpu=0
[run] cmd=
/home/zhujjing/anaconda3/envs/moe/bin/python /home/zhujjing/MOE-grad-conflict-routing/scripts/run.py --config configs/singletask_mrpc_real.yaml --set model.backbone_backend=hf --set model.hf_load_pretrained=true --set model.backbone=roberta --set model.hf_pretrained_name=roberta-base --set model.expert_type=lora --set model.routing_mode=topk --set model.num_experts=4 --set model.top_k=2 --set seed=3 --set method.name=baseline_avg --set train.steps=150 --set train.eval_every_steps=50 --set train.grad_clip=1 --set train.lr=6.110024421e-06 --set train.weight_decay=0.01 --out /home/zhujjing/MOE-grad-conflict-routing/runs/paper_suite/single_gpu/single_task/roberta_mrpc_lora_e4_k2/hpo/baseline/trial_runs/coord_01_train_lr_003/baseline_s3.json --curve_out /home/zhujjing/MOE-grad-conflict-routing/runs/paper_suite/single_gpu/single_task/roberta_mrpc_lora_e4_k2/hpo/baseline/trial_runs/coord_01_train_lr_003/baseline_s3_curve.csv
Using the latest cached version of the dataset since glue couldn't be found on the Hugging Face Hub (offline mode is enabled).
Found the latest cached dataset configuration 'mrpc' at /home/zhujjing/hf_cache/datasets/glue/mrpc/0.0.0/bcdcba79d07bc864c1c254ccfcedcce55bcc9a8c (last modified on Thu Mar 19 15:01:06 2026).
/home/zhujjing/anaconda3/envs/moe/lib/python3.10/site-packages/transformers/utils/hub.py:124: FutureWarning: Using `TRANSFORMERS_CACHE` is deprecated and will be removed in v5 of Transformers. Use `HF_HOME` instead.
  warnings.warn(
Some weights of RobertaModel were not initialized from the model checkpoint at roberta-base and are newly initialized: ['roberta.pooler.dense.bias', 'roberta.pooler.dense.weight']
You should probably TRAIN this model on a down-stream task to be able to use it for predictions and inference.
[step 0001/150] method=baseline_avg loss=0.7891 train_acc=nan train_loss=nan val_acc=nan val_loss=nan best=-1.0000
[step 0010/150] method=baseline_avg loss=0.6647 train_acc=nan train_loss=nan val_acc=nan val_loss=nan best=-1.0000
[step 0020/150] method=baseline_avg loss=0.7619 train_acc=nan train_loss=nan val_acc=nan val_loss=nan best=-1.0000
[step 0030/150] method=baseline_avg loss=0.5500 train_acc=nan train_loss=nan val_acc=nan val_loss=nan best=-1.0000
[step 0040/150] method=baseline_avg loss=0.6617 train_acc=nan train_loss=nan val_acc=nan val_loss=nan best=-1.0000
[step 0050/150] method=baseline_avg loss=0.5591 train_acc=0.7110 train_loss=0.5390 val_acc=0.7059 val_loss=0.5325 router_H=0.6441 best=0.7059
           router_load=[0.6506339311599731, 0.3493660092353821, 0.0, 0.0]
[step 0060/150] method=baseline_avg loss=0.6100 train_acc=0.7110 train_loss=0.5390 val_acc=0.7059 val_loss=0.5325 router_H=0.6441 best=0.7059
           router_load=[0.6506339311599731, 0.3493660092353821, 0.0, 0.0]
[step 0070/150] method=baseline_avg loss=0.4486 train_acc=0.7110 train_loss=0.5390 val_acc=0.7059 val_loss=0.5325 router_H=0.6441 best=0.7059
           router_load=[0.6506339311599731, 0.3493660092353821, 0.0, 0.0]
[step 0080/150] method=baseline_avg loss=0.6522 train_acc=0.7110 train_loss=0.5390 val_acc=0.7059 val_loss=0.5325 router_H=0.6441 best=0.7059
           router_load=[0.6506339311599731, 0.3493660092353821, 0.0, 0.0]
[step 0090/150] method=baseline_avg loss=0.6163 train_acc=0.7110 train_loss=0.5390 val_acc=0.7059 val_loss=0.5325 router_H=0.6441 best=0.7059
           router_load=[0.6506339311599731, 0.3493660092353821, 0.0, 0.0]
[step 0100/150] method=baseline_avg loss=0.6401 train_acc=0.7399 train_loss=0.5012 val_acc=0.7255 val_loss=0.5047 router_H=0.6197 best=0.7255
           router_load=[0.6826687455177307, 0.3173311650753021, 0.0, 0.0]
[step 0110/150] method=baseline_avg loss=0.4451 train_acc=0.7399 train_loss=0.5012 val_acc=0.7255 val_loss=0.5047 router_H=0.6197 best=0.7255
           router_load=[0.6826687455177307, 0.3173311650753021, 0.0, 0.0]
[step 0120/150] method=baseline_avg loss=0.4730 train_acc=0.7399 train_loss=0.5012 val_acc=0.7255 val_loss=0.5047 router_H=0.6197 best=0.7255
           router_load=[0.6826687455177307, 0.3173311650753021, 0.0, 0.0]
[step 0130/150] method=baseline_avg loss=0.3774 train_acc=0.7399 train_loss=0.5012 val_acc=0.7255 val_loss=0.5047 router_H=0.6197 best=0.7255
           router_load=[0.6826687455177307, 0.3173311650753021, 0.0, 0.0]
[step 0140/150] method=baseline_avg loss=0.4853 train_acc=0.7399 train_loss=0.5012 val_acc=0.7255 val_loss=0.5047 router_H=0.6197 best=0.7255
           router_load=[0.6826687455177307, 0.3173311650753021, 0.0, 0.0]
[step 0150/150] method=baseline_avg loss=0.4673 train_acc=0.8078 train_loss=0.4132 val_acc=0.7941 val_loss=0.4262 router_H=0.6356 best=0.7941
           router_load=[0.6585161089897156, 0.3414839506149292, 0.0, 0.0]
saved summary -> /home/zhujjing/MOE-grad-conflict-routing/runs/paper_suite/single_gpu/single_task/roberta_mrpc_lora_e4_k2/hpo/baseline/trial_runs/coord_01_train_lr_003/baseline_s3.json
saved curve -> /home/zhujjing/MOE-grad-conflict-routing/runs/paper_suite/single_gpu/single_task/roberta_mrpc_lora_e4_k2/hpo/baseline/trial_runs/coord_01_train_lr_003/baseline_s3_curve.csv
