[run] method=baseline candidate=coord_01_train_lr_019 seed=2 steps=150 gpu=0
[run] cmd=
/home/zhujjing/anaconda3/envs/moe/bin/python /home/zhujjing/MOE-grad-conflict-routing/scripts/run.py --config configs/singletask_mrpc_real.yaml --set model.backbone_backend=hf --set model.hf_load_pretrained=true --set model.backbone=roberta --set model.hf_pretrained_name=roberta-base --set model.expert_type=lora --set model.routing_mode=topk --set model.num_experts=4 --set model.top_k=2 --set seed=2 --set method.name=baseline_avg --set train.steps=150 --set train.eval_every_steps=50 --set train.grad_clip=1 --set train.lr=7.110323964e-06 --set train.weight_decay=0.01 --out /home/zhujjing/MOE-grad-conflict-routing/runs/paper_suite/single_gpu/single_task/roberta_mrpc_lora_e4_k2/hpo/baseline/trial_runs/coord_01_train_lr_019/baseline_s2.json --curve_out /home/zhujjing/MOE-grad-conflict-routing/runs/paper_suite/single_gpu/single_task/roberta_mrpc_lora_e4_k2/hpo/baseline/trial_runs/coord_01_train_lr_019/baseline_s2_curve.csv
Using the latest cached version of the dataset since glue couldn't be found on the Hugging Face Hub (offline mode is enabled).
Found the latest cached dataset configuration 'mrpc' at /home/zhujjing/hf_cache/datasets/glue/mrpc/0.0.0/bcdcba79d07bc864c1c254ccfcedcce55bcc9a8c (last modified on Thu Mar 19 15:01:06 2026).
/home/zhujjing/anaconda3/envs/moe/lib/python3.10/site-packages/transformers/utils/hub.py:124: FutureWarning: Using `TRANSFORMERS_CACHE` is deprecated and will be removed in v5 of Transformers. Use `HF_HOME` instead.
  warnings.warn(
Some weights of RobertaModel were not initialized from the model checkpoint at roberta-base and are newly initialized: ['roberta.pooler.dense.bias', 'roberta.pooler.dense.weight']
You should probably TRAIN this model on a down-stream task to be able to use it for predictions and inference.
[step 0001/150] method=baseline_avg loss=0.6978 train_acc=nan train_loss=nan val_acc=nan val_loss=nan best=-1.0000
[step 0010/150] method=baseline_avg loss=0.6238 train_acc=nan train_loss=nan val_acc=nan val_loss=nan best=-1.0000
[step 0020/150] method=baseline_avg loss=0.7275 train_acc=nan train_loss=nan val_acc=nan val_loss=nan best=-1.0000
[step 0030/150] method=baseline_avg loss=0.6923 train_acc=nan train_loss=nan val_acc=nan val_loss=nan best=-1.0000
[step 0040/150] method=baseline_avg loss=0.6259 train_acc=nan train_loss=nan val_acc=nan val_loss=nan best=-1.0000
[step 0050/150] method=baseline_avg loss=0.5089 train_acc=0.7045 train_loss=0.5556 val_acc=0.7010 val_loss=0.5534 router_H=0.6883 best=0.7010
           router_load=[0.0, 0.5412437915802002, 0.4163559079170227, 0.04240042716264725]
[step 0060/150] method=baseline_avg loss=0.6188 train_acc=0.7045 train_loss=0.5556 val_acc=0.7010 val_loss=0.5534 router_H=0.6883 best=0.7010
           router_load=[0.0, 0.5412437915802002, 0.4163559079170227, 0.04240042716264725]
[step 0070/150] method=baseline_avg loss=0.4157 train_acc=0.7045 train_loss=0.5556 val_acc=0.7010 val_loss=0.5534 router_H=0.6883 best=0.7010
           router_load=[0.0, 0.5412437915802002, 0.4163559079170227, 0.04240042716264725]
[step 0080/150] method=baseline_avg loss=0.4690 train_acc=0.7045 train_loss=0.5556 val_acc=0.7010 val_loss=0.5534 router_H=0.6883 best=0.7010
           router_load=[0.0, 0.5412437915802002, 0.4163559079170227, 0.04240042716264725]
[step 0090/150] method=baseline_avg loss=0.5342 train_acc=0.7045 train_loss=0.5556 val_acc=0.7010 val_loss=0.5534 router_H=0.6883 best=0.7010
           router_load=[0.0, 0.5412437915802002, 0.4163559079170227, 0.04240042716264725]
[step 0100/150] method=baseline_avg loss=0.5718 train_acc=0.7399 train_loss=0.4757 val_acc=0.7230 val_loss=0.4759 router_H=0.6862 best=0.7230
           router_load=[0.0, 0.53557950258255, 0.34545081853866577, 0.11896953731775284]
[step 0110/150] method=baseline_avg loss=0.7101 train_acc=0.7399 train_loss=0.4757 val_acc=0.7230 val_loss=0.4759 router_H=0.6862 best=0.7230
           router_load=[0.0, 0.53557950258255, 0.34545081853866577, 0.11896953731775284]
[step 0120/150] method=baseline_avg loss=0.3778 train_acc=0.7399 train_loss=0.4757 val_acc=0.7230 val_loss=0.4759 router_H=0.6862 best=0.7230
           router_load=[0.0, 0.53557950258255, 0.34545081853866577, 0.11896953731775284]
[step 0130/150] method=baseline_avg loss=0.6272 train_acc=0.7399 train_loss=0.4757 val_acc=0.7230 val_loss=0.4759 router_H=0.6862 best=0.7230
           router_load=[0.0, 0.53557950258255, 0.34545081853866577, 0.11896953731775284]
[step 0140/150] method=baseline_avg loss=0.4330 train_acc=0.7399 train_loss=0.4757 val_acc=0.7230 val_loss=0.4759 router_H=0.6862 best=0.7230
           router_load=[0.0, 0.53557950258255, 0.34545081853866577, 0.11896953731775284]
[step 0150/150] method=baseline_avg loss=0.6146 train_acc=0.8111 train_loss=0.4083 val_acc=0.8039 val_loss=0.4137 router_H=0.6853 best=0.8039
           router_load=[0.0, 0.535460352897644, 0.18466277420520782, 0.27987679839134216]
saved summary -> /home/zhujjing/MOE-grad-conflict-routing/runs/paper_suite/single_gpu/single_task/roberta_mrpc_lora_e4_k2/hpo/baseline/trial_runs/coord_01_train_lr_019/baseline_s2.json
saved curve -> /home/zhujjing/MOE-grad-conflict-routing/runs/paper_suite/single_gpu/single_task/roberta_mrpc_lora_e4_k2/hpo/baseline/trial_runs/coord_01_train_lr_019/baseline_s2_curve.csv
