[run] method=baseline candidate=coord_01_anchor seed=2 steps=150 gpu=0
[run] cmd=
/home/zhujjing/anaconda3/envs/moe/bin/python /home/zhujjing/MOE-grad-conflict-routing/scripts/run.py --config configs/singletask_mrpc_real.yaml --set model.backbone_backend=hf --set model.hf_load_pretrained=true --set model.backbone=roberta --set model.hf_pretrained_name=roberta-base --set model.expert_type=lora --set model.routing_mode=topk --set model.num_experts=4 --set model.top_k=2 --set seed=2 --set method.name=baseline_avg --set train.steps=150 --set train.eval_every_steps=50 --set train.grad_clip=1 --set train.lr=2e-05 --set train.weight_decay=0.01 --out /home/zhujjing/MOE-grad-conflict-routing/runs/paper_suite/single_gpu/single_task/roberta_mrpc_lora_e4_k2/hpo/baseline/trial_runs/coord_01_anchor/baseline_s2.json --curve_out /home/zhujjing/MOE-grad-conflict-routing/runs/paper_suite/single_gpu/single_task/roberta_mrpc_lora_e4_k2/hpo/baseline/trial_runs/coord_01_anchor/baseline_s2_curve.csv
Using the latest cached version of the dataset since glue couldn't be found on the Hugging Face Hub (offline mode is enabled).
Found the latest cached dataset configuration 'mrpc' at /home/zhujjing/hf_cache/datasets/glue/mrpc/0.0.0/bcdcba79d07bc864c1c254ccfcedcce55bcc9a8c (last modified on Thu Mar 19 15:01:06 2026).
/home/zhujjing/anaconda3/envs/moe/lib/python3.10/site-packages/transformers/utils/hub.py:124: FutureWarning: Using `TRANSFORMERS_CACHE` is deprecated and will be removed in v5 of Transformers. Use `HF_HOME` instead.
  warnings.warn(
Some weights of RobertaModel were not initialized from the model checkpoint at roberta-base and are newly initialized: ['roberta.pooler.dense.bias', 'roberta.pooler.dense.weight']
You should probably TRAIN this model on a down-stream task to be able to use it for predictions and inference.
[step 0001/150] method=baseline_avg loss=0.6684 train_acc=nan train_loss=nan val_acc=nan val_loss=nan best=-1.0000
[step 0010/150] method=baseline_avg loss=0.6608 train_acc=nan train_loss=nan val_acc=nan val_loss=nan best=-1.0000
[step 0020/150] method=baseline_avg loss=0.5703 train_acc=nan train_loss=nan val_acc=nan val_loss=nan best=-1.0000
[step 0030/150] method=baseline_avg loss=0.6327 train_acc=nan train_loss=nan val_acc=nan val_loss=nan best=-1.0000
[step 0040/150] method=baseline_avg loss=0.5308 train_acc=nan train_loss=nan val_acc=nan val_loss=nan best=-1.0000
[step 0050/150] method=baseline_avg loss=0.5617 train_acc=0.7287 train_loss=0.5402 val_acc=0.7206 val_loss=0.5420 router_H=0.6477 best=0.7206
           router_load=[0.008132814429700375, 0.2703022062778473, 0.6471153497695923, 0.07444959878921509]
[step 0060/150] method=baseline_avg loss=0.6633 train_acc=0.7287 train_loss=0.5402 val_acc=0.7206 val_loss=0.5420 router_H=0.6477 best=0.7206
           router_load=[0.008132814429700375, 0.2703022062778473, 0.6471153497695923, 0.07444959878921509]
[step 0070/150] method=baseline_avg loss=0.4226 train_acc=0.7287 train_loss=0.5402 val_acc=0.7206 val_loss=0.5420 router_H=0.6477 best=0.7206
           router_load=[0.008132814429700375, 0.2703022062778473, 0.6471153497695923, 0.07444959878921509]
[step 0080/150] method=baseline_avg loss=0.4514 train_acc=0.7287 train_loss=0.5402 val_acc=0.7206 val_loss=0.5420 router_H=0.6477 best=0.7206
           router_load=[0.008132814429700375, 0.2703022062778473, 0.6471153497695923, 0.07444959878921509]
[step 0090/150] method=baseline_avg loss=0.4459 train_acc=0.7287 train_loss=0.5402 val_acc=0.7206 val_loss=0.5420 router_H=0.6477 best=0.7206
           router_load=[0.008132814429700375, 0.2703022062778473, 0.6471153497695923, 0.07444959878921509]
[step 0100/150] method=baseline_avg loss=0.5299 train_acc=0.7914 train_loss=0.4251 val_acc=0.7868 val_loss=0.4319 router_H=0.6462 best=0.7868
           router_load=[0.0, 0.35152703523635864, 0.6475877165794373, 0.0008853643084876239]
[step 0110/150] method=baseline_avg loss=0.7057 train_acc=0.7914 train_loss=0.4251 val_acc=0.7868 val_loss=0.4319 router_H=0.6462 best=0.7868
           router_load=[0.0, 0.35152703523635864, 0.6475877165794373, 0.0008853643084876239]
[step 0120/150] method=baseline_avg loss=0.2516 train_acc=0.7914 train_loss=0.4251 val_acc=0.7868 val_loss=0.4319 router_H=0.6462 best=0.7868
           router_load=[0.0, 0.35152703523635864, 0.6475877165794373, 0.0008853643084876239]
[step 0130/150] method=baseline_avg loss=0.5525 train_acc=0.7914 train_loss=0.4251 val_acc=0.7868 val_loss=0.4319 router_H=0.6462 best=0.7868
           router_load=[0.0, 0.35152703523635864, 0.6475877165794373, 0.0008853643084876239]
[step 0140/150] method=baseline_avg loss=0.2862 train_acc=0.7914 train_loss=0.4251 val_acc=0.7868 val_loss=0.4319 router_H=0.6462 best=0.7868
           router_load=[0.0, 0.35152703523635864, 0.6475877165794373, 0.0008853643084876239]
[step 0150/150] method=baseline_avg loss=0.8144 train_acc=0.8612 train_loss=0.3491 val_acc=0.8578 val_loss=0.3660 router_H=0.6643 best=0.8578
           router_load=[0.0009145727381110191, 0.38663551211357117, 0.6115722060203552, 0.0008775846217758954]
saved summary -> /home/zhujjing/MOE-grad-conflict-routing/runs/paper_suite/single_gpu/single_task/roberta_mrpc_lora_e4_k2/hpo/baseline/trial_runs/coord_01_anchor/baseline_s2.json
saved curve -> /home/zhujjing/MOE-grad-conflict-routing/runs/paper_suite/single_gpu/single_task/roberta_mrpc_lora_e4_k2/hpo/baseline/trial_runs/coord_01_anchor/baseline_s2_curve.csv
