[run] method=baseline candidate=coord_01_train_lr_013 seed=3 steps=150 gpu=0
[run] cmd=
/home/zhujjing/anaconda3/envs/moe/bin/python /home/zhujjing/MOE-grad-conflict-routing/scripts/run.py --config configs/singletask_mrpc_real.yaml --set model.backbone_backend=hf --set model.hf_load_pretrained=true --set model.backbone=roberta --set model.hf_pretrained_name=roberta-base --set model.expert_type=lora --set model.routing_mode=topk --set model.num_experts=4 --set model.top_k=2 --set seed=3 --set method.name=baseline_avg --set train.steps=150 --set train.eval_every_steps=50 --set train.grad_clip=1 --set train.lr=0.0002198872483 --set train.weight_decay=0.01 --out /home/zhujjing/MOE-grad-conflict-routing/runs/paper_suite/single_gpu/single_task/roberta_mrpc_lora_e4_k2/hpo/baseline/trial_runs/coord_01_train_lr_013/baseline_s3.json --curve_out /home/zhujjing/MOE-grad-conflict-routing/runs/paper_suite/single_gpu/single_task/roberta_mrpc_lora_e4_k2/hpo/baseline/trial_runs/coord_01_train_lr_013/baseline_s3_curve.csv
Using the latest cached version of the dataset since glue couldn't be found on the Hugging Face Hub (offline mode is enabled).
Found the latest cached dataset configuration 'mrpc' at /home/zhujjing/hf_cache/datasets/glue/mrpc/0.0.0/bcdcba79d07bc864c1c254ccfcedcce55bcc9a8c (last modified on Thu Mar 19 15:01:06 2026).
/home/zhujjing/anaconda3/envs/moe/lib/python3.10/site-packages/transformers/utils/hub.py:124: FutureWarning: Using `TRANSFORMERS_CACHE` is deprecated and will be removed in v5 of Transformers. Use `HF_HOME` instead.
  warnings.warn(
Some weights of RobertaModel were not initialized from the model checkpoint at roberta-base and are newly initialized: ['roberta.pooler.dense.bias', 'roberta.pooler.dense.weight']
You should probably TRAIN this model on a down-stream task to be able to use it for predictions and inference.
[step 0001/150] method=baseline_avg loss=0.6859 train_acc=nan train_loss=nan val_acc=nan val_loss=nan best=-1.0000
[step 0010/150] method=baseline_avg loss=0.7313 train_acc=nan train_loss=nan val_acc=nan val_loss=nan best=-1.0000
[step 0020/150] method=baseline_avg loss=0.8006 train_acc=nan train_loss=nan val_acc=nan val_loss=nan best=-1.0000
[step 0030/150] method=baseline_avg loss=0.6187 train_acc=nan train_loss=nan val_acc=nan val_loss=nan best=-1.0000
[step 0040/150] method=baseline_avg loss=0.7018 train_acc=nan train_loss=nan val_acc=nan val_loss=nan best=-1.0000
[step 0050/150] method=baseline_avg loss=0.4950 train_acc=0.6745 train_loss=0.6324 val_acc=0.6838 val_loss=0.6256 router_H=0.6876 best=0.6838
           router_load=[0.5527006983757019, 0.0, 0.0, 0.4472992718219757]
[step 0060/150] method=baseline_avg loss=0.6708 train_acc=0.6745 train_loss=0.6324 val_acc=0.6838 val_loss=0.6256 router_H=0.6876 best=0.6838
           router_load=[0.5527006983757019, 0.0, 0.0, 0.4472992718219757]
[step 0070/150] method=baseline_avg loss=0.8056 train_acc=0.6745 train_loss=0.6324 val_acc=0.6838 val_loss=0.6256 router_H=0.6876 best=0.6838
           router_load=[0.5527006983757019, 0.0, 0.0, 0.4472992718219757]
[step 0080/150] method=baseline_avg loss=0.7139 train_acc=0.6745 train_loss=0.6324 val_acc=0.6838 val_loss=0.6256 router_H=0.6876 best=0.6838
           router_load=[0.5527006983757019, 0.0, 0.0, 0.4472992718219757]
[step 0090/150] method=baseline_avg loss=0.6603 train_acc=0.6745 train_loss=0.6324 val_acc=0.6838 val_loss=0.6256 router_H=0.6876 best=0.6838
           router_load=[0.5527006983757019, 0.0, 0.0, 0.4472992718219757]
[step 0100/150] method=baseline_avg loss=0.6958 train_acc=0.6745 train_loss=0.6304 val_acc=0.6838 val_loss=0.6249 router_H=0.6904 best=0.6838
           router_load=[0.5368990302085876, 0.0, 0.0, 0.46310096979141235]
[step 0110/150] method=baseline_avg loss=0.6728 train_acc=0.6745 train_loss=0.6304 val_acc=0.6838 val_loss=0.6249 router_H=0.6904 best=0.6838
           router_load=[0.5368990302085876, 0.0, 0.0, 0.46310096979141235]
[step 0120/150] method=baseline_avg loss=0.7148 train_acc=0.6745 train_loss=0.6304 val_acc=0.6838 val_loss=0.6249 router_H=0.6904 best=0.6838
           router_load=[0.5368990302085876, 0.0, 0.0, 0.46310096979141235]
[step 0130/150] method=baseline_avg loss=0.6662 train_acc=0.6745 train_loss=0.6304 val_acc=0.6838 val_loss=0.6249 router_H=0.6904 best=0.6838
           router_load=[0.5368990302085876, 0.0, 0.0, 0.46310096979141235]
[step 0140/150] method=baseline_avg loss=0.6393 train_acc=0.6745 train_loss=0.6304 val_acc=0.6838 val_loss=0.6249 router_H=0.6904 best=0.6838
           router_load=[0.5368990302085876, 0.0, 0.0, 0.46310096979141235]
[step 0150/150] method=baseline_avg loss=0.6581 train_acc=0.6745 train_loss=0.6347 val_acc=0.6838 val_loss=0.6292 router_H=0.6835 best=0.6838
           router_load=[0.5691885948181152, 0.0, 0.0, 0.43081140518188477]
saved summary -> /home/zhujjing/MOE-grad-conflict-routing/runs/paper_suite/single_gpu/single_task/roberta_mrpc_lora_e4_k2/hpo/baseline/trial_runs/coord_01_train_lr_013/baseline_s3.json
saved curve -> /home/zhujjing/MOE-grad-conflict-routing/runs/paper_suite/single_gpu/single_task/roberta_mrpc_lora_e4_k2/hpo/baseline/trial_runs/coord_01_train_lr_013/baseline_s3_curve.csv
