[run] method=baseline candidate=coord_01_train_lr_001 seed=2 steps=150 gpu=0
[run] cmd=
/home/zhujjing/anaconda3/envs/moe/bin/python /home/zhujjing/MOE-grad-conflict-routing/scripts/run.py --config configs/singletask_mrpc_real.yaml --set model.backbone_backend=hf --set model.hf_load_pretrained=true --set model.backbone=roberta --set model.hf_pretrained_name=roberta-base --set model.expert_type=lora --set model.routing_mode=topk --set model.num_experts=4 --set model.top_k=2 --set seed=2 --set method.name=baseline_avg --set train.steps=150 --set train.eval_every_steps=50 --set train.grad_clip=1 --set train.lr=0.0001112973657 --set train.weight_decay=0.01 --out /home/zhujjing/MOE-grad-conflict-routing/runs/paper_suite/single_gpu/single_task/roberta_mrpc_lora_e4_k2/hpo/baseline/trial_runs/coord_01_train_lr_001/baseline_s2.json --curve_out /home/zhujjing/MOE-grad-conflict-routing/runs/paper_suite/single_gpu/single_task/roberta_mrpc_lora_e4_k2/hpo/baseline/trial_runs/coord_01_train_lr_001/baseline_s2_curve.csv
Using the latest cached version of the dataset since glue couldn't be found on the Hugging Face Hub (offline mode is enabled).
Found the latest cached dataset configuration 'mrpc' at /home/zhujjing/hf_cache/datasets/glue/mrpc/0.0.0/bcdcba79d07bc864c1c254ccfcedcce55bcc9a8c (last modified on Thu Mar 19 15:01:06 2026).
/home/zhujjing/anaconda3/envs/moe/lib/python3.10/site-packages/transformers/utils/hub.py:124: FutureWarning: Using `TRANSFORMERS_CACHE` is deprecated and will be removed in v5 of Transformers. Use `HF_HOME` instead.
  warnings.warn(
Some weights of RobertaModel were not initialized from the model checkpoint at roberta-base and are newly initialized: ['roberta.pooler.dense.bias', 'roberta.pooler.dense.weight']
You should probably TRAIN this model on a down-stream task to be able to use it for predictions and inference.
[step 0001/150] method=baseline_avg loss=0.7340 train_acc=nan train_loss=nan val_acc=nan val_loss=nan best=-1.0000
[step 0010/150] method=baseline_avg loss=0.6823 train_acc=nan train_loss=nan val_acc=nan val_loss=nan best=-1.0000
[step 0020/150] method=baseline_avg loss=0.6683 train_acc=nan train_loss=nan val_acc=nan val_loss=nan best=-1.0000
[step 0030/150] method=baseline_avg loss=0.6848 train_acc=nan train_loss=nan val_acc=nan val_loss=nan best=-1.0000
[step 0040/150] method=baseline_avg loss=0.5527 train_acc=nan train_loss=nan val_acc=nan val_loss=nan best=-1.0000
[step 0050/150] method=baseline_avg loss=0.5388 train_acc=0.7031 train_loss=0.5803 val_acc=0.6985 val_loss=0.5798 router_H=0.6930 best=0.6985
           router_load=[0.0024124954361468554, 0.0, 0.5030795931816101, 0.4945078492164612]
[step 0060/150] method=baseline_avg loss=0.6777 train_acc=0.7031 train_loss=0.5803 val_acc=0.6985 val_loss=0.5798 router_H=0.6930 best=0.6985
           router_load=[0.0024124954361468554, 0.0, 0.5030795931816101, 0.4945078492164612]
[step 0070/150] method=baseline_avg loss=0.4357 train_acc=0.7031 train_loss=0.5803 val_acc=0.6985 val_loss=0.5798 router_H=0.6930 best=0.6985
           router_load=[0.0024124954361468554, 0.0, 0.5030795931816101, 0.4945078492164612]
[step 0080/150] method=baseline_avg loss=0.4666 train_acc=0.7031 train_loss=0.5803 val_acc=0.6985 val_loss=0.5798 router_H=0.6930 best=0.6985
           router_load=[0.0024124954361468554, 0.0, 0.5030795931816101, 0.4945078492164612]
[step 0090/150] method=baseline_avg loss=0.6729 train_acc=0.7031 train_loss=0.5803 val_acc=0.6985 val_loss=0.5798 router_H=0.6930 best=0.6985
           router_load=[0.0024124954361468554, 0.0, 0.5030795931816101, 0.4945078492164612]
[step 0100/150] method=baseline_avg loss=0.5926 train_acc=0.7176 train_loss=0.5694 val_acc=0.7132 val_loss=0.5659 router_H=0.6918 best=0.7132
           router_load=[0.046329908072948456, 0.0, 0.5253341794013977, 0.4283360242843628]
[step 0110/150] method=baseline_avg loss=0.5956 train_acc=0.7176 train_loss=0.5694 val_acc=0.7132 val_loss=0.5659 router_H=0.6918 best=0.7132
           router_load=[0.046329908072948456, 0.0, 0.5253341794013977, 0.4283360242843628]
[step 0120/150] method=baseline_avg loss=0.5898 train_acc=0.7176 train_loss=0.5694 val_acc=0.7132 val_loss=0.5659 router_H=0.6918 best=0.7132
           router_load=[0.046329908072948456, 0.0, 0.5253341794013977, 0.4283360242843628]
[step 0130/150] method=baseline_avg loss=0.6762 train_acc=0.7176 train_loss=0.5694 val_acc=0.7132 val_loss=0.5659 router_H=0.6918 best=0.7132
           router_load=[0.046329908072948456, 0.0, 0.5253341794013977, 0.4283360242843628]
[step 0140/150] method=baseline_avg loss=0.5819 train_acc=0.7176 train_loss=0.5694 val_acc=0.7132 val_loss=0.5659 router_H=0.6918 best=0.7132
           router_load=[0.046329908072948456, 0.0, 0.5253341794013977, 0.4283360242843628]
[step 0150/150] method=baseline_avg loss=0.6590 train_acc=0.7478 train_loss=0.5480 val_acc=0.7402 val_loss=0.5574 router_H=0.6929 best=0.7402
           router_load=[0.36553674936294556, 0.0, 0.49727118015289307, 0.13719208538532257]
saved summary -> /home/zhujjing/MOE-grad-conflict-routing/runs/paper_suite/single_gpu/single_task/roberta_mrpc_lora_e4_k2/hpo/baseline/trial_runs/coord_01_train_lr_001/baseline_s2.json
saved curve -> /home/zhujjing/MOE-grad-conflict-routing/runs/paper_suite/single_gpu/single_task/roberta_mrpc_lora_e4_k2/hpo/baseline/trial_runs/coord_01_train_lr_001/baseline_s2_curve.csv
