[run] method=baseline candidate=coord_01_train_lr_021 seed=2 steps=150 gpu=0
[run] cmd=
/home/zhujjing/anaconda3/envs/moe/bin/python /home/zhujjing/MOE-grad-conflict-routing/scripts/run.py --config configs/singletask_mrpc_real.yaml --set model.backbone_backend=hf --set model.hf_load_pretrained=true --set model.backbone=roberta --set model.hf_pretrained_name=roberta-base --set model.expert_type=lora --set model.routing_mode=topk --set model.num_experts=4 --set model.top_k=2 --set seed=2 --set method.name=baseline_avg --set train.steps=150 --set train.eval_every_steps=50 --set train.grad_clip=1 --set train.lr=0.00143652382 --set train.weight_decay=0.01 --out /home/zhujjing/MOE-grad-conflict-routing/runs/paper_suite/single_gpu/single_task/roberta_mrpc_lora_e4_k2/hpo/baseline/trial_runs/coord_01_train_lr_021/baseline_s2.json --curve_out /home/zhujjing/MOE-grad-conflict-routing/runs/paper_suite/single_gpu/single_task/roberta_mrpc_lora_e4_k2/hpo/baseline/trial_runs/coord_01_train_lr_021/baseline_s2_curve.csv
Using the latest cached version of the dataset since glue couldn't be found on the Hugging Face Hub (offline mode is enabled).
Found the latest cached dataset configuration 'mrpc' at /home/zhujjing/hf_cache/datasets/glue/mrpc/0.0.0/bcdcba79d07bc864c1c254ccfcedcce55bcc9a8c (last modified on Thu Mar 19 15:01:06 2026).
/home/zhujjing/anaconda3/envs/moe/lib/python3.10/site-packages/transformers/utils/hub.py:124: FutureWarning: Using `TRANSFORMERS_CACHE` is deprecated and will be removed in v5 of Transformers. Use `HF_HOME` instead.
  warnings.warn(
Some weights of RobertaModel were not initialized from the model checkpoint at roberta-base and are newly initialized: ['roberta.pooler.dense.bias', 'roberta.pooler.dense.weight']
You should probably TRAIN this model on a down-stream task to be able to use it for predictions and inference.
[step 0001/150] method=baseline_avg loss=0.6802 train_acc=nan train_loss=nan val_acc=nan val_loss=nan best=-1.0000
[step 0010/150] method=baseline_avg loss=0.6259 train_acc=nan train_loss=nan val_acc=nan val_loss=nan best=-1.0000
[step 0020/150] method=baseline_avg loss=0.7009 train_acc=nan train_loss=nan val_acc=nan val_loss=nan best=-1.0000
[step 0030/150] method=baseline_avg loss=0.8028 train_acc=nan train_loss=nan val_acc=nan val_loss=nan best=-1.0000
[step 0040/150] method=baseline_avg loss=0.7188 train_acc=nan train_loss=nan val_acc=nan val_loss=nan best=-1.0000
[step 0050/150] method=baseline_avg loss=0.5761 train_acc=0.6745 train_loss=0.6328 val_acc=0.6838 val_loss=0.6287 router_H=0.6389 best=0.6838
           router_load=[0.6632154583930969, 0.0, 0.3367845416069031, 0.0]
[step 0060/150] method=baseline_avg loss=0.7403 train_acc=0.6745 train_loss=0.6328 val_acc=0.6838 val_loss=0.6287 router_H=0.6389 best=0.6838
           router_load=[0.6632154583930969, 0.0, 0.3367845416069031, 0.0]
[step 0070/150] method=baseline_avg loss=0.5108 train_acc=0.6745 train_loss=0.6328 val_acc=0.6838 val_loss=0.6287 router_H=0.6389 best=0.6838
           router_load=[0.6632154583930969, 0.0, 0.3367845416069031, 0.0]
[step 0080/150] method=baseline_avg loss=0.7223 train_acc=0.6745 train_loss=0.6328 val_acc=0.6838 val_loss=0.6287 router_H=0.6389 best=0.6838
           router_load=[0.6632154583930969, 0.0, 0.3367845416069031, 0.0]
[step 0090/150] method=baseline_avg loss=0.5687 train_acc=0.6745 train_loss=0.6328 val_acc=0.6838 val_loss=0.6287 router_H=0.6389 best=0.6838
           router_load=[0.6632154583930969, 0.0, 0.3367845416069031, 0.0]
[step 0100/150] method=baseline_avg loss=0.6796 train_acc=0.6745 train_loss=0.6755 val_acc=0.6838 val_loss=0.6744 router_H=0.6897 best=0.6838
           router_load=[0.5412935614585876, 0.0, 0.4587065279483795, 0.0]
[step 0110/150] method=baseline_avg loss=0.5577 train_acc=0.6745 train_loss=0.6755 val_acc=0.6838 val_loss=0.6744 router_H=0.6897 best=0.6838
           router_load=[0.5412935614585876, 0.0, 0.4587065279483795, 0.0]
[step 0120/150] method=baseline_avg loss=0.6161 train_acc=0.6745 train_loss=0.6755 val_acc=0.6838 val_loss=0.6744 router_H=0.6897 best=0.6838
           router_load=[0.5412935614585876, 0.0, 0.4587065279483795, 0.0]
[step 0130/150] method=baseline_avg loss=0.6307 train_acc=0.6745 train_loss=0.6755 val_acc=0.6838 val_loss=0.6744 router_H=0.6897 best=0.6838
           router_load=[0.5412935614585876, 0.0, 0.4587065279483795, 0.0]
[step 0140/150] method=baseline_avg loss=0.7311 train_acc=0.6745 train_loss=0.6755 val_acc=0.6838 val_loss=0.6744 router_H=0.6897 best=0.6838
           router_load=[0.5412935614585876, 0.0, 0.4587065279483795, 0.0]
[step 0150/150] method=baseline_avg loss=0.6474 train_acc=0.6745 train_loss=0.6506 val_acc=0.6838 val_loss=0.6413 router_H=0.2519 best=0.6838
           router_load=[0.0, 0.0, 0.9306789636611938, 0.0693216547369957]
saved summary -> /home/zhujjing/MOE-grad-conflict-routing/runs/paper_suite/single_gpu/single_task/roberta_mrpc_lora_e4_k2/hpo/baseline/trial_runs/coord_01_train_lr_021/baseline_s2.json
saved curve -> /home/zhujjing/MOE-grad-conflict-routing/runs/paper_suite/single_gpu/single_task/roberta_mrpc_lora_e4_k2/hpo/baseline/trial_runs/coord_01_train_lr_021/baseline_s2_curve.csv
