[run] method=baseline candidate=local_var_topk_016 seed=3 steps=150 gpu=0
[run] cmd=
/home/zhujjing/anaconda3/envs/moe/bin/python /home/zhujjing/MOE-grad-conflict-routing/scripts/run.py --config configs/singletask_mrpc_real.yaml --set model.backbone_backend=hf --set model.hf_load_pretrained=true --set model.backbone=roberta --set model.hf_pretrained_name=roberta-base --set model.expert_type=lora --set model.routing_mode=topk --set model.num_experts=4 --set model.top_k=2 --set seed=3 --set method.name=baseline_avg --set train.steps=150 --set train.eval_every_steps=50 --set train.grad_clip=1.869767115 --set train.lr=2e-05 --set train.weight_decay=0.04347846788 --out /home/zhujjing/MOE-grad-conflict-routing/runs/paper_suite/single_gpu/single_task/roberta_mrpc_lora_e4_k2/hpo/baseline/trial_runs/local_var_topk_016/baseline_s3.json --curve_out /home/zhujjing/MOE-grad-conflict-routing/runs/paper_suite/single_gpu/single_task/roberta_mrpc_lora_e4_k2/hpo/baseline/trial_runs/local_var_topk_016/baseline_s3_curve.csv
Using the latest cached version of the dataset since glue couldn't be found on the Hugging Face Hub (offline mode is enabled).
Found the latest cached dataset configuration 'mrpc' at /home/zhujjing/hf_cache/datasets/glue/mrpc/0.0.0/bcdcba79d07bc864c1c254ccfcedcce55bcc9a8c (last modified on Thu Mar 19 15:01:06 2026).
/home/zhujjing/anaconda3/envs/moe/lib/python3.10/site-packages/transformers/utils/hub.py:124: FutureWarning: Using `TRANSFORMERS_CACHE` is deprecated and will be removed in v5 of Transformers. Use `HF_HOME` instead.
  warnings.warn(
Some weights of RobertaModel were not initialized from the model checkpoint at roberta-base and are newly initialized: ['roberta.pooler.dense.bias', 'roberta.pooler.dense.weight']
You should probably TRAIN this model on a down-stream task to be able to use it for predictions and inference.
[step 0001/150] method=baseline_avg loss=0.6883 train_acc=nan train_loss=nan val_acc=nan val_loss=nan best=-1.0000
[step 0010/150] method=baseline_avg loss=0.7642 train_acc=nan train_loss=nan val_acc=nan val_loss=nan best=-1.0000
[step 0020/150] method=baseline_avg loss=0.6240 train_acc=nan train_loss=nan val_acc=nan val_loss=nan best=-1.0000
[step 0030/150] method=baseline_avg loss=0.5053 train_acc=nan train_loss=nan val_acc=nan val_loss=nan best=-1.0000
[step 0040/150] method=baseline_avg loss=0.5827 train_acc=nan train_loss=nan val_acc=nan val_loss=nan best=-1.0000
[step 0050/150] method=baseline_avg loss=0.4771 train_acc=0.7715 train_loss=0.4679 val_acc=0.7941 val_loss=0.4505 router_H=0.6912 best=0.7941
           router_load=[0.0, 0.0, 0.4808908998966217, 0.5191090703010559]
[step 0060/150] method=baseline_avg loss=0.4103 train_acc=0.7715 train_loss=0.4679 val_acc=0.7941 val_loss=0.4505 router_H=0.6912 best=0.7941
           router_load=[0.0, 0.0, 0.4808908998966217, 0.5191090703010559]
[step 0070/150] method=baseline_avg loss=0.4027 train_acc=0.7715 train_loss=0.4679 val_acc=0.7941 val_loss=0.4505 router_H=0.6912 best=0.7941
           router_load=[0.0, 0.0, 0.4808908998966217, 0.5191090703010559]
[step 0080/150] method=baseline_avg loss=0.4126 train_acc=0.7715 train_loss=0.4679 val_acc=0.7941 val_loss=0.4505 router_H=0.6912 best=0.7941
           router_load=[0.0, 0.0, 0.4808908998966217, 0.5191090703010559]
[step 0090/150] method=baseline_avg loss=0.5421 train_acc=0.7715 train_loss=0.4679 val_acc=0.7941 val_loss=0.4505 router_H=0.6912 best=0.7941
           router_load=[0.0, 0.0, 0.4808908998966217, 0.5191090703010559]
[step 0100/150] method=baseline_avg loss=0.5673 train_acc=0.8247 train_loss=0.4395 val_acc=0.8211 val_loss=0.4430 router_H=0.6910 best=0.8211
           router_load=[0.0, 0.00750134838744998, 0.47994452714920044, 0.5125541090965271]
[step 0110/150] method=baseline_avg loss=0.4456 train_acc=0.8247 train_loss=0.4395 val_acc=0.8211 val_loss=0.4430 router_H=0.6910 best=0.8211
           router_load=[0.0, 0.00750134838744998, 0.47994452714920044, 0.5125541090965271]
[step 0120/150] method=baseline_avg loss=0.3164 train_acc=0.8247 train_loss=0.4395 val_acc=0.8211 val_loss=0.4430 router_H=0.6910 best=0.8211
           router_load=[0.0, 0.00750134838744998, 0.47994452714920044, 0.5125541090965271]
[step 0130/150] method=baseline_avg loss=0.2689 train_acc=0.8247 train_loss=0.4395 val_acc=0.8211 val_loss=0.4430 router_H=0.6910 best=0.8211
           router_load=[0.0, 0.00750134838744998, 0.47994452714920044, 0.5125541090965271]
[step 0140/150] method=baseline_avg loss=0.5266 train_acc=0.8247 train_loss=0.4395 val_acc=0.8211 val_loss=0.4430 router_H=0.6910 best=0.8211
           router_load=[0.0, 0.00750134838744998, 0.47994452714920044, 0.5125541090965271]
[step 0150/150] method=baseline_avg loss=0.5290 train_acc=0.8302 train_loss=0.3903 val_acc=0.8211 val_loss=0.4069 router_H=0.6904 best=0.8211
           router_load=[0.0, 0.0, 0.5219714641571045, 0.47802862524986267]
saved summary -> /home/zhujjing/MOE-grad-conflict-routing/runs/paper_suite/single_gpu/single_task/roberta_mrpc_lora_e4_k2/hpo/baseline/trial_runs/local_var_topk_016/baseline_s3.json
saved curve -> /home/zhujjing/MOE-grad-conflict-routing/runs/paper_suite/single_gpu/single_task/roberta_mrpc_lora_e4_k2/hpo/baseline/trial_runs/local_var_topk_016/baseline_s3_curve.csv
