[run] method=baseline candidate=local_var_topk_005 seed=3 steps=150 gpu=0
[run] cmd=
/home/zhujjing/anaconda3/envs/moe/bin/python /home/zhujjing/MOE-grad-conflict-routing/scripts/run.py --config configs/singletask_mrpc_real.yaml --set model.backbone_backend=hf --set model.hf_load_pretrained=true --set model.backbone=roberta --set model.hf_pretrained_name=roberta-base --set model.expert_type=lora --set model.routing_mode=topk --set model.num_experts=4 --set model.top_k=2 --set seed=3 --set method.name=baseline_avg --set train.steps=150 --set train.eval_every_steps=50 --set train.grad_clip=2 --set train.lr=1e-05 --set train.weight_decay=0.03347846788 --out /home/zhujjing/MOE-grad-conflict-routing/runs/paper_suite/single_gpu/single_task/roberta_mrpc_lora_e4_k2/hpo/baseline/trial_runs/local_var_topk_005/baseline_s3.json --curve_out /home/zhujjing/MOE-grad-conflict-routing/runs/paper_suite/single_gpu/single_task/roberta_mrpc_lora_e4_k2/hpo/baseline/trial_runs/local_var_topk_005/baseline_s3_curve.csv
Using the latest cached version of the dataset since glue couldn't be found on the Hugging Face Hub (offline mode is enabled).
Found the latest cached dataset configuration 'mrpc' at /home/zhujjing/hf_cache/datasets/glue/mrpc/0.0.0/bcdcba79d07bc864c1c254ccfcedcce55bcc9a8c (last modified on Thu Mar 19 15:01:06 2026).
/home/zhujjing/anaconda3/envs/moe/lib/python3.10/site-packages/transformers/utils/hub.py:124: FutureWarning: Using `TRANSFORMERS_CACHE` is deprecated and will be removed in v5 of Transformers. Use `HF_HOME` instead.
  warnings.warn(
Some weights of RobertaModel were not initialized from the model checkpoint at roberta-base and are newly initialized: ['roberta.pooler.dense.bias', 'roberta.pooler.dense.weight']
You should probably TRAIN this model on a down-stream task to be able to use it for predictions and inference.
[step 0001/150] method=baseline_avg loss=0.6896 train_acc=nan train_loss=nan val_acc=nan val_loss=nan best=-1.0000
[step 0010/150] method=baseline_avg loss=0.7367 train_acc=nan train_loss=nan val_acc=nan val_loss=nan best=-1.0000
[step 0020/150] method=baseline_avg loss=0.6982 train_acc=nan train_loss=nan val_acc=nan val_loss=nan best=-1.0000
[step 0030/150] method=baseline_avg loss=0.5715 train_acc=nan train_loss=nan val_acc=nan val_loss=nan best=-1.0000
[step 0040/150] method=baseline_avg loss=0.7146 train_acc=nan train_loss=nan val_acc=nan val_loss=nan best=-1.0000
[step 0050/150] method=baseline_avg loss=0.6136 train_acc=0.7067 train_loss=0.5337 val_acc=0.7108 val_loss=0.5282 router_H=0.6911 best=0.7108
           router_load=[0.48175835609436035, 0.011123660951852798, 0.5071179866790771, 0.0]
[step 0060/150] method=baseline_avg loss=0.5678 train_acc=0.7067 train_loss=0.5337 val_acc=0.7108 val_loss=0.5282 router_H=0.6911 best=0.7108
           router_load=[0.48175835609436035, 0.011123660951852798, 0.5071179866790771, 0.0]
[step 0070/150] method=baseline_avg loss=0.4931 train_acc=0.7067 train_loss=0.5337 val_acc=0.7108 val_loss=0.5282 router_H=0.6911 best=0.7108
           router_load=[0.48175835609436035, 0.011123660951852798, 0.5071179866790771, 0.0]
[step 0080/150] method=baseline_avg loss=0.5743 train_acc=0.7067 train_loss=0.5337 val_acc=0.7108 val_loss=0.5282 router_H=0.6911 best=0.7108
           router_load=[0.48175835609436035, 0.011123660951852798, 0.5071179866790771, 0.0]
[step 0090/150] method=baseline_avg loss=0.6748 train_acc=0.7067 train_loss=0.5337 val_acc=0.7108 val_loss=0.5282 router_H=0.6911 best=0.7108
           router_load=[0.48175835609436035, 0.011123660951852798, 0.5071179866790771, 0.0]
[step 0100/150] method=baseline_avg loss=0.5635 train_acc=0.8018 train_loss=0.4282 val_acc=0.8162 val_loss=0.4260 router_H=0.6824 best=0.8162
           router_load=[0.4376797676086426, 0.007129652425646782, 0.5551906228065491, 0.0]
[step 0110/150] method=baseline_avg loss=0.3295 train_acc=0.8018 train_loss=0.4282 val_acc=0.8162 val_loss=0.4260 router_H=0.6824 best=0.8162
           router_load=[0.4376797676086426, 0.007129652425646782, 0.5551906228065491, 0.0]
[step 0120/150] method=baseline_avg loss=0.3535 train_acc=0.8018 train_loss=0.4282 val_acc=0.8162 val_loss=0.4260 router_H=0.6824 best=0.8162
           router_load=[0.4376797676086426, 0.007129652425646782, 0.5551906228065491, 0.0]
[step 0130/150] method=baseline_avg loss=0.2701 train_acc=0.8018 train_loss=0.4282 val_acc=0.8162 val_loss=0.4260 router_H=0.6824 best=0.8162
           router_load=[0.4376797676086426, 0.007129652425646782, 0.5551906228065491, 0.0]
[step 0140/150] method=baseline_avg loss=0.4237 train_acc=0.8018 train_loss=0.4282 val_acc=0.8162 val_loss=0.4260 router_H=0.6824 best=0.8162
           router_load=[0.4376797676086426, 0.007129652425646782, 0.5551906228065491, 0.0]
[step 0150/150] method=baseline_avg loss=0.5010 train_acc=0.8291 train_loss=0.3864 val_acc=0.8113 val_loss=0.4293 router_H=0.6847 best=0.8162
           router_load=[0.45042598247528076, 0.004334965720772743, 0.5452390313148499, 0.0]
saved summary -> /home/zhujjing/MOE-grad-conflict-routing/runs/paper_suite/single_gpu/single_task/roberta_mrpc_lora_e4_k2/hpo/baseline/trial_runs/local_var_topk_005/baseline_s3.json
saved curve -> /home/zhujjing/MOE-grad-conflict-routing/runs/paper_suite/single_gpu/single_task/roberta_mrpc_lora_e4_k2/hpo/baseline/trial_runs/local_var_topk_005/baseline_s3_curve.csv
