[run] method=baseline candidate=local_var_topk_004 seed=2 steps=150 gpu=0
[run] cmd=
/home/zhujjing/anaconda3/envs/moe/bin/python /home/zhujjing/MOE-grad-conflict-routing/scripts/run.py --config configs/singletask_mrpc_real.yaml --set model.backbone_backend=hf --set model.hf_load_pretrained=true --set model.backbone=roberta --set model.hf_pretrained_name=roberta-base --set model.expert_type=lora --set model.routing_mode=topk --set model.num_experts=4 --set model.top_k=2 --set seed=2 --set method.name=baseline_avg --set train.steps=150 --set train.eval_every_steps=50 --set train.grad_clip=1.869767115 --set train.lr=1e-05 --set train.weight_decay=0.03347846788 --out /home/zhujjing/MOE-grad-conflict-routing/runs/paper_suite/single_gpu/single_task/roberta_mrpc_lora_e4_k2/hpo/baseline/trial_runs/local_var_topk_004/baseline_s2.json --curve_out /home/zhujjing/MOE-grad-conflict-routing/runs/paper_suite/single_gpu/single_task/roberta_mrpc_lora_e4_k2/hpo/baseline/trial_runs/local_var_topk_004/baseline_s2_curve.csv
Using the latest cached version of the dataset since glue couldn't be found on the Hugging Face Hub (offline mode is enabled).
Found the latest cached dataset configuration 'mrpc' at /home/zhujjing/hf_cache/datasets/glue/mrpc/0.0.0/bcdcba79d07bc864c1c254ccfcedcce55bcc9a8c (last modified on Thu Mar 19 15:01:06 2026).
/home/zhujjing/anaconda3/envs/moe/lib/python3.10/site-packages/transformers/utils/hub.py:124: FutureWarning: Using `TRANSFORMERS_CACHE` is deprecated and will be removed in v5 of Transformers. Use `HF_HOME` instead.
  warnings.warn(
Some weights of RobertaModel were not initialized from the model checkpoint at roberta-base and are newly initialized: ['roberta.pooler.dense.bias', 'roberta.pooler.dense.weight']
You should probably TRAIN this model on a down-stream task to be able to use it for predictions and inference.
[step 0001/150] method=baseline_avg loss=0.6758 train_acc=nan train_loss=nan val_acc=nan val_loss=nan best=-1.0000
[step 0010/150] method=baseline_avg loss=0.6404 train_acc=nan train_loss=nan val_acc=nan val_loss=nan best=-1.0000
[step 0020/150] method=baseline_avg loss=0.6906 train_acc=nan train_loss=nan val_acc=nan val_loss=nan best=-1.0000
[step 0030/150] method=baseline_avg loss=0.6789 train_acc=nan train_loss=nan val_acc=nan val_loss=nan best=-1.0000
[step 0040/150] method=baseline_avg loss=0.5794 train_acc=nan train_loss=nan val_acc=nan val_loss=nan best=-1.0000
[step 0050/150] method=baseline_avg loss=0.5209 train_acc=0.7219 train_loss=0.5195 val_acc=0.7230 val_loss=0.5271 router_H=0.6896 best=0.7230
           router_load=[0.512887179851532, 0.008285701274871826, 0.4788271188735962, 0.0]
[step 0060/150] method=baseline_avg loss=0.6476 train_acc=0.7219 train_loss=0.5195 val_acc=0.7230 val_loss=0.5271 router_H=0.6896 best=0.7230
           router_load=[0.512887179851532, 0.008285701274871826, 0.4788271188735962, 0.0]
[step 0070/150] method=baseline_avg loss=0.3922 train_acc=0.7219 train_loss=0.5195 val_acc=0.7230 val_loss=0.5271 router_H=0.6896 best=0.7230
           router_load=[0.512887179851532, 0.008285701274871826, 0.4788271188735962, 0.0]
[step 0080/150] method=baseline_avg loss=0.4125 train_acc=0.7219 train_loss=0.5195 val_acc=0.7230 val_loss=0.5271 router_H=0.6896 best=0.7230
           router_load=[0.512887179851532, 0.008285701274871826, 0.4788271188735962, 0.0]
[step 0090/150] method=baseline_avg loss=0.3949 train_acc=0.7219 train_loss=0.5195 val_acc=0.7230 val_loss=0.5271 router_H=0.6896 best=0.7230
           router_load=[0.512887179851532, 0.008285701274871826, 0.4788271188735962, 0.0]
[step 0100/150] method=baseline_avg loss=0.5143 train_acc=0.8255 train_loss=0.3895 val_acc=0.8064 val_loss=0.4158 router_H=0.6905 best=0.8064
           router_load=[0.48168399930000305, 0.0071847159415483475, 0.511131227016449, 0.0]
[step 0110/150] method=baseline_avg loss=0.7297 train_acc=0.8255 train_loss=0.3895 val_acc=0.8064 val_loss=0.4158 router_H=0.6905 best=0.8064
           router_load=[0.48168399930000305, 0.0071847159415483475, 0.511131227016449, 0.0]
[step 0120/150] method=baseline_avg loss=0.2707 train_acc=0.8255 train_loss=0.3895 val_acc=0.8064 val_loss=0.4158 router_H=0.6905 best=0.8064
           router_load=[0.48168399930000305, 0.0071847159415483475, 0.511131227016449, 0.0]
[step 0130/150] method=baseline_avg loss=0.5828 train_acc=0.8255 train_loss=0.3895 val_acc=0.8064 val_loss=0.4158 router_H=0.6905 best=0.8064
           router_load=[0.48168399930000305, 0.0071847159415483475, 0.511131227016449, 0.0]
[step 0140/150] method=baseline_avg loss=0.4939 train_acc=0.8255 train_loss=0.3895 val_acc=0.8064 val_loss=0.4158 router_H=0.6905 best=0.8064
           router_load=[0.48168399930000305, 0.0071847159415483475, 0.511131227016449, 0.0]
[step 0150/150] method=baseline_avg loss=0.4687 train_acc=0.8473 train_loss=0.3594 val_acc=0.8382 val_loss=0.3889 router_H=0.6883 best=0.8382
           router_load=[0.5187627077102661, 0.009090017527341843, 0.4721473157405853, 0.0]
saved summary -> /home/zhujjing/MOE-grad-conflict-routing/runs/paper_suite/single_gpu/single_task/roberta_mrpc_lora_e4_k2/hpo/baseline/trial_runs/local_var_topk_004/baseline_s2.json
saved curve -> /home/zhujjing/MOE-grad-conflict-routing/runs/paper_suite/single_gpu/single_task/roberta_mrpc_lora_e4_k2/hpo/baseline/trial_runs/local_var_topk_004/baseline_s2_curve.csv
