[run] method=baseline candidate=local_var_topk_023 seed=3 steps=150 gpu=0
[run] cmd=
/home/zhujjing/anaconda3/envs/moe/bin/python /home/zhujjing/MOE-grad-conflict-routing/scripts/run.py --config configs/singletask_mrpc_real.yaml --set model.backbone_backend=hf --set model.hf_load_pretrained=true --set model.backbone=roberta --set model.hf_pretrained_name=roberta-base --set model.expert_type=lora --set model.routing_mode=topk --set model.num_experts=4 --set model.top_k=2 --set seed=3 --set method.name=baseline_avg --set train.steps=150 --set train.eval_every_steps=50 --set train.grad_clip=2 --set train.lr=4e-05 --set train.weight_decay=0.03347846788 --out /home/zhujjing/MOE-grad-conflict-routing/runs/paper_suite/single_gpu/single_task/roberta_mrpc_lora_e4_k2/hpo/baseline/trial_runs/local_var_topk_023/baseline_s3.json --curve_out /home/zhujjing/MOE-grad-conflict-routing/runs/paper_suite/single_gpu/single_task/roberta_mrpc_lora_e4_k2/hpo/baseline/trial_runs/local_var_topk_023/baseline_s3_curve.csv
Using the latest cached version of the dataset since glue couldn't be found on the Hugging Face Hub (offline mode is enabled).
Found the latest cached dataset configuration 'mrpc' at /home/zhujjing/hf_cache/datasets/glue/mrpc/0.0.0/bcdcba79d07bc864c1c254ccfcedcce55bcc9a8c (last modified on Thu Mar 19 15:01:06 2026).
/home/zhujjing/anaconda3/envs/moe/lib/python3.10/site-packages/transformers/utils/hub.py:124: FutureWarning: Using `TRANSFORMERS_CACHE` is deprecated and will be removed in v5 of Transformers. Use `HF_HOME` instead.
  warnings.warn(
Some weights of RobertaModel were not initialized from the model checkpoint at roberta-base and are newly initialized: ['roberta.pooler.dense.bias', 'roberta.pooler.dense.weight']
You should probably TRAIN this model on a down-stream task to be able to use it for predictions and inference.
[step 0001/150] method=baseline_avg loss=0.6631 train_acc=nan train_loss=nan val_acc=nan val_loss=nan best=-1.0000
[step 0010/150] method=baseline_avg loss=0.7406 train_acc=nan train_loss=nan val_acc=nan val_loss=nan best=-1.0000
[step 0020/150] method=baseline_avg loss=0.6739 train_acc=nan train_loss=nan val_acc=nan val_loss=nan best=-1.0000
[step 0030/150] method=baseline_avg loss=0.5559 train_acc=nan train_loss=nan val_acc=nan val_loss=nan best=-1.0000
[step 0040/150] method=baseline_avg loss=0.6344 train_acc=nan train_loss=nan val_acc=nan val_loss=nan best=-1.0000
[step 0050/150] method=baseline_avg loss=0.4866 train_acc=0.7710 train_loss=0.4770 val_acc=0.7794 val_loss=0.4624 router_H=0.6736 best=0.7794
           router_load=[0.0, 0.0, 0.4071674644947052, 0.592832624912262]
[step 0060/150] method=baseline_avg loss=0.4867 train_acc=0.7710 train_loss=0.4770 val_acc=0.7794 val_loss=0.4624 router_H=0.6736 best=0.7794
           router_load=[0.0, 0.0, 0.4071674644947052, 0.592832624912262]
[step 0070/150] method=baseline_avg loss=0.4625 train_acc=0.7710 train_loss=0.4770 val_acc=0.7794 val_loss=0.4624 router_H=0.6736 best=0.7794
           router_load=[0.0, 0.0, 0.4071674644947052, 0.592832624912262]
[step 0080/150] method=baseline_avg loss=0.4804 train_acc=0.7710 train_loss=0.4770 val_acc=0.7794 val_loss=0.4624 router_H=0.6736 best=0.7794
           router_load=[0.0, 0.0, 0.4071674644947052, 0.592832624912262]
[step 0090/150] method=baseline_avg loss=0.4945 train_acc=0.7710 train_loss=0.4770 val_acc=0.7794 val_loss=0.4624 router_H=0.6736 best=0.7794
           router_load=[0.0, 0.0, 0.4071674644947052, 0.592832624912262]
[step 0100/150] method=baseline_avg loss=0.3342 train_acc=0.8130 train_loss=0.3947 val_acc=0.8235 val_loss=0.3857 router_H=0.6648 best=0.8235
           router_load=[0.0, 0.0, 0.39068636298179626, 0.6093137264251709]
[step 0110/150] method=baseline_avg loss=0.4286 train_acc=0.8130 train_loss=0.3947 val_acc=0.8235 val_loss=0.3857 router_H=0.6648 best=0.8235
           router_load=[0.0, 0.0, 0.39068636298179626, 0.6093137264251709]
[step 0120/150] method=baseline_avg loss=0.3973 train_acc=0.8130 train_loss=0.3947 val_acc=0.8235 val_loss=0.3857 router_H=0.6648 best=0.8235
           router_load=[0.0, 0.0, 0.39068636298179626, 0.6093137264251709]
[step 0130/150] method=baseline_avg loss=0.3330 train_acc=0.8130 train_loss=0.3947 val_acc=0.8235 val_loss=0.3857 router_H=0.6648 best=0.8235
           router_load=[0.0, 0.0, 0.39068636298179626, 0.6093137264251709]
[step 0140/150] method=baseline_avg loss=0.6749 train_acc=0.8130 train_loss=0.3947 val_acc=0.8235 val_loss=0.3857 router_H=0.6648 best=0.8235
           router_load=[0.0, 0.0, 0.39068636298179626, 0.6093137264251709]
[step 0150/150] method=baseline_avg loss=0.5824 train_acc=0.8411 train_loss=0.3945 val_acc=0.8358 val_loss=0.4011 router_H=0.6518 best=0.8358
           router_load=[0.0, 0.0, 0.3623672425746918, 0.6376328468322754]
saved summary -> /home/zhujjing/MOE-grad-conflict-routing/runs/paper_suite/single_gpu/single_task/roberta_mrpc_lora_e4_k2/hpo/baseline/trial_runs/local_var_topk_023/baseline_s3.json
saved curve -> /home/zhujjing/MOE-grad-conflict-routing/runs/paper_suite/single_gpu/single_task/roberta_mrpc_lora_e4_k2/hpo/baseline/trial_runs/local_var_topk_023/baseline_s3_curve.csv
