[run] method=ours candidate=coord_03_train_grad_clip_021 seed=5 steps=1000 gpu=0
[run] cmd=
/home/zhujjing/anaconda3/envs/moe/bin/python /home/zhujjing/MOE-grad-conflict-routing/scripts/run.py --config configs/singletask_mrpc_real.yaml --set model.backbone_backend=hf --set model.hf_load_pretrained=true --set model.backbone=roberta --set model.hf_pretrained_name=roberta-base --set model.expert_type=lora --set model.routing_mode=topk --set model.num_experts=4 --set model.top_k=2 --set seed=5 --set method.name=ours --set train.steps=1000 --set train.eval_every_steps=50 --set method.ours.use_load_norm=true --set method.ours.lambda_align=0.001 --set train.grad_clip=0.5039649002 --set train.lr=2.652769064e-05 --set train.weight_decay=0.04145867636 --out /home/zhujjing/MOE-grad-conflict-routing/runs/paper_suite/single_gpu/single_task/roberta_mrpc_lora_e4_k2/final/ours_s5.json --curve_out /home/zhujjing/MOE-grad-conflict-routing/runs/paper_suite/single_gpu/single_task/roberta_mrpc_lora_e4_k2/final/ours_s5_curve.csv
Using the latest cached version of the dataset since glue couldn't be found on the Hugging Face Hub (offline mode is enabled).
Found the latest cached dataset configuration 'mrpc' at /home/zhujjing/hf_cache/datasets/glue/mrpc/0.0.0/bcdcba79d07bc864c1c254ccfcedcce55bcc9a8c (last modified on Thu Mar 19 15:01:06 2026).
/home/zhujjing/anaconda3/envs/moe/lib/python3.10/site-packages/transformers/utils/hub.py:124: FutureWarning: Using `TRANSFORMERS_CACHE` is deprecated and will be removed in v5 of Transformers. Use `HF_HOME` instead.
  warnings.warn(
Some weights of RobertaModel were not initialized from the model checkpoint at roberta-base and are newly initialized: ['roberta.pooler.dense.bias', 'roberta.pooler.dense.weight']
You should probably TRAIN this model on a down-stream task to be able to use it for predictions and inference.
[step 0001/1000] method=ours loss=0.7866 train_acc=nan train_loss=nan val_acc=nan val_loss=nan best=-1.0000
[step 0010/1000] method=ours loss=0.6278 train_acc=nan train_loss=nan val_acc=nan val_loss=nan best=-1.0000
[step 0020/1000] method=ours loss=0.5365 train_acc=nan train_loss=nan val_acc=nan val_loss=nan best=-1.0000
[step 0030/1000] method=ours loss=0.4859 train_acc=nan train_loss=nan val_acc=nan val_loss=nan best=-1.0000
[step 0040/1000] method=ours loss=0.4742 train_acc=nan train_loss=nan val_acc=nan val_loss=nan best=-1.0000
[step 0050/1000] method=ours loss=0.5373 train_acc=0.7740 train_loss=0.4771 val_acc=0.7794 val_loss=0.4727 router_H=0.6917 best=0.7794
           router_load=[0.3881939947605133, 0.37903687357902527, 0.22324776649475098, 0.009521251544356346]
[step 0060/1000] method=ours loss=0.4113 train_acc=0.7740 train_loss=0.4771 val_acc=0.7794 val_loss=0.4727 router_H=0.6917 best=0.7794
           router_load=[0.3881939947605133, 0.37903687357902527, 0.22324776649475098, 0.009521251544356346]
[step 0070/1000] method=ours loss=0.5033 train_acc=0.7740 train_loss=0.4771 val_acc=0.7794 val_loss=0.4727 router_H=0.6917 best=0.7794
           router_load=[0.3881939947605133, 0.37903687357902527, 0.22324776649475098, 0.009521251544356346]
[step 0080/1000] method=ours loss=0.5607 train_acc=0.7740 train_loss=0.4771 val_acc=0.7794 val_loss=0.4727 router_H=0.6917 best=0.7794
           router_load=[0.3881939947605133, 0.37903687357902527, 0.22324776649475098, 0.009521251544356346]
[step 0090/1000] method=ours loss=0.4152 train_acc=0.7740 train_loss=0.4771 val_acc=0.7794 val_loss=0.4727 router_H=0.6917 best=0.7794
           router_load=[0.3881939947605133, 0.37903687357902527, 0.22324776649475098, 0.009521251544356346]
[step 0100/1000] method=ours loss=0.5676 train_acc=0.7947 train_loss=0.4295 val_acc=0.7892 val_loss=0.4391 router_H=0.6837 best=0.7892
           router_load=[0.3984442353248596, 0.5607649683952332, 0.03463178128004074, 0.006158979143947363]
[step 0110/1000] method=ours loss=0.5248 train_acc=0.7947 train_loss=0.4295 val_acc=0.7892 val_loss=0.4391 router_H=0.6837 best=0.7892
           router_load=[0.3984442353248596, 0.5607649683952332, 0.03463178128004074, 0.006158979143947363]
[step 0120/1000] method=ours loss=0.4513 train_acc=0.7947 train_loss=0.4295 val_acc=0.7892 val_loss=0.4391 router_H=0.6837 best=0.7892
           router_load=[0.3984442353248596, 0.5607649683952332, 0.03463178128004074, 0.006158979143947363]
[step 0130/1000] method=ours loss=0.2480 train_acc=0.7947 train_loss=0.4295 val_acc=0.7892 val_loss=0.4391 router_H=0.6837 best=0.7892
           router_load=[0.3984442353248596, 0.5607649683952332, 0.03463178128004074, 0.006158979143947363]
[step 0140/1000] method=ours loss=0.2181 train_acc=0.7947 train_loss=0.4295 val_acc=0.7892 val_loss=0.4391 router_H=0.6837 best=0.7892
           router_load=[0.3984442353248596, 0.5607649683952332, 0.03463178128004074, 0.006158979143947363]
[step 0150/1000] method=ours loss=0.3197 train_acc=0.8522 train_loss=0.3499 val_acc=0.8113 val_loss=0.3817 router_H=0.6877 best=0.8113
           router_load=[0.29066550731658936, 0.17853878438472748, 0.31084415316581726, 0.2199515551328659]
[step 0160/1000] method=ours loss=0.4727 train_acc=0.8522 train_loss=0.3499 val_acc=0.8113 val_loss=0.3817 router_H=0.6877 best=0.8113
           router_load=[0.29066550731658936, 0.17853878438472748, 0.31084415316581726, 0.2199515551328659]
[step 0170/1000] method=ours loss=0.2424 train_acc=0.8522 train_loss=0.3499 val_acc=0.8113 val_loss=0.3817 router_H=0.6877 best=0.8113
           router_load=[0.29066550731658936, 0.17853878438472748, 0.31084415316581726, 0.2199515551328659]
[step 0180/1000] method=ours loss=0.1737 train_acc=0.8522 train_loss=0.3499 val_acc=0.8113 val_loss=0.3817 router_H=0.6877 best=0.8113
           router_load=[0.29066550731658936, 0.17853878438472748, 0.31084415316581726, 0.2199515551328659]
[step 0190/1000] method=ours loss=0.2760 train_acc=0.8522 train_loss=0.3499 val_acc=0.8113 val_loss=0.3817 router_H=0.6877 best=0.8113
           router_load=[0.29066550731658936, 0.17853878438472748, 0.31084415316581726, 0.2199515551328659]
[step 0200/1000] method=ours loss=0.7049 train_acc=0.8814 train_loss=0.3207 val_acc=0.8529 val_loss=0.3852 router_H=0.6726 best=0.8529
           router_load=[0.15889878571033478, 0.19058923423290253, 0.23880892992019653, 0.4117029905319214]
[step 0210/1000] method=ours loss=0.5572 train_acc=0.8814 train_loss=0.3207 val_acc=0.8529 val_loss=0.3852 router_H=0.6726 best=0.8529
           router_load=[0.15889878571033478, 0.19058923423290253, 0.23880892992019653, 0.4117029905319214]
[step 0220/1000] method=ours loss=0.3392 train_acc=0.8814 train_loss=0.3207 val_acc=0.8529 val_loss=0.3852 router_H=0.6726 best=0.8529
           router_load=[0.15889878571033478, 0.19058923423290253, 0.23880892992019653, 0.4117029905319214]
[step 0230/1000] method=ours loss=0.3658 train_acc=0.8814 train_loss=0.3207 val_acc=0.8529 val_loss=0.3852 router_H=0.6726 best=0.8529
           router_load=[0.15889878571033478, 0.19058923423290253, 0.23880892992019653, 0.4117029905319214]
[step 0240/1000] method=ours loss=0.3073 train_acc=0.8814 train_loss=0.3207 val_acc=0.8529 val_loss=0.3852 router_H=0.6726 best=0.8529
           router_load=[0.15889878571033478, 0.19058923423290253, 0.23880892992019653, 0.4117029905319214]
[step 0250/1000] method=ours loss=0.2081 train_acc=0.9005 train_loss=0.2540 val_acc=0.8676 val_loss=0.3419 router_H=0.6735 best=0.8676
           router_load=[0.21637125313282013, 0.31158697605133057, 0.09403356909751892, 0.37800827622413635]
[step 0260/1000] method=ours loss=0.4104 train_acc=0.9005 train_loss=0.2540 val_acc=0.8676 val_loss=0.3419 router_H=0.6735 best=0.8676
           router_load=[0.21637125313282013, 0.31158697605133057, 0.09403356909751892, 0.37800827622413635]
[step 0270/1000] method=ours loss=0.4148 train_acc=0.9005 train_loss=0.2540 val_acc=0.8676 val_loss=0.3419 router_H=0.6735 best=0.8676
           router_load=[0.21637125313282013, 0.31158697605133057, 0.09403356909751892, 0.37800827622413635]
[step 0280/1000] method=ours loss=0.4279 train_acc=0.9005 train_loss=0.2540 val_acc=0.8676 val_loss=0.3419 router_H=0.6735 best=0.8676
           router_load=[0.21637125313282013, 0.31158697605133057, 0.09403356909751892, 0.37800827622413635]
[step 0290/1000] method=ours loss=0.1460 train_acc=0.9005 train_loss=0.2540 val_acc=0.8676 val_loss=0.3419 router_H=0.6735 best=0.8676
           router_load=[0.21637125313282013, 0.31158697605133057, 0.09403356909751892, 0.37800827622413635]
[step 0300/1000] method=ours loss=0.6415 train_acc=0.9087 train_loss=0.2861 val_acc=0.8750 val_loss=0.3959 router_H=0.6806 best=0.8750
           router_load=[0.16650523245334625, 0.43663254380226135, 0.007626289036124945, 0.3892359733581543]
[step 0310/1000] method=ours loss=0.3899 train_acc=0.9087 train_loss=0.2861 val_acc=0.8750 val_loss=0.3959 router_H=0.6806 best=0.8750
           router_load=[0.16650523245334625, 0.43663254380226135, 0.007626289036124945, 0.3892359733581543]
[step 0320/1000] method=ours loss=0.2762 train_acc=0.9087 train_loss=0.2861 val_acc=0.8750 val_loss=0.3959 router_H=0.6806 best=0.8750
           router_load=[0.16650523245334625, 0.43663254380226135, 0.007626289036124945, 0.3892359733581543]
[step 0330/1000] method=ours loss=0.3381 train_acc=0.9087 train_loss=0.2861 val_acc=0.8750 val_loss=0.3959 router_H=0.6806 best=0.8750
           router_load=[0.16650523245334625, 0.43663254380226135, 0.007626289036124945, 0.3892359733581543]
[step 0340/1000] method=ours loss=0.4503 train_acc=0.9087 train_loss=0.2861 val_acc=0.8750 val_loss=0.3959 router_H=0.6806 best=0.8750
           router_load=[0.16650523245334625, 0.43663254380226135, 0.007626289036124945, 0.3892359733581543]
[step 0350/1000] method=ours loss=0.4165 train_acc=0.9133 train_loss=0.2104 val_acc=0.8824 val_loss=0.2854 router_H=0.6886 best=0.8824
           router_load=[0.18040281534194946, 0.22130106389522552, 0.27797892689704895, 0.32031717896461487]
[step 0360/1000] method=ours loss=0.1993 train_acc=0.9133 train_loss=0.2104 val_acc=0.8824 val_loss=0.2854 router_H=0.6886 best=0.8824
           router_load=[0.18040281534194946, 0.22130106389522552, 0.27797892689704895, 0.32031717896461487]
[step 0370/1000] method=ours loss=0.4611 train_acc=0.9133 train_loss=0.2104 val_acc=0.8824 val_loss=0.2854 router_H=0.6886 best=0.8824
           router_load=[0.18040281534194946, 0.22130106389522552, 0.27797892689704895, 0.32031717896461487]
[step 0380/1000] method=ours loss=0.3450 train_acc=0.9133 train_loss=0.2104 val_acc=0.8824 val_loss=0.2854 router_H=0.6886 best=0.8824
           router_load=[0.18040281534194946, 0.22130106389522552, 0.27797892689704895, 0.32031717896461487]
[step 0390/1000] method=ours loss=0.9078 train_acc=0.9133 train_loss=0.2104 val_acc=0.8824 val_loss=0.2854 router_H=0.6886 best=0.8824
           router_load=[0.18040281534194946, 0.22130106389522552, 0.27797892689704895, 0.32031717896461487]
[step 0400/1000] method=ours loss=0.2771 train_acc=0.9177 train_loss=0.2269 val_acc=0.8725 val_loss=0.3444 router_H=0.6731 best=0.8824
           router_load=[0.08643551170825958, 0.43808498978614807, 0.035372667014598846, 0.4401068091392517]
[step 0410/1000] method=ours loss=0.3952 train_acc=0.9177 train_loss=0.2269 val_acc=0.8725 val_loss=0.3444 router_H=0.6731 best=0.8824
           router_load=[0.08643551170825958, 0.43808498978614807, 0.035372667014598846, 0.4401068091392517]
[step 0420/1000] method=ours loss=0.2362 train_acc=0.9177 train_loss=0.2269 val_acc=0.8725 val_loss=0.3444 router_H=0.6731 best=0.8824
           router_load=[0.08643551170825958, 0.43808498978614807, 0.035372667014598846, 0.4401068091392517]
[step 0430/1000] method=ours loss=0.2102 train_acc=0.9177 train_loss=0.2269 val_acc=0.8725 val_loss=0.3444 router_H=0.6731 best=0.8824
           router_load=[0.08643551170825958, 0.43808498978614807, 0.035372667014598846, 0.4401068091392517]
[step 0440/1000] method=ours loss=0.4516 train_acc=0.9177 train_loss=0.2269 val_acc=0.8725 val_loss=0.3444 router_H=0.6731 best=0.8824
           router_load=[0.08643551170825958, 0.43808498978614807, 0.035372667014598846, 0.4401068091392517]
[step 0450/1000] method=ours loss=0.3439 train_acc=0.9537 train_loss=0.1488 val_acc=0.8848 val_loss=0.2744 router_H=0.6743 best=0.8848
           router_load=[0.10118190944194794, 0.3916303515434265, 0.056321486830711365, 0.45086610317230225]
[step 0460/1000] method=ours loss=0.3686 train_acc=0.9537 train_loss=0.1488 val_acc=0.8848 val_loss=0.2744 router_H=0.6743 best=0.8848
           router_load=[0.10118190944194794, 0.3916303515434265, 0.056321486830711365, 0.45086610317230225]
[step 0470/1000] method=ours loss=0.2040 train_acc=0.9537 train_loss=0.1488 val_acc=0.8848 val_loss=0.2744 router_H=0.6743 best=0.8848
           router_load=[0.10118190944194794, 0.3916303515434265, 0.056321486830711365, 0.45086610317230225]
[step 0480/1000] method=ours loss=0.3892 train_acc=0.9537 train_loss=0.1488 val_acc=0.8848 val_loss=0.2744 router_H=0.6743 best=0.8848
           router_load=[0.10118190944194794, 0.3916303515434265, 0.056321486830711365, 0.45086610317230225]
[step 0490/1000] method=ours loss=0.3041 train_acc=0.9537 train_loss=0.1488 val_acc=0.8848 val_loss=0.2744 router_H=0.6743 best=0.8848
           router_load=[0.10118190944194794, 0.3916303515434265, 0.056321486830711365, 0.45086610317230225]
[step 0500/1000] method=ours loss=0.4498 train_acc=0.9376 train_loss=0.1728 val_acc=0.8652 val_loss=0.4250 router_H=0.6741 best=0.8848
           router_load=[0.19711759686470032, 0.43106675148010254, 0.017235126346349716, 0.35458049178123474]
[step 0510/1000] method=ours loss=0.3764 train_acc=0.9376 train_loss=0.1728 val_acc=0.8652 val_loss=0.4250 router_H=0.6741 best=0.8848
           router_load=[0.19711759686470032, 0.43106675148010254, 0.017235126346349716, 0.35458049178123474]
[step 0520/1000] method=ours loss=0.3645 train_acc=0.9376 train_loss=0.1728 val_acc=0.8652 val_loss=0.4250 router_H=0.6741 best=0.8848
           router_load=[0.19711759686470032, 0.43106675148010254, 0.017235126346349716, 0.35458049178123474]
[step 0530/1000] method=ours loss=0.0079 train_acc=0.9376 train_loss=0.1728 val_acc=0.8652 val_loss=0.4250 router_H=0.6741 best=0.8848
           router_load=[0.19711759686470032, 0.43106675148010254, 0.017235126346349716, 0.35458049178123474]
[step 0540/1000] method=ours loss=0.0136 train_acc=0.9376 train_loss=0.1728 val_acc=0.8652 val_loss=0.4250 router_H=0.6741 best=0.8848
           router_load=[0.19711759686470032, 0.43106675148010254, 0.017235126346349716, 0.35458049178123474]
[step 0550/1000] method=ours loss=0.1706 train_acc=0.9646 train_loss=0.1040 val_acc=0.8897 val_loss=0.3902 router_H=0.6614 best=0.8897
           router_load=[0.16511254012584686, 0.39031052589416504, 0.02902255579829216, 0.41555434465408325]
[step 0560/1000] method=ours loss=0.4301 train_acc=0.9646 train_loss=0.1040 val_acc=0.8897 val_loss=0.3902 router_H=0.6614 best=0.8897
           router_load=[0.16511254012584686, 0.39031052589416504, 0.02902255579829216, 0.41555434465408325]
[step 0570/1000] method=ours loss=0.0266 train_acc=0.9646 train_loss=0.1040 val_acc=0.8897 val_loss=0.3902 router_H=0.6614 best=0.8897
           router_load=[0.16511254012584686, 0.39031052589416504, 0.02902255579829216, 0.41555434465408325]
[step 0580/1000] method=ours loss=0.0929 train_acc=0.9646 train_loss=0.1040 val_acc=0.8897 val_loss=0.3902 router_H=0.6614 best=0.8897
           router_load=[0.16511254012584686, 0.39031052589416504, 0.02902255579829216, 0.41555434465408325]
[step 0590/1000] method=ours loss=0.1978 train_acc=0.9646 train_loss=0.1040 val_acc=0.8897 val_loss=0.3902 router_H=0.6614 best=0.8897
           router_load=[0.16511254012584686, 0.39031052589416504, 0.02902255579829216, 0.41555434465408325]
[step 0600/1000] method=ours loss=0.1491 train_acc=0.9610 train_loss=0.1334 val_acc=0.8995 val_loss=0.3225 router_H=0.6719 best=0.8995
           router_load=[0.14120440185070038, 0.40472471714019775, 0.0, 0.45407089591026306]
[step 0610/1000] method=ours loss=0.1217 train_acc=0.9610 train_loss=0.1334 val_acc=0.8995 val_loss=0.3225 router_H=0.6719 best=0.8995
           router_load=[0.14120440185070038, 0.40472471714019775, 0.0, 0.45407089591026306]
[step 0620/1000] method=ours loss=0.0788 train_acc=0.9610 train_loss=0.1334 val_acc=0.8995 val_loss=0.3225 router_H=0.6719 best=0.8995
           router_load=[0.14120440185070038, 0.40472471714019775, 0.0, 0.45407089591026306]
[step 0630/1000] method=ours loss=0.2198 train_acc=0.9610 train_loss=0.1334 val_acc=0.8995 val_loss=0.3225 router_H=0.6719 best=0.8995
           router_load=[0.14120440185070038, 0.40472471714019775, 0.0, 0.45407089591026306]
[step 0640/1000] method=ours loss=0.1444 train_acc=0.9610 train_loss=0.1334 val_acc=0.8995 val_loss=0.3225 router_H=0.6719 best=0.8995
           router_load=[0.14120440185070038, 0.40472471714019775, 0.0, 0.45407089591026306]
[step 0650/1000] method=ours loss=0.0425 train_acc=0.9646 train_loss=0.1078 val_acc=0.8505 val_loss=0.4281 router_H=0.6827 best=0.8995
           router_load=[0.1947423219680786, 0.4433610141277313, 0.0, 0.36189669370651245]
[step 0660/1000] method=ours loss=0.4804 train_acc=0.9646 train_loss=0.1078 val_acc=0.8505 val_loss=0.4281 router_H=0.6827 best=0.8995
           router_load=[0.1947423219680786, 0.4433610141277313, 0.0, 0.36189669370651245]
[step 0670/1000] method=ours loss=0.1051 train_acc=0.9646 train_loss=0.1078 val_acc=0.8505 val_loss=0.4281 router_H=0.6827 best=0.8995
           router_load=[0.1947423219680786, 0.4433610141277313, 0.0, 0.36189669370651245]
[step 0680/1000] method=ours loss=0.1716 train_acc=0.9646 train_loss=0.1078 val_acc=0.8505 val_loss=0.4281 router_H=0.6827 best=0.8995
           router_load=[0.1947423219680786, 0.4433610141277313, 0.0, 0.36189669370651245]
[step 0690/1000] method=ours loss=0.0144 train_acc=0.9646 train_loss=0.1078 val_acc=0.8505 val_loss=0.4281 router_H=0.6827 best=0.8995
           router_load=[0.1947423219680786, 0.4433610141277313, 0.0, 0.36189669370651245]
[step 0700/1000] method=ours loss=0.2826 train_acc=0.9678 train_loss=0.0985 val_acc=0.8799 val_loss=0.3920 router_H=0.6537 best=0.8995
           router_load=[0.19676481187343597, 0.38496020436286926, 0.0, 0.4182749390602112]
[step 0710/1000] method=ours loss=0.0102 train_acc=0.9678 train_loss=0.0985 val_acc=0.8799 val_loss=0.3920 router_H=0.6537 best=0.8995
           router_load=[0.19676481187343597, 0.38496020436286926, 0.0, 0.4182749390602112]
[step 0720/1000] method=ours loss=0.3051 train_acc=0.9678 train_loss=0.0985 val_acc=0.8799 val_loss=0.3920 router_H=0.6537 best=0.8995
           router_load=[0.19676481187343597, 0.38496020436286926, 0.0, 0.4182749390602112]
[step 0730/1000] method=ours loss=0.0007 train_acc=0.9678 train_loss=0.0985 val_acc=0.8799 val_loss=0.3920 router_H=0.6537 best=0.8995
           router_load=[0.19676481187343597, 0.38496020436286926, 0.0, 0.4182749390602112]
[step 0740/1000] method=ours loss=0.5618 train_acc=0.9678 train_loss=0.0985 val_acc=0.8799 val_loss=0.3920 router_H=0.6537 best=0.8995
           router_load=[0.19676481187343597, 0.38496020436286926, 0.0, 0.4182749390602112]
[step 0750/1000] method=ours loss=0.0003 train_acc=0.9697 train_loss=0.1727 val_acc=0.8701 val_loss=0.8337 router_H=0.5906 best=0.8995
           router_load=[0.1505584716796875, 0.2892736792564392, 0.0, 0.5601678490638733]
[step 0760/1000] method=ours loss=0.4867 train_acc=0.9697 train_loss=0.1727 val_acc=0.8701 val_loss=0.8337 router_H=0.5906 best=0.8995
           router_load=[0.1505584716796875, 0.2892736792564392, 0.0, 0.5601678490638733]
[step 0770/1000] method=ours loss=0.0003 train_acc=0.9697 train_loss=0.1727 val_acc=0.8701 val_loss=0.8337 router_H=0.5906 best=0.8995
           router_load=[0.1505584716796875, 0.2892736792564392, 0.0, 0.5601678490638733]
[step 0780/1000] method=ours loss=0.5168 train_acc=0.9697 train_loss=0.1727 val_acc=0.8701 val_loss=0.8337 router_H=0.5906 best=0.8995
           router_load=[0.1505584716796875, 0.2892736792564392, 0.0, 0.5601678490638733]
[step 0790/1000] method=ours loss=0.4953 train_acc=0.9697 train_loss=0.1727 val_acc=0.8701 val_loss=0.8337 router_H=0.5906 best=0.8995
           router_load=[0.1505584716796875, 0.2892736792564392, 0.0, 0.5601678490638733]
[step 0800/1000] method=ours loss=0.0791 train_acc=0.9828 train_loss=0.0778 val_acc=0.8799 val_loss=0.5680 router_H=0.6163 best=0.8995
           router_load=[0.15777817368507385, 0.3338431119918823, 0.0, 0.5083786249160767]
[step 0810/1000] method=ours loss=0.0854 train_acc=0.9828 train_loss=0.0778 val_acc=0.8799 val_loss=0.5680 router_H=0.6163 best=0.8995
           router_load=[0.15777817368507385, 0.3338431119918823, 0.0, 0.5083786249160767]
[step 0820/1000] method=ours loss=0.0027 train_acc=0.9828 train_loss=0.0778 val_acc=0.8799 val_loss=0.5680 router_H=0.6163 best=0.8995
           router_load=[0.15777817368507385, 0.3338431119918823, 0.0, 0.5083786249160767]
[step 0830/1000] method=ours loss=0.0076 train_acc=0.9828 train_loss=0.0778 val_acc=0.8799 val_loss=0.5680 router_H=0.6163 best=0.8995
           router_load=[0.15777817368507385, 0.3338431119918823, 0.0, 0.5083786249160767]
[step 0840/1000] method=ours loss=0.6340 train_acc=0.9828 train_loss=0.0778 val_acc=0.8799 val_loss=0.5680 router_H=0.6163 best=0.8995
           router_load=[0.15777817368507385, 0.3338431119918823, 0.0, 0.5083786249160767]
[step 0850/1000] method=ours loss=0.2930 train_acc=0.9809 train_loss=0.0666 val_acc=0.8971 val_loss=0.4483 router_H=0.6216 best=0.8995
           router_load=[0.16161003708839417, 0.3369751274585724, 0.0, 0.5014147162437439]
[step 0860/1000] method=ours loss=0.3359 train_acc=0.9809 train_loss=0.0666 val_acc=0.8971 val_loss=0.4483 router_H=0.6216 best=0.8995
           router_load=[0.16161003708839417, 0.3369751274585724, 0.0, 0.5014147162437439]
[step 0870/1000] method=ours loss=0.1500 train_acc=0.9809 train_loss=0.0666 val_acc=0.8971 val_loss=0.4483 router_H=0.6216 best=0.8995
           router_load=[0.16161003708839417, 0.3369751274585724, 0.0, 0.5014147162437439]
[step 0880/1000] method=ours loss=0.5472 train_acc=0.9809 train_loss=0.0666 val_acc=0.8971 val_loss=0.4483 router_H=0.6216 best=0.8995
           router_load=[0.16161003708839417, 0.3369751274585724, 0.0, 0.5014147162437439]
[step 0890/1000] method=ours loss=0.0063 train_acc=0.9809 train_loss=0.0666 val_acc=0.8971 val_loss=0.4483 router_H=0.6216 best=0.8995
           router_load=[0.16161003708839417, 0.3369751274585724, 0.0, 0.5014147162437439]
[step 0900/1000] method=ours loss=0.0015 train_acc=0.9823 train_loss=0.0783 val_acc=0.8627 val_loss=0.6173 router_H=0.5987 best=0.8995
           router_load=[0.15172350406646729, 0.2912576496601105, 0.0, 0.5570187568664551]
[step 0910/1000] method=ours loss=0.0027 train_acc=0.9823 train_loss=0.0783 val_acc=0.8627 val_loss=0.6173 router_H=0.5987 best=0.8995
           router_load=[0.15172350406646729, 0.2912576496601105, 0.0, 0.5570187568664551]
[step 0920/1000] method=ours loss=1.9336 train_acc=0.9823 train_loss=0.0783 val_acc=0.8627 val_loss=0.6173 router_H=0.5987 best=0.8995
           router_load=[0.15172350406646729, 0.2912576496601105, 0.0, 0.5570187568664551]
[step 0930/1000] method=ours loss=0.0030 train_acc=0.9823 train_loss=0.0783 val_acc=0.8627 val_loss=0.6173 router_H=0.5987 best=0.8995
           router_load=[0.15172350406646729, 0.2912576496601105, 0.0, 0.5570187568664551]
[step 0940/1000] method=ours loss=0.1762 train_acc=0.9823 train_loss=0.0783 val_acc=0.8627 val_loss=0.6173 router_H=0.5987 best=0.8995
           router_load=[0.15172350406646729, 0.2912576496601105, 0.0, 0.5570187568664551]
[step 0950/1000] method=ours loss=0.0004 train_acc=0.9820 train_loss=0.0953 val_acc=0.9044 val_loss=0.5936 router_H=0.6087 best=0.9044
           router_load=[0.1830088347196579, 0.31732386350631714, 0.0, 0.49966734647750854]
[step 0960/1000] method=ours loss=0.3651 train_acc=0.9820 train_loss=0.0953 val_acc=0.9044 val_loss=0.5936 router_H=0.6087 best=0.9044
           router_load=[0.1830088347196579, 0.31732386350631714, 0.0, 0.49966734647750854]
[step 0970/1000] method=ours loss=0.3817 train_acc=0.9820 train_loss=0.0953 val_acc=0.9044 val_loss=0.5936 router_H=0.6087 best=0.9044
           router_load=[0.1830088347196579, 0.31732386350631714, 0.0, 0.49966734647750854]
[step 0980/1000] method=ours loss=0.7459 train_acc=0.9820 train_loss=0.0953 val_acc=0.9044 val_loss=0.5936 router_H=0.6087 best=0.9044
           router_load=[0.1830088347196579, 0.31732386350631714, 0.0, 0.49966734647750854]
[step 0990/1000] method=ours loss=0.0137 train_acc=0.9820 train_loss=0.0953 val_acc=0.9044 val_loss=0.5936 router_H=0.6087 best=0.9044
           router_load=[0.1830088347196579, 0.31732386350631714, 0.0, 0.49966734647750854]
[step 1000/1000] method=ours loss=0.0003 train_acc=0.9847 train_loss=0.0709 val_acc=0.8652 val_loss=0.7504 router_H=0.6002 best=0.9044
           router_load=[0.13678479194641113, 0.30366480350494385, 0.0, 0.5595502853393555]
saved summary -> /home/zhujjing/MOE-grad-conflict-routing/runs/paper_suite/single_gpu/single_task/roberta_mrpc_lora_e4_k2/final/ours_s5.json
saved curve -> /home/zhujjing/MOE-grad-conflict-routing/runs/paper_suite/single_gpu/single_task/roberta_mrpc_lora_e4_k2/final/ours_s5_curve.csv
