[run] method=ours candidate=coord_03_train_grad_clip_021 seed=2 steps=1000 gpu=0
[run] cmd=
/home/zhujjing/anaconda3/envs/moe/bin/python /home/zhujjing/MOE-grad-conflict-routing/scripts/run.py --config configs/singletask_mrpc_real.yaml --set model.backbone_backend=hf --set model.hf_load_pretrained=true --set model.backbone=roberta --set model.hf_pretrained_name=roberta-base --set model.expert_type=lora --set model.routing_mode=topk --set model.num_experts=4 --set model.top_k=2 --set seed=2 --set method.name=ours --set train.steps=1000 --set train.eval_every_steps=50 --set method.ours.use_load_norm=true --set method.ours.lambda_align=0.001 --set train.grad_clip=0.5039649002 --set train.lr=2.652769064e-05 --set train.weight_decay=0.04145867636 --out /home/zhujjing/MOE-grad-conflict-routing/runs/paper_suite/single_gpu/single_task/roberta_mrpc_lora_e4_k2/final/ours_s2.json --curve_out /home/zhujjing/MOE-grad-conflict-routing/runs/paper_suite/single_gpu/single_task/roberta_mrpc_lora_e4_k2/final/ours_s2_curve.csv
Using the latest cached version of the dataset since glue couldn't be found on the Hugging Face Hub (offline mode is enabled).
Found the latest cached dataset configuration 'mrpc' at /home/zhujjing/hf_cache/datasets/glue/mrpc/0.0.0/bcdcba79d07bc864c1c254ccfcedcce55bcc9a8c (last modified on Thu Mar 19 15:01:06 2026).
/home/zhujjing/anaconda3/envs/moe/lib/python3.10/site-packages/transformers/utils/hub.py:124: FutureWarning: Using `TRANSFORMERS_CACHE` is deprecated and will be removed in v5 of Transformers. Use `HF_HOME` instead.
  warnings.warn(
Some weights of RobertaModel were not initialized from the model checkpoint at roberta-base and are newly initialized: ['roberta.pooler.dense.bias', 'roberta.pooler.dense.weight']
You should probably TRAIN this model on a down-stream task to be able to use it for predictions and inference.
[step 0001/1000] method=ours loss=0.7076 train_acc=nan train_loss=nan val_acc=nan val_loss=nan best=-1.0000
[step 0010/1000] method=ours loss=0.7017 train_acc=nan train_loss=nan val_acc=nan val_loss=nan best=-1.0000
[step 0020/1000] method=ours loss=0.5913 train_acc=nan train_loss=nan val_acc=nan val_loss=nan best=-1.0000
[step 0030/1000] method=ours loss=0.6308 train_acc=nan train_loss=nan val_acc=nan val_loss=nan best=-1.0000
[step 0040/1000] method=ours loss=0.5250 train_acc=nan train_loss=nan val_acc=nan val_loss=nan best=-1.0000
[step 0050/1000] method=ours loss=0.5431 train_acc=0.7364 train_loss=0.5136 val_acc=0.7304 val_loss=0.5186 router_H=0.6835 best=0.7304
           router_load=[0.5671320557594299, 0.37983378767967224, 0.00631067855283618, 0.046723537147045135]
[step 0060/1000] method=ours loss=0.6135 train_acc=0.7364 train_loss=0.5136 val_acc=0.7304 val_loss=0.5186 router_H=0.6835 best=0.7304
           router_load=[0.5671320557594299, 0.37983378767967224, 0.00631067855283618, 0.046723537147045135]
[step 0070/1000] method=ours loss=0.3271 train_acc=0.7364 train_loss=0.5136 val_acc=0.7304 val_loss=0.5186 router_H=0.6835 best=0.7304
           router_load=[0.5671320557594299, 0.37983378767967224, 0.00631067855283618, 0.046723537147045135]
[step 0080/1000] method=ours loss=0.4277 train_acc=0.7364 train_loss=0.5136 val_acc=0.7304 val_loss=0.5186 router_H=0.6835 best=0.7304
           router_load=[0.5671320557594299, 0.37983378767967224, 0.00631067855283618, 0.046723537147045135]
[step 0090/1000] method=ours loss=0.3117 train_acc=0.7364 train_loss=0.5136 val_acc=0.7304 val_loss=0.5186 router_H=0.6835 best=0.7304
           router_load=[0.5671320557594299, 0.37983378767967224, 0.00631067855283618, 0.046723537147045135]
[step 0100/1000] method=ours loss=0.4344 train_acc=0.8239 train_loss=0.4041 val_acc=0.7966 val_loss=0.4257 router_H=0.6798 best=0.7966
           router_load=[0.5794980525970459, 0.19022990763187408, 0.013931939378380775, 0.21634013950824738]
[step 0110/1000] method=ours loss=0.6148 train_acc=0.8239 train_loss=0.4041 val_acc=0.7966 val_loss=0.4257 router_H=0.6798 best=0.7966
           router_load=[0.5794980525970459, 0.19022990763187408, 0.013931939378380775, 0.21634013950824738]
[step 0120/1000] method=ours loss=0.2922 train_acc=0.8239 train_loss=0.4041 val_acc=0.7966 val_loss=0.4257 router_H=0.6798 best=0.7966
           router_load=[0.5794980525970459, 0.19022990763187408, 0.013931939378380775, 0.21634013950824738]
[step 0130/1000] method=ours loss=0.5217 train_acc=0.8239 train_loss=0.4041 val_acc=0.7966 val_loss=0.4257 router_H=0.6798 best=0.7966
           router_load=[0.5794980525970459, 0.19022990763187408, 0.013931939378380775, 0.21634013950824738]
[step 0140/1000] method=ours loss=0.3276 train_acc=0.8239 train_loss=0.4041 val_acc=0.7966 val_loss=0.4257 router_H=0.6798 best=0.7966
           router_load=[0.5794980525970459, 0.19022990763187408, 0.013931939378380775, 0.21634013950824738]
[step 0150/1000] method=ours loss=0.7272 train_acc=0.8683 train_loss=0.3174 val_acc=0.8578 val_loss=0.3388 router_H=0.6742 best=0.8578
           router_load=[0.5951634049415588, 0.1782977133989334, 0.1334439069032669, 0.09309501945972443]
[step 0160/1000] method=ours loss=0.1050 train_acc=0.8683 train_loss=0.3174 val_acc=0.8578 val_loss=0.3388 router_H=0.6742 best=0.8578
           router_load=[0.5951634049415588, 0.1782977133989334, 0.1334439069032669, 0.09309501945972443]
[step 0170/1000] method=ours loss=0.4675 train_acc=0.8683 train_loss=0.3174 val_acc=0.8578 val_loss=0.3388 router_H=0.6742 best=0.8578
           router_load=[0.5951634049415588, 0.1782977133989334, 0.1334439069032669, 0.09309501945972443]
[step 0180/1000] method=ours loss=0.3420 train_acc=0.8683 train_loss=0.3174 val_acc=0.8578 val_loss=0.3388 router_H=0.6742 best=0.8578
           router_load=[0.5951634049415588, 0.1782977133989334, 0.1334439069032669, 0.09309501945972443]
[step 0190/1000] method=ours loss=0.2272 train_acc=0.8683 train_loss=0.3174 val_acc=0.8578 val_loss=0.3388 router_H=0.6742 best=0.8578
           router_load=[0.5951634049415588, 0.1782977133989334, 0.1334439069032669, 0.09309501945972443]
[step 0200/1000] method=ours loss=0.2889 train_acc=0.8956 train_loss=0.2759 val_acc=0.8676 val_loss=0.3245 router_H=0.6684 best=0.8676
           router_load=[0.6072275638580322, 0.30074095726013184, 0.030382918193936348, 0.06164855882525444]
[step 0210/1000] method=ours loss=0.2682 train_acc=0.8956 train_loss=0.2759 val_acc=0.8676 val_loss=0.3245 router_H=0.6684 best=0.8676
           router_load=[0.6072275638580322, 0.30074095726013184, 0.030382918193936348, 0.06164855882525444]
[step 0220/1000] method=ours loss=0.3791 train_acc=0.8956 train_loss=0.2759 val_acc=0.8676 val_loss=0.3245 router_H=0.6684 best=0.8676
           router_load=[0.6072275638580322, 0.30074095726013184, 0.030382918193936348, 0.06164855882525444]
[step 0230/1000] method=ours loss=1.0004 train_acc=0.8956 train_loss=0.2759 val_acc=0.8676 val_loss=0.3245 router_H=0.6684 best=0.8676
           router_load=[0.6072275638580322, 0.30074095726013184, 0.030382918193936348, 0.06164855882525444]
[step 0240/1000] method=ours loss=0.4747 train_acc=0.8956 train_loss=0.2759 val_acc=0.8676 val_loss=0.3245 router_H=0.6684 best=0.8676
           router_load=[0.6072275638580322, 0.30074095726013184, 0.030382918193936348, 0.06164855882525444]
[step 0250/1000] method=ours loss=0.2947 train_acc=0.9051 train_loss=0.2480 val_acc=0.8529 val_loss=0.3609 router_H=0.6774 best=0.8676
           router_load=[0.5860522985458374, 0.3223485052585602, 0.0398072823882103, 0.05179198086261749]
[step 0260/1000] method=ours loss=0.3257 train_acc=0.9051 train_loss=0.2480 val_acc=0.8529 val_loss=0.3609 router_H=0.6774 best=0.8676
           router_load=[0.5860522985458374, 0.3223485052585602, 0.0398072823882103, 0.05179198086261749]
[step 0270/1000] method=ours loss=0.3186 train_acc=0.9051 train_loss=0.2480 val_acc=0.8529 val_loss=0.3609 router_H=0.6774 best=0.8676
           router_load=[0.5860522985458374, 0.3223485052585602, 0.0398072823882103, 0.05179198086261749]
[step 0280/1000] method=ours loss=0.4830 train_acc=0.9051 train_loss=0.2480 val_acc=0.8529 val_loss=0.3609 router_H=0.6774 best=0.8676
           router_load=[0.5860522985458374, 0.3223485052585602, 0.0398072823882103, 0.05179198086261749]
[step 0290/1000] method=ours loss=0.0957 train_acc=0.9051 train_loss=0.2480 val_acc=0.8529 val_loss=0.3609 router_H=0.6774 best=0.8676
           router_load=[0.5860522985458374, 0.3223485052585602, 0.0398072823882103, 0.05179198086261749]
[step 0300/1000] method=ours loss=0.1979 train_acc=0.8768 train_loss=0.3373 val_acc=0.8211 val_loss=0.5208 router_H=0.6693 best=0.8676
           router_load=[0.6059557795524597, 0.3158843517303467, 0.04073696583509445, 0.037422895431518555]
[step 0310/1000] method=ours loss=0.4163 train_acc=0.8768 train_loss=0.3373 val_acc=0.8211 val_loss=0.5208 router_H=0.6693 best=0.8676
           router_load=[0.6059557795524597, 0.3158843517303467, 0.04073696583509445, 0.037422895431518555]
[step 0320/1000] method=ours loss=0.3232 train_acc=0.8768 train_loss=0.3373 val_acc=0.8211 val_loss=0.5208 router_H=0.6693 best=0.8676
           router_load=[0.6059557795524597, 0.3158843517303467, 0.04073696583509445, 0.037422895431518555]
[step 0330/1000] method=ours loss=0.3738 train_acc=0.8768 train_loss=0.3373 val_acc=0.8211 val_loss=0.5208 router_H=0.6693 best=0.8676
           router_load=[0.6059557795524597, 0.3158843517303467, 0.04073696583509445, 0.037422895431518555]
[step 0340/1000] method=ours loss=0.5464 train_acc=0.8768 train_loss=0.3373 val_acc=0.8211 val_loss=0.5208 router_H=0.6693 best=0.8676
           router_load=[0.6059557795524597, 0.3158843517303467, 0.04073696583509445, 0.037422895431518555]
[step 0350/1000] method=ours loss=0.3006 train_acc=0.8926 train_loss=0.2614 val_acc=0.8260 val_loss=0.4519 router_H=0.6724 best=0.8676
           router_load=[0.5992032289505005, 0.3483739495277405, 0.002794143045321107, 0.04962869733572006]
[step 0360/1000] method=ours loss=0.2598 train_acc=0.8926 train_loss=0.2614 val_acc=0.8260 val_loss=0.4519 router_H=0.6724 best=0.8676
           router_load=[0.5992032289505005, 0.3483739495277405, 0.002794143045321107, 0.04962869733572006]
[step 0370/1000] method=ours loss=0.1367 train_acc=0.8926 train_loss=0.2614 val_acc=0.8260 val_loss=0.4519 router_H=0.6724 best=0.8676
           router_load=[0.5992032289505005, 0.3483739495277405, 0.002794143045321107, 0.04962869733572006]
[step 0380/1000] method=ours loss=0.4615 train_acc=0.8926 train_loss=0.2614 val_acc=0.8260 val_loss=0.4519 router_H=0.6724 best=0.8676
           router_load=[0.5992032289505005, 0.3483739495277405, 0.002794143045321107, 0.04962869733572006]
[step 0390/1000] method=ours loss=0.3007 train_acc=0.8926 train_loss=0.2614 val_acc=0.8260 val_loss=0.4519 router_H=0.6724 best=0.8676
           router_load=[0.5992032289505005, 0.3483739495277405, 0.002794143045321107, 0.04962869733572006]
[step 0400/1000] method=ours loss=0.2124 train_acc=0.9419 train_loss=0.1617 val_acc=0.8799 val_loss=0.3416 router_H=0.6794 best=0.8799
           router_load=[0.5797542929649353, 0.31297722458839417, 0.01884516514837742, 0.0884232297539711]
[step 0410/1000] method=ours loss=0.3388 train_acc=0.9419 train_loss=0.1617 val_acc=0.8799 val_loss=0.3416 router_H=0.6794 best=0.8799
           router_load=[0.5797542929649353, 0.31297722458839417, 0.01884516514837742, 0.0884232297539711]
[step 0420/1000] method=ours loss=0.2791 train_acc=0.9419 train_loss=0.1617 val_acc=0.8799 val_loss=0.3416 router_H=0.6794 best=0.8799
           router_load=[0.5797542929649353, 0.31297722458839417, 0.01884516514837742, 0.0884232297539711]
[step 0430/1000] method=ours loss=0.5870 train_acc=0.9419 train_loss=0.1617 val_acc=0.8799 val_loss=0.3416 router_H=0.6794 best=0.8799
           router_load=[0.5797542929649353, 0.31297722458839417, 0.01884516514837742, 0.0884232297539711]
[step 0440/1000] method=ours loss=0.5071 train_acc=0.9419 train_loss=0.1617 val_acc=0.8799 val_loss=0.3416 router_H=0.6794 best=0.8799
           router_load=[0.5797542929649353, 0.31297722458839417, 0.01884516514837742, 0.0884232297539711]
[step 0450/1000] method=ours loss=0.4074 train_acc=0.9373 train_loss=0.1861 val_acc=0.8725 val_loss=0.3069 router_H=0.6812 best=0.8799
           router_load=[0.5732650756835938, 0.295661062002182, 0.001020906027406454, 0.13005292415618896]
[step 0460/1000] method=ours loss=0.0519 train_acc=0.9373 train_loss=0.1861 val_acc=0.8725 val_loss=0.3069 router_H=0.6812 best=0.8799
           router_load=[0.5732650756835938, 0.295661062002182, 0.001020906027406454, 0.13005292415618896]
[step 0470/1000] method=ours loss=0.0471 train_acc=0.9373 train_loss=0.1861 val_acc=0.8725 val_loss=0.3069 router_H=0.6812 best=0.8799
           router_load=[0.5732650756835938, 0.295661062002182, 0.001020906027406454, 0.13005292415618896]
[step 0480/1000] method=ours loss=0.0012 train_acc=0.9373 train_loss=0.1861 val_acc=0.8725 val_loss=0.3069 router_H=0.6812 best=0.8799
           router_load=[0.5732650756835938, 0.295661062002182, 0.001020906027406454, 0.13005292415618896]
[step 0490/1000] method=ours loss=0.0917 train_acc=0.9373 train_loss=0.1861 val_acc=0.8725 val_loss=0.3069 router_H=0.6812 best=0.8799
           router_load=[0.5732650756835938, 0.295661062002182, 0.001020906027406454, 0.13005292415618896]
[step 0500/1000] method=ours loss=0.0030 train_acc=0.9457 train_loss=0.2506 val_acc=0.8701 val_loss=0.7294 router_H=0.6842 best=0.8799
           router_load=[0.533610463142395, 0.3572331666946411, 0.03681690990924835, 0.0723395049571991]
[step 0510/1000] method=ours loss=0.1615 train_acc=0.9457 train_loss=0.2506 val_acc=0.8701 val_loss=0.7294 router_H=0.6842 best=0.8799
           router_load=[0.533610463142395, 0.3572331666946411, 0.03681690990924835, 0.0723395049571991]
[step 0520/1000] method=ours loss=0.1387 train_acc=0.9457 train_loss=0.2506 val_acc=0.8701 val_loss=0.7294 router_H=0.6842 best=0.8799
           router_load=[0.533610463142395, 0.3572331666946411, 0.03681690990924835, 0.0723395049571991]
[step 0530/1000] method=ours loss=0.5024 train_acc=0.9457 train_loss=0.2506 val_acc=0.8701 val_loss=0.7294 router_H=0.6842 best=0.8799
           router_load=[0.533610463142395, 0.3572331666946411, 0.03681690990924835, 0.0723395049571991]
[step 0540/1000] method=ours loss=0.0552 train_acc=0.9457 train_loss=0.2506 val_acc=0.8701 val_loss=0.7294 router_H=0.6842 best=0.8799
           router_load=[0.533610463142395, 0.3572331666946411, 0.03681690990924835, 0.0723395049571991]
[step 0550/1000] method=ours loss=0.4113 train_acc=0.9556 train_loss=0.1478 val_acc=0.8873 val_loss=0.4644 router_H=0.6666 best=0.8873
           router_load=[0.6006045341491699, 0.26522716879844666, 0.06244216859340668, 0.07172616571187973]
[step 0560/1000] method=ours loss=0.1138 train_acc=0.9556 train_loss=0.1478 val_acc=0.8873 val_loss=0.4644 router_H=0.6666 best=0.8873
           router_load=[0.6006045341491699, 0.26522716879844666, 0.06244216859340668, 0.07172616571187973]
[step 0570/1000] method=ours loss=0.3650 train_acc=0.9556 train_loss=0.1478 val_acc=0.8873 val_loss=0.4644 router_H=0.6666 best=0.8873
           router_load=[0.6006045341491699, 0.26522716879844666, 0.06244216859340668, 0.07172616571187973]
[step 0580/1000] method=ours loss=0.0636 train_acc=0.9556 train_loss=0.1478 val_acc=0.8873 val_loss=0.4644 router_H=0.6666 best=0.8873
           router_load=[0.6006045341491699, 0.26522716879844666, 0.06244216859340668, 0.07172616571187973]
[step 0590/1000] method=ours loss=0.0155 train_acc=0.9556 train_loss=0.1478 val_acc=0.8873 val_loss=0.4644 router_H=0.6666 best=0.8873
           router_load=[0.6006045341491699, 0.26522716879844666, 0.06244216859340668, 0.07172616571187973]
[step 0600/1000] method=ours loss=0.2050 train_acc=0.9594 train_loss=0.1384 val_acc=0.8676 val_loss=0.5699 router_H=0.6861 best=0.8873
           router_load=[0.5310302972793579, 0.4128715395927429, 0.002683639759197831, 0.05341450497508049]
[step 0610/1000] method=ours loss=0.0155 train_acc=0.9594 train_loss=0.1384 val_acc=0.8676 val_loss=0.5699 router_H=0.6861 best=0.8873
           router_load=[0.5310302972793579, 0.4128715395927429, 0.002683639759197831, 0.05341450497508049]
[step 0620/1000] method=ours loss=0.1462 train_acc=0.9594 train_loss=0.1384 val_acc=0.8676 val_loss=0.5699 router_H=0.6861 best=0.8873
           router_load=[0.5310302972793579, 0.4128715395927429, 0.002683639759197831, 0.05341450497508049]
[step 0630/1000] method=ours loss=0.6218 train_acc=0.9594 train_loss=0.1384 val_acc=0.8676 val_loss=0.5699 router_H=0.6861 best=0.8873
           router_load=[0.5310302972793579, 0.4128715395927429, 0.002683639759197831, 0.05341450497508049]
[step 0640/1000] method=ours loss=0.3009 train_acc=0.9594 train_loss=0.1384 val_acc=0.8676 val_loss=0.5699 router_H=0.6861 best=0.8873
           router_load=[0.5310302972793579, 0.4128715395927429, 0.002683639759197831, 0.05341450497508049]
[step 0650/1000] method=ours loss=0.7375 train_acc=0.9716 train_loss=0.0777 val_acc=0.8848 val_loss=0.3682 router_H=0.6813 best=0.8873
           router_load=[0.5578110814094543, 0.3300345540046692, 0.01010699849575758, 0.10204733908176422]
[step 0660/1000] method=ours loss=0.0522 train_acc=0.9716 train_loss=0.0777 val_acc=0.8848 val_loss=0.3682 router_H=0.6813 best=0.8873
           router_load=[0.5578110814094543, 0.3300345540046692, 0.01010699849575758, 0.10204733908176422]
[step 0670/1000] method=ours loss=0.2820 train_acc=0.9716 train_loss=0.0777 val_acc=0.8848 val_loss=0.3682 router_H=0.6813 best=0.8873
           router_load=[0.5578110814094543, 0.3300345540046692, 0.01010699849575758, 0.10204733908176422]
[step 0680/1000] method=ours loss=0.1342 train_acc=0.9716 train_loss=0.0777 val_acc=0.8848 val_loss=0.3682 router_H=0.6813 best=0.8873
           router_load=[0.5578110814094543, 0.3300345540046692, 0.01010699849575758, 0.10204733908176422]
[step 0690/1000] method=ours loss=0.0340 train_acc=0.9716 train_loss=0.0777 val_acc=0.8848 val_loss=0.3682 router_H=0.6813 best=0.8873
           router_load=[0.5578110814094543, 0.3300345540046692, 0.01010699849575758, 0.10204733908176422]
[step 0700/1000] method=ours loss=0.0154 train_acc=0.9741 train_loss=0.0831 val_acc=0.8848 val_loss=0.4882 router_H=0.6797 best=0.8873
           router_load=[0.5647234320640564, 0.3818607032299042, 0.004045725800096989, 0.04937012866139412]
[step 0710/1000] method=ours loss=0.3736 train_acc=0.9741 train_loss=0.0831 val_acc=0.8848 val_loss=0.4882 router_H=0.6797 best=0.8873
           router_load=[0.5647234320640564, 0.3818607032299042, 0.004045725800096989, 0.04937012866139412]
[step 0720/1000] method=ours loss=0.0012 train_acc=0.9741 train_loss=0.0831 val_acc=0.8848 val_loss=0.4882 router_H=0.6797 best=0.8873
           router_load=[0.5647234320640564, 0.3818607032299042, 0.004045725800096989, 0.04937012866139412]
[step 0730/1000] method=ours loss=0.5710 train_acc=0.9741 train_loss=0.0831 val_acc=0.8848 val_loss=0.4882 router_H=0.6797 best=0.8873
           router_load=[0.5647234320640564, 0.3818607032299042, 0.004045725800096989, 0.04937012866139412]
[step 0740/1000] method=ours loss=0.2718 train_acc=0.9741 train_loss=0.0831 val_acc=0.8848 val_loss=0.4882 router_H=0.6797 best=0.8873
           router_load=[0.5647234320640564, 0.3818607032299042, 0.004045725800096989, 0.04937012866139412]
[step 0750/1000] method=ours loss=0.0057 train_acc=0.9774 train_loss=0.1045 val_acc=0.8897 val_loss=0.6314 router_H=0.6650 best=0.8897
           router_load=[0.5777684450149536, 0.19697292149066925, 0.13750030100345612, 0.08775836229324341]
[step 0760/1000] method=ours loss=0.0013 train_acc=0.9774 train_loss=0.1045 val_acc=0.8897 val_loss=0.6314 router_H=0.6650 best=0.8897
           router_load=[0.5777684450149536, 0.19697292149066925, 0.13750030100345612, 0.08775836229324341]
[step 0770/1000] method=ours loss=0.0017 train_acc=0.9774 train_loss=0.1045 val_acc=0.8897 val_loss=0.6314 router_H=0.6650 best=0.8897
           router_load=[0.5777684450149536, 0.19697292149066925, 0.13750030100345612, 0.08775836229324341]
[step 0780/1000] method=ours loss=0.1033 train_acc=0.9774 train_loss=0.1045 val_acc=0.8897 val_loss=0.6314 router_H=0.6650 best=0.8897
           router_load=[0.5777684450149536, 0.19697292149066925, 0.13750030100345612, 0.08775836229324341]
[step 0790/1000] method=ours loss=0.6961 train_acc=0.9774 train_loss=0.1045 val_acc=0.8897 val_loss=0.6314 router_H=0.6650 best=0.8897
           router_load=[0.5777684450149536, 0.19697292149066925, 0.13750030100345612, 0.08775836229324341]
[step 0800/1000] method=ours loss=0.2182 train_acc=0.9512 train_loss=0.2056 val_acc=0.8358 val_loss=0.8673 router_H=0.6549 best=0.8897
           router_load=[0.5724700689315796, 0.30932724475860596, 0.004981017205864191, 0.11322160810232162]
[step 0810/1000] method=ours loss=0.3574 train_acc=0.9512 train_loss=0.2056 val_acc=0.8358 val_loss=0.8673 router_H=0.6549 best=0.8897
           router_load=[0.5724700689315796, 0.30932724475860596, 0.004981017205864191, 0.11322160810232162]
[step 0820/1000] method=ours loss=0.0316 train_acc=0.9512 train_loss=0.2056 val_acc=0.8358 val_loss=0.8673 router_H=0.6549 best=0.8897
           router_load=[0.5724700689315796, 0.30932724475860596, 0.004981017205864191, 0.11322160810232162]
[step 0830/1000] method=ours loss=0.0008 train_acc=0.9512 train_loss=0.2056 val_acc=0.8358 val_loss=0.8673 router_H=0.6549 best=0.8897
           router_load=[0.5724700689315796, 0.30932724475860596, 0.004981017205864191, 0.11322160810232162]
[step 0840/1000] method=ours loss=0.0473 train_acc=0.9512 train_loss=0.2056 val_acc=0.8358 val_loss=0.8673 router_H=0.6549 best=0.8897
           router_load=[0.5724700689315796, 0.30932724475860596, 0.004981017205864191, 0.11322160810232162]
[step 0850/1000] method=ours loss=0.0867 train_acc=0.9553 train_loss=0.2421 val_acc=0.8431 val_loss=1.1913 router_H=0.6757 best=0.8897
           router_load=[0.286186546087265, 0.4411451816558838, 0.10311397910118103, 0.16955433785915375]
[step 0860/1000] method=ours loss=0.0123 train_acc=0.9553 train_loss=0.2421 val_acc=0.8431 val_loss=1.1913 router_H=0.6757 best=0.8897
           router_load=[0.286186546087265, 0.4411451816558838, 0.10311397910118103, 0.16955433785915375]
[step 0870/1000] method=ours loss=0.2729 train_acc=0.9553 train_loss=0.2421 val_acc=0.8431 val_loss=1.1913 router_H=0.6757 best=0.8897
           router_load=[0.286186546087265, 0.4411451816558838, 0.10311397910118103, 0.16955433785915375]
[step 0880/1000] method=ours loss=0.0008 train_acc=0.9553 train_loss=0.2421 val_acc=0.8431 val_loss=1.1913 router_H=0.6757 best=0.8897
           router_load=[0.286186546087265, 0.4411451816558838, 0.10311397910118103, 0.16955433785915375]
[step 0890/1000] method=ours loss=0.0327 train_acc=0.9553 train_loss=0.2421 val_acc=0.8431 val_loss=1.1913 router_H=0.6757 best=0.8897
           router_load=[0.286186546087265, 0.4411451816558838, 0.10311397910118103, 0.16955433785915375]
[step 0900/1000] method=ours loss=0.2347 train_acc=0.9896 train_loss=0.0425 val_acc=0.8897 val_loss=0.5811 router_H=0.6705 best=0.8897
           router_load=[0.3364500105381012, 0.4034743309020996, 0.0, 0.26007574796676636]
[step 0910/1000] method=ours loss=0.5798 train_acc=0.9896 train_loss=0.0425 val_acc=0.8897 val_loss=0.5811 router_H=0.6705 best=0.8897
           router_load=[0.3364500105381012, 0.4034743309020996, 0.0, 0.26007574796676636]
[step 0920/1000] method=ours loss=0.0004 train_acc=0.9896 train_loss=0.0425 val_acc=0.8897 val_loss=0.5811 router_H=0.6705 best=0.8897
           router_load=[0.3364500105381012, 0.4034743309020996, 0.0, 0.26007574796676636]
[step 0930/1000] method=ours loss=0.0045 train_acc=0.9896 train_loss=0.0425 val_acc=0.8897 val_loss=0.5811 router_H=0.6705 best=0.8897
           router_load=[0.3364500105381012, 0.4034743309020996, 0.0, 0.26007574796676636]
[step 0940/1000] method=ours loss=0.5544 train_acc=0.9896 train_loss=0.0425 val_acc=0.8897 val_loss=0.5811 router_H=0.6705 best=0.8897
           router_load=[0.3364500105381012, 0.4034743309020996, 0.0, 0.26007574796676636]
[step 0950/1000] method=ours loss=0.0013 train_acc=0.9853 train_loss=0.0627 val_acc=0.8873 val_loss=0.7777 router_H=0.6721 best=0.8897
           router_load=[0.3297586143016815, 0.37685468792915344, 0.0009820509003475308, 0.29240474104881287]
[step 0960/1000] method=ours loss=0.0013 train_acc=0.9853 train_loss=0.0627 val_acc=0.8873 val_loss=0.7777 router_H=0.6721 best=0.8897
           router_load=[0.3297586143016815, 0.37685468792915344, 0.0009820509003475308, 0.29240474104881287]
[step 0970/1000] method=ours loss=0.0020 train_acc=0.9853 train_loss=0.0627 val_acc=0.8873 val_loss=0.7777 router_H=0.6721 best=0.8897
           router_load=[0.3297586143016815, 0.37685468792915344, 0.0009820509003475308, 0.29240474104881287]
[step 0980/1000] method=ours loss=0.0677 train_acc=0.9853 train_loss=0.0627 val_acc=0.8873 val_loss=0.7777 router_H=0.6721 best=0.8897
           router_load=[0.3297586143016815, 0.37685468792915344, 0.0009820509003475308, 0.29240474104881287]
[step 0990/1000] method=ours loss=0.9280 train_acc=0.9853 train_loss=0.0627 val_acc=0.8873 val_loss=0.7777 router_H=0.6721 best=0.8897
           router_load=[0.3297586143016815, 0.37685468792915344, 0.0009820509003475308, 0.29240474104881287]
[step 1000/1000] method=ours loss=0.0009 train_acc=0.9902 train_loss=0.0499 val_acc=0.8824 val_loss=0.8052 router_H=0.6688 best=0.8897
           router_load=[0.34279483556747437, 0.11160285025835037, 0.12114175409078598, 0.4244605302810669]
saved summary -> /home/zhujjing/MOE-grad-conflict-routing/runs/paper_suite/single_gpu/single_task/roberta_mrpc_lora_e4_k2/final/ours_s2.json
saved curve -> /home/zhujjing/MOE-grad-conflict-routing/runs/paper_suite/single_gpu/single_task/roberta_mrpc_lora_e4_k2/final/ours_s2_curve.csv
