[run] method=baseline candidate=coord_03_train_grad_clip_009 seed=2 steps=150 gpu=0
[run] cmd=
/home/zhujjing/anaconda3/envs/moe/bin/python /home/zhujjing/MOE-grad-conflict-routing/scripts/run.py --config configs/singletask_rte_real.yaml --set model.backbone_backend=hf --set model.hf_load_pretrained=true --set model.backbone=roberta --set model.hf_pretrained_name=roberta-base --set model.expert_type=ffn --set model.routing_mode=topk --set model.num_experts=4 --set model.top_k=2 --set seed=2 --set method.name=baseline_avg --set train.steps=150 --set train.eval_every_steps=50 --set train.grad_clip=1.511233607 --set train.lr=2.555178414e-05 --set train.weight_decay=0.01108226147 --out /home/zhujjing/MOE-grad-conflict-routing/runs/paper_suite/single_gpu/single_task/roberta_rte_ffn_e4_k2/hpo/baseline/trial_runs/coord_03_train_grad_clip_009/baseline_s2.json --curve_out /home/zhujjing/MOE-grad-conflict-routing/runs/paper_suite/single_gpu/single_task/roberta_rte_ffn_e4_k2/hpo/baseline/trial_runs/coord_03_train_grad_clip_009/baseline_s2_curve.csv
Using the latest cached version of the dataset since glue couldn't be found on the Hugging Face Hub (offline mode is enabled).
Found the latest cached dataset configuration 'rte' at /home/zhujjing/hf_cache/datasets/glue/rte/0.0.0/bcdcba79d07bc864c1c254ccfcedcce55bcc9a8c (last modified on Thu Mar 19 15:00:36 2026).
/home/zhujjing/anaconda3/envs/moe/lib/python3.10/site-packages/transformers/utils/hub.py:124: FutureWarning: Using `TRANSFORMERS_CACHE` is deprecated and will be removed in v5 of Transformers. Use `HF_HOME` instead.
  warnings.warn(
Some weights of RobertaModel were not initialized from the model checkpoint at roberta-base and are newly initialized: ['roberta.pooler.dense.bias', 'roberta.pooler.dense.weight']
You should probably TRAIN this model on a down-stream task to be able to use it for predictions and inference.
[step 0001/150] method=baseline_avg loss=0.7048 train_acc=nan train_loss=nan val_acc=nan val_loss=nan best=-1.0000
[step 0010/150] method=baseline_avg loss=0.7383 train_acc=nan train_loss=nan val_acc=nan val_loss=nan best=-1.0000
[step 0020/150] method=baseline_avg loss=0.6843 train_acc=nan train_loss=nan val_acc=nan val_loss=nan best=-1.0000
[step 0030/150] method=baseline_avg loss=0.7048 train_acc=nan train_loss=nan val_acc=nan val_loss=nan best=-1.0000
[step 0040/150] method=baseline_avg loss=0.7006 train_acc=nan train_loss=nan val_acc=nan val_loss=nan best=-1.0000
[step 0050/150] method=baseline_avg loss=0.6422 train_acc=0.5016 train_loss=0.6917 val_acc=0.5271 val_loss=0.6867 router_H=0.6925 best=0.5271
           router_load=[0.5039974451065063, 0.0, 0.0, 0.49600252509117126]
[step 0060/150] method=baseline_avg loss=0.6899 train_acc=0.5016 train_loss=0.6917 val_acc=0.5271 val_loss=0.6867 router_H=0.6925 best=0.5271
           router_load=[0.5039974451065063, 0.0, 0.0, 0.49600252509117126]
[step 0070/150] method=baseline_avg loss=0.6705 train_acc=0.5016 train_loss=0.6917 val_acc=0.5271 val_loss=0.6867 router_H=0.6925 best=0.5271
           router_load=[0.5039974451065063, 0.0, 0.0, 0.49600252509117126]
[step 0080/150] method=baseline_avg loss=0.7325 train_acc=0.5016 train_loss=0.6917 val_acc=0.5271 val_loss=0.6867 router_H=0.6925 best=0.5271
           router_load=[0.5039974451065063, 0.0, 0.0, 0.49600252509117126]
[step 0090/150] method=baseline_avg loss=0.8705 train_acc=0.5016 train_loss=0.6917 val_acc=0.5271 val_loss=0.6867 router_H=0.6925 best=0.5271
           router_load=[0.5039974451065063, 0.0, 0.0, 0.49600252509117126]
[step 0100/150] method=baseline_avg loss=0.6606 train_acc=0.6546 train_loss=0.6482 val_acc=0.6245 val_loss=0.6733 router_H=0.6898 best=0.6245
           router_load=[0.43494364619255066, 0.07533719390630722, 0.1797264814376831, 0.3099927604198456]
[step 0110/150] method=baseline_avg loss=0.6565 train_acc=0.6546 train_loss=0.6482 val_acc=0.6245 val_loss=0.6733 router_H=0.6898 best=0.6245
           router_load=[0.43494364619255066, 0.07533719390630722, 0.1797264814376831, 0.3099927604198456]
[step 0120/150] method=baseline_avg loss=0.6800 train_acc=0.6546 train_loss=0.6482 val_acc=0.6245 val_loss=0.6733 router_H=0.6898 best=0.6245
           router_load=[0.43494364619255066, 0.07533719390630722, 0.1797264814376831, 0.3099927604198456]
[step 0130/150] method=baseline_avg loss=0.6609 train_acc=0.6546 train_loss=0.6482 val_acc=0.6245 val_loss=0.6733 router_H=0.6898 best=0.6245
           router_load=[0.43494364619255066, 0.07533719390630722, 0.1797264814376831, 0.3099927604198456]
[step 0140/150] method=baseline_avg loss=0.6024 train_acc=0.6546 train_loss=0.6482 val_acc=0.6245 val_loss=0.6733 router_H=0.6898 best=0.6245
           router_load=[0.43494364619255066, 0.07533719390630722, 0.1797264814376831, 0.3099927604198456]
[step 0150/150] method=baseline_avg loss=0.6736 train_acc=0.6863 train_loss=0.6333 val_acc=0.6751 val_loss=0.6450 router_H=0.6871 best=0.6751
           router_load=[0.5364815592765808, 0.0, 0.2214621901512146, 0.24205628037452698]
saved summary -> /home/zhujjing/MOE-grad-conflict-routing/runs/paper_suite/single_gpu/single_task/roberta_rte_ffn_e4_k2/hpo/baseline/trial_runs/coord_03_train_grad_clip_009/baseline_s2.json
saved curve -> /home/zhujjing/MOE-grad-conflict-routing/runs/paper_suite/single_gpu/single_task/roberta_rte_ffn_e4_k2/hpo/baseline/trial_runs/coord_03_train_grad_clip_009/baseline_s2_curve.csv
