[run] method=baseline candidate=coord_03_train_grad_clip_030 seed=2 steps=150 gpu=0
[run] cmd=
/home/zhujjing/anaconda3/envs/moe/bin/python /home/zhujjing/MOE-grad-conflict-routing/scripts/run.py --config configs/singletask_rte_real.yaml --set model.backbone_backend=hf --set model.hf_load_pretrained=true --set model.backbone=roberta --set model.hf_pretrained_name=roberta-base --set model.expert_type=ffn --set model.routing_mode=topk --set model.num_experts=4 --set model.top_k=2 --set seed=2 --set method.name=baseline_avg --set train.steps=150 --set train.eval_every_steps=50 --set train.grad_clip=1.8410066 --set train.lr=2.555178414e-05 --set train.weight_decay=0.01108226147 --out /home/zhujjing/MOE-grad-conflict-routing/runs/paper_suite/single_gpu/single_task/roberta_rte_ffn_e4_k2/hpo/baseline/trial_runs/coord_03_train_grad_clip_030/baseline_s2.json --curve_out /home/zhujjing/MOE-grad-conflict-routing/runs/paper_suite/single_gpu/single_task/roberta_rte_ffn_e4_k2/hpo/baseline/trial_runs/coord_03_train_grad_clip_030/baseline_s2_curve.csv
Using the latest cached version of the dataset since glue couldn't be found on the Hugging Face Hub (offline mode is enabled).
Found the latest cached dataset configuration 'rte' at /home/zhujjing/hf_cache/datasets/glue/rte/0.0.0/bcdcba79d07bc864c1c254ccfcedcce55bcc9a8c (last modified on Thu Mar 19 15:00:36 2026).
/home/zhujjing/anaconda3/envs/moe/lib/python3.10/site-packages/transformers/utils/hub.py:124: FutureWarning: Using `TRANSFORMERS_CACHE` is deprecated and will be removed in v5 of Transformers. Use `HF_HOME` instead.
  warnings.warn(
Some weights of RobertaModel were not initialized from the model checkpoint at roberta-base and are newly initialized: ['roberta.pooler.dense.bias', 'roberta.pooler.dense.weight']
You should probably TRAIN this model on a down-stream task to be able to use it for predictions and inference.
[step 0001/150] method=baseline_avg loss=0.6929 train_acc=nan train_loss=nan val_acc=nan val_loss=nan best=-1.0000
[step 0010/150] method=baseline_avg loss=0.7706 train_acc=nan train_loss=nan val_acc=nan val_loss=nan best=-1.0000
[step 0020/150] method=baseline_avg loss=0.6876 train_acc=nan train_loss=nan val_acc=nan val_loss=nan best=-1.0000
[step 0030/150] method=baseline_avg loss=0.6964 train_acc=nan train_loss=nan val_acc=nan val_loss=nan best=-1.0000
[step 0040/150] method=baseline_avg loss=0.7148 train_acc=nan train_loss=nan val_acc=nan val_loss=nan best=-1.0000
[step 0050/150] method=baseline_avg loss=0.5393 train_acc=0.5100 train_loss=0.7002 val_acc=0.5379 val_loss=0.6936 router_H=0.6193 best=0.5379
           router_load=[0.008133526891469955, 0.24884861707687378, 0.6780093908309937, 0.0650084838271141]
[step 0060/150] method=baseline_avg loss=0.6415 train_acc=0.5100 train_loss=0.7002 val_acc=0.5379 val_loss=0.6936 router_H=0.6193 best=0.5379
           router_load=[0.008133526891469955, 0.24884861707687378, 0.6780093908309937, 0.0650084838271141]
[step 0070/150] method=baseline_avg loss=0.6465 train_acc=0.5100 train_loss=0.7002 val_acc=0.5379 val_loss=0.6936 router_H=0.6193 best=0.5379
           router_load=[0.008133526891469955, 0.24884861707687378, 0.6780093908309937, 0.0650084838271141]
[step 0080/150] method=baseline_avg loss=0.6870 train_acc=0.5100 train_loss=0.7002 val_acc=0.5379 val_loss=0.6936 router_H=0.6193 best=0.5379
           router_load=[0.008133526891469955, 0.24884861707687378, 0.6780093908309937, 0.0650084838271141]
[step 0090/150] method=baseline_avg loss=0.7993 train_acc=0.5100 train_loss=0.7002 val_acc=0.5379 val_loss=0.6936 router_H=0.6193 best=0.5379
           router_load=[0.008133526891469955, 0.24884861707687378, 0.6780093908309937, 0.0650084838271141]
[step 0100/150] method=baseline_avg loss=0.6455 train_acc=0.7173 train_loss=0.6172 val_acc=0.6426 val_loss=0.6476 router_H=0.6893 best=0.6426
           router_load=[0.0, 0.3676808476448059, 0.5021287798881531, 0.13019032776355743]
[step 0110/150] method=baseline_avg loss=0.6536 train_acc=0.7173 train_loss=0.6172 val_acc=0.6426 val_loss=0.6476 router_H=0.6893 best=0.6426
           router_load=[0.0, 0.3676808476448059, 0.5021287798881531, 0.13019032776355743]
[step 0120/150] method=baseline_avg loss=0.5684 train_acc=0.7173 train_loss=0.6172 val_acc=0.6426 val_loss=0.6476 router_H=0.6893 best=0.6426
           router_load=[0.0, 0.3676808476448059, 0.5021287798881531, 0.13019032776355743]
[step 0130/150] method=baseline_avg loss=0.6672 train_acc=0.7173 train_loss=0.6172 val_acc=0.6426 val_loss=0.6476 router_H=0.6893 best=0.6426
           router_load=[0.0, 0.3676808476448059, 0.5021287798881531, 0.13019032776355743]
[step 0140/150] method=baseline_avg loss=0.6316 train_acc=0.7173 train_loss=0.6172 val_acc=0.6426 val_loss=0.6476 router_H=0.6893 best=0.6426
           router_load=[0.0, 0.3676808476448059, 0.5021287798881531, 0.13019032776355743]
[step 0150/150] method=baseline_avg loss=0.6922 train_acc=0.7233 train_loss=0.5888 val_acc=0.6787 val_loss=0.6295 router_H=0.6332 best=0.6787
           router_load=[0.03086690790951252, 0.18237634003162384, 0.6587821245193481, 0.12797456979751587]
saved summary -> /home/zhujjing/MOE-grad-conflict-routing/runs/paper_suite/single_gpu/single_task/roberta_rte_ffn_e4_k2/hpo/baseline/trial_runs/coord_03_train_grad_clip_030/baseline_s2.json
saved curve -> /home/zhujjing/MOE-grad-conflict-routing/runs/paper_suite/single_gpu/single_task/roberta_rte_ffn_e4_k2/hpo/baseline/trial_runs/coord_03_train_grad_clip_030/baseline_s2_curve.csv
