[run] method=baseline candidate=coord_03_train_grad_clip_017 seed=2 steps=150 gpu=0
[run] cmd=
/home/zhujjing/anaconda3/envs/moe/bin/python /home/zhujjing/MOE-grad-conflict-routing/scripts/run.py --config configs/singletask_rte_real.yaml --set model.backbone_backend=hf --set model.hf_load_pretrained=true --set model.backbone=roberta --set model.hf_pretrained_name=roberta-base --set model.expert_type=ffn --set model.routing_mode=topk --set model.num_experts=4 --set model.top_k=2 --set seed=2 --set method.name=baseline_avg --set train.steps=150 --set train.eval_every_steps=50 --set train.grad_clip=1.630855408 --set train.lr=2.555178414e-05 --set train.weight_decay=0.01108226147 --out /home/zhujjing/MOE-grad-conflict-routing/runs/paper_suite/single_gpu/single_task/roberta_rte_ffn_e4_k2/hpo/baseline/trial_runs/coord_03_train_grad_clip_017/baseline_s2.json --curve_out /home/zhujjing/MOE-grad-conflict-routing/runs/paper_suite/single_gpu/single_task/roberta_rte_ffn_e4_k2/hpo/baseline/trial_runs/coord_03_train_grad_clip_017/baseline_s2_curve.csv
Using the latest cached version of the dataset since glue couldn't be found on the Hugging Face Hub (offline mode is enabled).
Found the latest cached dataset configuration 'rte' at /home/zhujjing/hf_cache/datasets/glue/rte/0.0.0/bcdcba79d07bc864c1c254ccfcedcce55bcc9a8c (last modified on Thu Mar 19 15:00:36 2026).
/home/zhujjing/anaconda3/envs/moe/lib/python3.10/site-packages/transformers/utils/hub.py:124: FutureWarning: Using `TRANSFORMERS_CACHE` is deprecated and will be removed in v5 of Transformers. Use `HF_HOME` instead.
  warnings.warn(
Some weights of RobertaModel were not initialized from the model checkpoint at roberta-base and are newly initialized: ['roberta.pooler.dense.bias', 'roberta.pooler.dense.weight']
You should probably TRAIN this model on a down-stream task to be able to use it for predictions and inference.
[step 0001/150] method=baseline_avg loss=0.6971 train_acc=nan train_loss=nan val_acc=nan val_loss=nan best=-1.0000
[step 0010/150] method=baseline_avg loss=0.7601 train_acc=nan train_loss=nan val_acc=nan val_loss=nan best=-1.0000
[step 0020/150] method=baseline_avg loss=0.6808 train_acc=nan train_loss=nan val_acc=nan val_loss=nan best=-1.0000
[step 0030/150] method=baseline_avg loss=0.6926 train_acc=nan train_loss=nan val_acc=nan val_loss=nan best=-1.0000
[step 0040/150] method=baseline_avg loss=0.7062 train_acc=nan train_loss=nan val_acc=nan val_loss=nan best=-1.0000
[step 0050/150] method=baseline_avg loss=0.6331 train_acc=0.5020 train_loss=0.6781 val_acc=0.5271 val_loss=0.6779 router_H=0.6813 best=0.5271
           router_load=[0.5747267007827759, 0.0, 0.00668590422719717, 0.41858741641044617]
[step 0060/150] method=baseline_avg loss=0.6788 train_acc=0.5020 train_loss=0.6781 val_acc=0.5271 val_loss=0.6779 router_H=0.6813 best=0.5271
           router_load=[0.5747267007827759, 0.0, 0.00668590422719717, 0.41858741641044617]
[step 0070/150] method=baseline_avg loss=0.6695 train_acc=0.5020 train_loss=0.6781 val_acc=0.5271 val_loss=0.6779 router_H=0.6813 best=0.5271
           router_load=[0.5747267007827759, 0.0, 0.00668590422719717, 0.41858741641044617]
[step 0080/150] method=baseline_avg loss=0.7339 train_acc=0.5020 train_loss=0.6781 val_acc=0.5271 val_loss=0.6779 router_H=0.6813 best=0.5271
           router_load=[0.5747267007827759, 0.0, 0.00668590422719717, 0.41858741641044617]
[step 0090/150] method=baseline_avg loss=0.8211 train_acc=0.5020 train_loss=0.6781 val_acc=0.5271 val_loss=0.6779 router_H=0.6813 best=0.5271
           router_load=[0.5747267007827759, 0.0, 0.00668590422719717, 0.41858741641044617]
[step 0100/150] method=baseline_avg loss=0.6865 train_acc=0.5566 train_loss=0.6714 val_acc=0.5054 val_loss=0.7022 router_H=0.6780 best=0.5271
           router_load=[0.5711765885353088, 0.0, 0.2573434114456177, 0.17148004472255707]
[step 0110/150] method=baseline_avg loss=0.6140 train_acc=0.5566 train_loss=0.6714 val_acc=0.5054 val_loss=0.7022 router_H=0.6780 best=0.5271
           router_load=[0.5711765885353088, 0.0, 0.2573434114456177, 0.17148004472255707]
[step 0120/150] method=baseline_avg loss=0.5647 train_acc=0.5566 train_loss=0.6714 val_acc=0.5054 val_loss=0.7022 router_H=0.6780 best=0.5271
           router_load=[0.5711765885353088, 0.0, 0.2573434114456177, 0.17148004472255707]
[step 0130/150] method=baseline_avg loss=0.7237 train_acc=0.5566 train_loss=0.6714 val_acc=0.5054 val_loss=0.7022 router_H=0.6780 best=0.5271
           router_load=[0.5711765885353088, 0.0, 0.2573434114456177, 0.17148004472255707]
[step 0140/150] method=baseline_avg loss=0.6953 train_acc=0.5566 train_loss=0.6714 val_acc=0.5054 val_loss=0.7022 router_H=0.6780 best=0.5271
           router_load=[0.5711765885353088, 0.0, 0.2573434114456177, 0.17148004472255707]
[step 0150/150] method=baseline_avg loss=0.7132 train_acc=0.6900 train_loss=0.6447 val_acc=0.6101 val_loss=0.6641 router_H=0.6777 best=0.6101
           router_load=[0.4212811589241028, 0.011535809375345707, 0.556080162525177, 0.011102922260761261]
saved summary -> /home/zhujjing/MOE-grad-conflict-routing/runs/paper_suite/single_gpu/single_task/roberta_rte_ffn_e4_k2/hpo/baseline/trial_runs/coord_03_train_grad_clip_017/baseline_s2.json
saved curve -> /home/zhujjing/MOE-grad-conflict-routing/runs/paper_suite/single_gpu/single_task/roberta_rte_ffn_e4_k2/hpo/baseline/trial_runs/coord_03_train_grad_clip_017/baseline_s2_curve.csv
