[run] method=baseline candidate=coord_03_train_grad_clip_018 seed=2 steps=150 gpu=0
[run] cmd=
/home/zhujjing/anaconda3/envs/moe/bin/python /home/zhujjing/MOE-grad-conflict-routing/scripts/run.py --config configs/singletask_rte_real.yaml --set model.backbone_backend=hf --set model.hf_load_pretrained=true --set model.backbone=roberta --set model.hf_pretrained_name=roberta-base --set model.expert_type=ffn --set model.routing_mode=topk --set model.num_experts=4 --set model.top_k=2 --set seed=2 --set method.name=baseline_avg --set train.steps=150 --set train.eval_every_steps=50 --set train.grad_clip=0.6552491104 --set train.lr=2.555178414e-05 --set train.weight_decay=0.01108226147 --out /home/zhujjing/MOE-grad-conflict-routing/runs/paper_suite/single_gpu/single_task/roberta_rte_ffn_e4_k2/hpo/baseline/trial_runs/coord_03_train_grad_clip_018/baseline_s2.json --curve_out /home/zhujjing/MOE-grad-conflict-routing/runs/paper_suite/single_gpu/single_task/roberta_rte_ffn_e4_k2/hpo/baseline/trial_runs/coord_03_train_grad_clip_018/baseline_s2_curve.csv
Using the latest cached version of the dataset since glue couldn't be found on the Hugging Face Hub (offline mode is enabled).
Found the latest cached dataset configuration 'rte' at /home/zhujjing/hf_cache/datasets/glue/rte/0.0.0/bcdcba79d07bc864c1c254ccfcedcce55bcc9a8c (last modified on Thu Mar 19 15:00:36 2026).
/home/zhujjing/anaconda3/envs/moe/lib/python3.10/site-packages/transformers/utils/hub.py:124: FutureWarning: Using `TRANSFORMERS_CACHE` is deprecated and will be removed in v5 of Transformers. Use `HF_HOME` instead.
  warnings.warn(
Some weights of RobertaModel were not initialized from the model checkpoint at roberta-base and are newly initialized: ['roberta.pooler.dense.bias', 'roberta.pooler.dense.weight']
You should probably TRAIN this model on a down-stream task to be able to use it for predictions and inference.
[step 0001/150] method=baseline_avg loss=0.6921 train_acc=nan train_loss=nan val_acc=nan val_loss=nan best=-1.0000
[step 0010/150] method=baseline_avg loss=0.7711 train_acc=nan train_loss=nan val_acc=nan val_loss=nan best=-1.0000
[step 0020/150] method=baseline_avg loss=0.6822 train_acc=nan train_loss=nan val_acc=nan val_loss=nan best=-1.0000
[step 0030/150] method=baseline_avg loss=0.6901 train_acc=nan train_loss=nan val_acc=nan val_loss=nan best=-1.0000
[step 0040/150] method=baseline_avg loss=0.7182 train_acc=nan train_loss=nan val_acc=nan val_loss=nan best=-1.0000
[step 0050/150] method=baseline_avg loss=0.5437 train_acc=0.5092 train_loss=0.6824 val_acc=0.5235 val_loss=0.6630 router_H=0.6848 best=0.5235
           router_load=[0.5589949488639832, 0.0067770276218652725, 0.42985865473747253, 0.004369343165308237]
[step 0060/150] method=baseline_avg loss=0.6885 train_acc=0.5092 train_loss=0.6824 val_acc=0.5235 val_loss=0.6630 router_H=0.6848 best=0.5235
           router_load=[0.5589949488639832, 0.0067770276218652725, 0.42985865473747253, 0.004369343165308237]
[step 0070/150] method=baseline_avg loss=0.6759 train_acc=0.5092 train_loss=0.6824 val_acc=0.5235 val_loss=0.6630 router_H=0.6848 best=0.5235
           router_load=[0.5589949488639832, 0.0067770276218652725, 0.42985865473747253, 0.004369343165308237]
[step 0080/150] method=baseline_avg loss=0.6969 train_acc=0.5092 train_loss=0.6824 val_acc=0.5235 val_loss=0.6630 router_H=0.6848 best=0.5235
           router_load=[0.5589949488639832, 0.0067770276218652725, 0.42985865473747253, 0.004369343165308237]
[step 0090/150] method=baseline_avg loss=0.7578 train_acc=0.5092 train_loss=0.6824 val_acc=0.5235 val_loss=0.6630 router_H=0.6848 best=0.5235
           router_load=[0.5589949488639832, 0.0067770276218652725, 0.42985865473747253, 0.004369343165308237]
[step 0100/150] method=baseline_avg loss=0.6878 train_acc=0.5871 train_loss=0.6657 val_acc=0.5812 val_loss=0.6786 router_H=0.6841 best=0.5812
           router_load=[0.565589964389801, 0.0, 0.43441006541252136, 0.0]
[step 0110/150] method=baseline_avg loss=0.6500 train_acc=0.5871 train_loss=0.6657 val_acc=0.5812 val_loss=0.6786 router_H=0.6841 best=0.5812
           router_load=[0.565589964389801, 0.0, 0.43441006541252136, 0.0]
[step 0120/150] method=baseline_avg loss=0.5859 train_acc=0.5871 train_loss=0.6657 val_acc=0.5812 val_loss=0.6786 router_H=0.6841 best=0.5812
           router_load=[0.565589964389801, 0.0, 0.43441006541252136, 0.0]
[step 0130/150] method=baseline_avg loss=0.7115 train_acc=0.5871 train_loss=0.6657 val_acc=0.5812 val_loss=0.6786 router_H=0.6841 best=0.5812
           router_load=[0.565589964389801, 0.0, 0.43441006541252136, 0.0]
[step 0140/150] method=baseline_avg loss=0.6703 train_acc=0.5871 train_loss=0.6657 val_acc=0.5812 val_loss=0.6786 router_H=0.6841 best=0.5812
           router_load=[0.565589964389801, 0.0, 0.43441006541252136, 0.0]
[step 0150/150] method=baseline_avg loss=0.5741 train_acc=0.6847 train_loss=0.6342 val_acc=0.6715 val_loss=0.6433 router_H=0.6879 best=0.6715
           router_load=[0.5485553741455078, 0.0, 0.4514446258544922, 0.0]
saved summary -> /home/zhujjing/MOE-grad-conflict-routing/runs/paper_suite/single_gpu/single_task/roberta_rte_ffn_e4_k2/hpo/baseline/trial_runs/coord_03_train_grad_clip_018/baseline_s2.json
saved curve -> /home/zhujjing/MOE-grad-conflict-routing/runs/paper_suite/single_gpu/single_task/roberta_rte_ffn_e4_k2/hpo/baseline/trial_runs/coord_03_train_grad_clip_018/baseline_s2_curve.csv
