[run] method=baseline candidate=coord_03_train_grad_clip_025 seed=3 steps=150 gpu=0
[run] cmd=
/home/zhujjing/anaconda3/envs/moe/bin/python /home/zhujjing/MOE-grad-conflict-routing/scripts/run.py --config configs/singletask_rte_real.yaml --set model.backbone_backend=hf --set model.hf_load_pretrained=true --set model.backbone=roberta --set model.hf_pretrained_name=roberta-base --set model.expert_type=ffn --set model.routing_mode=topk --set model.num_experts=4 --set model.top_k=2 --set seed=3 --set method.name=baseline_avg --set train.steps=150 --set train.eval_every_steps=50 --set train.grad_clip=1.451336364 --set train.lr=2.555178414e-05 --set train.weight_decay=0.01108226147 --out /home/zhujjing/MOE-grad-conflict-routing/runs/paper_suite/single_gpu/single_task/roberta_rte_ffn_e4_k2/hpo/baseline/trial_runs/coord_03_train_grad_clip_025/baseline_s3.json --curve_out /home/zhujjing/MOE-grad-conflict-routing/runs/paper_suite/single_gpu/single_task/roberta_rte_ffn_e4_k2/hpo/baseline/trial_runs/coord_03_train_grad_clip_025/baseline_s3_curve.csv
Using the latest cached version of the dataset since glue couldn't be found on the Hugging Face Hub (offline mode is enabled).
Found the latest cached dataset configuration 'rte' at /home/zhujjing/hf_cache/datasets/glue/rte/0.0.0/bcdcba79d07bc864c1c254ccfcedcce55bcc9a8c (last modified on Thu Mar 19 15:00:36 2026).
/home/zhujjing/anaconda3/envs/moe/lib/python3.10/site-packages/transformers/utils/hub.py:124: FutureWarning: Using `TRANSFORMERS_CACHE` is deprecated and will be removed in v5 of Transformers. Use `HF_HOME` instead.
  warnings.warn(
Some weights of RobertaModel were not initialized from the model checkpoint at roberta-base and are newly initialized: ['roberta.pooler.dense.bias', 'roberta.pooler.dense.weight']
You should probably TRAIN this model on a down-stream task to be able to use it for predictions and inference.
[step 0001/150] method=baseline_avg loss=0.6898 train_acc=nan train_loss=nan val_acc=nan val_loss=nan best=-1.0000
[step 0010/150] method=baseline_avg loss=0.6998 train_acc=nan train_loss=nan val_acc=nan val_loss=nan best=-1.0000
[step 0020/150] method=baseline_avg loss=0.6931 train_acc=nan train_loss=nan val_acc=nan val_loss=nan best=-1.0000
[step 0030/150] method=baseline_avg loss=0.6775 train_acc=nan train_loss=nan val_acc=nan val_loss=nan best=-1.0000
[step 0040/150] method=baseline_avg loss=0.6846 train_acc=nan train_loss=nan val_acc=nan val_loss=nan best=-1.0000
[step 0050/150] method=baseline_avg loss=0.6396 train_acc=0.6233 train_loss=0.6519 val_acc=0.6065 val_loss=0.6598 router_H=0.6206 best=0.6065
           router_load=[0.30258774757385254, 0.6613531112670898, 0.03333806246519089, 0.002721016528084874]
[step 0060/150] method=baseline_avg loss=0.5981 train_acc=0.6233 train_loss=0.6519 val_acc=0.6065 val_loss=0.6598 router_H=0.6206 best=0.6065
           router_load=[0.30258774757385254, 0.6613531112670898, 0.03333806246519089, 0.002721016528084874]
[step 0070/150] method=baseline_avg loss=0.6710 train_acc=0.6233 train_loss=0.6519 val_acc=0.6065 val_loss=0.6598 router_H=0.6206 best=0.6065
           router_load=[0.30258774757385254, 0.6613531112670898, 0.03333806246519089, 0.002721016528084874]
[step 0080/150] method=baseline_avg loss=0.6309 train_acc=0.6233 train_loss=0.6519 val_acc=0.6065 val_loss=0.6598 router_H=0.6206 best=0.6065
           router_load=[0.30258774757385254, 0.6613531112670898, 0.03333806246519089, 0.002721016528084874]
[step 0090/150] method=baseline_avg loss=0.6325 train_acc=0.6233 train_loss=0.6519 val_acc=0.6065 val_loss=0.6598 router_H=0.6206 best=0.6065
           router_load=[0.30258774757385254, 0.6613531112670898, 0.03333806246519089, 0.002721016528084874]
[step 0100/150] method=baseline_avg loss=0.5495 train_acc=0.6538 train_loss=0.6423 val_acc=0.6390 val_loss=0.6486 router_H=0.5258 best=0.6390
           router_load=[0.10937786847352982, 0.761648416519165, 0.12897373735904694, 0.0]
[step 0110/150] method=baseline_avg loss=0.7562 train_acc=0.6538 train_loss=0.6423 val_acc=0.6390 val_loss=0.6486 router_H=0.5258 best=0.6390
           router_load=[0.10937786847352982, 0.761648416519165, 0.12897373735904694, 0.0]
[step 0120/150] method=baseline_avg loss=0.6771 train_acc=0.6538 train_loss=0.6423 val_acc=0.6390 val_loss=0.6486 router_H=0.5258 best=0.6390
           router_load=[0.10937786847352982, 0.761648416519165, 0.12897373735904694, 0.0]
[step 0130/150] method=baseline_avg loss=0.6412 train_acc=0.6538 train_loss=0.6423 val_acc=0.6390 val_loss=0.6486 router_H=0.5258 best=0.6390
           router_load=[0.10937786847352982, 0.761648416519165, 0.12897373735904694, 0.0]
[step 0140/150] method=baseline_avg loss=0.6379 train_acc=0.6538 train_loss=0.6423 val_acc=0.6390 val_loss=0.6486 router_H=0.5258 best=0.6390
           router_load=[0.10937786847352982, 0.761648416519165, 0.12897373735904694, 0.0]
[step 0150/150] method=baseline_avg loss=0.6209 train_acc=0.7185 train_loss=0.5881 val_acc=0.6643 val_loss=0.6253 router_H=0.6664 best=0.6643
           router_load=[0.13383103907108307, 0.5698792934417725, 0.2727575898170471, 0.023531978949904442]
saved summary -> /home/zhujjing/MOE-grad-conflict-routing/runs/paper_suite/single_gpu/single_task/roberta_rte_ffn_e4_k2/hpo/baseline/trial_runs/coord_03_train_grad_clip_025/baseline_s3.json
saved curve -> /home/zhujjing/MOE-grad-conflict-routing/runs/paper_suite/single_gpu/single_task/roberta_rte_ffn_e4_k2/hpo/baseline/trial_runs/coord_03_train_grad_clip_025/baseline_s3_curve.csv
