[run] method=baseline candidate=coord_03_train_grad_clip_022 seed=3 steps=150 gpu=0
[run] cmd=
/home/zhujjing/anaconda3/envs/moe/bin/python /home/zhujjing/MOE-grad-conflict-routing/scripts/run.py --config configs/singletask_rte_real.yaml --set model.backbone_backend=hf --set model.hf_load_pretrained=true --set model.backbone=roberta --set model.hf_pretrained_name=roberta-base --set model.expert_type=ffn --set model.routing_mode=topk --set model.num_experts=4 --set model.top_k=2 --set seed=3 --set method.name=baseline_avg --set train.steps=150 --set train.eval_every_steps=50 --set train.grad_clip=1.893864488 --set train.lr=2.555178414e-05 --set train.weight_decay=0.01108226147 --out /home/zhujjing/MOE-grad-conflict-routing/runs/paper_suite/single_gpu/single_task/roberta_rte_ffn_e4_k2/hpo/baseline/trial_runs/coord_03_train_grad_clip_022/baseline_s3.json --curve_out /home/zhujjing/MOE-grad-conflict-routing/runs/paper_suite/single_gpu/single_task/roberta_rte_ffn_e4_k2/hpo/baseline/trial_runs/coord_03_train_grad_clip_022/baseline_s3_curve.csv
Using the latest cached version of the dataset since glue couldn't be found on the Hugging Face Hub (offline mode is enabled).
Found the latest cached dataset configuration 'rte' at /home/zhujjing/hf_cache/datasets/glue/rte/0.0.0/bcdcba79d07bc864c1c254ccfcedcce55bcc9a8c (last modified on Thu Mar 19 15:00:36 2026).
/home/zhujjing/anaconda3/envs/moe/lib/python3.10/site-packages/transformers/utils/hub.py:124: FutureWarning: Using `TRANSFORMERS_CACHE` is deprecated and will be removed in v5 of Transformers. Use `HF_HOME` instead.
  warnings.warn(
Some weights of RobertaModel were not initialized from the model checkpoint at roberta-base and are newly initialized: ['roberta.pooler.dense.bias', 'roberta.pooler.dense.weight']
You should probably TRAIN this model on a down-stream task to be able to use it for predictions and inference.
[step 0001/150] method=baseline_avg loss=0.6954 train_acc=nan train_loss=nan val_acc=nan val_loss=nan best=-1.0000
[step 0010/150] method=baseline_avg loss=0.6997 train_acc=nan train_loss=nan val_acc=nan val_loss=nan best=-1.0000
[step 0020/150] method=baseline_avg loss=0.6937 train_acc=nan train_loss=nan val_acc=nan val_loss=nan best=-1.0000
[step 0030/150] method=baseline_avg loss=0.6935 train_acc=nan train_loss=nan val_acc=nan val_loss=nan best=-1.0000
[step 0040/150] method=baseline_avg loss=0.6702 train_acc=nan train_loss=nan val_acc=nan val_loss=nan best=-1.0000
[step 0050/150] method=baseline_avg loss=0.6024 train_acc=0.6305 train_loss=0.6452 val_acc=0.6209 val_loss=0.6527 router_H=0.6916 best=0.6209
           router_load=[0.2978903353214264, 0.0015986636281013489, 0.4714509844779968, 0.22905999422073364]
[step 0060/150] method=baseline_avg loss=0.7453 train_acc=0.6305 train_loss=0.6452 val_acc=0.6209 val_loss=0.6527 router_H=0.6916 best=0.6209
           router_load=[0.2978903353214264, 0.0015986636281013489, 0.4714509844779968, 0.22905999422073364]
[step 0070/150] method=baseline_avg loss=0.7219 train_acc=0.6305 train_loss=0.6452 val_acc=0.6209 val_loss=0.6527 router_H=0.6916 best=0.6209
           router_load=[0.2978903353214264, 0.0015986636281013489, 0.4714509844779968, 0.22905999422073364]
[step 0080/150] method=baseline_avg loss=0.6389 train_acc=0.6305 train_loss=0.6452 val_acc=0.6209 val_loss=0.6527 router_H=0.6916 best=0.6209
           router_load=[0.2978903353214264, 0.0015986636281013489, 0.4714509844779968, 0.22905999422073364]
[step 0090/150] method=baseline_avg loss=0.6278 train_acc=0.6305 train_loss=0.6452 val_acc=0.6209 val_loss=0.6527 router_H=0.6916 best=0.6209
           router_load=[0.2978903353214264, 0.0015986636281013489, 0.4714509844779968, 0.22905999422073364]
[step 0100/150] method=baseline_avg loss=0.9318 train_acc=0.7201 train_loss=0.5749 val_acc=0.6895 val_loss=0.6243 router_H=0.6913 best=0.6895
           router_load=[0.5084649920463562, 0.0, 0.4915350079536438, 0.0]
[step 0110/150] method=baseline_avg loss=0.4950 train_acc=0.7201 train_loss=0.5749 val_acc=0.6895 val_loss=0.6243 router_H=0.6913 best=0.6895
           router_load=[0.5084649920463562, 0.0, 0.4915350079536438, 0.0]
[step 0120/150] method=baseline_avg loss=0.6453 train_acc=0.7201 train_loss=0.5749 val_acc=0.6895 val_loss=0.6243 router_H=0.6913 best=0.6895
           router_load=[0.5084649920463562, 0.0, 0.4915350079536438, 0.0]
[step 0130/150] method=baseline_avg loss=0.6253 train_acc=0.7201 train_loss=0.5749 val_acc=0.6895 val_loss=0.6243 router_H=0.6913 best=0.6895
           router_load=[0.5084649920463562, 0.0, 0.4915350079536438, 0.0]
[step 0140/150] method=baseline_avg loss=0.6399 train_acc=0.7201 train_loss=0.5749 val_acc=0.6895 val_loss=0.6243 router_H=0.6913 best=0.6895
           router_load=[0.5084649920463562, 0.0, 0.4915350079536438, 0.0]
[step 0150/150] method=baseline_avg loss=0.5503 train_acc=0.7277 train_loss=0.5698 val_acc=0.6859 val_loss=0.6118 router_H=0.6908 best=0.6895
           router_load=[0.5296525955200195, 0.0, 0.47034743428230286, 0.0]
saved summary -> /home/zhujjing/MOE-grad-conflict-routing/runs/paper_suite/single_gpu/single_task/roberta_rte_ffn_e4_k2/hpo/baseline/trial_runs/coord_03_train_grad_clip_022/baseline_s3.json
saved curve -> /home/zhujjing/MOE-grad-conflict-routing/runs/paper_suite/single_gpu/single_task/roberta_rte_ffn_e4_k2/hpo/baseline/trial_runs/coord_03_train_grad_clip_022/baseline_s3_curve.csv
