[run] method=baseline candidate=coord_03_train_grad_clip_017 seed=3 steps=150 gpu=0
[run] cmd=
/home/zhujjing/anaconda3/envs/moe/bin/python /home/zhujjing/MOE-grad-conflict-routing/scripts/run.py --config configs/singletask_rte_real.yaml --set model.backbone_backend=hf --set model.hf_load_pretrained=true --set model.backbone=roberta --set model.hf_pretrained_name=roberta-base --set model.expert_type=ffn --set model.routing_mode=topk --set model.num_experts=4 --set model.top_k=2 --set seed=3 --set method.name=baseline_avg --set train.steps=150 --set train.eval_every_steps=50 --set train.grad_clip=1.630855408 --set train.lr=2.555178414e-05 --set train.weight_decay=0.01108226147 --out /home/zhujjing/MOE-grad-conflict-routing/runs/paper_suite/single_gpu/single_task/roberta_rte_ffn_e4_k2/hpo/baseline/trial_runs/coord_03_train_grad_clip_017/baseline_s3.json --curve_out /home/zhujjing/MOE-grad-conflict-routing/runs/paper_suite/single_gpu/single_task/roberta_rte_ffn_e4_k2/hpo/baseline/trial_runs/coord_03_train_grad_clip_017/baseline_s3_curve.csv
Using the latest cached version of the dataset since glue couldn't be found on the Hugging Face Hub (offline mode is enabled).
Found the latest cached dataset configuration 'rte' at /home/zhujjing/hf_cache/datasets/glue/rte/0.0.0/bcdcba79d07bc864c1c254ccfcedcce55bcc9a8c (last modified on Thu Mar 19 15:00:36 2026).
/home/zhujjing/anaconda3/envs/moe/lib/python3.10/site-packages/transformers/utils/hub.py:124: FutureWarning: Using `TRANSFORMERS_CACHE` is deprecated and will be removed in v5 of Transformers. Use `HF_HOME` instead.
  warnings.warn(
Some weights of RobertaModel were not initialized from the model checkpoint at roberta-base and are newly initialized: ['roberta.pooler.dense.bias', 'roberta.pooler.dense.weight']
You should probably TRAIN this model on a down-stream task to be able to use it for predictions and inference.
[step 0001/150] method=baseline_avg loss=0.6925 train_acc=nan train_loss=nan val_acc=nan val_loss=nan best=-1.0000
[step 0010/150] method=baseline_avg loss=0.6980 train_acc=nan train_loss=nan val_acc=nan val_loss=nan best=-1.0000
[step 0020/150] method=baseline_avg loss=0.6891 train_acc=nan train_loss=nan val_acc=nan val_loss=nan best=-1.0000
[step 0030/150] method=baseline_avg loss=0.6942 train_acc=nan train_loss=nan val_acc=nan val_loss=nan best=-1.0000
[step 0040/150] method=baseline_avg loss=0.6794 train_acc=nan train_loss=nan val_acc=nan val_loss=nan best=-1.0000
[step 0050/150] method=baseline_avg loss=0.6694 train_acc=0.6390 train_loss=0.6560 val_acc=0.6029 val_loss=0.6645 router_H=0.6564 best=0.6029
           router_load=[0.0, 0.010588913224637508, 0.6270900368690491, 0.36232104897499084]
[step 0060/150] method=baseline_avg loss=0.6194 train_acc=0.6390 train_loss=0.6560 val_acc=0.6029 val_loss=0.6645 router_H=0.6564 best=0.6029
           router_load=[0.0, 0.010588913224637508, 0.6270900368690491, 0.36232104897499084]
[step 0070/150] method=baseline_avg loss=0.7089 train_acc=0.6390 train_loss=0.6560 val_acc=0.6029 val_loss=0.6645 router_H=0.6564 best=0.6029
           router_load=[0.0, 0.010588913224637508, 0.6270900368690491, 0.36232104897499084]
[step 0080/150] method=baseline_avg loss=0.6674 train_acc=0.6390 train_loss=0.6560 val_acc=0.6029 val_loss=0.6645 router_H=0.6564 best=0.6029
           router_load=[0.0, 0.010588913224637508, 0.6270900368690491, 0.36232104897499084]
[step 0090/150] method=baseline_avg loss=0.6194 train_acc=0.6390 train_loss=0.6560 val_acc=0.6029 val_loss=0.6645 router_H=0.6564 best=0.6029
           router_load=[0.0, 0.010588913224637508, 0.6270900368690491, 0.36232104897499084]
[step 0100/150] method=baseline_avg loss=0.6410 train_acc=0.6719 train_loss=0.6058 val_acc=0.6570 val_loss=0.6148 router_H=0.6259 best=0.6570
           router_load=[0.0, 0.0011698822490870953, 0.6773948073387146, 0.32143518328666687]
[step 0110/150] method=baseline_avg loss=0.5519 train_acc=0.6719 train_loss=0.6058 val_acc=0.6570 val_loss=0.6148 router_H=0.6259 best=0.6570
           router_load=[0.0, 0.0011698822490870953, 0.6773948073387146, 0.32143518328666687]
[step 0120/150] method=baseline_avg loss=0.7491 train_acc=0.6719 train_loss=0.6058 val_acc=0.6570 val_loss=0.6148 router_H=0.6259 best=0.6570
           router_load=[0.0, 0.0011698822490870953, 0.6773948073387146, 0.32143518328666687]
[step 0130/150] method=baseline_avg loss=0.5990 train_acc=0.6719 train_loss=0.6058 val_acc=0.6570 val_loss=0.6148 router_H=0.6259 best=0.6570
           router_load=[0.0, 0.0011698822490870953, 0.6773948073387146, 0.32143518328666687]
[step 0140/150] method=baseline_avg loss=0.5857 train_acc=0.6719 train_loss=0.6058 val_acc=0.6570 val_loss=0.6148 router_H=0.6259 best=0.6570
           router_load=[0.0, 0.0011698822490870953, 0.6773948073387146, 0.32143518328666687]
[step 0150/150] method=baseline_avg loss=0.5473 train_acc=0.7687 train_loss=0.4944 val_acc=0.7004 val_loss=0.5823 router_H=0.6501 best=0.7004
           router_load=[0.0, 0.002602609107270837, 0.6365114450454712, 0.36088594794273376]
saved summary -> /home/zhujjing/MOE-grad-conflict-routing/runs/paper_suite/single_gpu/single_task/roberta_rte_ffn_e4_k2/hpo/baseline/trial_runs/coord_03_train_grad_clip_017/baseline_s3.json
saved curve -> /home/zhujjing/MOE-grad-conflict-routing/runs/paper_suite/single_gpu/single_task/roberta_rte_ffn_e4_k2/hpo/baseline/trial_runs/coord_03_train_grad_clip_017/baseline_s3_curve.csv
