[run] method=baseline candidate=coord_03_train_grad_clip_003 seed=2 steps=150 gpu=0
[run] cmd=
/home/zhujjing/anaconda3/envs/moe/bin/python /home/zhujjing/MOE-grad-conflict-routing/scripts/run.py --config configs/singletask_rte_real.yaml --set model.backbone_backend=hf --set model.hf_load_pretrained=true --set model.backbone=roberta --set model.hf_pretrained_name=roberta-base --set model.expert_type=ffn --set model.routing_mode=topk --set model.num_experts=4 --set model.top_k=2 --set seed=2 --set method.name=baseline_avg --set train.steps=150 --set train.eval_every_steps=50 --set train.grad_clip=0.8690175238 --set train.lr=2.555178414e-05 --set train.weight_decay=0.01108226147 --out /home/zhujjing/MOE-grad-conflict-routing/runs/paper_suite/single_gpu/single_task/roberta_rte_ffn_e4_k2/hpo/baseline/trial_runs/coord_03_train_grad_clip_003/baseline_s2.json --curve_out /home/zhujjing/MOE-grad-conflict-routing/runs/paper_suite/single_gpu/single_task/roberta_rte_ffn_e4_k2/hpo/baseline/trial_runs/coord_03_train_grad_clip_003/baseline_s2_curve.csv
Using the latest cached version of the dataset since glue couldn't be found on the Hugging Face Hub (offline mode is enabled).
Found the latest cached dataset configuration 'rte' at /home/zhujjing/hf_cache/datasets/glue/rte/0.0.0/bcdcba79d07bc864c1c254ccfcedcce55bcc9a8c (last modified on Thu Mar 19 15:00:36 2026).
/home/zhujjing/anaconda3/envs/moe/lib/python3.10/site-packages/transformers/utils/hub.py:124: FutureWarning: Using `TRANSFORMERS_CACHE` is deprecated and will be removed in v5 of Transformers. Use `HF_HOME` instead.
  warnings.warn(
Some weights of RobertaModel were not initialized from the model checkpoint at roberta-base and are newly initialized: ['roberta.pooler.dense.bias', 'roberta.pooler.dense.weight']
You should probably TRAIN this model on a down-stream task to be able to use it for predictions and inference.
[step 0001/150] method=baseline_avg loss=0.6881 train_acc=nan train_loss=nan val_acc=nan val_loss=nan best=-1.0000
[step 0010/150] method=baseline_avg loss=0.7584 train_acc=nan train_loss=nan val_acc=nan val_loss=nan best=-1.0000
[step 0020/150] method=baseline_avg loss=0.6793 train_acc=nan train_loss=nan val_acc=nan val_loss=nan best=-1.0000
[step 0030/150] method=baseline_avg loss=0.7009 train_acc=nan train_loss=nan val_acc=nan val_loss=nan best=-1.0000
[step 0040/150] method=baseline_avg loss=0.6956 train_acc=nan train_loss=nan val_acc=nan val_loss=nan best=-1.0000
[step 0050/150] method=baseline_avg loss=0.6137 train_acc=0.5944 train_loss=0.6646 val_acc=0.5812 val_loss=0.6696 router_H=0.6507 best=0.5812
           router_load=[0.08755553513765335, 0.24665559828281403, 0.6280861496925354, 0.037702616304159164]
[step 0060/150] method=baseline_avg loss=0.6118 train_acc=0.5944 train_loss=0.6646 val_acc=0.5812 val_loss=0.6696 router_H=0.6507 best=0.5812
           router_load=[0.08755553513765335, 0.24665559828281403, 0.6280861496925354, 0.037702616304159164]
[step 0070/150] method=baseline_avg loss=0.6850 train_acc=0.5944 train_loss=0.6646 val_acc=0.5812 val_loss=0.6696 router_H=0.6507 best=0.5812
           router_load=[0.08755553513765335, 0.24665559828281403, 0.6280861496925354, 0.037702616304159164]
[step 0080/150] method=baseline_avg loss=0.7092 train_acc=0.5944 train_loss=0.6646 val_acc=0.5812 val_loss=0.6696 router_H=0.6507 best=0.5812
           router_load=[0.08755553513765335, 0.24665559828281403, 0.6280861496925354, 0.037702616304159164]
[step 0090/150] method=baseline_avg loss=0.7978 train_acc=0.5944 train_loss=0.6646 val_acc=0.5812 val_loss=0.6696 router_H=0.6507 best=0.5812
           router_load=[0.08755553513765335, 0.24665559828281403, 0.6280861496925354, 0.037702616304159164]
[step 0100/150] method=baseline_avg loss=0.6612 train_acc=0.6546 train_loss=0.6469 val_acc=0.5993 val_loss=0.6698 router_H=0.6694 best=0.5993
           router_load=[0.0, 0.388038694858551, 0.605918824672699, 0.006042455323040485]
[step 0110/150] method=baseline_avg loss=0.6550 train_acc=0.6546 train_loss=0.6469 val_acc=0.5993 val_loss=0.6698 router_H=0.6694 best=0.5993
           router_load=[0.0, 0.388038694858551, 0.605918824672699, 0.006042455323040485]
[step 0120/150] method=baseline_avg loss=0.5991 train_acc=0.6546 train_loss=0.6469 val_acc=0.5993 val_loss=0.6698 router_H=0.6694 best=0.5993
           router_load=[0.0, 0.388038694858551, 0.605918824672699, 0.006042455323040485]
[step 0130/150] method=baseline_avg loss=0.5383 train_acc=0.6546 train_loss=0.6469 val_acc=0.5993 val_loss=0.6698 router_H=0.6694 best=0.5993
           router_load=[0.0, 0.388038694858551, 0.605918824672699, 0.006042455323040485]
[step 0140/150] method=baseline_avg loss=0.7112 train_acc=0.6546 train_loss=0.6469 val_acc=0.5993 val_loss=0.6698 router_H=0.6694 best=0.5993
           router_load=[0.0, 0.388038694858551, 0.605918824672699, 0.006042455323040485]
[step 0150/150] method=baseline_avg loss=0.6894 train_acc=0.7534 train_loss=0.5835 val_acc=0.6859 val_loss=0.6212 router_H=0.6811 best=0.6859
           router_load=[0.0, 0.25137147307395935, 0.5675751566886902, 0.1810532957315445]
saved summary -> /home/zhujjing/MOE-grad-conflict-routing/runs/paper_suite/single_gpu/single_task/roberta_rte_ffn_e4_k2/hpo/baseline/trial_runs/coord_03_train_grad_clip_003/baseline_s2.json
saved curve -> /home/zhujjing/MOE-grad-conflict-routing/runs/paper_suite/single_gpu/single_task/roberta_rte_ffn_e4_k2/hpo/baseline/trial_runs/coord_03_train_grad_clip_003/baseline_s2_curve.csv
