[run] method=baseline candidate=coord_03_train_grad_clip_028 seed=2 steps=150 gpu=0
[run] cmd=
/home/zhujjing/anaconda3/envs/moe/bin/python /home/zhujjing/MOE-grad-conflict-routing/scripts/run.py --config configs/singletask_rte_real.yaml --set model.backbone_backend=hf --set model.hf_load_pretrained=true --set model.backbone=roberta --set model.hf_pretrained_name=roberta-base --set model.expert_type=ffn --set model.routing_mode=topk --set model.num_experts=4 --set model.top_k=2 --set seed=2 --set method.name=baseline_avg --set train.steps=150 --set train.eval_every_steps=50 --set train.grad_clip=1.620289055 --set train.lr=2.555178414e-05 --set train.weight_decay=0.01108226147 --out /home/zhujjing/MOE-grad-conflict-routing/runs/paper_suite/single_gpu/single_task/roberta_rte_ffn_e4_k2/hpo/baseline/trial_runs/coord_03_train_grad_clip_028/baseline_s2.json --curve_out /home/zhujjing/MOE-grad-conflict-routing/runs/paper_suite/single_gpu/single_task/roberta_rte_ffn_e4_k2/hpo/baseline/trial_runs/coord_03_train_grad_clip_028/baseline_s2_curve.csv
Using the latest cached version of the dataset since glue couldn't be found on the Hugging Face Hub (offline mode is enabled).
Found the latest cached dataset configuration 'rte' at /home/zhujjing/hf_cache/datasets/glue/rte/0.0.0/bcdcba79d07bc864c1c254ccfcedcce55bcc9a8c (last modified on Thu Mar 19 15:00:36 2026).
/home/zhujjing/anaconda3/envs/moe/lib/python3.10/site-packages/transformers/utils/hub.py:124: FutureWarning: Using `TRANSFORMERS_CACHE` is deprecated and will be removed in v5 of Transformers. Use `HF_HOME` instead.
  warnings.warn(
Some weights of RobertaModel were not initialized from the model checkpoint at roberta-base and are newly initialized: ['roberta.pooler.dense.bias', 'roberta.pooler.dense.weight']
You should probably TRAIN this model on a down-stream task to be able to use it for predictions and inference.
[step 0001/150] method=baseline_avg loss=0.6910 train_acc=nan train_loss=nan val_acc=nan val_loss=nan best=-1.0000
[step 0010/150] method=baseline_avg loss=0.7797 train_acc=nan train_loss=nan val_acc=nan val_loss=nan best=-1.0000
[step 0020/150] method=baseline_avg loss=0.7150 train_acc=nan train_loss=nan val_acc=nan val_loss=nan best=-1.0000
[step 0030/150] method=baseline_avg loss=0.7213 train_acc=nan train_loss=nan val_acc=nan val_loss=nan best=-1.0000
[step 0040/150] method=baseline_avg loss=0.6768 train_acc=nan train_loss=nan val_acc=nan val_loss=nan best=-1.0000
[step 0050/150] method=baseline_avg loss=0.6127 train_acc=0.5016 train_loss=0.6869 val_acc=0.5271 val_loss=0.6807 router_H=0.6793 best=0.5271
           router_load=[0.36212730407714844, 0.0, 0.5772340297698975, 0.06063861399888992]
[step 0060/150] method=baseline_avg loss=0.6656 train_acc=0.5016 train_loss=0.6869 val_acc=0.5271 val_loss=0.6807 router_H=0.6793 best=0.5271
           router_load=[0.36212730407714844, 0.0, 0.5772340297698975, 0.06063861399888992]
[step 0070/150] method=baseline_avg loss=0.6976 train_acc=0.5016 train_loss=0.6869 val_acc=0.5271 val_loss=0.6807 router_H=0.6793 best=0.5271
           router_load=[0.36212730407714844, 0.0, 0.5772340297698975, 0.06063861399888992]
[step 0080/150] method=baseline_avg loss=0.6534 train_acc=0.5016 train_loss=0.6869 val_acc=0.5271 val_loss=0.6807 router_H=0.6793 best=0.5271
           router_load=[0.36212730407714844, 0.0, 0.5772340297698975, 0.06063861399888992]
[step 0090/150] method=baseline_avg loss=0.8569 train_acc=0.5016 train_loss=0.6869 val_acc=0.5271 val_loss=0.6807 router_H=0.6793 best=0.5271
           router_load=[0.36212730407714844, 0.0, 0.5772340297698975, 0.06063861399888992]
[step 0100/150] method=baseline_avg loss=0.7083 train_acc=0.5783 train_loss=0.6617 val_acc=0.5199 val_loss=0.6991 router_H=0.6585 best=0.5271
           router_load=[0.5413170456886292, 0.037785522639751434, 0.3231865465641022, 0.09771088510751724]
[step 0110/150] method=baseline_avg loss=0.6446 train_acc=0.5783 train_loss=0.6617 val_acc=0.5199 val_loss=0.6991 router_H=0.6585 best=0.5271
           router_load=[0.5413170456886292, 0.037785522639751434, 0.3231865465641022, 0.09771088510751724]
[step 0120/150] method=baseline_avg loss=0.5453 train_acc=0.5783 train_loss=0.6617 val_acc=0.5199 val_loss=0.6991 router_H=0.6585 best=0.5271
           router_load=[0.5413170456886292, 0.037785522639751434, 0.3231865465641022, 0.09771088510751724]
[step 0130/150] method=baseline_avg loss=0.6317 train_acc=0.5783 train_loss=0.6617 val_acc=0.5199 val_loss=0.6991 router_H=0.6585 best=0.5271
           router_load=[0.5413170456886292, 0.037785522639751434, 0.3231865465641022, 0.09771088510751724]
[step 0140/150] method=baseline_avg loss=0.6680 train_acc=0.5783 train_loss=0.6617 val_acc=0.5199 val_loss=0.6991 router_H=0.6585 best=0.5271
           router_load=[0.5413170456886292, 0.037785522639751434, 0.3231865465641022, 0.09771088510751724]
[step 0150/150] method=baseline_avg loss=0.6732 train_acc=0.7229 train_loss=0.6065 val_acc=0.6787 val_loss=0.6330 router_H=0.5943 best=0.6787
           router_load=[0.1547810584306717, 0.17187844216823578, 0.6733404397964478, 0.0]
saved summary -> /home/zhujjing/MOE-grad-conflict-routing/runs/paper_suite/single_gpu/single_task/roberta_rte_ffn_e4_k2/hpo/baseline/trial_runs/coord_03_train_grad_clip_028/baseline_s2.json
saved curve -> /home/zhujjing/MOE-grad-conflict-routing/runs/paper_suite/single_gpu/single_task/roberta_rte_ffn_e4_k2/hpo/baseline/trial_runs/coord_03_train_grad_clip_028/baseline_s2_curve.csv
