[run] method=baseline candidate=coord_03_train_grad_clip_002 seed=3 steps=150 gpu=0
[run] cmd=
/home/zhujjing/anaconda3/envs/moe/bin/python /home/zhujjing/MOE-grad-conflict-routing/scripts/run.py --config configs/singletask_rte_real.yaml --set model.backbone_backend=hf --set model.hf_load_pretrained=true --set model.backbone=roberta --set model.hf_pretrained_name=roberta-base --set model.expert_type=ffn --set model.routing_mode=topk --set model.num_experts=4 --set model.top_k=2 --set seed=3 --set method.name=baseline_avg --set train.steps=150 --set train.eval_every_steps=50 --set train.grad_clip=0.5277354059 --set train.lr=2.555178414e-05 --set train.weight_decay=0.01108226147 --out /home/zhujjing/MOE-grad-conflict-routing/runs/paper_suite/single_gpu/single_task/roberta_rte_ffn_e4_k2/hpo/baseline/trial_runs/coord_03_train_grad_clip_002/baseline_s3.json --curve_out /home/zhujjing/MOE-grad-conflict-routing/runs/paper_suite/single_gpu/single_task/roberta_rte_ffn_e4_k2/hpo/baseline/trial_runs/coord_03_train_grad_clip_002/baseline_s3_curve.csv
Using the latest cached version of the dataset since glue couldn't be found on the Hugging Face Hub (offline mode is enabled).
Found the latest cached dataset configuration 'rte' at /home/zhujjing/hf_cache/datasets/glue/rte/0.0.0/bcdcba79d07bc864c1c254ccfcedcce55bcc9a8c (last modified on Thu Mar 19 15:00:36 2026).
/home/zhujjing/anaconda3/envs/moe/lib/python3.10/site-packages/transformers/utils/hub.py:124: FutureWarning: Using `TRANSFORMERS_CACHE` is deprecated and will be removed in v5 of Transformers. Use `HF_HOME` instead.
  warnings.warn(
Some weights of RobertaModel were not initialized from the model checkpoint at roberta-base and are newly initialized: ['roberta.pooler.dense.bias', 'roberta.pooler.dense.weight']
You should probably TRAIN this model on a down-stream task to be able to use it for predictions and inference.
[step 0001/150] method=baseline_avg loss=0.6943 train_acc=nan train_loss=nan val_acc=nan val_loss=nan best=-1.0000
[step 0010/150] method=baseline_avg loss=0.7030 train_acc=nan train_loss=nan val_acc=nan val_loss=nan best=-1.0000
[step 0020/150] method=baseline_avg loss=0.6928 train_acc=nan train_loss=nan val_acc=nan val_loss=nan best=-1.0000
[step 0030/150] method=baseline_avg loss=0.6888 train_acc=nan train_loss=nan val_acc=nan val_loss=nan best=-1.0000
[step 0040/150] method=baseline_avg loss=0.7048 train_acc=nan train_loss=nan val_acc=nan val_loss=nan best=-1.0000
[step 0050/150] method=baseline_avg loss=0.6499 train_acc=0.6305 train_loss=0.6508 val_acc=0.5812 val_loss=0.6655 router_H=0.6759 best=0.5812
           router_load=[0.45903873443603516, 0.29725921154022217, 0.22735965251922607, 0.016342421993613243]
[step 0060/150] method=baseline_avg loss=0.5506 train_acc=0.6305 train_loss=0.6508 val_acc=0.5812 val_loss=0.6655 router_H=0.6759 best=0.5812
           router_load=[0.45903873443603516, 0.29725921154022217, 0.22735965251922607, 0.016342421993613243]
[step 0070/150] method=baseline_avg loss=0.7270 train_acc=0.6305 train_loss=0.6508 val_acc=0.5812 val_loss=0.6655 router_H=0.6759 best=0.5812
           router_load=[0.45903873443603516, 0.29725921154022217, 0.22735965251922607, 0.016342421993613243]
[step 0080/150] method=baseline_avg loss=0.6365 train_acc=0.6305 train_loss=0.6508 val_acc=0.5812 val_loss=0.6655 router_H=0.6759 best=0.5812
           router_load=[0.45903873443603516, 0.29725921154022217, 0.22735965251922607, 0.016342421993613243]
[step 0090/150] method=baseline_avg loss=0.6130 train_acc=0.6305 train_loss=0.6508 val_acc=0.5812 val_loss=0.6655 router_H=0.6759 best=0.5812
           router_load=[0.45903873443603516, 0.29725921154022217, 0.22735965251922607, 0.016342421993613243]
[step 0100/150] method=baseline_avg loss=0.9513 train_acc=0.7016 train_loss=0.6138 val_acc=0.6498 val_loss=0.6447 router_H=0.6484 best=0.6498
           router_load=[0.43802642822265625, 0.1415628343820572, 0.4172437787055969, 0.0031670494936406612]
[step 0110/150] method=baseline_avg loss=0.5065 train_acc=0.7016 train_loss=0.6138 val_acc=0.6498 val_loss=0.6447 router_H=0.6484 best=0.6498
           router_load=[0.43802642822265625, 0.1415628343820572, 0.4172437787055969, 0.0031670494936406612]
[step 0120/150] method=baseline_avg loss=0.7248 train_acc=0.7016 train_loss=0.6138 val_acc=0.6498 val_loss=0.6447 router_H=0.6484 best=0.6498
           router_load=[0.43802642822265625, 0.1415628343820572, 0.4172437787055969, 0.0031670494936406612]
[step 0130/150] method=baseline_avg loss=0.6619 train_acc=0.7016 train_loss=0.6138 val_acc=0.6498 val_loss=0.6447 router_H=0.6484 best=0.6498
           router_load=[0.43802642822265625, 0.1415628343820572, 0.4172437787055969, 0.0031670494936406612]
[step 0140/150] method=baseline_avg loss=0.6205 train_acc=0.7016 train_loss=0.6138 val_acc=0.6498 val_loss=0.6447 router_H=0.6484 best=0.6498
           router_load=[0.43802642822265625, 0.1415628343820572, 0.4172437787055969, 0.0031670494936406612]
[step 0150/150] method=baseline_avg loss=0.5532 train_acc=0.7606 train_loss=0.5440 val_acc=0.6823 val_loss=0.6065 router_H=0.6680 best=0.6823
           router_load=[0.25513651967048645, 0.2804640829563141, 0.4592660069465637, 0.005133359227329493]
saved summary -> /home/zhujjing/MOE-grad-conflict-routing/runs/paper_suite/single_gpu/single_task/roberta_rte_ffn_e4_k2/hpo/baseline/trial_runs/coord_03_train_grad_clip_002/baseline_s3.json
saved curve -> /home/zhujjing/MOE-grad-conflict-routing/runs/paper_suite/single_gpu/single_task/roberta_rte_ffn_e4_k2/hpo/baseline/trial_runs/coord_03_train_grad_clip_002/baseline_s3_curve.csv
