[run] method=baseline candidate=coord_03_train_grad_clip_013 seed=3 steps=150 gpu=0
[run] cmd=
/home/zhujjing/anaconda3/envs/moe/bin/python /home/zhujjing/MOE-grad-conflict-routing/scripts/run.py --config configs/singletask_rte_real.yaml --set model.backbone_backend=hf --set model.hf_load_pretrained=true --set model.backbone=roberta --set model.hf_pretrained_name=roberta-base --set model.expert_type=ffn --set model.routing_mode=topk --set model.num_experts=4 --set model.top_k=2 --set seed=3 --set method.name=baseline_avg --set train.steps=150 --set train.eval_every_steps=50 --set train.grad_clip=0.7891724795 --set train.lr=2.555178414e-05 --set train.weight_decay=0.01108226147 --out /home/zhujjing/MOE-grad-conflict-routing/runs/paper_suite/single_gpu/single_task/roberta_rte_ffn_e4_k2/hpo/baseline/trial_runs/coord_03_train_grad_clip_013/baseline_s3.json --curve_out /home/zhujjing/MOE-grad-conflict-routing/runs/paper_suite/single_gpu/single_task/roberta_rte_ffn_e4_k2/hpo/baseline/trial_runs/coord_03_train_grad_clip_013/baseline_s3_curve.csv
Using the latest cached version of the dataset since glue couldn't be found on the Hugging Face Hub (offline mode is enabled).
Found the latest cached dataset configuration 'rte' at /home/zhujjing/hf_cache/datasets/glue/rte/0.0.0/bcdcba79d07bc864c1c254ccfcedcce55bcc9a8c (last modified on Thu Mar 19 15:00:36 2026).
/home/zhujjing/anaconda3/envs/moe/lib/python3.10/site-packages/transformers/utils/hub.py:124: FutureWarning: Using `TRANSFORMERS_CACHE` is deprecated and will be removed in v5 of Transformers. Use `HF_HOME` instead.
  warnings.warn(
Some weights of RobertaModel were not initialized from the model checkpoint at roberta-base and are newly initialized: ['roberta.pooler.dense.bias', 'roberta.pooler.dense.weight']
You should probably TRAIN this model on a down-stream task to be able to use it for predictions and inference.
[step 0001/150] method=baseline_avg loss=0.6992 train_acc=nan train_loss=nan val_acc=nan val_loss=nan best=-1.0000
[step 0010/150] method=baseline_avg loss=0.7003 train_acc=nan train_loss=nan val_acc=nan val_loss=nan best=-1.0000
[step 0020/150] method=baseline_avg loss=0.7003 train_acc=nan train_loss=nan val_acc=nan val_loss=nan best=-1.0000
[step 0030/150] method=baseline_avg loss=0.6783 train_acc=nan train_loss=nan val_acc=nan val_loss=nan best=-1.0000
[step 0040/150] method=baseline_avg loss=0.6586 train_acc=nan train_loss=nan val_acc=nan val_loss=nan best=-1.0000
[step 0050/150] method=baseline_avg loss=0.6023 train_acc=0.6357 train_loss=0.6430 val_acc=0.6065 val_loss=0.6573 router_H=0.6247 best=0.6065
           router_load=[0.3657462000846863, 0.5564706921577454, 0.03839891403913498, 0.03938426449894905]
[step 0060/150] method=baseline_avg loss=0.6141 train_acc=0.6357 train_loss=0.6430 val_acc=0.6065 val_loss=0.6573 router_H=0.6247 best=0.6065
           router_load=[0.3657462000846863, 0.5564706921577454, 0.03839891403913498, 0.03938426449894905]
[step 0070/150] method=baseline_avg loss=0.6887 train_acc=0.6357 train_loss=0.6430 val_acc=0.6065 val_loss=0.6573 router_H=0.6247 best=0.6065
           router_load=[0.3657462000846863, 0.5564706921577454, 0.03839891403913498, 0.03938426449894905]
[step 0080/150] method=baseline_avg loss=0.6082 train_acc=0.6357 train_loss=0.6430 val_acc=0.6065 val_loss=0.6573 router_H=0.6247 best=0.6065
           router_load=[0.3657462000846863, 0.5564706921577454, 0.03839891403913498, 0.03938426449894905]
[step 0090/150] method=baseline_avg loss=0.5433 train_acc=0.6357 train_loss=0.6430 val_acc=0.6065 val_loss=0.6573 router_H=0.6247 best=0.6065
           router_load=[0.3657462000846863, 0.5564706921577454, 0.03839891403913498, 0.03938426449894905]
[step 0100/150] method=baseline_avg loss=0.9472 train_acc=0.6735 train_loss=0.6239 val_acc=0.5957 val_loss=0.6708 router_H=0.6351 best=0.6065
           router_load=[0.3872940242290497, 0.5901651978492737, 0.00134149135556072, 0.021199414506554604]
[step 0110/150] method=baseline_avg loss=0.6555 train_acc=0.6735 train_loss=0.6239 val_acc=0.5957 val_loss=0.6708 router_H=0.6351 best=0.6065
           router_load=[0.3872940242290497, 0.5901651978492737, 0.00134149135556072, 0.021199414506554604]
[step 0120/150] method=baseline_avg loss=0.8626 train_acc=0.6735 train_loss=0.6239 val_acc=0.5957 val_loss=0.6708 router_H=0.6351 best=0.6065
           router_load=[0.3872940242290497, 0.5901651978492737, 0.00134149135556072, 0.021199414506554604]
[step 0130/150] method=baseline_avg loss=0.6768 train_acc=0.6735 train_loss=0.6239 val_acc=0.5957 val_loss=0.6708 router_H=0.6351 best=0.6065
           router_load=[0.3872940242290497, 0.5901651978492737, 0.00134149135556072, 0.021199414506554604]
[step 0140/150] method=baseline_avg loss=0.6730 train_acc=0.6735 train_loss=0.6239 val_acc=0.5957 val_loss=0.6708 router_H=0.6351 best=0.6065
           router_load=[0.3872940242290497, 0.5901651978492737, 0.00134149135556072, 0.021199414506554604]
[step 0150/150] method=baseline_avg loss=0.6529 train_acc=0.7012 train_loss=0.6019 val_acc=0.6534 val_loss=0.6309 router_H=0.6573 best=0.6534
           router_load=[0.6169363260269165, 0.3809308111667633, 0.0021327631548047066, 0.0]
saved summary -> /home/zhujjing/MOE-grad-conflict-routing/runs/paper_suite/single_gpu/single_task/roberta_rte_ffn_e4_k2/hpo/baseline/trial_runs/coord_03_train_grad_clip_013/baseline_s3.json
saved curve -> /home/zhujjing/MOE-grad-conflict-routing/runs/paper_suite/single_gpu/single_task/roberta_rte_ffn_e4_k2/hpo/baseline/trial_runs/coord_03_train_grad_clip_013/baseline_s3_curve.csv
