[run] method=baseline candidate=coord_03_train_grad_clip_014 seed=3 steps=150 gpu=0
[run] cmd=
/home/zhujjing/anaconda3/envs/moe/bin/python /home/zhujjing/MOE-grad-conflict-routing/scripts/run.py --config configs/singletask_rte_real.yaml --set model.backbone_backend=hf --set model.hf_load_pretrained=true --set model.backbone=roberta --set model.hf_pretrained_name=roberta-base --set model.expert_type=ffn --set model.routing_mode=topk --set model.num_experts=4 --set model.top_k=2 --set seed=3 --set method.name=baseline_avg --set train.steps=150 --set train.eval_every_steps=50 --set train.grad_clip=1.883288229 --set train.lr=2.555178414e-05 --set train.weight_decay=0.01108226147 --out /home/zhujjing/MOE-grad-conflict-routing/runs/paper_suite/single_gpu/single_task/roberta_rte_ffn_e4_k2/hpo/baseline/trial_runs/coord_03_train_grad_clip_014/baseline_s3.json --curve_out /home/zhujjing/MOE-grad-conflict-routing/runs/paper_suite/single_gpu/single_task/roberta_rte_ffn_e4_k2/hpo/baseline/trial_runs/coord_03_train_grad_clip_014/baseline_s3_curve.csv
Using the latest cached version of the dataset since glue couldn't be found on the Hugging Face Hub (offline mode is enabled).
Found the latest cached dataset configuration 'rte' at /home/zhujjing/hf_cache/datasets/glue/rte/0.0.0/bcdcba79d07bc864c1c254ccfcedcce55bcc9a8c (last modified on Thu Mar 19 15:00:36 2026).
/home/zhujjing/anaconda3/envs/moe/lib/python3.10/site-packages/transformers/utils/hub.py:124: FutureWarning: Using `TRANSFORMERS_CACHE` is deprecated and will be removed in v5 of Transformers. Use `HF_HOME` instead.
  warnings.warn(
Some weights of RobertaModel were not initialized from the model checkpoint at roberta-base and are newly initialized: ['roberta.pooler.dense.bias', 'roberta.pooler.dense.weight']
You should probably TRAIN this model on a down-stream task to be able to use it for predictions and inference.
[step 0001/150] method=baseline_avg loss=0.6895 train_acc=nan train_loss=nan val_acc=nan val_loss=nan best=-1.0000
[step 0010/150] method=baseline_avg loss=0.6898 train_acc=nan train_loss=nan val_acc=nan val_loss=nan best=-1.0000
[step 0020/150] method=baseline_avg loss=0.6939 train_acc=nan train_loss=nan val_acc=nan val_loss=nan best=-1.0000
[step 0030/150] method=baseline_avg loss=0.6887 train_acc=nan train_loss=nan val_acc=nan val_loss=nan best=-1.0000
[step 0040/150] method=baseline_avg loss=0.6666 train_acc=nan train_loss=nan val_acc=nan val_loss=nan best=-1.0000
[step 0050/150] method=baseline_avg loss=0.5812 train_acc=0.6418 train_loss=0.6357 val_acc=0.6245 val_loss=0.6630 router_H=0.6687 best=0.6245
           router_load=[0.08298679441213608, 0.5083972215652466, 0.0, 0.40861600637435913]
[step 0060/150] method=baseline_avg loss=0.6410 train_acc=0.6418 train_loss=0.6357 val_acc=0.6245 val_loss=0.6630 router_H=0.6687 best=0.6245
           router_load=[0.08298679441213608, 0.5083972215652466, 0.0, 0.40861600637435913]
[step 0070/150] method=baseline_avg loss=0.6954 train_acc=0.6418 train_loss=0.6357 val_acc=0.6245 val_loss=0.6630 router_H=0.6687 best=0.6245
           router_load=[0.08298679441213608, 0.5083972215652466, 0.0, 0.40861600637435913]
[step 0080/150] method=baseline_avg loss=0.5726 train_acc=0.6418 train_loss=0.6357 val_acc=0.6245 val_loss=0.6630 router_H=0.6687 best=0.6245
           router_load=[0.08298679441213608, 0.5083972215652466, 0.0, 0.40861600637435913]
[step 0090/150] method=baseline_avg loss=0.5687 train_acc=0.6418 train_loss=0.6357 val_acc=0.6245 val_loss=0.6630 router_H=0.6687 best=0.6245
           router_load=[0.08298679441213608, 0.5083972215652466, 0.0, 0.40861600637435913]
[step 0100/150] method=baseline_avg loss=0.6914 train_acc=0.6904 train_loss=0.5796 val_acc=0.6787 val_loss=0.5887 router_H=0.6292 best=0.6787
           router_load=[0.06986626982688904, 0.663237988948822, 0.0, 0.26689577102661133]
[step 0110/150] method=baseline_avg loss=0.5311 train_acc=0.6904 train_loss=0.5796 val_acc=0.6787 val_loss=0.5887 router_H=0.6292 best=0.6787
           router_load=[0.06986626982688904, 0.663237988948822, 0.0, 0.26689577102661133]
[step 0120/150] method=baseline_avg loss=0.5976 train_acc=0.6904 train_loss=0.5796 val_acc=0.6787 val_loss=0.5887 router_H=0.6292 best=0.6787
           router_load=[0.06986626982688904, 0.663237988948822, 0.0, 0.26689577102661133]
[step 0130/150] method=baseline_avg loss=0.6596 train_acc=0.6904 train_loss=0.5796 val_acc=0.6787 val_loss=0.5887 router_H=0.6292 best=0.6787
           router_load=[0.06986626982688904, 0.663237988948822, 0.0, 0.26689577102661133]
[step 0140/150] method=baseline_avg loss=0.5989 train_acc=0.6904 train_loss=0.5796 val_acc=0.6787 val_loss=0.5887 router_H=0.6292 best=0.6787
           router_load=[0.06986626982688904, 0.663237988948822, 0.0, 0.26689577102661133]
[step 0150/150] method=baseline_avg loss=0.5022 train_acc=0.7474 train_loss=0.5405 val_acc=0.6643 val_loss=0.6301 router_H=0.6791 best=0.6787
           router_load=[0.0026865750551223755, 0.5460968017578125, 0.0, 0.45121660828590393]
saved summary -> /home/zhujjing/MOE-grad-conflict-routing/runs/paper_suite/single_gpu/single_task/roberta_rte_ffn_e4_k2/hpo/baseline/trial_runs/coord_03_train_grad_clip_014/baseline_s3.json
saved curve -> /home/zhujjing/MOE-grad-conflict-routing/runs/paper_suite/single_gpu/single_task/roberta_rte_ffn_e4_k2/hpo/baseline/trial_runs/coord_03_train_grad_clip_014/baseline_s3_curve.csv
