[run] method=baseline candidate=coord_03_train_grad_clip_002 seed=2 steps=150 gpu=0
[run] cmd=
/home/zhujjing/anaconda3/envs/moe/bin/python /home/zhujjing/MOE-grad-conflict-routing/scripts/run.py --config configs/singletask_rte_real.yaml --set model.backbone_backend=hf --set model.hf_load_pretrained=true --set model.backbone=roberta --set model.hf_pretrained_name=roberta-base --set model.expert_type=ffn --set model.routing_mode=topk --set model.num_experts=4 --set model.top_k=2 --set seed=2 --set method.name=baseline_avg --set train.steps=150 --set train.eval_every_steps=50 --set train.grad_clip=0.5277354059 --set train.lr=2.555178414e-05 --set train.weight_decay=0.01108226147 --out /home/zhujjing/MOE-grad-conflict-routing/runs/paper_suite/single_gpu/single_task/roberta_rte_ffn_e4_k2/hpo/baseline/trial_runs/coord_03_train_grad_clip_002/baseline_s2.json --curve_out /home/zhujjing/MOE-grad-conflict-routing/runs/paper_suite/single_gpu/single_task/roberta_rte_ffn_e4_k2/hpo/baseline/trial_runs/coord_03_train_grad_clip_002/baseline_s2_curve.csv
Using the latest cached version of the dataset since glue couldn't be found on the Hugging Face Hub (offline mode is enabled).
Found the latest cached dataset configuration 'rte' at /home/zhujjing/hf_cache/datasets/glue/rte/0.0.0/bcdcba79d07bc864c1c254ccfcedcce55bcc9a8c (last modified on Thu Mar 19 15:00:36 2026).
/home/zhujjing/anaconda3/envs/moe/lib/python3.10/site-packages/transformers/utils/hub.py:124: FutureWarning: Using `TRANSFORMERS_CACHE` is deprecated and will be removed in v5 of Transformers. Use `HF_HOME` instead.
  warnings.warn(
Some weights of RobertaModel were not initialized from the model checkpoint at roberta-base and are newly initialized: ['roberta.pooler.dense.bias', 'roberta.pooler.dense.weight']
You should probably TRAIN this model on a down-stream task to be able to use it for predictions and inference.
[step 0001/150] method=baseline_avg loss=0.7008 train_acc=nan train_loss=nan val_acc=nan val_loss=nan best=-1.0000
[step 0010/150] method=baseline_avg loss=0.7469 train_acc=nan train_loss=nan val_acc=nan val_loss=nan best=-1.0000
[step 0020/150] method=baseline_avg loss=0.6845 train_acc=nan train_loss=nan val_acc=nan val_loss=nan best=-1.0000
[step 0030/150] method=baseline_avg loss=0.6900 train_acc=nan train_loss=nan val_acc=nan val_loss=nan best=-1.0000
[step 0040/150] method=baseline_avg loss=0.6966 train_acc=nan train_loss=nan val_acc=nan val_loss=nan best=-1.0000
[step 0050/150] method=baseline_avg loss=0.5564 train_acc=0.5976 train_loss=0.6593 val_acc=0.5632 val_loss=0.6628 router_H=0.6905 best=0.5632
           router_load=[0.47218576073646545, 0.5278142094612122, 0.0, 0.0]
[step 0060/150] method=baseline_avg loss=0.6252 train_acc=0.5976 train_loss=0.6593 val_acc=0.5632 val_loss=0.6628 router_H=0.6905 best=0.5632
           router_load=[0.47218576073646545, 0.5278142094612122, 0.0, 0.0]
[step 0070/150] method=baseline_avg loss=0.6629 train_acc=0.5976 train_loss=0.6593 val_acc=0.5632 val_loss=0.6628 router_H=0.6905 best=0.5632
           router_load=[0.47218576073646545, 0.5278142094612122, 0.0, 0.0]
[step 0080/150] method=baseline_avg loss=0.6878 train_acc=0.5976 train_loss=0.6593 val_acc=0.5632 val_loss=0.6628 router_H=0.6905 best=0.5632
           router_load=[0.47218576073646545, 0.5278142094612122, 0.0, 0.0]
[step 0090/150] method=baseline_avg loss=0.8160 train_acc=0.5976 train_loss=0.6593 val_acc=0.5632 val_loss=0.6628 router_H=0.6905 best=0.5632
           router_load=[0.47218576073646545, 0.5278142094612122, 0.0, 0.0]
[step 0100/150] method=baseline_avg loss=0.6531 train_acc=0.6787 train_loss=0.6200 val_acc=0.6245 val_loss=0.6533 router_H=0.6610 best=0.6245
           router_load=[0.37723928689956665, 0.6227607727050781, 0.0, 0.0]
[step 0110/150] method=baseline_avg loss=0.6122 train_acc=0.6787 train_loss=0.6200 val_acc=0.6245 val_loss=0.6533 router_H=0.6610 best=0.6245
           router_load=[0.37723928689956665, 0.6227607727050781, 0.0, 0.0]
[step 0120/150] method=baseline_avg loss=0.5110 train_acc=0.6787 train_loss=0.6200 val_acc=0.6245 val_loss=0.6533 router_H=0.6610 best=0.6245
           router_load=[0.37723928689956665, 0.6227607727050781, 0.0, 0.0]
[step 0130/150] method=baseline_avg loss=0.6777 train_acc=0.6787 train_loss=0.6200 val_acc=0.6245 val_loss=0.6533 router_H=0.6610 best=0.6245
           router_load=[0.37723928689956665, 0.6227607727050781, 0.0, 0.0]
[step 0140/150] method=baseline_avg loss=0.6749 train_acc=0.6787 train_loss=0.6200 val_acc=0.6245 val_loss=0.6533 router_H=0.6610 best=0.6245
           router_load=[0.37723928689956665, 0.6227607727050781, 0.0, 0.0]
[step 0150/150] method=baseline_avg loss=0.6711 train_acc=0.7675 train_loss=0.5606 val_acc=0.7004 val_loss=0.6025 router_H=0.6745 best=0.7004
           router_load=[0.41691264510154724, 0.5830873847007751, 0.0, 0.0]
saved summary -> /home/zhujjing/MOE-grad-conflict-routing/runs/paper_suite/single_gpu/single_task/roberta_rte_ffn_e4_k2/hpo/baseline/trial_runs/coord_03_train_grad_clip_002/baseline_s2.json
saved curve -> /home/zhujjing/MOE-grad-conflict-routing/runs/paper_suite/single_gpu/single_task/roberta_rte_ffn_e4_k2/hpo/baseline/trial_runs/coord_03_train_grad_clip_002/baseline_s2_curve.csv
