[run] method=baseline candidate=coord_03_train_grad_clip_012 seed=3 steps=150 gpu=0
[run] cmd=
/home/zhujjing/anaconda3/envs/moe/bin/python /home/zhujjing/MOE-grad-conflict-routing/scripts/run.py --config configs/singletask_rte_real.yaml --set model.backbone_backend=hf --set model.hf_load_pretrained=true --set model.backbone=roberta --set model.hf_pretrained_name=roberta-base --set model.expert_type=ffn --set model.routing_mode=topk --set model.num_experts=4 --set model.top_k=2 --set seed=3 --set method.name=baseline_avg --set train.steps=150 --set train.eval_every_steps=50 --set train.grad_clip=1.832812971 --set train.lr=2.555178414e-05 --set train.weight_decay=0.01108226147 --out /home/zhujjing/MOE-grad-conflict-routing/runs/paper_suite/single_gpu/single_task/roberta_rte_ffn_e4_k2/hpo/baseline/trial_runs/coord_03_train_grad_clip_012/baseline_s3.json --curve_out /home/zhujjing/MOE-grad-conflict-routing/runs/paper_suite/single_gpu/single_task/roberta_rte_ffn_e4_k2/hpo/baseline/trial_runs/coord_03_train_grad_clip_012/baseline_s3_curve.csv
Using the latest cached version of the dataset since glue couldn't be found on the Hugging Face Hub (offline mode is enabled).
Found the latest cached dataset configuration 'rte' at /home/zhujjing/hf_cache/datasets/glue/rte/0.0.0/bcdcba79d07bc864c1c254ccfcedcce55bcc9a8c (last modified on Thu Mar 19 15:00:36 2026).
/home/zhujjing/anaconda3/envs/moe/lib/python3.10/site-packages/transformers/utils/hub.py:124: FutureWarning: Using `TRANSFORMERS_CACHE` is deprecated and will be removed in v5 of Transformers. Use `HF_HOME` instead.
  warnings.warn(
Some weights of RobertaModel were not initialized from the model checkpoint at roberta-base and are newly initialized: ['roberta.pooler.dense.bias', 'roberta.pooler.dense.weight']
You should probably TRAIN this model on a down-stream task to be able to use it for predictions and inference.
[step 0001/150] method=baseline_avg loss=0.7002 train_acc=nan train_loss=nan val_acc=nan val_loss=nan best=-1.0000
[step 0010/150] method=baseline_avg loss=0.7000 train_acc=nan train_loss=nan val_acc=nan val_loss=nan best=-1.0000
[step 0020/150] method=baseline_avg loss=0.6928 train_acc=nan train_loss=nan val_acc=nan val_loss=nan best=-1.0000
[step 0030/150] method=baseline_avg loss=0.6861 train_acc=nan train_loss=nan val_acc=nan val_loss=nan best=-1.0000
[step 0040/150] method=baseline_avg loss=0.6658 train_acc=nan train_loss=nan val_acc=nan val_loss=nan best=-1.0000
[step 0050/150] method=baseline_avg loss=0.6446 train_acc=0.6277 train_loss=0.6490 val_acc=0.5884 val_loss=0.6711 router_H=0.6845 best=0.5884
           router_load=[0.0, 0.002827395685017109, 0.4422444701194763, 0.5549282431602478]
[step 0060/150] method=baseline_avg loss=0.6403 train_acc=0.6277 train_loss=0.6490 val_acc=0.5884 val_loss=0.6711 router_H=0.6845 best=0.5884
           router_load=[0.0, 0.002827395685017109, 0.4422444701194763, 0.5549282431602478]
[step 0070/150] method=baseline_avg loss=0.6894 train_acc=0.6277 train_loss=0.6490 val_acc=0.5884 val_loss=0.6711 router_H=0.6845 best=0.5884
           router_load=[0.0, 0.002827395685017109, 0.4422444701194763, 0.5549282431602478]
[step 0080/150] method=baseline_avg loss=0.6267 train_acc=0.6277 train_loss=0.6490 val_acc=0.5884 val_loss=0.6711 router_H=0.6845 best=0.5884
           router_load=[0.0, 0.002827395685017109, 0.4422444701194763, 0.5549282431602478]
[step 0090/150] method=baseline_avg loss=0.5767 train_acc=0.6277 train_loss=0.6490 val_acc=0.5884 val_loss=0.6711 router_H=0.6845 best=0.5884
           router_load=[0.0, 0.002827395685017109, 0.4422444701194763, 0.5549282431602478]
[step 0100/150] method=baseline_avg loss=1.0534 train_acc=0.6948 train_loss=0.6087 val_acc=0.6354 val_loss=0.6719 router_H=0.6814 best=0.6354
           router_load=[0.0015062801539897919, 0.0, 0.425845742225647, 0.5726478695869446]
[step 0110/150] method=baseline_avg loss=0.5046 train_acc=0.6948 train_loss=0.6087 val_acc=0.6354 val_loss=0.6719 router_H=0.6814 best=0.6354
           router_load=[0.0015062801539897919, 0.0, 0.425845742225647, 0.5726478695869446]
[step 0120/150] method=baseline_avg loss=0.7061 train_acc=0.6948 train_loss=0.6087 val_acc=0.6354 val_loss=0.6719 router_H=0.6814 best=0.6354
           router_load=[0.0015062801539897919, 0.0, 0.425845742225647, 0.5726478695869446]
[step 0130/150] method=baseline_avg loss=0.6199 train_acc=0.6948 train_loss=0.6087 val_acc=0.6354 val_loss=0.6719 router_H=0.6814 best=0.6354
           router_load=[0.0015062801539897919, 0.0, 0.425845742225647, 0.5726478695869446]
[step 0140/150] method=baseline_avg loss=0.6492 train_acc=0.6948 train_loss=0.6087 val_acc=0.6354 val_loss=0.6719 router_H=0.6814 best=0.6354
           router_load=[0.0015062801539897919, 0.0, 0.425845742225647, 0.5726478695869446]
[step 0150/150] method=baseline_avg loss=0.5193 train_acc=0.7663 train_loss=0.5394 val_acc=0.7004 val_loss=0.5888 router_H=0.6836 best=0.7004
           router_load=[0.0, 0.0, 0.44032981991767883, 0.5596702098846436]
saved summary -> /home/zhujjing/MOE-grad-conflict-routing/runs/paper_suite/single_gpu/single_task/roberta_rte_ffn_e4_k2/hpo/baseline/trial_runs/coord_03_train_grad_clip_012/baseline_s3.json
saved curve -> /home/zhujjing/MOE-grad-conflict-routing/runs/paper_suite/single_gpu/single_task/roberta_rte_ffn_e4_k2/hpo/baseline/trial_runs/coord_03_train_grad_clip_012/baseline_s3_curve.csv
