[run] method=baseline candidate=coord_03_train_grad_clip_022 seed=2 steps=150 gpu=0
[run] cmd=
/home/zhujjing/anaconda3/envs/moe/bin/python /home/zhujjing/MOE-grad-conflict-routing/scripts/run.py --config configs/singletask_rte_real.yaml --set model.backbone_backend=hf --set model.hf_load_pretrained=true --set model.backbone=roberta --set model.hf_pretrained_name=roberta-base --set model.expert_type=ffn --set model.routing_mode=topk --set model.num_experts=4 --set model.top_k=2 --set seed=2 --set method.name=baseline_avg --set train.steps=150 --set train.eval_every_steps=50 --set train.grad_clip=1.893864488 --set train.lr=2.555178414e-05 --set train.weight_decay=0.01108226147 --out /home/zhujjing/MOE-grad-conflict-routing/runs/paper_suite/single_gpu/single_task/roberta_rte_ffn_e4_k2/hpo/baseline/trial_runs/coord_03_train_grad_clip_022/baseline_s2.json --curve_out /home/zhujjing/MOE-grad-conflict-routing/runs/paper_suite/single_gpu/single_task/roberta_rte_ffn_e4_k2/hpo/baseline/trial_runs/coord_03_train_grad_clip_022/baseline_s2_curve.csv
Using the latest cached version of the dataset since glue couldn't be found on the Hugging Face Hub (offline mode is enabled).
Found the latest cached dataset configuration 'rte' at /home/zhujjing/hf_cache/datasets/glue/rte/0.0.0/bcdcba79d07bc864c1c254ccfcedcce55bcc9a8c (last modified on Thu Mar 19 15:00:36 2026).
/home/zhujjing/anaconda3/envs/moe/lib/python3.10/site-packages/transformers/utils/hub.py:124: FutureWarning: Using `TRANSFORMERS_CACHE` is deprecated and will be removed in v5 of Transformers. Use `HF_HOME` instead.
  warnings.warn(
Some weights of RobertaModel were not initialized from the model checkpoint at roberta-base and are newly initialized: ['roberta.pooler.dense.bias', 'roberta.pooler.dense.weight']
You should probably TRAIN this model on a down-stream task to be able to use it for predictions and inference.
[step 0001/150] method=baseline_avg loss=0.6924 train_acc=nan train_loss=nan val_acc=nan val_loss=nan best=-1.0000
[step 0010/150] method=baseline_avg loss=0.7565 train_acc=nan train_loss=nan val_acc=nan val_loss=nan best=-1.0000
[step 0020/150] method=baseline_avg loss=0.6854 train_acc=nan train_loss=nan val_acc=nan val_loss=nan best=-1.0000
[step 0030/150] method=baseline_avg loss=0.6993 train_acc=nan train_loss=nan val_acc=nan val_loss=nan best=-1.0000
[step 0040/150] method=baseline_avg loss=0.7080 train_acc=nan train_loss=nan val_acc=nan val_loss=nan best=-1.0000
[step 0050/150] method=baseline_avg loss=0.6228 train_acc=0.5498 train_loss=0.6692 val_acc=0.5668 val_loss=0.6666 router_H=0.6820 best=0.5668
           router_load=[0.4081283211708069, 0.5695037245750427, 0.0, 0.022367842495441437]
[step 0060/150] method=baseline_avg loss=0.6899 train_acc=0.5498 train_loss=0.6692 val_acc=0.5668 val_loss=0.6666 router_H=0.6820 best=0.5668
           router_load=[0.4081283211708069, 0.5695037245750427, 0.0, 0.022367842495441437]
[step 0070/150] method=baseline_avg loss=0.6808 train_acc=0.5498 train_loss=0.6692 val_acc=0.5668 val_loss=0.6666 router_H=0.6820 best=0.5668
           router_load=[0.4081283211708069, 0.5695037245750427, 0.0, 0.022367842495441437]
[step 0080/150] method=baseline_avg loss=0.6674 train_acc=0.5498 train_loss=0.6692 val_acc=0.5668 val_loss=0.6666 router_H=0.6820 best=0.5668
           router_load=[0.4081283211708069, 0.5695037245750427, 0.0, 0.022367842495441437]
[step 0090/150] method=baseline_avg loss=0.6092 train_acc=0.5498 train_loss=0.6692 val_acc=0.5668 val_loss=0.6666 router_H=0.6820 best=0.5668
           router_load=[0.4081283211708069, 0.5695037245750427, 0.0, 0.022367842495441437]
[step 0100/150] method=baseline_avg loss=0.6355 train_acc=0.7189 train_loss=0.5992 val_acc=0.6895 val_loss=0.6273 router_H=0.6763 best=0.6895
           router_load=[0.42860114574432373, 0.5713988542556763, 0.0, 0.0]
[step 0110/150] method=baseline_avg loss=0.6455 train_acc=0.7189 train_loss=0.5992 val_acc=0.6895 val_loss=0.6273 router_H=0.6763 best=0.6895
           router_load=[0.42860114574432373, 0.5713988542556763, 0.0, 0.0]
[step 0120/150] method=baseline_avg loss=0.5672 train_acc=0.7189 train_loss=0.5992 val_acc=0.6895 val_loss=0.6273 router_H=0.6763 best=0.6895
           router_load=[0.42860114574432373, 0.5713988542556763, 0.0, 0.0]
[step 0130/150] method=baseline_avg loss=0.5434 train_acc=0.7189 train_loss=0.5992 val_acc=0.6895 val_loss=0.6273 router_H=0.6763 best=0.6895
           router_load=[0.42860114574432373, 0.5713988542556763, 0.0, 0.0]
[step 0140/150] method=baseline_avg loss=0.6152 train_acc=0.7189 train_loss=0.5992 val_acc=0.6895 val_loss=0.6273 router_H=0.6763 best=0.6895
           router_load=[0.42860114574432373, 0.5713988542556763, 0.0, 0.0]
[step 0150/150] method=baseline_avg loss=0.6737 train_acc=0.6996 train_loss=0.6029 val_acc=0.6679 val_loss=0.6275 router_H=0.6813 best=0.6895
           router_load=[0.4270539879798889, 0.5729460716247559, 0.0, 0.0]
saved summary -> /home/zhujjing/MOE-grad-conflict-routing/runs/paper_suite/single_gpu/single_task/roberta_rte_ffn_e4_k2/hpo/baseline/trial_runs/coord_03_train_grad_clip_022/baseline_s2.json
saved curve -> /home/zhujjing/MOE-grad-conflict-routing/runs/paper_suite/single_gpu/single_task/roberta_rte_ffn_e4_k2/hpo/baseline/trial_runs/coord_03_train_grad_clip_022/baseline_s2_curve.csv
