[run] method=cagrad candidate=coord_04_anchor seed=2 steps=150 gpu=0
[run] cmd=
/home/zhujjing/anaconda3/envs/moe/bin/python /home/zhujjing/MOE-grad-conflict-routing/scripts/run.py --config configs/singletask_sst2_real.yaml --set model.backbone_backend=hf --set model.hf_load_pretrained=true --set model.backbone=roberta --set model.hf_pretrained_name=roberta-base --set model.expert_type=lora --set model.routing_mode=topk --set model.num_experts=4 --set model.top_k=2 --set seed=2 --set method.name=baseline_cagrad --set train.steps=150 --set train.eval_every_steps=50 --set method.baseline_cagrad.c=0.4 --set method.baseline_cagrad.inner_lr=0.1 --set train.grad_clip=1.016176527 --set train.lr=2e-05 --set train.weight_decay=0.02884869601 --out /home/zhujjing/MOE-grad-conflict-routing/runs/paper_suite/single_gpu/single_task/roberta_sst2_lora_e4_k2/hpo/cagrad/trial_runs/coord_04_anchor/cagrad_s2.json --curve_out /home/zhujjing/MOE-grad-conflict-routing/runs/paper_suite/single_gpu/single_task/roberta_sst2_lora_e4_k2/hpo/cagrad/trial_runs/coord_04_anchor/cagrad_s2_curve.csv
Using the latest cached version of the dataset since glue couldn't be found on the Hugging Face Hub (offline mode is enabled).
Found the latest cached dataset configuration 'sst2' at /home/zhujjing/hf_cache/datasets/glue/sst2/0.0.0/bcdcba79d07bc864c1c254ccfcedcce55bcc9a8c (last modified on Thu Mar 19 15:01:41 2026).
/home/zhujjing/anaconda3/envs/moe/lib/python3.10/site-packages/transformers/utils/hub.py:124: FutureWarning: Using `TRANSFORMERS_CACHE` is deprecated and will be removed in v5 of Transformers. Use `HF_HOME` instead.
  warnings.warn(
Some weights of RobertaModel were not initialized from the model checkpoint at roberta-base and are newly initialized: ['roberta.pooler.dense.bias', 'roberta.pooler.dense.weight']
You should probably TRAIN this model on a down-stream task to be able to use it for predictions and inference.
[step 0001/150] method=baseline_cagrad loss=0.6385 train_acc=nan train_loss=nan val_acc=nan val_loss=nan best=-1.0000
[step 0010/150] method=baseline_cagrad loss=0.6838 train_acc=nan train_loss=nan val_acc=nan val_loss=nan best=-1.0000
[step 0020/150] method=baseline_cagrad loss=0.5477 train_acc=nan train_loss=nan val_acc=nan val_loss=nan best=-1.0000
[step 0030/150] method=baseline_cagrad loss=0.1032 train_acc=nan train_loss=nan val_acc=nan val_loss=nan best=-1.0000
[step 0040/150] method=baseline_cagrad loss=0.0462 train_acc=nan train_loss=nan val_acc=nan val_loss=nan best=-1.0000
[step 0050/150] method=baseline_cagrad loss=0.4309 train_acc=0.8819 train_loss=0.3256 val_acc=0.8796 val_loss=0.3349 router_H=0.6803 best=0.8796
           router_load=[0.0, 0.5090948939323425, 0.48913460969924927, 0.0017704302445054054]
[step 0060/150] method=baseline_cagrad loss=0.3842 train_acc=0.8819 train_loss=0.3256 val_acc=0.8796 val_loss=0.3349 router_H=0.6803 best=0.8796
           router_load=[0.0, 0.5090948939323425, 0.48913460969924927, 0.0017704302445054054]
[step 0070/150] method=baseline_cagrad loss=0.5220 train_acc=0.8819 train_loss=0.3256 val_acc=0.8796 val_loss=0.3349 router_H=0.6803 best=0.8796
           router_load=[0.0, 0.5090948939323425, 0.48913460969924927, 0.0017704302445054054]
[step 0080/150] method=baseline_cagrad loss=0.5571 train_acc=0.8819 train_loss=0.3256 val_acc=0.8796 val_loss=0.3349 router_H=0.6803 best=0.8796
           router_load=[0.0, 0.5090948939323425, 0.48913460969924927, 0.0017704302445054054]
[step 0090/150] method=baseline_cagrad loss=0.4289 train_acc=0.8819 train_loss=0.3256 val_acc=0.8796 val_loss=0.3349 router_H=0.6803 best=0.8796
           router_load=[0.0, 0.5090948939323425, 0.48913460969924927, 0.0017704302445054054]
[step 0100/150] method=baseline_cagrad loss=0.5245 train_acc=0.8334 train_loss=0.4275 val_acc=0.8073 val_loss=0.4750 router_H=0.6785 best=0.8796
           router_load=[0.0, 0.45797663927078247, 0.5041385889053345, 0.03788487985730171]
[step 0110/150] method=baseline_cagrad loss=0.4030 train_acc=0.8334 train_loss=0.4275 val_acc=0.8073 val_loss=0.4750 router_H=0.6785 best=0.8796
           router_load=[0.0, 0.45797663927078247, 0.5041385889053345, 0.03788487985730171]
[step 0120/150] method=baseline_cagrad loss=0.6570 train_acc=0.8334 train_loss=0.4275 val_acc=0.8073 val_loss=0.4750 router_H=0.6785 best=0.8796
           router_load=[0.0, 0.45797663927078247, 0.5041385889053345, 0.03788487985730171]
[step 0130/150] method=baseline_cagrad loss=0.3192 train_acc=0.8334 train_loss=0.4275 val_acc=0.8073 val_loss=0.4750 router_H=0.6785 best=0.8796
           router_load=[0.0, 0.45797663927078247, 0.5041385889053345, 0.03788487985730171]
[step 0140/150] method=baseline_cagrad loss=0.5337 train_acc=0.8334 train_loss=0.4275 val_acc=0.8073 val_loss=0.4750 router_H=0.6785 best=0.8796
           router_load=[0.0, 0.45797663927078247, 0.5041385889053345, 0.03788487985730171]
[step 0150/150] method=baseline_cagrad loss=0.3218 train_acc=0.8684 train_loss=0.3197 val_acc=0.8796 val_loss=0.3172 router_H=0.6804 best=0.8796
           router_load=[0.0, 0.5089665651321411, 0.4875028431415558, 0.003530597547069192]
saved summary -> /home/zhujjing/MOE-grad-conflict-routing/runs/paper_suite/single_gpu/single_task/roberta_sst2_lora_e4_k2/hpo/cagrad/trial_runs/coord_04_anchor/cagrad_s2.json
saved curve -> /home/zhujjing/MOE-grad-conflict-routing/runs/paper_suite/single_gpu/single_task/roberta_sst2_lora_e4_k2/hpo/cagrad/trial_runs/coord_04_anchor/cagrad_s2_curve.csv
