[run] method=cagrad candidate=coord_04_method_baseline_cagrad_c_011 seed=2 steps=150 gpu=0
[run] cmd=
/home/zhujjing/anaconda3/envs/moe/bin/python /home/zhujjing/MOE-grad-conflict-routing/scripts/run.py --config configs/singletask_sst2_real.yaml --set model.backbone_backend=hf --set model.hf_load_pretrained=true --set model.backbone=roberta --set model.hf_pretrained_name=roberta-base --set model.expert_type=lora --set model.routing_mode=topk --set model.num_experts=4 --set model.top_k=2 --set seed=2 --set method.name=baseline_cagrad --set train.steps=150 --set train.eval_every_steps=50 --set method.baseline_cagrad.c=0.2255019392 --set method.baseline_cagrad.inner_lr=0.1 --set train.grad_clip=1.016176527 --set train.lr=2e-05 --set train.weight_decay=0.02884869601 --out /home/zhujjing/MOE-grad-conflict-routing/runs/paper_suite/single_gpu/single_task/roberta_sst2_lora_e4_k2/hpo/cagrad/trial_runs/coord_04_method_baseline_cagrad_c_011/cagrad_s2.json --curve_out /home/zhujjing/MOE-grad-conflict-routing/runs/paper_suite/single_gpu/single_task/roberta_sst2_lora_e4_k2/hpo/cagrad/trial_runs/coord_04_method_baseline_cagrad_c_011/cagrad_s2_curve.csv
Using the latest cached version of the dataset since glue couldn't be found on the Hugging Face Hub (offline mode is enabled).
Found the latest cached dataset configuration 'sst2' at /home/zhujjing/hf_cache/datasets/glue/sst2/0.0.0/bcdcba79d07bc864c1c254ccfcedcce55bcc9a8c (last modified on Thu Mar 19 15:01:41 2026).
/home/zhujjing/anaconda3/envs/moe/lib/python3.10/site-packages/transformers/utils/hub.py:124: FutureWarning: Using `TRANSFORMERS_CACHE` is deprecated and will be removed in v5 of Transformers. Use `HF_HOME` instead.
  warnings.warn(
Some weights of RobertaModel were not initialized from the model checkpoint at roberta-base and are newly initialized: ['roberta.pooler.dense.bias', 'roberta.pooler.dense.weight']
You should probably TRAIN this model on a down-stream task to be able to use it for predictions and inference.
[step 0001/150] method=baseline_cagrad loss=0.6462 train_acc=nan train_loss=nan val_acc=nan val_loss=nan best=-1.0000
[step 0010/150] method=baseline_cagrad loss=0.6964 train_acc=nan train_loss=nan val_acc=nan val_loss=nan best=-1.0000
[step 0020/150] method=baseline_cagrad loss=0.4062 train_acc=nan train_loss=nan val_acc=nan val_loss=nan best=-1.0000
[step 0030/150] method=baseline_cagrad loss=0.3611 train_acc=nan train_loss=nan val_acc=nan val_loss=nan best=-1.0000
[step 0040/150] method=baseline_cagrad loss=0.1728 train_acc=nan train_loss=nan val_acc=nan val_loss=nan best=-1.0000
[step 0050/150] method=baseline_cagrad loss=0.4879 train_acc=0.8744 train_loss=0.3465 val_acc=0.8555 val_loss=0.3849 router_H=0.6877 best=0.8555
           router_load=[0.27839145064353943, 0.09291090816259384, 0.15544520318508148, 0.47325241565704346]
[step 0060/150] method=baseline_cagrad loss=0.3081 train_acc=0.8744 train_loss=0.3465 val_acc=0.8555 val_loss=0.3849 router_H=0.6877 best=0.8555
           router_load=[0.27839145064353943, 0.09291090816259384, 0.15544520318508148, 0.47325241565704346]
[step 0070/150] method=baseline_cagrad loss=0.4722 train_acc=0.8744 train_loss=0.3465 val_acc=0.8555 val_loss=0.3849 router_H=0.6877 best=0.8555
           router_load=[0.27839145064353943, 0.09291090816259384, 0.15544520318508148, 0.47325241565704346]
[step 0080/150] method=baseline_cagrad loss=0.5292 train_acc=0.8744 train_loss=0.3465 val_acc=0.8555 val_loss=0.3849 router_H=0.6877 best=0.8555
           router_load=[0.27839145064353943, 0.09291090816259384, 0.15544520318508148, 0.47325241565704346]
[step 0090/150] method=baseline_cagrad loss=0.2656 train_acc=0.8744 train_loss=0.3465 val_acc=0.8555 val_loss=0.3849 router_H=0.6877 best=0.8555
           router_load=[0.27839145064353943, 0.09291090816259384, 0.15544520318508148, 0.47325241565704346]
[step 0100/150] method=baseline_cagrad loss=0.6603 train_acc=0.7660 train_loss=0.4965 val_acc=0.7225 val_loss=0.5927 router_H=0.6877 best=0.8555
           router_load=[0.241157665848732, 0.14834623038768768, 0.11692246049642563, 0.4935736358165741]
[step 0110/150] method=baseline_cagrad loss=0.4571 train_acc=0.7660 train_loss=0.4965 val_acc=0.7225 val_loss=0.5927 router_H=0.6877 best=0.8555
           router_load=[0.241157665848732, 0.14834623038768768, 0.11692246049642563, 0.4935736358165741]
[step 0120/150] method=baseline_cagrad loss=0.4355 train_acc=0.7660 train_loss=0.4965 val_acc=0.7225 val_loss=0.5927 router_H=0.6877 best=0.8555
           router_load=[0.241157665848732, 0.14834623038768768, 0.11692246049642563, 0.4935736358165741]
[step 0130/150] method=baseline_cagrad loss=0.2810 train_acc=0.7660 train_loss=0.4965 val_acc=0.7225 val_loss=0.5927 router_H=0.6877 best=0.8555
           router_load=[0.241157665848732, 0.14834623038768768, 0.11692246049642563, 0.4935736358165741]
[step 0140/150] method=baseline_cagrad loss=0.4117 train_acc=0.7660 train_loss=0.4965 val_acc=0.7225 val_loss=0.5927 router_H=0.6877 best=0.8555
           router_load=[0.241157665848732, 0.14834623038768768, 0.11692246049642563, 0.4935736358165741]
[step 0150/150] method=baseline_cagrad loss=0.5450 train_acc=0.8913 train_loss=0.3075 val_acc=0.9048 val_loss=0.2651 router_H=0.6874 best=0.9048
           router_load=[0.22996386885643005, 0.2280355989933014, 0.10071468353271484, 0.44128572940826416]
saved summary -> /home/zhujjing/MOE-grad-conflict-routing/runs/paper_suite/single_gpu/single_task/roberta_sst2_lora_e4_k2/hpo/cagrad/trial_runs/coord_04_method_baseline_cagrad_c_011/cagrad_s2.json
saved curve -> /home/zhujjing/MOE-grad-conflict-routing/runs/paper_suite/single_gpu/single_task/roberta_sst2_lora_e4_k2/hpo/cagrad/trial_runs/coord_04_method_baseline_cagrad_c_011/cagrad_s2_curve.csv
