[run] method=cagrad candidate=coord_04_method_baseline_cagrad_c_013 seed=2 steps=150 gpu=0
[run] cmd=
/home/zhujjing/anaconda3/envs/moe/bin/python /home/zhujjing/MOE-grad-conflict-routing/scripts/run.py --config configs/singletask_sst2_real.yaml --set model.backbone_backend=hf --set model.hf_load_pretrained=true --set model.backbone=roberta --set model.hf_pretrained_name=roberta-base --set model.expert_type=lora --set model.routing_mode=topk --set model.num_experts=4 --set model.top_k=2 --set seed=2 --set method.name=baseline_cagrad --set train.steps=150 --set train.eval_every_steps=50 --set method.baseline_cagrad.c=0.3662081092 --set method.baseline_cagrad.inner_lr=0.1 --set train.grad_clip=1.016176527 --set train.lr=2e-05 --set train.weight_decay=0.02884869601 --out /home/zhujjing/MOE-grad-conflict-routing/runs/paper_suite/single_gpu/single_task/roberta_sst2_lora_e4_k2/hpo/cagrad/trial_runs/coord_04_method_baseline_cagrad_c_013/cagrad_s2.json --curve_out /home/zhujjing/MOE-grad-conflict-routing/runs/paper_suite/single_gpu/single_task/roberta_sst2_lora_e4_k2/hpo/cagrad/trial_runs/coord_04_method_baseline_cagrad_c_013/cagrad_s2_curve.csv
Using the latest cached version of the dataset since glue couldn't be found on the Hugging Face Hub (offline mode is enabled).
Found the latest cached dataset configuration 'sst2' at /home/zhujjing/hf_cache/datasets/glue/sst2/0.0.0/bcdcba79d07bc864c1c254ccfcedcce55bcc9a8c (last modified on Thu Mar 19 15:01:41 2026).
/home/zhujjing/anaconda3/envs/moe/lib/python3.10/site-packages/transformers/utils/hub.py:124: FutureWarning: Using `TRANSFORMERS_CACHE` is deprecated and will be removed in v5 of Transformers. Use `HF_HOME` instead.
  warnings.warn(
Some weights of RobertaModel were not initialized from the model checkpoint at roberta-base and are newly initialized: ['roberta.pooler.dense.bias', 'roberta.pooler.dense.weight']
You should probably TRAIN this model on a down-stream task to be able to use it for predictions and inference.
[step 0001/150] method=baseline_cagrad loss=0.7206 train_acc=nan train_loss=nan val_acc=nan val_loss=nan best=-1.0000
[step 0010/150] method=baseline_cagrad loss=0.7062 train_acc=nan train_loss=nan val_acc=nan val_loss=nan best=-1.0000
[step 0020/150] method=baseline_cagrad loss=0.4781 train_acc=nan train_loss=nan val_acc=nan val_loss=nan best=-1.0000
[step 0030/150] method=baseline_cagrad loss=0.5475 train_acc=nan train_loss=nan val_acc=nan val_loss=nan best=-1.0000
[step 0040/150] method=baseline_cagrad loss=0.2618 train_acc=nan train_loss=nan val_acc=nan val_loss=nan best=-1.0000
[step 0050/150] method=baseline_cagrad loss=0.4986 train_acc=0.8675 train_loss=0.3627 val_acc=0.8635 val_loss=0.3441 router_H=0.6871 best=0.8635
           router_load=[0.00034816667903214693, 0.2212635576725006, 0.4291793704032898, 0.3492090404033661]
[step 0060/150] method=baseline_cagrad loss=0.3617 train_acc=0.8675 train_loss=0.3627 val_acc=0.8635 val_loss=0.3441 router_H=0.6871 best=0.8635
           router_load=[0.00034816667903214693, 0.2212635576725006, 0.4291793704032898, 0.3492090404033661]
[step 0070/150] method=baseline_cagrad loss=0.4354 train_acc=0.8675 train_loss=0.3627 val_acc=0.8635 val_loss=0.3441 router_H=0.6871 best=0.8635
           router_load=[0.00034816667903214693, 0.2212635576725006, 0.4291793704032898, 0.3492090404033661]
[step 0080/150] method=baseline_cagrad loss=0.5673 train_acc=0.8675 train_loss=0.3627 val_acc=0.8635 val_loss=0.3441 router_H=0.6871 best=0.8635
           router_load=[0.00034816667903214693, 0.2212635576725006, 0.4291793704032898, 0.3492090404033661]
[step 0090/150] method=baseline_cagrad loss=0.2372 train_acc=0.8675 train_loss=0.3627 val_acc=0.8635 val_loss=0.3441 router_H=0.6871 best=0.8635
           router_load=[0.00034816667903214693, 0.2212635576725006, 0.4291793704032898, 0.3492090404033661]
[step 0100/150] method=baseline_cagrad loss=0.5194 train_acc=0.8491 train_loss=0.3846 val_acc=0.8085 val_loss=0.4569 router_H=0.6868 best=0.8635
           router_load=[0.007385950535535812, 0.2735496461391449, 0.4405401945114136, 0.27852433919906616]
[step 0110/150] method=baseline_cagrad loss=0.3631 train_acc=0.8491 train_loss=0.3846 val_acc=0.8085 val_loss=0.4569 router_H=0.6868 best=0.8635
           router_load=[0.007385950535535812, 0.2735496461391449, 0.4405401945114136, 0.27852433919906616]
[step 0120/150] method=baseline_cagrad loss=0.5497 train_acc=0.8491 train_loss=0.3846 val_acc=0.8085 val_loss=0.4569 router_H=0.6868 best=0.8635
           router_load=[0.007385950535535812, 0.2735496461391449, 0.4405401945114136, 0.27852433919906616]
[step 0130/150] method=baseline_cagrad loss=0.3000 train_acc=0.8491 train_loss=0.3846 val_acc=0.8085 val_loss=0.4569 router_H=0.6868 best=0.8635
           router_load=[0.007385950535535812, 0.2735496461391449, 0.4405401945114136, 0.27852433919906616]
[step 0140/150] method=baseline_cagrad loss=0.5029 train_acc=0.8491 train_loss=0.3846 val_acc=0.8085 val_loss=0.4569 router_H=0.6868 best=0.8635
           router_load=[0.007385950535535812, 0.2735496461391449, 0.4405401945114136, 0.27852433919906616]
[step 0150/150] method=baseline_cagrad loss=0.4026 train_acc=0.8661 train_loss=0.3317 val_acc=0.8727 val_loss=0.3344 router_H=0.6829 best=0.8727
           router_load=[0.0005153152160346508, 0.3116081655025482, 0.5422250032424927, 0.14565148949623108]
saved summary -> /home/zhujjing/MOE-grad-conflict-routing/runs/paper_suite/single_gpu/single_task/roberta_sst2_lora_e4_k2/hpo/cagrad/trial_runs/coord_04_method_baseline_cagrad_c_013/cagrad_s2.json
saved curve -> /home/zhujjing/MOE-grad-conflict-routing/runs/paper_suite/single_gpu/single_task/roberta_sst2_lora_e4_k2/hpo/cagrad/trial_runs/coord_04_method_baseline_cagrad_c_013/cagrad_s2_curve.csv
