[run] method=cagrad candidate=coord_04_method_baseline_cagrad_c_004 seed=3 steps=150 gpu=0
[run] cmd=
/home/zhujjing/anaconda3/envs/moe/bin/python /home/zhujjing/MOE-grad-conflict-routing/scripts/run.py --config configs/singletask_sst2_real.yaml --set model.backbone_backend=hf --set model.hf_load_pretrained=true --set model.backbone=roberta --set model.hf_pretrained_name=roberta-base --set model.expert_type=lora --set model.routing_mode=topk --set model.num_experts=4 --set model.top_k=2 --set seed=3 --set method.name=baseline_cagrad --set train.steps=150 --set train.eval_every_steps=50 --set method.baseline_cagrad.c=0.3104309341 --set method.baseline_cagrad.inner_lr=0.1 --set train.grad_clip=1.016176527 --set train.lr=2e-05 --set train.weight_decay=0.02884869601 --out /home/zhujjing/MOE-grad-conflict-routing/runs/paper_suite/single_gpu/single_task/roberta_sst2_lora_e4_k2/hpo/cagrad/trial_runs/coord_04_method_baseline_cagrad_c_004/cagrad_s3.json --curve_out /home/zhujjing/MOE-grad-conflict-routing/runs/paper_suite/single_gpu/single_task/roberta_sst2_lora_e4_k2/hpo/cagrad/trial_runs/coord_04_method_baseline_cagrad_c_004/cagrad_s3_curve.csv
Using the latest cached version of the dataset since glue couldn't be found on the Hugging Face Hub (offline mode is enabled).
Found the latest cached dataset configuration 'sst2' at /home/zhujjing/hf_cache/datasets/glue/sst2/0.0.0/bcdcba79d07bc864c1c254ccfcedcce55bcc9a8c (last modified on Thu Mar 19 15:01:41 2026).
/home/zhujjing/anaconda3/envs/moe/lib/python3.10/site-packages/transformers/utils/hub.py:124: FutureWarning: Using `TRANSFORMERS_CACHE` is deprecated and will be removed in v5 of Transformers. Use `HF_HOME` instead.
  warnings.warn(
Some weights of RobertaModel were not initialized from the model checkpoint at roberta-base and are newly initialized: ['roberta.pooler.dense.bias', 'roberta.pooler.dense.weight']
You should probably TRAIN this model on a down-stream task to be able to use it for predictions and inference.
[step 0001/150] method=baseline_cagrad loss=0.5689 train_acc=nan train_loss=nan val_acc=nan val_loss=nan best=-1.0000
[step 0010/150] method=baseline_cagrad loss=0.6568 train_acc=nan train_loss=nan val_acc=nan val_loss=nan best=-1.0000
[step 0020/150] method=baseline_cagrad loss=0.5975 train_acc=nan train_loss=nan val_acc=nan val_loss=nan best=-1.0000
[step 0030/150] method=baseline_cagrad loss=0.5080 train_acc=nan train_loss=nan val_acc=nan val_loss=nan best=-1.0000
[step 0040/150] method=baseline_cagrad loss=0.6430 train_acc=nan train_loss=nan val_acc=nan val_loss=nan best=-1.0000
[step 0050/150] method=baseline_cagrad loss=0.5351 train_acc=0.8590 train_loss=0.3663 val_acc=0.8704 val_loss=0.3360 router_H=0.6884 best=0.8704
           router_load=[0.09808365255594254, 0.45767655968666077, 0.31287962198257446, 0.1313600242137909]
[step 0060/150] method=baseline_cagrad loss=0.3985 train_acc=0.8590 train_loss=0.3663 val_acc=0.8704 val_loss=0.3360 router_H=0.6884 best=0.8704
           router_load=[0.09808365255594254, 0.45767655968666077, 0.31287962198257446, 0.1313600242137909]
[step 0070/150] method=baseline_cagrad loss=0.4023 train_acc=0.8590 train_loss=0.3663 val_acc=0.8704 val_loss=0.3360 router_H=0.6884 best=0.8704
           router_load=[0.09808365255594254, 0.45767655968666077, 0.31287962198257446, 0.1313600242137909]
[step 0080/150] method=baseline_cagrad loss=0.1943 train_acc=0.8590 train_loss=0.3663 val_acc=0.8704 val_loss=0.3360 router_H=0.6884 best=0.8704
           router_load=[0.09808365255594254, 0.45767655968666077, 0.31287962198257446, 0.1313600242137909]
[step 0090/150] method=baseline_cagrad loss=0.3227 train_acc=0.8590 train_loss=0.3663 val_acc=0.8704 val_loss=0.3360 router_H=0.6884 best=0.8704
           router_load=[0.09808365255594254, 0.45767655968666077, 0.31287962198257446, 0.1313600242137909]
[step 0100/150] method=baseline_cagrad loss=0.3877 train_acc=0.8865 train_loss=0.2903 val_acc=0.9117 val_loss=0.2518 router_H=0.6861 best=0.9117
           router_load=[0.07068629562854767, 0.38240376114845276, 0.4257044792175293, 0.12120543420314789]
[step 0110/150] method=baseline_cagrad loss=0.6516 train_acc=0.8865 train_loss=0.2903 val_acc=0.9117 val_loss=0.2518 router_H=0.6861 best=0.9117
           router_load=[0.07068629562854767, 0.38240376114845276, 0.4257044792175293, 0.12120543420314789]
[step 0120/150] method=baseline_cagrad loss=0.4981 train_acc=0.8865 train_loss=0.2903 val_acc=0.9117 val_loss=0.2518 router_H=0.6861 best=0.9117
           router_load=[0.07068629562854767, 0.38240376114845276, 0.4257044792175293, 0.12120543420314789]
[step 0130/150] method=baseline_cagrad loss=0.8010 train_acc=0.8865 train_loss=0.2903 val_acc=0.9117 val_loss=0.2518 router_H=0.6861 best=0.9117
           router_load=[0.07068629562854767, 0.38240376114845276, 0.4257044792175293, 0.12120543420314789]
[step 0140/150] method=baseline_cagrad loss=0.2577 train_acc=0.8865 train_loss=0.2903 val_acc=0.9117 val_loss=0.2518 router_H=0.6861 best=0.9117
           router_load=[0.07068629562854767, 0.38240376114845276, 0.4257044792175293, 0.12120543420314789]
[step 0150/150] method=baseline_cagrad loss=0.1054 train_acc=0.8915 train_loss=0.3121 val_acc=0.9186 val_loss=0.2511 router_H=0.6843 best=0.9186
           router_load=[0.026864906772971153, 0.4401378929615021, 0.47919005155563354, 0.053807053714990616]
saved summary -> /home/zhujjing/MOE-grad-conflict-routing/runs/paper_suite/single_gpu/single_task/roberta_sst2_lora_e4_k2/hpo/cagrad/trial_runs/coord_04_method_baseline_cagrad_c_004/cagrad_s3.json
saved curve -> /home/zhujjing/MOE-grad-conflict-routing/runs/paper_suite/single_gpu/single_task/roberta_sst2_lora_e4_k2/hpo/cagrad/trial_runs/coord_04_method_baseline_cagrad_c_004/cagrad_s3_curve.csv
