[run] method=baseline candidate=coord_02_train_weight_decay_000 seed=3 steps=100 gpu=2
[run] cmd=
/home/yuli0398/miniconda3/envs/optimization/bin/python /share/home/yuli0398/Optimization/MOE-grad-conflict-routing/scripts/run.py --config configs/singletask_mrpc_real.yaml --set model.backbone_backend=hf --set model.hf_load_pretrained=true --set model.backbone=deberta --set model.hf_pretrained_name=microsoft/deberta-v3-base --set model.expert_type=lora --set model.num_experts=4 --set model.top_k=2 --set seed=3 --set method.name=baseline_avg --set train.steps=100 --set train.eval_every_steps=50 --set train.grad_clip=1 --set train.lr=3.842377498e-05 --set train.weight_decay=0.02474250561 --out /share/home/yuli0398/Optimization/MOE-grad-conflict-routing/runs/mrpc_deberta_coord48_s23_final235_gpu12/single_task/deberta_mrpc_lora_e4_k2/hpo/baseline/trial_runs/coord_02_train_weight_decay_000/baseline_s3.json --curve_out /share/home/yuli0398/Optimization/MOE-grad-conflict-routing/runs/mrpc_deberta_coord48_s23_final235_gpu12/single_task/deberta_mrpc_lora_e4_k2/hpo/baseline/trial_runs/coord_02_train_weight_decay_000/baseline_s3_curve.csv
/home/yuli0398/miniconda3/envs/optimization/lib/python3.10/site-packages/torch/cuda/__init__.py:61: FutureWarning: The pynvml package is deprecated. Please install nvidia-ml-py instead. If you did not install pynvml directly, please report this to the maintainers of the package that installed pynvml for you.
  import pynvml  # type: ignore[import]
/home/yuli0398/miniconda3/envs/optimization/lib/python3.10/site-packages/transformers/convert_slow_tokenizer.py:561: UserWarning: The sentencepiece tokenizer that you are converting to a fast tokenizer uses the byte fallback option which is not implemented in the fast tokenizers. In practice this means that the fast version of the tokenizer can produce unknown tokens whereas the sentencepiece version would have converted these unknown tokens into a sequence of byte tokens matching the original piece of text.
  warnings.warn(
[step 0001/100] method=baseline_avg loss=0.7449 train_acc=nan train_loss=nan val_acc=nan val_loss=nan best=-1.0000
[step 0010/100] method=baseline_avg loss=0.6088 train_acc=nan train_loss=nan val_acc=nan val_loss=nan best=-1.0000
[step 0020/100] method=baseline_avg loss=0.5167 train_acc=nan train_loss=nan val_acc=nan val_loss=nan best=-1.0000
[step 0030/100] method=baseline_avg loss=0.4063 train_acc=nan train_loss=nan val_acc=nan val_loss=nan best=-1.0000
[step 0040/100] method=baseline_avg loss=0.5107 train_acc=nan train_loss=nan val_acc=nan val_loss=nan best=-1.0000
[step 0050/100] method=baseline_avg loss=0.4098 train_acc=0.7993 train_loss=0.4179 val_acc=0.7892 val_loss=0.4258 router_H=1.2884 best=0.7892
           router_load=[0.4332108199596405, 0.14328880608081818, 0.21817080676555634, 0.20532958209514618]
[step 0060/100] method=baseline_avg loss=0.3537 train_acc=0.7993 train_loss=0.4179 val_acc=0.7892 val_loss=0.4258 router_H=1.2884 best=0.7892
           router_load=[0.4332108199596405, 0.14328880608081818, 0.21817080676555634, 0.20532958209514618]
[step 0070/100] method=baseline_avg loss=0.3405 train_acc=0.7993 train_loss=0.4179 val_acc=0.7892 val_loss=0.4258 router_H=1.2884 best=0.7892
           router_load=[0.4332108199596405, 0.14328880608081818, 0.21817080676555634, 0.20532958209514618]
[step 0080/100] method=baseline_avg loss=0.1961 train_acc=0.7993 train_loss=0.4179 val_acc=0.7892 val_loss=0.4258 router_H=1.2884 best=0.7892
           router_load=[0.4332108199596405, 0.14328880608081818, 0.21817080676555634, 0.20532958209514618]
[step 0090/100] method=baseline_avg loss=0.5238 train_acc=0.7993 train_loss=0.4179 val_acc=0.7892 val_loss=0.4258 router_H=1.2884 best=0.7892
           router_load=[0.4332108199596405, 0.14328880608081818, 0.21817080676555634, 0.20532958209514618]
[step 0100/100] method=baseline_avg loss=0.3899 train_acc=0.8705 train_loss=0.3068 val_acc=0.8554 val_loss=0.3546 router_H=1.3218 best=0.8554
           router_load=[0.37834668159484863, 0.17434172332286835, 0.2718198895454407, 0.17549170553684235]
saved summary -> /share/home/yuli0398/Optimization/MOE-grad-conflict-routing/runs/mrpc_deberta_coord48_s23_final235_gpu12/single_task/deberta_mrpc_lora_e4_k2/hpo/baseline/trial_runs/coord_02_train_weight_decay_000/baseline_s3.json
saved curve -> /share/home/yuli0398/Optimization/MOE-grad-conflict-routing/runs/mrpc_deberta_coord48_s23_final235_gpu12/single_task/deberta_mrpc_lora_e4_k2/hpo/baseline/trial_runs/coord_02_train_weight_decay_000/baseline_s3_curve.csv
