[run] method=baseline candidate=coord_02_train_weight_decay_013 seed=2 steps=100 gpu=2
[run] cmd=
/home/yuli0398/miniconda3/envs/optimization/bin/python /share/home/yuli0398/Optimization/MOE-grad-conflict-routing/scripts/run.py --config configs/singletask_mrpc_real.yaml --set model.backbone_backend=hf --set model.hf_load_pretrained=true --set model.backbone=deberta --set model.hf_pretrained_name=microsoft/deberta-v3-base --set model.expert_type=lora --set model.num_experts=4 --set model.top_k=2 --set seed=2 --set method.name=baseline_avg --set train.steps=100 --set train.eval_every_steps=50 --set train.grad_clip=1 --set train.lr=3.842377498e-05 --set train.weight_decay=0.01487570917 --out /share/home/yuli0398/Optimization/MOE-grad-conflict-routing/runs/mrpc_deberta_coord48_s23_final235_gpu12/single_task/deberta_mrpc_lora_e4_k2/hpo/baseline/trial_runs/coord_02_train_weight_decay_013/baseline_s2.json --curve_out /share/home/yuli0398/Optimization/MOE-grad-conflict-routing/runs/mrpc_deberta_coord48_s23_final235_gpu12/single_task/deberta_mrpc_lora_e4_k2/hpo/baseline/trial_runs/coord_02_train_weight_decay_013/baseline_s2_curve.csv
/home/yuli0398/miniconda3/envs/optimization/lib/python3.10/site-packages/torch/cuda/__init__.py:61: FutureWarning: The pynvml package is deprecated. Please install nvidia-ml-py instead. If you did not install pynvml directly, please report this to the maintainers of the package that installed pynvml for you.
  import pynvml  # type: ignore[import]
/home/yuli0398/miniconda3/envs/optimization/lib/python3.10/site-packages/transformers/convert_slow_tokenizer.py:561: UserWarning: The sentencepiece tokenizer that you are converting to a fast tokenizer uses the byte fallback option which is not implemented in the fast tokenizers. In practice this means that the fast version of the tokenizer can produce unknown tokens whereas the sentencepiece version would have converted these unknown tokens into a sequence of byte tokens matching the original piece of text.
  warnings.warn(
[step 0001/100] method=baseline_avg loss=0.7503 train_acc=nan train_loss=nan val_acc=nan val_loss=nan best=-1.0000
[step 0010/100] method=baseline_avg loss=0.6956 train_acc=nan train_loss=nan val_acc=nan val_loss=nan best=-1.0000
[step 0020/100] method=baseline_avg loss=0.6660 train_acc=nan train_loss=nan val_acc=nan val_loss=nan best=-1.0000
[step 0030/100] method=baseline_avg loss=0.5405 train_acc=nan train_loss=nan val_acc=nan val_loss=nan best=-1.0000
[step 0040/100] method=baseline_avg loss=0.4837 train_acc=nan train_loss=nan val_acc=nan val_loss=nan best=-1.0000
[step 0050/100] method=baseline_avg loss=0.5083 train_acc=0.7830 train_loss=0.4591 val_acc=0.7941 val_loss=0.4534 router_H=1.2562 best=0.7941
           router_load=[0.1305120885372162, 0.18771620094776154, 0.46716928482055664, 0.21460238099098206]
[step 0060/100] method=baseline_avg loss=0.5602 train_acc=0.7830 train_loss=0.4591 val_acc=0.7941 val_loss=0.4534 router_H=1.2562 best=0.7941
           router_load=[0.1305120885372162, 0.18771620094776154, 0.46716928482055664, 0.21460238099098206]
[step 0070/100] method=baseline_avg loss=0.3449 train_acc=0.7830 train_loss=0.4591 val_acc=0.7941 val_loss=0.4534 router_H=1.2562 best=0.7941
           router_load=[0.1305120885372162, 0.18771620094776154, 0.46716928482055664, 0.21460238099098206]
[step 0080/100] method=baseline_avg loss=0.4506 train_acc=0.7830 train_loss=0.4591 val_acc=0.7941 val_loss=0.4534 router_H=1.2562 best=0.7941
           router_load=[0.1305120885372162, 0.18771620094776154, 0.46716928482055664, 0.21460238099098206]
[step 0090/100] method=baseline_avg loss=0.3034 train_acc=0.7830 train_loss=0.4591 val_acc=0.7941 val_loss=0.4534 router_H=1.2562 best=0.7941
           router_load=[0.1305120885372162, 0.18771620094776154, 0.46716928482055664, 0.21460238099098206]
[step 0100/100] method=baseline_avg loss=0.2097 train_acc=0.8746 train_loss=0.2798 val_acc=0.8431 val_loss=0.3514 router_H=1.2914 best=0.8431
           router_load=[0.14151717722415924, 0.20009258389472961, 0.3957933783531189, 0.26259690523147583]
saved summary -> /share/home/yuli0398/Optimization/MOE-grad-conflict-routing/runs/mrpc_deberta_coord48_s23_final235_gpu12/single_task/deberta_mrpc_lora_e4_k2/hpo/baseline/trial_runs/coord_02_train_weight_decay_013/baseline_s2.json
saved curve -> /share/home/yuli0398/Optimization/MOE-grad-conflict-routing/runs/mrpc_deberta_coord48_s23_final235_gpu12/single_task/deberta_mrpc_lora_e4_k2/hpo/baseline/trial_runs/coord_02_train_weight_decay_013/baseline_s2_curve.csv
