[run] method=baseline candidate=coord_02_train_weight_decay_008 seed=2 steps=100 gpu=2
[run] cmd=
/home/yuli0398/miniconda3/envs/optimization/bin/python /share/home/yuli0398/Optimization/MOE-grad-conflict-routing/scripts/run.py --config configs/singletask_mrpc_real.yaml --set model.backbone_backend=hf --set model.hf_load_pretrained=true --set model.backbone=deberta --set model.hf_pretrained_name=microsoft/deberta-v3-base --set model.expert_type=lora --set model.num_experts=4 --set model.top_k=2 --set seed=2 --set method.name=baseline_avg --set train.steps=100 --set train.eval_every_steps=50 --set train.grad_clip=1 --set train.lr=3.842377498e-05 --set train.weight_decay=0.01543368426 --out /share/home/yuli0398/Optimization/MOE-grad-conflict-routing/runs/mrpc_deberta_coord48_s23_final235_gpu12/single_task/deberta_mrpc_lora_e4_k2/hpo/baseline/trial_runs/coord_02_train_weight_decay_008/baseline_s2.json --curve_out /share/home/yuli0398/Optimization/MOE-grad-conflict-routing/runs/mrpc_deberta_coord48_s23_final235_gpu12/single_task/deberta_mrpc_lora_e4_k2/hpo/baseline/trial_runs/coord_02_train_weight_decay_008/baseline_s2_curve.csv
/home/yuli0398/miniconda3/envs/optimization/lib/python3.10/site-packages/torch/cuda/__init__.py:61: FutureWarning: The pynvml package is deprecated. Please install nvidia-ml-py instead. If you did not install pynvml directly, please report this to the maintainers of the package that installed pynvml for you.
  import pynvml  # type: ignore[import]
/home/yuli0398/miniconda3/envs/optimization/lib/python3.10/site-packages/transformers/convert_slow_tokenizer.py:561: UserWarning: The sentencepiece tokenizer that you are converting to a fast tokenizer uses the byte fallback option which is not implemented in the fast tokenizers. In practice this means that the fast version of the tokenizer can produce unknown tokens whereas the sentencepiece version would have converted these unknown tokens into a sequence of byte tokens matching the original piece of text.
  warnings.warn(
[step 0001/100] method=baseline_avg loss=0.7660 train_acc=nan train_loss=nan val_acc=nan val_loss=nan best=-1.0000
[step 0010/100] method=baseline_avg loss=0.7546 train_acc=nan train_loss=nan val_acc=nan val_loss=nan best=-1.0000
[step 0020/100] method=baseline_avg loss=0.5448 train_acc=nan train_loss=nan val_acc=nan val_loss=nan best=-1.0000
[step 0030/100] method=baseline_avg loss=0.5917 train_acc=nan train_loss=nan val_acc=nan val_loss=nan best=-1.0000
[step 0040/100] method=baseline_avg loss=0.5104 train_acc=nan train_loss=nan val_acc=nan val_loss=nan best=-1.0000
[step 0050/100] method=baseline_avg loss=0.5347 train_acc=0.7372 train_loss=0.5080 val_acc=0.7181 val_loss=0.5208 router_H=1.3502 best=0.7181
           router_load=[0.31567010283470154, 0.26054781675338745, 0.16315527260303497, 0.26062679290771484]
[step 0060/100] method=baseline_avg loss=0.5156 train_acc=0.7372 train_loss=0.5080 val_acc=0.7181 val_loss=0.5208 router_H=1.3502 best=0.7181
           router_load=[0.31567010283470154, 0.26054781675338745, 0.16315527260303497, 0.26062679290771484]
[step 0070/100] method=baseline_avg loss=0.4115 train_acc=0.7372 train_loss=0.5080 val_acc=0.7181 val_loss=0.5208 router_H=1.3502 best=0.7181
           router_load=[0.31567010283470154, 0.26054781675338745, 0.16315527260303497, 0.26062679290771484]
[step 0080/100] method=baseline_avg loss=0.3211 train_acc=0.7372 train_loss=0.5080 val_acc=0.7181 val_loss=0.5208 router_H=1.3502 best=0.7181
           router_load=[0.31567010283470154, 0.26054781675338745, 0.16315527260303497, 0.26062679290771484]
[step 0090/100] method=baseline_avg loss=0.4906 train_acc=0.7372 train_loss=0.5080 val_acc=0.7181 val_loss=0.5208 router_H=1.3502 best=0.7181
           router_load=[0.31567010283470154, 0.26054781675338745, 0.16315527260303497, 0.26062679290771484]
[step 0100/100] method=baseline_avg loss=0.3505 train_acc=0.8623 train_loss=0.3162 val_acc=0.8456 val_loss=0.3420 router_H=1.3412 best=0.8456
           router_load=[0.27046602964401245, 0.20961089432239532, 0.29162344336509705, 0.22829966247081757]
saved summary -> /share/home/yuli0398/Optimization/MOE-grad-conflict-routing/runs/mrpc_deberta_coord48_s23_final235_gpu12/single_task/deberta_mrpc_lora_e4_k2/hpo/baseline/trial_runs/coord_02_train_weight_decay_008/baseline_s2.json
saved curve -> /share/home/yuli0398/Optimization/MOE-grad-conflict-routing/runs/mrpc_deberta_coord48_s23_final235_gpu12/single_task/deberta_mrpc_lora_e4_k2/hpo/baseline/trial_runs/coord_02_train_weight_decay_008/baseline_s2_curve.csv
