[run] method=cagrad candidate=coord_05_method_baseline_cagrad_inner_lr_010 seed=7 steps=1000 gpu=0
[run] cmd=
/home/zhujjing/anaconda3/envs/moe/bin/python /home/zhujjing/MOE-grad-conflict-routing/scripts/run.py --config configs/singletask_rte_real.yaml --set model.backbone_backend=hf --set model.hf_load_pretrained=true --set model.backbone=roberta --set model.hf_pretrained_name=roberta-base --set model.expert_type=lora --set model.routing_mode=topk --set model.num_experts=4 --set model.top_k=2 --set seed=7 --set method.name=baseline_cagrad --set train.steps=1000 --set train.eval_every_steps=50 --set method.baseline_cagrad.c=0.4 --set method.baseline_cagrad.inner_lr=0.07309891419 --set train.grad_clip=1 --set train.lr=2.410351909e-05 --set train.weight_decay=0.03456878451 --out /home/zhujjing/MOE-grad-conflict-routing/runs/paper_suite/single_gpu/single_task/roberta_rte_lora_e4_k2/final/cagrad_s7.json --curve_out /home/zhujjing/MOE-grad-conflict-routing/runs/paper_suite/single_gpu/single_task/roberta_rte_lora_e4_k2/final/cagrad_s7_curve.csv
Using the latest cached version of the dataset since glue couldn't be found on the Hugging Face Hub (offline mode is enabled).
Found the latest cached dataset configuration 'rte' at /home/zhujjing/hf_cache/datasets/glue/rte/0.0.0/bcdcba79d07bc864c1c254ccfcedcce55bcc9a8c (last modified on Thu Mar 19 15:00:36 2026).
/home/zhujjing/anaconda3/envs/moe/lib/python3.10/site-packages/transformers/utils/hub.py:124: FutureWarning: Using `TRANSFORMERS_CACHE` is deprecated and will be removed in v5 of Transformers. Use `HF_HOME` instead.
  warnings.warn(
Some weights of RobertaModel were not initialized from the model checkpoint at roberta-base and are newly initialized: ['roberta.pooler.dense.bias', 'roberta.pooler.dense.weight']
You should probably TRAIN this model on a down-stream task to be able to use it for predictions and inference.
[step 0001/1000] method=baseline_cagrad loss=0.7059 train_acc=nan train_loss=nan val_acc=nan val_loss=nan best=-1.0000
[step 0010/1000] method=baseline_cagrad loss=0.7097 train_acc=nan train_loss=nan val_acc=nan val_loss=nan best=-1.0000
[step 0020/1000] method=baseline_cagrad loss=0.6939 train_acc=nan train_loss=nan val_acc=nan val_loss=nan best=-1.0000
[step 0030/1000] method=baseline_cagrad loss=0.7090 train_acc=nan train_loss=nan val_acc=nan val_loss=nan best=-1.0000
[step 0040/1000] method=baseline_cagrad loss=0.6996 train_acc=nan train_loss=nan val_acc=nan val_loss=nan best=-1.0000
[step 0050/1000] method=baseline_cagrad loss=0.7196 train_acc=0.6008 train_loss=0.6770 val_acc=0.5740 val_loss=0.6779 router_H=0.6878 best=0.5740
           router_load=[0.5511280298233032, 0.39424070715904236, 0.0, 0.05463133379817009]
[step 0060/1000] method=baseline_cagrad loss=0.6151 train_acc=0.6008 train_loss=0.6770 val_acc=0.5740 val_loss=0.6779 router_H=0.6878 best=0.5740
           router_load=[0.5511280298233032, 0.39424070715904236, 0.0, 0.05463133379817009]
[step 0070/1000] method=baseline_cagrad loss=0.7073 train_acc=0.6008 train_loss=0.6770 val_acc=0.5740 val_loss=0.6779 router_H=0.6878 best=0.5740
           router_load=[0.5511280298233032, 0.39424070715904236, 0.0, 0.05463133379817009]
[step 0080/1000] method=baseline_cagrad loss=0.6776 train_acc=0.6008 train_loss=0.6770 val_acc=0.5740 val_loss=0.6779 router_H=0.6878 best=0.5740
           router_load=[0.5511280298233032, 0.39424070715904236, 0.0, 0.05463133379817009]
[step 0090/1000] method=baseline_cagrad loss=0.6772 train_acc=0.6008 train_loss=0.6770 val_acc=0.5740 val_loss=0.6779 router_H=0.6878 best=0.5740
           router_load=[0.5511280298233032, 0.39424070715904236, 0.0, 0.05463133379817009]
[step 0100/1000] method=baseline_cagrad loss=0.6114 train_acc=0.6960 train_loss=0.6320 val_acc=0.6318 val_loss=0.6502 router_H=0.6908 best=0.6318
           router_load=[0.5327402949333191, 0.42403921484947205, 0.0, 0.04322037845849991]
[step 0110/1000] method=baseline_cagrad loss=0.6045 train_acc=0.6960 train_loss=0.6320 val_acc=0.6318 val_loss=0.6502 router_H=0.6908 best=0.6318
           router_load=[0.5327402949333191, 0.42403921484947205, 0.0, 0.04322037845849991]
[step 0120/1000] method=baseline_cagrad loss=0.6174 train_acc=0.6960 train_loss=0.6320 val_acc=0.6318 val_loss=0.6502 router_H=0.6908 best=0.6318
           router_load=[0.5327402949333191, 0.42403921484947205, 0.0, 0.04322037845849991]
[step 0130/1000] method=baseline_cagrad loss=0.5826 train_acc=0.6960 train_loss=0.6320 val_acc=0.6318 val_loss=0.6502 router_H=0.6908 best=0.6318
           router_load=[0.5327402949333191, 0.42403921484947205, 0.0, 0.04322037845849991]
[step 0140/1000] method=baseline_cagrad loss=0.6786 train_acc=0.6960 train_loss=0.6320 val_acc=0.6318 val_loss=0.6502 router_H=0.6908 best=0.6318
           router_load=[0.5327402949333191, 0.42403921484947205, 0.0, 0.04322037845849991]
[step 0150/1000] method=baseline_cagrad loss=0.5933 train_acc=0.7261 train_loss=0.5573 val_acc=0.7148 val_loss=0.5916 router_H=0.6922 best=0.7148
           router_load=[0.5033344626426697, 0.4284587800502777, 0.0, 0.06820682436227798]
[step 0160/1000] method=baseline_cagrad loss=0.5595 train_acc=0.7261 train_loss=0.5573 val_acc=0.7148 val_loss=0.5916 router_H=0.6922 best=0.7148
           router_load=[0.5033344626426697, 0.4284587800502777, 0.0, 0.06820682436227798]
[step 0170/1000] method=baseline_cagrad loss=0.6345 train_acc=0.7261 train_loss=0.5573 val_acc=0.7148 val_loss=0.5916 router_H=0.6922 best=0.7148
           router_load=[0.5033344626426697, 0.4284587800502777, 0.0, 0.06820682436227798]
[step 0180/1000] method=baseline_cagrad loss=0.7612 train_acc=0.7261 train_loss=0.5573 val_acc=0.7148 val_loss=0.5916 router_H=0.6922 best=0.7148
           router_load=[0.5033344626426697, 0.4284587800502777, 0.0, 0.06820682436227798]
[step 0190/1000] method=baseline_cagrad loss=0.5973 train_acc=0.7261 train_loss=0.5573 val_acc=0.7148 val_loss=0.5916 router_H=0.6922 best=0.7148
           router_load=[0.5033344626426697, 0.4284587800502777, 0.0, 0.06820682436227798]
[step 0200/1000] method=baseline_cagrad loss=0.5536 train_acc=0.7843 train_loss=0.4733 val_acc=0.7220 val_loss=0.5976 router_H=0.6919 best=0.7220
           router_load=[0.4529843032360077, 0.45675864815711975, 0.0, 0.09025704115629196]
[step 0210/1000] method=baseline_cagrad loss=0.6990 train_acc=0.7843 train_loss=0.4733 val_acc=0.7220 val_loss=0.5976 router_H=0.6919 best=0.7220
           router_load=[0.4529843032360077, 0.45675864815711975, 0.0, 0.09025704115629196]
[step 0220/1000] method=baseline_cagrad loss=0.6068 train_acc=0.7843 train_loss=0.4733 val_acc=0.7220 val_loss=0.5976 router_H=0.6919 best=0.7220
           router_load=[0.4529843032360077, 0.45675864815711975, 0.0, 0.09025704115629196]
[step 0230/1000] method=baseline_cagrad loss=0.3893 train_acc=0.7843 train_loss=0.4733 val_acc=0.7220 val_loss=0.5976 router_H=0.6919 best=0.7220
           router_load=[0.4529843032360077, 0.45675864815711975, 0.0, 0.09025704115629196]
[step 0240/1000] method=baseline_cagrad loss=0.5919 train_acc=0.7843 train_loss=0.4733 val_acc=0.7220 val_loss=0.5976 router_H=0.6919 best=0.7220
           router_load=[0.4529843032360077, 0.45675864815711975, 0.0, 0.09025704115629196]
[step 0250/1000] method=baseline_cagrad loss=0.5146 train_acc=0.8542 train_loss=0.3855 val_acc=0.7437 val_loss=0.5459 router_H=0.6917 best=0.7437
           router_load=[0.49581336975097656, 0.4838046431541443, 0.0, 0.0203819889575243]
[step 0260/1000] method=baseline_cagrad loss=0.3878 train_acc=0.8542 train_loss=0.3855 val_acc=0.7437 val_loss=0.5459 router_H=0.6917 best=0.7437
           router_load=[0.49581336975097656, 0.4838046431541443, 0.0, 0.0203819889575243]
[step 0270/1000] method=baseline_cagrad loss=1.0164 train_acc=0.8542 train_loss=0.3855 val_acc=0.7437 val_loss=0.5459 router_H=0.6917 best=0.7437
           router_load=[0.49581336975097656, 0.4838046431541443, 0.0, 0.0203819889575243]
[step 0280/1000] method=baseline_cagrad loss=0.5808 train_acc=0.8542 train_loss=0.3855 val_acc=0.7437 val_loss=0.5459 router_H=0.6917 best=0.7437
           router_load=[0.49581336975097656, 0.4838046431541443, 0.0, 0.0203819889575243]
[step 0290/1000] method=baseline_cagrad loss=0.6387 train_acc=0.8542 train_loss=0.3855 val_acc=0.7437 val_loss=0.5459 router_H=0.6917 best=0.7437
           router_load=[0.49581336975097656, 0.4838046431541443, 0.0, 0.0203819889575243]
[step 0300/1000] method=baseline_cagrad loss=0.4179 train_acc=0.8201 train_loss=0.4192 val_acc=0.7184 val_loss=0.7112 router_H=0.6888 best=0.7437
           router_load=[0.38231441378593445, 0.5217311978340149, 0.0015006023459136486, 0.094453826546669]
[step 0310/1000] method=baseline_cagrad loss=0.4702 train_acc=0.8201 train_loss=0.4192 val_acc=0.7184 val_loss=0.7112 router_H=0.6888 best=0.7437
           router_load=[0.38231441378593445, 0.5217311978340149, 0.0015006023459136486, 0.094453826546669]
[step 0320/1000] method=baseline_cagrad loss=0.2538 train_acc=0.8201 train_loss=0.4192 val_acc=0.7184 val_loss=0.7112 router_H=0.6888 best=0.7437
           router_load=[0.38231441378593445, 0.5217311978340149, 0.0015006023459136486, 0.094453826546669]
[step 0330/1000] method=baseline_cagrad loss=0.3024 train_acc=0.8201 train_loss=0.4192 val_acc=0.7184 val_loss=0.7112 router_H=0.6888 best=0.7437
           router_load=[0.38231441378593445, 0.5217311978340149, 0.0015006023459136486, 0.094453826546669]
[step 0340/1000] method=baseline_cagrad loss=0.4710 train_acc=0.8201 train_loss=0.4192 val_acc=0.7184 val_loss=0.7112 router_H=0.6888 best=0.7437
           router_load=[0.38231441378593445, 0.5217311978340149, 0.0015006023459136486, 0.094453826546669]
[step 0350/1000] method=baseline_cagrad loss=0.2400 train_acc=0.9149 train_loss=0.2224 val_acc=0.7292 val_loss=0.8035 router_H=0.6891 best=0.7437
           router_load=[0.43487685918807983, 0.492603063583374, 0.0030215999577194452, 0.0694984644651413]
[step 0360/1000] method=baseline_cagrad loss=0.2068 train_acc=0.9149 train_loss=0.2224 val_acc=0.7292 val_loss=0.8035 router_H=0.6891 best=0.7437
           router_load=[0.43487685918807983, 0.492603063583374, 0.0030215999577194452, 0.0694984644651413]
[step 0370/1000] method=baseline_cagrad loss=0.4520 train_acc=0.9149 train_loss=0.2224 val_acc=0.7292 val_loss=0.8035 router_H=0.6891 best=0.7437
           router_load=[0.43487685918807983, 0.492603063583374, 0.0030215999577194452, 0.0694984644651413]
[step 0380/1000] method=baseline_cagrad loss=0.3234 train_acc=0.9149 train_loss=0.2224 val_acc=0.7292 val_loss=0.8035 router_H=0.6891 best=0.7437
           router_load=[0.43487685918807983, 0.492603063583374, 0.0030215999577194452, 0.0694984644651413]
[step 0390/1000] method=baseline_cagrad loss=0.3430 train_acc=0.9149 train_loss=0.2224 val_acc=0.7292 val_loss=0.8035 router_H=0.6891 best=0.7437
           router_load=[0.43487685918807983, 0.492603063583374, 0.0030215999577194452, 0.0694984644651413]
[step 0400/1000] method=baseline_cagrad loss=0.3051 train_acc=0.9353 train_loss=0.1859 val_acc=0.7581 val_loss=0.5930 router_H=0.6906 best=0.7581
           router_load=[0.4460482597351074, 0.48496919870376587, 0.0015564969507977366, 0.06742598861455917]
[step 0410/1000] method=baseline_cagrad loss=0.3562 train_acc=0.9353 train_loss=0.1859 val_acc=0.7581 val_loss=0.5930 router_H=0.6906 best=0.7581
           router_load=[0.4460482597351074, 0.48496919870376587, 0.0015564969507977366, 0.06742598861455917]
[step 0420/1000] method=baseline_cagrad loss=0.3268 train_acc=0.9353 train_loss=0.1859 val_acc=0.7581 val_loss=0.5930 router_H=0.6906 best=0.7581
           router_load=[0.4460482597351074, 0.48496919870376587, 0.0015564969507977366, 0.06742598861455917]
[step 0430/1000] method=baseline_cagrad loss=0.3460 train_acc=0.9353 train_loss=0.1859 val_acc=0.7581 val_loss=0.5930 router_H=0.6906 best=0.7581
           router_load=[0.4460482597351074, 0.48496919870376587, 0.0015564969507977366, 0.06742598861455917]
[step 0440/1000] method=baseline_cagrad loss=0.3389 train_acc=0.9353 train_loss=0.1859 val_acc=0.7581 val_loss=0.5930 router_H=0.6906 best=0.7581
           router_load=[0.4460482597351074, 0.48496919870376587, 0.0015564969507977366, 0.06742598861455917]
[step 0450/1000] method=baseline_cagrad loss=0.2297 train_acc=0.8169 train_loss=0.4624 val_acc=0.6895 val_loss=1.0795 router_H=0.6907 best=0.7581
           router_load=[0.3534039855003357, 0.4873200058937073, 0.056482359766960144, 0.10279370844364166]
[step 0460/1000] method=baseline_cagrad loss=0.5600 train_acc=0.8169 train_loss=0.4624 val_acc=0.6895 val_loss=1.0795 router_H=0.6907 best=0.7581
           router_load=[0.3534039855003357, 0.4873200058937073, 0.056482359766960144, 0.10279370844364166]
[step 0470/1000] method=baseline_cagrad loss=0.1237 train_acc=0.8169 train_loss=0.4624 val_acc=0.6895 val_loss=1.0795 router_H=0.6907 best=0.7581
           router_load=[0.3534039855003357, 0.4873200058937073, 0.056482359766960144, 0.10279370844364166]
[step 0480/1000] method=baseline_cagrad loss=0.3463 train_acc=0.8169 train_loss=0.4624 val_acc=0.6895 val_loss=1.0795 router_H=0.6907 best=0.7581
           router_load=[0.3534039855003357, 0.4873200058937073, 0.056482359766960144, 0.10279370844364166]
[step 0490/1000] method=baseline_cagrad loss=0.0355 train_acc=0.8169 train_loss=0.4624 val_acc=0.6895 val_loss=1.0795 router_H=0.6907 best=0.7581
           router_load=[0.3534039855003357, 0.4873200058937073, 0.056482359766960144, 0.10279370844364166]
[step 0500/1000] method=baseline_cagrad loss=1.0190 train_acc=0.9076 train_loss=0.2345 val_acc=0.6823 val_loss=1.0795 router_H=0.6871 best=0.7581
           router_load=[0.47876930236816406, 0.3804148733615875, 0.004944087006151676, 0.13587182760238647]
[step 0510/1000] method=baseline_cagrad loss=0.1360 train_acc=0.9076 train_loss=0.2345 val_acc=0.6823 val_loss=1.0795 router_H=0.6871 best=0.7581
           router_load=[0.47876930236816406, 0.3804148733615875, 0.004944087006151676, 0.13587182760238647]
[step 0520/1000] method=baseline_cagrad loss=0.3123 train_acc=0.9076 train_loss=0.2345 val_acc=0.6823 val_loss=1.0795 router_H=0.6871 best=0.7581
           router_load=[0.47876930236816406, 0.3804148733615875, 0.004944087006151676, 0.13587182760238647]
[step 0530/1000] method=baseline_cagrad loss=0.2885 train_acc=0.9076 train_loss=0.2345 val_acc=0.6823 val_loss=1.0795 router_H=0.6871 best=0.7581
           router_load=[0.47876930236816406, 0.3804148733615875, 0.004944087006151676, 0.13587182760238647]
[step 0540/1000] method=baseline_cagrad loss=0.2971 train_acc=0.9076 train_loss=0.2345 val_acc=0.6823 val_loss=1.0795 router_H=0.6871 best=0.7581
           router_load=[0.47876930236816406, 0.3804148733615875, 0.004944087006151676, 0.13587182760238647]
[step 0550/1000] method=baseline_cagrad loss=0.2723 train_acc=0.9643 train_loss=0.0972 val_acc=0.7401 val_loss=0.8532 router_H=0.6891 best=0.7581
           router_load=[0.4142052233219147, 0.46049243211746216, 0.024920541793107986, 0.10038179904222488]
[step 0560/1000] method=baseline_cagrad loss=0.1005 train_acc=0.9643 train_loss=0.0972 val_acc=0.7401 val_loss=0.8532 router_H=0.6891 best=0.7581
           router_load=[0.4142052233219147, 0.46049243211746216, 0.024920541793107986, 0.10038179904222488]
[step 0570/1000] method=baseline_cagrad loss=0.0072 train_acc=0.9643 train_loss=0.0972 val_acc=0.7401 val_loss=0.8532 router_H=0.6891 best=0.7581
           router_load=[0.4142052233219147, 0.46049243211746216, 0.024920541793107986, 0.10038179904222488]
[step 0580/1000] method=baseline_cagrad loss=0.0268 train_acc=0.9643 train_loss=0.0972 val_acc=0.7401 val_loss=0.8532 router_H=0.6891 best=0.7581
           router_load=[0.4142052233219147, 0.46049243211746216, 0.024920541793107986, 0.10038179904222488]
[step 0590/1000] method=baseline_cagrad loss=0.3116 train_acc=0.9643 train_loss=0.0972 val_acc=0.7401 val_loss=0.8532 router_H=0.6891 best=0.7581
           router_load=[0.4142052233219147, 0.46049243211746216, 0.024920541793107986, 0.10038179904222488]
[step 0600/1000] method=baseline_cagrad loss=1.2757 train_acc=0.8735 train_loss=0.4633 val_acc=0.6715 val_loss=1.7290 router_H=0.6892 best=0.7581
           router_load=[0.1885112076997757, 0.46432799100875854, 0.037527602165937424, 0.30963319540023804]
[step 0610/1000] method=baseline_cagrad loss=0.1279 train_acc=0.8735 train_loss=0.4633 val_acc=0.6715 val_loss=1.7290 router_H=0.6892 best=0.7581
           router_load=[0.1885112076997757, 0.46432799100875854, 0.037527602165937424, 0.30963319540023804]
[step 0620/1000] method=baseline_cagrad loss=0.1631 train_acc=0.8735 train_loss=0.4633 val_acc=0.6715 val_loss=1.7290 router_H=0.6892 best=0.7581
           router_load=[0.1885112076997757, 0.46432799100875854, 0.037527602165937424, 0.30963319540023804]
[step 0630/1000] method=baseline_cagrad loss=0.1043 train_acc=0.8735 train_loss=0.4633 val_acc=0.6715 val_loss=1.7290 router_H=0.6892 best=0.7581
           router_load=[0.1885112076997757, 0.46432799100875854, 0.037527602165937424, 0.30963319540023804]
[step 0640/1000] method=baseline_cagrad loss=0.9470 train_acc=0.8735 train_loss=0.4633 val_acc=0.6715 val_loss=1.7290 router_H=0.6892 best=0.7581
           router_load=[0.1885112076997757, 0.46432799100875854, 0.037527602165937424, 0.30963319540023804]
[step 0650/1000] method=baseline_cagrad loss=0.1985 train_acc=0.9683 train_loss=0.1088 val_acc=0.7473 val_loss=1.0901 router_H=0.6883 best=0.7581
           router_load=[0.2546013593673706, 0.3636663258075714, 0.0, 0.38173237442970276]
[step 0660/1000] method=baseline_cagrad loss=0.0187 train_acc=0.9683 train_loss=0.1088 val_acc=0.7473 val_loss=1.0901 router_H=0.6883 best=0.7581
           router_load=[0.2546013593673706, 0.3636663258075714, 0.0, 0.38173237442970276]
[step 0670/1000] method=baseline_cagrad loss=0.0006 train_acc=0.9683 train_loss=0.1088 val_acc=0.7473 val_loss=1.0901 router_H=0.6883 best=0.7581
           router_load=[0.2546013593673706, 0.3636663258075714, 0.0, 0.38173237442970276]
[step 0680/1000] method=baseline_cagrad loss=0.0525 train_acc=0.9683 train_loss=0.1088 val_acc=0.7473 val_loss=1.0901 router_H=0.6883 best=0.7581
           router_load=[0.2546013593673706, 0.3636663258075714, 0.0, 0.38173237442970276]
[step 0690/1000] method=baseline_cagrad loss=0.2051 train_acc=0.9683 train_loss=0.1088 val_acc=0.7473 val_loss=1.0901 router_H=0.6883 best=0.7581
           router_load=[0.2546013593673706, 0.3636663258075714, 0.0, 0.38173237442970276]
[step 0700/1000] method=baseline_cagrad loss=0.4872 train_acc=0.9787 train_loss=0.0635 val_acc=0.7329 val_loss=0.8623 router_H=0.6860 best=0.7581
           router_load=[0.40023258328437805, 0.4500311017036438, 0.0, 0.14973631501197815]
[step 0710/1000] method=baseline_cagrad loss=0.1162 train_acc=0.9787 train_loss=0.0635 val_acc=0.7329 val_loss=0.8623 router_H=0.6860 best=0.7581
           router_load=[0.40023258328437805, 0.4500311017036438, 0.0, 0.14973631501197815]
[step 0720/1000] method=baseline_cagrad loss=0.0431 train_acc=0.9787 train_loss=0.0635 val_acc=0.7329 val_loss=0.8623 router_H=0.6860 best=0.7581
           router_load=[0.40023258328437805, 0.4500311017036438, 0.0, 0.14973631501197815]
[step 0730/1000] method=baseline_cagrad loss=0.2000 train_acc=0.9787 train_loss=0.0635 val_acc=0.7329 val_loss=0.8623 router_H=0.6860 best=0.7581
           router_load=[0.40023258328437805, 0.4500311017036438, 0.0, 0.14973631501197815]
[step 0740/1000] method=baseline_cagrad loss=0.2726 train_acc=0.9787 train_loss=0.0635 val_acc=0.7329 val_loss=0.8623 router_H=0.6860 best=0.7581
           router_load=[0.40023258328437805, 0.4500311017036438, 0.0, 0.14973631501197815]
[step 0750/1000] method=baseline_cagrad loss=0.0140 train_acc=0.9863 train_loss=0.0510 val_acc=0.7365 val_loss=1.1027 router_H=0.6796 best=0.7581
           router_load=[0.3647109866142273, 0.41993582248687744, 0.0, 0.21535322070121765]
[step 0760/1000] method=baseline_cagrad loss=0.0619 train_acc=0.9863 train_loss=0.0510 val_acc=0.7365 val_loss=1.1027 router_H=0.6796 best=0.7581
           router_load=[0.3647109866142273, 0.41993582248687744, 0.0, 0.21535322070121765]
[step 0770/1000] method=baseline_cagrad loss=0.0868 train_acc=0.9863 train_loss=0.0510 val_acc=0.7365 val_loss=1.1027 router_H=0.6796 best=0.7581
           router_load=[0.3647109866142273, 0.41993582248687744, 0.0, 0.21535322070121765]
[step 0780/1000] method=baseline_cagrad loss=0.0028 train_acc=0.9863 train_loss=0.0510 val_acc=0.7365 val_loss=1.1027 router_H=0.6796 best=0.7581
           router_load=[0.3647109866142273, 0.41993582248687744, 0.0, 0.21535322070121765]
[step 0790/1000] method=baseline_cagrad loss=0.0159 train_acc=0.9863 train_loss=0.0510 val_acc=0.7365 val_loss=1.1027 router_H=0.6796 best=0.7581
           router_load=[0.3647109866142273, 0.41993582248687744, 0.0, 0.21535322070121765]
[step 0800/1000] method=baseline_cagrad loss=0.1785 train_acc=0.9622 train_loss=0.1637 val_acc=0.7220 val_loss=1.7643 router_H=0.6836 best=0.7581
           router_load=[0.22505594789981842, 0.4869562089443207, 0.0, 0.28798776865005493]
[step 0810/1000] method=baseline_cagrad loss=0.3885 train_acc=0.9622 train_loss=0.1637 val_acc=0.7220 val_loss=1.7643 router_H=0.6836 best=0.7581
           router_load=[0.22505594789981842, 0.4869562089443207, 0.0, 0.28798776865005493]
[step 0820/1000] method=baseline_cagrad loss=0.1119 train_acc=0.9622 train_loss=0.1637 val_acc=0.7220 val_loss=1.7643 router_H=0.6836 best=0.7581
           router_load=[0.22505594789981842, 0.4869562089443207, 0.0, 0.28798776865005493]
[step 0830/1000] method=baseline_cagrad loss=0.4731 train_acc=0.9622 train_loss=0.1637 val_acc=0.7220 val_loss=1.7643 router_H=0.6836 best=0.7581
           router_load=[0.22505594789981842, 0.4869562089443207, 0.0, 0.28798776865005493]
[step 0840/1000] method=baseline_cagrad loss=0.0053 train_acc=0.9622 train_loss=0.1637 val_acc=0.7220 val_loss=1.7643 router_H=0.6836 best=0.7581
           router_load=[0.22505594789981842, 0.4869562089443207, 0.0, 0.28798776865005493]
[step 0850/1000] method=baseline_cagrad loss=0.0001 train_acc=0.9896 train_loss=0.0444 val_acc=0.7365 val_loss=1.7834 router_H=0.6783 best=0.7581
           router_load=[0.2833234369754791, 0.3644436001777649, 0.0, 0.35223302245140076]
[step 0860/1000] method=baseline_cagrad loss=0.0229 train_acc=0.9896 train_loss=0.0444 val_acc=0.7365 val_loss=1.7834 router_H=0.6783 best=0.7581
           router_load=[0.2833234369754791, 0.3644436001777649, 0.0, 0.35223302245140076]
[step 0870/1000] method=baseline_cagrad loss=0.0011 train_acc=0.9896 train_loss=0.0444 val_acc=0.7365 val_loss=1.7834 router_H=0.6783 best=0.7581
           router_load=[0.2833234369754791, 0.3644436001777649, 0.0, 0.35223302245140076]
[step 0880/1000] method=baseline_cagrad loss=0.5379 train_acc=0.9896 train_loss=0.0444 val_acc=0.7365 val_loss=1.7834 router_H=0.6783 best=0.7581
           router_load=[0.2833234369754791, 0.3644436001777649, 0.0, 0.35223302245140076]
[step 0890/1000] method=baseline_cagrad loss=0.0257 train_acc=0.9896 train_loss=0.0444 val_acc=0.7365 val_loss=1.7834 router_H=0.6783 best=0.7581
           router_load=[0.2833234369754791, 0.3644436001777649, 0.0, 0.35223302245140076]
[step 0900/1000] method=baseline_cagrad loss=0.0105 train_acc=0.9904 train_loss=0.0346 val_acc=0.7112 val_loss=1.2646 router_H=0.6846 best=0.7581
           router_load=[0.36085617542266846, 0.29863712191581726, 0.0014418940991163254, 0.3390648663043976]
[step 0910/1000] method=baseline_cagrad loss=0.0639 train_acc=0.9904 train_loss=0.0346 val_acc=0.7112 val_loss=1.2646 router_H=0.6846 best=0.7581
           router_load=[0.36085617542266846, 0.29863712191581726, 0.0014418940991163254, 0.3390648663043976]
[step 0920/1000] method=baseline_cagrad loss=0.5952 train_acc=0.9904 train_loss=0.0346 val_acc=0.7112 val_loss=1.2646 router_H=0.6846 best=0.7581
           router_load=[0.36085617542266846, 0.29863712191581726, 0.0014418940991163254, 0.3390648663043976]
[step 0930/1000] method=baseline_cagrad loss=0.3363 train_acc=0.9904 train_loss=0.0346 val_acc=0.7112 val_loss=1.2646 router_H=0.6846 best=0.7581
           router_load=[0.36085617542266846, 0.29863712191581726, 0.0014418940991163254, 0.3390648663043976]
[step 0940/1000] method=baseline_cagrad loss=0.0553 train_acc=0.9904 train_loss=0.0346 val_acc=0.7112 val_loss=1.2646 router_H=0.6846 best=0.7581
           router_load=[0.36085617542266846, 0.29863712191581726, 0.0014418940991163254, 0.3390648663043976]
[step 0950/1000] method=baseline_cagrad loss=0.0014 train_acc=0.9598 train_loss=0.2037 val_acc=0.7148 val_loss=2.1283 router_H=0.6818 best=0.7581
           router_load=[0.19463784992694855, 0.43115365505218506, 0.0016500904457643628, 0.3725583851337433]
[step 0960/1000] method=baseline_cagrad loss=0.0025 train_acc=0.9598 train_loss=0.2037 val_acc=0.7148 val_loss=2.1283 router_H=0.6818 best=0.7581
           router_load=[0.19463784992694855, 0.43115365505218506, 0.0016500904457643628, 0.3725583851337433]
[step 0970/1000] method=baseline_cagrad loss=0.0032 train_acc=0.9598 train_loss=0.2037 val_acc=0.7148 val_loss=2.1283 router_H=0.6818 best=0.7581
           router_load=[0.19463784992694855, 0.43115365505218506, 0.0016500904457643628, 0.3725583851337433]
[step 0980/1000] method=baseline_cagrad loss=0.0075 train_acc=0.9598 train_loss=0.2037 val_acc=0.7148 val_loss=2.1283 router_H=0.6818 best=0.7581
           router_load=[0.19463784992694855, 0.43115365505218506, 0.0016500904457643628, 0.3725583851337433]
[step 0990/1000] method=baseline_cagrad loss=0.6410 train_acc=0.9598 train_loss=0.2037 val_acc=0.7148 val_loss=2.1283 router_H=0.6818 best=0.7581
           router_load=[0.19463784992694855, 0.43115365505218506, 0.0016500904457643628, 0.3725583851337433]
[step 1000/1000] method=baseline_cagrad loss=0.5133 train_acc=0.9815 train_loss=0.1105 val_acc=0.7329 val_loss=2.0576 router_H=0.6738 best=0.7581
           router_load=[0.221049964427948, 0.4642016589641571, 0.00152476760558784, 0.31322360038757324]
saved summary -> /home/zhujjing/MOE-grad-conflict-routing/runs/paper_suite/single_gpu/single_task/roberta_rte_lora_e4_k2/final/cagrad_s7.json
saved curve -> /home/zhujjing/MOE-grad-conflict-routing/runs/paper_suite/single_gpu/single_task/roberta_rte_lora_e4_k2/final/cagrad_s7_curve.csv
