[run] method=ours candidate=coord_04_method_ours_lambda_align_004 seed=3 steps=150 gpu=0
[run] cmd=
/home/zhujjing/anaconda3/envs/moe/bin/python /home/zhujjing/MOE-grad-conflict-routing/scripts/run.py --config configs/singletask_rte_real.yaml --set model.backbone_backend=hf --set model.hf_load_pretrained=true --set model.backbone=roberta --set model.hf_pretrained_name=roberta-base --set model.expert_type=ffn --set model.routing_mode=topk --set model.num_experts=4 --set model.top_k=2 --set seed=3 --set method.name=ours --set train.steps=150 --set train.eval_every_steps=50 --set method.ours.use_load_norm=true --set method.ours.lambda_align=0.0003739085203 --set train.grad_clip=0.651383293 --set train.lr=3.356481249e-05 --set train.weight_decay=0.04322128284 --out /home/zhujjing/MOE-grad-conflict-routing/runs/paper_suite/single_gpu/single_task/roberta_rte_ffn_e4_k2/hpo/ours/trial_runs/coord_04_method_ours_lambda_align_004/ours_s3.json --curve_out /home/zhujjing/MOE-grad-conflict-routing/runs/paper_suite/single_gpu/single_task/roberta_rte_ffn_e4_k2/hpo/ours/trial_runs/coord_04_method_ours_lambda_align_004/ours_s3_curve.csv
Using the latest cached version of the dataset since glue couldn't be found on the Hugging Face Hub (offline mode is enabled).
Found the latest cached dataset configuration 'rte' at /home/zhujjing/hf_cache/datasets/glue/rte/0.0.0/bcdcba79d07bc864c1c254ccfcedcce55bcc9a8c (last modified on Thu Mar 19 15:00:36 2026).
/home/zhujjing/anaconda3/envs/moe/lib/python3.10/site-packages/transformers/utils/hub.py:124: FutureWarning: Using `TRANSFORMERS_CACHE` is deprecated and will be removed in v5 of Transformers. Use `HF_HOME` instead.
  warnings.warn(
Some weights of RobertaModel were not initialized from the model checkpoint at roberta-base and are newly initialized: ['roberta.pooler.dense.bias', 'roberta.pooler.dense.weight']
You should probably TRAIN this model on a down-stream task to be able to use it for predictions and inference.
[step 0001/150] method=ours loss=0.6929 train_acc=nan train_loss=nan val_acc=nan val_loss=nan best=-1.0000
[step 0010/150] method=ours loss=0.7004 train_acc=nan train_loss=nan val_acc=nan val_loss=nan best=-1.0000
[step 0020/150] method=ours loss=0.7061 train_acc=nan train_loss=nan val_acc=nan val_loss=nan best=-1.0000
[step 0030/150] method=ours loss=0.6933 train_acc=nan train_loss=nan val_acc=nan val_loss=nan best=-1.0000
[step 0040/150] method=ours loss=0.7094 train_acc=nan train_loss=nan val_acc=nan val_loss=nan best=-1.0000
[step 0050/150] method=ours loss=0.6289 train_acc=0.6321 train_loss=0.6384 val_acc=0.6137 val_loss=0.6567 router_H=0.6468 best=0.6137
           router_load=[0.6317322850227356, 0.10019873082637787, 0.25031110644340515, 0.017757920548319817]
[step 0060/150] method=ours loss=0.5887 train_acc=0.6321 train_loss=0.6384 val_acc=0.6137 val_loss=0.6567 router_H=0.6468 best=0.6137
           router_load=[0.6317322850227356, 0.10019873082637787, 0.25031110644340515, 0.017757920548319817]
[step 0070/150] method=ours loss=0.7084 train_acc=0.6321 train_loss=0.6384 val_acc=0.6137 val_loss=0.6567 router_H=0.6468 best=0.6137
           router_load=[0.6317322850227356, 0.10019873082637787, 0.25031110644340515, 0.017757920548319817]
[step 0080/150] method=ours loss=0.5889 train_acc=0.6321 train_loss=0.6384 val_acc=0.6137 val_loss=0.6567 router_H=0.6468 best=0.6137
           router_load=[0.6317322850227356, 0.10019873082637787, 0.25031110644340515, 0.017757920548319817]
[step 0090/150] method=ours loss=0.6074 train_acc=0.6321 train_loss=0.6384 val_acc=0.6137 val_loss=0.6567 router_H=0.6468 best=0.6137
           router_load=[0.6317322850227356, 0.10019873082637787, 0.25031110644340515, 0.017757920548319817]
[step 0100/150] method=ours loss=0.5679 train_acc=0.6908 train_loss=0.5747 val_acc=0.6426 val_loss=0.6053 router_H=0.5999 best=0.6426
           router_load=[0.6920901536941528, 0.008492682129144669, 0.286641925573349, 0.012775266543030739]
[step 0110/150] method=ours loss=0.6452 train_acc=0.6908 train_loss=0.5747 val_acc=0.6426 val_loss=0.6053 router_H=0.5999 best=0.6426
           router_load=[0.6920901536941528, 0.008492682129144669, 0.286641925573349, 0.012775266543030739]
[step 0120/150] method=ours loss=0.7292 train_acc=0.6908 train_loss=0.5747 val_acc=0.6426 val_loss=0.6053 router_H=0.5999 best=0.6426
           router_load=[0.6920901536941528, 0.008492682129144669, 0.286641925573349, 0.012775266543030739]
[step 0130/150] method=ours loss=0.6593 train_acc=0.6908 train_loss=0.5747 val_acc=0.6426 val_loss=0.6053 router_H=0.5999 best=0.6426
           router_load=[0.6920901536941528, 0.008492682129144669, 0.286641925573349, 0.012775266543030739]
[step 0140/150] method=ours loss=0.5931 train_acc=0.6908 train_loss=0.5747 val_acc=0.6426 val_loss=0.6053 router_H=0.5999 best=0.6426
           router_load=[0.6920901536941528, 0.008492682129144669, 0.286641925573349, 0.012775266543030739]
[step 0150/150] method=ours loss=0.4605 train_acc=0.7418 train_loss=0.5308 val_acc=0.7004 val_loss=0.6306 router_H=0.6180 best=0.7004
           router_load=[0.6256600618362427, 0.0011250351089984179, 0.3467503488063812, 0.026464687660336494]
saved summary -> /home/zhujjing/MOE-grad-conflict-routing/runs/paper_suite/single_gpu/single_task/roberta_rte_ffn_e4_k2/hpo/ours/trial_runs/coord_04_method_ours_lambda_align_004/ours_s3.json
saved curve -> /home/zhujjing/MOE-grad-conflict-routing/runs/paper_suite/single_gpu/single_task/roberta_rte_ffn_e4_k2/hpo/ours/trial_runs/coord_04_method_ours_lambda_align_004/ours_s3_curve.csv
