[run] method=ours candidate=coord_04_method_ours_lambda_align_007 seed=3 steps=150 gpu=0
[run] cmd=
/home/zhujjing/anaconda3/envs/moe/bin/python /home/zhujjing/MOE-grad-conflict-routing/scripts/run.py --config configs/singletask_rte_real.yaml --set model.backbone_backend=hf --set model.hf_load_pretrained=true --set model.backbone=roberta --set model.hf_pretrained_name=roberta-base --set model.expert_type=ffn --set model.routing_mode=topk --set model.num_experts=4 --set model.top_k=2 --set seed=3 --set method.name=ours --set train.steps=150 --set train.eval_every_steps=50 --set method.ours.use_load_norm=true --set method.ours.lambda_align=0.000348192379 --set train.grad_clip=0.651383293 --set train.lr=3.356481249e-05 --set train.weight_decay=0.04322128284 --out /home/zhujjing/MOE-grad-conflict-routing/runs/paper_suite/single_gpu/single_task/roberta_rte_ffn_e4_k2/hpo/ours/trial_runs/coord_04_method_ours_lambda_align_007/ours_s3.json --curve_out /home/zhujjing/MOE-grad-conflict-routing/runs/paper_suite/single_gpu/single_task/roberta_rte_ffn_e4_k2/hpo/ours/trial_runs/coord_04_method_ours_lambda_align_007/ours_s3_curve.csv
Using the latest cached version of the dataset since glue couldn't be found on the Hugging Face Hub (offline mode is enabled).
Found the latest cached dataset configuration 'rte' at /home/zhujjing/hf_cache/datasets/glue/rte/0.0.0/bcdcba79d07bc864c1c254ccfcedcce55bcc9a8c (last modified on Thu Mar 19 15:00:36 2026).
/home/zhujjing/anaconda3/envs/moe/lib/python3.10/site-packages/transformers/utils/hub.py:124: FutureWarning: Using `TRANSFORMERS_CACHE` is deprecated and will be removed in v5 of Transformers. Use `HF_HOME` instead.
  warnings.warn(
Some weights of RobertaModel were not initialized from the model checkpoint at roberta-base and are newly initialized: ['roberta.pooler.dense.bias', 'roberta.pooler.dense.weight']
You should probably TRAIN this model on a down-stream task to be able to use it for predictions and inference.
[step 0001/150] method=ours loss=0.6962 train_acc=nan train_loss=nan val_acc=nan val_loss=nan best=-1.0000
[step 0010/150] method=ours loss=0.6994 train_acc=nan train_loss=nan val_acc=nan val_loss=nan best=-1.0000
[step 0020/150] method=ours loss=0.7018 train_acc=nan train_loss=nan val_acc=nan val_loss=nan best=-1.0000
[step 0030/150] method=ours loss=0.6730 train_acc=nan train_loss=nan val_acc=nan val_loss=nan best=-1.0000
[step 0040/150] method=ours loss=0.6755 train_acc=nan train_loss=nan val_acc=nan val_loss=nan best=-1.0000
[step 0050/150] method=ours loss=0.6983 train_acc=0.6185 train_loss=0.6524 val_acc=0.5993 val_loss=0.6841 router_H=0.6173 best=0.5993
           router_load=[0.016319438815116882, 0.028839752078056335, 0.4276289939880371, 0.5272117853164673]
[step 0060/150] method=ours loss=0.6606 train_acc=0.6185 train_loss=0.6524 val_acc=0.5993 val_loss=0.6841 router_H=0.6173 best=0.5993
           router_load=[0.016319438815116882, 0.028839752078056335, 0.4276289939880371, 0.5272117853164673]
[step 0070/150] method=ours loss=0.7077 train_acc=0.6185 train_loss=0.6524 val_acc=0.5993 val_loss=0.6841 router_H=0.6173 best=0.5993
           router_load=[0.016319438815116882, 0.028839752078056335, 0.4276289939880371, 0.5272117853164673]
[step 0080/150] method=ours loss=0.6428 train_acc=0.6185 train_loss=0.6524 val_acc=0.5993 val_loss=0.6841 router_H=0.6173 best=0.5993
           router_load=[0.016319438815116882, 0.028839752078056335, 0.4276289939880371, 0.5272117853164673]
[step 0090/150] method=ours loss=0.5880 train_acc=0.6185 train_loss=0.6524 val_acc=0.5993 val_loss=0.6841 router_H=0.6173 best=0.5993
           router_load=[0.016319438815116882, 0.028839752078056335, 0.4276289939880371, 0.5272117853164673]
[step 0100/150] method=ours loss=0.6570 train_acc=0.6739 train_loss=0.6049 val_acc=0.6390 val_loss=0.6300 router_H=0.6444 best=0.6390
           router_load=[0.016525262966752052, 0.045875512063503265, 0.4637928307056427, 0.47380638122558594]
[step 0110/150] method=ours loss=0.5153 train_acc=0.6739 train_loss=0.6049 val_acc=0.6390 val_loss=0.6300 router_H=0.6444 best=0.6390
           router_load=[0.016525262966752052, 0.045875512063503265, 0.4637928307056427, 0.47380638122558594]
[step 0120/150] method=ours loss=0.8256 train_acc=0.6739 train_loss=0.6049 val_acc=0.6390 val_loss=0.6300 router_H=0.6444 best=0.6390
           router_load=[0.016525262966752052, 0.045875512063503265, 0.4637928307056427, 0.47380638122558594]
[step 0130/150] method=ours loss=0.6742 train_acc=0.6739 train_loss=0.6049 val_acc=0.6390 val_loss=0.6300 router_H=0.6444 best=0.6390
           router_load=[0.016525262966752052, 0.045875512063503265, 0.4637928307056427, 0.47380638122558594]
[step 0140/150] method=ours loss=0.6449 train_acc=0.6739 train_loss=0.6049 val_acc=0.6390 val_loss=0.6300 router_H=0.6444 best=0.6390
           router_load=[0.016525262966752052, 0.045875512063503265, 0.4637928307056427, 0.47380638122558594]
[step 0150/150] method=ours loss=0.6254 train_acc=0.6956 train_loss=0.6197 val_acc=0.6534 val_loss=0.6357 router_H=0.6621 best=0.6534
           router_load=[0.0011005335254594684, 0.021011998876929283, 0.4694034159183502, 0.5084841251373291]
saved summary -> /home/zhujjing/MOE-grad-conflict-routing/runs/paper_suite/single_gpu/single_task/roberta_rte_ffn_e4_k2/hpo/ours/trial_runs/coord_04_method_ours_lambda_align_007/ours_s3.json
saved curve -> /home/zhujjing/MOE-grad-conflict-routing/runs/paper_suite/single_gpu/single_task/roberta_rte_ffn_e4_k2/hpo/ours/trial_runs/coord_04_method_ours_lambda_align_007/ours_s3_curve.csv
