[run] method=ours candidate=coord_04_method_ours_lambda_align_006 seed=3 steps=150 gpu=0
[run] cmd=
/home/zhujjing/anaconda3/envs/moe/bin/python /home/zhujjing/MOE-grad-conflict-routing/scripts/run.py --config configs/singletask_rte_real.yaml --set model.backbone_backend=hf --set model.hf_load_pretrained=true --set model.backbone=roberta --set model.hf_pretrained_name=roberta-base --set model.expert_type=ffn --set model.routing_mode=topk --set model.num_experts=4 --set model.top_k=2 --set seed=3 --set method.name=ours --set train.steps=150 --set train.eval_every_steps=50 --set method.ours.use_load_norm=true --set method.ours.lambda_align=0.007734370951 --set train.grad_clip=0.651383293 --set train.lr=3.356481249e-05 --set train.weight_decay=0.04322128284 --out /home/zhujjing/MOE-grad-conflict-routing/runs/paper_suite/single_gpu/single_task/roberta_rte_ffn_e4_k2/hpo/ours/trial_runs/coord_04_method_ours_lambda_align_006/ours_s3.json --curve_out /home/zhujjing/MOE-grad-conflict-routing/runs/paper_suite/single_gpu/single_task/roberta_rte_ffn_e4_k2/hpo/ours/trial_runs/coord_04_method_ours_lambda_align_006/ours_s3_curve.csv
Using the latest cached version of the dataset since glue couldn't be found on the Hugging Face Hub (offline mode is enabled).
Found the latest cached dataset configuration 'rte' at /home/zhujjing/hf_cache/datasets/glue/rte/0.0.0/bcdcba79d07bc864c1c254ccfcedcce55bcc9a8c (last modified on Thu Mar 19 15:00:36 2026).
/home/zhujjing/anaconda3/envs/moe/lib/python3.10/site-packages/transformers/utils/hub.py:124: FutureWarning: Using `TRANSFORMERS_CACHE` is deprecated and will be removed in v5 of Transformers. Use `HF_HOME` instead.
  warnings.warn(
Some weights of RobertaModel were not initialized from the model checkpoint at roberta-base and are newly initialized: ['roberta.pooler.dense.bias', 'roberta.pooler.dense.weight']
You should probably TRAIN this model on a down-stream task to be able to use it for predictions and inference.
[step 0001/150] method=ours loss=0.6941 train_acc=nan train_loss=nan val_acc=nan val_loss=nan best=-1.0000
[step 0010/150] method=ours loss=0.7029 train_acc=nan train_loss=nan val_acc=nan val_loss=nan best=-1.0000
[step 0020/150] method=ours loss=0.6906 train_acc=nan train_loss=nan val_acc=nan val_loss=nan best=-1.0000
[step 0030/150] method=ours loss=0.6899 train_acc=nan train_loss=nan val_acc=nan val_loss=nan best=-1.0000
[step 0040/150] method=ours loss=0.6773 train_acc=nan train_loss=nan val_acc=nan val_loss=nan best=-1.0000
[step 0050/150] method=ours loss=0.6482 train_acc=0.6016 train_loss=0.6644 val_acc=0.5812 val_loss=0.6834 router_H=0.6573 best=0.5812
           router_load=[0.09609516710042953, 0.0, 0.568401575088501, 0.3355032801628113]
[step 0060/150] method=ours loss=0.5903 train_acc=0.6016 train_loss=0.6644 val_acc=0.5812 val_loss=0.6834 router_H=0.6573 best=0.5812
           router_load=[0.09609516710042953, 0.0, 0.568401575088501, 0.3355032801628113]
[step 0070/150] method=ours loss=0.7042 train_acc=0.6016 train_loss=0.6644 val_acc=0.5812 val_loss=0.6834 router_H=0.6573 best=0.5812
           router_load=[0.09609516710042953, 0.0, 0.568401575088501, 0.3355032801628113]
[step 0080/150] method=ours loss=0.8646 train_acc=0.6016 train_loss=0.6644 val_acc=0.5812 val_loss=0.6834 router_H=0.6573 best=0.5812
           router_load=[0.09609516710042953, 0.0, 0.568401575088501, 0.3355032801628113]
[step 0090/150] method=ours loss=0.6422 train_acc=0.6016 train_loss=0.6644 val_acc=0.5812 val_loss=0.6834 router_H=0.6573 best=0.5812
           router_load=[0.09609516710042953, 0.0, 0.568401575088501, 0.3355032801628113]
[step 0100/150] method=ours loss=0.6004 train_acc=0.6944 train_loss=0.6050 val_acc=0.6715 val_loss=0.6240 router_H=0.6812 best=0.6715
           router_load=[0.0, 0.0, 0.5293854475021362, 0.47061455249786377]
[step 0110/150] method=ours loss=0.7103 train_acc=0.6944 train_loss=0.6050 val_acc=0.6715 val_loss=0.6240 router_H=0.6812 best=0.6715
           router_load=[0.0, 0.0, 0.5293854475021362, 0.47061455249786377]
[step 0120/150] method=ours loss=0.7099 train_acc=0.6944 train_loss=0.6050 val_acc=0.6715 val_loss=0.6240 router_H=0.6812 best=0.6715
           router_load=[0.0, 0.0, 0.5293854475021362, 0.47061455249786377]
[step 0130/150] method=ours loss=0.6279 train_acc=0.6944 train_loss=0.6050 val_acc=0.6715 val_loss=0.6240 router_H=0.6812 best=0.6715
           router_load=[0.0, 0.0, 0.5293854475021362, 0.47061455249786377]
[step 0140/150] method=ours loss=0.6045 train_acc=0.6944 train_loss=0.6050 val_acc=0.6715 val_loss=0.6240 router_H=0.6812 best=0.6715
           router_load=[0.0, 0.0, 0.5293854475021362, 0.47061455249786377]
[step 0150/150] method=ours loss=0.5661 train_acc=0.7201 train_loss=0.6255 val_acc=0.6643 val_loss=0.6625 router_H=0.6629 best=0.6715
           router_load=[0.20208865404129028, 0.0, 0.22696486115455627, 0.570946455001831]
saved summary -> /home/zhujjing/MOE-grad-conflict-routing/runs/paper_suite/single_gpu/single_task/roberta_rte_ffn_e4_k2/hpo/ours/trial_runs/coord_04_method_ours_lambda_align_006/ours_s3.json
saved curve -> /home/zhujjing/MOE-grad-conflict-routing/runs/paper_suite/single_gpu/single_task/roberta_rte_ffn_e4_k2/hpo/ours/trial_runs/coord_04_method_ours_lambda_align_006/ours_s3_curve.csv
