[run] method=ours candidate=coord_04_method_ours_lambda_align_003 seed=3 steps=150 gpu=0
[run] cmd=
/home/zhujjing/anaconda3/envs/moe/bin/python /home/zhujjing/MOE-grad-conflict-routing/scripts/run.py --config configs/singletask_rte_real.yaml --set model.backbone_backend=hf --set model.hf_load_pretrained=true --set model.backbone=roberta --set model.hf_pretrained_name=roberta-base --set model.expert_type=ffn --set model.routing_mode=topk --set model.num_experts=4 --set model.top_k=2 --set seed=3 --set method.name=ours --set train.steps=150 --set train.eval_every_steps=50 --set method.ours.use_load_norm=true --set method.ours.lambda_align=0.003264950101 --set train.grad_clip=0.651383293 --set train.lr=3.356481249e-05 --set train.weight_decay=0.04322128284 --out /home/zhujjing/MOE-grad-conflict-routing/runs/paper_suite/single_gpu/single_task/roberta_rte_ffn_e4_k2/hpo/ours/trial_runs/coord_04_method_ours_lambda_align_003/ours_s3.json --curve_out /home/zhujjing/MOE-grad-conflict-routing/runs/paper_suite/single_gpu/single_task/roberta_rte_ffn_e4_k2/hpo/ours/trial_runs/coord_04_method_ours_lambda_align_003/ours_s3_curve.csv
Using the latest cached version of the dataset since glue couldn't be found on the Hugging Face Hub (offline mode is enabled).
Found the latest cached dataset configuration 'rte' at /home/zhujjing/hf_cache/datasets/glue/rte/0.0.0/bcdcba79d07bc864c1c254ccfcedcce55bcc9a8c (last modified on Thu Mar 19 15:00:36 2026).
/home/zhujjing/anaconda3/envs/moe/lib/python3.10/site-packages/transformers/utils/hub.py:124: FutureWarning: Using `TRANSFORMERS_CACHE` is deprecated and will be removed in v5 of Transformers. Use `HF_HOME` instead.
  warnings.warn(
Some weights of RobertaModel were not initialized from the model checkpoint at roberta-base and are newly initialized: ['roberta.pooler.dense.bias', 'roberta.pooler.dense.weight']
You should probably TRAIN this model on a down-stream task to be able to use it for predictions and inference.
[step 0001/150] method=ours loss=0.6946 train_acc=nan train_loss=nan val_acc=nan val_loss=nan best=-1.0000
[step 0010/150] method=ours loss=0.7079 train_acc=nan train_loss=nan val_acc=nan val_loss=nan best=-1.0000
[step 0020/150] method=ours loss=0.6989 train_acc=nan train_loss=nan val_acc=nan val_loss=nan best=-1.0000
[step 0030/150] method=ours loss=0.6776 train_acc=nan train_loss=nan val_acc=nan val_loss=nan best=-1.0000
[step 0040/150] method=ours loss=0.6719 train_acc=nan train_loss=nan val_acc=nan val_loss=nan best=-1.0000
[step 0050/150] method=ours loss=0.6449 train_acc=0.6273 train_loss=0.6507 val_acc=0.6137 val_loss=0.6583 router_H=0.6017 best=0.6137
           router_load=[0.7033656239509583, 0.20821431279182434, 0.04010908305644989, 0.048310935497283936]
[step 0060/150] method=ours loss=0.7390 train_acc=0.6273 train_loss=0.6507 val_acc=0.6137 val_loss=0.6583 router_H=0.6017 best=0.6137
           router_load=[0.7033656239509583, 0.20821431279182434, 0.04010908305644989, 0.048310935497283936]
[step 0070/150] method=ours loss=0.6687 train_acc=0.6273 train_loss=0.6507 val_acc=0.6137 val_loss=0.6583 router_H=0.6017 best=0.6137
           router_load=[0.7033656239509583, 0.20821431279182434, 0.04010908305644989, 0.048310935497283936]
[step 0080/150] method=ours loss=0.6040 train_acc=0.6273 train_loss=0.6507 val_acc=0.6137 val_loss=0.6583 router_H=0.6017 best=0.6137
           router_load=[0.7033656239509583, 0.20821431279182434, 0.04010908305644989, 0.048310935497283936]
[step 0090/150] method=ours loss=0.6727 train_acc=0.6273 train_loss=0.6507 val_acc=0.6137 val_loss=0.6583 router_H=0.6017 best=0.6137
           router_load=[0.7033656239509583, 0.20821431279182434, 0.04010908305644989, 0.048310935497283936]
[step 0100/150] method=ours loss=0.7612 train_acc=0.7145 train_loss=0.5873 val_acc=0.6570 val_loss=0.6191 router_H=0.5653 best=0.6570
           router_load=[0.7346444725990295, 0.1445852667093277, 0.05979154258966446, 0.06097880378365517]
[step 0110/150] method=ours loss=0.6222 train_acc=0.7145 train_loss=0.5873 val_acc=0.6570 val_loss=0.6191 router_H=0.5653 best=0.6570
           router_load=[0.7346444725990295, 0.1445852667093277, 0.05979154258966446, 0.06097880378365517]
[step 0120/150] method=ours loss=0.6553 train_acc=0.7145 train_loss=0.5873 val_acc=0.6570 val_loss=0.6191 router_H=0.5653 best=0.6570
           router_load=[0.7346444725990295, 0.1445852667093277, 0.05979154258966446, 0.06097880378365517]
[step 0130/150] method=ours loss=0.6840 train_acc=0.7145 train_loss=0.5873 val_acc=0.6570 val_loss=0.6191 router_H=0.5653 best=0.6570
           router_load=[0.7346444725990295, 0.1445852667093277, 0.05979154258966446, 0.06097880378365517]
[step 0140/150] method=ours loss=0.6471 train_acc=0.7145 train_loss=0.5873 val_acc=0.6570 val_loss=0.6191 router_H=0.5653 best=0.6570
           router_load=[0.7346444725990295, 0.1445852667093277, 0.05979154258966446, 0.06097880378365517]
[step 0150/150] method=ours loss=0.5683 train_acc=0.7088 train_loss=0.5885 val_acc=0.6426 val_loss=0.6297 router_H=0.6436 best=0.6570
           router_load=[0.6539056301116943, 0.06539423018693924, 0.0, 0.28070011734962463]
saved summary -> /home/zhujjing/MOE-grad-conflict-routing/runs/paper_suite/single_gpu/single_task/roberta_rte_ffn_e4_k2/hpo/ours/trial_runs/coord_04_method_ours_lambda_align_003/ours_s3.json
saved curve -> /home/zhujjing/MOE-grad-conflict-routing/runs/paper_suite/single_gpu/single_task/roberta_rte_ffn_e4_k2/hpo/ours/trial_runs/coord_04_method_ours_lambda_align_003/ours_s3_curve.csv
