[run] method=ours candidate=coord_04_method_ours_lambda_align_011 seed=2 steps=150 gpu=0
[run] cmd=
/home/zhujjing/anaconda3/envs/moe/bin/python /home/zhujjing/MOE-grad-conflict-routing/scripts/run.py --config configs/singletask_rte_real.yaml --set model.backbone_backend=hf --set model.hf_load_pretrained=true --set model.backbone=roberta --set model.hf_pretrained_name=roberta-base --set model.expert_type=ffn --set model.routing_mode=topk --set model.num_experts=4 --set model.top_k=2 --set seed=2 --set method.name=ours --set train.steps=150 --set train.eval_every_steps=50 --set method.ours.use_load_norm=true --set method.ours.lambda_align=1.267277776e-05 --set train.grad_clip=0.651383293 --set train.lr=3.356481249e-05 --set train.weight_decay=0.04322128284 --out /home/zhujjing/MOE-grad-conflict-routing/runs/paper_suite/single_gpu/single_task/roberta_rte_ffn_e4_k2/hpo/ours/trial_runs/coord_04_method_ours_lambda_align_011/ours_s2.json --curve_out /home/zhujjing/MOE-grad-conflict-routing/runs/paper_suite/single_gpu/single_task/roberta_rte_ffn_e4_k2/hpo/ours/trial_runs/coord_04_method_ours_lambda_align_011/ours_s2_curve.csv
Using the latest cached version of the dataset since glue couldn't be found on the Hugging Face Hub (offline mode is enabled).
Found the latest cached dataset configuration 'rte' at /home/zhujjing/hf_cache/datasets/glue/rte/0.0.0/bcdcba79d07bc864c1c254ccfcedcce55bcc9a8c (last modified on Thu Mar 19 15:00:36 2026).
/home/zhujjing/anaconda3/envs/moe/lib/python3.10/site-packages/transformers/utils/hub.py:124: FutureWarning: Using `TRANSFORMERS_CACHE` is deprecated and will be removed in v5 of Transformers. Use `HF_HOME` instead.
  warnings.warn(
Some weights of RobertaModel were not initialized from the model checkpoint at roberta-base and are newly initialized: ['roberta.pooler.dense.bias', 'roberta.pooler.dense.weight']
You should probably TRAIN this model on a down-stream task to be able to use it for predictions and inference.
[step 0001/150] method=ours loss=0.6841 train_acc=nan train_loss=nan val_acc=nan val_loss=nan best=-1.0000
[step 0010/150] method=ours loss=0.9137 train_acc=nan train_loss=nan val_acc=nan val_loss=nan best=-1.0000
[step 0020/150] method=ours loss=0.7001 train_acc=nan train_loss=nan val_acc=nan val_loss=nan best=-1.0000
[step 0030/150] method=ours loss=0.7119 train_acc=nan train_loss=nan val_acc=nan val_loss=nan best=-1.0000
[step 0040/150] method=ours loss=0.6718 train_acc=nan train_loss=nan val_acc=nan val_loss=nan best=-1.0000
[step 0050/150] method=ours loss=0.6172 train_acc=0.5020 train_loss=0.6843 val_acc=0.5271 val_loss=0.6797 router_H=0.6691 best=0.5271
           router_load=[0.0, 0.5966711044311523, 0.0, 0.4033289849758148]
[step 0060/150] method=ours loss=0.6714 train_acc=0.5020 train_loss=0.6843 val_acc=0.5271 val_loss=0.6797 router_H=0.6691 best=0.5271
           router_load=[0.0, 0.5966711044311523, 0.0, 0.4033289849758148]
[step 0070/150] method=ours loss=0.6992 train_acc=0.5020 train_loss=0.6843 val_acc=0.5271 val_loss=0.6797 router_H=0.6691 best=0.5271
           router_load=[0.0, 0.5966711044311523, 0.0, 0.4033289849758148]
[step 0080/150] method=ours loss=0.6671 train_acc=0.5020 train_loss=0.6843 val_acc=0.5271 val_loss=0.6797 router_H=0.6691 best=0.5271
           router_load=[0.0, 0.5966711044311523, 0.0, 0.4033289849758148]
[step 0090/150] method=ours loss=0.8842 train_acc=0.5020 train_loss=0.6843 val_acc=0.5271 val_loss=0.6797 router_H=0.6691 best=0.5271
           router_load=[0.0, 0.5966711044311523, 0.0, 0.4033289849758148]
[step 0100/150] method=ours loss=0.6820 train_acc=0.6522 train_loss=0.6188 val_acc=0.5921 val_loss=0.6571 router_H=0.6460 best=0.5921
           router_load=[0.0019680680707097054, 0.4663431942462921, 0.0, 0.5316888093948364]
[step 0110/150] method=ours loss=0.6372 train_acc=0.6522 train_loss=0.6188 val_acc=0.5921 val_loss=0.6571 router_H=0.6460 best=0.5921
           router_load=[0.0019680680707097054, 0.4663431942462921, 0.0, 0.5316888093948364]
[step 0120/150] method=ours loss=0.6175 train_acc=0.6522 train_loss=0.6188 val_acc=0.5921 val_loss=0.6571 router_H=0.6460 best=0.5921
           router_load=[0.0019680680707097054, 0.4663431942462921, 0.0, 0.5316888093948364]
[step 0130/150] method=ours loss=0.6670 train_acc=0.6522 train_loss=0.6188 val_acc=0.5921 val_loss=0.6571 router_H=0.6460 best=0.5921
           router_load=[0.0019680680707097054, 0.4663431942462921, 0.0, 0.5316888093948364]
[step 0140/150] method=ours loss=0.6765 train_acc=0.6522 train_loss=0.6188 val_acc=0.5921 val_loss=0.6571 router_H=0.6460 best=0.5921
           router_load=[0.0019680680707097054, 0.4663431942462921, 0.0, 0.5316888093948364]
[step 0150/150] method=ours loss=0.6424 train_acc=0.7020 train_loss=0.5955 val_acc=0.6823 val_loss=0.6234 router_H=0.6323 best=0.6823
           router_load=[0.022526971995830536, 0.5569169521331787, 0.0, 0.4205561578273773]
saved summary -> /home/zhujjing/MOE-grad-conflict-routing/runs/paper_suite/single_gpu/single_task/roberta_rte_ffn_e4_k2/hpo/ours/trial_runs/coord_04_method_ours_lambda_align_011/ours_s2.json
saved curve -> /home/zhujjing/MOE-grad-conflict-routing/runs/paper_suite/single_gpu/single_task/roberta_rte_ffn_e4_k2/hpo/ours/trial_runs/coord_04_method_ours_lambda_align_011/ours_s2_curve.csv
