[run] method=ours candidate=coord_04_method_ours_lambda_align_013 seed=3 steps=150 gpu=0
[run] cmd=
/home/zhujjing/anaconda3/envs/moe/bin/python /home/zhujjing/MOE-grad-conflict-routing/scripts/run.py --config configs/singletask_rte_real.yaml --set model.backbone_backend=hf --set model.hf_load_pretrained=true --set model.backbone=roberta --set model.hf_pretrained_name=roberta-base --set model.expert_type=ffn --set model.routing_mode=topk --set model.num_experts=4 --set model.top_k=2 --set seed=3 --set method.name=ours --set train.steps=150 --set train.eval_every_steps=50 --set method.ours.use_load_norm=true --set method.ours.lambda_align=1.418221809e-05 --set train.grad_clip=0.651383293 --set train.lr=3.356481249e-05 --set train.weight_decay=0.04322128284 --out /home/zhujjing/MOE-grad-conflict-routing/runs/paper_suite/single_gpu/single_task/roberta_rte_ffn_e4_k2/hpo/ours/trial_runs/coord_04_method_ours_lambda_align_013/ours_s3.json --curve_out /home/zhujjing/MOE-grad-conflict-routing/runs/paper_suite/single_gpu/single_task/roberta_rte_ffn_e4_k2/hpo/ours/trial_runs/coord_04_method_ours_lambda_align_013/ours_s3_curve.csv
Using the latest cached version of the dataset since glue couldn't be found on the Hugging Face Hub (offline mode is enabled).
Found the latest cached dataset configuration 'rte' at /home/zhujjing/hf_cache/datasets/glue/rte/0.0.0/bcdcba79d07bc864c1c254ccfcedcce55bcc9a8c (last modified on Thu Mar 19 15:00:36 2026).
/home/zhujjing/anaconda3/envs/moe/lib/python3.10/site-packages/transformers/utils/hub.py:124: FutureWarning: Using `TRANSFORMERS_CACHE` is deprecated and will be removed in v5 of Transformers. Use `HF_HOME` instead.
  warnings.warn(
Some weights of RobertaModel were not initialized from the model checkpoint at roberta-base and are newly initialized: ['roberta.pooler.dense.bias', 'roberta.pooler.dense.weight']
You should probably TRAIN this model on a down-stream task to be able to use it for predictions and inference.
[step 0001/150] method=ours loss=0.6949 train_acc=nan train_loss=nan val_acc=nan val_loss=nan best=-1.0000
[step 0010/150] method=ours loss=0.7011 train_acc=nan train_loss=nan val_acc=nan val_loss=nan best=-1.0000
[step 0020/150] method=ours loss=0.6959 train_acc=nan train_loss=nan val_acc=nan val_loss=nan best=-1.0000
[step 0030/150] method=ours loss=0.6679 train_acc=nan train_loss=nan val_acc=nan val_loss=nan best=-1.0000
[step 0040/150] method=ours loss=0.7209 train_acc=nan train_loss=nan val_acc=nan val_loss=nan best=-1.0000
[step 0050/150] method=ours loss=0.5890 train_acc=0.6450 train_loss=0.6340 val_acc=0.6643 val_loss=0.6339 router_H=0.6580 best=0.6643
           router_load=[0.0011780348140746355, 0.37518584728240967, 0.62363600730896, 0.0]
[step 0060/150] method=ours loss=0.6384 train_acc=0.6450 train_loss=0.6340 val_acc=0.6643 val_loss=0.6339 router_H=0.6580 best=0.6643
           router_load=[0.0011780348140746355, 0.37518584728240967, 0.62363600730896, 0.0]
[step 0070/150] method=ours loss=0.6698 train_acc=0.6450 train_loss=0.6340 val_acc=0.6643 val_loss=0.6339 router_H=0.6580 best=0.6643
           router_load=[0.0011780348140746355, 0.37518584728240967, 0.62363600730896, 0.0]
[step 0080/150] method=ours loss=0.5833 train_acc=0.6450 train_loss=0.6340 val_acc=0.6643 val_loss=0.6339 router_H=0.6580 best=0.6643
           router_load=[0.0011780348140746355, 0.37518584728240967, 0.62363600730896, 0.0]
[step 0090/150] method=ours loss=0.6248 train_acc=0.6450 train_loss=0.6340 val_acc=0.6643 val_loss=0.6339 router_H=0.6580 best=0.6643
           router_load=[0.0011780348140746355, 0.37518584728240967, 0.62363600730896, 0.0]
[step 0100/150] method=ours loss=0.6561 train_acc=0.6900 train_loss=0.6077 val_acc=0.6282 val_loss=0.6390 router_H=0.6682 best=0.6643
           router_load=[0.002449497813358903, 0.3961995840072632, 0.6013509035110474, 0.0]
[step 0110/150] method=ours loss=0.6752 train_acc=0.6900 train_loss=0.6077 val_acc=0.6282 val_loss=0.6390 router_H=0.6682 best=0.6643
           router_load=[0.002449497813358903, 0.3961995840072632, 0.6013509035110474, 0.0]
[step 0120/150] method=ours loss=0.6552 train_acc=0.6900 train_loss=0.6077 val_acc=0.6282 val_loss=0.6390 router_H=0.6682 best=0.6643
           router_load=[0.002449497813358903, 0.3961995840072632, 0.6013509035110474, 0.0]
[step 0130/150] method=ours loss=0.7100 train_acc=0.6900 train_loss=0.6077 val_acc=0.6282 val_loss=0.6390 router_H=0.6682 best=0.6643
           router_load=[0.002449497813358903, 0.3961995840072632, 0.6013509035110474, 0.0]
[step 0140/150] method=ours loss=0.6309 train_acc=0.6900 train_loss=0.6077 val_acc=0.6282 val_loss=0.6390 router_H=0.6682 best=0.6643
           router_load=[0.002449497813358903, 0.3961995840072632, 0.6013509035110474, 0.0]
[step 0150/150] method=ours loss=0.5705 train_acc=0.7502 train_loss=0.5663 val_acc=0.6968 val_loss=0.6035 router_H=0.6830 best=0.6968
           router_load=[0.0, 0.44582077860832214, 0.5541792511940002, 0.0]
saved summary -> /home/zhujjing/MOE-grad-conflict-routing/runs/paper_suite/single_gpu/single_task/roberta_rte_ffn_e4_k2/hpo/ours/trial_runs/coord_04_method_ours_lambda_align_013/ours_s3.json
saved curve -> /home/zhujjing/MOE-grad-conflict-routing/runs/paper_suite/single_gpu/single_task/roberta_rte_ffn_e4_k2/hpo/ours/trial_runs/coord_04_method_ours_lambda_align_013/ours_s3_curve.csv
