[run] method=ours candidate=coord_04_method_ours_lambda_align_001 seed=2 steps=150 gpu=0
[run] cmd=
/home/zhujjing/anaconda3/envs/moe/bin/python /home/zhujjing/MOE-grad-conflict-routing/scripts/run.py --config configs/singletask_rte_real.yaml --set model.backbone_backend=hf --set model.hf_load_pretrained=true --set model.backbone=roberta --set model.hf_pretrained_name=roberta-base --set model.expert_type=ffn --set model.routing_mode=topk --set model.num_experts=4 --set model.top_k=2 --set seed=2 --set method.name=ours --set train.steps=150 --set train.eval_every_steps=50 --set method.ours.use_load_norm=true --set method.ours.lambda_align=0.001234687834 --set train.grad_clip=0.651383293 --set train.lr=3.356481249e-05 --set train.weight_decay=0.04322128284 --out /home/zhujjing/MOE-grad-conflict-routing/runs/paper_suite/single_gpu/single_task/roberta_rte_ffn_e4_k2/hpo/ours/trial_runs/coord_04_method_ours_lambda_align_001/ours_s2.json --curve_out /home/zhujjing/MOE-grad-conflict-routing/runs/paper_suite/single_gpu/single_task/roberta_rte_ffn_e4_k2/hpo/ours/trial_runs/coord_04_method_ours_lambda_align_001/ours_s2_curve.csv
Using the latest cached version of the dataset since glue couldn't be found on the Hugging Face Hub (offline mode is enabled).
Found the latest cached dataset configuration 'rte' at /home/zhujjing/hf_cache/datasets/glue/rte/0.0.0/bcdcba79d07bc864c1c254ccfcedcce55bcc9a8c (last modified on Thu Mar 19 15:00:36 2026).
/home/zhujjing/anaconda3/envs/moe/lib/python3.10/site-packages/transformers/utils/hub.py:124: FutureWarning: Using `TRANSFORMERS_CACHE` is deprecated and will be removed in v5 of Transformers. Use `HF_HOME` instead.
  warnings.warn(
Some weights of RobertaModel were not initialized from the model checkpoint at roberta-base and are newly initialized: ['roberta.pooler.dense.bias', 'roberta.pooler.dense.weight']
You should probably TRAIN this model on a down-stream task to be able to use it for predictions and inference.
[step 0001/150] method=ours loss=0.6941 train_acc=nan train_loss=nan val_acc=nan val_loss=nan best=-1.0000
[step 0010/150] method=ours loss=0.7712 train_acc=nan train_loss=nan val_acc=nan val_loss=nan best=-1.0000
[step 0020/150] method=ours loss=0.6790 train_acc=nan train_loss=nan val_acc=nan val_loss=nan best=-1.0000
[step 0030/150] method=ours loss=0.6623 train_acc=nan train_loss=nan val_acc=nan val_loss=nan best=-1.0000
[step 0040/150] method=ours loss=0.7034 train_acc=nan train_loss=nan val_acc=nan val_loss=nan best=-1.0000
[step 0050/150] method=ours loss=0.6524 train_acc=0.6394 train_loss=0.6521 val_acc=0.5812 val_loss=0.6610 router_H=0.6809 best=0.5812
           router_load=[0.0011801134096458554, 0.42392808198928833, 0.5748917460441589, 0.0]
[step 0060/150] method=ours loss=0.6726 train_acc=0.6394 train_loss=0.6521 val_acc=0.5812 val_loss=0.6610 router_H=0.6809 best=0.5812
           router_load=[0.0011801134096458554, 0.42392808198928833, 0.5748917460441589, 0.0]
[step 0070/150] method=ours loss=0.7004 train_acc=0.6394 train_loss=0.6521 val_acc=0.5812 val_loss=0.6610 router_H=0.6809 best=0.5812
           router_load=[0.0011801134096458554, 0.42392808198928833, 0.5748917460441589, 0.0]
[step 0080/150] method=ours loss=0.6559 train_acc=0.6394 train_loss=0.6521 val_acc=0.5812 val_loss=0.6610 router_H=0.6809 best=0.5812
           router_load=[0.0011801134096458554, 0.42392808198928833, 0.5748917460441589, 0.0]
[step 0090/150] method=ours loss=0.6784 train_acc=0.6394 train_loss=0.6521 val_acc=0.5812 val_loss=0.6610 router_H=0.6809 best=0.5812
           router_load=[0.0011801134096458554, 0.42392808198928833, 0.5748917460441589, 0.0]
[step 0100/150] method=ours loss=0.6698 train_acc=0.7040 train_loss=0.6343 val_acc=0.6390 val_loss=0.6569 router_H=0.6544 best=0.6390
           router_load=[0.07315250486135483, 0.5888266563415527, 0.33802080154418945, 0.0]
[step 0110/150] method=ours loss=0.5995 train_acc=0.7040 train_loss=0.6343 val_acc=0.6390 val_loss=0.6569 router_H=0.6544 best=0.6390
           router_load=[0.07315250486135483, 0.5888266563415527, 0.33802080154418945, 0.0]
[step 0120/150] method=ours loss=0.5226 train_acc=0.7040 train_loss=0.6343 val_acc=0.6390 val_loss=0.6569 router_H=0.6544 best=0.6390
           router_load=[0.07315250486135483, 0.5888266563415527, 0.33802080154418945, 0.0]
[step 0130/150] method=ours loss=0.5852 train_acc=0.7040 train_loss=0.6343 val_acc=0.6390 val_loss=0.6569 router_H=0.6544 best=0.6390
           router_load=[0.07315250486135483, 0.5888266563415527, 0.33802080154418945, 0.0]
[step 0140/150] method=ours loss=0.7139 train_acc=0.7040 train_loss=0.6343 val_acc=0.6390 val_loss=0.6569 router_H=0.6544 best=0.6390
           router_load=[0.07315250486135483, 0.5888266563415527, 0.33802080154418945, 0.0]
[step 0150/150] method=ours loss=0.7232 train_acc=0.7028 train_loss=0.6202 val_acc=0.6679 val_loss=0.6399 router_H=0.6590 best=0.6679
           router_load=[0.06869427114725113, 0.6011843681335449, 0.3301212787628174, 0.0]
saved summary -> /home/zhujjing/MOE-grad-conflict-routing/runs/paper_suite/single_gpu/single_task/roberta_rte_ffn_e4_k2/hpo/ours/trial_runs/coord_04_method_ours_lambda_align_001/ours_s2.json
saved curve -> /home/zhujjing/MOE-grad-conflict-routing/runs/paper_suite/single_gpu/single_task/roberta_rte_ffn_e4_k2/hpo/ours/trial_runs/coord_04_method_ours_lambda_align_001/ours_s2_curve.csv
