[run] method=ours candidate=coord_04_method_ours_lambda_align_015 seed=3 steps=150 gpu=0
[run] cmd=
/home/zhujjing/anaconda3/envs/moe/bin/python /home/zhujjing/MOE-grad-conflict-routing/scripts/run.py --config configs/singletask_rte_real.yaml --set model.backbone_backend=hf --set model.hf_load_pretrained=true --set model.backbone=roberta --set model.hf_pretrained_name=roberta-base --set model.expert_type=lora --set model.routing_mode=topk --set model.num_experts=4 --set model.top_k=2 --set seed=3 --set method.name=ours --set train.steps=150 --set train.eval_every_steps=50 --set method.ours.use_load_norm=true --set method.ours.lambda_align=0.007094332297 --set train.grad_clip=1.721917769 --set train.lr=2.521629285e-05 --set train.weight_decay=0.04145867636 --out /home/zhujjing/MOE-grad-conflict-routing/runs/paper_suite/single_gpu/single_task/roberta_rte_lora_e4_k2/hpo/ours/trial_runs/coord_04_method_ours_lambda_align_015/ours_s3.json --curve_out /home/zhujjing/MOE-grad-conflict-routing/runs/paper_suite/single_gpu/single_task/roberta_rte_lora_e4_k2/hpo/ours/trial_runs/coord_04_method_ours_lambda_align_015/ours_s3_curve.csv
Using the latest cached version of the dataset since glue couldn't be found on the Hugging Face Hub (offline mode is enabled).
Found the latest cached dataset configuration 'rte' at /home/zhujjing/hf_cache/datasets/glue/rte/0.0.0/bcdcba79d07bc864c1c254ccfcedcce55bcc9a8c (last modified on Thu Mar 19 15:00:36 2026).
/home/zhujjing/anaconda3/envs/moe/lib/python3.10/site-packages/transformers/utils/hub.py:124: FutureWarning: Using `TRANSFORMERS_CACHE` is deprecated and will be removed in v5 of Transformers. Use `HF_HOME` instead.
  warnings.warn(
Some weights of RobertaModel were not initialized from the model checkpoint at roberta-base and are newly initialized: ['roberta.pooler.dense.bias', 'roberta.pooler.dense.weight']
You should probably TRAIN this model on a down-stream task to be able to use it for predictions and inference.
[step 0001/150] method=ours loss=0.7261 train_acc=nan train_loss=nan val_acc=nan val_loss=nan best=-1.0000
[step 0010/150] method=ours loss=0.7147 train_acc=nan train_loss=nan val_acc=nan val_loss=nan best=-1.0000
[step 0020/150] method=ours loss=0.7115 train_acc=nan train_loss=nan val_acc=nan val_loss=nan best=-1.0000
[step 0030/150] method=ours loss=0.6747 train_acc=nan train_loss=nan val_acc=nan val_loss=nan best=-1.0000
[step 0040/150] method=ours loss=0.6712 train_acc=nan train_loss=nan val_acc=nan val_loss=nan best=-1.0000
[step 0050/150] method=ours loss=0.6692 train_acc=0.6137 train_loss=0.6497 val_acc=0.5632 val_loss=0.6895 router_H=0.6736 best=0.5632
           router_load=[0.0, 0.23614950478076935, 0.16733674705028534, 0.5965137481689453]
[step 0060/150] method=ours loss=0.6302 train_acc=0.6137 train_loss=0.6497 val_acc=0.5632 val_loss=0.6895 router_H=0.6736 best=0.5632
           router_load=[0.0, 0.23614950478076935, 0.16733674705028534, 0.5965137481689453]
[step 0070/150] method=ours loss=0.7062 train_acc=0.6137 train_loss=0.6497 val_acc=0.5632 val_loss=0.6895 router_H=0.6736 best=0.5632
           router_load=[0.0, 0.23614950478076935, 0.16733674705028534, 0.5965137481689453]
[step 0080/150] method=ours loss=0.5807 train_acc=0.6137 train_loss=0.6497 val_acc=0.5632 val_loss=0.6895 router_H=0.6736 best=0.5632
           router_load=[0.0, 0.23614950478076935, 0.16733674705028534, 0.5965137481689453]
[step 0090/150] method=ours loss=0.6146 train_acc=0.6137 train_loss=0.6497 val_acc=0.5632 val_loss=0.6895 router_H=0.6736 best=0.5632
           router_load=[0.0, 0.23614950478076935, 0.16733674705028534, 0.5965137481689453]
[step 0100/150] method=ours loss=0.5854 train_acc=0.6896 train_loss=0.5989 val_acc=0.6823 val_loss=0.6065 router_H=0.6787 best=0.6823
           router_load=[0.0, 0.06186528131365776, 0.3548378348350525, 0.5832968950271606]
[step 0110/150] method=ours loss=0.7645 train_acc=0.6896 train_loss=0.5989 val_acc=0.6823 val_loss=0.6065 router_H=0.6787 best=0.6823
           router_load=[0.0, 0.06186528131365776, 0.3548378348350525, 0.5832968950271606]
[step 0120/150] method=ours loss=0.6308 train_acc=0.6896 train_loss=0.5989 val_acc=0.6823 val_loss=0.6065 router_H=0.6787 best=0.6823
           router_load=[0.0, 0.06186528131365776, 0.3548378348350525, 0.5832968950271606]
[step 0130/150] method=ours loss=0.8318 train_acc=0.6896 train_loss=0.5989 val_acc=0.6823 val_loss=0.6065 router_H=0.6787 best=0.6823
           router_load=[0.0, 0.06186528131365776, 0.3548378348350525, 0.5832968950271606]
[step 0140/150] method=ours loss=0.6276 train_acc=0.6896 train_loss=0.5989 val_acc=0.6823 val_loss=0.6065 router_H=0.6787 best=0.6823
           router_load=[0.0, 0.06186528131365776, 0.3548378348350525, 0.5832968950271606]
[step 0150/150] method=ours loss=0.5097 train_acc=0.7482 train_loss=0.5494 val_acc=0.6643 val_loss=0.6125 router_H=0.6798 best=0.6823
           router_load=[0.0, 0.050846319645643234, 0.36916741728782654, 0.5799862146377563]
saved summary -> /home/zhujjing/MOE-grad-conflict-routing/runs/paper_suite/single_gpu/single_task/roberta_rte_lora_e4_k2/hpo/ours/trial_runs/coord_04_method_ours_lambda_align_015/ours_s3.json
saved curve -> /home/zhujjing/MOE-grad-conflict-routing/runs/paper_suite/single_gpu/single_task/roberta_rte_lora_e4_k2/hpo/ours/trial_runs/coord_04_method_ours_lambda_align_015/ours_s3_curve.csv
