[run] method=ours candidate=coord_04_method_ours_lambda_align_021 seed=3 steps=150 gpu=0
[run] cmd=
/home/zhujjing/anaconda3/envs/moe/bin/python /home/zhujjing/MOE-grad-conflict-routing/scripts/run.py --config configs/singletask_rte_real.yaml --set model.backbone_backend=hf --set model.hf_load_pretrained=true --set model.backbone=roberta --set model.hf_pretrained_name=roberta-base --set model.expert_type=lora --set model.routing_mode=topk --set model.num_experts=4 --set model.top_k=2 --set seed=3 --set method.name=ours --set train.steps=150 --set train.eval_every_steps=50 --set method.ours.use_load_norm=true --set method.ours.lambda_align=2.362838515e-05 --set train.grad_clip=1.721917769 --set train.lr=2.521629285e-05 --set train.weight_decay=0.04145867636 --out /home/zhujjing/MOE-grad-conflict-routing/runs/paper_suite/single_gpu/single_task/roberta_rte_lora_e4_k2/hpo/ours/trial_runs/coord_04_method_ours_lambda_align_021/ours_s3.json --curve_out /home/zhujjing/MOE-grad-conflict-routing/runs/paper_suite/single_gpu/single_task/roberta_rte_lora_e4_k2/hpo/ours/trial_runs/coord_04_method_ours_lambda_align_021/ours_s3_curve.csv
Using the latest cached version of the dataset since glue couldn't be found on the Hugging Face Hub (offline mode is enabled).
Found the latest cached dataset configuration 'rte' at /home/zhujjing/hf_cache/datasets/glue/rte/0.0.0/bcdcba79d07bc864c1c254ccfcedcce55bcc9a8c (last modified on Thu Mar 19 15:00:36 2026).
/home/zhujjing/anaconda3/envs/moe/lib/python3.10/site-packages/transformers/utils/hub.py:124: FutureWarning: Using `TRANSFORMERS_CACHE` is deprecated and will be removed in v5 of Transformers. Use `HF_HOME` instead.
  warnings.warn(
Some weights of RobertaModel were not initialized from the model checkpoint at roberta-base and are newly initialized: ['roberta.pooler.dense.bias', 'roberta.pooler.dense.weight']
You should probably TRAIN this model on a down-stream task to be able to use it for predictions and inference.
[step 0001/150] method=ours loss=0.7246 train_acc=nan train_loss=nan val_acc=nan val_loss=nan best=-1.0000
[step 0010/150] method=ours loss=0.6904 train_acc=nan train_loss=nan val_acc=nan val_loss=nan best=-1.0000
[step 0020/150] method=ours loss=0.7134 train_acc=nan train_loss=nan val_acc=nan val_loss=nan best=-1.0000
[step 0030/150] method=ours loss=0.6894 train_acc=nan train_loss=nan val_acc=nan val_loss=nan best=-1.0000
[step 0040/150] method=ours loss=0.6465 train_acc=nan train_loss=nan val_acc=nan val_loss=nan best=-1.0000
[step 0050/150] method=ours loss=0.6777 train_acc=0.5743 train_loss=0.6699 val_acc=0.5379 val_loss=0.7129 router_H=0.6920 best=0.5379
           router_load=[0.4332517087459564, 0.019153472036123276, 0.5108944773674011, 0.0367002934217453]
[step 0060/150] method=ours loss=0.5974 train_acc=0.5743 train_loss=0.6699 val_acc=0.5379 val_loss=0.7129 router_H=0.6920 best=0.5379
           router_load=[0.4332517087459564, 0.019153472036123276, 0.5108944773674011, 0.0367002934217453]
[step 0070/150] method=ours loss=0.7059 train_acc=0.5743 train_loss=0.6699 val_acc=0.5379 val_loss=0.7129 router_H=0.6920 best=0.5379
           router_load=[0.4332517087459564, 0.019153472036123276, 0.5108944773674011, 0.0367002934217453]
[step 0080/150] method=ours loss=0.5445 train_acc=0.5743 train_loss=0.6699 val_acc=0.5379 val_loss=0.7129 router_H=0.6920 best=0.5379
           router_load=[0.4332517087459564, 0.019153472036123276, 0.5108944773674011, 0.0367002934217453]
[step 0090/150] method=ours loss=0.5155 train_acc=0.5743 train_loss=0.6699 val_acc=0.5379 val_loss=0.7129 router_H=0.6920 best=0.5379
           router_load=[0.4332517087459564, 0.019153472036123276, 0.5108944773674011, 0.0367002934217453]
[step 0100/150] method=ours loss=0.5354 train_acc=0.6598 train_loss=0.6244 val_acc=0.6173 val_loss=0.6455 router_H=0.6922 best=0.6173
           router_load=[0.4803594648838043, 0.039849646389484406, 0.25910675525665283, 0.22068411111831665]
[step 0110/150] method=ours loss=0.7336 train_acc=0.6598 train_loss=0.6244 val_acc=0.6173 val_loss=0.6455 router_H=0.6922 best=0.6173
           router_load=[0.4803594648838043, 0.039849646389484406, 0.25910675525665283, 0.22068411111831665]
[step 0120/150] method=ours loss=0.6559 train_acc=0.6598 train_loss=0.6244 val_acc=0.6173 val_loss=0.6455 router_H=0.6922 best=0.6173
           router_load=[0.4803594648838043, 0.039849646389484406, 0.25910675525665283, 0.22068411111831665]
[step 0130/150] method=ours loss=0.7283 train_acc=0.6598 train_loss=0.6244 val_acc=0.6173 val_loss=0.6455 router_H=0.6922 best=0.6173
           router_load=[0.4803594648838043, 0.039849646389484406, 0.25910675525665283, 0.22068411111831665]
[step 0140/150] method=ours loss=0.6721 train_acc=0.6598 train_loss=0.6244 val_acc=0.6173 val_loss=0.6455 router_H=0.6922 best=0.6173
           router_load=[0.4803594648838043, 0.039849646389484406, 0.25910675525665283, 0.22068411111831665]
[step 0150/150] method=ours loss=0.6650 train_acc=0.7036 train_loss=0.6020 val_acc=0.5957 val_loss=0.6612 router_H=0.6917 best=0.6173
           router_load=[0.29592597484588623, 0.004979598335921764, 0.4217923879623413, 0.27730199694633484]
saved summary -> /home/zhujjing/MOE-grad-conflict-routing/runs/paper_suite/single_gpu/single_task/roberta_rte_lora_e4_k2/hpo/ours/trial_runs/coord_04_method_ours_lambda_align_021/ours_s3.json
saved curve -> /home/zhujjing/MOE-grad-conflict-routing/runs/paper_suite/single_gpu/single_task/roberta_rte_lora_e4_k2/hpo/ours/trial_runs/coord_04_method_ours_lambda_align_021/ours_s3_curve.csv
