[run] method=ours candidate=coord_04_method_ours_lambda_align_005 seed=3 steps=150 gpu=0
[run] cmd=
/home/zhujjing/anaconda3/envs/moe/bin/python /home/zhujjing/MOE-grad-conflict-routing/scripts/run.py --config configs/singletask_rte_real.yaml --set model.backbone_backend=hf --set model.hf_load_pretrained=true --set model.backbone=roberta --set model.hf_pretrained_name=roberta-base --set model.expert_type=lora --set model.routing_mode=topk --set model.num_experts=4 --set model.top_k=2 --set seed=3 --set method.name=ours --set train.steps=150 --set train.eval_every_steps=50 --set method.ours.use_load_norm=true --set method.ours.lambda_align=2.430985345e-05 --set train.grad_clip=1.721917769 --set train.lr=2.521629285e-05 --set train.weight_decay=0.04145867636 --out /home/zhujjing/MOE-grad-conflict-routing/runs/paper_suite/single_gpu/single_task/roberta_rte_lora_e4_k2/hpo/ours/trial_runs/coord_04_method_ours_lambda_align_005/ours_s3.json --curve_out /home/zhujjing/MOE-grad-conflict-routing/runs/paper_suite/single_gpu/single_task/roberta_rte_lora_e4_k2/hpo/ours/trial_runs/coord_04_method_ours_lambda_align_005/ours_s3_curve.csv
Using the latest cached version of the dataset since glue couldn't be found on the Hugging Face Hub (offline mode is enabled).
Found the latest cached dataset configuration 'rte' at /home/zhujjing/hf_cache/datasets/glue/rte/0.0.0/bcdcba79d07bc864c1c254ccfcedcce55bcc9a8c (last modified on Thu Mar 19 15:00:36 2026).
/home/zhujjing/anaconda3/envs/moe/lib/python3.10/site-packages/transformers/utils/hub.py:124: FutureWarning: Using `TRANSFORMERS_CACHE` is deprecated and will be removed in v5 of Transformers. Use `HF_HOME` instead.
  warnings.warn(
Some weights of RobertaModel were not initialized from the model checkpoint at roberta-base and are newly initialized: ['roberta.pooler.dense.bias', 'roberta.pooler.dense.weight']
You should probably TRAIN this model on a down-stream task to be able to use it for predictions and inference.
[step 0001/150] method=ours loss=0.7016 train_acc=nan train_loss=nan val_acc=nan val_loss=nan best=-1.0000
[step 0010/150] method=ours loss=0.7097 train_acc=nan train_loss=nan val_acc=nan val_loss=nan best=-1.0000
[step 0020/150] method=ours loss=0.6998 train_acc=nan train_loss=nan val_acc=nan val_loss=nan best=-1.0000
[step 0030/150] method=ours loss=0.6491 train_acc=nan train_loss=nan val_acc=nan val_loss=nan best=-1.0000
[step 0040/150] method=ours loss=0.6648 train_acc=nan train_loss=nan val_acc=nan val_loss=nan best=-1.0000
[step 0050/150] method=ours loss=0.6165 train_acc=0.6398 train_loss=0.6344 val_acc=0.6390 val_loss=0.6706 router_H=0.6800 best=0.6390
           router_load=[0.051814403384923935, 0.09191390126943588, 0.5750640034675598, 0.2812076807022095]
[step 0060/150] method=ours loss=0.6550 train_acc=0.6398 train_loss=0.6344 val_acc=0.6390 val_loss=0.6706 router_H=0.6800 best=0.6390
           router_load=[0.051814403384923935, 0.09191390126943588, 0.5750640034675598, 0.2812076807022095]
[step 0070/150] method=ours loss=0.8231 train_acc=0.6398 train_loss=0.6344 val_acc=0.6390 val_loss=0.6706 router_H=0.6800 best=0.6390
           router_load=[0.051814403384923935, 0.09191390126943588, 0.5750640034675598, 0.2812076807022095]
[step 0080/150] method=ours loss=0.5594 train_acc=0.6398 train_loss=0.6344 val_acc=0.6390 val_loss=0.6706 router_H=0.6800 best=0.6390
           router_load=[0.051814403384923935, 0.09191390126943588, 0.5750640034675598, 0.2812076807022095]
[step 0090/150] method=ours loss=0.5725 train_acc=0.6398 train_loss=0.6344 val_acc=0.6390 val_loss=0.6706 router_H=0.6800 best=0.6390
           router_load=[0.051814403384923935, 0.09191390126943588, 0.5750640034675598, 0.2812076807022095]
[step 0100/150] method=ours loss=0.6239 train_acc=0.7088 train_loss=0.5865 val_acc=0.6679 val_loss=0.6156 router_H=0.6906 best=0.6679
           router_load=[0.0, 0.34306600689888, 0.47153210639953613, 0.18540191650390625]
[step 0110/150] method=ours loss=0.6898 train_acc=0.7088 train_loss=0.5865 val_acc=0.6679 val_loss=0.6156 router_H=0.6906 best=0.6679
           router_load=[0.0, 0.34306600689888, 0.47153210639953613, 0.18540191650390625]
[step 0120/150] method=ours loss=0.6355 train_acc=0.7088 train_loss=0.5865 val_acc=0.6679 val_loss=0.6156 router_H=0.6906 best=0.6679
           router_load=[0.0, 0.34306600689888, 0.47153210639953613, 0.18540191650390625]
[step 0130/150] method=ours loss=0.6726 train_acc=0.7088 train_loss=0.5865 val_acc=0.6679 val_loss=0.6156 router_H=0.6906 best=0.6679
           router_load=[0.0, 0.34306600689888, 0.47153210639953613, 0.18540191650390625]
[step 0140/150] method=ours loss=0.6198 train_acc=0.7088 train_loss=0.5865 val_acc=0.6679 val_loss=0.6156 router_H=0.6906 best=0.6679
           router_load=[0.0, 0.34306600689888, 0.47153210639953613, 0.18540191650390625]
[step 0150/150] method=ours loss=0.6058 train_acc=0.7831 train_loss=0.5127 val_acc=0.6895 val_loss=0.5998 router_H=0.6876 best=0.6895
           router_load=[0.020430617034435272, 0.4169340431690216, 0.5264631509780884, 0.036172278225421906]
saved summary -> /home/zhujjing/MOE-grad-conflict-routing/runs/paper_suite/single_gpu/single_task/roberta_rte_lora_e4_k2/hpo/ours/trial_runs/coord_04_method_ours_lambda_align_005/ours_s3.json
saved curve -> /home/zhujjing/MOE-grad-conflict-routing/runs/paper_suite/single_gpu/single_task/roberta_rte_lora_e4_k2/hpo/ours/trial_runs/coord_04_method_ours_lambda_align_005/ours_s3_curve.csv
