[run] method=ours candidate=coord_04_method_ours_lambda_align_010 seed=2 steps=150 gpu=0
[run] cmd=
/home/zhujjing/anaconda3/envs/moe/bin/python /home/zhujjing/MOE-grad-conflict-routing/scripts/run.py --config configs/singletask_rte_real.yaml --set model.backbone_backend=hf --set model.hf_load_pretrained=true --set model.backbone=roberta --set model.hf_pretrained_name=roberta-base --set model.expert_type=lora --set model.routing_mode=topk --set model.num_experts=4 --set model.top_k=2 --set seed=2 --set method.name=ours --set train.steps=150 --set train.eval_every_steps=50 --set method.ours.use_load_norm=true --set method.ours.lambda_align=2.852947316e-05 --set train.grad_clip=1.721917769 --set train.lr=2.521629285e-05 --set train.weight_decay=0.04145867636 --out /home/zhujjing/MOE-grad-conflict-routing/runs/paper_suite/single_gpu/single_task/roberta_rte_lora_e4_k2/hpo/ours/trial_runs/coord_04_method_ours_lambda_align_010/ours_s2.json --curve_out /home/zhujjing/MOE-grad-conflict-routing/runs/paper_suite/single_gpu/single_task/roberta_rte_lora_e4_k2/hpo/ours/trial_runs/coord_04_method_ours_lambda_align_010/ours_s2_curve.csv
Using the latest cached version of the dataset since glue couldn't be found on the Hugging Face Hub (offline mode is enabled).
Found the latest cached dataset configuration 'rte' at /home/zhujjing/hf_cache/datasets/glue/rte/0.0.0/bcdcba79d07bc864c1c254ccfcedcce55bcc9a8c (last modified on Thu Mar 19 15:00:36 2026).
/home/zhujjing/anaconda3/envs/moe/lib/python3.10/site-packages/transformers/utils/hub.py:124: FutureWarning: Using `TRANSFORMERS_CACHE` is deprecated and will be removed in v5 of Transformers. Use `HF_HOME` instead.
  warnings.warn(
Some weights of RobertaModel were not initialized from the model checkpoint at roberta-base and are newly initialized: ['roberta.pooler.dense.bias', 'roberta.pooler.dense.weight']
You should probably TRAIN this model on a down-stream task to be able to use it for predictions and inference.
[step 0001/150] method=ours loss=0.7015 train_acc=nan train_loss=nan val_acc=nan val_loss=nan best=-1.0000
[step 0010/150] method=ours loss=0.9095 train_acc=nan train_loss=nan val_acc=nan val_loss=nan best=-1.0000
[step 0020/150] method=ours loss=0.7083 train_acc=nan train_loss=nan val_acc=nan val_loss=nan best=-1.0000
[step 0030/150] method=ours loss=0.6999 train_acc=nan train_loss=nan val_acc=nan val_loss=nan best=-1.0000
[step 0040/150] method=ours loss=0.6665 train_acc=nan train_loss=nan val_acc=nan val_loss=nan best=-1.0000
[step 0050/150] method=ours loss=0.5822 train_acc=0.6277 train_loss=0.6556 val_acc=0.6173 val_loss=0.6561 router_H=0.6924 best=0.6173
           router_load=[0.0, 0.0, 0.4923526346683502, 0.5076473355293274]
[step 0060/150] method=ours loss=0.6493 train_acc=0.6277 train_loss=0.6556 val_acc=0.6173 val_loss=0.6561 router_H=0.6924 best=0.6173
           router_load=[0.0, 0.0, 0.4923526346683502, 0.5076473355293274]
[step 0070/150] method=ours loss=0.6902 train_acc=0.6277 train_loss=0.6556 val_acc=0.6173 val_loss=0.6561 router_H=0.6924 best=0.6173
           router_load=[0.0, 0.0, 0.4923526346683502, 0.5076473355293274]
[step 0080/150] method=ours loss=0.5963 train_acc=0.6277 train_loss=0.6556 val_acc=0.6173 val_loss=0.6561 router_H=0.6924 best=0.6173
           router_load=[0.0, 0.0, 0.4923526346683502, 0.5076473355293274]
[step 0090/150] method=ours loss=0.6152 train_acc=0.6277 train_loss=0.6556 val_acc=0.6173 val_loss=0.6561 router_H=0.6924 best=0.6173
           router_load=[0.0, 0.0, 0.4923526346683502, 0.5076473355293274]
[step 0100/150] method=ours loss=0.6442 train_acc=0.7040 train_loss=0.6014 val_acc=0.6715 val_loss=0.6329 router_H=0.6925 best=0.6715
           router_load=[0.0, 0.0, 0.49463045597076416, 0.5053695440292358]
[step 0110/150] method=ours loss=0.6087 train_acc=0.7040 train_loss=0.6014 val_acc=0.6715 val_loss=0.6329 router_H=0.6925 best=0.6715
           router_load=[0.0, 0.0, 0.49463045597076416, 0.5053695440292358]
[step 0120/150] method=ours loss=0.5268 train_acc=0.7040 train_loss=0.6014 val_acc=0.6715 val_loss=0.6329 router_H=0.6925 best=0.6715
           router_load=[0.0, 0.0, 0.49463045597076416, 0.5053695440292358]
[step 0130/150] method=ours loss=0.6650 train_acc=0.7040 train_loss=0.6014 val_acc=0.6715 val_loss=0.6329 router_H=0.6925 best=0.6715
           router_load=[0.0, 0.0, 0.49463045597076416, 0.5053695440292358]
[step 0140/150] method=ours loss=0.6838 train_acc=0.7040 train_loss=0.6014 val_acc=0.6715 val_loss=0.6329 router_H=0.6925 best=0.6715
           router_load=[0.0, 0.0, 0.49463045597076416, 0.5053695440292358]
[step 0150/150] method=ours loss=0.6062 train_acc=0.7486 train_loss=0.5781 val_acc=0.6787 val_loss=0.6153 router_H=0.6921 best=0.6787
           router_load=[0.0, 0.0, 0.4856579005718231, 0.514342188835144]
saved summary -> /home/zhujjing/MOE-grad-conflict-routing/runs/paper_suite/single_gpu/single_task/roberta_rte_lora_e4_k2/hpo/ours/trial_runs/coord_04_method_ours_lambda_align_010/ours_s2.json
saved curve -> /home/zhujjing/MOE-grad-conflict-routing/runs/paper_suite/single_gpu/single_task/roberta_rte_lora_e4_k2/hpo/ours/trial_runs/coord_04_method_ours_lambda_align_010/ours_s2_curve.csv
