[run] method=ours candidate=coord_04_method_ours_lambda_align_006 seed=2 steps=150 gpu=0
[run] cmd=
/home/zhujjing/anaconda3/envs/moe/bin/python /home/zhujjing/MOE-grad-conflict-routing/scripts/run.py --config configs/singletask_rte_real.yaml --set model.backbone_backend=hf --set model.hf_load_pretrained=true --set model.backbone=roberta --set model.hf_pretrained_name=roberta-base --set model.expert_type=lora --set model.routing_mode=topk --set model.num_experts=4 --set model.top_k=2 --set seed=2 --set method.name=ours --set train.steps=150 --set train.eval_every_steps=50 --set method.ours.use_load_norm=true --set method.ours.lambda_align=0.007734370951 --set train.grad_clip=1.721917769 --set train.lr=2.521629285e-05 --set train.weight_decay=0.04145867636 --out /home/zhujjing/MOE-grad-conflict-routing/runs/paper_suite/single_gpu/single_task/roberta_rte_lora_e4_k2/hpo/ours/trial_runs/coord_04_method_ours_lambda_align_006/ours_s2.json --curve_out /home/zhujjing/MOE-grad-conflict-routing/runs/paper_suite/single_gpu/single_task/roberta_rte_lora_e4_k2/hpo/ours/trial_runs/coord_04_method_ours_lambda_align_006/ours_s2_curve.csv
Using the latest cached version of the dataset since glue couldn't be found on the Hugging Face Hub (offline mode is enabled).
Found the latest cached dataset configuration 'rte' at /home/zhujjing/hf_cache/datasets/glue/rte/0.0.0/bcdcba79d07bc864c1c254ccfcedcce55bcc9a8c (last modified on Thu Mar 19 15:00:36 2026).
/home/zhujjing/anaconda3/envs/moe/lib/python3.10/site-packages/transformers/utils/hub.py:124: FutureWarning: Using `TRANSFORMERS_CACHE` is deprecated and will be removed in v5 of Transformers. Use `HF_HOME` instead.
  warnings.warn(
Some weights of RobertaModel were not initialized from the model checkpoint at roberta-base and are newly initialized: ['roberta.pooler.dense.bias', 'roberta.pooler.dense.weight']
You should probably TRAIN this model on a down-stream task to be able to use it for predictions and inference.
[step 0001/150] method=ours loss=0.6996 train_acc=nan train_loss=nan val_acc=nan val_loss=nan best=-1.0000
[step 0010/150] method=ours loss=0.8444 train_acc=nan train_loss=nan val_acc=nan val_loss=nan best=-1.0000
[step 0020/150] method=ours loss=0.6838 train_acc=nan train_loss=nan val_acc=nan val_loss=nan best=-1.0000
[step 0030/150] method=ours loss=0.7345 train_acc=nan train_loss=nan val_acc=nan val_loss=nan best=-1.0000
[step 0040/150] method=ours loss=0.6901 train_acc=nan train_loss=nan val_acc=nan val_loss=nan best=-1.0000
[step 0050/150] method=ours loss=0.5828 train_acc=0.5016 train_loss=0.7015 val_acc=0.5271 val_loss=0.6937 router_H=0.6900 best=0.5271
           router_load=[0.0033164455089718103, 0.003324084682390094, 0.45667383074760437, 0.5366856455802917]
[step 0060/150] method=ours loss=0.6752 train_acc=0.5016 train_loss=0.7015 val_acc=0.5271 val_loss=0.6937 router_H=0.6900 best=0.5271
           router_load=[0.0033164455089718103, 0.003324084682390094, 0.45667383074760437, 0.5366856455802917]
[step 0070/150] method=ours loss=0.6853 train_acc=0.5016 train_loss=0.7015 val_acc=0.5271 val_loss=0.6937 router_H=0.6900 best=0.5271
           router_load=[0.0033164455089718103, 0.003324084682390094, 0.45667383074760437, 0.5366856455802917]
[step 0080/150] method=ours loss=0.7467 train_acc=0.5016 train_loss=0.7015 val_acc=0.5271 val_loss=0.6937 router_H=0.6900 best=0.5271
           router_load=[0.0033164455089718103, 0.003324084682390094, 0.45667383074760437, 0.5366856455802917]
[step 0090/150] method=ours loss=0.8282 train_acc=0.5016 train_loss=0.7015 val_acc=0.5271 val_loss=0.6937 router_H=0.6900 best=0.5271
           router_load=[0.0033164455089718103, 0.003324084682390094, 0.45667383074760437, 0.5366856455802917]
[step 0100/150] method=ours loss=0.6905 train_acc=0.5365 train_loss=0.6756 val_acc=0.4910 val_loss=0.6979 router_H=0.6918 best=0.5271
           router_load=[0.0, 0.0018290565349161625, 0.47741153836250305, 0.5207593441009521]
[step 0110/150] method=ours loss=0.6622 train_acc=0.5365 train_loss=0.6756 val_acc=0.4910 val_loss=0.6979 router_H=0.6918 best=0.5271
           router_load=[0.0, 0.0018290565349161625, 0.47741153836250305, 0.5207593441009521]
[step 0120/150] method=ours loss=0.6779 train_acc=0.5365 train_loss=0.6756 val_acc=0.4910 val_loss=0.6979 router_H=0.6918 best=0.5271
           router_load=[0.0, 0.0018290565349161625, 0.47741153836250305, 0.5207593441009521]
[step 0130/150] method=ours loss=0.6498 train_acc=0.5365 train_loss=0.6756 val_acc=0.4910 val_loss=0.6979 router_H=0.6918 best=0.5271
           router_load=[0.0, 0.0018290565349161625, 0.47741153836250305, 0.5207593441009521]
[step 0140/150] method=ours loss=0.6153 train_acc=0.5365 train_loss=0.6756 val_acc=0.4910 val_loss=0.6979 router_H=0.6918 best=0.5271
           router_load=[0.0, 0.0018290565349161625, 0.47741153836250305, 0.5207593441009521]
[step 0150/150] method=ours loss=0.6870 train_acc=0.6241 train_loss=0.6513 val_acc=0.5993 val_loss=0.6667 router_H=0.6913 best=0.5993
           router_load=[0.0, 0.01318478025496006, 0.4612564146518707, 0.5255587697029114]
saved summary -> /home/zhujjing/MOE-grad-conflict-routing/runs/paper_suite/single_gpu/single_task/roberta_rte_lora_e4_k2/hpo/ours/trial_runs/coord_04_method_ours_lambda_align_006/ours_s2.json
saved curve -> /home/zhujjing/MOE-grad-conflict-routing/runs/paper_suite/single_gpu/single_task/roberta_rte_lora_e4_k2/hpo/ours/trial_runs/coord_04_method_ours_lambda_align_006/ours_s2_curve.csv
