[run] method=ours candidate=coord_04_anchor seed=3 steps=150 gpu=0
[run] cmd=
/home/zhujjing/anaconda3/envs/moe/bin/python /home/zhujjing/MOE-grad-conflict-routing/scripts/run.py --config configs/singletask_rte_real.yaml --set model.backbone_backend=hf --set model.hf_load_pretrained=true --set model.backbone=roberta --set model.hf_pretrained_name=roberta-base --set model.expert_type=lora --set model.routing_mode=topk --set model.num_experts=4 --set model.top_k=2 --set seed=3 --set method.name=ours --set train.steps=150 --set train.eval_every_steps=50 --set method.ours.use_load_norm=true --set method.ours.lambda_align=0.001 --set train.grad_clip=1.721917769 --set train.lr=2.521629285e-05 --set train.weight_decay=0.04145867636 --out /home/zhujjing/MOE-grad-conflict-routing/runs/paper_suite/single_gpu/single_task/roberta_rte_lora_e4_k2/hpo/ours/trial_runs/coord_04_anchor/ours_s3.json --curve_out /home/zhujjing/MOE-grad-conflict-routing/runs/paper_suite/single_gpu/single_task/roberta_rte_lora_e4_k2/hpo/ours/trial_runs/coord_04_anchor/ours_s3_curve.csv
Using the latest cached version of the dataset since glue couldn't be found on the Hugging Face Hub (offline mode is enabled).
Found the latest cached dataset configuration 'rte' at /home/zhujjing/hf_cache/datasets/glue/rte/0.0.0/bcdcba79d07bc864c1c254ccfcedcce55bcc9a8c (last modified on Thu Mar 19 15:00:36 2026).
/home/zhujjing/anaconda3/envs/moe/lib/python3.10/site-packages/transformers/utils/hub.py:124: FutureWarning: Using `TRANSFORMERS_CACHE` is deprecated and will be removed in v5 of Transformers. Use `HF_HOME` instead.
  warnings.warn(
Some weights of RobertaModel were not initialized from the model checkpoint at roberta-base and are newly initialized: ['roberta.pooler.dense.bias', 'roberta.pooler.dense.weight']
You should probably TRAIN this model on a down-stream task to be able to use it for predictions and inference.
[step 0001/150] method=ours loss=0.7013 train_acc=nan train_loss=nan val_acc=nan val_loss=nan best=-1.0000
[step 0010/150] method=ours loss=0.6904 train_acc=nan train_loss=nan val_acc=nan val_loss=nan best=-1.0000
[step 0020/150] method=ours loss=0.7154 train_acc=nan train_loss=nan val_acc=nan val_loss=nan best=-1.0000
[step 0030/150] method=ours loss=0.6839 train_acc=nan train_loss=nan val_acc=nan val_loss=nan best=-1.0000
[step 0040/150] method=ours loss=0.6661 train_acc=nan train_loss=nan val_acc=nan val_loss=nan best=-1.0000
[step 0050/150] method=ours loss=0.6833 train_acc=0.5779 train_loss=0.6718 val_acc=0.5451 val_loss=0.6961 router_H=0.6784 best=0.5451
           router_load=[0.5842594504356384, 0.05312667787075043, 0.0029549968894571066, 0.35965874791145325]
[step 0060/150] method=ours loss=0.5770 train_acc=0.5779 train_loss=0.6718 val_acc=0.5451 val_loss=0.6961 router_H=0.6784 best=0.5451
           router_load=[0.5842594504356384, 0.05312667787075043, 0.0029549968894571066, 0.35965874791145325]
[step 0070/150] method=ours loss=0.7101 train_acc=0.5779 train_loss=0.6718 val_acc=0.5451 val_loss=0.6961 router_H=0.6784 best=0.5451
           router_load=[0.5842594504356384, 0.05312667787075043, 0.0029549968894571066, 0.35965874791145325]
[step 0080/150] method=ours loss=0.5234 train_acc=0.5779 train_loss=0.6718 val_acc=0.5451 val_loss=0.6961 router_H=0.6784 best=0.5451
           router_load=[0.5842594504356384, 0.05312667787075043, 0.0029549968894571066, 0.35965874791145325]
[step 0090/150] method=ours loss=0.5198 train_acc=0.5779 train_loss=0.6718 val_acc=0.5451 val_loss=0.6961 router_H=0.6784 best=0.5451
           router_load=[0.5842594504356384, 0.05312667787075043, 0.0029549968894571066, 0.35965874791145325]
[step 0100/150] method=ours loss=0.7487 train_acc=0.6815 train_loss=0.5950 val_acc=0.6390 val_loss=0.6318 router_H=0.6781 best=0.6390
           router_load=[0.5843300223350525, 0.08433707058429718, 0.014522676356136799, 0.31681010127067566]
[step 0110/150] method=ours loss=0.6655 train_acc=0.6815 train_loss=0.5950 val_acc=0.6390 val_loss=0.6318 router_H=0.6781 best=0.6390
           router_load=[0.5843300223350525, 0.08433707058429718, 0.014522676356136799, 0.31681010127067566]
[step 0120/150] method=ours loss=0.6661 train_acc=0.6815 train_loss=0.5950 val_acc=0.6390 val_loss=0.6318 router_H=0.6781 best=0.6390
           router_load=[0.5843300223350525, 0.08433707058429718, 0.014522676356136799, 0.31681010127067566]
[step 0130/150] method=ours loss=0.6573 train_acc=0.6815 train_loss=0.5950 val_acc=0.6390 val_loss=0.6318 router_H=0.6781 best=0.6390
           router_load=[0.5843300223350525, 0.08433707058429718, 0.014522676356136799, 0.31681010127067566]
[step 0140/150] method=ours loss=0.6442 train_acc=0.6815 train_loss=0.5950 val_acc=0.6390 val_loss=0.6318 router_H=0.6781 best=0.6390
           router_load=[0.5843300223350525, 0.08433707058429718, 0.014522676356136799, 0.31681010127067566]
[step 0150/150] method=ours loss=0.5999 train_acc=0.7153 train_loss=0.5736 val_acc=0.6534 val_loss=0.6273 router_H=0.6808 best=0.6534
           router_load=[0.577100932598114, 0.2768522799015045, 0.002985456259921193, 0.14306128025054932]
saved summary -> /home/zhujjing/MOE-grad-conflict-routing/runs/paper_suite/single_gpu/single_task/roberta_rte_lora_e4_k2/hpo/ours/trial_runs/coord_04_anchor/ours_s3.json
saved curve -> /home/zhujjing/MOE-grad-conflict-routing/runs/paper_suite/single_gpu/single_task/roberta_rte_lora_e4_k2/hpo/ours/trial_runs/coord_04_anchor/ours_s3_curve.csv
