[run] method=ours candidate=coord_04_method_ours_lambda_align_000 seed=3 steps=150 gpu=0
[run] cmd=
/home/zhujjing/anaconda3/envs/moe/bin/python /home/zhujjing/MOE-grad-conflict-routing/scripts/run.py --config configs/singletask_rte_real.yaml --set model.backbone_backend=hf --set model.hf_load_pretrained=true --set model.backbone=roberta --set model.hf_pretrained_name=roberta-base --set model.expert_type=lora --set model.routing_mode=topk --set model.num_experts=4 --set model.top_k=2 --set seed=3 --set method.name=ours --set train.steps=150 --set train.eval_every_steps=50 --set method.ours.use_load_norm=true --set method.ours.lambda_align=0.0002085502775 --set train.grad_clip=1.721917769 --set train.lr=2.521629285e-05 --set train.weight_decay=0.04145867636 --out /home/zhujjing/MOE-grad-conflict-routing/runs/paper_suite/single_gpu/single_task/roberta_rte_lora_e4_k2/hpo/ours/trial_runs/coord_04_method_ours_lambda_align_000/ours_s3.json --curve_out /home/zhujjing/MOE-grad-conflict-routing/runs/paper_suite/single_gpu/single_task/roberta_rte_lora_e4_k2/hpo/ours/trial_runs/coord_04_method_ours_lambda_align_000/ours_s3_curve.csv
Using the latest cached version of the dataset since glue couldn't be found on the Hugging Face Hub (offline mode is enabled).
Found the latest cached dataset configuration 'rte' at /home/zhujjing/hf_cache/datasets/glue/rte/0.0.0/bcdcba79d07bc864c1c254ccfcedcce55bcc9a8c (last modified on Thu Mar 19 15:00:36 2026).
/home/zhujjing/anaconda3/envs/moe/lib/python3.10/site-packages/transformers/utils/hub.py:124: FutureWarning: Using `TRANSFORMERS_CACHE` is deprecated and will be removed in v5 of Transformers. Use `HF_HOME` instead.
  warnings.warn(
Some weights of RobertaModel were not initialized from the model checkpoint at roberta-base and are newly initialized: ['roberta.pooler.dense.bias', 'roberta.pooler.dense.weight']
You should probably TRAIN this model on a down-stream task to be able to use it for predictions and inference.
[step 0001/150] method=ours loss=0.7368 train_acc=nan train_loss=nan val_acc=nan val_loss=nan best=-1.0000
[step 0010/150] method=ours loss=0.6849 train_acc=nan train_loss=nan val_acc=nan val_loss=nan best=-1.0000
[step 0020/150] method=ours loss=0.6910 train_acc=nan train_loss=nan val_acc=nan val_loss=nan best=-1.0000
[step 0030/150] method=ours loss=0.6718 train_acc=nan train_loss=nan val_acc=nan val_loss=nan best=-1.0000
[step 0040/150] method=ours loss=0.6426 train_acc=nan train_loss=nan val_acc=nan val_loss=nan best=-1.0000
[step 0050/150] method=ours loss=0.6676 train_acc=0.6265 train_loss=0.6510 val_acc=0.5848 val_loss=0.6694 router_H=0.6793 best=0.5848
           router_load=[0.40916717052459717, 0.5816870927810669, 0.009145762771368027, 0.0]
[step 0060/150] method=ours loss=0.5902 train_acc=0.6265 train_loss=0.6510 val_acc=0.5848 val_loss=0.6694 router_H=0.6793 best=0.5848
           router_load=[0.40916717052459717, 0.5816870927810669, 0.009145762771368027, 0.0]
[step 0070/150] method=ours loss=0.7558 train_acc=0.6265 train_loss=0.6510 val_acc=0.5848 val_loss=0.6694 router_H=0.6793 best=0.5848
           router_load=[0.40916717052459717, 0.5816870927810669, 0.009145762771368027, 0.0]
[step 0080/150] method=ours loss=0.6483 train_acc=0.6265 train_loss=0.6510 val_acc=0.5848 val_loss=0.6694 router_H=0.6793 best=0.5848
           router_load=[0.40916717052459717, 0.5816870927810669, 0.009145762771368027, 0.0]
[step 0090/150] method=ours loss=0.6129 train_acc=0.6265 train_loss=0.6510 val_acc=0.5848 val_loss=0.6694 router_H=0.6793 best=0.5848
           router_load=[0.40916717052459717, 0.5816870927810669, 0.009145762771368027, 0.0]
[step 0100/150] method=ours loss=0.6358 train_acc=0.6916 train_loss=0.5946 val_acc=0.6209 val_loss=0.6358 router_H=0.6758 best=0.6209
           router_load=[0.38604646921157837, 0.5908498167991638, 0.023103637620806694, 0.0]
[step 0110/150] method=ours loss=0.6731 train_acc=0.6916 train_loss=0.5946 val_acc=0.6209 val_loss=0.6358 router_H=0.6758 best=0.6209
           router_load=[0.38604646921157837, 0.5908498167991638, 0.023103637620806694, 0.0]
[step 0120/150] method=ours loss=0.5777 train_acc=0.6916 train_loss=0.5946 val_acc=0.6209 val_loss=0.6358 router_H=0.6758 best=0.6209
           router_load=[0.38604646921157837, 0.5908498167991638, 0.023103637620806694, 0.0]
[step 0130/150] method=ours loss=0.7067 train_acc=0.6916 train_loss=0.5946 val_acc=0.6209 val_loss=0.6358 router_H=0.6758 best=0.6209
           router_load=[0.38604646921157837, 0.5908498167991638, 0.023103637620806694, 0.0]
[step 0140/150] method=ours loss=0.7035 train_acc=0.6916 train_loss=0.5946 val_acc=0.6209 val_loss=0.6358 router_H=0.6758 best=0.6209
           router_load=[0.38604646921157837, 0.5908498167991638, 0.023103637620806694, 0.0]
[step 0150/150] method=ours loss=0.5657 train_acc=0.7153 train_loss=0.5661 val_acc=0.6498 val_loss=0.6150 router_H=0.6777 best=0.6498
           router_load=[0.40365874767303467, 0.5861696600914001, 0.010171497240662575, 0.0]
saved summary -> /home/zhujjing/MOE-grad-conflict-routing/runs/paper_suite/single_gpu/single_task/roberta_rte_lora_e4_k2/hpo/ours/trial_runs/coord_04_method_ours_lambda_align_000/ours_s3.json
saved curve -> /home/zhujjing/MOE-grad-conflict-routing/runs/paper_suite/single_gpu/single_task/roberta_rte_lora_e4_k2/hpo/ours/trial_runs/coord_04_method_ours_lambda_align_000/ours_s3_curve.csv
