[run] method=ours candidate=coord_04_method_ours_lambda_align_003 seed=3 steps=150 gpu=0
[run] cmd=
/home/zhujjing/anaconda3/envs/moe/bin/python /home/zhujjing/MOE-grad-conflict-routing/scripts/run.py --config configs/singletask_rte_real.yaml --set model.backbone_backend=hf --set model.hf_load_pretrained=true --set model.backbone=roberta --set model.hf_pretrained_name=roberta-base --set model.expert_type=lora --set model.routing_mode=topk --set model.num_experts=4 --set model.top_k=2 --set seed=3 --set method.name=ours --set train.steps=150 --set train.eval_every_steps=50 --set method.ours.use_load_norm=true --set method.ours.lambda_align=0.003264950101 --set train.grad_clip=1.721917769 --set train.lr=2.521629285e-05 --set train.weight_decay=0.04145867636 --out /home/zhujjing/MOE-grad-conflict-routing/runs/paper_suite/single_gpu/single_task/roberta_rte_lora_e4_k2/hpo/ours/trial_runs/coord_04_method_ours_lambda_align_003/ours_s3.json --curve_out /home/zhujjing/MOE-grad-conflict-routing/runs/paper_suite/single_gpu/single_task/roberta_rte_lora_e4_k2/hpo/ours/trial_runs/coord_04_method_ours_lambda_align_003/ours_s3_curve.csv
Using the latest cached version of the dataset since glue couldn't be found on the Hugging Face Hub (offline mode is enabled).
Found the latest cached dataset configuration 'rte' at /home/zhujjing/hf_cache/datasets/glue/rte/0.0.0/bcdcba79d07bc864c1c254ccfcedcce55bcc9a8c (last modified on Thu Mar 19 15:00:36 2026).
/home/zhujjing/anaconda3/envs/moe/lib/python3.10/site-packages/transformers/utils/hub.py:124: FutureWarning: Using `TRANSFORMERS_CACHE` is deprecated and will be removed in v5 of Transformers. Use `HF_HOME` instead.
  warnings.warn(
Some weights of RobertaModel were not initialized from the model checkpoint at roberta-base and are newly initialized: ['roberta.pooler.dense.bias', 'roberta.pooler.dense.weight']
You should probably TRAIN this model on a down-stream task to be able to use it for predictions and inference.
[step 0001/150] method=ours loss=0.7085 train_acc=nan train_loss=nan val_acc=nan val_loss=nan best=-1.0000
[step 0010/150] method=ours loss=0.6978 train_acc=nan train_loss=nan val_acc=nan val_loss=nan best=-1.0000
[step 0020/150] method=ours loss=0.7091 train_acc=nan train_loss=nan val_acc=nan val_loss=nan best=-1.0000
[step 0030/150] method=ours loss=0.6620 train_acc=nan train_loss=nan val_acc=nan val_loss=nan best=-1.0000
[step 0040/150] method=ours loss=0.6862 train_acc=nan train_loss=nan val_acc=nan val_loss=nan best=-1.0000
[step 0050/150] method=ours loss=0.6548 train_acc=0.6474 train_loss=0.6264 val_acc=0.5993 val_loss=0.6784 router_H=0.6827 best=0.5993
           router_load=[0.2657301425933838, 0.0014497886877506971, 0.16419236361980438, 0.5686277151107788]
[step 0060/150] method=ours loss=0.6571 train_acc=0.6474 train_loss=0.6264 val_acc=0.5993 val_loss=0.6784 router_H=0.6827 best=0.5993
           router_load=[0.2657301425933838, 0.0014497886877506971, 0.16419236361980438, 0.5686277151107788]
[step 0070/150] method=ours loss=0.7241 train_acc=0.6474 train_loss=0.6264 val_acc=0.5993 val_loss=0.6784 router_H=0.6827 best=0.5993
           router_load=[0.2657301425933838, 0.0014497886877506971, 0.16419236361980438, 0.5686277151107788]
[step 0080/150] method=ours loss=0.5586 train_acc=0.6474 train_loss=0.6264 val_acc=0.5993 val_loss=0.6784 router_H=0.6827 best=0.5993
           router_load=[0.2657301425933838, 0.0014497886877506971, 0.16419236361980438, 0.5686277151107788]
[step 0090/150] method=ours loss=0.6168 train_acc=0.6474 train_loss=0.6264 val_acc=0.5993 val_loss=0.6784 router_H=0.6827 best=0.5993
           router_load=[0.2657301425933838, 0.0014497886877506971, 0.16419236361980438, 0.5686277151107788]
[step 0100/150] method=ours loss=0.6374 train_acc=0.7181 train_loss=0.5715 val_acc=0.6823 val_loss=0.6157 router_H=0.6858 best=0.6823
           router_load=[0.3657025396823883, 0.008209312334656715, 0.06863787025213242, 0.5574502944946289]
[step 0110/150] method=ours loss=0.6758 train_acc=0.7181 train_loss=0.5715 val_acc=0.6823 val_loss=0.6157 router_H=0.6858 best=0.6823
           router_load=[0.3657025396823883, 0.008209312334656715, 0.06863787025213242, 0.5574502944946289]
[step 0120/150] method=ours loss=0.6313 train_acc=0.7181 train_loss=0.5715 val_acc=0.6823 val_loss=0.6157 router_H=0.6858 best=0.6823
           router_load=[0.3657025396823883, 0.008209312334656715, 0.06863787025213242, 0.5574502944946289]
[step 0130/150] method=ours loss=0.6740 train_acc=0.7181 train_loss=0.5715 val_acc=0.6823 val_loss=0.6157 router_H=0.6858 best=0.6823
           router_load=[0.3657025396823883, 0.008209312334656715, 0.06863787025213242, 0.5574502944946289]
[step 0140/150] method=ours loss=0.6372 train_acc=0.7181 train_loss=0.5715 val_acc=0.6823 val_loss=0.6157 router_H=0.6858 best=0.6823
           router_load=[0.3657025396823883, 0.008209312334656715, 0.06863787025213242, 0.5574502944946289]
[step 0150/150] method=ours loss=0.4804 train_acc=0.7510 train_loss=0.5292 val_acc=0.6931 val_loss=0.6176 router_H=0.6862 best=0.6931
           router_load=[0.36996224522590637, 0.003162682754918933, 0.07036576420068741, 0.5565093159675598]
saved summary -> /home/zhujjing/MOE-grad-conflict-routing/runs/paper_suite/single_gpu/single_task/roberta_rte_lora_e4_k2/hpo/ours/trial_runs/coord_04_method_ours_lambda_align_003/ours_s3.json
saved curve -> /home/zhujjing/MOE-grad-conflict-routing/runs/paper_suite/single_gpu/single_task/roberta_rte_lora_e4_k2/hpo/ours/trial_runs/coord_04_method_ours_lambda_align_003/ours_s3_curve.csv
