[run] method=ours candidate=coord_04_method_ours_lambda_align_004 seed=2 steps=150 gpu=0
[run] cmd=
/home/zhujjing/anaconda3/envs/moe/bin/python /home/zhujjing/MOE-grad-conflict-routing/scripts/run.py --config configs/singletask_rte_real.yaml --set model.backbone_backend=hf --set model.hf_load_pretrained=true --set model.backbone=roberta --set model.hf_pretrained_name=roberta-base --set model.expert_type=lora --set model.routing_mode=topk --set model.num_experts=4 --set model.top_k=2 --set seed=2 --set method.name=ours --set train.steps=150 --set train.eval_every_steps=50 --set method.ours.use_load_norm=true --set method.ours.lambda_align=0.0003739085203 --set train.grad_clip=1.721917769 --set train.lr=2.521629285e-05 --set train.weight_decay=0.04145867636 --out /home/zhujjing/MOE-grad-conflict-routing/runs/paper_suite/single_gpu/single_task/roberta_rte_lora_e4_k2/hpo/ours/trial_runs/coord_04_method_ours_lambda_align_004/ours_s2.json --curve_out /home/zhujjing/MOE-grad-conflict-routing/runs/paper_suite/single_gpu/single_task/roberta_rte_lora_e4_k2/hpo/ours/trial_runs/coord_04_method_ours_lambda_align_004/ours_s2_curve.csv
Using the latest cached version of the dataset since glue couldn't be found on the Hugging Face Hub (offline mode is enabled).
Found the latest cached dataset configuration 'rte' at /home/zhujjing/hf_cache/datasets/glue/rte/0.0.0/bcdcba79d07bc864c1c254ccfcedcce55bcc9a8c (last modified on Thu Mar 19 15:00:36 2026).
/home/zhujjing/anaconda3/envs/moe/lib/python3.10/site-packages/transformers/utils/hub.py:124: FutureWarning: Using `TRANSFORMERS_CACHE` is deprecated and will be removed in v5 of Transformers. Use `HF_HOME` instead.
  warnings.warn(
Some weights of RobertaModel were not initialized from the model checkpoint at roberta-base and are newly initialized: ['roberta.pooler.dense.bias', 'roberta.pooler.dense.weight']
You should probably TRAIN this model on a down-stream task to be able to use it for predictions and inference.
[step 0001/150] method=ours loss=0.7096 train_acc=nan train_loss=nan val_acc=nan val_loss=nan best=-1.0000
[step 0010/150] method=ours loss=0.9127 train_acc=nan train_loss=nan val_acc=nan val_loss=nan best=-1.0000
[step 0020/150] method=ours loss=0.6832 train_acc=nan train_loss=nan val_acc=nan val_loss=nan best=-1.0000
[step 0030/150] method=ours loss=0.7374 train_acc=nan train_loss=nan val_acc=nan val_loss=nan best=-1.0000
[step 0040/150] method=ours loss=0.6876 train_acc=nan train_loss=nan val_acc=nan val_loss=nan best=-1.0000
[step 0050/150] method=ours loss=0.5826 train_acc=0.5016 train_loss=0.6988 val_acc=0.5271 val_loss=0.6900 router_H=0.6928 best=0.5271
           router_load=[0.0, 0.5055561661720276, 0.49444380402565, 0.0]
[step 0060/150] method=ours loss=0.6775 train_acc=0.5016 train_loss=0.6988 val_acc=0.5271 val_loss=0.6900 router_H=0.6928 best=0.5271
           router_load=[0.0, 0.5055561661720276, 0.49444380402565, 0.0]
[step 0070/150] method=ours loss=0.6741 train_acc=0.5016 train_loss=0.6988 val_acc=0.5271 val_loss=0.6900 router_H=0.6928 best=0.5271
           router_load=[0.0, 0.5055561661720276, 0.49444380402565, 0.0]
[step 0080/150] method=ours loss=0.7564 train_acc=0.5016 train_loss=0.6988 val_acc=0.5271 val_loss=0.6900 router_H=0.6928 best=0.5271
           router_load=[0.0, 0.5055561661720276, 0.49444380402565, 0.0]
[step 0090/150] method=ours loss=0.8884 train_acc=0.5016 train_loss=0.6988 val_acc=0.5271 val_loss=0.6900 router_H=0.6928 best=0.5271
           router_load=[0.0, 0.5055561661720276, 0.49444380402565, 0.0]
[step 0100/150] method=ours loss=0.6950 train_acc=0.5494 train_loss=0.6701 val_acc=0.5054 val_loss=0.7003 router_H=0.6927 best=0.5271
           router_load=[0.0, 0.5073627829551697, 0.4926372170448303, 0.0]
[step 0110/150] method=ours loss=0.6391 train_acc=0.5494 train_loss=0.6701 val_acc=0.5054 val_loss=0.7003 router_H=0.6927 best=0.5271
           router_load=[0.0, 0.5073627829551697, 0.4926372170448303, 0.0]
[step 0120/150] method=ours loss=0.6767 train_acc=0.5494 train_loss=0.6701 val_acc=0.5054 val_loss=0.7003 router_H=0.6927 best=0.5271
           router_load=[0.0, 0.5073627829551697, 0.4926372170448303, 0.0]
[step 0130/150] method=ours loss=0.5973 train_acc=0.5494 train_loss=0.6701 val_acc=0.5054 val_loss=0.7003 router_H=0.6927 best=0.5271
           router_load=[0.0, 0.5073627829551697, 0.4926372170448303, 0.0]
[step 0140/150] method=ours loss=0.5940 train_acc=0.5494 train_loss=0.6701 val_acc=0.5054 val_loss=0.7003 router_H=0.6927 best=0.5271
           router_load=[0.0, 0.5073627829551697, 0.4926372170448303, 0.0]
[step 0150/150] method=ours loss=0.6802 train_acc=0.6715 train_loss=0.6226 val_acc=0.6354 val_loss=0.6531 router_H=0.6922 best=0.6354
           router_load=[0.0, 0.5161542892456055, 0.48212507367134094, 0.0017206779448315501]
saved summary -> /home/zhujjing/MOE-grad-conflict-routing/runs/paper_suite/single_gpu/single_task/roberta_rte_lora_e4_k2/hpo/ours/trial_runs/coord_04_method_ours_lambda_align_004/ours_s2.json
saved curve -> /home/zhujjing/MOE-grad-conflict-routing/runs/paper_suite/single_gpu/single_task/roberta_rte_lora_e4_k2/hpo/ours/trial_runs/coord_04_method_ours_lambda_align_004/ours_s2_curve.csv
