[run] method=cagrad candidate=coord_04_method_baseline_cagrad_c_008 seed=3 steps=150 gpu=0
[run] cmd=
/home/zhujjing/anaconda3/envs/moe/bin/python /home/zhujjing/MOE-grad-conflict-routing/scripts/run.py --config configs/singletask_rte_real.yaml --set model.backbone_backend=hf --set model.hf_load_pretrained=true --set model.backbone=roberta --set model.hf_pretrained_name=roberta-base --set model.expert_type=ffn --set model.routing_mode=topk --set model.num_experts=4 --set model.top_k=2 --set seed=3 --set method.name=baseline_cagrad --set train.steps=150 --set train.eval_every_steps=50 --set method.baseline_cagrad.c=0.9303394245 --set method.baseline_cagrad.inner_lr=0.1 --set train.grad_clip=1.23610215 --set train.lr=2.52305587e-05 --set train.weight_decay=0.0003465461751 --out /home/zhujjing/MOE-grad-conflict-routing/runs/paper_suite/single_gpu/single_task/roberta_rte_ffn_e4_k2/hpo/cagrad/trial_runs/coord_04_method_baseline_cagrad_c_008/cagrad_s3.json --curve_out /home/zhujjing/MOE-grad-conflict-routing/runs/paper_suite/single_gpu/single_task/roberta_rte_ffn_e4_k2/hpo/cagrad/trial_runs/coord_04_method_baseline_cagrad_c_008/cagrad_s3_curve.csv
Using the latest cached version of the dataset since glue couldn't be found on the Hugging Face Hub (offline mode is enabled).
Found the latest cached dataset configuration 'rte' at /home/zhujjing/hf_cache/datasets/glue/rte/0.0.0/bcdcba79d07bc864c1c254ccfcedcce55bcc9a8c (last modified on Thu Mar 19 15:00:36 2026).
/home/zhujjing/anaconda3/envs/moe/lib/python3.10/site-packages/transformers/utils/hub.py:124: FutureWarning: Using `TRANSFORMERS_CACHE` is deprecated and will be removed in v5 of Transformers. Use `HF_HOME` instead.
  warnings.warn(
Some weights of RobertaModel were not initialized from the model checkpoint at roberta-base and are newly initialized: ['roberta.pooler.dense.bias', 'roberta.pooler.dense.weight']
You should probably TRAIN this model on a down-stream task to be able to use it for predictions and inference.
[step 0001/150] method=baseline_cagrad loss=0.6959 train_acc=nan train_loss=nan val_acc=nan val_loss=nan best=-1.0000
[step 0010/150] method=baseline_cagrad loss=0.6990 train_acc=nan train_loss=nan val_acc=nan val_loss=nan best=-1.0000
[step 0020/150] method=baseline_cagrad loss=0.6977 train_acc=nan train_loss=nan val_acc=nan val_loss=nan best=-1.0000
[step 0030/150] method=baseline_cagrad loss=0.6843 train_acc=nan train_loss=nan val_acc=nan val_loss=nan best=-1.0000
[step 0040/150] method=baseline_cagrad loss=0.6809 train_acc=nan train_loss=nan val_acc=nan val_loss=nan best=-1.0000
[step 0050/150] method=baseline_cagrad loss=0.6737 train_acc=0.5285 train_loss=0.6807 val_acc=0.5090 val_loss=0.6943 router_H=0.6871 best=0.5090
           router_load=[0.022320503368973732, 0.513465166091919, 0.4076988101005554, 0.05651558190584183]
[step 0060/150] method=baseline_cagrad loss=0.5799 train_acc=0.5285 train_loss=0.6807 val_acc=0.5090 val_loss=0.6943 router_H=0.6871 best=0.5090
           router_load=[0.022320503368973732, 0.513465166091919, 0.4076988101005554, 0.05651558190584183]
[step 0070/150] method=baseline_cagrad loss=0.6891 train_acc=0.5285 train_loss=0.6807 val_acc=0.5090 val_loss=0.6943 router_H=0.6871 best=0.5090
           router_load=[0.022320503368973732, 0.513465166091919, 0.4076988101005554, 0.05651558190584183]
[step 0080/150] method=baseline_cagrad loss=0.5711 train_acc=0.5285 train_loss=0.6807 val_acc=0.5090 val_loss=0.6943 router_H=0.6871 best=0.5090
           router_load=[0.022320503368973732, 0.513465166091919, 0.4076988101005554, 0.05651558190584183]
[step 0090/150] method=baseline_cagrad loss=0.5789 train_acc=0.5285 train_loss=0.6807 val_acc=0.5090 val_loss=0.6943 router_H=0.6871 best=0.5090
           router_load=[0.022320503368973732, 0.513465166091919, 0.4076988101005554, 0.05651558190584183]
[step 0100/150] method=baseline_cagrad loss=0.6864 train_acc=0.6663 train_loss=0.6055 val_acc=0.6282 val_loss=0.6354 router_H=0.6561 best=0.6282
           router_load=[0.017308877781033516, 0.1569819450378418, 0.574309229850769, 0.2513998746871948]
[step 0110/150] method=baseline_cagrad loss=0.6624 train_acc=0.6663 train_loss=0.6055 val_acc=0.6282 val_loss=0.6354 router_H=0.6561 best=0.6282
           router_load=[0.017308877781033516, 0.1569819450378418, 0.574309229850769, 0.2513998746871948]
[step 0120/150] method=baseline_cagrad loss=0.7589 train_acc=0.6663 train_loss=0.6055 val_acc=0.6282 val_loss=0.6354 router_H=0.6561 best=0.6282
           router_load=[0.017308877781033516, 0.1569819450378418, 0.574309229850769, 0.2513998746871948]
[step 0130/150] method=baseline_cagrad loss=0.6635 train_acc=0.6663 train_loss=0.6055 val_acc=0.6282 val_loss=0.6354 router_H=0.6561 best=0.6282
           router_load=[0.017308877781033516, 0.1569819450378418, 0.574309229850769, 0.2513998746871948]
[step 0140/150] method=baseline_cagrad loss=0.6046 train_acc=0.6663 train_loss=0.6055 val_acc=0.6282 val_loss=0.6354 router_H=0.6561 best=0.6282
           router_load=[0.017308877781033516, 0.1569819450378418, 0.574309229850769, 0.2513998746871948]
[step 0150/150] method=baseline_cagrad loss=0.5648 train_acc=0.7221 train_loss=0.5611 val_acc=0.6606 val_loss=0.6090 router_H=0.6743 best=0.6606
           router_load=[0.05331723764538765, 0.1048029363155365, 0.5429202318191528, 0.29895955324172974]
saved summary -> /home/zhujjing/MOE-grad-conflict-routing/runs/paper_suite/single_gpu/single_task/roberta_rte_ffn_e4_k2/hpo/cagrad/trial_runs/coord_04_method_baseline_cagrad_c_008/cagrad_s3.json
saved curve -> /home/zhujjing/MOE-grad-conflict-routing/runs/paper_suite/single_gpu/single_task/roberta_rte_ffn_e4_k2/hpo/cagrad/trial_runs/coord_04_method_baseline_cagrad_c_008/cagrad_s3_curve.csv
