[run] method=cagrad candidate=coord_04_method_baseline_cagrad_c_016 seed=3 steps=150 gpu=0
[run] cmd=
/home/zhujjing/anaconda3/envs/moe/bin/python /home/zhujjing/MOE-grad-conflict-routing/scripts/run.py --config configs/singletask_rte_real.yaml --set model.backbone_backend=hf --set model.hf_load_pretrained=true --set model.backbone=roberta --set model.hf_pretrained_name=roberta-base --set model.expert_type=ffn --set model.routing_mode=topk --set model.num_experts=4 --set model.top_k=2 --set seed=3 --set method.name=baseline_cagrad --set train.steps=150 --set train.eval_every_steps=50 --set method.baseline_cagrad.c=0.6709077192 --set method.baseline_cagrad.inner_lr=0.1 --set train.grad_clip=1.23610215 --set train.lr=2.52305587e-05 --set train.weight_decay=0.0003465461751 --out /home/zhujjing/MOE-grad-conflict-routing/runs/paper_suite/single_gpu/single_task/roberta_rte_ffn_e4_k2/hpo/cagrad/trial_runs/coord_04_method_baseline_cagrad_c_016/cagrad_s3.json --curve_out /home/zhujjing/MOE-grad-conflict-routing/runs/paper_suite/single_gpu/single_task/roberta_rte_ffn_e4_k2/hpo/cagrad/trial_runs/coord_04_method_baseline_cagrad_c_016/cagrad_s3_curve.csv
Using the latest cached version of the dataset since glue couldn't be found on the Hugging Face Hub (offline mode is enabled).
Found the latest cached dataset configuration 'rte' at /home/zhujjing/hf_cache/datasets/glue/rte/0.0.0/bcdcba79d07bc864c1c254ccfcedcce55bcc9a8c (last modified on Thu Mar 19 15:00:36 2026).
/home/zhujjing/anaconda3/envs/moe/lib/python3.10/site-packages/transformers/utils/hub.py:124: FutureWarning: Using `TRANSFORMERS_CACHE` is deprecated and will be removed in v5 of Transformers. Use `HF_HOME` instead.
  warnings.warn(
Some weights of RobertaModel were not initialized from the model checkpoint at roberta-base and are newly initialized: ['roberta.pooler.dense.bias', 'roberta.pooler.dense.weight']
You should probably TRAIN this model on a down-stream task to be able to use it for predictions and inference.
[step 0001/150] method=baseline_cagrad loss=0.6898 train_acc=nan train_loss=nan val_acc=nan val_loss=nan best=-1.0000
[step 0010/150] method=baseline_cagrad loss=0.6936 train_acc=nan train_loss=nan val_acc=nan val_loss=nan best=-1.0000
[step 0020/150] method=baseline_cagrad loss=0.6891 train_acc=nan train_loss=nan val_acc=nan val_loss=nan best=-1.0000
[step 0030/150] method=baseline_cagrad loss=0.6843 train_acc=nan train_loss=nan val_acc=nan val_loss=nan best=-1.0000
[step 0040/150] method=baseline_cagrad loss=0.6744 train_acc=nan train_loss=nan val_acc=nan val_loss=nan best=-1.0000
[step 0050/150] method=baseline_cagrad loss=0.6501 train_acc=0.5928 train_loss=0.6597 val_acc=0.5740 val_loss=0.6769 router_H=0.6874 best=0.5740
           router_load=[0.388245552778244, 0.0912133976817131, 0.004368592984974384, 0.5161724090576172]
[step 0060/150] method=baseline_cagrad loss=0.6594 train_acc=0.5928 train_loss=0.6597 val_acc=0.5740 val_loss=0.6769 router_H=0.6874 best=0.5740
           router_load=[0.388245552778244, 0.0912133976817131, 0.004368592984974384, 0.5161724090576172]
[step 0070/150] method=baseline_cagrad loss=0.6561 train_acc=0.5928 train_loss=0.6597 val_acc=0.5740 val_loss=0.6769 router_H=0.6874 best=0.5740
           router_load=[0.388245552778244, 0.0912133976817131, 0.004368592984974384, 0.5161724090576172]
[step 0080/150] method=baseline_cagrad loss=0.6423 train_acc=0.5928 train_loss=0.6597 val_acc=0.5740 val_loss=0.6769 router_H=0.6874 best=0.5740
           router_load=[0.388245552778244, 0.0912133976817131, 0.004368592984974384, 0.5161724090576172]
[step 0090/150] method=baseline_cagrad loss=0.6390 train_acc=0.5928 train_loss=0.6597 val_acc=0.5740 val_loss=0.6769 router_H=0.6874 best=0.5740
           router_load=[0.388245552778244, 0.0912133976817131, 0.004368592984974384, 0.5161724090576172]
[step 0100/150] method=baseline_cagrad loss=0.7925 train_acc=0.6598 train_loss=0.6193 val_acc=0.6462 val_loss=0.6465 router_H=0.6494 best=0.6462
           router_load=[0.023341292515397072, 0.3847951591014862, 0.019525054842233658, 0.5723385810852051]
[step 0110/150] method=baseline_cagrad loss=0.6532 train_acc=0.6598 train_loss=0.6193 val_acc=0.6462 val_loss=0.6465 router_H=0.6494 best=0.6462
           router_load=[0.023341292515397072, 0.3847951591014862, 0.019525054842233658, 0.5723385810852051]
[step 0120/150] method=baseline_cagrad loss=0.7333 train_acc=0.6598 train_loss=0.6193 val_acc=0.6462 val_loss=0.6465 router_H=0.6494 best=0.6462
           router_load=[0.023341292515397072, 0.3847951591014862, 0.019525054842233658, 0.5723385810852051]
[step 0130/150] method=baseline_cagrad loss=0.6932 train_acc=0.6598 train_loss=0.6193 val_acc=0.6462 val_loss=0.6465 router_H=0.6494 best=0.6462
           router_load=[0.023341292515397072, 0.3847951591014862, 0.019525054842233658, 0.5723385810852051]
[step 0140/150] method=baseline_cagrad loss=0.6131 train_acc=0.6598 train_loss=0.6193 val_acc=0.6462 val_loss=0.6465 router_H=0.6494 best=0.6462
           router_load=[0.023341292515397072, 0.3847951591014862, 0.019525054842233658, 0.5723385810852051]
[step 0150/150] method=baseline_cagrad loss=0.6212 train_acc=0.7398 train_loss=0.5814 val_acc=0.6498 val_loss=0.6389 router_H=0.6720 best=0.6498
           router_load=[0.43923839926719666, 0.005889204330742359, 0.3722749948501587, 0.18259744346141815]
saved summary -> /home/zhujjing/MOE-grad-conflict-routing/runs/paper_suite/single_gpu/single_task/roberta_rte_ffn_e4_k2/hpo/cagrad/trial_runs/coord_04_method_baseline_cagrad_c_016/cagrad_s3.json
saved curve -> /home/zhujjing/MOE-grad-conflict-routing/runs/paper_suite/single_gpu/single_task/roberta_rte_ffn_e4_k2/hpo/cagrad/trial_runs/coord_04_method_baseline_cagrad_c_016/cagrad_s3_curve.csv
