[run] method=cagrad candidate=coord_04_method_baseline_cagrad_c_005 seed=2 steps=150 gpu=0
[run] cmd=
/home/zhujjing/anaconda3/envs/moe/bin/python /home/zhujjing/MOE-grad-conflict-routing/scripts/run.py --config configs/singletask_rte_real.yaml --set model.backbone_backend=hf --set model.hf_load_pretrained=true --set model.backbone=roberta --set model.hf_pretrained_name=roberta-base --set model.expert_type=ffn --set model.routing_mode=topk --set model.num_experts=4 --set model.top_k=2 --set seed=2 --set method.name=baseline_cagrad --set train.steps=150 --set train.eval_every_steps=50 --set method.baseline_cagrad.c=0.6535281282 --set method.baseline_cagrad.inner_lr=0.1 --set train.grad_clip=1.23610215 --set train.lr=2.52305587e-05 --set train.weight_decay=0.0003465461751 --out /home/zhujjing/MOE-grad-conflict-routing/runs/paper_suite/single_gpu/single_task/roberta_rte_ffn_e4_k2/hpo/cagrad/trial_runs/coord_04_method_baseline_cagrad_c_005/cagrad_s2.json --curve_out /home/zhujjing/MOE-grad-conflict-routing/runs/paper_suite/single_gpu/single_task/roberta_rte_ffn_e4_k2/hpo/cagrad/trial_runs/coord_04_method_baseline_cagrad_c_005/cagrad_s2_curve.csv
Using the latest cached version of the dataset since glue couldn't be found on the Hugging Face Hub (offline mode is enabled).
Found the latest cached dataset configuration 'rte' at /home/zhujjing/hf_cache/datasets/glue/rte/0.0.0/bcdcba79d07bc864c1c254ccfcedcce55bcc9a8c (last modified on Thu Mar 19 15:00:36 2026).
/home/zhujjing/anaconda3/envs/moe/lib/python3.10/site-packages/transformers/utils/hub.py:124: FutureWarning: Using `TRANSFORMERS_CACHE` is deprecated and will be removed in v5 of Transformers. Use `HF_HOME` instead.
  warnings.warn(
Some weights of RobertaModel were not initialized from the model checkpoint at roberta-base and are newly initialized: ['roberta.pooler.dense.bias', 'roberta.pooler.dense.weight']
You should probably TRAIN this model on a down-stream task to be able to use it for predictions and inference.
[step 0001/150] method=baseline_cagrad loss=0.6929 train_acc=nan train_loss=nan val_acc=nan val_loss=nan best=-1.0000
[step 0010/150] method=baseline_cagrad loss=0.7500 train_acc=nan train_loss=nan val_acc=nan val_loss=nan best=-1.0000
[step 0020/150] method=baseline_cagrad loss=0.6952 train_acc=nan train_loss=nan val_acc=nan val_loss=nan best=-1.0000
[step 0030/150] method=baseline_cagrad loss=0.6936 train_acc=nan train_loss=nan val_acc=nan val_loss=nan best=-1.0000
[step 0040/150] method=baseline_cagrad loss=0.6907 train_acc=nan train_loss=nan val_acc=nan val_loss=nan best=-1.0000
[step 0050/150] method=baseline_cagrad loss=0.6793 train_acc=0.5992 train_loss=0.6858 val_acc=0.5740 val_loss=0.6867 router_H=0.6822 best=0.5740
           router_load=[0.0568048432469368, 0.060615524649620056, 0.31487733125686646, 0.5677022337913513]
[step 0060/150] method=baseline_cagrad loss=0.6895 train_acc=0.5992 train_loss=0.6858 val_acc=0.5740 val_loss=0.6867 router_H=0.6822 best=0.5740
           router_load=[0.0568048432469368, 0.060615524649620056, 0.31487733125686646, 0.5677022337913513]
[step 0070/150] method=baseline_cagrad loss=0.6661 train_acc=0.5992 train_loss=0.6858 val_acc=0.5740 val_loss=0.6867 router_H=0.6822 best=0.5740
           router_load=[0.0568048432469368, 0.060615524649620056, 0.31487733125686646, 0.5677022337913513]
[step 0080/150] method=baseline_cagrad loss=0.7251 train_acc=0.5992 train_loss=0.6858 val_acc=0.5740 val_loss=0.6867 router_H=0.6822 best=0.5740
           router_load=[0.0568048432469368, 0.060615524649620056, 0.31487733125686646, 0.5677022337913513]
[step 0090/150] method=baseline_cagrad loss=0.8020 train_acc=0.5992 train_loss=0.6858 val_acc=0.5740 val_loss=0.6867 router_H=0.6822 best=0.5740
           router_load=[0.0568048432469368, 0.060615524649620056, 0.31487733125686646, 0.5677022337913513]
[step 0100/150] method=baseline_cagrad loss=0.6833 train_acc=0.6201 train_loss=0.6639 val_acc=0.5343 val_loss=0.6799 router_H=0.6880 best=0.5740
           router_load=[0.0, 0.0, 0.46666330099105835, 0.5333366990089417]
[step 0110/150] method=baseline_cagrad loss=0.6364 train_acc=0.6201 train_loss=0.6639 val_acc=0.5343 val_loss=0.6799 router_H=0.6880 best=0.5740
           router_load=[0.0, 0.0, 0.46666330099105835, 0.5333366990089417]
[step 0120/150] method=baseline_cagrad loss=0.5945 train_acc=0.6201 train_loss=0.6639 val_acc=0.5343 val_loss=0.6799 router_H=0.6880 best=0.5740
           router_load=[0.0, 0.0, 0.46666330099105835, 0.5333366990089417]
[step 0130/150] method=baseline_cagrad loss=0.5538 train_acc=0.6201 train_loss=0.6639 val_acc=0.5343 val_loss=0.6799 router_H=0.6880 best=0.5740
           router_load=[0.0, 0.0, 0.46666330099105835, 0.5333366990089417]
[step 0140/150] method=baseline_cagrad loss=0.6999 train_acc=0.6201 train_loss=0.6639 val_acc=0.5343 val_loss=0.6799 router_H=0.6880 best=0.5740
           router_load=[0.0, 0.0, 0.46666330099105835, 0.5333366990089417]
[step 0150/150] method=baseline_cagrad loss=0.6397 train_acc=0.7060 train_loss=0.5889 val_acc=0.6570 val_loss=0.6310 router_H=0.6282 best=0.6570
           router_load=[0.2583812475204468, 0.06102323159575462, 0.010699529200792313, 0.6698960661888123]
saved summary -> /home/zhujjing/MOE-grad-conflict-routing/runs/paper_suite/single_gpu/single_task/roberta_rte_ffn_e4_k2/hpo/cagrad/trial_runs/coord_04_method_baseline_cagrad_c_005/cagrad_s2.json
saved curve -> /home/zhujjing/MOE-grad-conflict-routing/runs/paper_suite/single_gpu/single_task/roberta_rte_ffn_e4_k2/hpo/cagrad/trial_runs/coord_04_method_baseline_cagrad_c_005/cagrad_s2_curve.csv
