[run] method=cagrad candidate=coord_04_method_baseline_cagrad_c_010 seed=2 steps=150 gpu=0
[run] cmd=
/home/zhujjing/anaconda3/envs/moe/bin/python /home/zhujjing/MOE-grad-conflict-routing/scripts/run.py --config configs/singletask_rte_real.yaml --set model.backbone_backend=hf --set model.hf_load_pretrained=true --set model.backbone=roberta --set model.hf_pretrained_name=roberta-base --set model.expert_type=ffn --set model.routing_mode=topk --set model.num_experts=4 --set model.top_k=2 --set seed=2 --set method.name=baseline_cagrad --set train.steps=150 --set train.eval_every_steps=50 --set method.baseline_cagrad.c=0.2865396522 --set method.baseline_cagrad.inner_lr=0.1 --set train.grad_clip=1.23610215 --set train.lr=2.52305587e-05 --set train.weight_decay=0.0003465461751 --out /home/zhujjing/MOE-grad-conflict-routing/runs/paper_suite/single_gpu/single_task/roberta_rte_ffn_e4_k2/hpo/cagrad/trial_runs/coord_04_method_baseline_cagrad_c_010/cagrad_s2.json --curve_out /home/zhujjing/MOE-grad-conflict-routing/runs/paper_suite/single_gpu/single_task/roberta_rte_ffn_e4_k2/hpo/cagrad/trial_runs/coord_04_method_baseline_cagrad_c_010/cagrad_s2_curve.csv
Using the latest cached version of the dataset since glue couldn't be found on the Hugging Face Hub (offline mode is enabled).
Found the latest cached dataset configuration 'rte' at /home/zhujjing/hf_cache/datasets/glue/rte/0.0.0/bcdcba79d07bc864c1c254ccfcedcce55bcc9a8c (last modified on Thu Mar 19 15:00:36 2026).
/home/zhujjing/anaconda3/envs/moe/lib/python3.10/site-packages/transformers/utils/hub.py:124: FutureWarning: Using `TRANSFORMERS_CACHE` is deprecated and will be removed in v5 of Transformers. Use `HF_HOME` instead.
  warnings.warn(
Some weights of RobertaModel were not initialized from the model checkpoint at roberta-base and are newly initialized: ['roberta.pooler.dense.bias', 'roberta.pooler.dense.weight']
You should probably TRAIN this model on a down-stream task to be able to use it for predictions and inference.
[step 0001/150] method=baseline_cagrad loss=0.6723 train_acc=nan train_loss=nan val_acc=nan val_loss=nan best=-1.0000
[step 0010/150] method=baseline_cagrad loss=0.7744 train_acc=nan train_loss=nan val_acc=nan val_loss=nan best=-1.0000
[step 0020/150] method=baseline_cagrad loss=0.6835 train_acc=nan train_loss=nan val_acc=nan val_loss=nan best=-1.0000
[step 0030/150] method=baseline_cagrad loss=0.7082 train_acc=nan train_loss=nan val_acc=nan val_loss=nan best=-1.0000
[step 0040/150] method=baseline_cagrad loss=0.7045 train_acc=nan train_loss=nan val_acc=nan val_loss=nan best=-1.0000
[step 0050/150] method=baseline_cagrad loss=0.6167 train_acc=0.5040 train_loss=0.6733 val_acc=0.5199 val_loss=0.6698 router_H=0.6742 best=0.5199
           router_load=[0.031485024839639664, 0.35736677050590515, 0.5895474553108215, 0.021600674837827682]
[step 0060/150] method=baseline_cagrad loss=0.7036 train_acc=0.5040 train_loss=0.6733 val_acc=0.5199 val_loss=0.6698 router_H=0.6742 best=0.5199
           router_load=[0.031485024839639664, 0.35736677050590515, 0.5895474553108215, 0.021600674837827682]
[step 0070/150] method=baseline_cagrad loss=0.6712 train_acc=0.5040 train_loss=0.6733 val_acc=0.5199 val_loss=0.6698 router_H=0.6742 best=0.5199
           router_load=[0.031485024839639664, 0.35736677050590515, 0.5895474553108215, 0.021600674837827682]
[step 0080/150] method=baseline_cagrad loss=0.7194 train_acc=0.5040 train_loss=0.6733 val_acc=0.5199 val_loss=0.6698 router_H=0.6742 best=0.5199
           router_load=[0.031485024839639664, 0.35736677050590515, 0.5895474553108215, 0.021600674837827682]
[step 0090/150] method=baseline_cagrad loss=0.9443 train_acc=0.5040 train_loss=0.6733 val_acc=0.5199 val_loss=0.6698 router_H=0.6742 best=0.5199
           router_load=[0.031485024839639664, 0.35736677050590515, 0.5895474553108215, 0.021600674837827682]
[step 0100/150] method=baseline_cagrad loss=0.7177 train_acc=0.5446 train_loss=0.6726 val_acc=0.4982 val_loss=0.7086 router_H=0.6757 best=0.5199
           router_load=[0.09611677378416061, 0.2978394329547882, 0.585777759552002, 0.020266102626919746]
[step 0110/150] method=baseline_cagrad loss=0.6342 train_acc=0.5446 train_loss=0.6726 val_acc=0.4982 val_loss=0.7086 router_H=0.6757 best=0.5199
           router_load=[0.09611677378416061, 0.2978394329547882, 0.585777759552002, 0.020266102626919746]
[step 0120/150] method=baseline_cagrad loss=0.6056 train_acc=0.5446 train_loss=0.6726 val_acc=0.4982 val_loss=0.7086 router_H=0.6757 best=0.5199
           router_load=[0.09611677378416061, 0.2978394329547882, 0.585777759552002, 0.020266102626919746]
[step 0130/150] method=baseline_cagrad loss=0.6267 train_acc=0.5446 train_loss=0.6726 val_acc=0.4982 val_loss=0.7086 router_H=0.6757 best=0.5199
           router_load=[0.09611677378416061, 0.2978394329547882, 0.585777759552002, 0.020266102626919746]
[step 0140/150] method=baseline_cagrad loss=0.7402 train_acc=0.5446 train_loss=0.6726 val_acc=0.4982 val_loss=0.7086 router_H=0.6757 best=0.5199
           router_load=[0.09611677378416061, 0.2978394329547882, 0.585777759552002, 0.020266102626919746]
[step 0150/150] method=baseline_cagrad loss=0.7038 train_acc=0.5960 train_loss=0.6699 val_acc=0.5776 val_loss=0.6719 router_H=0.6789 best=0.5776
           router_load=[0.0, 0.5786311626434326, 0.0, 0.4213687777519226]
saved summary -> /home/zhujjing/MOE-grad-conflict-routing/runs/paper_suite/single_gpu/single_task/roberta_rte_ffn_e4_k2/hpo/cagrad/trial_runs/coord_04_method_baseline_cagrad_c_010/cagrad_s2.json
saved curve -> /home/zhujjing/MOE-grad-conflict-routing/runs/paper_suite/single_gpu/single_task/roberta_rte_ffn_e4_k2/hpo/cagrad/trial_runs/coord_04_method_baseline_cagrad_c_010/cagrad_s2_curve.csv
