[run] method=cagrad candidate=coord_04_method_baseline_cagrad_c_006 seed=3 steps=150 gpu=0
[run] cmd=
/home/zhujjing/anaconda3/envs/moe/bin/python /home/zhujjing/MOE-grad-conflict-routing/scripts/run.py --config configs/singletask_rte_real.yaml --set model.backbone_backend=hf --set model.hf_load_pretrained=true --set model.backbone=roberta --set model.hf_pretrained_name=roberta-base --set model.expert_type=ffn --set model.routing_mode=topk --set model.num_experts=4 --set model.top_k=2 --set seed=3 --set method.name=baseline_cagrad --set train.steps=150 --set train.eval_every_steps=50 --set method.baseline_cagrad.c=0.9099800661 --set method.baseline_cagrad.inner_lr=0.1 --set train.grad_clip=1.23610215 --set train.lr=2.52305587e-05 --set train.weight_decay=0.0003465461751 --out /home/zhujjing/MOE-grad-conflict-routing/runs/paper_suite/single_gpu/single_task/roberta_rte_ffn_e4_k2/hpo/cagrad/trial_runs/coord_04_method_baseline_cagrad_c_006/cagrad_s3.json --curve_out /home/zhujjing/MOE-grad-conflict-routing/runs/paper_suite/single_gpu/single_task/roberta_rte_ffn_e4_k2/hpo/cagrad/trial_runs/coord_04_method_baseline_cagrad_c_006/cagrad_s3_curve.csv
Using the latest cached version of the dataset since glue couldn't be found on the Hugging Face Hub (offline mode is enabled).
Found the latest cached dataset configuration 'rte' at /home/zhujjing/hf_cache/datasets/glue/rte/0.0.0/bcdcba79d07bc864c1c254ccfcedcce55bcc9a8c (last modified on Thu Mar 19 15:00:36 2026).
/home/zhujjing/anaconda3/envs/moe/lib/python3.10/site-packages/transformers/utils/hub.py:124: FutureWarning: Using `TRANSFORMERS_CACHE` is deprecated and will be removed in v5 of Transformers. Use `HF_HOME` instead.
  warnings.warn(
Some weights of RobertaModel were not initialized from the model checkpoint at roberta-base and are newly initialized: ['roberta.pooler.dense.bias', 'roberta.pooler.dense.weight']
You should probably TRAIN this model on a down-stream task to be able to use it for predictions and inference.
[step 0001/150] method=baseline_cagrad loss=0.6926 train_acc=nan train_loss=nan val_acc=nan val_loss=nan best=-1.0000
[step 0010/150] method=baseline_cagrad loss=0.6946 train_acc=nan train_loss=nan val_acc=nan val_loss=nan best=-1.0000
[step 0020/150] method=baseline_cagrad loss=0.6788 train_acc=nan train_loss=nan val_acc=nan val_loss=nan best=-1.0000
[step 0030/150] method=baseline_cagrad loss=0.6879 train_acc=nan train_loss=nan val_acc=nan val_loss=nan best=-1.0000
[step 0040/150] method=baseline_cagrad loss=0.6608 train_acc=nan train_loss=nan val_acc=nan val_loss=nan best=-1.0000
[step 0050/150] method=baseline_cagrad loss=0.6549 train_acc=0.6325 train_loss=0.6561 val_acc=0.6245 val_loss=0.6473 router_H=0.6697 best=0.6245
           router_load=[0.0, 0.0503174290060997, 0.5381795763969421, 0.4115030765533447]
[step 0060/150] method=baseline_cagrad loss=0.6158 train_acc=0.6325 train_loss=0.6561 val_acc=0.6245 val_loss=0.6473 router_H=0.6697 best=0.6245
           router_load=[0.0, 0.0503174290060997, 0.5381795763969421, 0.4115030765533447]
[step 0070/150] method=baseline_cagrad loss=0.7537 train_acc=0.6325 train_loss=0.6561 val_acc=0.6245 val_loss=0.6473 router_H=0.6697 best=0.6245
           router_load=[0.0, 0.0503174290060997, 0.5381795763969421, 0.4115030765533447]
[step 0080/150] method=baseline_cagrad loss=0.5392 train_acc=0.6325 train_loss=0.6561 val_acc=0.6245 val_loss=0.6473 router_H=0.6697 best=0.6245
           router_load=[0.0, 0.0503174290060997, 0.5381795763969421, 0.4115030765533447]
[step 0090/150] method=baseline_cagrad loss=0.6103 train_acc=0.6325 train_loss=0.6561 val_acc=0.6245 val_loss=0.6473 router_H=0.6697 best=0.6245
           router_load=[0.0, 0.0503174290060997, 0.5381795763969421, 0.4115030765533447]
[step 0100/150] method=baseline_cagrad loss=0.7740 train_acc=0.7161 train_loss=0.6133 val_acc=0.7040 val_loss=0.6267 router_H=0.6395 best=0.7040
           router_load=[0.013870886527001858, 0.16540883481502533, 0.6600720286369324, 0.16064824163913727]
[step 0110/150] method=baseline_cagrad loss=0.5931 train_acc=0.7161 train_loss=0.6133 val_acc=0.7040 val_loss=0.6267 router_H=0.6395 best=0.7040
           router_load=[0.013870886527001858, 0.16540883481502533, 0.6600720286369324, 0.16064824163913727]
[step 0120/150] method=baseline_cagrad loss=0.6758 train_acc=0.7161 train_loss=0.6133 val_acc=0.7040 val_loss=0.6267 router_H=0.6395 best=0.7040
           router_load=[0.013870886527001858, 0.16540883481502533, 0.6600720286369324, 0.16064824163913727]
[step 0130/150] method=baseline_cagrad loss=0.6469 train_acc=0.7161 train_loss=0.6133 val_acc=0.7040 val_loss=0.6267 router_H=0.6395 best=0.7040
           router_load=[0.013870886527001858, 0.16540883481502533, 0.6600720286369324, 0.16064824163913727]
[step 0140/150] method=baseline_cagrad loss=0.6039 train_acc=0.7161 train_loss=0.6133 val_acc=0.7040 val_loss=0.6267 router_H=0.6395 best=0.7040
           router_load=[0.013870886527001858, 0.16540883481502533, 0.6600720286369324, 0.16064824163913727]
[step 0150/150] method=baseline_cagrad loss=0.5924 train_acc=0.7285 train_loss=0.5774 val_acc=0.6751 val_loss=0.6052 router_H=0.6458 best=0.7040
           router_load=[0.030241429805755615, 0.1447497010231018, 0.6498157382011414, 0.17519310116767883]
saved summary -> /home/zhujjing/MOE-grad-conflict-routing/runs/paper_suite/single_gpu/single_task/roberta_rte_ffn_e4_k2/hpo/cagrad/trial_runs/coord_04_method_baseline_cagrad_c_006/cagrad_s3.json
saved curve -> /home/zhujjing/MOE-grad-conflict-routing/runs/paper_suite/single_gpu/single_task/roberta_rte_ffn_e4_k2/hpo/cagrad/trial_runs/coord_04_method_baseline_cagrad_c_006/cagrad_s3_curve.csv
