[run] method=cagrad candidate=coord_04_method_baseline_cagrad_c_007 seed=3 steps=150 gpu=0
[run] cmd=
/home/zhujjing/anaconda3/envs/moe/bin/python /home/zhujjing/MOE-grad-conflict-routing/scripts/run.py --config configs/singletask_rte_real.yaml --set model.backbone_backend=hf --set model.hf_load_pretrained=true --set model.backbone=roberta --set model.hf_pretrained_name=roberta-base --set model.expert_type=ffn --set model.routing_mode=topk --set model.num_experts=4 --set model.top_k=2 --set seed=3 --set method.name=baseline_cagrad --set train.steps=150 --set train.eval_every_steps=50 --set method.baseline_cagrad.c=0.69392653 --set method.baseline_cagrad.inner_lr=0.1 --set train.grad_clip=1.23610215 --set train.lr=2.52305587e-05 --set train.weight_decay=0.0003465461751 --out /home/zhujjing/MOE-grad-conflict-routing/runs/paper_suite/single_gpu/single_task/roberta_rte_ffn_e4_k2/hpo/cagrad/trial_runs/coord_04_method_baseline_cagrad_c_007/cagrad_s3.json --curve_out /home/zhujjing/MOE-grad-conflict-routing/runs/paper_suite/single_gpu/single_task/roberta_rte_ffn_e4_k2/hpo/cagrad/trial_runs/coord_04_method_baseline_cagrad_c_007/cagrad_s3_curve.csv
Using the latest cached version of the dataset since glue couldn't be found on the Hugging Face Hub (offline mode is enabled).
Found the latest cached dataset configuration 'rte' at /home/zhujjing/hf_cache/datasets/glue/rte/0.0.0/bcdcba79d07bc864c1c254ccfcedcce55bcc9a8c (last modified on Thu Mar 19 15:00:36 2026).
/home/zhujjing/anaconda3/envs/moe/lib/python3.10/site-packages/transformers/utils/hub.py:124: FutureWarning: Using `TRANSFORMERS_CACHE` is deprecated and will be removed in v5 of Transformers. Use `HF_HOME` instead.
  warnings.warn(
Some weights of RobertaModel were not initialized from the model checkpoint at roberta-base and are newly initialized: ['roberta.pooler.dense.bias', 'roberta.pooler.dense.weight']
You should probably TRAIN this model on a down-stream task to be able to use it for predictions and inference.
[step 0001/150] method=baseline_cagrad loss=0.6927 train_acc=nan train_loss=nan val_acc=nan val_loss=nan best=-1.0000
[step 0010/150] method=baseline_cagrad loss=0.6992 train_acc=nan train_loss=nan val_acc=nan val_loss=nan best=-1.0000
[step 0020/150] method=baseline_cagrad loss=0.7040 train_acc=nan train_loss=nan val_acc=nan val_loss=nan best=-1.0000
[step 0030/150] method=baseline_cagrad loss=0.6755 train_acc=nan train_loss=nan val_acc=nan val_loss=nan best=-1.0000
[step 0040/150] method=baseline_cagrad loss=0.6658 train_acc=nan train_loss=nan val_acc=nan val_loss=nan best=-1.0000
[step 0050/150] method=baseline_cagrad loss=0.6322 train_acc=0.6378 train_loss=0.6414 val_acc=0.5957 val_loss=0.6690 router_H=0.6493 best=0.5957
           router_load=[0.32998397946357727, 0.6205159425735474, 0.011638529598712921, 0.03786158934235573]
[step 0060/150] method=baseline_cagrad loss=0.6086 train_acc=0.6378 train_loss=0.6414 val_acc=0.5957 val_loss=0.6690 router_H=0.6493 best=0.5957
           router_load=[0.32998397946357727, 0.6205159425735474, 0.011638529598712921, 0.03786158934235573]
[step 0070/150] method=baseline_cagrad loss=0.7012 train_acc=0.6378 train_loss=0.6414 val_acc=0.5957 val_loss=0.6690 router_H=0.6493 best=0.5957
           router_load=[0.32998397946357727, 0.6205159425735474, 0.011638529598712921, 0.03786158934235573]
[step 0080/150] method=baseline_cagrad loss=0.5619 train_acc=0.6378 train_loss=0.6414 val_acc=0.5957 val_loss=0.6690 router_H=0.6493 best=0.5957
           router_load=[0.32998397946357727, 0.6205159425735474, 0.011638529598712921, 0.03786158934235573]
[step 0090/150] method=baseline_cagrad loss=0.5642 train_acc=0.6378 train_loss=0.6414 val_acc=0.5957 val_loss=0.6690 router_H=0.6493 best=0.5957
           router_load=[0.32998397946357727, 0.6205159425735474, 0.011638529598712921, 0.03786158934235573]
[step 0100/150] method=baseline_cagrad loss=0.6110 train_acc=0.6767 train_loss=0.5918 val_acc=0.6823 val_loss=0.6101 router_H=0.6613 best=0.6823
           router_load=[0.42899277806282043, 0.5507215857505798, 0.015369976870715618, 0.0049156914465129375]
[step 0110/150] method=baseline_cagrad loss=0.5435 train_acc=0.6767 train_loss=0.5918 val_acc=0.6823 val_loss=0.6101 router_H=0.6613 best=0.6823
           router_load=[0.42899277806282043, 0.5507215857505798, 0.015369976870715618, 0.0049156914465129375]
[step 0120/150] method=baseline_cagrad loss=0.6812 train_acc=0.6767 train_loss=0.5918 val_acc=0.6823 val_loss=0.6101 router_H=0.6613 best=0.6823
           router_load=[0.42899277806282043, 0.5507215857505798, 0.015369976870715618, 0.0049156914465129375]
[step 0130/150] method=baseline_cagrad loss=0.6661 train_acc=0.6767 train_loss=0.5918 val_acc=0.6823 val_loss=0.6101 router_H=0.6613 best=0.6823
           router_load=[0.42899277806282043, 0.5507215857505798, 0.015369976870715618, 0.0049156914465129375]
[step 0140/150] method=baseline_cagrad loss=0.6292 train_acc=0.6767 train_loss=0.5918 val_acc=0.6823 val_loss=0.6101 router_H=0.6613 best=0.6823
           router_load=[0.42899277806282043, 0.5507215857505798, 0.015369976870715618, 0.0049156914465129375]
[step 0150/150] method=baseline_cagrad loss=0.5600 train_acc=0.7639 train_loss=0.5175 val_acc=0.6895 val_loss=0.5950 router_H=0.6662 best=0.6895
           router_load=[0.5212231874465942, 0.42583325505256653, 0.049204688519239426, 0.003738880157470703]
saved summary -> /home/zhujjing/MOE-grad-conflict-routing/runs/paper_suite/single_gpu/single_task/roberta_rte_ffn_e4_k2/hpo/cagrad/trial_runs/coord_04_method_baseline_cagrad_c_007/cagrad_s3.json
saved curve -> /home/zhujjing/MOE-grad-conflict-routing/runs/paper_suite/single_gpu/single_task/roberta_rte_ffn_e4_k2/hpo/cagrad/trial_runs/coord_04_method_baseline_cagrad_c_007/cagrad_s3_curve.csv
