[run] method=cagrad candidate=coord_04_method_baseline_cagrad_c_017 seed=3 steps=150 gpu=0
[run] cmd=
/home/zhujjing/anaconda3/envs/moe/bin/python /home/zhujjing/MOE-grad-conflict-routing/scripts/run.py --config configs/singletask_rte_real.yaml --set model.backbone_backend=hf --set model.hf_load_pretrained=true --set model.backbone=roberta --set model.hf_pretrained_name=roberta-base --set model.expert_type=ffn --set model.routing_mode=topk --set model.num_experts=4 --set model.top_k=2 --set seed=3 --set method.name=baseline_cagrad --set train.steps=150 --set train.eval_every_steps=50 --set method.baseline_cagrad.c=0.4809013596 --set method.baseline_cagrad.inner_lr=0.1 --set train.grad_clip=1.23610215 --set train.lr=2.52305587e-05 --set train.weight_decay=0.0003465461751 --out /home/zhujjing/MOE-grad-conflict-routing/runs/paper_suite/single_gpu/single_task/roberta_rte_ffn_e4_k2/hpo/cagrad/trial_runs/coord_04_method_baseline_cagrad_c_017/cagrad_s3.json --curve_out /home/zhujjing/MOE-grad-conflict-routing/runs/paper_suite/single_gpu/single_task/roberta_rte_ffn_e4_k2/hpo/cagrad/trial_runs/coord_04_method_baseline_cagrad_c_017/cagrad_s3_curve.csv
Using the latest cached version of the dataset since glue couldn't be found on the Hugging Face Hub (offline mode is enabled).
Found the latest cached dataset configuration 'rte' at /home/zhujjing/hf_cache/datasets/glue/rte/0.0.0/bcdcba79d07bc864c1c254ccfcedcce55bcc9a8c (last modified on Thu Mar 19 15:00:36 2026).
/home/zhujjing/anaconda3/envs/moe/lib/python3.10/site-packages/transformers/utils/hub.py:124: FutureWarning: Using `TRANSFORMERS_CACHE` is deprecated and will be removed in v5 of Transformers. Use `HF_HOME` instead.
  warnings.warn(
Some weights of RobertaModel were not initialized from the model checkpoint at roberta-base and are newly initialized: ['roberta.pooler.dense.bias', 'roberta.pooler.dense.weight']
You should probably TRAIN this model on a down-stream task to be able to use it for predictions and inference.
[step 0001/150] method=baseline_cagrad loss=0.6898 train_acc=nan train_loss=nan val_acc=nan val_loss=nan best=-1.0000
[step 0010/150] method=baseline_cagrad loss=0.7021 train_acc=nan train_loss=nan val_acc=nan val_loss=nan best=-1.0000
[step 0020/150] method=baseline_cagrad loss=0.6899 train_acc=nan train_loss=nan val_acc=nan val_loss=nan best=-1.0000
[step 0030/150] method=baseline_cagrad loss=0.6824 train_acc=nan train_loss=nan val_acc=nan val_loss=nan best=-1.0000
[step 0040/150] method=baseline_cagrad loss=0.6525 train_acc=nan train_loss=nan val_acc=nan val_loss=nan best=-1.0000
[step 0050/150] method=baseline_cagrad loss=0.6593 train_acc=0.5988 train_loss=0.6654 val_acc=0.5632 val_loss=0.6908 router_H=0.6599 best=0.5632
           router_load=[0.0, 0.0, 0.5981562733650208, 0.4018436372280121]
[step 0060/150] method=baseline_cagrad loss=0.6517 train_acc=0.5988 train_loss=0.6654 val_acc=0.5632 val_loss=0.6908 router_H=0.6599 best=0.5632
           router_load=[0.0, 0.0, 0.5981562733650208, 0.4018436372280121]
[step 0070/150] method=baseline_cagrad loss=0.6402 train_acc=0.5988 train_loss=0.6654 val_acc=0.5632 val_loss=0.6908 router_H=0.6599 best=0.5632
           router_load=[0.0, 0.0, 0.5981562733650208, 0.4018436372280121]
[step 0080/150] method=baseline_cagrad loss=0.6364 train_acc=0.5988 train_loss=0.6654 val_acc=0.5632 val_loss=0.6908 router_H=0.6599 best=0.5632
           router_load=[0.0, 0.0, 0.5981562733650208, 0.4018436372280121]
[step 0090/150] method=baseline_cagrad loss=0.6267 train_acc=0.5988 train_loss=0.6654 val_acc=0.5632 val_loss=0.6908 router_H=0.6599 best=0.5632
           router_load=[0.0, 0.0, 0.5981562733650208, 0.4018436372280121]
[step 0100/150] method=baseline_cagrad loss=0.7616 train_acc=0.6711 train_loss=0.5974 val_acc=0.6426 val_loss=0.6312 router_H=0.6293 best=0.6426
           router_load=[0.0, 0.0, 0.5679973363876343, 0.43200263381004333]
[step 0110/150] method=baseline_cagrad loss=0.6637 train_acc=0.6711 train_loss=0.5974 val_acc=0.6426 val_loss=0.6312 router_H=0.6293 best=0.6426
           router_load=[0.0, 0.0, 0.5679973363876343, 0.43200263381004333]
[step 0120/150] method=baseline_cagrad loss=0.7125 train_acc=0.6711 train_loss=0.5974 val_acc=0.6426 val_loss=0.6312 router_H=0.6293 best=0.6426
           router_load=[0.0, 0.0, 0.5679973363876343, 0.43200263381004333]
[step 0130/150] method=baseline_cagrad loss=0.6896 train_acc=0.6711 train_loss=0.5974 val_acc=0.6426 val_loss=0.6312 router_H=0.6293 best=0.6426
           router_load=[0.0, 0.0, 0.5679973363876343, 0.43200263381004333]
[step 0140/150] method=baseline_cagrad loss=0.6511 train_acc=0.6711 train_loss=0.5974 val_acc=0.6426 val_loss=0.6312 router_H=0.6293 best=0.6426
           router_load=[0.0, 0.0, 0.5679973363876343, 0.43200263381004333]
[step 0150/150] method=baseline_cagrad loss=0.6259 train_acc=0.7590 train_loss=0.5375 val_acc=0.6751 val_loss=0.6110 router_H=0.6512 best=0.6751
           router_load=[0.0, 0.0, 0.5330063700675964, 0.4669936001300812]
saved summary -> /home/zhujjing/MOE-grad-conflict-routing/runs/paper_suite/single_gpu/single_task/roberta_rte_ffn_e4_k2/hpo/cagrad/trial_runs/coord_04_method_baseline_cagrad_c_017/cagrad_s3.json
saved curve -> /home/zhujjing/MOE-grad-conflict-routing/runs/paper_suite/single_gpu/single_task/roberta_rte_ffn_e4_k2/hpo/cagrad/trial_runs/coord_04_method_baseline_cagrad_c_017/cagrad_s3_curve.csv
