[run] method=cagrad candidate=coord_04_method_baseline_cagrad_c_001 seed=2 steps=150 gpu=0
[run] cmd=
/home/zhujjing/anaconda3/envs/moe/bin/python /home/zhujjing/MOE-grad-conflict-routing/scripts/run.py --config configs/singletask_rte_real.yaml --set model.backbone_backend=hf --set model.hf_load_pretrained=true --set model.backbone=roberta --set model.hf_pretrained_name=roberta-base --set model.expert_type=ffn --set model.routing_mode=topk --set model.num_experts=4 --set model.top_k=2 --set seed=2 --set method.name=baseline_cagrad --set train.steps=150 --set train.eval_every_steps=50 --set method.baseline_cagrad.c=0.7843973576 --set method.baseline_cagrad.inner_lr=0.1 --set train.grad_clip=1.23610215 --set train.lr=2.52305587e-05 --set train.weight_decay=0.0003465461751 --out /home/zhujjing/MOE-grad-conflict-routing/runs/paper_suite/single_gpu/single_task/roberta_rte_ffn_e4_k2/hpo/cagrad/trial_runs/coord_04_method_baseline_cagrad_c_001/cagrad_s2.json --curve_out /home/zhujjing/MOE-grad-conflict-routing/runs/paper_suite/single_gpu/single_task/roberta_rte_ffn_e4_k2/hpo/cagrad/trial_runs/coord_04_method_baseline_cagrad_c_001/cagrad_s2_curve.csv
Using the latest cached version of the dataset since glue couldn't be found on the Hugging Face Hub (offline mode is enabled).
Found the latest cached dataset configuration 'rte' at /home/zhujjing/hf_cache/datasets/glue/rte/0.0.0/bcdcba79d07bc864c1c254ccfcedcce55bcc9a8c (last modified on Thu Mar 19 15:00:36 2026).
/home/zhujjing/anaconda3/envs/moe/lib/python3.10/site-packages/transformers/utils/hub.py:124: FutureWarning: Using `TRANSFORMERS_CACHE` is deprecated and will be removed in v5 of Transformers. Use `HF_HOME` instead.
  warnings.warn(
Some weights of RobertaModel were not initialized from the model checkpoint at roberta-base and are newly initialized: ['roberta.pooler.dense.bias', 'roberta.pooler.dense.weight']
You should probably TRAIN this model on a down-stream task to be able to use it for predictions and inference.
[step 0001/150] method=baseline_cagrad loss=0.6970 train_acc=nan train_loss=nan val_acc=nan val_loss=nan best=-1.0000
[step 0010/150] method=baseline_cagrad loss=0.7691 train_acc=nan train_loss=nan val_acc=nan val_loss=nan best=-1.0000
[step 0020/150] method=baseline_cagrad loss=0.6848 train_acc=nan train_loss=nan val_acc=nan val_loss=nan best=-1.0000
[step 0030/150] method=baseline_cagrad loss=0.6956 train_acc=nan train_loss=nan val_acc=nan val_loss=nan best=-1.0000
[step 0040/150] method=baseline_cagrad loss=0.7019 train_acc=nan train_loss=nan val_acc=nan val_loss=nan best=-1.0000
[step 0050/150] method=baseline_cagrad loss=0.6217 train_acc=0.5024 train_loss=0.6712 val_acc=0.5271 val_loss=0.6660 router_H=0.6799 best=0.5271
           router_load=[0.03389366343617439, 0.09530080109834671, 0.5785680413246155, 0.2922375500202179]
[step 0060/150] method=baseline_cagrad loss=0.6550 train_acc=0.5024 train_loss=0.6712 val_acc=0.5271 val_loss=0.6660 router_H=0.6799 best=0.5271
           router_load=[0.03389366343617439, 0.09530080109834671, 0.5785680413246155, 0.2922375500202179]
[step 0070/150] method=baseline_cagrad loss=0.6508 train_acc=0.5024 train_loss=0.6712 val_acc=0.5271 val_loss=0.6660 router_H=0.6799 best=0.5271
           router_load=[0.03389366343617439, 0.09530080109834671, 0.5785680413246155, 0.2922375500202179]
[step 0080/150] method=baseline_cagrad loss=0.6332 train_acc=0.5024 train_loss=0.6712 val_acc=0.5271 val_loss=0.6660 router_H=0.6799 best=0.5271
           router_load=[0.03389366343617439, 0.09530080109834671, 0.5785680413246155, 0.2922375500202179]
[step 0090/150] method=baseline_cagrad loss=0.6634 train_acc=0.5024 train_loss=0.6712 val_acc=0.5271 val_loss=0.6660 router_H=0.6799 best=0.5271
           router_load=[0.03389366343617439, 0.09530080109834671, 0.5785680413246155, 0.2922375500202179]
[step 0100/150] method=baseline_cagrad loss=0.5529 train_acc=0.7357 train_loss=0.5737 val_acc=0.6787 val_loss=0.6187 router_H=0.6759 best=0.6787
           router_load=[0.0, 0.24828676879405975, 0.5797725915908813, 0.1719406247138977]
[step 0110/150] method=baseline_cagrad loss=0.6592 train_acc=0.7357 train_loss=0.5737 val_acc=0.6787 val_loss=0.6187 router_H=0.6759 best=0.6787
           router_load=[0.0, 0.24828676879405975, 0.5797725915908813, 0.1719406247138977]
[step 0120/150] method=baseline_cagrad loss=0.5876 train_acc=0.7357 train_loss=0.5737 val_acc=0.6787 val_loss=0.6187 router_H=0.6759 best=0.6787
           router_load=[0.0, 0.24828676879405975, 0.5797725915908813, 0.1719406247138977]
[step 0130/150] method=baseline_cagrad loss=0.6924 train_acc=0.7357 train_loss=0.5737 val_acc=0.6787 val_loss=0.6187 router_H=0.6759 best=0.6787
           router_load=[0.0, 0.24828676879405975, 0.5797725915908813, 0.1719406247138977]
[step 0140/150] method=baseline_cagrad loss=0.6402 train_acc=0.7357 train_loss=0.5737 val_acc=0.6787 val_loss=0.6187 router_H=0.6759 best=0.6787
           router_load=[0.0, 0.24828676879405975, 0.5797725915908813, 0.1719406247138977]
[step 0150/150] method=baseline_cagrad loss=0.6091 train_acc=0.6920 train_loss=0.6184 val_acc=0.6390 val_loss=0.6462 router_H=0.6746 best=0.6787
           router_load=[0.0, 0.16090178489685059, 0.2598702609539032, 0.5792279243469238]
saved summary -> /home/zhujjing/MOE-grad-conflict-routing/runs/paper_suite/single_gpu/single_task/roberta_rte_ffn_e4_k2/hpo/cagrad/trial_runs/coord_04_method_baseline_cagrad_c_001/cagrad_s2.json
saved curve -> /home/zhujjing/MOE-grad-conflict-routing/runs/paper_suite/single_gpu/single_task/roberta_rte_ffn_e4_k2/hpo/cagrad/trial_runs/coord_04_method_baseline_cagrad_c_001/cagrad_s2_curve.csv
