[run] method=cagrad candidate=coord_04_method_baseline_cagrad_c_014 seed=3 steps=150 gpu=0
[run] cmd=
/home/zhujjing/anaconda3/envs/moe/bin/python /home/zhujjing/MOE-grad-conflict-routing/scripts/run.py --config configs/singletask_rte_real.yaml --set model.backbone_backend=hf --set model.hf_load_pretrained=true --set model.backbone=roberta --set model.hf_pretrained_name=roberta-base --set model.expert_type=ffn --set model.routing_mode=topk --set model.num_experts=4 --set model.top_k=2 --set seed=3 --set method.name=baseline_cagrad --set train.steps=150 --set train.eval_every_steps=50 --set method.baseline_cagrad.c=0.365336098 --set method.baseline_cagrad.inner_lr=0.1 --set train.grad_clip=1.23610215 --set train.lr=2.52305587e-05 --set train.weight_decay=0.0003465461751 --out /home/zhujjing/MOE-grad-conflict-routing/runs/paper_suite/single_gpu/single_task/roberta_rte_ffn_e4_k2/hpo/cagrad/trial_runs/coord_04_method_baseline_cagrad_c_014/cagrad_s3.json --curve_out /home/zhujjing/MOE-grad-conflict-routing/runs/paper_suite/single_gpu/single_task/roberta_rte_ffn_e4_k2/hpo/cagrad/trial_runs/coord_04_method_baseline_cagrad_c_014/cagrad_s3_curve.csv
Using the latest cached version of the dataset since glue couldn't be found on the Hugging Face Hub (offline mode is enabled).
Found the latest cached dataset configuration 'rte' at /home/zhujjing/hf_cache/datasets/glue/rte/0.0.0/bcdcba79d07bc864c1c254ccfcedcce55bcc9a8c (last modified on Thu Mar 19 15:00:36 2026).
/home/zhujjing/anaconda3/envs/moe/lib/python3.10/site-packages/transformers/utils/hub.py:124: FutureWarning: Using `TRANSFORMERS_CACHE` is deprecated and will be removed in v5 of Transformers. Use `HF_HOME` instead.
  warnings.warn(
Some weights of RobertaModel were not initialized from the model checkpoint at roberta-base and are newly initialized: ['roberta.pooler.dense.bias', 'roberta.pooler.dense.weight']
You should probably TRAIN this model on a down-stream task to be able to use it for predictions and inference.
[step 0001/150] method=baseline_cagrad loss=0.6914 train_acc=nan train_loss=nan val_acc=nan val_loss=nan best=-1.0000
[step 0010/150] method=baseline_cagrad loss=0.6939 train_acc=nan train_loss=nan val_acc=nan val_loss=nan best=-1.0000
[step 0020/150] method=baseline_cagrad loss=0.6928 train_acc=nan train_loss=nan val_acc=nan val_loss=nan best=-1.0000
[step 0030/150] method=baseline_cagrad loss=0.6810 train_acc=nan train_loss=nan val_acc=nan val_loss=nan best=-1.0000
[step 0040/150] method=baseline_cagrad loss=0.6706 train_acc=nan train_loss=nan val_acc=nan val_loss=nan best=-1.0000
[step 0050/150] method=baseline_cagrad loss=0.6217 train_acc=0.6337 train_loss=0.6401 val_acc=0.6101 val_loss=0.6674 router_H=0.6536 best=0.6101
           router_load=[0.02191898040473461, 0.21679159998893738, 0.2837231159210205, 0.4775663912296295]
[step 0060/150] method=baseline_cagrad loss=0.6200 train_acc=0.6337 train_loss=0.6401 val_acc=0.6101 val_loss=0.6674 router_H=0.6536 best=0.6101
           router_load=[0.02191898040473461, 0.21679159998893738, 0.2837231159210205, 0.4775663912296295]
[step 0070/150] method=baseline_cagrad loss=0.7219 train_acc=0.6337 train_loss=0.6401 val_acc=0.6101 val_loss=0.6674 router_H=0.6536 best=0.6101
           router_load=[0.02191898040473461, 0.21679159998893738, 0.2837231159210205, 0.4775663912296295]
[step 0080/150] method=baseline_cagrad loss=0.7364 train_acc=0.6337 train_loss=0.6401 val_acc=0.6101 val_loss=0.6674 router_H=0.6536 best=0.6101
           router_load=[0.02191898040473461, 0.21679159998893738, 0.2837231159210205, 0.4775663912296295]
[step 0090/150] method=baseline_cagrad loss=0.6881 train_acc=0.6337 train_loss=0.6401 val_acc=0.6101 val_loss=0.6674 router_H=0.6536 best=0.6101
           router_load=[0.02191898040473461, 0.21679159998893738, 0.2837231159210205, 0.4775663912296295]
[step 0100/150] method=baseline_cagrad loss=0.6248 train_acc=0.6426 train_loss=0.6675 val_acc=0.6318 val_loss=0.6693 router_H=0.6740 best=0.6318
           router_load=[0.04988941177725792, 0.535930335521698, 0.12171820551156998, 0.2924620807170868]
[step 0110/150] method=baseline_cagrad loss=0.6560 train_acc=0.6426 train_loss=0.6675 val_acc=0.6318 val_loss=0.6693 router_H=0.6740 best=0.6318
           router_load=[0.04988941177725792, 0.535930335521698, 0.12171820551156998, 0.2924620807170868]
[step 0120/150] method=baseline_cagrad loss=0.7343 train_acc=0.6426 train_loss=0.6675 val_acc=0.6318 val_loss=0.6693 router_H=0.6740 best=0.6318
           router_load=[0.04988941177725792, 0.535930335521698, 0.12171820551156998, 0.2924620807170868]
[step 0130/150] method=baseline_cagrad loss=0.5882 train_acc=0.6426 train_loss=0.6675 val_acc=0.6318 val_loss=0.6693 router_H=0.6740 best=0.6318
           router_load=[0.04988941177725792, 0.535930335521698, 0.12171820551156998, 0.2924620807170868]
[step 0140/150] method=baseline_cagrad loss=0.5924 train_acc=0.6426 train_loss=0.6675 val_acc=0.6318 val_loss=0.6693 router_H=0.6740 best=0.6318
           router_load=[0.04988941177725792, 0.535930335521698, 0.12171820551156998, 0.2924620807170868]
[step 0150/150] method=baseline_cagrad loss=0.8156 train_acc=0.6795 train_loss=0.6155 val_acc=0.6426 val_loss=0.6377 router_H=0.6244 best=0.6426
           router_load=[0.07239199429750443, 0.1171998530626297, 0.4298142194747925, 0.380593866109848]
saved summary -> /home/zhujjing/MOE-grad-conflict-routing/runs/paper_suite/single_gpu/single_task/roberta_rte_ffn_e4_k2/hpo/cagrad/trial_runs/coord_04_method_baseline_cagrad_c_014/cagrad_s3.json
saved curve -> /home/zhujjing/MOE-grad-conflict-routing/runs/paper_suite/single_gpu/single_task/roberta_rte_ffn_e4_k2/hpo/cagrad/trial_runs/coord_04_method_baseline_cagrad_c_014/cagrad_s3_curve.csv
