[run] method=baseline candidate=coord_02_train_weight_decay_026 seed=3 steps=150 gpu=0
[run] cmd=
/home/zhujjing/anaconda3/envs/moe/bin/python /home/zhujjing/MOE-grad-conflict-routing/scripts/run.py --config configs/singletask_rte_real.yaml --set model.backbone_backend=hf --set model.hf_load_pretrained=true --set model.backbone=roberta --set model.hf_pretrained_name=roberta-base --set model.expert_type=lora --set model.routing_mode=topk --set model.num_experts=4 --set model.top_k=2 --set seed=3 --set method.name=baseline_avg --set train.steps=150 --set train.eval_every_steps=50 --set train.grad_clip=1 --set train.lr=1.302122972e-05 --set train.weight_decay=0.04603734299 --out /home/zhujjing/MOE-grad-conflict-routing/runs/paper_suite/single_gpu/single_task/roberta_rte_lora_e4_k2/hpo/baseline/trial_runs/coord_02_train_weight_decay_026/baseline_s3.json --curve_out /home/zhujjing/MOE-grad-conflict-routing/runs/paper_suite/single_gpu/single_task/roberta_rte_lora_e4_k2/hpo/baseline/trial_runs/coord_02_train_weight_decay_026/baseline_s3_curve.csv
Using the latest cached version of the dataset since glue couldn't be found on the Hugging Face Hub (offline mode is enabled).
Found the latest cached dataset configuration 'rte' at /home/zhujjing/hf_cache/datasets/glue/rte/0.0.0/bcdcba79d07bc864c1c254ccfcedcce55bcc9a8c (last modified on Thu Mar 19 15:00:36 2026).
/home/zhujjing/anaconda3/envs/moe/lib/python3.10/site-packages/transformers/utils/hub.py:124: FutureWarning: Using `TRANSFORMERS_CACHE` is deprecated and will be removed in v5 of Transformers. Use `HF_HOME` instead.
  warnings.warn(
Some weights of RobertaModel were not initialized from the model checkpoint at roberta-base and are newly initialized: ['roberta.pooler.dense.bias', 'roberta.pooler.dense.weight']
You should probably TRAIN this model on a down-stream task to be able to use it for predictions and inference.
[step 0001/150] method=baseline_avg loss=0.6960 train_acc=nan train_loss=nan val_acc=nan val_loss=nan best=-1.0000
[step 0010/150] method=baseline_avg loss=0.6829 train_acc=nan train_loss=nan val_acc=nan val_loss=nan best=-1.0000
[step 0020/150] method=baseline_avg loss=0.7163 train_acc=nan train_loss=nan val_acc=nan val_loss=nan best=-1.0000
[step 0030/150] method=baseline_avg loss=0.6809 train_acc=nan train_loss=nan val_acc=nan val_loss=nan best=-1.0000
[step 0040/150] method=baseline_avg loss=0.6569 train_acc=nan train_loss=nan val_acc=nan val_loss=nan best=-1.0000
[step 0050/150] method=baseline_avg loss=0.6907 train_acc=0.6056 train_loss=0.6673 val_acc=0.5957 val_loss=0.6724 router_H=0.6840 best=0.5957
           router_load=[0.0, 0.5650427937507629, 0.43495723605155945, 0.0]
[step 0060/150] method=baseline_avg loss=0.5968 train_acc=0.6056 train_loss=0.6673 val_acc=0.5957 val_loss=0.6724 router_H=0.6840 best=0.5957
           router_load=[0.0, 0.5650427937507629, 0.43495723605155945, 0.0]
[step 0070/150] method=baseline_avg loss=0.7326 train_acc=0.6056 train_loss=0.6673 val_acc=0.5957 val_loss=0.6724 router_H=0.6840 best=0.5957
           router_load=[0.0, 0.5650427937507629, 0.43495723605155945, 0.0]
[step 0080/150] method=baseline_avg loss=0.5326 train_acc=0.6056 train_loss=0.6673 val_acc=0.5957 val_loss=0.6724 router_H=0.6840 best=0.5957
           router_load=[0.0, 0.5650427937507629, 0.43495723605155945, 0.0]
[step 0090/150] method=baseline_avg loss=0.5016 train_acc=0.6056 train_loss=0.6673 val_acc=0.5957 val_loss=0.6724 router_H=0.6840 best=0.5957
           router_load=[0.0, 0.5650427937507629, 0.43495723605155945, 0.0]
[step 0100/150] method=baseline_avg loss=0.7815 train_acc=0.7153 train_loss=0.5684 val_acc=0.6570 val_loss=0.6152 router_H=0.6870 best=0.6570
           router_load=[0.0, 0.5421248078346252, 0.45787519216537476, 0.0]
[step 0110/150] method=baseline_avg loss=0.5578 train_acc=0.7153 train_loss=0.5684 val_acc=0.6570 val_loss=0.6152 router_H=0.6870 best=0.6570
           router_load=[0.0, 0.5421248078346252, 0.45787519216537476, 0.0]
[step 0120/150] method=baseline_avg loss=0.6392 train_acc=0.7153 train_loss=0.5684 val_acc=0.6570 val_loss=0.6152 router_H=0.6870 best=0.6570
           router_load=[0.0, 0.5421248078346252, 0.45787519216537476, 0.0]
[step 0130/150] method=baseline_avg loss=0.7116 train_acc=0.7153 train_loss=0.5684 val_acc=0.6570 val_loss=0.6152 router_H=0.6870 best=0.6570
           router_load=[0.0, 0.5421248078346252, 0.45787519216537476, 0.0]
[step 0140/150] method=baseline_avg loss=0.6150 train_acc=0.7153 train_loss=0.5684 val_acc=0.6570 val_loss=0.6152 router_H=0.6870 best=0.6570
           router_load=[0.0, 0.5421248078346252, 0.45787519216537476, 0.0]
[step 0150/150] method=baseline_avg loss=0.5721 train_acc=0.7317 train_loss=0.5570 val_acc=0.6823 val_loss=0.6009 router_H=0.6887 best=0.6823
           router_load=[0.0, 0.540644109249115, 0.4593559503555298, 0.0]
saved summary -> /home/zhujjing/MOE-grad-conflict-routing/runs/paper_suite/single_gpu/single_task/roberta_rte_lora_e4_k2/hpo/baseline/trial_runs/coord_02_train_weight_decay_026/baseline_s3.json
saved curve -> /home/zhujjing/MOE-grad-conflict-routing/runs/paper_suite/single_gpu/single_task/roberta_rte_lora_e4_k2/hpo/baseline/trial_runs/coord_02_train_weight_decay_026/baseline_s3_curve.csv
