[run] method=baseline candidate=coord_02_train_weight_decay_030 seed=2 steps=150 gpu=0
[run] cmd=
/home/zhujjing/anaconda3/envs/moe/bin/python /home/zhujjing/MOE-grad-conflict-routing/scripts/run.py --config configs/singletask_rte_real.yaml --set model.backbone_backend=hf --set model.hf_load_pretrained=true --set model.backbone=roberta --set model.hf_pretrained_name=roberta-base --set model.expert_type=lora --set model.routing_mode=topk --set model.num_experts=4 --set model.top_k=2 --set seed=2 --set method.name=baseline_avg --set train.steps=150 --set train.eval_every_steps=50 --set train.grad_clip=1 --set train.lr=1.302122972e-05 --set train.weight_decay=0.004430866959 --out /home/zhujjing/MOE-grad-conflict-routing/runs/paper_suite/single_gpu/single_task/roberta_rte_lora_e4_k2/hpo/baseline/trial_runs/coord_02_train_weight_decay_030/baseline_s2.json --curve_out /home/zhujjing/MOE-grad-conflict-routing/runs/paper_suite/single_gpu/single_task/roberta_rte_lora_e4_k2/hpo/baseline/trial_runs/coord_02_train_weight_decay_030/baseline_s2_curve.csv
Using the latest cached version of the dataset since glue couldn't be found on the Hugging Face Hub (offline mode is enabled).
Found the latest cached dataset configuration 'rte' at /home/zhujjing/hf_cache/datasets/glue/rte/0.0.0/bcdcba79d07bc864c1c254ccfcedcce55bcc9a8c (last modified on Thu Mar 19 15:00:36 2026).
/home/zhujjing/anaconda3/envs/moe/lib/python3.10/site-packages/transformers/utils/hub.py:124: FutureWarning: Using `TRANSFORMERS_CACHE` is deprecated and will be removed in v5 of Transformers. Use `HF_HOME` instead.
  warnings.warn(
Some weights of RobertaModel were not initialized from the model checkpoint at roberta-base and are newly initialized: ['roberta.pooler.dense.bias', 'roberta.pooler.dense.weight']
You should probably TRAIN this model on a down-stream task to be able to use it for predictions and inference.
[step 0001/150] method=baseline_avg loss=0.6850 train_acc=nan train_loss=nan val_acc=nan val_loss=nan best=-1.0000
[step 0010/150] method=baseline_avg loss=0.8141 train_acc=nan train_loss=nan val_acc=nan val_loss=nan best=-1.0000
[step 0020/150] method=baseline_avg loss=0.6755 train_acc=nan train_loss=nan val_acc=nan val_loss=nan best=-1.0000
[step 0030/150] method=baseline_avg loss=0.7101 train_acc=nan train_loss=nan val_acc=nan val_loss=nan best=-1.0000
[step 0040/150] method=baseline_avg loss=0.7230 train_acc=nan train_loss=nan val_acc=nan val_loss=nan best=-1.0000
[step 0050/150] method=baseline_avg loss=0.5968 train_acc=0.5012 train_loss=0.6907 val_acc=0.5271 val_loss=0.6833 router_H=0.6865 best=0.5271
           router_load=[0.4328058958053589, 0.011436115950345993, 0.5557581782341003, 0.0]
[step 0060/150] method=baseline_avg loss=0.6757 train_acc=0.5012 train_loss=0.6907 val_acc=0.5271 val_loss=0.6833 router_H=0.6865 best=0.5271
           router_load=[0.4328058958053589, 0.011436115950345993, 0.5557581782341003, 0.0]
[step 0070/150] method=baseline_avg loss=0.6667 train_acc=0.5012 train_loss=0.6907 val_acc=0.5271 val_loss=0.6833 router_H=0.6865 best=0.5271
           router_load=[0.4328058958053589, 0.011436115950345993, 0.5557581782341003, 0.0]
[step 0080/150] method=baseline_avg loss=0.6686 train_acc=0.5012 train_loss=0.6907 val_acc=0.5271 val_loss=0.6833 router_H=0.6865 best=0.5271
           router_load=[0.4328058958053589, 0.011436115950345993, 0.5557581782341003, 0.0]
[step 0090/150] method=baseline_avg loss=0.7622 train_acc=0.5012 train_loss=0.6907 val_acc=0.5271 val_loss=0.6833 router_H=0.6865 best=0.5271
           router_load=[0.4328058958053589, 0.011436115950345993, 0.5557581782341003, 0.0]
[step 0100/150] method=baseline_avg loss=0.6846 train_acc=0.6133 train_loss=0.6473 val_acc=0.5632 val_loss=0.6734 router_H=0.6890 best=0.5632
           router_load=[0.4576566815376282, 0.007188817020505667, 0.5351546406745911, 0.0]
[step 0110/150] method=baseline_avg loss=0.6217 train_acc=0.6133 train_loss=0.6473 val_acc=0.5632 val_loss=0.6734 router_H=0.6890 best=0.5632
           router_load=[0.4576566815376282, 0.007188817020505667, 0.5351546406745911, 0.0]
[step 0120/150] method=baseline_avg loss=0.5872 train_acc=0.6133 train_loss=0.6473 val_acc=0.5632 val_loss=0.6734 router_H=0.6890 best=0.5632
           router_load=[0.4576566815376282, 0.007188817020505667, 0.5351546406745911, 0.0]
[step 0130/150] method=baseline_avg loss=0.6190 train_acc=0.6133 train_loss=0.6473 val_acc=0.5632 val_loss=0.6734 router_H=0.6890 best=0.5632
           router_load=[0.4576566815376282, 0.007188817020505667, 0.5351546406745911, 0.0]
[step 0140/150] method=baseline_avg loss=0.5771 train_acc=0.6133 train_loss=0.6473 val_acc=0.5632 val_loss=0.6734 router_H=0.6890 best=0.5632
           router_load=[0.4576566815376282, 0.007188817020505667, 0.5351546406745911, 0.0]
[step 0150/150] method=baseline_avg loss=0.6280 train_acc=0.6671 train_loss=0.6236 val_acc=0.6462 val_loss=0.6362 router_H=0.6912 best=0.6462
           router_load=[0.4611615836620331, 0.04920801520347595, 0.4896305203437805, 0.0]
saved summary -> /home/zhujjing/MOE-grad-conflict-routing/runs/paper_suite/single_gpu/single_task/roberta_rte_lora_e4_k2/hpo/baseline/trial_runs/coord_02_train_weight_decay_030/baseline_s2.json
saved curve -> /home/zhujjing/MOE-grad-conflict-routing/runs/paper_suite/single_gpu/single_task/roberta_rte_lora_e4_k2/hpo/baseline/trial_runs/coord_02_train_weight_decay_030/baseline_s2_curve.csv
