[run] method=baseline candidate=coord_02_train_weight_decay_000 seed=3 steps=150 gpu=0
[run] cmd=
/home/zhujjing/anaconda3/envs/moe/bin/python /home/zhujjing/MOE-grad-conflict-routing/scripts/run.py --config configs/singletask_rte_real.yaml --set model.backbone_backend=hf --set model.hf_load_pretrained=true --set model.backbone=roberta --set model.hf_pretrained_name=roberta-base --set model.expert_type=lora --set model.routing_mode=topk --set model.num_experts=4 --set model.top_k=2 --set seed=3 --set method.name=baseline_avg --set train.steps=150 --set train.eval_every_steps=50 --set train.grad_clip=1 --set train.lr=1.302122972e-05 --set train.weight_decay=0.02474250561 --out /home/zhujjing/MOE-grad-conflict-routing/runs/paper_suite/single_gpu/single_task/roberta_rte_lora_e4_k2/hpo/baseline/trial_runs/coord_02_train_weight_decay_000/baseline_s3.json --curve_out /home/zhujjing/MOE-grad-conflict-routing/runs/paper_suite/single_gpu/single_task/roberta_rte_lora_e4_k2/hpo/baseline/trial_runs/coord_02_train_weight_decay_000/baseline_s3_curve.csv
Using the latest cached version of the dataset since glue couldn't be found on the Hugging Face Hub (offline mode is enabled).
Found the latest cached dataset configuration 'rte' at /home/zhujjing/hf_cache/datasets/glue/rte/0.0.0/bcdcba79d07bc864c1c254ccfcedcce55bcc9a8c (last modified on Thu Mar 19 15:00:36 2026).
/home/zhujjing/anaconda3/envs/moe/lib/python3.10/site-packages/transformers/utils/hub.py:124: FutureWarning: Using `TRANSFORMERS_CACHE` is deprecated and will be removed in v5 of Transformers. Use `HF_HOME` instead.
  warnings.warn(
Some weights of RobertaModel were not initialized from the model checkpoint at roberta-base and are newly initialized: ['roberta.pooler.dense.bias', 'roberta.pooler.dense.weight']
You should probably TRAIN this model on a down-stream task to be able to use it for predictions and inference.
[step 0001/150] method=baseline_avg loss=0.6904 train_acc=nan train_loss=nan val_acc=nan val_loss=nan best=-1.0000
[step 0010/150] method=baseline_avg loss=0.6906 train_acc=nan train_loss=nan val_acc=nan val_loss=nan best=-1.0000
[step 0020/150] method=baseline_avg loss=0.6819 train_acc=nan train_loss=nan val_acc=nan val_loss=nan best=-1.0000
[step 0030/150] method=baseline_avg loss=0.6816 train_acc=nan train_loss=nan val_acc=nan val_loss=nan best=-1.0000
[step 0040/150] method=baseline_avg loss=0.6711 train_acc=nan train_loss=nan val_acc=nan val_loss=nan best=-1.0000
[step 0050/150] method=baseline_avg loss=0.6865 train_acc=0.6032 train_loss=0.6704 val_acc=0.6029 val_loss=0.6883 router_H=0.6870 best=0.6029
           router_load=[0.3650360703468323, 0.08312804251909256, 0.551835834980011, 0.0]
[step 0060/150] method=baseline_avg loss=0.5829 train_acc=0.6032 train_loss=0.6704 val_acc=0.6029 val_loss=0.6883 router_H=0.6870 best=0.6029
           router_load=[0.3650360703468323, 0.08312804251909256, 0.551835834980011, 0.0]
[step 0070/150] method=baseline_avg loss=0.6889 train_acc=0.6032 train_loss=0.6704 val_acc=0.6029 val_loss=0.6883 router_H=0.6870 best=0.6029
           router_load=[0.3650360703468323, 0.08312804251909256, 0.551835834980011, 0.0]
[step 0080/150] method=baseline_avg loss=0.5595 train_acc=0.6032 train_loss=0.6704 val_acc=0.6029 val_loss=0.6883 router_H=0.6870 best=0.6029
           router_load=[0.3650360703468323, 0.08312804251909256, 0.551835834980011, 0.0]
[step 0090/150] method=baseline_avg loss=0.5007 train_acc=0.6032 train_loss=0.6704 val_acc=0.6029 val_loss=0.6883 router_H=0.6870 best=0.6029
           router_load=[0.3650360703468323, 0.08312804251909256, 0.551835834980011, 0.0]
[step 0100/150] method=baseline_avg loss=0.7174 train_acc=0.7032 train_loss=0.5811 val_acc=0.6498 val_loss=0.6377 router_H=0.6841 best=0.6498
           router_load=[0.18235120177268982, 0.2753852605819702, 0.5124952793121338, 0.02976827882230282]
[step 0110/150] method=baseline_avg loss=0.5996 train_acc=0.7032 train_loss=0.5811 val_acc=0.6498 val_loss=0.6377 router_H=0.6841 best=0.6498
           router_load=[0.18235120177268982, 0.2753852605819702, 0.5124952793121338, 0.02976827882230282]
[step 0120/150] method=baseline_avg loss=0.6176 train_acc=0.7032 train_loss=0.5811 val_acc=0.6498 val_loss=0.6377 router_H=0.6841 best=0.6498
           router_load=[0.18235120177268982, 0.2753852605819702, 0.5124952793121338, 0.02976827882230282]
[step 0130/150] method=baseline_avg loss=0.7010 train_acc=0.7032 train_loss=0.5811 val_acc=0.6498 val_loss=0.6377 router_H=0.6841 best=0.6498
           router_load=[0.18235120177268982, 0.2753852605819702, 0.5124952793121338, 0.02976827882230282]
[step 0140/150] method=baseline_avg loss=0.6124 train_acc=0.7032 train_loss=0.5811 val_acc=0.6498 val_loss=0.6377 router_H=0.6841 best=0.6498
           router_load=[0.18235120177268982, 0.2753852605819702, 0.5124952793121338, 0.02976827882230282]
[step 0150/150] method=baseline_avg loss=0.5519 train_acc=0.7410 train_loss=0.5488 val_acc=0.6606 val_loss=0.6031 router_H=0.6877 best=0.6606
           router_load=[0.3078936040401459, 0.19103875756263733, 0.4939236342906952, 0.007144083268940449]
saved summary -> /home/zhujjing/MOE-grad-conflict-routing/runs/paper_suite/single_gpu/single_task/roberta_rte_lora_e4_k2/hpo/baseline/trial_runs/coord_02_train_weight_decay_000/baseline_s3.json
saved curve -> /home/zhujjing/MOE-grad-conflict-routing/runs/paper_suite/single_gpu/single_task/roberta_rte_lora_e4_k2/hpo/baseline/trial_runs/coord_02_train_weight_decay_000/baseline_s3_curve.csv
