[run] method=baseline candidate=coord_02_train_weight_decay_002 seed=2 steps=150 gpu=0
[run] cmd=
/home/zhujjing/anaconda3/envs/moe/bin/python /home/zhujjing/MOE-grad-conflict-routing/scripts/run.py --config configs/singletask_rte_real.yaml --set model.backbone_backend=hf --set model.hf_load_pretrained=true --set model.backbone=roberta --set model.hf_pretrained_name=roberta-base --set model.expert_type=lora --set model.routing_mode=topk --set model.num_experts=4 --set model.top_k=2 --set seed=2 --set method.name=baseline_avg --set train.steps=150 --set train.eval_every_steps=50 --set train.grad_clip=1 --set train.lr=1.302122972e-05 --set train.weight_decay=0.03175375625 --out /home/zhujjing/MOE-grad-conflict-routing/runs/paper_suite/single_gpu/single_task/roberta_rte_lora_e4_k2/hpo/baseline/trial_runs/coord_02_train_weight_decay_002/baseline_s2.json --curve_out /home/zhujjing/MOE-grad-conflict-routing/runs/paper_suite/single_gpu/single_task/roberta_rte_lora_e4_k2/hpo/baseline/trial_runs/coord_02_train_weight_decay_002/baseline_s2_curve.csv
Using the latest cached version of the dataset since glue couldn't be found on the Hugging Face Hub (offline mode is enabled).
Found the latest cached dataset configuration 'rte' at /home/zhujjing/hf_cache/datasets/glue/rte/0.0.0/bcdcba79d07bc864c1c254ccfcedcce55bcc9a8c (last modified on Thu Mar 19 15:00:36 2026).
/home/zhujjing/anaconda3/envs/moe/lib/python3.10/site-packages/transformers/utils/hub.py:124: FutureWarning: Using `TRANSFORMERS_CACHE` is deprecated and will be removed in v5 of Transformers. Use `HF_HOME` instead.
  warnings.warn(
Some weights of RobertaModel were not initialized from the model checkpoint at roberta-base and are newly initialized: ['roberta.pooler.dense.bias', 'roberta.pooler.dense.weight']
You should probably TRAIN this model on a down-stream task to be able to use it for predictions and inference.
[step 0001/150] method=baseline_avg loss=0.7013 train_acc=nan train_loss=nan val_acc=nan val_loss=nan best=-1.0000
[step 0010/150] method=baseline_avg loss=0.7737 train_acc=nan train_loss=nan val_acc=nan val_loss=nan best=-1.0000
[step 0020/150] method=baseline_avg loss=0.6799 train_acc=nan train_loss=nan val_acc=nan val_loss=nan best=-1.0000
[step 0030/150] method=baseline_avg loss=0.7132 train_acc=nan train_loss=nan val_acc=nan val_loss=nan best=-1.0000
[step 0040/150] method=baseline_avg loss=0.7113 train_acc=nan train_loss=nan val_acc=nan val_loss=nan best=-1.0000
[step 0050/150] method=baseline_avg loss=0.6068 train_acc=0.5016 train_loss=0.6898 val_acc=0.5271 val_loss=0.6842 router_H=0.6924 best=0.5271
           router_load=[0.5101462602615356, 0.1786365807056427, 0.18268804252147675, 0.1285291165113449]
[step 0060/150] method=baseline_avg loss=0.6671 train_acc=0.5016 train_loss=0.6898 val_acc=0.5271 val_loss=0.6842 router_H=0.6924 best=0.5271
           router_load=[0.5101462602615356, 0.1786365807056427, 0.18268804252147675, 0.1285291165113449]
[step 0070/150] method=baseline_avg loss=0.6757 train_acc=0.5016 train_loss=0.6898 val_acc=0.5271 val_loss=0.6842 router_H=0.6924 best=0.5271
           router_load=[0.5101462602615356, 0.1786365807056427, 0.18268804252147675, 0.1285291165113449]
[step 0080/150] method=baseline_avg loss=0.6627 train_acc=0.5016 train_loss=0.6898 val_acc=0.5271 val_loss=0.6842 router_H=0.6924 best=0.5271
           router_load=[0.5101462602615356, 0.1786365807056427, 0.18268804252147675, 0.1285291165113449]
[step 0090/150] method=baseline_avg loss=0.7583 train_acc=0.5016 train_loss=0.6898 val_acc=0.5271 val_loss=0.6842 router_H=0.6924 best=0.5271
           router_load=[0.5101462602615356, 0.1786365807056427, 0.18268804252147675, 0.1285291165113449]
[step 0100/150] method=baseline_avg loss=0.6904 train_acc=0.6273 train_loss=0.6411 val_acc=0.6029 val_loss=0.6666 router_H=0.6920 best=0.6029
           router_load=[0.48870187997817993, 0.19877345860004425, 0.2223510444164276, 0.09017352759838104]
[step 0110/150] method=baseline_avg loss=0.6224 train_acc=0.6273 train_loss=0.6411 val_acc=0.6029 val_loss=0.6666 router_H=0.6920 best=0.6029
           router_load=[0.48870187997817993, 0.19877345860004425, 0.2223510444164276, 0.09017352759838104]
[step 0120/150] method=baseline_avg loss=0.5457 train_acc=0.6273 train_loss=0.6411 val_acc=0.6029 val_loss=0.6666 router_H=0.6920 best=0.6029
           router_load=[0.48870187997817993, 0.19877345860004425, 0.2223510444164276, 0.09017352759838104]
[step 0130/150] method=baseline_avg loss=0.5880 train_acc=0.6273 train_loss=0.6411 val_acc=0.6029 val_loss=0.6666 router_H=0.6920 best=0.6029
           router_load=[0.48870187997817993, 0.19877345860004425, 0.2223510444164276, 0.09017352759838104]
[step 0140/150] method=baseline_avg loss=0.5965 train_acc=0.6273 train_loss=0.6411 val_acc=0.6029 val_loss=0.6666 router_H=0.6920 best=0.6029
           router_load=[0.48870187997817993, 0.19877345860004425, 0.2223510444164276, 0.09017352759838104]
[step 0150/150] method=baseline_avg loss=0.6117 train_acc=0.6855 train_loss=0.5972 val_acc=0.6643 val_loss=0.6101 router_H=0.6908 best=0.6643
           router_load=[0.5260142683982849, 0.0618700310587883, 0.15752558410167694, 0.2545901834964752]
saved summary -> /home/zhujjing/MOE-grad-conflict-routing/runs/paper_suite/single_gpu/single_task/roberta_rte_lora_e4_k2/hpo/baseline/trial_runs/coord_02_train_weight_decay_002/baseline_s2.json
saved curve -> /home/zhujjing/MOE-grad-conflict-routing/runs/paper_suite/single_gpu/single_task/roberta_rte_lora_e4_k2/hpo/baseline/trial_runs/coord_02_train_weight_decay_002/baseline_s2_curve.csv
