[run] method=baseline candidate=coord_02_train_weight_decay_023 seed=3 steps=150 gpu=0
[run] cmd=
/home/zhujjing/anaconda3/envs/moe/bin/python /home/zhujjing/MOE-grad-conflict-routing/scripts/run.py --config configs/singletask_rte_real.yaml --set model.backbone_backend=hf --set model.hf_load_pretrained=true --set model.backbone=roberta --set model.hf_pretrained_name=roberta-base --set model.expert_type=lora --set model.routing_mode=topk --set model.num_experts=4 --set model.top_k=2 --set seed=3 --set method.name=baseline_avg --set train.steps=150 --set train.eval_every_steps=50 --set train.grad_clip=1 --set train.lr=1.302122972e-05 --set train.weight_decay=0.01901080581 --out /home/zhujjing/MOE-grad-conflict-routing/runs/paper_suite/single_gpu/single_task/roberta_rte_lora_e4_k2/hpo/baseline/trial_runs/coord_02_train_weight_decay_023/baseline_s3.json --curve_out /home/zhujjing/MOE-grad-conflict-routing/runs/paper_suite/single_gpu/single_task/roberta_rte_lora_e4_k2/hpo/baseline/trial_runs/coord_02_train_weight_decay_023/baseline_s3_curve.csv
Using the latest cached version of the dataset since glue couldn't be found on the Hugging Face Hub (offline mode is enabled).
Found the latest cached dataset configuration 'rte' at /home/zhujjing/hf_cache/datasets/glue/rte/0.0.0/bcdcba79d07bc864c1c254ccfcedcce55bcc9a8c (last modified on Thu Mar 19 15:00:36 2026).
/home/zhujjing/anaconda3/envs/moe/lib/python3.10/site-packages/transformers/utils/hub.py:124: FutureWarning: Using `TRANSFORMERS_CACHE` is deprecated and will be removed in v5 of Transformers. Use `HF_HOME` instead.
  warnings.warn(
Some weights of RobertaModel were not initialized from the model checkpoint at roberta-base and are newly initialized: ['roberta.pooler.dense.bias', 'roberta.pooler.dense.weight']
You should probably TRAIN this model on a down-stream task to be able to use it for predictions and inference.
[step 0001/150] method=baseline_avg loss=0.6951 train_acc=nan train_loss=nan val_acc=nan val_loss=nan best=-1.0000
[step 0010/150] method=baseline_avg loss=0.7065 train_acc=nan train_loss=nan val_acc=nan val_loss=nan best=-1.0000
[step 0020/150] method=baseline_avg loss=0.6952 train_acc=nan train_loss=nan val_acc=nan val_loss=nan best=-1.0000
[step 0030/150] method=baseline_avg loss=0.6571 train_acc=nan train_loss=nan val_acc=nan val_loss=nan best=-1.0000
[step 0040/150] method=baseline_avg loss=0.6715 train_acc=nan train_loss=nan val_acc=nan val_loss=nan best=-1.0000
[step 0050/150] method=baseline_avg loss=0.6631 train_acc=0.6205 train_loss=0.6583 val_acc=0.5993 val_loss=0.6779 router_H=0.6918 best=0.5993
           router_load=[0.21410085260868073, 0.4410567283630371, 0.3413630425930023, 0.003479348262771964]
[step 0060/150] method=baseline_avg loss=0.5734 train_acc=0.6205 train_loss=0.6583 val_acc=0.5993 val_loss=0.6779 router_H=0.6918 best=0.5993
           router_load=[0.21410085260868073, 0.4410567283630371, 0.3413630425930023, 0.003479348262771964]
[step 0070/150] method=baseline_avg loss=0.6936 train_acc=0.6205 train_loss=0.6583 val_acc=0.5993 val_loss=0.6779 router_H=0.6918 best=0.5993
           router_load=[0.21410085260868073, 0.4410567283630371, 0.3413630425930023, 0.003479348262771964]
[step 0080/150] method=baseline_avg loss=0.5498 train_acc=0.6205 train_loss=0.6583 val_acc=0.5993 val_loss=0.6779 router_H=0.6918 best=0.5993
           router_load=[0.21410085260868073, 0.4410567283630371, 0.3413630425930023, 0.003479348262771964]
[step 0090/150] method=baseline_avg loss=0.5033 train_acc=0.6205 train_loss=0.6583 val_acc=0.5993 val_loss=0.6779 router_H=0.6918 best=0.5993
           router_load=[0.21410085260868073, 0.4410567283630371, 0.3413630425930023, 0.003479348262771964]
[step 0100/150] method=baseline_avg loss=0.6198 train_acc=0.6952 train_loss=0.5869 val_acc=0.6787 val_loss=0.6217 router_H=0.6899 best=0.6787
           router_load=[0.03044818714261055, 0.5135218501091003, 0.4420487582683563, 0.01398112066090107]
[step 0110/150] method=baseline_avg loss=0.6101 train_acc=0.6952 train_loss=0.5869 val_acc=0.6787 val_loss=0.6217 router_H=0.6899 best=0.6787
           router_load=[0.03044818714261055, 0.5135218501091003, 0.4420487582683563, 0.01398112066090107]
[step 0120/150] method=baseline_avg loss=0.6400 train_acc=0.6952 train_loss=0.5869 val_acc=0.6787 val_loss=0.6217 router_H=0.6899 best=0.6787
           router_load=[0.03044818714261055, 0.5135218501091003, 0.4420487582683563, 0.01398112066090107]
[step 0130/150] method=baseline_avg loss=0.7315 train_acc=0.6952 train_loss=0.5869 val_acc=0.6787 val_loss=0.6217 router_H=0.6899 best=0.6787
           router_load=[0.03044818714261055, 0.5135218501091003, 0.4420487582683563, 0.01398112066090107]
[step 0140/150] method=baseline_avg loss=0.5812 train_acc=0.6952 train_loss=0.5869 val_acc=0.6787 val_loss=0.6217 router_H=0.6899 best=0.6787
           router_load=[0.03044818714261055, 0.5135218501091003, 0.4420487582683563, 0.01398112066090107]
[step 0150/150] method=baseline_avg loss=0.5595 train_acc=0.7643 train_loss=0.5254 val_acc=0.6679 val_loss=0.5991 router_H=0.6908 best=0.6787
           router_load=[0.08916832506656647, 0.49556800723075867, 0.4081515669822693, 0.0071120611391961575]
saved summary -> /home/zhujjing/MOE-grad-conflict-routing/runs/paper_suite/single_gpu/single_task/roberta_rte_lora_e4_k2/hpo/baseline/trial_runs/coord_02_train_weight_decay_023/baseline_s3.json
saved curve -> /home/zhujjing/MOE-grad-conflict-routing/runs/paper_suite/single_gpu/single_task/roberta_rte_lora_e4_k2/hpo/baseline/trial_runs/coord_02_train_weight_decay_023/baseline_s3_curve.csv
