[run] method=baseline candidate=coord_02_train_weight_decay_017 seed=3 steps=150 gpu=0
[run] cmd=
/home/zhujjing/anaconda3/envs/moe/bin/python /home/zhujjing/MOE-grad-conflict-routing/scripts/run.py --config configs/singletask_rte_real.yaml --set model.backbone_backend=hf --set model.hf_load_pretrained=true --set model.backbone=roberta --set model.hf_pretrained_name=roberta-base --set model.expert_type=lora --set model.routing_mode=topk --set model.num_experts=4 --set model.top_k=2 --set seed=3 --set method.name=baseline_avg --set train.steps=150 --set train.eval_every_steps=50 --set train.grad_clip=1 --set train.lr=1.302122972e-05 --set train.weight_decay=0.04458013788 --out /home/zhujjing/MOE-grad-conflict-routing/runs/paper_suite/single_gpu/single_task/roberta_rte_lora_e4_k2/hpo/baseline/trial_runs/coord_02_train_weight_decay_017/baseline_s3.json --curve_out /home/zhujjing/MOE-grad-conflict-routing/runs/paper_suite/single_gpu/single_task/roberta_rte_lora_e4_k2/hpo/baseline/trial_runs/coord_02_train_weight_decay_017/baseline_s3_curve.csv
Using the latest cached version of the dataset since glue couldn't be found on the Hugging Face Hub (offline mode is enabled).
Found the latest cached dataset configuration 'rte' at /home/zhujjing/hf_cache/datasets/glue/rte/0.0.0/bcdcba79d07bc864c1c254ccfcedcce55bcc9a8c (last modified on Thu Mar 19 15:00:36 2026).
/home/zhujjing/anaconda3/envs/moe/lib/python3.10/site-packages/transformers/utils/hub.py:124: FutureWarning: Using `TRANSFORMERS_CACHE` is deprecated and will be removed in v5 of Transformers. Use `HF_HOME` instead.
  warnings.warn(
Some weights of RobertaModel were not initialized from the model checkpoint at roberta-base and are newly initialized: ['roberta.pooler.dense.bias', 'roberta.pooler.dense.weight']
You should probably TRAIN this model on a down-stream task to be able to use it for predictions and inference.
[step 0001/150] method=baseline_avg loss=0.6894 train_acc=nan train_loss=nan val_acc=nan val_loss=nan best=-1.0000
[step 0010/150] method=baseline_avg loss=0.7116 train_acc=nan train_loss=nan val_acc=nan val_loss=nan best=-1.0000
[step 0020/150] method=baseline_avg loss=0.6895 train_acc=nan train_loss=nan val_acc=nan val_loss=nan best=-1.0000
[step 0030/150] method=baseline_avg loss=0.6953 train_acc=nan train_loss=nan val_acc=nan val_loss=nan best=-1.0000
[step 0040/150] method=baseline_avg loss=0.6765 train_acc=nan train_loss=nan val_acc=nan val_loss=nan best=-1.0000
[step 0050/150] method=baseline_avg loss=0.6588 train_acc=0.6141 train_loss=0.6598 val_acc=0.5379 val_loss=0.6896 router_H=0.6848 best=0.5379
           router_load=[0.027507787570357323, 0.5594311952590942, 0.10029903054237366, 0.3127620816230774]
[step 0060/150] method=baseline_avg loss=0.5774 train_acc=0.6141 train_loss=0.6598 val_acc=0.5379 val_loss=0.6896 router_H=0.6848 best=0.5379
           router_load=[0.027507787570357323, 0.5594311952590942, 0.10029903054237366, 0.3127620816230774]
[step 0070/150] method=baseline_avg loss=0.6429 train_acc=0.6141 train_loss=0.6598 val_acc=0.5379 val_loss=0.6896 router_H=0.6848 best=0.5379
           router_load=[0.027507787570357323, 0.5594311952590942, 0.10029903054237366, 0.3127620816230774]
[step 0080/150] method=baseline_avg loss=0.5679 train_acc=0.6141 train_loss=0.6598 val_acc=0.5379 val_loss=0.6896 router_H=0.6848 best=0.5379
           router_load=[0.027507787570357323, 0.5594311952590942, 0.10029903054237366, 0.3127620816230774]
[step 0090/150] method=baseline_avg loss=0.5326 train_acc=0.6141 train_loss=0.6598 val_acc=0.5379 val_loss=0.6896 router_H=0.6848 best=0.5379
           router_load=[0.027507787570357323, 0.5594311952590942, 0.10029903054237366, 0.3127620816230774]
[step 0100/150] method=baseline_avg loss=0.7938 train_acc=0.7309 train_loss=0.5461 val_acc=0.6823 val_loss=0.6202 router_H=0.6853 best=0.6823
           router_load=[0.2430507242679596, 0.47680217027664185, 0.17493121325969696, 0.10521577298641205]
[step 0110/150] method=baseline_avg loss=0.5007 train_acc=0.7309 train_loss=0.5461 val_acc=0.6823 val_loss=0.6202 router_H=0.6853 best=0.6823
           router_load=[0.2430507242679596, 0.47680217027664185, 0.17493121325969696, 0.10521577298641205]
[step 0120/150] method=baseline_avg loss=0.6219 train_acc=0.7309 train_loss=0.5461 val_acc=0.6823 val_loss=0.6202 router_H=0.6853 best=0.6823
           router_load=[0.2430507242679596, 0.47680217027664185, 0.17493121325969696, 0.10521577298641205]
[step 0130/150] method=baseline_avg loss=0.6598 train_acc=0.7309 train_loss=0.5461 val_acc=0.6823 val_loss=0.6202 router_H=0.6853 best=0.6823
           router_load=[0.2430507242679596, 0.47680217027664185, 0.17493121325969696, 0.10521577298641205]
[step 0140/150] method=baseline_avg loss=0.5801 train_acc=0.7309 train_loss=0.5461 val_acc=0.6823 val_loss=0.6202 router_H=0.6853 best=0.6823
           router_load=[0.2430507242679596, 0.47680217027664185, 0.17493121325969696, 0.10521577298641205]
[step 0150/150] method=baseline_avg loss=0.5299 train_acc=0.7414 train_loss=0.5262 val_acc=0.6643 val_loss=0.6036 router_H=0.6889 best=0.6823
           router_load=[0.42033976316452026, 0.22502467036247253, 0.3147623836994171, 0.039873216301202774]
saved summary -> /home/zhujjing/MOE-grad-conflict-routing/runs/paper_suite/single_gpu/single_task/roberta_rte_lora_e4_k2/hpo/baseline/trial_runs/coord_02_train_weight_decay_017/baseline_s3.json
saved curve -> /home/zhujjing/MOE-grad-conflict-routing/runs/paper_suite/single_gpu/single_task/roberta_rte_lora_e4_k2/hpo/baseline/trial_runs/coord_02_train_weight_decay_017/baseline_s3_curve.csv
