[run] method=baseline candidate=coord_02_train_weight_decay_011 seed=2 steps=150 gpu=0
[run] cmd=
/home/zhujjing/anaconda3/envs/moe/bin/python /home/zhujjing/MOE-grad-conflict-routing/scripts/run.py --config configs/singletask_rte_real.yaml --set model.backbone_backend=hf --set model.hf_load_pretrained=true --set model.backbone=roberta --set model.hf_pretrained_name=roberta-base --set model.expert_type=lora --set model.routing_mode=topk --set model.num_experts=4 --set model.top_k=2 --set seed=2 --set method.name=baseline_avg --set train.steps=150 --set train.eval_every_steps=50 --set train.grad_clip=1 --set train.lr=1.302122972e-05 --set train.weight_decay=0.01108226147 --out /home/zhujjing/MOE-grad-conflict-routing/runs/paper_suite/single_gpu/single_task/roberta_rte_lora_e4_k2/hpo/baseline/trial_runs/coord_02_train_weight_decay_011/baseline_s2.json --curve_out /home/zhujjing/MOE-grad-conflict-routing/runs/paper_suite/single_gpu/single_task/roberta_rte_lora_e4_k2/hpo/baseline/trial_runs/coord_02_train_weight_decay_011/baseline_s2_curve.csv
Using the latest cached version of the dataset since glue couldn't be found on the Hugging Face Hub (offline mode is enabled).
Found the latest cached dataset configuration 'rte' at /home/zhujjing/hf_cache/datasets/glue/rte/0.0.0/bcdcba79d07bc864c1c254ccfcedcce55bcc9a8c (last modified on Thu Mar 19 15:00:36 2026).
/home/zhujjing/anaconda3/envs/moe/lib/python3.10/site-packages/transformers/utils/hub.py:124: FutureWarning: Using `TRANSFORMERS_CACHE` is deprecated and will be removed in v5 of Transformers. Use `HF_HOME` instead.
  warnings.warn(
Some weights of RobertaModel were not initialized from the model checkpoint at roberta-base and are newly initialized: ['roberta.pooler.dense.bias', 'roberta.pooler.dense.weight']
You should probably TRAIN this model on a down-stream task to be able to use it for predictions and inference.
[step 0001/150] method=baseline_avg loss=0.7323 train_acc=nan train_loss=nan val_acc=nan val_loss=nan best=-1.0000
[step 0010/150] method=baseline_avg loss=0.7514 train_acc=nan train_loss=nan val_acc=nan val_loss=nan best=-1.0000
[step 0020/150] method=baseline_avg loss=0.6825 train_acc=nan train_loss=nan val_acc=nan val_loss=nan best=-1.0000
[step 0030/150] method=baseline_avg loss=0.7073 train_acc=nan train_loss=nan val_acc=nan val_loss=nan best=-1.0000
[step 0040/150] method=baseline_avg loss=0.7203 train_acc=nan train_loss=nan val_acc=nan val_loss=nan best=-1.0000
[step 0050/150] method=baseline_avg loss=0.6042 train_acc=0.5016 train_loss=0.6978 val_acc=0.5271 val_loss=0.6935 router_H=0.6925 best=0.5271
           router_load=[0.0, 0.5139452219009399, 0.4860548973083496, 0.0]
[step 0060/150] method=baseline_avg loss=0.6692 train_acc=0.5016 train_loss=0.6978 val_acc=0.5271 val_loss=0.6935 router_H=0.6925 best=0.5271
           router_load=[0.0, 0.5139452219009399, 0.4860548973083496, 0.0]
[step 0070/150] method=baseline_avg loss=0.7018 train_acc=0.5016 train_loss=0.6978 val_acc=0.5271 val_loss=0.6935 router_H=0.6925 best=0.5271
           router_load=[0.0, 0.5139452219009399, 0.4860548973083496, 0.0]
[step 0080/150] method=baseline_avg loss=0.6723 train_acc=0.5016 train_loss=0.6978 val_acc=0.5271 val_loss=0.6935 router_H=0.6925 best=0.5271
           router_load=[0.0, 0.5139452219009399, 0.4860548973083496, 0.0]
[step 0090/150] method=baseline_avg loss=0.7496 train_acc=0.5016 train_loss=0.6978 val_acc=0.5271 val_loss=0.6935 router_H=0.6925 best=0.5271
           router_load=[0.0, 0.5139452219009399, 0.4860548973083496, 0.0]
[step 0100/150] method=baseline_avg loss=0.6838 train_acc=0.6129 train_loss=0.6464 val_acc=0.5668 val_loss=0.6804 router_H=0.6918 best=0.5668
           router_load=[0.0051227048970758915, 0.5166177153587341, 0.4782595932483673, 0.0]
[step 0110/150] method=baseline_avg loss=0.6322 train_acc=0.6129 train_loss=0.6464 val_acc=0.5668 val_loss=0.6804 router_H=0.6918 best=0.5668
           router_load=[0.0051227048970758915, 0.5166177153587341, 0.4782595932483673, 0.0]
[step 0120/150] method=baseline_avg loss=0.6230 train_acc=0.6129 train_loss=0.6464 val_acc=0.5668 val_loss=0.6804 router_H=0.6918 best=0.5668
           router_load=[0.0051227048970758915, 0.5166177153587341, 0.4782595932483673, 0.0]
[step 0130/150] method=baseline_avg loss=0.5882 train_acc=0.6129 train_loss=0.6464 val_acc=0.5668 val_loss=0.6804 router_H=0.6918 best=0.5668
           router_load=[0.0051227048970758915, 0.5166177153587341, 0.4782595932483673, 0.0]
[step 0140/150] method=baseline_avg loss=0.5982 train_acc=0.6129 train_loss=0.6464 val_acc=0.5668 val_loss=0.6804 router_H=0.6918 best=0.5668
           router_load=[0.0051227048970758915, 0.5166177153587341, 0.4782595932483673, 0.0]
[step 0150/150] method=baseline_avg loss=0.6437 train_acc=0.6755 train_loss=0.6178 val_acc=0.6390 val_loss=0.6409 router_H=0.6927 best=0.6390
           router_load=[0.005137058440595865, 0.5058923959732056, 0.4889706075191498, 0.0]
saved summary -> /home/zhujjing/MOE-grad-conflict-routing/runs/paper_suite/single_gpu/single_task/roberta_rte_lora_e4_k2/hpo/baseline/trial_runs/coord_02_train_weight_decay_011/baseline_s2.json
saved curve -> /home/zhujjing/MOE-grad-conflict-routing/runs/paper_suite/single_gpu/single_task/roberta_rte_lora_e4_k2/hpo/baseline/trial_runs/coord_02_train_weight_decay_011/baseline_s2_curve.csv
