[run] method=baseline candidate=coord_02_train_weight_decay_010 seed=2 steps=150 gpu=0
[run] cmd=
/home/zhujjing/anaconda3/envs/moe/bin/python /home/zhujjing/MOE-grad-conflict-routing/scripts/run.py --config configs/singletask_rte_real.yaml --set model.backbone_backend=hf --set model.hf_load_pretrained=true --set model.backbone=roberta --set model.hf_pretrained_name=roberta-base --set model.expert_type=lora --set model.routing_mode=topk --set model.num_experts=4 --set model.top_k=2 --set seed=2 --set method.name=baseline_avg --set train.steps=150 --set train.eval_every_steps=50 --set train.grad_clip=1 --set train.lr=1.302122972e-05 --set train.weight_decay=0.02446709884 --out /home/zhujjing/MOE-grad-conflict-routing/runs/paper_suite/single_gpu/single_task/roberta_rte_lora_e4_k2/hpo/baseline/trial_runs/coord_02_train_weight_decay_010/baseline_s2.json --curve_out /home/zhujjing/MOE-grad-conflict-routing/runs/paper_suite/single_gpu/single_task/roberta_rte_lora_e4_k2/hpo/baseline/trial_runs/coord_02_train_weight_decay_010/baseline_s2_curve.csv
Using the latest cached version of the dataset since glue couldn't be found on the Hugging Face Hub (offline mode is enabled).
Found the latest cached dataset configuration 'rte' at /home/zhujjing/hf_cache/datasets/glue/rte/0.0.0/bcdcba79d07bc864c1c254ccfcedcce55bcc9a8c (last modified on Thu Mar 19 15:00:36 2026).
/home/zhujjing/anaconda3/envs/moe/lib/python3.10/site-packages/transformers/utils/hub.py:124: FutureWarning: Using `TRANSFORMERS_CACHE` is deprecated and will be removed in v5 of Transformers. Use `HF_HOME` instead.
  warnings.warn(
Some weights of RobertaModel were not initialized from the model checkpoint at roberta-base and are newly initialized: ['roberta.pooler.dense.bias', 'roberta.pooler.dense.weight']
You should probably TRAIN this model on a down-stream task to be able to use it for predictions and inference.
[step 0001/150] method=baseline_avg loss=0.6920 train_acc=nan train_loss=nan val_acc=nan val_loss=nan best=-1.0000
[step 0010/150] method=baseline_avg loss=0.8335 train_acc=nan train_loss=nan val_acc=nan val_loss=nan best=-1.0000
[step 0020/150] method=baseline_avg loss=0.6758 train_acc=nan train_loss=nan val_acc=nan val_loss=nan best=-1.0000
[step 0030/150] method=baseline_avg loss=0.7187 train_acc=nan train_loss=nan val_acc=nan val_loss=nan best=-1.0000
[step 0040/150] method=baseline_avg loss=0.7229 train_acc=nan train_loss=nan val_acc=nan val_loss=nan best=-1.0000
[step 0050/150] method=baseline_avg loss=0.6331 train_acc=0.5016 train_loss=0.6884 val_acc=0.5271 val_loss=0.6838 router_H=0.6920 best=0.5271
           router_load=[0.47317057847976685, 0.5185434222221375, 0.00828609336167574, 0.0]
[step 0060/150] method=baseline_avg loss=0.6732 train_acc=0.5016 train_loss=0.6884 val_acc=0.5271 val_loss=0.6838 router_H=0.6920 best=0.5271
           router_load=[0.47317057847976685, 0.5185434222221375, 0.00828609336167574, 0.0]
[step 0070/150] method=baseline_avg loss=0.6618 train_acc=0.5016 train_loss=0.6884 val_acc=0.5271 val_loss=0.6838 router_H=0.6920 best=0.5271
           router_load=[0.47317057847976685, 0.5185434222221375, 0.00828609336167574, 0.0]
[step 0080/150] method=baseline_avg loss=0.7039 train_acc=0.5016 train_loss=0.6884 val_acc=0.5271 val_loss=0.6838 router_H=0.6920 best=0.5271
           router_load=[0.47317057847976685, 0.5185434222221375, 0.00828609336167574, 0.0]
[step 0090/150] method=baseline_avg loss=0.7742 train_acc=0.5016 train_loss=0.6884 val_acc=0.5271 val_loss=0.6838 router_H=0.6920 best=0.5271
           router_load=[0.47317057847976685, 0.5185434222221375, 0.00828609336167574, 0.0]
[step 0100/150] method=baseline_avg loss=0.6592 train_acc=0.6345 train_loss=0.6454 val_acc=0.5668 val_loss=0.6698 router_H=0.6913 best=0.5668
           router_load=[0.47269314527511597, 0.5207532644271851, 0.004975698422640562, 0.0015779207460582256]
[step 0110/150] method=baseline_avg loss=0.6210 train_acc=0.6345 train_loss=0.6454 val_acc=0.5668 val_loss=0.6698 router_H=0.6913 best=0.5668
           router_load=[0.47269314527511597, 0.5207532644271851, 0.004975698422640562, 0.0015779207460582256]
[step 0120/150] method=baseline_avg loss=0.6445 train_acc=0.6345 train_loss=0.6454 val_acc=0.5668 val_loss=0.6698 router_H=0.6913 best=0.5668
           router_load=[0.47269314527511597, 0.5207532644271851, 0.004975698422640562, 0.0015779207460582256]
[step 0130/150] method=baseline_avg loss=0.6196 train_acc=0.6345 train_loss=0.6454 val_acc=0.5668 val_loss=0.6698 router_H=0.6913 best=0.5668
           router_load=[0.47269314527511597, 0.5207532644271851, 0.004975698422640562, 0.0015779207460582256]
[step 0140/150] method=baseline_avg loss=0.5730 train_acc=0.6345 train_loss=0.6454 val_acc=0.5668 val_loss=0.6698 router_H=0.6913 best=0.5668
           router_load=[0.47269314527511597, 0.5207532644271851, 0.004975698422640562, 0.0015779207460582256]
[step 0150/150] method=baseline_avg loss=0.6276 train_acc=0.6779 train_loss=0.6169 val_acc=0.6498 val_loss=0.6403 router_H=0.6911 best=0.6498
           router_load=[0.4334264397621155, 0.5206316709518433, 0.039384808391332626, 0.006557106506079435]
saved summary -> /home/zhujjing/MOE-grad-conflict-routing/runs/paper_suite/single_gpu/single_task/roberta_rte_lora_e4_k2/hpo/baseline/trial_runs/coord_02_train_weight_decay_010/baseline_s2.json
saved curve -> /home/zhujjing/MOE-grad-conflict-routing/runs/paper_suite/single_gpu/single_task/roberta_rte_lora_e4_k2/hpo/baseline/trial_runs/coord_02_train_weight_decay_010/baseline_s2_curve.csv
