[run] method=baseline candidate=coord_02_train_weight_decay_028 seed=3 steps=150 gpu=0
[run] cmd=
/home/zhujjing/anaconda3/envs/moe/bin/python /home/zhujjing/MOE-grad-conflict-routing/scripts/run.py --config configs/singletask_rte_real.yaml --set model.backbone_backend=hf --set model.hf_load_pretrained=true --set model.backbone=roberta --set model.hf_pretrained_name=roberta-base --set model.expert_type=lora --set model.routing_mode=topk --set model.num_experts=4 --set model.top_k=2 --set seed=3 --set method.name=baseline_avg --set train.steps=150 --set train.eval_every_steps=50 --set train.grad_clip=1 --set train.lr=1.302122972e-05 --set train.weight_decay=0.002392015778 --out /home/zhujjing/MOE-grad-conflict-routing/runs/paper_suite/single_gpu/single_task/roberta_rte_lora_e4_k2/hpo/baseline/trial_runs/coord_02_train_weight_decay_028/baseline_s3.json --curve_out /home/zhujjing/MOE-grad-conflict-routing/runs/paper_suite/single_gpu/single_task/roberta_rte_lora_e4_k2/hpo/baseline/trial_runs/coord_02_train_weight_decay_028/baseline_s3_curve.csv
Using the latest cached version of the dataset since glue couldn't be found on the Hugging Face Hub (offline mode is enabled).
Found the latest cached dataset configuration 'rte' at /home/zhujjing/hf_cache/datasets/glue/rte/0.0.0/bcdcba79d07bc864c1c254ccfcedcce55bcc9a8c (last modified on Thu Mar 19 15:00:36 2026).
/home/zhujjing/anaconda3/envs/moe/lib/python3.10/site-packages/transformers/utils/hub.py:124: FutureWarning: Using `TRANSFORMERS_CACHE` is deprecated and will be removed in v5 of Transformers. Use `HF_HOME` instead.
  warnings.warn(
Some weights of RobertaModel were not initialized from the model checkpoint at roberta-base and are newly initialized: ['roberta.pooler.dense.bias', 'roberta.pooler.dense.weight']
You should probably TRAIN this model on a down-stream task to be able to use it for predictions and inference.
[step 0001/150] method=baseline_avg loss=0.6907 train_acc=nan train_loss=nan val_acc=nan val_loss=nan best=-1.0000
[step 0010/150] method=baseline_avg loss=0.7024 train_acc=nan train_loss=nan val_acc=nan val_loss=nan best=-1.0000
[step 0020/150] method=baseline_avg loss=0.6985 train_acc=nan train_loss=nan val_acc=nan val_loss=nan best=-1.0000
[step 0030/150] method=baseline_avg loss=0.6860 train_acc=nan train_loss=nan val_acc=nan val_loss=nan best=-1.0000
[step 0040/150] method=baseline_avg loss=0.6708 train_acc=nan train_loss=nan val_acc=nan val_loss=nan best=-1.0000
[step 0050/150] method=baseline_avg loss=0.6823 train_acc=0.5715 train_loss=0.6761 val_acc=0.5415 val_loss=0.6945 router_H=0.6875 best=0.5415
           router_load=[0.45005279779434204, 0.0, 0.0, 0.5499472618103027]
[step 0060/150] method=baseline_avg loss=0.5859 train_acc=0.5715 train_loss=0.6761 val_acc=0.5415 val_loss=0.6945 router_H=0.6875 best=0.5415
           router_load=[0.45005279779434204, 0.0, 0.0, 0.5499472618103027]
[step 0070/150] method=baseline_avg loss=0.7018 train_acc=0.5715 train_loss=0.6761 val_acc=0.5415 val_loss=0.6945 router_H=0.6875 best=0.5415
           router_load=[0.45005279779434204, 0.0, 0.0, 0.5499472618103027]
[step 0080/150] method=baseline_avg loss=0.5724 train_acc=0.5715 train_loss=0.6761 val_acc=0.5415 val_loss=0.6945 router_H=0.6875 best=0.5415
           router_load=[0.45005279779434204, 0.0, 0.0, 0.5499472618103027]
[step 0090/150] method=baseline_avg loss=0.4798 train_acc=0.5715 train_loss=0.6761 val_acc=0.5415 val_loss=0.6945 router_H=0.6875 best=0.5415
           router_load=[0.45005279779434204, 0.0, 0.0, 0.5499472618103027]
[step 0100/150] method=baseline_avg loss=0.7414 train_acc=0.6892 train_loss=0.5824 val_acc=0.6751 val_loss=0.6119 router_H=0.6866 best=0.6751
           router_load=[0.49395620822906494, 0.001626337063498795, 0.0028201788663864136, 0.5015972852706909]
[step 0110/150] method=baseline_avg loss=0.6378 train_acc=0.6892 train_loss=0.5824 val_acc=0.6751 val_loss=0.6119 router_H=0.6866 best=0.6751
           router_load=[0.49395620822906494, 0.001626337063498795, 0.0028201788663864136, 0.5015972852706909]
[step 0120/150] method=baseline_avg loss=0.6328 train_acc=0.6892 train_loss=0.5824 val_acc=0.6751 val_loss=0.6119 router_H=0.6866 best=0.6751
           router_load=[0.49395620822906494, 0.001626337063498795, 0.0028201788663864136, 0.5015972852706909]
[step 0130/150] method=baseline_avg loss=0.6819 train_acc=0.6892 train_loss=0.5824 val_acc=0.6751 val_loss=0.6119 router_H=0.6866 best=0.6751
           router_load=[0.49395620822906494, 0.001626337063498795, 0.0028201788663864136, 0.5015972852706909]
[step 0140/150] method=baseline_avg loss=0.5519 train_acc=0.6892 train_loss=0.5824 val_acc=0.6751 val_loss=0.6119 router_H=0.6866 best=0.6751
           router_load=[0.49395620822906494, 0.001626337063498795, 0.0028201788663864136, 0.5015972852706909]
[step 0150/150] method=baseline_avg loss=0.5831 train_acc=0.7016 train_loss=0.5632 val_acc=0.6679 val_loss=0.6119 router_H=0.6894 best=0.6751
           router_load=[0.5082623958587646, 0.0, 0.0, 0.49173760414123535]
saved summary -> /home/zhujjing/MOE-grad-conflict-routing/runs/paper_suite/single_gpu/single_task/roberta_rte_lora_e4_k2/hpo/baseline/trial_runs/coord_02_train_weight_decay_028/baseline_s3.json
saved curve -> /home/zhujjing/MOE-grad-conflict-routing/runs/paper_suite/single_gpu/single_task/roberta_rte_lora_e4_k2/hpo/baseline/trial_runs/coord_02_train_weight_decay_028/baseline_s3_curve.csv
