[run] method=baseline candidate=coord_02_train_weight_decay_023 seed=2 steps=150 gpu=0
[run] cmd=
/home/zhujjing/anaconda3/envs/moe/bin/python /home/zhujjing/MOE-grad-conflict-routing/scripts/run.py --config configs/singletask_rte_real.yaml --set model.backbone_backend=hf --set model.hf_load_pretrained=true --set model.backbone=roberta --set model.hf_pretrained_name=roberta-base --set model.expert_type=lora --set model.routing_mode=topk --set model.num_experts=4 --set model.top_k=2 --set seed=2 --set method.name=baseline_avg --set train.steps=150 --set train.eval_every_steps=50 --set train.grad_clip=1 --set train.lr=1.302122972e-05 --set train.weight_decay=0.01901080581 --out /home/zhujjing/MOE-grad-conflict-routing/runs/paper_suite/single_gpu/single_task/roberta_rte_lora_e4_k2/hpo/baseline/trial_runs/coord_02_train_weight_decay_023/baseline_s2.json --curve_out /home/zhujjing/MOE-grad-conflict-routing/runs/paper_suite/single_gpu/single_task/roberta_rte_lora_e4_k2/hpo/baseline/trial_runs/coord_02_train_weight_decay_023/baseline_s2_curve.csv
Using the latest cached version of the dataset since glue couldn't be found on the Hugging Face Hub (offline mode is enabled).
Found the latest cached dataset configuration 'rte' at /home/zhujjing/hf_cache/datasets/glue/rte/0.0.0/bcdcba79d07bc864c1c254ccfcedcce55bcc9a8c (last modified on Thu Mar 19 15:00:36 2026).
/home/zhujjing/anaconda3/envs/moe/lib/python3.10/site-packages/transformers/utils/hub.py:124: FutureWarning: Using `TRANSFORMERS_CACHE` is deprecated and will be removed in v5 of Transformers. Use `HF_HOME` instead.
  warnings.warn(
Some weights of RobertaModel were not initialized from the model checkpoint at roberta-base and are newly initialized: ['roberta.pooler.dense.bias', 'roberta.pooler.dense.weight']
You should probably TRAIN this model on a down-stream task to be able to use it for predictions and inference.
[step 0001/150] method=baseline_avg loss=0.7324 train_acc=nan train_loss=nan val_acc=nan val_loss=nan best=-1.0000
[step 0010/150] method=baseline_avg loss=0.7638 train_acc=nan train_loss=nan val_acc=nan val_loss=nan best=-1.0000
[step 0020/150] method=baseline_avg loss=0.6909 train_acc=nan train_loss=nan val_acc=nan val_loss=nan best=-1.0000
[step 0030/150] method=baseline_avg loss=0.6978 train_acc=nan train_loss=nan val_acc=nan val_loss=nan best=-1.0000
[step 0040/150] method=baseline_avg loss=0.7111 train_acc=nan train_loss=nan val_acc=nan val_loss=nan best=-1.0000
[step 0050/150] method=baseline_avg loss=0.5903 train_acc=0.5016 train_loss=0.7037 val_acc=0.5271 val_loss=0.6943 router_H=0.6871 best=0.5271
           router_load=[0.5528002977371216, 0.0, 0.028586091473698616, 0.4186135232448578]
[step 0060/150] method=baseline_avg loss=0.6774 train_acc=0.5016 train_loss=0.7037 val_acc=0.5271 val_loss=0.6943 router_H=0.6871 best=0.5271
           router_load=[0.5528002977371216, 0.0, 0.028586091473698616, 0.4186135232448578]
[step 0070/150] method=baseline_avg loss=0.7001 train_acc=0.5016 train_loss=0.7037 val_acc=0.5271 val_loss=0.6943 router_H=0.6871 best=0.5271
           router_load=[0.5528002977371216, 0.0, 0.028586091473698616, 0.4186135232448578]
[step 0080/150] method=baseline_avg loss=0.7052 train_acc=0.5016 train_loss=0.7037 val_acc=0.5271 val_loss=0.6943 router_H=0.6871 best=0.5271
           router_load=[0.5528002977371216, 0.0, 0.028586091473698616, 0.4186135232448578]
[step 0090/150] method=baseline_avg loss=0.7796 train_acc=0.5016 train_loss=0.7037 val_acc=0.5271 val_loss=0.6943 router_H=0.6871 best=0.5271
           router_load=[0.5528002977371216, 0.0, 0.028586091473698616, 0.4186135232448578]
[step 0100/150] method=baseline_avg loss=0.6695 train_acc=0.6137 train_loss=0.6459 val_acc=0.5596 val_loss=0.6721 router_H=0.6916 best=0.5596
           router_load=[0.3798570930957794, 0.0, 0.1609777957201004, 0.45916512608528137]
[step 0110/150] method=baseline_avg loss=0.6383 train_acc=0.6137 train_loss=0.6459 val_acc=0.5596 val_loss=0.6721 router_H=0.6916 best=0.5596
           router_load=[0.3798570930957794, 0.0, 0.1609777957201004, 0.45916512608528137]
[step 0120/150] method=baseline_avg loss=0.6776 train_acc=0.6137 train_loss=0.6459 val_acc=0.5596 val_loss=0.6721 router_H=0.6916 best=0.5596
           router_load=[0.3798570930957794, 0.0, 0.1609777957201004, 0.45916512608528137]
[step 0130/150] method=baseline_avg loss=0.5751 train_acc=0.6137 train_loss=0.6459 val_acc=0.5596 val_loss=0.6721 router_H=0.6916 best=0.5596
           router_load=[0.3798570930957794, 0.0, 0.1609777957201004, 0.45916512608528137]
[step 0140/150] method=baseline_avg loss=0.5587 train_acc=0.6137 train_loss=0.6459 val_acc=0.5596 val_loss=0.6721 router_H=0.6916 best=0.5596
           router_load=[0.3798570930957794, 0.0, 0.1609777957201004, 0.45916512608528137]
[step 0150/150] method=baseline_avg loss=0.6208 train_acc=0.6639 train_loss=0.6260 val_acc=0.6245 val_loss=0.6423 router_H=0.6902 best=0.6245
           router_load=[0.49508237838745117, 0.009822465479373932, 0.08730517327785492, 0.4077899158000946]
saved summary -> /home/zhujjing/MOE-grad-conflict-routing/runs/paper_suite/single_gpu/single_task/roberta_rte_lora_e4_k2/hpo/baseline/trial_runs/coord_02_train_weight_decay_023/baseline_s2.json
saved curve -> /home/zhujjing/MOE-grad-conflict-routing/runs/paper_suite/single_gpu/single_task/roberta_rte_lora_e4_k2/hpo/baseline/trial_runs/coord_02_train_weight_decay_023/baseline_s2_curve.csv
