[run] method=baseline candidate=coord_02_train_weight_decay_013 seed=3 steps=150 gpu=0
[run] cmd=
/home/zhujjing/anaconda3/envs/moe/bin/python /home/zhujjing/MOE-grad-conflict-routing/scripts/run.py --config configs/singletask_rte_real.yaml --set model.backbone_backend=hf --set model.hf_load_pretrained=true --set model.backbone=roberta --set model.hf_pretrained_name=roberta-base --set model.expert_type=lora --set model.routing_mode=topk --set model.num_experts=4 --set model.top_k=2 --set seed=3 --set method.name=baseline_avg --set train.steps=150 --set train.eval_every_steps=50 --set train.grad_clip=1 --set train.lr=1.302122972e-05 --set train.weight_decay=0.01487570917 --out /home/zhujjing/MOE-grad-conflict-routing/runs/paper_suite/single_gpu/single_task/roberta_rte_lora_e4_k2/hpo/baseline/trial_runs/coord_02_train_weight_decay_013/baseline_s3.json --curve_out /home/zhujjing/MOE-grad-conflict-routing/runs/paper_suite/single_gpu/single_task/roberta_rte_lora_e4_k2/hpo/baseline/trial_runs/coord_02_train_weight_decay_013/baseline_s3_curve.csv
Using the latest cached version of the dataset since glue couldn't be found on the Hugging Face Hub (offline mode is enabled).
Found the latest cached dataset configuration 'rte' at /home/zhujjing/hf_cache/datasets/glue/rte/0.0.0/bcdcba79d07bc864c1c254ccfcedcce55bcc9a8c (last modified on Thu Mar 19 15:00:36 2026).
/home/zhujjing/anaconda3/envs/moe/lib/python3.10/site-packages/transformers/utils/hub.py:124: FutureWarning: Using `TRANSFORMERS_CACHE` is deprecated and will be removed in v5 of Transformers. Use `HF_HOME` instead.
  warnings.warn(
Some weights of RobertaModel were not initialized from the model checkpoint at roberta-base and are newly initialized: ['roberta.pooler.dense.bias', 'roberta.pooler.dense.weight']
You should probably TRAIN this model on a down-stream task to be able to use it for predictions and inference.
[step 0001/150] method=baseline_avg loss=0.7559 train_acc=nan train_loss=nan val_acc=nan val_loss=nan best=-1.0000
[step 0010/150] method=baseline_avg loss=0.6851 train_acc=nan train_loss=nan val_acc=nan val_loss=nan best=-1.0000
[step 0020/150] method=baseline_avg loss=0.6964 train_acc=nan train_loss=nan val_acc=nan val_loss=nan best=-1.0000
[step 0030/150] method=baseline_avg loss=0.6653 train_acc=nan train_loss=nan val_acc=nan val_loss=nan best=-1.0000
[step 0040/150] method=baseline_avg loss=0.6557 train_acc=nan train_loss=nan val_acc=nan val_loss=nan best=-1.0000
[step 0050/150] method=baseline_avg loss=0.6731 train_acc=0.6145 train_loss=0.6702 val_acc=0.5704 val_loss=0.6802 router_H=0.6858 best=0.5704
           router_load=[0.3552655875682831, 0.03001720830798149, 0.05665771663188934, 0.558059573173523]
[step 0060/150] method=baseline_avg loss=0.6226 train_acc=0.6145 train_loss=0.6702 val_acc=0.5704 val_loss=0.6802 router_H=0.6858 best=0.5704
           router_load=[0.3552655875682831, 0.03001720830798149, 0.05665771663188934, 0.558059573173523]
[step 0070/150] method=baseline_avg loss=0.6829 train_acc=0.6145 train_loss=0.6702 val_acc=0.5704 val_loss=0.6802 router_H=0.6858 best=0.5704
           router_load=[0.3552655875682831, 0.03001720830798149, 0.05665771663188934, 0.558059573173523]
[step 0080/150] method=baseline_avg loss=0.5902 train_acc=0.6145 train_loss=0.6702 val_acc=0.5704 val_loss=0.6802 router_H=0.6858 best=0.5704
           router_load=[0.3552655875682831, 0.03001720830798149, 0.05665771663188934, 0.558059573173523]
[step 0090/150] method=baseline_avg loss=0.5146 train_acc=0.6145 train_loss=0.6702 val_acc=0.5704 val_loss=0.6802 router_H=0.6858 best=0.5704
           router_load=[0.3552655875682831, 0.03001720830798149, 0.05665771663188934, 0.558059573173523]
[step 0100/150] method=baseline_avg loss=0.6548 train_acc=0.6867 train_loss=0.6024 val_acc=0.6101 val_loss=0.6572 router_H=0.6833 best=0.6101
           router_load=[0.30240535736083984, 0.02961462363600731, 0.10505969822406769, 0.5629203915596008]
[step 0110/150] method=baseline_avg loss=0.5408 train_acc=0.6867 train_loss=0.6024 val_acc=0.6101 val_loss=0.6572 router_H=0.6833 best=0.6101
           router_load=[0.30240535736083984, 0.02961462363600731, 0.10505969822406769, 0.5629203915596008]
[step 0120/150] method=baseline_avg loss=0.6846 train_acc=0.6867 train_loss=0.6024 val_acc=0.6101 val_loss=0.6572 router_H=0.6833 best=0.6101
           router_load=[0.30240535736083984, 0.02961462363600731, 0.10505969822406769, 0.5629203915596008]
[step 0130/150] method=baseline_avg loss=0.6248 train_acc=0.6867 train_loss=0.6024 val_acc=0.6101 val_loss=0.6572 router_H=0.6833 best=0.6101
           router_load=[0.30240535736083984, 0.02961462363600731, 0.10505969822406769, 0.5629203915596008]
[step 0140/150] method=baseline_avg loss=0.6191 train_acc=0.6867 train_loss=0.6024 val_acc=0.6101 val_loss=0.6572 router_H=0.6833 best=0.6101
           router_load=[0.30240535736083984, 0.02961462363600731, 0.10505969822406769, 0.5629203915596008]
[step 0150/150] method=baseline_avg loss=0.5613 train_acc=0.6863 train_loss=0.5934 val_acc=0.6318 val_loss=0.6518 router_H=0.6833 best=0.6318
           router_load=[0.24179252982139587, 0.044719841331243515, 0.1492202877998352, 0.5642673373222351]
saved summary -> /home/zhujjing/MOE-grad-conflict-routing/runs/paper_suite/single_gpu/single_task/roberta_rte_lora_e4_k2/hpo/baseline/trial_runs/coord_02_train_weight_decay_013/baseline_s3.json
saved curve -> /home/zhujjing/MOE-grad-conflict-routing/runs/paper_suite/single_gpu/single_task/roberta_rte_lora_e4_k2/hpo/baseline/trial_runs/coord_02_train_weight_decay_013/baseline_s3_curve.csv
