[run] method=baseline candidate=coord_02_train_weight_decay_019 seed=2 steps=150 gpu=0
[run] cmd=
/home/zhujjing/anaconda3/envs/moe/bin/python /home/zhujjing/MOE-grad-conflict-routing/scripts/run.py --config configs/singletask_rte_real.yaml --set model.backbone_backend=hf --set model.hf_load_pretrained=true --set model.backbone=roberta --set model.hf_pretrained_name=roberta-base --set model.expert_type=lora --set model.routing_mode=topk --set model.num_experts=4 --set model.top_k=2 --set seed=2 --set method.name=baseline_avg --set train.steps=150 --set train.eval_every_steps=50 --set train.grad_clip=1 --set train.lr=1.302122972e-05 --set train.weight_decay=0.03290476974 --out /home/zhujjing/MOE-grad-conflict-routing/runs/paper_suite/single_gpu/single_task/roberta_rte_lora_e4_k2/hpo/baseline/trial_runs/coord_02_train_weight_decay_019/baseline_s2.json --curve_out /home/zhujjing/MOE-grad-conflict-routing/runs/paper_suite/single_gpu/single_task/roberta_rte_lora_e4_k2/hpo/baseline/trial_runs/coord_02_train_weight_decay_019/baseline_s2_curve.csv
Using the latest cached version of the dataset since glue couldn't be found on the Hugging Face Hub (offline mode is enabled).
Found the latest cached dataset configuration 'rte' at /home/zhujjing/hf_cache/datasets/glue/rte/0.0.0/bcdcba79d07bc864c1c254ccfcedcce55bcc9a8c (last modified on Thu Mar 19 15:00:36 2026).
/home/zhujjing/anaconda3/envs/moe/lib/python3.10/site-packages/transformers/utils/hub.py:124: FutureWarning: Using `TRANSFORMERS_CACHE` is deprecated and will be removed in v5 of Transformers. Use `HF_HOME` instead.
  warnings.warn(
Some weights of RobertaModel were not initialized from the model checkpoint at roberta-base and are newly initialized: ['roberta.pooler.dense.bias', 'roberta.pooler.dense.weight']
You should probably TRAIN this model on a down-stream task to be able to use it for predictions and inference.
[step 0001/150] method=baseline_avg loss=0.6909 train_acc=nan train_loss=nan val_acc=nan val_loss=nan best=-1.0000
[step 0010/150] method=baseline_avg loss=0.8612 train_acc=nan train_loss=nan val_acc=nan val_loss=nan best=-1.0000
[step 0020/150] method=baseline_avg loss=0.6710 train_acc=nan train_loss=nan val_acc=nan val_loss=nan best=-1.0000
[step 0030/150] method=baseline_avg loss=0.7236 train_acc=nan train_loss=nan val_acc=nan val_loss=nan best=-1.0000
[step 0040/150] method=baseline_avg loss=0.7262 train_acc=nan train_loss=nan val_acc=nan val_loss=nan best=-1.0000
[step 0050/150] method=baseline_avg loss=0.5862 train_acc=0.5040 train_loss=0.6884 val_acc=0.5271 val_loss=0.6844 router_H=0.6899 best=0.5271
           router_load=[0.0, 0.536314845085144, 0.46368518471717834, 0.0]
[step 0060/150] method=baseline_avg loss=0.6505 train_acc=0.5040 train_loss=0.6884 val_acc=0.5271 val_loss=0.6844 router_H=0.6899 best=0.5271
           router_load=[0.0, 0.536314845085144, 0.46368518471717834, 0.0]
[step 0070/150] method=baseline_avg loss=0.6899 train_acc=0.5040 train_loss=0.6884 val_acc=0.5271 val_loss=0.6844 router_H=0.6899 best=0.5271
           router_load=[0.0, 0.536314845085144, 0.46368518471717834, 0.0]
[step 0080/150] method=baseline_avg loss=0.6666 train_acc=0.5040 train_loss=0.6884 val_acc=0.5271 val_loss=0.6844 router_H=0.6899 best=0.5271
           router_load=[0.0, 0.536314845085144, 0.46368518471717834, 0.0]
[step 0090/150] method=baseline_avg loss=0.7736 train_acc=0.5040 train_loss=0.6884 val_acc=0.5271 val_loss=0.6844 router_H=0.6899 best=0.5271
           router_load=[0.0, 0.536314845085144, 0.46368518471717834, 0.0]
[step 0100/150] method=baseline_avg loss=0.6721 train_acc=0.6149 train_loss=0.6519 val_acc=0.5740 val_loss=0.6736 router_H=0.6884 best=0.5740
           router_load=[0.0, 0.5451629161834717, 0.4533017873764038, 0.0015353037742897868]
[step 0110/150] method=baseline_avg loss=0.6310 train_acc=0.6149 train_loss=0.6519 val_acc=0.5740 val_loss=0.6736 router_H=0.6884 best=0.5740
           router_load=[0.0, 0.5451629161834717, 0.4533017873764038, 0.0015353037742897868]
[step 0120/150] method=baseline_avg loss=0.6072 train_acc=0.6149 train_loss=0.6519 val_acc=0.5740 val_loss=0.6736 router_H=0.6884 best=0.5740
           router_load=[0.0, 0.5451629161834717, 0.4533017873764038, 0.0015353037742897868]
[step 0130/150] method=baseline_avg loss=0.6433 train_acc=0.6149 train_loss=0.6519 val_acc=0.5740 val_loss=0.6736 router_H=0.6884 best=0.5740
           router_load=[0.0, 0.5451629161834717, 0.4533017873764038, 0.0015353037742897868]
[step 0140/150] method=baseline_avg loss=0.5967 train_acc=0.6149 train_loss=0.6519 val_acc=0.5740 val_loss=0.6736 router_H=0.6884 best=0.5740
           router_load=[0.0, 0.5451629161834717, 0.4533017873764038, 0.0015353037742897868]
[step 0150/150] method=baseline_avg loss=0.6532 train_acc=0.6807 train_loss=0.6242 val_acc=0.6462 val_loss=0.6392 router_H=0.6892 best=0.6462
           router_load=[0.0, 0.5409964919090271, 0.4558617174625397, 0.003141719615086913]
saved summary -> /home/zhujjing/MOE-grad-conflict-routing/runs/paper_suite/single_gpu/single_task/roberta_rte_lora_e4_k2/hpo/baseline/trial_runs/coord_02_train_weight_decay_019/baseline_s2.json
saved curve -> /home/zhujjing/MOE-grad-conflict-routing/runs/paper_suite/single_gpu/single_task/roberta_rte_lora_e4_k2/hpo/baseline/trial_runs/coord_02_train_weight_decay_019/baseline_s2_curve.csv
