[run] method=ours candidate=local_var_topk_005 seed=3 steps=150 gpu=0
[run] cmd=
/home/zhujjing/anaconda3/envs/moe/bin/python /home/zhujjing/MOE-grad-conflict-routing/scripts/run.py --config configs/singletask_mrpc_real.yaml --set model.backbone_backend=hf --set model.hf_load_pretrained=true --set model.backbone=roberta --set model.hf_pretrained_name=roberta-base --set model.expert_type=lora --set model.routing_mode=topk --set model.num_experts=4 --set model.top_k=2 --set seed=3 --set method.name=ours --set train.steps=150 --set train.eval_every_steps=50 --set method.ours.use_load_norm=true --set method.ours.lambda_align=0.005047737318 --set train.grad_clip=0.5039649002 --set train.lr=1.3263845e-05 --set train.weight_decay=0.05 --out /home/zhujjing/MOE-grad-conflict-routing/runs/paper_suite/single_gpu/single_task/roberta_mrpc_lora_e4_k2/hpo/ours/trial_runs/local_var_topk_005/ours_s3.json --curve_out /home/zhujjing/MOE-grad-conflict-routing/runs/paper_suite/single_gpu/single_task/roberta_mrpc_lora_e4_k2/hpo/ours/trial_runs/local_var_topk_005/ours_s3_curve.csv
Using the latest cached version of the dataset since glue couldn't be found on the Hugging Face Hub (offline mode is enabled).
Found the latest cached dataset configuration 'mrpc' at /home/zhujjing/hf_cache/datasets/glue/mrpc/0.0.0/bcdcba79d07bc864c1c254ccfcedcce55bcc9a8c (last modified on Thu Mar 19 15:01:06 2026).
/home/zhujjing/anaconda3/envs/moe/lib/python3.10/site-packages/transformers/utils/hub.py:124: FutureWarning: Using `TRANSFORMERS_CACHE` is deprecated and will be removed in v5 of Transformers. Use `HF_HOME` instead.
  warnings.warn(
Some weights of RobertaModel were not initialized from the model checkpoint at roberta-base and are newly initialized: ['roberta.pooler.dense.bias', 'roberta.pooler.dense.weight']
You should probably TRAIN this model on a down-stream task to be able to use it for predictions and inference.
[step 0001/150] method=ours loss=0.6611 train_acc=nan train_loss=nan val_acc=nan val_loss=nan best=-1.0000
[step 0010/150] method=ours loss=0.6799 train_acc=nan train_loss=nan val_acc=nan val_loss=nan best=-1.0000
[step 0020/150] method=ours loss=0.6446 train_acc=nan train_loss=nan val_acc=nan val_loss=nan best=-1.0000
[step 0030/150] method=ours loss=0.5614 train_acc=nan train_loss=nan val_acc=nan val_loss=nan best=-1.0000
[step 0040/150] method=ours loss=0.7293 train_acc=nan train_loss=nan val_acc=nan val_loss=nan best=-1.0000
[step 0050/150] method=ours loss=0.6086 train_acc=0.7181 train_loss=0.5334 val_acc=0.7108 val_loss=0.5284 router_H=0.6895 best=0.7108
           router_load=[0.36031797528266907, 0.019848722964525223, 0.5299517512321472, 0.08988148719072342]
[step 0060/150] method=ours loss=0.5979 train_acc=0.7181 train_loss=0.5334 val_acc=0.7108 val_loss=0.5284 router_H=0.6895 best=0.7108
           router_load=[0.36031797528266907, 0.019848722964525223, 0.5299517512321472, 0.08988148719072342]
[step 0070/150] method=ours loss=0.4412 train_acc=0.7181 train_loss=0.5334 val_acc=0.7108 val_loss=0.5284 router_H=0.6895 best=0.7108
           router_load=[0.36031797528266907, 0.019848722964525223, 0.5299517512321472, 0.08988148719072342]
[step 0080/150] method=ours loss=0.6088 train_acc=0.7181 train_loss=0.5334 val_acc=0.7108 val_loss=0.5284 router_H=0.6895 best=0.7108
           router_load=[0.36031797528266907, 0.019848722964525223, 0.5299517512321472, 0.08988148719072342]
[step 0090/150] method=ours loss=0.6613 train_acc=0.7181 train_loss=0.5334 val_acc=0.7108 val_loss=0.5284 router_H=0.6895 best=0.7108
           router_load=[0.36031797528266907, 0.019848722964525223, 0.5299517512321472, 0.08988148719072342]
[step 0100/150] method=ours loss=0.5339 train_acc=0.8179 train_loss=0.4153 val_acc=0.7892 val_loss=0.4310 router_H=0.6853 best=0.7892
           router_load=[0.11441805958747864, 0.006816238630563021, 0.5540098547935486, 0.324755996465683]
[step 0110/150] method=ours loss=0.2939 train_acc=0.8179 train_loss=0.4153 val_acc=0.7892 val_loss=0.4310 router_H=0.6853 best=0.7892
           router_load=[0.11441805958747864, 0.006816238630563021, 0.5540098547935486, 0.324755996465683]
[step 0120/150] method=ours loss=0.2402 train_acc=0.8179 train_loss=0.4153 val_acc=0.7892 val_loss=0.4310 router_H=0.6853 best=0.7892
           router_load=[0.11441805958747864, 0.006816238630563021, 0.5540098547935486, 0.324755996465683]
[step 0130/150] method=ours loss=0.3137 train_acc=0.8179 train_loss=0.4153 val_acc=0.7892 val_loss=0.4310 router_H=0.6853 best=0.7892
           router_load=[0.11441805958747864, 0.006816238630563021, 0.5540098547935486, 0.324755996465683]
[step 0140/150] method=ours loss=0.4911 train_acc=0.8179 train_loss=0.4153 val_acc=0.7892 val_loss=0.4310 router_H=0.6853 best=0.7892
           router_load=[0.11441805958747864, 0.006816238630563021, 0.5540098547935486, 0.324755996465683]
[step 0150/150] method=ours loss=0.3356 train_acc=0.8509 train_loss=0.3432 val_acc=0.8235 val_loss=0.3744 router_H=0.6896 best=0.8235
           router_load=[0.3276522755622864, 0.0010961471125483513, 0.47580310702323914, 0.19544853270053864]
saved summary -> /home/zhujjing/MOE-grad-conflict-routing/runs/paper_suite/single_gpu/single_task/roberta_mrpc_lora_e4_k2/hpo/ours/trial_runs/local_var_topk_005/ours_s3.json
saved curve -> /home/zhujjing/MOE-grad-conflict-routing/runs/paper_suite/single_gpu/single_task/roberta_mrpc_lora_e4_k2/hpo/ours/trial_runs/local_var_topk_005/ours_s3_curve.csv
