[run] method=ours candidate=local_var_topk_020 seed=3 steps=150 gpu=0
[run] cmd=
/home/zhujjing/anaconda3/envs/moe/bin/python /home/zhujjing/MOE-grad-conflict-routing/scripts/run.py --config configs/singletask_mrpc_real.yaml --set model.backbone_backend=hf --set model.hf_load_pretrained=true --set model.backbone=roberta --set model.hf_pretrained_name=roberta-base --set model.expert_type=lora --set model.routing_mode=topk --set model.num_experts=4 --set model.top_k=2 --set seed=3 --set method.name=ours --set train.steps=150 --set train.eval_every_steps=50 --set method.ours.use_load_norm=true --set method.ours.lambda_align=0.002523868659 --set train.grad_clip=0.5039649002 --set train.lr=5.3055381e-05 --set train.weight_decay=0.05 --out /home/zhujjing/MOE-grad-conflict-routing/runs/paper_suite/single_gpu/single_task/roberta_mrpc_lora_e4_k2/hpo/ours/trial_runs/local_var_topk_020/ours_s3.json --curve_out /home/zhujjing/MOE-grad-conflict-routing/runs/paper_suite/single_gpu/single_task/roberta_mrpc_lora_e4_k2/hpo/ours/trial_runs/local_var_topk_020/ours_s3_curve.csv
Using the latest cached version of the dataset since glue couldn't be found on the Hugging Face Hub (offline mode is enabled).
Found the latest cached dataset configuration 'mrpc' at /home/zhujjing/hf_cache/datasets/glue/mrpc/0.0.0/bcdcba79d07bc864c1c254ccfcedcce55bcc9a8c (last modified on Thu Mar 19 15:01:06 2026).
/home/zhujjing/anaconda3/envs/moe/lib/python3.10/site-packages/transformers/utils/hub.py:124: FutureWarning: Using `TRANSFORMERS_CACHE` is deprecated and will be removed in v5 of Transformers. Use `HF_HOME` instead.
  warnings.warn(
Some weights of RobertaModel were not initialized from the model checkpoint at roberta-base and are newly initialized: ['roberta.pooler.dense.bias', 'roberta.pooler.dense.weight']
You should probably TRAIN this model on a down-stream task to be able to use it for predictions and inference.
[step 0001/150] method=ours loss=0.7110 train_acc=nan train_loss=nan val_acc=nan val_loss=nan best=-1.0000
[step 0010/150] method=ours loss=0.7280 train_acc=nan train_loss=nan val_acc=nan val_loss=nan best=-1.0000
[step 0020/150] method=ours loss=0.6689 train_acc=nan train_loss=nan val_acc=nan val_loss=nan best=-1.0000
[step 0030/150] method=ours loss=0.5695 train_acc=nan train_loss=nan val_acc=nan val_loss=nan best=-1.0000
[step 0040/150] method=ours loss=0.5924 train_acc=nan train_loss=nan val_acc=nan val_loss=nan best=-1.0000
[step 0050/150] method=ours loss=0.4410 train_acc=0.7424 train_loss=0.5023 val_acc=0.7328 val_loss=0.4932 router_H=0.6833 best=0.7328
           router_load=[0.0, 0.16591548919677734, 0.26812905073165894, 0.5659555196762085]
[step 0060/150] method=ours loss=0.6311 train_acc=0.7424 train_loss=0.5023 val_acc=0.7328 val_loss=0.4932 router_H=0.6833 best=0.7328
           router_load=[0.0, 0.16591548919677734, 0.26812905073165894, 0.5659555196762085]
[step 0070/150] method=ours loss=0.4797 train_acc=0.7424 train_loss=0.5023 val_acc=0.7328 val_loss=0.4932 router_H=0.6833 best=0.7328
           router_load=[0.0, 0.16591548919677734, 0.26812905073165894, 0.5659555196762085]
[step 0080/150] method=ours loss=0.4830 train_acc=0.7424 train_loss=0.5023 val_acc=0.7328 val_loss=0.4932 router_H=0.6833 best=0.7328
           router_load=[0.0, 0.16591548919677734, 0.26812905073165894, 0.5659555196762085]
[step 0090/150] method=ours loss=0.7120 train_acc=0.7424 train_loss=0.5023 val_acc=0.7328 val_loss=0.4932 router_H=0.6833 best=0.7328
           router_load=[0.0, 0.16591548919677734, 0.26812905073165894, 0.5659555196762085]
[step 0100/150] method=ours loss=0.5452 train_acc=0.8149 train_loss=0.4812 val_acc=0.8015 val_loss=0.4862 router_H=0.6819 best=0.8015
           router_load=[0.0, 0.42303013801574707, 0.00479938043281436, 0.5721704959869385]
[step 0110/150] method=ours loss=0.5201 train_acc=0.8149 train_loss=0.4812 val_acc=0.8015 val_loss=0.4862 router_H=0.6819 best=0.8015
           router_load=[0.0, 0.42303013801574707, 0.00479938043281436, 0.5721704959869385]
[step 0120/150] method=ours loss=0.5504 train_acc=0.8149 train_loss=0.4812 val_acc=0.8015 val_loss=0.4862 router_H=0.6819 best=0.8015
           router_load=[0.0, 0.42303013801574707, 0.00479938043281436, 0.5721704959869385]
[step 0130/150] method=ours loss=0.6461 train_acc=0.8149 train_loss=0.4812 val_acc=0.8015 val_loss=0.4862 router_H=0.6819 best=0.8015
           router_load=[0.0, 0.42303013801574707, 0.00479938043281436, 0.5721704959869385]
[step 0140/150] method=ours loss=0.7426 train_acc=0.8149 train_loss=0.4812 val_acc=0.8015 val_loss=0.4862 router_H=0.6819 best=0.8015
           router_load=[0.0, 0.42303013801574707, 0.00479938043281436, 0.5721704959869385]
[step 0150/150] method=ours loss=0.5486 train_acc=0.8340 train_loss=0.4223 val_acc=0.8431 val_loss=0.4231 router_H=0.6892 best=0.8431
           router_load=[0.0, 0.4657001793384552, 0.0020645831245929003, 0.5322352051734924]
saved summary -> /home/zhujjing/MOE-grad-conflict-routing/runs/paper_suite/single_gpu/single_task/roberta_mrpc_lora_e4_k2/hpo/ours/trial_runs/local_var_topk_020/ours_s3.json
saved curve -> /home/zhujjing/MOE-grad-conflict-routing/runs/paper_suite/single_gpu/single_task/roberta_mrpc_lora_e4_k2/hpo/ours/trial_runs/local_var_topk_020/ours_s3_curve.csv
