[run] method=ours candidate=local_var_topk_019 seed=2 steps=150 gpu=0
[run] cmd=
/home/zhujjing/anaconda3/envs/moe/bin/python /home/zhujjing/MOE-grad-conflict-routing/scripts/run.py --config configs/singletask_mrpc_real.yaml --set model.backbone_backend=hf --set model.hf_load_pretrained=true --set model.backbone=roberta --set model.hf_pretrained_name=roberta-base --set model.expert_type=lora --set model.routing_mode=topk --set model.num_experts=4 --set model.top_k=2 --set seed=2 --set method.name=ours --set train.steps=150 --set train.eval_every_steps=50 --set method.ours.use_load_norm=true --set method.ours.lambda_align=0.002523868659 --set train.grad_clip=0.5039649002 --set train.lr=5.3055381e-05 --set train.weight_decay=0.04145867636 --out /home/zhujjing/MOE-grad-conflict-routing/runs/paper_suite/single_gpu/single_task/roberta_mrpc_lora_e4_k2/hpo/ours/trial_runs/local_var_topk_019/ours_s2.json --curve_out /home/zhujjing/MOE-grad-conflict-routing/runs/paper_suite/single_gpu/single_task/roberta_mrpc_lora_e4_k2/hpo/ours/trial_runs/local_var_topk_019/ours_s2_curve.csv
Using the latest cached version of the dataset since glue couldn't be found on the Hugging Face Hub (offline mode is enabled).
Found the latest cached dataset configuration 'mrpc' at /home/zhujjing/hf_cache/datasets/glue/mrpc/0.0.0/bcdcba79d07bc864c1c254ccfcedcce55bcc9a8c (last modified on Thu Mar 19 15:01:06 2026).
/home/zhujjing/anaconda3/envs/moe/lib/python3.10/site-packages/transformers/utils/hub.py:124: FutureWarning: Using `TRANSFORMERS_CACHE` is deprecated and will be removed in v5 of Transformers. Use `HF_HOME` instead.
  warnings.warn(
Some weights of RobertaModel were not initialized from the model checkpoint at roberta-base and are newly initialized: ['roberta.pooler.dense.bias', 'roberta.pooler.dense.weight']
You should probably TRAIN this model on a down-stream task to be able to use it for predictions and inference.
[step 0001/150] method=ours loss=0.7153 train_acc=nan train_loss=nan val_acc=nan val_loss=nan best=-1.0000
[step 0010/150] method=ours loss=0.8334 train_acc=nan train_loss=nan val_acc=nan val_loss=nan best=-1.0000
[step 0020/150] method=ours loss=0.6474 train_acc=nan train_loss=nan val_acc=nan val_loss=nan best=-1.0000
[step 0030/150] method=ours loss=0.5677 train_acc=nan train_loss=nan val_acc=nan val_loss=nan best=-1.0000
[step 0040/150] method=ours loss=0.5499 train_acc=nan train_loss=nan val_acc=nan val_loss=nan best=-1.0000
[step 0050/150] method=ours loss=0.4891 train_acc=0.7585 train_loss=0.5149 val_acc=0.7525 val_loss=0.5158 router_H=0.6909 best=0.7525
           router_load=[0.37364596128463745, 0.4895823299884796, 0.05360781028866768, 0.08316385746002197]
[step 0060/150] method=ours loss=0.6527 train_acc=0.7585 train_loss=0.5149 val_acc=0.7525 val_loss=0.5158 router_H=0.6909 best=0.7525
           router_load=[0.37364596128463745, 0.4895823299884796, 0.05360781028866768, 0.08316385746002197]
[step 0070/150] method=ours loss=0.4054 train_acc=0.7585 train_loss=0.5149 val_acc=0.7525 val_loss=0.5158 router_H=0.6909 best=0.7525
           router_load=[0.37364596128463745, 0.4895823299884796, 0.05360781028866768, 0.08316385746002197]
[step 0080/150] method=ours loss=0.5057 train_acc=0.7585 train_loss=0.5149 val_acc=0.7525 val_loss=0.5158 router_H=0.6909 best=0.7525
           router_load=[0.37364596128463745, 0.4895823299884796, 0.05360781028866768, 0.08316385746002197]
[step 0090/150] method=ours loss=0.4108 train_acc=0.7585 train_loss=0.5149 val_acc=0.7525 val_loss=0.5158 router_H=0.6909 best=0.7525
           router_load=[0.37364596128463745, 0.4895823299884796, 0.05360781028866768, 0.08316385746002197]
[step 0100/150] method=ours loss=0.4355 train_acc=0.8184 train_loss=0.4250 val_acc=0.8186 val_loss=0.4414 router_H=0.6920 best=0.8186
           router_load=[0.19260478019714355, 0.48469871282577515, 0.060974061489105225, 0.2617224454879761]
[step 0110/150] method=ours loss=0.6202 train_acc=0.8184 train_loss=0.4250 val_acc=0.8186 val_loss=0.4414 router_H=0.6920 best=0.8186
           router_load=[0.19260478019714355, 0.48469871282577515, 0.060974061489105225, 0.2617224454879761]
[step 0120/150] method=ours loss=0.1146 train_acc=0.8184 train_loss=0.4250 val_acc=0.8186 val_loss=0.4414 router_H=0.6920 best=0.8186
           router_load=[0.19260478019714355, 0.48469871282577515, 0.060974061489105225, 0.2617224454879761]
[step 0130/150] method=ours loss=0.4954 train_acc=0.8184 train_loss=0.4250 val_acc=0.8186 val_loss=0.4414 router_H=0.6920 best=0.8186
           router_load=[0.19260478019714355, 0.48469871282577515, 0.060974061489105225, 0.2617224454879761]
[step 0140/150] method=ours loss=0.5089 train_acc=0.8184 train_loss=0.4250 val_acc=0.8186 val_loss=0.4414 router_H=0.6920 best=0.8186
           router_load=[0.19260478019714355, 0.48469871282577515, 0.060974061489105225, 0.2617224454879761]
[step 0150/150] method=ours loss=0.9298 train_acc=0.8037 train_loss=0.4692 val_acc=0.7990 val_loss=0.4834 router_H=0.6906 best=0.8186
           router_load=[0.11091108620166779, 0.22962072491645813, 0.24107910692691803, 0.4183889925479889]
saved summary -> /home/zhujjing/MOE-grad-conflict-routing/runs/paper_suite/single_gpu/single_task/roberta_mrpc_lora_e4_k2/hpo/ours/trial_runs/local_var_topk_019/ours_s2.json
saved curve -> /home/zhujjing/MOE-grad-conflict-routing/runs/paper_suite/single_gpu/single_task/roberta_mrpc_lora_e4_k2/hpo/ours/trial_runs/local_var_topk_019/ours_s2_curve.csv
