[run] method=ours candidate=local_var_topk_023 seed=3 steps=150 gpu=0
[run] cmd=
/home/zhujjing/anaconda3/envs/moe/bin/python /home/zhujjing/MOE-grad-conflict-routing/scripts/run.py --config configs/singletask_mrpc_real.yaml --set model.backbone_backend=hf --set model.hf_load_pretrained=true --set model.backbone=roberta --set model.hf_pretrained_name=roberta-base --set model.expert_type=lora --set model.routing_mode=topk --set model.num_experts=4 --set model.top_k=2 --set seed=3 --set method.name=ours --set train.steps=150 --set train.eval_every_steps=50 --set method.ours.use_load_norm=true --set method.ours.lambda_align=0.005047737318 --set train.grad_clip=0.5039649002 --set train.lr=5.3055381e-05 --set train.weight_decay=0.05 --out /home/zhujjing/MOE-grad-conflict-routing/runs/paper_suite/single_gpu/single_task/roberta_mrpc_lora_e4_k2/hpo/ours/trial_runs/local_var_topk_023/ours_s3.json --curve_out /home/zhujjing/MOE-grad-conflict-routing/runs/paper_suite/single_gpu/single_task/roberta_mrpc_lora_e4_k2/hpo/ours/trial_runs/local_var_topk_023/ours_s3_curve.csv
Using the latest cached version of the dataset since glue couldn't be found on the Hugging Face Hub (offline mode is enabled).
Found the latest cached dataset configuration 'mrpc' at /home/zhujjing/hf_cache/datasets/glue/mrpc/0.0.0/bcdcba79d07bc864c1c254ccfcedcce55bcc9a8c (last modified on Thu Mar 19 15:01:06 2026).
/home/zhujjing/anaconda3/envs/moe/lib/python3.10/site-packages/transformers/utils/hub.py:124: FutureWarning: Using `TRANSFORMERS_CACHE` is deprecated and will be removed in v5 of Transformers. Use `HF_HOME` instead.
  warnings.warn(
Some weights of RobertaModel were not initialized from the model checkpoint at roberta-base and are newly initialized: ['roberta.pooler.dense.bias', 'roberta.pooler.dense.weight']
You should probably TRAIN this model on a down-stream task to be able to use it for predictions and inference.
[step 0001/150] method=ours loss=0.7195 train_acc=nan train_loss=nan val_acc=nan val_loss=nan best=-1.0000
[step 0010/150] method=ours loss=0.7567 train_acc=nan train_loss=nan val_acc=nan val_loss=nan best=-1.0000
[step 0020/150] method=ours loss=0.6398 train_acc=nan train_loss=nan val_acc=nan val_loss=nan best=-1.0000
[step 0030/150] method=ours loss=0.5109 train_acc=nan train_loss=nan val_acc=nan val_loss=nan best=-1.0000
[step 0040/150] method=ours loss=0.5820 train_acc=nan train_loss=nan val_acc=nan val_loss=nan best=-1.0000
[step 0050/150] method=ours loss=0.3983 train_acc=0.7947 train_loss=0.4509 val_acc=0.7794 val_loss=0.4530 router_H=0.6823 best=0.7794
           router_load=[0.06981289386749268, 0.0012288223952054977, 0.3680814802646637, 0.5608767867088318]
[step 0060/150] method=ours loss=0.6947 train_acc=0.7947 train_loss=0.4509 val_acc=0.7794 val_loss=0.4530 router_H=0.6823 best=0.7794
           router_load=[0.06981289386749268, 0.0012288223952054977, 0.3680814802646637, 0.5608767867088318]
[step 0070/150] method=ours loss=0.3170 train_acc=0.7947 train_loss=0.4509 val_acc=0.7794 val_loss=0.4530 router_H=0.6823 best=0.7794
           router_load=[0.06981289386749268, 0.0012288223952054977, 0.3680814802646637, 0.5608767867088318]
[step 0080/150] method=ours loss=0.5807 train_acc=0.7947 train_loss=0.4509 val_acc=0.7794 val_loss=0.4530 router_H=0.6823 best=0.7794
           router_load=[0.06981289386749268, 0.0012288223952054977, 0.3680814802646637, 0.5608767867088318]
[step 0090/150] method=ours loss=0.5263 train_acc=0.7947 train_loss=0.4509 val_acc=0.7794 val_loss=0.4530 router_H=0.6823 best=0.7794
           router_load=[0.06981289386749268, 0.0012288223952054977, 0.3680814802646637, 0.5608767867088318]
[step 0100/150] method=ours loss=0.5275 train_acc=0.8097 train_loss=0.4595 val_acc=0.8039 val_loss=0.4622 router_H=0.6912 best=0.8039
           router_load=[0.0, 0.030519522726535797, 0.44740065932273865, 0.5220798254013062]
[step 0110/150] method=ours loss=0.3880 train_acc=0.8097 train_loss=0.4595 val_acc=0.8039 val_loss=0.4622 router_H=0.6912 best=0.8039
           router_load=[0.0, 0.030519522726535797, 0.44740065932273865, 0.5220798254013062]
[step 0120/150] method=ours loss=0.4292 train_acc=0.8097 train_loss=0.4595 val_acc=0.8039 val_loss=0.4622 router_H=0.6912 best=0.8039
           router_load=[0.0, 0.030519522726535797, 0.44740065932273865, 0.5220798254013062]
[step 0130/150] method=ours loss=0.4599 train_acc=0.8097 train_loss=0.4595 val_acc=0.8039 val_loss=0.4622 router_H=0.6912 best=0.8039
           router_load=[0.0, 0.030519522726535797, 0.44740065932273865, 0.5220798254013062]
[step 0140/150] method=ours loss=0.5455 train_acc=0.8097 train_loss=0.4595 val_acc=0.8039 val_loss=0.4622 router_H=0.6912 best=0.8039
           router_load=[0.0, 0.030519522726535797, 0.44740065932273865, 0.5220798254013062]
[step 0150/150] method=ours loss=0.4812 train_acc=0.8498 train_loss=0.3674 val_acc=0.8480 val_loss=0.3928 router_H=0.6921 best=0.8480
           router_load=[0.04924354702234268, 0.0255914106965065, 0.48785218596458435, 0.4373128414154053]
saved summary -> /home/zhujjing/MOE-grad-conflict-routing/runs/paper_suite/single_gpu/single_task/roberta_mrpc_lora_e4_k2/hpo/ours/trial_runs/local_var_topk_023/ours_s3.json
saved curve -> /home/zhujjing/MOE-grad-conflict-routing/runs/paper_suite/single_gpu/single_task/roberta_mrpc_lora_e4_k2/hpo/ours/trial_runs/local_var_topk_023/ours_s3_curve.csv
