[run] method=ours candidate=local_var_topk_014 seed=3 steps=150 gpu=0
[run] cmd=
/home/zhujjing/anaconda3/envs/moe/bin/python /home/zhujjing/MOE-grad-conflict-routing/scripts/run.py --config configs/singletask_mrpc_real.yaml --set model.backbone_backend=hf --set model.hf_load_pretrained=true --set model.backbone=roberta --set model.hf_pretrained_name=roberta-base --set model.expert_type=lora --set model.routing_mode=topk --set model.num_experts=4 --set model.top_k=2 --set seed=3 --set method.name=ours --set train.steps=150 --set train.eval_every_steps=50 --set method.ours.use_load_norm=true --set method.ours.lambda_align=0.005047737318 --set train.grad_clip=0.5039649002 --set train.lr=2.6527691e-05 --set train.weight_decay=0.05 --out /home/zhujjing/MOE-grad-conflict-routing/runs/paper_suite/single_gpu/single_task/roberta_mrpc_lora_e4_k2/hpo/ours/trial_runs/local_var_topk_014/ours_s3.json --curve_out /home/zhujjing/MOE-grad-conflict-routing/runs/paper_suite/single_gpu/single_task/roberta_mrpc_lora_e4_k2/hpo/ours/trial_runs/local_var_topk_014/ours_s3_curve.csv
Using the latest cached version of the dataset since glue couldn't be found on the Hugging Face Hub (offline mode is enabled).
Found the latest cached dataset configuration 'mrpc' at /home/zhujjing/hf_cache/datasets/glue/mrpc/0.0.0/bcdcba79d07bc864c1c254ccfcedcce55bcc9a8c (last modified on Thu Mar 19 15:01:06 2026).
/home/zhujjing/anaconda3/envs/moe/lib/python3.10/site-packages/transformers/utils/hub.py:124: FutureWarning: Using `TRANSFORMERS_CACHE` is deprecated and will be removed in v5 of Transformers. Use `HF_HOME` instead.
  warnings.warn(
Some weights of RobertaModel were not initialized from the model checkpoint at roberta-base and are newly initialized: ['roberta.pooler.dense.bias', 'roberta.pooler.dense.weight']
You should probably TRAIN this model on a down-stream task to be able to use it for predictions and inference.
[step 0001/150] method=ours loss=0.7320 train_acc=nan train_loss=nan val_acc=nan val_loss=nan best=-1.0000
[step 0010/150] method=ours loss=0.7864 train_acc=nan train_loss=nan val_acc=nan val_loss=nan best=-1.0000
[step 0020/150] method=ours loss=0.6363 train_acc=nan train_loss=nan val_acc=nan val_loss=nan best=-1.0000
[step 0030/150] method=ours loss=0.5515 train_acc=nan train_loss=nan val_acc=nan val_loss=nan best=-1.0000
[step 0040/150] method=ours loss=0.5955 train_acc=nan train_loss=nan val_acc=nan val_loss=nan best=-1.0000
[step 0050/150] method=ours loss=0.4242 train_acc=0.7822 train_loss=0.4601 val_acc=0.7745 val_loss=0.4545 router_H=0.6890 best=0.7745
           router_load=[0.02500559762120247, 0.3483777642250061, 0.5054207444190979, 0.12119594216346741]
[step 0060/150] method=ours loss=0.4092 train_acc=0.7822 train_loss=0.4601 val_acc=0.7745 val_loss=0.4545 router_H=0.6890 best=0.7745
           router_load=[0.02500559762120247, 0.3483777642250061, 0.5054207444190979, 0.12119594216346741]
[step 0070/150] method=ours loss=0.2635 train_acc=0.7822 train_loss=0.4601 val_acc=0.7745 val_loss=0.4545 router_H=0.6890 best=0.7745
           router_load=[0.02500559762120247, 0.3483777642250061, 0.5054207444190979, 0.12119594216346741]
[step 0080/150] method=ours loss=0.5265 train_acc=0.7822 train_loss=0.4601 val_acc=0.7745 val_loss=0.4545 router_H=0.6890 best=0.7745
           router_load=[0.02500559762120247, 0.3483777642250061, 0.5054207444190979, 0.12119594216346741]
[step 0090/150] method=ours loss=0.6099 train_acc=0.7822 train_loss=0.4601 val_acc=0.7745 val_loss=0.4545 router_H=0.6890 best=0.7745
           router_load=[0.02500559762120247, 0.3483777642250061, 0.5054207444190979, 0.12119594216346741]
[step 0100/150] method=ours loss=0.5832 train_acc=0.8348 train_loss=0.4047 val_acc=0.7941 val_loss=0.4148 router_H=0.6882 best=0.7941
           router_load=[0.057026300579309464, 0.3108527362346649, 0.5247204899787903, 0.10740040987730026]
[step 0110/150] method=ours loss=0.4512 train_acc=0.8348 train_loss=0.4047 val_acc=0.7941 val_loss=0.4148 router_H=0.6882 best=0.7941
           router_load=[0.057026300579309464, 0.3108527362346649, 0.5247204899787903, 0.10740040987730026]
[step 0120/150] method=ours loss=0.3124 train_acc=0.8348 train_loss=0.4047 val_acc=0.7941 val_loss=0.4148 router_H=0.6882 best=0.7941
           router_load=[0.057026300579309464, 0.3108527362346649, 0.5247204899787903, 0.10740040987730026]
[step 0130/150] method=ours loss=0.5023 train_acc=0.8348 train_loss=0.4047 val_acc=0.7941 val_loss=0.4148 router_H=0.6882 best=0.7941
           router_load=[0.057026300579309464, 0.3108527362346649, 0.5247204899787903, 0.10740040987730026]
[step 0140/150] method=ours loss=0.7267 train_acc=0.8348 train_loss=0.4047 val_acc=0.7941 val_loss=0.4148 router_H=0.6882 best=0.7941
           router_load=[0.057026300579309464, 0.3108527362346649, 0.5247204899787903, 0.10740040987730026]
[step 0150/150] method=ours loss=0.4954 train_acc=0.8391 train_loss=0.3647 val_acc=0.8358 val_loss=0.3728 router_H=0.6900 best=0.8358
           router_load=[0.0276695154607296, 0.16807930171489716, 0.5235691666603088, 0.28068193793296814]
saved summary -> /home/zhujjing/MOE-grad-conflict-routing/runs/paper_suite/single_gpu/single_task/roberta_mrpc_lora_e4_k2/hpo/ours/trial_runs/local_var_topk_014/ours_s3.json
saved curve -> /home/zhujjing/MOE-grad-conflict-routing/runs/paper_suite/single_gpu/single_task/roberta_mrpc_lora_e4_k2/hpo/ours/trial_runs/local_var_topk_014/ours_s3_curve.csv
