[run] method=ours candidate=local_var_topk_009 seed=2 steps=150 gpu=0
[run] cmd=
/home/zhujjing/anaconda3/envs/moe/bin/python /home/zhujjing/MOE-grad-conflict-routing/scripts/run.py --config configs/singletask_mrpc_real.yaml --set model.backbone_backend=hf --set model.hf_load_pretrained=true --set model.backbone=roberta --set model.hf_pretrained_name=roberta-base --set model.expert_type=lora --set model.routing_mode=topk --set model.num_experts=4 --set model.top_k=2 --set seed=2 --set method.name=ours --set train.steps=150 --set train.eval_every_steps=50 --set method.ours.use_load_norm=true --set method.ours.lambda_align=0.002523868659 --set train.grad_clip=0.5039649002 --set train.lr=2.6527691e-05 --set train.weight_decay=0.03145867636 --out /home/zhujjing/MOE-grad-conflict-routing/runs/paper_suite/single_gpu/single_task/roberta_mrpc_lora_e4_k2/hpo/ours/trial_runs/local_var_topk_009/ours_s2.json --curve_out /home/zhujjing/MOE-grad-conflict-routing/runs/paper_suite/single_gpu/single_task/roberta_mrpc_lora_e4_k2/hpo/ours/trial_runs/local_var_topk_009/ours_s2_curve.csv
Using the latest cached version of the dataset since glue couldn't be found on the Hugging Face Hub (offline mode is enabled).
Found the latest cached dataset configuration 'mrpc' at /home/zhujjing/hf_cache/datasets/glue/mrpc/0.0.0/bcdcba79d07bc864c1c254ccfcedcce55bcc9a8c (last modified on Thu Mar 19 15:01:06 2026).
/home/zhujjing/anaconda3/envs/moe/lib/python3.10/site-packages/transformers/utils/hub.py:124: FutureWarning: Using `TRANSFORMERS_CACHE` is deprecated and will be removed in v5 of Transformers. Use `HF_HOME` instead.
  warnings.warn(
Some weights of RobertaModel were not initialized from the model checkpoint at roberta-base and are newly initialized: ['roberta.pooler.dense.bias', 'roberta.pooler.dense.weight']
You should probably TRAIN this model on a down-stream task to be able to use it for predictions and inference.
[step 0001/150] method=ours loss=0.7870 train_acc=nan train_loss=nan val_acc=nan val_loss=nan best=-1.0000
[step 0010/150] method=ours loss=0.6786 train_acc=nan train_loss=nan val_acc=nan val_loss=nan best=-1.0000
[step 0020/150] method=ours loss=0.6048 train_acc=nan train_loss=nan val_acc=nan val_loss=nan best=-1.0000
[step 0030/150] method=ours loss=0.5610 train_acc=nan train_loss=nan val_acc=nan val_loss=nan best=-1.0000
[step 0040/150] method=ours loss=0.5352 train_acc=nan train_loss=nan val_acc=nan val_loss=nan best=-1.0000
[step 0050/150] method=ours loss=0.5002 train_acc=0.7383 train_loss=0.5356 val_acc=0.7255 val_loss=0.5320 router_H=0.6790 best=0.7255
           router_load=[0.022261720150709152, 0.23972035944461823, 0.583006739616394, 0.15501128137111664]
[step 0060/150] method=ours loss=0.6459 train_acc=0.7383 train_loss=0.5356 val_acc=0.7255 val_loss=0.5320 router_H=0.6790 best=0.7255
           router_load=[0.022261720150709152, 0.23972035944461823, 0.583006739616394, 0.15501128137111664]
[step 0070/150] method=ours loss=0.4271 train_acc=0.7383 train_loss=0.5356 val_acc=0.7255 val_loss=0.5320 router_H=0.6790 best=0.7255
           router_load=[0.022261720150709152, 0.23972035944461823, 0.583006739616394, 0.15501128137111664]
[step 0080/150] method=ours loss=0.4136 train_acc=0.7383 train_loss=0.5356 val_acc=0.7255 val_loss=0.5320 router_H=0.6790 best=0.7255
           router_load=[0.022261720150709152, 0.23972035944461823, 0.583006739616394, 0.15501128137111664]
[step 0090/150] method=ours loss=0.3586 train_acc=0.7383 train_loss=0.5356 val_acc=0.7255 val_loss=0.5320 router_H=0.6790 best=0.7255
           router_load=[0.022261720150709152, 0.23972035944461823, 0.583006739616394, 0.15501128137111664]
[step 0100/150] method=ours loss=0.5238 train_acc=0.8269 train_loss=0.4360 val_acc=0.8113 val_loss=0.4390 router_H=0.6853 best=0.8113
           router_load=[0.03394157811999321, 0.2357923984527588, 0.5593395233154297, 0.17092646658420563]
[step 0110/150] method=ours loss=0.6858 train_acc=0.8269 train_loss=0.4360 val_acc=0.8113 val_loss=0.4390 router_H=0.6853 best=0.8113
           router_load=[0.03394157811999321, 0.2357923984527588, 0.5593395233154297, 0.17092646658420563]
[step 0120/150] method=ours loss=0.3566 train_acc=0.8269 train_loss=0.4360 val_acc=0.8113 val_loss=0.4390 router_H=0.6853 best=0.8113
           router_load=[0.03394157811999321, 0.2357923984527588, 0.5593395233154297, 0.17092646658420563]
[step 0130/150] method=ours loss=0.6330 train_acc=0.8269 train_loss=0.4360 val_acc=0.8113 val_loss=0.4390 router_H=0.6853 best=0.8113
           router_load=[0.03394157811999321, 0.2357923984527588, 0.5593395233154297, 0.17092646658420563]
[step 0140/150] method=ours loss=0.4604 train_acc=0.8269 train_loss=0.4360 val_acc=0.8113 val_loss=0.4390 router_H=0.6853 best=0.8113
           router_load=[0.03394157811999321, 0.2357923984527588, 0.5593395233154297, 0.17092646658420563]
[step 0150/150] method=ours loss=0.7665 train_acc=0.8498 train_loss=0.3882 val_acc=0.8480 val_loss=0.4253 router_H=0.6879 best=0.8480
           router_load=[0.026516007259488106, 0.30801451206207275, 0.5443112254142761, 0.12115815281867981]
saved summary -> /home/zhujjing/MOE-grad-conflict-routing/runs/paper_suite/single_gpu/single_task/roberta_mrpc_lora_e4_k2/hpo/ours/trial_runs/local_var_topk_009/ours_s2.json
saved curve -> /home/zhujjing/MOE-grad-conflict-routing/runs/paper_suite/single_gpu/single_task/roberta_mrpc_lora_e4_k2/hpo/ours/trial_runs/local_var_topk_009/ours_s2_curve.csv
