[run] method=ours candidate=local_var_topk_005 seed=2 steps=150 gpu=0
[run] cmd=
/home/zhujjing/anaconda3/envs/moe/bin/python /home/zhujjing/MOE-grad-conflict-routing/scripts/run.py --config configs/singletask_mrpc_real.yaml --set model.backbone_backend=hf --set model.hf_load_pretrained=true --set model.backbone=roberta --set model.hf_pretrained_name=roberta-base --set model.expert_type=lora --set model.routing_mode=topk --set model.num_experts=4 --set model.top_k=2 --set seed=2 --set method.name=ours --set train.steps=150 --set train.eval_every_steps=50 --set method.ours.use_load_norm=true --set method.ours.lambda_align=0.005047737318 --set train.grad_clip=0.5039649002 --set train.lr=1.3263845e-05 --set train.weight_decay=0.05 --out /home/zhujjing/MOE-grad-conflict-routing/runs/paper_suite/single_gpu/single_task/roberta_mrpc_lora_e4_k2/hpo/ours/trial_runs/local_var_topk_005/ours_s2.json --curve_out /home/zhujjing/MOE-grad-conflict-routing/runs/paper_suite/single_gpu/single_task/roberta_mrpc_lora_e4_k2/hpo/ours/trial_runs/local_var_topk_005/ours_s2_curve.csv
Using the latest cached version of the dataset since glue couldn't be found on the Hugging Face Hub (offline mode is enabled).
Found the latest cached dataset configuration 'mrpc' at /home/zhujjing/hf_cache/datasets/glue/mrpc/0.0.0/bcdcba79d07bc864c1c254ccfcedcce55bcc9a8c (last modified on Thu Mar 19 15:01:06 2026).
/home/zhujjing/anaconda3/envs/moe/lib/python3.10/site-packages/transformers/utils/hub.py:124: FutureWarning: Using `TRANSFORMERS_CACHE` is deprecated and will be removed in v5 of Transformers. Use `HF_HOME` instead.
  warnings.warn(
Some weights of RobertaModel were not initialized from the model checkpoint at roberta-base and are newly initialized: ['roberta.pooler.dense.bias', 'roberta.pooler.dense.weight']
You should probably TRAIN this model on a down-stream task to be able to use it for predictions and inference.
[step 0001/150] method=ours loss=0.7198 train_acc=nan train_loss=nan val_acc=nan val_loss=nan best=-1.0000
[step 0010/150] method=ours loss=0.6405 train_acc=nan train_loss=nan val_acc=nan val_loss=nan best=-1.0000
[step 0020/150] method=ours loss=0.6925 train_acc=nan train_loss=nan val_acc=nan val_loss=nan best=-1.0000
[step 0030/150] method=ours loss=0.6549 train_acc=nan train_loss=nan val_acc=nan val_loss=nan best=-1.0000
[step 0040/150] method=ours loss=0.6186 train_acc=nan train_loss=nan val_acc=nan val_loss=nan best=-1.0000
[step 0050/150] method=ours loss=0.4766 train_acc=0.7124 train_loss=0.5434 val_acc=0.7132 val_loss=0.5401 router_H=0.6899 best=0.7132
           router_load=[0.5283196568489075, 0.291134774684906, 0.0, 0.1805455982685089]
[step 0060/150] method=ours loss=0.6400 train_acc=0.7124 train_loss=0.5434 val_acc=0.7132 val_loss=0.5401 router_H=0.6899 best=0.7132
           router_load=[0.5283196568489075, 0.291134774684906, 0.0, 0.1805455982685089]
[step 0070/150] method=ours loss=0.3911 train_acc=0.7124 train_loss=0.5434 val_acc=0.7132 val_loss=0.5401 router_H=0.6899 best=0.7132
           router_load=[0.5283196568489075, 0.291134774684906, 0.0, 0.1805455982685089]
[step 0080/150] method=ours loss=0.4642 train_acc=0.7124 train_loss=0.5434 val_acc=0.7132 val_loss=0.5401 router_H=0.6899 best=0.7132
           router_load=[0.5283196568489075, 0.291134774684906, 0.0, 0.1805455982685089]
[step 0090/150] method=ours loss=0.3971 train_acc=0.7124 train_loss=0.5434 val_acc=0.7132 val_loss=0.5401 router_H=0.6899 best=0.7132
           router_load=[0.5283196568489075, 0.291134774684906, 0.0, 0.1805455982685089]
[step 0100/150] method=ours loss=0.5406 train_acc=0.8171 train_loss=0.4107 val_acc=0.7917 val_loss=0.4132 router_H=0.6916 best=0.7917
           router_load=[0.3402150869369507, 0.1772361397743225, 0.0, 0.4825487732887268]
[step 0110/150] method=ours loss=0.6351 train_acc=0.8171 train_loss=0.4107 val_acc=0.7917 val_loss=0.4132 router_H=0.6916 best=0.7917
           router_load=[0.3402150869369507, 0.1772361397743225, 0.0, 0.4825487732887268]
[step 0120/150] method=ours loss=0.2863 train_acc=0.8171 train_loss=0.4107 val_acc=0.7917 val_loss=0.4132 router_H=0.6916 best=0.7917
           router_load=[0.3402150869369507, 0.1772361397743225, 0.0, 0.4825487732887268]
[step 0130/150] method=ours loss=0.5106 train_acc=0.8171 train_loss=0.4107 val_acc=0.7917 val_loss=0.4132 router_H=0.6916 best=0.7917
           router_load=[0.3402150869369507, 0.1772361397743225, 0.0, 0.4825487732887268]
[step 0140/150] method=ours loss=0.3962 train_acc=0.8171 train_loss=0.4107 val_acc=0.7917 val_loss=0.4132 router_H=0.6916 best=0.7917
           router_load=[0.3402150869369507, 0.1772361397743225, 0.0, 0.4825487732887268]
[step 0150/150] method=ours loss=0.6353 train_acc=0.8582 train_loss=0.3494 val_acc=0.8529 val_loss=0.3656 router_H=0.6853 best=0.8529
           router_load=[0.35329997539520264, 0.38493847846984863, 0.0, 0.26176148653030396]
saved summary -> /home/zhujjing/MOE-grad-conflict-routing/runs/paper_suite/single_gpu/single_task/roberta_mrpc_lora_e4_k2/hpo/ours/trial_runs/local_var_topk_005/ours_s2.json
saved curve -> /home/zhujjing/MOE-grad-conflict-routing/runs/paper_suite/single_gpu/single_task/roberta_mrpc_lora_e4_k2/hpo/ours/trial_runs/local_var_topk_005/ours_s2_curve.csv
