[run] method=ours candidate=local_var_topk_021 seed=3 steps=150 gpu=0
[run] cmd=
/home/zhujjing/anaconda3/envs/moe/bin/python /home/zhujjing/MOE-grad-conflict-routing/scripts/run.py --config configs/singletask_mrpc_real.yaml --set model.backbone_backend=hf --set model.hf_load_pretrained=true --set model.backbone=roberta --set model.hf_pretrained_name=roberta-base --set model.expert_type=lora --set model.routing_mode=topk --set model.num_experts=4 --set model.top_k=2 --set seed=3 --set method.name=ours --set train.steps=150 --set train.eval_every_steps=50 --set method.ours.use_load_norm=true --set method.ours.lambda_align=0.005047737318 --set train.grad_clip=0.5039649002 --set train.lr=5.3055381e-05 --set train.weight_decay=0.03145867636 --out /home/zhujjing/MOE-grad-conflict-routing/runs/paper_suite/single_gpu/single_task/roberta_mrpc_lora_e4_k2/hpo/ours/trial_runs/local_var_topk_021/ours_s3.json --curve_out /home/zhujjing/MOE-grad-conflict-routing/runs/paper_suite/single_gpu/single_task/roberta_mrpc_lora_e4_k2/hpo/ours/trial_runs/local_var_topk_021/ours_s3_curve.csv
Using the latest cached version of the dataset since glue couldn't be found on the Hugging Face Hub (offline mode is enabled).
Found the latest cached dataset configuration 'mrpc' at /home/zhujjing/hf_cache/datasets/glue/mrpc/0.0.0/bcdcba79d07bc864c1c254ccfcedcce55bcc9a8c (last modified on Thu Mar 19 15:01:06 2026).
/home/zhujjing/anaconda3/envs/moe/lib/python3.10/site-packages/transformers/utils/hub.py:124: FutureWarning: Using `TRANSFORMERS_CACHE` is deprecated and will be removed in v5 of Transformers. Use `HF_HOME` instead.
  warnings.warn(
Some weights of RobertaModel were not initialized from the model checkpoint at roberta-base and are newly initialized: ['roberta.pooler.dense.bias', 'roberta.pooler.dense.weight']
You should probably TRAIN this model on a down-stream task to be able to use it for predictions and inference.
[step 0001/150] method=ours loss=0.6758 train_acc=nan train_loss=nan val_acc=nan val_loss=nan best=-1.0000
[step 0010/150] method=ours loss=0.7608 train_acc=nan train_loss=nan val_acc=nan val_loss=nan best=-1.0000
[step 0020/150] method=ours loss=0.8491 train_acc=nan train_loss=nan val_acc=nan val_loss=nan best=-1.0000
[step 0030/150] method=ours loss=0.5645 train_acc=nan train_loss=nan val_acc=nan val_loss=nan best=-1.0000
[step 0040/150] method=ours loss=0.6025 train_acc=nan train_loss=nan val_acc=nan val_loss=nan best=-1.0000
[step 0050/150] method=ours loss=0.5317 train_acc=0.7887 train_loss=0.4580 val_acc=0.7990 val_loss=0.4500 router_H=0.6909 best=0.7990
           router_load=[0.05610961094498634, 0.0, 0.5222075581550598, 0.42168283462524414]
[step 0060/150] method=ours loss=0.5558 train_acc=0.7887 train_loss=0.4580 val_acc=0.7990 val_loss=0.4500 router_H=0.6909 best=0.7990
           router_load=[0.05610961094498634, 0.0, 0.5222075581550598, 0.42168283462524414]
[step 0070/150] method=ours loss=0.3668 train_acc=0.7887 train_loss=0.4580 val_acc=0.7990 val_loss=0.4500 router_H=0.6909 best=0.7990
           router_load=[0.05610961094498634, 0.0, 0.5222075581550598, 0.42168283462524414]
[step 0080/150] method=ours loss=0.4739 train_acc=0.7887 train_loss=0.4580 val_acc=0.7990 val_loss=0.4500 router_H=0.6909 best=0.7990
           router_load=[0.05610961094498634, 0.0, 0.5222075581550598, 0.42168283462524414]
[step 0090/150] method=ours loss=0.5235 train_acc=0.7887 train_loss=0.4580 val_acc=0.7990 val_loss=0.4500 router_H=0.6909 best=0.7990
           router_load=[0.05610961094498634, 0.0, 0.5222075581550598, 0.42168283462524414]
[step 0100/150] method=ours loss=0.5261 train_acc=0.8427 train_loss=0.3824 val_acc=0.8358 val_loss=0.3890 router_H=0.6785 best=0.8358
           router_load=[0.4415859580039978, 0.005392678081989288, 0.37896814942359924, 0.1740531027317047]
[step 0110/150] method=ours loss=0.4446 train_acc=0.8427 train_loss=0.3824 val_acc=0.8358 val_loss=0.3890 router_H=0.6785 best=0.8358
           router_load=[0.4415859580039978, 0.005392678081989288, 0.37896814942359924, 0.1740531027317047]
[step 0120/150] method=ours loss=0.5371 train_acc=0.8427 train_loss=0.3824 val_acc=0.8358 val_loss=0.3890 router_H=0.6785 best=0.8358
           router_load=[0.4415859580039978, 0.005392678081989288, 0.37896814942359924, 0.1740531027317047]
[step 0130/150] method=ours loss=0.3526 train_acc=0.8427 train_loss=0.3824 val_acc=0.8358 val_loss=0.3890 router_H=0.6785 best=0.8358
           router_load=[0.4415859580039978, 0.005392678081989288, 0.37896814942359924, 0.1740531027317047]
[step 0140/150] method=ours loss=0.4790 train_acc=0.8427 train_loss=0.3824 val_acc=0.8358 val_loss=0.3890 router_H=0.6785 best=0.8358
           router_load=[0.4415859580039978, 0.005392678081989288, 0.37896814942359924, 0.1740531027317047]
[step 0150/150] method=ours loss=0.6142 train_acc=0.7672 train_loss=0.5074 val_acc=0.7574 val_loss=0.5233 router_H=0.6929 best=0.8358
           router_load=[0.41728460788726807, 0.029307173565030098, 0.47245559096336365, 0.08095254749059677]
saved summary -> /home/zhujjing/MOE-grad-conflict-routing/runs/paper_suite/single_gpu/single_task/roberta_mrpc_lora_e4_k2/hpo/ours/trial_runs/local_var_topk_021/ours_s3.json
saved curve -> /home/zhujjing/MOE-grad-conflict-routing/runs/paper_suite/single_gpu/single_task/roberta_mrpc_lora_e4_k2/hpo/ours/trial_runs/local_var_topk_021/ours_s3_curve.csv
