[run] method=ours candidate=local_var_topk_013 seed=2 steps=150 gpu=0
[run] cmd=
/home/zhujjing/anaconda3/envs/moe/bin/python /home/zhujjing/MOE-grad-conflict-routing/scripts/run.py --config configs/singletask_mrpc_real.yaml --set model.backbone_backend=hf --set model.hf_load_pretrained=true --set model.backbone=roberta --set model.hf_pretrained_name=roberta-base --set model.expert_type=lora --set model.routing_mode=topk --set model.num_experts=4 --set model.top_k=2 --set seed=2 --set method.name=ours --set train.steps=150 --set train.eval_every_steps=50 --set method.ours.use_load_norm=true --set method.ours.lambda_align=0.005047737318 --set train.grad_clip=0.5039649002 --set train.lr=2.6527691e-05 --set train.weight_decay=0.04145867636 --out /home/zhujjing/MOE-grad-conflict-routing/runs/paper_suite/single_gpu/single_task/roberta_mrpc_lora_e4_k2/hpo/ours/trial_runs/local_var_topk_013/ours_s2.json --curve_out /home/zhujjing/MOE-grad-conflict-routing/runs/paper_suite/single_gpu/single_task/roberta_mrpc_lora_e4_k2/hpo/ours/trial_runs/local_var_topk_013/ours_s2_curve.csv
Using the latest cached version of the dataset since glue couldn't be found on the Hugging Face Hub (offline mode is enabled).
Found the latest cached dataset configuration 'mrpc' at /home/zhujjing/hf_cache/datasets/glue/mrpc/0.0.0/bcdcba79d07bc864c1c254ccfcedcce55bcc9a8c (last modified on Thu Mar 19 15:01:06 2026).
/home/zhujjing/anaconda3/envs/moe/lib/python3.10/site-packages/transformers/utils/hub.py:124: FutureWarning: Using `TRANSFORMERS_CACHE` is deprecated and will be removed in v5 of Transformers. Use `HF_HOME` instead.
  warnings.warn(
Some weights of RobertaModel were not initialized from the model checkpoint at roberta-base and are newly initialized: ['roberta.pooler.dense.bias', 'roberta.pooler.dense.weight']
You should probably TRAIN this model on a down-stream task to be able to use it for predictions and inference.
[step 0001/150] method=ours loss=0.8508 train_acc=nan train_loss=nan val_acc=nan val_loss=nan best=-1.0000
[step 0010/150] method=ours loss=0.6604 train_acc=nan train_loss=nan val_acc=nan val_loss=nan best=-1.0000
[step 0020/150] method=ours loss=0.6080 train_acc=nan train_loss=nan val_acc=nan val_loss=nan best=-1.0000
[step 0030/150] method=ours loss=0.6872 train_acc=nan train_loss=nan val_acc=nan val_loss=nan best=-1.0000
[step 0040/150] method=ours loss=0.5090 train_acc=nan train_loss=nan val_acc=nan val_loss=nan best=-1.0000
[step 0050/150] method=ours loss=0.5651 train_acc=0.7167 train_loss=0.5334 val_acc=0.7279 val_loss=0.5369 router_H=0.6577 best=0.7279
           router_load=[0.1323367804288864, 0.0, 0.6310689449310303, 0.2365942895412445]
[step 0060/150] method=ours loss=0.5660 train_acc=0.7167 train_loss=0.5334 val_acc=0.7279 val_loss=0.5369 router_H=0.6577 best=0.7279
           router_load=[0.1323367804288864, 0.0, 0.6310689449310303, 0.2365942895412445]
[step 0070/150] method=ours loss=0.3520 train_acc=0.7167 train_loss=0.5334 val_acc=0.7279 val_loss=0.5369 router_H=0.6577 best=0.7279
           router_load=[0.1323367804288864, 0.0, 0.6310689449310303, 0.2365942895412445]
[step 0080/150] method=ours loss=0.3817 train_acc=0.7167 train_loss=0.5334 val_acc=0.7279 val_loss=0.5369 router_H=0.6577 best=0.7279
           router_load=[0.1323367804288864, 0.0, 0.6310689449310303, 0.2365942895412445]
[step 0090/150] method=ours loss=0.3370 train_acc=0.7167 train_loss=0.5334 val_acc=0.7279 val_loss=0.5369 router_H=0.6577 best=0.7279
           router_load=[0.1323367804288864, 0.0, 0.6310689449310303, 0.2365942895412445]
[step 0100/150] method=ours loss=0.5870 train_acc=0.7909 train_loss=0.4229 val_acc=0.7745 val_loss=0.4305 router_H=0.6614 best=0.7745
           router_load=[0.3184230923652649, 0.0, 0.6244184970855713, 0.05715843290090561]
[step 0110/150] method=ours loss=0.7918 train_acc=0.7909 train_loss=0.4229 val_acc=0.7745 val_loss=0.4305 router_H=0.6614 best=0.7745
           router_load=[0.3184230923652649, 0.0, 0.6244184970855713, 0.05715843290090561]
[step 0120/150] method=ours loss=0.3004 train_acc=0.7909 train_loss=0.4229 val_acc=0.7745 val_loss=0.4305 router_H=0.6614 best=0.7745
           router_load=[0.3184230923652649, 0.0, 0.6244184970855713, 0.05715843290090561]
[step 0130/150] method=ours loss=0.6090 train_acc=0.7909 train_loss=0.4229 val_acc=0.7745 val_loss=0.4305 router_H=0.6614 best=0.7745
           router_load=[0.3184230923652649, 0.0, 0.6244184970855713, 0.05715843290090561]
[step 0140/150] method=ours loss=0.3114 train_acc=0.7909 train_loss=0.4229 val_acc=0.7745 val_loss=0.4305 router_H=0.6614 best=0.7745
           router_load=[0.3184230923652649, 0.0, 0.6244184970855713, 0.05715843290090561]
[step 0150/150] method=ours loss=0.9826 train_acc=0.8779 train_loss=0.3458 val_acc=0.8701 val_loss=0.3704 router_H=0.6719 best=0.8701
           router_load=[0.10959797352552414, 0.004602096974849701, 0.5934169888496399, 0.29238298535346985]
saved summary -> /home/zhujjing/MOE-grad-conflict-routing/runs/paper_suite/single_gpu/single_task/roberta_mrpc_lora_e4_k2/hpo/ours/trial_runs/local_var_topk_013/ours_s2.json
saved curve -> /home/zhujjing/MOE-grad-conflict-routing/runs/paper_suite/single_gpu/single_task/roberta_mrpc_lora_e4_k2/hpo/ours/trial_runs/local_var_topk_013/ours_s2_curve.csv
