[run] method=ours candidate=local_var_topk_003 seed=2 steps=150 gpu=0
[run] cmd=
/home/zhujjing/anaconda3/envs/moe/bin/python /home/zhujjing/MOE-grad-conflict-routing/scripts/run.py --config configs/singletask_mrpc_real.yaml --set model.backbone_backend=hf --set model.hf_load_pretrained=true --set model.backbone=roberta --set model.hf_pretrained_name=roberta-base --set model.expert_type=lora --set model.routing_mode=topk --set model.num_experts=4 --set model.top_k=2 --set seed=2 --set method.name=ours --set train.steps=150 --set train.eval_every_steps=50 --set method.ours.use_load_norm=true --set method.ours.lambda_align=0.005047737318 --set train.grad_clip=0.5039649002 --set train.lr=1.3263845e-05 --set train.weight_decay=0.03145867636 --out /home/zhujjing/MOE-grad-conflict-routing/runs/paper_suite/single_gpu/single_task/roberta_mrpc_lora_e4_k2/hpo/ours/trial_runs/local_var_topk_003/ours_s2.json --curve_out /home/zhujjing/MOE-grad-conflict-routing/runs/paper_suite/single_gpu/single_task/roberta_mrpc_lora_e4_k2/hpo/ours/trial_runs/local_var_topk_003/ours_s2_curve.csv
Using the latest cached version of the dataset since glue couldn't be found on the Hugging Face Hub (offline mode is enabled).
Found the latest cached dataset configuration 'mrpc' at /home/zhujjing/hf_cache/datasets/glue/mrpc/0.0.0/bcdcba79d07bc864c1c254ccfcedcce55bcc9a8c (last modified on Thu Mar 19 15:01:06 2026).
/home/zhujjing/anaconda3/envs/moe/lib/python3.10/site-packages/transformers/utils/hub.py:124: FutureWarning: Using `TRANSFORMERS_CACHE` is deprecated and will be removed in v5 of Transformers. Use `HF_HOME` instead.
  warnings.warn(
Some weights of RobertaModel were not initialized from the model checkpoint at roberta-base and are newly initialized: ['roberta.pooler.dense.bias', 'roberta.pooler.dense.weight']
You should probably TRAIN this model on a down-stream task to be able to use it for predictions and inference.
[step 0001/150] method=ours loss=0.7323 train_acc=nan train_loss=nan val_acc=nan val_loss=nan best=-1.0000
[step 0010/150] method=ours loss=0.6475 train_acc=nan train_loss=nan val_acc=nan val_loss=nan best=-1.0000
[step 0020/150] method=ours loss=0.6632 train_acc=nan train_loss=nan val_acc=nan val_loss=nan best=-1.0000
[step 0030/150] method=ours loss=0.7377 train_acc=nan train_loss=nan val_acc=nan val_loss=nan best=-1.0000
[step 0040/150] method=ours loss=0.5571 train_acc=nan train_loss=nan val_acc=nan val_loss=nan best=-1.0000
[step 0050/150] method=ours loss=0.4983 train_acc=0.7257 train_loss=0.5338 val_acc=0.7206 val_loss=0.5348 router_H=0.6857 best=0.7206
           router_load=[0.17483635246753693, 0.5560643672943115, 0.26909929513931274, 0.0]
[step 0060/150] method=ours loss=0.6184 train_acc=0.7257 train_loss=0.5338 val_acc=0.7206 val_loss=0.5348 router_H=0.6857 best=0.7206
           router_load=[0.17483635246753693, 0.5560643672943115, 0.26909929513931274, 0.0]
[step 0070/150] method=ours loss=0.4376 train_acc=0.7257 train_loss=0.5338 val_acc=0.7206 val_loss=0.5348 router_H=0.6857 best=0.7206
           router_load=[0.17483635246753693, 0.5560643672943115, 0.26909929513931274, 0.0]
[step 0080/150] method=ours loss=0.4288 train_acc=0.7257 train_loss=0.5338 val_acc=0.7206 val_loss=0.5348 router_H=0.6857 best=0.7206
           router_load=[0.17483635246753693, 0.5560643672943115, 0.26909929513931274, 0.0]
[step 0090/150] method=ours loss=0.4248 train_acc=0.7257 train_loss=0.5338 val_acc=0.7206 val_loss=0.5348 router_H=0.6857 best=0.7206
           router_load=[0.17483635246753693, 0.5560643672943115, 0.26909929513931274, 0.0]
[step 0100/150] method=ours loss=0.5348 train_acc=0.8083 train_loss=0.4726 val_acc=0.8088 val_loss=0.4721 router_H=0.6869 best=0.8088
           router_load=[0.09792789816856384, 0.5452650189399719, 0.356807142496109, 0.0]
[step 0110/150] method=ours loss=0.7097 train_acc=0.8083 train_loss=0.4726 val_acc=0.8088 val_loss=0.4721 router_H=0.6869 best=0.8088
           router_load=[0.09792789816856384, 0.5452650189399719, 0.356807142496109, 0.0]
[step 0120/150] method=ours loss=0.3152 train_acc=0.8083 train_loss=0.4726 val_acc=0.8088 val_loss=0.4721 router_H=0.6869 best=0.8088
           router_load=[0.09792789816856384, 0.5452650189399719, 0.356807142496109, 0.0]
[step 0130/150] method=ours loss=0.5302 train_acc=0.8083 train_loss=0.4726 val_acc=0.8088 val_loss=0.4721 router_H=0.6869 best=0.8088
           router_load=[0.09792789816856384, 0.5452650189399719, 0.356807142496109, 0.0]
[step 0140/150] method=ours loss=0.4363 train_acc=0.8083 train_loss=0.4726 val_acc=0.8088 val_loss=0.4721 router_H=0.6869 best=0.8088
           router_load=[0.09792789816856384, 0.5452650189399719, 0.356807142496109, 0.0]
[step 0150/150] method=ours loss=0.6323 train_acc=0.8642 train_loss=0.3328 val_acc=0.8578 val_loss=0.3456 router_H=0.6832 best=0.8578
           router_load=[0.25463518500328064, 0.5597731471061707, 0.1855916976928711, 0.0]
saved summary -> /home/zhujjing/MOE-grad-conflict-routing/runs/paper_suite/single_gpu/single_task/roberta_mrpc_lora_e4_k2/hpo/ours/trial_runs/local_var_topk_003/ours_s2.json
saved curve -> /home/zhujjing/MOE-grad-conflict-routing/runs/paper_suite/single_gpu/single_task/roberta_mrpc_lora_e4_k2/hpo/ours/trial_runs/local_var_topk_003/ours_s2_curve.csv
