[run] method=ours candidate=local_var_topk_006 seed=3 steps=150 gpu=0
[run] cmd=
/home/zhujjing/anaconda3/envs/moe/bin/python /home/zhujjing/MOE-grad-conflict-routing/scripts/run.py --config configs/singletask_mrpc_real.yaml --set model.backbone_backend=hf --set model.hf_load_pretrained=true --set model.backbone=roberta --set model.hf_pretrained_name=roberta-base --set model.expert_type=lora --set model.routing_mode=topk --set model.num_experts=4 --set model.top_k=2 --set seed=3 --set method.name=ours --set train.steps=150 --set train.eval_every_steps=50 --set method.ours.use_load_norm=true --set method.ours.lambda_align=0.01009547464 --set train.grad_clip=0.5039649002 --set train.lr=1.3263845e-05 --set train.weight_decay=0.03145867636 --out /home/zhujjing/MOE-grad-conflict-routing/runs/paper_suite/single_gpu/single_task/roberta_mrpc_lora_e4_k2/hpo/ours/trial_runs/local_var_topk_006/ours_s3.json --curve_out /home/zhujjing/MOE-grad-conflict-routing/runs/paper_suite/single_gpu/single_task/roberta_mrpc_lora_e4_k2/hpo/ours/trial_runs/local_var_topk_006/ours_s3_curve.csv
Using the latest cached version of the dataset since glue couldn't be found on the Hugging Face Hub (offline mode is enabled).
Found the latest cached dataset configuration 'mrpc' at /home/zhujjing/hf_cache/datasets/glue/mrpc/0.0.0/bcdcba79d07bc864c1c254ccfcedcce55bcc9a8c (last modified on Thu Mar 19 15:01:06 2026).
/home/zhujjing/anaconda3/envs/moe/lib/python3.10/site-packages/transformers/utils/hub.py:124: FutureWarning: Using `TRANSFORMERS_CACHE` is deprecated and will be removed in v5 of Transformers. Use `HF_HOME` instead.
  warnings.warn(
Some weights of RobertaModel were not initialized from the model checkpoint at roberta-base and are newly initialized: ['roberta.pooler.dense.bias', 'roberta.pooler.dense.weight']
You should probably TRAIN this model on a down-stream task to be able to use it for predictions and inference.
[step 0001/150] method=ours loss=0.6933 train_acc=nan train_loss=nan val_acc=nan val_loss=nan best=-1.0000
[step 0010/150] method=ours loss=0.7174 train_acc=nan train_loss=nan val_acc=nan val_loss=nan best=-1.0000
[step 0020/150] method=ours loss=0.6596 train_acc=nan train_loss=nan val_acc=nan val_loss=nan best=-1.0000
[step 0030/150] method=ours loss=0.5421 train_acc=nan train_loss=nan val_acc=nan val_loss=nan best=-1.0000
[step 0040/150] method=ours loss=0.6892 train_acc=nan train_loss=nan val_acc=nan val_loss=nan best=-1.0000
[step 0050/150] method=ours loss=0.5995 train_acc=0.7260 train_loss=0.5308 val_acc=0.7181 val_loss=0.5276 router_H=0.6922 best=0.7181
           router_load=[0.0, 0.5028594136238098, 0.0034574223682284355, 0.49368318915367126]
[step 0060/150] method=ours loss=0.5768 train_acc=0.7260 train_loss=0.5308 val_acc=0.7181 val_loss=0.5276 router_H=0.6922 best=0.7181
           router_load=[0.0, 0.5028594136238098, 0.0034574223682284355, 0.49368318915367126]
[step 0070/150] method=ours loss=0.3720 train_acc=0.7260 train_loss=0.5308 val_acc=0.7181 val_loss=0.5276 router_H=0.6922 best=0.7181
           router_load=[0.0, 0.5028594136238098, 0.0034574223682284355, 0.49368318915367126]
[step 0080/150] method=ours loss=0.5393 train_acc=0.7260 train_loss=0.5308 val_acc=0.7181 val_loss=0.5276 router_H=0.6922 best=0.7181
           router_load=[0.0, 0.5028594136238098, 0.0034574223682284355, 0.49368318915367126]
[step 0090/150] method=ours loss=0.6622 train_acc=0.7260 train_loss=0.5308 val_acc=0.7181 val_loss=0.5276 router_H=0.6922 best=0.7181
           router_load=[0.0, 0.5028594136238098, 0.0034574223682284355, 0.49368318915367126]
[step 0100/150] method=ours loss=0.5823 train_acc=0.8168 train_loss=0.4238 val_acc=0.8088 val_loss=0.4278 router_H=0.6894 best=0.8088
           router_load=[0.013597235083580017, 0.4737858772277832, 0.20152699947357178, 0.3110898733139038]
[step 0110/150] method=ours loss=0.3418 train_acc=0.8168 train_loss=0.4238 val_acc=0.8088 val_loss=0.4278 router_H=0.6894 best=0.8088
           router_load=[0.013597235083580017, 0.4737858772277832, 0.20152699947357178, 0.3110898733139038]
[step 0120/150] method=ours loss=0.2913 train_acc=0.8168 train_loss=0.4238 val_acc=0.8088 val_loss=0.4278 router_H=0.6894 best=0.8088
           router_load=[0.013597235083580017, 0.4737858772277832, 0.20152699947357178, 0.3110898733139038]
[step 0130/150] method=ours loss=0.2879 train_acc=0.8168 train_loss=0.4238 val_acc=0.8088 val_loss=0.4278 router_H=0.6894 best=0.8088
           router_load=[0.013597235083580017, 0.4737858772277832, 0.20152699947357178, 0.3110898733139038]
[step 0140/150] method=ours loss=0.4929 train_acc=0.8168 train_loss=0.4238 val_acc=0.8088 val_loss=0.4278 router_H=0.6894 best=0.8088
           router_load=[0.013597235083580017, 0.4737858772277832, 0.20152699947357178, 0.3110898733139038]
[step 0150/150] method=ours loss=0.3957 train_acc=0.8511 train_loss=0.3746 val_acc=0.8309 val_loss=0.4044 router_H=0.6910 best=0.8309
           router_load=[0.004375439137220383, 0.504257082939148, 0.3799731731414795, 0.11139421164989471]
saved summary -> /home/zhujjing/MOE-grad-conflict-routing/runs/paper_suite/single_gpu/single_task/roberta_mrpc_lora_e4_k2/hpo/ours/trial_runs/local_var_topk_006/ours_s3.json
saved curve -> /home/zhujjing/MOE-grad-conflict-routing/runs/paper_suite/single_gpu/single_task/roberta_mrpc_lora_e4_k2/hpo/ours/trial_runs/local_var_topk_006/ours_s3_curve.csv
