[run] method=baseline candidate=coord_03_train_grad_clip_023 seed=2 steps=150 gpu=0
[run] cmd=
/home/zhujjing/anaconda3/envs/moe/bin/python /home/zhujjing/MOE-grad-conflict-routing/scripts/run.py --config configs/singletask_mrpc_real.yaml --set model.backbone_backend=hf --set model.hf_load_pretrained=true --set model.backbone=roberta --set model.hf_pretrained_name=roberta-base --set model.expert_type=lora --set model.routing_mode=topk --set model.num_experts=4 --set model.top_k=2 --set seed=2 --set method.name=baseline_avg --set train.steps=150 --set train.eval_every_steps=50 --set train.grad_clip=1.371711877 --set train.lr=2e-05 --set train.weight_decay=0.03347846788 --out /home/zhujjing/MOE-grad-conflict-routing/runs/paper_suite/single_gpu/single_task/roberta_mrpc_lora_e4_k2/hpo/baseline/trial_runs/coord_03_train_grad_clip_023/baseline_s2.json --curve_out /home/zhujjing/MOE-grad-conflict-routing/runs/paper_suite/single_gpu/single_task/roberta_mrpc_lora_e4_k2/hpo/baseline/trial_runs/coord_03_train_grad_clip_023/baseline_s2_curve.csv
Using the latest cached version of the dataset since glue couldn't be found on the Hugging Face Hub (offline mode is enabled).
Found the latest cached dataset configuration 'mrpc' at /home/zhujjing/hf_cache/datasets/glue/mrpc/0.0.0/bcdcba79d07bc864c1c254ccfcedcce55bcc9a8c (last modified on Thu Mar 19 15:01:06 2026).
/home/zhujjing/anaconda3/envs/moe/lib/python3.10/site-packages/transformers/utils/hub.py:124: FutureWarning: Using `TRANSFORMERS_CACHE` is deprecated and will be removed in v5 of Transformers. Use `HF_HOME` instead.
  warnings.warn(
Some weights of RobertaModel were not initialized from the model checkpoint at roberta-base and are newly initialized: ['roberta.pooler.dense.bias', 'roberta.pooler.dense.weight']
You should probably TRAIN this model on a down-stream task to be able to use it for predictions and inference.
[step 0001/150] method=baseline_avg loss=0.6739 train_acc=nan train_loss=nan val_acc=nan val_loss=nan best=-1.0000
[step 0010/150] method=baseline_avg loss=0.7753 train_acc=nan train_loss=nan val_acc=nan val_loss=nan best=-1.0000
[step 0020/150] method=baseline_avg loss=0.6018 train_acc=nan train_loss=nan val_acc=nan val_loss=nan best=-1.0000
[step 0030/150] method=baseline_avg loss=0.7190 train_acc=nan train_loss=nan val_acc=nan val_loss=nan best=-1.0000
[step 0040/150] method=baseline_avg loss=0.5862 train_acc=nan train_loss=nan val_acc=nan val_loss=nan best=-1.0000
[step 0050/150] method=baseline_avg loss=0.4994 train_acc=0.7478 train_loss=0.5270 val_acc=0.7475 val_loss=0.5246 router_H=0.6921 best=0.7475
           router_load=[0.0, 0.5100848078727722, 0.07462076097726822, 0.41529425978660583]
[step 0060/150] method=baseline_avg loss=0.5900 train_acc=0.7478 train_loss=0.5270 val_acc=0.7475 val_loss=0.5246 router_H=0.6921 best=0.7475
           router_load=[0.0, 0.5100848078727722, 0.07462076097726822, 0.41529425978660583]
[step 0070/150] method=baseline_avg loss=0.4147 train_acc=0.7478 train_loss=0.5270 val_acc=0.7475 val_loss=0.5246 router_H=0.6921 best=0.7475
           router_load=[0.0, 0.5100848078727722, 0.07462076097726822, 0.41529425978660583]
[step 0080/150] method=baseline_avg loss=0.4454 train_acc=0.7478 train_loss=0.5270 val_acc=0.7475 val_loss=0.5246 router_H=0.6921 best=0.7475
           router_load=[0.0, 0.5100848078727722, 0.07462076097726822, 0.41529425978660583]
[step 0090/150] method=baseline_avg loss=0.3733 train_acc=0.7478 train_loss=0.5270 val_acc=0.7475 val_loss=0.5246 router_H=0.6921 best=0.7475
           router_load=[0.0, 0.5100848078727722, 0.07462076097726822, 0.41529425978660583]
[step 0100/150] method=baseline_avg loss=0.5913 train_acc=0.7958 train_loss=0.4465 val_acc=0.7917 val_loss=0.4493 router_H=0.6920 best=0.7917
           router_load=[0.07147503644227982, 0.4815983474254608, 0.0, 0.4469265937805176]
[step 0110/150] method=baseline_avg loss=0.5922 train_acc=0.7958 train_loss=0.4465 val_acc=0.7917 val_loss=0.4493 router_H=0.6920 best=0.7917
           router_load=[0.07147503644227982, 0.4815983474254608, 0.0, 0.4469265937805176]
[step 0120/150] method=baseline_avg loss=0.3056 train_acc=0.7958 train_loss=0.4465 val_acc=0.7917 val_loss=0.4493 router_H=0.6920 best=0.7917
           router_load=[0.07147503644227982, 0.4815983474254608, 0.0, 0.4469265937805176]
[step 0130/150] method=baseline_avg loss=0.5619 train_acc=0.7958 train_loss=0.4465 val_acc=0.7917 val_loss=0.4493 router_H=0.6920 best=0.7917
           router_load=[0.07147503644227982, 0.4815983474254608, 0.0, 0.4469265937805176]
[step 0140/150] method=baseline_avg loss=0.5460 train_acc=0.7958 train_loss=0.4465 val_acc=0.7917 val_loss=0.4493 router_H=0.6920 best=0.7917
           router_load=[0.07147503644227982, 0.4815983474254608, 0.0, 0.4469265937805176]
[step 0150/150] method=baseline_avg loss=0.5719 train_acc=0.8555 train_loss=0.3459 val_acc=0.8505 val_loss=0.3587 router_H=0.6895 best=0.8505
           router_load=[0.2956388592720032, 0.41819071769714355, 0.04672594740986824, 0.2394445240497589]
saved summary -> /home/zhujjing/MOE-grad-conflict-routing/runs/paper_suite/single_gpu/single_task/roberta_mrpc_lora_e4_k2/hpo/baseline/trial_runs/coord_03_train_grad_clip_023/baseline_s2.json
saved curve -> /home/zhujjing/MOE-grad-conflict-routing/runs/paper_suite/single_gpu/single_task/roberta_mrpc_lora_e4_k2/hpo/baseline/trial_runs/coord_03_train_grad_clip_023/baseline_s2_curve.csv
