[run] method=baseline candidate=coord_03_train_grad_clip_007 seed=2 steps=150 gpu=0
[run] cmd=
/home/zhujjing/anaconda3/envs/moe/bin/python /home/zhujjing/MOE-grad-conflict-routing/scripts/run.py --config configs/singletask_mrpc_real.yaml --set model.backbone_backend=hf --set model.hf_load_pretrained=true --set model.backbone=roberta --set model.hf_pretrained_name=roberta-base --set model.expert_type=lora --set model.routing_mode=topk --set model.num_experts=4 --set model.top_k=2 --set seed=2 --set method.name=baseline_avg --set train.steps=150 --set train.eval_every_steps=50 --set train.grad_clip=0.6972133521 --set train.lr=2e-05 --set train.weight_decay=0.03347846788 --out /home/zhujjing/MOE-grad-conflict-routing/runs/paper_suite/single_gpu/single_task/roberta_mrpc_lora_e4_k2/hpo/baseline/trial_runs/coord_03_train_grad_clip_007/baseline_s2.json --curve_out /home/zhujjing/MOE-grad-conflict-routing/runs/paper_suite/single_gpu/single_task/roberta_mrpc_lora_e4_k2/hpo/baseline/trial_runs/coord_03_train_grad_clip_007/baseline_s2_curve.csv
Using the latest cached version of the dataset since glue couldn't be found on the Hugging Face Hub (offline mode is enabled).
Found the latest cached dataset configuration 'mrpc' at /home/zhujjing/hf_cache/datasets/glue/mrpc/0.0.0/bcdcba79d07bc864c1c254ccfcedcce55bcc9a8c (last modified on Thu Mar 19 15:01:06 2026).
/home/zhujjing/anaconda3/envs/moe/lib/python3.10/site-packages/transformers/utils/hub.py:124: FutureWarning: Using `TRANSFORMERS_CACHE` is deprecated and will be removed in v5 of Transformers. Use `HF_HOME` instead.
  warnings.warn(
Some weights of RobertaModel were not initialized from the model checkpoint at roberta-base and are newly initialized: ['roberta.pooler.dense.bias', 'roberta.pooler.dense.weight']
You should probably TRAIN this model on a down-stream task to be able to use it for predictions and inference.
[step 0001/150] method=baseline_avg loss=0.6750 train_acc=nan train_loss=nan val_acc=nan val_loss=nan best=-1.0000
[step 0010/150] method=baseline_avg loss=0.6680 train_acc=nan train_loss=nan val_acc=nan val_loss=nan best=-1.0000
[step 0020/150] method=baseline_avg loss=0.6163 train_acc=nan train_loss=nan val_acc=nan val_loss=nan best=-1.0000
[step 0030/150] method=baseline_avg loss=0.7174 train_acc=nan train_loss=nan val_acc=nan val_loss=nan best=-1.0000
[step 0040/150] method=baseline_avg loss=0.5448 train_acc=nan train_loss=nan val_acc=nan val_loss=nan best=-1.0000
[step 0050/150] method=baseline_avg loss=0.5331 train_acc=0.7206 train_loss=0.5194 val_acc=0.7132 val_loss=0.5177 router_H=0.6919 best=0.7132
           router_load=[0.4654994010925293, 0.0, 0.5112918615341187, 0.023208701983094215]
[step 0060/150] method=baseline_avg loss=0.6355 train_acc=0.7206 train_loss=0.5194 val_acc=0.7132 val_loss=0.5177 router_H=0.6919 best=0.7132
           router_load=[0.4654994010925293, 0.0, 0.5112918615341187, 0.023208701983094215]
[step 0070/150] method=baseline_avg loss=0.3176 train_acc=0.7206 train_loss=0.5194 val_acc=0.7132 val_loss=0.5177 router_H=0.6919 best=0.7132
           router_load=[0.4654994010925293, 0.0, 0.5112918615341187, 0.023208701983094215]
[step 0080/150] method=baseline_avg loss=0.4025 train_acc=0.7206 train_loss=0.5194 val_acc=0.7132 val_loss=0.5177 router_H=0.6919 best=0.7132
           router_load=[0.4654994010925293, 0.0, 0.5112918615341187, 0.023208701983094215]
[step 0090/150] method=baseline_avg loss=0.2926 train_acc=0.7206 train_loss=0.5194 val_acc=0.7132 val_loss=0.5177 router_H=0.6919 best=0.7132
           router_load=[0.4654994010925293, 0.0, 0.5112918615341187, 0.023208701983094215]
[step 0100/150] method=baseline_avg loss=0.4399 train_acc=0.8190 train_loss=0.4013 val_acc=0.8015 val_loss=0.4193 router_H=0.6857 best=0.8015
           router_load=[0.32482248544692993, 0.0, 0.553596556186676, 0.12158104032278061]
[step 0110/150] method=baseline_avg loss=0.7788 train_acc=0.8190 train_loss=0.4013 val_acc=0.8015 val_loss=0.4193 router_H=0.6857 best=0.8015
           router_load=[0.32482248544692993, 0.0, 0.553596556186676, 0.12158104032278061]
[step 0120/150] method=baseline_avg loss=0.2930 train_acc=0.8190 train_loss=0.4013 val_acc=0.8015 val_loss=0.4193 router_H=0.6857 best=0.8015
           router_load=[0.32482248544692993, 0.0, 0.553596556186676, 0.12158104032278061]
[step 0130/150] method=baseline_avg loss=0.5229 train_acc=0.8190 train_loss=0.4013 val_acc=0.8015 val_loss=0.4193 router_H=0.6857 best=0.8015
           router_load=[0.32482248544692993, 0.0, 0.553596556186676, 0.12158104032278061]
[step 0140/150] method=baseline_avg loss=0.2662 train_acc=0.8190 train_loss=0.4013 val_acc=0.8015 val_loss=0.4193 router_H=0.6857 best=0.8015
           router_load=[0.32482248544692993, 0.0, 0.553596556186676, 0.12158104032278061]
[step 0150/150] method=baseline_avg loss=0.6598 train_acc=0.8732 train_loss=0.3323 val_acc=0.8627 val_loss=0.3742 router_H=0.6866 best=0.8627
           router_load=[0.3501240909099579, 0.0, 0.5499067306518555, 0.09996917098760605]
saved summary -> /home/zhujjing/MOE-grad-conflict-routing/runs/paper_suite/single_gpu/single_task/roberta_mrpc_lora_e4_k2/hpo/baseline/trial_runs/coord_03_train_grad_clip_007/baseline_s2.json
saved curve -> /home/zhujjing/MOE-grad-conflict-routing/runs/paper_suite/single_gpu/single_task/roberta_mrpc_lora_e4_k2/hpo/baseline/trial_runs/coord_03_train_grad_clip_007/baseline_s2_curve.csv
