[run] method=baseline candidate=coord_03_train_grad_clip_030 seed=2 steps=150 gpu=0
[run] cmd=
/home/zhujjing/anaconda3/envs/moe/bin/python /home/zhujjing/MOE-grad-conflict-routing/scripts/run.py --config configs/singletask_mrpc_real.yaml --set model.backbone_backend=hf --set model.hf_load_pretrained=true --set model.backbone=roberta --set model.hf_pretrained_name=roberta-base --set model.expert_type=lora --set model.routing_mode=topk --set model.num_experts=4 --set model.top_k=2 --set seed=2 --set method.name=baseline_avg --set train.steps=150 --set train.eval_every_steps=50 --set train.grad_clip=1.8410066 --set train.lr=2e-05 --set train.weight_decay=0.03347846788 --out /home/zhujjing/MOE-grad-conflict-routing/runs/paper_suite/single_gpu/single_task/roberta_mrpc_lora_e4_k2/hpo/baseline/trial_runs/coord_03_train_grad_clip_030/baseline_s2.json --curve_out /home/zhujjing/MOE-grad-conflict-routing/runs/paper_suite/single_gpu/single_task/roberta_mrpc_lora_e4_k2/hpo/baseline/trial_runs/coord_03_train_grad_clip_030/baseline_s2_curve.csv
Using the latest cached version of the dataset since glue couldn't be found on the Hugging Face Hub (offline mode is enabled).
Found the latest cached dataset configuration 'mrpc' at /home/zhujjing/hf_cache/datasets/glue/mrpc/0.0.0/bcdcba79d07bc864c1c254ccfcedcce55bcc9a8c (last modified on Thu Mar 19 15:01:06 2026).
/home/zhujjing/anaconda3/envs/moe/lib/python3.10/site-packages/transformers/utils/hub.py:124: FutureWarning: Using `TRANSFORMERS_CACHE` is deprecated and will be removed in v5 of Transformers. Use `HF_HOME` instead.
  warnings.warn(
Some weights of RobertaModel were not initialized from the model checkpoint at roberta-base and are newly initialized: ['roberta.pooler.dense.bias', 'roberta.pooler.dense.weight']
You should probably TRAIN this model on a down-stream task to be able to use it for predictions and inference.
[step 0001/150] method=baseline_avg loss=0.8350 train_acc=nan train_loss=nan val_acc=nan val_loss=nan best=-1.0000
[step 0010/150] method=baseline_avg loss=0.7091 train_acc=nan train_loss=nan val_acc=nan val_loss=nan best=-1.0000
[step 0020/150] method=baseline_avg loss=0.6597 train_acc=nan train_loss=nan val_acc=nan val_loss=nan best=-1.0000
[step 0030/150] method=baseline_avg loss=0.7110 train_acc=nan train_loss=nan val_acc=nan val_loss=nan best=-1.0000
[step 0040/150] method=baseline_avg loss=0.5980 train_acc=nan train_loss=nan val_acc=nan val_loss=nan best=-1.0000
[step 0050/150] method=baseline_avg loss=0.4915 train_acc=0.7102 train_loss=0.5446 val_acc=0.7157 val_loss=0.5427 router_H=0.6909 best=0.7157
           router_load=[0.530103862285614, 0.3982459306716919, 0.0, 0.07165011018514633]
[step 0060/150] method=baseline_avg loss=0.6204 train_acc=0.7102 train_loss=0.5446 val_acc=0.7157 val_loss=0.5427 router_H=0.6909 best=0.7157
           router_load=[0.530103862285614, 0.3982459306716919, 0.0, 0.07165011018514633]
[step 0070/150] method=baseline_avg loss=0.4124 train_acc=0.7102 train_loss=0.5446 val_acc=0.7157 val_loss=0.5427 router_H=0.6909 best=0.7157
           router_load=[0.530103862285614, 0.3982459306716919, 0.0, 0.07165011018514633]
[step 0080/150] method=baseline_avg loss=0.4523 train_acc=0.7102 train_loss=0.5446 val_acc=0.7157 val_loss=0.5427 router_H=0.6909 best=0.7157
           router_load=[0.530103862285614, 0.3982459306716919, 0.0, 0.07165011018514633]
[step 0090/150] method=baseline_avg loss=0.3572 train_acc=0.7102 train_loss=0.5446 val_acc=0.7157 val_loss=0.5427 router_H=0.6909 best=0.7157
           router_load=[0.530103862285614, 0.3982459306716919, 0.0, 0.07165011018514633]
[step 0100/150] method=baseline_avg loss=0.5100 train_acc=0.7745 train_loss=0.4705 val_acc=0.7819 val_loss=0.4566 router_H=0.6907 best=0.7819
           router_load=[0.4980594515800476, 0.3370303213596344, 0.0011689700186252594, 0.16374126076698303]
[step 0110/150] method=baseline_avg loss=0.6812 train_acc=0.7745 train_loss=0.4705 val_acc=0.7819 val_loss=0.4566 router_H=0.6907 best=0.7819
           router_load=[0.4980594515800476, 0.3370303213596344, 0.0011689700186252594, 0.16374126076698303]
[step 0120/150] method=baseline_avg loss=0.4130 train_acc=0.7745 train_loss=0.4705 val_acc=0.7819 val_loss=0.4566 router_H=0.6907 best=0.7819
           router_load=[0.4980594515800476, 0.3370303213596344, 0.0011689700186252594, 0.16374126076698303]
[step 0130/150] method=baseline_avg loss=0.5529 train_acc=0.7745 train_loss=0.4705 val_acc=0.7819 val_loss=0.4566 router_H=0.6907 best=0.7819
           router_load=[0.4980594515800476, 0.3370303213596344, 0.0011689700186252594, 0.16374126076698303]
[step 0140/150] method=baseline_avg loss=0.3167 train_acc=0.7745 train_loss=0.4705 val_acc=0.7819 val_loss=0.4566 router_H=0.6907 best=0.7819
           router_load=[0.4980594515800476, 0.3370303213596344, 0.0011689700186252594, 0.16374126076698303]
[step 0150/150] method=baseline_avg loss=0.6212 train_acc=0.8640 train_loss=0.3348 val_acc=0.8505 val_loss=0.3401 router_H=0.6897 best=0.8505
           router_load=[0.3593277931213379, 0.2617962658405304, 0.0, 0.3788759112358093]
saved summary -> /home/zhujjing/MOE-grad-conflict-routing/runs/paper_suite/single_gpu/single_task/roberta_mrpc_lora_e4_k2/hpo/baseline/trial_runs/coord_03_train_grad_clip_030/baseline_s2.json
saved curve -> /home/zhujjing/MOE-grad-conflict-routing/runs/paper_suite/single_gpu/single_task/roberta_mrpc_lora_e4_k2/hpo/baseline/trial_runs/coord_03_train_grad_clip_030/baseline_s2_curve.csv
