[run] method=baseline candidate=coord_03_train_grad_clip_010 seed=2 steps=150 gpu=0
[run] cmd=
/home/zhujjing/anaconda3/envs/moe/bin/python /home/zhujjing/MOE-grad-conflict-routing/scripts/run.py --config configs/singletask_mrpc_real.yaml --set model.backbone_backend=hf --set model.hf_load_pretrained=true --set model.backbone=roberta --set model.hf_pretrained_name=roberta-base --set model.expert_type=lora --set model.routing_mode=topk --set model.num_experts=4 --set model.top_k=2 --set seed=2 --set method.name=baseline_avg --set train.steps=150 --set train.eval_every_steps=50 --set train.grad_clip=1.397685055 --set train.lr=2e-05 --set train.weight_decay=0.03347846788 --out /home/zhujjing/MOE-grad-conflict-routing/runs/paper_suite/single_gpu/single_task/roberta_mrpc_lora_e4_k2/hpo/baseline/trial_runs/coord_03_train_grad_clip_010/baseline_s2.json --curve_out /home/zhujjing/MOE-grad-conflict-routing/runs/paper_suite/single_gpu/single_task/roberta_mrpc_lora_e4_k2/hpo/baseline/trial_runs/coord_03_train_grad_clip_010/baseline_s2_curve.csv
Using the latest cached version of the dataset since glue couldn't be found on the Hugging Face Hub (offline mode is enabled).
Found the latest cached dataset configuration 'mrpc' at /home/zhujjing/hf_cache/datasets/glue/mrpc/0.0.0/bcdcba79d07bc864c1c254ccfcedcce55bcc9a8c (last modified on Thu Mar 19 15:01:06 2026).
/home/zhujjing/anaconda3/envs/moe/lib/python3.10/site-packages/transformers/utils/hub.py:124: FutureWarning: Using `TRANSFORMERS_CACHE` is deprecated and will be removed in v5 of Transformers. Use `HF_HOME` instead.
  warnings.warn(
Some weights of RobertaModel were not initialized from the model checkpoint at roberta-base and are newly initialized: ['roberta.pooler.dense.bias', 'roberta.pooler.dense.weight']
You should probably TRAIN this model on a down-stream task to be able to use it for predictions and inference.
[step 0001/150] method=baseline_avg loss=0.7529 train_acc=nan train_loss=nan val_acc=nan val_loss=nan best=-1.0000
[step 0010/150] method=baseline_avg loss=0.7102 train_acc=nan train_loss=nan val_acc=nan val_loss=nan best=-1.0000
[step 0020/150] method=baseline_avg loss=0.6416 train_acc=nan train_loss=nan val_acc=nan val_loss=nan best=-1.0000
[step 0030/150] method=baseline_avg loss=0.6699 train_acc=nan train_loss=nan val_acc=nan val_loss=nan best=-1.0000
[step 0040/150] method=baseline_avg loss=0.5896 train_acc=nan train_loss=nan val_acc=nan val_loss=nan best=-1.0000
[step 0050/150] method=baseline_avg loss=0.4674 train_acc=0.7069 train_loss=0.5343 val_acc=0.7157 val_loss=0.5320 router_H=0.6898 best=0.7157
           router_load=[0.5328195691108704, 0.005382665898650885, 0.26782292127609253, 0.19397485256195068]
[step 0060/150] method=baseline_avg loss=0.5748 train_acc=0.7069 train_loss=0.5343 val_acc=0.7157 val_loss=0.5320 router_H=0.6898 best=0.7157
           router_load=[0.5328195691108704, 0.005382665898650885, 0.26782292127609253, 0.19397485256195068]
[step 0070/150] method=baseline_avg loss=0.3519 train_acc=0.7069 train_loss=0.5343 val_acc=0.7157 val_loss=0.5320 router_H=0.6898 best=0.7157
           router_load=[0.5328195691108704, 0.005382665898650885, 0.26782292127609253, 0.19397485256195068]
[step 0080/150] method=baseline_avg loss=0.3515 train_acc=0.7069 train_loss=0.5343 val_acc=0.7157 val_loss=0.5320 router_H=0.6898 best=0.7157
           router_load=[0.5328195691108704, 0.005382665898650885, 0.26782292127609253, 0.19397485256195068]
[step 0090/150] method=baseline_avg loss=0.3324 train_acc=0.7069 train_loss=0.5343 val_acc=0.7157 val_loss=0.5320 router_H=0.6898 best=0.7157
           router_load=[0.5328195691108704, 0.005382665898650885, 0.26782292127609253, 0.19397485256195068]
[step 0100/150] method=baseline_avg loss=0.4489 train_acc=0.8334 train_loss=0.4182 val_acc=0.8260 val_loss=0.4184 router_H=0.6905 best=0.8260
           router_load=[0.42739415168762207, 0.1800907701253891, 0.1480671912431717, 0.24444779753684998]
[step 0110/150] method=baseline_avg loss=0.6136 train_acc=0.8334 train_loss=0.4182 val_acc=0.8260 val_loss=0.4184 router_H=0.6905 best=0.8260
           router_load=[0.42739415168762207, 0.1800907701253891, 0.1480671912431717, 0.24444779753684998]
[step 0120/150] method=baseline_avg loss=0.3624 train_acc=0.8334 train_loss=0.4182 val_acc=0.8260 val_loss=0.4184 router_H=0.6905 best=0.8260
           router_load=[0.42739415168762207, 0.1800907701253891, 0.1480671912431717, 0.24444779753684998]
[step 0130/150] method=baseline_avg loss=0.4300 train_acc=0.8334 train_loss=0.4182 val_acc=0.8260 val_loss=0.4184 router_H=0.6905 best=0.8260
           router_load=[0.42739415168762207, 0.1800907701253891, 0.1480671912431717, 0.24444779753684998]
[step 0140/150] method=baseline_avg loss=0.3597 train_acc=0.8334 train_loss=0.4182 val_acc=0.8260 val_loss=0.4184 router_H=0.6905 best=0.8260
           router_load=[0.42739415168762207, 0.1800907701253891, 0.1480671912431717, 0.24444779753684998]
[step 0150/150] method=baseline_avg loss=0.6868 train_acc=0.8650 train_loss=0.3598 val_acc=0.8652 val_loss=0.3825 router_H=0.6822 best=0.8652
           router_load=[0.2097272276878357, 0.3688111901283264, 0.05642157420516014, 0.365040123462677]
saved summary -> /home/zhujjing/MOE-grad-conflict-routing/runs/paper_suite/single_gpu/single_task/roberta_mrpc_lora_e4_k2/hpo/baseline/trial_runs/coord_03_train_grad_clip_010/baseline_s2.json
saved curve -> /home/zhujjing/MOE-grad-conflict-routing/runs/paper_suite/single_gpu/single_task/roberta_mrpc_lora_e4_k2/hpo/baseline/trial_runs/coord_03_train_grad_clip_010/baseline_s2_curve.csv
