[run] method=baseline candidate=coord_03_train_grad_clip_017 seed=2 steps=150 gpu=0
[run] cmd=
/home/zhujjing/anaconda3/envs/moe/bin/python /home/zhujjing/MOE-grad-conflict-routing/scripts/run.py --config configs/singletask_mrpc_real.yaml --set model.backbone_backend=hf --set model.hf_load_pretrained=true --set model.backbone=roberta --set model.hf_pretrained_name=roberta-base --set model.expert_type=lora --set model.routing_mode=topk --set model.num_experts=4 --set model.top_k=2 --set seed=2 --set method.name=baseline_avg --set train.steps=150 --set train.eval_every_steps=50 --set train.grad_clip=1.630855408 --set train.lr=2e-05 --set train.weight_decay=0.03347846788 --out /home/zhujjing/MOE-grad-conflict-routing/runs/paper_suite/single_gpu/single_task/roberta_mrpc_lora_e4_k2/hpo/baseline/trial_runs/coord_03_train_grad_clip_017/baseline_s2.json --curve_out /home/zhujjing/MOE-grad-conflict-routing/runs/paper_suite/single_gpu/single_task/roberta_mrpc_lora_e4_k2/hpo/baseline/trial_runs/coord_03_train_grad_clip_017/baseline_s2_curve.csv
Using the latest cached version of the dataset since glue couldn't be found on the Hugging Face Hub (offline mode is enabled).
Found the latest cached dataset configuration 'mrpc' at /home/zhujjing/hf_cache/datasets/glue/mrpc/0.0.0/bcdcba79d07bc864c1c254ccfcedcce55bcc9a8c (last modified on Thu Mar 19 15:01:06 2026).
/home/zhujjing/anaconda3/envs/moe/lib/python3.10/site-packages/transformers/utils/hub.py:124: FutureWarning: Using `TRANSFORMERS_CACHE` is deprecated and will be removed in v5 of Transformers. Use `HF_HOME` instead.
  warnings.warn(
Some weights of RobertaModel were not initialized from the model checkpoint at roberta-base and are newly initialized: ['roberta.pooler.dense.bias', 'roberta.pooler.dense.weight']
You should probably TRAIN this model on a down-stream task to be able to use it for predictions and inference.
[step 0001/150] method=baseline_avg loss=0.7539 train_acc=nan train_loss=nan val_acc=nan val_loss=nan best=-1.0000
[step 0010/150] method=baseline_avg loss=0.7072 train_acc=nan train_loss=nan val_acc=nan val_loss=nan best=-1.0000
[step 0020/150] method=baseline_avg loss=0.5974 train_acc=nan train_loss=nan val_acc=nan val_loss=nan best=-1.0000
[step 0030/150] method=baseline_avg loss=0.5762 train_acc=nan train_loss=nan val_acc=nan val_loss=nan best=-1.0000
[step 0040/150] method=baseline_avg loss=0.5421 train_acc=nan train_loss=nan val_acc=nan val_loss=nan best=-1.0000
[step 0050/150] method=baseline_avg loss=0.4724 train_acc=0.7609 train_loss=0.4926 val_acc=0.7647 val_loss=0.4885 router_H=0.6923 best=0.7647
           router_load=[0.49961620569229126, 0.0, 0.5003837943077087, 0.0]
[step 0060/150] method=baseline_avg loss=0.5922 train_acc=0.7609 train_loss=0.4926 val_acc=0.7647 val_loss=0.4885 router_H=0.6923 best=0.7647
           router_load=[0.49961620569229126, 0.0, 0.5003837943077087, 0.0]
[step 0070/150] method=baseline_avg loss=0.4290 train_acc=0.7609 train_loss=0.4926 val_acc=0.7647 val_loss=0.4885 router_H=0.6923 best=0.7647
           router_load=[0.49961620569229126, 0.0, 0.5003837943077087, 0.0]
[step 0080/150] method=baseline_avg loss=0.4170 train_acc=0.7609 train_loss=0.4926 val_acc=0.7647 val_loss=0.4885 router_H=0.6923 best=0.7647
           router_load=[0.49961620569229126, 0.0, 0.5003837943077087, 0.0]
[step 0090/150] method=baseline_avg loss=0.3998 train_acc=0.7609 train_loss=0.4926 val_acc=0.7647 val_loss=0.4885 router_H=0.6923 best=0.7647
           router_load=[0.49961620569229126, 0.0, 0.5003837943077087, 0.0]
[step 0100/150] method=baseline_avg loss=0.4852 train_acc=0.8378 train_loss=0.4032 val_acc=0.8260 val_loss=0.4176 router_H=0.6911 best=0.8260
           router_load=[0.5028408169746399, 0.0, 0.4971591830253601, 0.0]
[step 0110/150] method=baseline_avg loss=0.7079 train_acc=0.8378 train_loss=0.4032 val_acc=0.8260 val_loss=0.4176 router_H=0.6911 best=0.8260
           router_load=[0.5028408169746399, 0.0, 0.4971591830253601, 0.0]
[step 0120/150] method=baseline_avg loss=0.2606 train_acc=0.8378 train_loss=0.4032 val_acc=0.8260 val_loss=0.4176 router_H=0.6911 best=0.8260
           router_load=[0.5028408169746399, 0.0, 0.4971591830253601, 0.0]
[step 0130/150] method=baseline_avg loss=0.5717 train_acc=0.8378 train_loss=0.4032 val_acc=0.8260 val_loss=0.4176 router_H=0.6911 best=0.8260
           router_load=[0.5028408169746399, 0.0, 0.4971591830253601, 0.0]
[step 0140/150] method=baseline_avg loss=0.2387 train_acc=0.8378 train_loss=0.4032 val_acc=0.8260 val_loss=0.4176 router_H=0.6911 best=0.8260
           router_load=[0.5028408169746399, 0.0, 0.4971591830253601, 0.0]
[step 0150/150] method=baseline_avg loss=0.8377 train_acc=0.8460 train_loss=0.4642 val_acc=0.8554 val_loss=0.4724 router_H=0.6851 best=0.8554
           router_load=[0.5352349877357483, 0.0, 0.4647650122642517, 0.0]
saved summary -> /home/zhujjing/MOE-grad-conflict-routing/runs/paper_suite/single_gpu/single_task/roberta_mrpc_lora_e4_k2/hpo/baseline/trial_runs/coord_03_train_grad_clip_017/baseline_s2.json
saved curve -> /home/zhujjing/MOE-grad-conflict-routing/runs/paper_suite/single_gpu/single_task/roberta_mrpc_lora_e4_k2/hpo/baseline/trial_runs/coord_03_train_grad_clip_017/baseline_s2_curve.csv
