[run] method=baseline candidate=coord_03_train_grad_clip_014 seed=3 steps=150 gpu=0
[run] cmd=
/home/zhujjing/anaconda3/envs/moe/bin/python /home/zhujjing/MOE-grad-conflict-routing/scripts/run.py --config configs/singletask_mrpc_real.yaml --set model.backbone_backend=hf --set model.hf_load_pretrained=true --set model.backbone=roberta --set model.hf_pretrained_name=roberta-base --set model.expert_type=lora --set model.routing_mode=topk --set model.num_experts=4 --set model.top_k=2 --set seed=3 --set method.name=baseline_avg --set train.steps=150 --set train.eval_every_steps=50 --set train.grad_clip=1.883288229 --set train.lr=2e-05 --set train.weight_decay=0.03347846788 --out /home/zhujjing/MOE-grad-conflict-routing/runs/paper_suite/single_gpu/single_task/roberta_mrpc_lora_e4_k2/hpo/baseline/trial_runs/coord_03_train_grad_clip_014/baseline_s3.json --curve_out /home/zhujjing/MOE-grad-conflict-routing/runs/paper_suite/single_gpu/single_task/roberta_mrpc_lora_e4_k2/hpo/baseline/trial_runs/coord_03_train_grad_clip_014/baseline_s3_curve.csv
Using the latest cached version of the dataset since glue couldn't be found on the Hugging Face Hub (offline mode is enabled).
Found the latest cached dataset configuration 'mrpc' at /home/zhujjing/hf_cache/datasets/glue/mrpc/0.0.0/bcdcba79d07bc864c1c254ccfcedcce55bcc9a8c (last modified on Thu Mar 19 15:01:06 2026).
/home/zhujjing/anaconda3/envs/moe/lib/python3.10/site-packages/transformers/utils/hub.py:124: FutureWarning: Using `TRANSFORMERS_CACHE` is deprecated and will be removed in v5 of Transformers. Use `HF_HOME` instead.
  warnings.warn(
Some weights of RobertaModel were not initialized from the model checkpoint at roberta-base and are newly initialized: ['roberta.pooler.dense.bias', 'roberta.pooler.dense.weight']
You should probably TRAIN this model on a down-stream task to be able to use it for predictions and inference.
[step 0001/150] method=baseline_avg loss=0.6606 train_acc=nan train_loss=nan val_acc=nan val_loss=nan best=-1.0000
[step 0010/150] method=baseline_avg loss=0.7151 train_acc=nan train_loss=nan val_acc=nan val_loss=nan best=-1.0000
[step 0020/150] method=baseline_avg loss=0.5949 train_acc=nan train_loss=nan val_acc=nan val_loss=nan best=-1.0000
[step 0030/150] method=baseline_avg loss=0.5792 train_acc=nan train_loss=nan val_acc=nan val_loss=nan best=-1.0000
[step 0040/150] method=baseline_avg loss=0.6420 train_acc=nan train_loss=nan val_acc=nan val_loss=nan best=-1.0000
[step 0050/150] method=baseline_avg loss=0.4922 train_acc=0.7666 train_loss=0.4815 val_acc=0.7647 val_loss=0.4761 router_H=0.6800 best=0.7647
           router_load=[0.021852055564522743, 0.31475746631622314, 0.5724356174468994, 0.09095495939254761]
[step 0060/150] method=baseline_avg loss=0.4692 train_acc=0.7666 train_loss=0.4815 val_acc=0.7647 val_loss=0.4761 router_H=0.6800 best=0.7647
           router_load=[0.021852055564522743, 0.31475746631622314, 0.5724356174468994, 0.09095495939254761]
[step 0070/150] method=baseline_avg loss=0.3665 train_acc=0.7666 train_loss=0.4815 val_acc=0.7647 val_loss=0.4761 router_H=0.6800 best=0.7647
           router_load=[0.021852055564522743, 0.31475746631622314, 0.5724356174468994, 0.09095495939254761]
[step 0080/150] method=baseline_avg loss=0.6395 train_acc=0.7666 train_loss=0.4815 val_acc=0.7647 val_loss=0.4761 router_H=0.6800 best=0.7647
           router_load=[0.021852055564522743, 0.31475746631622314, 0.5724356174468994, 0.09095495939254761]
[step 0090/150] method=baseline_avg loss=0.5667 train_acc=0.7666 train_loss=0.4815 val_acc=0.7647 val_loss=0.4761 router_H=0.6800 best=0.7647
           router_load=[0.021852055564522743, 0.31475746631622314, 0.5724356174468994, 0.09095495939254761]
[step 0100/150] method=baseline_avg loss=0.4859 train_acc=0.8449 train_loss=0.3845 val_acc=0.8407 val_loss=0.3845 router_H=0.6764 best=0.8407
           router_load=[0.0027763498947024345, 0.4188110828399658, 0.5784125328063965, 0.0]
[step 0110/150] method=baseline_avg loss=0.3990 train_acc=0.8449 train_loss=0.3845 val_acc=0.8407 val_loss=0.3845 router_H=0.6764 best=0.8407
           router_load=[0.0027763498947024345, 0.4188110828399658, 0.5784125328063965, 0.0]
[step 0120/150] method=baseline_avg loss=0.3690 train_acc=0.8449 train_loss=0.3845 val_acc=0.8407 val_loss=0.3845 router_H=0.6764 best=0.8407
           router_load=[0.0027763498947024345, 0.4188110828399658, 0.5784125328063965, 0.0]
[step 0130/150] method=baseline_avg loss=0.2363 train_acc=0.8449 train_loss=0.3845 val_acc=0.8407 val_loss=0.3845 router_H=0.6764 best=0.8407
           router_load=[0.0027763498947024345, 0.4188110828399658, 0.5784125328063965, 0.0]
[step 0140/150] method=baseline_avg loss=0.4886 train_acc=0.8449 train_loss=0.3845 val_acc=0.8407 val_loss=0.3845 router_H=0.6764 best=0.8407
           router_load=[0.0027763498947024345, 0.4188110828399658, 0.5784125328063965, 0.0]
[step 0150/150] method=baseline_avg loss=0.5309 train_acc=0.8381 train_loss=0.3771 val_acc=0.8088 val_loss=0.4031 router_H=0.6834 best=0.8407
           router_load=[0.06765282899141312, 0.37199386954307556, 0.5603533387184143, 0.0]
saved summary -> /home/zhujjing/MOE-grad-conflict-routing/runs/paper_suite/single_gpu/single_task/roberta_mrpc_lora_e4_k2/hpo/baseline/trial_runs/coord_03_train_grad_clip_014/baseline_s3.json
saved curve -> /home/zhujjing/MOE-grad-conflict-routing/runs/paper_suite/single_gpu/single_task/roberta_mrpc_lora_e4_k2/hpo/baseline/trial_runs/coord_03_train_grad_clip_014/baseline_s3_curve.csv
