[run] method=baseline candidate=coord_03_train_grad_clip_010 seed=3 steps=150 gpu=0
[run] cmd=
/home/zhujjing/anaconda3/envs/moe/bin/python /home/zhujjing/MOE-grad-conflict-routing/scripts/run.py --config configs/singletask_mrpc_real.yaml --set model.backbone_backend=hf --set model.hf_load_pretrained=true --set model.backbone=roberta --set model.hf_pretrained_name=roberta-base --set model.expert_type=lora --set model.routing_mode=topk --set model.num_experts=4 --set model.top_k=2 --set seed=3 --set method.name=baseline_avg --set train.steps=150 --set train.eval_every_steps=50 --set train.grad_clip=1.397685055 --set train.lr=2e-05 --set train.weight_decay=0.03347846788 --out /home/zhujjing/MOE-grad-conflict-routing/runs/paper_suite/single_gpu/single_task/roberta_mrpc_lora_e4_k2/hpo/baseline/trial_runs/coord_03_train_grad_clip_010/baseline_s3.json --curve_out /home/zhujjing/MOE-grad-conflict-routing/runs/paper_suite/single_gpu/single_task/roberta_mrpc_lora_e4_k2/hpo/baseline/trial_runs/coord_03_train_grad_clip_010/baseline_s3_curve.csv
Using the latest cached version of the dataset since glue couldn't be found on the Hugging Face Hub (offline mode is enabled).
Found the latest cached dataset configuration 'mrpc' at /home/zhujjing/hf_cache/datasets/glue/mrpc/0.0.0/bcdcba79d07bc864c1c254ccfcedcce55bcc9a8c (last modified on Thu Mar 19 15:01:06 2026).
/home/zhujjing/anaconda3/envs/moe/lib/python3.10/site-packages/transformers/utils/hub.py:124: FutureWarning: Using `TRANSFORMERS_CACHE` is deprecated and will be removed in v5 of Transformers. Use `HF_HOME` instead.
  warnings.warn(
Some weights of RobertaModel were not initialized from the model checkpoint at roberta-base and are newly initialized: ['roberta.pooler.dense.bias', 'roberta.pooler.dense.weight']
You should probably TRAIN this model on a down-stream task to be able to use it for predictions and inference.
[step 0001/150] method=baseline_avg loss=0.6712 train_acc=nan train_loss=nan val_acc=nan val_loss=nan best=-1.0000
[step 0010/150] method=baseline_avg loss=0.7362 train_acc=nan train_loss=nan val_acc=nan val_loss=nan best=-1.0000
[step 0020/150] method=baseline_avg loss=0.6280 train_acc=nan train_loss=nan val_acc=nan val_loss=nan best=-1.0000
[step 0030/150] method=baseline_avg loss=0.6123 train_acc=nan train_loss=nan val_acc=nan val_loss=nan best=-1.0000
[step 0040/150] method=baseline_avg loss=0.5906 train_acc=nan train_loss=nan val_acc=nan val_loss=nan best=-1.0000
[step 0050/150] method=baseline_avg loss=0.5476 train_acc=0.7544 train_loss=0.5135 val_acc=0.7574 val_loss=0.5029 router_H=0.6840 best=0.7574
           router_load=[0.4396662712097168, 0.0, 0.5593985915184021, 0.0009350920445285738]
[step 0060/150] method=baseline_avg loss=0.4959 train_acc=0.7544 train_loss=0.5135 val_acc=0.7574 val_loss=0.5029 router_H=0.6840 best=0.7574
           router_load=[0.4396662712097168, 0.0, 0.5593985915184021, 0.0009350920445285738]
[step 0070/150] method=baseline_avg loss=0.4483 train_acc=0.7544 train_loss=0.5135 val_acc=0.7574 val_loss=0.5029 router_H=0.6840 best=0.7574
           router_load=[0.4396662712097168, 0.0, 0.5593985915184021, 0.0009350920445285738]
[step 0080/150] method=baseline_avg loss=0.5573 train_acc=0.7544 train_loss=0.5135 val_acc=0.7574 val_loss=0.5029 router_H=0.6840 best=0.7574
           router_load=[0.4396662712097168, 0.0, 0.5593985915184021, 0.0009350920445285738]
[step 0090/150] method=baseline_avg loss=0.5921 train_acc=0.7544 train_loss=0.5135 val_acc=0.7574 val_loss=0.5029 router_H=0.6840 best=0.7574
           router_load=[0.4396662712097168, 0.0, 0.5593985915184021, 0.0009350920445285738]
[step 0100/150] method=baseline_avg loss=0.5111 train_acc=0.8326 train_loss=0.3815 val_acc=0.8260 val_loss=0.3819 router_H=0.6843 best=0.8260
           router_load=[0.43926987051963806, 0.0, 0.5560717582702637, 0.0046583074145019054]
[step 0110/150] method=baseline_avg loss=0.5654 train_acc=0.8326 train_loss=0.3815 val_acc=0.8260 val_loss=0.3819 router_H=0.6843 best=0.8260
           router_load=[0.43926987051963806, 0.0, 0.5560717582702637, 0.0046583074145019054]
[step 0120/150] method=baseline_avg loss=0.2234 train_acc=0.8326 train_loss=0.3815 val_acc=0.8260 val_loss=0.3819 router_H=0.6843 best=0.8260
           router_load=[0.43926987051963806, 0.0, 0.5560717582702637, 0.0046583074145019054]
[step 0130/150] method=baseline_avg loss=0.3227 train_acc=0.8326 train_loss=0.3815 val_acc=0.8260 val_loss=0.3819 router_H=0.6843 best=0.8260
           router_load=[0.43926987051963806, 0.0, 0.5560717582702637, 0.0046583074145019054]
[step 0140/150] method=baseline_avg loss=0.6929 train_acc=0.8326 train_loss=0.3815 val_acc=0.8260 val_loss=0.3819 router_H=0.6843 best=0.8260
           router_load=[0.43926987051963806, 0.0, 0.5560717582702637, 0.0046583074145019054]
[step 0150/150] method=baseline_avg loss=0.4516 train_acc=0.8550 train_loss=0.3556 val_acc=0.8431 val_loss=0.3690 router_H=0.6905 best=0.8431
           router_load=[0.4859176278114319, 0.0, 0.5140823721885681, 0.0]
saved summary -> /home/zhujjing/MOE-grad-conflict-routing/runs/paper_suite/single_gpu/single_task/roberta_mrpc_lora_e4_k2/hpo/baseline/trial_runs/coord_03_train_grad_clip_010/baseline_s3.json
saved curve -> /home/zhujjing/MOE-grad-conflict-routing/runs/paper_suite/single_gpu/single_task/roberta_mrpc_lora_e4_k2/hpo/baseline/trial_runs/coord_03_train_grad_clip_010/baseline_s3_curve.csv
