[run] method=baseline candidate=coord_03_train_grad_clip_016 seed=2 steps=150 gpu=0
[run] cmd=
/home/zhujjing/anaconda3/envs/moe/bin/python /home/zhujjing/MOE-grad-conflict-routing/scripts/run.py --config configs/singletask_mrpc_real.yaml --set model.backbone_backend=hf --set model.hf_load_pretrained=true --set model.backbone=roberta --set model.hf_pretrained_name=roberta-base --set model.expert_type=lora --set model.routing_mode=topk --set model.num_experts=4 --set model.top_k=2 --set seed=2 --set method.name=baseline_avg --set train.steps=150 --set train.eval_every_steps=50 --set train.grad_clip=1.261600779 --set train.lr=2e-05 --set train.weight_decay=0.03347846788 --out /home/zhujjing/MOE-grad-conflict-routing/runs/paper_suite/single_gpu/single_task/roberta_mrpc_lora_e4_k2/hpo/baseline/trial_runs/coord_03_train_grad_clip_016/baseline_s2.json --curve_out /home/zhujjing/MOE-grad-conflict-routing/runs/paper_suite/single_gpu/single_task/roberta_mrpc_lora_e4_k2/hpo/baseline/trial_runs/coord_03_train_grad_clip_016/baseline_s2_curve.csv
Using the latest cached version of the dataset since glue couldn't be found on the Hugging Face Hub (offline mode is enabled).
Found the latest cached dataset configuration 'mrpc' at /home/zhujjing/hf_cache/datasets/glue/mrpc/0.0.0/bcdcba79d07bc864c1c254ccfcedcce55bcc9a8c (last modified on Thu Mar 19 15:01:06 2026).
/home/zhujjing/anaconda3/envs/moe/lib/python3.10/site-packages/transformers/utils/hub.py:124: FutureWarning: Using `TRANSFORMERS_CACHE` is deprecated and will be removed in v5 of Transformers. Use `HF_HOME` instead.
  warnings.warn(
Some weights of RobertaModel were not initialized from the model checkpoint at roberta-base and are newly initialized: ['roberta.pooler.dense.bias', 'roberta.pooler.dense.weight']
You should probably TRAIN this model on a down-stream task to be able to use it for predictions and inference.
[step 0001/150] method=baseline_avg loss=0.6701 train_acc=nan train_loss=nan val_acc=nan val_loss=nan best=-1.0000
[step 0010/150] method=baseline_avg loss=0.6552 train_acc=nan train_loss=nan val_acc=nan val_loss=nan best=-1.0000
[step 0020/150] method=baseline_avg loss=0.6190 train_acc=nan train_loss=nan val_acc=nan val_loss=nan best=-1.0000
[step 0030/150] method=baseline_avg loss=0.6601 train_acc=nan train_loss=nan val_acc=nan val_loss=nan best=-1.0000
[step 0040/150] method=baseline_avg loss=0.5213 train_acc=nan train_loss=nan val_acc=nan val_loss=nan best=-1.0000
[step 0050/150] method=baseline_avg loss=0.5232 train_acc=0.7222 train_loss=0.5243 val_acc=0.7157 val_loss=0.5248 router_H=0.6927 best=0.7157
           router_load=[0.3343054950237274, 0.19044284522533417, 0.1079578772187233, 0.3672937750816345]
[step 0060/150] method=baseline_avg loss=0.6785 train_acc=0.7222 train_loss=0.5243 val_acc=0.7157 val_loss=0.5248 router_H=0.6927 best=0.7157
           router_load=[0.3343054950237274, 0.19044284522533417, 0.1079578772187233, 0.3672937750816345]
[step 0070/150] method=baseline_avg loss=0.3567 train_acc=0.7222 train_loss=0.5243 val_acc=0.7157 val_loss=0.5248 router_H=0.6927 best=0.7157
           router_load=[0.3343054950237274, 0.19044284522533417, 0.1079578772187233, 0.3672937750816345]
[step 0080/150] method=baseline_avg loss=0.2835 train_acc=0.7222 train_loss=0.5243 val_acc=0.7157 val_loss=0.5248 router_H=0.6927 best=0.7157
           router_load=[0.3343054950237274, 0.19044284522533417, 0.1079578772187233, 0.3672937750816345]
[step 0090/150] method=baseline_avg loss=0.3960 train_acc=0.7222 train_loss=0.5243 val_acc=0.7157 val_loss=0.5248 router_H=0.6927 best=0.7157
           router_load=[0.3343054950237274, 0.19044284522533417, 0.1079578772187233, 0.3672937750816345]
[step 0100/150] method=baseline_avg loss=0.4731 train_acc=0.8190 train_loss=0.3759 val_acc=0.7966 val_loss=0.3770 router_H=0.6867 best=0.7966
           router_load=[0.20065365731716156, 0.2542334496974945, 0.32802271842956543, 0.21709021925926208]
[step 0110/150] method=baseline_avg loss=0.8015 train_acc=0.8190 train_loss=0.3759 val_acc=0.7966 val_loss=0.3770 router_H=0.6867 best=0.7966
           router_load=[0.20065365731716156, 0.2542334496974945, 0.32802271842956543, 0.21709021925926208]
[step 0120/150] method=baseline_avg loss=0.2966 train_acc=0.8190 train_loss=0.3759 val_acc=0.7966 val_loss=0.3770 router_H=0.6867 best=0.7966
           router_load=[0.20065365731716156, 0.2542334496974945, 0.32802271842956543, 0.21709021925926208]
[step 0130/150] method=baseline_avg loss=0.4809 train_acc=0.8190 train_loss=0.3759 val_acc=0.7966 val_loss=0.3770 router_H=0.6867 best=0.7966
           router_load=[0.20065365731716156, 0.2542334496974945, 0.32802271842956543, 0.21709021925926208]
[step 0140/150] method=baseline_avg loss=0.2141 train_acc=0.8190 train_loss=0.3759 val_acc=0.7966 val_loss=0.3770 router_H=0.6867 best=0.7966
           router_load=[0.20065365731716156, 0.2542334496974945, 0.32802271842956543, 0.21709021925926208]
[step 0150/150] method=baseline_avg loss=0.7845 train_acc=0.8719 train_loss=0.3402 val_acc=0.8603 val_loss=0.3871 router_H=0.6878 best=0.8603
           router_load=[0.06469367444515228, 0.327144593000412, 0.20056216418743134, 0.407599538564682]
saved summary -> /home/zhujjing/MOE-grad-conflict-routing/runs/paper_suite/single_gpu/single_task/roberta_mrpc_lora_e4_k2/hpo/baseline/trial_runs/coord_03_train_grad_clip_016/baseline_s2.json
saved curve -> /home/zhujjing/MOE-grad-conflict-routing/runs/paper_suite/single_gpu/single_task/roberta_mrpc_lora_e4_k2/hpo/baseline/trial_runs/coord_03_train_grad_clip_016/baseline_s2_curve.csv
