[run] method=baseline candidate=coord_03_train_grad_clip_027 seed=3 steps=150 gpu=0
[run] cmd=
/home/zhujjing/anaconda3/envs/moe/bin/python /home/zhujjing/MOE-grad-conflict-routing/scripts/run.py --config configs/singletask_mrpc_real.yaml --set model.backbone_backend=hf --set model.hf_load_pretrained=true --set model.backbone=roberta --set model.hf_pretrained_name=roberta-base --set model.expert_type=lora --set model.routing_mode=topk --set model.num_experts=4 --set model.top_k=2 --set seed=3 --set method.name=baseline_avg --set train.steps=150 --set train.eval_every_steps=50 --set train.grad_clip=1.202092639 --set train.lr=2e-05 --set train.weight_decay=0.03347846788 --out /home/zhujjing/MOE-grad-conflict-routing/runs/paper_suite/single_gpu/single_task/roberta_mrpc_lora_e4_k2/hpo/baseline/trial_runs/coord_03_train_grad_clip_027/baseline_s3.json --curve_out /home/zhujjing/MOE-grad-conflict-routing/runs/paper_suite/single_gpu/single_task/roberta_mrpc_lora_e4_k2/hpo/baseline/trial_runs/coord_03_train_grad_clip_027/baseline_s3_curve.csv
Using the latest cached version of the dataset since glue couldn't be found on the Hugging Face Hub (offline mode is enabled).
Found the latest cached dataset configuration 'mrpc' at /home/zhujjing/hf_cache/datasets/glue/mrpc/0.0.0/bcdcba79d07bc864c1c254ccfcedcce55bcc9a8c (last modified on Thu Mar 19 15:01:06 2026).
/home/zhujjing/anaconda3/envs/moe/lib/python3.10/site-packages/transformers/utils/hub.py:124: FutureWarning: Using `TRANSFORMERS_CACHE` is deprecated and will be removed in v5 of Transformers. Use `HF_HOME` instead.
  warnings.warn(
Some weights of RobertaModel were not initialized from the model checkpoint at roberta-base and are newly initialized: ['roberta.pooler.dense.bias', 'roberta.pooler.dense.weight']
You should probably TRAIN this model on a down-stream task to be able to use it for predictions and inference.
[step 0001/150] method=baseline_avg loss=0.7090 train_acc=nan train_loss=nan val_acc=nan val_loss=nan best=-1.0000
[step 0010/150] method=baseline_avg loss=0.8217 train_acc=nan train_loss=nan val_acc=nan val_loss=nan best=-1.0000
[step 0020/150] method=baseline_avg loss=0.6830 train_acc=nan train_loss=nan val_acc=nan val_loss=nan best=-1.0000
[step 0030/150] method=baseline_avg loss=0.5931 train_acc=nan train_loss=nan val_acc=nan val_loss=nan best=-1.0000
[step 0040/150] method=baseline_avg loss=0.7195 train_acc=nan train_loss=nan val_acc=nan val_loss=nan best=-1.0000
[step 0050/150] method=baseline_avg loss=0.5284 train_acc=0.7290 train_loss=0.5256 val_acc=0.7304 val_loss=0.5112 router_H=0.6909 best=0.7304
           router_load=[0.47583311796188354, 0.5241669416427612, 0.0, 0.0]
[step 0060/150] method=baseline_avg loss=0.5512 train_acc=0.7290 train_loss=0.5256 val_acc=0.7304 val_loss=0.5112 router_H=0.6909 best=0.7304
           router_load=[0.47583311796188354, 0.5241669416427612, 0.0, 0.0]
[step 0070/150] method=baseline_avg loss=0.5268 train_acc=0.7290 train_loss=0.5256 val_acc=0.7304 val_loss=0.5112 router_H=0.6909 best=0.7304
           router_load=[0.47583311796188354, 0.5241669416427612, 0.0, 0.0]
[step 0080/150] method=baseline_avg loss=0.5024 train_acc=0.7290 train_loss=0.5256 val_acc=0.7304 val_loss=0.5112 router_H=0.6909 best=0.7304
           router_load=[0.47583311796188354, 0.5241669416427612, 0.0, 0.0]
[step 0090/150] method=baseline_avg loss=0.6372 train_acc=0.7290 train_loss=0.5256 val_acc=0.7304 val_loss=0.5112 router_H=0.6909 best=0.7304
           router_load=[0.47583311796188354, 0.5241669416427612, 0.0, 0.0]
[step 0100/150] method=baseline_avg loss=0.6186 train_acc=0.8182 train_loss=0.4034 val_acc=0.8064 val_loss=0.3880 router_H=0.6912 best=0.8064
           router_load=[0.4839246869087219, 0.5160753130912781, 0.0, 0.0]
[step 0110/150] method=baseline_avg loss=0.4485 train_acc=0.8182 train_loss=0.4034 val_acc=0.8064 val_loss=0.3880 router_H=0.6912 best=0.8064
           router_load=[0.4839246869087219, 0.5160753130912781, 0.0, 0.0]
[step 0120/150] method=baseline_avg loss=0.4069 train_acc=0.8182 train_loss=0.4034 val_acc=0.8064 val_loss=0.3880 router_H=0.6912 best=0.8064
           router_load=[0.4839246869087219, 0.5160753130912781, 0.0, 0.0]
[step 0130/150] method=baseline_avg loss=0.3536 train_acc=0.8182 train_loss=0.4034 val_acc=0.8064 val_loss=0.3880 router_H=0.6912 best=0.8064
           router_load=[0.4839246869087219, 0.5160753130912781, 0.0, 0.0]
[step 0140/150] method=baseline_avg loss=0.4073 train_acc=0.8182 train_loss=0.4034 val_acc=0.8064 val_loss=0.3880 router_H=0.6912 best=0.8064
           router_load=[0.4839246869087219, 0.5160753130912781, 0.0, 0.0]
[step 0150/150] method=baseline_avg loss=0.4351 train_acc=0.8580 train_loss=0.3543 val_acc=0.8529 val_loss=0.3558 router_H=0.6916 best=0.8529
           router_load=[0.48142847418785095, 0.5185714960098267, 0.0, 0.0]
saved summary -> /home/zhujjing/MOE-grad-conflict-routing/runs/paper_suite/single_gpu/single_task/roberta_mrpc_lora_e4_k2/hpo/baseline/trial_runs/coord_03_train_grad_clip_027/baseline_s3.json
saved curve -> /home/zhujjing/MOE-grad-conflict-routing/runs/paper_suite/single_gpu/single_task/roberta_mrpc_lora_e4_k2/hpo/baseline/trial_runs/coord_03_train_grad_clip_027/baseline_s3_curve.csv
