[run] method=baseline candidate=coord_03_train_grad_clip_027 seed=2 steps=150 gpu=0
[run] cmd=
/home/zhujjing/anaconda3/envs/moe/bin/python /home/zhujjing/MOE-grad-conflict-routing/scripts/run.py --config configs/singletask_mrpc_real.yaml --set model.backbone_backend=hf --set model.hf_load_pretrained=true --set model.backbone=roberta --set model.hf_pretrained_name=roberta-base --set model.expert_type=lora --set model.routing_mode=topk --set model.num_experts=4 --set model.top_k=2 --set seed=2 --set method.name=baseline_avg --set train.steps=150 --set train.eval_every_steps=50 --set train.grad_clip=1.202092639 --set train.lr=2e-05 --set train.weight_decay=0.03347846788 --out /home/zhujjing/MOE-grad-conflict-routing/runs/paper_suite/single_gpu/single_task/roberta_mrpc_lora_e4_k2/hpo/baseline/trial_runs/coord_03_train_grad_clip_027/baseline_s2.json --curve_out /home/zhujjing/MOE-grad-conflict-routing/runs/paper_suite/single_gpu/single_task/roberta_mrpc_lora_e4_k2/hpo/baseline/trial_runs/coord_03_train_grad_clip_027/baseline_s2_curve.csv
Using the latest cached version of the dataset since glue couldn't be found on the Hugging Face Hub (offline mode is enabled).
Found the latest cached dataset configuration 'mrpc' at /home/zhujjing/hf_cache/datasets/glue/mrpc/0.0.0/bcdcba79d07bc864c1c254ccfcedcce55bcc9a8c (last modified on Thu Mar 19 15:01:06 2026).
/home/zhujjing/anaconda3/envs/moe/lib/python3.10/site-packages/transformers/utils/hub.py:124: FutureWarning: Using `TRANSFORMERS_CACHE` is deprecated and will be removed in v5 of Transformers. Use `HF_HOME` instead.
  warnings.warn(
Some weights of RobertaModel were not initialized from the model checkpoint at roberta-base and are newly initialized: ['roberta.pooler.dense.bias', 'roberta.pooler.dense.weight']
You should probably TRAIN this model on a down-stream task to be able to use it for predictions and inference.
[step 0001/150] method=baseline_avg loss=0.6896 train_acc=nan train_loss=nan val_acc=nan val_loss=nan best=-1.0000
[step 0010/150] method=baseline_avg loss=0.7284 train_acc=nan train_loss=nan val_acc=nan val_loss=nan best=-1.0000
[step 0020/150] method=baseline_avg loss=0.5701 train_acc=nan train_loss=nan val_acc=nan val_loss=nan best=-1.0000
[step 0030/150] method=baseline_avg loss=0.6728 train_acc=nan train_loss=nan val_acc=nan val_loss=nan best=-1.0000
[step 0040/150] method=baseline_avg loss=0.5347 train_acc=nan train_loss=nan val_acc=nan val_loss=nan best=-1.0000
[step 0050/150] method=baseline_avg loss=0.5067 train_acc=0.7326 train_loss=0.5363 val_acc=0.7255 val_loss=0.5369 router_H=0.6919 best=0.7255
           router_load=[0.11426284164190292, 0.3675675094127655, 0.0768754631280899, 0.4412941336631775]
[step 0060/150] method=baseline_avg loss=0.5827 train_acc=0.7326 train_loss=0.5363 val_acc=0.7255 val_loss=0.5369 router_H=0.6919 best=0.7255
           router_load=[0.11426284164190292, 0.3675675094127655, 0.0768754631280899, 0.4412941336631775]
[step 0070/150] method=baseline_avg loss=0.4247 train_acc=0.7326 train_loss=0.5363 val_acc=0.7255 val_loss=0.5369 router_H=0.6919 best=0.7255
           router_load=[0.11426284164190292, 0.3675675094127655, 0.0768754631280899, 0.4412941336631775]
[step 0080/150] method=baseline_avg loss=0.4764 train_acc=0.7326 train_loss=0.5363 val_acc=0.7255 val_loss=0.5369 router_H=0.6919 best=0.7255
           router_load=[0.11426284164190292, 0.3675675094127655, 0.0768754631280899, 0.4412941336631775]
[step 0090/150] method=baseline_avg loss=0.3344 train_acc=0.7326 train_loss=0.5363 val_acc=0.7255 val_loss=0.5369 router_H=0.6919 best=0.7255
           router_load=[0.11426284164190292, 0.3675675094127655, 0.0768754631280899, 0.4412941336631775]
[step 0100/150] method=baseline_avg loss=0.5667 train_acc=0.8130 train_loss=0.3936 val_acc=0.8088 val_loss=0.4041 router_H=0.6910 best=0.8088
           router_load=[0.14605791866779327, 0.2962721586227417, 0.17031940817832947, 0.38735049962997437]
[step 0110/150] method=baseline_avg loss=0.8377 train_acc=0.8130 train_loss=0.3936 val_acc=0.8088 val_loss=0.4041 router_H=0.6910 best=0.8088
           router_load=[0.14605791866779327, 0.2962721586227417, 0.17031940817832947, 0.38735049962997437]
[step 0120/150] method=baseline_avg loss=0.1739 train_acc=0.8130 train_loss=0.3936 val_acc=0.8088 val_loss=0.4041 router_H=0.6910 best=0.8088
           router_load=[0.14605791866779327, 0.2962721586227417, 0.17031940817832947, 0.38735049962997437]
[step 0130/150] method=baseline_avg loss=0.5508 train_acc=0.8130 train_loss=0.3936 val_acc=0.8088 val_loss=0.4041 router_H=0.6910 best=0.8088
           router_load=[0.14605791866779327, 0.2962721586227417, 0.17031940817832947, 0.38735049962997437]
[step 0140/150] method=baseline_avg loss=0.2994 train_acc=0.8130 train_loss=0.3936 val_acc=0.8088 val_loss=0.4041 router_H=0.6910 best=0.8088
           router_load=[0.14605791866779327, 0.2962721586227417, 0.17031940817832947, 0.38735049962997437]
[step 0150/150] method=baseline_avg loss=0.7800 train_acc=0.8700 train_loss=0.3264 val_acc=0.8529 val_loss=0.3639 router_H=0.6913 best=0.8529
           router_load=[0.16687549650669098, 0.3291946053504944, 0.28336799144744873, 0.2205619066953659]
saved summary -> /home/zhujjing/MOE-grad-conflict-routing/runs/paper_suite/single_gpu/single_task/roberta_mrpc_lora_e4_k2/hpo/baseline/trial_runs/coord_03_train_grad_clip_027/baseline_s2.json
saved curve -> /home/zhujjing/MOE-grad-conflict-routing/runs/paper_suite/single_gpu/single_task/roberta_mrpc_lora_e4_k2/hpo/baseline/trial_runs/coord_03_train_grad_clip_027/baseline_s2_curve.csv
