[run] method=baseline candidate=coord_03_train_grad_clip_012 seed=2 steps=150 gpu=0
[run] cmd=
/home/zhujjing/anaconda3/envs/moe/bin/python /home/zhujjing/MOE-grad-conflict-routing/scripts/run.py --config configs/singletask_mrpc_real.yaml --set model.backbone_backend=hf --set model.hf_load_pretrained=true --set model.backbone=roberta --set model.hf_pretrained_name=roberta-base --set model.expert_type=lora --set model.routing_mode=topk --set model.num_experts=4 --set model.top_k=2 --set seed=2 --set method.name=baseline_avg --set train.steps=150 --set train.eval_every_steps=50 --set train.grad_clip=1.832812971 --set train.lr=2e-05 --set train.weight_decay=0.03347846788 --out /home/zhujjing/MOE-grad-conflict-routing/runs/paper_suite/single_gpu/single_task/roberta_mrpc_lora_e4_k2/hpo/baseline/trial_runs/coord_03_train_grad_clip_012/baseline_s2.json --curve_out /home/zhujjing/MOE-grad-conflict-routing/runs/paper_suite/single_gpu/single_task/roberta_mrpc_lora_e4_k2/hpo/baseline/trial_runs/coord_03_train_grad_clip_012/baseline_s2_curve.csv
Using the latest cached version of the dataset since glue couldn't be found on the Hugging Face Hub (offline mode is enabled).
Found the latest cached dataset configuration 'mrpc' at /home/zhujjing/hf_cache/datasets/glue/mrpc/0.0.0/bcdcba79d07bc864c1c254ccfcedcce55bcc9a8c (last modified on Thu Mar 19 15:01:06 2026).
/home/zhujjing/anaconda3/envs/moe/lib/python3.10/site-packages/transformers/utils/hub.py:124: FutureWarning: Using `TRANSFORMERS_CACHE` is deprecated and will be removed in v5 of Transformers. Use `HF_HOME` instead.
  warnings.warn(
Some weights of RobertaModel were not initialized from the model checkpoint at roberta-base and are newly initialized: ['roberta.pooler.dense.bias', 'roberta.pooler.dense.weight']
You should probably TRAIN this model on a down-stream task to be able to use it for predictions and inference.
[step 0001/150] method=baseline_avg loss=0.7072 train_acc=nan train_loss=nan val_acc=nan val_loss=nan best=-1.0000
[step 0010/150] method=baseline_avg loss=0.6746 train_acc=nan train_loss=nan val_acc=nan val_loss=nan best=-1.0000
[step 0020/150] method=baseline_avg loss=0.6018 train_acc=nan train_loss=nan val_acc=nan val_loss=nan best=-1.0000
[step 0030/150] method=baseline_avg loss=0.6535 train_acc=nan train_loss=nan val_acc=nan val_loss=nan best=-1.0000
[step 0040/150] method=baseline_avg loss=0.5607 train_acc=nan train_loss=nan val_acc=nan val_loss=nan best=-1.0000
[step 0050/150] method=baseline_avg loss=0.5438 train_acc=0.7211 train_loss=0.5401 val_acc=0.7132 val_loss=0.5392 router_H=0.6923 best=0.7132
           router_load=[0.19436904788017273, 0.3913874924182892, 0.0, 0.41424354910850525]
[step 0060/150] method=baseline_avg loss=0.6272 train_acc=0.7211 train_loss=0.5401 val_acc=0.7132 val_loss=0.5392 router_H=0.6923 best=0.7132
           router_load=[0.19436904788017273, 0.3913874924182892, 0.0, 0.41424354910850525]
[step 0070/150] method=baseline_avg loss=0.3733 train_acc=0.7211 train_loss=0.5401 val_acc=0.7132 val_loss=0.5392 router_H=0.6923 best=0.7132
           router_load=[0.19436904788017273, 0.3913874924182892, 0.0, 0.41424354910850525]
[step 0080/150] method=baseline_avg loss=0.4190 train_acc=0.7211 train_loss=0.5401 val_acc=0.7132 val_loss=0.5392 router_H=0.6923 best=0.7132
           router_load=[0.19436904788017273, 0.3913874924182892, 0.0, 0.41424354910850525]
[step 0090/150] method=baseline_avg loss=0.4352 train_acc=0.7211 train_loss=0.5401 val_acc=0.7132 val_loss=0.5392 router_H=0.6923 best=0.7132
           router_load=[0.19436904788017273, 0.3913874924182892, 0.0, 0.41424354910850525]
[step 0100/150] method=baseline_avg loss=0.4488 train_acc=0.8310 train_loss=0.3825 val_acc=0.8113 val_loss=0.3857 router_H=0.6850 best=0.8113
           router_load=[0.2485543042421341, 0.48042961955070496, 0.0, 0.27101609110832214]
[step 0110/150] method=baseline_avg loss=0.6614 train_acc=0.8310 train_loss=0.3825 val_acc=0.8113 val_loss=0.3857 router_H=0.6850 best=0.8113
           router_load=[0.2485543042421341, 0.48042961955070496, 0.0, 0.27101609110832214]
[step 0120/150] method=baseline_avg loss=0.3028 train_acc=0.8310 train_loss=0.3825 val_acc=0.8113 val_loss=0.3857 router_H=0.6850 best=0.8113
           router_load=[0.2485543042421341, 0.48042961955070496, 0.0, 0.27101609110832214]
[step 0130/150] method=baseline_avg loss=0.5419 train_acc=0.8310 train_loss=0.3825 val_acc=0.8113 val_loss=0.3857 router_H=0.6850 best=0.8113
           router_load=[0.2485543042421341, 0.48042961955070496, 0.0, 0.27101609110832214]
[step 0140/150] method=baseline_avg loss=0.3045 train_acc=0.8310 train_loss=0.3825 val_acc=0.8113 val_loss=0.3857 router_H=0.6850 best=0.8113
           router_load=[0.2485543042421341, 0.48042961955070496, 0.0, 0.27101609110832214]
[step 0150/150] method=baseline_avg loss=0.8224 train_acc=0.8710 train_loss=0.3533 val_acc=0.8652 val_loss=0.3949 router_H=0.6793 best=0.8652
           router_load=[0.14104005694389343, 0.5460176467895508, 0.0, 0.31294217705726624]
saved summary -> /home/zhujjing/MOE-grad-conflict-routing/runs/paper_suite/single_gpu/single_task/roberta_mrpc_lora_e4_k2/hpo/baseline/trial_runs/coord_03_train_grad_clip_012/baseline_s2.json
saved curve -> /home/zhujjing/MOE-grad-conflict-routing/runs/paper_suite/single_gpu/single_task/roberta_mrpc_lora_e4_k2/hpo/baseline/trial_runs/coord_03_train_grad_clip_012/baseline_s2_curve.csv
