[run] method=baseline candidate=coord_03_train_grad_clip_002 seed=2 steps=100 gpu=1
[run] cmd=
/home/yuli0398/miniconda3/envs/optimization/bin/python /share/home/yuli0398/Optimization/MOE-grad-conflict-routing/scripts/run.py --config configs/singletask_mrpc_real.yaml --set model.backbone_backend=hf --set model.hf_load_pretrained=true --set model.backbone=deberta --set model.hf_pretrained_name=microsoft/deberta-v3-base --set model.expert_type=lora --set model.num_experts=4 --set model.top_k=2 --set seed=2 --set method.name=baseline_avg --set train.steps=100 --set train.eval_every_steps=50 --set train.grad_clip=0.5277354059 --set train.lr=3.842377498e-05 --set train.weight_decay=0.01546097608 --out /share/home/yuli0398/Optimization/MOE-grad-conflict-routing/runs/mrpc_deberta_coord48_s23_final235_gpu12/single_task/deberta_mrpc_lora_e4_k2/hpo/baseline/trial_runs/coord_03_train_grad_clip_002/baseline_s2.json --curve_out /share/home/yuli0398/Optimization/MOE-grad-conflict-routing/runs/mrpc_deberta_coord48_s23_final235_gpu12/single_task/deberta_mrpc_lora_e4_k2/hpo/baseline/trial_runs/coord_03_train_grad_clip_002/baseline_s2_curve.csv
/home/yuli0398/miniconda3/envs/optimization/lib/python3.10/site-packages/torch/cuda/__init__.py:61: FutureWarning: The pynvml package is deprecated. Please install nvidia-ml-py instead. If you did not install pynvml directly, please report this to the maintainers of the package that installed pynvml for you.
  import pynvml  # type: ignore[import]
/home/yuli0398/miniconda3/envs/optimization/lib/python3.10/site-packages/transformers/convert_slow_tokenizer.py:561: UserWarning: The sentencepiece tokenizer that you are converting to a fast tokenizer uses the byte fallback option which is not implemented in the fast tokenizers. In practice this means that the fast version of the tokenizer can produce unknown tokens whereas the sentencepiece version would have converted these unknown tokens into a sequence of byte tokens matching the original piece of text.
  warnings.warn(
[step 0001/100] method=baseline_avg loss=0.6923 train_acc=nan train_loss=nan val_acc=nan val_loss=nan best=-1.0000
[step 0010/100] method=baseline_avg loss=0.6898 train_acc=nan train_loss=nan val_acc=nan val_loss=nan best=-1.0000
[step 0020/100] method=baseline_avg loss=0.6853 train_acc=nan train_loss=nan val_acc=nan val_loss=nan best=-1.0000
[step 0030/100] method=baseline_avg loss=0.4434 train_acc=nan train_loss=nan val_acc=nan val_loss=nan best=-1.0000
[step 0040/100] method=baseline_avg loss=0.4503 train_acc=nan train_loss=nan val_acc=nan val_loss=nan best=-1.0000
[step 0050/100] method=baseline_avg loss=0.4575 train_acc=0.8130 train_loss=0.4177 val_acc=0.7941 val_loss=0.4288 router_H=1.1995 best=0.7941
           router_load=[0.11107774078845978, 0.46526509523391724, 0.30808764696121216, 0.11556951701641083]
[step 0060/100] method=baseline_avg loss=0.4331 train_acc=0.8130 train_loss=0.4177 val_acc=0.7941 val_loss=0.4288 router_H=1.1995 best=0.7941
           router_load=[0.11107774078845978, 0.46526509523391724, 0.30808764696121216, 0.11556951701641083]
[step 0070/100] method=baseline_avg loss=0.3454 train_acc=0.8130 train_loss=0.4177 val_acc=0.7941 val_loss=0.4288 router_H=1.1995 best=0.7941
           router_load=[0.11107774078845978, 0.46526509523391724, 0.30808764696121216, 0.11556951701641083]
[step 0080/100] method=baseline_avg loss=0.3420 train_acc=0.8130 train_loss=0.4177 val_acc=0.7941 val_loss=0.4288 router_H=1.1995 best=0.7941
           router_load=[0.11107774078845978, 0.46526509523391724, 0.30808764696121216, 0.11556951701641083]
[step 0090/100] method=baseline_avg loss=0.3501 train_acc=0.8130 train_loss=0.4177 val_acc=0.7941 val_loss=0.4288 router_H=1.1995 best=0.7941
           router_load=[0.11107774078845978, 0.46526509523391724, 0.30808764696121216, 0.11556951701641083]
[step 0100/100] method=baseline_avg loss=0.2611 train_acc=0.8885 train_loss=0.2605 val_acc=0.8725 val_loss=0.3159 router_H=1.2195 best=0.8725
           router_load=[0.10149305313825607, 0.42038244009017944, 0.33433520793914795, 0.14378927648067474]
saved summary -> /share/home/yuli0398/Optimization/MOE-grad-conflict-routing/runs/mrpc_deberta_coord48_s23_final235_gpu12/single_task/deberta_mrpc_lora_e4_k2/hpo/baseline/trial_runs/coord_03_train_grad_clip_002/baseline_s2.json
saved curve -> /share/home/yuli0398/Optimization/MOE-grad-conflict-routing/runs/mrpc_deberta_coord48_s23_final235_gpu12/single_task/deberta_mrpc_lora_e4_k2/hpo/baseline/trial_runs/coord_03_train_grad_clip_002/baseline_s2_curve.csv
