[run] method=baseline candidate=coord_03_train_grad_clip_001 seed=2 steps=100 gpu=1
[run] cmd=
/home/yuli0398/miniconda3/envs/optimization/bin/python /share/home/yuli0398/Optimization/MOE-grad-conflict-routing/scripts/run.py --config configs/singletask_mrpc_real.yaml --set model.backbone_backend=hf --set model.hf_load_pretrained=true --set model.backbone=deberta --set model.hf_pretrained_name=microsoft/deberta-v3-base --set model.expert_type=lora --set model.num_experts=4 --set model.top_k=2 --set seed=2 --set method.name=baseline_avg --set train.steps=100 --set train.eval_every_steps=50 --set train.grad_clip=0.9733492507 --set train.lr=3.842377498e-05 --set train.weight_decay=0.01546097608 --out /share/home/yuli0398/Optimization/MOE-grad-conflict-routing/runs/mrpc_deberta_coord48_s23_final235_gpu12/single_task/deberta_mrpc_lora_e4_k2/hpo/baseline/trial_runs/coord_03_train_grad_clip_001/baseline_s2.json --curve_out /share/home/yuli0398/Optimization/MOE-grad-conflict-routing/runs/mrpc_deberta_coord48_s23_final235_gpu12/single_task/deberta_mrpc_lora_e4_k2/hpo/baseline/trial_runs/coord_03_train_grad_clip_001/baseline_s2_curve.csv
/home/yuli0398/miniconda3/envs/optimization/lib/python3.10/site-packages/torch/cuda/__init__.py:61: FutureWarning: The pynvml package is deprecated. Please install nvidia-ml-py instead. If you did not install pynvml directly, please report this to the maintainers of the package that installed pynvml for you.
  import pynvml  # type: ignore[import]
/home/yuli0398/miniconda3/envs/optimization/lib/python3.10/site-packages/transformers/convert_slow_tokenizer.py:561: UserWarning: The sentencepiece tokenizer that you are converting to a fast tokenizer uses the byte fallback option which is not implemented in the fast tokenizers. In practice this means that the fast version of the tokenizer can produce unknown tokens whereas the sentencepiece version would have converted these unknown tokens into a sequence of byte tokens matching the original piece of text.
  warnings.warn(
[step 0001/100] method=baseline_avg loss=0.6603 train_acc=nan train_loss=nan val_acc=nan val_loss=nan best=-1.0000
[step 0010/100] method=baseline_avg loss=0.6496 train_acc=nan train_loss=nan val_acc=nan val_loss=nan best=-1.0000
[step 0020/100] method=baseline_avg loss=0.8027 train_acc=nan train_loss=nan val_acc=nan val_loss=nan best=-1.0000
[step 0030/100] method=baseline_avg loss=0.4512 train_acc=nan train_loss=nan val_acc=nan val_loss=nan best=-1.0000
[step 0040/100] method=baseline_avg loss=0.4372 train_acc=nan train_loss=nan val_acc=nan val_loss=nan best=-1.0000
[step 0050/100] method=baseline_avg loss=0.4207 train_acc=0.8441 train_loss=0.4039 val_acc=0.8480 val_loss=0.4006 router_H=1.3155 best=0.8480
           router_load=[0.19619576632976532, 0.205520898103714, 0.40208712220191956, 0.19619619846343994]
[step 0060/100] method=baseline_avg loss=0.5236 train_acc=0.8441 train_loss=0.4039 val_acc=0.8480 val_loss=0.4006 router_H=1.3155 best=0.8480
           router_load=[0.19619576632976532, 0.205520898103714, 0.40208712220191956, 0.19619619846343994]
[step 0070/100] method=baseline_avg loss=0.2289 train_acc=0.8441 train_loss=0.4039 val_acc=0.8480 val_loss=0.4006 router_H=1.3155 best=0.8480
           router_load=[0.19619576632976532, 0.205520898103714, 0.40208712220191956, 0.19619619846343994]
[step 0080/100] method=baseline_avg loss=0.2871 train_acc=0.8441 train_loss=0.4039 val_acc=0.8480 val_loss=0.4006 router_H=1.3155 best=0.8480
           router_load=[0.19619576632976532, 0.205520898103714, 0.40208712220191956, 0.19619619846343994]
[step 0090/100] method=baseline_avg loss=0.2887 train_acc=0.8441 train_loss=0.4039 val_acc=0.8480 val_loss=0.4006 router_H=1.3155 best=0.8480
           router_load=[0.19619576632976532, 0.205520898103714, 0.40208712220191956, 0.19619619846343994]
[step 0100/100] method=baseline_avg loss=0.1848 train_acc=0.8904 train_loss=0.2649 val_acc=0.8676 val_loss=0.3218 router_H=1.3305 best=0.8676
           router_load=[0.21674281358718872, 0.20554667711257935, 0.3282356262207031, 0.24947489798069]
saved summary -> /share/home/yuli0398/Optimization/MOE-grad-conflict-routing/runs/mrpc_deberta_coord48_s23_final235_gpu12/single_task/deberta_mrpc_lora_e4_k2/hpo/baseline/trial_runs/coord_03_train_grad_clip_001/baseline_s2.json
saved curve -> /share/home/yuli0398/Optimization/MOE-grad-conflict-routing/runs/mrpc_deberta_coord48_s23_final235_gpu12/single_task/deberta_mrpc_lora_e4_k2/hpo/baseline/trial_runs/coord_03_train_grad_clip_001/baseline_s2_curve.csv
