[run] method=baseline candidate=coord_03_train_grad_clip_005 seed=2 steps=100 gpu=1
[run] cmd=
/home/yuli0398/miniconda3/envs/optimization/bin/python /share/home/yuli0398/Optimization/MOE-grad-conflict-routing/scripts/run.py --config configs/singletask_mrpc_real.yaml --set model.backbone_backend=hf --set model.hf_load_pretrained=true --set model.backbone=deberta --set model.hf_pretrained_name=microsoft/deberta-v3-base --set model.expert_type=lora --set model.num_experts=4 --set model.top_k=2 --set seed=2 --set method.name=baseline_avg --set train.steps=100 --set train.eval_every_steps=50 --set train.grad_clip=0.6271934851 --set train.lr=3.842377498e-05 --set train.weight_decay=0.01546097608 --out /share/home/yuli0398/Optimization/MOE-grad-conflict-routing/runs/mrpc_deberta_coord48_s23_final235_gpu12/single_task/deberta_mrpc_lora_e4_k2/hpo/baseline/trial_runs/coord_03_train_grad_clip_005/baseline_s2.json --curve_out /share/home/yuli0398/Optimization/MOE-grad-conflict-routing/runs/mrpc_deberta_coord48_s23_final235_gpu12/single_task/deberta_mrpc_lora_e4_k2/hpo/baseline/trial_runs/coord_03_train_grad_clip_005/baseline_s2_curve.csv
/home/yuli0398/miniconda3/envs/optimization/lib/python3.10/site-packages/torch/cuda/__init__.py:61: FutureWarning: The pynvml package is deprecated. Please install nvidia-ml-py instead. If you did not install pynvml directly, please report this to the maintainers of the package that installed pynvml for you.
  import pynvml  # type: ignore[import]
/home/yuli0398/miniconda3/envs/optimization/lib/python3.10/site-packages/transformers/convert_slow_tokenizer.py:561: UserWarning: The sentencepiece tokenizer that you are converting to a fast tokenizer uses the byte fallback option which is not implemented in the fast tokenizers. In practice this means that the fast version of the tokenizer can produce unknown tokens whereas the sentencepiece version would have converted these unknown tokens into a sequence of byte tokens matching the original piece of text.
  warnings.warn(
[step 0001/100] method=baseline_avg loss=0.8267 train_acc=nan train_loss=nan val_acc=nan val_loss=nan best=-1.0000
[step 0010/100] method=baseline_avg loss=0.7012 train_acc=nan train_loss=nan val_acc=nan val_loss=nan best=-1.0000
[step 0020/100] method=baseline_avg loss=0.5567 train_acc=nan train_loss=nan val_acc=nan val_loss=nan best=-1.0000
[step 0030/100] method=baseline_avg loss=0.4798 train_acc=nan train_loss=nan val_acc=nan val_loss=nan best=-1.0000
[step 0040/100] method=baseline_avg loss=0.4650 train_acc=nan train_loss=nan val_acc=nan val_loss=nan best=-1.0000
[step 0050/100] method=baseline_avg loss=0.4825 train_acc=0.7950 train_loss=0.4314 val_acc=0.7966 val_loss=0.4356 router_H=1.3636 best=0.7966
           router_load=[0.21574431657791138, 0.24109145998954773, 0.3248514235019684, 0.2183128297328949]
[step 0060/100] method=baseline_avg loss=0.4312 train_acc=0.7950 train_loss=0.4314 val_acc=0.7966 val_loss=0.4356 router_H=1.3636 best=0.7966
           router_load=[0.21574431657791138, 0.24109145998954773, 0.3248514235019684, 0.2183128297328949]
[step 0070/100] method=baseline_avg loss=0.3061 train_acc=0.7950 train_loss=0.4314 val_acc=0.7966 val_loss=0.4356 router_H=1.3636 best=0.7966
           router_load=[0.21574431657791138, 0.24109145998954773, 0.3248514235019684, 0.2183128297328949]
[step 0080/100] method=baseline_avg loss=0.3500 train_acc=0.7950 train_loss=0.4314 val_acc=0.7966 val_loss=0.4356 router_H=1.3636 best=0.7966
           router_load=[0.21574431657791138, 0.24109145998954773, 0.3248514235019684, 0.2183128297328949]
[step 0090/100] method=baseline_avg loss=0.3234 train_acc=0.7950 train_loss=0.4314 val_acc=0.7966 val_loss=0.4356 router_H=1.3636 best=0.7966
           router_load=[0.21574431657791138, 0.24109145998954773, 0.3248514235019684, 0.2183128297328949]
[step 0100/100] method=baseline_avg loss=0.2731 train_acc=0.8874 train_loss=0.2710 val_acc=0.8627 val_loss=0.3162 router_H=1.3681 best=0.8627
           router_load=[0.24475347995758057, 0.2500491142272949, 0.28956741094589233, 0.21563003957271576]
saved summary -> /share/home/yuli0398/Optimization/MOE-grad-conflict-routing/runs/mrpc_deberta_coord48_s23_final235_gpu12/single_task/deberta_mrpc_lora_e4_k2/hpo/baseline/trial_runs/coord_03_train_grad_clip_005/baseline_s2.json
saved curve -> /share/home/yuli0398/Optimization/MOE-grad-conflict-routing/runs/mrpc_deberta_coord48_s23_final235_gpu12/single_task/deberta_mrpc_lora_e4_k2/hpo/baseline/trial_runs/coord_03_train_grad_clip_005/baseline_s2_curve.csv
