[run] method=baseline candidate=coord_02_train_weight_decay_026 seed=2 steps=150 gpu=0
[run] cmd=
/home/zhujjing/anaconda3/envs/moe/bin/python /home/zhujjing/MOE-grad-conflict-routing/scripts/run.py --config configs/singletask_rte_real.yaml --set model.backbone_backend=hf --set model.hf_load_pretrained=true --set model.backbone=roberta --set model.hf_pretrained_name=roberta-base --set model.expert_type=ffn --set model.routing_mode=topk --set model.num_experts=4 --set model.top_k=2 --set seed=2 --set method.name=baseline_avg --set train.steps=150 --set train.eval_every_steps=50 --set train.grad_clip=1 --set train.lr=2.555178414e-05 --set train.weight_decay=0.04603734299 --out /home/zhujjing/MOE-grad-conflict-routing/runs/paper_suite/single_gpu/single_task/roberta_rte_ffn_e4_k2/hpo/baseline/trial_runs/coord_02_train_weight_decay_026/baseline_s2.json --curve_out /home/zhujjing/MOE-grad-conflict-routing/runs/paper_suite/single_gpu/single_task/roberta_rte_ffn_e4_k2/hpo/baseline/trial_runs/coord_02_train_weight_decay_026/baseline_s2_curve.csv
Using the latest cached version of the dataset since glue couldn't be found on the Hugging Face Hub (offline mode is enabled).
Found the latest cached dataset configuration 'rte' at /home/zhujjing/hf_cache/datasets/glue/rte/0.0.0/bcdcba79d07bc864c1c254ccfcedcce55bcc9a8c (last modified on Thu Mar 19 15:00:36 2026).
/home/zhujjing/anaconda3/envs/moe/lib/python3.10/site-packages/transformers/utils/hub.py:124: FutureWarning: Using `TRANSFORMERS_CACHE` is deprecated and will be removed in v5 of Transformers. Use `HF_HOME` instead.
  warnings.warn(
Some weights of RobertaModel were not initialized from the model checkpoint at roberta-base and are newly initialized: ['roberta.pooler.dense.bias', 'roberta.pooler.dense.weight']
You should probably TRAIN this model on a down-stream task to be able to use it for predictions and inference.
[step 0001/150] method=baseline_avg loss=0.6916 train_acc=nan train_loss=nan val_acc=nan val_loss=nan best=-1.0000
[step 0010/150] method=baseline_avg loss=0.7545 train_acc=nan train_loss=nan val_acc=nan val_loss=nan best=-1.0000
[step 0020/150] method=baseline_avg loss=0.6808 train_acc=nan train_loss=nan val_acc=nan val_loss=nan best=-1.0000
[step 0030/150] method=baseline_avg loss=0.7004 train_acc=nan train_loss=nan val_acc=nan val_loss=nan best=-1.0000
[step 0040/150] method=baseline_avg loss=0.7005 train_acc=nan train_loss=nan val_acc=nan val_loss=nan best=-1.0000
[step 0050/150] method=baseline_avg loss=0.5417 train_acc=0.5161 train_loss=0.6748 val_acc=0.5343 val_loss=0.6756 router_H=0.6731 best=0.5343
           router_load=[0.5904449820518494, 0.0, 0.377668559551239, 0.031886447221040726]
[step 0060/150] method=baseline_avg loss=0.6518 train_acc=0.5161 train_loss=0.6748 val_acc=0.5343 val_loss=0.6756 router_H=0.6731 best=0.5343
           router_load=[0.5904449820518494, 0.0, 0.377668559551239, 0.031886447221040726]
[step 0070/150] method=baseline_avg loss=0.6694 train_acc=0.5161 train_loss=0.6748 val_acc=0.5343 val_loss=0.6756 router_H=0.6731 best=0.5343
           router_load=[0.5904449820518494, 0.0, 0.377668559551239, 0.031886447221040726]
[step 0080/150] method=baseline_avg loss=0.6097 train_acc=0.5161 train_loss=0.6748 val_acc=0.5343 val_loss=0.6756 router_H=0.6731 best=0.5343
           router_load=[0.5904449820518494, 0.0, 0.377668559551239, 0.031886447221040726]
[step 0090/150] method=baseline_avg loss=0.5830 train_acc=0.5161 train_loss=0.6748 val_acc=0.5343 val_loss=0.6756 router_H=0.6731 best=0.5343
           router_load=[0.5904449820518494, 0.0, 0.377668559551239, 0.031886447221040726]
[step 0100/150] method=baseline_avg loss=0.6081 train_acc=0.7044 train_loss=0.6098 val_acc=0.6498 val_loss=0.6406 router_H=0.6844 best=0.6498
           router_load=[0.5603001713752747, 0.0, 0.18568336963653564, 0.25401636958122253]
[step 0110/150] method=baseline_avg loss=0.6485 train_acc=0.7044 train_loss=0.6098 val_acc=0.6498 val_loss=0.6406 router_H=0.6844 best=0.6498
           router_load=[0.5603001713752747, 0.0, 0.18568336963653564, 0.25401636958122253]
[step 0120/150] method=baseline_avg loss=0.5532 train_acc=0.7044 train_loss=0.6098 val_acc=0.6498 val_loss=0.6406 router_H=0.6844 best=0.6498
           router_load=[0.5603001713752747, 0.0, 0.18568336963653564, 0.25401636958122253]
[step 0130/150] method=baseline_avg loss=0.6468 train_acc=0.7044 train_loss=0.6098 val_acc=0.6498 val_loss=0.6406 router_H=0.6844 best=0.6498
           router_load=[0.5603001713752747, 0.0, 0.18568336963653564, 0.25401636958122253]
[step 0140/150] method=baseline_avg loss=0.6516 train_acc=0.7044 train_loss=0.6098 val_acc=0.6498 val_loss=0.6406 router_H=0.6844 best=0.6498
           router_load=[0.5603001713752747, 0.0, 0.18568336963653564, 0.25401636958122253]
[step 0150/150] method=baseline_avg loss=0.6449 train_acc=0.6333 train_loss=0.6524 val_acc=0.6318 val_loss=0.6568 router_H=0.6871 best=0.6498
           router_load=[0.5133007168769836, 0.0, 0.06456819176673889, 0.4221310615539551]
saved summary -> /home/zhujjing/MOE-grad-conflict-routing/runs/paper_suite/single_gpu/single_task/roberta_rte_ffn_e4_k2/hpo/baseline/trial_runs/coord_02_train_weight_decay_026/baseline_s2.json
saved curve -> /home/zhujjing/MOE-grad-conflict-routing/runs/paper_suite/single_gpu/single_task/roberta_rte_ffn_e4_k2/hpo/baseline/trial_runs/coord_02_train_weight_decay_026/baseline_s2_curve.csv
