[run] method=baseline candidate=coord_02_train_weight_decay_002 seed=2 steps=150 gpu=0
[run] cmd=
/home/zhujjing/anaconda3/envs/moe/bin/python /home/zhujjing/MOE-grad-conflict-routing/scripts/run.py --config configs/singletask_rte_real.yaml --set model.backbone_backend=hf --set model.hf_load_pretrained=true --set model.backbone=roberta --set model.hf_pretrained_name=roberta-base --set model.expert_type=ffn --set model.routing_mode=topk --set model.num_experts=4 --set model.top_k=2 --set seed=2 --set method.name=baseline_avg --set train.steps=150 --set train.eval_every_steps=50 --set train.grad_clip=1 --set train.lr=2.555178414e-05 --set train.weight_decay=0.03175375625 --out /home/zhujjing/MOE-grad-conflict-routing/runs/paper_suite/single_gpu/single_task/roberta_rte_ffn_e4_k2/hpo/baseline/trial_runs/coord_02_train_weight_decay_002/baseline_s2.json --curve_out /home/zhujjing/MOE-grad-conflict-routing/runs/paper_suite/single_gpu/single_task/roberta_rte_ffn_e4_k2/hpo/baseline/trial_runs/coord_02_train_weight_decay_002/baseline_s2_curve.csv
Using the latest cached version of the dataset since glue couldn't be found on the Hugging Face Hub (offline mode is enabled).
Found the latest cached dataset configuration 'rte' at /home/zhujjing/hf_cache/datasets/glue/rte/0.0.0/bcdcba79d07bc864c1c254ccfcedcce55bcc9a8c (last modified on Thu Mar 19 15:00:36 2026).
/home/zhujjing/anaconda3/envs/moe/lib/python3.10/site-packages/transformers/utils/hub.py:124: FutureWarning: Using `TRANSFORMERS_CACHE` is deprecated and will be removed in v5 of Transformers. Use `HF_HOME` instead.
  warnings.warn(
Some weights of RobertaModel were not initialized from the model checkpoint at roberta-base and are newly initialized: ['roberta.pooler.dense.bias', 'roberta.pooler.dense.weight']
You should probably TRAIN this model on a down-stream task to be able to use it for predictions and inference.
[step 0001/150] method=baseline_avg loss=0.6833 train_acc=nan train_loss=nan val_acc=nan val_loss=nan best=-1.0000
[step 0010/150] method=baseline_avg loss=0.7693 train_acc=nan train_loss=nan val_acc=nan val_loss=nan best=-1.0000
[step 0020/150] method=baseline_avg loss=0.6765 train_acc=nan train_loss=nan val_acc=nan val_loss=nan best=-1.0000
[step 0030/150] method=baseline_avg loss=0.6726 train_acc=nan train_loss=nan val_acc=nan val_loss=nan best=-1.0000
[step 0040/150] method=baseline_avg loss=0.6750 train_acc=nan train_loss=nan val_acc=nan val_loss=nan best=-1.0000
[step 0050/150] method=baseline_avg loss=0.6997 train_acc=0.5165 train_loss=0.6930 val_acc=0.5090 val_loss=0.6930 router_H=0.6931 best=0.5090
           router_load=[0.0, 0.0, 0.5062049031257629, 0.4937950670719147]
[step 0060/150] method=baseline_avg loss=0.6941 train_acc=0.5165 train_loss=0.6930 val_acc=0.5090 val_loss=0.6930 router_H=0.6931 best=0.5090
           router_load=[0.0, 0.0, 0.5062049031257629, 0.4937950670719147]
[step 0070/150] method=baseline_avg loss=0.6968 train_acc=0.5165 train_loss=0.6930 val_acc=0.5090 val_loss=0.6930 router_H=0.6931 best=0.5090
           router_load=[0.0, 0.0, 0.5062049031257629, 0.4937950670719147]
[step 0080/150] method=baseline_avg loss=0.7270 train_acc=0.5165 train_loss=0.6930 val_acc=0.5090 val_loss=0.6930 router_H=0.6931 best=0.5090
           router_load=[0.0, 0.0, 0.5062049031257629, 0.4937950670719147]
[step 0090/150] method=baseline_avg loss=0.6898 train_acc=0.5165 train_loss=0.6930 val_acc=0.5090 val_loss=0.6930 router_H=0.6931 best=0.5090
           router_load=[0.0, 0.0, 0.5062049031257629, 0.4937950670719147]
[step 0100/150] method=baseline_avg loss=0.6882 train_acc=0.4984 train_loss=0.6932 val_acc=0.4729 val_loss=0.6936 router_H=0.6928 best=0.5090
           router_load=[0.0, 0.0, 0.5125129818916321, 0.4874870181083679]
[step 0110/150] method=baseline_avg loss=0.6828 train_acc=0.4984 train_loss=0.6932 val_acc=0.4729 val_loss=0.6936 router_H=0.6928 best=0.5090
           router_load=[0.0, 0.0, 0.5125129818916321, 0.4874870181083679]
[step 0120/150] method=baseline_avg loss=0.7094 train_acc=0.4984 train_loss=0.6932 val_acc=0.4729 val_loss=0.6936 router_H=0.6928 best=0.5090
           router_load=[0.0, 0.0, 0.5125129818916321, 0.4874870181083679]
[step 0130/150] method=baseline_avg loss=0.6859 train_acc=0.4984 train_loss=0.6932 val_acc=0.4729 val_loss=0.6936 router_H=0.6928 best=0.5090
           router_load=[0.0, 0.0, 0.5125129818916321, 0.4874870181083679]
[step 0140/150] method=baseline_avg loss=0.6665 train_acc=0.4984 train_loss=0.6932 val_acc=0.4729 val_loss=0.6936 router_H=0.6928 best=0.5090
           router_load=[0.0, 0.0, 0.5125129818916321, 0.4874870181083679]
[step 0150/150] method=baseline_avg loss=0.6884 train_acc=0.4984 train_loss=0.6939 val_acc=0.4729 val_loss=0.6965 router_H=0.6921 best=0.5090
           router_load=[0.0, 0.0, 0.47756457328796387, 0.5224354267120361]
saved summary -> /home/zhujjing/MOE-grad-conflict-routing/runs/paper_suite/single_gpu/single_task/roberta_rte_ffn_e4_k2/hpo/baseline/trial_runs/coord_02_train_weight_decay_002/baseline_s2.json
saved curve -> /home/zhujjing/MOE-grad-conflict-routing/runs/paper_suite/single_gpu/single_task/roberta_rte_ffn_e4_k2/hpo/baseline/trial_runs/coord_02_train_weight_decay_002/baseline_s2_curve.csv
