[run] method=baseline candidate=coord_02_train_weight_decay_028 seed=2 steps=150 gpu=0
[run] cmd=
/home/zhujjing/anaconda3/envs/moe/bin/python /home/zhujjing/MOE-grad-conflict-routing/scripts/run.py --config configs/singletask_rte_real.yaml --set model.backbone_backend=hf --set model.hf_load_pretrained=true --set model.backbone=roberta --set model.hf_pretrained_name=roberta-base --set model.expert_type=ffn --set model.routing_mode=topk --set model.num_experts=4 --set model.top_k=2 --set seed=2 --set method.name=baseline_avg --set train.steps=150 --set train.eval_every_steps=50 --set train.grad_clip=1 --set train.lr=2.555178414e-05 --set train.weight_decay=0.002392015778 --out /home/zhujjing/MOE-grad-conflict-routing/runs/paper_suite/single_gpu/single_task/roberta_rte_ffn_e4_k2/hpo/baseline/trial_runs/coord_02_train_weight_decay_028/baseline_s2.json --curve_out /home/zhujjing/MOE-grad-conflict-routing/runs/paper_suite/single_gpu/single_task/roberta_rte_ffn_e4_k2/hpo/baseline/trial_runs/coord_02_train_weight_decay_028/baseline_s2_curve.csv
Using the latest cached version of the dataset since glue couldn't be found on the Hugging Face Hub (offline mode is enabled).
Found the latest cached dataset configuration 'rte' at /home/zhujjing/hf_cache/datasets/glue/rte/0.0.0/bcdcba79d07bc864c1c254ccfcedcce55bcc9a8c (last modified on Thu Mar 19 15:00:36 2026).
/home/zhujjing/anaconda3/envs/moe/lib/python3.10/site-packages/transformers/utils/hub.py:124: FutureWarning: Using `TRANSFORMERS_CACHE` is deprecated and will be removed in v5 of Transformers. Use `HF_HOME` instead.
  warnings.warn(
Some weights of RobertaModel were not initialized from the model checkpoint at roberta-base and are newly initialized: ['roberta.pooler.dense.bias', 'roberta.pooler.dense.weight']
You should probably TRAIN this model on a down-stream task to be able to use it for predictions and inference.
[step 0001/150] method=baseline_avg loss=0.6865 train_acc=nan train_loss=nan val_acc=nan val_loss=nan best=-1.0000
[step 0010/150] method=baseline_avg loss=0.7406 train_acc=nan train_loss=nan val_acc=nan val_loss=nan best=-1.0000
[step 0020/150] method=baseline_avg loss=0.6897 train_acc=nan train_loss=nan val_acc=nan val_loss=nan best=-1.0000
[step 0030/150] method=baseline_avg loss=0.6974 train_acc=nan train_loss=nan val_acc=nan val_loss=nan best=-1.0000
[step 0040/150] method=baseline_avg loss=0.6946 train_acc=nan train_loss=nan val_acc=nan val_loss=nan best=-1.0000
[step 0050/150] method=baseline_avg loss=0.5922 train_acc=0.5032 train_loss=0.6807 val_acc=0.5271 val_loss=0.6718 router_H=0.6791 best=0.5271
           router_load=[0.0063576712273061275, 0.000855744699947536, 0.4706571698188782, 0.522129476070404]
[step 0060/150] method=baseline_avg loss=0.6871 train_acc=0.5032 train_loss=0.6807 val_acc=0.5271 val_loss=0.6718 router_H=0.6791 best=0.5271
           router_load=[0.0063576712273061275, 0.000855744699947536, 0.4706571698188782, 0.522129476070404]
[step 0070/150] method=baseline_avg loss=0.6965 train_acc=0.5032 train_loss=0.6807 val_acc=0.5271 val_loss=0.6718 router_H=0.6791 best=0.5271
           router_load=[0.0063576712273061275, 0.000855744699947536, 0.4706571698188782, 0.522129476070404]
[step 0080/150] method=baseline_avg loss=0.6130 train_acc=0.5032 train_loss=0.6807 val_acc=0.5271 val_loss=0.6718 router_H=0.6791 best=0.5271
           router_load=[0.0063576712273061275, 0.000855744699947536, 0.4706571698188782, 0.522129476070404]
[step 0090/150] method=baseline_avg loss=0.8529 train_acc=0.5032 train_loss=0.6807 val_acc=0.5271 val_loss=0.6718 router_H=0.6791 best=0.5271
           router_load=[0.0063576712273061275, 0.000855744699947536, 0.4706571698188782, 0.522129476070404]
[step 0100/150] method=baseline_avg loss=0.6731 train_acc=0.6486 train_loss=0.6283 val_acc=0.5704 val_loss=0.6661 router_H=0.6234 best=0.5704
           router_load=[0.05093413218855858, 0.0, 0.6490148305892944, 0.3000510334968567]
[step 0110/150] method=baseline_avg loss=0.6307 train_acc=0.6486 train_loss=0.6283 val_acc=0.5704 val_loss=0.6661 router_H=0.6234 best=0.5704
           router_load=[0.05093413218855858, 0.0, 0.6490148305892944, 0.3000510334968567]
[step 0120/150] method=baseline_avg loss=0.5587 train_acc=0.6486 train_loss=0.6283 val_acc=0.5704 val_loss=0.6661 router_H=0.6234 best=0.5704
           router_load=[0.05093413218855858, 0.0, 0.6490148305892944, 0.3000510334968567]
[step 0130/150] method=baseline_avg loss=0.6298 train_acc=0.6486 train_loss=0.6283 val_acc=0.5704 val_loss=0.6661 router_H=0.6234 best=0.5704
           router_load=[0.05093413218855858, 0.0, 0.6490148305892944, 0.3000510334968567]
[step 0140/150] method=baseline_avg loss=0.7129 train_acc=0.6486 train_loss=0.6283 val_acc=0.5704 val_loss=0.6661 router_H=0.6234 best=0.5704
           router_load=[0.05093413218855858, 0.0, 0.6490148305892944, 0.3000510334968567]
[step 0150/150] method=baseline_avg loss=0.6550 train_acc=0.7237 train_loss=0.6120 val_acc=0.7004 val_loss=0.6346 router_H=0.6719 best=0.7004
           router_load=[0.01708855666220188, 0.0, 0.4738215506076813, 0.509090006351471]
saved summary -> /home/zhujjing/MOE-grad-conflict-routing/runs/paper_suite/single_gpu/single_task/roberta_rte_ffn_e4_k2/hpo/baseline/trial_runs/coord_02_train_weight_decay_028/baseline_s2.json
saved curve -> /home/zhujjing/MOE-grad-conflict-routing/runs/paper_suite/single_gpu/single_task/roberta_rte_ffn_e4_k2/hpo/baseline/trial_runs/coord_02_train_weight_decay_028/baseline_s2_curve.csv
