[run] method=baseline candidate=coord_02_train_weight_decay_012 seed=3 steps=150 gpu=0
[run] cmd=
/home/zhujjing/anaconda3/envs/moe/bin/python /home/zhujjing/MOE-grad-conflict-routing/scripts/run.py --config configs/singletask_rte_real.yaml --set model.backbone_backend=hf --set model.hf_load_pretrained=true --set model.backbone=roberta --set model.hf_pretrained_name=roberta-base --set model.expert_type=ffn --set model.routing_mode=topk --set model.num_experts=4 --set model.top_k=2 --set seed=3 --set method.name=baseline_avg --set train.steps=150 --set train.eval_every_steps=50 --set train.grad_clip=1 --set train.lr=2.555178414e-05 --set train.weight_decay=0.02770196132 --out /home/zhujjing/MOE-grad-conflict-routing/runs/paper_suite/single_gpu/single_task/roberta_rte_ffn_e4_k2/hpo/baseline/trial_runs/coord_02_train_weight_decay_012/baseline_s3.json --curve_out /home/zhujjing/MOE-grad-conflict-routing/runs/paper_suite/single_gpu/single_task/roberta_rte_ffn_e4_k2/hpo/baseline/trial_runs/coord_02_train_weight_decay_012/baseline_s3_curve.csv
Using the latest cached version of the dataset since glue couldn't be found on the Hugging Face Hub (offline mode is enabled).
Found the latest cached dataset configuration 'rte' at /home/zhujjing/hf_cache/datasets/glue/rte/0.0.0/bcdcba79d07bc864c1c254ccfcedcce55bcc9a8c (last modified on Thu Mar 19 15:00:36 2026).
/home/zhujjing/anaconda3/envs/moe/lib/python3.10/site-packages/transformers/utils/hub.py:124: FutureWarning: Using `TRANSFORMERS_CACHE` is deprecated and will be removed in v5 of Transformers. Use `HF_HOME` instead.
  warnings.warn(
Some weights of RobertaModel were not initialized from the model checkpoint at roberta-base and are newly initialized: ['roberta.pooler.dense.bias', 'roberta.pooler.dense.weight']
You should probably TRAIN this model on a down-stream task to be able to use it for predictions and inference.
[step 0001/150] method=baseline_avg loss=0.7006 train_acc=nan train_loss=nan val_acc=nan val_loss=nan best=-1.0000
[step 0010/150] method=baseline_avg loss=0.7146 train_acc=nan train_loss=nan val_acc=nan val_loss=nan best=-1.0000
[step 0020/150] method=baseline_avg loss=0.6906 train_acc=nan train_loss=nan val_acc=nan val_loss=nan best=-1.0000
[step 0030/150] method=baseline_avg loss=0.6926 train_acc=nan train_loss=nan val_acc=nan val_loss=nan best=-1.0000
[step 0040/150] method=baseline_avg loss=0.6565 train_acc=nan train_loss=nan val_acc=nan val_loss=nan best=-1.0000
[step 0050/150] method=baseline_avg loss=0.6235 train_acc=0.6353 train_loss=0.6501 val_acc=0.6318 val_loss=0.6538 router_H=0.5881 best=0.6318
           router_load=[0.014048617333173752, 0.1395108997821808, 0.12311646342277527, 0.7233239412307739]
[step 0060/150] method=baseline_avg loss=0.6290 train_acc=0.6353 train_loss=0.6501 val_acc=0.6318 val_loss=0.6538 router_H=0.5881 best=0.6318
           router_load=[0.014048617333173752, 0.1395108997821808, 0.12311646342277527, 0.7233239412307739]
[step 0070/150] method=baseline_avg loss=0.6939 train_acc=0.6353 train_loss=0.6501 val_acc=0.6318 val_loss=0.6538 router_H=0.5881 best=0.6318
           router_load=[0.014048617333173752, 0.1395108997821808, 0.12311646342277527, 0.7233239412307739]
[step 0080/150] method=baseline_avg loss=0.6295 train_acc=0.6353 train_loss=0.6501 val_acc=0.6318 val_loss=0.6538 router_H=0.5881 best=0.6318
           router_load=[0.014048617333173752, 0.1395108997821808, 0.12311646342277527, 0.7233239412307739]
[step 0090/150] method=baseline_avg loss=0.5989 train_acc=0.6353 train_loss=0.6501 val_acc=0.6318 val_loss=0.6538 router_H=0.5881 best=0.6318
           router_load=[0.014048617333173752, 0.1395108997821808, 0.12311646342277527, 0.7233239412307739]
[step 0100/150] method=baseline_avg loss=0.6363 train_acc=0.7060 train_loss=0.6071 val_acc=0.6679 val_loss=0.6288 router_H=0.6441 best=0.6679
           router_load=[0.0, 0.23336929082870483, 0.12215709686279297, 0.6444736123085022]
[step 0110/150] method=baseline_avg loss=0.5786 train_acc=0.7060 train_loss=0.6071 val_acc=0.6679 val_loss=0.6288 router_H=0.6441 best=0.6679
           router_load=[0.0, 0.23336929082870483, 0.12215709686279297, 0.6444736123085022]
[step 0120/150] method=baseline_avg loss=0.6821 train_acc=0.7060 train_loss=0.6071 val_acc=0.6679 val_loss=0.6288 router_H=0.6441 best=0.6679
           router_load=[0.0, 0.23336929082870483, 0.12215709686279297, 0.6444736123085022]
[step 0130/150] method=baseline_avg loss=0.5906 train_acc=0.7060 train_loss=0.6071 val_acc=0.6679 val_loss=0.6288 router_H=0.6441 best=0.6679
           router_load=[0.0, 0.23336929082870483, 0.12215709686279297, 0.6444736123085022]
[step 0140/150] method=baseline_avg loss=0.6637 train_acc=0.7060 train_loss=0.6071 val_acc=0.6679 val_loss=0.6288 router_H=0.6441 best=0.6679
           router_load=[0.0, 0.23336929082870483, 0.12215709686279297, 0.6444736123085022]
[step 0150/150] method=baseline_avg loss=0.6139 train_acc=0.7526 train_loss=0.5819 val_acc=0.6679 val_loss=0.6237 router_H=0.6706 best=0.6679
           router_load=[0.0, 0.31371331214904785, 0.10211869329214096, 0.5841678380966187]
saved summary -> /home/zhujjing/MOE-grad-conflict-routing/runs/paper_suite/single_gpu/single_task/roberta_rte_ffn_e4_k2/hpo/baseline/trial_runs/coord_02_train_weight_decay_012/baseline_s3.json
saved curve -> /home/zhujjing/MOE-grad-conflict-routing/runs/paper_suite/single_gpu/single_task/roberta_rte_ffn_e4_k2/hpo/baseline/trial_runs/coord_02_train_weight_decay_012/baseline_s3_curve.csv
