[run] method=baseline candidate=coord_02_train_weight_decay_023 seed=3 steps=150 gpu=0
[run] cmd=
/home/zhujjing/anaconda3/envs/moe/bin/python /home/zhujjing/MOE-grad-conflict-routing/scripts/run.py --config configs/singletask_rte_real.yaml --set model.backbone_backend=hf --set model.hf_load_pretrained=true --set model.backbone=roberta --set model.hf_pretrained_name=roberta-base --set model.expert_type=ffn --set model.routing_mode=topk --set model.num_experts=4 --set model.top_k=2 --set seed=3 --set method.name=baseline_avg --set train.steps=150 --set train.eval_every_steps=50 --set train.grad_clip=1 --set train.lr=2.555178414e-05 --set train.weight_decay=0.01901080581 --out /home/zhujjing/MOE-grad-conflict-routing/runs/paper_suite/single_gpu/single_task/roberta_rte_ffn_e4_k2/hpo/baseline/trial_runs/coord_02_train_weight_decay_023/baseline_s3.json --curve_out /home/zhujjing/MOE-grad-conflict-routing/runs/paper_suite/single_gpu/single_task/roberta_rte_ffn_e4_k2/hpo/baseline/trial_runs/coord_02_train_weight_decay_023/baseline_s3_curve.csv
Using the latest cached version of the dataset since glue couldn't be found on the Hugging Face Hub (offline mode is enabled).
Found the latest cached dataset configuration 'rte' at /home/zhujjing/hf_cache/datasets/glue/rte/0.0.0/bcdcba79d07bc864c1c254ccfcedcce55bcc9a8c (last modified on Thu Mar 19 15:00:36 2026).
/home/zhujjing/anaconda3/envs/moe/lib/python3.10/site-packages/transformers/utils/hub.py:124: FutureWarning: Using `TRANSFORMERS_CACHE` is deprecated and will be removed in v5 of Transformers. Use `HF_HOME` instead.
  warnings.warn(
Some weights of RobertaModel were not initialized from the model checkpoint at roberta-base and are newly initialized: ['roberta.pooler.dense.bias', 'roberta.pooler.dense.weight']
You should probably TRAIN this model on a down-stream task to be able to use it for predictions and inference.
[step 0001/150] method=baseline_avg loss=0.6904 train_acc=nan train_loss=nan val_acc=nan val_loss=nan best=-1.0000
[step 0010/150] method=baseline_avg loss=0.6981 train_acc=nan train_loss=nan val_acc=nan val_loss=nan best=-1.0000
[step 0020/150] method=baseline_avg loss=0.6926 train_acc=nan train_loss=nan val_acc=nan val_loss=nan best=-1.0000
[step 0030/150] method=baseline_avg loss=0.6800 train_acc=nan train_loss=nan val_acc=nan val_loss=nan best=-1.0000
[step 0040/150] method=baseline_avg loss=0.6879 train_acc=nan train_loss=nan val_acc=nan val_loss=nan best=-1.0000
[step 0050/150] method=baseline_avg loss=0.5858 train_acc=0.6229 train_loss=0.6519 val_acc=0.6065 val_loss=0.6746 router_H=0.6651 best=0.6065
           router_load=[0.10516850650310516, 0.451205313205719, 0.0023454001639038324, 0.4412807524204254]
[step 0060/150] method=baseline_avg loss=0.6447 train_acc=0.6229 train_loss=0.6519 val_acc=0.6065 val_loss=0.6746 router_H=0.6651 best=0.6065
           router_load=[0.10516850650310516, 0.451205313205719, 0.0023454001639038324, 0.4412807524204254]
[step 0070/150] method=baseline_avg loss=0.7500 train_acc=0.6229 train_loss=0.6519 val_acc=0.6065 val_loss=0.6746 router_H=0.6651 best=0.6065
           router_load=[0.10516850650310516, 0.451205313205719, 0.0023454001639038324, 0.4412807524204254]
[step 0080/150] method=baseline_avg loss=0.5646 train_acc=0.6229 train_loss=0.6519 val_acc=0.6065 val_loss=0.6746 router_H=0.6651 best=0.6065
           router_load=[0.10516850650310516, 0.451205313205719, 0.0023454001639038324, 0.4412807524204254]
[step 0090/150] method=baseline_avg loss=0.5229 train_acc=0.6229 train_loss=0.6519 val_acc=0.6065 val_loss=0.6746 router_H=0.6651 best=0.6065
           router_load=[0.10516850650310516, 0.451205313205719, 0.0023454001639038324, 0.4412807524204254]
[step 0100/150] method=baseline_avg loss=0.6803 train_acc=0.6968 train_loss=0.5962 val_acc=0.6498 val_loss=0.6192 router_H=0.6790 best=0.6498
           router_load=[0.0, 0.4513297379016876, 0.0, 0.5486701726913452]
[step 0110/150] method=baseline_avg loss=0.5713 train_acc=0.6968 train_loss=0.5962 val_acc=0.6498 val_loss=0.6192 router_H=0.6790 best=0.6498
           router_load=[0.0, 0.4513297379016876, 0.0, 0.5486701726913452]
[step 0120/150] method=baseline_avg loss=0.7542 train_acc=0.6968 train_loss=0.5962 val_acc=0.6498 val_loss=0.6192 router_H=0.6790 best=0.6498
           router_load=[0.0, 0.4513297379016876, 0.0, 0.5486701726913452]
[step 0130/150] method=baseline_avg loss=0.6511 train_acc=0.6968 train_loss=0.5962 val_acc=0.6498 val_loss=0.6192 router_H=0.6790 best=0.6498
           router_load=[0.0, 0.4513297379016876, 0.0, 0.5486701726913452]
[step 0140/150] method=baseline_avg loss=0.6282 train_acc=0.6968 train_loss=0.5962 val_acc=0.6498 val_loss=0.6192 router_H=0.6790 best=0.6498
           router_load=[0.0, 0.4513297379016876, 0.0, 0.5486701726913452]
[step 0150/150] method=baseline_avg loss=0.5117 train_acc=0.7112 train_loss=0.5625 val_acc=0.6570 val_loss=0.6234 router_H=0.6798 best=0.6570
           router_load=[0.0, 0.44666793942451477, 0.0, 0.5533320307731628]
saved summary -> /home/zhujjing/MOE-grad-conflict-routing/runs/paper_suite/single_gpu/single_task/roberta_rte_ffn_e4_k2/hpo/baseline/trial_runs/coord_02_train_weight_decay_023/baseline_s3.json
saved curve -> /home/zhujjing/MOE-grad-conflict-routing/runs/paper_suite/single_gpu/single_task/roberta_rte_ffn_e4_k2/hpo/baseline/trial_runs/coord_02_train_weight_decay_023/baseline_s3_curve.csv
