[run] method=baseline candidate=coord_02_train_weight_decay_007 seed=2 steps=150 gpu=0
[run] cmd=
/home/zhujjing/anaconda3/envs/moe/bin/python /home/zhujjing/MOE-grad-conflict-routing/scripts/run.py --config configs/singletask_rte_real.yaml --set model.backbone_backend=hf --set model.hf_load_pretrained=true --set model.backbone=roberta --set model.hf_pretrained_name=roberta-base --set model.expert_type=ffn --set model.routing_mode=topk --set model.num_experts=4 --set model.top_k=2 --set seed=2 --set method.name=baseline_avg --set train.steps=150 --set train.eval_every_steps=50 --set train.grad_clip=1 --set train.lr=2.555178414e-05 --set train.weight_decay=0.007589584458 --out /home/zhujjing/MOE-grad-conflict-routing/runs/paper_suite/single_gpu/single_task/roberta_rte_ffn_e4_k2/hpo/baseline/trial_runs/coord_02_train_weight_decay_007/baseline_s2.json --curve_out /home/zhujjing/MOE-grad-conflict-routing/runs/paper_suite/single_gpu/single_task/roberta_rte_ffn_e4_k2/hpo/baseline/trial_runs/coord_02_train_weight_decay_007/baseline_s2_curve.csv
Using the latest cached version of the dataset since glue couldn't be found on the Hugging Face Hub (offline mode is enabled).
Found the latest cached dataset configuration 'rte' at /home/zhujjing/hf_cache/datasets/glue/rte/0.0.0/bcdcba79d07bc864c1c254ccfcedcce55bcc9a8c (last modified on Thu Mar 19 15:00:36 2026).
/home/zhujjing/anaconda3/envs/moe/lib/python3.10/site-packages/transformers/utils/hub.py:124: FutureWarning: Using `TRANSFORMERS_CACHE` is deprecated and will be removed in v5 of Transformers. Use `HF_HOME` instead.
  warnings.warn(
Some weights of RobertaModel were not initialized from the model checkpoint at roberta-base and are newly initialized: ['roberta.pooler.dense.bias', 'roberta.pooler.dense.weight']
You should probably TRAIN this model on a down-stream task to be able to use it for predictions and inference.
[step 0001/150] method=baseline_avg loss=0.6862 train_acc=nan train_loss=nan val_acc=nan val_loss=nan best=-1.0000
[step 0010/150] method=baseline_avg loss=0.7622 train_acc=nan train_loss=nan val_acc=nan val_loss=nan best=-1.0000
[step 0020/150] method=baseline_avg loss=0.6777 train_acc=nan train_loss=nan val_acc=nan val_loss=nan best=-1.0000
[step 0030/150] method=baseline_avg loss=0.6967 train_acc=nan train_loss=nan val_acc=nan val_loss=nan best=-1.0000
[step 0040/150] method=baseline_avg loss=0.6978 train_acc=nan train_loss=nan val_acc=nan val_loss=nan best=-1.0000
[step 0050/150] method=baseline_avg loss=0.6026 train_acc=0.5016 train_loss=0.6807 val_acc=0.5271 val_loss=0.6756 router_H=0.5677 best=0.5271
           router_load=[0.2413027435541153, 0.014469075947999954, 0.0008255644352175295, 0.7434027194976807]
[step 0060/150] method=baseline_avg loss=0.6807 train_acc=0.5016 train_loss=0.6807 val_acc=0.5271 val_loss=0.6756 router_H=0.5677 best=0.5271
           router_load=[0.2413027435541153, 0.014469075947999954, 0.0008255644352175295, 0.7434027194976807]
[step 0070/150] method=baseline_avg loss=0.6803 train_acc=0.5016 train_loss=0.6807 val_acc=0.5271 val_loss=0.6756 router_H=0.5677 best=0.5271
           router_load=[0.2413027435541153, 0.014469075947999954, 0.0008255644352175295, 0.7434027194976807]
[step 0080/150] method=baseline_avg loss=0.6506 train_acc=0.5016 train_loss=0.6807 val_acc=0.5271 val_loss=0.6756 router_H=0.5677 best=0.5271
           router_load=[0.2413027435541153, 0.014469075947999954, 0.0008255644352175295, 0.7434027194976807]
[step 0090/150] method=baseline_avg loss=0.7062 train_acc=0.5016 train_loss=0.6807 val_acc=0.5271 val_loss=0.6756 router_H=0.5677 best=0.5271
           router_load=[0.2413027435541153, 0.014469075947999954, 0.0008255644352175295, 0.7434027194976807]
[step 0100/150] method=baseline_avg loss=0.6186 train_acc=0.6791 train_loss=0.5869 val_acc=0.6029 val_loss=0.6581 router_H=0.4347 best=0.6029
           router_load=[0.03520871698856354, 0.0075168246403336525, 0.12828440964221954, 0.8289899826049805]
[step 0110/150] method=baseline_avg loss=0.5755 train_acc=0.6791 train_loss=0.5869 val_acc=0.6029 val_loss=0.6581 router_H=0.4347 best=0.6029
           router_load=[0.03520871698856354, 0.0075168246403336525, 0.12828440964221954, 0.8289899826049805]
[step 0120/150] method=baseline_avg loss=0.5243 train_acc=0.6791 train_loss=0.5869 val_acc=0.6029 val_loss=0.6581 router_H=0.4347 best=0.6029
           router_load=[0.03520871698856354, 0.0075168246403336525, 0.12828440964221954, 0.8289899826049805]
[step 0130/150] method=baseline_avg loss=0.4809 train_acc=0.6791 train_loss=0.5869 val_acc=0.6029 val_loss=0.6581 router_H=0.4347 best=0.6029
           router_load=[0.03520871698856354, 0.0075168246403336525, 0.12828440964221954, 0.8289899826049805]
[step 0140/150] method=baseline_avg loss=0.6590 train_acc=0.6791 train_loss=0.5869 val_acc=0.6029 val_loss=0.6581 router_H=0.4347 best=0.6029
           router_load=[0.03520871698856354, 0.0075168246403336525, 0.12828440964221954, 0.8289899826049805]
[step 0150/150] method=baseline_avg loss=0.6523 train_acc=0.7149 train_loss=0.6430 val_acc=0.6606 val_loss=0.6520 router_H=0.6593 best=0.6606
           router_load=[0.22978009283542633, 0.10654857009649277, 0.05337990075349808, 0.6102914214134216]
saved summary -> /home/zhujjing/MOE-grad-conflict-routing/runs/paper_suite/single_gpu/single_task/roberta_rte_ffn_e4_k2/hpo/baseline/trial_runs/coord_02_train_weight_decay_007/baseline_s2.json
saved curve -> /home/zhujjing/MOE-grad-conflict-routing/runs/paper_suite/single_gpu/single_task/roberta_rte_ffn_e4_k2/hpo/baseline/trial_runs/coord_02_train_weight_decay_007/baseline_s2_curve.csv
