[run] method=baseline candidate=coord_02_train_weight_decay_022 seed=2 steps=150 gpu=0
[run] cmd=
/home/zhujjing/anaconda3/envs/moe/bin/python /home/zhujjing/MOE-grad-conflict-routing/scripts/run.py --config configs/singletask_rte_real.yaml --set model.backbone_backend=hf --set model.hf_load_pretrained=true --set model.backbone=roberta --set model.hf_pretrained_name=roberta-base --set model.expert_type=ffn --set model.routing_mode=topk --set model.num_experts=4 --set model.top_k=2 --set seed=2 --set method.name=baseline_avg --set train.steps=150 --set train.eval_every_steps=50 --set train.grad_clip=1 --set train.lr=2.555178414e-05 --set train.weight_decay=0.04115829834 --out /home/zhujjing/MOE-grad-conflict-routing/runs/paper_suite/single_gpu/single_task/roberta_rte_ffn_e4_k2/hpo/baseline/trial_runs/coord_02_train_weight_decay_022/baseline_s2.json --curve_out /home/zhujjing/MOE-grad-conflict-routing/runs/paper_suite/single_gpu/single_task/roberta_rte_ffn_e4_k2/hpo/baseline/trial_runs/coord_02_train_weight_decay_022/baseline_s2_curve.csv
Using the latest cached version of the dataset since glue couldn't be found on the Hugging Face Hub (offline mode is enabled).
Found the latest cached dataset configuration 'rte' at /home/zhujjing/hf_cache/datasets/glue/rte/0.0.0/bcdcba79d07bc864c1c254ccfcedcce55bcc9a8c (last modified on Thu Mar 19 15:00:36 2026).
/home/zhujjing/anaconda3/envs/moe/lib/python3.10/site-packages/transformers/utils/hub.py:124: FutureWarning: Using `TRANSFORMERS_CACHE` is deprecated and will be removed in v5 of Transformers. Use `HF_HOME` instead.
  warnings.warn(
Some weights of RobertaModel were not initialized from the model checkpoint at roberta-base and are newly initialized: ['roberta.pooler.dense.bias', 'roberta.pooler.dense.weight']
You should probably TRAIN this model on a down-stream task to be able to use it for predictions and inference.
[step 0001/150] method=baseline_avg loss=0.6859 train_acc=nan train_loss=nan val_acc=nan val_loss=nan best=-1.0000
[step 0010/150] method=baseline_avg loss=0.7623 train_acc=nan train_loss=nan val_acc=nan val_loss=nan best=-1.0000
[step 0020/150] method=baseline_avg loss=0.6742 train_acc=nan train_loss=nan val_acc=nan val_loss=nan best=-1.0000
[step 0030/150] method=baseline_avg loss=0.6972 train_acc=nan train_loss=nan val_acc=nan val_loss=nan best=-1.0000
[step 0040/150] method=baseline_avg loss=0.7005 train_acc=nan train_loss=nan val_acc=nan val_loss=nan best=-1.0000
[step 0050/150] method=baseline_avg loss=0.5182 train_acc=0.5679 train_loss=0.6816 val_acc=0.5704 val_loss=0.6783 router_H=0.6742 best=0.5704
           router_load=[0.5718362331390381, 0.005672231782227755, 0.37132424116134644, 0.0511673167347908]
[step 0060/150] method=baseline_avg loss=0.6648 train_acc=0.5679 train_loss=0.6816 val_acc=0.5704 val_loss=0.6783 router_H=0.6742 best=0.5704
           router_load=[0.5718362331390381, 0.005672231782227755, 0.37132424116134644, 0.0511673167347908]
[step 0070/150] method=baseline_avg loss=0.6659 train_acc=0.5679 train_loss=0.6816 val_acc=0.5704 val_loss=0.6783 router_H=0.6742 best=0.5704
           router_load=[0.5718362331390381, 0.005672231782227755, 0.37132424116134644, 0.0511673167347908]
[step 0080/150] method=baseline_avg loss=0.7224 train_acc=0.5679 train_loss=0.6816 val_acc=0.5704 val_loss=0.6783 router_H=0.6742 best=0.5704
           router_load=[0.5718362331390381, 0.005672231782227755, 0.37132424116134644, 0.0511673167347908]
[step 0090/150] method=baseline_avg loss=0.8868 train_acc=0.5679 train_loss=0.6816 val_acc=0.5704 val_loss=0.6783 router_H=0.6742 best=0.5704
           router_load=[0.5718362331390381, 0.005672231782227755, 0.37132424116134644, 0.0511673167347908]
[step 0100/150] method=baseline_avg loss=0.6997 train_acc=0.5815 train_loss=0.6676 val_acc=0.5596 val_loss=0.6847 router_H=0.6826 best=0.5704
           router_load=[0.3318232297897339, 0.0, 0.5614504218101501, 0.10672627389431]
[step 0110/150] method=baseline_avg loss=0.6416 train_acc=0.5815 train_loss=0.6676 val_acc=0.5596 val_loss=0.6847 router_H=0.6826 best=0.5704
           router_load=[0.3318232297897339, 0.0, 0.5614504218101501, 0.10672627389431]
[step 0120/150] method=baseline_avg loss=0.6560 train_acc=0.5815 train_loss=0.6676 val_acc=0.5596 val_loss=0.6847 router_H=0.6826 best=0.5704
           router_load=[0.3318232297897339, 0.0, 0.5614504218101501, 0.10672627389431]
[step 0130/150] method=baseline_avg loss=0.6026 train_acc=0.5815 train_loss=0.6676 val_acc=0.5596 val_loss=0.6847 router_H=0.6826 best=0.5704
           router_load=[0.3318232297897339, 0.0, 0.5614504218101501, 0.10672627389431]
[step 0140/150] method=baseline_avg loss=0.6300 train_acc=0.5815 train_loss=0.6676 val_acc=0.5596 val_loss=0.6847 router_H=0.6826 best=0.5704
           router_load=[0.3318232297897339, 0.0, 0.5614504218101501, 0.10672627389431]
[step 0150/150] method=baseline_avg loss=0.6544 train_acc=0.6542 train_loss=0.6380 val_acc=0.6498 val_loss=0.6415 router_H=0.6857 best=0.6498
           router_load=[0.20253634452819824, 0.0, 0.5465592741966248, 0.2509044408798218]
saved summary -> /home/zhujjing/MOE-grad-conflict-routing/runs/paper_suite/single_gpu/single_task/roberta_rte_ffn_e4_k2/hpo/baseline/trial_runs/coord_02_train_weight_decay_022/baseline_s2.json
saved curve -> /home/zhujjing/MOE-grad-conflict-routing/runs/paper_suite/single_gpu/single_task/roberta_rte_ffn_e4_k2/hpo/baseline/trial_runs/coord_02_train_weight_decay_022/baseline_s2_curve.csv
