[run] method=baseline candidate=coord_02_train_weight_decay_019 seed=3 steps=150 gpu=0
[run] cmd=
/home/zhujjing/anaconda3/envs/moe/bin/python /home/zhujjing/MOE-grad-conflict-routing/scripts/run.py --config configs/singletask_rte_real.yaml --set model.backbone_backend=hf --set model.hf_load_pretrained=true --set model.backbone=roberta --set model.hf_pretrained_name=roberta-base --set model.expert_type=ffn --set model.routing_mode=topk --set model.num_experts=4 --set model.top_k=2 --set seed=3 --set method.name=baseline_avg --set train.steps=150 --set train.eval_every_steps=50 --set train.grad_clip=1 --set train.lr=2.555178414e-05 --set train.weight_decay=0.03290476974 --out /home/zhujjing/MOE-grad-conflict-routing/runs/paper_suite/single_gpu/single_task/roberta_rte_ffn_e4_k2/hpo/baseline/trial_runs/coord_02_train_weight_decay_019/baseline_s3.json --curve_out /home/zhujjing/MOE-grad-conflict-routing/runs/paper_suite/single_gpu/single_task/roberta_rte_ffn_e4_k2/hpo/baseline/trial_runs/coord_02_train_weight_decay_019/baseline_s3_curve.csv
Using the latest cached version of the dataset since glue couldn't be found on the Hugging Face Hub (offline mode is enabled).
Found the latest cached dataset configuration 'rte' at /home/zhujjing/hf_cache/datasets/glue/rte/0.0.0/bcdcba79d07bc864c1c254ccfcedcce55bcc9a8c (last modified on Thu Mar 19 15:00:36 2026).
/home/zhujjing/anaconda3/envs/moe/lib/python3.10/site-packages/transformers/utils/hub.py:124: FutureWarning: Using `TRANSFORMERS_CACHE` is deprecated and will be removed in v5 of Transformers. Use `HF_HOME` instead.
  warnings.warn(
Some weights of RobertaModel were not initialized from the model checkpoint at roberta-base and are newly initialized: ['roberta.pooler.dense.bias', 'roberta.pooler.dense.weight']
You should probably TRAIN this model on a down-stream task to be able to use it for predictions and inference.
[step 0001/150] method=baseline_avg loss=0.6951 train_acc=nan train_loss=nan val_acc=nan val_loss=nan best=-1.0000
[step 0010/150] method=baseline_avg loss=0.7175 train_acc=nan train_loss=nan val_acc=nan val_loss=nan best=-1.0000
[step 0020/150] method=baseline_avg loss=0.6872 train_acc=nan train_loss=nan val_acc=nan val_loss=nan best=-1.0000
[step 0030/150] method=baseline_avg loss=0.6752 train_acc=nan train_loss=nan val_acc=nan val_loss=nan best=-1.0000
[step 0040/150] method=baseline_avg loss=0.6571 train_acc=nan train_loss=nan val_acc=nan val_loss=nan best=-1.0000
[step 0050/150] method=baseline_avg loss=0.6670 train_acc=0.5663 train_loss=0.6849 val_acc=0.5523 val_loss=0.6897 router_H=0.5978 best=0.5523
           router_load=[0.10273540019989014, 0.011931001208722591, 0.17126810550689697, 0.7140653729438782]
[step 0060/150] method=baseline_avg loss=0.6669 train_acc=0.5663 train_loss=0.6849 val_acc=0.5523 val_loss=0.6897 router_H=0.5978 best=0.5523
           router_load=[0.10273540019989014, 0.011931001208722591, 0.17126810550689697, 0.7140653729438782]
[step 0070/150] method=baseline_avg loss=0.7075 train_acc=0.5663 train_loss=0.6849 val_acc=0.5523 val_loss=0.6897 router_H=0.5978 best=0.5523
           router_load=[0.10273540019989014, 0.011931001208722591, 0.17126810550689697, 0.7140653729438782]
[step 0080/150] method=baseline_avg loss=0.6352 train_acc=0.5663 train_loss=0.6849 val_acc=0.5523 val_loss=0.6897 router_H=0.5978 best=0.5523
           router_load=[0.10273540019989014, 0.011931001208722591, 0.17126810550689697, 0.7140653729438782]
[step 0090/150] method=baseline_avg loss=0.6057 train_acc=0.5663 train_loss=0.6849 val_acc=0.5523 val_loss=0.6897 router_H=0.5978 best=0.5523
           router_load=[0.10273540019989014, 0.011931001208722591, 0.17126810550689697, 0.7140653729438782]
[step 0100/150] method=baseline_avg loss=0.6258 train_acc=0.6530 train_loss=0.6231 val_acc=0.6426 val_loss=0.6357 router_H=0.4748 best=0.6426
           router_load=[0.15274006128311157, 0.027933858335018158, 0.007050308398902416, 0.812275767326355]
[step 0110/150] method=baseline_avg loss=0.6516 train_acc=0.6530 train_loss=0.6231 val_acc=0.6426 val_loss=0.6357 router_H=0.4748 best=0.6426
           router_load=[0.15274006128311157, 0.027933858335018158, 0.007050308398902416, 0.812275767326355]
[step 0120/150] method=baseline_avg loss=0.6282 train_acc=0.6530 train_loss=0.6231 val_acc=0.6426 val_loss=0.6357 router_H=0.4748 best=0.6426
           router_load=[0.15274006128311157, 0.027933858335018158, 0.007050308398902416, 0.812275767326355]
[step 0130/150] method=baseline_avg loss=0.7601 train_acc=0.6530 train_loss=0.6231 val_acc=0.6426 val_loss=0.6357 router_H=0.4748 best=0.6426
           router_load=[0.15274006128311157, 0.027933858335018158, 0.007050308398902416, 0.812275767326355]
[step 0140/150] method=baseline_avg loss=0.7010 train_acc=0.6530 train_loss=0.6231 val_acc=0.6426 val_loss=0.6357 router_H=0.4748 best=0.6426
           router_load=[0.15274006128311157, 0.027933858335018158, 0.007050308398902416, 0.812275767326355]
[step 0150/150] method=baseline_avg loss=0.6381 train_acc=0.7229 train_loss=0.6169 val_acc=0.6643 val_loss=0.6331 router_H=0.5891 best=0.6643
           router_load=[0.27517348527908325, 0.013398290611803532, 0.006125935353338718, 0.7053022980690002]
saved summary -> /home/zhujjing/MOE-grad-conflict-routing/runs/paper_suite/single_gpu/single_task/roberta_rte_ffn_e4_k2/hpo/baseline/trial_runs/coord_02_train_weight_decay_019/baseline_s3.json
saved curve -> /home/zhujjing/MOE-grad-conflict-routing/runs/paper_suite/single_gpu/single_task/roberta_rte_ffn_e4_k2/hpo/baseline/trial_runs/coord_02_train_weight_decay_019/baseline_s3_curve.csv
