[run] method=baseline candidate=coord_02_train_weight_decay_030 seed=2 steps=150 gpu=0
[run] cmd=
/home/zhujjing/anaconda3/envs/moe/bin/python /home/zhujjing/MOE-grad-conflict-routing/scripts/run.py --config configs/singletask_rte_real.yaml --set model.backbone_backend=hf --set model.hf_load_pretrained=true --set model.backbone=roberta --set model.hf_pretrained_name=roberta-base --set model.expert_type=ffn --set model.routing_mode=topk --set model.num_experts=4 --set model.top_k=2 --set seed=2 --set method.name=baseline_avg --set train.steps=150 --set train.eval_every_steps=50 --set train.grad_clip=1 --set train.lr=2.555178414e-05 --set train.weight_decay=0.004430866959 --out /home/zhujjing/MOE-grad-conflict-routing/runs/paper_suite/single_gpu/single_task/roberta_rte_ffn_e4_k2/hpo/baseline/trial_runs/coord_02_train_weight_decay_030/baseline_s2.json --curve_out /home/zhujjing/MOE-grad-conflict-routing/runs/paper_suite/single_gpu/single_task/roberta_rte_ffn_e4_k2/hpo/baseline/trial_runs/coord_02_train_weight_decay_030/baseline_s2_curve.csv
Using the latest cached version of the dataset since glue couldn't be found on the Hugging Face Hub (offline mode is enabled).
Found the latest cached dataset configuration 'rte' at /home/zhujjing/hf_cache/datasets/glue/rte/0.0.0/bcdcba79d07bc864c1c254ccfcedcce55bcc9a8c (last modified on Thu Mar 19 15:00:36 2026).
/home/zhujjing/anaconda3/envs/moe/lib/python3.10/site-packages/transformers/utils/hub.py:124: FutureWarning: Using `TRANSFORMERS_CACHE` is deprecated and will be removed in v5 of Transformers. Use `HF_HOME` instead.
  warnings.warn(
Some weights of RobertaModel were not initialized from the model checkpoint at roberta-base and are newly initialized: ['roberta.pooler.dense.bias', 'roberta.pooler.dense.weight']
You should probably TRAIN this model on a down-stream task to be able to use it for predictions and inference.
[step 0001/150] method=baseline_avg loss=0.6917 train_acc=nan train_loss=nan val_acc=nan val_loss=nan best=-1.0000
[step 0010/150] method=baseline_avg loss=0.7655 train_acc=nan train_loss=nan val_acc=nan val_loss=nan best=-1.0000
[step 0020/150] method=baseline_avg loss=0.6832 train_acc=nan train_loss=nan val_acc=nan val_loss=nan best=-1.0000
[step 0030/150] method=baseline_avg loss=0.7030 train_acc=nan train_loss=nan val_acc=nan val_loss=nan best=-1.0000
[step 0040/150] method=baseline_avg loss=0.7046 train_acc=nan train_loss=nan val_acc=nan val_loss=nan best=-1.0000
[step 0050/150] method=baseline_avg loss=0.6440 train_acc=0.5016 train_loss=0.6908 val_acc=0.5271 val_loss=0.6867 router_H=0.6903 best=0.5271
           router_load=[0.46697479486465454, 0.5330251455307007, 0.0, 0.0]
[step 0060/150] method=baseline_avg loss=0.6809 train_acc=0.5016 train_loss=0.6908 val_acc=0.5271 val_loss=0.6867 router_H=0.6903 best=0.5271
           router_load=[0.46697479486465454, 0.5330251455307007, 0.0, 0.0]
[step 0070/150] method=baseline_avg loss=0.6564 train_acc=0.5016 train_loss=0.6908 val_acc=0.5271 val_loss=0.6867 router_H=0.6903 best=0.5271
           router_load=[0.46697479486465454, 0.5330251455307007, 0.0, 0.0]
[step 0080/150] method=baseline_avg loss=0.7455 train_acc=0.5016 train_loss=0.6908 val_acc=0.5271 val_loss=0.6867 router_H=0.6903 best=0.5271
           router_load=[0.46697479486465454, 0.5330251455307007, 0.0, 0.0]
[step 0090/150] method=baseline_avg loss=0.9118 train_acc=0.5016 train_loss=0.6908 val_acc=0.5271 val_loss=0.6867 router_H=0.6903 best=0.5271
           router_load=[0.46697479486465454, 0.5330251455307007, 0.0, 0.0]
[step 0100/150] method=baseline_avg loss=0.6852 train_acc=0.5173 train_loss=0.6836 val_acc=0.4838 val_loss=0.7036 router_H=0.6660 best=0.5271
           router_load=[0.6077779531478882, 0.24745652079582214, 0.02299150452017784, 0.12177415937185287]
[step 0110/150] method=baseline_avg loss=0.6547 train_acc=0.5173 train_loss=0.6836 val_acc=0.4838 val_loss=0.7036 router_H=0.6660 best=0.5271
           router_load=[0.6077779531478882, 0.24745652079582214, 0.02299150452017784, 0.12177415937185287]
[step 0120/150] method=baseline_avg loss=0.6898 train_acc=0.5173 train_loss=0.6836 val_acc=0.4838 val_loss=0.7036 router_H=0.6660 best=0.5271
           router_load=[0.6077779531478882, 0.24745652079582214, 0.02299150452017784, 0.12177415937185287]
[step 0130/150] method=baseline_avg loss=0.6783 train_acc=0.5173 train_loss=0.6836 val_acc=0.4838 val_loss=0.7036 router_H=0.6660 best=0.5271
           router_load=[0.6077779531478882, 0.24745652079582214, 0.02299150452017784, 0.12177415937185287]
[step 0140/150] method=baseline_avg loss=0.5929 train_acc=0.5173 train_loss=0.6836 val_acc=0.4838 val_loss=0.7036 router_H=0.6660 best=0.5271
           router_load=[0.6077779531478882, 0.24745652079582214, 0.02299150452017784, 0.12177415937185287]
[step 0150/150] method=baseline_avg loss=0.6663 train_acc=0.6627 train_loss=0.6486 val_acc=0.6029 val_loss=0.6675 router_H=0.6868 best=0.6029
           router_load=[0.5031185746192932, 0.4765947759151459, 0.0021930988878011703, 0.018093619495630264]
saved summary -> /home/zhujjing/MOE-grad-conflict-routing/runs/paper_suite/single_gpu/single_task/roberta_rte_ffn_e4_k2/hpo/baseline/trial_runs/coord_02_train_weight_decay_030/baseline_s2.json
saved curve -> /home/zhujjing/MOE-grad-conflict-routing/runs/paper_suite/single_gpu/single_task/roberta_rte_ffn_e4_k2/hpo/baseline/trial_runs/coord_02_train_weight_decay_030/baseline_s2_curve.csv
