[run] method=baseline candidate=coord_02_train_weight_decay_010 seed=3 steps=150 gpu=0
[run] cmd=
/home/zhujjing/anaconda3/envs/moe/bin/python /home/zhujjing/MOE-grad-conflict-routing/scripts/run.py --config configs/singletask_rte_real.yaml --set model.backbone_backend=hf --set model.hf_load_pretrained=true --set model.backbone=roberta --set model.hf_pretrained_name=roberta-base --set model.expert_type=ffn --set model.routing_mode=topk --set model.num_experts=4 --set model.top_k=2 --set seed=3 --set method.name=baseline_avg --set train.steps=150 --set train.eval_every_steps=50 --set train.grad_clip=1 --set train.lr=2.555178414e-05 --set train.weight_decay=0.02446709884 --out /home/zhujjing/MOE-grad-conflict-routing/runs/paper_suite/single_gpu/single_task/roberta_rte_ffn_e4_k2/hpo/baseline/trial_runs/coord_02_train_weight_decay_010/baseline_s3.json --curve_out /home/zhujjing/MOE-grad-conflict-routing/runs/paper_suite/single_gpu/single_task/roberta_rte_ffn_e4_k2/hpo/baseline/trial_runs/coord_02_train_weight_decay_010/baseline_s3_curve.csv
Using the latest cached version of the dataset since glue couldn't be found on the Hugging Face Hub (offline mode is enabled).
Found the latest cached dataset configuration 'rte' at /home/zhujjing/hf_cache/datasets/glue/rte/0.0.0/bcdcba79d07bc864c1c254ccfcedcce55bcc9a8c (last modified on Thu Mar 19 15:00:36 2026).
/home/zhujjing/anaconda3/envs/moe/lib/python3.10/site-packages/transformers/utils/hub.py:124: FutureWarning: Using `TRANSFORMERS_CACHE` is deprecated and will be removed in v5 of Transformers. Use `HF_HOME` instead.
  warnings.warn(
Some weights of RobertaModel were not initialized from the model checkpoint at roberta-base and are newly initialized: ['roberta.pooler.dense.bias', 'roberta.pooler.dense.weight']
You should probably TRAIN this model on a down-stream task to be able to use it for predictions and inference.
[step 0001/150] method=baseline_avg loss=0.6967 train_acc=nan train_loss=nan val_acc=nan val_loss=nan best=-1.0000
[step 0010/150] method=baseline_avg loss=0.7174 train_acc=nan train_loss=nan val_acc=nan val_loss=nan best=-1.0000
[step 0020/150] method=baseline_avg loss=0.6887 train_acc=nan train_loss=nan val_acc=nan val_loss=nan best=-1.0000
[step 0030/150] method=baseline_avg loss=0.6862 train_acc=nan train_loss=nan val_acc=nan val_loss=nan best=-1.0000
[step 0040/150] method=baseline_avg loss=0.6624 train_acc=nan train_loss=nan val_acc=nan val_loss=nan best=-1.0000
[step 0050/150] method=baseline_avg loss=0.7507 train_acc=0.5671 train_loss=0.6758 val_acc=0.5343 val_loss=0.6846 router_H=0.6744 best=0.5343
           router_load=[0.0014092355268076062, 0.593305766582489, 0.13864335417747498, 0.2666415572166443]
[step 0060/150] method=baseline_avg loss=0.6095 train_acc=0.5671 train_loss=0.6758 val_acc=0.5343 val_loss=0.6846 router_H=0.6744 best=0.5343
           router_load=[0.0014092355268076062, 0.593305766582489, 0.13864335417747498, 0.2666415572166443]
[step 0070/150] method=baseline_avg loss=0.6467 train_acc=0.5671 train_loss=0.6758 val_acc=0.5343 val_loss=0.6846 router_H=0.6744 best=0.5343
           router_load=[0.0014092355268076062, 0.593305766582489, 0.13864335417747498, 0.2666415572166443]
[step 0080/150] method=baseline_avg loss=0.5334 train_acc=0.5671 train_loss=0.6758 val_acc=0.5343 val_loss=0.6846 router_H=0.6744 best=0.5343
           router_load=[0.0014092355268076062, 0.593305766582489, 0.13864335417747498, 0.2666415572166443]
[step 0090/150] method=baseline_avg loss=0.6038 train_acc=0.5671 train_loss=0.6758 val_acc=0.5343 val_loss=0.6846 router_H=0.6744 best=0.5343
           router_load=[0.0014092355268076062, 0.593305766582489, 0.13864335417747498, 0.2666415572166443]
[step 0100/150] method=baseline_avg loss=0.7720 train_acc=0.6976 train_loss=0.5864 val_acc=0.6498 val_loss=0.6344 router_H=0.6333 best=0.6498
           router_load=[0.14388516545295715, 0.580511212348938, 0.0047460454516112804, 0.27085772156715393]
[step 0110/150] method=baseline_avg loss=0.6299 train_acc=0.6976 train_loss=0.5864 val_acc=0.6498 val_loss=0.6344 router_H=0.6333 best=0.6498
           router_load=[0.14388516545295715, 0.580511212348938, 0.0047460454516112804, 0.27085772156715393]
[step 0120/150] method=baseline_avg loss=0.4901 train_acc=0.6976 train_loss=0.5864 val_acc=0.6498 val_loss=0.6344 router_H=0.6333 best=0.6498
           router_load=[0.14388516545295715, 0.580511212348938, 0.0047460454516112804, 0.27085772156715393]
[step 0130/150] method=baseline_avg loss=0.7586 train_acc=0.6976 train_loss=0.5864 val_acc=0.6498 val_loss=0.6344 router_H=0.6333 best=0.6498
           router_load=[0.14388516545295715, 0.580511212348938, 0.0047460454516112804, 0.27085772156715393]
[step 0140/150] method=baseline_avg loss=0.7125 train_acc=0.6976 train_loss=0.5864 val_acc=0.6498 val_loss=0.6344 router_H=0.6333 best=0.6498
           router_load=[0.14388516545295715, 0.580511212348938, 0.0047460454516112804, 0.27085772156715393]
[step 0150/150] method=baseline_avg loss=0.5784 train_acc=0.7570 train_loss=0.5600 val_acc=0.6823 val_loss=0.6095 router_H=0.5428 best=0.6823
           router_load=[0.0, 0.7385327816009521, 0.14291180670261383, 0.1185554638504982]
saved summary -> /home/zhujjing/MOE-grad-conflict-routing/runs/paper_suite/single_gpu/single_task/roberta_rte_ffn_e4_k2/hpo/baseline/trial_runs/coord_02_train_weight_decay_010/baseline_s3.json
saved curve -> /home/zhujjing/MOE-grad-conflict-routing/runs/paper_suite/single_gpu/single_task/roberta_rte_ffn_e4_k2/hpo/baseline/trial_runs/coord_02_train_weight_decay_010/baseline_s3_curve.csv
