[run] method=baseline candidate=coord_02_train_weight_decay_018 seed=3 steps=150 gpu=0
[run] cmd=
/home/zhujjing/anaconda3/envs/moe/bin/python /home/zhujjing/MOE-grad-conflict-routing/scripts/run.py --config configs/singletask_rte_real.yaml --set model.backbone_backend=hf --set model.hf_load_pretrained=true --set model.backbone=roberta --set model.hf_pretrained_name=roberta-base --set model.expert_type=ffn --set model.routing_mode=topk --set model.num_experts=4 --set model.top_k=2 --set seed=3 --set method.name=baseline_avg --set train.steps=150 --set train.eval_every_steps=50 --set train.grad_clip=1 --set train.lr=2.555178414e-05 --set train.weight_decay=0.01471133122 --out /home/zhujjing/MOE-grad-conflict-routing/runs/paper_suite/single_gpu/single_task/roberta_rte_ffn_e4_k2/hpo/baseline/trial_runs/coord_02_train_weight_decay_018/baseline_s3.json --curve_out /home/zhujjing/MOE-grad-conflict-routing/runs/paper_suite/single_gpu/single_task/roberta_rte_ffn_e4_k2/hpo/baseline/trial_runs/coord_02_train_weight_decay_018/baseline_s3_curve.csv
Using the latest cached version of the dataset since glue couldn't be found on the Hugging Face Hub (offline mode is enabled).
Found the latest cached dataset configuration 'rte' at /home/zhujjing/hf_cache/datasets/glue/rte/0.0.0/bcdcba79d07bc864c1c254ccfcedcce55bcc9a8c (last modified on Thu Mar 19 15:00:36 2026).
/home/zhujjing/anaconda3/envs/moe/lib/python3.10/site-packages/transformers/utils/hub.py:124: FutureWarning: Using `TRANSFORMERS_CACHE` is deprecated and will be removed in v5 of Transformers. Use `HF_HOME` instead.
  warnings.warn(
Some weights of RobertaModel were not initialized from the model checkpoint at roberta-base and are newly initialized: ['roberta.pooler.dense.bias', 'roberta.pooler.dense.weight']
You should probably TRAIN this model on a down-stream task to be able to use it for predictions and inference.
[step 0001/150] method=baseline_avg loss=0.6934 train_acc=nan train_loss=nan val_acc=nan val_loss=nan best=-1.0000
[step 0010/150] method=baseline_avg loss=0.6996 train_acc=nan train_loss=nan val_acc=nan val_loss=nan best=-1.0000
[step 0020/150] method=baseline_avg loss=0.6958 train_acc=nan train_loss=nan val_acc=nan val_loss=nan best=-1.0000
[step 0030/150] method=baseline_avg loss=0.6802 train_acc=nan train_loss=nan val_acc=nan val_loss=nan best=-1.0000
[step 0040/150] method=baseline_avg loss=0.6682 train_acc=nan train_loss=nan val_acc=nan val_loss=nan best=-1.0000
[step 0050/150] method=baseline_avg loss=0.6545 train_acc=0.6257 train_loss=0.6486 val_acc=0.5957 val_loss=0.6755 router_H=0.6673 best=0.5957
           router_load=[0.1014956533908844, 0.46780693531036377, 0.07972171157598495, 0.3509756922721863]
[step 0060/150] method=baseline_avg loss=0.7381 train_acc=0.6257 train_loss=0.6486 val_acc=0.5957 val_loss=0.6755 router_H=0.6673 best=0.5957
           router_load=[0.1014956533908844, 0.46780693531036377, 0.07972171157598495, 0.3509756922721863]
[step 0070/150] method=baseline_avg loss=0.7342 train_acc=0.6257 train_loss=0.6486 val_acc=0.5957 val_loss=0.6755 router_H=0.6673 best=0.5957
           router_load=[0.1014956533908844, 0.46780693531036377, 0.07972171157598495, 0.3509756922721863]
[step 0080/150] method=baseline_avg loss=0.6297 train_acc=0.6257 train_loss=0.6486 val_acc=0.5957 val_loss=0.6755 router_H=0.6673 best=0.5957
           router_load=[0.1014956533908844, 0.46780693531036377, 0.07972171157598495, 0.3509756922721863]
[step 0090/150] method=baseline_avg loss=0.6110 train_acc=0.6257 train_loss=0.6486 val_acc=0.5957 val_loss=0.6755 router_H=0.6673 best=0.5957
           router_load=[0.1014956533908844, 0.46780693531036377, 0.07972171157598495, 0.3509756922721863]
[step 0100/150] method=baseline_avg loss=0.5830 train_acc=0.5739 train_loss=0.6635 val_acc=0.5921 val_loss=0.6566 router_H=0.6654 best=0.5957
           router_load=[0.0, 0.4008321464061737, 0.00381497316993773, 0.5953527688980103]
[step 0110/150] method=baseline_avg loss=0.6813 train_acc=0.5739 train_loss=0.6635 val_acc=0.5921 val_loss=0.6566 router_H=0.6654 best=0.5957
           router_load=[0.0, 0.4008321464061737, 0.00381497316993773, 0.5953527688980103]
[step 0120/150] method=baseline_avg loss=0.7282 train_acc=0.5739 train_loss=0.6635 val_acc=0.5921 val_loss=0.6566 router_H=0.6654 best=0.5957
           router_load=[0.0, 0.4008321464061737, 0.00381497316993773, 0.5953527688980103]
[step 0130/150] method=baseline_avg loss=0.5435 train_acc=0.5739 train_loss=0.6635 val_acc=0.5921 val_loss=0.6566 router_H=0.6654 best=0.5957
           router_load=[0.0, 0.4008321464061737, 0.00381497316993773, 0.5953527688980103]
[step 0140/150] method=baseline_avg loss=0.6459 train_acc=0.5739 train_loss=0.6635 val_acc=0.5921 val_loss=0.6566 router_H=0.6654 best=0.5957
           router_load=[0.0, 0.4008321464061737, 0.00381497316993773, 0.5953527688980103]
[step 0150/150] method=baseline_avg loss=0.5808 train_acc=0.7554 train_loss=0.5384 val_acc=0.7040 val_loss=0.5867 router_H=0.6674 best=0.7040
           router_load=[0.012336624786257744, 0.589174211025238, 0.0, 0.3984890282154083]
saved summary -> /home/zhujjing/MOE-grad-conflict-routing/runs/paper_suite/single_gpu/single_task/roberta_rte_ffn_e4_k2/hpo/baseline/trial_runs/coord_02_train_weight_decay_018/baseline_s3.json
saved curve -> /home/zhujjing/MOE-grad-conflict-routing/runs/paper_suite/single_gpu/single_task/roberta_rte_ffn_e4_k2/hpo/baseline/trial_runs/coord_02_train_weight_decay_018/baseline_s3_curve.csv
