[run] method=baseline candidate=coord_02_train_weight_decay_013 seed=2 steps=150 gpu=0
[run] cmd=
/home/zhujjing/anaconda3/envs/moe/bin/python /home/zhujjing/MOE-grad-conflict-routing/scripts/run.py --config configs/singletask_rte_real.yaml --set model.backbone_backend=hf --set model.hf_load_pretrained=true --set model.backbone=roberta --set model.hf_pretrained_name=roberta-base --set model.expert_type=ffn --set model.routing_mode=topk --set model.num_experts=4 --set model.top_k=2 --set seed=2 --set method.name=baseline_avg --set train.steps=150 --set train.eval_every_steps=50 --set train.grad_clip=1 --set train.lr=2.555178414e-05 --set train.weight_decay=0.01487570917 --out /home/zhujjing/MOE-grad-conflict-routing/runs/paper_suite/single_gpu/single_task/roberta_rte_ffn_e4_k2/hpo/baseline/trial_runs/coord_02_train_weight_decay_013/baseline_s2.json --curve_out /home/zhujjing/MOE-grad-conflict-routing/runs/paper_suite/single_gpu/single_task/roberta_rte_ffn_e4_k2/hpo/baseline/trial_runs/coord_02_train_weight_decay_013/baseline_s2_curve.csv
Using the latest cached version of the dataset since glue couldn't be found on the Hugging Face Hub (offline mode is enabled).
Found the latest cached dataset configuration 'rte' at /home/zhujjing/hf_cache/datasets/glue/rte/0.0.0/bcdcba79d07bc864c1c254ccfcedcce55bcc9a8c (last modified on Thu Mar 19 15:00:36 2026).
/home/zhujjing/anaconda3/envs/moe/lib/python3.10/site-packages/transformers/utils/hub.py:124: FutureWarning: Using `TRANSFORMERS_CACHE` is deprecated and will be removed in v5 of Transformers. Use `HF_HOME` instead.
  warnings.warn(
Some weights of RobertaModel were not initialized from the model checkpoint at roberta-base and are newly initialized: ['roberta.pooler.dense.bias', 'roberta.pooler.dense.weight']
You should probably TRAIN this model on a down-stream task to be able to use it for predictions and inference.
[step 0001/150] method=baseline_avg loss=0.6940 train_acc=nan train_loss=nan val_acc=nan val_loss=nan best=-1.0000
[step 0010/150] method=baseline_avg loss=0.7407 train_acc=nan train_loss=nan val_acc=nan val_loss=nan best=-1.0000
[step 0020/150] method=baseline_avg loss=0.6763 train_acc=nan train_loss=nan val_acc=nan val_loss=nan best=-1.0000
[step 0030/150] method=baseline_avg loss=0.6716 train_acc=nan train_loss=nan val_acc=nan val_loss=nan best=-1.0000
[step 0040/150] method=baseline_avg loss=0.6757 train_acc=nan train_loss=nan val_acc=nan val_loss=nan best=-1.0000
[step 0050/150] method=baseline_avg loss=0.5734 train_acc=0.6333 train_loss=0.6535 val_acc=0.6101 val_loss=0.6560 router_H=0.6711 best=0.6101
           router_load=[0.0, 0.5916339159011841, 0.058861054480075836, 0.3495049476623535]
[step 0060/150] method=baseline_avg loss=0.6221 train_acc=0.6333 train_loss=0.6535 val_acc=0.6101 val_loss=0.6560 router_H=0.6711 best=0.6101
           router_load=[0.0, 0.5916339159011841, 0.058861054480075836, 0.3495049476623535]
[step 0070/150] method=baseline_avg loss=0.6337 train_acc=0.6333 train_loss=0.6535 val_acc=0.6101 val_loss=0.6560 router_H=0.6711 best=0.6101
           router_load=[0.0, 0.5916339159011841, 0.058861054480075836, 0.3495049476623535]
[step 0080/150] method=baseline_avg loss=0.5787 train_acc=0.6333 train_loss=0.6535 val_acc=0.6101 val_loss=0.6560 router_H=0.6711 best=0.6101
           router_load=[0.0, 0.5916339159011841, 0.058861054480075836, 0.3495049476623535]
[step 0090/150] method=baseline_avg loss=0.6639 train_acc=0.6333 train_loss=0.6535 val_acc=0.6101 val_loss=0.6560 router_H=0.6711 best=0.6101
           router_load=[0.0, 0.5916339159011841, 0.058861054480075836, 0.3495049476623535]
[step 0100/150] method=baseline_avg loss=0.6079 train_acc=0.7149 train_loss=0.5966 val_acc=0.6534 val_loss=0.6194 router_H=0.6806 best=0.6534
           router_load=[0.0, 0.5714216828346252, 0.06958121061325073, 0.35899707674980164]
[step 0110/150] method=baseline_avg loss=0.6117 train_acc=0.7149 train_loss=0.5966 val_acc=0.6534 val_loss=0.6194 router_H=0.6806 best=0.6534
           router_load=[0.0, 0.5714216828346252, 0.06958121061325073, 0.35899707674980164]
[step 0120/150] method=baseline_avg loss=0.4741 train_acc=0.7149 train_loss=0.5966 val_acc=0.6534 val_loss=0.6194 router_H=0.6806 best=0.6534
           router_load=[0.0, 0.5714216828346252, 0.06958121061325073, 0.35899707674980164]
[step 0130/150] method=baseline_avg loss=0.5794 train_acc=0.7149 train_loss=0.5966 val_acc=0.6534 val_loss=0.6194 router_H=0.6806 best=0.6534
           router_load=[0.0, 0.5714216828346252, 0.06958121061325073, 0.35899707674980164]
[step 0140/150] method=baseline_avg loss=0.7290 train_acc=0.7149 train_loss=0.5966 val_acc=0.6534 val_loss=0.6194 router_H=0.6806 best=0.6534
           router_load=[0.0, 0.5714216828346252, 0.06958121061325073, 0.35899707674980164]
[step 0150/150] method=baseline_avg loss=0.6025 train_acc=0.6908 train_loss=0.6091 val_acc=0.6606 val_loss=0.6261 router_H=0.6875 best=0.6606
           router_load=[0.0, 0.5035431981086731, 0.03353993222117424, 0.46291685104370117]
saved summary -> /home/zhujjing/MOE-grad-conflict-routing/runs/paper_suite/single_gpu/single_task/roberta_rte_ffn_e4_k2/hpo/baseline/trial_runs/coord_02_train_weight_decay_013/baseline_s2.json
saved curve -> /home/zhujjing/MOE-grad-conflict-routing/runs/paper_suite/single_gpu/single_task/roberta_rte_ffn_e4_k2/hpo/baseline/trial_runs/coord_02_train_weight_decay_013/baseline_s2_curve.csv
