[run] method=baseline candidate=coord_02_anchor seed=3 steps=150 gpu=0
[run] cmd=
/home/zhujjing/anaconda3/envs/moe/bin/python /home/zhujjing/MOE-grad-conflict-routing/scripts/run.py --config configs/singletask_rte_real.yaml --set model.backbone_backend=hf --set model.hf_load_pretrained=true --set model.backbone=roberta --set model.hf_pretrained_name=roberta-base --set model.expert_type=ffn --set model.routing_mode=topk --set model.num_experts=4 --set model.top_k=2 --set seed=3 --set method.name=baseline_avg --set train.steps=150 --set train.eval_every_steps=50 --set train.grad_clip=1 --set train.lr=2.555178414e-05 --set train.weight_decay=0.01 --out /home/zhujjing/MOE-grad-conflict-routing/runs/paper_suite/single_gpu/single_task/roberta_rte_ffn_e4_k2/hpo/baseline/trial_runs/coord_02_anchor/baseline_s3.json --curve_out /home/zhujjing/MOE-grad-conflict-routing/runs/paper_suite/single_gpu/single_task/roberta_rte_ffn_e4_k2/hpo/baseline/trial_runs/coord_02_anchor/baseline_s3_curve.csv
Using the latest cached version of the dataset since glue couldn't be found on the Hugging Face Hub (offline mode is enabled).
Found the latest cached dataset configuration 'rte' at /home/zhujjing/hf_cache/datasets/glue/rte/0.0.0/bcdcba79d07bc864c1c254ccfcedcce55bcc9a8c (last modified on Thu Mar 19 15:00:36 2026).
/home/zhujjing/anaconda3/envs/moe/lib/python3.10/site-packages/transformers/utils/hub.py:124: FutureWarning: Using `TRANSFORMERS_CACHE` is deprecated and will be removed in v5 of Transformers. Use `HF_HOME` instead.
  warnings.warn(
Some weights of RobertaModel were not initialized from the model checkpoint at roberta-base and are newly initialized: ['roberta.pooler.dense.bias', 'roberta.pooler.dense.weight']
You should probably TRAIN this model on a down-stream task to be able to use it for predictions and inference.
[step 0001/150] method=baseline_avg loss=0.6933 train_acc=nan train_loss=nan val_acc=nan val_loss=nan best=-1.0000
[step 0010/150] method=baseline_avg loss=0.6981 train_acc=nan train_loss=nan val_acc=nan val_loss=nan best=-1.0000
[step 0020/150] method=baseline_avg loss=0.6940 train_acc=nan train_loss=nan val_acc=nan val_loss=nan best=-1.0000
[step 0030/150] method=baseline_avg loss=0.6864 train_acc=nan train_loss=nan val_acc=nan val_loss=nan best=-1.0000
[step 0040/150] method=baseline_avg loss=0.6692 train_acc=nan train_loss=nan val_acc=nan val_loss=nan best=-1.0000
[step 0050/150] method=baseline_avg loss=0.6216 train_acc=0.6474 train_loss=0.6419 val_acc=0.6354 val_loss=0.6681 router_H=0.5215 best=0.6354
           router_load=[0.0252254456281662, 0.34839311242103577, 0.6196244955062866, 0.006756915710866451]
[step 0060/150] method=baseline_avg loss=0.6115 train_acc=0.6474 train_loss=0.6419 val_acc=0.6354 val_loss=0.6681 router_H=0.5215 best=0.6354
           router_load=[0.0252254456281662, 0.34839311242103577, 0.6196244955062866, 0.006756915710866451]
[step 0070/150] method=baseline_avg loss=0.7219 train_acc=0.6474 train_loss=0.6419 val_acc=0.6354 val_loss=0.6681 router_H=0.5215 best=0.6354
           router_load=[0.0252254456281662, 0.34839311242103577, 0.6196244955062866, 0.006756915710866451]
[step 0080/150] method=baseline_avg loss=0.6643 train_acc=0.6474 train_loss=0.6419 val_acc=0.6354 val_loss=0.6681 router_H=0.5215 best=0.6354
           router_load=[0.0252254456281662, 0.34839311242103577, 0.6196244955062866, 0.006756915710866451]
[step 0090/150] method=baseline_avg loss=0.6828 train_acc=0.6474 train_loss=0.6419 val_acc=0.6354 val_loss=0.6681 router_H=0.5215 best=0.6354
           router_load=[0.0252254456281662, 0.34839311242103577, 0.6196244955062866, 0.006756915710866451]
[step 0100/150] method=baseline_avg loss=0.7267 train_acc=0.6088 train_loss=0.6795 val_acc=0.5704 val_loss=0.6871 router_H=0.6654 best=0.6354
           router_load=[0.03662613779306412, 0.34910130500793457, 0.6142725348472595, 0.0]
[step 0110/150] method=baseline_avg loss=0.7155 train_acc=0.6088 train_loss=0.6795 val_acc=0.5704 val_loss=0.6871 router_H=0.6654 best=0.6354
           router_load=[0.03662613779306412, 0.34910130500793457, 0.6142725348472595, 0.0]
[step 0120/150] method=baseline_avg loss=0.6794 train_acc=0.6088 train_loss=0.6795 val_acc=0.5704 val_loss=0.6871 router_H=0.6654 best=0.6354
           router_load=[0.03662613779306412, 0.34910130500793457, 0.6142725348472595, 0.0]
[step 0130/150] method=baseline_avg loss=0.6896 train_acc=0.6088 train_loss=0.6795 val_acc=0.5704 val_loss=0.6871 router_H=0.6654 best=0.6354
           router_load=[0.03662613779306412, 0.34910130500793457, 0.6142725348472595, 0.0]
[step 0140/150] method=baseline_avg loss=0.7173 train_acc=0.6088 train_loss=0.6795 val_acc=0.5704 val_loss=0.6871 router_H=0.6654 best=0.6354
           router_load=[0.03662613779306412, 0.34910130500793457, 0.6142725348472595, 0.0]
[step 0150/150] method=baseline_avg loss=0.7513 train_acc=0.4984 train_loss=0.6900 val_acc=0.4729 val_loss=0.7015 router_H=0.6858 best=0.6354
           router_load=[0.0, 0.440036803483963, 0.5599631667137146, 0.0]
saved summary -> /home/zhujjing/MOE-grad-conflict-routing/runs/paper_suite/single_gpu/single_task/roberta_rte_ffn_e4_k2/hpo/baseline/trial_runs/coord_02_anchor/baseline_s3.json
saved curve -> /home/zhujjing/MOE-grad-conflict-routing/runs/paper_suite/single_gpu/single_task/roberta_rte_ffn_e4_k2/hpo/baseline/trial_runs/coord_02_anchor/baseline_s3_curve.csv
