[run] method=baseline candidate=coord_02_train_weight_decay_000 seed=2 steps=150 gpu=0
[run] cmd=
/home/zhujjing/anaconda3/envs/moe/bin/python /home/zhujjing/MOE-grad-conflict-routing/scripts/run.py --config configs/singletask_rte_real.yaml --set model.backbone_backend=hf --set model.hf_load_pretrained=true --set model.backbone=roberta --set model.hf_pretrained_name=roberta-base --set model.expert_type=ffn --set model.routing_mode=topk --set model.num_experts=4 --set model.top_k=2 --set seed=2 --set method.name=baseline_avg --set train.steps=150 --set train.eval_every_steps=50 --set train.grad_clip=1 --set train.lr=2.555178414e-05 --set train.weight_decay=0.02474250561 --out /home/zhujjing/MOE-grad-conflict-routing/runs/paper_suite/single_gpu/single_task/roberta_rte_ffn_e4_k2/hpo/baseline/trial_runs/coord_02_train_weight_decay_000/baseline_s2.json --curve_out /home/zhujjing/MOE-grad-conflict-routing/runs/paper_suite/single_gpu/single_task/roberta_rte_ffn_e4_k2/hpo/baseline/trial_runs/coord_02_train_weight_decay_000/baseline_s2_curve.csv
Using the latest cached version of the dataset since glue couldn't be found on the Hugging Face Hub (offline mode is enabled).
Found the latest cached dataset configuration 'rte' at /home/zhujjing/hf_cache/datasets/glue/rte/0.0.0/bcdcba79d07bc864c1c254ccfcedcce55bcc9a8c (last modified on Thu Mar 19 15:00:36 2026).
/home/zhujjing/anaconda3/envs/moe/lib/python3.10/site-packages/transformers/utils/hub.py:124: FutureWarning: Using `TRANSFORMERS_CACHE` is deprecated and will be removed in v5 of Transformers. Use `HF_HOME` instead.
  warnings.warn(
Some weights of RobertaModel were not initialized from the model checkpoint at roberta-base and are newly initialized: ['roberta.pooler.dense.bias', 'roberta.pooler.dense.weight']
You should probably TRAIN this model on a down-stream task to be able to use it for predictions and inference.
[step 0001/150] method=baseline_avg loss=0.6914 train_acc=nan train_loss=nan val_acc=nan val_loss=nan best=-1.0000
[step 0010/150] method=baseline_avg loss=0.7560 train_acc=nan train_loss=nan val_acc=nan val_loss=nan best=-1.0000
[step 0020/150] method=baseline_avg loss=0.6839 train_acc=nan train_loss=nan val_acc=nan val_loss=nan best=-1.0000
[step 0030/150] method=baseline_avg loss=0.7134 train_acc=nan train_loss=nan val_acc=nan val_loss=nan best=-1.0000
[step 0040/150] method=baseline_avg loss=0.7134 train_acc=nan train_loss=nan val_acc=nan val_loss=nan best=-1.0000
[step 0050/150] method=baseline_avg loss=0.6108 train_acc=0.6382 train_loss=0.6603 val_acc=0.6245 val_loss=0.6636 router_H=0.6576 best=0.6245
           router_load=[0.6101605892181396, 0.0, 0.22617138922214508, 0.16366803646087646]
[step 0060/150] method=baseline_avg loss=0.6581 train_acc=0.6382 train_loss=0.6603 val_acc=0.6245 val_loss=0.6636 router_H=0.6576 best=0.6245
           router_load=[0.6101605892181396, 0.0, 0.22617138922214508, 0.16366803646087646]
[step 0070/150] method=baseline_avg loss=0.6832 train_acc=0.6382 train_loss=0.6603 val_acc=0.6245 val_loss=0.6636 router_H=0.6576 best=0.6245
           router_load=[0.6101605892181396, 0.0, 0.22617138922214508, 0.16366803646087646]
[step 0080/150] method=baseline_avg loss=0.6157 train_acc=0.6382 train_loss=0.6603 val_acc=0.6245 val_loss=0.6636 router_H=0.6576 best=0.6245
           router_load=[0.6101605892181396, 0.0, 0.22617138922214508, 0.16366803646087646]
[step 0090/150] method=baseline_avg loss=0.5960 train_acc=0.6382 train_loss=0.6603 val_acc=0.6245 val_loss=0.6636 router_H=0.6576 best=0.6245
           router_load=[0.6101605892181396, 0.0, 0.22617138922214508, 0.16366803646087646]
[step 0100/150] method=baseline_avg loss=0.6228 train_acc=0.6843 train_loss=0.6078 val_acc=0.6354 val_loss=0.6368 router_H=0.6693 best=0.6354
           router_load=[0.5431451201438904, 0.007252453826367855, 0.33301782608032227, 0.11658445745706558]
[step 0110/150] method=baseline_avg loss=0.5919 train_acc=0.6843 train_loss=0.6078 val_acc=0.6354 val_loss=0.6368 router_H=0.6693 best=0.6354
           router_load=[0.5431451201438904, 0.007252453826367855, 0.33301782608032227, 0.11658445745706558]
[step 0120/150] method=baseline_avg loss=0.5608 train_acc=0.6843 train_loss=0.6078 val_acc=0.6354 val_loss=0.6368 router_H=0.6693 best=0.6354
           router_load=[0.5431451201438904, 0.007252453826367855, 0.33301782608032227, 0.11658445745706558]
[step 0130/150] method=baseline_avg loss=0.7481 train_acc=0.6843 train_loss=0.6078 val_acc=0.6354 val_loss=0.6368 router_H=0.6693 best=0.6354
           router_load=[0.5431451201438904, 0.007252453826367855, 0.33301782608032227, 0.11658445745706558]
[step 0140/150] method=baseline_avg loss=0.7238 train_acc=0.6843 train_loss=0.6078 val_acc=0.6354 val_loss=0.6368 router_H=0.6693 best=0.6354
           router_load=[0.5431451201438904, 0.007252453826367855, 0.33301782608032227, 0.11658445745706558]
[step 0150/150] method=baseline_avg loss=0.6466 train_acc=0.7141 train_loss=0.5949 val_acc=0.6534 val_loss=0.6274 router_H=0.6465 best=0.6534
           router_load=[0.6043716073036194, 0.01147808413952589, 0.1272372603416443, 0.2569129765033722]
saved summary -> /home/zhujjing/MOE-grad-conflict-routing/runs/paper_suite/single_gpu/single_task/roberta_rte_ffn_e4_k2/hpo/baseline/trial_runs/coord_02_train_weight_decay_000/baseline_s2.json
saved curve -> /home/zhujjing/MOE-grad-conflict-routing/runs/paper_suite/single_gpu/single_task/roberta_rte_ffn_e4_k2/hpo/baseline/trial_runs/coord_02_train_weight_decay_000/baseline_s2_curve.csv
