[run] method=baseline candidate=coord_02_train_weight_decay_021 seed=3 steps=150 gpu=0
[run] cmd=
/home/zhujjing/anaconda3/envs/moe/bin/python /home/zhujjing/MOE-grad-conflict-routing/scripts/run.py --config configs/singletask_rte_real.yaml --set model.backbone_backend=hf --set model.hf_load_pretrained=true --set model.backbone=roberta --set model.hf_pretrained_name=roberta-base --set model.expert_type=ffn --set model.routing_mode=topk --set model.num_experts=4 --set model.top_k=2 --set seed=3 --set method.name=baseline_avg --set train.steps=150 --set train.eval_every_steps=50 --set train.grad_clip=1 --set train.lr=2.555178414e-05 --set train.weight_decay=0.01947001735 --out /home/zhujjing/MOE-grad-conflict-routing/runs/paper_suite/single_gpu/single_task/roberta_rte_ffn_e4_k2/hpo/baseline/trial_runs/coord_02_train_weight_decay_021/baseline_s3.json --curve_out /home/zhujjing/MOE-grad-conflict-routing/runs/paper_suite/single_gpu/single_task/roberta_rte_ffn_e4_k2/hpo/baseline/trial_runs/coord_02_train_weight_decay_021/baseline_s3_curve.csv
Using the latest cached version of the dataset since glue couldn't be found on the Hugging Face Hub (offline mode is enabled).
Found the latest cached dataset configuration 'rte' at /home/zhujjing/hf_cache/datasets/glue/rte/0.0.0/bcdcba79d07bc864c1c254ccfcedcce55bcc9a8c (last modified on Thu Mar 19 15:00:36 2026).
/home/zhujjing/anaconda3/envs/moe/lib/python3.10/site-packages/transformers/utils/hub.py:124: FutureWarning: Using `TRANSFORMERS_CACHE` is deprecated and will be removed in v5 of Transformers. Use `HF_HOME` instead.
  warnings.warn(
Some weights of RobertaModel were not initialized from the model checkpoint at roberta-base and are newly initialized: ['roberta.pooler.dense.bias', 'roberta.pooler.dense.weight']
You should probably TRAIN this model on a down-stream task to be able to use it for predictions and inference.
[step 0001/150] method=baseline_avg loss=0.6992 train_acc=nan train_loss=nan val_acc=nan val_loss=nan best=-1.0000
[step 0010/150] method=baseline_avg loss=0.6980 train_acc=nan train_loss=nan val_acc=nan val_loss=nan best=-1.0000
[step 0020/150] method=baseline_avg loss=0.6927 train_acc=nan train_loss=nan val_acc=nan val_loss=nan best=-1.0000
[step 0030/150] method=baseline_avg loss=0.6787 train_acc=nan train_loss=nan val_acc=nan val_loss=nan best=-1.0000
[step 0040/150] method=baseline_avg loss=0.6884 train_acc=nan train_loss=nan val_acc=nan val_loss=nan best=-1.0000
[step 0050/150] method=baseline_avg loss=0.6289 train_acc=0.6309 train_loss=0.6394 val_acc=0.5884 val_loss=0.6761 router_H=0.6574 best=0.5884
           router_load=[0.06987835466861725, 0.0, 0.30646464228630066, 0.6236569881439209]
[step 0060/150] method=baseline_avg loss=0.7080 train_acc=0.6309 train_loss=0.6394 val_acc=0.5884 val_loss=0.6761 router_H=0.6574 best=0.5884
           router_load=[0.06987835466861725, 0.0, 0.30646464228630066, 0.6236569881439209]
[step 0070/150] method=baseline_avg loss=0.7628 train_acc=0.6309 train_loss=0.6394 val_acc=0.5884 val_loss=0.6761 router_H=0.6574 best=0.5884
           router_load=[0.06987835466861725, 0.0, 0.30646464228630066, 0.6236569881439209]
[step 0080/150] method=baseline_avg loss=0.5890 train_acc=0.6309 train_loss=0.6394 val_acc=0.5884 val_loss=0.6761 router_H=0.6574 best=0.5884
           router_load=[0.06987835466861725, 0.0, 0.30646464228630066, 0.6236569881439209]
[step 0090/150] method=baseline_avg loss=0.5992 train_acc=0.6309 train_loss=0.6394 val_acc=0.5884 val_loss=0.6761 router_H=0.6574 best=0.5884
           router_load=[0.06987835466861725, 0.0, 0.30646464228630066, 0.6236569881439209]
[step 0100/150] method=baseline_avg loss=0.7265 train_acc=0.6952 train_loss=0.5796 val_acc=0.6282 val_loss=0.6398 router_H=0.6225 best=0.6282
           router_load=[0.0, 0.0, 0.3288913667201996, 0.6711086630821228]
[step 0110/150] method=baseline_avg loss=0.5279 train_acc=0.6952 train_loss=0.5796 val_acc=0.6282 val_loss=0.6398 router_H=0.6225 best=0.6282
           router_load=[0.0, 0.0, 0.3288913667201996, 0.6711086630821228]
[step 0120/150] method=baseline_avg loss=0.6747 train_acc=0.6952 train_loss=0.5796 val_acc=0.6282 val_loss=0.6398 router_H=0.6225 best=0.6282
           router_load=[0.0, 0.0, 0.3288913667201996, 0.6711086630821228]
[step 0130/150] method=baseline_avg loss=0.6659 train_acc=0.6952 train_loss=0.5796 val_acc=0.6282 val_loss=0.6398 router_H=0.6225 best=0.6282
           router_load=[0.0, 0.0, 0.3288913667201996, 0.6711086630821228]
[step 0140/150] method=baseline_avg loss=0.5903 train_acc=0.6952 train_loss=0.5796 val_acc=0.6282 val_loss=0.6398 router_H=0.6225 best=0.6282
           router_load=[0.0, 0.0, 0.3288913667201996, 0.6711086630821228]
[step 0150/150] method=baseline_avg loss=0.5807 train_acc=0.7711 train_loss=0.5099 val_acc=0.6606 val_loss=0.5873 router_H=0.4799 best=0.6606
           router_load=[0.0, 0.0, 0.1979108303785324, 0.8020891547203064]
saved summary -> /home/zhujjing/MOE-grad-conflict-routing/runs/paper_suite/single_gpu/single_task/roberta_rte_ffn_e4_k2/hpo/baseline/trial_runs/coord_02_train_weight_decay_021/baseline_s3.json
saved curve -> /home/zhujjing/MOE-grad-conflict-routing/runs/paper_suite/single_gpu/single_task/roberta_rte_ffn_e4_k2/hpo/baseline/trial_runs/coord_02_train_weight_decay_021/baseline_s3_curve.csv
