[run] method=baseline candidate=coord_02_train_weight_decay_007 seed=3 steps=150 gpu=0
[run] cmd=
/home/zhujjing/anaconda3/envs/moe/bin/python /home/zhujjing/MOE-grad-conflict-routing/scripts/run.py --config configs/singletask_rte_real.yaml --set model.backbone_backend=hf --set model.hf_load_pretrained=true --set model.backbone=roberta --set model.hf_pretrained_name=roberta-base --set model.expert_type=ffn --set model.routing_mode=topk --set model.num_experts=4 --set model.top_k=2 --set seed=3 --set method.name=baseline_avg --set train.steps=150 --set train.eval_every_steps=50 --set train.grad_clip=1 --set train.lr=2.555178414e-05 --set train.weight_decay=0.007589584458 --out /home/zhujjing/MOE-grad-conflict-routing/runs/paper_suite/single_gpu/single_task/roberta_rte_ffn_e4_k2/hpo/baseline/trial_runs/coord_02_train_weight_decay_007/baseline_s3.json --curve_out /home/zhujjing/MOE-grad-conflict-routing/runs/paper_suite/single_gpu/single_task/roberta_rte_ffn_e4_k2/hpo/baseline/trial_runs/coord_02_train_weight_decay_007/baseline_s3_curve.csv
Using the latest cached version of the dataset since glue couldn't be found on the Hugging Face Hub (offline mode is enabled).
Found the latest cached dataset configuration 'rte' at /home/zhujjing/hf_cache/datasets/glue/rte/0.0.0/bcdcba79d07bc864c1c254ccfcedcce55bcc9a8c (last modified on Thu Mar 19 15:00:36 2026).
/home/zhujjing/anaconda3/envs/moe/lib/python3.10/site-packages/transformers/utils/hub.py:124: FutureWarning: Using `TRANSFORMERS_CACHE` is deprecated and will be removed in v5 of Transformers. Use `HF_HOME` instead.
  warnings.warn(
Some weights of RobertaModel were not initialized from the model checkpoint at roberta-base and are newly initialized: ['roberta.pooler.dense.bias', 'roberta.pooler.dense.weight']
You should probably TRAIN this model on a down-stream task to be able to use it for predictions and inference.
[step 0001/150] method=baseline_avg loss=0.6931 train_acc=nan train_loss=nan val_acc=nan val_loss=nan best=-1.0000
[step 0010/150] method=baseline_avg loss=0.7149 train_acc=nan train_loss=nan val_acc=nan val_loss=nan best=-1.0000
[step 0020/150] method=baseline_avg loss=0.7056 train_acc=nan train_loss=nan val_acc=nan val_loss=nan best=-1.0000
[step 0030/150] method=baseline_avg loss=0.6883 train_acc=nan train_loss=nan val_acc=nan val_loss=nan best=-1.0000
[step 0040/150] method=baseline_avg loss=0.6713 train_acc=nan train_loss=nan val_acc=nan val_loss=nan best=-1.0000
[step 0050/150] method=baseline_avg loss=0.6264 train_acc=0.6233 train_loss=0.6505 val_acc=0.5957 val_loss=0.6585 router_H=0.6424 best=0.5957
           router_load=[0.6537764072418213, 0.06244603544473648, 0.0, 0.2837776839733124]
[step 0060/150] method=baseline_avg loss=0.6343 train_acc=0.6233 train_loss=0.6505 val_acc=0.5957 val_loss=0.6585 router_H=0.6424 best=0.5957
           router_load=[0.6537764072418213, 0.06244603544473648, 0.0, 0.2837776839733124]
[step 0070/150] method=baseline_avg loss=0.7351 train_acc=0.6233 train_loss=0.6505 val_acc=0.5957 val_loss=0.6585 router_H=0.6424 best=0.5957
           router_load=[0.6537764072418213, 0.06244603544473648, 0.0, 0.2837776839733124]
[step 0080/150] method=baseline_avg loss=0.5854 train_acc=0.6233 train_loss=0.6505 val_acc=0.5957 val_loss=0.6585 router_H=0.6424 best=0.5957
           router_load=[0.6537764072418213, 0.06244603544473648, 0.0, 0.2837776839733124]
[step 0090/150] method=baseline_avg loss=0.6787 train_acc=0.6233 train_loss=0.6505 val_acc=0.5957 val_loss=0.6585 router_H=0.6424 best=0.5957
           router_load=[0.6537764072418213, 0.06244603544473648, 0.0, 0.2837776839733124]
[step 0100/150] method=baseline_avg loss=0.7773 train_acc=0.7080 train_loss=0.5884 val_acc=0.6679 val_loss=0.6127 router_H=0.6540 best=0.6679
           router_load=[0.6138160824775696, 0.05505235865712166, 0.0008236750145442784, 0.33030781149864197]
[step 0110/150] method=baseline_avg loss=0.5897 train_acc=0.7080 train_loss=0.5884 val_acc=0.6679 val_loss=0.6127 router_H=0.6540 best=0.6679
           router_load=[0.6138160824775696, 0.05505235865712166, 0.0008236750145442784, 0.33030781149864197]
[step 0120/150] method=baseline_avg loss=0.6061 train_acc=0.7080 train_loss=0.5884 val_acc=0.6679 val_loss=0.6127 router_H=0.6540 best=0.6679
           router_load=[0.6138160824775696, 0.05505235865712166, 0.0008236750145442784, 0.33030781149864197]
[step 0130/150] method=baseline_avg loss=0.6886 train_acc=0.7080 train_loss=0.5884 val_acc=0.6679 val_loss=0.6127 router_H=0.6540 best=0.6679
           router_load=[0.6138160824775696, 0.05505235865712166, 0.0008236750145442784, 0.33030781149864197]
[step 0140/150] method=baseline_avg loss=0.6740 train_acc=0.7080 train_loss=0.5884 val_acc=0.6679 val_loss=0.6127 router_H=0.6540 best=0.6679
           router_load=[0.6138160824775696, 0.05505235865712166, 0.0008236750145442784, 0.33030781149864197]
[step 0150/150] method=baseline_avg loss=0.5490 train_acc=0.7213 train_loss=0.6009 val_acc=0.6715 val_loss=0.6434 router_H=0.6315 best=0.6715
           router_load=[0.46620750427246094, 0.04244302213191986, 0.015604719519615173, 0.47574469447135925]
saved summary -> /home/zhujjing/MOE-grad-conflict-routing/runs/paper_suite/single_gpu/single_task/roberta_rte_ffn_e4_k2/hpo/baseline/trial_runs/coord_02_train_weight_decay_007/baseline_s3.json
saved curve -> /home/zhujjing/MOE-grad-conflict-routing/runs/paper_suite/single_gpu/single_task/roberta_rte_ffn_e4_k2/hpo/baseline/trial_runs/coord_02_train_weight_decay_007/baseline_s3_curve.csv
