[run] method=baseline candidate=coord_02_anchor seed=2 steps=150 gpu=0
[run] cmd=
/home/zhujjing/anaconda3/envs/moe/bin/python /home/zhujjing/MOE-grad-conflict-routing/scripts/run.py --config configs/singletask_rte_real.yaml --set model.backbone_backend=hf --set model.hf_load_pretrained=true --set model.backbone=roberta --set model.hf_pretrained_name=roberta-base --set model.expert_type=ffn --set model.routing_mode=topk --set model.num_experts=4 --set model.top_k=2 --set seed=2 --set method.name=baseline_avg --set train.steps=150 --set train.eval_every_steps=50 --set train.grad_clip=1 --set train.lr=2.555178414e-05 --set train.weight_decay=0.01 --out /home/zhujjing/MOE-grad-conflict-routing/runs/paper_suite/single_gpu/single_task/roberta_rte_ffn_e4_k2/hpo/baseline/trial_runs/coord_02_anchor/baseline_s2.json --curve_out /home/zhujjing/MOE-grad-conflict-routing/runs/paper_suite/single_gpu/single_task/roberta_rte_ffn_e4_k2/hpo/baseline/trial_runs/coord_02_anchor/baseline_s2_curve.csv
Using the latest cached version of the dataset since glue couldn't be found on the Hugging Face Hub (offline mode is enabled).
Found the latest cached dataset configuration 'rte' at /home/zhujjing/hf_cache/datasets/glue/rte/0.0.0/bcdcba79d07bc864c1c254ccfcedcce55bcc9a8c (last modified on Thu Mar 19 15:00:36 2026).
/home/zhujjing/anaconda3/envs/moe/lib/python3.10/site-packages/transformers/utils/hub.py:124: FutureWarning: Using `TRANSFORMERS_CACHE` is deprecated and will be removed in v5 of Transformers. Use `HF_HOME` instead.
  warnings.warn(
Some weights of RobertaModel were not initialized from the model checkpoint at roberta-base and are newly initialized: ['roberta.pooler.dense.bias', 'roberta.pooler.dense.weight']
You should probably TRAIN this model on a down-stream task to be able to use it for predictions and inference.
[step 0001/150] method=baseline_avg loss=0.6950 train_acc=nan train_loss=nan val_acc=nan val_loss=nan best=-1.0000
[step 0010/150] method=baseline_avg loss=0.7484 train_acc=nan train_loss=nan val_acc=nan val_loss=nan best=-1.0000
[step 0020/150] method=baseline_avg loss=0.6815 train_acc=nan train_loss=nan val_acc=nan val_loss=nan best=-1.0000
[step 0030/150] method=baseline_avg loss=0.7023 train_acc=nan train_loss=nan val_acc=nan val_loss=nan best=-1.0000
[step 0040/150] method=baseline_avg loss=0.6915 train_acc=nan train_loss=nan val_acc=nan val_loss=nan best=-1.0000
[step 0050/150] method=baseline_avg loss=0.6199 train_acc=0.5104 train_loss=0.6756 val_acc=0.5307 val_loss=0.6703 router_H=0.6820 best=0.5307
           router_load=[0.02096199244260788, 0.3518674075603485, 0.5671409368515015, 0.06002969294786453]
[step 0060/150] method=baseline_avg loss=0.6506 train_acc=0.5104 train_loss=0.6756 val_acc=0.5307 val_loss=0.6703 router_H=0.6820 best=0.5307
           router_load=[0.02096199244260788, 0.3518674075603485, 0.5671409368515015, 0.06002969294786453]
[step 0070/150] method=baseline_avg loss=0.6637 train_acc=0.5104 train_loss=0.6756 val_acc=0.5307 val_loss=0.6703 router_H=0.6820 best=0.5307
           router_load=[0.02096199244260788, 0.3518674075603485, 0.5671409368515015, 0.06002969294786453]
[step 0080/150] method=baseline_avg loss=0.6836 train_acc=0.5104 train_loss=0.6756 val_acc=0.5307 val_loss=0.6703 router_H=0.6820 best=0.5307
           router_load=[0.02096199244260788, 0.3518674075603485, 0.5671409368515015, 0.06002969294786453]
[step 0090/150] method=baseline_avg loss=0.7305 train_acc=0.5104 train_loss=0.6756 val_acc=0.5307 val_loss=0.6703 router_H=0.6820 best=0.5307
           router_load=[0.02096199244260788, 0.3518674075603485, 0.5671409368515015, 0.06002969294786453]
[step 0100/150] method=baseline_avg loss=0.6731 train_acc=0.6960 train_loss=0.6281 val_acc=0.6354 val_loss=0.6569 router_H=0.6907 best=0.6354
           router_load=[0.09653247892856598, 0.3434976041316986, 0.5163342356681824, 0.04363565891981125]
[step 0110/150] method=baseline_avg loss=0.6412 train_acc=0.6960 train_loss=0.6281 val_acc=0.6354 val_loss=0.6569 router_H=0.6907 best=0.6354
           router_load=[0.09653247892856598, 0.3434976041316986, 0.5163342356681824, 0.04363565891981125]
[step 0120/150] method=baseline_avg loss=0.4741 train_acc=0.6960 train_loss=0.6281 val_acc=0.6354 val_loss=0.6569 router_H=0.6907 best=0.6354
           router_load=[0.09653247892856598, 0.3434976041316986, 0.5163342356681824, 0.04363565891981125]
[step 0130/150] method=baseline_avg loss=0.6091 train_acc=0.6960 train_loss=0.6281 val_acc=0.6354 val_loss=0.6569 router_H=0.6907 best=0.6354
           router_load=[0.09653247892856598, 0.3434976041316986, 0.5163342356681824, 0.04363565891981125]
[step 0140/150] method=baseline_avg loss=0.7517 train_acc=0.6960 train_loss=0.6281 val_acc=0.6354 val_loss=0.6569 router_H=0.6907 best=0.6354
           router_load=[0.09653247892856598, 0.3434976041316986, 0.5163342356681824, 0.04363565891981125]
[step 0150/150] method=baseline_avg loss=0.7189 train_acc=0.7373 train_loss=0.5570 val_acc=0.6751 val_loss=0.5949 router_H=0.5755 best=0.6751
           router_load=[0.001077346852980554, 0.2786725163459778, 0.6658264398574829, 0.05442366376519203]
saved summary -> /home/zhujjing/MOE-grad-conflict-routing/runs/paper_suite/single_gpu/single_task/roberta_rte_ffn_e4_k2/hpo/baseline/trial_runs/coord_02_anchor/baseline_s2.json
saved curve -> /home/zhujjing/MOE-grad-conflict-routing/runs/paper_suite/single_gpu/single_task/roberta_rte_ffn_e4_k2/hpo/baseline/trial_runs/coord_02_anchor/baseline_s2_curve.csv
