[run] method=baseline candidate=coord_02_train_weight_decay_003 seed=2 steps=150 gpu=0
[run] cmd=
/home/zhujjing/anaconda3/envs/moe/bin/python /home/zhujjing/MOE-grad-conflict-routing/scripts/run.py --config configs/singletask_rte_real.yaml --set model.backbone_backend=hf --set model.hf_load_pretrained=true --set model.backbone=roberta --set model.hf_pretrained_name=roberta-base --set model.expert_type=ffn --set model.routing_mode=topk --set model.num_experts=4 --set model.top_k=2 --set seed=2 --set method.name=baseline_avg --set train.steps=150 --set train.eval_every_steps=50 --set train.grad_clip=1 --set train.lr=2.555178414e-05 --set train.weight_decay=0.0353185872 --out /home/zhujjing/MOE-grad-conflict-routing/runs/paper_suite/single_gpu/single_task/roberta_rte_ffn_e4_k2/hpo/baseline/trial_runs/coord_02_train_weight_decay_003/baseline_s2.json --curve_out /home/zhujjing/MOE-grad-conflict-routing/runs/paper_suite/single_gpu/single_task/roberta_rte_ffn_e4_k2/hpo/baseline/trial_runs/coord_02_train_weight_decay_003/baseline_s2_curve.csv
Using the latest cached version of the dataset since glue couldn't be found on the Hugging Face Hub (offline mode is enabled).
Found the latest cached dataset configuration 'rte' at /home/zhujjing/hf_cache/datasets/glue/rte/0.0.0/bcdcba79d07bc864c1c254ccfcedcce55bcc9a8c (last modified on Thu Mar 19 15:00:36 2026).
/home/zhujjing/anaconda3/envs/moe/lib/python3.10/site-packages/transformers/utils/hub.py:124: FutureWarning: Using `TRANSFORMERS_CACHE` is deprecated and will be removed in v5 of Transformers. Use `HF_HOME` instead.
  warnings.warn(
Some weights of RobertaModel were not initialized from the model checkpoint at roberta-base and are newly initialized: ['roberta.pooler.dense.bias', 'roberta.pooler.dense.weight']
You should probably TRAIN this model on a down-stream task to be able to use it for predictions and inference.
[step 0001/150] method=baseline_avg loss=0.6924 train_acc=nan train_loss=nan val_acc=nan val_loss=nan best=-1.0000
[step 0010/150] method=baseline_avg loss=0.7367 train_acc=nan train_loss=nan val_acc=nan val_loss=nan best=-1.0000
[step 0020/150] method=baseline_avg loss=0.6854 train_acc=nan train_loss=nan val_acc=nan val_loss=nan best=-1.0000
[step 0030/150] method=baseline_avg loss=0.6744 train_acc=nan train_loss=nan val_acc=nan val_loss=nan best=-1.0000
[step 0040/150] method=baseline_avg loss=0.7289 train_acc=nan train_loss=nan val_acc=nan val_loss=nan best=-1.0000
[step 0050/150] method=baseline_avg loss=0.6605 train_acc=0.6040 train_loss=0.6740 val_acc=0.5740 val_loss=0.6747 router_H=0.6527 best=0.5740
           router_load=[0.022285763174295425, 0.6333230137825012, 0.010208340361714363, 0.3341829180717468]
[step 0060/150] method=baseline_avg loss=0.6367 train_acc=0.6040 train_loss=0.6740 val_acc=0.5740 val_loss=0.6747 router_H=0.6527 best=0.5740
           router_load=[0.022285763174295425, 0.6333230137825012, 0.010208340361714363, 0.3341829180717468]
[step 0070/150] method=baseline_avg loss=0.6805 train_acc=0.6040 train_loss=0.6740 val_acc=0.5740 val_loss=0.6747 router_H=0.6527 best=0.5740
           router_load=[0.022285763174295425, 0.6333230137825012, 0.010208340361714363, 0.3341829180717468]
[step 0080/150] method=baseline_avg loss=0.7296 train_acc=0.6040 train_loss=0.6740 val_acc=0.5740 val_loss=0.6747 router_H=0.6527 best=0.5740
           router_load=[0.022285763174295425, 0.6333230137825012, 0.010208340361714363, 0.3341829180717468]
[step 0090/150] method=baseline_avg loss=0.8331 train_acc=0.6040 train_loss=0.6740 val_acc=0.5740 val_loss=0.6747 router_H=0.6527 best=0.5740
           router_load=[0.022285763174295425, 0.6333230137825012, 0.010208340361714363, 0.3341829180717468]
[step 0100/150] method=baseline_avg loss=0.6970 train_acc=0.5759 train_loss=0.6747 val_acc=0.5451 val_loss=0.6893 router_H=0.6866 best=0.5740
           router_load=[0.0, 0.5266266465187073, 0.007011036388576031, 0.4663623571395874]
[step 0110/150] method=baseline_avg loss=0.6731 train_acc=0.5759 train_loss=0.6747 val_acc=0.5451 val_loss=0.6893 router_H=0.6866 best=0.5740
           router_load=[0.0, 0.5266266465187073, 0.007011036388576031, 0.4663623571395874]
[step 0120/150] method=baseline_avg loss=0.6539 train_acc=0.5759 train_loss=0.6747 val_acc=0.5451 val_loss=0.6893 router_H=0.6866 best=0.5740
           router_load=[0.0, 0.5266266465187073, 0.007011036388576031, 0.4663623571395874]
[step 0130/150] method=baseline_avg loss=0.6271 train_acc=0.5759 train_loss=0.6747 val_acc=0.5451 val_loss=0.6893 router_H=0.6866 best=0.5740
           router_load=[0.0, 0.5266266465187073, 0.007011036388576031, 0.4663623571395874]
[step 0140/150] method=baseline_avg loss=0.6133 train_acc=0.5759 train_loss=0.6747 val_acc=0.5451 val_loss=0.6893 router_H=0.6866 best=0.5740
           router_load=[0.0, 0.5266266465187073, 0.007011036388576031, 0.4663623571395874]
[step 0150/150] method=baseline_avg loss=0.6609 train_acc=0.6257 train_loss=0.6709 val_acc=0.5884 val_loss=0.6776 router_H=0.6514 best=0.5884
           router_load=[0.0, 0.6392440795898438, 0.29619425535202026, 0.06456169486045837]
saved summary -> /home/zhujjing/MOE-grad-conflict-routing/runs/paper_suite/single_gpu/single_task/roberta_rte_ffn_e4_k2/hpo/baseline/trial_runs/coord_02_train_weight_decay_003/baseline_s2.json
saved curve -> /home/zhujjing/MOE-grad-conflict-routing/runs/paper_suite/single_gpu/single_task/roberta_rte_ffn_e4_k2/hpo/baseline/trial_runs/coord_02_train_weight_decay_003/baseline_s2_curve.csv
