[run] method=cagrad candidate=local_var_topk_007 seed=3 steps=150 gpu=0
[run] cmd=
/home/zhujjing/anaconda3/envs/moe/bin/python /home/zhujjing/MOE-grad-conflict-routing/scripts/run.py --config configs/singletask_mrpc_real.yaml --set model.backbone_backend=hf --set model.hf_load_pretrained=true --set model.backbone=roberta --set model.hf_pretrained_name=roberta-base --set model.expert_type=lora --set model.routing_mode=topk --set model.num_experts=4 --set model.top_k=2 --set seed=3 --set method.name=baseline_cagrad --set train.steps=150 --set train.eval_every_steps=50 --set method.baseline_cagrad.c=0.4665396522 --set method.baseline_cagrad.inner_lr=0.4947630335 --set train.grad_clip=0.8201921409 --set train.lr=8.465509e-06 --set train.weight_decay=0.00811280231 --out /home/zhujjing/MOE-grad-conflict-routing/runs/paper_suite/single_gpu/single_task/roberta_mrpc_lora_e4_k2/hpo/cagrad/trial_runs/local_var_topk_007/cagrad_s3.json --curve_out /home/zhujjing/MOE-grad-conflict-routing/runs/paper_suite/single_gpu/single_task/roberta_mrpc_lora_e4_k2/hpo/cagrad/trial_runs/local_var_topk_007/cagrad_s3_curve.csv
Using the latest cached version of the dataset since glue couldn't be found on the Hugging Face Hub (offline mode is enabled).
Found the latest cached dataset configuration 'mrpc' at /home/zhujjing/hf_cache/datasets/glue/mrpc/0.0.0/bcdcba79d07bc864c1c254ccfcedcce55bcc9a8c (last modified on Thu Mar 19 15:01:06 2026).
/home/zhujjing/anaconda3/envs/moe/lib/python3.10/site-packages/transformers/utils/hub.py:124: FutureWarning: Using `TRANSFORMERS_CACHE` is deprecated and will be removed in v5 of Transformers. Use `HF_HOME` instead.
  warnings.warn(
Some weights of RobertaModel were not initialized from the model checkpoint at roberta-base and are newly initialized: ['roberta.pooler.dense.bias', 'roberta.pooler.dense.weight']
You should probably TRAIN this model on a down-stream task to be able to use it for predictions and inference.
[step 0001/150] method=baseline_cagrad loss=0.8035 train_acc=nan train_loss=nan val_acc=nan val_loss=nan best=-1.0000
[step 0010/150] method=baseline_cagrad loss=0.6615 train_acc=nan train_loss=nan val_acc=nan val_loss=nan best=-1.0000
[step 0020/150] method=baseline_cagrad loss=0.7051 train_acc=nan train_loss=nan val_acc=nan val_loss=nan best=-1.0000
[step 0030/150] method=baseline_cagrad loss=0.5702 train_acc=nan train_loss=nan val_acc=nan val_loss=nan best=-1.0000
[step 0040/150] method=baseline_cagrad loss=0.6933 train_acc=nan train_loss=nan val_acc=nan val_loss=nan best=-1.0000
[step 0050/150] method=baseline_cagrad loss=0.5890 train_acc=0.7083 train_loss=0.5340 val_acc=0.7181 val_loss=0.5272 router_H=0.6921 best=0.7181
           router_load=[0.3171577453613281, 0.17965608835220337, 0.4664338529109955, 0.03675229847431183]
[step 0060/150] method=baseline_cagrad loss=0.6286 train_acc=0.7083 train_loss=0.5340 val_acc=0.7181 val_loss=0.5272 router_H=0.6921 best=0.7181
           router_load=[0.3171577453613281, 0.17965608835220337, 0.4664338529109955, 0.03675229847431183]
[step 0070/150] method=baseline_cagrad loss=0.4671 train_acc=0.7083 train_loss=0.5340 val_acc=0.7181 val_loss=0.5272 router_H=0.6921 best=0.7181
           router_load=[0.3171577453613281, 0.17965608835220337, 0.4664338529109955, 0.03675229847431183]
[step 0080/150] method=baseline_cagrad loss=0.6170 train_acc=0.7083 train_loss=0.5340 val_acc=0.7181 val_loss=0.5272 router_H=0.6921 best=0.7181
           router_load=[0.3171577453613281, 0.17965608835220337, 0.4664338529109955, 0.03675229847431183]
[step 0090/150] method=baseline_cagrad loss=0.6828 train_acc=0.7083 train_loss=0.5340 val_acc=0.7181 val_loss=0.5272 router_H=0.6921 best=0.7181
           router_load=[0.3171577453613281, 0.17965608835220337, 0.4664338529109955, 0.03675229847431183]
[step 0100/150] method=baseline_cagrad loss=0.5373 train_acc=0.7868 train_loss=0.4412 val_acc=0.7941 val_loss=0.4422 router_H=0.6915 best=0.7941
           router_load=[0.3308623433113098, 0.12482057511806488, 0.23609894514083862, 0.3082181215286255]
[step 0110/150] method=baseline_cagrad loss=0.3571 train_acc=0.7868 train_loss=0.4412 val_acc=0.7941 val_loss=0.4422 router_H=0.6915 best=0.7941
           router_load=[0.3308623433113098, 0.12482057511806488, 0.23609894514083862, 0.3082181215286255]
[step 0120/150] method=baseline_cagrad loss=0.3067 train_acc=0.7868 train_loss=0.4412 val_acc=0.7941 val_loss=0.4422 router_H=0.6915 best=0.7941
           router_load=[0.3308623433113098, 0.12482057511806488, 0.23609894514083862, 0.3082181215286255]
[step 0130/150] method=baseline_cagrad loss=0.2840 train_acc=0.7868 train_loss=0.4412 val_acc=0.7941 val_loss=0.4422 router_H=0.6915 best=0.7941
           router_load=[0.3308623433113098, 0.12482057511806488, 0.23609894514083862, 0.3082181215286255]
[step 0140/150] method=baseline_cagrad loss=0.4128 train_acc=0.7868 train_loss=0.4412 val_acc=0.7941 val_loss=0.4422 router_H=0.6915 best=0.7941
           router_load=[0.3308623433113098, 0.12482057511806488, 0.23609894514083862, 0.3082181215286255]
[step 0150/150] method=baseline_cagrad loss=0.4760 train_acc=0.8421 train_loss=0.3708 val_acc=0.8137 val_loss=0.3854 router_H=0.6890 best=0.8137
           router_load=[0.3259452283382416, 0.10688221454620361, 0.16461238265037537, 0.4025602638721466]
saved summary -> /home/zhujjing/MOE-grad-conflict-routing/runs/paper_suite/single_gpu/single_task/roberta_mrpc_lora_e4_k2/hpo/cagrad/trial_runs/local_var_topk_007/cagrad_s3.json
saved curve -> /home/zhujjing/MOE-grad-conflict-routing/runs/paper_suite/single_gpu/single_task/roberta_mrpc_lora_e4_k2/hpo/cagrad/trial_runs/local_var_topk_007/cagrad_s3_curve.csv
