[run] method=cagrad candidate=local_var_topk_022 seed=3 steps=150 gpu=0
[run] cmd=
/home/zhujjing/anaconda3/envs/moe/bin/python /home/zhujjing/MOE-grad-conflict-routing/scripts/run.py --config configs/singletask_mrpc_real.yaml --set model.backbone_backend=hf --set model.hf_load_pretrained=true --set model.backbone=roberta --set model.hf_pretrained_name=roberta-base --set model.expert_type=lora --set model.routing_mode=topk --set model.num_experts=4 --set model.top_k=2 --set seed=3 --set method.name=baseline_cagrad --set train.steps=150 --set train.eval_every_steps=50 --set method.baseline_cagrad.c=0.2865396522 --set method.baseline_cagrad.inner_lr=0.4947630335 --set train.grad_clip=0.8201921409 --set train.lr=3.3862035e-05 --set train.weight_decay=0.00811280231 --out /home/zhujjing/MOE-grad-conflict-routing/runs/paper_suite/single_gpu/single_task/roberta_mrpc_lora_e4_k2/hpo/cagrad/trial_runs/local_var_topk_022/cagrad_s3.json --curve_out /home/zhujjing/MOE-grad-conflict-routing/runs/paper_suite/single_gpu/single_task/roberta_mrpc_lora_e4_k2/hpo/cagrad/trial_runs/local_var_topk_022/cagrad_s3_curve.csv
Using the latest cached version of the dataset since glue couldn't be found on the Hugging Face Hub (offline mode is enabled).
Found the latest cached dataset configuration 'mrpc' at /home/zhujjing/hf_cache/datasets/glue/mrpc/0.0.0/bcdcba79d07bc864c1c254ccfcedcce55bcc9a8c (last modified on Thu Mar 19 15:01:06 2026).
/home/zhujjing/anaconda3/envs/moe/lib/python3.10/site-packages/transformers/utils/hub.py:124: FutureWarning: Using `TRANSFORMERS_CACHE` is deprecated and will be removed in v5 of Transformers. Use `HF_HOME` instead.
  warnings.warn(
Some weights of RobertaModel were not initialized from the model checkpoint at roberta-base and are newly initialized: ['roberta.pooler.dense.bias', 'roberta.pooler.dense.weight']
You should probably TRAIN this model on a down-stream task to be able to use it for predictions and inference.
[step 0001/150] method=baseline_cagrad loss=0.6553 train_acc=nan train_loss=nan val_acc=nan val_loss=nan best=-1.0000
[step 0010/150] method=baseline_cagrad loss=0.7567 train_acc=nan train_loss=nan val_acc=nan val_loss=nan best=-1.0000
[step 0020/150] method=baseline_cagrad loss=0.6046 train_acc=nan train_loss=nan val_acc=nan val_loss=nan best=-1.0000
[step 0030/150] method=baseline_cagrad loss=0.4548 train_acc=nan train_loss=nan val_acc=nan val_loss=nan best=-1.0000
[step 0040/150] method=baseline_cagrad loss=0.5296 train_acc=nan train_loss=nan val_acc=nan val_loss=nan best=-1.0000
[step 0050/150] method=baseline_cagrad loss=0.3952 train_acc=0.8043 train_loss=0.4197 val_acc=0.8015 val_loss=0.4020 router_H=0.6878 best=0.8015
           router_load=[0.0, 0.0, 0.5287607312202454, 0.47123926877975464]
[step 0060/150] method=baseline_cagrad loss=0.4933 train_acc=0.8043 train_loss=0.4197 val_acc=0.8015 val_loss=0.4020 router_H=0.6878 best=0.8015
           router_load=[0.0, 0.0, 0.5287607312202454, 0.47123926877975464]
[step 0070/150] method=baseline_cagrad loss=0.3341 train_acc=0.8043 train_loss=0.4197 val_acc=0.8015 val_loss=0.4020 router_H=0.6878 best=0.8015
           router_load=[0.0, 0.0, 0.5287607312202454, 0.47123926877975464]
[step 0080/150] method=baseline_cagrad loss=0.4820 train_acc=0.8043 train_loss=0.4197 val_acc=0.8015 val_loss=0.4020 router_H=0.6878 best=0.8015
           router_load=[0.0, 0.0, 0.5287607312202454, 0.47123926877975464]
[step 0090/150] method=baseline_cagrad loss=0.6590 train_acc=0.8043 train_loss=0.4197 val_acc=0.8015 val_loss=0.4020 router_H=0.6878 best=0.8015
           router_load=[0.0, 0.0, 0.5287607312202454, 0.47123926877975464]
[step 0100/150] method=baseline_cagrad loss=0.4551 train_acc=0.8580 train_loss=0.3564 val_acc=0.8480 val_loss=0.3751 router_H=0.6919 best=0.8480
           router_load=[0.0, 0.0, 0.5170093774795532, 0.48299065232276917]
[step 0110/150] method=baseline_cagrad loss=0.7160 train_acc=0.8580 train_loss=0.3564 val_acc=0.8480 val_loss=0.3751 router_H=0.6919 best=0.8480
           router_load=[0.0, 0.0, 0.5170093774795532, 0.48299065232276917]
[step 0120/150] method=baseline_cagrad loss=0.3602 train_acc=0.8580 train_loss=0.3564 val_acc=0.8480 val_loss=0.3751 router_H=0.6919 best=0.8480
           router_load=[0.0, 0.0, 0.5170093774795532, 0.48299065232276917]
[step 0130/150] method=baseline_cagrad loss=0.3986 train_acc=0.8580 train_loss=0.3564 val_acc=0.8480 val_loss=0.3751 router_H=0.6919 best=0.8480
           router_load=[0.0, 0.0, 0.5170093774795532, 0.48299065232276917]
[step 0140/150] method=baseline_cagrad loss=0.6340 train_acc=0.8580 train_loss=0.3564 val_acc=0.8480 val_loss=0.3751 router_H=0.6919 best=0.8480
           router_load=[0.0, 0.0, 0.5170093774795532, 0.48299065232276917]
[step 0150/150] method=baseline_cagrad loss=0.5355 train_acc=0.8337 train_loss=0.4120 val_acc=0.7941 val_loss=0.4530 router_H=0.6578 best=0.8480
           router_load=[0.0, 0.002848562551662326, 0.62115877866745, 0.37599265575408936]
saved summary -> /home/zhujjing/MOE-grad-conflict-routing/runs/paper_suite/single_gpu/single_task/roberta_mrpc_lora_e4_k2/hpo/cagrad/trial_runs/local_var_topk_022/cagrad_s3.json
saved curve -> /home/zhujjing/MOE-grad-conflict-routing/runs/paper_suite/single_gpu/single_task/roberta_mrpc_lora_e4_k2/hpo/cagrad/trial_runs/local_var_topk_022/cagrad_s3_curve.csv
