[run] method=cagrad candidate=local_var_topk_003 seed=3 steps=150 gpu=0
[run] cmd=
/home/zhujjing/anaconda3/envs/moe/bin/python /home/zhujjing/MOE-grad-conflict-routing/scripts/run.py --config configs/singletask_mrpc_real.yaml --set model.backbone_backend=hf --set model.hf_load_pretrained=true --set model.backbone=roberta --set model.hf_pretrained_name=roberta-base --set model.expert_type=lora --set model.routing_mode=topk --set model.num_experts=4 --set model.top_k=2 --set seed=3 --set method.name=baseline_cagrad --set train.steps=150 --set train.eval_every_steps=50 --set method.baseline_cagrad.c=0.2865396522 --set method.baseline_cagrad.inner_lr=0.2473815167 --set train.grad_clip=0.8201921409 --set train.lr=8.465509e-06 --set train.weight_decay=0.00811280231 --out /home/zhujjing/MOE-grad-conflict-routing/runs/paper_suite/single_gpu/single_task/roberta_mrpc_lora_e4_k2/hpo/cagrad/trial_runs/local_var_topk_003/cagrad_s3.json --curve_out /home/zhujjing/MOE-grad-conflict-routing/runs/paper_suite/single_gpu/single_task/roberta_mrpc_lora_e4_k2/hpo/cagrad/trial_runs/local_var_topk_003/cagrad_s3_curve.csv
Using the latest cached version of the dataset since glue couldn't be found on the Hugging Face Hub (offline mode is enabled).
Found the latest cached dataset configuration 'mrpc' at /home/zhujjing/hf_cache/datasets/glue/mrpc/0.0.0/bcdcba79d07bc864c1c254ccfcedcce55bcc9a8c (last modified on Thu Mar 19 15:01:06 2026).
/home/zhujjing/anaconda3/envs/moe/lib/python3.10/site-packages/transformers/utils/hub.py:124: FutureWarning: Using `TRANSFORMERS_CACHE` is deprecated and will be removed in v5 of Transformers. Use `HF_HOME` instead.
  warnings.warn(
Some weights of RobertaModel were not initialized from the model checkpoint at roberta-base and are newly initialized: ['roberta.pooler.dense.bias', 'roberta.pooler.dense.weight']
You should probably TRAIN this model on a down-stream task to be able to use it for predictions and inference.
[step 0001/150] method=baseline_cagrad loss=0.6717 train_acc=nan train_loss=nan val_acc=nan val_loss=nan best=-1.0000
[step 0010/150] method=baseline_cagrad loss=0.6829 train_acc=nan train_loss=nan val_acc=nan val_loss=nan best=-1.0000
[step 0020/150] method=baseline_cagrad loss=0.6719 train_acc=nan train_loss=nan val_acc=nan val_loss=nan best=-1.0000
[step 0030/150] method=baseline_cagrad loss=0.5561 train_acc=nan train_loss=nan val_acc=nan val_loss=nan best=-1.0000
[step 0040/150] method=baseline_cagrad loss=0.6967 train_acc=nan train_loss=nan val_acc=nan val_loss=nan best=-1.0000
[step 0050/150] method=baseline_cagrad loss=0.6344 train_acc=0.7064 train_loss=0.5462 val_acc=0.6912 val_loss=0.5394 router_H=0.6801 best=0.6912
           router_load=[0.5750598907470703, 0.009179226122796535, 0.010558463633060455, 0.40520238876342773]
[step 0060/150] method=baseline_cagrad loss=0.6213 train_acc=0.7064 train_loss=0.5462 val_acc=0.6912 val_loss=0.5394 router_H=0.6801 best=0.6912
           router_load=[0.5750598907470703, 0.009179226122796535, 0.010558463633060455, 0.40520238876342773]
[step 0070/150] method=baseline_cagrad loss=0.4337 train_acc=0.7064 train_loss=0.5462 val_acc=0.6912 val_loss=0.5394 router_H=0.6801 best=0.6912
           router_load=[0.5750598907470703, 0.009179226122796535, 0.010558463633060455, 0.40520238876342773]
[step 0080/150] method=baseline_cagrad loss=0.6081 train_acc=0.7064 train_loss=0.5462 val_acc=0.6912 val_loss=0.5394 router_H=0.6801 best=0.6912
           router_load=[0.5750598907470703, 0.009179226122796535, 0.010558463633060455, 0.40520238876342773]
[step 0090/150] method=baseline_cagrad loss=0.5957 train_acc=0.7064 train_loss=0.5462 val_acc=0.6912 val_loss=0.5394 router_H=0.6801 best=0.6912
           router_load=[0.5750598907470703, 0.009179226122796535, 0.010558463633060455, 0.40520238876342773]
[step 0100/150] method=baseline_cagrad loss=0.6026 train_acc=0.7691 train_loss=0.4575 val_acc=0.7721 val_loss=0.4634 router_H=0.6646 best=0.7721
           router_load=[0.6121928691864014, 0.011503715999424458, 0.006675697397440672, 0.36962777376174927]
[step 0110/150] method=baseline_cagrad loss=0.3971 train_acc=0.7691 train_loss=0.4575 val_acc=0.7721 val_loss=0.4634 router_H=0.6646 best=0.7721
           router_load=[0.6121928691864014, 0.011503715999424458, 0.006675697397440672, 0.36962777376174927]
[step 0120/150] method=baseline_cagrad loss=0.3557 train_acc=0.7691 train_loss=0.4575 val_acc=0.7721 val_loss=0.4634 router_H=0.6646 best=0.7721
           router_load=[0.6121928691864014, 0.011503715999424458, 0.006675697397440672, 0.36962777376174927]
[step 0130/150] method=baseline_cagrad loss=0.3356 train_acc=0.7691 train_loss=0.4575 val_acc=0.7721 val_loss=0.4634 router_H=0.6646 best=0.7721
           router_load=[0.6121928691864014, 0.011503715999424458, 0.006675697397440672, 0.36962777376174927]
[step 0140/150] method=baseline_cagrad loss=0.4281 train_acc=0.7691 train_loss=0.4575 val_acc=0.7721 val_loss=0.4634 router_H=0.6646 best=0.7721
           router_load=[0.6121928691864014, 0.011503715999424458, 0.006675697397440672, 0.36962777376174927]
[step 0150/150] method=baseline_cagrad loss=0.4538 train_acc=0.8323 train_loss=0.3750 val_acc=0.8137 val_loss=0.3980 router_H=0.6669 best=0.8137
           router_load=[0.6073393225669861, 0.013503204099833965, 0.0042603206820786, 0.3748972415924072]
saved summary -> /home/zhujjing/MOE-grad-conflict-routing/runs/paper_suite/single_gpu/single_task/roberta_mrpc_lora_e4_k2/hpo/cagrad/trial_runs/local_var_topk_003/cagrad_s3.json
saved curve -> /home/zhujjing/MOE-grad-conflict-routing/runs/paper_suite/single_gpu/single_task/roberta_mrpc_lora_e4_k2/hpo/cagrad/trial_runs/local_var_topk_003/cagrad_s3_curve.csv
