[run] method=cagrad candidate=local_var_topk_016 seed=3 steps=150 gpu=0
[run] cmd=
/home/zhujjing/anaconda3/envs/moe/bin/python /home/zhujjing/MOE-grad-conflict-routing/scripts/run.py --config configs/singletask_mrpc_real.yaml --set model.backbone_backend=hf --set model.hf_load_pretrained=true --set model.backbone=roberta --set model.hf_pretrained_name=roberta-base --set model.expert_type=lora --set model.routing_mode=topk --set model.num_experts=4 --set model.top_k=2 --set seed=3 --set method.name=baseline_cagrad --set train.steps=150 --set train.eval_every_steps=50 --set method.baseline_cagrad.c=0.4665396522 --set method.baseline_cagrad.inner_lr=0.4947630335 --set train.grad_clip=0.8201921409 --set train.lr=1.6931018e-05 --set train.weight_decay=0.00811280231 --out /home/zhujjing/MOE-grad-conflict-routing/runs/paper_suite/single_gpu/single_task/roberta_mrpc_lora_e4_k2/hpo/cagrad/trial_runs/local_var_topk_016/cagrad_s3.json --curve_out /home/zhujjing/MOE-grad-conflict-routing/runs/paper_suite/single_gpu/single_task/roberta_mrpc_lora_e4_k2/hpo/cagrad/trial_runs/local_var_topk_016/cagrad_s3_curve.csv
Using the latest cached version of the dataset since glue couldn't be found on the Hugging Face Hub (offline mode is enabled).
Found the latest cached dataset configuration 'mrpc' at /home/zhujjing/hf_cache/datasets/glue/mrpc/0.0.0/bcdcba79d07bc864c1c254ccfcedcce55bcc9a8c (last modified on Thu Mar 19 15:01:06 2026).
/home/zhujjing/anaconda3/envs/moe/lib/python3.10/site-packages/transformers/utils/hub.py:124: FutureWarning: Using `TRANSFORMERS_CACHE` is deprecated and will be removed in v5 of Transformers. Use `HF_HOME` instead.
  warnings.warn(
Some weights of RobertaModel were not initialized from the model checkpoint at roberta-base and are newly initialized: ['roberta.pooler.dense.bias', 'roberta.pooler.dense.weight']
You should probably TRAIN this model on a down-stream task to be able to use it for predictions and inference.
[step 0001/150] method=baseline_cagrad loss=0.6768 train_acc=nan train_loss=nan val_acc=nan val_loss=nan best=-1.0000
[step 0010/150] method=baseline_cagrad loss=0.7211 train_acc=nan train_loss=nan val_acc=nan val_loss=nan best=-1.0000
[step 0020/150] method=baseline_cagrad loss=0.6086 train_acc=nan train_loss=nan val_acc=nan val_loss=nan best=-1.0000
[step 0030/150] method=baseline_cagrad loss=0.5710 train_acc=nan train_loss=nan val_acc=nan val_loss=nan best=-1.0000
[step 0040/150] method=baseline_cagrad loss=0.6651 train_acc=nan train_loss=nan val_acc=nan val_loss=nan best=-1.0000
[step 0050/150] method=baseline_cagrad loss=0.4860 train_acc=0.7587 train_loss=0.4767 val_acc=0.7843 val_loss=0.4653 router_H=0.6922 best=0.7843
           router_load=[0.3729713559150696, 0.01074235886335373, 0.26876020431518555, 0.34752607345581055]
[step 0060/150] method=baseline_cagrad loss=0.4552 train_acc=0.7587 train_loss=0.4767 val_acc=0.7843 val_loss=0.4653 router_H=0.6922 best=0.7843
           router_load=[0.3729713559150696, 0.01074235886335373, 0.26876020431518555, 0.34752607345581055]
[step 0070/150] method=baseline_cagrad loss=0.4386 train_acc=0.7587 train_loss=0.4767 val_acc=0.7843 val_loss=0.4653 router_H=0.6922 best=0.7843
           router_load=[0.3729713559150696, 0.01074235886335373, 0.26876020431518555, 0.34752607345581055]
[step 0080/150] method=baseline_cagrad loss=0.4436 train_acc=0.7587 train_loss=0.4767 val_acc=0.7843 val_loss=0.4653 router_H=0.6922 best=0.7843
           router_load=[0.3729713559150696, 0.01074235886335373, 0.26876020431518555, 0.34752607345581055]
[step 0090/150] method=baseline_cagrad loss=0.5499 train_acc=0.7587 train_loss=0.4767 val_acc=0.7843 val_loss=0.4653 router_H=0.6922 best=0.7843
           router_load=[0.3729713559150696, 0.01074235886335373, 0.26876020431518555, 0.34752607345581055]
[step 0100/150] method=baseline_cagrad loss=0.6114 train_acc=0.8302 train_loss=0.3726 val_acc=0.8260 val_loss=0.3676 router_H=0.6920 best=0.8260
           router_load=[0.2014453113079071, 0.012099537067115307, 0.38134971261024475, 0.4051055610179901]
[step 0110/150] method=baseline_cagrad loss=0.2982 train_acc=0.8302 train_loss=0.3726 val_acc=0.8260 val_loss=0.3676 router_H=0.6920 best=0.8260
           router_load=[0.2014453113079071, 0.012099537067115307, 0.38134971261024475, 0.4051055610179901]
[step 0120/150] method=baseline_cagrad loss=0.2889 train_acc=0.8302 train_loss=0.3726 val_acc=0.8260 val_loss=0.3676 router_H=0.6920 best=0.8260
           router_load=[0.2014453113079071, 0.012099537067115307, 0.38134971261024475, 0.4051055610179901]
[step 0130/150] method=baseline_cagrad loss=0.2425 train_acc=0.8302 train_loss=0.3726 val_acc=0.8260 val_loss=0.3676 router_H=0.6920 best=0.8260
           router_load=[0.2014453113079071, 0.012099537067115307, 0.38134971261024475, 0.4051055610179901]
[step 0140/150] method=baseline_cagrad loss=0.5745 train_acc=0.8302 train_loss=0.3726 val_acc=0.8260 val_loss=0.3676 router_H=0.6920 best=0.8260
           router_load=[0.2014453113079071, 0.012099537067115307, 0.38134971261024475, 0.4051055610179901]
[step 0150/150] method=baseline_cagrad loss=0.3584 train_acc=0.8727 train_loss=0.3190 val_acc=0.8652 val_loss=0.3302 router_H=0.6903 best=0.8652
           router_load=[0.0736217051744461, 0.11541057378053665, 0.3047761023044586, 0.5061915516853333]
saved summary -> /home/zhujjing/MOE-grad-conflict-routing/runs/paper_suite/single_gpu/single_task/roberta_mrpc_lora_e4_k2/hpo/cagrad/trial_runs/local_var_topk_016/cagrad_s3.json
saved curve -> /home/zhujjing/MOE-grad-conflict-routing/runs/paper_suite/single_gpu/single_task/roberta_mrpc_lora_e4_k2/hpo/cagrad/trial_runs/local_var_topk_016/cagrad_s3_curve.csv
