[run] method=cagrad candidate=local_var_topk_019 seed=2 steps=150 gpu=0
[run] cmd=
/home/zhujjing/anaconda3/envs/moe/bin/python /home/zhujjing/MOE-grad-conflict-routing/scripts/run.py --config configs/singletask_mrpc_real.yaml --set model.backbone_backend=hf --set model.hf_load_pretrained=true --set model.backbone=roberta --set model.hf_pretrained_name=roberta-base --set model.expert_type=lora --set model.routing_mode=topk --set model.num_experts=4 --set model.top_k=2 --set seed=2 --set method.name=baseline_cagrad --set train.steps=150 --set train.eval_every_steps=50 --set method.baseline_cagrad.c=0.1065396522 --set method.baseline_cagrad.inner_lr=0.4947630335 --set train.grad_clip=0.8201921409 --set train.lr=3.3862035e-05 --set train.weight_decay=0.00811280231 --out /home/zhujjing/MOE-grad-conflict-routing/runs/paper_suite/single_gpu/single_task/roberta_mrpc_lora_e4_k2/hpo/cagrad/trial_runs/local_var_topk_019/cagrad_s2.json --curve_out /home/zhujjing/MOE-grad-conflict-routing/runs/paper_suite/single_gpu/single_task/roberta_mrpc_lora_e4_k2/hpo/cagrad/trial_runs/local_var_topk_019/cagrad_s2_curve.csv
Using the latest cached version of the dataset since glue couldn't be found on the Hugging Face Hub (offline mode is enabled).
Found the latest cached dataset configuration 'mrpc' at /home/zhujjing/hf_cache/datasets/glue/mrpc/0.0.0/bcdcba79d07bc864c1c254ccfcedcce55bcc9a8c (last modified on Thu Mar 19 15:01:06 2026).
/home/zhujjing/anaconda3/envs/moe/lib/python3.10/site-packages/transformers/utils/hub.py:124: FutureWarning: Using `TRANSFORMERS_CACHE` is deprecated and will be removed in v5 of Transformers. Use `HF_HOME` instead.
  warnings.warn(
Some weights of RobertaModel were not initialized from the model checkpoint at roberta-base and are newly initialized: ['roberta.pooler.dense.bias', 'roberta.pooler.dense.weight']
You should probably TRAIN this model on a down-stream task to be able to use it for predictions and inference.
[step 0001/150] method=baseline_cagrad loss=0.6737 train_acc=nan train_loss=nan val_acc=nan val_loss=nan best=-1.0000
[step 0010/150] method=baseline_cagrad loss=0.8250 train_acc=nan train_loss=nan val_acc=nan val_loss=nan best=-1.0000
[step 0020/150] method=baseline_cagrad loss=0.5731 train_acc=nan train_loss=nan val_acc=nan val_loss=nan best=-1.0000
[step 0030/150] method=baseline_cagrad loss=0.6071 train_acc=nan train_loss=nan val_acc=nan val_loss=nan best=-1.0000
[step 0040/150] method=baseline_cagrad loss=0.5513 train_acc=nan train_loss=nan val_acc=nan val_loss=nan best=-1.0000
[step 0050/150] method=baseline_cagrad loss=0.5540 train_acc=0.7219 train_loss=0.5287 val_acc=0.7206 val_loss=0.5383 router_H=0.6901 best=0.7206
           router_load=[0.5298715233802795, 0.0, 0.0, 0.47012853622436523]
[step 0060/150] method=baseline_cagrad loss=0.6160 train_acc=0.7219 train_loss=0.5287 val_acc=0.7206 val_loss=0.5383 router_H=0.6901 best=0.7206
           router_load=[0.5298715233802795, 0.0, 0.0, 0.47012853622436523]
[step 0070/150] method=baseline_cagrad loss=0.3465 train_acc=0.7219 train_loss=0.5287 val_acc=0.7206 val_loss=0.5383 router_H=0.6901 best=0.7206
           router_load=[0.5298715233802795, 0.0, 0.0, 0.47012853622436523]
[step 0080/150] method=baseline_cagrad loss=0.4115 train_acc=0.7219 train_loss=0.5287 val_acc=0.7206 val_loss=0.5383 router_H=0.6901 best=0.7206
           router_load=[0.5298715233802795, 0.0, 0.0, 0.47012853622436523]
[step 0090/150] method=baseline_cagrad loss=0.2615 train_acc=0.7219 train_loss=0.5287 val_acc=0.7206 val_loss=0.5383 router_H=0.6901 best=0.7206
           router_load=[0.5298715233802795, 0.0, 0.0, 0.47012853622436523]
[step 0100/150] method=baseline_cagrad loss=0.4485 train_acc=0.7713 train_loss=0.4616 val_acc=0.7353 val_loss=0.4853 router_H=0.6905 best=0.7353
           router_load=[0.5244861841201782, 0.0, 0.0, 0.4755137860774994]
[step 0110/150] method=baseline_cagrad loss=0.5885 train_acc=0.7713 train_loss=0.4616 val_acc=0.7353 val_loss=0.4853 router_H=0.6905 best=0.7353
           router_load=[0.5244861841201782, 0.0, 0.0, 0.4755137860774994]
[step 0120/150] method=baseline_cagrad loss=0.3533 train_acc=0.7713 train_loss=0.4616 val_acc=0.7353 val_loss=0.4853 router_H=0.6905 best=0.7353
           router_load=[0.5244861841201782, 0.0, 0.0, 0.4755137860774994]
[step 0130/150] method=baseline_cagrad loss=0.5359 train_acc=0.7713 train_loss=0.4616 val_acc=0.7353 val_loss=0.4853 router_H=0.6905 best=0.7353
           router_load=[0.5244861841201782, 0.0, 0.0, 0.4755137860774994]
[step 0140/150] method=baseline_cagrad loss=0.2989 train_acc=0.7713 train_loss=0.4616 val_acc=0.7353 val_loss=0.4853 router_H=0.6905 best=0.7353
           router_load=[0.5244861841201782, 0.0, 0.0, 0.4755137860774994]
[step 0150/150] method=baseline_cagrad loss=0.6500 train_acc=0.8779 train_loss=0.2912 val_acc=0.8627 val_loss=0.3354 router_H=0.6916 best=0.8627
           router_load=[0.49666526913642883, 0.0, 0.0, 0.5033347010612488]
saved summary -> /home/zhujjing/MOE-grad-conflict-routing/runs/paper_suite/single_gpu/single_task/roberta_mrpc_lora_e4_k2/hpo/cagrad/trial_runs/local_var_topk_019/cagrad_s2.json
saved curve -> /home/zhujjing/MOE-grad-conflict-routing/runs/paper_suite/single_gpu/single_task/roberta_mrpc_lora_e4_k2/hpo/cagrad/trial_runs/local_var_topk_019/cagrad_s2_curve.csv
