[run] method=cagrad candidate=local_var_topk_014 seed=3 steps=150 gpu=0
[run] cmd=
/home/zhujjing/anaconda3/envs/moe/bin/python /home/zhujjing/MOE-grad-conflict-routing/scripts/run.py --config configs/singletask_mrpc_real.yaml --set model.backbone_backend=hf --set model.hf_load_pretrained=true --set model.backbone=roberta --set model.hf_pretrained_name=roberta-base --set model.expert_type=lora --set model.routing_mode=topk --set model.num_experts=4 --set model.top_k=2 --set seed=3 --set method.name=baseline_cagrad --set train.steps=150 --set train.eval_every_steps=50 --set method.baseline_cagrad.c=0.2865396522 --set method.baseline_cagrad.inner_lr=0.5 --set train.grad_clip=0.8201921409 --set train.lr=1.6931018e-05 --set train.weight_decay=0.00811280231 --out /home/zhujjing/MOE-grad-conflict-routing/runs/paper_suite/single_gpu/single_task/roberta_mrpc_lora_e4_k2/hpo/cagrad/trial_runs/local_var_topk_014/cagrad_s3.json --curve_out /home/zhujjing/MOE-grad-conflict-routing/runs/paper_suite/single_gpu/single_task/roberta_mrpc_lora_e4_k2/hpo/cagrad/trial_runs/local_var_topk_014/cagrad_s3_curve.csv
Using the latest cached version of the dataset since glue couldn't be found on the Hugging Face Hub (offline mode is enabled).
Found the latest cached dataset configuration 'mrpc' at /home/zhujjing/hf_cache/datasets/glue/mrpc/0.0.0/bcdcba79d07bc864c1c254ccfcedcce55bcc9a8c (last modified on Thu Mar 19 15:01:06 2026).
/home/zhujjing/anaconda3/envs/moe/lib/python3.10/site-packages/transformers/utils/hub.py:124: FutureWarning: Using `TRANSFORMERS_CACHE` is deprecated and will be removed in v5 of Transformers. Use `HF_HOME` instead.
  warnings.warn(
Some weights of RobertaModel were not initialized from the model checkpoint at roberta-base and are newly initialized: ['roberta.pooler.dense.bias', 'roberta.pooler.dense.weight']
You should probably TRAIN this model on a down-stream task to be able to use it for predictions and inference.
[step 0001/150] method=baseline_cagrad loss=0.6696 train_acc=nan train_loss=nan val_acc=nan val_loss=nan best=-1.0000
[step 0010/150] method=baseline_cagrad loss=0.7252 train_acc=nan train_loss=nan val_acc=nan val_loss=nan best=-1.0000
[step 0020/150] method=baseline_cagrad loss=0.6159 train_acc=nan train_loss=nan val_acc=nan val_loss=nan best=-1.0000
[step 0030/150] method=baseline_cagrad loss=0.5822 train_acc=nan train_loss=nan val_acc=nan val_loss=nan best=-1.0000
[step 0040/150] method=baseline_cagrad loss=0.6569 train_acc=nan train_loss=nan val_acc=nan val_loss=nan best=-1.0000
[step 0050/150] method=baseline_cagrad loss=0.4208 train_acc=0.7754 train_loss=0.4610 val_acc=0.7672 val_loss=0.4637 router_H=0.6910 best=0.7672
           router_load=[0.061501454561948776, 0.0, 0.4944060742855072, 0.4440924823284149]
[step 0060/150] method=baseline_cagrad loss=0.4387 train_acc=0.7754 train_loss=0.4610 val_acc=0.7672 val_loss=0.4637 router_H=0.6910 best=0.7672
           router_load=[0.061501454561948776, 0.0, 0.4944060742855072, 0.4440924823284149]
[step 0070/150] method=baseline_cagrad loss=0.3023 train_acc=0.7754 train_loss=0.4610 val_acc=0.7672 val_loss=0.4637 router_H=0.6910 best=0.7672
           router_load=[0.061501454561948776, 0.0, 0.4944060742855072, 0.4440924823284149]
[step 0080/150] method=baseline_cagrad loss=0.4678 train_acc=0.7754 train_loss=0.4610 val_acc=0.7672 val_loss=0.4637 router_H=0.6910 best=0.7672
           router_load=[0.061501454561948776, 0.0, 0.4944060742855072, 0.4440924823284149]
[step 0090/150] method=baseline_cagrad loss=0.6050 train_acc=0.7754 train_loss=0.4610 val_acc=0.7672 val_loss=0.4637 router_H=0.6910 best=0.7672
           router_load=[0.061501454561948776, 0.0, 0.4944060742855072, 0.4440924823284149]
[step 0100/150] method=baseline_cagrad loss=0.5979 train_acc=0.8503 train_loss=0.3594 val_acc=0.8284 val_loss=0.3655 router_H=0.6916 best=0.8284
           router_load=[0.25631028413772583, 0.0010376253630965948, 0.37681740522384644, 0.36583465337753296]
[step 0110/150] method=baseline_cagrad loss=0.5001 train_acc=0.8503 train_loss=0.3594 val_acc=0.8284 val_loss=0.3655 router_H=0.6916 best=0.8284
           router_load=[0.25631028413772583, 0.0010376253630965948, 0.37681740522384644, 0.36583465337753296]
[step 0120/150] method=baseline_cagrad loss=0.2994 train_acc=0.8503 train_loss=0.3594 val_acc=0.8284 val_loss=0.3655 router_H=0.6916 best=0.8284
           router_load=[0.25631028413772583, 0.0010376253630965948, 0.37681740522384644, 0.36583465337753296]
[step 0130/150] method=baseline_cagrad loss=0.2740 train_acc=0.8503 train_loss=0.3594 val_acc=0.8284 val_loss=0.3655 router_H=0.6916 best=0.8284
           router_load=[0.25631028413772583, 0.0010376253630965948, 0.37681740522384644, 0.36583465337753296]
[step 0140/150] method=baseline_cagrad loss=0.4733 train_acc=0.8503 train_loss=0.3594 val_acc=0.8284 val_loss=0.3655 router_H=0.6916 best=0.8284
           router_load=[0.25631028413772583, 0.0010376253630965948, 0.37681740522384644, 0.36583465337753296]
[step 0150/150] method=baseline_cagrad loss=0.3726 train_acc=0.8689 train_loss=0.3273 val_acc=0.8701 val_loss=0.3370 router_H=0.6919 best=0.8701
           router_load=[0.18735021352767944, 0.0011735822772607207, 0.45916399359703064, 0.3523120880126953]
saved summary -> /home/zhujjing/MOE-grad-conflict-routing/runs/paper_suite/single_gpu/single_task/roberta_mrpc_lora_e4_k2/hpo/cagrad/trial_runs/local_var_topk_014/cagrad_s3.json
saved curve -> /home/zhujjing/MOE-grad-conflict-routing/runs/paper_suite/single_gpu/single_task/roberta_mrpc_lora_e4_k2/hpo/cagrad/trial_runs/local_var_topk_014/cagrad_s3_curve.csv
