[run] method=cagrad candidate=local_var_topk_007 seed=2 steps=150 gpu=0
[run] cmd=
/home/zhujjing/anaconda3/envs/moe/bin/python /home/zhujjing/MOE-grad-conflict-routing/scripts/run.py --config configs/singletask_mrpc_real.yaml --set model.backbone_backend=hf --set model.hf_load_pretrained=true --set model.backbone=roberta --set model.hf_pretrained_name=roberta-base --set model.expert_type=lora --set model.routing_mode=topk --set model.num_experts=4 --set model.top_k=2 --set seed=2 --set method.name=baseline_cagrad --set train.steps=150 --set train.eval_every_steps=50 --set method.baseline_cagrad.c=0.4665396522 --set method.baseline_cagrad.inner_lr=0.4947630335 --set train.grad_clip=0.8201921409 --set train.lr=8.465509e-06 --set train.weight_decay=0.00811280231 --out /home/zhujjing/MOE-grad-conflict-routing/runs/paper_suite/single_gpu/single_task/roberta_mrpc_lora_e4_k2/hpo/cagrad/trial_runs/local_var_topk_007/cagrad_s2.json --curve_out /home/zhujjing/MOE-grad-conflict-routing/runs/paper_suite/single_gpu/single_task/roberta_mrpc_lora_e4_k2/hpo/cagrad/trial_runs/local_var_topk_007/cagrad_s2_curve.csv
Using the latest cached version of the dataset since glue couldn't be found on the Hugging Face Hub (offline mode is enabled).
Found the latest cached dataset configuration 'mrpc' at /home/zhujjing/hf_cache/datasets/glue/mrpc/0.0.0/bcdcba79d07bc864c1c254ccfcedcce55bcc9a8c (last modified on Thu Mar 19 15:01:06 2026).
/home/zhujjing/anaconda3/envs/moe/lib/python3.10/site-packages/transformers/utils/hub.py:124: FutureWarning: Using `TRANSFORMERS_CACHE` is deprecated and will be removed in v5 of Transformers. Use `HF_HOME` instead.
  warnings.warn(
Some weights of RobertaModel were not initialized from the model checkpoint at roberta-base and are newly initialized: ['roberta.pooler.dense.bias', 'roberta.pooler.dense.weight']
You should probably TRAIN this model on a down-stream task to be able to use it for predictions and inference.
[step 0001/150] method=baseline_cagrad loss=0.6660 train_acc=nan train_loss=nan val_acc=nan val_loss=nan best=-1.0000
[step 0010/150] method=baseline_cagrad loss=0.6412 train_acc=nan train_loss=nan val_acc=nan val_loss=nan best=-1.0000
[step 0020/150] method=baseline_cagrad loss=0.6829 train_acc=nan train_loss=nan val_acc=nan val_loss=nan best=-1.0000
[step 0030/150] method=baseline_cagrad loss=0.6930 train_acc=nan train_loss=nan val_acc=nan val_loss=nan best=-1.0000
[step 0040/150] method=baseline_cagrad loss=0.6034 train_acc=nan train_loss=nan val_acc=nan val_loss=nan best=-1.0000
[step 0050/150] method=baseline_cagrad loss=0.5250 train_acc=0.7118 train_loss=0.5334 val_acc=0.7108 val_loss=0.5307 router_H=0.6891 best=0.7108
           router_load=[0.47134843468666077, 0.0, 0.0, 0.5286515951156616]
[step 0060/150] method=baseline_cagrad loss=0.6071 train_acc=0.7118 train_loss=0.5334 val_acc=0.7108 val_loss=0.5307 router_H=0.6891 best=0.7108
           router_load=[0.47134843468666077, 0.0, 0.0, 0.5286515951156616]
[step 0070/150] method=baseline_cagrad loss=0.4382 train_acc=0.7118 train_loss=0.5334 val_acc=0.7108 val_loss=0.5307 router_H=0.6891 best=0.7108
           router_load=[0.47134843468666077, 0.0, 0.0, 0.5286515951156616]
[step 0080/150] method=baseline_cagrad loss=0.4704 train_acc=0.7118 train_loss=0.5334 val_acc=0.7108 val_loss=0.5307 router_H=0.6891 best=0.7108
           router_load=[0.47134843468666077, 0.0, 0.0, 0.5286515951156616]
[step 0090/150] method=baseline_cagrad loss=0.4773 train_acc=0.7118 train_loss=0.5334 val_acc=0.7108 val_loss=0.5307 router_H=0.6891 best=0.7108
           router_load=[0.47134843468666077, 0.0, 0.0, 0.5286515951156616]
[step 0100/150] method=baseline_cagrad loss=0.5157 train_acc=0.8127 train_loss=0.4326 val_acc=0.7990 val_loss=0.4326 router_H=0.6843 best=0.7990
           router_load=[0.45646142959594727, 0.0, 0.0039009645115584135, 0.5396375060081482]
[step 0110/150] method=baseline_cagrad loss=0.7084 train_acc=0.8127 train_loss=0.4326 val_acc=0.7990 val_loss=0.4326 router_H=0.6843 best=0.7990
           router_load=[0.45646142959594727, 0.0, 0.0039009645115584135, 0.5396375060081482]
[step 0120/150] method=baseline_cagrad loss=0.2871 train_acc=0.8127 train_loss=0.4326 val_acc=0.7990 val_loss=0.4326 router_H=0.6843 best=0.7990
           router_load=[0.45646142959594727, 0.0, 0.0039009645115584135, 0.5396375060081482]
[step 0130/150] method=baseline_cagrad loss=0.5621 train_acc=0.8127 train_loss=0.4326 val_acc=0.7990 val_loss=0.4326 router_H=0.6843 best=0.7990
           router_load=[0.45646142959594727, 0.0, 0.0039009645115584135, 0.5396375060081482]
[step 0140/150] method=baseline_cagrad loss=0.3960 train_acc=0.8127 train_loss=0.4326 val_acc=0.7990 val_loss=0.4326 router_H=0.6843 best=0.7990
           router_load=[0.45646142959594727, 0.0, 0.0039009645115584135, 0.5396375060081482]
[step 0150/150] method=baseline_cagrad loss=0.5706 train_acc=0.8454 train_loss=0.3580 val_acc=0.8358 val_loss=0.3781 router_H=0.6721 best=0.8358
           router_load=[0.38499951362609863, 0.0007492182776331902, 0.040672749280929565, 0.5735785365104675]
saved summary -> /home/zhujjing/MOE-grad-conflict-routing/runs/paper_suite/single_gpu/single_task/roberta_mrpc_lora_e4_k2/hpo/cagrad/trial_runs/local_var_topk_007/cagrad_s2.json
saved curve -> /home/zhujjing/MOE-grad-conflict-routing/runs/paper_suite/single_gpu/single_task/roberta_mrpc_lora_e4_k2/hpo/cagrad/trial_runs/local_var_topk_007/cagrad_s2_curve.csv
