[run] method=cagrad candidate=local_var_topk_012 seed=3 steps=150 gpu=0
[run] cmd=
/home/zhujjing/anaconda3/envs/moe/bin/python /home/zhujjing/MOE-grad-conflict-routing/scripts/run.py --config configs/singletask_mrpc_real.yaml --set model.backbone_backend=hf --set model.hf_load_pretrained=true --set model.backbone=roberta --set model.hf_pretrained_name=roberta-base --set model.expert_type=lora --set model.routing_mode=topk --set model.num_experts=4 --set model.top_k=2 --set seed=3 --set method.name=baseline_cagrad --set train.steps=150 --set train.eval_every_steps=50 --set method.baseline_cagrad.c=0.2865396522 --set method.baseline_cagrad.inner_lr=0.2473815167 --set train.grad_clip=0.8201921409 --set train.lr=1.6931018e-05 --set train.weight_decay=0.00811280231 --out /home/zhujjing/MOE-grad-conflict-routing/runs/paper_suite/single_gpu/single_task/roberta_mrpc_lora_e4_k2/hpo/cagrad/trial_runs/local_var_topk_012/cagrad_s3.json --curve_out /home/zhujjing/MOE-grad-conflict-routing/runs/paper_suite/single_gpu/single_task/roberta_mrpc_lora_e4_k2/hpo/cagrad/trial_runs/local_var_topk_012/cagrad_s3_curve.csv
Using the latest cached version of the dataset since glue couldn't be found on the Hugging Face Hub (offline mode is enabled).
Found the latest cached dataset configuration 'mrpc' at /home/zhujjing/hf_cache/datasets/glue/mrpc/0.0.0/bcdcba79d07bc864c1c254ccfcedcce55bcc9a8c (last modified on Thu Mar 19 15:01:06 2026).
/home/zhujjing/anaconda3/envs/moe/lib/python3.10/site-packages/transformers/utils/hub.py:124: FutureWarning: Using `TRANSFORMERS_CACHE` is deprecated and will be removed in v5 of Transformers. Use `HF_HOME` instead.
  warnings.warn(
Some weights of RobertaModel were not initialized from the model checkpoint at roberta-base and are newly initialized: ['roberta.pooler.dense.bias', 'roberta.pooler.dense.weight']
You should probably TRAIN this model on a down-stream task to be able to use it for predictions and inference.
[step 0001/150] method=baseline_cagrad loss=0.6541 train_acc=nan train_loss=nan val_acc=nan val_loss=nan best=-1.0000
[step 0010/150] method=baseline_cagrad loss=0.6955 train_acc=nan train_loss=nan val_acc=nan val_loss=nan best=-1.0000
[step 0020/150] method=baseline_cagrad loss=0.5688 train_acc=nan train_loss=nan val_acc=nan val_loss=nan best=-1.0000
[step 0030/150] method=baseline_cagrad loss=0.5564 train_acc=nan train_loss=nan val_acc=nan val_loss=nan best=-1.0000
[step 0040/150] method=baseline_cagrad loss=0.6153 train_acc=nan train_loss=nan val_acc=nan val_loss=nan best=-1.0000
[step 0050/150] method=baseline_cagrad loss=0.4784 train_acc=0.7598 train_loss=0.5095 val_acc=0.7525 val_loss=0.4911 router_H=0.6449 best=0.7525
           router_load=[0.04426770284771919, 0.3104817569255829, 0.0, 0.6452505588531494]
[step 0060/150] method=baseline_cagrad loss=0.4674 train_acc=0.7598 train_loss=0.5095 val_acc=0.7525 val_loss=0.4911 router_H=0.6449 best=0.7525
           router_load=[0.04426770284771919, 0.3104817569255829, 0.0, 0.6452505588531494]
[step 0070/150] method=baseline_cagrad loss=0.4888 train_acc=0.7598 train_loss=0.5095 val_acc=0.7525 val_loss=0.4911 router_H=0.6449 best=0.7525
           router_load=[0.04426770284771919, 0.3104817569255829, 0.0, 0.6452505588531494]
[step 0080/150] method=baseline_cagrad loss=0.4654 train_acc=0.7598 train_loss=0.5095 val_acc=0.7525 val_loss=0.4911 router_H=0.6449 best=0.7525
           router_load=[0.04426770284771919, 0.3104817569255829, 0.0, 0.6452505588531494]
[step 0090/150] method=baseline_cagrad loss=0.5166 train_acc=0.7598 train_loss=0.5095 val_acc=0.7525 val_loss=0.4911 router_H=0.6449 best=0.7525
           router_load=[0.04426770284771919, 0.3104817569255829, 0.0, 0.6452505588531494]
[step 0100/150] method=baseline_cagrad loss=0.4400 train_acc=0.8236 train_loss=0.3887 val_acc=0.8382 val_loss=0.3858 router_H=0.6687 best=0.8382
           router_load=[0.051403261721134186, 0.344229131937027, 0.0, 0.6043675541877747]
[step 0110/150] method=baseline_cagrad loss=0.3032 train_acc=0.8236 train_loss=0.3887 val_acc=0.8382 val_loss=0.3858 router_H=0.6687 best=0.8382
           router_load=[0.051403261721134186, 0.344229131937027, 0.0, 0.6043675541877747]
[step 0120/150] method=baseline_cagrad loss=0.2040 train_acc=0.8236 train_loss=0.3887 val_acc=0.8382 val_loss=0.3858 router_H=0.6687 best=0.8382
           router_load=[0.051403261721134186, 0.344229131937027, 0.0, 0.6043675541877747]
[step 0130/150] method=baseline_cagrad loss=0.4921 train_acc=0.8236 train_loss=0.3887 val_acc=0.8382 val_loss=0.3858 router_H=0.6687 best=0.8382
           router_load=[0.051403261721134186, 0.344229131937027, 0.0, 0.6043675541877747]
[step 0140/150] method=baseline_cagrad loss=0.5966 train_acc=0.8236 train_loss=0.3887 val_acc=0.8382 val_loss=0.3858 router_H=0.6687 best=0.8382
           router_load=[0.051403261721134186, 0.344229131937027, 0.0, 0.6043675541877747]
[step 0150/150] method=baseline_cagrad loss=0.5026 train_acc=0.8236 train_loss=0.3837 val_acc=0.8039 val_loss=0.3972 router_H=0.6805 best=0.8382
           router_load=[0.01983547955751419, 0.41631776094436646, 0.0, 0.5638468265533447]
saved summary -> /home/zhujjing/MOE-grad-conflict-routing/runs/paper_suite/single_gpu/single_task/roberta_mrpc_lora_e4_k2/hpo/cagrad/trial_runs/local_var_topk_012/cagrad_s3.json
saved curve -> /home/zhujjing/MOE-grad-conflict-routing/runs/paper_suite/single_gpu/single_task/roberta_mrpc_lora_e4_k2/hpo/cagrad/trial_runs/local_var_topk_012/cagrad_s3_curve.csv
