[run] method=cagrad candidate=local_var_topk_011 seed=2 steps=150 gpu=0
[run] cmd=
/home/zhujjing/anaconda3/envs/moe/bin/python /home/zhujjing/MOE-grad-conflict-routing/scripts/run.py --config configs/singletask_mrpc_real.yaml --set model.backbone_backend=hf --set model.hf_load_pretrained=true --set model.backbone=roberta --set model.hf_pretrained_name=roberta-base --set model.expert_type=lora --set model.routing_mode=topk --set model.num_experts=4 --set model.top_k=2 --set seed=2 --set method.name=baseline_cagrad --set train.steps=150 --set train.eval_every_steps=50 --set method.baseline_cagrad.c=0.1065396522 --set method.baseline_cagrad.inner_lr=0.5 --set train.grad_clip=0.8201921409 --set train.lr=1.6931018e-05 --set train.weight_decay=0.00811280231 --out /home/zhujjing/MOE-grad-conflict-routing/runs/paper_suite/single_gpu/single_task/roberta_mrpc_lora_e4_k2/hpo/cagrad/trial_runs/local_var_topk_011/cagrad_s2.json --curve_out /home/zhujjing/MOE-grad-conflict-routing/runs/paper_suite/single_gpu/single_task/roberta_mrpc_lora_e4_k2/hpo/cagrad/trial_runs/local_var_topk_011/cagrad_s2_curve.csv
Using the latest cached version of the dataset since glue couldn't be found on the Hugging Face Hub (offline mode is enabled).
Found the latest cached dataset configuration 'mrpc' at /home/zhujjing/hf_cache/datasets/glue/mrpc/0.0.0/bcdcba79d07bc864c1c254ccfcedcce55bcc9a8c (last modified on Thu Mar 19 15:01:06 2026).
/home/zhujjing/anaconda3/envs/moe/lib/python3.10/site-packages/transformers/utils/hub.py:124: FutureWarning: Using `TRANSFORMERS_CACHE` is deprecated and will be removed in v5 of Transformers. Use `HF_HOME` instead.
  warnings.warn(
Some weights of RobertaModel were not initialized from the model checkpoint at roberta-base and are newly initialized: ['roberta.pooler.dense.bias', 'roberta.pooler.dense.weight']
You should probably TRAIN this model on a down-stream task to be able to use it for predictions and inference.
[step 0001/150] method=baseline_cagrad loss=0.6792 train_acc=nan train_loss=nan val_acc=nan val_loss=nan best=-1.0000
[step 0010/150] method=baseline_cagrad loss=0.6758 train_acc=nan train_loss=nan val_acc=nan val_loss=nan best=-1.0000
[step 0020/150] method=baseline_cagrad loss=0.5743 train_acc=nan train_loss=nan val_acc=nan val_loss=nan best=-1.0000
[step 0030/150] method=baseline_cagrad loss=0.7402 train_acc=nan train_loss=nan val_acc=nan val_loss=nan best=-1.0000
[step 0040/150] method=baseline_cagrad loss=0.5360 train_acc=nan train_loss=nan val_acc=nan val_loss=nan best=-1.0000
[step 0050/150] method=baseline_cagrad loss=0.5196 train_acc=0.7296 train_loss=0.5286 val_acc=0.7328 val_loss=0.5269 router_H=0.6715 best=0.7328
           router_load=[0.0, 0.5952499508857727, 0.40280142426490784, 0.0019486517412588]
[step 0060/150] method=baseline_cagrad loss=0.5980 train_acc=0.7296 train_loss=0.5286 val_acc=0.7328 val_loss=0.5269 router_H=0.6715 best=0.7328
           router_load=[0.0, 0.5952499508857727, 0.40280142426490784, 0.0019486517412588]
[step 0070/150] method=baseline_cagrad loss=0.3970 train_acc=0.7296 train_loss=0.5286 val_acc=0.7328 val_loss=0.5269 router_H=0.6715 best=0.7328
           router_load=[0.0, 0.5952499508857727, 0.40280142426490784, 0.0019486517412588]
[step 0080/150] method=baseline_cagrad loss=0.4249 train_acc=0.7296 train_loss=0.5286 val_acc=0.7328 val_loss=0.5269 router_H=0.6715 best=0.7328
           router_load=[0.0, 0.5952499508857727, 0.40280142426490784, 0.0019486517412588]
[step 0090/150] method=baseline_cagrad loss=0.4143 train_acc=0.7296 train_loss=0.5286 val_acc=0.7328 val_loss=0.5269 router_H=0.6715 best=0.7328
           router_load=[0.0, 0.5952499508857727, 0.40280142426490784, 0.0019486517412588]
[step 0100/150] method=baseline_cagrad loss=0.5669 train_acc=0.7822 train_loss=0.4503 val_acc=0.7843 val_loss=0.4526 router_H=0.6763 best=0.7843
           router_load=[0.0, 0.5713253617286682, 0.42757490277290344, 0.0010996557539328933]
[step 0110/150] method=baseline_cagrad loss=0.7017 train_acc=0.7822 train_loss=0.4503 val_acc=0.7843 val_loss=0.4526 router_H=0.6763 best=0.7843
           router_load=[0.0, 0.5713253617286682, 0.42757490277290344, 0.0010996557539328933]
[step 0120/150] method=baseline_cagrad loss=0.2706 train_acc=0.7822 train_loss=0.4503 val_acc=0.7843 val_loss=0.4526 router_H=0.6763 best=0.7843
           router_load=[0.0, 0.5713253617286682, 0.42757490277290344, 0.0010996557539328933]
[step 0130/150] method=baseline_cagrad loss=0.5210 train_acc=0.7822 train_loss=0.4503 val_acc=0.7843 val_loss=0.4526 router_H=0.6763 best=0.7843
           router_load=[0.0, 0.5713253617286682, 0.42757490277290344, 0.0010996557539328933]
[step 0140/150] method=baseline_cagrad loss=0.4861 train_acc=0.7822 train_loss=0.4503 val_acc=0.7843 val_loss=0.4526 router_H=0.6763 best=0.7843
           router_load=[0.0, 0.5713253617286682, 0.42757490277290344, 0.0010996557539328933]
[step 0150/150] method=baseline_cagrad loss=0.7090 train_acc=0.8724 train_loss=0.3232 val_acc=0.8627 val_loss=0.3339 router_H=0.6405 best=0.8627
           router_load=[0.01191194262355566, 0.6397339105606079, 0.2563598155975342, 0.0919942855834961]
saved summary -> /home/zhujjing/MOE-grad-conflict-routing/runs/paper_suite/single_gpu/single_task/roberta_mrpc_lora_e4_k2/hpo/cagrad/trial_runs/local_var_topk_011/cagrad_s2.json
saved curve -> /home/zhujjing/MOE-grad-conflict-routing/runs/paper_suite/single_gpu/single_task/roberta_mrpc_lora_e4_k2/hpo/cagrad/trial_runs/local_var_topk_011/cagrad_s2_curve.csv
