[run] method=cagrad candidate=local_var_topk_023 seed=3 steps=150 gpu=0
[run] cmd=
/home/zhujjing/anaconda3/envs/moe/bin/python /home/zhujjing/MOE-grad-conflict-routing/scripts/run.py --config configs/singletask_mrpc_real.yaml --set model.backbone_backend=hf --set model.hf_load_pretrained=true --set model.backbone=roberta --set model.hf_pretrained_name=roberta-base --set model.expert_type=lora --set model.routing_mode=topk --set model.num_experts=4 --set model.top_k=2 --set seed=3 --set method.name=baseline_cagrad --set train.steps=150 --set train.eval_every_steps=50 --set method.baseline_cagrad.c=0.2865396522 --set method.baseline_cagrad.inner_lr=0.5 --set train.grad_clip=0.8201921409 --set train.lr=3.3862035e-05 --set train.weight_decay=0.00811280231 --out /home/zhujjing/MOE-grad-conflict-routing/runs/paper_suite/single_gpu/single_task/roberta_mrpc_lora_e4_k2/hpo/cagrad/trial_runs/local_var_topk_023/cagrad_s3.json --curve_out /home/zhujjing/MOE-grad-conflict-routing/runs/paper_suite/single_gpu/single_task/roberta_mrpc_lora_e4_k2/hpo/cagrad/trial_runs/local_var_topk_023/cagrad_s3_curve.csv
Using the latest cached version of the dataset since glue couldn't be found on the Hugging Face Hub (offline mode is enabled).
Found the latest cached dataset configuration 'mrpc' at /home/zhujjing/hf_cache/datasets/glue/mrpc/0.0.0/bcdcba79d07bc864c1c254ccfcedcce55bcc9a8c (last modified on Thu Mar 19 15:01:06 2026).
/home/zhujjing/anaconda3/envs/moe/lib/python3.10/site-packages/transformers/utils/hub.py:124: FutureWarning: Using `TRANSFORMERS_CACHE` is deprecated and will be removed in v5 of Transformers. Use `HF_HOME` instead.
  warnings.warn(
Some weights of RobertaModel were not initialized from the model checkpoint at roberta-base and are newly initialized: ['roberta.pooler.dense.bias', 'roberta.pooler.dense.weight']
You should probably TRAIN this model on a down-stream task to be able to use it for predictions and inference.
[step 0001/150] method=baseline_cagrad loss=0.6832 train_acc=nan train_loss=nan val_acc=nan val_loss=nan best=-1.0000
[step 0010/150] method=baseline_cagrad loss=0.7492 train_acc=nan train_loss=nan val_acc=nan val_loss=nan best=-1.0000
[step 0020/150] method=baseline_cagrad loss=0.6214 train_acc=nan train_loss=nan val_acc=nan val_loss=nan best=-1.0000
[step 0030/150] method=baseline_cagrad loss=0.5218 train_acc=nan train_loss=nan val_acc=nan val_loss=nan best=-1.0000
[step 0040/150] method=baseline_cagrad loss=0.5824 train_acc=nan train_loss=nan val_acc=nan val_loss=nan best=-1.0000
[step 0050/150] method=baseline_cagrad loss=0.3514 train_acc=0.7928 train_loss=0.4312 val_acc=0.7941 val_loss=0.4224 router_H=0.6652 best=0.7941
           router_load=[0.0014792789006605744, 0.39694711565971375, 0.6015735864639282, 0.0]
[step 0060/150] method=baseline_cagrad loss=0.4258 train_acc=0.7928 train_loss=0.4312 val_acc=0.7941 val_loss=0.4224 router_H=0.6652 best=0.7941
           router_load=[0.0014792789006605744, 0.39694711565971375, 0.6015735864639282, 0.0]
[step 0070/150] method=baseline_cagrad loss=0.4059 train_acc=0.7928 train_loss=0.4312 val_acc=0.7941 val_loss=0.4224 router_H=0.6652 best=0.7941
           router_load=[0.0014792789006605744, 0.39694711565971375, 0.6015735864639282, 0.0]
[step 0080/150] method=baseline_cagrad loss=0.6185 train_acc=0.7928 train_loss=0.4312 val_acc=0.7941 val_loss=0.4224 router_H=0.6652 best=0.7941
           router_load=[0.0014792789006605744, 0.39694711565971375, 0.6015735864639282, 0.0]
[step 0090/150] method=baseline_cagrad loss=0.7492 train_acc=0.7928 train_loss=0.4312 val_acc=0.7941 val_loss=0.4224 router_H=0.6652 best=0.7941
           router_load=[0.0014792789006605744, 0.39694711565971375, 0.6015735864639282, 0.0]
[step 0100/150] method=baseline_cagrad loss=0.4301 train_acc=0.7694 train_loss=0.4648 val_acc=0.7647 val_loss=0.4746 router_H=0.6829 best=0.7941
           router_load=[0.0, 0.44094154238700867, 0.559058427810669, 0.0]
[step 0110/150] method=baseline_cagrad loss=0.5688 train_acc=0.7694 train_loss=0.4648 val_acc=0.7647 val_loss=0.4746 router_H=0.6829 best=0.7941
           router_load=[0.0, 0.44094154238700867, 0.559058427810669, 0.0]
[step 0120/150] method=baseline_cagrad loss=0.3332 train_acc=0.7694 train_loss=0.4648 val_acc=0.7647 val_loss=0.4746 router_H=0.6829 best=0.7941
           router_load=[0.0, 0.44094154238700867, 0.559058427810669, 0.0]
[step 0130/150] method=baseline_cagrad loss=0.2745 train_acc=0.7694 train_loss=0.4648 val_acc=0.7647 val_loss=0.4746 router_H=0.6829 best=0.7941
           router_load=[0.0, 0.44094154238700867, 0.559058427810669, 0.0]
[step 0140/150] method=baseline_cagrad loss=0.5325 train_acc=0.7694 train_loss=0.4648 val_acc=0.7647 val_loss=0.4746 router_H=0.6829 best=0.7941
           router_load=[0.0, 0.44094154238700867, 0.559058427810669, 0.0]
[step 0150/150] method=baseline_cagrad loss=0.4653 train_acc=0.8522 train_loss=0.3591 val_acc=0.8309 val_loss=0.3708 router_H=0.6612 best=0.8309
           router_load=[0.0, 0.384016752243042, 0.615983247756958, 0.0]
saved summary -> /home/zhujjing/MOE-grad-conflict-routing/runs/paper_suite/single_gpu/single_task/roberta_mrpc_lora_e4_k2/hpo/cagrad/trial_runs/local_var_topk_023/cagrad_s3.json
saved curve -> /home/zhujjing/MOE-grad-conflict-routing/runs/paper_suite/single_gpu/single_task/roberta_mrpc_lora_e4_k2/hpo/cagrad/trial_runs/local_var_topk_023/cagrad_s3_curve.csv
