[run] method=cagrad candidate=local_var_topk_000 seed=2 steps=150 gpu=0
[run] cmd=
/home/zhujjing/anaconda3/envs/moe/bin/python /home/zhujjing/MOE-grad-conflict-routing/scripts/run.py --config configs/singletask_mrpc_real.yaml --set model.backbone_backend=hf --set model.hf_load_pretrained=true --set model.backbone=roberta --set model.hf_pretrained_name=roberta-base --set model.expert_type=lora --set model.routing_mode=topk --set model.num_experts=4 --set model.top_k=2 --set seed=2 --set method.name=baseline_cagrad --set train.steps=150 --set train.eval_every_steps=50 --set method.baseline_cagrad.c=0.1065396522 --set method.baseline_cagrad.inner_lr=0.2473815167 --set train.grad_clip=0.8201921409 --set train.lr=8.465509e-06 --set train.weight_decay=0.00811280231 --out /home/zhujjing/MOE-grad-conflict-routing/runs/paper_suite/single_gpu/single_task/roberta_mrpc_lora_e4_k2/hpo/cagrad/trial_runs/local_var_topk_000/cagrad_s2.json --curve_out /home/zhujjing/MOE-grad-conflict-routing/runs/paper_suite/single_gpu/single_task/roberta_mrpc_lora_e4_k2/hpo/cagrad/trial_runs/local_var_topk_000/cagrad_s2_curve.csv
Using the latest cached version of the dataset since glue couldn't be found on the Hugging Face Hub (offline mode is enabled).
Found the latest cached dataset configuration 'mrpc' at /home/zhujjing/hf_cache/datasets/glue/mrpc/0.0.0/bcdcba79d07bc864c1c254ccfcedcce55bcc9a8c (last modified on Thu Mar 19 15:01:06 2026).
/home/zhujjing/anaconda3/envs/moe/lib/python3.10/site-packages/transformers/utils/hub.py:124: FutureWarning: Using `TRANSFORMERS_CACHE` is deprecated and will be removed in v5 of Transformers. Use `HF_HOME` instead.
  warnings.warn(
Some weights of RobertaModel were not initialized from the model checkpoint at roberta-base and are newly initialized: ['roberta.pooler.dense.bias', 'roberta.pooler.dense.weight']
You should probably TRAIN this model on a down-stream task to be able to use it for predictions and inference.
[step 0001/150] method=baseline_cagrad loss=0.6926 train_acc=nan train_loss=nan val_acc=nan val_loss=nan best=-1.0000
[step 0010/150] method=baseline_cagrad loss=0.6327 train_acc=nan train_loss=nan val_acc=nan val_loss=nan best=-1.0000
[step 0020/150] method=baseline_cagrad loss=0.6945 train_acc=nan train_loss=nan val_acc=nan val_loss=nan best=-1.0000
[step 0030/150] method=baseline_cagrad loss=0.6962 train_acc=nan train_loss=nan val_acc=nan val_loss=nan best=-1.0000
[step 0040/150] method=baseline_cagrad loss=0.6112 train_acc=nan train_loss=nan val_acc=nan val_loss=nan best=-1.0000
[step 0050/150] method=baseline_cagrad loss=0.5018 train_acc=0.7107 train_loss=0.5380 val_acc=0.7059 val_loss=0.5384 router_H=0.6906 best=0.7059
           router_load=[0.04379552975296974, 0.5220613479614258, 0.43414306640625, 0.0]
[step 0060/150] method=baseline_cagrad loss=0.5655 train_acc=0.7107 train_loss=0.5380 val_acc=0.7059 val_loss=0.5384 router_H=0.6906 best=0.7059
           router_load=[0.04379552975296974, 0.5220613479614258, 0.43414306640625, 0.0]
[step 0070/150] method=baseline_cagrad loss=0.3797 train_acc=0.7107 train_loss=0.5380 val_acc=0.7059 val_loss=0.5384 router_H=0.6906 best=0.7059
           router_load=[0.04379552975296974, 0.5220613479614258, 0.43414306640625, 0.0]
[step 0080/150] method=baseline_cagrad loss=0.4449 train_acc=0.7107 train_loss=0.5380 val_acc=0.7059 val_loss=0.5384 router_H=0.6906 best=0.7059
           router_load=[0.04379552975296974, 0.5220613479614258, 0.43414306640625, 0.0]
[step 0090/150] method=baseline_cagrad loss=0.4616 train_acc=0.7107 train_loss=0.5380 val_acc=0.7059 val_loss=0.5384 router_H=0.6906 best=0.7059
           router_load=[0.04379552975296974, 0.5220613479614258, 0.43414306640625, 0.0]
[step 0100/150] method=baseline_cagrad loss=0.5701 train_acc=0.8187 train_loss=0.4302 val_acc=0.8039 val_loss=0.4348 router_H=0.6878 best=0.8039
           router_load=[0.11521413177251816, 0.5255790948867798, 0.35920676589012146, 0.0]
[step 0110/150] method=baseline_cagrad loss=0.6723 train_acc=0.8187 train_loss=0.4302 val_acc=0.8039 val_loss=0.4348 router_H=0.6878 best=0.8039
           router_load=[0.11521413177251816, 0.5255790948867798, 0.35920676589012146, 0.0]
[step 0120/150] method=baseline_cagrad loss=0.2879 train_acc=0.8187 train_loss=0.4302 val_acc=0.8039 val_loss=0.4348 router_H=0.6878 best=0.8039
           router_load=[0.11521413177251816, 0.5255790948867798, 0.35920676589012146, 0.0]
[step 0130/150] method=baseline_cagrad loss=0.5226 train_acc=0.8187 train_loss=0.4302 val_acc=0.8039 val_loss=0.4348 router_H=0.6878 best=0.8039
           router_load=[0.11521413177251816, 0.5255790948867798, 0.35920676589012146, 0.0]
[step 0140/150] method=baseline_cagrad loss=0.3955 train_acc=0.8187 train_loss=0.4302 val_acc=0.8039 val_loss=0.4348 router_H=0.6878 best=0.8039
           router_load=[0.11521413177251816, 0.5255790948867798, 0.35920676589012146, 0.0]
[step 0150/150] method=baseline_cagrad loss=0.5865 train_acc=0.8424 train_loss=0.3662 val_acc=0.8358 val_loss=0.3791 router_H=0.6862 best=0.8358
           router_load=[0.16924145817756653, 0.5346032381057739, 0.29615524411201477, 0.0]
saved summary -> /home/zhujjing/MOE-grad-conflict-routing/runs/paper_suite/single_gpu/single_task/roberta_mrpc_lora_e4_k2/hpo/cagrad/trial_runs/local_var_topk_000/cagrad_s2.json
saved curve -> /home/zhujjing/MOE-grad-conflict-routing/runs/paper_suite/single_gpu/single_task/roberta_mrpc_lora_e4_k2/hpo/cagrad/trial_runs/local_var_topk_000/cagrad_s2_curve.csv
