[run] method=cagrad candidate=local_var_topk_006 seed=2 steps=150 gpu=0
[run] cmd=
/home/zhujjing/anaconda3/envs/moe/bin/python /home/zhujjing/MOE-grad-conflict-routing/scripts/run.py --config configs/singletask_mrpc_real.yaml --set model.backbone_backend=hf --set model.hf_load_pretrained=true --set model.backbone=roberta --set model.hf_pretrained_name=roberta-base --set model.expert_type=lora --set model.routing_mode=topk --set model.num_experts=4 --set model.top_k=2 --set seed=2 --set method.name=baseline_cagrad --set train.steps=150 --set train.eval_every_steps=50 --set method.baseline_cagrad.c=0.4665396522 --set method.baseline_cagrad.inner_lr=0.2473815167 --set train.grad_clip=0.8201921409 --set train.lr=8.465509e-06 --set train.weight_decay=0.00811280231 --out /home/zhujjing/MOE-grad-conflict-routing/runs/paper_suite/single_gpu/single_task/roberta_mrpc_lora_e4_k2/hpo/cagrad/trial_runs/local_var_topk_006/cagrad_s2.json --curve_out /home/zhujjing/MOE-grad-conflict-routing/runs/paper_suite/single_gpu/single_task/roberta_mrpc_lora_e4_k2/hpo/cagrad/trial_runs/local_var_topk_006/cagrad_s2_curve.csv
Using the latest cached version of the dataset since glue couldn't be found on the Hugging Face Hub (offline mode is enabled).
Found the latest cached dataset configuration 'mrpc' at /home/zhujjing/hf_cache/datasets/glue/mrpc/0.0.0/bcdcba79d07bc864c1c254ccfcedcce55bcc9a8c (last modified on Thu Mar 19 15:01:06 2026).
/home/zhujjing/anaconda3/envs/moe/lib/python3.10/site-packages/transformers/utils/hub.py:124: FutureWarning: Using `TRANSFORMERS_CACHE` is deprecated and will be removed in v5 of Transformers. Use `HF_HOME` instead.
  warnings.warn(
Some weights of RobertaModel were not initialized from the model checkpoint at roberta-base and are newly initialized: ['roberta.pooler.dense.bias', 'roberta.pooler.dense.weight']
You should probably TRAIN this model on a down-stream task to be able to use it for predictions and inference.
[step 0001/150] method=baseline_cagrad loss=0.6814 train_acc=nan train_loss=nan val_acc=nan val_loss=nan best=-1.0000
[step 0010/150] method=baseline_cagrad loss=0.6442 train_acc=nan train_loss=nan val_acc=nan val_loss=nan best=-1.0000
[step 0020/150] method=baseline_cagrad loss=0.7015 train_acc=nan train_loss=nan val_acc=nan val_loss=nan best=-1.0000
[step 0030/150] method=baseline_cagrad loss=0.6810 train_acc=nan train_loss=nan val_acc=nan val_loss=nan best=-1.0000
[step 0040/150] method=baseline_cagrad loss=0.6050 train_acc=nan train_loss=nan val_acc=nan val_loss=nan best=-1.0000
[step 0050/150] method=baseline_cagrad loss=0.5054 train_acc=0.7102 train_loss=0.5383 val_acc=0.7157 val_loss=0.5300 router_H=0.6627 best=0.7157
           router_load=[0.13221418857574463, 0.6180106401443481, 0.16926462948322296, 0.08051057159900665]
[step 0060/150] method=baseline_cagrad loss=0.6189 train_acc=0.7102 train_loss=0.5383 val_acc=0.7157 val_loss=0.5300 router_H=0.6627 best=0.7157
           router_load=[0.13221418857574463, 0.6180106401443481, 0.16926462948322296, 0.08051057159900665]
[step 0070/150] method=baseline_cagrad loss=0.4204 train_acc=0.7102 train_loss=0.5383 val_acc=0.7157 val_loss=0.5300 router_H=0.6627 best=0.7157
           router_load=[0.13221418857574463, 0.6180106401443481, 0.16926462948322296, 0.08051057159900665]
[step 0080/150] method=baseline_cagrad loss=0.4597 train_acc=0.7102 train_loss=0.5383 val_acc=0.7157 val_loss=0.5300 router_H=0.6627 best=0.7157
           router_load=[0.13221418857574463, 0.6180106401443481, 0.16926462948322296, 0.08051057159900665]
[step 0090/150] method=baseline_cagrad loss=0.5217 train_acc=0.7102 train_loss=0.5383 val_acc=0.7157 val_loss=0.5300 router_H=0.6627 best=0.7157
           router_load=[0.13221418857574463, 0.6180106401443481, 0.16926462948322296, 0.08051057159900665]
[step 0100/150] method=baseline_cagrad loss=0.5757 train_acc=0.7852 train_loss=0.4449 val_acc=0.7843 val_loss=0.4465 router_H=0.6556 best=0.7843
           router_load=[0.07654144614934921, 0.629612147808075, 0.16344885528087616, 0.13039754331111908]
[step 0110/150] method=baseline_cagrad loss=0.6816 train_acc=0.7852 train_loss=0.4449 val_acc=0.7843 val_loss=0.4465 router_H=0.6556 best=0.7843
           router_load=[0.07654144614934921, 0.629612147808075, 0.16344885528087616, 0.13039754331111908]
[step 0120/150] method=baseline_cagrad loss=0.3133 train_acc=0.7852 train_loss=0.4449 val_acc=0.7843 val_loss=0.4465 router_H=0.6556 best=0.7843
           router_load=[0.07654144614934921, 0.629612147808075, 0.16344885528087616, 0.13039754331111908]
[step 0130/150] method=baseline_cagrad loss=0.5533 train_acc=0.7852 train_loss=0.4449 val_acc=0.7843 val_loss=0.4465 router_H=0.6556 best=0.7843
           router_load=[0.07654144614934921, 0.629612147808075, 0.16344885528087616, 0.13039754331111908]
[step 0140/150] method=baseline_cagrad loss=0.4034 train_acc=0.7852 train_loss=0.4449 val_acc=0.7843 val_loss=0.4465 router_H=0.6556 best=0.7843
           router_load=[0.07654144614934921, 0.629612147808075, 0.16344885528087616, 0.13039754331111908]
[step 0150/150] method=baseline_cagrad loss=0.5801 train_acc=0.8367 train_loss=0.3664 val_acc=0.8431 val_loss=0.3794 router_H=0.6636 best=0.8431
           router_load=[0.045174505561590195, 0.6143035292625427, 0.1563703566789627, 0.18415170907974243]
saved summary -> /home/zhujjing/MOE-grad-conflict-routing/runs/paper_suite/single_gpu/single_task/roberta_mrpc_lora_e4_k2/hpo/cagrad/trial_runs/local_var_topk_006/cagrad_s2.json
saved curve -> /home/zhujjing/MOE-grad-conflict-routing/runs/paper_suite/single_gpu/single_task/roberta_mrpc_lora_e4_k2/hpo/cagrad/trial_runs/local_var_topk_006/cagrad_s2_curve.csv
