[run] method=cagrad candidate=local_var_topk_012 seed=2 steps=150 gpu=0
[run] cmd=
/home/zhujjing/anaconda3/envs/moe/bin/python /home/zhujjing/MOE-grad-conflict-routing/scripts/run.py --config configs/singletask_mrpc_real.yaml --set model.backbone_backend=hf --set model.hf_load_pretrained=true --set model.backbone=roberta --set model.hf_pretrained_name=roberta-base --set model.expert_type=lora --set model.routing_mode=topk --set model.num_experts=4 --set model.top_k=2 --set seed=2 --set method.name=baseline_cagrad --set train.steps=150 --set train.eval_every_steps=50 --set method.baseline_cagrad.c=0.2865396522 --set method.baseline_cagrad.inner_lr=0.2473815167 --set train.grad_clip=0.8201921409 --set train.lr=1.6931018e-05 --set train.weight_decay=0.00811280231 --out /home/zhujjing/MOE-grad-conflict-routing/runs/paper_suite/single_gpu/single_task/roberta_mrpc_lora_e4_k2/hpo/cagrad/trial_runs/local_var_topk_012/cagrad_s2.json --curve_out /home/zhujjing/MOE-grad-conflict-routing/runs/paper_suite/single_gpu/single_task/roberta_mrpc_lora_e4_k2/hpo/cagrad/trial_runs/local_var_topk_012/cagrad_s2_curve.csv
Using the latest cached version of the dataset since glue couldn't be found on the Hugging Face Hub (offline mode is enabled).
Found the latest cached dataset configuration 'mrpc' at /home/zhujjing/hf_cache/datasets/glue/mrpc/0.0.0/bcdcba79d07bc864c1c254ccfcedcce55bcc9a8c (last modified on Thu Mar 19 15:01:06 2026).
/home/zhujjing/anaconda3/envs/moe/lib/python3.10/site-packages/transformers/utils/hub.py:124: FutureWarning: Using `TRANSFORMERS_CACHE` is deprecated and will be removed in v5 of Transformers. Use `HF_HOME` instead.
  warnings.warn(
Some weights of RobertaModel were not initialized from the model checkpoint at roberta-base and are newly initialized: ['roberta.pooler.dense.bias', 'roberta.pooler.dense.weight']
You should probably TRAIN this model on a down-stream task to be able to use it for predictions and inference.
[step 0001/150] method=baseline_cagrad loss=0.7058 train_acc=nan train_loss=nan val_acc=nan val_loss=nan best=-1.0000
[step 0010/150] method=baseline_cagrad loss=0.6558 train_acc=nan train_loss=nan val_acc=nan val_loss=nan best=-1.0000
[step 0020/150] method=baseline_cagrad loss=0.6604 train_acc=nan train_loss=nan val_acc=nan val_loss=nan best=-1.0000
[step 0030/150] method=baseline_cagrad loss=0.6509 train_acc=nan train_loss=nan val_acc=nan val_loss=nan best=-1.0000
[step 0040/150] method=baseline_cagrad loss=0.5511 train_acc=nan train_loss=nan val_acc=nan val_loss=nan best=-1.0000
[step 0050/150] method=baseline_cagrad loss=0.4816 train_acc=0.7252 train_loss=0.5249 val_acc=0.7304 val_loss=0.5246 router_H=0.6913 best=0.7304
           router_load=[0.42691540718078613, 0.07524999976158142, 0.24302458763122559, 0.25481000542640686]
[step 0060/150] method=baseline_cagrad loss=0.6094 train_acc=0.7252 train_loss=0.5249 val_acc=0.7304 val_loss=0.5246 router_H=0.6913 best=0.7304
           router_load=[0.42691540718078613, 0.07524999976158142, 0.24302458763122559, 0.25481000542640686]
[step 0070/150] method=baseline_cagrad loss=0.3777 train_acc=0.7252 train_loss=0.5249 val_acc=0.7304 val_loss=0.5246 router_H=0.6913 best=0.7304
           router_load=[0.42691540718078613, 0.07524999976158142, 0.24302458763122559, 0.25481000542640686]
[step 0080/150] method=baseline_cagrad loss=0.3981 train_acc=0.7252 train_loss=0.5249 val_acc=0.7304 val_loss=0.5246 router_H=0.6913 best=0.7304
           router_load=[0.42691540718078613, 0.07524999976158142, 0.24302458763122559, 0.25481000542640686]
[step 0090/150] method=baseline_cagrad loss=0.3219 train_acc=0.7252 train_loss=0.5249 val_acc=0.7304 val_loss=0.5246 router_H=0.6913 best=0.7304
           router_load=[0.42691540718078613, 0.07524999976158142, 0.24302458763122559, 0.25481000542640686]
[step 0100/150] method=baseline_cagrad loss=0.4883 train_acc=0.8340 train_loss=0.3781 val_acc=0.8015 val_loss=0.3842 router_H=0.6865 best=0.8015
           router_load=[0.5359699726104736, 0.05088002607226372, 0.17149615287780762, 0.24165372550487518]
[step 0110/150] method=baseline_cagrad loss=0.7249 train_acc=0.8340 train_loss=0.3781 val_acc=0.8015 val_loss=0.3842 router_H=0.6865 best=0.8015
           router_load=[0.5359699726104736, 0.05088002607226372, 0.17149615287780762, 0.24165372550487518]
[step 0120/150] method=baseline_cagrad loss=0.2216 train_acc=0.8340 train_loss=0.3781 val_acc=0.8015 val_loss=0.3842 router_H=0.6865 best=0.8015
           router_load=[0.5359699726104736, 0.05088002607226372, 0.17149615287780762, 0.24165372550487518]
[step 0130/150] method=baseline_cagrad loss=0.4994 train_acc=0.8340 train_loss=0.3781 val_acc=0.8015 val_loss=0.3842 router_H=0.6865 best=0.8015
           router_load=[0.5359699726104736, 0.05088002607226372, 0.17149615287780762, 0.24165372550487518]
[step 0140/150] method=baseline_cagrad loss=0.3408 train_acc=0.8340 train_loss=0.3781 val_acc=0.8015 val_loss=0.3842 router_H=0.6865 best=0.8015
           router_load=[0.5359699726104736, 0.05088002607226372, 0.17149615287780762, 0.24165372550487518]
[step 0150/150] method=baseline_cagrad loss=0.7259 train_acc=0.8601 train_loss=0.3464 val_acc=0.8603 val_loss=0.3710 router_H=0.6886 best=0.8603
           router_load=[0.44482144713401794, 0.06894992291927338, 0.22757750749588013, 0.25865110754966736]
saved summary -> /home/zhujjing/MOE-grad-conflict-routing/runs/paper_suite/single_gpu/single_task/roberta_mrpc_lora_e4_k2/hpo/cagrad/trial_runs/local_var_topk_012/cagrad_s2.json
saved curve -> /home/zhujjing/MOE-grad-conflict-routing/runs/paper_suite/single_gpu/single_task/roberta_mrpc_lora_e4_k2/hpo/cagrad/trial_runs/local_var_topk_012/cagrad_s2_curve.csv
