[run] method=cagrad candidate=local_var_topk_001 seed=3 steps=150 gpu=0
[run] cmd=
/home/zhujjing/anaconda3/envs/moe/bin/python /home/zhujjing/MOE-grad-conflict-routing/scripts/run.py --config configs/singletask_mrpc_real.yaml --set model.backbone_backend=hf --set model.hf_load_pretrained=true --set model.backbone=roberta --set model.hf_pretrained_name=roberta-base --set model.expert_type=lora --set model.routing_mode=topk --set model.num_experts=4 --set model.top_k=2 --set seed=3 --set method.name=baseline_cagrad --set train.steps=150 --set train.eval_every_steps=50 --set method.baseline_cagrad.c=0.1065396522 --set method.baseline_cagrad.inner_lr=0.4947630335 --set train.grad_clip=0.8201921409 --set train.lr=8.465509e-06 --set train.weight_decay=0.00811280231 --out /home/zhujjing/MOE-grad-conflict-routing/runs/paper_suite/single_gpu/single_task/roberta_mrpc_lora_e4_k2/hpo/cagrad/trial_runs/local_var_topk_001/cagrad_s3.json --curve_out /home/zhujjing/MOE-grad-conflict-routing/runs/paper_suite/single_gpu/single_task/roberta_mrpc_lora_e4_k2/hpo/cagrad/trial_runs/local_var_topk_001/cagrad_s3_curve.csv
Using the latest cached version of the dataset since glue couldn't be found on the Hugging Face Hub (offline mode is enabled).
Found the latest cached dataset configuration 'mrpc' at /home/zhujjing/hf_cache/datasets/glue/mrpc/0.0.0/bcdcba79d07bc864c1c254ccfcedcce55bcc9a8c (last modified on Thu Mar 19 15:01:06 2026).
/home/zhujjing/anaconda3/envs/moe/lib/python3.10/site-packages/transformers/utils/hub.py:124: FutureWarning: Using `TRANSFORMERS_CACHE` is deprecated and will be removed in v5 of Transformers. Use `HF_HOME` instead.
  warnings.warn(
Some weights of RobertaModel were not initialized from the model checkpoint at roberta-base and are newly initialized: ['roberta.pooler.dense.bias', 'roberta.pooler.dense.weight']
You should probably TRAIN this model on a down-stream task to be able to use it for predictions and inference.
[step 0001/150] method=baseline_cagrad loss=0.6788 train_acc=nan train_loss=nan val_acc=nan val_loss=nan best=-1.0000
[step 0010/150] method=baseline_cagrad loss=0.6763 train_acc=nan train_loss=nan val_acc=nan val_loss=nan best=-1.0000
[step 0020/150] method=baseline_cagrad loss=0.7011 train_acc=nan train_loss=nan val_acc=nan val_loss=nan best=-1.0000
[step 0030/150] method=baseline_cagrad loss=0.5638 train_acc=nan train_loss=nan val_acc=nan val_loss=nan best=-1.0000
[step 0040/150] method=baseline_cagrad loss=0.6519 train_acc=nan train_loss=nan val_acc=nan val_loss=nan best=-1.0000
[step 0050/150] method=baseline_cagrad loss=0.5961 train_acc=0.7260 train_loss=0.5288 val_acc=0.7206 val_loss=0.5204 router_H=0.6893 best=0.7206
           router_load=[0.0056429412215948105, 0.0, 0.4943751394748688, 0.49998193979263306]
[step 0060/150] method=baseline_cagrad loss=0.5371 train_acc=0.7260 train_loss=0.5288 val_acc=0.7206 val_loss=0.5204 router_H=0.6893 best=0.7206
           router_load=[0.0056429412215948105, 0.0, 0.4943751394748688, 0.49998193979263306]
[step 0070/150] method=baseline_cagrad loss=0.4364 train_acc=0.7260 train_loss=0.5288 val_acc=0.7206 val_loss=0.5204 router_H=0.6893 best=0.7206
           router_load=[0.0056429412215948105, 0.0, 0.4943751394748688, 0.49998193979263306]
[step 0080/150] method=baseline_cagrad loss=0.6109 train_acc=0.7260 train_loss=0.5288 val_acc=0.7206 val_loss=0.5204 router_H=0.6893 best=0.7206
           router_load=[0.0056429412215948105, 0.0, 0.4943751394748688, 0.49998193979263306]
[step 0090/150] method=baseline_cagrad loss=0.5828 train_acc=0.7260 train_loss=0.5288 val_acc=0.7206 val_loss=0.5204 router_H=0.6893 best=0.7206
           router_load=[0.0056429412215948105, 0.0, 0.4943751394748688, 0.49998193979263306]
[step 0100/150] method=baseline_cagrad loss=0.6908 train_acc=0.7576 train_loss=0.4731 val_acc=0.7525 val_loss=0.4818 router_H=0.6896 best=0.7525
           router_load=[0.12073055654764175, 0.0, 0.3868234157562256, 0.49244603514671326]
[step 0110/150] method=baseline_cagrad loss=0.4257 train_acc=0.7576 train_loss=0.4731 val_acc=0.7525 val_loss=0.4818 router_H=0.6896 best=0.7525
           router_load=[0.12073055654764175, 0.0, 0.3868234157562256, 0.49244603514671326]
[step 0120/150] method=baseline_cagrad loss=0.4177 train_acc=0.7576 train_loss=0.4731 val_acc=0.7525 val_loss=0.4818 router_H=0.6896 best=0.7525
           router_load=[0.12073055654764175, 0.0, 0.3868234157562256, 0.49244603514671326]
[step 0130/150] method=baseline_cagrad loss=0.3477 train_acc=0.7576 train_loss=0.4731 val_acc=0.7525 val_loss=0.4818 router_H=0.6896 best=0.7525
           router_load=[0.12073055654764175, 0.0, 0.3868234157562256, 0.49244603514671326]
[step 0140/150] method=baseline_cagrad loss=0.4218 train_acc=0.7576 train_loss=0.4731 val_acc=0.7525 val_loss=0.4818 router_H=0.6896 best=0.7525
           router_load=[0.12073055654764175, 0.0, 0.3868234157562256, 0.49244603514671326]
[step 0150/150] method=baseline_cagrad loss=0.4589 train_acc=0.8318 train_loss=0.3795 val_acc=0.8088 val_loss=0.4058 router_H=0.6880 best=0.8088
           router_load=[0.1445978283882141, 0.0008632466197013855, 0.4247451722621918, 0.4297936260700226]
saved summary -> /home/zhujjing/MOE-grad-conflict-routing/runs/paper_suite/single_gpu/single_task/roberta_mrpc_lora_e4_k2/hpo/cagrad/trial_runs/local_var_topk_001/cagrad_s3.json
saved curve -> /home/zhujjing/MOE-grad-conflict-routing/runs/paper_suite/single_gpu/single_task/roberta_mrpc_lora_e4_k2/hpo/cagrad/trial_runs/local_var_topk_001/cagrad_s3_curve.csv
