[run] method=cagrad candidate=local_var_topk_004 seed=3 steps=150 gpu=0
[run] cmd=
/home/zhujjing/anaconda3/envs/moe/bin/python /home/zhujjing/MOE-grad-conflict-routing/scripts/run.py --config configs/singletask_mrpc_real.yaml --set model.backbone_backend=hf --set model.hf_load_pretrained=true --set model.backbone=roberta --set model.hf_pretrained_name=roberta-base --set model.expert_type=lora --set model.routing_mode=topk --set model.num_experts=4 --set model.top_k=2 --set seed=3 --set method.name=baseline_cagrad --set train.steps=150 --set train.eval_every_steps=50 --set method.baseline_cagrad.c=0.2865396522 --set method.baseline_cagrad.inner_lr=0.4947630335 --set train.grad_clip=0.8201921409 --set train.lr=8.465509e-06 --set train.weight_decay=0.00811280231 --out /home/zhujjing/MOE-grad-conflict-routing/runs/paper_suite/single_gpu/single_task/roberta_mrpc_lora_e4_k2/hpo/cagrad/trial_runs/local_var_topk_004/cagrad_s3.json --curve_out /home/zhujjing/MOE-grad-conflict-routing/runs/paper_suite/single_gpu/single_task/roberta_mrpc_lora_e4_k2/hpo/cagrad/trial_runs/local_var_topk_004/cagrad_s3_curve.csv
Using the latest cached version of the dataset since glue couldn't be found on the Hugging Face Hub (offline mode is enabled).
Found the latest cached dataset configuration 'mrpc' at /home/zhujjing/hf_cache/datasets/glue/mrpc/0.0.0/bcdcba79d07bc864c1c254ccfcedcce55bcc9a8c (last modified on Thu Mar 19 15:01:06 2026).
/home/zhujjing/anaconda3/envs/moe/lib/python3.10/site-packages/transformers/utils/hub.py:124: FutureWarning: Using `TRANSFORMERS_CACHE` is deprecated and will be removed in v5 of Transformers. Use `HF_HOME` instead.
  warnings.warn(
Some weights of RobertaModel were not initialized from the model checkpoint at roberta-base and are newly initialized: ['roberta.pooler.dense.bias', 'roberta.pooler.dense.weight']
You should probably TRAIN this model on a down-stream task to be able to use it for predictions and inference.
[step 0001/150] method=baseline_cagrad loss=0.6532 train_acc=nan train_loss=nan val_acc=nan val_loss=nan best=-1.0000
[step 0010/150] method=baseline_cagrad loss=0.6735 train_acc=nan train_loss=nan val_acc=nan val_loss=nan best=-1.0000
[step 0020/150] method=baseline_cagrad loss=0.6678 train_acc=nan train_loss=nan val_acc=nan val_loss=nan best=-1.0000
[step 0030/150] method=baseline_cagrad loss=0.5488 train_acc=nan train_loss=nan val_acc=nan val_loss=nan best=-1.0000
[step 0040/150] method=baseline_cagrad loss=0.7016 train_acc=nan train_loss=nan val_acc=nan val_loss=nan best=-1.0000
[step 0050/150] method=baseline_cagrad loss=0.6539 train_acc=0.7132 train_loss=0.5419 val_acc=0.6985 val_loss=0.5342 router_H=0.6887 best=0.6985
           router_load=[0.0, 0.5235194563865662, 0.007306133862584829, 0.4691743552684784]
[step 0060/150] method=baseline_cagrad loss=0.6325 train_acc=0.7132 train_loss=0.5419 val_acc=0.6985 val_loss=0.5342 router_H=0.6887 best=0.6985
           router_load=[0.0, 0.5235194563865662, 0.007306133862584829, 0.4691743552684784]
[step 0070/150] method=baseline_cagrad loss=0.3800 train_acc=0.7132 train_loss=0.5419 val_acc=0.6985 val_loss=0.5342 router_H=0.6887 best=0.6985
           router_load=[0.0, 0.5235194563865662, 0.007306133862584829, 0.4691743552684784]
[step 0080/150] method=baseline_cagrad loss=0.5990 train_acc=0.7132 train_loss=0.5419 val_acc=0.6985 val_loss=0.5342 router_H=0.6887 best=0.6985
           router_load=[0.0, 0.5235194563865662, 0.007306133862584829, 0.4691743552684784]
[step 0090/150] method=baseline_cagrad loss=0.6696 train_acc=0.7132 train_loss=0.5419 val_acc=0.6985 val_loss=0.5342 router_H=0.6887 best=0.6985
           router_load=[0.0, 0.5235194563865662, 0.007306133862584829, 0.4691743552684784]
[step 0100/150] method=baseline_cagrad loss=0.5998 train_acc=0.7794 train_loss=0.4526 val_acc=0.7819 val_loss=0.4594 router_H=0.6791 best=0.7819
           router_load=[0.0, 0.4449301064014435, 0.01322309672832489, 0.5418468117713928]
[step 0110/150] method=baseline_cagrad loss=0.3784 train_acc=0.7794 train_loss=0.4526 val_acc=0.7819 val_loss=0.4594 router_H=0.6791 best=0.7819
           router_load=[0.0, 0.4449301064014435, 0.01322309672832489, 0.5418468117713928]
[step 0120/150] method=baseline_cagrad loss=0.3733 train_acc=0.7794 train_loss=0.4526 val_acc=0.7819 val_loss=0.4594 router_H=0.6791 best=0.7819
           router_load=[0.0, 0.4449301064014435, 0.01322309672832489, 0.5418468117713928]
[step 0130/150] method=baseline_cagrad loss=0.3532 train_acc=0.7794 train_loss=0.4526 val_acc=0.7819 val_loss=0.4594 router_H=0.6791 best=0.7819
           router_load=[0.0, 0.4449301064014435, 0.01322309672832489, 0.5418468117713928]
[step 0140/150] method=baseline_cagrad loss=0.4553 train_acc=0.7794 train_loss=0.4526 val_acc=0.7819 val_loss=0.4594 router_H=0.6791 best=0.7819
           router_load=[0.0, 0.4449301064014435, 0.01322309672832489, 0.5418468117713928]
[step 0150/150] method=baseline_cagrad loss=0.4791 train_acc=0.8310 train_loss=0.3760 val_acc=0.8162 val_loss=0.3871 router_H=0.6728 best=0.8162
           router_load=[0.001456893514841795, 0.44429007172584534, 0.009364143013954163, 0.5448888540267944]
saved summary -> /home/zhujjing/MOE-grad-conflict-routing/runs/paper_suite/single_gpu/single_task/roberta_mrpc_lora_e4_k2/hpo/cagrad/trial_runs/local_var_topk_004/cagrad_s3.json
saved curve -> /home/zhujjing/MOE-grad-conflict-routing/runs/paper_suite/single_gpu/single_task/roberta_mrpc_lora_e4_k2/hpo/cagrad/trial_runs/local_var_topk_004/cagrad_s3_curve.csv
