[run] method=cagrad candidate=coord_01_train_lr_017 seed=3 steps=150 gpu=0
[run] cmd=
/home/zhujjing/anaconda3/envs/moe/bin/python /home/zhujjing/MOE-grad-conflict-routing/scripts/run.py --config configs/singletask_mrpc_real.yaml --set model.backbone_backend=hf --set model.hf_load_pretrained=true --set model.backbone=roberta --set model.hf_pretrained_name=roberta-base --set model.expert_type=ffn --set model.routing_mode=topk --set model.num_experts=4 --set model.top_k=2 --set seed=3 --set method.name=baseline_cagrad --set train.steps=150 --set train.eval_every_steps=50 --set method.baseline_cagrad.c=0.4 --set method.baseline_cagrad.inner_lr=0.1 --set train.grad_clip=1 --set train.lr=2.072727779e-06 --set train.weight_decay=0.01 --out /home/zhujjing/MOE-grad-conflict-routing/runs/paper_suite/single_gpu/single_task/roberta_mrpc_ffn_e4_k2/hpo/cagrad/trial_runs/coord_01_train_lr_017/cagrad_s3.json --curve_out /home/zhujjing/MOE-grad-conflict-routing/runs/paper_suite/single_gpu/single_task/roberta_mrpc_ffn_e4_k2/hpo/cagrad/trial_runs/coord_01_train_lr_017/cagrad_s3_curve.csv
Using the latest cached version of the dataset since glue couldn't be found on the Hugging Face Hub (offline mode is enabled).
Found the latest cached dataset configuration 'mrpc' at /home/zhujjing/hf_cache/datasets/glue/mrpc/0.0.0/bcdcba79d07bc864c1c254ccfcedcce55bcc9a8c (last modified on Thu Mar 19 15:01:06 2026).
/home/zhujjing/anaconda3/envs/moe/lib/python3.10/site-packages/transformers/utils/hub.py:124: FutureWarning: Using `TRANSFORMERS_CACHE` is deprecated and will be removed in v5 of Transformers. Use `HF_HOME` instead.
  warnings.warn(
Some weights of RobertaModel were not initialized from the model checkpoint at roberta-base and are newly initialized: ['roberta.pooler.dense.bias', 'roberta.pooler.dense.weight']
You should probably TRAIN this model on a down-stream task to be able to use it for predictions and inference.
[step 0001/150] method=baseline_cagrad loss=0.7074 train_acc=nan train_loss=nan val_acc=nan val_loss=nan best=-1.0000
[step 0010/150] method=baseline_cagrad loss=0.6806 train_acc=nan train_loss=nan val_acc=nan val_loss=nan best=-1.0000
[step 0020/150] method=baseline_cagrad loss=0.6889 train_acc=nan train_loss=nan val_acc=nan val_loss=nan best=-1.0000
[step 0030/150] method=baseline_cagrad loss=0.6430 train_acc=nan train_loss=nan val_acc=nan val_loss=nan best=-1.0000
[step 0040/150] method=baseline_cagrad loss=0.6992 train_acc=nan train_loss=nan val_acc=nan val_loss=nan best=-1.0000
[step 0050/150] method=baseline_cagrad loss=0.5115 train_acc=0.6745 train_loss=0.6015 val_acc=0.6838 val_loss=0.5961 router_H=0.6875 best=0.6838
           router_load=[0.13973544538021088, 0.32021600008010864, 0.5400485396385193, 0.0]
[step 0060/150] method=baseline_cagrad loss=0.6394 train_acc=0.6745 train_loss=0.6015 val_acc=0.6838 val_loss=0.5961 router_H=0.6875 best=0.6838
           router_load=[0.13973544538021088, 0.32021600008010864, 0.5400485396385193, 0.0]
[step 0070/150] method=baseline_cagrad loss=0.6106 train_acc=0.6745 train_loss=0.6015 val_acc=0.6838 val_loss=0.5961 router_H=0.6875 best=0.6838
           router_load=[0.13973544538021088, 0.32021600008010864, 0.5400485396385193, 0.0]
[step 0080/150] method=baseline_cagrad loss=0.8557 train_acc=0.6745 train_loss=0.6015 val_acc=0.6838 val_loss=0.5961 router_H=0.6875 best=0.6838
           router_load=[0.13973544538021088, 0.32021600008010864, 0.5400485396385193, 0.0]
[step 0090/150] method=baseline_cagrad loss=0.6230 train_acc=0.6745 train_loss=0.6015 val_acc=0.6838 val_loss=0.5961 router_H=0.6875 best=0.6838
           router_load=[0.13973544538021088, 0.32021600008010864, 0.5400485396385193, 0.0]
[step 0100/150] method=baseline_cagrad loss=0.6406 train_acc=0.6745 train_loss=0.5662 val_acc=0.6838 val_loss=0.5598 router_H=0.6699 best=0.6838
           router_load=[0.08384881913661957, 0.32253921031951904, 0.593612015247345, 0.0]
[step 0110/150] method=baseline_cagrad loss=0.5706 train_acc=0.6745 train_loss=0.5662 val_acc=0.6838 val_loss=0.5598 router_H=0.6699 best=0.6838
           router_load=[0.08384881913661957, 0.32253921031951904, 0.593612015247345, 0.0]
[step 0120/150] method=baseline_cagrad loss=0.6255 train_acc=0.6745 train_loss=0.5662 val_acc=0.6838 val_loss=0.5598 router_H=0.6699 best=0.6838
           router_load=[0.08384881913661957, 0.32253921031951904, 0.593612015247345, 0.0]
[step 0130/150] method=baseline_cagrad loss=0.5603 train_acc=0.6745 train_loss=0.5662 val_acc=0.6838 val_loss=0.5598 router_H=0.6699 best=0.6838
           router_load=[0.08384881913661957, 0.32253921031951904, 0.593612015247345, 0.0]
[step 0140/150] method=baseline_cagrad loss=0.5261 train_acc=0.6745 train_loss=0.5662 val_acc=0.6838 val_loss=0.5598 router_H=0.6699 best=0.6838
           router_load=[0.08384881913661957, 0.32253921031951904, 0.593612015247345, 0.0]
[step 0150/150] method=baseline_cagrad loss=0.6098 train_acc=0.6745 train_loss=0.5468 val_acc=0.6838 val_loss=0.5390 router_H=0.6216 best=0.6838
           router_load=[0.05057459697127342, 0.27784833312034607, 0.6631956100463867, 0.008381514810025692]
saved summary -> /home/zhujjing/MOE-grad-conflict-routing/runs/paper_suite/single_gpu/single_task/roberta_mrpc_ffn_e4_k2/hpo/cagrad/trial_runs/coord_01_train_lr_017/cagrad_s3.json
saved curve -> /home/zhujjing/MOE-grad-conflict-routing/runs/paper_suite/single_gpu/single_task/roberta_mrpc_ffn_e4_k2/hpo/cagrad/trial_runs/coord_01_train_lr_017/cagrad_s3_curve.csv
