[run] method=cagrad candidate=coord_01_train_lr_011 seed=2 steps=150 gpu=0
[run] cmd=
/home/zhujjing/anaconda3/envs/moe/bin/python /home/zhujjing/MOE-grad-conflict-routing/scripts/run.py --config configs/singletask_mrpc_real.yaml --set model.backbone_backend=hf --set model.hf_load_pretrained=true --set model.backbone=roberta --set model.hf_pretrained_name=roberta-base --set model.expert_type=ffn --set model.routing_mode=topk --set model.num_experts=4 --set model.top_k=2 --set seed=2 --set method.name=baseline_cagrad --set train.steps=150 --set train.eval_every_steps=50 --set method.baseline_cagrad.c=0.4 --set method.baseline_cagrad.inner_lr=0.1 --set train.grad_clip=1 --set train.lr=2.310879692e-06 --set train.weight_decay=0.01 --out /home/zhujjing/MOE-grad-conflict-routing/runs/paper_suite/single_gpu/single_task/roberta_mrpc_ffn_e4_k2/hpo/cagrad/trial_runs/coord_01_train_lr_011/cagrad_s2.json --curve_out /home/zhujjing/MOE-grad-conflict-routing/runs/paper_suite/single_gpu/single_task/roberta_mrpc_ffn_e4_k2/hpo/cagrad/trial_runs/coord_01_train_lr_011/cagrad_s2_curve.csv
Using the latest cached version of the dataset since glue couldn't be found on the Hugging Face Hub (offline mode is enabled).
Found the latest cached dataset configuration 'mrpc' at /home/zhujjing/hf_cache/datasets/glue/mrpc/0.0.0/bcdcba79d07bc864c1c254ccfcedcce55bcc9a8c (last modified on Thu Mar 19 15:01:06 2026).
/home/zhujjing/anaconda3/envs/moe/lib/python3.10/site-packages/transformers/utils/hub.py:124: FutureWarning: Using `TRANSFORMERS_CACHE` is deprecated and will be removed in v5 of Transformers. Use `HF_HOME` instead.
  warnings.warn(
Some weights of RobertaModel were not initialized from the model checkpoint at roberta-base and are newly initialized: ['roberta.pooler.dense.bias', 'roberta.pooler.dense.weight']
You should probably TRAIN this model on a down-stream task to be able to use it for predictions and inference.
[step 0001/150] method=baseline_cagrad loss=0.6923 train_acc=nan train_loss=nan val_acc=nan val_loss=nan best=-1.0000
[step 0010/150] method=baseline_cagrad loss=0.6788 train_acc=nan train_loss=nan val_acc=nan val_loss=nan best=-1.0000
[step 0020/150] method=baseline_cagrad loss=0.6889 train_acc=nan train_loss=nan val_acc=nan val_loss=nan best=-1.0000
[step 0030/150] method=baseline_cagrad loss=0.6881 train_acc=nan train_loss=nan val_acc=nan val_loss=nan best=-1.0000
[step 0040/150] method=baseline_cagrad loss=0.6731 train_acc=nan train_loss=nan val_acc=nan val_loss=nan best=-1.0000
[step 0050/150] method=baseline_cagrad loss=0.5930 train_acc=0.6745 train_loss=0.6228 val_acc=0.6838 val_loss=0.6199 router_H=0.6746 best=0.6838
           router_load=[0.0, 0.039895422756671906, 0.3673661947250366, 0.5927383303642273]
[step 0060/150] method=baseline_cagrad loss=0.6739 train_acc=0.6745 train_loss=0.6228 val_acc=0.6838 val_loss=0.6199 router_H=0.6746 best=0.6838
           router_load=[0.0, 0.039895422756671906, 0.3673661947250366, 0.5927383303642273]
[step 0070/150] method=baseline_cagrad loss=0.4911 train_acc=0.6745 train_loss=0.6228 val_acc=0.6838 val_loss=0.6199 router_H=0.6746 best=0.6838
           router_load=[0.0, 0.039895422756671906, 0.3673661947250366, 0.5927383303642273]
[step 0080/150] method=baseline_cagrad loss=0.6673 train_acc=0.6745 train_loss=0.6228 val_acc=0.6838 val_loss=0.6199 router_H=0.6746 best=0.6838
           router_load=[0.0, 0.039895422756671906, 0.3673661947250366, 0.5927383303642273]
[step 0090/150] method=baseline_cagrad loss=0.5337 train_acc=0.6745 train_loss=0.6228 val_acc=0.6838 val_loss=0.6199 router_H=0.6746 best=0.6838
           router_load=[0.0, 0.039895422756671906, 0.3673661947250366, 0.5927383303642273]
[step 0100/150] method=baseline_cagrad loss=0.6085 train_acc=0.6745 train_loss=0.5630 val_acc=0.6838 val_loss=0.5519 router_H=0.5527 best=0.6838
           router_load=[0.0009324224665760994, 0.010101753287017345, 0.24880100786685944, 0.7401648759841919]
[step 0110/150] method=baseline_cagrad loss=0.6121 train_acc=0.6745 train_loss=0.5630 val_acc=0.6838 val_loss=0.5519 router_H=0.5527 best=0.6838
           router_load=[0.0009324224665760994, 0.010101753287017345, 0.24880100786685944, 0.7401648759841919]
[step 0120/150] method=baseline_cagrad loss=0.4793 train_acc=0.6745 train_loss=0.5630 val_acc=0.6838 val_loss=0.5519 router_H=0.5527 best=0.6838
           router_load=[0.0009324224665760994, 0.010101753287017345, 0.24880100786685944, 0.7401648759841919]
[step 0130/150] method=baseline_cagrad loss=0.5965 train_acc=0.6745 train_loss=0.5630 val_acc=0.6838 val_loss=0.5519 router_H=0.5527 best=0.6838
           router_load=[0.0009324224665760994, 0.010101753287017345, 0.24880100786685944, 0.7401648759841919]
[step 0140/150] method=baseline_cagrad loss=0.5575 train_acc=0.6745 train_loss=0.5630 val_acc=0.6838 val_loss=0.5519 router_H=0.5527 best=0.6838
           router_load=[0.0009324224665760994, 0.010101753287017345, 0.24880100786685944, 0.7401648759841919]
[step 0150/150] method=baseline_cagrad loss=0.6047 train_acc=0.6745 train_loss=0.5445 val_acc=0.6838 val_loss=0.5382 router_H=0.4923 best=0.6838
           router_load=[0.0010753064416348934, 0.038679469376802444, 0.17690777778625488, 0.7833374738693237]
saved summary -> /home/zhujjing/MOE-grad-conflict-routing/runs/paper_suite/single_gpu/single_task/roberta_mrpc_ffn_e4_k2/hpo/cagrad/trial_runs/coord_01_train_lr_011/cagrad_s2.json
saved curve -> /home/zhujjing/MOE-grad-conflict-routing/runs/paper_suite/single_gpu/single_task/roberta_mrpc_ffn_e4_k2/hpo/cagrad/trial_runs/coord_01_train_lr_011/cagrad_s2_curve.csv
