[run] method=cagrad candidate=coord_01_train_lr_000 seed=3 steps=150 gpu=0
[run] cmd=
/home/zhujjing/anaconda3/envs/moe/bin/python /home/zhujjing/MOE-grad-conflict-routing/scripts/run.py --config configs/singletask_mrpc_real.yaml --set model.backbone_backend=hf --set model.hf_load_pretrained=true --set model.backbone=roberta --set model.hf_pretrained_name=roberta-base --set model.expert_type=ffn --set model.routing_mode=topk --set model.num_experts=4 --set model.top_k=2 --set seed=3 --set method.name=baseline_cagrad --set train.steps=150 --set train.eval_every_steps=50 --set method.baseline_cagrad.c=0.4 --set method.baseline_cagrad.inner_lr=0.1 --set train.grad_clip=1 --set train.lr=3.483800361e-05 --set train.weight_decay=0.01 --out /home/zhujjing/MOE-grad-conflict-routing/runs/paper_suite/single_gpu/single_task/roberta_mrpc_ffn_e4_k2/hpo/cagrad/trial_runs/coord_01_train_lr_000/cagrad_s3.json --curve_out /home/zhujjing/MOE-grad-conflict-routing/runs/paper_suite/single_gpu/single_task/roberta_mrpc_ffn_e4_k2/hpo/cagrad/trial_runs/coord_01_train_lr_000/cagrad_s3_curve.csv
Using the latest cached version of the dataset since glue couldn't be found on the Hugging Face Hub (offline mode is enabled).
Found the latest cached dataset configuration 'mrpc' at /home/zhujjing/hf_cache/datasets/glue/mrpc/0.0.0/bcdcba79d07bc864c1c254ccfcedcce55bcc9a8c (last modified on Thu Mar 19 15:01:06 2026).
/home/zhujjing/anaconda3/envs/moe/lib/python3.10/site-packages/transformers/utils/hub.py:124: FutureWarning: Using `TRANSFORMERS_CACHE` is deprecated and will be removed in v5 of Transformers. Use `HF_HOME` instead.
  warnings.warn(
Some weights of RobertaModel were not initialized from the model checkpoint at roberta-base and are newly initialized: ['roberta.pooler.dense.bias', 'roberta.pooler.dense.weight']
You should probably TRAIN this model on a down-stream task to be able to use it for predictions and inference.
[step 0001/150] method=baseline_cagrad loss=0.6890 train_acc=nan train_loss=nan val_acc=nan val_loss=nan best=-1.0000
[step 0010/150] method=baseline_cagrad loss=0.7099 train_acc=nan train_loss=nan val_acc=nan val_loss=nan best=-1.0000
[step 0020/150] method=baseline_cagrad loss=0.7355 train_acc=nan train_loss=nan val_acc=nan val_loss=nan best=-1.0000
[step 0030/150] method=baseline_cagrad loss=0.5351 train_acc=nan train_loss=nan val_acc=nan val_loss=nan best=-1.0000
[step 0040/150] method=baseline_cagrad loss=0.5921 train_acc=nan train_loss=nan val_acc=nan val_loss=nan best=-1.0000
[step 0050/150] method=baseline_cagrad loss=0.3924 train_acc=0.7882 train_loss=0.4387 val_acc=0.7843 val_loss=0.4455 router_H=0.3882 best=0.7843
           router_load=[0.0066375406458973885, 0.7627208232879639, 0.004068322479724884, 0.22657325863838196]
[step 0060/150] method=baseline_cagrad loss=0.4720 train_acc=0.7882 train_loss=0.4387 val_acc=0.7843 val_loss=0.4455 router_H=0.3882 best=0.7843
           router_load=[0.0066375406458973885, 0.7627208232879639, 0.004068322479724884, 0.22657325863838196]
[step 0070/150] method=baseline_cagrad loss=0.3123 train_acc=0.7882 train_loss=0.4387 val_acc=0.7843 val_loss=0.4455 router_H=0.3882 best=0.7843
           router_load=[0.0066375406458973885, 0.7627208232879639, 0.004068322479724884, 0.22657325863838196]
[step 0080/150] method=baseline_cagrad loss=0.4405 train_acc=0.7882 train_loss=0.4387 val_acc=0.7843 val_loss=0.4455 router_H=0.3882 best=0.7843
           router_load=[0.0066375406458973885, 0.7627208232879639, 0.004068322479724884, 0.22657325863838196]
[step 0090/150] method=baseline_cagrad loss=0.5810 train_acc=0.7882 train_loss=0.4387 val_acc=0.7843 val_loss=0.4455 router_H=0.3882 best=0.7843
           router_load=[0.0066375406458973885, 0.7627208232879639, 0.004068322479724884, 0.22657325863838196]
[step 0100/150] method=baseline_cagrad loss=0.5588 train_acc=0.8130 train_loss=0.4181 val_acc=0.8039 val_loss=0.4321 router_H=0.4784 best=0.8039
           router_load=[0.053264521062374115, 0.584670901298523, 0.008210512809455395, 0.3538539707660675]
[step 0110/150] method=baseline_cagrad loss=0.3390 train_acc=0.8130 train_loss=0.4181 val_acc=0.8039 val_loss=0.4321 router_H=0.4784 best=0.8039
           router_load=[0.053264521062374115, 0.584670901298523, 0.008210512809455395, 0.3538539707660675]
[step 0120/150] method=baseline_cagrad loss=0.3084 train_acc=0.8130 train_loss=0.4181 val_acc=0.8039 val_loss=0.4321 router_H=0.4784 best=0.8039
           router_load=[0.053264521062374115, 0.584670901298523, 0.008210512809455395, 0.3538539707660675]
[step 0130/150] method=baseline_cagrad loss=0.4004 train_acc=0.8130 train_loss=0.4181 val_acc=0.8039 val_loss=0.4321 router_H=0.4784 best=0.8039
           router_load=[0.053264521062374115, 0.584670901298523, 0.008210512809455395, 0.3538539707660675]
[step 0140/150] method=baseline_cagrad loss=0.4665 train_acc=0.8130 train_loss=0.4181 val_acc=0.8039 val_loss=0.4321 router_H=0.4784 best=0.8039
           router_load=[0.053264521062374115, 0.584670901298523, 0.008210512809455395, 0.3538539707660675]
[step 0150/150] method=baseline_cagrad loss=0.4236 train_acc=0.8547 train_loss=0.3375 val_acc=0.8382 val_loss=0.3442 router_H=0.4131 best=0.8382
           router_load=[0.01608062908053398, 0.6686717867851257, 0.0020184770692139864, 0.3132290840148926]
saved summary -> /home/zhujjing/MOE-grad-conflict-routing/runs/paper_suite/single_gpu/single_task/roberta_mrpc_ffn_e4_k2/hpo/cagrad/trial_runs/coord_01_train_lr_000/cagrad_s3.json
saved curve -> /home/zhujjing/MOE-grad-conflict-routing/runs/paper_suite/single_gpu/single_task/roberta_mrpc_ffn_e4_k2/hpo/cagrad/trial_runs/coord_01_train_lr_000/cagrad_s3_curve.csv
