[run] method=baseline candidate=coord_02_train_weight_decay_012 seed=2 steps=150 gpu=0
[run] cmd=
/home/zhujjing/anaconda3/envs/moe/bin/python /home/zhujjing/MOE-grad-conflict-routing/scripts/run.py --config configs/singletask_mrpc_real.yaml --set model.backbone_backend=hf --set model.hf_load_pretrained=true --set model.backbone=roberta --set model.hf_pretrained_name=roberta-base --set model.expert_type=lora --set model.routing_mode=topk --set model.num_experts=4 --set model.top_k=2 --set seed=2 --set method.name=baseline_avg --set train.steps=150 --set train.eval_every_steps=50 --set train.grad_clip=1 --set train.lr=2e-05 --set train.weight_decay=0.02770196132 --out /home/zhujjing/MOE-grad-conflict-routing/runs/paper_suite/single_gpu/single_task/roberta_mrpc_lora_e4_k2/hpo/baseline/trial_runs/coord_02_train_weight_decay_012/baseline_s2.json --curve_out /home/zhujjing/MOE-grad-conflict-routing/runs/paper_suite/single_gpu/single_task/roberta_mrpc_lora_e4_k2/hpo/baseline/trial_runs/coord_02_train_weight_decay_012/baseline_s2_curve.csv
Using the latest cached version of the dataset since glue couldn't be found on the Hugging Face Hub (offline mode is enabled).
Found the latest cached dataset configuration 'mrpc' at /home/zhujjing/hf_cache/datasets/glue/mrpc/0.0.0/bcdcba79d07bc864c1c254ccfcedcce55bcc9a8c (last modified on Thu Mar 19 15:01:06 2026).
/home/zhujjing/anaconda3/envs/moe/lib/python3.10/site-packages/transformers/utils/hub.py:124: FutureWarning: Using `TRANSFORMERS_CACHE` is deprecated and will be removed in v5 of Transformers. Use `HF_HOME` instead.
  warnings.warn(
Some weights of RobertaModel were not initialized from the model checkpoint at roberta-base and are newly initialized: ['roberta.pooler.dense.bias', 'roberta.pooler.dense.weight']
You should probably TRAIN this model on a down-stream task to be able to use it for predictions and inference.
[step 0001/150] method=baseline_avg loss=0.7374 train_acc=nan train_loss=nan val_acc=nan val_loss=nan best=-1.0000
[step 0010/150] method=baseline_avg loss=0.7503 train_acc=nan train_loss=nan val_acc=nan val_loss=nan best=-1.0000
[step 0020/150] method=baseline_avg loss=0.5906 train_acc=nan train_loss=nan val_acc=nan val_loss=nan best=-1.0000
[step 0030/150] method=baseline_avg loss=0.7143 train_acc=nan train_loss=nan val_acc=nan val_loss=nan best=-1.0000
[step 0040/150] method=baseline_avg loss=0.5033 train_acc=nan train_loss=nan val_acc=nan val_loss=nan best=-1.0000
[step 0050/150] method=baseline_avg loss=0.4990 train_acc=0.7410 train_loss=0.5301 val_acc=0.7500 val_loss=0.5213 router_H=0.6877 best=0.7500
           router_load=[0.39763784408569336, 0.0675646960735321, 0.01037743128836155, 0.5244200229644775]
[step 0060/150] method=baseline_avg loss=0.6050 train_acc=0.7410 train_loss=0.5301 val_acc=0.7500 val_loss=0.5213 router_H=0.6877 best=0.7500
           router_load=[0.39763784408569336, 0.0675646960735321, 0.01037743128836155, 0.5244200229644775]
[step 0070/150] method=baseline_avg loss=0.4177 train_acc=0.7410 train_loss=0.5301 val_acc=0.7500 val_loss=0.5213 router_H=0.6877 best=0.7500
           router_load=[0.39763784408569336, 0.0675646960735321, 0.01037743128836155, 0.5244200229644775]
[step 0080/150] method=baseline_avg loss=0.5139 train_acc=0.7410 train_loss=0.5301 val_acc=0.7500 val_loss=0.5213 router_H=0.6877 best=0.7500
           router_load=[0.39763784408569336, 0.0675646960735321, 0.01037743128836155, 0.5244200229644775]
[step 0090/150] method=baseline_avg loss=0.3681 train_acc=0.7410 train_loss=0.5301 val_acc=0.7500 val_loss=0.5213 router_H=0.6877 best=0.7500
           router_load=[0.39763784408569336, 0.0675646960735321, 0.01037743128836155, 0.5244200229644775]
[step 0100/150] method=baseline_avg loss=0.5249 train_acc=0.8179 train_loss=0.3868 val_acc=0.8039 val_loss=0.3988 router_H=0.6782 best=0.8039
           router_load=[0.36244022846221924, 0.16483114659786224, 0.035422183573246, 0.4373064935207367]
[step 0110/150] method=baseline_avg loss=0.6547 train_acc=0.8179 train_loss=0.3868 val_acc=0.8039 val_loss=0.3988 router_H=0.6782 best=0.8039
           router_load=[0.36244022846221924, 0.16483114659786224, 0.035422183573246, 0.4373064935207367]
[step 0120/150] method=baseline_avg loss=0.1983 train_acc=0.8179 train_loss=0.3868 val_acc=0.8039 val_loss=0.3988 router_H=0.6782 best=0.8039
           router_load=[0.36244022846221924, 0.16483114659786224, 0.035422183573246, 0.4373064935207367]
[step 0130/150] method=baseline_avg loss=0.5609 train_acc=0.8179 train_loss=0.3868 val_acc=0.8039 val_loss=0.3988 router_H=0.6782 best=0.8039
           router_load=[0.36244022846221924, 0.16483114659786224, 0.035422183573246, 0.4373064935207367]
[step 0140/150] method=baseline_avg loss=0.2602 train_acc=0.8179 train_loss=0.3868 val_acc=0.8039 val_loss=0.3988 router_H=0.6782 best=0.8039
           router_load=[0.36244022846221924, 0.16483114659786224, 0.035422183573246, 0.4373064935207367]
[step 0150/150] method=baseline_avg loss=0.8775 train_acc=0.8582 train_loss=0.3788 val_acc=0.8652 val_loss=0.3922 router_H=0.6737 best=0.8652
           router_load=[0.428698867559433, 0.26658838987350464, 0.0299821887165308, 0.27473050355911255]
saved summary -> /home/zhujjing/MOE-grad-conflict-routing/runs/paper_suite/single_gpu/single_task/roberta_mrpc_lora_e4_k2/hpo/baseline/trial_runs/coord_02_train_weight_decay_012/baseline_s2.json
saved curve -> /home/zhujjing/MOE-grad-conflict-routing/runs/paper_suite/single_gpu/single_task/roberta_mrpc_lora_e4_k2/hpo/baseline/trial_runs/coord_02_train_weight_decay_012/baseline_s2_curve.csv
