[run] method=baseline candidate=coord_02_train_weight_decay_026 seed=2 steps=150 gpu=0
[run] cmd=
/home/zhujjing/anaconda3/envs/moe/bin/python /home/zhujjing/MOE-grad-conflict-routing/scripts/run.py --config configs/singletask_mrpc_real.yaml --set model.backbone_backend=hf --set model.hf_load_pretrained=true --set model.backbone=roberta --set model.hf_pretrained_name=roberta-base --set model.expert_type=lora --set model.routing_mode=topk --set model.num_experts=4 --set model.top_k=2 --set seed=2 --set method.name=baseline_avg --set train.steps=150 --set train.eval_every_steps=50 --set train.grad_clip=1 --set train.lr=2e-05 --set train.weight_decay=0.04603734299 --out /home/zhujjing/MOE-grad-conflict-routing/runs/paper_suite/single_gpu/single_task/roberta_mrpc_lora_e4_k2/hpo/baseline/trial_runs/coord_02_train_weight_decay_026/baseline_s2.json --curve_out /home/zhujjing/MOE-grad-conflict-routing/runs/paper_suite/single_gpu/single_task/roberta_mrpc_lora_e4_k2/hpo/baseline/trial_runs/coord_02_train_weight_decay_026/baseline_s2_curve.csv
Using the latest cached version of the dataset since glue couldn't be found on the Hugging Face Hub (offline mode is enabled).
Found the latest cached dataset configuration 'mrpc' at /home/zhujjing/hf_cache/datasets/glue/mrpc/0.0.0/bcdcba79d07bc864c1c254ccfcedcce55bcc9a8c (last modified on Thu Mar 19 15:01:06 2026).
/home/zhujjing/anaconda3/envs/moe/lib/python3.10/site-packages/transformers/utils/hub.py:124: FutureWarning: Using `TRANSFORMERS_CACHE` is deprecated and will be removed in v5 of Transformers. Use `HF_HOME` instead.
  warnings.warn(
Some weights of RobertaModel were not initialized from the model checkpoint at roberta-base and are newly initialized: ['roberta.pooler.dense.bias', 'roberta.pooler.dense.weight']
You should probably TRAIN this model on a down-stream task to be able to use it for predictions and inference.
[step 0001/150] method=baseline_avg loss=0.6899 train_acc=nan train_loss=nan val_acc=nan val_loss=nan best=-1.0000
[step 0010/150] method=baseline_avg loss=0.7456 train_acc=nan train_loss=nan val_acc=nan val_loss=nan best=-1.0000
[step 0020/150] method=baseline_avg loss=0.5765 train_acc=nan train_loss=nan val_acc=nan val_loss=nan best=-1.0000
[step 0030/150] method=baseline_avg loss=0.7025 train_acc=nan train_loss=nan val_acc=nan val_loss=nan best=-1.0000
[step 0040/150] method=baseline_avg loss=0.5213 train_acc=nan train_loss=nan val_acc=nan val_loss=nan best=-1.0000
[step 0050/150] method=baseline_avg loss=0.5441 train_acc=0.7347 train_loss=0.5355 val_acc=0.7328 val_loss=0.5370 router_H=0.6792 best=0.7328
           router_load=[0.3477310538291931, 0.5733444690704346, 0.07892458140850067, 0.0]
[step 0060/150] method=baseline_avg loss=0.6134 train_acc=0.7347 train_loss=0.5355 val_acc=0.7328 val_loss=0.5370 router_H=0.6792 best=0.7328
           router_load=[0.3477310538291931, 0.5733444690704346, 0.07892458140850067, 0.0]
[step 0070/150] method=baseline_avg loss=0.3543 train_acc=0.7347 train_loss=0.5355 val_acc=0.7328 val_loss=0.5370 router_H=0.6792 best=0.7328
           router_load=[0.3477310538291931, 0.5733444690704346, 0.07892458140850067, 0.0]
[step 0080/150] method=baseline_avg loss=0.4014 train_acc=0.7347 train_loss=0.5355 val_acc=0.7328 val_loss=0.5370 router_H=0.6792 best=0.7328
           router_load=[0.3477310538291931, 0.5733444690704346, 0.07892458140850067, 0.0]
[step 0090/150] method=baseline_avg loss=0.4177 train_acc=0.7347 train_loss=0.5355 val_acc=0.7328 val_loss=0.5370 router_H=0.6792 best=0.7328
           router_load=[0.3477310538291931, 0.5733444690704346, 0.07892458140850067, 0.0]
[step 0100/150] method=baseline_avg loss=0.4052 train_acc=0.8149 train_loss=0.3931 val_acc=0.8211 val_loss=0.3926 router_H=0.6807 best=0.8211
           router_load=[0.4341384768486023, 0.549897313117981, 0.014225336723029613, 0.00173898262437433]
[step 0110/150] method=baseline_avg loss=0.7089 train_acc=0.8149 train_loss=0.3931 val_acc=0.8211 val_loss=0.3926 router_H=0.6807 best=0.8211
           router_load=[0.4341384768486023, 0.549897313117981, 0.014225336723029613, 0.00173898262437433]
[step 0120/150] method=baseline_avg loss=0.2450 train_acc=0.8149 train_loss=0.3931 val_acc=0.8211 val_loss=0.3926 router_H=0.6807 best=0.8211
           router_load=[0.4341384768486023, 0.549897313117981, 0.014225336723029613, 0.00173898262437433]
[step 0130/150] method=baseline_avg loss=0.5079 train_acc=0.8149 train_loss=0.3931 val_acc=0.8211 val_loss=0.3926 router_H=0.6807 best=0.8211
           router_load=[0.4341384768486023, 0.549897313117981, 0.014225336723029613, 0.00173898262437433]
[step 0140/150] method=baseline_avg loss=0.2529 train_acc=0.8149 train_loss=0.3931 val_acc=0.8211 val_loss=0.3926 router_H=0.6807 best=0.8211
           router_load=[0.4341384768486023, 0.549897313117981, 0.014225336723029613, 0.00173898262437433]
[step 0150/150] method=baseline_avg loss=0.8148 train_acc=0.8471 train_loss=0.4046 val_acc=0.8456 val_loss=0.4239 router_H=0.6716 best=0.8456
           router_load=[0.23297208547592163, 0.5913727879524231, 0.06780775636434555, 0.10784733295440674]
saved summary -> /home/zhujjing/MOE-grad-conflict-routing/runs/paper_suite/single_gpu/single_task/roberta_mrpc_lora_e4_k2/hpo/baseline/trial_runs/coord_02_train_weight_decay_026/baseline_s2.json
saved curve -> /home/zhujjing/MOE-grad-conflict-routing/runs/paper_suite/single_gpu/single_task/roberta_mrpc_lora_e4_k2/hpo/baseline/trial_runs/coord_02_train_weight_decay_026/baseline_s2_curve.csv
