[run] method=baseline candidate=coord_02_train_weight_decay_002 seed=2 steps=150 gpu=0
[run] cmd=
/home/zhujjing/anaconda3/envs/moe/bin/python /home/zhujjing/MOE-grad-conflict-routing/scripts/run.py --config configs/singletask_mrpc_real.yaml --set model.backbone_backend=hf --set model.hf_load_pretrained=true --set model.backbone=roberta --set model.hf_pretrained_name=roberta-base --set model.expert_type=lora --set model.routing_mode=topk --set model.num_experts=4 --set model.top_k=2 --set seed=2 --set method.name=baseline_avg --set train.steps=150 --set train.eval_every_steps=50 --set train.grad_clip=1 --set train.lr=2e-05 --set train.weight_decay=0.03175375625 --out /home/zhujjing/MOE-grad-conflict-routing/runs/paper_suite/single_gpu/single_task/roberta_mrpc_lora_e4_k2/hpo/baseline/trial_runs/coord_02_train_weight_decay_002/baseline_s2.json --curve_out /home/zhujjing/MOE-grad-conflict-routing/runs/paper_suite/single_gpu/single_task/roberta_mrpc_lora_e4_k2/hpo/baseline/trial_runs/coord_02_train_weight_decay_002/baseline_s2_curve.csv
Using the latest cached version of the dataset since glue couldn't be found on the Hugging Face Hub (offline mode is enabled).
Found the latest cached dataset configuration 'mrpc' at /home/zhujjing/hf_cache/datasets/glue/mrpc/0.0.0/bcdcba79d07bc864c1c254ccfcedcce55bcc9a8c (last modified on Thu Mar 19 15:01:06 2026).
/home/zhujjing/anaconda3/envs/moe/lib/python3.10/site-packages/transformers/utils/hub.py:124: FutureWarning: Using `TRANSFORMERS_CACHE` is deprecated and will be removed in v5 of Transformers. Use `HF_HOME` instead.
  warnings.warn(
Some weights of RobertaModel were not initialized from the model checkpoint at roberta-base and are newly initialized: ['roberta.pooler.dense.bias', 'roberta.pooler.dense.weight']
You should probably TRAIN this model on a down-stream task to be able to use it for predictions and inference.
[step 0001/150] method=baseline_avg loss=0.7443 train_acc=nan train_loss=nan val_acc=nan val_loss=nan best=-1.0000
[step 0010/150] method=baseline_avg loss=0.7389 train_acc=nan train_loss=nan val_acc=nan val_loss=nan best=-1.0000
[step 0020/150] method=baseline_avg loss=0.6136 train_acc=nan train_loss=nan val_acc=nan val_loss=nan best=-1.0000
[step 0030/150] method=baseline_avg loss=0.7171 train_acc=nan train_loss=nan val_acc=nan val_loss=nan best=-1.0000
[step 0040/150] method=baseline_avg loss=0.5090 train_acc=nan train_loss=nan val_acc=nan val_loss=nan best=-1.0000
[step 0050/150] method=baseline_avg loss=0.5450 train_acc=0.7369 train_loss=0.5358 val_acc=0.7451 val_loss=0.5260 router_H=0.6810 best=0.7451
           router_load=[0.017267543822526932, 0.4406435489654541, 0.0022346307523548603, 0.5398542881011963]
[step 0060/150] method=baseline_avg loss=0.6189 train_acc=0.7369 train_loss=0.5358 val_acc=0.7451 val_loss=0.5260 router_H=0.6810 best=0.7451
           router_load=[0.017267543822526932, 0.4406435489654541, 0.0022346307523548603, 0.5398542881011963]
[step 0070/150] method=baseline_avg loss=0.4231 train_acc=0.7369 train_loss=0.5358 val_acc=0.7451 val_loss=0.5260 router_H=0.6810 best=0.7451
           router_load=[0.017267543822526932, 0.4406435489654541, 0.0022346307523548603, 0.5398542881011963]
[step 0080/150] method=baseline_avg loss=0.4562 train_acc=0.7369 train_loss=0.5358 val_acc=0.7451 val_loss=0.5260 router_H=0.6810 best=0.7451
           router_load=[0.017267543822526932, 0.4406435489654541, 0.0022346307523548603, 0.5398542881011963]
[step 0090/150] method=baseline_avg loss=0.3870 train_acc=0.7369 train_loss=0.5358 val_acc=0.7451 val_loss=0.5260 router_H=0.6810 best=0.7451
           router_load=[0.017267543822526932, 0.4406435489654541, 0.0022346307523548603, 0.5398542881011963]
[step 0100/150] method=baseline_avg loss=0.4825 train_acc=0.8217 train_loss=0.3778 val_acc=0.8162 val_loss=0.3823 router_H=0.6822 best=0.8162
           router_load=[0.17174579203128815, 0.47553327679634094, 0.013496700674295425, 0.33922430872917175]
[step 0110/150] method=baseline_avg loss=0.7598 train_acc=0.8217 train_loss=0.3778 val_acc=0.8162 val_loss=0.3823 router_H=0.6822 best=0.8162
           router_load=[0.17174579203128815, 0.47553327679634094, 0.013496700674295425, 0.33922430872917175]
[step 0120/150] method=baseline_avg loss=0.2157 train_acc=0.8217 train_loss=0.3778 val_acc=0.8162 val_loss=0.3823 router_H=0.6822 best=0.8162
           router_load=[0.17174579203128815, 0.47553327679634094, 0.013496700674295425, 0.33922430872917175]
[step 0130/150] method=baseline_avg loss=0.4647 train_acc=0.8217 train_loss=0.3778 val_acc=0.8162 val_loss=0.3823 router_H=0.6822 best=0.8162
           router_load=[0.17174579203128815, 0.47553327679634094, 0.013496700674295425, 0.33922430872917175]
[step 0140/150] method=baseline_avg loss=0.2916 train_acc=0.8217 train_loss=0.3778 val_acc=0.8162 val_loss=0.3823 router_H=0.6822 best=0.8162
           router_load=[0.17174579203128815, 0.47553327679634094, 0.013496700674295425, 0.33922430872917175]
[step 0150/150] method=baseline_avg loss=0.8219 train_acc=0.8520 train_loss=0.3783 val_acc=0.8431 val_loss=0.4059 router_H=0.6605 best=0.8431
           router_load=[0.0735677108168602, 0.413277268409729, 0.01637101173400879, 0.49678394198417664]
saved summary -> /home/zhujjing/MOE-grad-conflict-routing/runs/paper_suite/single_gpu/single_task/roberta_mrpc_lora_e4_k2/hpo/baseline/trial_runs/coord_02_train_weight_decay_002/baseline_s2.json
saved curve -> /home/zhujjing/MOE-grad-conflict-routing/runs/paper_suite/single_gpu/single_task/roberta_mrpc_lora_e4_k2/hpo/baseline/trial_runs/coord_02_train_weight_decay_002/baseline_s2_curve.csv
