[run] method=baseline candidate=coord_02_train_weight_decay_006 seed=3 steps=150 gpu=0
[run] cmd=
/home/zhujjing/anaconda3/envs/moe/bin/python /home/zhujjing/MOE-grad-conflict-routing/scripts/run.py --config configs/singletask_mrpc_real.yaml --set model.backbone_backend=hf --set model.hf_load_pretrained=true --set model.backbone=roberta --set model.hf_pretrained_name=roberta-base --set model.expert_type=lora --set model.routing_mode=topk --set model.num_experts=4 --set model.top_k=2 --set seed=3 --set method.name=baseline_avg --set train.steps=150 --set train.eval_every_steps=50 --set train.grad_clip=1 --set train.lr=2e-05 --set train.weight_decay=0.0494133814 --out /home/zhujjing/MOE-grad-conflict-routing/runs/paper_suite/single_gpu/single_task/roberta_mrpc_lora_e4_k2/hpo/baseline/trial_runs/coord_02_train_weight_decay_006/baseline_s3.json --curve_out /home/zhujjing/MOE-grad-conflict-routing/runs/paper_suite/single_gpu/single_task/roberta_mrpc_lora_e4_k2/hpo/baseline/trial_runs/coord_02_train_weight_decay_006/baseline_s3_curve.csv
Using the latest cached version of the dataset since glue couldn't be found on the Hugging Face Hub (offline mode is enabled).
Found the latest cached dataset configuration 'mrpc' at /home/zhujjing/hf_cache/datasets/glue/mrpc/0.0.0/bcdcba79d07bc864c1c254ccfcedcce55bcc9a8c (last modified on Thu Mar 19 15:01:06 2026).
/home/zhujjing/anaconda3/envs/moe/lib/python3.10/site-packages/transformers/utils/hub.py:124: FutureWarning: Using `TRANSFORMERS_CACHE` is deprecated and will be removed in v5 of Transformers. Use `HF_HOME` instead.
  warnings.warn(
Some weights of RobertaModel were not initialized from the model checkpoint at roberta-base and are newly initialized: ['roberta.pooler.dense.bias', 'roberta.pooler.dense.weight']
You should probably TRAIN this model on a down-stream task to be able to use it for predictions and inference.
[step 0001/150] method=baseline_avg loss=0.8048 train_acc=nan train_loss=nan val_acc=nan val_loss=nan best=-1.0000
[step 0010/150] method=baseline_avg loss=0.8512 train_acc=nan train_loss=nan val_acc=nan val_loss=nan best=-1.0000
[step 0020/150] method=baseline_avg loss=0.6395 train_acc=nan train_loss=nan val_acc=nan val_loss=nan best=-1.0000
[step 0030/150] method=baseline_avg loss=0.5559 train_acc=nan train_loss=nan val_acc=nan val_loss=nan best=-1.0000
[step 0040/150] method=baseline_avg loss=0.6680 train_acc=nan train_loss=nan val_acc=nan val_loss=nan best=-1.0000
[step 0050/150] method=baseline_avg loss=0.4863 train_acc=0.7448 train_loss=0.5148 val_acc=0.7574 val_loss=0.4996 router_H=0.6894 best=0.7574
           router_load=[0.10470318049192429, 0.0, 0.3621341586112976, 0.5331625938415527]
[step 0060/150] method=baseline_avg loss=0.4673 train_acc=0.7448 train_loss=0.5148 val_acc=0.7574 val_loss=0.4996 router_H=0.6894 best=0.7574
           router_load=[0.10470318049192429, 0.0, 0.3621341586112976, 0.5331625938415527]
[step 0070/150] method=baseline_avg loss=0.3611 train_acc=0.7448 train_loss=0.5148 val_acc=0.7574 val_loss=0.4996 router_H=0.6894 best=0.7574
           router_load=[0.10470318049192429, 0.0, 0.3621341586112976, 0.5331625938415527]
[step 0080/150] method=baseline_avg loss=0.5062 train_acc=0.7448 train_loss=0.5148 val_acc=0.7574 val_loss=0.4996 router_H=0.6894 best=0.7574
           router_load=[0.10470318049192429, 0.0, 0.3621341586112976, 0.5331625938415527]
[step 0090/150] method=baseline_avg loss=0.5389 train_acc=0.7448 train_loss=0.5148 val_acc=0.7574 val_loss=0.4996 router_H=0.6894 best=0.7574
           router_load=[0.10470318049192429, 0.0, 0.3621341586112976, 0.5331625938415527]
[step 0100/150] method=baseline_avg loss=0.4056 train_acc=0.8097 train_loss=0.4083 val_acc=0.8162 val_loss=0.4046 router_H=0.6878 best=0.8162
           router_load=[0.1396147757768631, 0.0, 0.327006459236145, 0.5333787798881531]
[step 0110/150] method=baseline_avg loss=0.4013 train_acc=0.8097 train_loss=0.4083 val_acc=0.8162 val_loss=0.4046 router_H=0.6878 best=0.8162
           router_load=[0.1396147757768631, 0.0, 0.327006459236145, 0.5333787798881531]
[step 0120/150] method=baseline_avg loss=0.2691 train_acc=0.8097 train_loss=0.4083 val_acc=0.8162 val_loss=0.4046 router_H=0.6878 best=0.8162
           router_load=[0.1396147757768631, 0.0, 0.327006459236145, 0.5333787798881531]
[step 0130/150] method=baseline_avg loss=0.2912 train_acc=0.8097 train_loss=0.4083 val_acc=0.8162 val_loss=0.4046 router_H=0.6878 best=0.8162
           router_load=[0.1396147757768631, 0.0, 0.327006459236145, 0.5333787798881531]
[step 0140/150] method=baseline_avg loss=0.6346 train_acc=0.8097 train_loss=0.4083 val_acc=0.8162 val_loss=0.4046 router_H=0.6878 best=0.8162
           router_load=[0.1396147757768631, 0.0, 0.327006459236145, 0.5333787798881531]
[step 0150/150] method=baseline_avg loss=0.5011 train_acc=0.8449 train_loss=0.3582 val_acc=0.8431 val_loss=0.3624 router_H=0.6804 best=0.8431
           router_load=[0.20649361610412598, 0.016623713076114655, 0.21114014089107513, 0.565742552280426]
saved summary -> /home/zhujjing/MOE-grad-conflict-routing/runs/paper_suite/single_gpu/single_task/roberta_mrpc_lora_e4_k2/hpo/baseline/trial_runs/coord_02_train_weight_decay_006/baseline_s3.json
saved curve -> /home/zhujjing/MOE-grad-conflict-routing/runs/paper_suite/single_gpu/single_task/roberta_mrpc_lora_e4_k2/hpo/baseline/trial_runs/coord_02_train_weight_decay_006/baseline_s3_curve.csv
