[run] method=baseline candidate=coord_02_train_weight_decay_007 seed=3 steps=150 gpu=0
[run] cmd=
/home/zhujjing/anaconda3/envs/moe/bin/python /home/zhujjing/MOE-grad-conflict-routing/scripts/run.py --config configs/singletask_mrpc_real.yaml --set model.backbone_backend=hf --set model.hf_load_pretrained=true --set model.backbone=roberta --set model.hf_pretrained_name=roberta-base --set model.expert_type=lora --set model.routing_mode=topk --set model.num_experts=4 --set model.top_k=2 --set seed=3 --set method.name=baseline_avg --set train.steps=150 --set train.eval_every_steps=50 --set train.grad_clip=1 --set train.lr=2e-05 --set train.weight_decay=0.007589584458 --out /home/zhujjing/MOE-grad-conflict-routing/runs/paper_suite/single_gpu/single_task/roberta_mrpc_lora_e4_k2/hpo/baseline/trial_runs/coord_02_train_weight_decay_007/baseline_s3.json --curve_out /home/zhujjing/MOE-grad-conflict-routing/runs/paper_suite/single_gpu/single_task/roberta_mrpc_lora_e4_k2/hpo/baseline/trial_runs/coord_02_train_weight_decay_007/baseline_s3_curve.csv
Using the latest cached version of the dataset since glue couldn't be found on the Hugging Face Hub (offline mode is enabled).
Found the latest cached dataset configuration 'mrpc' at /home/zhujjing/hf_cache/datasets/glue/mrpc/0.0.0/bcdcba79d07bc864c1c254ccfcedcce55bcc9a8c (last modified on Thu Mar 19 15:01:06 2026).
/home/zhujjing/anaconda3/envs/moe/lib/python3.10/site-packages/transformers/utils/hub.py:124: FutureWarning: Using `TRANSFORMERS_CACHE` is deprecated and will be removed in v5 of Transformers. Use `HF_HOME` instead.
  warnings.warn(
Some weights of RobertaModel were not initialized from the model checkpoint at roberta-base and are newly initialized: ['roberta.pooler.dense.bias', 'roberta.pooler.dense.weight']
You should probably TRAIN this model on a down-stream task to be able to use it for predictions and inference.
[step 0001/150] method=baseline_avg loss=0.7098 train_acc=nan train_loss=nan val_acc=nan val_loss=nan best=-1.0000
[step 0010/150] method=baseline_avg loss=0.7111 train_acc=nan train_loss=nan val_acc=nan val_loss=nan best=-1.0000
[step 0020/150] method=baseline_avg loss=0.5909 train_acc=nan train_loss=nan val_acc=nan val_loss=nan best=-1.0000
[step 0030/150] method=baseline_avg loss=0.5759 train_acc=nan train_loss=nan val_acc=nan val_loss=nan best=-1.0000
[step 0040/150] method=baseline_avg loss=0.5964 train_acc=nan train_loss=nan val_acc=nan val_loss=nan best=-1.0000
[step 0050/150] method=baseline_avg loss=0.4821 train_acc=0.7568 train_loss=0.4853 val_acc=0.7794 val_loss=0.4826 router_H=0.6861 best=0.7794
           router_load=[0.539972722530365, 0.308591365814209, 0.0, 0.15143591165542603]
[step 0060/150] method=baseline_avg loss=0.4483 train_acc=0.7568 train_loss=0.4853 val_acc=0.7794 val_loss=0.4826 router_H=0.6861 best=0.7794
           router_load=[0.539972722530365, 0.308591365814209, 0.0, 0.15143591165542603]
[step 0070/150] method=baseline_avg loss=0.3314 train_acc=0.7568 train_loss=0.4853 val_acc=0.7794 val_loss=0.4826 router_H=0.6861 best=0.7794
           router_load=[0.539972722530365, 0.308591365814209, 0.0, 0.15143591165542603]
[step 0080/150] method=baseline_avg loss=0.5181 train_acc=0.7568 train_loss=0.4853 val_acc=0.7794 val_loss=0.4826 router_H=0.6861 best=0.7794
           router_load=[0.539972722530365, 0.308591365814209, 0.0, 0.15143591165542603]
[step 0090/150] method=baseline_avg loss=0.5758 train_acc=0.7568 train_loss=0.4853 val_acc=0.7794 val_loss=0.4826 router_H=0.6861 best=0.7794
           router_load=[0.539972722530365, 0.308591365814209, 0.0, 0.15143591165542603]
[step 0100/150] method=baseline_avg loss=0.5394 train_acc=0.8258 train_loss=0.3855 val_acc=0.8015 val_loss=0.3967 router_H=0.6889 best=0.8015
           router_load=[0.5227752327919006, 0.2676886320114136, 0.0010353346588090062, 0.20850077271461487]
[step 0110/150] method=baseline_avg loss=0.4322 train_acc=0.8258 train_loss=0.3855 val_acc=0.8015 val_loss=0.3967 router_H=0.6889 best=0.8015
           router_load=[0.5227752327919006, 0.2676886320114136, 0.0010353346588090062, 0.20850077271461487]
[step 0120/150] method=baseline_avg loss=0.2385 train_acc=0.8258 train_loss=0.3855 val_acc=0.8015 val_loss=0.3967 router_H=0.6889 best=0.8015
           router_load=[0.5227752327919006, 0.2676886320114136, 0.0010353346588090062, 0.20850077271461487]
[step 0130/150] method=baseline_avg loss=0.2242 train_acc=0.8258 train_loss=0.3855 val_acc=0.8015 val_loss=0.3967 router_H=0.6889 best=0.8015
           router_load=[0.5227752327919006, 0.2676886320114136, 0.0010353346588090062, 0.20850077271461487]
[step 0140/150] method=baseline_avg loss=0.5642 train_acc=0.8258 train_loss=0.3855 val_acc=0.8015 val_loss=0.3967 router_H=0.6889 best=0.8015
           router_load=[0.5227752327919006, 0.2676886320114136, 0.0010353346588090062, 0.20850077271461487]
[step 0150/150] method=baseline_avg loss=0.3878 train_acc=0.8667 train_loss=0.3308 val_acc=0.8529 val_loss=0.3481 router_H=0.6840 best=0.8529
           router_load=[0.5541326999664307, 0.3704818785190582, 0.001002427190542221, 0.07438299804925919]
saved summary -> /home/zhujjing/MOE-grad-conflict-routing/runs/paper_suite/single_gpu/single_task/roberta_mrpc_lora_e4_k2/hpo/baseline/trial_runs/coord_02_train_weight_decay_007/baseline_s3.json
saved curve -> /home/zhujjing/MOE-grad-conflict-routing/runs/paper_suite/single_gpu/single_task/roberta_mrpc_lora_e4_k2/hpo/baseline/trial_runs/coord_02_train_weight_decay_007/baseline_s3_curve.csv
