[run] method=baseline candidate=coord_02_train_weight_decay_010 seed=3 steps=150 gpu=0
[run] cmd=
/home/zhujjing/anaconda3/envs/moe/bin/python /home/zhujjing/MOE-grad-conflict-routing/scripts/run.py --config configs/singletask_mrpc_real.yaml --set model.backbone_backend=hf --set model.hf_load_pretrained=true --set model.backbone=roberta --set model.hf_pretrained_name=roberta-base --set model.expert_type=lora --set model.routing_mode=topk --set model.num_experts=4 --set model.top_k=2 --set seed=3 --set method.name=baseline_avg --set train.steps=150 --set train.eval_every_steps=50 --set train.grad_clip=1 --set train.lr=2e-05 --set train.weight_decay=0.02446709884 --out /home/zhujjing/MOE-grad-conflict-routing/runs/paper_suite/single_gpu/single_task/roberta_mrpc_lora_e4_k2/hpo/baseline/trial_runs/coord_02_train_weight_decay_010/baseline_s3.json --curve_out /home/zhujjing/MOE-grad-conflict-routing/runs/paper_suite/single_gpu/single_task/roberta_mrpc_lora_e4_k2/hpo/baseline/trial_runs/coord_02_train_weight_decay_010/baseline_s3_curve.csv
Using the latest cached version of the dataset since glue couldn't be found on the Hugging Face Hub (offline mode is enabled).
Found the latest cached dataset configuration 'mrpc' at /home/zhujjing/hf_cache/datasets/glue/mrpc/0.0.0/bcdcba79d07bc864c1c254ccfcedcce55bcc9a8c (last modified on Thu Mar 19 15:01:06 2026).
/home/zhujjing/anaconda3/envs/moe/lib/python3.10/site-packages/transformers/utils/hub.py:124: FutureWarning: Using `TRANSFORMERS_CACHE` is deprecated and will be removed in v5 of Transformers. Use `HF_HOME` instead.
  warnings.warn(
Some weights of RobertaModel were not initialized from the model checkpoint at roberta-base and are newly initialized: ['roberta.pooler.dense.bias', 'roberta.pooler.dense.weight']
You should probably TRAIN this model on a down-stream task to be able to use it for predictions and inference.
[step 0001/150] method=baseline_avg loss=0.6932 train_acc=nan train_loss=nan val_acc=nan val_loss=nan best=-1.0000
[step 0010/150] method=baseline_avg loss=0.8364 train_acc=nan train_loss=nan val_acc=nan val_loss=nan best=-1.0000
[step 0020/150] method=baseline_avg loss=0.6549 train_acc=nan train_loss=nan val_acc=nan val_loss=nan best=-1.0000
[step 0030/150] method=baseline_avg loss=0.5741 train_acc=nan train_loss=nan val_acc=nan val_loss=nan best=-1.0000
[step 0040/150] method=baseline_avg loss=0.6589 train_acc=nan train_loss=nan val_acc=nan val_loss=nan best=-1.0000
[step 0050/150] method=baseline_avg loss=0.3969 train_acc=0.7625 train_loss=0.4821 val_acc=0.7574 val_loss=0.4819 router_H=0.6833 best=0.7574
           router_load=[0.04795878008008003, 0.1147100105881691, 0.28687620162963867, 0.5504549145698547]
[step 0060/150] method=baseline_avg loss=0.3951 train_acc=0.7625 train_loss=0.4821 val_acc=0.7574 val_loss=0.4819 router_H=0.6833 best=0.7574
           router_load=[0.04795878008008003, 0.1147100105881691, 0.28687620162963867, 0.5504549145698547]
[step 0070/150] method=baseline_avg loss=0.4383 train_acc=0.7625 train_loss=0.4821 val_acc=0.7574 val_loss=0.4819 router_H=0.6833 best=0.7574
           router_load=[0.04795878008008003, 0.1147100105881691, 0.28687620162963867, 0.5504549145698547]
[step 0080/150] method=baseline_avg loss=0.4645 train_acc=0.7625 train_loss=0.4821 val_acc=0.7574 val_loss=0.4819 router_H=0.6833 best=0.7574
           router_load=[0.04795878008008003, 0.1147100105881691, 0.28687620162963867, 0.5504549145698547]
[step 0090/150] method=baseline_avg loss=0.5652 train_acc=0.7625 train_loss=0.4821 val_acc=0.7574 val_loss=0.4819 router_H=0.6833 best=0.7574
           router_load=[0.04795878008008003, 0.1147100105881691, 0.28687620162963867, 0.5504549145698547]
[step 0100/150] method=baseline_avg loss=0.5860 train_acc=0.8132 train_loss=0.3897 val_acc=0.8015 val_loss=0.4040 router_H=0.6801 best=0.8015
           router_load=[0.10521572083234787, 0.09444031119346619, 0.24981167912483215, 0.5505322813987732]
[step 0110/150] method=baseline_avg loss=0.4569 train_acc=0.8132 train_loss=0.3897 val_acc=0.8015 val_loss=0.4040 router_H=0.6801 best=0.8015
           router_load=[0.10521572083234787, 0.09444031119346619, 0.24981167912483215, 0.5505322813987732]
[step 0120/150] method=baseline_avg loss=0.2753 train_acc=0.8132 train_loss=0.3897 val_acc=0.8015 val_loss=0.4040 router_H=0.6801 best=0.8015
           router_load=[0.10521572083234787, 0.09444031119346619, 0.24981167912483215, 0.5505322813987732]
[step 0130/150] method=baseline_avg loss=0.2233 train_acc=0.8132 train_loss=0.3897 val_acc=0.8015 val_loss=0.4040 router_H=0.6801 best=0.8015
           router_load=[0.10521572083234787, 0.09444031119346619, 0.24981167912483215, 0.5505322813987732]
[step 0140/150] method=baseline_avg loss=0.5835 train_acc=0.8132 train_loss=0.3897 val_acc=0.8015 val_loss=0.4040 router_H=0.6801 best=0.8015
           router_load=[0.10521572083234787, 0.09444031119346619, 0.24981167912483215, 0.5505322813987732]
[step 0150/150] method=baseline_avg loss=0.5125 train_acc=0.8536 train_loss=0.3449 val_acc=0.8554 val_loss=0.3517 router_H=0.6768 best=0.8554
           router_load=[0.03694270923733711, 0.05268825590610504, 0.4204815924167633, 0.48988738656044006]
saved summary -> /home/zhujjing/MOE-grad-conflict-routing/runs/paper_suite/single_gpu/single_task/roberta_mrpc_lora_e4_k2/hpo/baseline/trial_runs/coord_02_train_weight_decay_010/baseline_s3.json
saved curve -> /home/zhujjing/MOE-grad-conflict-routing/runs/paper_suite/single_gpu/single_task/roberta_mrpc_lora_e4_k2/hpo/baseline/trial_runs/coord_02_train_weight_decay_010/baseline_s3_curve.csv
