[run] method=baseline candidate=coord_02_train_weight_decay_029 seed=3 steps=150 gpu=0
[run] cmd=
/home/zhujjing/anaconda3/envs/moe/bin/python /home/zhujjing/MOE-grad-conflict-routing/scripts/run.py --config configs/singletask_mrpc_real.yaml --set model.backbone_backend=hf --set model.hf_load_pretrained=true --set model.backbone=roberta --set model.hf_pretrained_name=roberta-base --set model.expert_type=lora --set model.routing_mode=topk --set model.num_experts=4 --set model.top_k=2 --set seed=3 --set method.name=baseline_avg --set train.steps=150 --set train.eval_every_steps=50 --set train.grad_clip=1 --set train.lr=2e-05 --set train.weight_decay=0.03380028542 --out /home/zhujjing/MOE-grad-conflict-routing/runs/paper_suite/single_gpu/single_task/roberta_mrpc_lora_e4_k2/hpo/baseline/trial_runs/coord_02_train_weight_decay_029/baseline_s3.json --curve_out /home/zhujjing/MOE-grad-conflict-routing/runs/paper_suite/single_gpu/single_task/roberta_mrpc_lora_e4_k2/hpo/baseline/trial_runs/coord_02_train_weight_decay_029/baseline_s3_curve.csv
Using the latest cached version of the dataset since glue couldn't be found on the Hugging Face Hub (offline mode is enabled).
Found the latest cached dataset configuration 'mrpc' at /home/zhujjing/hf_cache/datasets/glue/mrpc/0.0.0/bcdcba79d07bc864c1c254ccfcedcce55bcc9a8c (last modified on Thu Mar 19 15:01:06 2026).
/home/zhujjing/anaconda3/envs/moe/lib/python3.10/site-packages/transformers/utils/hub.py:124: FutureWarning: Using `TRANSFORMERS_CACHE` is deprecated and will be removed in v5 of Transformers. Use `HF_HOME` instead.
  warnings.warn(
Some weights of RobertaModel were not initialized from the model checkpoint at roberta-base and are newly initialized: ['roberta.pooler.dense.bias', 'roberta.pooler.dense.weight']
You should probably TRAIN this model on a down-stream task to be able to use it for predictions and inference.
[step 0001/150] method=baseline_avg loss=0.7113 train_acc=nan train_loss=nan val_acc=nan val_loss=nan best=-1.0000
[step 0010/150] method=baseline_avg loss=0.8123 train_acc=nan train_loss=nan val_acc=nan val_loss=nan best=-1.0000
[step 0020/150] method=baseline_avg loss=0.6528 train_acc=nan train_loss=nan val_acc=nan val_loss=nan best=-1.0000
[step 0030/150] method=baseline_avg loss=0.5408 train_acc=nan train_loss=nan val_acc=nan val_loss=nan best=-1.0000
[step 0040/150] method=baseline_avg loss=0.6393 train_acc=nan train_loss=nan val_acc=nan val_loss=nan best=-1.0000
[step 0050/150] method=baseline_avg loss=0.5592 train_acc=0.7552 train_loss=0.5255 val_acc=0.7647 val_loss=0.5128 router_H=0.6748 best=0.7647
           router_load=[0.15611526370048523, 0.08782752603292465, 0.5906538367271423, 0.16540341079235077]
[step 0060/150] method=baseline_avg loss=0.4917 train_acc=0.7552 train_loss=0.5255 val_acc=0.7647 val_loss=0.5128 router_H=0.6748 best=0.7647
           router_load=[0.15611526370048523, 0.08782752603292465, 0.5906538367271423, 0.16540341079235077]
[step 0070/150] method=baseline_avg loss=0.4026 train_acc=0.7552 train_loss=0.5255 val_acc=0.7647 val_loss=0.5128 router_H=0.6748 best=0.7647
           router_load=[0.15611526370048523, 0.08782752603292465, 0.5906538367271423, 0.16540341079235077]
[step 0080/150] method=baseline_avg loss=0.4749 train_acc=0.7552 train_loss=0.5255 val_acc=0.7647 val_loss=0.5128 router_H=0.6748 best=0.7647
           router_load=[0.15611526370048523, 0.08782752603292465, 0.5906538367271423, 0.16540341079235077]
[step 0090/150] method=baseline_avg loss=0.5644 train_acc=0.7552 train_loss=0.5255 val_acc=0.7647 val_loss=0.5128 router_H=0.6748 best=0.7647
           router_load=[0.15611526370048523, 0.08782752603292465, 0.5906538367271423, 0.16540341079235077]
[step 0100/150] method=baseline_avg loss=0.4295 train_acc=0.7950 train_loss=0.4176 val_acc=0.7917 val_loss=0.4180 router_H=0.6824 best=0.7917
           router_load=[0.17267878353595734, 0.0037669141311198473, 0.5652735829353333, 0.2582806646823883]
[step 0110/150] method=baseline_avg loss=0.4122 train_acc=0.7950 train_loss=0.4176 val_acc=0.7917 val_loss=0.4180 router_H=0.6824 best=0.7917
           router_load=[0.17267878353595734, 0.0037669141311198473, 0.5652735829353333, 0.2582806646823883]
[step 0120/150] method=baseline_avg loss=0.3375 train_acc=0.7950 train_loss=0.4176 val_acc=0.7917 val_loss=0.4180 router_H=0.6824 best=0.7917
           router_load=[0.17267878353595734, 0.0037669141311198473, 0.5652735829353333, 0.2582806646823883]
[step 0130/150] method=baseline_avg loss=0.2307 train_acc=0.7950 train_loss=0.4176 val_acc=0.7917 val_loss=0.4180 router_H=0.6824 best=0.7917
           router_load=[0.17267878353595734, 0.0037669141311198473, 0.5652735829353333, 0.2582806646823883]
[step 0140/150] method=baseline_avg loss=0.5387 train_acc=0.7950 train_loss=0.4176 val_acc=0.7917 val_loss=0.4180 router_H=0.6824 best=0.7917
           router_load=[0.17267878353595734, 0.0037669141311198473, 0.5652735829353333, 0.2582806646823883]
[step 0150/150] method=baseline_avg loss=0.4093 train_acc=0.8580 train_loss=0.3498 val_acc=0.8480 val_loss=0.3665 router_H=0.6856 best=0.8480
           router_load=[0.32732510566711426, 0.005120731424540281, 0.5528598427772522, 0.11469423770904541]
saved summary -> /home/zhujjing/MOE-grad-conflict-routing/runs/paper_suite/single_gpu/single_task/roberta_mrpc_lora_e4_k2/hpo/baseline/trial_runs/coord_02_train_weight_decay_029/baseline_s3.json
saved curve -> /home/zhujjing/MOE-grad-conflict-routing/runs/paper_suite/single_gpu/single_task/roberta_mrpc_lora_e4_k2/hpo/baseline/trial_runs/coord_02_train_weight_decay_029/baseline_s3_curve.csv
