[run] method=baseline candidate=coord_02_train_weight_decay_017 seed=2 steps=150 gpu=0
[run] cmd=
/home/zhujjing/anaconda3/envs/moe/bin/python /home/zhujjing/MOE-grad-conflict-routing/scripts/run.py --config configs/singletask_mrpc_real.yaml --set model.backbone_backend=hf --set model.hf_load_pretrained=true --set model.backbone=roberta --set model.hf_pretrained_name=roberta-base --set model.expert_type=lora --set model.routing_mode=topk --set model.num_experts=4 --set model.top_k=2 --set seed=2 --set method.name=baseline_avg --set train.steps=150 --set train.eval_every_steps=50 --set train.grad_clip=1 --set train.lr=2e-05 --set train.weight_decay=0.04458013788 --out /home/zhujjing/MOE-grad-conflict-routing/runs/paper_suite/single_gpu/single_task/roberta_mrpc_lora_e4_k2/hpo/baseline/trial_runs/coord_02_train_weight_decay_017/baseline_s2.json --curve_out /home/zhujjing/MOE-grad-conflict-routing/runs/paper_suite/single_gpu/single_task/roberta_mrpc_lora_e4_k2/hpo/baseline/trial_runs/coord_02_train_weight_decay_017/baseline_s2_curve.csv
Using the latest cached version of the dataset since glue couldn't be found on the Hugging Face Hub (offline mode is enabled).
Found the latest cached dataset configuration 'mrpc' at /home/zhujjing/hf_cache/datasets/glue/mrpc/0.0.0/bcdcba79d07bc864c1c254ccfcedcce55bcc9a8c (last modified on Thu Mar 19 15:01:06 2026).
/home/zhujjing/anaconda3/envs/moe/lib/python3.10/site-packages/transformers/utils/hub.py:124: FutureWarning: Using `TRANSFORMERS_CACHE` is deprecated and will be removed in v5 of Transformers. Use `HF_HOME` instead.
  warnings.warn(
Some weights of RobertaModel were not initialized from the model checkpoint at roberta-base and are newly initialized: ['roberta.pooler.dense.bias', 'roberta.pooler.dense.weight']
You should probably TRAIN this model on a down-stream task to be able to use it for predictions and inference.
[step 0001/150] method=baseline_avg loss=0.6626 train_acc=nan train_loss=nan val_acc=nan val_loss=nan best=-1.0000
[step 0010/150] method=baseline_avg loss=0.6702 train_acc=nan train_loss=nan val_acc=nan val_loss=nan best=-1.0000
[step 0020/150] method=baseline_avg loss=0.6040 train_acc=nan train_loss=nan val_acc=nan val_loss=nan best=-1.0000
[step 0030/150] method=baseline_avg loss=0.6572 train_acc=nan train_loss=nan val_acc=nan val_loss=nan best=-1.0000
[step 0040/150] method=baseline_avg loss=0.5409 train_acc=nan train_loss=nan val_acc=nan val_loss=nan best=-1.0000
[step 0050/150] method=baseline_avg loss=0.5276 train_acc=0.7167 train_loss=0.5463 val_acc=0.7083 val_loss=0.5420 router_H=0.6882 best=0.7083
           router_load=[0.42841073870658875, 0.032023828476667404, 0.5395655632019043, 0.0]
[step 0060/150] method=baseline_avg loss=0.6424 train_acc=0.7167 train_loss=0.5463 val_acc=0.7083 val_loss=0.5420 router_H=0.6882 best=0.7083
           router_load=[0.42841073870658875, 0.032023828476667404, 0.5395655632019043, 0.0]
[step 0070/150] method=baseline_avg loss=0.3708 train_acc=0.7167 train_loss=0.5463 val_acc=0.7083 val_loss=0.5420 router_H=0.6882 best=0.7083
           router_load=[0.42841073870658875, 0.032023828476667404, 0.5395655632019043, 0.0]
[step 0080/150] method=baseline_avg loss=0.4459 train_acc=0.7167 train_loss=0.5463 val_acc=0.7083 val_loss=0.5420 router_H=0.6882 best=0.7083
           router_load=[0.42841073870658875, 0.032023828476667404, 0.5395655632019043, 0.0]
[step 0090/150] method=baseline_avg loss=0.3619 train_acc=0.7167 train_loss=0.5463 val_acc=0.7083 val_loss=0.5420 router_H=0.6882 best=0.7083
           router_load=[0.42841073870658875, 0.032023828476667404, 0.5395655632019043, 0.0]
[step 0100/150] method=baseline_avg loss=0.4862 train_acc=0.8116 train_loss=0.4282 val_acc=0.8064 val_loss=0.4400 router_H=0.6861 best=0.8064
           router_load=[0.11547483503818512, 0.33140769600868225, 0.5531174540519714, 0.0]
[step 0110/150] method=baseline_avg loss=0.6609 train_acc=0.8116 train_loss=0.4282 val_acc=0.8064 val_loss=0.4400 router_H=0.6861 best=0.8064
           router_load=[0.11547483503818512, 0.33140769600868225, 0.5531174540519714, 0.0]
[step 0120/150] method=baseline_avg loss=0.2992 train_acc=0.8116 train_loss=0.4282 val_acc=0.8064 val_loss=0.4400 router_H=0.6861 best=0.8064
           router_load=[0.11547483503818512, 0.33140769600868225, 0.5531174540519714, 0.0]
[step 0130/150] method=baseline_avg loss=0.5100 train_acc=0.8116 train_loss=0.4282 val_acc=0.8064 val_loss=0.4400 router_H=0.6861 best=0.8064
           router_load=[0.11547483503818512, 0.33140769600868225, 0.5531174540519714, 0.0]
[step 0140/150] method=baseline_avg loss=0.3017 train_acc=0.8116 train_loss=0.4282 val_acc=0.8064 val_loss=0.4400 router_H=0.6861 best=0.8064
           router_load=[0.11547483503818512, 0.33140769600868225, 0.5531174540519714, 0.0]
[step 0150/150] method=baseline_avg loss=0.7437 train_acc=0.8667 train_loss=0.3549 val_acc=0.8701 val_loss=0.4064 router_H=0.6917 best=0.8701
           router_load=[0.3363156318664551, 0.20476508140563965, 0.4589192867279053, 0.0]
saved summary -> /home/zhujjing/MOE-grad-conflict-routing/runs/paper_suite/single_gpu/single_task/roberta_mrpc_lora_e4_k2/hpo/baseline/trial_runs/coord_02_train_weight_decay_017/baseline_s2.json
saved curve -> /home/zhujjing/MOE-grad-conflict-routing/runs/paper_suite/single_gpu/single_task/roberta_mrpc_lora_e4_k2/hpo/baseline/trial_runs/coord_02_train_weight_decay_017/baseline_s2_curve.csv
