[run] method=baseline candidate=coord_02_train_weight_decay_006 seed=2 steps=150 gpu=0
[run] cmd=
/home/zhujjing/anaconda3/envs/moe/bin/python /home/zhujjing/MOE-grad-conflict-routing/scripts/run.py --config configs/singletask_mrpc_real.yaml --set model.backbone_backend=hf --set model.hf_load_pretrained=true --set model.backbone=roberta --set model.hf_pretrained_name=roberta-base --set model.expert_type=lora --set model.routing_mode=topk --set model.num_experts=4 --set model.top_k=2 --set seed=2 --set method.name=baseline_avg --set train.steps=150 --set train.eval_every_steps=50 --set train.grad_clip=1 --set train.lr=2e-05 --set train.weight_decay=0.0494133814 --out /home/zhujjing/MOE-grad-conflict-routing/runs/paper_suite/single_gpu/single_task/roberta_mrpc_lora_e4_k2/hpo/baseline/trial_runs/coord_02_train_weight_decay_006/baseline_s2.json --curve_out /home/zhujjing/MOE-grad-conflict-routing/runs/paper_suite/single_gpu/single_task/roberta_mrpc_lora_e4_k2/hpo/baseline/trial_runs/coord_02_train_weight_decay_006/baseline_s2_curve.csv
Using the latest cached version of the dataset since glue couldn't be found on the Hugging Face Hub (offline mode is enabled).
Found the latest cached dataset configuration 'mrpc' at /home/zhujjing/hf_cache/datasets/glue/mrpc/0.0.0/bcdcba79d07bc864c1c254ccfcedcce55bcc9a8c (last modified on Thu Mar 19 15:01:06 2026).
/home/zhujjing/anaconda3/envs/moe/lib/python3.10/site-packages/transformers/utils/hub.py:124: FutureWarning: Using `TRANSFORMERS_CACHE` is deprecated and will be removed in v5 of Transformers. Use `HF_HOME` instead.
  warnings.warn(
Some weights of RobertaModel were not initialized from the model checkpoint at roberta-base and are newly initialized: ['roberta.pooler.dense.bias', 'roberta.pooler.dense.weight']
You should probably TRAIN this model on a down-stream task to be able to use it for predictions and inference.
[step 0001/150] method=baseline_avg loss=0.7039 train_acc=nan train_loss=nan val_acc=nan val_loss=nan best=-1.0000
[step 0010/150] method=baseline_avg loss=0.6638 train_acc=nan train_loss=nan val_acc=nan val_loss=nan best=-1.0000
[step 0020/150] method=baseline_avg loss=0.6441 train_acc=nan train_loss=nan val_acc=nan val_loss=nan best=-1.0000
[step 0030/150] method=baseline_avg loss=0.6602 train_acc=nan train_loss=nan val_acc=nan val_loss=nan best=-1.0000
[step 0040/150] method=baseline_avg loss=0.5352 train_acc=nan train_loss=nan val_acc=nan val_loss=nan best=-1.0000
[step 0050/150] method=baseline_avg loss=0.5024 train_acc=0.7206 train_loss=0.5344 val_acc=0.7279 val_loss=0.5448 router_H=0.6766 best=0.7279
           router_load=[0.0019033083226531744, 0.4039682447910309, 0.006885839626193047, 0.5872425436973572]
[step 0060/150] method=baseline_avg loss=0.6439 train_acc=0.7206 train_loss=0.5344 val_acc=0.7279 val_loss=0.5448 router_H=0.6766 best=0.7279
           router_load=[0.0019033083226531744, 0.4039682447910309, 0.006885839626193047, 0.5872425436973572]
[step 0070/150] method=baseline_avg loss=0.4117 train_acc=0.7206 train_loss=0.5344 val_acc=0.7279 val_loss=0.5448 router_H=0.6766 best=0.7279
           router_load=[0.0019033083226531744, 0.4039682447910309, 0.006885839626193047, 0.5872425436973572]
[step 0080/150] method=baseline_avg loss=0.4569 train_acc=0.7206 train_loss=0.5344 val_acc=0.7279 val_loss=0.5448 router_H=0.6766 best=0.7279
           router_load=[0.0019033083226531744, 0.4039682447910309, 0.006885839626193047, 0.5872425436973572]
[step 0090/150] method=baseline_avg loss=0.4238 train_acc=0.7206 train_loss=0.5344 val_acc=0.7279 val_loss=0.5448 router_H=0.6766 best=0.7279
           router_load=[0.0019033083226531744, 0.4039682447910309, 0.006885839626193047, 0.5872425436973572]
[step 0100/150] method=baseline_avg loss=0.5592 train_acc=0.8225 train_loss=0.5418 val_acc=0.8162 val_loss=0.5453 router_H=0.6893 best=0.8162
           router_load=[0.0325690396130085, 0.41992947459220886, 0.3207956552505493, 0.22670584917068481]
[step 0110/150] method=baseline_avg loss=0.7424 train_acc=0.8225 train_loss=0.5418 val_acc=0.8162 val_loss=0.5453 router_H=0.6893 best=0.8162
           router_load=[0.0325690396130085, 0.41992947459220886, 0.3207956552505493, 0.22670584917068481]
[step 0120/150] method=baseline_avg loss=0.3250 train_acc=0.8225 train_loss=0.5418 val_acc=0.8162 val_loss=0.5453 router_H=0.6893 best=0.8162
           router_load=[0.0325690396130085, 0.41992947459220886, 0.3207956552505493, 0.22670584917068481]
[step 0130/150] method=baseline_avg loss=0.6656 train_acc=0.8225 train_loss=0.5418 val_acc=0.8162 val_loss=0.5453 router_H=0.6893 best=0.8162
           router_load=[0.0325690396130085, 0.41992947459220886, 0.3207956552505493, 0.22670584917068481]
[step 0140/150] method=baseline_avg loss=0.5652 train_acc=0.8225 train_loss=0.5418 val_acc=0.8162 val_loss=0.5453 router_H=0.6893 best=0.8162
           router_load=[0.0325690396130085, 0.41992947459220886, 0.3207956552505493, 0.22670584917068481]
[step 0150/150] method=baseline_avg loss=0.5920 train_acc=0.7963 train_loss=0.4100 val_acc=0.7843 val_loss=0.4087 router_H=0.6837 best=0.8162
           router_load=[0.08614503592252731, 0.3509273827075958, 0.007273852825164795, 0.5556538105010986]
saved summary -> /home/zhujjing/MOE-grad-conflict-routing/runs/paper_suite/single_gpu/single_task/roberta_mrpc_lora_e4_k2/hpo/baseline/trial_runs/coord_02_train_weight_decay_006/baseline_s2.json
saved curve -> /home/zhujjing/MOE-grad-conflict-routing/runs/paper_suite/single_gpu/single_task/roberta_mrpc_lora_e4_k2/hpo/baseline/trial_runs/coord_02_train_weight_decay_006/baseline_s2_curve.csv
