[run] method=baseline candidate=coord_02_train_weight_decay_012 seed=3 steps=150 gpu=0
[run] cmd=
/home/zhujjing/anaconda3/envs/moe/bin/python /home/zhujjing/MOE-grad-conflict-routing/scripts/run.py --config configs/singletask_mrpc_real.yaml --set model.backbone_backend=hf --set model.hf_load_pretrained=true --set model.backbone=roberta --set model.hf_pretrained_name=roberta-base --set model.expert_type=lora --set model.routing_mode=topk --set model.num_experts=4 --set model.top_k=2 --set seed=3 --set method.name=baseline_avg --set train.steps=150 --set train.eval_every_steps=50 --set train.grad_clip=1 --set train.lr=2e-05 --set train.weight_decay=0.02770196132 --out /home/zhujjing/MOE-grad-conflict-routing/runs/paper_suite/single_gpu/single_task/roberta_mrpc_lora_e4_k2/hpo/baseline/trial_runs/coord_02_train_weight_decay_012/baseline_s3.json --curve_out /home/zhujjing/MOE-grad-conflict-routing/runs/paper_suite/single_gpu/single_task/roberta_mrpc_lora_e4_k2/hpo/baseline/trial_runs/coord_02_train_weight_decay_012/baseline_s3_curve.csv
Using the latest cached version of the dataset since glue couldn't be found on the Hugging Face Hub (offline mode is enabled).
Found the latest cached dataset configuration 'mrpc' at /home/zhujjing/hf_cache/datasets/glue/mrpc/0.0.0/bcdcba79d07bc864c1c254ccfcedcce55bcc9a8c (last modified on Thu Mar 19 15:01:06 2026).
/home/zhujjing/anaconda3/envs/moe/lib/python3.10/site-packages/transformers/utils/hub.py:124: FutureWarning: Using `TRANSFORMERS_CACHE` is deprecated and will be removed in v5 of Transformers. Use `HF_HOME` instead.
  warnings.warn(
Some weights of RobertaModel were not initialized from the model checkpoint at roberta-base and are newly initialized: ['roberta.pooler.dense.bias', 'roberta.pooler.dense.weight']
You should probably TRAIN this model on a down-stream task to be able to use it for predictions and inference.
[step 0001/150] method=baseline_avg loss=0.7231 train_acc=nan train_loss=nan val_acc=nan val_loss=nan best=-1.0000
[step 0010/150] method=baseline_avg loss=0.7648 train_acc=nan train_loss=nan val_acc=nan val_loss=nan best=-1.0000
[step 0020/150] method=baseline_avg loss=0.6681 train_acc=nan train_loss=nan val_acc=nan val_loss=nan best=-1.0000
[step 0030/150] method=baseline_avg loss=0.5650 train_acc=nan train_loss=nan val_acc=nan val_loss=nan best=-1.0000
[step 0040/150] method=baseline_avg loss=0.6065 train_acc=nan train_loss=nan val_acc=nan val_loss=nan best=-1.0000
[step 0050/150] method=baseline_avg loss=0.4379 train_acc=0.7743 train_loss=0.4858 val_acc=0.7721 val_loss=0.4907 router_H=0.6890 best=0.7721
           router_load=[0.3991506099700928, 0.3845411539077759, 0.11329221725463867, 0.10301601141691208]
[step 0060/150] method=baseline_avg loss=0.5198 train_acc=0.7743 train_loss=0.4858 val_acc=0.7721 val_loss=0.4907 router_H=0.6890 best=0.7721
           router_load=[0.3991506099700928, 0.3845411539077759, 0.11329221725463867, 0.10301601141691208]
[step 0070/150] method=baseline_avg loss=0.3941 train_acc=0.7743 train_loss=0.4858 val_acc=0.7721 val_loss=0.4907 router_H=0.6890 best=0.7721
           router_load=[0.3991506099700928, 0.3845411539077759, 0.11329221725463867, 0.10301601141691208]
[step 0080/150] method=baseline_avg loss=0.4961 train_acc=0.7743 train_loss=0.4858 val_acc=0.7721 val_loss=0.4907 router_H=0.6890 best=0.7721
           router_load=[0.3991506099700928, 0.3845411539077759, 0.11329221725463867, 0.10301601141691208]
[step 0090/150] method=baseline_avg loss=0.5772 train_acc=0.7743 train_loss=0.4858 val_acc=0.7721 val_loss=0.4907 router_H=0.6890 best=0.7721
           router_load=[0.3991506099700928, 0.3845411539077759, 0.11329221725463867, 0.10301601141691208]
[step 0100/150] method=baseline_avg loss=0.7423 train_acc=0.7778 train_loss=0.4462 val_acc=0.7525 val_loss=0.4641 router_H=0.6910 best=0.7721
           router_load=[0.2959728240966797, 0.45388656854629517, 0.21603401005268097, 0.034106574952602386]
[step 0110/150] method=baseline_avg loss=0.4794 train_acc=0.7778 train_loss=0.4462 val_acc=0.7525 val_loss=0.4641 router_H=0.6910 best=0.7721
           router_load=[0.2959728240966797, 0.45388656854629517, 0.21603401005268097, 0.034106574952602386]
[step 0120/150] method=baseline_avg loss=0.3259 train_acc=0.7778 train_loss=0.4462 val_acc=0.7525 val_loss=0.4641 router_H=0.6910 best=0.7721
           router_load=[0.2959728240966797, 0.45388656854629517, 0.21603401005268097, 0.034106574952602386]
[step 0130/150] method=baseline_avg loss=0.3864 train_acc=0.7778 train_loss=0.4462 val_acc=0.7525 val_loss=0.4641 router_H=0.6910 best=0.7721
           router_load=[0.2959728240966797, 0.45388656854629517, 0.21603401005268097, 0.034106574952602386]
[step 0140/150] method=baseline_avg loss=0.5286 train_acc=0.7778 train_loss=0.4462 val_acc=0.7525 val_loss=0.4641 router_H=0.6910 best=0.7721
           router_load=[0.2959728240966797, 0.45388656854629517, 0.21603401005268097, 0.034106574952602386]
[step 0150/150] method=baseline_avg loss=0.5231 train_acc=0.8173 train_loss=0.3957 val_acc=0.7794 val_loss=0.4119 router_H=0.6893 best=0.7794
           router_load=[0.46178334951400757, 0.4262477159500122, 0.07637051492929459, 0.03559838980436325]
saved summary -> /home/zhujjing/MOE-grad-conflict-routing/runs/paper_suite/single_gpu/single_task/roberta_mrpc_lora_e4_k2/hpo/baseline/trial_runs/coord_02_train_weight_decay_012/baseline_s3.json
saved curve -> /home/zhujjing/MOE-grad-conflict-routing/runs/paper_suite/single_gpu/single_task/roberta_mrpc_lora_e4_k2/hpo/baseline/trial_runs/coord_02_train_weight_decay_012/baseline_s3_curve.csv
