[run] method=baseline candidate=local_var_topk_018 seed=7 steps=1000 gpu=0
[run] cmd=
/home/zhujjing/anaconda3/envs/moe/bin/python /home/zhujjing/MOE-grad-conflict-routing/scripts/run.py --config configs/singletask_rte_real.yaml --set model.backbone_backend=hf --set model.hf_load_pretrained=true --set model.backbone=roberta --set model.hf_pretrained_name=roberta-base --set model.expert_type=lora --set model.routing_mode=topk --set model.num_experts=4 --set model.top_k=2 --set seed=7 --set method.name=baseline_avg --set train.steps=1000 --set train.eval_every_steps=50 --set train.grad_clip=0.5690175238 --set train.lr=2.6042459e-05 --set train.weight_decay=0.03115829834 --out /home/zhujjing/MOE-grad-conflict-routing/runs/paper_suite/single_gpu/single_task/roberta_rte_lora_e4_k2/final/baseline_s7.json --curve_out /home/zhujjing/MOE-grad-conflict-routing/runs/paper_suite/single_gpu/single_task/roberta_rte_lora_e4_k2/final/baseline_s7_curve.csv
Using the latest cached version of the dataset since glue couldn't be found on the Hugging Face Hub (offline mode is enabled).
Found the latest cached dataset configuration 'rte' at /home/zhujjing/hf_cache/datasets/glue/rte/0.0.0/bcdcba79d07bc864c1c254ccfcedcce55bcc9a8c (last modified on Thu Mar 19 15:00:36 2026).
/home/zhujjing/anaconda3/envs/moe/lib/python3.10/site-packages/transformers/utils/hub.py:124: FutureWarning: Using `TRANSFORMERS_CACHE` is deprecated and will be removed in v5 of Transformers. Use `HF_HOME` instead.
  warnings.warn(
Some weights of RobertaModel were not initialized from the model checkpoint at roberta-base and are newly initialized: ['roberta.pooler.dense.bias', 'roberta.pooler.dense.weight']
You should probably TRAIN this model on a down-stream task to be able to use it for predictions and inference.
[step 0001/1000] method=baseline_avg loss=0.6934 train_acc=nan train_loss=nan val_acc=nan val_loss=nan best=-1.0000
[step 0010/1000] method=baseline_avg loss=0.6872 train_acc=nan train_loss=nan val_acc=nan val_loss=nan best=-1.0000
[step 0020/1000] method=baseline_avg loss=0.6756 train_acc=nan train_loss=nan val_acc=nan val_loss=nan best=-1.0000
[step 0030/1000] method=baseline_avg loss=0.7141 train_acc=nan train_loss=nan val_acc=nan val_loss=nan best=-1.0000
[step 0040/1000] method=baseline_avg loss=0.7055 train_acc=nan train_loss=nan val_acc=nan val_loss=nan best=-1.0000
[step 0050/1000] method=baseline_avg loss=0.7206 train_acc=0.6349 train_loss=0.6694 val_acc=0.5921 val_loss=0.6741 router_H=0.6896 best=0.5921
           router_load=[0.5401138067245483, 0.0, 0.31659218668937683, 0.1432940661907196]
[step 0060/1000] method=baseline_avg loss=0.6163 train_acc=0.6349 train_loss=0.6694 val_acc=0.5921 val_loss=0.6741 router_H=0.6896 best=0.5921
           router_load=[0.5401138067245483, 0.0, 0.31659218668937683, 0.1432940661907196]
[step 0070/1000] method=baseline_avg loss=0.6937 train_acc=0.6349 train_loss=0.6694 val_acc=0.5921 val_loss=0.6741 router_H=0.6896 best=0.5921
           router_load=[0.5401138067245483, 0.0, 0.31659218668937683, 0.1432940661907196]
[step 0080/1000] method=baseline_avg loss=0.6956 train_acc=0.6349 train_loss=0.6694 val_acc=0.5921 val_loss=0.6741 router_H=0.6896 best=0.5921
           router_load=[0.5401138067245483, 0.0, 0.31659218668937683, 0.1432940661907196]
[step 0090/1000] method=baseline_avg loss=0.6978 train_acc=0.6349 train_loss=0.6694 val_acc=0.5921 val_loss=0.6741 router_H=0.6896 best=0.5921
           router_load=[0.5401138067245483, 0.0, 0.31659218668937683, 0.1432940661907196]
[step 0100/1000] method=baseline_avg loss=0.6515 train_acc=0.6960 train_loss=0.6408 val_acc=0.6390 val_loss=0.6600 router_H=0.6887 best=0.6390
           router_load=[0.5457419157028198, 0.0, 0.2549693286418915, 0.1992887258529663]
[step 0110/1000] method=baseline_avg loss=0.6396 train_acc=0.6960 train_loss=0.6408 val_acc=0.6390 val_loss=0.6600 router_H=0.6887 best=0.6390
           router_load=[0.5457419157028198, 0.0, 0.2549693286418915, 0.1992887258529663]
[step 0120/1000] method=baseline_avg loss=0.6102 train_acc=0.6960 train_loss=0.6408 val_acc=0.6390 val_loss=0.6600 router_H=0.6887 best=0.6390
           router_load=[0.5457419157028198, 0.0, 0.2549693286418915, 0.1992887258529663]
[step 0130/1000] method=baseline_avg loss=0.5610 train_acc=0.6960 train_loss=0.6408 val_acc=0.6390 val_loss=0.6600 router_H=0.6887 best=0.6390
           router_load=[0.5457419157028198, 0.0, 0.2549693286418915, 0.1992887258529663]
[step 0140/1000] method=baseline_avg loss=0.6602 train_acc=0.6960 train_loss=0.6408 val_acc=0.6390 val_loss=0.6600 router_H=0.6887 best=0.6390
           router_load=[0.5457419157028198, 0.0, 0.2549693286418915, 0.1992887258529663]
[step 0150/1000] method=baseline_avg loss=0.6011 train_acc=0.7317 train_loss=0.5462 val_acc=0.6715 val_loss=0.6038 router_H=0.6851 best=0.6715
           router_load=[0.5611534118652344, 0.0, 0.10899020731449127, 0.32985633611679077]
[step 0160/1000] method=baseline_avg loss=0.5429 train_acc=0.7317 train_loss=0.5462 val_acc=0.6715 val_loss=0.6038 router_H=0.6851 best=0.6715
           router_load=[0.5611534118652344, 0.0, 0.10899020731449127, 0.32985633611679077]
[step 0170/1000] method=baseline_avg loss=0.5779 train_acc=0.7317 train_loss=0.5462 val_acc=0.6715 val_loss=0.6038 router_H=0.6851 best=0.6715
           router_load=[0.5611534118652344, 0.0, 0.10899020731449127, 0.32985633611679077]
[step 0180/1000] method=baseline_avg loss=0.5480 train_acc=0.7317 train_loss=0.5462 val_acc=0.6715 val_loss=0.6038 router_H=0.6851 best=0.6715
           router_load=[0.5611534118652344, 0.0, 0.10899020731449127, 0.32985633611679077]
[step 0190/1000] method=baseline_avg loss=0.5127 train_acc=0.7317 train_loss=0.5462 val_acc=0.6715 val_loss=0.6038 router_H=0.6851 best=0.6715
           router_load=[0.5611534118652344, 0.0, 0.10899020731449127, 0.32985633611679077]
[step 0200/1000] method=baseline_avg loss=0.4042 train_acc=0.7944 train_loss=0.4546 val_acc=0.6931 val_loss=0.6848 router_H=0.6811 best=0.6931
           router_load=[0.5691328048706055, 0.09299362450838089, 0.15691399574279785, 0.1809595376253128]
[step 0210/1000] method=baseline_avg loss=0.5875 train_acc=0.7944 train_loss=0.4546 val_acc=0.6931 val_loss=0.6848 router_H=0.6811 best=0.6931
           router_load=[0.5691328048706055, 0.09299362450838089, 0.15691399574279785, 0.1809595376253128]
[step 0220/1000] method=baseline_avg loss=0.5286 train_acc=0.7944 train_loss=0.4546 val_acc=0.6931 val_loss=0.6848 router_H=0.6811 best=0.6931
           router_load=[0.5691328048706055, 0.09299362450838089, 0.15691399574279785, 0.1809595376253128]
[step 0230/1000] method=baseline_avg loss=0.2837 train_acc=0.7944 train_loss=0.4546 val_acc=0.6931 val_loss=0.6848 router_H=0.6811 best=0.6931
           router_load=[0.5691328048706055, 0.09299362450838089, 0.15691399574279785, 0.1809595376253128]
[step 0240/1000] method=baseline_avg loss=0.3122 train_acc=0.7944 train_loss=0.4546 val_acc=0.6931 val_loss=0.6848 router_H=0.6811 best=0.6931
           router_load=[0.5691328048706055, 0.09299362450838089, 0.15691399574279785, 0.1809595376253128]
[step 0250/1000] method=baseline_avg loss=0.4074 train_acc=0.8594 train_loss=0.3450 val_acc=0.7365 val_loss=0.5401 router_H=0.6815 best=0.7365
           router_load=[0.569441020488739, 0.03667262941598892, 0.12879151105880737, 0.2650948166847229]
[step 0260/1000] method=baseline_avg loss=0.4399 train_acc=0.8594 train_loss=0.3450 val_acc=0.7365 val_loss=0.5401 router_H=0.6815 best=0.7365
           router_load=[0.569441020488739, 0.03667262941598892, 0.12879151105880737, 0.2650948166847229]
[step 0270/1000] method=baseline_avg loss=0.8290 train_acc=0.8594 train_loss=0.3450 val_acc=0.7365 val_loss=0.5401 router_H=0.6815 best=0.7365
           router_load=[0.569441020488739, 0.03667262941598892, 0.12879151105880737, 0.2650948166847229]
[step 0280/1000] method=baseline_avg loss=0.5221 train_acc=0.8594 train_loss=0.3450 val_acc=0.7365 val_loss=0.5401 router_H=0.6815 best=0.7365
           router_load=[0.569441020488739, 0.03667262941598892, 0.12879151105880737, 0.2650948166847229]
[step 0290/1000] method=baseline_avg loss=0.8083 train_acc=0.8594 train_loss=0.3450 val_acc=0.7365 val_loss=0.5401 router_H=0.6815 best=0.7365
           router_load=[0.569441020488739, 0.03667262941598892, 0.12879151105880737, 0.2650948166847229]
[step 0300/1000] method=baseline_avg loss=0.5623 train_acc=0.7671 train_loss=0.4754 val_acc=0.6823 val_loss=0.7722 router_H=0.6753 best=0.7365
           router_load=[0.5860955715179443, 0.00921023078262806, 0.11686966568231583, 0.28782448172569275]
[step 0310/1000] method=baseline_avg loss=0.5480 train_acc=0.7671 train_loss=0.4754 val_acc=0.6823 val_loss=0.7722 router_H=0.6753 best=0.7365
           router_load=[0.5860955715179443, 0.00921023078262806, 0.11686966568231583, 0.28782448172569275]
[step 0320/1000] method=baseline_avg loss=0.2464 train_acc=0.7671 train_loss=0.4754 val_acc=0.6823 val_loss=0.7722 router_H=0.6753 best=0.7365
           router_load=[0.5860955715179443, 0.00921023078262806, 0.11686966568231583, 0.28782448172569275]
[step 0330/1000] method=baseline_avg loss=0.3253 train_acc=0.7671 train_loss=0.4754 val_acc=0.6823 val_loss=0.7722 router_H=0.6753 best=0.7365
           router_load=[0.5860955715179443, 0.00921023078262806, 0.11686966568231583, 0.28782448172569275]
[step 0340/1000] method=baseline_avg loss=0.3913 train_acc=0.7671 train_loss=0.4754 val_acc=0.6823 val_loss=0.7722 router_H=0.6753 best=0.7365
           router_load=[0.5860955715179443, 0.00921023078262806, 0.11686966568231583, 0.28782448172569275]
[step 0350/1000] method=baseline_avg loss=0.1420 train_acc=0.9112 train_loss=0.2214 val_acc=0.7112 val_loss=0.8016 router_H=0.6738 best=0.7365
           router_load=[0.5764011740684509, 0.13514289259910583, 0.1461438685655594, 0.14231209456920624]
[step 0360/1000] method=baseline_avg loss=0.1599 train_acc=0.9112 train_loss=0.2214 val_acc=0.7112 val_loss=0.8016 router_H=0.6738 best=0.7365
           router_load=[0.5764011740684509, 0.13514289259910583, 0.1461438685655594, 0.14231209456920624]
[step 0370/1000] method=baseline_avg loss=0.4015 train_acc=0.9112 train_loss=0.2214 val_acc=0.7112 val_loss=0.8016 router_H=0.6738 best=0.7365
           router_load=[0.5764011740684509, 0.13514289259910583, 0.1461438685655594, 0.14231209456920624]
[step 0380/1000] method=baseline_avg loss=0.5140 train_acc=0.9112 train_loss=0.2214 val_acc=0.7112 val_loss=0.8016 router_H=0.6738 best=0.7365
           router_load=[0.5764011740684509, 0.13514289259910583, 0.1461438685655594, 0.14231209456920624]
[step 0390/1000] method=baseline_avg loss=0.2620 train_acc=0.9112 train_loss=0.2214 val_acc=0.7112 val_loss=0.8016 router_H=0.6738 best=0.7365
           router_load=[0.5764011740684509, 0.13514289259910583, 0.1461438685655594, 0.14231209456920624]
[step 0400/1000] method=baseline_avg loss=0.1432 train_acc=0.9129 train_loss=0.2155 val_acc=0.7401 val_loss=0.7155 router_H=0.6794 best=0.7401
           router_load=[0.5557327270507812, 0.06733551621437073, 0.2563613951206207, 0.12057030946016312]
[step 0410/1000] method=baseline_avg loss=0.4858 train_acc=0.9129 train_loss=0.2155 val_acc=0.7401 val_loss=0.7155 router_H=0.6794 best=0.7401
           router_load=[0.5557327270507812, 0.06733551621437073, 0.2563613951206207, 0.12057030946016312]
[step 0420/1000] method=baseline_avg loss=0.2868 train_acc=0.9129 train_loss=0.2155 val_acc=0.7401 val_loss=0.7155 router_H=0.6794 best=0.7401
           router_load=[0.5557327270507812, 0.06733551621437073, 0.2563613951206207, 0.12057030946016312]
[step 0430/1000] method=baseline_avg loss=0.3331 train_acc=0.9129 train_loss=0.2155 val_acc=0.7401 val_loss=0.7155 router_H=0.6794 best=0.7401
           router_load=[0.5557327270507812, 0.06733551621437073, 0.2563613951206207, 0.12057030946016312]
[step 0440/1000] method=baseline_avg loss=0.3635 train_acc=0.9129 train_loss=0.2155 val_acc=0.7401 val_loss=0.7155 router_H=0.6794 best=0.7401
           router_load=[0.5557327270507812, 0.06733551621437073, 0.2563613951206207, 0.12057030946016312]
[step 0450/1000] method=baseline_avg loss=0.2923 train_acc=0.9028 train_loss=0.2391 val_acc=0.7509 val_loss=0.7918 router_H=0.6752 best=0.7509
           router_load=[0.5855494737625122, 0.02515253610908985, 0.21536791324615479, 0.1739300638437271]
[step 0460/1000] method=baseline_avg loss=0.5287 train_acc=0.9028 train_loss=0.2391 val_acc=0.7509 val_loss=0.7918 router_H=0.6752 best=0.7509
           router_load=[0.5855494737625122, 0.02515253610908985, 0.21536791324615479, 0.1739300638437271]
[step 0470/1000] method=baseline_avg loss=0.1218 train_acc=0.9028 train_loss=0.2391 val_acc=0.7509 val_loss=0.7918 router_H=0.6752 best=0.7509
           router_load=[0.5855494737625122, 0.02515253610908985, 0.21536791324615479, 0.1739300638437271]
[step 0480/1000] method=baseline_avg loss=0.4929 train_acc=0.9028 train_loss=0.2391 val_acc=0.7509 val_loss=0.7918 router_H=0.6752 best=0.7509
           router_load=[0.5855494737625122, 0.02515253610908985, 0.21536791324615479, 0.1739300638437271]
[step 0490/1000] method=baseline_avg loss=0.0467 train_acc=0.9028 train_loss=0.2391 val_acc=0.7509 val_loss=0.7918 router_H=0.6752 best=0.7509
           router_load=[0.5855494737625122, 0.02515253610908985, 0.21536791324615479, 0.1739300638437271]
[step 0500/1000] method=baseline_avg loss=0.5488 train_acc=0.9663 train_loss=0.0891 val_acc=0.7401 val_loss=1.0750 router_H=0.6727 best=0.7509
           router_load=[0.5713882446289062, 0.14210768043994904, 0.15452253818511963, 0.1319815069437027]
[step 0510/1000] method=baseline_avg loss=0.0189 train_acc=0.9663 train_loss=0.0891 val_acc=0.7401 val_loss=1.0750 router_H=0.6727 best=0.7509
           router_load=[0.5713882446289062, 0.14210768043994904, 0.15452253818511963, 0.1319815069437027]
[step 0520/1000] method=baseline_avg loss=0.3283 train_acc=0.9663 train_loss=0.0891 val_acc=0.7401 val_loss=1.0750 router_H=0.6727 best=0.7509
           router_load=[0.5713882446289062, 0.14210768043994904, 0.15452253818511963, 0.1319815069437027]
[step 0530/1000] method=baseline_avg loss=0.3606 train_acc=0.9663 train_loss=0.0891 val_acc=0.7401 val_loss=1.0750 router_H=0.6727 best=0.7509
           router_load=[0.5713882446289062, 0.14210768043994904, 0.15452253818511963, 0.1319815069437027]
[step 0540/1000] method=baseline_avg loss=0.1390 train_acc=0.9663 train_loss=0.0891 val_acc=0.7401 val_loss=1.0750 router_H=0.6727 best=0.7509
           router_load=[0.5713882446289062, 0.14210768043994904, 0.15452253818511963, 0.1319815069437027]
[step 0550/1000] method=baseline_avg loss=0.3259 train_acc=0.9450 train_loss=0.2123 val_acc=0.7292 val_loss=1.2841 router_H=0.6681 best=0.7509
           router_load=[0.5763996839523315, 0.10189148783683777, 0.17627264559268951, 0.14543621242046356]
[step 0560/1000] method=baseline_avg loss=0.1323 train_acc=0.9450 train_loss=0.2123 val_acc=0.7292 val_loss=1.2841 router_H=0.6681 best=0.7509
           router_load=[0.5763996839523315, 0.10189148783683777, 0.17627264559268951, 0.14543621242046356]
[step 0570/1000] method=baseline_avg loss=0.0572 train_acc=0.9450 train_loss=0.2123 val_acc=0.7292 val_loss=1.2841 router_H=0.6681 best=0.7509
           router_load=[0.5763996839523315, 0.10189148783683777, 0.17627264559268951, 0.14543621242046356]
[step 0580/1000] method=baseline_avg loss=0.0920 train_acc=0.9450 train_loss=0.2123 val_acc=0.7292 val_loss=1.2841 router_H=0.6681 best=0.7509
           router_load=[0.5763996839523315, 0.10189148783683777, 0.17627264559268951, 0.14543621242046356]
[step 0590/1000] method=baseline_avg loss=0.1966 train_acc=0.9450 train_loss=0.2123 val_acc=0.7292 val_loss=1.2841 router_H=0.6681 best=0.7509
           router_load=[0.5763996839523315, 0.10189148783683777, 0.17627264559268951, 0.14543621242046356]
[step 0600/1000] method=baseline_avg loss=0.3746 train_acc=0.9791 train_loss=0.0647 val_acc=0.7401 val_loss=1.0036 router_H=0.6741 best=0.7509
           router_load=[0.5340570211410522, 0.11708781868219376, 0.08757656812667847, 0.26127859950065613]
[step 0610/1000] method=baseline_avg loss=0.1943 train_acc=0.9791 train_loss=0.0647 val_acc=0.7401 val_loss=1.0036 router_H=0.6741 best=0.7509
           router_load=[0.5340570211410522, 0.11708781868219376, 0.08757656812667847, 0.26127859950065613]
[step 0620/1000] method=baseline_avg loss=0.0544 train_acc=0.9791 train_loss=0.0647 val_acc=0.7401 val_loss=1.0036 router_H=0.6741 best=0.7509
           router_load=[0.5340570211410522, 0.11708781868219376, 0.08757656812667847, 0.26127859950065613]
[step 0630/1000] method=baseline_avg loss=0.0725 train_acc=0.9791 train_loss=0.0647 val_acc=0.7401 val_loss=1.0036 router_H=0.6741 best=0.7509
           router_load=[0.5340570211410522, 0.11708781868219376, 0.08757656812667847, 0.26127859950065613]
[step 0640/1000] method=baseline_avg loss=0.1604 train_acc=0.9791 train_loss=0.0647 val_acc=0.7401 val_loss=1.0036 router_H=0.6741 best=0.7509
           router_load=[0.5340570211410522, 0.11708781868219376, 0.08757656812667847, 0.26127859950065613]
[step 0650/1000] method=baseline_avg loss=0.0125 train_acc=0.9771 train_loss=0.0807 val_acc=0.7292 val_loss=1.7129 router_H=0.6669 best=0.7509
           router_load=[0.5270912051200867, 0.1551986187696457, 0.10616760700941086, 0.21154259145259857]
[step 0660/1000] method=baseline_avg loss=0.0093 train_acc=0.9771 train_loss=0.0807 val_acc=0.7292 val_loss=1.7129 router_H=0.6669 best=0.7509
           router_load=[0.5270912051200867, 0.1551986187696457, 0.10616760700941086, 0.21154259145259857]
[step 0670/1000] method=baseline_avg loss=0.0090 train_acc=0.9771 train_loss=0.0807 val_acc=0.7292 val_loss=1.7129 router_H=0.6669 best=0.7509
           router_load=[0.5270912051200867, 0.1551986187696457, 0.10616760700941086, 0.21154259145259857]
[step 0680/1000] method=baseline_avg loss=0.0148 train_acc=0.9771 train_loss=0.0807 val_acc=0.7292 val_loss=1.7129 router_H=0.6669 best=0.7509
           router_load=[0.5270912051200867, 0.1551986187696457, 0.10616760700941086, 0.21154259145259857]
[step 0690/1000] method=baseline_avg loss=0.0010 train_acc=0.9771 train_loss=0.0807 val_acc=0.7292 val_loss=1.7129 router_H=0.6669 best=0.7509
           router_load=[0.5270912051200867, 0.1551986187696457, 0.10616760700941086, 0.21154259145259857]
[step 0700/1000] method=baseline_avg loss=1.0674 train_acc=0.9767 train_loss=0.0974 val_acc=0.7220 val_loss=1.9028 router_H=0.6706 best=0.7509
           router_load=[0.48826396465301514, 0.1648125797510147, 0.08443966507911682, 0.26248371601104736]
[step 0710/1000] method=baseline_avg loss=0.0207 train_acc=0.9767 train_loss=0.0974 val_acc=0.7220 val_loss=1.9028 router_H=0.6706 best=0.7509
           router_load=[0.48826396465301514, 0.1648125797510147, 0.08443966507911682, 0.26248371601104736]
[step 0720/1000] method=baseline_avg loss=0.1104 train_acc=0.9767 train_loss=0.0974 val_acc=0.7220 val_loss=1.9028 router_H=0.6706 best=0.7509
           router_load=[0.48826396465301514, 0.1648125797510147, 0.08443966507911682, 0.26248371601104736]
[step 0730/1000] method=baseline_avg loss=0.1162 train_acc=0.9767 train_loss=0.0974 val_acc=0.7220 val_loss=1.9028 router_H=0.6706 best=0.7509
           router_load=[0.48826396465301514, 0.1648125797510147, 0.08443966507911682, 0.26248371601104736]
[step 0740/1000] method=baseline_avg loss=1.3711 train_acc=0.9767 train_loss=0.0974 val_acc=0.7220 val_loss=1.9028 router_H=0.6706 best=0.7509
           router_load=[0.48826396465301514, 0.1648125797510147, 0.08443966507911682, 0.26248371601104736]
[step 0750/1000] method=baseline_avg loss=0.0109 train_acc=0.9735 train_loss=0.1074 val_acc=0.7220 val_loss=1.4622 router_H=0.6811 best=0.7509
           router_load=[0.34552380442619324, 0.2911767065525055, 0.00969985406845808, 0.3535996973514557]
[step 0760/1000] method=baseline_avg loss=0.2399 train_acc=0.9735 train_loss=0.1074 val_acc=0.7220 val_loss=1.4622 router_H=0.6811 best=0.7509
           router_load=[0.34552380442619324, 0.2911767065525055, 0.00969985406845808, 0.3535996973514557]
[step 0770/1000] method=baseline_avg loss=0.4373 train_acc=0.9735 train_loss=0.1074 val_acc=0.7220 val_loss=1.4622 router_H=0.6811 best=0.7509
           router_load=[0.34552380442619324, 0.2911767065525055, 0.00969985406845808, 0.3535996973514557]
[step 0780/1000] method=baseline_avg loss=0.0161 train_acc=0.9735 train_loss=0.1074 val_acc=0.7220 val_loss=1.4622 router_H=0.6811 best=0.7509
           router_load=[0.34552380442619324, 0.2911767065525055, 0.00969985406845808, 0.3535996973514557]
[step 0790/1000] method=baseline_avg loss=0.3948 train_acc=0.9735 train_loss=0.1074 val_acc=0.7220 val_loss=1.4622 router_H=0.6811 best=0.7509
           router_load=[0.34552380442619324, 0.2911767065525055, 0.00969985406845808, 0.3535996973514557]
[step 0800/1000] method=baseline_avg loss=0.3379 train_acc=0.9747 train_loss=0.1033 val_acc=0.7473 val_loss=1.7871 router_H=0.6750 best=0.7509
           router_load=[0.541063666343689, 0.14524058997631073, 0.10464166104793549, 0.2090541422367096]
[step 0810/1000] method=baseline_avg loss=0.5213 train_acc=0.9747 train_loss=0.1033 val_acc=0.7473 val_loss=1.7871 router_H=0.6750 best=0.7509
           router_load=[0.541063666343689, 0.14524058997631073, 0.10464166104793549, 0.2090541422367096]
[step 0820/1000] method=baseline_avg loss=0.6783 train_acc=0.9747 train_loss=0.1033 val_acc=0.7473 val_loss=1.7871 router_H=0.6750 best=0.7509
           router_load=[0.541063666343689, 0.14524058997631073, 0.10464166104793549, 0.2090541422367096]
[step 0830/1000] method=baseline_avg loss=0.0683 train_acc=0.9747 train_loss=0.1033 val_acc=0.7473 val_loss=1.7871 router_H=0.6750 best=0.7509
           router_load=[0.541063666343689, 0.14524058997631073, 0.10464166104793549, 0.2090541422367096]
[step 0840/1000] method=baseline_avg loss=0.0009 train_acc=0.9747 train_loss=0.1033 val_acc=0.7473 val_loss=1.7871 router_H=0.6750 best=0.7509
           router_load=[0.541063666343689, 0.14524058997631073, 0.10464166104793549, 0.2090541422367096]
[step 0850/1000] method=baseline_avg loss=0.3233 train_acc=0.9912 train_loss=0.0372 val_acc=0.7365 val_loss=1.5775 router_H=0.6846 best=0.7509
           router_load=[0.3407953381538391, 0.24054348468780518, 0.13481281697750092, 0.28384843468666077]
[step 0860/1000] method=baseline_avg loss=0.1572 train_acc=0.9912 train_loss=0.0372 val_acc=0.7365 val_loss=1.5775 router_H=0.6846 best=0.7509
           router_load=[0.3407953381538391, 0.24054348468780518, 0.13481281697750092, 0.28384843468666077]
[step 0870/1000] method=baseline_avg loss=0.3533 train_acc=0.9912 train_loss=0.0372 val_acc=0.7365 val_loss=1.5775 router_H=0.6846 best=0.7509
           router_load=[0.3407953381538391, 0.24054348468780518, 0.13481281697750092, 0.28384843468666077]
[step 0880/1000] method=baseline_avg loss=0.0172 train_acc=0.9912 train_loss=0.0372 val_acc=0.7365 val_loss=1.5775 router_H=0.6846 best=0.7509
           router_load=[0.3407953381538391, 0.24054348468780518, 0.13481281697750092, 0.28384843468666077]
[step 0890/1000] method=baseline_avg loss=0.0483 train_acc=0.9912 train_loss=0.0372 val_acc=0.7365 val_loss=1.5775 router_H=0.6846 best=0.7509
           router_load=[0.3407953381538391, 0.24054348468780518, 0.13481281697750092, 0.28384843468666077]
[step 0900/1000] method=baseline_avg loss=0.0001 train_acc=0.9928 train_loss=0.0332 val_acc=0.7365 val_loss=1.8016 router_H=0.6850 best=0.7509
           router_load=[0.3848053216934204, 0.1767181158065796, 0.13086925446987152, 0.3076072931289673]
[step 0910/1000] method=baseline_avg loss=0.0008 train_acc=0.9928 train_loss=0.0332 val_acc=0.7365 val_loss=1.8016 router_H=0.6850 best=0.7509
           router_load=[0.3848053216934204, 0.1767181158065796, 0.13086925446987152, 0.3076072931289673]
[step 0920/1000] method=baseline_avg loss=0.0130 train_acc=0.9928 train_loss=0.0332 val_acc=0.7365 val_loss=1.8016 router_H=0.6850 best=0.7509
           router_load=[0.3848053216934204, 0.1767181158065796, 0.13086925446987152, 0.3076072931289673]
[step 0930/1000] method=baseline_avg loss=0.0006 train_acc=0.9928 train_loss=0.0332 val_acc=0.7365 val_loss=1.8016 router_H=0.6850 best=0.7509
           router_load=[0.3848053216934204, 0.1767181158065796, 0.13086925446987152, 0.3076072931289673]
[step 0940/1000] method=baseline_avg loss=0.0003 train_acc=0.9928 train_loss=0.0332 val_acc=0.7365 val_loss=1.8016 router_H=0.6850 best=0.7509
           router_load=[0.3848053216934204, 0.1767181158065796, 0.13086925446987152, 0.3076072931289673]
[step 0950/1000] method=baseline_avg loss=0.0002 train_acc=0.9936 train_loss=0.0343 val_acc=0.7112 val_loss=2.2946 router_H=0.6867 best=0.7509
           router_load=[0.322400838136673, 0.22756098210811615, 0.18345984816551208, 0.26657840609550476]
[step 0960/1000] method=baseline_avg loss=0.0003 train_acc=0.9936 train_loss=0.0343 val_acc=0.7112 val_loss=2.2946 router_H=0.6867 best=0.7509
           router_load=[0.322400838136673, 0.22756098210811615, 0.18345984816551208, 0.26657840609550476]
[step 0970/1000] method=baseline_avg loss=0.0000 train_acc=0.9936 train_loss=0.0343 val_acc=0.7112 val_loss=2.2946 router_H=0.6867 best=0.7509
           router_load=[0.322400838136673, 0.22756098210811615, 0.18345984816551208, 0.26657840609550476]
[step 0980/1000] method=baseline_avg loss=0.3384 train_acc=0.9936 train_loss=0.0343 val_acc=0.7112 val_loss=2.2946 router_H=0.6867 best=0.7509
           router_load=[0.322400838136673, 0.22756098210811615, 0.18345984816551208, 0.26657840609550476]
[step 0990/1000] method=baseline_avg loss=0.0000 train_acc=0.9936 train_loss=0.0343 val_acc=0.7112 val_loss=2.2946 router_H=0.6867 best=0.7509
           router_load=[0.322400838136673, 0.22756098210811615, 0.18345984816551208, 0.26657840609550476]
[step 1000/1000] method=baseline_avg loss=0.0000 train_acc=0.9908 train_loss=0.0543 val_acc=0.7220 val_loss=2.5808 router_H=0.6876 best=0.7509
           router_load=[0.374544233083725, 0.16207677125930786, 0.22070088982582092, 0.24267806112766266]
saved summary -> /home/zhujjing/MOE-grad-conflict-routing/runs/paper_suite/single_gpu/single_task/roberta_rte_lora_e4_k2/final/baseline_s7.json
saved curve -> /home/zhujjing/MOE-grad-conflict-routing/runs/paper_suite/single_gpu/single_task/roberta_rte_lora_e4_k2/final/baseline_s7_curve.csv
