[run] method=ours candidate=coord_03_train_grad_clip_021 seed=2 steps=150 gpu=0
[run] cmd=
/home/zhujjing/anaconda3/envs/moe/bin/python /home/zhujjing/MOE-grad-conflict-routing/scripts/run.py --config configs/singletask_rte_real.yaml --set model.backbone_backend=hf --set model.hf_load_pretrained=true --set model.backbone=roberta --set model.hf_pretrained_name=roberta-base --set model.expert_type=lora --set model.routing_mode=topk --set model.num_experts=4 --set model.top_k=2 --set seed=2 --set method.name=ours --set train.steps=150 --set train.eval_every_steps=50 --set method.ours.use_load_norm=true --set method.ours.lambda_align=0.001 --set train.grad_clip=0.5039649002 --set train.lr=2.521629285e-05 --set train.weight_decay=0.04145867636 --out /home/zhujjing/MOE-grad-conflict-routing/runs/paper_suite/single_gpu/single_task/roberta_rte_lora_e4_k2/hpo/ours/trial_runs/coord_03_train_grad_clip_021/ours_s2.json --curve_out /home/zhujjing/MOE-grad-conflict-routing/runs/paper_suite/single_gpu/single_task/roberta_rte_lora_e4_k2/hpo/ours/trial_runs/coord_03_train_grad_clip_021/ours_s2_curve.csv
Using the latest cached version of the dataset since glue couldn't be found on the Hugging Face Hub (offline mode is enabled).
Found the latest cached dataset configuration 'rte' at /home/zhujjing/hf_cache/datasets/glue/rte/0.0.0/bcdcba79d07bc864c1c254ccfcedcce55bcc9a8c (last modified on Thu Mar 19 15:00:36 2026).
/home/zhujjing/anaconda3/envs/moe/lib/python3.10/site-packages/transformers/utils/hub.py:124: FutureWarning: Using `TRANSFORMERS_CACHE` is deprecated and will be removed in v5 of Transformers. Use `HF_HOME` instead.
  warnings.warn(
Some weights of RobertaModel were not initialized from the model checkpoint at roberta-base and are newly initialized: ['roberta.pooler.dense.bias', 'roberta.pooler.dense.weight']
You should probably TRAIN this model on a down-stream task to be able to use it for predictions and inference.
[step 0001/150] method=ours loss=0.7013 train_acc=nan train_loss=nan val_acc=nan val_loss=nan best=-1.0000
[step 0010/150] method=ours loss=0.9248 train_acc=nan train_loss=nan val_acc=nan val_loss=nan best=-1.0000
[step 0020/150] method=ours loss=0.6880 train_acc=nan train_loss=nan val_acc=nan val_loss=nan best=-1.0000
[step 0030/150] method=ours loss=0.7205 train_acc=nan train_loss=nan val_acc=nan val_loss=nan best=-1.0000
[step 0040/150] method=ours loss=0.7042 train_acc=nan train_loss=nan val_acc=nan val_loss=nan best=-1.0000
[step 0050/150] method=ours loss=0.5789 train_acc=0.5265 train_loss=0.6758 val_acc=0.5162 val_loss=0.6761 router_H=0.6928 best=0.5162
           router_load=[0.35312923789024353, 0.0, 0.37295985221862793, 0.27391090989112854]
[step 0060/150] method=ours loss=0.6268 train_acc=0.5265 train_loss=0.6758 val_acc=0.5162 val_loss=0.6761 router_H=0.6928 best=0.5162
           router_load=[0.35312923789024353, 0.0, 0.37295985221862793, 0.27391090989112854]
[step 0070/150] method=ours loss=0.7022 train_acc=0.5265 train_loss=0.6758 val_acc=0.5162 val_loss=0.6761 router_H=0.6928 best=0.5162
           router_load=[0.35312923789024353, 0.0, 0.37295985221862793, 0.27391090989112854]
[step 0080/150] method=ours loss=0.6398 train_acc=0.5265 train_loss=0.6758 val_acc=0.5162 val_loss=0.6761 router_H=0.6928 best=0.5162
           router_load=[0.35312923789024353, 0.0, 0.37295985221862793, 0.27391090989112854]
[step 0090/150] method=ours loss=0.7038 train_acc=0.5265 train_loss=0.6758 val_acc=0.5162 val_loss=0.6761 router_H=0.6928 best=0.5162
           router_load=[0.35312923789024353, 0.0, 0.37295985221862793, 0.27391090989112854]
[step 0100/150] method=ours loss=0.6411 train_acc=0.7120 train_loss=0.6040 val_acc=0.6498 val_loss=0.6364 router_H=0.6926 best=0.6498
           router_load=[0.3477681577205658, 0.0, 0.3669053316116333, 0.28532662987709045]
[step 0110/150] method=ours loss=0.6109 train_acc=0.7120 train_loss=0.6040 val_acc=0.6498 val_loss=0.6364 router_H=0.6926 best=0.6498
           router_load=[0.3477681577205658, 0.0, 0.3669053316116333, 0.28532662987709045]
[step 0120/150] method=ours loss=0.5513 train_acc=0.7120 train_loss=0.6040 val_acc=0.6498 val_loss=0.6364 router_H=0.6926 best=0.6498
           router_load=[0.3477681577205658, 0.0, 0.3669053316116333, 0.28532662987709045]
[step 0130/150] method=ours loss=0.6559 train_acc=0.7120 train_loss=0.6040 val_acc=0.6498 val_loss=0.6364 router_H=0.6926 best=0.6498
           router_load=[0.3477681577205658, 0.0, 0.3669053316116333, 0.28532662987709045]
[step 0140/150] method=ours loss=0.7059 train_acc=0.7120 train_loss=0.6040 val_acc=0.6498 val_loss=0.6364 router_H=0.6926 best=0.6498
           router_load=[0.3477681577205658, 0.0, 0.3669053316116333, 0.28532662987709045]
[step 0150/150] method=ours loss=0.6614 train_acc=0.7618 train_loss=0.5958 val_acc=0.6823 val_loss=0.6375 router_H=0.6927 best=0.6823
           router_load=[0.45222076773643494, 0.0, 0.47286292910575867, 0.07491638511419296]
saved summary -> /home/zhujjing/MOE-grad-conflict-routing/runs/paper_suite/single_gpu/single_task/roberta_rte_lora_e4_k2/hpo/ours/trial_runs/coord_03_train_grad_clip_021/ours_s2.json
saved curve -> /home/zhujjing/MOE-grad-conflict-routing/runs/paper_suite/single_gpu/single_task/roberta_rte_lora_e4_k2/hpo/ours/trial_runs/coord_03_train_grad_clip_021/ours_s2_curve.csv
