[run] method=ours candidate=coord_03_train_grad_clip_000 seed=2 steps=150 gpu=0
[run] cmd=
/home/zhujjing/anaconda3/envs/moe/bin/python /home/zhujjing/MOE-grad-conflict-routing/scripts/run.py --config configs/singletask_rte_real.yaml --set model.backbone_backend=hf --set model.hf_load_pretrained=true --set model.backbone=roberta --set model.hf_pretrained_name=roberta-base --set model.expert_type=lora --set model.routing_mode=topk --set model.num_experts=4 --set model.top_k=2 --set seed=2 --set method.name=ours --set train.steps=150 --set train.eval_every_steps=50 --set method.ours.use_load_norm=true --set method.ours.lambda_align=0.001 --set train.grad_clip=1.516011677 --set train.lr=2.521629285e-05 --set train.weight_decay=0.04145867636 --out /home/zhujjing/MOE-grad-conflict-routing/runs/paper_suite/single_gpu/single_task/roberta_rte_lora_e4_k2/hpo/ours/trial_runs/coord_03_train_grad_clip_000/ours_s2.json --curve_out /home/zhujjing/MOE-grad-conflict-routing/runs/paper_suite/single_gpu/single_task/roberta_rte_lora_e4_k2/hpo/ours/trial_runs/coord_03_train_grad_clip_000/ours_s2_curve.csv
Using the latest cached version of the dataset since glue couldn't be found on the Hugging Face Hub (offline mode is enabled).
Found the latest cached dataset configuration 'rte' at /home/zhujjing/hf_cache/datasets/glue/rte/0.0.0/bcdcba79d07bc864c1c254ccfcedcce55bcc9a8c (last modified on Thu Mar 19 15:00:36 2026).
/home/zhujjing/anaconda3/envs/moe/lib/python3.10/site-packages/transformers/utils/hub.py:124: FutureWarning: Using `TRANSFORMERS_CACHE` is deprecated and will be removed in v5 of Transformers. Use `HF_HOME` instead.
  warnings.warn(
Some weights of RobertaModel were not initialized from the model checkpoint at roberta-base and are newly initialized: ['roberta.pooler.dense.bias', 'roberta.pooler.dense.weight']
You should probably TRAIN this model on a down-stream task to be able to use it for predictions and inference.
[step 0001/150] method=ours loss=0.6949 train_acc=nan train_loss=nan val_acc=nan val_loss=nan best=-1.0000
[step 0010/150] method=ours loss=0.9218 train_acc=nan train_loss=nan val_acc=nan val_loss=nan best=-1.0000
[step 0020/150] method=ours loss=0.6907 train_acc=nan train_loss=nan val_acc=nan val_loss=nan best=-1.0000
[step 0030/150] method=ours loss=0.7124 train_acc=nan train_loss=nan val_acc=nan val_loss=nan best=-1.0000
[step 0040/150] method=ours loss=0.6683 train_acc=nan train_loss=nan val_acc=nan val_loss=nan best=-1.0000
[step 0050/150] method=ours loss=0.5695 train_acc=0.5972 train_loss=0.6677 val_acc=0.5993 val_loss=0.6809 router_H=0.6924 best=0.5993
           router_load=[0.0, 0.0331067331135273, 0.48666542768478394, 0.4802277982234955]
[step 0060/150] method=ours loss=0.6773 train_acc=0.5972 train_loss=0.6677 val_acc=0.5993 val_loss=0.6809 router_H=0.6924 best=0.5993
           router_load=[0.0, 0.0331067331135273, 0.48666542768478394, 0.4802277982234955]
[step 0070/150] method=ours loss=0.6916 train_acc=0.5972 train_loss=0.6677 val_acc=0.5993 val_loss=0.6809 router_H=0.6924 best=0.5993
           router_load=[0.0, 0.0331067331135273, 0.48666542768478394, 0.4802277982234955]
[step 0080/150] method=ours loss=0.6220 train_acc=0.5972 train_loss=0.6677 val_acc=0.5993 val_loss=0.6809 router_H=0.6924 best=0.5993
           router_load=[0.0, 0.0331067331135273, 0.48666542768478394, 0.4802277982234955]
[step 0090/150] method=ours loss=0.6194 train_acc=0.5972 train_loss=0.6677 val_acc=0.5993 val_loss=0.6809 router_H=0.6924 best=0.5993
           router_load=[0.0, 0.0331067331135273, 0.48666542768478394, 0.4802277982234955]
[step 0100/150] method=ours loss=0.6419 train_acc=0.7092 train_loss=0.6166 val_acc=0.6462 val_loss=0.6438 router_H=0.6926 best=0.6462
           router_load=[0.0, 0.013831482268869877, 0.4870382249355316, 0.4991303086280823]
[step 0110/150] method=ours loss=0.6304 train_acc=0.7092 train_loss=0.6166 val_acc=0.6462 val_loss=0.6438 router_H=0.6926 best=0.6462
           router_load=[0.0, 0.013831482268869877, 0.4870382249355316, 0.4991303086280823]
[step 0120/150] method=ours loss=0.6168 train_acc=0.7092 train_loss=0.6166 val_acc=0.6462 val_loss=0.6438 router_H=0.6926 best=0.6462
           router_load=[0.0, 0.013831482268869877, 0.4870382249355316, 0.4991303086280823]
[step 0130/150] method=ours loss=0.6423 train_acc=0.7092 train_loss=0.6166 val_acc=0.6462 val_loss=0.6438 router_H=0.6926 best=0.6462
           router_load=[0.0, 0.013831482268869877, 0.4870382249355316, 0.4991303086280823]
[step 0140/150] method=ours loss=0.6784 train_acc=0.7092 train_loss=0.6166 val_acc=0.6462 val_loss=0.6438 router_H=0.6926 best=0.6462
           router_load=[0.0, 0.013831482268869877, 0.4870382249355316, 0.4991303086280823]
[step 0150/150] method=ours loss=0.6396 train_acc=0.6944 train_loss=0.6019 val_acc=0.6426 val_loss=0.6360 router_H=0.6924 best=0.6462
           router_load=[0.0, 0.006869443692266941, 0.49413004517555237, 0.49900051951408386]
saved summary -> /home/zhujjing/MOE-grad-conflict-routing/runs/paper_suite/single_gpu/single_task/roberta_rte_lora_e4_k2/hpo/ours/trial_runs/coord_03_train_grad_clip_000/ours_s2.json
saved curve -> /home/zhujjing/MOE-grad-conflict-routing/runs/paper_suite/single_gpu/single_task/roberta_rte_lora_e4_k2/hpo/ours/trial_runs/coord_03_train_grad_clip_000/ours_s2_curve.csv
