[run] method=ours candidate=coord_03_train_grad_clip_022 seed=2 steps=150 gpu=0
[run] cmd=
/home/zhujjing/anaconda3/envs/moe/bin/python /home/zhujjing/MOE-grad-conflict-routing/scripts/run.py --config configs/singletask_rte_real.yaml --set model.backbone_backend=hf --set model.hf_load_pretrained=true --set model.backbone=roberta --set model.hf_pretrained_name=roberta-base --set model.expert_type=lora --set model.routing_mode=topk --set model.num_experts=4 --set model.top_k=2 --set seed=2 --set method.name=ours --set train.steps=150 --set train.eval_every_steps=50 --set method.ours.use_load_norm=true --set method.ours.lambda_align=0.001 --set train.grad_clip=0.5039966201 --set train.lr=2.521629285e-05 --set train.weight_decay=0.04145867636 --out /home/zhujjing/MOE-grad-conflict-routing/runs/paper_suite/single_gpu/single_task/roberta_rte_lora_e4_k2/hpo/ours/trial_runs/coord_03_train_grad_clip_022/ours_s2.json --curve_out /home/zhujjing/MOE-grad-conflict-routing/runs/paper_suite/single_gpu/single_task/roberta_rte_lora_e4_k2/hpo/ours/trial_runs/coord_03_train_grad_clip_022/ours_s2_curve.csv
Using the latest cached version of the dataset since glue couldn't be found on the Hugging Face Hub (offline mode is enabled).
Found the latest cached dataset configuration 'rte' at /home/zhujjing/hf_cache/datasets/glue/rte/0.0.0/bcdcba79d07bc864c1c254ccfcedcce55bcc9a8c (last modified on Thu Mar 19 15:00:36 2026).
/home/zhujjing/anaconda3/envs/moe/lib/python3.10/site-packages/transformers/utils/hub.py:124: FutureWarning: Using `TRANSFORMERS_CACHE` is deprecated and will be removed in v5 of Transformers. Use `HF_HOME` instead.
  warnings.warn(
Some weights of RobertaModel were not initialized from the model checkpoint at roberta-base and are newly initialized: ['roberta.pooler.dense.bias', 'roberta.pooler.dense.weight']
You should probably TRAIN this model on a down-stream task to be able to use it for predictions and inference.
[step 0001/150] method=ours loss=0.6919 train_acc=nan train_loss=nan val_acc=nan val_loss=nan best=-1.0000
[step 0010/150] method=ours loss=0.9096 train_acc=nan train_loss=nan val_acc=nan val_loss=nan best=-1.0000
[step 0020/150] method=ours loss=0.7152 train_acc=nan train_loss=nan val_acc=nan val_loss=nan best=-1.0000
[step 0030/150] method=ours loss=0.7133 train_acc=nan train_loss=nan val_acc=nan val_loss=nan best=-1.0000
[step 0040/150] method=ours loss=0.6632 train_acc=nan train_loss=nan val_acc=nan val_loss=nan best=-1.0000
[step 0050/150] method=ours loss=0.5601 train_acc=0.5209 train_loss=0.6772 val_acc=0.5343 val_loss=0.6763 router_H=0.6895 best=0.5343
           router_load=[0.0, 0.4635288417339325, 0.5364710688591003, 0.0]
[step 0060/150] method=ours loss=0.6662 train_acc=0.5209 train_loss=0.6772 val_acc=0.5343 val_loss=0.6763 router_H=0.6895 best=0.5343
           router_load=[0.0, 0.4635288417339325, 0.5364710688591003, 0.0]
[step 0070/150] method=ours loss=0.6925 train_acc=0.5209 train_loss=0.6772 val_acc=0.5343 val_loss=0.6763 router_H=0.6895 best=0.5343
           router_load=[0.0, 0.4635288417339325, 0.5364710688591003, 0.0]
[step 0080/150] method=ours loss=0.5913 train_acc=0.5209 train_loss=0.6772 val_acc=0.5343 val_loss=0.6763 router_H=0.6895 best=0.5343
           router_load=[0.0, 0.4635288417339325, 0.5364710688591003, 0.0]
[step 0090/150] method=ours loss=0.5983 train_acc=0.5209 train_loss=0.6772 val_acc=0.5343 val_loss=0.6763 router_H=0.6895 best=0.5343
           router_load=[0.0, 0.4635288417339325, 0.5364710688591003, 0.0]
[step 0100/150] method=ours loss=0.6272 train_acc=0.6659 train_loss=0.6295 val_acc=0.6426 val_loss=0.6528 router_H=0.6906 best=0.6426
           router_load=[0.02382569946348667, 0.47882968187332153, 0.49734464287757874, 0.0]
[step 0110/150] method=ours loss=0.6069 train_acc=0.6659 train_loss=0.6295 val_acc=0.6426 val_loss=0.6528 router_H=0.6906 best=0.6426
           router_load=[0.02382569946348667, 0.47882968187332153, 0.49734464287757874, 0.0]
[step 0120/150] method=ours loss=0.6127 train_acc=0.6659 train_loss=0.6295 val_acc=0.6426 val_loss=0.6528 router_H=0.6906 best=0.6426
           router_load=[0.02382569946348667, 0.47882968187332153, 0.49734464287757874, 0.0]
[step 0130/150] method=ours loss=0.6589 train_acc=0.6659 train_loss=0.6295 val_acc=0.6426 val_loss=0.6528 router_H=0.6906 best=0.6426
           router_load=[0.02382569946348667, 0.47882968187332153, 0.49734464287757874, 0.0]
[step 0140/150] method=ours loss=0.6364 train_acc=0.6659 train_loss=0.6295 val_acc=0.6426 val_loss=0.6528 router_H=0.6906 best=0.6426
           router_load=[0.02382569946348667, 0.47882968187332153, 0.49734464287757874, 0.0]
[step 0150/150] method=ours loss=0.7399 train_acc=0.6402 train_loss=0.6227 val_acc=0.6029 val_loss=0.6489 router_H=0.6898 best=0.6426
           router_load=[0.0, 0.46226781606674194, 0.5377322435379028, 0.0]
saved summary -> /home/zhujjing/MOE-grad-conflict-routing/runs/paper_suite/single_gpu/single_task/roberta_rte_lora_e4_k2/hpo/ours/trial_runs/coord_03_train_grad_clip_022/ours_s2.json
saved curve -> /home/zhujjing/MOE-grad-conflict-routing/runs/paper_suite/single_gpu/single_task/roberta_rte_lora_e4_k2/hpo/ours/trial_runs/coord_03_train_grad_clip_022/ours_s2_curve.csv
