[run] method=ours candidate=coord_03_train_grad_clip_013 seed=2 steps=150 gpu=0
[run] cmd=
/home/zhujjing/anaconda3/envs/moe/bin/python /home/zhujjing/MOE-grad-conflict-routing/scripts/run.py --config configs/singletask_rte_real.yaml --set model.backbone_backend=hf --set model.hf_load_pretrained=true --set model.backbone=roberta --set model.hf_pretrained_name=roberta-base --set model.expert_type=lora --set model.routing_mode=topk --set model.num_experts=4 --set model.top_k=2 --set seed=2 --set method.name=ours --set train.steps=150 --set train.eval_every_steps=50 --set method.ours.use_load_norm=true --set method.ours.lambda_align=0.001 --set train.grad_clip=1.589441035 --set train.lr=2.521629285e-05 --set train.weight_decay=0.04145867636 --out /home/zhujjing/MOE-grad-conflict-routing/runs/paper_suite/single_gpu/single_task/roberta_rte_lora_e4_k2/hpo/ours/trial_runs/coord_03_train_grad_clip_013/ours_s2.json --curve_out /home/zhujjing/MOE-grad-conflict-routing/runs/paper_suite/single_gpu/single_task/roberta_rte_lora_e4_k2/hpo/ours/trial_runs/coord_03_train_grad_clip_013/ours_s2_curve.csv
Using the latest cached version of the dataset since glue couldn't be found on the Hugging Face Hub (offline mode is enabled).
Found the latest cached dataset configuration 'rte' at /home/zhujjing/hf_cache/datasets/glue/rte/0.0.0/bcdcba79d07bc864c1c254ccfcedcce55bcc9a8c (last modified on Thu Mar 19 15:00:36 2026).
/home/zhujjing/anaconda3/envs/moe/lib/python3.10/site-packages/transformers/utils/hub.py:124: FutureWarning: Using `TRANSFORMERS_CACHE` is deprecated and will be removed in v5 of Transformers. Use `HF_HOME` instead.
  warnings.warn(
Some weights of RobertaModel were not initialized from the model checkpoint at roberta-base and are newly initialized: ['roberta.pooler.dense.bias', 'roberta.pooler.dense.weight']
You should probably TRAIN this model on a down-stream task to be able to use it for predictions and inference.
[step 0001/150] method=ours loss=0.6910 train_acc=nan train_loss=nan val_acc=nan val_loss=nan best=-1.0000
[step 0010/150] method=ours loss=0.9072 train_acc=nan train_loss=nan val_acc=nan val_loss=nan best=-1.0000
[step 0020/150] method=ours loss=0.7008 train_acc=nan train_loss=nan val_acc=nan val_loss=nan best=-1.0000
[step 0030/150] method=ours loss=0.7008 train_acc=nan train_loss=nan val_acc=nan val_loss=nan best=-1.0000
[step 0040/150] method=ours loss=0.6739 train_acc=nan train_loss=nan val_acc=nan val_loss=nan best=-1.0000
[step 0050/150] method=ours loss=0.6140 train_acc=0.5827 train_loss=0.6626 val_acc=0.5921 val_loss=0.6651 router_H=0.6916 best=0.5921
           router_load=[0.5206058621406555, 0.46632710099220276, 0.009856200776994228, 0.003210801864042878]
[step 0060/150] method=ours loss=0.6348 train_acc=0.5827 train_loss=0.6626 val_acc=0.5921 val_loss=0.6651 router_H=0.6916 best=0.5921
           router_load=[0.5206058621406555, 0.46632710099220276, 0.009856200776994228, 0.003210801864042878]
[step 0070/150] method=ours loss=0.6750 train_acc=0.5827 train_loss=0.6626 val_acc=0.5921 val_loss=0.6651 router_H=0.6916 best=0.5921
           router_load=[0.5206058621406555, 0.46632710099220276, 0.009856200776994228, 0.003210801864042878]
[step 0080/150] method=ours loss=0.7759 train_acc=0.5827 train_loss=0.6626 val_acc=0.5921 val_loss=0.6651 router_H=0.6916 best=0.5921
           router_load=[0.5206058621406555, 0.46632710099220276, 0.009856200776994228, 0.003210801864042878]
[step 0090/150] method=ours loss=0.8345 train_acc=0.5827 train_loss=0.6626 val_acc=0.5921 val_loss=0.6651 router_H=0.6916 best=0.5921
           router_load=[0.5206058621406555, 0.46632710099220276, 0.009856200776994228, 0.003210801864042878]
[step 0100/150] method=ours loss=0.6628 train_acc=0.6598 train_loss=0.6348 val_acc=0.6065 val_loss=0.6671 router_H=0.6923 best=0.6065
           router_load=[0.5088186860084534, 0.39711907505989075, 0.09406228363513947, 0.0]
[step 0110/150] method=ours loss=0.6403 train_acc=0.6598 train_loss=0.6348 val_acc=0.6065 val_loss=0.6671 router_H=0.6923 best=0.6065
           router_load=[0.5088186860084534, 0.39711907505989075, 0.09406228363513947, 0.0]
[step 0120/150] method=ours loss=0.6006 train_acc=0.6598 train_loss=0.6348 val_acc=0.6065 val_loss=0.6671 router_H=0.6923 best=0.6065
           router_load=[0.5088186860084534, 0.39711907505989075, 0.09406228363513947, 0.0]
[step 0130/150] method=ours loss=0.6310 train_acc=0.6598 train_loss=0.6348 val_acc=0.6065 val_loss=0.6671 router_H=0.6923 best=0.6065
           router_load=[0.5088186860084534, 0.39711907505989075, 0.09406228363513947, 0.0]
[step 0140/150] method=ours loss=0.6552 train_acc=0.6598 train_loss=0.6348 val_acc=0.6065 val_loss=0.6671 router_H=0.6923 best=0.6065
           router_load=[0.5088186860084534, 0.39711907505989075, 0.09406228363513947, 0.0]
[step 0150/150] method=ours loss=0.6663 train_acc=0.6823 train_loss=0.6164 val_acc=0.6209 val_loss=0.6441 router_H=0.6925 best=0.6209
           router_load=[0.4999513030052185, 0.22227348387241364, 0.2549993097782135, 0.02277582697570324]
saved summary -> /home/zhujjing/MOE-grad-conflict-routing/runs/paper_suite/single_gpu/single_task/roberta_rte_lora_e4_k2/hpo/ours/trial_runs/coord_03_train_grad_clip_013/ours_s2.json
saved curve -> /home/zhujjing/MOE-grad-conflict-routing/runs/paper_suite/single_gpu/single_task/roberta_rte_lora_e4_k2/hpo/ours/trial_runs/coord_03_train_grad_clip_013/ours_s2_curve.csv
