[run] method=ours candidate=coord_03_train_grad_clip_020 seed=2 steps=150 gpu=0
[run] cmd=
/home/zhujjing/anaconda3/envs/moe/bin/python /home/zhujjing/MOE-grad-conflict-routing/scripts/run.py --config configs/singletask_rte_real.yaml --set model.backbone_backend=hf --set model.hf_load_pretrained=true --set model.backbone=roberta --set model.hf_pretrained_name=roberta-base --set model.expert_type=lora --set model.routing_mode=topk --set model.num_experts=4 --set model.top_k=2 --set seed=2 --set method.name=ours --set train.steps=150 --set train.eval_every_steps=50 --set method.ours.use_load_norm=true --set method.ours.lambda_align=0.001 --set train.grad_clip=1.721917769 --set train.lr=2.521629285e-05 --set train.weight_decay=0.04145867636 --out /home/zhujjing/MOE-grad-conflict-routing/runs/paper_suite/single_gpu/single_task/roberta_rte_lora_e4_k2/hpo/ours/trial_runs/coord_03_train_grad_clip_020/ours_s2.json --curve_out /home/zhujjing/MOE-grad-conflict-routing/runs/paper_suite/single_gpu/single_task/roberta_rte_lora_e4_k2/hpo/ours/trial_runs/coord_03_train_grad_clip_020/ours_s2_curve.csv
Using the latest cached version of the dataset since glue couldn't be found on the Hugging Face Hub (offline mode is enabled).
Found the latest cached dataset configuration 'rte' at /home/zhujjing/hf_cache/datasets/glue/rte/0.0.0/bcdcba79d07bc864c1c254ccfcedcce55bcc9a8c (last modified on Thu Mar 19 15:00:36 2026).
/home/zhujjing/anaconda3/envs/moe/lib/python3.10/site-packages/transformers/utils/hub.py:124: FutureWarning: Using `TRANSFORMERS_CACHE` is deprecated and will be removed in v5 of Transformers. Use `HF_HOME` instead.
  warnings.warn(
Some weights of RobertaModel were not initialized from the model checkpoint at roberta-base and are newly initialized: ['roberta.pooler.dense.bias', 'roberta.pooler.dense.weight']
You should probably TRAIN this model on a down-stream task to be able to use it for predictions and inference.
[step 0001/150] method=ours loss=0.7230 train_acc=nan train_loss=nan val_acc=nan val_loss=nan best=-1.0000
[step 0010/150] method=ours loss=0.9386 train_acc=nan train_loss=nan val_acc=nan val_loss=nan best=-1.0000
[step 0020/150] method=ours loss=0.6966 train_acc=nan train_loss=nan val_acc=nan val_loss=nan best=-1.0000
[step 0030/150] method=ours loss=0.7020 train_acc=nan train_loss=nan val_acc=nan val_loss=nan best=-1.0000
[step 0040/150] method=ours loss=0.6947 train_acc=nan train_loss=nan val_acc=nan val_loss=nan best=-1.0000
[step 0050/150] method=ours loss=0.5623 train_acc=0.5032 train_loss=0.6894 val_acc=0.5271 val_loss=0.6870 router_H=0.6882 best=0.5271
           router_load=[0.0, 0.5464544892311096, 0.0, 0.4535455107688904]
[step 0060/150] method=ours loss=0.6540 train_acc=0.5032 train_loss=0.6894 val_acc=0.5271 val_loss=0.6870 router_H=0.6882 best=0.5271
           router_load=[0.0, 0.5464544892311096, 0.0, 0.4535455107688904]
[step 0070/150] method=ours loss=0.6515 train_acc=0.5032 train_loss=0.6894 val_acc=0.5271 val_loss=0.6870 router_H=0.6882 best=0.5271
           router_load=[0.0, 0.5464544892311096, 0.0, 0.4535455107688904]
[step 0080/150] method=ours loss=0.6884 train_acc=0.5032 train_loss=0.6894 val_acc=0.5271 val_loss=0.6870 router_H=0.6882 best=0.5271
           router_load=[0.0, 0.5464544892311096, 0.0, 0.4535455107688904]
[step 0090/150] method=ours loss=0.6110 train_acc=0.5032 train_loss=0.6894 val_acc=0.5271 val_loss=0.6870 router_H=0.6882 best=0.5271
           router_load=[0.0, 0.5464544892311096, 0.0, 0.4535455107688904]
[step 0100/150] method=ours loss=0.6342 train_acc=0.7044 train_loss=0.6116 val_acc=0.6606 val_loss=0.6359 router_H=0.6903 best=0.6606
           router_load=[0.0015558708691969514, 0.5330864191055298, 0.0, 0.4653576910495758]
[step 0110/150] method=ours loss=0.6223 train_acc=0.7044 train_loss=0.6116 val_acc=0.6606 val_loss=0.6359 router_H=0.6903 best=0.6606
           router_load=[0.0015558708691969514, 0.5330864191055298, 0.0, 0.4653576910495758]
[step 0120/150] method=ours loss=0.5235 train_acc=0.7044 train_loss=0.6116 val_acc=0.6606 val_loss=0.6359 router_H=0.6903 best=0.6606
           router_load=[0.0015558708691969514, 0.5330864191055298, 0.0, 0.4653576910495758]
[step 0130/150] method=ours loss=0.6986 train_acc=0.7044 train_loss=0.6116 val_acc=0.6606 val_loss=0.6359 router_H=0.6903 best=0.6606
           router_load=[0.0015558708691969514, 0.5330864191055298, 0.0, 0.4653576910495758]
[step 0140/150] method=ours loss=0.6704 train_acc=0.7044 train_loss=0.6116 val_acc=0.6606 val_loss=0.6359 router_H=0.6903 best=0.6606
           router_load=[0.0015558708691969514, 0.5330864191055298, 0.0, 0.4653576910495758]
[step 0150/150] method=ours loss=0.5996 train_acc=0.7313 train_loss=0.5989 val_acc=0.7040 val_loss=0.6226 router_H=0.6924 best=0.7040
           router_load=[0.0, 0.5149279832839966, 0.0, 0.48507195711135864]
saved summary -> /home/zhujjing/MOE-grad-conflict-routing/runs/paper_suite/single_gpu/single_task/roberta_rte_lora_e4_k2/hpo/ours/trial_runs/coord_03_train_grad_clip_020/ours_s2.json
saved curve -> /home/zhujjing/MOE-grad-conflict-routing/runs/paper_suite/single_gpu/single_task/roberta_rte_lora_e4_k2/hpo/ours/trial_runs/coord_03_train_grad_clip_020/ours_s2_curve.csv
