[run] method=ours candidate=coord_03_train_grad_clip_018 seed=2 steps=150 gpu=0
[run] cmd=
/home/zhujjing/anaconda3/envs/moe/bin/python /home/zhujjing/MOE-grad-conflict-routing/scripts/run.py --config configs/singletask_rte_real.yaml --set model.backbone_backend=hf --set model.hf_load_pretrained=true --set model.backbone=roberta --set model.hf_pretrained_name=roberta-base --set model.expert_type=lora --set model.routing_mode=topk --set model.num_experts=4 --set model.top_k=2 --set seed=2 --set method.name=ours --set train.steps=150 --set train.eval_every_steps=50 --set method.ours.use_load_norm=true --set method.ours.lambda_align=0.001 --set train.grad_clip=1.638207164 --set train.lr=2.521629285e-05 --set train.weight_decay=0.04145867636 --out /home/zhujjing/MOE-grad-conflict-routing/runs/paper_suite/single_gpu/single_task/roberta_rte_lora_e4_k2/hpo/ours/trial_runs/coord_03_train_grad_clip_018/ours_s2.json --curve_out /home/zhujjing/MOE-grad-conflict-routing/runs/paper_suite/single_gpu/single_task/roberta_rte_lora_e4_k2/hpo/ours/trial_runs/coord_03_train_grad_clip_018/ours_s2_curve.csv
Using the latest cached version of the dataset since glue couldn't be found on the Hugging Face Hub (offline mode is enabled).
Found the latest cached dataset configuration 'rte' at /home/zhujjing/hf_cache/datasets/glue/rte/0.0.0/bcdcba79d07bc864c1c254ccfcedcce55bcc9a8c (last modified on Thu Mar 19 15:00:36 2026).
/home/zhujjing/anaconda3/envs/moe/lib/python3.10/site-packages/transformers/utils/hub.py:124: FutureWarning: Using `TRANSFORMERS_CACHE` is deprecated and will be removed in v5 of Transformers. Use `HF_HOME` instead.
  warnings.warn(
Some weights of RobertaModel were not initialized from the model checkpoint at roberta-base and are newly initialized: ['roberta.pooler.dense.bias', 'roberta.pooler.dense.weight']
You should probably TRAIN this model on a down-stream task to be able to use it for predictions and inference.
[step 0001/150] method=ours loss=0.6897 train_acc=nan train_loss=nan val_acc=nan val_loss=nan best=-1.0000
[step 0010/150] method=ours loss=0.9158 train_acc=nan train_loss=nan val_acc=nan val_loss=nan best=-1.0000
[step 0020/150] method=ours loss=0.7094 train_acc=nan train_loss=nan val_acc=nan val_loss=nan best=-1.0000
[step 0030/150] method=ours loss=0.7138 train_acc=nan train_loss=nan val_acc=nan val_loss=nan best=-1.0000
[step 0040/150] method=ours loss=0.6776 train_acc=nan train_loss=nan val_acc=nan val_loss=nan best=-1.0000
[step 0050/150] method=ours loss=0.6108 train_acc=0.5699 train_loss=0.6678 val_acc=0.5740 val_loss=0.6678 router_H=0.6923 best=0.5740
           router_load=[0.4814758896827698, 0.006547257304191589, 0.0, 0.511976957321167]
[step 0060/150] method=ours loss=0.6442 train_acc=0.5699 train_loss=0.6678 val_acc=0.5740 val_loss=0.6678 router_H=0.6923 best=0.5740
           router_load=[0.4814758896827698, 0.006547257304191589, 0.0, 0.511976957321167]
[step 0070/150] method=ours loss=0.7001 train_acc=0.5699 train_loss=0.6678 val_acc=0.5740 val_loss=0.6678 router_H=0.6923 best=0.5740
           router_load=[0.4814758896827698, 0.006547257304191589, 0.0, 0.511976957321167]
[step 0080/150] method=ours loss=0.6809 train_acc=0.5699 train_loss=0.6678 val_acc=0.5740 val_loss=0.6678 router_H=0.6923 best=0.5740
           router_load=[0.4814758896827698, 0.006547257304191589, 0.0, 0.511976957321167]
[step 0090/150] method=ours loss=0.7398 train_acc=0.5699 train_loss=0.6678 val_acc=0.5740 val_loss=0.6678 router_H=0.6923 best=0.5740
           router_load=[0.4814758896827698, 0.006547257304191589, 0.0, 0.511976957321167]
[step 0100/150] method=ours loss=0.6567 train_acc=0.6418 train_loss=0.6423 val_acc=0.5957 val_loss=0.6729 router_H=0.6926 best=0.5957
           router_load=[0.4898303747177124, 0.010225986130535603, 0.0, 0.49994364380836487]
[step 0110/150] method=ours loss=0.6313 train_acc=0.6418 train_loss=0.6423 val_acc=0.5957 val_loss=0.6729 router_H=0.6926 best=0.5957
           router_load=[0.4898303747177124, 0.010225986130535603, 0.0, 0.49994364380836487]
[step 0120/150] method=ours loss=0.5978 train_acc=0.6418 train_loss=0.6423 val_acc=0.5957 val_loss=0.6729 router_H=0.6926 best=0.5957
           router_load=[0.4898303747177124, 0.010225986130535603, 0.0, 0.49994364380836487]
[step 0130/150] method=ours loss=0.6279 train_acc=0.6418 train_loss=0.6423 val_acc=0.5957 val_loss=0.6729 router_H=0.6926 best=0.5957
           router_load=[0.4898303747177124, 0.010225986130535603, 0.0, 0.49994364380836487]
[step 0140/150] method=ours loss=0.6290 train_acc=0.6418 train_loss=0.6423 val_acc=0.5957 val_loss=0.6729 router_H=0.6926 best=0.5957
           router_load=[0.4898303747177124, 0.010225986130535603, 0.0, 0.49994364380836487]
[step 0150/150] method=ours loss=0.6800 train_acc=0.5651 train_loss=0.6550 val_acc=0.5848 val_loss=0.6667 router_H=0.6920 best=0.5957
           router_load=[0.43201592564582825, 0.05392158403992653, 0.0, 0.5140625238418579]
saved summary -> /home/zhujjing/MOE-grad-conflict-routing/runs/paper_suite/single_gpu/single_task/roberta_rte_lora_e4_k2/hpo/ours/trial_runs/coord_03_train_grad_clip_018/ours_s2.json
saved curve -> /home/zhujjing/MOE-grad-conflict-routing/runs/paper_suite/single_gpu/single_task/roberta_rte_lora_e4_k2/hpo/ours/trial_runs/coord_03_train_grad_clip_018/ours_s2_curve.csv
