[run] method=cagrad candidate=coord_03_train_grad_clip_008 seed=3 steps=150 gpu=0
[run] cmd=
/home/zhujjing/anaconda3/envs/moe/bin/python /home/zhujjing/MOE-grad-conflict-routing/scripts/run.py --config configs/singletask_rte_real.yaml --set model.backbone_backend=hf --set model.hf_load_pretrained=true --set model.backbone=roberta --set model.hf_pretrained_name=roberta-base --set model.expert_type=lora --set model.routing_mode=topk --set model.num_experts=4 --set model.top_k=2 --set seed=3 --set method.name=baseline_cagrad --set train.steps=150 --set train.eval_every_steps=50 --set method.baseline_cagrad.c=0.4 --set method.baseline_cagrad.inner_lr=0.1 --set train.grad_clip=0.9919648274 --set train.lr=2.410351909e-05 --set train.weight_decay=0.03456878451 --out /home/zhujjing/MOE-grad-conflict-routing/runs/paper_suite/single_gpu/single_task/roberta_rte_lora_e4_k2/hpo/cagrad/trial_runs/coord_03_train_grad_clip_008/cagrad_s3.json --curve_out /home/zhujjing/MOE-grad-conflict-routing/runs/paper_suite/single_gpu/single_task/roberta_rte_lora_e4_k2/hpo/cagrad/trial_runs/coord_03_train_grad_clip_008/cagrad_s3_curve.csv
Using the latest cached version of the dataset since glue couldn't be found on the Hugging Face Hub (offline mode is enabled).
Found the latest cached dataset configuration 'rte' at /home/zhujjing/hf_cache/datasets/glue/rte/0.0.0/bcdcba79d07bc864c1c254ccfcedcce55bcc9a8c (last modified on Thu Mar 19 15:00:36 2026).
/home/zhujjing/anaconda3/envs/moe/lib/python3.10/site-packages/transformers/utils/hub.py:124: FutureWarning: Using `TRANSFORMERS_CACHE` is deprecated and will be removed in v5 of Transformers. Use `HF_HOME` instead.
  warnings.warn(
Some weights of RobertaModel were not initialized from the model checkpoint at roberta-base and are newly initialized: ['roberta.pooler.dense.bias', 'roberta.pooler.dense.weight']
You should probably TRAIN this model on a down-stream task to be able to use it for predictions and inference.
[step 0001/150] method=baseline_cagrad loss=0.7285 train_acc=nan train_loss=nan val_acc=nan val_loss=nan best=-1.0000
[step 0010/150] method=baseline_cagrad loss=0.6899 train_acc=nan train_loss=nan val_acc=nan val_loss=nan best=-1.0000
[step 0020/150] method=baseline_cagrad loss=0.6986 train_acc=nan train_loss=nan val_acc=nan val_loss=nan best=-1.0000
[step 0030/150] method=baseline_cagrad loss=0.6539 train_acc=nan train_loss=nan val_acc=nan val_loss=nan best=-1.0000
[step 0040/150] method=baseline_cagrad loss=0.6892 train_acc=nan train_loss=nan val_acc=nan val_loss=nan best=-1.0000
[step 0050/150] method=baseline_cagrad loss=0.6475 train_acc=0.6145 train_loss=0.6512 val_acc=0.6101 val_loss=0.6763 router_H=0.6886 best=0.6101
           router_load=[0.0, 0.08495188504457474, 0.3709280788898468, 0.5441200733184814]
[step 0060/150] method=baseline_cagrad loss=0.5705 train_acc=0.6145 train_loss=0.6512 val_acc=0.6101 val_loss=0.6763 router_H=0.6886 best=0.6101
           router_load=[0.0, 0.08495188504457474, 0.3709280788898468, 0.5441200733184814]
[step 0070/150] method=baseline_cagrad loss=0.7433 train_acc=0.6145 train_loss=0.6512 val_acc=0.6101 val_loss=0.6763 router_H=0.6886 best=0.6101
           router_load=[0.0, 0.08495188504457474, 0.3709280788898468, 0.5441200733184814]
[step 0080/150] method=baseline_cagrad loss=0.5657 train_acc=0.6145 train_loss=0.6512 val_acc=0.6101 val_loss=0.6763 router_H=0.6886 best=0.6101
           router_load=[0.0, 0.08495188504457474, 0.3709280788898468, 0.5441200733184814]
[step 0090/150] method=baseline_cagrad loss=0.6651 train_acc=0.6145 train_loss=0.6512 val_acc=0.6101 val_loss=0.6763 router_H=0.6886 best=0.6101
           router_load=[0.0, 0.08495188504457474, 0.3709280788898468, 0.5441200733184814]
[step 0100/150] method=baseline_cagrad loss=0.6103 train_acc=0.7044 train_loss=0.5875 val_acc=0.6751 val_loss=0.6239 router_H=0.6867 best=0.6751
           router_load=[0.008225942961871624, 0.03998813033103943, 0.40083181858062744, 0.5509542226791382]
[step 0110/150] method=baseline_cagrad loss=0.5664 train_acc=0.7044 train_loss=0.5875 val_acc=0.6751 val_loss=0.6239 router_H=0.6867 best=0.6751
           router_load=[0.008225942961871624, 0.03998813033103943, 0.40083181858062744, 0.5509542226791382]
[step 0120/150] method=baseline_cagrad loss=0.5939 train_acc=0.7044 train_loss=0.5875 val_acc=0.6751 val_loss=0.6239 router_H=0.6867 best=0.6751
           router_load=[0.008225942961871624, 0.03998813033103943, 0.40083181858062744, 0.5509542226791382]
[step 0130/150] method=baseline_cagrad loss=0.7230 train_acc=0.7044 train_loss=0.5875 val_acc=0.6751 val_loss=0.6239 router_H=0.6867 best=0.6751
           router_load=[0.008225942961871624, 0.03998813033103943, 0.40083181858062744, 0.5509542226791382]
[step 0140/150] method=baseline_cagrad loss=0.6997 train_acc=0.7044 train_loss=0.5875 val_acc=0.6751 val_loss=0.6239 router_H=0.6867 best=0.6751
           router_load=[0.008225942961871624, 0.03998813033103943, 0.40083181858062744, 0.5509542226791382]
[step 0150/150] method=baseline_cagrad loss=0.5547 train_acc=0.7197 train_loss=0.5503 val_acc=0.6715 val_loss=0.6242 router_H=0.6858 best=0.6751
           router_load=[0.048109058290719986, 0.025497697293758392, 0.3715701103210449, 0.5548232197761536]
saved summary -> /home/zhujjing/MOE-grad-conflict-routing/runs/paper_suite/single_gpu/single_task/roberta_rte_lora_e4_k2/hpo/cagrad/trial_runs/coord_03_train_grad_clip_008/cagrad_s3.json
saved curve -> /home/zhujjing/MOE-grad-conflict-routing/runs/paper_suite/single_gpu/single_task/roberta_rte_lora_e4_k2/hpo/cagrad/trial_runs/coord_03_train_grad_clip_008/cagrad_s3_curve.csv
