[run] method=cagrad candidate=coord_03_train_grad_clip_013 seed=2 steps=150 gpu=0
[run] cmd=
/home/zhujjing/anaconda3/envs/moe/bin/python /home/zhujjing/MOE-grad-conflict-routing/scripts/run.py --config configs/singletask_rte_real.yaml --set model.backbone_backend=hf --set model.hf_load_pretrained=true --set model.backbone=roberta --set model.hf_pretrained_name=roberta-base --set model.expert_type=lora --set model.routing_mode=topk --set model.num_experts=4 --set model.top_k=2 --set seed=2 --set method.name=baseline_cagrad --set train.steps=150 --set train.eval_every_steps=50 --set method.baseline_cagrad.c=0.4 --set method.baseline_cagrad.inner_lr=0.1 --set train.grad_clip=1.779013841 --set train.lr=2.410351909e-05 --set train.weight_decay=0.03456878451 --out /home/zhujjing/MOE-grad-conflict-routing/runs/paper_suite/single_gpu/single_task/roberta_rte_lora_e4_k2/hpo/cagrad/trial_runs/coord_03_train_grad_clip_013/cagrad_s2.json --curve_out /home/zhujjing/MOE-grad-conflict-routing/runs/paper_suite/single_gpu/single_task/roberta_rte_lora_e4_k2/hpo/cagrad/trial_runs/coord_03_train_grad_clip_013/cagrad_s2_curve.csv
Using the latest cached version of the dataset since glue couldn't be found on the Hugging Face Hub (offline mode is enabled).
Found the latest cached dataset configuration 'rte' at /home/zhujjing/hf_cache/datasets/glue/rte/0.0.0/bcdcba79d07bc864c1c254ccfcedcce55bcc9a8c (last modified on Thu Mar 19 15:00:36 2026).
/home/zhujjing/anaconda3/envs/moe/lib/python3.10/site-packages/transformers/utils/hub.py:124: FutureWarning: Using `TRANSFORMERS_CACHE` is deprecated and will be removed in v5 of Transformers. Use `HF_HOME` instead.
  warnings.warn(
Some weights of RobertaModel were not initialized from the model checkpoint at roberta-base and are newly initialized: ['roberta.pooler.dense.bias', 'roberta.pooler.dense.weight']
You should probably TRAIN this model on a down-stream task to be able to use it for predictions and inference.
[step 0001/150] method=baseline_cagrad loss=0.7322 train_acc=nan train_loss=nan val_acc=nan val_loss=nan best=-1.0000
[step 0010/150] method=baseline_cagrad loss=0.8592 train_acc=nan train_loss=nan val_acc=nan val_loss=nan best=-1.0000
[step 0020/150] method=baseline_cagrad loss=0.6883 train_acc=nan train_loss=nan val_acc=nan val_loss=nan best=-1.0000
[step 0030/150] method=baseline_cagrad loss=0.7353 train_acc=nan train_loss=nan val_acc=nan val_loss=nan best=-1.0000
[step 0040/150] method=baseline_cagrad loss=0.6890 train_acc=nan train_loss=nan val_acc=nan val_loss=nan best=-1.0000
[step 0050/150] method=baseline_cagrad loss=0.5982 train_acc=0.5016 train_loss=0.7004 val_acc=0.5271 val_loss=0.6894 router_H=0.6930 best=0.5271
           router_load=[0.46803608536720276, 0.43533891439437866, 0.0035425927489995956, 0.09308242797851562]
[step 0060/150] method=baseline_cagrad loss=0.6751 train_acc=0.5016 train_loss=0.7004 val_acc=0.5271 val_loss=0.6894 router_H=0.6930 best=0.5271
           router_load=[0.46803608536720276, 0.43533891439437866, 0.0035425927489995956, 0.09308242797851562]
[step 0070/150] method=baseline_cagrad loss=0.6736 train_acc=0.5016 train_loss=0.7004 val_acc=0.5271 val_loss=0.6894 router_H=0.6930 best=0.5271
           router_load=[0.46803608536720276, 0.43533891439437866, 0.0035425927489995956, 0.09308242797851562]
[step 0080/150] method=baseline_cagrad loss=0.6723 train_acc=0.5016 train_loss=0.7004 val_acc=0.5271 val_loss=0.6894 router_H=0.6930 best=0.5271
           router_load=[0.46803608536720276, 0.43533891439437866, 0.0035425927489995956, 0.09308242797851562]
[step 0090/150] method=baseline_cagrad loss=0.7389 train_acc=0.5016 train_loss=0.7004 val_acc=0.5271 val_loss=0.6894 router_H=0.6930 best=0.5271
           router_load=[0.46803608536720276, 0.43533891439437866, 0.0035425927489995956, 0.09308242797851562]
[step 0100/150] method=baseline_cagrad loss=0.6575 train_acc=0.6884 train_loss=0.6287 val_acc=0.6101 val_loss=0.6535 router_H=0.6929 best=0.6101
           router_load=[0.3986701965332031, 0.420871764421463, 0.0, 0.18045799434185028]
[step 0110/150] method=baseline_cagrad loss=0.6439 train_acc=0.6884 train_loss=0.6287 val_acc=0.6101 val_loss=0.6535 router_H=0.6929 best=0.6101
           router_load=[0.3986701965332031, 0.420871764421463, 0.0, 0.18045799434185028]
[step 0120/150] method=baseline_cagrad loss=0.6243 train_acc=0.6884 train_loss=0.6287 val_acc=0.6101 val_loss=0.6535 router_H=0.6929 best=0.6101
           router_load=[0.3986701965332031, 0.420871764421463, 0.0, 0.18045799434185028]
[step 0130/150] method=baseline_cagrad loss=0.6663 train_acc=0.6884 train_loss=0.6287 val_acc=0.6101 val_loss=0.6535 router_H=0.6929 best=0.6101
           router_load=[0.3986701965332031, 0.420871764421463, 0.0, 0.18045799434185028]
[step 0140/150] method=baseline_cagrad loss=0.6667 train_acc=0.6884 train_loss=0.6287 val_acc=0.6101 val_loss=0.6535 router_H=0.6929 best=0.6101
           router_load=[0.3986701965332031, 0.420871764421463, 0.0, 0.18045799434185028]
[step 0150/150] method=baseline_cagrad loss=0.6366 train_acc=0.6582 train_loss=0.6289 val_acc=0.6209 val_loss=0.6498 router_H=0.6930 best=0.6209
           router_load=[0.3993680477142334, 0.40128347277641296, 0.0017720295581966639, 0.19757646322250366]
saved summary -> /home/zhujjing/MOE-grad-conflict-routing/runs/paper_suite/single_gpu/single_task/roberta_rte_lora_e4_k2/hpo/cagrad/trial_runs/coord_03_train_grad_clip_013/cagrad_s2.json
saved curve -> /home/zhujjing/MOE-grad-conflict-routing/runs/paper_suite/single_gpu/single_task/roberta_rte_lora_e4_k2/hpo/cagrad/trial_runs/coord_03_train_grad_clip_013/cagrad_s2_curve.csv
