[run] method=cagrad candidate=coord_03_train_grad_clip_003 seed=3 steps=150 gpu=0
[run] cmd=
/home/zhujjing/anaconda3/envs/moe/bin/python /home/zhujjing/MOE-grad-conflict-routing/scripts/run.py --config configs/singletask_rte_real.yaml --set model.backbone_backend=hf --set model.hf_load_pretrained=true --set model.backbone=roberta --set model.hf_pretrained_name=roberta-base --set model.expert_type=lora --set model.routing_mode=topk --set model.num_experts=4 --set model.top_k=2 --set seed=3 --set method.name=baseline_cagrad --set train.steps=150 --set train.eval_every_steps=50 --set method.baseline_cagrad.c=0.4 --set method.baseline_cagrad.inner_lr=0.1 --set train.grad_clip=1.888120198 --set train.lr=2.410351909e-05 --set train.weight_decay=0.03456878451 --out /home/zhujjing/MOE-grad-conflict-routing/runs/paper_suite/single_gpu/single_task/roberta_rte_lora_e4_k2/hpo/cagrad/trial_runs/coord_03_train_grad_clip_003/cagrad_s3.json --curve_out /home/zhujjing/MOE-grad-conflict-routing/runs/paper_suite/single_gpu/single_task/roberta_rte_lora_e4_k2/hpo/cagrad/trial_runs/coord_03_train_grad_clip_003/cagrad_s3_curve.csv
Using the latest cached version of the dataset since glue couldn't be found on the Hugging Face Hub (offline mode is enabled).
Found the latest cached dataset configuration 'rte' at /home/zhujjing/hf_cache/datasets/glue/rte/0.0.0/bcdcba79d07bc864c1c254ccfcedcce55bcc9a8c (last modified on Thu Mar 19 15:00:36 2026).
/home/zhujjing/anaconda3/envs/moe/lib/python3.10/site-packages/transformers/utils/hub.py:124: FutureWarning: Using `TRANSFORMERS_CACHE` is deprecated and will be removed in v5 of Transformers. Use `HF_HOME` instead.
  warnings.warn(
Some weights of RobertaModel were not initialized from the model checkpoint at roberta-base and are newly initialized: ['roberta.pooler.dense.bias', 'roberta.pooler.dense.weight']
You should probably TRAIN this model on a down-stream task to be able to use it for predictions and inference.
[step 0001/150] method=baseline_cagrad loss=0.7137 train_acc=nan train_loss=nan val_acc=nan val_loss=nan best=-1.0000
[step 0010/150] method=baseline_cagrad loss=0.6895 train_acc=nan train_loss=nan val_acc=nan val_loss=nan best=-1.0000
[step 0020/150] method=baseline_cagrad loss=0.6819 train_acc=nan train_loss=nan val_acc=nan val_loss=nan best=-1.0000
[step 0030/150] method=baseline_cagrad loss=0.6643 train_acc=nan train_loss=nan val_acc=nan val_loss=nan best=-1.0000
[step 0040/150] method=baseline_cagrad loss=0.6747 train_acc=nan train_loss=nan val_acc=nan val_loss=nan best=-1.0000
[step 0050/150] method=baseline_cagrad loss=0.6743 train_acc=0.6016 train_loss=0.6523 val_acc=0.5812 val_loss=0.6819 router_H=0.6666 best=0.5812
           router_load=[0.6129844188690186, 0.041232723742723465, 0.17060041427612305, 0.1751825213432312]
[step 0060/150] method=baseline_cagrad loss=0.5972 train_acc=0.6016 train_loss=0.6523 val_acc=0.5812 val_loss=0.6819 router_H=0.6666 best=0.5812
           router_load=[0.6129844188690186, 0.041232723742723465, 0.17060041427612305, 0.1751825213432312]
[step 0070/150] method=baseline_cagrad loss=0.7580 train_acc=0.6016 train_loss=0.6523 val_acc=0.5812 val_loss=0.6819 router_H=0.6666 best=0.5812
           router_load=[0.6129844188690186, 0.041232723742723465, 0.17060041427612305, 0.1751825213432312]
[step 0080/150] method=baseline_cagrad loss=0.6253 train_acc=0.6016 train_loss=0.6523 val_acc=0.5812 val_loss=0.6819 router_H=0.6666 best=0.5812
           router_load=[0.6129844188690186, 0.041232723742723465, 0.17060041427612305, 0.1751825213432312]
[step 0090/150] method=baseline_cagrad loss=0.6528 train_acc=0.6016 train_loss=0.6523 val_acc=0.5812 val_loss=0.6819 router_H=0.6666 best=0.5812
           router_load=[0.6129844188690186, 0.041232723742723465, 0.17060041427612305, 0.1751825213432312]
[step 0100/150] method=baseline_cagrad loss=0.6707 train_acc=0.7084 train_loss=0.5892 val_acc=0.6534 val_loss=0.6355 router_H=0.6743 best=0.6534
           router_load=[0.592492401599884, 0.03789692372083664, 0.32218390703201294, 0.047426845878362656]
[step 0110/150] method=baseline_cagrad loss=0.6474 train_acc=0.7084 train_loss=0.5892 val_acc=0.6534 val_loss=0.6355 router_H=0.6743 best=0.6534
           router_load=[0.592492401599884, 0.03789692372083664, 0.32218390703201294, 0.047426845878362656]
[step 0120/150] method=baseline_cagrad loss=0.5592 train_acc=0.7084 train_loss=0.5892 val_acc=0.6534 val_loss=0.6355 router_H=0.6743 best=0.6534
           router_load=[0.592492401599884, 0.03789692372083664, 0.32218390703201294, 0.047426845878362656]
[step 0130/150] method=baseline_cagrad loss=0.7485 train_acc=0.7084 train_loss=0.5892 val_acc=0.6534 val_loss=0.6355 router_H=0.6743 best=0.6534
           router_load=[0.592492401599884, 0.03789692372083664, 0.32218390703201294, 0.047426845878362656]
[step 0140/150] method=baseline_cagrad loss=0.7086 train_acc=0.7084 train_loss=0.5892 val_acc=0.6534 val_loss=0.6355 router_H=0.6743 best=0.6534
           router_load=[0.592492401599884, 0.03789692372083664, 0.32218390703201294, 0.047426845878362656]
[step 0150/150] method=baseline_cagrad loss=0.5743 train_acc=0.7771 train_loss=0.5416 val_acc=0.6859 val_loss=0.6009 router_H=0.6729 best=0.6859
           router_load=[0.5984000563621521, 0.20229580998420715, 0.1604032963514328, 0.038900867104530334]
saved summary -> /home/zhujjing/MOE-grad-conflict-routing/runs/paper_suite/single_gpu/single_task/roberta_rte_lora_e4_k2/hpo/cagrad/trial_runs/coord_03_train_grad_clip_003/cagrad_s3.json
saved curve -> /home/zhujjing/MOE-grad-conflict-routing/runs/paper_suite/single_gpu/single_task/roberta_rte_lora_e4_k2/hpo/cagrad/trial_runs/coord_03_train_grad_clip_003/cagrad_s3_curve.csv
