[run] method=cagrad candidate=coord_03_train_grad_clip_004 seed=3 steps=150 gpu=0
[run] cmd=
/home/zhujjing/anaconda3/envs/moe/bin/python /home/zhujjing/MOE-grad-conflict-routing/scripts/run.py --config configs/singletask_rte_real.yaml --set model.backbone_backend=hf --set model.hf_load_pretrained=true --set model.backbone=roberta --set model.hf_pretrained_name=roberta-base --set model.expert_type=lora --set model.routing_mode=topk --set model.num_experts=4 --set model.top_k=2 --set seed=3 --set method.name=baseline_cagrad --set train.steps=150 --set train.eval_every_steps=50 --set method.baseline_cagrad.c=0.4 --set method.baseline_cagrad.inner_lr=0.1 --set train.grad_clip=1.23610215 --set train.lr=2.410351909e-05 --set train.weight_decay=0.03456878451 --out /home/zhujjing/MOE-grad-conflict-routing/runs/paper_suite/single_gpu/single_task/roberta_rte_lora_e4_k2/hpo/cagrad/trial_runs/coord_03_train_grad_clip_004/cagrad_s3.json --curve_out /home/zhujjing/MOE-grad-conflict-routing/runs/paper_suite/single_gpu/single_task/roberta_rte_lora_e4_k2/hpo/cagrad/trial_runs/coord_03_train_grad_clip_004/cagrad_s3_curve.csv
Using the latest cached version of the dataset since glue couldn't be found on the Hugging Face Hub (offline mode is enabled).
Found the latest cached dataset configuration 'rte' at /home/zhujjing/hf_cache/datasets/glue/rte/0.0.0/bcdcba79d07bc864c1c254ccfcedcce55bcc9a8c (last modified on Thu Mar 19 15:00:36 2026).
/home/zhujjing/anaconda3/envs/moe/lib/python3.10/site-packages/transformers/utils/hub.py:124: FutureWarning: Using `TRANSFORMERS_CACHE` is deprecated and will be removed in v5 of Transformers. Use `HF_HOME` instead.
  warnings.warn(
Some weights of RobertaModel were not initialized from the model checkpoint at roberta-base and are newly initialized: ['roberta.pooler.dense.bias', 'roberta.pooler.dense.weight']
You should probably TRAIN this model on a down-stream task to be able to use it for predictions and inference.
[step 0001/150] method=baseline_cagrad loss=0.7056 train_acc=nan train_loss=nan val_acc=nan val_loss=nan best=-1.0000
[step 0010/150] method=baseline_cagrad loss=0.7048 train_acc=nan train_loss=nan val_acc=nan val_loss=nan best=-1.0000
[step 0020/150] method=baseline_cagrad loss=0.6852 train_acc=nan train_loss=nan val_acc=nan val_loss=nan best=-1.0000
[step 0030/150] method=baseline_cagrad loss=0.6733 train_acc=nan train_loss=nan val_acc=nan val_loss=nan best=-1.0000
[step 0040/150] method=baseline_cagrad loss=0.6813 train_acc=nan train_loss=nan val_acc=nan val_loss=nan best=-1.0000
[step 0050/150] method=baseline_cagrad loss=0.5862 train_acc=0.6470 train_loss=0.6328 val_acc=0.6173 val_loss=0.6584 router_H=0.6892 best=0.6173
           router_load=[0.5384577512741089, 0.3738499879837036, 0.01243527140468359, 0.07525693625211716]
[step 0060/150] method=baseline_cagrad loss=0.5680 train_acc=0.6470 train_loss=0.6328 val_acc=0.6173 val_loss=0.6584 router_H=0.6892 best=0.6173
           router_load=[0.5384577512741089, 0.3738499879837036, 0.01243527140468359, 0.07525693625211716]
[step 0070/150] method=baseline_cagrad loss=0.7408 train_acc=0.6470 train_loss=0.6328 val_acc=0.6173 val_loss=0.6584 router_H=0.6892 best=0.6173
           router_load=[0.5384577512741089, 0.3738499879837036, 0.01243527140468359, 0.07525693625211716]
[step 0080/150] method=baseline_cagrad loss=0.5987 train_acc=0.6470 train_loss=0.6328 val_acc=0.6173 val_loss=0.6584 router_H=0.6892 best=0.6173
           router_load=[0.5384577512741089, 0.3738499879837036, 0.01243527140468359, 0.07525693625211716]
[step 0090/150] method=baseline_cagrad loss=0.6161 train_acc=0.6470 train_loss=0.6328 val_acc=0.6173 val_loss=0.6584 router_H=0.6892 best=0.6173
           router_load=[0.5384577512741089, 0.3738499879837036, 0.01243527140468359, 0.07525693625211716]
[step 0100/150] method=baseline_cagrad loss=0.6550 train_acc=0.7112 train_loss=0.5790 val_acc=0.6823 val_loss=0.6106 router_H=0.6892 best=0.6823
           router_load=[0.5378972291946411, 0.3506648540496826, 0.0, 0.11143796145915985]
[step 0110/150] method=baseline_cagrad loss=0.6356 train_acc=0.7112 train_loss=0.5790 val_acc=0.6823 val_loss=0.6106 router_H=0.6892 best=0.6823
           router_load=[0.5378972291946411, 0.3506648540496826, 0.0, 0.11143796145915985]
[step 0120/150] method=baseline_cagrad loss=0.6320 train_acc=0.7112 train_loss=0.5790 val_acc=0.6823 val_loss=0.6106 router_H=0.6892 best=0.6823
           router_load=[0.5378972291946411, 0.3506648540496826, 0.0, 0.11143796145915985]
[step 0130/150] method=baseline_cagrad loss=0.6931 train_acc=0.7112 train_loss=0.5790 val_acc=0.6823 val_loss=0.6106 router_H=0.6892 best=0.6823
           router_load=[0.5378972291946411, 0.3506648540496826, 0.0, 0.11143796145915985]
[step 0140/150] method=baseline_cagrad loss=0.6322 train_acc=0.7112 train_loss=0.5790 val_acc=0.6823 val_loss=0.6106 router_H=0.6892 best=0.6823
           router_load=[0.5378972291946411, 0.3506648540496826, 0.0, 0.11143796145915985]
[step 0150/150] method=baseline_cagrad loss=0.5943 train_acc=0.7361 train_loss=0.5657 val_acc=0.6751 val_loss=0.6146 router_H=0.6880 best=0.6823
           router_load=[0.5455977916717529, 0.2600938379764557, 0.0015803130809217691, 0.19272811710834503]
saved summary -> /home/zhujjing/MOE-grad-conflict-routing/runs/paper_suite/single_gpu/single_task/roberta_rte_lora_e4_k2/hpo/cagrad/trial_runs/coord_03_train_grad_clip_004/cagrad_s3.json
saved curve -> /home/zhujjing/MOE-grad-conflict-routing/runs/paper_suite/single_gpu/single_task/roberta_rte_lora_e4_k2/hpo/cagrad/trial_runs/coord_03_train_grad_clip_004/cagrad_s3_curve.csv
