[run] method=cagrad candidate=coord_03_train_grad_clip_014 seed=2 steps=150 gpu=0
[run] cmd=
/home/zhujjing/anaconda3/envs/moe/bin/python /home/zhujjing/MOE-grad-conflict-routing/scripts/run.py --config configs/singletask_rte_real.yaml --set model.backbone_backend=hf --set model.hf_load_pretrained=true --set model.backbone=roberta --set model.hf_pretrained_name=roberta-base --set model.expert_type=lora --set model.routing_mode=topk --set model.num_experts=4 --set model.top_k=2 --set seed=2 --set method.name=baseline_cagrad --set train.steps=150 --set train.eval_every_steps=50 --set method.baseline_cagrad.c=0.4 --set method.baseline_cagrad.inner_lr=0.1 --set train.grad_clip=0.712672082 --set train.lr=2.410351909e-05 --set train.weight_decay=0.03456878451 --out /home/zhujjing/MOE-grad-conflict-routing/runs/paper_suite/single_gpu/single_task/roberta_rte_lora_e4_k2/hpo/cagrad/trial_runs/coord_03_train_grad_clip_014/cagrad_s2.json --curve_out /home/zhujjing/MOE-grad-conflict-routing/runs/paper_suite/single_gpu/single_task/roberta_rte_lora_e4_k2/hpo/cagrad/trial_runs/coord_03_train_grad_clip_014/cagrad_s2_curve.csv
Using the latest cached version of the dataset since glue couldn't be found on the Hugging Face Hub (offline mode is enabled).
Found the latest cached dataset configuration 'rte' at /home/zhujjing/hf_cache/datasets/glue/rte/0.0.0/bcdcba79d07bc864c1c254ccfcedcce55bcc9a8c (last modified on Thu Mar 19 15:00:36 2026).
/home/zhujjing/anaconda3/envs/moe/lib/python3.10/site-packages/transformers/utils/hub.py:124: FutureWarning: Using `TRANSFORMERS_CACHE` is deprecated and will be removed in v5 of Transformers. Use `HF_HOME` instead.
  warnings.warn(
Some weights of RobertaModel were not initialized from the model checkpoint at roberta-base and are newly initialized: ['roberta.pooler.dense.bias', 'roberta.pooler.dense.weight']
You should probably TRAIN this model on a down-stream task to be able to use it for predictions and inference.
[step 0001/150] method=baseline_cagrad loss=0.7392 train_acc=nan train_loss=nan val_acc=nan val_loss=nan best=-1.0000
[step 0010/150] method=baseline_cagrad loss=0.8168 train_acc=nan train_loss=nan val_acc=nan val_loss=nan best=-1.0000
[step 0020/150] method=baseline_cagrad loss=0.6845 train_acc=nan train_loss=nan val_acc=nan val_loss=nan best=-1.0000
[step 0030/150] method=baseline_cagrad loss=0.7163 train_acc=nan train_loss=nan val_acc=nan val_loss=nan best=-1.0000
[step 0040/150] method=baseline_cagrad loss=0.6865 train_acc=nan train_loss=nan val_acc=nan val_loss=nan best=-1.0000
[step 0050/150] method=baseline_cagrad loss=0.5624 train_acc=0.5542 train_loss=0.6705 val_acc=0.5415 val_loss=0.6713 router_H=0.6923 best=0.5415
           router_load=[0.5100893378257751, 0.15163066983222961, 0.33499500155448914, 0.003284960985183716]
[step 0060/150] method=baseline_cagrad loss=0.6524 train_acc=0.5542 train_loss=0.6705 val_acc=0.5415 val_loss=0.6713 router_H=0.6923 best=0.5415
           router_load=[0.5100893378257751, 0.15163066983222961, 0.33499500155448914, 0.003284960985183716]
[step 0070/150] method=baseline_cagrad loss=0.6688 train_acc=0.5542 train_loss=0.6705 val_acc=0.5415 val_loss=0.6713 router_H=0.6923 best=0.5415
           router_load=[0.5100893378257751, 0.15163066983222961, 0.33499500155448914, 0.003284960985183716]
[step 0080/150] method=baseline_cagrad loss=0.6531 train_acc=0.5542 train_loss=0.6705 val_acc=0.5415 val_loss=0.6713 router_H=0.6923 best=0.5415
           router_load=[0.5100893378257751, 0.15163066983222961, 0.33499500155448914, 0.003284960985183716]
[step 0090/150] method=baseline_cagrad loss=0.6969 train_acc=0.5542 train_loss=0.6705 val_acc=0.5415 val_loss=0.6713 router_H=0.6923 best=0.5415
           router_load=[0.5100893378257751, 0.15163066983222961, 0.33499500155448914, 0.003284960985183716]
[step 0100/150] method=baseline_cagrad loss=0.6405 train_acc=0.6928 train_loss=0.6133 val_acc=0.6318 val_loss=0.6513 router_H=0.6926 best=0.6318
           router_load=[0.4870525002479553, 0.13380296528339386, 0.3440978229045868, 0.035046711564064026]
[step 0110/150] method=baseline_cagrad loss=0.6330 train_acc=0.6928 train_loss=0.6133 val_acc=0.6318 val_loss=0.6513 router_H=0.6926 best=0.6318
           router_load=[0.4870525002479553, 0.13380296528339386, 0.3440978229045868, 0.035046711564064026]
[step 0120/150] method=baseline_cagrad loss=0.6075 train_acc=0.6928 train_loss=0.6133 val_acc=0.6318 val_loss=0.6513 router_H=0.6926 best=0.6318
           router_load=[0.4870525002479553, 0.13380296528339386, 0.3440978229045868, 0.035046711564064026]
[step 0130/150] method=baseline_cagrad loss=0.6103 train_acc=0.6928 train_loss=0.6133 val_acc=0.6318 val_loss=0.6513 router_H=0.6926 best=0.6318
           router_load=[0.4870525002479553, 0.13380296528339386, 0.3440978229045868, 0.035046711564064026]
[step 0140/150] method=baseline_cagrad loss=0.7197 train_acc=0.6928 train_loss=0.6133 val_acc=0.6318 val_loss=0.6513 router_H=0.6926 best=0.6318
           router_load=[0.4870525002479553, 0.13380296528339386, 0.3440978229045868, 0.035046711564064026]
[step 0150/150] method=baseline_cagrad loss=0.5878 train_acc=0.7490 train_loss=0.5841 val_acc=0.6715 val_loss=0.6212 router_H=0.6925 best=0.6715
           router_load=[0.5062555074691772, 0.06953316181898117, 0.3675621747970581, 0.0566490963101387]
saved summary -> /home/zhujjing/MOE-grad-conflict-routing/runs/paper_suite/single_gpu/single_task/roberta_rte_lora_e4_k2/hpo/cagrad/trial_runs/coord_03_train_grad_clip_014/cagrad_s2.json
saved curve -> /home/zhujjing/MOE-grad-conflict-routing/runs/paper_suite/single_gpu/single_task/roberta_rte_lora_e4_k2/hpo/cagrad/trial_runs/coord_03_train_grad_clip_014/cagrad_s2_curve.csv
