[run] method=cagrad candidate=coord_03_train_grad_clip_007 seed=2 steps=150 gpu=0
[run] cmd=
/home/zhujjing/anaconda3/envs/moe/bin/python /home/zhujjing/MOE-grad-conflict-routing/scripts/run.py --config configs/singletask_rte_real.yaml --set model.backbone_backend=hf --set model.hf_load_pretrained=true --set model.backbone=roberta --set model.hf_pretrained_name=roberta-base --set model.expert_type=lora --set model.routing_mode=topk --set model.num_experts=4 --set model.top_k=2 --set seed=2 --set method.name=baseline_cagrad --set train.steps=150 --set train.eval_every_steps=50 --set method.baseline_cagrad.c=0.4 --set method.baseline_cagrad.inner_lr=0.1 --set train.grad_clip=0.9778028381 --set train.lr=2.410351909e-05 --set train.weight_decay=0.03456878451 --out /home/zhujjing/MOE-grad-conflict-routing/runs/paper_suite/single_gpu/single_task/roberta_rte_lora_e4_k2/hpo/cagrad/trial_runs/coord_03_train_grad_clip_007/cagrad_s2.json --curve_out /home/zhujjing/MOE-grad-conflict-routing/runs/paper_suite/single_gpu/single_task/roberta_rte_lora_e4_k2/hpo/cagrad/trial_runs/coord_03_train_grad_clip_007/cagrad_s2_curve.csv
Using the latest cached version of the dataset since glue couldn't be found on the Hugging Face Hub (offline mode is enabled).
Found the latest cached dataset configuration 'rte' at /home/zhujjing/hf_cache/datasets/glue/rte/0.0.0/bcdcba79d07bc864c1c254ccfcedcce55bcc9a8c (last modified on Thu Mar 19 15:00:36 2026).
/home/zhujjing/anaconda3/envs/moe/lib/python3.10/site-packages/transformers/utils/hub.py:124: FutureWarning: Using `TRANSFORMERS_CACHE` is deprecated and will be removed in v5 of Transformers. Use `HF_HOME` instead.
  warnings.warn(
Some weights of RobertaModel were not initialized from the model checkpoint at roberta-base and are newly initialized: ['roberta.pooler.dense.bias', 'roberta.pooler.dense.weight']
You should probably TRAIN this model on a down-stream task to be able to use it for predictions and inference.
[step 0001/150] method=baseline_cagrad loss=0.7115 train_acc=nan train_loss=nan val_acc=nan val_loss=nan best=-1.0000
[step 0010/150] method=baseline_cagrad loss=0.8806 train_acc=nan train_loss=nan val_acc=nan val_loss=nan best=-1.0000
[step 0020/150] method=baseline_cagrad loss=0.6771 train_acc=nan train_loss=nan val_acc=nan val_loss=nan best=-1.0000
[step 0030/150] method=baseline_cagrad loss=0.7241 train_acc=nan train_loss=nan val_acc=nan val_loss=nan best=-1.0000
[step 0040/150] method=baseline_cagrad loss=0.6830 train_acc=nan train_loss=nan val_acc=nan val_loss=nan best=-1.0000
[step 0050/150] method=baseline_cagrad loss=0.5601 train_acc=0.5068 train_loss=0.6838 val_acc=0.5271 val_loss=0.6778 router_H=0.6857 best=0.5271
           router_load=[0.21050836145877838, 0.229765847325325, 0.0, 0.5597258806228638]
[step 0060/150] method=baseline_cagrad loss=0.6671 train_acc=0.5068 train_loss=0.6838 val_acc=0.5271 val_loss=0.6778 router_H=0.6857 best=0.5271
           router_load=[0.21050836145877838, 0.229765847325325, 0.0, 0.5597258806228638]
[step 0070/150] method=baseline_cagrad loss=0.6932 train_acc=0.5068 train_loss=0.6838 val_acc=0.5271 val_loss=0.6778 router_H=0.6857 best=0.5271
           router_load=[0.21050836145877838, 0.229765847325325, 0.0, 0.5597258806228638]
[step 0080/150] method=baseline_cagrad loss=0.6896 train_acc=0.5068 train_loss=0.6838 val_acc=0.5271 val_loss=0.6778 router_H=0.6857 best=0.5271
           router_load=[0.21050836145877838, 0.229765847325325, 0.0, 0.5597258806228638]
[step 0090/150] method=baseline_cagrad loss=0.7314 train_acc=0.5068 train_loss=0.6838 val_acc=0.5271 val_loss=0.6778 router_H=0.6857 best=0.5271
           router_load=[0.21050836145877838, 0.229765847325325, 0.0, 0.5597258806228638]
[step 0100/150] method=baseline_cagrad loss=0.6513 train_acc=0.7008 train_loss=0.6217 val_acc=0.6318 val_loss=0.6511 router_H=0.6867 best=0.6318
           router_load=[0.24818284809589386, 0.19719940423965454, 0.0, 0.5546178221702576]
[step 0110/150] method=baseline_cagrad loss=0.6375 train_acc=0.7008 train_loss=0.6217 val_acc=0.6318 val_loss=0.6511 router_H=0.6867 best=0.6318
           router_load=[0.24818284809589386, 0.19719940423965454, 0.0, 0.5546178221702576]
[step 0120/150] method=baseline_cagrad loss=0.6118 train_acc=0.7008 train_loss=0.6217 val_acc=0.6318 val_loss=0.6511 router_H=0.6867 best=0.6318
           router_load=[0.24818284809589386, 0.19719940423965454, 0.0, 0.5546178221702576]
[step 0130/150] method=baseline_cagrad loss=0.6114 train_acc=0.7008 train_loss=0.6217 val_acc=0.6318 val_loss=0.6511 router_H=0.6867 best=0.6318
           router_load=[0.24818284809589386, 0.19719940423965454, 0.0, 0.5546178221702576]
[step 0140/150] method=baseline_cagrad loss=0.6483 train_acc=0.7008 train_loss=0.6217 val_acc=0.6318 val_loss=0.6511 router_H=0.6867 best=0.6318
           router_load=[0.24818284809589386, 0.19719940423965454, 0.0, 0.5546178221702576]
[step 0150/150] method=baseline_cagrad loss=0.6345 train_acc=0.6855 train_loss=0.6135 val_acc=0.6498 val_loss=0.6359 router_H=0.6860 best=0.6498
           router_load=[0.18033891916275024, 0.2619786560535431, 0.0, 0.557682454586029]
saved summary -> /home/zhujjing/MOE-grad-conflict-routing/runs/paper_suite/single_gpu/single_task/roberta_rte_lora_e4_k2/hpo/cagrad/trial_runs/coord_03_train_grad_clip_007/cagrad_s2.json
saved curve -> /home/zhujjing/MOE-grad-conflict-routing/runs/paper_suite/single_gpu/single_task/roberta_rte_lora_e4_k2/hpo/cagrad/trial_runs/coord_03_train_grad_clip_007/cagrad_s2_curve.csv
