[run] method=cagrad candidate=local_var_topk_014 seed=11 steps=1000 gpu=0
[run] cmd=
/home/zhujjing/anaconda3/envs/moe/bin/python /home/zhujjing/MOE-grad-conflict-routing/scripts/run.py --config configs/singletask_mrpc_real.yaml --set model.backbone_backend=hf --set model.hf_load_pretrained=true --set model.backbone=roberta --set model.hf_pretrained_name=roberta-base --set model.expert_type=lora --set model.routing_mode=topk --set model.num_experts=4 --set model.top_k=2 --set seed=11 --set method.name=baseline_cagrad --set train.steps=1000 --set train.eval_every_steps=50 --set method.baseline_cagrad.c=0.2865396522 --set method.baseline_cagrad.inner_lr=0.5 --set train.grad_clip=0.8201921409 --set train.lr=1.6931018e-05 --set train.weight_decay=0.00811280231 --out /home/zhujjing/MOE-grad-conflict-routing/runs/paper_suite/single_gpu/single_task/roberta_mrpc_lora_e4_k2/final/cagrad_s11.json --curve_out /home/zhujjing/MOE-grad-conflict-routing/runs/paper_suite/single_gpu/single_task/roberta_mrpc_lora_e4_k2/final/cagrad_s11_curve.csv
Using the latest cached version of the dataset since glue couldn't be found on the Hugging Face Hub (offline mode is enabled).
Found the latest cached dataset configuration 'mrpc' at /home/zhujjing/hf_cache/datasets/glue/mrpc/0.0.0/bcdcba79d07bc864c1c254ccfcedcce55bcc9a8c (last modified on Thu Mar 19 15:01:06 2026).
/home/zhujjing/anaconda3/envs/moe/lib/python3.10/site-packages/transformers/utils/hub.py:124: FutureWarning: Using `TRANSFORMERS_CACHE` is deprecated and will be removed in v5 of Transformers. Use `HF_HOME` instead.
  warnings.warn(
Some weights of RobertaModel were not initialized from the model checkpoint at roberta-base and are newly initialized: ['roberta.pooler.dense.bias', 'roberta.pooler.dense.weight']
You should probably TRAIN this model on a down-stream task to be able to use it for predictions and inference.
[step 0001/1000] method=baseline_cagrad loss=0.7105 train_acc=nan train_loss=nan val_acc=nan val_loss=nan best=-1.0000
[step 0010/1000] method=baseline_cagrad loss=0.6939 train_acc=nan train_loss=nan val_acc=nan val_loss=nan best=-1.0000
[step 0020/1000] method=baseline_cagrad loss=0.6505 train_acc=nan train_loss=nan val_acc=nan val_loss=nan best=-1.0000
[step 0030/1000] method=baseline_cagrad loss=0.6469 train_acc=nan train_loss=nan val_acc=nan val_loss=nan best=-1.0000
[step 0040/1000] method=baseline_cagrad loss=0.7519 train_acc=nan train_loss=nan val_acc=nan val_loss=nan best=-1.0000
[step 0050/1000] method=baseline_cagrad loss=0.5272 train_acc=0.7415 train_loss=0.5268 val_acc=0.7304 val_loss=0.5187 router_H=0.6776 best=0.7304
           router_load=[0.0, 0.5843883156776428, 0.4156116545200348, 0.0]
[step 0060/1000] method=baseline_cagrad loss=0.3702 train_acc=0.7415 train_loss=0.5268 val_acc=0.7304 val_loss=0.5187 router_H=0.6776 best=0.7304
           router_load=[0.0, 0.5843883156776428, 0.4156116545200348, 0.0]
[step 0070/1000] method=baseline_cagrad loss=0.5541 train_acc=0.7415 train_loss=0.5268 val_acc=0.7304 val_loss=0.5187 router_H=0.6776 best=0.7304
           router_load=[0.0, 0.5843883156776428, 0.4156116545200348, 0.0]
[step 0080/1000] method=baseline_cagrad loss=0.5031 train_acc=0.7415 train_loss=0.5268 val_acc=0.7304 val_loss=0.5187 router_H=0.6776 best=0.7304
           router_load=[0.0, 0.5843883156776428, 0.4156116545200348, 0.0]
[step 0090/1000] method=baseline_cagrad loss=0.6024 train_acc=0.7415 train_loss=0.5268 val_acc=0.7304 val_loss=0.5187 router_H=0.6776 best=0.7304
           router_load=[0.0, 0.5843883156776428, 0.4156116545200348, 0.0]
[step 0100/1000] method=baseline_cagrad loss=0.2776 train_acc=0.7661 train_loss=0.4841 val_acc=0.7745 val_loss=0.4881 router_H=0.6863 best=0.7745
           router_load=[0.005699847359210253, 0.5497260689735413, 0.4445740282535553, 0.0]
[step 0110/1000] method=baseline_cagrad loss=0.5181 train_acc=0.7661 train_loss=0.4841 val_acc=0.7745 val_loss=0.4881 router_H=0.6863 best=0.7745
           router_load=[0.005699847359210253, 0.5497260689735413, 0.4445740282535553, 0.0]
[step 0120/1000] method=baseline_cagrad loss=0.2891 train_acc=0.7661 train_loss=0.4841 val_acc=0.7745 val_loss=0.4881 router_H=0.6863 best=0.7745
           router_load=[0.005699847359210253, 0.5497260689735413, 0.4445740282535553, 0.0]
[step 0130/1000] method=baseline_cagrad loss=0.6566 train_acc=0.7661 train_loss=0.4841 val_acc=0.7745 val_loss=0.4881 router_H=0.6863 best=0.7745
           router_load=[0.005699847359210253, 0.5497260689735413, 0.4445740282535553, 0.0]
[step 0140/1000] method=baseline_cagrad loss=0.5445 train_acc=0.7661 train_loss=0.4841 val_acc=0.7745 val_loss=0.4881 router_H=0.6863 best=0.7745
           router_load=[0.005699847359210253, 0.5497260689735413, 0.4445740282535553, 0.0]
[step 0150/1000] method=baseline_cagrad loss=0.4215 train_acc=0.8468 train_loss=0.3416 val_acc=0.8260 val_loss=0.3665 router_H=0.6891 best=0.8260
           router_load=[0.12853877246379852, 0.4901987612247467, 0.3812624514102936, 0.0]
[step 0160/1000] method=baseline_cagrad loss=0.3689 train_acc=0.8468 train_loss=0.3416 val_acc=0.8260 val_loss=0.3665 router_H=0.6891 best=0.8260
           router_load=[0.12853877246379852, 0.4901987612247467, 0.3812624514102936, 0.0]
[step 0170/1000] method=baseline_cagrad loss=0.2890 train_acc=0.8468 train_loss=0.3416 val_acc=0.8260 val_loss=0.3665 router_H=0.6891 best=0.8260
           router_load=[0.12853877246379852, 0.4901987612247467, 0.3812624514102936, 0.0]
[step 0180/1000] method=baseline_cagrad loss=0.6046 train_acc=0.8468 train_loss=0.3416 val_acc=0.8260 val_loss=0.3665 router_H=0.6891 best=0.8260
           router_load=[0.12853877246379852, 0.4901987612247467, 0.3812624514102936, 0.0]
[step 0190/1000] method=baseline_cagrad loss=0.5172 train_acc=0.8468 train_loss=0.3416 val_acc=0.8260 val_loss=0.3665 router_H=0.6891 best=0.8260
           router_load=[0.12853877246379852, 0.4901987612247467, 0.3812624514102936, 0.0]
[step 0200/1000] method=baseline_cagrad loss=0.1644 train_acc=0.8814 train_loss=0.3175 val_acc=0.8897 val_loss=0.3359 router_H=0.6876 best=0.8897
           router_load=[0.06557751446962357, 0.5463175773620605, 0.3881048262119293, 0.0]
[step 0210/1000] method=baseline_cagrad loss=0.4120 train_acc=0.8814 train_loss=0.3175 val_acc=0.8897 val_loss=0.3359 router_H=0.6876 best=0.8897
           router_load=[0.06557751446962357, 0.5463175773620605, 0.3881048262119293, 0.0]
[step 0220/1000] method=baseline_cagrad loss=0.4264 train_acc=0.8814 train_loss=0.3175 val_acc=0.8897 val_loss=0.3359 router_H=0.6876 best=0.8897
           router_load=[0.06557751446962357, 0.5463175773620605, 0.3881048262119293, 0.0]
[step 0230/1000] method=baseline_cagrad loss=0.3879 train_acc=0.8814 train_loss=0.3175 val_acc=0.8897 val_loss=0.3359 router_H=0.6876 best=0.8897
           router_load=[0.06557751446962357, 0.5463175773620605, 0.3881048262119293, 0.0]
[step 0240/1000] method=baseline_cagrad loss=0.4983 train_acc=0.8814 train_loss=0.3175 val_acc=0.8897 val_loss=0.3359 router_H=0.6876 best=0.8897
           router_load=[0.06557751446962357, 0.5463175773620605, 0.3881048262119293, 0.0]
[step 0250/1000] method=baseline_cagrad loss=0.3986 train_acc=0.8956 train_loss=0.2702 val_acc=0.8750 val_loss=0.3443 router_H=0.6864 best=0.8897
           router_load=[0.23988814651966095, 0.5196338891983032, 0.240478053689003, 0.0]
[step 0260/1000] method=baseline_cagrad loss=0.3079 train_acc=0.8956 train_loss=0.2702 val_acc=0.8750 val_loss=0.3443 router_H=0.6864 best=0.8897
           router_load=[0.23988814651966095, 0.5196338891983032, 0.240478053689003, 0.0]
[step 0270/1000] method=baseline_cagrad loss=0.4683 train_acc=0.8956 train_loss=0.2702 val_acc=0.8750 val_loss=0.3443 router_H=0.6864 best=0.8897
           router_load=[0.23988814651966095, 0.5196338891983032, 0.240478053689003, 0.0]
[step 0280/1000] method=baseline_cagrad loss=0.2520 train_acc=0.8956 train_loss=0.2702 val_acc=0.8750 val_loss=0.3443 router_H=0.6864 best=0.8897
           router_load=[0.23988814651966095, 0.5196338891983032, 0.240478053689003, 0.0]
[step 0290/1000] method=baseline_cagrad loss=0.1120 train_acc=0.8956 train_loss=0.2702 val_acc=0.8750 val_loss=0.3443 router_H=0.6864 best=0.8897
           router_load=[0.23988814651966095, 0.5196338891983032, 0.240478053689003, 0.0]
[step 0300/1000] method=baseline_cagrad loss=0.1000 train_acc=0.9057 train_loss=0.2214 val_acc=0.8750 val_loss=0.2983 router_H=0.6819 best=0.8897
           router_load=[0.14863801002502441, 0.5672573447227478, 0.2841046154499054, 0.0]
[step 0310/1000] method=baseline_cagrad loss=0.2142 train_acc=0.9057 train_loss=0.2214 val_acc=0.8750 val_loss=0.2983 router_H=0.6819 best=0.8897
           router_load=[0.14863801002502441, 0.5672573447227478, 0.2841046154499054, 0.0]
[step 0320/1000] method=baseline_cagrad loss=0.1053 train_acc=0.9057 train_loss=0.2214 val_acc=0.8750 val_loss=0.2983 router_H=0.6819 best=0.8897
           router_load=[0.14863801002502441, 0.5672573447227478, 0.2841046154499054, 0.0]
[step 0330/1000] method=baseline_cagrad loss=0.3390 train_acc=0.9057 train_loss=0.2214 val_acc=0.8750 val_loss=0.2983 router_H=0.6819 best=0.8897
           router_load=[0.14863801002502441, 0.5672573447227478, 0.2841046154499054, 0.0]
[step 0340/1000] method=baseline_cagrad loss=0.3152 train_acc=0.9057 train_loss=0.2214 val_acc=0.8750 val_loss=0.2983 router_H=0.6819 best=0.8897
           router_load=[0.14863801002502441, 0.5672573447227478, 0.2841046154499054, 0.0]
[step 0350/1000] method=baseline_cagrad loss=0.2350 train_acc=0.9196 train_loss=0.2191 val_acc=0.8750 val_loss=0.3448 router_H=0.6803 best=0.8897
           router_load=[0.21938565373420715, 0.5727040767669678, 0.20791032910346985, 0.0]
[step 0360/1000] method=baseline_cagrad loss=0.3694 train_acc=0.9196 train_loss=0.2191 val_acc=0.8750 val_loss=0.3448 router_H=0.6803 best=0.8897
           router_load=[0.21938565373420715, 0.5727040767669678, 0.20791032910346985, 0.0]
[step 0370/1000] method=baseline_cagrad loss=0.6391 train_acc=0.9196 train_loss=0.2191 val_acc=0.8750 val_loss=0.3448 router_H=0.6803 best=0.8897
           router_load=[0.21938565373420715, 0.5727040767669678, 0.20791032910346985, 0.0]
[step 0380/1000] method=baseline_cagrad loss=0.4592 train_acc=0.9196 train_loss=0.2191 val_acc=0.8750 val_loss=0.3448 router_H=0.6803 best=0.8897
           router_load=[0.21938565373420715, 0.5727040767669678, 0.20791032910346985, 0.0]
[step 0390/1000] method=baseline_cagrad loss=0.5214 train_acc=0.9196 train_loss=0.2191 val_acc=0.8750 val_loss=0.3448 router_H=0.6803 best=0.8897
           router_load=[0.21938565373420715, 0.5727040767669678, 0.20791032910346985, 0.0]
[step 0400/1000] method=baseline_cagrad loss=0.2530 train_acc=0.9234 train_loss=0.2085 val_acc=0.8701 val_loss=0.2986 router_H=0.6873 best=0.8897
           router_load=[0.024051593616604805, 0.5304222702980042, 0.4455261528491974, 0.0]
[step 0410/1000] method=baseline_cagrad loss=0.5817 train_acc=0.9234 train_loss=0.2085 val_acc=0.8701 val_loss=0.2986 router_H=0.6873 best=0.8897
           router_load=[0.024051593616604805, 0.5304222702980042, 0.4455261528491974, 0.0]
[step 0420/1000] method=baseline_cagrad loss=0.1363 train_acc=0.9234 train_loss=0.2085 val_acc=0.8701 val_loss=0.2986 router_H=0.6873 best=0.8897
           router_load=[0.024051593616604805, 0.5304222702980042, 0.4455261528491974, 0.0]
[step 0430/1000] method=baseline_cagrad loss=0.4486 train_acc=0.9234 train_loss=0.2085 val_acc=0.8701 val_loss=0.2986 router_H=0.6873 best=0.8897
           router_load=[0.024051593616604805, 0.5304222702980042, 0.4455261528491974, 0.0]
[step 0440/1000] method=baseline_cagrad loss=0.1616 train_acc=0.9234 train_loss=0.2085 val_acc=0.8701 val_loss=0.2986 router_H=0.6873 best=0.8897
           router_load=[0.024051593616604805, 0.5304222702980042, 0.4455261528491974, 0.0]
[step 0450/1000] method=baseline_cagrad loss=0.5142 train_acc=0.9376 train_loss=0.1671 val_acc=0.8652 val_loss=0.3534 router_H=0.6838 best=0.8897
           router_load=[0.2718625068664551, 0.5420991778373718, 0.18603825569152832, 0.0]
[step 0460/1000] method=baseline_cagrad loss=0.9312 train_acc=0.9376 train_loss=0.1671 val_acc=0.8652 val_loss=0.3534 router_H=0.6838 best=0.8897
           router_load=[0.2718625068664551, 0.5420991778373718, 0.18603825569152832, 0.0]
[step 0470/1000] method=baseline_cagrad loss=0.0544 train_acc=0.9376 train_loss=0.1671 val_acc=0.8652 val_loss=0.3534 router_H=0.6838 best=0.8897
           router_load=[0.2718625068664551, 0.5420991778373718, 0.18603825569152832, 0.0]
[step 0480/1000] method=baseline_cagrad loss=0.1470 train_acc=0.9376 train_loss=0.1671 val_acc=0.8652 val_loss=0.3534 router_H=0.6838 best=0.8897
           router_load=[0.2718625068664551, 0.5420991778373718, 0.18603825569152832, 0.0]
[step 0490/1000] method=baseline_cagrad loss=0.2023 train_acc=0.9376 train_loss=0.1671 val_acc=0.8652 val_loss=0.3534 router_H=0.6838 best=0.8897
           router_load=[0.2718625068664551, 0.5420991778373718, 0.18603825569152832, 0.0]
[step 0500/1000] method=baseline_cagrad loss=0.0383 train_acc=0.9498 train_loss=0.1563 val_acc=0.8775 val_loss=0.4238 router_H=0.6796 best=0.8897
           router_load=[0.3398610055446625, 0.513276219367981, 0.14686284959316254, 0.0]
[step 0510/1000] method=baseline_cagrad loss=1.0790 train_acc=0.9498 train_loss=0.1563 val_acc=0.8775 val_loss=0.4238 router_H=0.6796 best=0.8897
           router_load=[0.3398610055446625, 0.513276219367981, 0.14686284959316254, 0.0]
[step 0520/1000] method=baseline_cagrad loss=0.1629 train_acc=0.9498 train_loss=0.1563 val_acc=0.8775 val_loss=0.4238 router_H=0.6796 best=0.8897
           router_load=[0.3398610055446625, 0.513276219367981, 0.14686284959316254, 0.0]
[step 0530/1000] method=baseline_cagrad loss=0.2320 train_acc=0.9498 train_loss=0.1563 val_acc=0.8775 val_loss=0.4238 router_H=0.6796 best=0.8897
           router_load=[0.3398610055446625, 0.513276219367981, 0.14686284959316254, 0.0]
[step 0540/1000] method=baseline_cagrad loss=0.0054 train_acc=0.9498 train_loss=0.1563 val_acc=0.8775 val_loss=0.4238 router_H=0.6796 best=0.8897
           router_load=[0.3398610055446625, 0.513276219367981, 0.14686284959316254, 0.0]
[step 0550/1000] method=baseline_cagrad loss=0.1814 train_acc=0.9452 train_loss=0.2189 val_acc=0.8725 val_loss=0.5944 router_H=0.6791 best=0.8897
           router_load=[0.3971022665500641, 0.5047672390937805, 0.09813045710325241, 0.0]
[step 0560/1000] method=baseline_cagrad loss=0.3434 train_acc=0.9452 train_loss=0.2189 val_acc=0.8725 val_loss=0.5944 router_H=0.6791 best=0.8897
           router_load=[0.3971022665500641, 0.5047672390937805, 0.09813045710325241, 0.0]
[step 0570/1000] method=baseline_cagrad loss=0.1072 train_acc=0.9452 train_loss=0.2189 val_acc=0.8725 val_loss=0.5944 router_H=0.6791 best=0.8897
           router_load=[0.3971022665500641, 0.5047672390937805, 0.09813045710325241, 0.0]
[step 0580/1000] method=baseline_cagrad loss=0.2598 train_acc=0.9452 train_loss=0.2189 val_acc=0.8725 val_loss=0.5944 router_H=0.6791 best=0.8897
           router_load=[0.3971022665500641, 0.5047672390937805, 0.09813045710325241, 0.0]
[step 0590/1000] method=baseline_cagrad loss=0.2019 train_acc=0.9452 train_loss=0.2189 val_acc=0.8725 val_loss=0.5944 router_H=0.6791 best=0.8897
           router_load=[0.3971022665500641, 0.5047672390937805, 0.09813045710325241, 0.0]
[step 0600/1000] method=baseline_cagrad loss=0.0242 train_acc=0.9656 train_loss=0.1061 val_acc=0.8873 val_loss=0.3646 router_H=0.6732 best=0.8897
           router_load=[0.27921634912490845, 0.5915830135345459, 0.1292005479335785, 0.0]
[step 0610/1000] method=baseline_cagrad loss=0.1740 train_acc=0.9656 train_loss=0.1061 val_acc=0.8873 val_loss=0.3646 router_H=0.6732 best=0.8897
           router_load=[0.27921634912490845, 0.5915830135345459, 0.1292005479335785, 0.0]
[step 0620/1000] method=baseline_cagrad loss=0.3131 train_acc=0.9656 train_loss=0.1061 val_acc=0.8873 val_loss=0.3646 router_H=0.6732 best=0.8897
           router_load=[0.27921634912490845, 0.5915830135345459, 0.1292005479335785, 0.0]
[step 0630/1000] method=baseline_cagrad loss=0.1288 train_acc=0.9656 train_loss=0.1061 val_acc=0.8873 val_loss=0.3646 router_H=0.6732 best=0.8897
           router_load=[0.27921634912490845, 0.5915830135345459, 0.1292005479335785, 0.0]
[step 0640/1000] method=baseline_cagrad loss=0.1185 train_acc=0.9656 train_loss=0.1061 val_acc=0.8873 val_loss=0.3646 router_H=0.6732 best=0.8897
           router_load=[0.27921634912490845, 0.5915830135345459, 0.1292005479335785, 0.0]
[step 0650/1000] method=baseline_cagrad loss=0.1605 train_acc=0.9597 train_loss=0.1191 val_acc=0.8627 val_loss=0.4159 router_H=0.6825 best=0.8897
           router_load=[0.3037854731082916, 0.5491496324539185, 0.14623548090457916, 0.0008294270373880863]
[step 0660/1000] method=baseline_cagrad loss=0.0958 train_acc=0.9597 train_loss=0.1191 val_acc=0.8627 val_loss=0.4159 router_H=0.6825 best=0.8897
           router_load=[0.3037854731082916, 0.5491496324539185, 0.14623548090457916, 0.0008294270373880863]
[step 0670/1000] method=baseline_cagrad loss=0.0630 train_acc=0.9597 train_loss=0.1191 val_acc=0.8627 val_loss=0.4159 router_H=0.6825 best=0.8897
           router_load=[0.3037854731082916, 0.5491496324539185, 0.14623548090457916, 0.0008294270373880863]
[step 0680/1000] method=baseline_cagrad loss=0.1270 train_acc=0.9597 train_loss=0.1191 val_acc=0.8627 val_loss=0.4159 router_H=0.6825 best=0.8897
           router_load=[0.3037854731082916, 0.5491496324539185, 0.14623548090457916, 0.0008294270373880863]
[step 0690/1000] method=baseline_cagrad loss=0.0095 train_acc=0.9597 train_loss=0.1191 val_acc=0.8627 val_loss=0.4159 router_H=0.6825 best=0.8897
           router_load=[0.3037854731082916, 0.5491496324539185, 0.14623548090457916, 0.0008294270373880863]
[step 0700/1000] method=baseline_cagrad loss=0.0050 train_acc=0.9602 train_loss=0.1283 val_acc=0.8775 val_loss=0.5399 router_H=0.6825 best=0.8897
           router_load=[0.3815065324306488, 0.5089280009269714, 0.109565369784832, 0.0]
[step 0710/1000] method=baseline_cagrad loss=0.0363 train_acc=0.9602 train_loss=0.1283 val_acc=0.8775 val_loss=0.5399 router_H=0.6825 best=0.8897
           router_load=[0.3815065324306488, 0.5089280009269714, 0.109565369784832, 0.0]
[step 0720/1000] method=baseline_cagrad loss=0.2793 train_acc=0.9602 train_loss=0.1283 val_acc=0.8775 val_loss=0.5399 router_H=0.6825 best=0.8897
           router_load=[0.3815065324306488, 0.5089280009269714, 0.109565369784832, 0.0]
[step 0730/1000] method=baseline_cagrad loss=0.2345 train_acc=0.9602 train_loss=0.1283 val_acc=0.8775 val_loss=0.5399 router_H=0.6825 best=0.8897
           router_load=[0.3815065324306488, 0.5089280009269714, 0.109565369784832, 0.0]
[step 0740/1000] method=baseline_cagrad loss=0.0034 train_acc=0.9602 train_loss=0.1283 val_acc=0.8775 val_loss=0.5399 router_H=0.6825 best=0.8897
           router_load=[0.3815065324306488, 0.5089280009269714, 0.109565369784832, 0.0]
[step 0750/1000] method=baseline_cagrad loss=0.0127 train_acc=0.9806 train_loss=0.0847 val_acc=0.8971 val_loss=0.4522 router_H=0.6760 best=0.8971
           router_load=[0.37902671098709106, 0.5211167335510254, 0.09907568246126175, 0.0007808224763721228]
[step 0760/1000] method=baseline_cagrad loss=0.4853 train_acc=0.9806 train_loss=0.0847 val_acc=0.8971 val_loss=0.4522 router_H=0.6760 best=0.8971
           router_load=[0.37902671098709106, 0.5211167335510254, 0.09907568246126175, 0.0007808224763721228]
[step 0770/1000] method=baseline_cagrad loss=0.2565 train_acc=0.9806 train_loss=0.0847 val_acc=0.8971 val_loss=0.4522 router_H=0.6760 best=0.8971
           router_load=[0.37902671098709106, 0.5211167335510254, 0.09907568246126175, 0.0007808224763721228]
[step 0780/1000] method=baseline_cagrad loss=0.1645 train_acc=0.9806 train_loss=0.0847 val_acc=0.8971 val_loss=0.4522 router_H=0.6760 best=0.8971
           router_load=[0.37902671098709106, 0.5211167335510254, 0.09907568246126175, 0.0007808224763721228]
[step 0790/1000] method=baseline_cagrad loss=0.0073 train_acc=0.9806 train_loss=0.0847 val_acc=0.8971 val_loss=0.4522 router_H=0.6760 best=0.8971
           router_load=[0.37902671098709106, 0.5211167335510254, 0.09907568246126175, 0.0007808224763721228]
[step 0800/1000] method=baseline_cagrad loss=0.0016 train_acc=0.9798 train_loss=0.0820 val_acc=0.8922 val_loss=0.5945 router_H=0.6786 best=0.8971
           router_load=[0.3836613595485687, 0.4790828227996826, 0.13725578784942627, 0.0]
[step 0810/1000] method=baseline_cagrad loss=0.0019 train_acc=0.9798 train_loss=0.0820 val_acc=0.8922 val_loss=0.5945 router_H=0.6786 best=0.8971
           router_load=[0.3836613595485687, 0.4790828227996826, 0.13725578784942627, 0.0]
[step 0820/1000] method=baseline_cagrad loss=0.3849 train_acc=0.9798 train_loss=0.0820 val_acc=0.8922 val_loss=0.5945 router_H=0.6786 best=0.8971
           router_load=[0.3836613595485687, 0.4790828227996826, 0.13725578784942627, 0.0]
[step 0830/1000] method=baseline_cagrad loss=0.0034 train_acc=0.9798 train_loss=0.0820 val_acc=0.8922 val_loss=0.5945 router_H=0.6786 best=0.8971
           router_load=[0.3836613595485687, 0.4790828227996826, 0.13725578784942627, 0.0]
[step 0840/1000] method=baseline_cagrad loss=0.5687 train_acc=0.9798 train_loss=0.0820 val_acc=0.8922 val_loss=0.5945 router_H=0.6786 best=0.8971
           router_load=[0.3836613595485687, 0.4790828227996826, 0.13725578784942627, 0.0]
[step 0850/1000] method=baseline_cagrad loss=0.0236 train_acc=0.9793 train_loss=0.0777 val_acc=0.8676 val_loss=0.6129 router_H=0.6852 best=0.8971
           router_load=[0.34976109862327576, 0.5153050422668457, 0.1349339336156845, 0.0]
[step 0860/1000] method=baseline_cagrad loss=0.0038 train_acc=0.9793 train_loss=0.0777 val_acc=0.8676 val_loss=0.6129 router_H=0.6852 best=0.8971
           router_load=[0.34976109862327576, 0.5153050422668457, 0.1349339336156845, 0.0]
[step 0870/1000] method=baseline_cagrad loss=0.0308 train_acc=0.9793 train_loss=0.0777 val_acc=0.8676 val_loss=0.6129 router_H=0.6852 best=0.8971
           router_load=[0.34976109862327576, 0.5153050422668457, 0.1349339336156845, 0.0]
[step 0880/1000] method=baseline_cagrad loss=0.0017 train_acc=0.9793 train_loss=0.0777 val_acc=0.8676 val_loss=0.6129 router_H=0.6852 best=0.8971
           router_load=[0.34976109862327576, 0.5153050422668457, 0.1349339336156845, 0.0]
[step 0890/1000] method=baseline_cagrad loss=0.2906 train_acc=0.9793 train_loss=0.0777 val_acc=0.8676 val_loss=0.6129 router_H=0.6852 best=0.8971
           router_load=[0.34976109862327576, 0.5153050422668457, 0.1349339336156845, 0.0]
[step 0900/1000] method=baseline_cagrad loss=0.0319 train_acc=0.9624 train_loss=0.1283 val_acc=0.8775 val_loss=0.5777 router_H=0.6842 best=0.8971
           router_load=[0.3904730975627899, 0.4403832256793976, 0.1691436916589737, 0.0]
[step 0910/1000] method=baseline_cagrad loss=0.2935 train_acc=0.9624 train_loss=0.1283 val_acc=0.8775 val_loss=0.5777 router_H=0.6842 best=0.8971
           router_load=[0.3904730975627899, 0.4403832256793976, 0.1691436916589737, 0.0]
[step 0920/1000] method=baseline_cagrad loss=0.0017 train_acc=0.9624 train_loss=0.1283 val_acc=0.8775 val_loss=0.5777 router_H=0.6842 best=0.8971
           router_load=[0.3904730975627899, 0.4403832256793976, 0.1691436916589737, 0.0]
[step 0930/1000] method=baseline_cagrad loss=0.0086 train_acc=0.9624 train_loss=0.1283 val_acc=0.8775 val_loss=0.5777 router_H=0.6842 best=0.8971
           router_load=[0.3904730975627899, 0.4403832256793976, 0.1691436916589737, 0.0]
[step 0940/1000] method=baseline_cagrad loss=0.0226 train_acc=0.9624 train_loss=0.1283 val_acc=0.8775 val_loss=0.5777 router_H=0.6842 best=0.8971
           router_load=[0.3904730975627899, 0.4403832256793976, 0.1691436916589737, 0.0]
[step 0950/1000] method=baseline_cagrad loss=0.0018 train_acc=0.9826 train_loss=0.0721 val_acc=0.8971 val_loss=0.5703 router_H=0.6833 best=0.8971
           router_load=[0.3985089361667633, 0.44940534234046936, 0.15208591520786285, 0.0]
[step 0960/1000] method=baseline_cagrad loss=0.2971 train_acc=0.9826 train_loss=0.0721 val_acc=0.8971 val_loss=0.5703 router_H=0.6833 best=0.8971
           router_load=[0.3985089361667633, 0.44940534234046936, 0.15208591520786285, 0.0]
[step 0970/1000] method=baseline_cagrad loss=0.0011 train_acc=0.9826 train_loss=0.0721 val_acc=0.8971 val_loss=0.5703 router_H=0.6833 best=0.8971
           router_load=[0.3985089361667633, 0.44940534234046936, 0.15208591520786285, 0.0]
[step 0980/1000] method=baseline_cagrad loss=0.0012 train_acc=0.9826 train_loss=0.0721 val_acc=0.8971 val_loss=0.5703 router_H=0.6833 best=0.8971
           router_load=[0.3985089361667633, 0.44940534234046936, 0.15208591520786285, 0.0]
[step 0990/1000] method=baseline_cagrad loss=0.0087 train_acc=0.9826 train_loss=0.0721 val_acc=0.8971 val_loss=0.5703 router_H=0.6833 best=0.8971
           router_load=[0.3985089361667633, 0.44940534234046936, 0.15208591520786285, 0.0]
[step 1000/1000] method=baseline_cagrad loss=0.4601 train_acc=0.9806 train_loss=0.0865 val_acc=0.8824 val_loss=0.6549 router_H=0.6880 best=0.8971
           router_load=[0.4046579897403717, 0.4711868464946747, 0.12415516376495361, 0.0]
saved summary -> /home/zhujjing/MOE-grad-conflict-routing/runs/paper_suite/single_gpu/single_task/roberta_mrpc_lora_e4_k2/final/cagrad_s11.json
saved curve -> /home/zhujjing/MOE-grad-conflict-routing/runs/paper_suite/single_gpu/single_task/roberta_mrpc_lora_e4_k2/final/cagrad_s11_curve.csv
