[run] method=baseline candidate=coord_03_train_grad_clip_027 seed=3 steps=1000 gpu=0
[run] cmd=
/home/zhujjing/anaconda3/envs/moe/bin/python /home/zhujjing/MOE-grad-conflict-routing/scripts/run.py --config configs/singletask_rte_real.yaml --set model.backbone_backend=hf --set model.hf_load_pretrained=true --set model.backbone=roberta --set model.hf_pretrained_name=roberta-base --set model.expert_type=ffn --set model.routing_mode=topk --set model.num_experts=4 --set model.top_k=2 --set seed=3 --set method.name=baseline_avg --set train.steps=1000 --set train.eval_every_steps=50 --set train.grad_clip=1.202092639 --set train.lr=2.555178414e-05 --set train.weight_decay=0.01108226147 --out /home/zhujjing/MOE-grad-conflict-routing/runs/paper_suite/single_gpu/single_task/roberta_rte_ffn_e4_k2/final/baseline_s3.json --curve_out /home/zhujjing/MOE-grad-conflict-routing/runs/paper_suite/single_gpu/single_task/roberta_rte_ffn_e4_k2/final/baseline_s3_curve.csv
Using the latest cached version of the dataset since glue couldn't be found on the Hugging Face Hub (offline mode is enabled).
Found the latest cached dataset configuration 'rte' at /home/zhujjing/hf_cache/datasets/glue/rte/0.0.0/bcdcba79d07bc864c1c254ccfcedcce55bcc9a8c (last modified on Thu Mar 19 15:00:36 2026).
/home/zhujjing/anaconda3/envs/moe/lib/python3.10/site-packages/transformers/utils/hub.py:124: FutureWarning: Using `TRANSFORMERS_CACHE` is deprecated and will be removed in v5 of Transformers. Use `HF_HOME` instead.
  warnings.warn(
Some weights of RobertaModel were not initialized from the model checkpoint at roberta-base and are newly initialized: ['roberta.pooler.dense.bias', 'roberta.pooler.dense.weight']
You should probably TRAIN this model on a down-stream task to be able to use it for predictions and inference.
[step 0001/1000] method=baseline_avg loss=0.6948 train_acc=nan train_loss=nan val_acc=nan val_loss=nan best=-1.0000
[step 0010/1000] method=baseline_avg loss=0.6971 train_acc=nan train_loss=nan val_acc=nan val_loss=nan best=-1.0000
[step 0020/1000] method=baseline_avg loss=0.6981 train_acc=nan train_loss=nan val_acc=nan val_loss=nan best=-1.0000
[step 0030/1000] method=baseline_avg loss=0.6776 train_acc=nan train_loss=nan val_acc=nan val_loss=nan best=-1.0000
[step 0040/1000] method=baseline_avg loss=0.6660 train_acc=nan train_loss=nan val_acc=nan val_loss=nan best=-1.0000
[step 0050/1000] method=baseline_avg loss=0.5988 train_acc=0.6430 train_loss=0.6455 val_acc=0.6209 val_loss=0.6661 router_H=0.6773 best=0.6209
           router_load=[0.0479549877345562, 0.01226750947535038, 0.5743880867958069, 0.3653894364833832]
[step 0060/1000] method=baseline_avg loss=0.6994 train_acc=0.6430 train_loss=0.6455 val_acc=0.6209 val_loss=0.6661 router_H=0.6773 best=0.6209
           router_load=[0.0479549877345562, 0.01226750947535038, 0.5743880867958069, 0.3653894364833832]
[step 0070/1000] method=baseline_avg loss=0.6945 train_acc=0.6430 train_loss=0.6455 val_acc=0.6209 val_loss=0.6661 router_H=0.6773 best=0.6209
           router_load=[0.0479549877345562, 0.01226750947535038, 0.5743880867958069, 0.3653894364833832]
[step 0080/1000] method=baseline_avg loss=0.5461 train_acc=0.6430 train_loss=0.6455 val_acc=0.6209 val_loss=0.6661 router_H=0.6773 best=0.6209
           router_load=[0.0479549877345562, 0.01226750947535038, 0.5743880867958069, 0.3653894364833832]
[step 0090/1000] method=baseline_avg loss=0.5862 train_acc=0.6430 train_loss=0.6455 val_acc=0.6209 val_loss=0.6661 router_H=0.6773 best=0.6209
           router_load=[0.0479549877345562, 0.01226750947535038, 0.5743880867958069, 0.3653894364833832]
[step 0100/1000] method=baseline_avg loss=0.9504 train_acc=0.6639 train_loss=0.6103 val_acc=0.6426 val_loss=0.6273 router_H=0.6208 best=0.6426
           router_load=[0.2732890844345093, 0.0, 0.18490682542324066, 0.5418041348457336]
[step 0110/1000] method=baseline_avg loss=0.5938 train_acc=0.6639 train_loss=0.6103 val_acc=0.6426 val_loss=0.6273 router_H=0.6208 best=0.6426
           router_load=[0.2732890844345093, 0.0, 0.18490682542324066, 0.5418041348457336]
[step 0120/1000] method=baseline_avg loss=0.6764 train_acc=0.6639 train_loss=0.6103 val_acc=0.6426 val_loss=0.6273 router_H=0.6208 best=0.6426
           router_load=[0.2732890844345093, 0.0, 0.18490682542324066, 0.5418041348457336]
[step 0130/1000] method=baseline_avg loss=0.7509 train_acc=0.6639 train_loss=0.6103 val_acc=0.6426 val_loss=0.6273 router_H=0.6208 best=0.6426
           router_load=[0.2732890844345093, 0.0, 0.18490682542324066, 0.5418041348457336]
[step 0140/1000] method=baseline_avg loss=0.6749 train_acc=0.6639 train_loss=0.6103 val_acc=0.6426 val_loss=0.6273 router_H=0.6208 best=0.6426
           router_load=[0.2732890844345093, 0.0, 0.18490682542324066, 0.5418041348457336]
[step 0150/1000] method=baseline_avg loss=0.5868 train_acc=0.7655 train_loss=0.5350 val_acc=0.6859 val_loss=0.6023 router_H=0.6526 best=0.6859
           router_load=[0.3762578070163727, 0.0, 0.007148084230720997, 0.6165940761566162]
[step 0160/1000] method=baseline_avg loss=0.5447 train_acc=0.7655 train_loss=0.5350 val_acc=0.6859 val_loss=0.6023 router_H=0.6526 best=0.6859
           router_load=[0.3762578070163727, 0.0, 0.007148084230720997, 0.6165940761566162]
[step 0170/1000] method=baseline_avg loss=0.6179 train_acc=0.7655 train_loss=0.5350 val_acc=0.6859 val_loss=0.6023 router_H=0.6526 best=0.6859
           router_load=[0.3762578070163727, 0.0, 0.007148084230720997, 0.6165940761566162]
[step 0180/1000] method=baseline_avg loss=0.8018 train_acc=0.7655 train_loss=0.5350 val_acc=0.6859 val_loss=0.6023 router_H=0.6526 best=0.6859
           router_load=[0.3762578070163727, 0.0, 0.007148084230720997, 0.6165940761566162]
[step 0190/1000] method=baseline_avg loss=0.7277 train_acc=0.7655 train_loss=0.5350 val_acc=0.6859 val_loss=0.6023 router_H=0.6526 best=0.6859
           router_load=[0.3762578070163727, 0.0, 0.007148084230720997, 0.6165940761566162]
[step 0200/1000] method=baseline_avg loss=0.3898 train_acc=0.7610 train_loss=0.4971 val_acc=0.7040 val_loss=0.5956 router_H=0.5724 best=0.7040
           router_load=[0.1950264871120453, 0.04952562600374222, 0.02843143604695797, 0.7270164489746094]
[step 0210/1000] method=baseline_avg loss=0.6407 train_acc=0.7610 train_loss=0.4971 val_acc=0.7040 val_loss=0.5956 router_H=0.5724 best=0.7040
           router_load=[0.1950264871120453, 0.04952562600374222, 0.02843143604695797, 0.7270164489746094]
[step 0220/1000] method=baseline_avg loss=0.5746 train_acc=0.7610 train_loss=0.4971 val_acc=0.7040 val_loss=0.5956 router_H=0.5724 best=0.7040
           router_load=[0.1950264871120453, 0.04952562600374222, 0.02843143604695797, 0.7270164489746094]
[step 0230/1000] method=baseline_avg loss=0.3724 train_acc=0.7610 train_loss=0.4971 val_acc=0.7040 val_loss=0.5956 router_H=0.5724 best=0.7040
           router_load=[0.1950264871120453, 0.04952562600374222, 0.02843143604695797, 0.7270164489746094]
[step 0240/1000] method=baseline_avg loss=0.5600 train_acc=0.7610 train_loss=0.4971 val_acc=0.7040 val_loss=0.5956 router_H=0.5724 best=0.7040
           router_load=[0.1950264871120453, 0.04952562600374222, 0.02843143604695797, 0.7270164489746094]
[step 0250/1000] method=baseline_avg loss=0.4840 train_acc=0.7390 train_loss=0.5308 val_acc=0.6751 val_loss=0.6281 router_H=0.5043 best=0.7040
           router_load=[0.15207648277282715, 0.02418839931488037, 0.04233518987894058, 0.7814000248908997]
[step 0260/1000] method=baseline_avg loss=0.8305 train_acc=0.7390 train_loss=0.5308 val_acc=0.6751 val_loss=0.6281 router_H=0.5043 best=0.7040
           router_load=[0.15207648277282715, 0.02418839931488037, 0.04233518987894058, 0.7814000248908997]
[step 0270/1000] method=baseline_avg loss=0.6331 train_acc=0.7390 train_loss=0.5308 val_acc=0.6751 val_loss=0.6281 router_H=0.5043 best=0.7040
           router_load=[0.15207648277282715, 0.02418839931488037, 0.04233518987894058, 0.7814000248908997]
[step 0280/1000] method=baseline_avg loss=0.5592 train_acc=0.7390 train_loss=0.5308 val_acc=0.6751 val_loss=0.6281 router_H=0.5043 best=0.7040
           router_load=[0.15207648277282715, 0.02418839931488037, 0.04233518987894058, 0.7814000248908997]
[step 0290/1000] method=baseline_avg loss=0.8688 train_acc=0.7390 train_loss=0.5308 val_acc=0.6751 val_loss=0.6281 router_H=0.5043 best=0.7040
           router_load=[0.15207648277282715, 0.02418839931488037, 0.04233518987894058, 0.7814000248908997]
[step 0300/1000] method=baseline_avg loss=0.4854 train_acc=0.8313 train_loss=0.4734 val_acc=0.6823 val_loss=0.6165 router_H=0.5873 best=0.7040
           router_load=[0.12764349579811096, 0.0027055153623223305, 0.19010211527347565, 0.6795489192008972]
[step 0310/1000] method=baseline_avg loss=0.2817 train_acc=0.8313 train_loss=0.4734 val_acc=0.6823 val_loss=0.6165 router_H=0.5873 best=0.7040
           router_load=[0.12764349579811096, 0.0027055153623223305, 0.19010211527347565, 0.6795489192008972]
[step 0320/1000] method=baseline_avg loss=0.4023 train_acc=0.8313 train_loss=0.4734 val_acc=0.6823 val_loss=0.6165 router_H=0.5873 best=0.7040
           router_load=[0.12764349579811096, 0.0027055153623223305, 0.19010211527347565, 0.6795489192008972]
[step 0330/1000] method=baseline_avg loss=0.4713 train_acc=0.8313 train_loss=0.4734 val_acc=0.6823 val_loss=0.6165 router_H=0.5873 best=0.7040
           router_load=[0.12764349579811096, 0.0027055153623223305, 0.19010211527347565, 0.6795489192008972]
[step 0340/1000] method=baseline_avg loss=0.9197 train_acc=0.8313 train_loss=0.4734 val_acc=0.6823 val_loss=0.6165 router_H=0.5873 best=0.7040
           router_load=[0.12764349579811096, 0.0027055153623223305, 0.19010211527347565, 0.6795489192008972]
[step 0350/1000] method=baseline_avg loss=0.2252 train_acc=0.8414 train_loss=0.4068 val_acc=0.6931 val_loss=0.7514 router_H=0.4308 best=0.7040
           router_load=[0.07495265454053879, 0.024408765137195587, 0.11746875196695328, 0.7831697463989258]
[step 0360/1000] method=baseline_avg loss=0.2774 train_acc=0.8414 train_loss=0.4068 val_acc=0.6931 val_loss=0.7514 router_H=0.4308 best=0.7040
           router_load=[0.07495265454053879, 0.024408765137195587, 0.11746875196695328, 0.7831697463989258]
[step 0370/1000] method=baseline_avg loss=0.1940 train_acc=0.8414 train_loss=0.4068 val_acc=0.6931 val_loss=0.7514 router_H=0.4308 best=0.7040
           router_load=[0.07495265454053879, 0.024408765137195587, 0.11746875196695328, 0.7831697463989258]
[step 0380/1000] method=baseline_avg loss=0.6831 train_acc=0.8414 train_loss=0.4068 val_acc=0.6931 val_loss=0.7514 router_H=0.4308 best=0.7040
           router_load=[0.07495265454053879, 0.024408765137195587, 0.11746875196695328, 0.7831697463989258]
[step 0390/1000] method=baseline_avg loss=0.3670 train_acc=0.8414 train_loss=0.4068 val_acc=0.6931 val_loss=0.7514 router_H=0.4308 best=0.7040
           router_load=[0.07495265454053879, 0.024408765137195587, 0.11746875196695328, 0.7831697463989258]
[step 0400/1000] method=baseline_avg loss=0.3161 train_acc=0.8867 train_loss=0.2910 val_acc=0.7365 val_loss=0.6584 router_H=0.5175 best=0.7365
           router_load=[0.10822746157646179, 0.011141960509121418, 0.187504842877388, 0.6931257843971252]
[step 0410/1000] method=baseline_avg loss=0.1307 train_acc=0.8867 train_loss=0.2910 val_acc=0.7365 val_loss=0.6584 router_H=0.5175 best=0.7365
           router_load=[0.10822746157646179, 0.011141960509121418, 0.187504842877388, 0.6931257843971252]
[step 0420/1000] method=baseline_avg loss=0.1696 train_acc=0.8867 train_loss=0.2910 val_acc=0.7365 val_loss=0.6584 router_H=0.5175 best=0.7365
           router_load=[0.10822746157646179, 0.011141960509121418, 0.187504842877388, 0.6931257843971252]
[step 0430/1000] method=baseline_avg loss=0.4261 train_acc=0.8867 train_loss=0.2910 val_acc=0.7365 val_loss=0.6584 router_H=0.5175 best=0.7365
           router_load=[0.10822746157646179, 0.011141960509121418, 0.187504842877388, 0.6931257843971252]
[step 0440/1000] method=baseline_avg loss=0.5984 train_acc=0.8867 train_loss=0.2910 val_acc=0.7365 val_loss=0.6584 router_H=0.5175 best=0.7365
           router_load=[0.10822746157646179, 0.011141960509121418, 0.187504842877388, 0.6931257843971252]
[step 0450/1000] method=baseline_avg loss=0.6283 train_acc=0.9157 train_loss=0.2322 val_acc=0.7365 val_loss=0.6378 router_H=0.5465 best=0.7365
           router_load=[0.13711710274219513, 0.004918101243674755, 0.1595805585384369, 0.6983842849731445]
[step 0460/1000] method=baseline_avg loss=0.5434 train_acc=0.9157 train_loss=0.2322 val_acc=0.7365 val_loss=0.6378 router_H=0.5465 best=0.7365
           router_load=[0.13711710274219513, 0.004918101243674755, 0.1595805585384369, 0.6983842849731445]
[step 0470/1000] method=baseline_avg loss=0.4337 train_acc=0.9157 train_loss=0.2322 val_acc=0.7365 val_loss=0.6378 router_H=0.5465 best=0.7365
           router_load=[0.13711710274219513, 0.004918101243674755, 0.1595805585384369, 0.6983842849731445]
[step 0480/1000] method=baseline_avg loss=0.0409 train_acc=0.9157 train_loss=0.2322 val_acc=0.7365 val_loss=0.6378 router_H=0.5465 best=0.7365
           router_load=[0.13711710274219513, 0.004918101243674755, 0.1595805585384369, 0.6983842849731445]
[step 0490/1000] method=baseline_avg loss=0.1831 train_acc=0.9157 train_loss=0.2322 val_acc=0.7365 val_loss=0.6378 router_H=0.5465 best=0.7365
           router_load=[0.13711710274219513, 0.004918101243674755, 0.1595805585384369, 0.6983842849731445]
[step 0500/1000] method=baseline_avg loss=0.3604 train_acc=0.8301 train_loss=0.4412 val_acc=0.6643 val_loss=0.6905 router_H=0.6247 best=0.7365
           router_load=[0.0209527425467968, 0.000394877337384969, 0.3069046437740326, 0.6717477440834045]
[step 0510/1000] method=baseline_avg loss=0.1849 train_acc=0.8301 train_loss=0.4412 val_acc=0.6643 val_loss=0.6905 router_H=0.6247 best=0.7365
           router_load=[0.0209527425467968, 0.000394877337384969, 0.3069046437740326, 0.6717477440834045]
[step 0520/1000] method=baseline_avg loss=0.2844 train_acc=0.8301 train_loss=0.4412 val_acc=0.6643 val_loss=0.6905 router_H=0.6247 best=0.7365
           router_load=[0.0209527425467968, 0.000394877337384969, 0.3069046437740326, 0.6717477440834045]
[step 0530/1000] method=baseline_avg loss=0.4333 train_acc=0.8301 train_loss=0.4412 val_acc=0.6643 val_loss=0.6905 router_H=0.6247 best=0.7365
           router_load=[0.0209527425467968, 0.000394877337384969, 0.3069046437740326, 0.6717477440834045]
[step 0540/1000] method=baseline_avg loss=0.3554 train_acc=0.8301 train_loss=0.4412 val_acc=0.6643 val_loss=0.6905 router_H=0.6247 best=0.7365
           router_load=[0.0209527425467968, 0.000394877337384969, 0.3069046437740326, 0.6717477440834045]
[step 0550/1000] method=baseline_avg loss=0.5143 train_acc=0.9426 train_loss=0.1982 val_acc=0.7365 val_loss=0.6187 router_H=0.6050 best=0.7365
           router_load=[0.07414975017309189, 0.02697122097015381, 0.20847956836223602, 0.6903994083404541]
[step 0560/1000] method=baseline_avg loss=0.2815 train_acc=0.9426 train_loss=0.1982 val_acc=0.7365 val_loss=0.6187 router_H=0.6050 best=0.7365
           router_load=[0.07414975017309189, 0.02697122097015381, 0.20847956836223602, 0.6903994083404541]
[step 0570/1000] method=baseline_avg loss=0.3648 train_acc=0.9426 train_loss=0.1982 val_acc=0.7365 val_loss=0.6187 router_H=0.6050 best=0.7365
           router_load=[0.07414975017309189, 0.02697122097015381, 0.20847956836223602, 0.6903994083404541]
[step 0580/1000] method=baseline_avg loss=0.3797 train_acc=0.9426 train_loss=0.1982 val_acc=0.7365 val_loss=0.6187 router_H=0.6050 best=0.7365
           router_load=[0.07414975017309189, 0.02697122097015381, 0.20847956836223602, 0.6903994083404541]
[step 0590/1000] method=baseline_avg loss=0.3580 train_acc=0.9426 train_loss=0.1982 val_acc=0.7365 val_loss=0.6187 router_H=0.6050 best=0.7365
           router_load=[0.07414975017309189, 0.02697122097015381, 0.20847956836223602, 0.6903994083404541]
[step 0600/1000] method=baseline_avg loss=0.2243 train_acc=0.9305 train_loss=0.2156 val_acc=0.7329 val_loss=0.8464 router_H=0.6208 best=0.7365
           router_load=[0.06482139229774475, 0.0, 0.2630300521850586, 0.672148585319519]
[step 0610/1000] method=baseline_avg loss=0.9860 train_acc=0.9305 train_loss=0.2156 val_acc=0.7329 val_loss=0.8464 router_H=0.6208 best=0.7365
           router_load=[0.06482139229774475, 0.0, 0.2630300521850586, 0.672148585319519]
[step 0620/1000] method=baseline_avg loss=0.4697 train_acc=0.9305 train_loss=0.2156 val_acc=0.7329 val_loss=0.8464 router_H=0.6208 best=0.7365
           router_load=[0.06482139229774475, 0.0, 0.2630300521850586, 0.672148585319519]
[step 0630/1000] method=baseline_avg loss=0.3076 train_acc=0.9305 train_loss=0.2156 val_acc=0.7329 val_loss=0.8464 router_H=0.6208 best=0.7365
           router_load=[0.06482139229774475, 0.0, 0.2630300521850586, 0.672148585319519]
[step 0640/1000] method=baseline_avg loss=0.1247 train_acc=0.9305 train_loss=0.2156 val_acc=0.7329 val_loss=0.8464 router_H=0.6208 best=0.7365
           router_load=[0.06482139229774475, 0.0, 0.2630300521850586, 0.672148585319519]
[step 0650/1000] method=baseline_avg loss=0.1316 train_acc=0.9602 train_loss=0.1246 val_acc=0.7329 val_loss=0.8083 router_H=0.6158 best=0.7365
           router_load=[0.06226528063416481, 0.0, 0.2531887888908386, 0.6845459938049316]
[step 0660/1000] method=baseline_avg loss=0.2992 train_acc=0.9602 train_loss=0.1246 val_acc=0.7329 val_loss=0.8083 router_H=0.6158 best=0.7365
           router_load=[0.06226528063416481, 0.0, 0.2531887888908386, 0.6845459938049316]
[step 0670/1000] method=baseline_avg loss=0.1586 train_acc=0.9602 train_loss=0.1246 val_acc=0.7329 val_loss=0.8083 router_H=0.6158 best=0.7365
           router_load=[0.06226528063416481, 0.0, 0.2531887888908386, 0.6845459938049316]
[step 0680/1000] method=baseline_avg loss=0.2222 train_acc=0.9602 train_loss=0.1246 val_acc=0.7329 val_loss=0.8083 router_H=0.6158 best=0.7365
           router_load=[0.06226528063416481, 0.0, 0.2531887888908386, 0.6845459938049316]
[step 0690/1000] method=baseline_avg loss=0.0604 train_acc=0.9602 train_loss=0.1246 val_acc=0.7329 val_loss=0.8083 router_H=0.6158 best=0.7365
           router_load=[0.06226528063416481, 0.0, 0.2531887888908386, 0.6845459938049316]
[step 0700/1000] method=baseline_avg loss=0.6874 train_acc=0.9104 train_loss=0.3470 val_acc=0.6715 val_loss=1.1783 router_H=0.6245 best=0.7365
           router_load=[0.018326997756958008, 0.0013496950268745422, 0.30859336256980896, 0.6717300415039062]
[step 0710/1000] method=baseline_avg loss=0.1506 train_acc=0.9104 train_loss=0.3470 val_acc=0.6715 val_loss=1.1783 router_H=0.6245 best=0.7365
           router_load=[0.018326997756958008, 0.0013496950268745422, 0.30859336256980896, 0.6717300415039062]
[step 0720/1000] method=baseline_avg loss=0.2229 train_acc=0.9104 train_loss=0.3470 val_acc=0.6715 val_loss=1.1783 router_H=0.6245 best=0.7365
           router_load=[0.018326997756958008, 0.0013496950268745422, 0.30859336256980896, 0.6717300415039062]
[step 0730/1000] method=baseline_avg loss=0.0184 train_acc=0.9104 train_loss=0.3470 val_acc=0.6715 val_loss=1.1783 router_H=0.6245 best=0.7365
           router_load=[0.018326997756958008, 0.0013496950268745422, 0.30859336256980896, 0.6717300415039062]
[step 0740/1000] method=baseline_avg loss=0.0052 train_acc=0.9104 train_loss=0.3470 val_acc=0.6715 val_loss=1.1783 router_H=0.6245 best=0.7365
           router_load=[0.018326997756958008, 0.0013496950268745422, 0.30859336256980896, 0.6717300415039062]
[step 0750/1000] method=baseline_avg loss=0.0564 train_acc=0.9695 train_loss=0.1632 val_acc=0.7040 val_loss=1.2624 router_H=0.6646 best=0.7365
           router_load=[0.002345455577597022, 0.0, 0.3972516655921936, 0.60040283203125]
[step 0760/1000] method=baseline_avg loss=0.1244 train_acc=0.9695 train_loss=0.1632 val_acc=0.7040 val_loss=1.2624 router_H=0.6646 best=0.7365
           router_load=[0.002345455577597022, 0.0, 0.3972516655921936, 0.60040283203125]
[step 0770/1000] method=baseline_avg loss=0.4600 train_acc=0.9695 train_loss=0.1632 val_acc=0.7040 val_loss=1.2624 router_H=0.6646 best=0.7365
           router_load=[0.002345455577597022, 0.0, 0.3972516655921936, 0.60040283203125]
[step 0780/1000] method=baseline_avg loss=0.3046 train_acc=0.9695 train_loss=0.1632 val_acc=0.7040 val_loss=1.2624 router_H=0.6646 best=0.7365
           router_load=[0.002345455577597022, 0.0, 0.3972516655921936, 0.60040283203125]
[step 0790/1000] method=baseline_avg loss=0.2525 train_acc=0.9695 train_loss=0.1632 val_acc=0.7040 val_loss=1.2624 router_H=0.6646 best=0.7365
           router_load=[0.002345455577597022, 0.0, 0.3972516655921936, 0.60040283203125]
[step 0800/1000] method=baseline_avg loss=0.1793 train_acc=0.9265 train_loss=0.2260 val_acc=0.6462 val_loss=0.9743 router_H=0.6338 best=0.7365
           router_load=[0.009432452730834484, 0.0, 0.32866159081459045, 0.6619059443473816]
[step 0810/1000] method=baseline_avg loss=0.4494 train_acc=0.9265 train_loss=0.2260 val_acc=0.6462 val_loss=0.9743 router_H=0.6338 best=0.7365
           router_load=[0.009432452730834484, 0.0, 0.32866159081459045, 0.6619059443473816]
[step 0820/1000] method=baseline_avg loss=0.0261 train_acc=0.9265 train_loss=0.2260 val_acc=0.6462 val_loss=0.9743 router_H=0.6338 best=0.7365
           router_load=[0.009432452730834484, 0.0, 0.32866159081459045, 0.6619059443473816]
[step 0830/1000] method=baseline_avg loss=0.4992 train_acc=0.9265 train_loss=0.2260 val_acc=0.6462 val_loss=0.9743 router_H=0.6338 best=0.7365
           router_load=[0.009432452730834484, 0.0, 0.32866159081459045, 0.6619059443473816]
[step 0840/1000] method=baseline_avg loss=0.0243 train_acc=0.9265 train_loss=0.2260 val_acc=0.6462 val_loss=0.9743 router_H=0.6338 best=0.7365
           router_load=[0.009432452730834484, 0.0, 0.32866159081459045, 0.6619059443473816]
[step 0850/1000] method=baseline_avg loss=0.0120 train_acc=0.9811 train_loss=0.0697 val_acc=0.7112 val_loss=1.1911 router_H=0.6138 best=0.7365
           router_load=[0.008955726400017738, 0.0, 0.3281381130218506, 0.6629061698913574]
[step 0860/1000] method=baseline_avg loss=0.3065 train_acc=0.9811 train_loss=0.0697 val_acc=0.7112 val_loss=1.1911 router_H=0.6138 best=0.7365
           router_load=[0.008955726400017738, 0.0, 0.3281381130218506, 0.6629061698913574]
[step 0870/1000] method=baseline_avg loss=0.0080 train_acc=0.9811 train_loss=0.0697 val_acc=0.7112 val_loss=1.1911 router_H=0.6138 best=0.7365
           router_load=[0.008955726400017738, 0.0, 0.3281381130218506, 0.6629061698913574]
[step 0880/1000] method=baseline_avg loss=0.0055 train_acc=0.9811 train_loss=0.0697 val_acc=0.7112 val_loss=1.1911 router_H=0.6138 best=0.7365
           router_load=[0.008955726400017738, 0.0, 0.3281381130218506, 0.6629061698913574]
[step 0890/1000] method=baseline_avg loss=0.2937 train_acc=0.9811 train_loss=0.0697 val_acc=0.7112 val_loss=1.1911 router_H=0.6138 best=0.7365
           router_load=[0.008955726400017738, 0.0, 0.3281381130218506, 0.6629061698913574]
[step 0900/1000] method=baseline_avg loss=0.3315 train_acc=0.9739 train_loss=0.0974 val_acc=0.7004 val_loss=1.0573 router_H=0.6067 best=0.7365
           router_load=[0.004692777991294861, 0.004374643322080374, 0.2992965281009674, 0.6916361451148987]
[step 0910/1000] method=baseline_avg loss=0.2094 train_acc=0.9739 train_loss=0.0974 val_acc=0.7004 val_loss=1.0573 router_H=0.6067 best=0.7365
           router_load=[0.004692777991294861, 0.004374643322080374, 0.2992965281009674, 0.6916361451148987]
[step 0920/1000] method=baseline_avg loss=0.4845 train_acc=0.9739 train_loss=0.0974 val_acc=0.7004 val_loss=1.0573 router_H=0.6067 best=0.7365
           router_load=[0.004692777991294861, 0.004374643322080374, 0.2992965281009674, 0.6916361451148987]
[step 0930/1000] method=baseline_avg loss=0.3993 train_acc=0.9739 train_loss=0.0974 val_acc=0.7004 val_loss=1.0573 router_H=0.6067 best=0.7365
           router_load=[0.004692777991294861, 0.004374643322080374, 0.2992965281009674, 0.6916361451148987]
[step 0940/1000] method=baseline_avg loss=0.0070 train_acc=0.9739 train_loss=0.0974 val_acc=0.7004 val_loss=1.0573 router_H=0.6067 best=0.7365
           router_load=[0.004692777991294861, 0.004374643322080374, 0.2992965281009674, 0.6916361451148987]
[step 0950/1000] method=baseline_avg loss=0.0050 train_acc=0.9843 train_loss=0.0709 val_acc=0.7292 val_loss=1.2568 router_H=0.6576 best=0.7365
           router_load=[0.015792999416589737, 0.001828545704483986, 0.3916321396827698, 0.590746283531189]
[step 0960/1000] method=baseline_avg loss=0.1243 train_acc=0.9843 train_loss=0.0709 val_acc=0.7292 val_loss=1.2568 router_H=0.6576 best=0.7365
           router_load=[0.015792999416589737, 0.001828545704483986, 0.3916321396827698, 0.590746283531189]
[step 0970/1000] method=baseline_avg loss=0.0094 train_acc=0.9843 train_loss=0.0709 val_acc=0.7292 val_loss=1.2568 router_H=0.6576 best=0.7365
           router_load=[0.015792999416589737, 0.001828545704483986, 0.3916321396827698, 0.590746283531189]
[step 0980/1000] method=baseline_avg loss=0.0722 train_acc=0.9843 train_loss=0.0709 val_acc=0.7292 val_loss=1.2568 router_H=0.6576 best=0.7365
           router_load=[0.015792999416589737, 0.001828545704483986, 0.3916321396827698, 0.590746283531189]
[step 0990/1000] method=baseline_avg loss=0.0019 train_acc=0.9843 train_loss=0.0709 val_acc=0.7292 val_loss=1.2568 router_H=0.6576 best=0.7365
           router_load=[0.015792999416589737, 0.001828545704483986, 0.3916321396827698, 0.590746283531189]
[step 1000/1000] method=baseline_avg loss=0.3963 train_acc=0.9783 train_loss=0.1063 val_acc=0.7509 val_loss=1.5138 router_H=0.6150 best=0.7509
           router_load=[0.005497371312230825, 0.0, 0.37371575832366943, 0.6207869052886963]
saved summary -> /home/zhujjing/MOE-grad-conflict-routing/runs/paper_suite/single_gpu/single_task/roberta_rte_ffn_e4_k2/final/baseline_s3.json
saved curve -> /home/zhujjing/MOE-grad-conflict-routing/runs/paper_suite/single_gpu/single_task/roberta_rte_ffn_e4_k2/final/baseline_s3_curve.csv
