[run] method=baseline candidate=coord_03_train_grad_clip_027 seed=5 steps=1000 gpu=0
[run] cmd=
/home/zhujjing/anaconda3/envs/moe/bin/python /home/zhujjing/MOE-grad-conflict-routing/scripts/run.py --config configs/singletask_rte_real.yaml --set model.backbone_backend=hf --set model.hf_load_pretrained=true --set model.backbone=roberta --set model.hf_pretrained_name=roberta-base --set model.expert_type=ffn --set model.routing_mode=topk --set model.num_experts=4 --set model.top_k=2 --set seed=5 --set method.name=baseline_avg --set train.steps=1000 --set train.eval_every_steps=50 --set train.grad_clip=1.202092639 --set train.lr=2.555178414e-05 --set train.weight_decay=0.01108226147 --out /home/zhujjing/MOE-grad-conflict-routing/runs/paper_suite/single_gpu/single_task/roberta_rte_ffn_e4_k2/final/baseline_s5.json --curve_out /home/zhujjing/MOE-grad-conflict-routing/runs/paper_suite/single_gpu/single_task/roberta_rte_ffn_e4_k2/final/baseline_s5_curve.csv
Using the latest cached version of the dataset since glue couldn't be found on the Hugging Face Hub (offline mode is enabled).
Found the latest cached dataset configuration 'rte' at /home/zhujjing/hf_cache/datasets/glue/rte/0.0.0/bcdcba79d07bc864c1c254ccfcedcce55bcc9a8c (last modified on Thu Mar 19 15:00:36 2026).
/home/zhujjing/anaconda3/envs/moe/lib/python3.10/site-packages/transformers/utils/hub.py:124: FutureWarning: Using `TRANSFORMERS_CACHE` is deprecated and will be removed in v5 of Transformers. Use `HF_HOME` instead.
  warnings.warn(
Some weights of RobertaModel were not initialized from the model checkpoint at roberta-base and are newly initialized: ['roberta.pooler.dense.bias', 'roberta.pooler.dense.weight']
You should probably TRAIN this model on a down-stream task to be able to use it for predictions and inference.
[step 0001/1000] method=baseline_avg loss=0.6939 train_acc=nan train_loss=nan val_acc=nan val_loss=nan best=-1.0000
[step 0010/1000] method=baseline_avg loss=0.6813 train_acc=nan train_loss=nan val_acc=nan val_loss=nan best=-1.0000
[step 0020/1000] method=baseline_avg loss=0.6942 train_acc=nan train_loss=nan val_acc=nan val_loss=nan best=-1.0000
[step 0030/1000] method=baseline_avg loss=0.7187 train_acc=nan train_loss=nan val_acc=nan val_loss=nan best=-1.0000
[step 0040/1000] method=baseline_avg loss=0.6492 train_acc=nan train_loss=nan val_acc=nan val_loss=nan best=-1.0000
[step 0050/1000] method=baseline_avg loss=0.6242 train_acc=0.6494 train_loss=0.6661 val_acc=0.6245 val_loss=0.6729 router_H=0.6579 best=0.6245
           router_load=[0.02786661498248577, 0.3463692367076874, 0.02094288356602192, 0.6048212647438049]
[step 0060/1000] method=baseline_avg loss=0.7285 train_acc=0.6494 train_loss=0.6661 val_acc=0.6245 val_loss=0.6729 router_H=0.6579 best=0.6245
           router_load=[0.02786661498248577, 0.3463692367076874, 0.02094288356602192, 0.6048212647438049]
[step 0070/1000] method=baseline_avg loss=0.6907 train_acc=0.6494 train_loss=0.6661 val_acc=0.6245 val_loss=0.6729 router_H=0.6579 best=0.6245
           router_load=[0.02786661498248577, 0.3463692367076874, 0.02094288356602192, 0.6048212647438049]
[step 0080/1000] method=baseline_avg loss=0.7049 train_acc=0.6494 train_loss=0.6661 val_acc=0.6245 val_loss=0.6729 router_H=0.6579 best=0.6245
           router_load=[0.02786661498248577, 0.3463692367076874, 0.02094288356602192, 0.6048212647438049]
[step 0090/1000] method=baseline_avg loss=0.7666 train_acc=0.6494 train_loss=0.6661 val_acc=0.6245 val_loss=0.6729 router_H=0.6579 best=0.6245
           router_load=[0.02786661498248577, 0.3463692367076874, 0.02094288356602192, 0.6048212647438049]
[step 0100/1000] method=baseline_avg loss=0.6480 train_acc=0.6711 train_loss=0.6064 val_acc=0.6606 val_loss=0.6394 router_H=0.5985 best=0.6606
           router_load=[0.007818124257028103, 0.6937342286109924, 0.03400610759854317, 0.2644415497779846]
[step 0110/1000] method=baseline_avg loss=0.5421 train_acc=0.6711 train_loss=0.6064 val_acc=0.6606 val_loss=0.6394 router_H=0.5985 best=0.6606
           router_load=[0.007818124257028103, 0.6937342286109924, 0.03400610759854317, 0.2644415497779846]
[step 0120/1000] method=baseline_avg loss=0.6869 train_acc=0.6711 train_loss=0.6064 val_acc=0.6606 val_loss=0.6394 router_H=0.5985 best=0.6606
           router_load=[0.007818124257028103, 0.6937342286109924, 0.03400610759854317, 0.2644415497779846]
[step 0130/1000] method=baseline_avg loss=0.7818 train_acc=0.6711 train_loss=0.6064 val_acc=0.6606 val_loss=0.6394 router_H=0.5985 best=0.6606
           router_load=[0.007818124257028103, 0.6937342286109924, 0.03400610759854317, 0.2644415497779846]
[step 0140/1000] method=baseline_avg loss=0.6704 train_acc=0.6711 train_loss=0.6064 val_acc=0.6606 val_loss=0.6394 router_H=0.5985 best=0.6606
           router_load=[0.007818124257028103, 0.6937342286109924, 0.03400610759854317, 0.2644415497779846]
[step 0150/1000] method=baseline_avg loss=0.7753 train_acc=0.7313 train_loss=0.5832 val_acc=0.6895 val_loss=0.6244 router_H=0.6339 best=0.6895
           router_load=[0.0, 0.6565291881561279, 0.12412179261445999, 0.21934905648231506]
[step 0160/1000] method=baseline_avg loss=0.6943 train_acc=0.7313 train_loss=0.5832 val_acc=0.6895 val_loss=0.6244 router_H=0.6339 best=0.6895
           router_load=[0.0, 0.6565291881561279, 0.12412179261445999, 0.21934905648231506]
[step 0170/1000] method=baseline_avg loss=0.8993 train_acc=0.7313 train_loss=0.5832 val_acc=0.6895 val_loss=0.6244 router_H=0.6339 best=0.6895
           router_load=[0.0, 0.6565291881561279, 0.12412179261445999, 0.21934905648231506]
[step 0180/1000] method=baseline_avg loss=0.5067 train_acc=0.7313 train_loss=0.5832 val_acc=0.6895 val_loss=0.6244 router_H=0.6339 best=0.6895
           router_load=[0.0, 0.6565291881561279, 0.12412179261445999, 0.21934905648231506]
[step 0190/1000] method=baseline_avg loss=0.6926 train_acc=0.7313 train_loss=0.5832 val_acc=0.6895 val_loss=0.6244 router_H=0.6339 best=0.6895
           router_load=[0.0, 0.6565291881561279, 0.12412179261445999, 0.21934905648231506]
[step 0200/1000] method=baseline_avg loss=0.5493 train_acc=0.7482 train_loss=0.5288 val_acc=0.6787 val_loss=0.6143 router_H=0.6502 best=0.6895
           router_load=[0.0, 0.614754855632782, 0.12279809266328812, 0.2624469995498657]
[step 0210/1000] method=baseline_avg loss=0.5750 train_acc=0.7482 train_loss=0.5288 val_acc=0.6787 val_loss=0.6143 router_H=0.6502 best=0.6895
           router_load=[0.0, 0.614754855632782, 0.12279809266328812, 0.2624469995498657]
[step 0220/1000] method=baseline_avg loss=0.3656 train_acc=0.7482 train_loss=0.5288 val_acc=0.6787 val_loss=0.6143 router_H=0.6502 best=0.6895
           router_load=[0.0, 0.614754855632782, 0.12279809266328812, 0.2624469995498657]
[step 0230/1000] method=baseline_avg loss=0.6438 train_acc=0.7482 train_loss=0.5288 val_acc=0.6787 val_loss=0.6143 router_H=0.6502 best=0.6895
           router_load=[0.0, 0.614754855632782, 0.12279809266328812, 0.2624469995498657]
[step 0240/1000] method=baseline_avg loss=0.4806 train_acc=0.7482 train_loss=0.5288 val_acc=0.6787 val_loss=0.6143 router_H=0.6502 best=0.6895
           router_load=[0.0, 0.614754855632782, 0.12279809266328812, 0.2624469995498657]
[step 0250/1000] method=baseline_avg loss=0.5002 train_acc=0.7896 train_loss=0.5079 val_acc=0.7076 val_loss=0.5817 router_H=0.6525 best=0.7076
           router_load=[0.00379155483096838, 0.6277739405632019, 0.214466854929924, 0.15396764874458313]
[step 0260/1000] method=baseline_avg loss=0.5735 train_acc=0.7896 train_loss=0.5079 val_acc=0.7076 val_loss=0.5817 router_H=0.6525 best=0.7076
           router_load=[0.00379155483096838, 0.6277739405632019, 0.214466854929924, 0.15396764874458313]
[step 0270/1000] method=baseline_avg loss=0.6679 train_acc=0.7896 train_loss=0.5079 val_acc=0.7076 val_loss=0.5817 router_H=0.6525 best=0.7076
           router_load=[0.00379155483096838, 0.6277739405632019, 0.214466854929924, 0.15396764874458313]
[step 0280/1000] method=baseline_avg loss=0.5259 train_acc=0.7896 train_loss=0.5079 val_acc=0.7076 val_loss=0.5817 router_H=0.6525 best=0.7076
           router_load=[0.00379155483096838, 0.6277739405632019, 0.214466854929924, 0.15396764874458313]
[step 0290/1000] method=baseline_avg loss=0.2986 train_acc=0.7896 train_loss=0.5079 val_acc=0.7076 val_loss=0.5817 router_H=0.6525 best=0.7076
           router_load=[0.00379155483096838, 0.6277739405632019, 0.214466854929924, 0.15396764874458313]
[step 0300/1000] method=baseline_avg loss=0.5885 train_acc=0.7157 train_loss=0.5547 val_acc=0.6606 val_loss=0.6436 router_H=0.6527 best=0.7076
           router_load=[0.009265322238206863, 0.6312280297279358, 0.29584264755249023, 0.06366404891014099]
[step 0310/1000] method=baseline_avg loss=0.3308 train_acc=0.7157 train_loss=0.5547 val_acc=0.6606 val_loss=0.6436 router_H=0.6527 best=0.7076
           router_load=[0.009265322238206863, 0.6312280297279358, 0.29584264755249023, 0.06366404891014099]
[step 0320/1000] method=baseline_avg loss=0.4000 train_acc=0.7157 train_loss=0.5547 val_acc=0.6606 val_loss=0.6436 router_H=0.6527 best=0.7076
           router_load=[0.009265322238206863, 0.6312280297279358, 0.29584264755249023, 0.06366404891014099]
[step 0330/1000] method=baseline_avg loss=0.2169 train_acc=0.7157 train_loss=0.5547 val_acc=0.6606 val_loss=0.6436 router_H=0.6527 best=0.7076
           router_load=[0.009265322238206863, 0.6312280297279358, 0.29584264755249023, 0.06366404891014099]
[step 0340/1000] method=baseline_avg loss=0.4864 train_acc=0.7157 train_loss=0.5547 val_acc=0.6606 val_loss=0.6436 router_H=0.6527 best=0.7076
           router_load=[0.009265322238206863, 0.6312280297279358, 0.29584264755249023, 0.06366404891014099]
[step 0350/1000] method=baseline_avg loss=0.6733 train_acc=0.7651 train_loss=0.5082 val_acc=0.6895 val_loss=0.6516 router_H=0.6453 best=0.7076
           router_load=[0.22933681309223175, 0.6487390398979187, 0.032549258321523666, 0.08937486261129379]
[step 0360/1000] method=baseline_avg loss=0.4778 train_acc=0.7651 train_loss=0.5082 val_acc=0.6895 val_loss=0.6516 router_H=0.6453 best=0.7076
           router_load=[0.22933681309223175, 0.6487390398979187, 0.032549258321523666, 0.08937486261129379]
[step 0370/1000] method=baseline_avg loss=0.4024 train_acc=0.7651 train_loss=0.5082 val_acc=0.6895 val_loss=0.6516 router_H=0.6453 best=0.7076
           router_load=[0.22933681309223175, 0.6487390398979187, 0.032549258321523666, 0.08937486261129379]
[step 0380/1000] method=baseline_avg loss=0.3326 train_acc=0.7651 train_loss=0.5082 val_acc=0.6895 val_loss=0.6516 router_H=0.6453 best=0.7076
           router_load=[0.22933681309223175, 0.6487390398979187, 0.032549258321523666, 0.08937486261129379]
[step 0390/1000] method=baseline_avg loss=0.3271 train_acc=0.7651 train_loss=0.5082 val_acc=0.6895 val_loss=0.6516 router_H=0.6453 best=0.7076
           router_load=[0.22933681309223175, 0.6487390398979187, 0.032549258321523666, 0.08937486261129379]
[step 0400/1000] method=baseline_avg loss=0.5084 train_acc=0.7859 train_loss=0.4928 val_acc=0.6823 val_loss=0.6707 router_H=0.5984 best=0.7076
           router_load=[0.038386572152376175, 0.7112441062927246, 0.17230214178562164, 0.07806713134050369]
[step 0410/1000] method=baseline_avg loss=0.3793 train_acc=0.7859 train_loss=0.4928 val_acc=0.6823 val_loss=0.6707 router_H=0.5984 best=0.7076
           router_load=[0.038386572152376175, 0.7112441062927246, 0.17230214178562164, 0.07806713134050369]
[step 0420/1000] method=baseline_avg loss=0.6608 train_acc=0.7859 train_loss=0.4928 val_acc=0.6823 val_loss=0.6707 router_H=0.5984 best=0.7076
           router_load=[0.038386572152376175, 0.7112441062927246, 0.17230214178562164, 0.07806713134050369]
[step 0430/1000] method=baseline_avg loss=0.4802 train_acc=0.7859 train_loss=0.4928 val_acc=0.6823 val_loss=0.6707 router_H=0.5984 best=0.7076
           router_load=[0.038386572152376175, 0.7112441062927246, 0.17230214178562164, 0.07806713134050369]
[step 0440/1000] method=baseline_avg loss=0.4850 train_acc=0.7859 train_loss=0.4928 val_acc=0.6823 val_loss=0.6707 router_H=0.5984 best=0.7076
           router_load=[0.038386572152376175, 0.7112441062927246, 0.17230214178562164, 0.07806713134050369]
[step 0450/1000] method=baseline_avg loss=0.6126 train_acc=0.7289 train_loss=0.5997 val_acc=0.6209 val_loss=0.8022 router_H=0.5394 best=0.7076
           router_load=[0.15683065354824066, 0.7623050212860107, 0.023846833035349846, 0.057017549872398376]
[step 0460/1000] method=baseline_avg loss=0.5645 train_acc=0.7289 train_loss=0.5997 val_acc=0.6209 val_loss=0.8022 router_H=0.5394 best=0.7076
           router_load=[0.15683065354824066, 0.7623050212860107, 0.023846833035349846, 0.057017549872398376]
[step 0470/1000] method=baseline_avg loss=0.3049 train_acc=0.7289 train_loss=0.5997 val_acc=0.6209 val_loss=0.8022 router_H=0.5394 best=0.7076
           router_load=[0.15683065354824066, 0.7623050212860107, 0.023846833035349846, 0.057017549872398376]
[step 0480/1000] method=baseline_avg loss=0.3179 train_acc=0.7289 train_loss=0.5997 val_acc=0.6209 val_loss=0.8022 router_H=0.5394 best=0.7076
           router_load=[0.15683065354824066, 0.7623050212860107, 0.023846833035349846, 0.057017549872398376]
[step 0490/1000] method=baseline_avg loss=0.2541 train_acc=0.7289 train_loss=0.5997 val_acc=0.6209 val_loss=0.8022 router_H=0.5394 best=0.7076
           router_load=[0.15683065354824066, 0.7623050212860107, 0.023846833035349846, 0.057017549872398376]
[step 0500/1000] method=baseline_avg loss=0.2039 train_acc=0.9000 train_loss=0.3330 val_acc=0.7762 val_loss=0.7795 router_H=0.4608 best=0.7762
           router_load=[0.0459657683968544, 0.7950400710105896, 0.012398593127727509, 0.14659561216831207]
[step 0510/1000] method=baseline_avg loss=0.5484 train_acc=0.9000 train_loss=0.3330 val_acc=0.7762 val_loss=0.7795 router_H=0.4608 best=0.7762
           router_load=[0.0459657683968544, 0.7950400710105896, 0.012398593127727509, 0.14659561216831207]
[step 0520/1000] method=baseline_avg loss=0.3599 train_acc=0.9000 train_loss=0.3330 val_acc=0.7762 val_loss=0.7795 router_H=0.4608 best=0.7762
           router_load=[0.0459657683968544, 0.7950400710105896, 0.012398593127727509, 0.14659561216831207]
[step 0530/1000] method=baseline_avg loss=0.2281 train_acc=0.9000 train_loss=0.3330 val_acc=0.7762 val_loss=0.7795 router_H=0.4608 best=0.7762
           router_load=[0.0459657683968544, 0.7950400710105896, 0.012398593127727509, 0.14659561216831207]
[step 0540/1000] method=baseline_avg loss=0.2947 train_acc=0.9000 train_loss=0.3330 val_acc=0.7762 val_loss=0.7795 router_H=0.4608 best=0.7762
           router_load=[0.0459657683968544, 0.7950400710105896, 0.012398593127727509, 0.14659561216831207]
[step 0550/1000] method=baseline_avg loss=0.3409 train_acc=0.9112 train_loss=0.2702 val_acc=0.7545 val_loss=0.5766 router_H=0.5709 best=0.7762
           router_load=[0.11674830317497253, 0.705483078956604, 0.0018433895893394947, 0.17592506110668182]
[step 0560/1000] method=baseline_avg loss=0.5487 train_acc=0.9112 train_loss=0.2702 val_acc=0.7545 val_loss=0.5766 router_H=0.5709 best=0.7762
           router_load=[0.11674830317497253, 0.705483078956604, 0.0018433895893394947, 0.17592506110668182]
[step 0570/1000] method=baseline_avg loss=0.3452 train_acc=0.9112 train_loss=0.2702 val_acc=0.7545 val_loss=0.5766 router_H=0.5709 best=0.7762
           router_load=[0.11674830317497253, 0.705483078956604, 0.0018433895893394947, 0.17592506110668182]
[step 0580/1000] method=baseline_avg loss=0.2097 train_acc=0.9112 train_loss=0.2702 val_acc=0.7545 val_loss=0.5766 router_H=0.5709 best=0.7762
           router_load=[0.11674830317497253, 0.705483078956604, 0.0018433895893394947, 0.17592506110668182]
[step 0590/1000] method=baseline_avg loss=0.1964 train_acc=0.9112 train_loss=0.2702 val_acc=0.7545 val_loss=0.5766 router_H=0.5709 best=0.7762
           router_load=[0.11674830317497253, 0.705483078956604, 0.0018433895893394947, 0.17592506110668182]
[step 0600/1000] method=baseline_avg loss=0.2186 train_acc=0.8964 train_loss=0.2680 val_acc=0.7076 val_loss=0.6243 router_H=0.5894 best=0.7762
           router_load=[0.17600850760936737, 0.7027510404586792, 0.0022762934677302837, 0.11896412819623947]
[step 0610/1000] method=baseline_avg loss=0.1025 train_acc=0.8964 train_loss=0.2680 val_acc=0.7076 val_loss=0.6243 router_H=0.5894 best=0.7762
           router_load=[0.17600850760936737, 0.7027510404586792, 0.0022762934677302837, 0.11896412819623947]
[step 0620/1000] method=baseline_avg loss=0.8507 train_acc=0.8964 train_loss=0.2680 val_acc=0.7076 val_loss=0.6243 router_H=0.5894 best=0.7762
           router_load=[0.17600850760936737, 0.7027510404586792, 0.0022762934677302837, 0.11896412819623947]
[step 0630/1000] method=baseline_avg loss=0.2974 train_acc=0.8964 train_loss=0.2680 val_acc=0.7076 val_loss=0.6243 router_H=0.5894 best=0.7762
           router_load=[0.17600850760936737, 0.7027510404586792, 0.0022762934677302837, 0.11896412819623947]
[step 0640/1000] method=baseline_avg loss=0.4721 train_acc=0.8964 train_loss=0.2680 val_acc=0.7076 val_loss=0.6243 router_H=0.5894 best=0.7762
           router_load=[0.17600850760936737, 0.7027510404586792, 0.0022762934677302837, 0.11896412819623947]
[step 0650/1000] method=baseline_avg loss=0.0104 train_acc=0.9422 train_loss=0.1925 val_acc=0.7509 val_loss=1.0133 router_H=0.4657 best=0.7762
           router_load=[0.041333526372909546, 0.7581102848052979, 0.012412863783538342, 0.1881432682275772]
[step 0660/1000] method=baseline_avg loss=0.3569 train_acc=0.9422 train_loss=0.1925 val_acc=0.7509 val_loss=1.0133 router_H=0.4657 best=0.7762
           router_load=[0.041333526372909546, 0.7581102848052979, 0.012412863783538342, 0.1881432682275772]
[step 0670/1000] method=baseline_avg loss=0.3451 train_acc=0.9422 train_loss=0.1925 val_acc=0.7509 val_loss=1.0133 router_H=0.4657 best=0.7762
           router_load=[0.041333526372909546, 0.7581102848052979, 0.012412863783538342, 0.1881432682275772]
[step 0680/1000] method=baseline_avg loss=0.5428 train_acc=0.9422 train_loss=0.1925 val_acc=0.7509 val_loss=1.0133 router_H=0.4657 best=0.7762
           router_load=[0.041333526372909546, 0.7581102848052979, 0.012412863783538342, 0.1881432682275772]
[step 0690/1000] method=baseline_avg loss=0.5810 train_acc=0.9422 train_loss=0.1925 val_acc=0.7509 val_loss=1.0133 router_H=0.4657 best=0.7762
           router_load=[0.041333526372909546, 0.7581102848052979, 0.012412863783538342, 0.1881432682275772]
[step 0700/1000] method=baseline_avg loss=0.4102 train_acc=0.9590 train_loss=0.1508 val_acc=0.7798 val_loss=0.7832 router_H=0.4623 best=0.7798
           router_load=[0.034002404659986496, 0.7445884346961975, 0.0008250592509284616, 0.22058404982089996]
[step 0710/1000] method=baseline_avg loss=0.2948 train_acc=0.9590 train_loss=0.1508 val_acc=0.7798 val_loss=0.7832 router_H=0.4623 best=0.7798
           router_load=[0.034002404659986496, 0.7445884346961975, 0.0008250592509284616, 0.22058404982089996]
[step 0720/1000] method=baseline_avg loss=0.2818 train_acc=0.9590 train_loss=0.1508 val_acc=0.7798 val_loss=0.7832 router_H=0.4623 best=0.7798
           router_load=[0.034002404659986496, 0.7445884346961975, 0.0008250592509284616, 0.22058404982089996]
[step 0730/1000] method=baseline_avg loss=0.0796 train_acc=0.9590 train_loss=0.1508 val_acc=0.7798 val_loss=0.7832 router_H=0.4623 best=0.7798
           router_load=[0.034002404659986496, 0.7445884346961975, 0.0008250592509284616, 0.22058404982089996]
[step 0740/1000] method=baseline_avg loss=0.6263 train_acc=0.9590 train_loss=0.1508 val_acc=0.7798 val_loss=0.7832 router_H=0.4623 best=0.7798
           router_load=[0.034002404659986496, 0.7445884346961975, 0.0008250592509284616, 0.22058404982089996]
[step 0750/1000] method=baseline_avg loss=0.1296 train_acc=0.9618 train_loss=0.1186 val_acc=0.7581 val_loss=0.6608 router_H=0.5182 best=0.7798
           router_load=[0.0814972072839737, 0.7124432921409607, 0.0, 0.2060595601797104]
[step 0760/1000] method=baseline_avg loss=0.0839 train_acc=0.9618 train_loss=0.1186 val_acc=0.7581 val_loss=0.6608 router_H=0.5182 best=0.7798
           router_load=[0.0814972072839737, 0.7124432921409607, 0.0, 0.2060595601797104]
[step 0770/1000] method=baseline_avg loss=0.5862 train_acc=0.9618 train_loss=0.1186 val_acc=0.7581 val_loss=0.6608 router_H=0.5182 best=0.7798
           router_load=[0.0814972072839737, 0.7124432921409607, 0.0, 0.2060595601797104]
[step 0780/1000] method=baseline_avg loss=0.1054 train_acc=0.9618 train_loss=0.1186 val_acc=0.7581 val_loss=0.6608 router_H=0.5182 best=0.7798
           router_load=[0.0814972072839737, 0.7124432921409607, 0.0, 0.2060595601797104]
[step 0790/1000] method=baseline_avg loss=0.0079 train_acc=0.9618 train_loss=0.1186 val_acc=0.7581 val_loss=0.6608 router_H=0.5182 best=0.7798
           router_load=[0.0814972072839737, 0.7124432921409607, 0.0, 0.2060595601797104]
[step 0800/1000] method=baseline_avg loss=0.8233 train_acc=0.9398 train_loss=0.3802 val_acc=0.7220 val_loss=1.9159 router_H=0.3157 best=0.7798
           router_load=[0.004399341996759176, 0.8159051537513733, 0.019043955951929092, 0.16065168380737305]
[step 0810/1000] method=baseline_avg loss=0.2287 train_acc=0.9398 train_loss=0.3802 val_acc=0.7220 val_loss=1.9159 router_H=0.3157 best=0.7798
           router_load=[0.004399341996759176, 0.8159051537513733, 0.019043955951929092, 0.16065168380737305]
[step 0820/1000] method=baseline_avg loss=0.1085 train_acc=0.9398 train_loss=0.3802 val_acc=0.7220 val_loss=1.9159 router_H=0.3157 best=0.7798
           router_load=[0.004399341996759176, 0.8159051537513733, 0.019043955951929092, 0.16065168380737305]
[step 0830/1000] method=baseline_avg loss=0.0027 train_acc=0.9398 train_loss=0.3802 val_acc=0.7220 val_loss=1.9159 router_H=0.3157 best=0.7798
           router_load=[0.004399341996759176, 0.8159051537513733, 0.019043955951929092, 0.16065168380737305]
[step 0840/1000] method=baseline_avg loss=1.6938 train_acc=0.9398 train_loss=0.3802 val_acc=0.7220 val_loss=1.9159 router_H=0.3157 best=0.7798
           router_load=[0.004399341996759176, 0.8159051537513733, 0.019043955951929092, 0.16065168380737305]
[step 0850/1000] method=baseline_avg loss=0.1514 train_acc=0.9735 train_loss=0.1021 val_acc=0.7581 val_loss=1.0310 router_H=0.5528 best=0.7798
           router_load=[0.0016164153348654509, 0.6728641986846924, 0.08092507719993591, 0.2445942908525467]
[step 0860/1000] method=baseline_avg loss=0.2563 train_acc=0.9735 train_loss=0.1021 val_acc=0.7581 val_loss=1.0310 router_H=0.5528 best=0.7798
           router_load=[0.0016164153348654509, 0.6728641986846924, 0.08092507719993591, 0.2445942908525467]
[step 0870/1000] method=baseline_avg loss=0.3459 train_acc=0.9735 train_loss=0.1021 val_acc=0.7581 val_loss=1.0310 router_H=0.5528 best=0.7798
           router_load=[0.0016164153348654509, 0.6728641986846924, 0.08092507719993591, 0.2445942908525467]
[step 0880/1000] method=baseline_avg loss=0.0402 train_acc=0.9735 train_loss=0.1021 val_acc=0.7581 val_loss=1.0310 router_H=0.5528 best=0.7798
           router_load=[0.0016164153348654509, 0.6728641986846924, 0.08092507719993591, 0.2445942908525467]
[step 0890/1000] method=baseline_avg loss=0.2574 train_acc=0.9735 train_loss=0.1021 val_acc=0.7581 val_loss=1.0310 router_H=0.5528 best=0.7798
           router_load=[0.0016164153348654509, 0.6728641986846924, 0.08092507719993591, 0.2445942908525467]
[step 0900/1000] method=baseline_avg loss=0.0155 train_acc=0.9767 train_loss=0.0825 val_acc=0.7401 val_loss=0.9138 router_H=0.5199 best=0.7798
           router_load=[0.0, 0.7170842885971069, 0.07455331087112427, 0.20836247503757477]
[step 0910/1000] method=baseline_avg loss=0.0408 train_acc=0.9767 train_loss=0.0825 val_acc=0.7401 val_loss=0.9138 router_H=0.5199 best=0.7798
           router_load=[0.0, 0.7170842885971069, 0.07455331087112427, 0.20836247503757477]
[step 0920/1000] method=baseline_avg loss=0.3422 train_acc=0.9767 train_loss=0.0825 val_acc=0.7401 val_loss=0.9138 router_H=0.5199 best=0.7798
           router_load=[0.0, 0.7170842885971069, 0.07455331087112427, 0.20836247503757477]
[step 0930/1000] method=baseline_avg loss=0.3263 train_acc=0.9767 train_loss=0.0825 val_acc=0.7401 val_loss=0.9138 router_H=0.5199 best=0.7798
           router_load=[0.0, 0.7170842885971069, 0.07455331087112427, 0.20836247503757477]
[step 0940/1000] method=baseline_avg loss=0.4844 train_acc=0.9767 train_loss=0.0825 val_acc=0.7401 val_loss=0.9138 router_H=0.5199 best=0.7798
           router_load=[0.0, 0.7170842885971069, 0.07455331087112427, 0.20836247503757477]
[step 0950/1000] method=baseline_avg loss=0.0020 train_acc=0.9711 train_loss=0.1291 val_acc=0.7401 val_loss=1.4226 router_H=0.3764 best=0.7798
           router_load=[0.001368064316920936, 0.8165379166603088, 0.03871462866663933, 0.1433793157339096]
[step 0960/1000] method=baseline_avg loss=0.0089 train_acc=0.9711 train_loss=0.1291 val_acc=0.7401 val_loss=1.4226 router_H=0.3764 best=0.7798
           router_load=[0.001368064316920936, 0.8165379166603088, 0.03871462866663933, 0.1433793157339096]
[step 0970/1000] method=baseline_avg loss=0.3040 train_acc=0.9711 train_loss=0.1291 val_acc=0.7401 val_loss=1.4226 router_H=0.3764 best=0.7798
           router_load=[0.001368064316920936, 0.8165379166603088, 0.03871462866663933, 0.1433793157339096]
[step 0980/1000] method=baseline_avg loss=0.0042 train_acc=0.9711 train_loss=0.1291 val_acc=0.7401 val_loss=1.4226 router_H=0.3764 best=0.7798
           router_load=[0.001368064316920936, 0.8165379166603088, 0.03871462866663933, 0.1433793157339096]
[step 0990/1000] method=baseline_avg loss=0.0014 train_acc=0.9711 train_loss=0.1291 val_acc=0.7401 val_loss=1.4226 router_H=0.3764 best=0.7798
           router_load=[0.001368064316920936, 0.8165379166603088, 0.03871462866663933, 0.1433793157339096]
[step 1000/1000] method=baseline_avg loss=0.3635 train_acc=0.9855 train_loss=0.0674 val_acc=0.7762 val_loss=1.2245 router_H=0.4488 best=0.7798
           router_load=[0.0018097187858074903, 0.7428116202354431, 0.026651620864868164, 0.22872701287269592]
saved summary -> /home/zhujjing/MOE-grad-conflict-routing/runs/paper_suite/single_gpu/single_task/roberta_rte_ffn_e4_k2/final/baseline_s5.json
saved curve -> /home/zhujjing/MOE-grad-conflict-routing/runs/paper_suite/single_gpu/single_task/roberta_rte_ffn_e4_k2/final/baseline_s5_curve.csv
