[run] method=ours candidate=coord_01_train_lr_006 seed=3 steps=150 gpu=0
[run] cmd=
/home/zhujjing/anaconda3/envs/moe/bin/python /home/zhujjing/MOE-grad-conflict-routing/scripts/run.py --config configs/singletask_rte_real.yaml --set model.backbone_backend=hf --set model.hf_load_pretrained=true --set model.backbone=roberta --set model.hf_pretrained_name=roberta-base --set model.expert_type=lora --set model.routing_mode=topk --set model.num_experts=4 --set model.top_k=2 --set seed=3 --set method.name=ours --set train.steps=150 --set train.eval_every_steps=50 --set method.ours.use_load_norm=true --set method.ours.lambda_align=0.001 --set train.grad_clip=1 --set train.lr=4.233346635e-05 --set train.weight_decay=0.01 --out /home/zhujjing/MOE-grad-conflict-routing/runs/paper_suite/single_gpu/single_task/roberta_rte_lora_e4_k2/hpo/ours/trial_runs/coord_01_train_lr_006/ours_s3.json --curve_out /home/zhujjing/MOE-grad-conflict-routing/runs/paper_suite/single_gpu/single_task/roberta_rte_lora_e4_k2/hpo/ours/trial_runs/coord_01_train_lr_006/ours_s3_curve.csv
Using the latest cached version of the dataset since glue couldn't be found on the Hugging Face Hub (offline mode is enabled).
Found the latest cached dataset configuration 'rte' at /home/zhujjing/hf_cache/datasets/glue/rte/0.0.0/bcdcba79d07bc864c1c254ccfcedcce55bcc9a8c (last modified on Thu Mar 19 15:00:36 2026).
/home/zhujjing/anaconda3/envs/moe/lib/python3.10/site-packages/transformers/utils/hub.py:124: FutureWarning: Using `TRANSFORMERS_CACHE` is deprecated and will be removed in v5 of Transformers. Use `HF_HOME` instead.
  warnings.warn(
Some weights of RobertaModel were not initialized from the model checkpoint at roberta-base and are newly initialized: ['roberta.pooler.dense.bias', 'roberta.pooler.dense.weight']
You should probably TRAIN this model on a down-stream task to be able to use it for predictions and inference.
[step 0001/150] method=ours loss=0.7027 train_acc=nan train_loss=nan val_acc=nan val_loss=nan best=-1.0000
[step 0010/150] method=ours loss=0.6960 train_acc=nan train_loss=nan val_acc=nan val_loss=nan best=-1.0000
[step 0020/150] method=ours loss=0.7363 train_acc=nan train_loss=nan val_acc=nan val_loss=nan best=-1.0000
[step 0030/150] method=ours loss=0.6418 train_acc=nan train_loss=nan val_acc=nan val_loss=nan best=-1.0000
[step 0040/150] method=ours loss=0.6147 train_acc=nan train_loss=nan val_acc=nan val_loss=nan best=-1.0000
[step 0050/150] method=ours loss=0.6589 train_acc=0.6434 train_loss=0.6316 val_acc=0.6065 val_loss=0.6552 router_H=0.6923 best=0.6065
           router_load=[0.359514057636261, 0.0, 0.4150535762310028, 0.22543230652809143]
[step 0060/150] method=ours loss=0.6733 train_acc=0.6434 train_loss=0.6316 val_acc=0.6065 val_loss=0.6552 router_H=0.6923 best=0.6065
           router_load=[0.359514057636261, 0.0, 0.4150535762310028, 0.22543230652809143]
[step 0070/150] method=ours loss=0.7287 train_acc=0.6434 train_loss=0.6316 val_acc=0.6065 val_loss=0.6552 router_H=0.6923 best=0.6065
           router_load=[0.359514057636261, 0.0, 0.4150535762310028, 0.22543230652809143]
[step 0080/150] method=ours loss=0.6813 train_acc=0.6434 train_loss=0.6316 val_acc=0.6065 val_loss=0.6552 router_H=0.6923 best=0.6065
           router_load=[0.359514057636261, 0.0, 0.4150535762310028, 0.22543230652809143]
[step 0090/150] method=ours loss=0.6645 train_acc=0.6434 train_loss=0.6316 val_acc=0.6065 val_loss=0.6552 router_H=0.6923 best=0.6065
           router_load=[0.359514057636261, 0.0, 0.4150535762310028, 0.22543230652809143]
[step 0100/150] method=ours loss=0.7051 train_acc=0.7201 train_loss=0.5972 val_acc=0.6534 val_loss=0.6328 router_H=0.6917 best=0.6534
           router_load=[0.40814071893692017, 0.0, 0.24273362755775452, 0.3491257429122925]
[step 0110/150] method=ours loss=0.7928 train_acc=0.7201 train_loss=0.5972 val_acc=0.6534 val_loss=0.6328 router_H=0.6917 best=0.6534
           router_load=[0.40814071893692017, 0.0, 0.24273362755775452, 0.3491257429122925]
[step 0120/150] method=ours loss=0.4838 train_acc=0.7201 train_loss=0.5972 val_acc=0.6534 val_loss=0.6328 router_H=0.6917 best=0.6534
           router_load=[0.40814071893692017, 0.0, 0.24273362755775452, 0.3491257429122925]
[step 0130/150] method=ours loss=0.7001 train_acc=0.7201 train_loss=0.5972 val_acc=0.6534 val_loss=0.6328 router_H=0.6917 best=0.6534
           router_load=[0.40814071893692017, 0.0, 0.24273362755775452, 0.3491257429122925]
[step 0140/150] method=ours loss=0.6016 train_acc=0.7201 train_loss=0.5972 val_acc=0.6534 val_loss=0.6328 router_H=0.6917 best=0.6534
           router_load=[0.40814071893692017, 0.0, 0.24273362755775452, 0.3491257429122925]
[step 0150/150] method=ours loss=0.5419 train_acc=0.7297 train_loss=0.5613 val_acc=0.6643 val_loss=0.6304 router_H=0.6917 best=0.6643
           router_load=[0.47691047191619873, 0.11042191088199615, 0.30055251717567444, 0.11211511492729187]
saved summary -> /home/zhujjing/MOE-grad-conflict-routing/runs/paper_suite/single_gpu/single_task/roberta_rte_lora_e4_k2/hpo/ours/trial_runs/coord_01_train_lr_006/ours_s3.json
saved curve -> /home/zhujjing/MOE-grad-conflict-routing/runs/paper_suite/single_gpu/single_task/roberta_rte_lora_e4_k2/hpo/ours/trial_runs/coord_01_train_lr_006/ours_s3_curve.csv
