[run] method=ours candidate=coord_01_train_lr_007 seed=3 steps=150 gpu=0
[run] cmd=
/home/zhujjing/anaconda3/envs/moe/bin/python /home/zhujjing/MOE-grad-conflict-routing/scripts/run.py --config configs/singletask_rte_real.yaml --set model.backbone_backend=hf --set model.hf_load_pretrained=true --set model.backbone=roberta --set model.hf_pretrained_name=roberta-base --set model.expert_type=lora --set model.routing_mode=topk --set model.num_experts=4 --set model.top_k=2 --set seed=3 --set method.name=ours --set train.steps=150 --set train.eval_every_steps=50 --set method.ours.use_load_norm=true --set method.ours.lambda_align=0.001 --set train.grad_clip=1 --set train.lr=8.287954981e-06 --set train.weight_decay=0.01 --out /home/zhujjing/MOE-grad-conflict-routing/runs/paper_suite/single_gpu/single_task/roberta_rte_lora_e4_k2/hpo/ours/trial_runs/coord_01_train_lr_007/ours_s3.json --curve_out /home/zhujjing/MOE-grad-conflict-routing/runs/paper_suite/single_gpu/single_task/roberta_rte_lora_e4_k2/hpo/ours/trial_runs/coord_01_train_lr_007/ours_s3_curve.csv
Using the latest cached version of the dataset since glue couldn't be found on the Hugging Face Hub (offline mode is enabled).
Found the latest cached dataset configuration 'rte' at /home/zhujjing/hf_cache/datasets/glue/rte/0.0.0/bcdcba79d07bc864c1c254ccfcedcce55bcc9a8c (last modified on Thu Mar 19 15:00:36 2026).
/home/zhujjing/anaconda3/envs/moe/lib/python3.10/site-packages/transformers/utils/hub.py:124: FutureWarning: Using `TRANSFORMERS_CACHE` is deprecated and will be removed in v5 of Transformers. Use `HF_HOME` instead.
  warnings.warn(
Some weights of RobertaModel were not initialized from the model checkpoint at roberta-base and are newly initialized: ['roberta.pooler.dense.bias', 'roberta.pooler.dense.weight']
You should probably TRAIN this model on a down-stream task to be able to use it for predictions and inference.
[step 0001/150] method=ours loss=0.7602 train_acc=nan train_loss=nan val_acc=nan val_loss=nan best=-1.0000
[step 0010/150] method=ours loss=0.7102 train_acc=nan train_loss=nan val_acc=nan val_loss=nan best=-1.0000
[step 0020/150] method=ours loss=0.6913 train_acc=nan train_loss=nan val_acc=nan val_loss=nan best=-1.0000
[step 0030/150] method=ours loss=0.6872 train_acc=nan train_loss=nan val_acc=nan val_loss=nan best=-1.0000
[step 0040/150] method=ours loss=0.6636 train_acc=nan train_loss=nan val_acc=nan val_loss=nan best=-1.0000
[step 0050/150] method=ours loss=0.6920 train_acc=0.5502 train_loss=0.6847 val_acc=0.5199 val_loss=0.6939 router_H=0.6916 best=0.5199
           router_load=[0.0, 0.4789070785045624, 0.5210930109024048, 0.0]
[step 0060/150] method=ours loss=0.6675 train_acc=0.5502 train_loss=0.6847 val_acc=0.5199 val_loss=0.6939 router_H=0.6916 best=0.5199
           router_load=[0.0, 0.4789070785045624, 0.5210930109024048, 0.0]
[step 0070/150] method=ours loss=0.6804 train_acc=0.5502 train_loss=0.6847 val_acc=0.5199 val_loss=0.6939 router_H=0.6916 best=0.5199
           router_load=[0.0, 0.4789070785045624, 0.5210930109024048, 0.0]
[step 0080/150] method=ours loss=0.6384 train_acc=0.5502 train_loss=0.6847 val_acc=0.5199 val_loss=0.6939 router_H=0.6916 best=0.5199
           router_load=[0.0, 0.4789070785045624, 0.5210930109024048, 0.0]
[step 0090/150] method=ours loss=0.6050 train_acc=0.5502 train_loss=0.6847 val_acc=0.5199 val_loss=0.6939 router_H=0.6916 best=0.5199
           router_load=[0.0, 0.4789070785045624, 0.5210930109024048, 0.0]
[step 0100/150] method=ours loss=0.6661 train_acc=0.6602 train_loss=0.6359 val_acc=0.6137 val_loss=0.6567 router_H=0.6895 best=0.6137
           router_load=[0.0, 0.44870445132255554, 0.5323856472969055, 0.018909983336925507]
[step 0110/150] method=ours loss=0.5724 train_acc=0.6602 train_loss=0.6359 val_acc=0.6137 val_loss=0.6567 router_H=0.6895 best=0.6137
           router_load=[0.0, 0.44870445132255554, 0.5323856472969055, 0.018909983336925507]
[step 0120/150] method=ours loss=0.6406 train_acc=0.6602 train_loss=0.6359 val_acc=0.6137 val_loss=0.6567 router_H=0.6895 best=0.6137
           router_load=[0.0, 0.44870445132255554, 0.5323856472969055, 0.018909983336925507]
[step 0130/150] method=ours loss=0.6352 train_acc=0.6602 train_loss=0.6359 val_acc=0.6137 val_loss=0.6567 router_H=0.6895 best=0.6137
           router_load=[0.0, 0.44870445132255554, 0.5323856472969055, 0.018909983336925507]
[step 0140/150] method=ours loss=0.6172 train_acc=0.6602 train_loss=0.6359 val_acc=0.6137 val_loss=0.6567 router_H=0.6895 best=0.6137
           router_load=[0.0, 0.44870445132255554, 0.5323856472969055, 0.018909983336925507]
[step 0150/150] method=ours loss=0.6284 train_acc=0.7137 train_loss=0.5874 val_acc=0.6462 val_loss=0.6322 router_H=0.6889 best=0.6462
           router_load=[0.001684281975030899, 0.44002991914749146, 0.5269493460655212, 0.03133654221892357]
saved summary -> /home/zhujjing/MOE-grad-conflict-routing/runs/paper_suite/single_gpu/single_task/roberta_rte_lora_e4_k2/hpo/ours/trial_runs/coord_01_train_lr_007/ours_s3.json
saved curve -> /home/zhujjing/MOE-grad-conflict-routing/runs/paper_suite/single_gpu/single_task/roberta_rte_lora_e4_k2/hpo/ours/trial_runs/coord_01_train_lr_007/ours_s3_curve.csv
