[run] method=ours candidate=coord_01_train_lr_005 seed=3 steps=150 gpu=0
[run] cmd=
/home/zhujjing/anaconda3/envs/moe/bin/python /home/zhujjing/MOE-grad-conflict-routing/scripts/run.py --config configs/singletask_rte_real.yaml --set model.backbone_backend=hf --set model.hf_load_pretrained=true --set model.backbone=roberta --set model.hf_pretrained_name=roberta-base --set model.expert_type=lora --set model.routing_mode=topk --set model.num_experts=4 --set model.top_k=2 --set seed=3 --set method.name=ours --set train.steps=150 --set train.eval_every_steps=50 --set method.ours.use_load_norm=true --set method.ours.lambda_align=0.001 --set train.grad_clip=1 --set train.lr=2.652769064e-05 --set train.weight_decay=0.01 --out /home/zhujjing/MOE-grad-conflict-routing/runs/paper_suite/single_gpu/single_task/roberta_rte_lora_e4_k2/hpo/ours/trial_runs/coord_01_train_lr_005/ours_s3.json --curve_out /home/zhujjing/MOE-grad-conflict-routing/runs/paper_suite/single_gpu/single_task/roberta_rte_lora_e4_k2/hpo/ours/trial_runs/coord_01_train_lr_005/ours_s3_curve.csv
Using the latest cached version of the dataset since glue couldn't be found on the Hugging Face Hub (offline mode is enabled).
Found the latest cached dataset configuration 'rte' at /home/zhujjing/hf_cache/datasets/glue/rte/0.0.0/bcdcba79d07bc864c1c254ccfcedcce55bcc9a8c (last modified on Thu Mar 19 15:00:36 2026).
/home/zhujjing/anaconda3/envs/moe/lib/python3.10/site-packages/transformers/utils/hub.py:124: FutureWarning: Using `TRANSFORMERS_CACHE` is deprecated and will be removed in v5 of Transformers. Use `HF_HOME` instead.
  warnings.warn(
Some weights of RobertaModel were not initialized from the model checkpoint at roberta-base and are newly initialized: ['roberta.pooler.dense.bias', 'roberta.pooler.dense.weight']
You should probably TRAIN this model on a down-stream task to be able to use it for predictions and inference.
[step 0001/150] method=ours loss=0.6770 train_acc=nan train_loss=nan val_acc=nan val_loss=nan best=-1.0000
[step 0010/150] method=ours loss=0.6953 train_acc=nan train_loss=nan val_acc=nan val_loss=nan best=-1.0000
[step 0020/150] method=ours loss=0.6982 train_acc=nan train_loss=nan val_acc=nan val_loss=nan best=-1.0000
[step 0030/150] method=ours loss=0.6739 train_acc=nan train_loss=nan val_acc=nan val_loss=nan best=-1.0000
[step 0040/150] method=ours loss=0.6706 train_acc=nan train_loss=nan val_acc=nan val_loss=nan best=-1.0000
[step 0050/150] method=ours loss=0.6286 train_acc=0.6273 train_loss=0.6429 val_acc=0.6137 val_loss=0.6618 router_H=0.6453 best=0.6137
           router_load=[0.651945173740387, 0.0024465941824018955, 0.32926231622695923, 0.0163460411131382]
[step 0060/150] method=ours loss=0.5838 train_acc=0.6273 train_loss=0.6429 val_acc=0.6137 val_loss=0.6618 router_H=0.6453 best=0.6137
           router_load=[0.651945173740387, 0.0024465941824018955, 0.32926231622695923, 0.0163460411131382]
[step 0070/150] method=ours loss=0.7456 train_acc=0.6273 train_loss=0.6429 val_acc=0.6137 val_loss=0.6618 router_H=0.6453 best=0.6137
           router_load=[0.651945173740387, 0.0024465941824018955, 0.32926231622695923, 0.0163460411131382]
[step 0080/150] method=ours loss=0.6839 train_acc=0.6273 train_loss=0.6429 val_acc=0.6137 val_loss=0.6618 router_H=0.6453 best=0.6137
           router_load=[0.651945173740387, 0.0024465941824018955, 0.32926231622695923, 0.0163460411131382]
[step 0090/150] method=ours loss=0.5989 train_acc=0.6273 train_loss=0.6429 val_acc=0.6137 val_loss=0.6618 router_H=0.6453 best=0.6137
           router_load=[0.651945173740387, 0.0024465941824018955, 0.32926231622695923, 0.0163460411131382]
[step 0100/150] method=ours loss=0.7664 train_acc=0.7341 train_loss=0.5756 val_acc=0.6643 val_loss=0.6201 router_H=0.6556 best=0.6643
           router_load=[0.6343013048171997, 0.0012369947507977486, 0.3523383140563965, 0.012123433873057365]
[step 0110/150] method=ours loss=0.4827 train_acc=0.7341 train_loss=0.5756 val_acc=0.6643 val_loss=0.6201 router_H=0.6556 best=0.6643
           router_load=[0.6343013048171997, 0.0012369947507977486, 0.3523383140563965, 0.012123433873057365]
[step 0120/150] method=ours loss=0.7217 train_acc=0.7341 train_loss=0.5756 val_acc=0.6643 val_loss=0.6201 router_H=0.6556 best=0.6643
           router_load=[0.6343013048171997, 0.0012369947507977486, 0.3523383140563965, 0.012123433873057365]
[step 0130/150] method=ours loss=0.6522 train_acc=0.7341 train_loss=0.5756 val_acc=0.6643 val_loss=0.6201 router_H=0.6556 best=0.6643
           router_load=[0.6343013048171997, 0.0012369947507977486, 0.3523383140563965, 0.012123433873057365]
[step 0140/150] method=ours loss=0.5645 train_acc=0.7341 train_loss=0.5756 val_acc=0.6643 val_loss=0.6201 router_H=0.6556 best=0.6643
           router_load=[0.6343013048171997, 0.0012369947507977486, 0.3523383140563965, 0.012123433873057365]
[step 0150/150] method=ours loss=0.5386 train_acc=0.7462 train_loss=0.5133 val_acc=0.6931 val_loss=0.5956 router_H=0.6544 best=0.6931
           router_load=[0.6368352770805359, 0.0, 0.35470473766326904, 0.008460009470582008]
saved summary -> /home/zhujjing/MOE-grad-conflict-routing/runs/paper_suite/single_gpu/single_task/roberta_rte_lora_e4_k2/hpo/ours/trial_runs/coord_01_train_lr_005/ours_s3.json
saved curve -> /home/zhujjing/MOE-grad-conflict-routing/runs/paper_suite/single_gpu/single_task/roberta_rte_lora_e4_k2/hpo/ours/trial_runs/coord_01_train_lr_005/ours_s3_curve.csv
