[run] method=ours candidate=coord_01_train_lr_008 seed=3 steps=150 gpu=0
[run] cmd=
/home/zhujjing/anaconda3/envs/moe/bin/python /home/zhujjing/MOE-grad-conflict-routing/scripts/run.py --config configs/singletask_rte_real.yaml --set model.backbone_backend=hf --set model.hf_load_pretrained=true --set model.backbone=roberta --set model.hf_pretrained_name=roberta-base --set model.expert_type=lora --set model.routing_mode=topk --set model.num_experts=4 --set model.top_k=2 --set seed=3 --set method.name=ours --set train.steps=150 --set train.eval_every_steps=50 --set method.ours.use_load_norm=true --set method.ours.lambda_align=0.001 --set train.grad_clip=1 --set train.lr=1.595254206e-05 --set train.weight_decay=0.01 --out /home/zhujjing/MOE-grad-conflict-routing/runs/paper_suite/single_gpu/single_task/roberta_rte_lora_e4_k2/hpo/ours/trial_runs/coord_01_train_lr_008/ours_s3.json --curve_out /home/zhujjing/MOE-grad-conflict-routing/runs/paper_suite/single_gpu/single_task/roberta_rte_lora_e4_k2/hpo/ours/trial_runs/coord_01_train_lr_008/ours_s3_curve.csv
Using the latest cached version of the dataset since glue couldn't be found on the Hugging Face Hub (offline mode is enabled).
Found the latest cached dataset configuration 'rte' at /home/zhujjing/hf_cache/datasets/glue/rte/0.0.0/bcdcba79d07bc864c1c254ccfcedcce55bcc9a8c (last modified on Thu Mar 19 15:00:36 2026).
/home/zhujjing/anaconda3/envs/moe/lib/python3.10/site-packages/transformers/utils/hub.py:124: FutureWarning: Using `TRANSFORMERS_CACHE` is deprecated and will be removed in v5 of Transformers. Use `HF_HOME` instead.
  warnings.warn(
Some weights of RobertaModel were not initialized from the model checkpoint at roberta-base and are newly initialized: ['roberta.pooler.dense.bias', 'roberta.pooler.dense.weight']
You should probably TRAIN this model on a down-stream task to be able to use it for predictions and inference.
[step 0001/150] method=ours loss=0.7077 train_acc=nan train_loss=nan val_acc=nan val_loss=nan best=-1.0000
[step 0010/150] method=ours loss=0.6793 train_acc=nan train_loss=nan val_acc=nan val_loss=nan best=-1.0000
[step 0020/150] method=ours loss=0.6995 train_acc=nan train_loss=nan val_acc=nan val_loss=nan best=-1.0000
[step 0030/150] method=ours loss=0.6624 train_acc=nan train_loss=nan val_acc=nan val_loss=nan best=-1.0000
[step 0040/150] method=ours loss=0.6650 train_acc=nan train_loss=nan val_acc=nan val_loss=nan best=-1.0000
[step 0050/150] method=ours loss=0.6501 train_acc=0.6414 train_loss=0.6469 val_acc=0.6137 val_loss=0.6589 router_H=0.6794 best=0.6137
           router_load=[0.0, 0.5795124173164368, 0.0, 0.42048758268356323]
[step 0060/150] method=ours loss=0.5740 train_acc=0.6414 train_loss=0.6469 val_acc=0.6137 val_loss=0.6589 router_H=0.6794 best=0.6137
           router_load=[0.0, 0.5795124173164368, 0.0, 0.42048758268356323]
[step 0070/150] method=ours loss=0.6759 train_acc=0.6414 train_loss=0.6469 val_acc=0.6137 val_loss=0.6589 router_H=0.6794 best=0.6137
           router_load=[0.0, 0.5795124173164368, 0.0, 0.42048758268356323]
[step 0080/150] method=ours loss=0.6737 train_acc=0.6414 train_loss=0.6469 val_acc=0.6137 val_loss=0.6589 router_H=0.6794 best=0.6137
           router_load=[0.0, 0.5795124173164368, 0.0, 0.42048758268356323]
[step 0090/150] method=ours loss=0.6092 train_acc=0.6414 train_loss=0.6469 val_acc=0.6137 val_loss=0.6589 router_H=0.6794 best=0.6137
           router_load=[0.0, 0.5795124173164368, 0.0, 0.42048758268356323]
[step 0100/150] method=ours loss=0.6252 train_acc=0.7293 train_loss=0.5659 val_acc=0.6643 val_loss=0.6037 router_H=0.6720 best=0.6643
           router_load=[0.0013239973923191428, 0.5988381505012512, 0.0054871514439582825, 0.39435070753097534]
[step 0110/150] method=ours loss=0.5764 train_acc=0.7293 train_loss=0.5659 val_acc=0.6643 val_loss=0.6037 router_H=0.6720 best=0.6643
           router_load=[0.0013239973923191428, 0.5988381505012512, 0.0054871514439582825, 0.39435070753097534]
[step 0120/150] method=ours loss=0.5533 train_acc=0.7293 train_loss=0.5659 val_acc=0.6643 val_loss=0.6037 router_H=0.6720 best=0.6643
           router_load=[0.0013239973923191428, 0.5988381505012512, 0.0054871514439582825, 0.39435070753097534]
[step 0130/150] method=ours loss=0.6000 train_acc=0.7293 train_loss=0.5659 val_acc=0.6643 val_loss=0.6037 router_H=0.6720 best=0.6643
           router_load=[0.0013239973923191428, 0.5988381505012512, 0.0054871514439582825, 0.39435070753097534]
[step 0140/150] method=ours loss=0.6178 train_acc=0.7293 train_loss=0.5659 val_acc=0.6643 val_loss=0.6037 router_H=0.6720 best=0.6643
           router_load=[0.0013239973923191428, 0.5988381505012512, 0.0054871514439582825, 0.39435070753097534]
[step 0150/150] method=ours loss=0.5531 train_acc=0.7129 train_loss=0.5582 val_acc=0.6679 val_loss=0.6120 router_H=0.6802 best=0.6679
           router_load=[0.0, 0.5758169889450073, 0.0, 0.4241829514503479]
saved summary -> /home/zhujjing/MOE-grad-conflict-routing/runs/paper_suite/single_gpu/single_task/roberta_rte_lora_e4_k2/hpo/ours/trial_runs/coord_01_train_lr_008/ours_s3.json
saved curve -> /home/zhujjing/MOE-grad-conflict-routing/runs/paper_suite/single_gpu/single_task/roberta_rte_lora_e4_k2/hpo/ours/trial_runs/coord_01_train_lr_008/ours_s3_curve.csv
