[run] method=ours candidate=coord_01_train_lr_015 seed=3 steps=150 gpu=0
[run] cmd=
/home/zhujjing/anaconda3/envs/moe/bin/python /home/zhujjing/MOE-grad-conflict-routing/scripts/run.py --config configs/singletask_sst2_real.yaml --set model.backbone_backend=hf --set model.hf_load_pretrained=true --set model.backbone=roberta --set model.hf_pretrained_name=roberta-base --set model.expert_type=lora --set model.routing_mode=topk --set model.num_experts=4 --set model.top_k=2 --set seed=3 --set method.name=ours --set train.steps=150 --set train.eval_every_steps=50 --set method.ours.use_load_norm=true --set method.ours.lambda_align=0.001 --set train.grad_clip=1 --set train.lr=0.0004805325977 --set train.weight_decay=0.01 --out /home/zhujjing/MOE-grad-conflict-routing/runs/paper_suite/single_gpu/single_task/roberta_sst2_lora_e4_k2/hpo/ours/trial_runs/coord_01_train_lr_015/ours_s3.json --curve_out /home/zhujjing/MOE-grad-conflict-routing/runs/paper_suite/single_gpu/single_task/roberta_sst2_lora_e4_k2/hpo/ours/trial_runs/coord_01_train_lr_015/ours_s3_curve.csv
Using the latest cached version of the dataset since glue couldn't be found on the Hugging Face Hub (offline mode is enabled).
Found the latest cached dataset configuration 'sst2' at /home/zhujjing/hf_cache/datasets/glue/sst2/0.0.0/bcdcba79d07bc864c1c254ccfcedcce55bcc9a8c (last modified on Thu Mar 19 15:01:41 2026).
/home/zhujjing/anaconda3/envs/moe/lib/python3.10/site-packages/transformers/utils/hub.py:124: FutureWarning: Using `TRANSFORMERS_CACHE` is deprecated and will be removed in v5 of Transformers. Use `HF_HOME` instead.
  warnings.warn(
Some weights of RobertaModel were not initialized from the model checkpoint at roberta-base and are newly initialized: ['roberta.pooler.dense.bias', 'roberta.pooler.dense.weight']
You should probably TRAIN this model on a down-stream task to be able to use it for predictions and inference.
[step 0001/150] method=ours loss=0.7025 train_acc=nan train_loss=nan val_acc=nan val_loss=nan best=-1.0000
[step 0010/150] method=ours loss=0.9572 train_acc=nan train_loss=nan val_acc=nan val_loss=nan best=-1.0000
[step 0020/150] method=ours loss=0.6449 train_acc=nan train_loss=nan val_acc=nan val_loss=nan best=-1.0000
[step 0030/150] method=ours loss=0.7078 train_acc=nan train_loss=nan val_acc=nan val_loss=nan best=-1.0000
[step 0040/150] method=ours loss=0.8398 train_acc=nan train_loss=nan val_acc=nan val_loss=nan best=-1.0000
[step 0050/150] method=ours loss=0.7561 train_acc=0.5578 train_loss=0.6878 val_acc=0.5092 val_loss=0.7042 router_H=0.6886 best=0.5092
           router_load=[0.5478371977806091, 0.0, 0.0, 0.45216262340545654]
[step 0060/150] method=ours loss=0.6935 train_acc=0.5578 train_loss=0.6878 val_acc=0.5092 val_loss=0.7042 router_H=0.6886 best=0.5092
           router_load=[0.5478371977806091, 0.0, 0.0, 0.45216262340545654]
[step 0070/150] method=ours loss=0.7376 train_acc=0.5578 train_loss=0.6878 val_acc=0.5092 val_loss=0.7042 router_H=0.6886 best=0.5092
           router_load=[0.5478371977806091, 0.0, 0.0, 0.45216262340545654]
[step 0080/150] method=ours loss=0.7149 train_acc=0.5578 train_loss=0.6878 val_acc=0.5092 val_loss=0.7042 router_H=0.6886 best=0.5092
           router_load=[0.5478371977806091, 0.0, 0.0, 0.45216262340545654]
[step 0090/150] method=ours loss=0.6956 train_acc=0.5578 train_loss=0.6878 val_acc=0.5092 val_loss=0.7042 router_H=0.6886 best=0.5092
           router_load=[0.5478371977806091, 0.0, 0.0, 0.45216262340545654]
[step 0100/150] method=ours loss=0.6668 train_acc=0.5578 train_loss=0.6867 val_acc=0.5092 val_loss=0.7006 router_H=0.6909 best=0.5092
           router_load=[0.46644672751426697, 0.0, 0.0, 0.5335533618927002]
[step 0110/150] method=ours loss=0.8056 train_acc=0.5578 train_loss=0.6867 val_acc=0.5092 val_loss=0.7006 router_H=0.6909 best=0.5092
           router_load=[0.46644672751426697, 0.0, 0.0, 0.5335533618927002]
[step 0120/150] method=ours loss=0.7163 train_acc=0.5578 train_loss=0.6867 val_acc=0.5092 val_loss=0.7006 router_H=0.6909 best=0.5092
           router_load=[0.46644672751426697, 0.0, 0.0, 0.5335533618927002]
[step 0130/150] method=ours loss=0.6546 train_acc=0.5578 train_loss=0.6867 val_acc=0.5092 val_loss=0.7006 router_H=0.6909 best=0.5092
           router_load=[0.46644672751426697, 0.0, 0.0, 0.5335533618927002]
[step 0140/150] method=ours loss=0.7108 train_acc=0.5578 train_loss=0.6867 val_acc=0.5092 val_loss=0.7006 router_H=0.6909 best=0.5092
           router_load=[0.46644672751426697, 0.0, 0.0, 0.5335533618927002]
[step 0150/150] method=ours loss=0.6907 train_acc=0.5578 train_loss=0.6874 val_acc=0.5092 val_loss=0.6945 router_H=0.6931 best=0.5092
           router_load=[0.4994771480560303, 0.0, 0.0, 0.5005229115486145]
saved summary -> /home/zhujjing/MOE-grad-conflict-routing/runs/paper_suite/single_gpu/single_task/roberta_sst2_lora_e4_k2/hpo/ours/trial_runs/coord_01_train_lr_015/ours_s3.json
saved curve -> /home/zhujjing/MOE-grad-conflict-routing/runs/paper_suite/single_gpu/single_task/roberta_sst2_lora_e4_k2/hpo/ours/trial_runs/coord_01_train_lr_015/ours_s3_curve.csv
