[run] method=ours candidate=coord_01_train_lr_007 seed=3 steps=150 gpu=0
[run] cmd=
/home/zhujjing/anaconda3/envs/moe/bin/python /home/zhujjing/MOE-grad-conflict-routing/scripts/run.py --config configs/singletask_sst2_real.yaml --set model.backbone_backend=hf --set model.hf_load_pretrained=true --set model.backbone=roberta --set model.hf_pretrained_name=roberta-base --set model.expert_type=lora --set model.routing_mode=topk --set model.num_experts=4 --set model.top_k=2 --set seed=3 --set method.name=ours --set train.steps=150 --set train.eval_every_steps=50 --set method.ours.use_load_norm=true --set method.ours.lambda_align=0.001 --set train.grad_clip=1 --set train.lr=8.287954981e-06 --set train.weight_decay=0.01 --out /home/zhujjing/MOE-grad-conflict-routing/runs/paper_suite/single_gpu/single_task/roberta_sst2_lora_e4_k2/hpo/ours/trial_runs/coord_01_train_lr_007/ours_s3.json --curve_out /home/zhujjing/MOE-grad-conflict-routing/runs/paper_suite/single_gpu/single_task/roberta_sst2_lora_e4_k2/hpo/ours/trial_runs/coord_01_train_lr_007/ours_s3_curve.csv
Using the latest cached version of the dataset since glue couldn't be found on the Hugging Face Hub (offline mode is enabled).
Found the latest cached dataset configuration 'sst2' at /home/zhujjing/hf_cache/datasets/glue/sst2/0.0.0/bcdcba79d07bc864c1c254ccfcedcce55bcc9a8c (last modified on Thu Mar 19 15:01:41 2026).
/home/zhujjing/anaconda3/envs/moe/lib/python3.10/site-packages/transformers/utils/hub.py:124: FutureWarning: Using `TRANSFORMERS_CACHE` is deprecated and will be removed in v5 of Transformers. Use `HF_HOME` instead.
  warnings.warn(
Some weights of RobertaModel were not initialized from the model checkpoint at roberta-base and are newly initialized: ['roberta.pooler.dense.bias', 'roberta.pooler.dense.weight']
You should probably TRAIN this model on a down-stream task to be able to use it for predictions and inference.
[step 0001/150] method=ours loss=0.8811 train_acc=nan train_loss=nan val_acc=nan val_loss=nan best=-1.0000
[step 0010/150] method=ours loss=0.6695 train_acc=nan train_loss=nan val_acc=nan val_loss=nan best=-1.0000
[step 0020/150] method=ours loss=0.6342 train_acc=nan train_loss=nan val_acc=nan val_loss=nan best=-1.0000
[step 0030/150] method=ours loss=0.6739 train_acc=nan train_loss=nan val_acc=nan val_loss=nan best=-1.0000
[step 0040/150] method=ours loss=0.7085 train_acc=nan train_loss=nan val_acc=nan val_loss=nan best=-1.0000
[step 0050/150] method=ours loss=0.7196 train_acc=0.5981 train_loss=0.5581 val_acc=0.5321 val_loss=0.5938 router_H=0.6716 best=0.5321
           router_load=[0.06975860148668289, 0.5996888875961304, 0.0, 0.3305523693561554]
[step 0060/150] method=ours loss=0.4568 train_acc=0.5981 train_loss=0.5581 val_acc=0.5321 val_loss=0.5938 router_H=0.6716 best=0.5321
           router_load=[0.06975860148668289, 0.5996888875961304, 0.0, 0.3305523693561554]
[step 0070/150] method=ours loss=0.4390 train_acc=0.5981 train_loss=0.5581 val_acc=0.5321 val_loss=0.5938 router_H=0.6716 best=0.5321
           router_load=[0.06975860148668289, 0.5996888875961304, 0.0, 0.3305523693561554]
[step 0080/150] method=ours loss=0.1863 train_acc=0.5981 train_loss=0.5581 val_acc=0.5321 val_loss=0.5938 router_H=0.6716 best=0.5321
           router_load=[0.06975860148668289, 0.5996888875961304, 0.0, 0.3305523693561554]
[step 0090/150] method=ours loss=0.1818 train_acc=0.5981 train_loss=0.5581 val_acc=0.5321 val_loss=0.5938 router_H=0.6716 best=0.5321
           router_load=[0.06975860148668289, 0.5996888875961304, 0.0, 0.3305523693561554]
[step 0100/150] method=ours loss=0.4993 train_acc=0.8796 train_loss=0.3080 val_acc=0.9002 val_loss=0.2747 router_H=0.6788 best=0.9002
           router_load=[0.12841694056987762, 0.5538967847824097, 0.0, 0.3176862597465515]
[step 0110/150] method=ours loss=0.5860 train_acc=0.8796 train_loss=0.3080 val_acc=0.9002 val_loss=0.2747 router_H=0.6788 best=0.9002
           router_load=[0.12841694056987762, 0.5538967847824097, 0.0, 0.3176862597465515]
[step 0120/150] method=ours loss=0.3867 train_acc=0.8796 train_loss=0.3080 val_acc=0.9002 val_loss=0.2747 router_H=0.6788 best=0.9002
           router_load=[0.12841694056987762, 0.5538967847824097, 0.0, 0.3176862597465515]
[step 0130/150] method=ours loss=0.2548 train_acc=0.8796 train_loss=0.3080 val_acc=0.9002 val_loss=0.2747 router_H=0.6788 best=0.9002
           router_load=[0.12841694056987762, 0.5538967847824097, 0.0, 0.3176862597465515]
[step 0140/150] method=ours loss=0.2630 train_acc=0.8796 train_loss=0.3080 val_acc=0.9002 val_loss=0.2747 router_H=0.6788 best=0.9002
           router_load=[0.12841694056987762, 0.5538967847824097, 0.0, 0.3176862597465515]
[step 0150/150] method=ours loss=0.2284 train_acc=0.8969 train_loss=0.2766 val_acc=0.9174 val_loss=0.2538 router_H=0.6777 best=0.9174
           router_load=[0.16416671872138977, 0.5564737915992737, 0.0, 0.279359370470047]
saved summary -> /home/zhujjing/MOE-grad-conflict-routing/runs/paper_suite/single_gpu/single_task/roberta_sst2_lora_e4_k2/hpo/ours/trial_runs/coord_01_train_lr_007/ours_s3.json
saved curve -> /home/zhujjing/MOE-grad-conflict-routing/runs/paper_suite/single_gpu/single_task/roberta_sst2_lora_e4_k2/hpo/ours/trial_runs/coord_01_train_lr_007/ours_s3_curve.csv
