[run] method=ours candidate=coord_01_train_lr_018 seed=3 steps=150 gpu=0
[run] cmd=
/home/zhujjing/anaconda3/envs/moe/bin/python /home/zhujjing/MOE-grad-conflict-routing/scripts/run.py --config configs/singletask_sst2_real.yaml --set model.backbone_backend=hf --set model.hf_load_pretrained=true --set model.backbone=roberta --set model.hf_pretrained_name=roberta-base --set model.expert_type=lora --set model.routing_mode=topk --set model.num_experts=4 --set model.top_k=2 --set seed=3 --set method.name=ours --set train.steps=150 --set train.eval_every_steps=50 --set method.ours.use_load_norm=true --set method.ours.lambda_align=0.001 --set train.grad_clip=1 --set train.lr=0.001770869151 --set train.weight_decay=0.01 --out /home/zhujjing/MOE-grad-conflict-routing/runs/paper_suite/single_gpu/single_task/roberta_sst2_lora_e4_k2/hpo/ours/trial_runs/coord_01_train_lr_018/ours_s3.json --curve_out /home/zhujjing/MOE-grad-conflict-routing/runs/paper_suite/single_gpu/single_task/roberta_sst2_lora_e4_k2/hpo/ours/trial_runs/coord_01_train_lr_018/ours_s3_curve.csv
Using the latest cached version of the dataset since glue couldn't be found on the Hugging Face Hub (offline mode is enabled).
Found the latest cached dataset configuration 'sst2' at /home/zhujjing/hf_cache/datasets/glue/sst2/0.0.0/bcdcba79d07bc864c1c254ccfcedcce55bcc9a8c (last modified on Thu Mar 19 15:01:41 2026).
/home/zhujjing/anaconda3/envs/moe/lib/python3.10/site-packages/transformers/utils/hub.py:124: FutureWarning: Using `TRANSFORMERS_CACHE` is deprecated and will be removed in v5 of Transformers. Use `HF_HOME` instead.
  warnings.warn(
Some weights of RobertaModel were not initialized from the model checkpoint at roberta-base and are newly initialized: ['roberta.pooler.dense.bias', 'roberta.pooler.dense.weight']
You should probably TRAIN this model on a down-stream task to be able to use it for predictions and inference.
[step 0001/150] method=ours loss=0.6394 train_acc=nan train_loss=nan val_acc=nan val_loss=nan best=-1.0000
[step 0010/150] method=ours loss=0.6617 train_acc=nan train_loss=nan val_acc=nan val_loss=nan best=-1.0000
[step 0020/150] method=ours loss=0.8756 train_acc=nan train_loss=nan val_acc=nan val_loss=nan best=-1.0000
[step 0030/150] method=ours loss=0.6923 train_acc=nan train_loss=nan val_acc=nan val_loss=nan best=-1.0000
[step 0040/150] method=ours loss=0.8088 train_acc=nan train_loss=nan val_acc=nan val_loss=nan best=-1.0000
[step 0050/150] method=ours loss=0.7040 train_acc=0.5578 train_loss=0.6911 val_acc=0.5092 val_loss=0.6930 router_H=0.5237 best=0.5092
           router_load=[0.2174413949251175, 0.7825594544410706, 0.0, 0.0]
[step 0060/150] method=ours loss=0.6980 train_acc=0.5578 train_loss=0.6911 val_acc=0.5092 val_loss=0.6930 router_H=0.5237 best=0.5092
           router_load=[0.2174413949251175, 0.7825594544410706, 0.0, 0.0]
[step 0070/150] method=ours loss=0.7359 train_acc=0.5578 train_loss=0.6911 val_acc=0.5092 val_loss=0.6930 router_H=0.5237 best=0.5092
           router_load=[0.2174413949251175, 0.7825594544410706, 0.0, 0.0]
[step 0080/150] method=ours loss=0.8018 train_acc=0.5578 train_loss=0.6911 val_acc=0.5092 val_loss=0.6930 router_H=0.5237 best=0.5092
           router_load=[0.2174413949251175, 0.7825594544410706, 0.0, 0.0]
[step 0090/150] method=ours loss=0.6953 train_acc=0.5578 train_loss=0.6911 val_acc=0.5092 val_loss=0.6930 router_H=0.5237 best=0.5092
           router_load=[0.2174413949251175, 0.7825594544410706, 0.0, 0.0]
[step 0100/150] method=ours loss=0.7305 train_acc=0.4422 train_loss=0.7221 val_acc=0.4908 val_loss=0.7073 router_H=0.3814 best=0.5092
           router_load=[0.0, 0.8726292252540588, 0.0, 0.12737061083316803]
[step 0110/150] method=ours loss=0.9100 train_acc=0.4422 train_loss=0.7221 val_acc=0.4908 val_loss=0.7073 router_H=0.3814 best=0.5092
           router_load=[0.0, 0.8726292252540588, 0.0, 0.12737061083316803]
[step 0120/150] method=ours loss=0.7017 train_acc=0.4422 train_loss=0.7221 val_acc=0.4908 val_loss=0.7073 router_H=0.3814 best=0.5092
           router_load=[0.0, 0.8726292252540588, 0.0, 0.12737061083316803]
[step 0130/150] method=ours loss=0.6550 train_acc=0.4422 train_loss=0.7221 val_acc=0.4908 val_loss=0.7073 router_H=0.3814 best=0.5092
           router_load=[0.0, 0.8726292252540588, 0.0, 0.12737061083316803]
[step 0140/150] method=ours loss=0.7013 train_acc=0.4422 train_loss=0.7221 val_acc=0.4908 val_loss=0.7073 router_H=0.3814 best=0.5092
           router_load=[0.0, 0.8726292252540588, 0.0, 0.12737061083316803]
[step 0150/150] method=ours loss=0.6904 train_acc=0.5578 train_loss=0.6905 val_acc=0.5092 val_loss=0.6930 router_H=0.3487 best=0.5092
           router_load=[0.1110546737909317, 0.8889460563659668, 0.0, 0.0]
saved summary -> /home/zhujjing/MOE-grad-conflict-routing/runs/paper_suite/single_gpu/single_task/roberta_sst2_lora_e4_k2/hpo/ours/trial_runs/coord_01_train_lr_018/ours_s3.json
saved curve -> /home/zhujjing/MOE-grad-conflict-routing/runs/paper_suite/single_gpu/single_task/roberta_sst2_lora_e4_k2/hpo/ours/trial_runs/coord_01_train_lr_018/ours_s3_curve.csv
