[run] method=ours candidate=coord_01_train_lr_016 seed=3 steps=150 gpu=0
[run] cmd=
/home/zhujjing/anaconda3/envs/moe/bin/python /home/zhujjing/MOE-grad-conflict-routing/scripts/run.py --config configs/singletask_sst2_real.yaml --set model.backbone_backend=hf --set model.hf_load_pretrained=true --set model.backbone=roberta --set model.hf_pretrained_name=roberta-base --set model.expert_type=lora --set model.routing_mode=topk --set model.num_experts=4 --set model.top_k=2 --set seed=3 --set method.name=ours --set train.steps=150 --set train.eval_every_steps=50 --set method.ours.use_load_norm=true --set method.ours.lambda_align=0.001 --set train.grad_clip=1 --set train.lr=3.54352477e-05 --set train.weight_decay=0.01 --out /home/zhujjing/MOE-grad-conflict-routing/runs/paper_suite/single_gpu/single_task/roberta_sst2_lora_e4_k2/hpo/ours/trial_runs/coord_01_train_lr_016/ours_s3.json --curve_out /home/zhujjing/MOE-grad-conflict-routing/runs/paper_suite/single_gpu/single_task/roberta_sst2_lora_e4_k2/hpo/ours/trial_runs/coord_01_train_lr_016/ours_s3_curve.csv
Using the latest cached version of the dataset since glue couldn't be found on the Hugging Face Hub (offline mode is enabled).
Found the latest cached dataset configuration 'sst2' at /home/zhujjing/hf_cache/datasets/glue/sst2/0.0.0/bcdcba79d07bc864c1c254ccfcedcce55bcc9a8c (last modified on Thu Mar 19 15:01:41 2026).
/home/zhujjing/anaconda3/envs/moe/lib/python3.10/site-packages/transformers/utils/hub.py:124: FutureWarning: Using `TRANSFORMERS_CACHE` is deprecated and will be removed in v5 of Transformers. Use `HF_HOME` instead.
  warnings.warn(
Some weights of RobertaModel were not initialized from the model checkpoint at roberta-base and are newly initialized: ['roberta.pooler.dense.bias', 'roberta.pooler.dense.weight']
You should probably TRAIN this model on a down-stream task to be able to use it for predictions and inference.
[step 0001/150] method=ours loss=0.6507 train_acc=nan train_loss=nan val_acc=nan val_loss=nan best=-1.0000
[step 0010/150] method=ours loss=0.6640 train_acc=nan train_loss=nan val_acc=nan val_loss=nan best=-1.0000
[step 0020/150] method=ours loss=0.6288 train_acc=nan train_loss=nan val_acc=nan val_loss=nan best=-1.0000
[step 0030/150] method=ours loss=0.4626 train_acc=nan train_loss=nan val_acc=nan val_loss=nan best=-1.0000
[step 0040/150] method=ours loss=0.6209 train_acc=nan train_loss=nan val_acc=nan val_loss=nan best=-1.0000
[step 0050/150] method=ours loss=0.7108 train_acc=0.8748 train_loss=0.3419 val_acc=0.8589 val_loss=0.3511 router_H=0.6879 best=0.8589
           router_load=[0.18873023986816406, 0.5148248672485352, 0.0008847747812978923, 0.2955601215362549]
[step 0060/150] method=ours loss=0.3988 train_acc=0.8748 train_loss=0.3419 val_acc=0.8589 val_loss=0.3511 router_H=0.6879 best=0.8589
           router_load=[0.18873023986816406, 0.5148248672485352, 0.0008847747812978923, 0.2955601215362549]
[step 0070/150] method=ours loss=0.6118 train_acc=0.8748 train_loss=0.3419 val_acc=0.8589 val_loss=0.3511 router_H=0.6879 best=0.8589
           router_load=[0.18873023986816406, 0.5148248672485352, 0.0008847747812978923, 0.2955601215362549]
[step 0080/150] method=ours loss=0.4785 train_acc=0.8748 train_loss=0.3419 val_acc=0.8589 val_loss=0.3511 router_H=0.6879 best=0.8589
           router_load=[0.18873023986816406, 0.5148248672485352, 0.0008847747812978923, 0.2955601215362549]
[step 0090/150] method=ours loss=0.3877 train_acc=0.8748 train_loss=0.3419 val_acc=0.8589 val_loss=0.3511 router_H=0.6879 best=0.8589
           router_load=[0.18873023986816406, 0.5148248672485352, 0.0008847747812978923, 0.2955601215362549]
[step 0100/150] method=ours loss=0.3295 train_acc=0.8788 train_loss=0.3140 val_acc=0.9117 val_loss=0.2568 router_H=0.6854 best=0.9117
           router_load=[0.28223568201065063, 0.4249546229839325, 0.004489730577915907, 0.288319855928421]
[step 0110/150] method=ours loss=0.3488 train_acc=0.8788 train_loss=0.3140 val_acc=0.9117 val_loss=0.2568 router_H=0.6854 best=0.9117
           router_load=[0.28223568201065063, 0.4249546229839325, 0.004489730577915907, 0.288319855928421]
[step 0120/150] method=ours loss=0.6191 train_acc=0.8788 train_loss=0.3140 val_acc=0.9117 val_loss=0.2568 router_H=0.6854 best=0.9117
           router_load=[0.28223568201065063, 0.4249546229839325, 0.004489730577915907, 0.288319855928421]
[step 0130/150] method=ours loss=0.5399 train_acc=0.8788 train_loss=0.3140 val_acc=0.9117 val_loss=0.2568 router_H=0.6854 best=0.9117
           router_load=[0.28223568201065063, 0.4249546229839325, 0.004489730577915907, 0.288319855928421]
[step 0140/150] method=ours loss=0.2782 train_acc=0.8788 train_loss=0.3140 val_acc=0.9117 val_loss=0.2568 router_H=0.6854 best=0.9117
           router_load=[0.28223568201065063, 0.4249546229839325, 0.004489730577915907, 0.288319855928421]
[step 0150/150] method=ours loss=0.1668 train_acc=0.8753 train_loss=0.3123 val_acc=0.9117 val_loss=0.2467 router_H=0.6904 best=0.9117
           router_load=[0.29369649291038513, 0.5117250680923462, 0.0005229633534327149, 0.194055438041687]
saved summary -> /home/zhujjing/MOE-grad-conflict-routing/runs/paper_suite/single_gpu/single_task/roberta_sst2_lora_e4_k2/hpo/ours/trial_runs/coord_01_train_lr_016/ours_s3.json
saved curve -> /home/zhujjing/MOE-grad-conflict-routing/runs/paper_suite/single_gpu/single_task/roberta_sst2_lora_e4_k2/hpo/ours/trial_runs/coord_01_train_lr_016/ours_s3_curve.csv
