[run] method=ours candidate=coord_01_train_lr_004 seed=3 steps=150 gpu=0
[run] cmd=
/home/zhujjing/anaconda3/envs/moe/bin/python /home/zhujjing/MOE-grad-conflict-routing/scripts/run.py --config configs/singletask_sst2_real.yaml --set model.backbone_backend=hf --set model.hf_load_pretrained=true --set model.backbone=roberta --set model.hf_pretrained_name=roberta-base --set model.expert_type=lora --set model.routing_mode=topk --set model.num_experts=4 --set model.top_k=2 --set seed=3 --set method.name=ours --set train.steps=150 --set train.eval_every_steps=50 --set method.ours.use_load_norm=true --set method.ours.lambda_align=0.001 --set train.grad_clip=1 --set train.lr=0.0002158544078 --set train.weight_decay=0.01 --out /home/zhujjing/MOE-grad-conflict-routing/runs/paper_suite/single_gpu/single_task/roberta_sst2_lora_e4_k2/hpo/ours/trial_runs/coord_01_train_lr_004/ours_s3.json --curve_out /home/zhujjing/MOE-grad-conflict-routing/runs/paper_suite/single_gpu/single_task/roberta_sst2_lora_e4_k2/hpo/ours/trial_runs/coord_01_train_lr_004/ours_s3_curve.csv
Using the latest cached version of the dataset since glue couldn't be found on the Hugging Face Hub (offline mode is enabled).
Found the latest cached dataset configuration 'sst2' at /home/zhujjing/hf_cache/datasets/glue/sst2/0.0.0/bcdcba79d07bc864c1c254ccfcedcce55bcc9a8c (last modified on Thu Mar 19 15:01:41 2026).
/home/zhujjing/anaconda3/envs/moe/lib/python3.10/site-packages/transformers/utils/hub.py:124: FutureWarning: Using `TRANSFORMERS_CACHE` is deprecated and will be removed in v5 of Transformers. Use `HF_HOME` instead.
  warnings.warn(
Some weights of RobertaModel were not initialized from the model checkpoint at roberta-base and are newly initialized: ['roberta.pooler.dense.bias', 'roberta.pooler.dense.weight']
You should probably TRAIN this model on a down-stream task to be able to use it for predictions and inference.
[step 0001/150] method=ours loss=0.7597 train_acc=nan train_loss=nan val_acc=nan val_loss=nan best=-1.0000
[step 0010/150] method=ours loss=1.2384 train_acc=nan train_loss=nan val_acc=nan val_loss=nan best=-1.0000
[step 0020/150] method=ours loss=0.6457 train_acc=nan train_loss=nan val_acc=nan val_loss=nan best=-1.0000
[step 0030/150] method=ours loss=0.7072 train_acc=nan train_loss=nan val_acc=nan val_loss=nan best=-1.0000
[step 0040/150] method=ours loss=0.7510 train_acc=nan train_loss=nan val_acc=nan val_loss=nan best=-1.0000
[step 0050/150] method=ours loss=0.7888 train_acc=0.5578 train_loss=0.6996 val_acc=0.5092 val_loss=0.7270 router_H=0.6866 best=0.5092
           router_load=[0.0, 0.442785382270813, 0.5572145581245422, 0.0]
[step 0060/150] method=ours loss=0.6867 train_acc=0.5578 train_loss=0.6996 val_acc=0.5092 val_loss=0.7270 router_H=0.6866 best=0.5092
           router_load=[0.0, 0.442785382270813, 0.5572145581245422, 0.0]
[step 0070/150] method=ours loss=0.7357 train_acc=0.5578 train_loss=0.6996 val_acc=0.5092 val_loss=0.7270 router_H=0.6866 best=0.5092
           router_load=[0.0, 0.442785382270813, 0.5572145581245422, 0.0]
[step 0080/150] method=ours loss=0.7280 train_acc=0.5578 train_loss=0.6996 val_acc=0.5092 val_loss=0.7270 router_H=0.6866 best=0.5092
           router_load=[0.0, 0.442785382270813, 0.5572145581245422, 0.0]
[step 0090/150] method=ours loss=0.7015 train_acc=0.5578 train_loss=0.6996 val_acc=0.5092 val_loss=0.7270 router_H=0.6866 best=0.5092
           router_load=[0.0, 0.442785382270813, 0.5572145581245422, 0.0]
[step 0100/150] method=ours loss=0.6566 train_acc=0.5578 train_loss=0.6878 val_acc=0.5092 val_loss=0.7044 router_H=0.6852 best=0.5092
           router_load=[0.0, 0.0, 0.5627864599227905, 0.4372134804725647]
[step 0110/150] method=ours loss=0.7897 train_acc=0.5578 train_loss=0.6878 val_acc=0.5092 val_loss=0.7044 router_H=0.6852 best=0.5092
           router_load=[0.0, 0.0, 0.5627864599227905, 0.4372134804725647]
[step 0120/150] method=ours loss=0.7203 train_acc=0.5578 train_loss=0.6878 val_acc=0.5092 val_loss=0.7044 router_H=0.6852 best=0.5092
           router_load=[0.0, 0.0, 0.5627864599227905, 0.4372134804725647]
[step 0130/150] method=ours loss=0.6482 train_acc=0.5578 train_loss=0.6878 val_acc=0.5092 val_loss=0.7044 router_H=0.6852 best=0.5092
           router_load=[0.0, 0.0, 0.5627864599227905, 0.4372134804725647]
[step 0140/150] method=ours loss=0.6963 train_acc=0.5578 train_loss=0.6878 val_acc=0.5092 val_loss=0.7044 router_H=0.6852 best=0.5092
           router_load=[0.0, 0.0, 0.5627864599227905, 0.4372134804725647]
[step 0150/150] method=ours loss=0.6973 train_acc=0.5578 train_loss=0.6865 val_acc=0.5092 val_loss=0.6991 router_H=0.6750 best=0.5092
           router_load=[0.0, 0.0, 0.5950035452842712, 0.40499651432037354]
saved summary -> /home/zhujjing/MOE-grad-conflict-routing/runs/paper_suite/single_gpu/single_task/roberta_sst2_lora_e4_k2/hpo/ours/trial_runs/coord_01_train_lr_004/ours_s3.json
saved curve -> /home/zhujjing/MOE-grad-conflict-routing/runs/paper_suite/single_gpu/single_task/roberta_sst2_lora_e4_k2/hpo/ours/trial_runs/coord_01_train_lr_004/ours_s3_curve.csv
