[run] method=ours candidate=coord_01_anchor seed=2 steps=150 gpu=0
[run] cmd=
/home/zhujjing/anaconda3/envs/moe/bin/python /home/zhujjing/MOE-grad-conflict-routing/scripts/run.py --config configs/singletask_sst2_real.yaml --set model.backbone_backend=hf --set model.hf_load_pretrained=true --set model.backbone=roberta --set model.hf_pretrained_name=roberta-base --set model.expert_type=lora --set model.routing_mode=topk --set model.num_experts=4 --set model.top_k=2 --set seed=2 --set method.name=ours --set train.steps=150 --set train.eval_every_steps=50 --set method.ours.use_load_norm=true --set method.ours.lambda_align=0.001 --set train.grad_clip=1 --set train.lr=2e-05 --set train.weight_decay=0.01 --out /home/zhujjing/MOE-grad-conflict-routing/runs/paper_suite/single_gpu/single_task/roberta_sst2_lora_e4_k2/hpo/ours/trial_runs/coord_01_anchor/ours_s2.json --curve_out /home/zhujjing/MOE-grad-conflict-routing/runs/paper_suite/single_gpu/single_task/roberta_sst2_lora_e4_k2/hpo/ours/trial_runs/coord_01_anchor/ours_s2_curve.csv
Using the latest cached version of the dataset since glue couldn't be found on the Hugging Face Hub (offline mode is enabled).
Found the latest cached dataset configuration 'sst2' at /home/zhujjing/hf_cache/datasets/glue/sst2/0.0.0/bcdcba79d07bc864c1c254ccfcedcce55bcc9a8c (last modified on Thu Mar 19 15:01:41 2026).
/home/zhujjing/anaconda3/envs/moe/lib/python3.10/site-packages/transformers/utils/hub.py:124: FutureWarning: Using `TRANSFORMERS_CACHE` is deprecated and will be removed in v5 of Transformers. Use `HF_HOME` instead.
  warnings.warn(
Some weights of RobertaModel were not initialized from the model checkpoint at roberta-base and are newly initialized: ['roberta.pooler.dense.bias', 'roberta.pooler.dense.weight']
You should probably TRAIN this model on a down-stream task to be able to use it for predictions and inference.
[step 0001/150] method=ours loss=0.6293 train_acc=nan train_loss=nan val_acc=nan val_loss=nan best=-1.0000
[step 0010/150] method=ours loss=0.7004 train_acc=nan train_loss=nan val_acc=nan val_loss=nan best=-1.0000
[step 0020/150] method=ours loss=0.6240 train_acc=nan train_loss=nan val_acc=nan val_loss=nan best=-1.0000
[step 0030/150] method=ours loss=0.4441 train_acc=nan train_loss=nan val_acc=nan val_loss=nan best=-1.0000
[step 0040/150] method=ours loss=0.1022 train_acc=nan train_loss=nan val_acc=nan val_loss=nan best=-1.0000
[step 0050/150] method=ours loss=0.2668 train_acc=0.8511 train_loss=0.4192 val_acc=0.8200 val_loss=0.5186 router_H=0.6838 best=0.8200
           router_load=[0.003891176078468561, 0.16913089156150818, 0.5202242732048035, 0.30675384402275085]
[step 0060/150] method=ours loss=0.1760 train_acc=0.8511 train_loss=0.4192 val_acc=0.8200 val_loss=0.5186 router_H=0.6838 best=0.8200
           router_load=[0.003891176078468561, 0.16913089156150818, 0.5202242732048035, 0.30675384402275085]
[step 0070/150] method=ours loss=0.4916 train_acc=0.8511 train_loss=0.4192 val_acc=0.8200 val_loss=0.5186 router_H=0.6838 best=0.8200
           router_load=[0.003891176078468561, 0.16913089156150818, 0.5202242732048035, 0.30675384402275085]
[step 0080/150] method=ours loss=0.6010 train_acc=0.8511 train_loss=0.4192 val_acc=0.8200 val_loss=0.5186 router_H=0.6838 best=0.8200
           router_load=[0.003891176078468561, 0.16913089156150818, 0.5202242732048035, 0.30675384402275085]
[step 0090/150] method=ours loss=0.2363 train_acc=0.8511 train_loss=0.4192 val_acc=0.8200 val_loss=0.5186 router_H=0.6838 best=0.8200
           router_load=[0.003891176078468561, 0.16913089156150818, 0.5202242732048035, 0.30675384402275085]
[step 0100/150] method=ours loss=0.5889 train_acc=0.8065 train_loss=0.4549 val_acc=0.7672 val_loss=0.5152 router_H=0.6862 best=0.8200
           router_load=[0.0014711485709995031, 0.11890743672847748, 0.5313048958778381, 0.3483164608478546]
[step 0110/150] method=ours loss=0.3823 train_acc=0.8065 train_loss=0.4549 val_acc=0.7672 val_loss=0.5152 router_H=0.6862 best=0.8200
           router_load=[0.0014711485709995031, 0.11890743672847748, 0.5313048958778381, 0.3483164608478546]
[step 0120/150] method=ours loss=0.5633 train_acc=0.8065 train_loss=0.4549 val_acc=0.7672 val_loss=0.5152 router_H=0.6862 best=0.8200
           router_load=[0.0014711485709995031, 0.11890743672847748, 0.5313048958778381, 0.3483164608478546]
[step 0130/150] method=ours loss=0.3353 train_acc=0.8065 train_loss=0.4549 val_acc=0.7672 val_loss=0.5152 router_H=0.6862 best=0.8200
           router_load=[0.0014711485709995031, 0.11890743672847748, 0.5313048958778381, 0.3483164608478546]
[step 0140/150] method=ours loss=0.5062 train_acc=0.8065 train_loss=0.4549 val_acc=0.7672 val_loss=0.5152 router_H=0.6862 best=0.8200
           router_load=[0.0014711485709995031, 0.11890743672847748, 0.5313048958778381, 0.3483164608478546]
[step 0150/150] method=ours loss=0.4660 train_acc=0.8908 train_loss=0.2755 val_acc=0.9025 val_loss=0.2724 router_H=0.6800 best=0.9025
           router_load=[0.003122685942798853, 0.18214908242225647, 0.5500564575195312, 0.2646717429161072]
saved summary -> /home/zhujjing/MOE-grad-conflict-routing/runs/paper_suite/single_gpu/single_task/roberta_sst2_lora_e4_k2/hpo/ours/trial_runs/coord_01_anchor/ours_s2.json
saved curve -> /home/zhujjing/MOE-grad-conflict-routing/runs/paper_suite/single_gpu/single_task/roberta_sst2_lora_e4_k2/hpo/ours/trial_runs/coord_01_anchor/ours_s2_curve.csv
