[run] method=ours candidate=coord_01_train_lr_006 seed=3 steps=150 gpu=0
[run] cmd=
/home/zhujjing/anaconda3/envs/moe/bin/python /home/zhujjing/MOE-grad-conflict-routing/scripts/run.py --config configs/singletask_sst2_real.yaml --set model.backbone_backend=hf --set model.hf_load_pretrained=true --set model.backbone=roberta --set model.hf_pretrained_name=roberta-base --set model.expert_type=lora --set model.routing_mode=topk --set model.num_experts=4 --set model.top_k=2 --set seed=3 --set method.name=ours --set train.steps=150 --set train.eval_every_steps=50 --set method.ours.use_load_norm=true --set method.ours.lambda_align=0.001 --set train.grad_clip=1 --set train.lr=4.233346635e-05 --set train.weight_decay=0.01 --out /home/zhujjing/MOE-grad-conflict-routing/runs/paper_suite/single_gpu/single_task/roberta_sst2_lora_e4_k2/hpo/ours/trial_runs/coord_01_train_lr_006/ours_s3.json --curve_out /home/zhujjing/MOE-grad-conflict-routing/runs/paper_suite/single_gpu/single_task/roberta_sst2_lora_e4_k2/hpo/ours/trial_runs/coord_01_train_lr_006/ours_s3_curve.csv
Using the latest cached version of the dataset since glue couldn't be found on the Hugging Face Hub (offline mode is enabled).
Found the latest cached dataset configuration 'sst2' at /home/zhujjing/hf_cache/datasets/glue/sst2/0.0.0/bcdcba79d07bc864c1c254ccfcedcce55bcc9a8c (last modified on Thu Mar 19 15:01:41 2026).
/home/zhujjing/anaconda3/envs/moe/lib/python3.10/site-packages/transformers/utils/hub.py:124: FutureWarning: Using `TRANSFORMERS_CACHE` is deprecated and will be removed in v5 of Transformers. Use `HF_HOME` instead.
  warnings.warn(
Some weights of RobertaModel were not initialized from the model checkpoint at roberta-base and are newly initialized: ['roberta.pooler.dense.bias', 'roberta.pooler.dense.weight']
You should probably TRAIN this model on a down-stream task to be able to use it for predictions and inference.
[step 0001/150] method=ours loss=0.7085 train_acc=nan train_loss=nan val_acc=nan val_loss=nan best=-1.0000
[step 0010/150] method=ours loss=0.6054 train_acc=nan train_loss=nan val_acc=nan val_loss=nan best=-1.0000
[step 0020/150] method=ours loss=1.0933 train_acc=nan train_loss=nan val_acc=nan val_loss=nan best=-1.0000
[step 0030/150] method=ours loss=0.4132 train_acc=nan train_loss=nan val_acc=nan val_loss=nan best=-1.0000
[step 0040/150] method=ours loss=0.9465 train_acc=nan train_loss=nan val_acc=nan val_loss=nan best=-1.0000
[step 0050/150] method=ours loss=0.6561 train_acc=0.8573 train_loss=0.3820 val_acc=0.8463 val_loss=0.3987 router_H=0.6897 best=0.8463
           router_load=[0.4663734436035156, 0.5314339995384216, 0.0011307202512398362, 0.0010618929518386722]
[step 0060/150] method=ours loss=0.5764 train_acc=0.8573 train_loss=0.3820 val_acc=0.8463 val_loss=0.3987 router_H=0.6897 best=0.8463
           router_load=[0.4663734436035156, 0.5314339995384216, 0.0011307202512398362, 0.0010618929518386722]
[step 0070/150] method=ours loss=0.2773 train_acc=0.8573 train_loss=0.3820 val_acc=0.8463 val_loss=0.3987 router_H=0.6897 best=0.8463
           router_load=[0.4663734436035156, 0.5314339995384216, 0.0011307202512398362, 0.0010618929518386722]
[step 0080/150] method=ours loss=0.2315 train_acc=0.8573 train_loss=0.3820 val_acc=0.8463 val_loss=0.3987 router_H=0.6897 best=0.8463
           router_load=[0.4663734436035156, 0.5314339995384216, 0.0011307202512398362, 0.0010618929518386722]
[step 0090/150] method=ours loss=0.3149 train_acc=0.8573 train_loss=0.3820 val_acc=0.8463 val_loss=0.3987 router_H=0.6897 best=0.8463
           router_load=[0.4663734436035156, 0.5314339995384216, 0.0011307202512398362, 0.0010618929518386722]
[step 0100/150] method=ours loss=0.5225 train_acc=0.8697 train_loss=0.3502 val_acc=0.9014 val_loss=0.2810 router_H=0.6885 best=0.9014
           router_load=[0.4635629951953888, 0.4982261061668396, 0.0010487698018550873, 0.03716212883591652]
[step 0110/150] method=ours loss=0.3473 train_acc=0.8697 train_loss=0.3502 val_acc=0.9014 val_loss=0.2810 router_H=0.6885 best=0.9014
           router_load=[0.4635629951953888, 0.4982261061668396, 0.0010487698018550873, 0.03716212883591652]
[step 0120/150] method=ours loss=0.4432 train_acc=0.8697 train_loss=0.3502 val_acc=0.9014 val_loss=0.2810 router_H=0.6885 best=0.9014
           router_load=[0.4635629951953888, 0.4982261061668396, 0.0010487698018550873, 0.03716212883591652]
[step 0130/150] method=ours loss=0.2646 train_acc=0.8697 train_loss=0.3502 val_acc=0.9014 val_loss=0.2810 router_H=0.6885 best=0.9014
           router_load=[0.4635629951953888, 0.4982261061668396, 0.0010487698018550873, 0.03716212883591652]
[step 0140/150] method=ours loss=0.2784 train_acc=0.8697 train_loss=0.3502 val_acc=0.9014 val_loss=0.2810 router_H=0.6885 best=0.9014
           router_load=[0.4635629951953888, 0.4982261061668396, 0.0010487698018550873, 0.03716212883591652]
[step 0150/150] method=ours loss=0.1667 train_acc=0.8825 train_loss=0.3141 val_acc=0.9083 val_loss=0.2513 router_H=0.6898 best=0.9083
           router_load=[0.45735010504722595, 0.5102120637893677, 0.014529197476804256, 0.01790851168334484]
saved summary -> /home/zhujjing/MOE-grad-conflict-routing/runs/paper_suite/single_gpu/single_task/roberta_sst2_lora_e4_k2/hpo/ours/trial_runs/coord_01_train_lr_006/ours_s3.json
saved curve -> /home/zhujjing/MOE-grad-conflict-routing/runs/paper_suite/single_gpu/single_task/roberta_sst2_lora_e4_k2/hpo/ours/trial_runs/coord_01_train_lr_006/ours_s3_curve.csv
