[run] method=ours candidate=coord_01_train_lr_000 seed=2 steps=150 gpu=0
[run] cmd=
/home/zhujjing/anaconda3/envs/moe/bin/python /home/zhujjing/MOE-grad-conflict-routing/scripts/run.py --config configs/singletask_sst2_real.yaml --set model.backbone_backend=hf --set model.hf_load_pretrained=true --set model.backbone=roberta --set model.hf_pretrained_name=roberta-base --set model.expert_type=lora --set model.routing_mode=topk --set model.num_experts=4 --set model.top_k=2 --set seed=2 --set method.name=ours --set train.steps=150 --set train.eval_every_steps=50 --set method.ours.use_load_norm=true --set method.ours.lambda_align=0.001 --set train.grad_clip=1 --set train.lr=2.166929843e-05 --set train.weight_decay=0.01 --out /home/zhujjing/MOE-grad-conflict-routing/runs/paper_suite/single_gpu/single_task/roberta_sst2_lora_e4_k2/hpo/ours/trial_runs/coord_01_train_lr_000/ours_s2.json --curve_out /home/zhujjing/MOE-grad-conflict-routing/runs/paper_suite/single_gpu/single_task/roberta_sst2_lora_e4_k2/hpo/ours/trial_runs/coord_01_train_lr_000/ours_s2_curve.csv
Using the latest cached version of the dataset since glue couldn't be found on the Hugging Face Hub (offline mode is enabled).
Found the latest cached dataset configuration 'sst2' at /home/zhujjing/hf_cache/datasets/glue/sst2/0.0.0/bcdcba79d07bc864c1c254ccfcedcce55bcc9a8c (last modified on Thu Mar 19 15:01:41 2026).
/home/zhujjing/anaconda3/envs/moe/lib/python3.10/site-packages/transformers/utils/hub.py:124: FutureWarning: Using `TRANSFORMERS_CACHE` is deprecated and will be removed in v5 of Transformers. Use `HF_HOME` instead.
  warnings.warn(
Some weights of RobertaModel were not initialized from the model checkpoint at roberta-base and are newly initialized: ['roberta.pooler.dense.bias', 'roberta.pooler.dense.weight']
You should probably TRAIN this model on a down-stream task to be able to use it for predictions and inference.
[step 0001/150] method=ours loss=0.6270 train_acc=nan train_loss=nan val_acc=nan val_loss=nan best=-1.0000
[step 0010/150] method=ours loss=0.6817 train_acc=nan train_loss=nan val_acc=nan val_loss=nan best=-1.0000
[step 0020/150] method=ours loss=0.5956 train_acc=nan train_loss=nan val_acc=nan val_loss=nan best=-1.0000
[step 0030/150] method=ours loss=0.3585 train_acc=nan train_loss=nan val_acc=nan val_loss=nan best=-1.0000
[step 0040/150] method=ours loss=0.0702 train_acc=nan train_loss=nan val_acc=nan val_loss=nan best=-1.0000
[step 0050/150] method=ours loss=0.1189 train_acc=0.8474 train_loss=0.4149 val_acc=0.8085 val_loss=0.5423 router_H=0.6811 best=0.8085
           router_load=[0.049802958965301514, 0.5634809136390686, 0.11187128722667694, 0.2748448848724365]
[step 0060/150] method=ours loss=0.4013 train_acc=0.8474 train_loss=0.4149 val_acc=0.8085 val_loss=0.5423 router_H=0.6811 best=0.8085
           router_load=[0.049802958965301514, 0.5634809136390686, 0.11187128722667694, 0.2748448848724365]
[step 0070/150] method=ours loss=0.4480 train_acc=0.8474 train_loss=0.4149 val_acc=0.8085 val_loss=0.5423 router_H=0.6811 best=0.8085
           router_load=[0.049802958965301514, 0.5634809136390686, 0.11187128722667694, 0.2748448848724365]
[step 0080/150] method=ours loss=0.5310 train_acc=0.8474 train_loss=0.4149 val_acc=0.8085 val_loss=0.5423 router_H=0.6811 best=0.8085
           router_load=[0.049802958965301514, 0.5634809136390686, 0.11187128722667694, 0.2748448848724365]
[step 0090/150] method=ours loss=0.2179 train_acc=0.8474 train_loss=0.4149 val_acc=0.8085 val_loss=0.5423 router_H=0.6811 best=0.8085
           router_load=[0.049802958965301514, 0.5634809136390686, 0.11187128722667694, 0.2748448848724365]
[step 0100/150] method=ours loss=0.5572 train_acc=0.8027 train_loss=0.4391 val_acc=0.7592 val_loss=0.5215 router_H=0.6870 best=0.8085
           router_load=[0.05386907234787941, 0.5434450507164001, 0.355749249458313, 0.0469367690384388]
[step 0110/150] method=ours loss=0.3430 train_acc=0.8027 train_loss=0.4391 val_acc=0.7592 val_loss=0.5215 router_H=0.6870 best=0.8085
           router_load=[0.05386907234787941, 0.5434450507164001, 0.355749249458313, 0.0469367690384388]
[step 0120/150] method=ours loss=0.3367 train_acc=0.8027 train_loss=0.4391 val_acc=0.7592 val_loss=0.5215 router_H=0.6870 best=0.8085
           router_load=[0.05386907234787941, 0.5434450507164001, 0.355749249458313, 0.0469367690384388]
[step 0130/150] method=ours loss=0.1782 train_acc=0.8027 train_loss=0.4391 val_acc=0.7592 val_loss=0.5215 router_H=0.6870 best=0.8085
           router_load=[0.05386907234787941, 0.5434450507164001, 0.355749249458313, 0.0469367690384388]
[step 0140/150] method=ours loss=0.7859 train_acc=0.8027 train_loss=0.4391 val_acc=0.7592 val_loss=0.5215 router_H=0.6870 best=0.8085
           router_load=[0.05386907234787941, 0.5434450507164001, 0.355749249458313, 0.0469367690384388]
[step 0150/150] method=ours loss=0.3280 train_acc=0.8921 train_loss=0.2699 val_acc=0.8979 val_loss=0.2639 router_H=0.6859 best=0.8979
           router_load=[0.22651906311511993, 0.5235815644264221, 0.15576526522636414, 0.09413399547338486]
saved summary -> /home/zhujjing/MOE-grad-conflict-routing/runs/paper_suite/single_gpu/single_task/roberta_sst2_lora_e4_k2/hpo/ours/trial_runs/coord_01_train_lr_000/ours_s2.json
saved curve -> /home/zhujjing/MOE-grad-conflict-routing/runs/paper_suite/single_gpu/single_task/roberta_sst2_lora_e4_k2/hpo/ours/trial_runs/coord_01_train_lr_000/ours_s2_curve.csv
