[run] method=baseline candidate=coord_01_train_lr_012 seed=2 steps=100 gpu=2
[run] cmd=
/home/yuli0398/miniconda3/envs/optimization/bin/python /share/home/yuli0398/Optimization/MOE-grad-conflict-routing/scripts/run.py --config configs/singletask_mrpc_real.yaml --set model.backbone_backend=hf --set model.hf_load_pretrained=true --set model.backbone=deberta --set model.hf_pretrained_name=microsoft/deberta-v3-base --set model.expert_type=lora --set model.num_experts=4 --set model.top_k=2 --set seed=2 --set method.name=baseline_avg --set train.steps=100 --set train.eval_every_steps=50 --set train.grad_clip=1 --set train.lr=0.004179130391 --set train.weight_decay=0.01 --out /share/home/yuli0398/Optimization/MOE-grad-conflict-routing/runs/mrpc_deberta_coord48_s23_final235_gpu12/single_task/deberta_mrpc_lora_e4_k2/hpo/baseline/trial_runs/coord_01_train_lr_012/baseline_s2.json --curve_out /share/home/yuli0398/Optimization/MOE-grad-conflict-routing/runs/mrpc_deberta_coord48_s23_final235_gpu12/single_task/deberta_mrpc_lora_e4_k2/hpo/baseline/trial_runs/coord_01_train_lr_012/baseline_s2_curve.csv
/home/yuli0398/miniconda3/envs/optimization/lib/python3.10/site-packages/torch/cuda/__init__.py:61: FutureWarning: The pynvml package is deprecated. Please install nvidia-ml-py instead. If you did not install pynvml directly, please report this to the maintainers of the package that installed pynvml for you.
  import pynvml  # type: ignore[import]
/home/yuli0398/miniconda3/envs/optimization/lib/python3.10/site-packages/transformers/convert_slow_tokenizer.py:561: UserWarning: The sentencepiece tokenizer that you are converting to a fast tokenizer uses the byte fallback option which is not implemented in the fast tokenizers. In practice this means that the fast version of the tokenizer can produce unknown tokens whereas the sentencepiece version would have converted these unknown tokens into a sequence of byte tokens matching the original piece of text.
  warnings.warn(
[step 0001/100] method=baseline_avg loss=1.2045 train_acc=nan train_loss=nan val_acc=nan val_loss=nan best=-1.0000
[step 0010/100] method=baseline_avg loss=6.8586 train_acc=nan train_loss=nan val_acc=nan val_loss=nan best=-1.0000
[step 0020/100] method=baseline_avg loss=2.2037 train_acc=nan train_loss=nan val_acc=nan val_loss=nan best=-1.0000
[step 0030/100] method=baseline_avg loss=0.8350 train_acc=nan train_loss=nan val_acc=nan val_loss=nan best=-1.0000
[step 0040/100] method=baseline_avg loss=0.9120 train_acc=nan train_loss=nan val_acc=nan val_loss=nan best=-1.0000
[step 0050/100] method=baseline_avg loss=0.8290 train_acc=0.3255 train_loss=0.7932 val_acc=0.3162 val_loss=0.7964 router_H=0.0001 best=0.3162
           router_load=[3.786697178043141e-09, 4.403988896228839e-06, 9.176526725995782e-12, 0.9999959468841553]
[step 0060/100] method=baseline_avg loss=0.9265 train_acc=0.3255 train_loss=0.7932 val_acc=0.3162 val_loss=0.7964 router_H=0.0001 best=0.3162
           router_load=[3.786697178043141e-09, 4.403988896228839e-06, 9.176526725995782e-12, 0.9999959468841553]
[step 0070/100] method=baseline_avg loss=0.5521 train_acc=0.3255 train_loss=0.7932 val_acc=0.3162 val_loss=0.7964 router_H=0.0001 best=0.3162
           router_load=[3.786697178043141e-09, 4.403988896228839e-06, 9.176526725995782e-12, 0.9999959468841553]
[step 0080/100] method=baseline_avg loss=0.8636 train_acc=0.3255 train_loss=0.7932 val_acc=0.3162 val_loss=0.7964 router_H=0.0001 best=0.3162
           router_load=[3.786697178043141e-09, 4.403988896228839e-06, 9.176526725995782e-12, 0.9999959468841553]
[step 0090/100] method=baseline_avg loss=0.5709 train_acc=0.3255 train_loss=0.7932 val_acc=0.3162 val_loss=0.7964 router_H=0.0001 best=0.3162
           router_load=[3.786697178043141e-09, 4.403988896228839e-06, 9.176526725995782e-12, 0.9999959468841553]
[step 0100/100] method=baseline_avg loss=0.6705 train_acc=0.6745 train_loss=0.6347 val_acc=0.6838 val_loss=0.6292 router_H=0.0067 best=0.6838
           router_load=[1.6982783563435078e-05, 0.000798601598944515, 5.004707759326266e-07, 0.999183714389801]
saved summary -> /share/home/yuli0398/Optimization/MOE-grad-conflict-routing/runs/mrpc_deberta_coord48_s23_final235_gpu12/single_task/deberta_mrpc_lora_e4_k2/hpo/baseline/trial_runs/coord_01_train_lr_012/baseline_s2.json
saved curve -> /share/home/yuli0398/Optimization/MOE-grad-conflict-routing/runs/mrpc_deberta_coord48_s23_final235_gpu12/single_task/deberta_mrpc_lora_e4_k2/hpo/baseline/trial_runs/coord_01_train_lr_012/baseline_s2_curve.csv
