[run] method=baseline candidate=coord_01_train_lr_011 seed=2 steps=100 gpu=2
[run] cmd=
/home/yuli0398/miniconda3/envs/optimization/bin/python /share/home/yuli0398/Optimization/MOE-grad-conflict-routing/scripts/run.py --config configs/singletask_mrpc_real.yaml --set model.backbone_backend=hf --set model.hf_load_pretrained=true --set model.backbone=deberta --set model.hf_pretrained_name=microsoft/deberta-v3-base --set model.expert_type=lora --set model.num_experts=4 --set model.top_k=2 --set seed=2 --set method.name=baseline_avg --set train.steps=100 --set train.eval_every_steps=50 --set train.grad_clip=1 --set train.lr=3.842377498e-05 --set train.weight_decay=0.01 --out /share/home/yuli0398/Optimization/MOE-grad-conflict-routing/runs/mrpc_deberta_coord48_s23_final235_gpu12/single_task/deberta_mrpc_lora_e4_k2/hpo/baseline/trial_runs/coord_01_train_lr_011/baseline_s2.json --curve_out /share/home/yuli0398/Optimization/MOE-grad-conflict-routing/runs/mrpc_deberta_coord48_s23_final235_gpu12/single_task/deberta_mrpc_lora_e4_k2/hpo/baseline/trial_runs/coord_01_train_lr_011/baseline_s2_curve.csv
/home/yuli0398/miniconda3/envs/optimization/lib/python3.10/site-packages/torch/cuda/__init__.py:61: FutureWarning: The pynvml package is deprecated. Please install nvidia-ml-py instead. If you did not install pynvml directly, please report this to the maintainers of the package that installed pynvml for you.
  import pynvml  # type: ignore[import]
/home/yuli0398/miniconda3/envs/optimization/lib/python3.10/site-packages/transformers/convert_slow_tokenizer.py:561: UserWarning: The sentencepiece tokenizer that you are converting to a fast tokenizer uses the byte fallback option which is not implemented in the fast tokenizers. In practice this means that the fast version of the tokenizer can produce unknown tokens whereas the sentencepiece version would have converted these unknown tokens into a sequence of byte tokens matching the original piece of text.
  warnings.warn(
[step 0001/100] method=baseline_avg loss=0.8132 train_acc=nan train_loss=nan val_acc=nan val_loss=nan best=-1.0000
[step 0010/100] method=baseline_avg loss=0.6573 train_acc=nan train_loss=nan val_acc=nan val_loss=nan best=-1.0000
[step 0020/100] method=baseline_avg loss=0.5677 train_acc=nan train_loss=nan val_acc=nan val_loss=nan best=-1.0000
[step 0030/100] method=baseline_avg loss=0.5695 train_acc=nan train_loss=nan val_acc=nan val_loss=nan best=-1.0000
[step 0040/100] method=baseline_avg loss=0.5356 train_acc=nan train_loss=nan val_acc=nan val_loss=nan best=-1.0000
[step 0050/100] method=baseline_avg loss=0.4959 train_acc=0.8015 train_loss=0.4348 val_acc=0.7941 val_loss=0.4399 router_H=1.2723 best=0.7941
           router_load=[0.1517639011144638, 0.33055147528648376, 0.3924791216850281, 0.1252054125070572]
[step 0060/100] method=baseline_avg loss=0.5337 train_acc=0.8015 train_loss=0.4348 val_acc=0.7941 val_loss=0.4399 router_H=1.2723 best=0.7941
           router_load=[0.1517639011144638, 0.33055147528648376, 0.3924791216850281, 0.1252054125070572]
[step 0070/100] method=baseline_avg loss=0.2833 train_acc=0.8015 train_loss=0.4348 val_acc=0.7941 val_loss=0.4399 router_H=1.2723 best=0.7941
           router_load=[0.1517639011144638, 0.33055147528648376, 0.3924791216850281, 0.1252054125070572]
[step 0080/100] method=baseline_avg loss=0.4030 train_acc=0.8015 train_loss=0.4348 val_acc=0.7941 val_loss=0.4399 router_H=1.2723 best=0.7941
           router_load=[0.1517639011144638, 0.33055147528648376, 0.3924791216850281, 0.1252054125070572]
[step 0090/100] method=baseline_avg loss=0.3718 train_acc=0.8015 train_loss=0.4348 val_acc=0.7941 val_loss=0.4399 router_H=1.2723 best=0.7941
           router_load=[0.1517639011144638, 0.33055147528648376, 0.3924791216850281, 0.1252054125070572]
[step 0100/100] method=baseline_avg loss=0.2184 train_acc=0.8852 train_loss=0.2700 val_acc=0.8554 val_loss=0.3259 router_H=1.2538 best=0.8554
           router_load=[0.16508151590824127, 0.4465487599372864, 0.26938867568969727, 0.11898098886013031]
saved summary -> /share/home/yuli0398/Optimization/MOE-grad-conflict-routing/runs/mrpc_deberta_coord48_s23_final235_gpu12/single_task/deberta_mrpc_lora_e4_k2/hpo/baseline/trial_runs/coord_01_train_lr_011/baseline_s2.json
saved curve -> /share/home/yuli0398/Optimization/MOE-grad-conflict-routing/runs/mrpc_deberta_coord48_s23_final235_gpu12/single_task/deberta_mrpc_lora_e4_k2/hpo/baseline/trial_runs/coord_01_train_lr_011/baseline_s2_curve.csv
