[run] method=baseline candidate=coord_01_train_lr_005 seed=2 steps=100 gpu=2
[run] cmd=
/home/yuli0398/miniconda3/envs/optimization/bin/python /share/home/yuli0398/Optimization/MOE-grad-conflict-routing/scripts/run.py --config configs/singletask_mrpc_real.yaml --set model.backbone_backend=hf --set model.hf_load_pretrained=true --set model.backbone=deberta --set model.hf_pretrained_name=microsoft/deberta-v3-base --set model.expert_type=lora --set model.num_experts=4 --set model.top_k=2 --set seed=2 --set method.name=baseline_avg --set train.steps=100 --set train.eval_every_steps=50 --set train.grad_clip=1 --set train.lr=1.263268742e-05 --set train.weight_decay=0.01 --out /share/home/yuli0398/Optimization/MOE-grad-conflict-routing/runs/mrpc_deberta_coord48_s23_final235_gpu12/single_task/deberta_mrpc_lora_e4_k2/hpo/baseline/trial_runs/coord_01_train_lr_005/baseline_s2.json --curve_out /share/home/yuli0398/Optimization/MOE-grad-conflict-routing/runs/mrpc_deberta_coord48_s23_final235_gpu12/single_task/deberta_mrpc_lora_e4_k2/hpo/baseline/trial_runs/coord_01_train_lr_005/baseline_s2_curve.csv
/home/yuli0398/miniconda3/envs/optimization/lib/python3.10/site-packages/torch/cuda/__init__.py:61: FutureWarning: The pynvml package is deprecated. Please install nvidia-ml-py instead. If you did not install pynvml directly, please report this to the maintainers of the package that installed pynvml for you.
  import pynvml  # type: ignore[import]
/home/yuli0398/miniconda3/envs/optimization/lib/python3.10/site-packages/transformers/convert_slow_tokenizer.py:561: UserWarning: The sentencepiece tokenizer that you are converting to a fast tokenizer uses the byte fallback option which is not implemented in the fast tokenizers. In practice this means that the fast version of the tokenizer can produce unknown tokens whereas the sentencepiece version would have converted these unknown tokens into a sequence of byte tokens matching the original piece of text.
  warnings.warn(
[step 0001/100] method=baseline_avg loss=0.7604 train_acc=nan train_loss=nan val_acc=nan val_loss=nan best=-1.0000
[step 0010/100] method=baseline_avg loss=0.6362 train_acc=nan train_loss=nan val_acc=nan val_loss=nan best=-1.0000
[step 0020/100] method=baseline_avg loss=0.5906 train_acc=nan train_loss=nan val_acc=nan val_loss=nan best=-1.0000
[step 0030/100] method=baseline_avg loss=0.4921 train_acc=nan train_loss=nan val_acc=nan val_loss=nan best=-1.0000
[step 0040/100] method=baseline_avg loss=0.5569 train_acc=nan train_loss=nan val_acc=nan val_loss=nan best=-1.0000
[step 0050/100] method=baseline_avg loss=0.5037 train_acc=0.7448 train_loss=0.5045 val_acc=0.7181 val_loss=0.5157 router_H=1.3318 best=0.7181
           router_load=[0.20827126502990723, 0.20184260606765747, 0.2194778025150299, 0.3704083263874054]
[step 0060/100] method=baseline_avg loss=0.5202 train_acc=0.7448 train_loss=0.5045 val_acc=0.7181 val_loss=0.5157 router_H=1.3318 best=0.7181
           router_load=[0.20827126502990723, 0.20184260606765747, 0.2194778025150299, 0.3704083263874054]
[step 0070/100] method=baseline_avg loss=0.3815 train_acc=0.7448 train_loss=0.5045 val_acc=0.7181 val_loss=0.5157 router_H=1.3318 best=0.7181
           router_load=[0.20827126502990723, 0.20184260606765747, 0.2194778025150299, 0.3704083263874054]
[step 0080/100] method=baseline_avg loss=0.3644 train_acc=0.7448 train_loss=0.5045 val_acc=0.7181 val_loss=0.5157 router_H=1.3318 best=0.7181
           router_load=[0.20827126502990723, 0.20184260606765747, 0.2194778025150299, 0.3704083263874054]
[step 0090/100] method=baseline_avg loss=0.4595 train_acc=0.7448 train_loss=0.5045 val_acc=0.7181 val_loss=0.5157 router_H=1.3318 best=0.7181
           router_load=[0.20827126502990723, 0.20184260606765747, 0.2194778025150299, 0.3704083263874054]
[step 0100/100] method=baseline_avg loss=0.4289 train_acc=0.8203 train_loss=0.3986 val_acc=0.8015 val_loss=0.4024 router_H=1.3253 best=0.8015
           router_load=[0.21211497485637665, 0.18302476406097412, 0.22524647414684296, 0.3796137571334839]
saved summary -> /share/home/yuli0398/Optimization/MOE-grad-conflict-routing/runs/mrpc_deberta_coord48_s23_final235_gpu12/single_task/deberta_mrpc_lora_e4_k2/hpo/baseline/trial_runs/coord_01_train_lr_005/baseline_s2.json
saved curve -> /share/home/yuli0398/Optimization/MOE-grad-conflict-routing/runs/mrpc_deberta_coord48_s23_final235_gpu12/single_task/deberta_mrpc_lora_e4_k2/hpo/baseline/trial_runs/coord_01_train_lr_005/baseline_s2_curve.csv
