[run] method=baseline candidate=coord_01_train_lr_006 seed=3 steps=100 gpu=1
[run] cmd=
/home/yuli0398/miniconda3/envs/optimization/bin/python /share/home/yuli0398/Optimization/MOE-grad-conflict-routing/scripts/run.py --config configs/singletask_mrpc_real.yaml --set model.backbone_backend=hf --set model.hf_load_pretrained=true --set model.backbone=deberta --set model.hf_pretrained_name=microsoft/deberta-v3-base --set model.expert_type=lora --set model.num_experts=4 --set model.top_k=2 --set seed=3 --set method.name=baseline_avg --set train.steps=100 --set train.eval_every_steps=50 --set train.grad_clip=1 --set train.lr=9.047754224e-05 --set train.weight_decay=0.01 --out /share/home/yuli0398/Optimization/MOE-grad-conflict-routing/runs/mrpc_deberta_coord48_s23_final235_gpu12/single_task/deberta_mrpc_lora_e4_k2/hpo/baseline/trial_runs/coord_01_train_lr_006/baseline_s3.json --curve_out /share/home/yuli0398/Optimization/MOE-grad-conflict-routing/runs/mrpc_deberta_coord48_s23_final235_gpu12/single_task/deberta_mrpc_lora_e4_k2/hpo/baseline/trial_runs/coord_01_train_lr_006/baseline_s3_curve.csv
/home/yuli0398/miniconda3/envs/optimization/lib/python3.10/site-packages/torch/cuda/__init__.py:61: FutureWarning: The pynvml package is deprecated. Please install nvidia-ml-py instead. If you did not install pynvml directly, please report this to the maintainers of the package that installed pynvml for you.
  import pynvml  # type: ignore[import]
/home/yuli0398/miniconda3/envs/optimization/lib/python3.10/site-packages/transformers/convert_slow_tokenizer.py:561: UserWarning: The sentencepiece tokenizer that you are converting to a fast tokenizer uses the byte fallback option which is not implemented in the fast tokenizers. In practice this means that the fast version of the tokenizer can produce unknown tokens whereas the sentencepiece version would have converted these unknown tokens into a sequence of byte tokens matching the original piece of text.
  warnings.warn(
[step 0001/100] method=baseline_avg loss=0.7716 train_acc=nan train_loss=nan val_acc=nan val_loss=nan best=-1.0000
[step 0010/100] method=baseline_avg loss=0.5897 train_acc=nan train_loss=nan val_acc=nan val_loss=nan best=-1.0000
[step 0020/100] method=baseline_avg loss=0.4536 train_acc=nan train_loss=nan val_acc=nan val_loss=nan best=-1.0000
[step 0030/100] method=baseline_avg loss=0.4461 train_acc=nan train_loss=nan val_acc=nan val_loss=nan best=-1.0000
[step 0040/100] method=baseline_avg loss=0.5331 train_acc=nan train_loss=nan val_acc=nan val_loss=nan best=-1.0000
[step 0050/100] method=baseline_avg loss=0.3172 train_acc=0.8105 train_loss=0.3874 val_acc=0.8113 val_loss=0.3944 router_H=1.3042 best=0.8113
           router_load=[0.3399355709552765, 0.3038358688354492, 0.24923691153526306, 0.10699168592691422]
[step 0060/100] method=baseline_avg loss=0.7592 train_acc=0.8105 train_loss=0.3874 val_acc=0.8113 val_loss=0.3944 router_H=1.3042 best=0.8113
           router_load=[0.3399355709552765, 0.3038358688354492, 0.24923691153526306, 0.10699168592691422]
[step 0070/100] method=baseline_avg loss=0.2201 train_acc=0.8105 train_loss=0.3874 val_acc=0.8113 val_loss=0.3944 router_H=1.3042 best=0.8113
           router_load=[0.3399355709552765, 0.3038358688354492, 0.24923691153526306, 0.10699168592691422]
[step 0080/100] method=baseline_avg loss=0.5008 train_acc=0.8105 train_loss=0.3874 val_acc=0.8113 val_loss=0.3944 router_H=1.3042 best=0.8113
           router_load=[0.3399355709552765, 0.3038358688354492, 0.24923691153526306, 0.10699168592691422]
[step 0090/100] method=baseline_avg loss=0.4610 train_acc=0.8105 train_loss=0.3874 val_acc=0.8113 val_loss=0.3944 router_H=1.3042 best=0.8113
           router_load=[0.3399355709552765, 0.3038358688354492, 0.24923691153526306, 0.10699168592691422]
[step 0100/100] method=baseline_avg loss=0.3681 train_acc=0.8689 train_loss=0.3070 val_acc=0.8333 val_loss=0.3459 router_H=1.2849 best=0.8333
           router_load=[0.3864254355430603, 0.31189441680908203, 0.1619904339313507, 0.13968965411186218]
saved summary -> /share/home/yuli0398/Optimization/MOE-grad-conflict-routing/runs/mrpc_deberta_coord48_s23_final235_gpu12/single_task/deberta_mrpc_lora_e4_k2/hpo/baseline/trial_runs/coord_01_train_lr_006/baseline_s3.json
saved curve -> /share/home/yuli0398/Optimization/MOE-grad-conflict-routing/runs/mrpc_deberta_coord48_s23_final235_gpu12/single_task/deberta_mrpc_lora_e4_k2/hpo/baseline/trial_runs/coord_01_train_lr_006/baseline_s3_curve.csv
