[run] method=baseline candidate=coord_01_train_lr_013 seed=3 steps=100 gpu=1
[run] cmd=
/home/yuli0398/miniconda3/envs/optimization/bin/python /share/home/yuli0398/Optimization/MOE-grad-conflict-routing/scripts/run.py --config configs/singletask_mrpc_real.yaml --set model.backbone_backend=hf --set model.hf_load_pretrained=true --set model.backbone=deberta --set model.hf_pretrained_name=microsoft/deberta-v3-base --set model.expert_type=lora --set model.num_experts=4 --set model.top_k=2 --set seed=3 --set method.name=baseline_avg --set train.steps=100 --set train.eval_every_steps=50 --set train.grad_clip=1 --set train.lr=0.0002198872483 --set train.weight_decay=0.01 --out /share/home/yuli0398/Optimization/MOE-grad-conflict-routing/runs/mrpc_deberta_coord48_s23_final235_gpu12/single_task/deberta_mrpc_lora_e4_k2/hpo/baseline/trial_runs/coord_01_train_lr_013/baseline_s3.json --curve_out /share/home/yuli0398/Optimization/MOE-grad-conflict-routing/runs/mrpc_deberta_coord48_s23_final235_gpu12/single_task/deberta_mrpc_lora_e4_k2/hpo/baseline/trial_runs/coord_01_train_lr_013/baseline_s3_curve.csv
/home/yuli0398/miniconda3/envs/optimization/lib/python3.10/site-packages/torch/cuda/__init__.py:61: FutureWarning: The pynvml package is deprecated. Please install nvidia-ml-py instead. If you did not install pynvml directly, please report this to the maintainers of the package that installed pynvml for you.
  import pynvml  # type: ignore[import]
/home/yuli0398/miniconda3/envs/optimization/lib/python3.10/site-packages/transformers/convert_slow_tokenizer.py:561: UserWarning: The sentencepiece tokenizer that you are converting to a fast tokenizer uses the byte fallback option which is not implemented in the fast tokenizers. In practice this means that the fast version of the tokenizer can produce unknown tokens whereas the sentencepiece version would have converted these unknown tokens into a sequence of byte tokens matching the original piece of text.
  warnings.warn(
[step 0001/100] method=baseline_avg loss=0.7174 train_acc=nan train_loss=nan val_acc=nan val_loss=nan best=-1.0000
[step 0010/100] method=baseline_avg loss=0.6740 train_acc=nan train_loss=nan val_acc=nan val_loss=nan best=-1.0000
[step 0020/100] method=baseline_avg loss=0.8305 train_acc=nan train_loss=nan val_acc=nan val_loss=nan best=-1.0000
[step 0030/100] method=baseline_avg loss=0.6216 train_acc=nan train_loss=nan val_acc=nan val_loss=nan best=-1.0000
[step 0040/100] method=baseline_avg loss=0.6964 train_acc=nan train_loss=nan val_acc=nan val_loss=nan best=-1.0000
[step 0050/100] method=baseline_avg loss=0.4978 train_acc=0.6745 train_loss=0.6346 val_acc=0.6838 val_loss=0.6275 router_H=1.2352 best=0.6838
           router_load=[0.4757554531097412, 0.11859332025051117, 0.26319512724876404, 0.14245611429214478]
[step 0060/100] method=baseline_avg loss=0.6562 train_acc=0.6745 train_loss=0.6346 val_acc=0.6838 val_loss=0.6275 router_H=1.2352 best=0.6838
           router_load=[0.4757554531097412, 0.11859332025051117, 0.26319512724876404, 0.14245611429214478]
[step 0070/100] method=baseline_avg loss=0.8065 train_acc=0.6745 train_loss=0.6346 val_acc=0.6838 val_loss=0.6275 router_H=1.2352 best=0.6838
           router_load=[0.4757554531097412, 0.11859332025051117, 0.26319512724876404, 0.14245611429214478]
[step 0080/100] method=baseline_avg loss=0.7379 train_acc=0.6745 train_loss=0.6346 val_acc=0.6838 val_loss=0.6275 router_H=1.2352 best=0.6838
           router_load=[0.4757554531097412, 0.11859332025051117, 0.26319512724876404, 0.14245611429214478]
[step 0090/100] method=baseline_avg loss=0.6796 train_acc=0.6745 train_loss=0.6346 val_acc=0.6838 val_loss=0.6275 router_H=1.2352 best=0.6838
           router_load=[0.4757554531097412, 0.11859332025051117, 0.26319512724876404, 0.14245611429214478]
[step 0100/100] method=baseline_avg loss=0.7765 train_acc=0.6745 train_loss=0.6986 val_acc=0.6838 val_loss=0.6874 router_H=1.1397 best=0.6838
           router_load=[0.5795554518699646, 0.12274519354104996, 0.1607995629310608, 0.13689970970153809]
saved summary -> /share/home/yuli0398/Optimization/MOE-grad-conflict-routing/runs/mrpc_deberta_coord48_s23_final235_gpu12/single_task/deberta_mrpc_lora_e4_k2/hpo/baseline/trial_runs/coord_01_train_lr_013/baseline_s3.json
saved curve -> /share/home/yuli0398/Optimization/MOE-grad-conflict-routing/runs/mrpc_deberta_coord48_s23_final235_gpu12/single_task/deberta_mrpc_lora_e4_k2/hpo/baseline/trial_runs/coord_01_train_lr_013/baseline_s3_curve.csv
