[run] method=baseline candidate=coord_01_train_lr_007 seed=3 steps=100 gpu=1
[run] cmd=
/home/yuli0398/miniconda3/envs/optimization/bin/python /share/home/yuli0398/Optimization/MOE-grad-conflict-routing/scripts/run.py --config configs/singletask_mrpc_real.yaml --set model.backbone_backend=hf --set model.hf_load_pretrained=true --set model.backbone=deberta --set model.hf_pretrained_name=microsoft/deberta-v3-base --set model.expert_type=lora --set model.num_experts=4 --set model.top_k=2 --set seed=3 --set method.name=baseline_avg --set train.steps=100 --set train.eval_every_steps=50 --set train.grad_clip=1 --set train.lr=4.073235309e-05 --set train.weight_decay=0.01 --out /share/home/yuli0398/Optimization/MOE-grad-conflict-routing/runs/mrpc_deberta_coord48_s23_final235_gpu12/single_task/deberta_mrpc_lora_e4_k2/hpo/baseline/trial_runs/coord_01_train_lr_007/baseline_s3.json --curve_out /share/home/yuli0398/Optimization/MOE-grad-conflict-routing/runs/mrpc_deberta_coord48_s23_final235_gpu12/single_task/deberta_mrpc_lora_e4_k2/hpo/baseline/trial_runs/coord_01_train_lr_007/baseline_s3_curve.csv
/home/yuli0398/miniconda3/envs/optimization/lib/python3.10/site-packages/torch/cuda/__init__.py:61: FutureWarning: The pynvml package is deprecated. Please install nvidia-ml-py instead. If you did not install pynvml directly, please report this to the maintainers of the package that installed pynvml for you.
  import pynvml  # type: ignore[import]
/home/yuli0398/miniconda3/envs/optimization/lib/python3.10/site-packages/transformers/convert_slow_tokenizer.py:561: UserWarning: The sentencepiece tokenizer that you are converting to a fast tokenizer uses the byte fallback option which is not implemented in the fast tokenizers. In practice this means that the fast version of the tokenizer can produce unknown tokens whereas the sentencepiece version would have converted these unknown tokens into a sequence of byte tokens matching the original piece of text.
  warnings.warn(
[step 0001/100] method=baseline_avg loss=0.7329 train_acc=nan train_loss=nan val_acc=nan val_loss=nan best=-1.0000
[step 0010/100] method=baseline_avg loss=0.6340 train_acc=nan train_loss=nan val_acc=nan val_loss=nan best=-1.0000
[step 0020/100] method=baseline_avg loss=0.5205 train_acc=nan train_loss=nan val_acc=nan val_loss=nan best=-1.0000
[step 0030/100] method=baseline_avg loss=0.4089 train_acc=nan train_loss=nan val_acc=nan val_loss=nan best=-1.0000
[step 0040/100] method=baseline_avg loss=0.5539 train_acc=nan train_loss=nan val_acc=nan val_loss=nan best=-1.0000
[step 0050/100] method=baseline_avg loss=0.3888 train_acc=0.8062 train_loss=0.4152 val_acc=0.7966 val_loss=0.4203 router_H=1.3001 best=0.7966
           router_load=[0.22217494249343872, 0.4159516394138336, 0.1866406798362732, 0.17523276805877686]
[step 0060/100] method=baseline_avg loss=0.5499 train_acc=0.8062 train_loss=0.4152 val_acc=0.7966 val_loss=0.4203 router_H=1.3001 best=0.7966
           router_load=[0.22217494249343872, 0.4159516394138336, 0.1866406798362732, 0.17523276805877686]
[step 0070/100] method=baseline_avg loss=0.2717 train_acc=0.8062 train_loss=0.4152 val_acc=0.7966 val_loss=0.4203 router_H=1.3001 best=0.7966
           router_load=[0.22217494249343872, 0.4159516394138336, 0.1866406798362732, 0.17523276805877686]
[step 0080/100] method=baseline_avg loss=0.3708 train_acc=0.8062 train_loss=0.4152 val_acc=0.7966 val_loss=0.4203 router_H=1.3001 best=0.7966
           router_load=[0.22217494249343872, 0.4159516394138336, 0.1866406798362732, 0.17523276805877686]
[step 0090/100] method=baseline_avg loss=0.6093 train_acc=0.8062 train_loss=0.4152 val_acc=0.7966 val_loss=0.4203 router_H=1.3001 best=0.7966
           router_load=[0.22217494249343872, 0.4159516394138336, 0.1866406798362732, 0.17523276805877686]
[step 0100/100] method=baseline_avg loss=0.4389 train_acc=0.8547 train_loss=0.3502 val_acc=0.8456 val_loss=0.3662 router_H=1.2345 best=0.8456
           router_load=[0.1529516577720642, 0.4844997227191925, 0.18750903010368347, 0.17503949999809265]
saved summary -> /share/home/yuli0398/Optimization/MOE-grad-conflict-routing/runs/mrpc_deberta_coord48_s23_final235_gpu12/single_task/deberta_mrpc_lora_e4_k2/hpo/baseline/trial_runs/coord_01_train_lr_007/baseline_s3.json
saved curve -> /share/home/yuli0398/Optimization/MOE-grad-conflict-routing/runs/mrpc_deberta_coord48_s23_final235_gpu12/single_task/deberta_mrpc_lora_e4_k2/hpo/baseline/trial_runs/coord_01_train_lr_007/baseline_s3_curve.csv
