[run] method=baseline candidate=coord_01_train_lr_005 seed=3 steps=100 gpu=1
[run] cmd=
/home/yuli0398/miniconda3/envs/optimization/bin/python /share/home/yuli0398/Optimization/MOE-grad-conflict-routing/scripts/run.py --config configs/singletask_mrpc_real.yaml --set model.backbone_backend=hf --set model.hf_load_pretrained=true --set model.backbone=deberta --set model.hf_pretrained_name=microsoft/deberta-v3-base --set model.expert_type=lora --set model.num_experts=4 --set model.top_k=2 --set seed=3 --set method.name=baseline_avg --set train.steps=100 --set train.eval_every_steps=50 --set train.grad_clip=1 --set train.lr=1.263268742e-05 --set train.weight_decay=0.01 --out /share/home/yuli0398/Optimization/MOE-grad-conflict-routing/runs/mrpc_deberta_coord48_s23_final235_gpu12/single_task/deberta_mrpc_lora_e4_k2/hpo/baseline/trial_runs/coord_01_train_lr_005/baseline_s3.json --curve_out /share/home/yuli0398/Optimization/MOE-grad-conflict-routing/runs/mrpc_deberta_coord48_s23_final235_gpu12/single_task/deberta_mrpc_lora_e4_k2/hpo/baseline/trial_runs/coord_01_train_lr_005/baseline_s3_curve.csv
/home/yuli0398/miniconda3/envs/optimization/lib/python3.10/site-packages/torch/cuda/__init__.py:61: FutureWarning: The pynvml package is deprecated. Please install nvidia-ml-py instead. If you did not install pynvml directly, please report this to the maintainers of the package that installed pynvml for you.
  import pynvml  # type: ignore[import]
/home/yuli0398/miniconda3/envs/optimization/lib/python3.10/site-packages/transformers/convert_slow_tokenizer.py:561: UserWarning: The sentencepiece tokenizer that you are converting to a fast tokenizer uses the byte fallback option which is not implemented in the fast tokenizers. In practice this means that the fast version of the tokenizer can produce unknown tokens whereas the sentencepiece version would have converted these unknown tokens into a sequence of byte tokens matching the original piece of text.
  warnings.warn(
[step 0001/100] method=baseline_avg loss=0.9165 train_acc=nan train_loss=nan val_acc=nan val_loss=nan best=-1.0000
[step 0010/100] method=baseline_avg loss=0.6989 train_acc=nan train_loss=nan val_acc=nan val_loss=nan best=-1.0000
[step 0020/100] method=baseline_avg loss=0.6024 train_acc=nan train_loss=nan val_acc=nan val_loss=nan best=-1.0000
[step 0030/100] method=baseline_avg loss=0.4373 train_acc=nan train_loss=nan val_acc=nan val_loss=nan best=-1.0000
[step 0040/100] method=baseline_avg loss=0.5067 train_acc=nan train_loss=nan val_acc=nan val_loss=nan best=-1.0000
[step 0050/100] method=baseline_avg loss=0.4077 train_acc=0.7636 train_loss=0.4843 val_acc=0.7598 val_loss=0.4977 router_H=1.3235 best=0.7598
           router_load=[0.3499380350112915, 0.21118758618831635, 0.2912648320198059, 0.14760950207710266]
[step 0060/100] method=baseline_avg loss=0.4680 train_acc=0.7636 train_loss=0.4843 val_acc=0.7598 val_loss=0.4977 router_H=1.3235 best=0.7598
           router_load=[0.3499380350112915, 0.21118758618831635, 0.2912648320198059, 0.14760950207710266]
[step 0070/100] method=baseline_avg loss=0.4123 train_acc=0.7636 train_loss=0.4843 val_acc=0.7598 val_loss=0.4977 router_H=1.3235 best=0.7598
           router_load=[0.3499380350112915, 0.21118758618831635, 0.2912648320198059, 0.14760950207710266]
[step 0080/100] method=baseline_avg loss=0.4292 train_acc=0.7636 train_loss=0.4843 val_acc=0.7598 val_loss=0.4977 router_H=1.3235 best=0.7598
           router_load=[0.3499380350112915, 0.21118758618831635, 0.2912648320198059, 0.14760950207710266]
[step 0090/100] method=baseline_avg loss=0.5387 train_acc=0.7636 train_loss=0.4843 val_acc=0.7598 val_loss=0.4977 router_H=1.3235 best=0.7598
           router_load=[0.3499380350112915, 0.21118758618831635, 0.2912648320198059, 0.14760950207710266]
[step 0100/100] method=baseline_avg loss=0.4184 train_acc=0.8340 train_loss=0.3731 val_acc=0.8382 val_loss=0.3715 router_H=1.2801 best=0.8382
           router_load=[0.4103158414363861, 0.1769174337387085, 0.2762530744075775, 0.1365136206150055]
saved summary -> /share/home/yuli0398/Optimization/MOE-grad-conflict-routing/runs/mrpc_deberta_coord48_s23_final235_gpu12/single_task/deberta_mrpc_lora_e4_k2/hpo/baseline/trial_runs/coord_01_train_lr_005/baseline_s3.json
saved curve -> /share/home/yuli0398/Optimization/MOE-grad-conflict-routing/runs/mrpc_deberta_coord48_s23_final235_gpu12/single_task/deberta_mrpc_lora_e4_k2/hpo/baseline/trial_runs/coord_01_train_lr_005/baseline_s3_curve.csv
