[run] method=baseline candidate=coord_01_train_lr_002 seed=2 steps=100 gpu=1
[run] cmd=
/home/yuli0398/miniconda3/envs/optimization/bin/python /share/home/yuli0398/Optimization/MOE-grad-conflict-routing/scripts/run.py --config configs/singletask_mrpc_real.yaml --set model.backbone_backend=hf --set model.hf_load_pretrained=true --set model.backbone=deberta --set model.hf_pretrained_name=microsoft/deberta-v3-base --set model.expert_type=lora --set model.num_experts=4 --set model.top_k=2 --set seed=2 --set method.name=baseline_avg --set train.steps=100 --set train.eval_every_steps=50 --set train.grad_clip=1 --set train.lr=0.003661385907 --set train.weight_decay=0.01 --out /share/home/yuli0398/Optimization/MOE-grad-conflict-routing/runs/mrpc_deberta_coord48_s23_final235_gpu12/single_task/deberta_mrpc_lora_e4_k2/hpo/baseline/trial_runs/coord_01_train_lr_002/baseline_s2.json --curve_out /share/home/yuli0398/Optimization/MOE-grad-conflict-routing/runs/mrpc_deberta_coord48_s23_final235_gpu12/single_task/deberta_mrpc_lora_e4_k2/hpo/baseline/trial_runs/coord_01_train_lr_002/baseline_s2_curve.csv
/home/yuli0398/miniconda3/envs/optimization/lib/python3.10/site-packages/torch/cuda/__init__.py:61: FutureWarning: The pynvml package is deprecated. Please install nvidia-ml-py instead. If you did not install pynvml directly, please report this to the maintainers of the package that installed pynvml for you.
  import pynvml  # type: ignore[import]
/home/yuli0398/miniconda3/envs/optimization/lib/python3.10/site-packages/transformers/convert_slow_tokenizer.py:561: UserWarning: The sentencepiece tokenizer that you are converting to a fast tokenizer uses the byte fallback option which is not implemented in the fast tokenizers. In practice this means that the fast version of the tokenizer can produce unknown tokens whereas the sentencepiece version would have converted these unknown tokens into a sequence of byte tokens matching the original piece of text.
  warnings.warn(
[step 0001/100] method=baseline_avg loss=0.6465 train_acc=nan train_loss=nan val_acc=nan val_loss=nan best=-1.0000
[step 0010/100] method=baseline_avg loss=0.6249 train_acc=nan train_loss=nan val_acc=nan val_loss=nan best=-1.0000
[step 0020/100] method=baseline_avg loss=0.9205 train_acc=nan train_loss=nan val_acc=nan val_loss=nan best=-1.0000
[step 0030/100] method=baseline_avg loss=0.7022 train_acc=nan train_loss=nan val_acc=nan val_loss=nan best=-1.0000
[step 0040/100] method=baseline_avg loss=0.7015 train_acc=nan train_loss=nan val_acc=nan val_loss=nan best=-1.0000
[step 0050/100] method=baseline_avg loss=0.6157 train_acc=0.6745 train_loss=0.6572 val_acc=0.6838 val_loss=0.6554 router_H=0.6234 best=0.6838
           router_load=[0.0012246675323694944, 0.7270894050598145, 0.26552796363830566, 0.006157570984214544]
[step 0060/100] method=baseline_avg loss=0.8749 train_acc=0.6745 train_loss=0.6572 val_acc=0.6838 val_loss=0.6554 router_H=0.6234 best=0.6838
           router_load=[0.0012246675323694944, 0.7270894050598145, 0.26552796363830566, 0.006157570984214544]
[step 0070/100] method=baseline_avg loss=0.5986 train_acc=0.6745 train_loss=0.6572 val_acc=0.6838 val_loss=0.6554 router_H=0.6234 best=0.6838
           router_load=[0.0012246675323694944, 0.7270894050598145, 0.26552796363830566, 0.006157570984214544]
[step 0080/100] method=baseline_avg loss=0.7354 train_acc=0.6745 train_loss=0.6572 val_acc=0.6838 val_loss=0.6554 router_H=0.6234 best=0.6838
           router_load=[0.0012246675323694944, 0.7270894050598145, 0.26552796363830566, 0.006157570984214544]
[step 0090/100] method=baseline_avg loss=0.5628 train_acc=0.6745 train_loss=0.6572 val_acc=0.6838 val_loss=0.6554 router_H=0.6234 best=0.6838
           router_load=[0.0012246675323694944, 0.7270894050598145, 0.26552796363830566, 0.006157570984214544]
[step 0100/100] method=baseline_avg loss=0.6909 train_acc=0.6745 train_loss=0.6775 val_acc=0.6838 val_loss=0.6766 router_H=0.2725 best=0.6838
           router_load=[0.0008623413741588593, 0.9251978993415833, 0.07365226745605469, 0.00028701036353595555]
saved summary -> /share/home/yuli0398/Optimization/MOE-grad-conflict-routing/runs/mrpc_deberta_coord48_s23_final235_gpu12/single_task/deberta_mrpc_lora_e4_k2/hpo/baseline/trial_runs/coord_01_train_lr_002/baseline_s2.json
saved curve -> /share/home/yuli0398/Optimization/MOE-grad-conflict-routing/runs/mrpc_deberta_coord48_s23_final235_gpu12/single_task/deberta_mrpc_lora_e4_k2/hpo/baseline/trial_runs/coord_01_train_lr_002/baseline_s2_curve.csv
