[run] method=baseline candidate=coord_01_train_lr_014 seed=3 steps=100 gpu=1
[run] cmd=
/home/yuli0398/miniconda3/envs/optimization/bin/python /share/home/yuli0398/Optimization/MOE-grad-conflict-routing/scripts/run.py --config configs/singletask_mrpc_real.yaml --set model.backbone_backend=hf --set model.hf_load_pretrained=true --set model.backbone=deberta --set model.hf_pretrained_name=microsoft/deberta-v3-base --set model.expert_type=lora --set model.num_experts=4 --set model.top_k=2 --set seed=3 --set method.name=baseline_avg --set train.steps=100 --set train.eval_every_steps=50 --set train.grad_clip=1 --set train.lr=5.108296151e-06 --set train.weight_decay=0.01 --out /share/home/yuli0398/Optimization/MOE-grad-conflict-routing/runs/mrpc_deberta_coord48_s23_final235_gpu12/single_task/deberta_mrpc_lora_e4_k2/hpo/baseline/trial_runs/coord_01_train_lr_014/baseline_s3.json --curve_out /share/home/yuli0398/Optimization/MOE-grad-conflict-routing/runs/mrpc_deberta_coord48_s23_final235_gpu12/single_task/deberta_mrpc_lora_e4_k2/hpo/baseline/trial_runs/coord_01_train_lr_014/baseline_s3_curve.csv
/home/yuli0398/miniconda3/envs/optimization/lib/python3.10/site-packages/torch/cuda/__init__.py:61: FutureWarning: The pynvml package is deprecated. Please install nvidia-ml-py instead. If you did not install pynvml directly, please report this to the maintainers of the package that installed pynvml for you.
  import pynvml  # type: ignore[import]
/home/yuli0398/miniconda3/envs/optimization/lib/python3.10/site-packages/transformers/convert_slow_tokenizer.py:561: UserWarning: The sentencepiece tokenizer that you are converting to a fast tokenizer uses the byte fallback option which is not implemented in the fast tokenizers. In practice this means that the fast version of the tokenizer can produce unknown tokens whereas the sentencepiece version would have converted these unknown tokens into a sequence of byte tokens matching the original piece of text.
  warnings.warn(
[step 0001/100] method=baseline_avg loss=0.7836 train_acc=nan train_loss=nan val_acc=nan val_loss=nan best=-1.0000
[step 0010/100] method=baseline_avg loss=0.6369 train_acc=nan train_loss=nan val_acc=nan val_loss=nan best=-1.0000
[step 0020/100] method=baseline_avg loss=0.7037 train_acc=nan train_loss=nan val_acc=nan val_loss=nan best=-1.0000
[step 0030/100] method=baseline_avg loss=0.5016 train_acc=nan train_loss=nan val_acc=nan val_loss=nan best=-1.0000
[step 0040/100] method=baseline_avg loss=0.6230 train_acc=nan train_loss=nan val_acc=nan val_loss=nan best=-1.0000
[step 0050/100] method=baseline_avg loss=0.5163 train_acc=0.7497 train_loss=0.5128 val_acc=0.7574 val_loss=0.4889 router_H=1.3529 best=0.7574
           router_load=[0.26252245903015137, 0.3342043161392212, 0.2187681347131729, 0.18450507521629333]
[step 0060/100] method=baseline_avg loss=0.5080 train_acc=0.7497 train_loss=0.5128 val_acc=0.7574 val_loss=0.4889 router_H=1.3529 best=0.7574
           router_load=[0.26252245903015137, 0.3342043161392212, 0.2187681347131729, 0.18450507521629333]
[step 0070/100] method=baseline_avg loss=0.4056 train_acc=0.7497 train_loss=0.5128 val_acc=0.7574 val_loss=0.4889 router_H=1.3529 best=0.7574
           router_load=[0.26252245903015137, 0.3342043161392212, 0.2187681347131729, 0.18450507521629333]
[step 0080/100] method=baseline_avg loss=0.6073 train_acc=0.7497 train_loss=0.5128 val_acc=0.7574 val_loss=0.4889 router_H=1.3529 best=0.7574
           router_load=[0.26252245903015137, 0.3342043161392212, 0.2187681347131729, 0.18450507521629333]
[step 0090/100] method=baseline_avg loss=0.5793 train_acc=0.7497 train_loss=0.5128 val_acc=0.7574 val_loss=0.4889 router_H=1.3529 best=0.7574
           router_load=[0.26252245903015137, 0.3342043161392212, 0.2187681347131729, 0.18450507521629333]
[step 0100/100] method=baseline_avg loss=0.5934 train_acc=0.7620 train_loss=0.4842 val_acc=0.7475 val_loss=0.4880 router_H=1.3597 best=0.7574
           router_load=[0.2732914090156555, 0.3096061646938324, 0.23367667198181152, 0.18342578411102295]
saved summary -> /share/home/yuli0398/Optimization/MOE-grad-conflict-routing/runs/mrpc_deberta_coord48_s23_final235_gpu12/single_task/deberta_mrpc_lora_e4_k2/hpo/baseline/trial_runs/coord_01_train_lr_014/baseline_s3.json
saved curve -> /share/home/yuli0398/Optimization/MOE-grad-conflict-routing/runs/mrpc_deberta_coord48_s23_final235_gpu12/single_task/deberta_mrpc_lora_e4_k2/hpo/baseline/trial_runs/coord_01_train_lr_014/baseline_s3_curve.csv
