[run] method=cagrad candidate=coord_02_train_weight_decay_014 seed=3 steps=150 gpu=0
[run] cmd=
/home/zhujjing/anaconda3/envs/moe/bin/python /home/zhujjing/MOE-grad-conflict-routing/scripts/run.py --config configs/singletask_rte_real.yaml --set model.backbone_backend=hf --set model.hf_load_pretrained=true --set model.backbone=roberta --set model.hf_pretrained_name=roberta-base --set model.expert_type=lora --set model.routing_mode=topk --set model.num_experts=4 --set model.top_k=2 --set seed=3 --set method.name=baseline_cagrad --set train.steps=150 --set train.eval_every_steps=50 --set method.baseline_cagrad.c=0.4 --set method.baseline_cagrad.inner_lr=0.1 --set train.grad_clip=1 --set train.lr=2.410351909e-05 --set train.weight_decay=0.03714616012 --out /home/zhujjing/MOE-grad-conflict-routing/runs/paper_suite/single_gpu/single_task/roberta_rte_lora_e4_k2/hpo/cagrad/trial_runs/coord_02_train_weight_decay_014/cagrad_s3.json --curve_out /home/zhujjing/MOE-grad-conflict-routing/runs/paper_suite/single_gpu/single_task/roberta_rte_lora_e4_k2/hpo/cagrad/trial_runs/coord_02_train_weight_decay_014/cagrad_s3_curve.csv
Using the latest cached version of the dataset since glue couldn't be found on the Hugging Face Hub (offline mode is enabled).
Found the latest cached dataset configuration 'rte' at /home/zhujjing/hf_cache/datasets/glue/rte/0.0.0/bcdcba79d07bc864c1c254ccfcedcce55bcc9a8c (last modified on Thu Mar 19 15:00:36 2026).
/home/zhujjing/anaconda3/envs/moe/lib/python3.10/site-packages/transformers/utils/hub.py:124: FutureWarning: Using `TRANSFORMERS_CACHE` is deprecated and will be removed in v5 of Transformers. Use `HF_HOME` instead.
  warnings.warn(
Some weights of RobertaModel were not initialized from the model checkpoint at roberta-base and are newly initialized: ['roberta.pooler.dense.bias', 'roberta.pooler.dense.weight']
You should probably TRAIN this model on a down-stream task to be able to use it for predictions and inference.
[step 0001/150] method=baseline_cagrad loss=0.7017 train_acc=nan train_loss=nan val_acc=nan val_loss=nan best=-1.0000
[step 0010/150] method=baseline_cagrad loss=0.7045 train_acc=nan train_loss=nan val_acc=nan val_loss=nan best=-1.0000
[step 0020/150] method=baseline_cagrad loss=0.6957 train_acc=nan train_loss=nan val_acc=nan val_loss=nan best=-1.0000
[step 0030/150] method=baseline_cagrad loss=0.6709 train_acc=nan train_loss=nan val_acc=nan val_loss=nan best=-1.0000
[step 0040/150] method=baseline_cagrad loss=0.6465 train_acc=nan train_loss=nan val_acc=nan val_loss=nan best=-1.0000
[step 0050/150] method=baseline_cagrad loss=0.6174 train_acc=0.6357 train_loss=0.6392 val_acc=0.5957 val_loss=0.6611 router_H=0.6900 best=0.5957
           router_load=[0.06267395615577698, 0.2316153347492218, 0.5277460813522339, 0.17796459794044495]
[step 0060/150] method=baseline_cagrad loss=0.5952 train_acc=0.6357 train_loss=0.6392 val_acc=0.5957 val_loss=0.6611 router_H=0.6900 best=0.5957
           router_load=[0.06267395615577698, 0.2316153347492218, 0.5277460813522339, 0.17796459794044495]
[step 0070/150] method=baseline_cagrad loss=0.7030 train_acc=0.6357 train_loss=0.6392 val_acc=0.5957 val_loss=0.6611 router_H=0.6900 best=0.5957
           router_load=[0.06267395615577698, 0.2316153347492218, 0.5277460813522339, 0.17796459794044495]
[step 0080/150] method=baseline_cagrad loss=0.6767 train_acc=0.6357 train_loss=0.6392 val_acc=0.5957 val_loss=0.6611 router_H=0.6900 best=0.5957
           router_load=[0.06267395615577698, 0.2316153347492218, 0.5277460813522339, 0.17796459794044495]
[step 0090/150] method=baseline_cagrad loss=0.6225 train_acc=0.6357 train_loss=0.6392 val_acc=0.5957 val_loss=0.6611 router_H=0.6900 best=0.5957
           router_load=[0.06267395615577698, 0.2316153347492218, 0.5277460813522339, 0.17796459794044495]
[step 0100/150] method=baseline_cagrad loss=0.6644 train_acc=0.6855 train_loss=0.6119 val_acc=0.6498 val_loss=0.6412 router_H=0.6901 best=0.6498
           router_load=[0.00662491237744689, 0.15724468231201172, 0.5342192053794861, 0.30191120505332947]
[step 0110/150] method=baseline_cagrad loss=0.6740 train_acc=0.6855 train_loss=0.6119 val_acc=0.6498 val_loss=0.6412 router_H=0.6901 best=0.6498
           router_load=[0.00662491237744689, 0.15724468231201172, 0.5342192053794861, 0.30191120505332947]
[step 0120/150] method=baseline_cagrad loss=0.6387 train_acc=0.6855 train_loss=0.6119 val_acc=0.6498 val_loss=0.6412 router_H=0.6901 best=0.6498
           router_load=[0.00662491237744689, 0.15724468231201172, 0.5342192053794861, 0.30191120505332947]
[step 0130/150] method=baseline_cagrad loss=0.6921 train_acc=0.6855 train_loss=0.6119 val_acc=0.6498 val_loss=0.6412 router_H=0.6901 best=0.6498
           router_load=[0.00662491237744689, 0.15724468231201172, 0.5342192053794861, 0.30191120505332947]
[step 0140/150] method=baseline_cagrad loss=0.6533 train_acc=0.6855 train_loss=0.6119 val_acc=0.6498 val_loss=0.6412 router_H=0.6901 best=0.6498
           router_load=[0.00662491237744689, 0.15724468231201172, 0.5342192053794861, 0.30191120505332947]
[step 0150/150] method=baseline_cagrad loss=0.5608 train_acc=0.7530 train_loss=0.5465 val_acc=0.6787 val_loss=0.6039 router_H=0.6879 best=0.6787
           router_load=[0.021063311025500298, 0.28072652220726013, 0.5480578541755676, 0.15015223622322083]
saved summary -> /home/zhujjing/MOE-grad-conflict-routing/runs/paper_suite/single_gpu/single_task/roberta_rte_lora_e4_k2/hpo/cagrad/trial_runs/coord_02_train_weight_decay_014/cagrad_s3.json
saved curve -> /home/zhujjing/MOE-grad-conflict-routing/runs/paper_suite/single_gpu/single_task/roberta_rte_lora_e4_k2/hpo/cagrad/trial_runs/coord_02_train_weight_decay_014/cagrad_s3_curve.csv
