[run] method=cagrad candidate=coord_02_train_weight_decay_012 seed=2 steps=150 gpu=0
[run] cmd=
/home/zhujjing/anaconda3/envs/moe/bin/python /home/zhujjing/MOE-grad-conflict-routing/scripts/run.py --config configs/singletask_rte_real.yaml --set model.backbone_backend=hf --set model.hf_load_pretrained=true --set model.backbone=roberta --set model.hf_pretrained_name=roberta-base --set model.expert_type=lora --set model.routing_mode=topk --set model.num_experts=4 --set model.top_k=2 --set seed=2 --set method.name=baseline_cagrad --set train.steps=150 --set train.eval_every_steps=50 --set method.baseline_cagrad.c=0.4 --set method.baseline_cagrad.inner_lr=0.1 --set train.grad_clip=1 --set train.lr=2.410351909e-05 --set train.weight_decay=0.02884869601 --out /home/zhujjing/MOE-grad-conflict-routing/runs/paper_suite/single_gpu/single_task/roberta_rte_lora_e4_k2/hpo/cagrad/trial_runs/coord_02_train_weight_decay_012/cagrad_s2.json --curve_out /home/zhujjing/MOE-grad-conflict-routing/runs/paper_suite/single_gpu/single_task/roberta_rte_lora_e4_k2/hpo/cagrad/trial_runs/coord_02_train_weight_decay_012/cagrad_s2_curve.csv
Using the latest cached version of the dataset since glue couldn't be found on the Hugging Face Hub (offline mode is enabled).
Found the latest cached dataset configuration 'rte' at /home/zhujjing/hf_cache/datasets/glue/rte/0.0.0/bcdcba79d07bc864c1c254ccfcedcce55bcc9a8c (last modified on Thu Mar 19 15:00:36 2026).
/home/zhujjing/anaconda3/envs/moe/lib/python3.10/site-packages/transformers/utils/hub.py:124: FutureWarning: Using `TRANSFORMERS_CACHE` is deprecated and will be removed in v5 of Transformers. Use `HF_HOME` instead.
  warnings.warn(
Some weights of RobertaModel were not initialized from the model checkpoint at roberta-base and are newly initialized: ['roberta.pooler.dense.bias', 'roberta.pooler.dense.weight']
You should probably TRAIN this model on a down-stream task to be able to use it for predictions and inference.
[step 0001/150] method=baseline_cagrad loss=0.6861 train_acc=nan train_loss=nan val_acc=nan val_loss=nan best=-1.0000
[step 0010/150] method=baseline_cagrad loss=0.9346 train_acc=nan train_loss=nan val_acc=nan val_loss=nan best=-1.0000
[step 0020/150] method=baseline_cagrad loss=0.7004 train_acc=nan train_loss=nan val_acc=nan val_loss=nan best=-1.0000
[step 0030/150] method=baseline_cagrad loss=0.6934 train_acc=nan train_loss=nan val_acc=nan val_loss=nan best=-1.0000
[step 0040/150] method=baseline_cagrad loss=0.6564 train_acc=nan train_loss=nan val_acc=nan val_loss=nan best=-1.0000
[step 0050/150] method=baseline_cagrad loss=0.5954 train_acc=0.5723 train_loss=0.6615 val_acc=0.5740 val_loss=0.6658 router_H=0.6552 best=0.5740
           router_load=[0.009987294673919678, 0.02141258865594864, 0.33239108324050903, 0.6362090110778809]
[step 0060/150] method=baseline_cagrad loss=0.6232 train_acc=0.5723 train_loss=0.6615 val_acc=0.5740 val_loss=0.6658 router_H=0.6552 best=0.5740
           router_load=[0.009987294673919678, 0.02141258865594864, 0.33239108324050903, 0.6362090110778809]
[step 0070/150] method=baseline_cagrad loss=0.6915 train_acc=0.5723 train_loss=0.6615 val_acc=0.5740 val_loss=0.6658 router_H=0.6552 best=0.5740
           router_load=[0.009987294673919678, 0.02141258865594864, 0.33239108324050903, 0.6362090110778809]
[step 0080/150] method=baseline_cagrad loss=0.6721 train_acc=0.5723 train_loss=0.6615 val_acc=0.5740 val_loss=0.6658 router_H=0.6552 best=0.5740
           router_load=[0.009987294673919678, 0.02141258865594864, 0.33239108324050903, 0.6362090110778809]
[step 0090/150] method=baseline_cagrad loss=0.7448 train_acc=0.5723 train_loss=0.6615 val_acc=0.5740 val_loss=0.6658 router_H=0.6552 best=0.5740
           router_load=[0.009987294673919678, 0.02141258865594864, 0.33239108324050903, 0.6362090110778809]
[step 0100/150] method=baseline_cagrad loss=0.6351 train_acc=0.7088 train_loss=0.6057 val_acc=0.6679 val_loss=0.6434 router_H=0.6542 best=0.6679
           router_load=[0.0317503847181797, 0.04182609170675278, 0.28856590390205383, 0.6378575563430786]
[step 0110/150] method=baseline_cagrad loss=0.6288 train_acc=0.7088 train_loss=0.6057 val_acc=0.6679 val_loss=0.6434 router_H=0.6542 best=0.6679
           router_load=[0.0317503847181797, 0.04182609170675278, 0.28856590390205383, 0.6378575563430786]
[step 0120/150] method=baseline_cagrad loss=0.5973 train_acc=0.7088 train_loss=0.6057 val_acc=0.6679 val_loss=0.6434 router_H=0.6542 best=0.6679
           router_load=[0.0317503847181797, 0.04182609170675278, 0.28856590390205383, 0.6378575563430786]
[step 0130/150] method=baseline_cagrad loss=0.6425 train_acc=0.7088 train_loss=0.6057 val_acc=0.6679 val_loss=0.6434 router_H=0.6542 best=0.6679
           router_load=[0.0317503847181797, 0.04182609170675278, 0.28856590390205383, 0.6378575563430786]
[step 0140/150] method=baseline_cagrad loss=0.6612 train_acc=0.7088 train_loss=0.6057 val_acc=0.6679 val_loss=0.6434 router_H=0.6542 best=0.6679
           router_load=[0.0317503847181797, 0.04182609170675278, 0.28856590390205383, 0.6378575563430786]
[step 0150/150] method=baseline_cagrad loss=0.6315 train_acc=0.6683 train_loss=0.6148 val_acc=0.6318 val_loss=0.6419 router_H=0.6611 best=0.6679
           router_load=[0.0013976161135360599, 0.005325006786733866, 0.367988258600235, 0.6252890825271606]
saved summary -> /home/zhujjing/MOE-grad-conflict-routing/runs/paper_suite/single_gpu/single_task/roberta_rte_lora_e4_k2/hpo/cagrad/trial_runs/coord_02_train_weight_decay_012/cagrad_s2.json
saved curve -> /home/zhujjing/MOE-grad-conflict-routing/runs/paper_suite/single_gpu/single_task/roberta_rte_lora_e4_k2/hpo/cagrad/trial_runs/coord_02_train_weight_decay_012/cagrad_s2_curve.csv
