[run] method=ours candidate=coord_02_train_weight_decay_018 seed=3 steps=150 gpu=0
[run] cmd=
/home/zhujjing/anaconda3/envs/moe/bin/python /home/zhujjing/MOE-grad-conflict-routing/scripts/run.py --config configs/singletask_sst2_real.yaml --set model.backbone_backend=hf --set model.hf_load_pretrained=true --set model.backbone=roberta --set model.hf_pretrained_name=roberta-base --set model.expert_type=lora --set model.routing_mode=topk --set model.num_experts=4 --set model.top_k=2 --set seed=3 --set method.name=ours --set train.steps=150 --set train.eval_every_steps=50 --set method.ours.use_load_norm=true --set method.ours.lambda_align=0.001 --set train.grad_clip=1 --set train.lr=2e-05 --set train.weight_decay=0.005140241552 --out /home/zhujjing/MOE-grad-conflict-routing/runs/paper_suite/single_gpu/single_task/roberta_sst2_lora_e4_k2/hpo/ours/trial_runs/coord_02_train_weight_decay_018/ours_s3.json --curve_out /home/zhujjing/MOE-grad-conflict-routing/runs/paper_suite/single_gpu/single_task/roberta_sst2_lora_e4_k2/hpo/ours/trial_runs/coord_02_train_weight_decay_018/ours_s3_curve.csv
Using the latest cached version of the dataset since glue couldn't be found on the Hugging Face Hub (offline mode is enabled).
Found the latest cached dataset configuration 'sst2' at /home/zhujjing/hf_cache/datasets/glue/sst2/0.0.0/bcdcba79d07bc864c1c254ccfcedcce55bcc9a8c (last modified on Thu Mar 19 15:01:41 2026).
/home/zhujjing/anaconda3/envs/moe/lib/python3.10/site-packages/transformers/utils/hub.py:124: FutureWarning: Using `TRANSFORMERS_CACHE` is deprecated and will be removed in v5 of Transformers. Use `HF_HOME` instead.
  warnings.warn(
Some weights of RobertaModel were not initialized from the model checkpoint at roberta-base and are newly initialized: ['roberta.pooler.dense.bias', 'roberta.pooler.dense.weight']
You should probably TRAIN this model on a down-stream task to be able to use it for predictions and inference.
[step 0001/150] method=ours loss=0.7171 train_acc=nan train_loss=nan val_acc=nan val_loss=nan best=-1.0000
[step 0010/150] method=ours loss=0.6302 train_acc=nan train_loss=nan val_acc=nan val_loss=nan best=-1.0000
[step 0020/150] method=ours loss=0.6146 train_acc=nan train_loss=nan val_acc=nan val_loss=nan best=-1.0000
[step 0030/150] method=ours loss=0.4718 train_acc=nan train_loss=nan val_acc=nan val_loss=nan best=-1.0000
[step 0040/150] method=ours loss=0.4040 train_acc=nan train_loss=nan val_acc=nan val_loss=nan best=-1.0000
[step 0050/150] method=ours loss=0.4166 train_acc=0.8635 train_loss=0.3710 val_acc=0.8693 val_loss=0.3623 router_H=0.6853 best=0.8693
           router_load=[0.4094243049621582, 0.07209993153810501, 0.5019455552101135, 0.01653018221259117]
[step 0060/150] method=ours loss=0.6547 train_acc=0.8635 train_loss=0.3710 val_acc=0.8693 val_loss=0.3623 router_H=0.6853 best=0.8693
           router_load=[0.4094243049621582, 0.07209993153810501, 0.5019455552101135, 0.01653018221259117]
[step 0070/150] method=ours loss=0.4705 train_acc=0.8635 train_loss=0.3710 val_acc=0.8693 val_loss=0.3623 router_H=0.6853 best=0.8693
           router_load=[0.4094243049621582, 0.07209993153810501, 0.5019455552101135, 0.01653018221259117]
[step 0080/150] method=ours loss=0.1943 train_acc=0.8635 train_loss=0.3710 val_acc=0.8693 val_loss=0.3623 router_H=0.6853 best=0.8693
           router_load=[0.4094243049621582, 0.07209993153810501, 0.5019455552101135, 0.01653018221259117]
[step 0090/150] method=ours loss=0.3334 train_acc=0.8635 train_loss=0.3710 val_acc=0.8693 val_loss=0.3623 router_H=0.6853 best=0.8693
           router_load=[0.4094243049621582, 0.07209993153810501, 0.5019455552101135, 0.01653018221259117]
[step 0100/150] method=ours loss=0.4113 train_acc=0.8617 train_loss=0.4435 val_acc=0.9048 val_loss=0.2858 router_H=0.6801 best=0.9048
           router_load=[0.3350438177585602, 0.17223770916461945, 0.48735731840133667, 0.005361112765967846]
[step 0110/150] method=ours loss=0.4357 train_acc=0.8617 train_loss=0.4435 val_acc=0.9048 val_loss=0.2858 router_H=0.6801 best=0.9048
           router_load=[0.3350438177585602, 0.17223770916461945, 0.48735731840133667, 0.005361112765967846]
[step 0120/150] method=ours loss=0.4790 train_acc=0.8617 train_loss=0.4435 val_acc=0.9048 val_loss=0.2858 router_H=0.6801 best=0.9048
           router_load=[0.3350438177585602, 0.17223770916461945, 0.48735731840133667, 0.005361112765967846]
[step 0130/150] method=ours loss=0.6930 train_acc=0.8617 train_loss=0.4435 val_acc=0.9048 val_loss=0.2858 router_H=0.6801 best=0.9048
           router_load=[0.3350438177585602, 0.17223770916461945, 0.48735731840133667, 0.005361112765967846]
[step 0140/150] method=ours loss=0.2574 train_acc=0.8617 train_loss=0.4435 val_acc=0.9048 val_loss=0.2858 router_H=0.6801 best=0.9048
           router_load=[0.3350438177585602, 0.17223770916461945, 0.48735731840133667, 0.005361112765967846]
[step 0150/150] method=ours loss=0.1613 train_acc=0.8905 train_loss=0.2832 val_acc=0.9048 val_loss=0.2521 router_H=0.6764 best=0.9048
           router_load=[0.35988375544548035, 0.18844865262508392, 0.43407782912254333, 0.017589621245861053]
saved summary -> /home/zhujjing/MOE-grad-conflict-routing/runs/paper_suite/single_gpu/single_task/roberta_sst2_lora_e4_k2/hpo/ours/trial_runs/coord_02_train_weight_decay_018/ours_s3.json
saved curve -> /home/zhujjing/MOE-grad-conflict-routing/runs/paper_suite/single_gpu/single_task/roberta_sst2_lora_e4_k2/hpo/ours/trial_runs/coord_02_train_weight_decay_018/ours_s3_curve.csv
