[run] method=ours candidate=coord_02_train_weight_decay_007 seed=2 steps=150 gpu=0
[run] cmd=
/home/zhujjing/anaconda3/envs/moe/bin/python /home/zhujjing/MOE-grad-conflict-routing/scripts/run.py --config configs/singletask_sst2_real.yaml --set model.backbone_backend=hf --set model.hf_load_pretrained=true --set model.backbone=roberta --set model.hf_pretrained_name=roberta-base --set model.expert_type=lora --set model.routing_mode=topk --set model.num_experts=4 --set model.top_k=2 --set seed=2 --set method.name=ours --set train.steps=150 --set train.eval_every_steps=50 --set method.ours.use_load_norm=true --set method.ours.lambda_align=0.001 --set train.grad_clip=1 --set train.lr=2e-05 --set train.weight_decay=0.001129385354 --out /home/zhujjing/MOE-grad-conflict-routing/runs/paper_suite/single_gpu/single_task/roberta_sst2_lora_e4_k2/hpo/ours/trial_runs/coord_02_train_weight_decay_007/ours_s2.json --curve_out /home/zhujjing/MOE-grad-conflict-routing/runs/paper_suite/single_gpu/single_task/roberta_sst2_lora_e4_k2/hpo/ours/trial_runs/coord_02_train_weight_decay_007/ours_s2_curve.csv
Using the latest cached version of the dataset since glue couldn't be found on the Hugging Face Hub (offline mode is enabled).
Found the latest cached dataset configuration 'sst2' at /home/zhujjing/hf_cache/datasets/glue/sst2/0.0.0/bcdcba79d07bc864c1c254ccfcedcce55bcc9a8c (last modified on Thu Mar 19 15:01:41 2026).
/home/zhujjing/anaconda3/envs/moe/lib/python3.10/site-packages/transformers/utils/hub.py:124: FutureWarning: Using `TRANSFORMERS_CACHE` is deprecated and will be removed in v5 of Transformers. Use `HF_HOME` instead.
  warnings.warn(
Some weights of RobertaModel were not initialized from the model checkpoint at roberta-base and are newly initialized: ['roberta.pooler.dense.bias', 'roberta.pooler.dense.weight']
You should probably TRAIN this model on a down-stream task to be able to use it for predictions and inference.
[step 0001/150] method=ours loss=0.7015 train_acc=nan train_loss=nan val_acc=nan val_loss=nan best=-1.0000
[step 0010/150] method=ours loss=0.7034 train_acc=nan train_loss=nan val_acc=nan val_loss=nan best=-1.0000
[step 0020/150] method=ours loss=0.4981 train_acc=nan train_loss=nan val_acc=nan val_loss=nan best=-1.0000
[step 0030/150] method=ours loss=0.0703 train_acc=nan train_loss=nan val_acc=nan val_loss=nan best=-1.0000
[step 0040/150] method=ours loss=0.0446 train_acc=nan train_loss=nan val_acc=nan val_loss=nan best=-1.0000
[step 0050/150] method=ours loss=0.4769 train_acc=0.8769 train_loss=0.3451 val_acc=0.8842 val_loss=0.3112 router_H=0.6885 best=0.8842
           router_load=[0.00044957647332921624, 0.2995304763317108, 0.16900454461574554, 0.5310155153274536]
[step 0060/150] method=ours loss=0.3767 train_acc=0.8769 train_loss=0.3451 val_acc=0.8842 val_loss=0.3112 router_H=0.6885 best=0.8842
           router_load=[0.00044957647332921624, 0.2995304763317108, 0.16900454461574554, 0.5310155153274536]
[step 0070/150] method=ours loss=0.4584 train_acc=0.8769 train_loss=0.3451 val_acc=0.8842 val_loss=0.3112 router_H=0.6885 best=0.8842
           router_load=[0.00044957647332921624, 0.2995304763317108, 0.16900454461574554, 0.5310155153274536]
[step 0080/150] method=ours loss=0.6099 train_acc=0.8769 train_loss=0.3451 val_acc=0.8842 val_loss=0.3112 router_H=0.6885 best=0.8842
           router_load=[0.00044957647332921624, 0.2995304763317108, 0.16900454461574554, 0.5310155153274536]
[step 0090/150] method=ours loss=0.2860 train_acc=0.8769 train_loss=0.3451 val_acc=0.8842 val_loss=0.3112 router_H=0.6885 best=0.8842
           router_load=[0.00044957647332921624, 0.2995304763317108, 0.16900454461574554, 0.5310155153274536]
[step 0100/150] method=ours loss=0.5805 train_acc=0.8358 train_loss=0.4158 val_acc=0.8073 val_loss=0.4434 router_H=0.6802 best=0.8842
           router_load=[0.0, 0.3219730257987976, 0.11615906655788422, 0.561867892742157]
[step 0110/150] method=ours loss=0.4300 train_acc=0.8358 train_loss=0.4158 val_acc=0.8073 val_loss=0.4434 router_H=0.6802 best=0.8842
           router_load=[0.0, 0.3219730257987976, 0.11615906655788422, 0.561867892742157]
[step 0120/150] method=ours loss=0.6556 train_acc=0.8358 train_loss=0.4158 val_acc=0.8073 val_loss=0.4434 router_H=0.6802 best=0.8842
           router_load=[0.0, 0.3219730257987976, 0.11615906655788422, 0.561867892742157]
[step 0130/150] method=ours loss=0.3700 train_acc=0.8358 train_loss=0.4158 val_acc=0.8073 val_loss=0.4434 router_H=0.6802 best=0.8842
           router_load=[0.0, 0.3219730257987976, 0.11615906655788422, 0.561867892742157]
[step 0140/150] method=ours loss=0.4251 train_acc=0.8358 train_loss=0.4158 val_acc=0.8073 val_loss=0.4434 router_H=0.6802 best=0.8842
           router_load=[0.0, 0.3219730257987976, 0.11615906655788422, 0.561867892742157]
[step 0150/150] method=ours loss=0.5293 train_acc=0.8953 train_loss=0.2963 val_acc=0.9071 val_loss=0.2819 router_H=0.6877 best=0.9071
           router_load=[0.0, 0.40557384490966797, 0.08211474120616913, 0.5123111605644226]
saved summary -> /home/zhujjing/MOE-grad-conflict-routing/runs/paper_suite/single_gpu/single_task/roberta_sst2_lora_e4_k2/hpo/ours/trial_runs/coord_02_train_weight_decay_007/ours_s2.json
saved curve -> /home/zhujjing/MOE-grad-conflict-routing/runs/paper_suite/single_gpu/single_task/roberta_sst2_lora_e4_k2/hpo/ours/trial_runs/coord_02_train_weight_decay_007/ours_s2_curve.csv
