[run] method=ours candidate=coord_02_train_weight_decay_015 seed=2 steps=150 gpu=0
[run] cmd=
/home/zhujjing/anaconda3/envs/moe/bin/python /home/zhujjing/MOE-grad-conflict-routing/scripts/run.py --config configs/singletask_sst2_real.yaml --set model.backbone_backend=hf --set model.hf_load_pretrained=true --set model.backbone=roberta --set model.hf_pretrained_name=roberta-base --set model.expert_type=lora --set model.routing_mode=topk --set model.num_experts=4 --set model.top_k=2 --set seed=2 --set method.name=ours --set train.steps=150 --set train.eval_every_steps=50 --set method.ours.use_load_norm=true --set method.ours.lambda_align=0.001 --set train.grad_clip=1 --set train.lr=2e-05 --set train.weight_decay=0.001265792638 --out /home/zhujjing/MOE-grad-conflict-routing/runs/paper_suite/single_gpu/single_task/roberta_sst2_lora_e4_k2/hpo/ours/trial_runs/coord_02_train_weight_decay_015/ours_s2.json --curve_out /home/zhujjing/MOE-grad-conflict-routing/runs/paper_suite/single_gpu/single_task/roberta_sst2_lora_e4_k2/hpo/ours/trial_runs/coord_02_train_weight_decay_015/ours_s2_curve.csv
Using the latest cached version of the dataset since glue couldn't be found on the Hugging Face Hub (offline mode is enabled).
Found the latest cached dataset configuration 'sst2' at /home/zhujjing/hf_cache/datasets/glue/sst2/0.0.0/bcdcba79d07bc864c1c254ccfcedcce55bcc9a8c (last modified on Thu Mar 19 15:01:41 2026).
/home/zhujjing/anaconda3/envs/moe/lib/python3.10/site-packages/transformers/utils/hub.py:124: FutureWarning: Using `TRANSFORMERS_CACHE` is deprecated and will be removed in v5 of Transformers. Use `HF_HOME` instead.
  warnings.warn(
Some weights of RobertaModel were not initialized from the model checkpoint at roberta-base and are newly initialized: ['roberta.pooler.dense.bias', 'roberta.pooler.dense.weight']
You should probably TRAIN this model on a down-stream task to be able to use it for predictions and inference.
[step 0001/150] method=ours loss=0.7148 train_acc=nan train_loss=nan val_acc=nan val_loss=nan best=-1.0000
[step 0010/150] method=ours loss=0.7093 train_acc=nan train_loss=nan val_acc=nan val_loss=nan best=-1.0000
[step 0020/150] method=ours loss=0.5038 train_acc=nan train_loss=nan val_acc=nan val_loss=nan best=-1.0000
[step 0030/150] method=ours loss=0.1000 train_acc=nan train_loss=nan val_acc=nan val_loss=nan best=-1.0000
[step 0040/150] method=ours loss=0.0345 train_acc=nan train_loss=nan val_acc=nan val_loss=nan best=-1.0000
[step 0050/150] method=ours loss=0.7939 train_acc=0.8672 train_loss=0.3881 val_acc=0.8612 val_loss=0.3612 router_H=0.6760 best=0.8612
           router_load=[0.048783913254737854, 0.5809393525123596, 0.3425338864326477, 0.027743011713027954]
[step 0060/150] method=ours loss=0.3561 train_acc=0.8672 train_loss=0.3881 val_acc=0.8612 val_loss=0.3612 router_H=0.6760 best=0.8612
           router_load=[0.048783913254737854, 0.5809393525123596, 0.3425338864326477, 0.027743011713027954]
[step 0070/150] method=ours loss=0.3823 train_acc=0.8672 train_loss=0.3881 val_acc=0.8612 val_loss=0.3612 router_H=0.6760 best=0.8612
           router_load=[0.048783913254737854, 0.5809393525123596, 0.3425338864326477, 0.027743011713027954]
[step 0080/150] method=ours loss=0.4876 train_acc=0.8672 train_loss=0.3881 val_acc=0.8612 val_loss=0.3612 router_H=0.6760 best=0.8612
           router_load=[0.048783913254737854, 0.5809393525123596, 0.3425338864326477, 0.027743011713027954]
[step 0090/150] method=ours loss=0.2662 train_acc=0.8672 train_loss=0.3881 val_acc=0.8612 val_loss=0.3612 router_H=0.6760 best=0.8612
           router_load=[0.048783913254737854, 0.5809393525123596, 0.3425338864326477, 0.027743011713027954]
[step 0100/150] method=ours loss=0.5924 train_acc=0.8148 train_loss=0.4751 val_acc=0.8108 val_loss=0.4656 router_H=0.6891 best=0.8612
           router_load=[0.17725898325443268, 0.5097004175186157, 0.3025747239589691, 0.010465826839208603]
[step 0110/150] method=ours loss=0.4777 train_acc=0.8148 train_loss=0.4751 val_acc=0.8108 val_loss=0.4656 router_H=0.6891 best=0.8612
           router_load=[0.17725898325443268, 0.5097004175186157, 0.3025747239589691, 0.010465826839208603]
[step 0120/150] method=ours loss=0.4199 train_acc=0.8148 train_loss=0.4751 val_acc=0.8108 val_loss=0.4656 router_H=0.6891 best=0.8612
           router_load=[0.17725898325443268, 0.5097004175186157, 0.3025747239589691, 0.010465826839208603]
[step 0130/150] method=ours loss=0.4225 train_acc=0.8148 train_loss=0.4751 val_acc=0.8108 val_loss=0.4656 router_H=0.6891 best=0.8612
           router_load=[0.17725898325443268, 0.5097004175186157, 0.3025747239589691, 0.010465826839208603]
[step 0140/150] method=ours loss=0.5862 train_acc=0.8148 train_loss=0.4751 val_acc=0.8108 val_loss=0.4656 router_H=0.6891 best=0.8612
           router_load=[0.17725898325443268, 0.5097004175186157, 0.3025747239589691, 0.010465826839208603]
[step 0150/150] method=ours loss=0.3477 train_acc=0.8844 train_loss=0.2926 val_acc=0.8922 val_loss=0.2759 router_H=0.6808 best=0.8922
           router_load=[0.19370462000370026, 0.5502374768257141, 0.21718795597553253, 0.038869913667440414]
saved summary -> /home/zhujjing/MOE-grad-conflict-routing/runs/paper_suite/single_gpu/single_task/roberta_sst2_lora_e4_k2/hpo/ours/trial_runs/coord_02_train_weight_decay_015/ours_s2.json
saved curve -> /home/zhujjing/MOE-grad-conflict-routing/runs/paper_suite/single_gpu/single_task/roberta_sst2_lora_e4_k2/hpo/ours/trial_runs/coord_02_train_weight_decay_015/ours_s2_curve.csv
