[run] method=ours candidate=coord_02_train_weight_decay_009 seed=2 steps=150 gpu=0
[run] cmd=
/home/zhujjing/anaconda3/envs/moe/bin/python /home/zhujjing/MOE-grad-conflict-routing/scripts/run.py --config configs/singletask_sst2_real.yaml --set model.backbone_backend=hf --set model.hf_load_pretrained=true --set model.backbone=roberta --set model.hf_pretrained_name=roberta-base --set model.expert_type=lora --set model.routing_mode=topk --set model.num_experts=4 --set model.top_k=2 --set seed=2 --set method.name=ours --set train.steps=150 --set train.eval_every_steps=50 --set method.ours.use_load_norm=true --set method.ours.lambda_align=0.001 --set train.grad_clip=1 --set train.lr=2e-05 --set train.weight_decay=0.03112945656 --out /home/zhujjing/MOE-grad-conflict-routing/runs/paper_suite/single_gpu/single_task/roberta_sst2_lora_e4_k2/hpo/ours/trial_runs/coord_02_train_weight_decay_009/ours_s2.json --curve_out /home/zhujjing/MOE-grad-conflict-routing/runs/paper_suite/single_gpu/single_task/roberta_sst2_lora_e4_k2/hpo/ours/trial_runs/coord_02_train_weight_decay_009/ours_s2_curve.csv
Using the latest cached version of the dataset since glue couldn't be found on the Hugging Face Hub (offline mode is enabled).
Found the latest cached dataset configuration 'sst2' at /home/zhujjing/hf_cache/datasets/glue/sst2/0.0.0/bcdcba79d07bc864c1c254ccfcedcce55bcc9a8c (last modified on Thu Mar 19 15:01:41 2026).
/home/zhujjing/anaconda3/envs/moe/lib/python3.10/site-packages/transformers/utils/hub.py:124: FutureWarning: Using `TRANSFORMERS_CACHE` is deprecated and will be removed in v5 of Transformers. Use `HF_HOME` instead.
  warnings.warn(
Some weights of RobertaModel were not initialized from the model checkpoint at roberta-base and are newly initialized: ['roberta.pooler.dense.bias', 'roberta.pooler.dense.weight']
You should probably TRAIN this model on a down-stream task to be able to use it for predictions and inference.
[step 0001/150] method=ours loss=0.9210 train_acc=nan train_loss=nan val_acc=nan val_loss=nan best=-1.0000
[step 0010/150] method=ours loss=0.7547 train_acc=nan train_loss=nan val_acc=nan val_loss=nan best=-1.0000
[step 0020/150] method=ours loss=0.6199 train_acc=nan train_loss=nan val_acc=nan val_loss=nan best=-1.0000
[step 0030/150] method=ours loss=0.3767 train_acc=nan train_loss=nan val_acc=nan val_loss=nan best=-1.0000
[step 0040/150] method=ours loss=0.0770 train_acc=nan train_loss=nan val_acc=nan val_loss=nan best=-1.0000
[step 0050/150] method=ours loss=0.6776 train_acc=0.8724 train_loss=0.3794 val_acc=0.8773 val_loss=0.3729 router_H=0.6845 best=0.8773
           router_load=[0.35575807094573975, 0.039465803653001785, 0.4791448712348938, 0.12563130259513855]
[step 0060/150] method=ours loss=0.3680 train_acc=0.8724 train_loss=0.3794 val_acc=0.8773 val_loss=0.3729 router_H=0.6845 best=0.8773
           router_load=[0.35575807094573975, 0.039465803653001785, 0.4791448712348938, 0.12563130259513855]
[step 0070/150] method=ours loss=0.5773 train_acc=0.8724 train_loss=0.3794 val_acc=0.8773 val_loss=0.3729 router_H=0.6845 best=0.8773
           router_load=[0.35575807094573975, 0.039465803653001785, 0.4791448712348938, 0.12563130259513855]
[step 0080/150] method=ours loss=0.6982 train_acc=0.8724 train_loss=0.3794 val_acc=0.8773 val_loss=0.3729 router_H=0.6845 best=0.8773
           router_load=[0.35575807094573975, 0.039465803653001785, 0.4791448712348938, 0.12563130259513855]
[step 0090/150] method=ours loss=0.3896 train_acc=0.8724 train_loss=0.3794 val_acc=0.8773 val_loss=0.3729 router_H=0.6845 best=0.8773
           router_load=[0.35575807094573975, 0.039465803653001785, 0.4791448712348938, 0.12563130259513855]
[step 0100/150] method=ours loss=0.4552 train_acc=0.8492 train_loss=0.3711 val_acc=0.8406 val_loss=0.3879 router_H=0.6857 best=0.8773
           router_load=[0.08504953235387802, 0.08305985480546951, 0.4196811616420746, 0.4122094213962555]
[step 0110/150] method=ours loss=0.3882 train_acc=0.8492 train_loss=0.3711 val_acc=0.8406 val_loss=0.3879 router_H=0.6857 best=0.8773
           router_load=[0.08504953235387802, 0.08305985480546951, 0.4196811616420746, 0.4122094213962555]
[step 0120/150] method=ours loss=0.2901 train_acc=0.8492 train_loss=0.3711 val_acc=0.8406 val_loss=0.3879 router_H=0.6857 best=0.8773
           router_load=[0.08504953235387802, 0.08305985480546951, 0.4196811616420746, 0.4122094213962555]
[step 0130/150] method=ours loss=0.2093 train_acc=0.8492 train_loss=0.3711 val_acc=0.8406 val_loss=0.3879 router_H=0.6857 best=0.8773
           router_load=[0.08504953235387802, 0.08305985480546951, 0.4196811616420746, 0.4122094213962555]
[step 0140/150] method=ours loss=0.5853 train_acc=0.8492 train_loss=0.3711 val_acc=0.8406 val_loss=0.3879 router_H=0.6857 best=0.8773
           router_load=[0.08504953235387802, 0.08305985480546951, 0.4196811616420746, 0.4122094213962555]
[step 0150/150] method=ours loss=0.4282 train_acc=0.8981 train_loss=0.2657 val_acc=0.9071 val_loss=0.2516 router_H=0.6849 best=0.9071
           router_load=[0.186306431889534, 0.10539471358060837, 0.47039711475372314, 0.23790176212787628]
saved summary -> /home/zhujjing/MOE-grad-conflict-routing/runs/paper_suite/single_gpu/single_task/roberta_sst2_lora_e4_k2/hpo/ours/trial_runs/coord_02_train_weight_decay_009/ours_s2.json
saved curve -> /home/zhujjing/MOE-grad-conflict-routing/runs/paper_suite/single_gpu/single_task/roberta_sst2_lora_e4_k2/hpo/ours/trial_runs/coord_02_train_weight_decay_009/ours_s2_curve.csv
