[run] method=ours candidate=coord_02_train_weight_decay_006 seed=2 steps=150 gpu=0
[run] cmd=
/home/zhujjing/anaconda3/envs/moe/bin/python /home/zhujjing/MOE-grad-conflict-routing/scripts/run.py --config configs/singletask_sst2_real.yaml --set model.backbone_backend=hf --set model.hf_load_pretrained=true --set model.backbone=roberta --set model.hf_pretrained_name=roberta-base --set model.expert_type=lora --set model.routing_mode=topk --set model.num_experts=4 --set model.top_k=2 --set seed=2 --set method.name=ours --set train.steps=150 --set train.eval_every_steps=50 --set method.ours.use_load_norm=true --set method.ours.lambda_align=0.001 --set train.grad_clip=1 --set train.lr=2e-05 --set train.weight_decay=0.04811190453 --out /home/zhujjing/MOE-grad-conflict-routing/runs/paper_suite/single_gpu/single_task/roberta_sst2_lora_e4_k2/hpo/ours/trial_runs/coord_02_train_weight_decay_006/ours_s2.json --curve_out /home/zhujjing/MOE-grad-conflict-routing/runs/paper_suite/single_gpu/single_task/roberta_sst2_lora_e4_k2/hpo/ours/trial_runs/coord_02_train_weight_decay_006/ours_s2_curve.csv
Using the latest cached version of the dataset since glue couldn't be found on the Hugging Face Hub (offline mode is enabled).
Found the latest cached dataset configuration 'sst2' at /home/zhujjing/hf_cache/datasets/glue/sst2/0.0.0/bcdcba79d07bc864c1c254ccfcedcce55bcc9a8c (last modified on Thu Mar 19 15:01:41 2026).
/home/zhujjing/anaconda3/envs/moe/lib/python3.10/site-packages/transformers/utils/hub.py:124: FutureWarning: Using `TRANSFORMERS_CACHE` is deprecated and will be removed in v5 of Transformers. Use `HF_HOME` instead.
  warnings.warn(
Some weights of RobertaModel were not initialized from the model checkpoint at roberta-base and are newly initialized: ['roberta.pooler.dense.bias', 'roberta.pooler.dense.weight']
You should probably TRAIN this model on a down-stream task to be able to use it for predictions and inference.
[step 0001/150] method=ours loss=0.9245 train_acc=nan train_loss=nan val_acc=nan val_loss=nan best=-1.0000
[step 0010/150] method=ours loss=0.7765 train_acc=nan train_loss=nan val_acc=nan val_loss=nan best=-1.0000
[step 0020/150] method=ours loss=0.5817 train_acc=nan train_loss=nan val_acc=nan val_loss=nan best=-1.0000
[step 0030/150] method=ours loss=0.5468 train_acc=nan train_loss=nan val_acc=nan val_loss=nan best=-1.0000
[step 0040/150] method=ours loss=0.1126 train_acc=nan train_loss=nan val_acc=nan val_loss=nan best=-1.0000
[step 0050/150] method=ours loss=0.4982 train_acc=0.8739 train_loss=0.3404 val_acc=0.8727 val_loss=0.3481 router_H=0.6887 best=0.8727
           router_load=[0.0, 0.44376233220100403, 0.3949442505836487, 0.1612933725118637]
[step 0060/150] method=ours loss=0.3043 train_acc=0.8739 train_loss=0.3404 val_acc=0.8727 val_loss=0.3481 router_H=0.6887 best=0.8727
           router_load=[0.0, 0.44376233220100403, 0.3949442505836487, 0.1612933725118637]
[step 0070/150] method=ours loss=0.4780 train_acc=0.8739 train_loss=0.3404 val_acc=0.8727 val_loss=0.3481 router_H=0.6887 best=0.8727
           router_load=[0.0, 0.44376233220100403, 0.3949442505836487, 0.1612933725118637]
[step 0080/150] method=ours loss=0.5108 train_acc=0.8739 train_loss=0.3404 val_acc=0.8727 val_loss=0.3481 router_H=0.6887 best=0.8727
           router_load=[0.0, 0.44376233220100403, 0.3949442505836487, 0.1612933725118637]
[step 0090/150] method=ours loss=0.2418 train_acc=0.8739 train_loss=0.3404 val_acc=0.8727 val_loss=0.3481 router_H=0.6887 best=0.8727
           router_load=[0.0, 0.44376233220100403, 0.3949442505836487, 0.1612933725118637]
[step 0100/150] method=ours loss=0.4285 train_acc=0.8176 train_loss=0.4419 val_acc=0.7718 val_loss=0.5011 router_H=0.6902 best=0.8727
           router_load=[0.0, 0.4029253423213959, 0.37657806277275085, 0.22049660980701447]
[step 0110/150] method=ours loss=0.3538 train_acc=0.8176 train_loss=0.4419 val_acc=0.7718 val_loss=0.5011 router_H=0.6902 best=0.8727
           router_load=[0.0, 0.4029253423213959, 0.37657806277275085, 0.22049660980701447]
[step 0120/150] method=ours loss=0.6357 train_acc=0.8176 train_loss=0.4419 val_acc=0.7718 val_loss=0.5011 router_H=0.6902 best=0.8727
           router_load=[0.0, 0.4029253423213959, 0.37657806277275085, 0.22049660980701447]
[step 0130/150] method=ours loss=0.3160 train_acc=0.8176 train_loss=0.4419 val_acc=0.7718 val_loss=0.5011 router_H=0.6902 best=0.8727
           router_load=[0.0, 0.4029253423213959, 0.37657806277275085, 0.22049660980701447]
[step 0140/150] method=ours loss=0.5768 train_acc=0.8176 train_loss=0.4419 val_acc=0.7718 val_loss=0.5011 router_H=0.6902 best=0.8727
           router_load=[0.0, 0.4029253423213959, 0.37657806277275085, 0.22049660980701447]
[step 0150/150] method=ours loss=0.5577 train_acc=0.8879 train_loss=0.3040 val_acc=0.8968 val_loss=0.2714 router_H=0.6891 best=0.8968
           router_load=[0.0, 0.4934685528278351, 0.43382027745246887, 0.07271108031272888]
saved summary -> /home/zhujjing/MOE-grad-conflict-routing/runs/paper_suite/single_gpu/single_task/roberta_sst2_lora_e4_k2/hpo/ours/trial_runs/coord_02_train_weight_decay_006/ours_s2.json
saved curve -> /home/zhujjing/MOE-grad-conflict-routing/runs/paper_suite/single_gpu/single_task/roberta_sst2_lora_e4_k2/hpo/ours/trial_runs/coord_02_train_weight_decay_006/ours_s2_curve.csv
