[run] method=ours candidate=coord_02_train_weight_decay_009 seed=3 steps=150 gpu=0
[run] cmd=
/home/zhujjing/anaconda3/envs/moe/bin/python /home/zhujjing/MOE-grad-conflict-routing/scripts/run.py --config configs/singletask_sst2_real.yaml --set model.backbone_backend=hf --set model.hf_load_pretrained=true --set model.backbone=roberta --set model.hf_pretrained_name=roberta-base --set model.expert_type=lora --set model.routing_mode=topk --set model.num_experts=4 --set model.top_k=2 --set seed=3 --set method.name=ours --set train.steps=150 --set train.eval_every_steps=50 --set method.ours.use_load_norm=true --set method.ours.lambda_align=0.001 --set train.grad_clip=1 --set train.lr=2e-05 --set train.weight_decay=0.03112945656 --out /home/zhujjing/MOE-grad-conflict-routing/runs/paper_suite/single_gpu/single_task/roberta_sst2_lora_e4_k2/hpo/ours/trial_runs/coord_02_train_weight_decay_009/ours_s3.json --curve_out /home/zhujjing/MOE-grad-conflict-routing/runs/paper_suite/single_gpu/single_task/roberta_sst2_lora_e4_k2/hpo/ours/trial_runs/coord_02_train_weight_decay_009/ours_s3_curve.csv
Using the latest cached version of the dataset since glue couldn't be found on the Hugging Face Hub (offline mode is enabled).
Found the latest cached dataset configuration 'sst2' at /home/zhujjing/hf_cache/datasets/glue/sst2/0.0.0/bcdcba79d07bc864c1c254ccfcedcce55bcc9a8c (last modified on Thu Mar 19 15:01:41 2026).
/home/zhujjing/anaconda3/envs/moe/lib/python3.10/site-packages/transformers/utils/hub.py:124: FutureWarning: Using `TRANSFORMERS_CACHE` is deprecated and will be removed in v5 of Transformers. Use `HF_HOME` instead.
  warnings.warn(
Some weights of RobertaModel were not initialized from the model checkpoint at roberta-base and are newly initialized: ['roberta.pooler.dense.bias', 'roberta.pooler.dense.weight']
You should probably TRAIN this model on a down-stream task to be able to use it for predictions and inference.
[step 0001/150] method=ours loss=0.8910 train_acc=nan train_loss=nan val_acc=nan val_loss=nan best=-1.0000
[step 0010/150] method=ours loss=0.6280 train_acc=nan train_loss=nan val_acc=nan val_loss=nan best=-1.0000
[step 0020/150] method=ours loss=0.6091 train_acc=nan train_loss=nan val_acc=nan val_loss=nan best=-1.0000
[step 0030/150] method=ours loss=0.5842 train_acc=nan train_loss=nan val_acc=nan val_loss=nan best=-1.0000
[step 0040/150] method=ours loss=0.5089 train_acc=nan train_loss=nan val_acc=nan val_loss=nan best=-1.0000
[step 0050/150] method=ours loss=0.4598 train_acc=0.8765 train_loss=0.3316 val_acc=0.8727 val_loss=0.3259 router_H=0.6794 best=0.8727
           router_load=[0.09638222306966782, 0.42440280318260193, 0.2734479606151581, 0.20576699078083038]
[step 0060/150] method=ours loss=0.3495 train_acc=0.8765 train_loss=0.3316 val_acc=0.8727 val_loss=0.3259 router_H=0.6794 best=0.8727
           router_load=[0.09638222306966782, 0.42440280318260193, 0.2734479606151581, 0.20576699078083038]
[step 0070/150] method=ours loss=0.5068 train_acc=0.8765 train_loss=0.3316 val_acc=0.8727 val_loss=0.3259 router_H=0.6794 best=0.8727
           router_load=[0.09638222306966782, 0.42440280318260193, 0.2734479606151581, 0.20576699078083038]
[step 0080/150] method=ours loss=0.1358 train_acc=0.8765 train_loss=0.3316 val_acc=0.8727 val_loss=0.3259 router_H=0.6794 best=0.8727
           router_load=[0.09638222306966782, 0.42440280318260193, 0.2734479606151581, 0.20576699078083038]
[step 0090/150] method=ours loss=0.3547 train_acc=0.8765 train_loss=0.3316 val_acc=0.8727 val_loss=0.3259 router_H=0.6794 best=0.8727
           router_load=[0.09638222306966782, 0.42440280318260193, 0.2734479606151581, 0.20576699078083038]
[step 0100/150] method=ours loss=0.4057 train_acc=0.8784 train_loss=0.3364 val_acc=0.8945 val_loss=0.2805 router_H=0.6874 best=0.8945
           router_load=[0.045359205454587936, 0.36582231521606445, 0.45526859164237976, 0.1335500031709671]
[step 0110/150] method=ours loss=0.3939 train_acc=0.8784 train_loss=0.3364 val_acc=0.8945 val_loss=0.2805 router_H=0.6874 best=0.8945
           router_load=[0.045359205454587936, 0.36582231521606445, 0.45526859164237976, 0.1335500031709671]
[step 0120/150] method=ours loss=0.3766 train_acc=0.8784 train_loss=0.3364 val_acc=0.8945 val_loss=0.2805 router_H=0.6874 best=0.8945
           router_load=[0.045359205454587936, 0.36582231521606445, 0.45526859164237976, 0.1335500031709671]
[step 0130/150] method=ours loss=0.6575 train_acc=0.8784 train_loss=0.3364 val_acc=0.8945 val_loss=0.2805 router_H=0.6874 best=0.8945
           router_load=[0.045359205454587936, 0.36582231521606445, 0.45526859164237976, 0.1335500031709671]
[step 0140/150] method=ours loss=0.2065 train_acc=0.8784 train_loss=0.3364 val_acc=0.8945 val_loss=0.2805 router_H=0.6874 best=0.8945
           router_load=[0.045359205454587936, 0.36582231521606445, 0.45526859164237976, 0.1335500031709671]
[step 0150/150] method=ours loss=0.1836 train_acc=0.8909 train_loss=0.2857 val_acc=0.9186 val_loss=0.2282 router_H=0.6865 best=0.9186
           router_load=[0.07558738440275192, 0.34078100323677063, 0.2803972661495209, 0.3032342791557312]
saved summary -> /home/zhujjing/MOE-grad-conflict-routing/runs/paper_suite/single_gpu/single_task/roberta_sst2_lora_e4_k2/hpo/ours/trial_runs/coord_02_train_weight_decay_009/ours_s3.json
saved curve -> /home/zhujjing/MOE-grad-conflict-routing/runs/paper_suite/single_gpu/single_task/roberta_sst2_lora_e4_k2/hpo/ours/trial_runs/coord_02_train_weight_decay_009/ours_s3_curve.csv
