[run] method=ours candidate=coord_02_anchor seed=2 steps=150 gpu=0
[run] cmd=
/home/zhujjing/anaconda3/envs/moe/bin/python /home/zhujjing/MOE-grad-conflict-routing/scripts/run.py --config configs/singletask_sst2_real.yaml --set model.backbone_backend=hf --set model.hf_load_pretrained=true --set model.backbone=roberta --set model.hf_pretrained_name=roberta-base --set model.expert_type=lora --set model.routing_mode=topk --set model.num_experts=4 --set model.top_k=2 --set seed=2 --set method.name=ours --set train.steps=150 --set train.eval_every_steps=50 --set method.ours.use_load_norm=true --set method.ours.lambda_align=0.001 --set train.grad_clip=1 --set train.lr=2e-05 --set train.weight_decay=0.01 --out /home/zhujjing/MOE-grad-conflict-routing/runs/paper_suite/single_gpu/single_task/roberta_sst2_lora_e4_k2/hpo/ours/trial_runs/coord_02_anchor/ours_s2.json --curve_out /home/zhujjing/MOE-grad-conflict-routing/runs/paper_suite/single_gpu/single_task/roberta_sst2_lora_e4_k2/hpo/ours/trial_runs/coord_02_anchor/ours_s2_curve.csv
Using the latest cached version of the dataset since glue couldn't be found on the Hugging Face Hub (offline mode is enabled).
Found the latest cached dataset configuration 'sst2' at /home/zhujjing/hf_cache/datasets/glue/sst2/0.0.0/bcdcba79d07bc864c1c254ccfcedcce55bcc9a8c (last modified on Thu Mar 19 15:01:41 2026).
/home/zhujjing/anaconda3/envs/moe/lib/python3.10/site-packages/transformers/utils/hub.py:124: FutureWarning: Using `TRANSFORMERS_CACHE` is deprecated and will be removed in v5 of Transformers. Use `HF_HOME` instead.
  warnings.warn(
Some weights of RobertaModel were not initialized from the model checkpoint at roberta-base and are newly initialized: ['roberta.pooler.dense.bias', 'roberta.pooler.dense.weight']
You should probably TRAIN this model on a down-stream task to be able to use it for predictions and inference.
[step 0001/150] method=ours loss=0.8389 train_acc=nan train_loss=nan val_acc=nan val_loss=nan best=-1.0000
[step 0010/150] method=ours loss=0.7371 train_acc=nan train_loss=nan val_acc=nan val_loss=nan best=-1.0000
[step 0020/150] method=ours loss=0.5756 train_acc=nan train_loss=nan val_acc=nan val_loss=nan best=-1.0000
[step 0030/150] method=ours loss=0.4125 train_acc=nan train_loss=nan val_acc=nan val_loss=nan best=-1.0000
[step 0040/150] method=ours loss=0.3168 train_acc=nan train_loss=nan val_acc=nan val_loss=nan best=-1.0000
[step 0050/150] method=ours loss=0.4477 train_acc=0.8631 train_loss=0.3466 val_acc=0.8486 val_loss=0.3673 router_H=0.6536 best=0.8486
           router_load=[0.6260390877723694, 0.007198098581284285, 0.27332428097724915, 0.09343858063220978]
[step 0060/150] method=ours loss=0.4073 train_acc=0.8631 train_loss=0.3466 val_acc=0.8486 val_loss=0.3673 router_H=0.6536 best=0.8486
           router_load=[0.6260390877723694, 0.007198098581284285, 0.27332428097724915, 0.09343858063220978]
[step 0070/150] method=ours loss=0.4542 train_acc=0.8631 train_loss=0.3466 val_acc=0.8486 val_loss=0.3673 router_H=0.6536 best=0.8486
           router_load=[0.6260390877723694, 0.007198098581284285, 0.27332428097724915, 0.09343858063220978]
[step 0080/150] method=ours loss=0.4666 train_acc=0.8631 train_loss=0.3466 val_acc=0.8486 val_loss=0.3673 router_H=0.6536 best=0.8486
           router_load=[0.6260390877723694, 0.007198098581284285, 0.27332428097724915, 0.09343858063220978]
[step 0090/150] method=ours loss=0.1856 train_acc=0.8631 train_loss=0.3466 val_acc=0.8486 val_loss=0.3673 router_H=0.6536 best=0.8486
           router_load=[0.6260390877723694, 0.007198098581284285, 0.27332428097724915, 0.09343858063220978]
[step 0100/150] method=ours loss=0.7634 train_acc=0.8091 train_loss=0.5708 val_acc=0.7466 val_loss=0.7149 router_H=0.6574 best=0.8486
           router_load=[0.6206557750701904, 0.1052166223526001, 0.22936774790287018, 0.044759705662727356]
[step 0110/150] method=ours loss=0.4151 train_acc=0.8091 train_loss=0.5708 val_acc=0.7466 val_loss=0.7149 router_H=0.6574 best=0.8486
           router_load=[0.6206557750701904, 0.1052166223526001, 0.22936774790287018, 0.044759705662727356]
[step 0120/150] method=ours loss=0.7068 train_acc=0.8091 train_loss=0.5708 val_acc=0.7466 val_loss=0.7149 router_H=0.6574 best=0.8486
           router_load=[0.6206557750701904, 0.1052166223526001, 0.22936774790287018, 0.044759705662727356]
[step 0130/150] method=ours loss=0.3980 train_acc=0.8091 train_loss=0.5708 val_acc=0.7466 val_loss=0.7149 router_H=0.6574 best=0.8486
           router_load=[0.6206557750701904, 0.1052166223526001, 0.22936774790287018, 0.044759705662727356]
[step 0140/150] method=ours loss=0.4913 train_acc=0.8091 train_loss=0.5708 val_acc=0.7466 val_loss=0.7149 router_H=0.6574 best=0.8486
           router_load=[0.6206557750701904, 0.1052166223526001, 0.22936774790287018, 0.044759705662727356]
[step 0150/150] method=ours loss=0.4508 train_acc=0.8838 train_loss=0.2916 val_acc=0.9106 val_loss=0.2538 router_H=0.6529 best=0.9106
           router_load=[0.6317298412322998, 0.18162603676319122, 0.10841207206249237, 0.0782320573925972]
saved summary -> /home/zhujjing/MOE-grad-conflict-routing/runs/paper_suite/single_gpu/single_task/roberta_sst2_lora_e4_k2/hpo/ours/trial_runs/coord_02_anchor/ours_s2.json
saved curve -> /home/zhujjing/MOE-grad-conflict-routing/runs/paper_suite/single_gpu/single_task/roberta_sst2_lora_e4_k2/hpo/ours/trial_runs/coord_02_anchor/ours_s2_curve.csv
