[run] method=ours candidate=coord_02_train_weight_decay_001 seed=2 steps=150 gpu=0
[run] cmd=
/home/zhujjing/anaconda3/envs/moe/bin/python /home/zhujjing/MOE-grad-conflict-routing/scripts/run.py --config configs/singletask_sst2_real.yaml --set model.backbone_backend=hf --set model.hf_load_pretrained=true --set model.backbone=roberta --set model.hf_pretrained_name=roberta-base --set model.expert_type=lora --set model.routing_mode=topk --set model.num_experts=4 --set model.top_k=2 --set seed=2 --set method.name=ours --set train.steps=150 --set train.eval_every_steps=50 --set method.ours.use_load_norm=true --set method.ours.lambda_align=0.001 --set train.grad_clip=1 --set train.lr=2e-05 --set train.weight_decay=0.02576137036 --out /home/zhujjing/MOE-grad-conflict-routing/runs/paper_suite/single_gpu/single_task/roberta_sst2_lora_e4_k2/hpo/ours/trial_runs/coord_02_train_weight_decay_001/ours_s2.json --curve_out /home/zhujjing/MOE-grad-conflict-routing/runs/paper_suite/single_gpu/single_task/roberta_sst2_lora_e4_k2/hpo/ours/trial_runs/coord_02_train_weight_decay_001/ours_s2_curve.csv
Using the latest cached version of the dataset since glue couldn't be found on the Hugging Face Hub (offline mode is enabled).
Found the latest cached dataset configuration 'sst2' at /home/zhujjing/hf_cache/datasets/glue/sst2/0.0.0/bcdcba79d07bc864c1c254ccfcedcce55bcc9a8c (last modified on Thu Mar 19 15:01:41 2026).
/home/zhujjing/anaconda3/envs/moe/lib/python3.10/site-packages/transformers/utils/hub.py:124: FutureWarning: Using `TRANSFORMERS_CACHE` is deprecated and will be removed in v5 of Transformers. Use `HF_HOME` instead.
  warnings.warn(
Some weights of RobertaModel were not initialized from the model checkpoint at roberta-base and are newly initialized: ['roberta.pooler.dense.bias', 'roberta.pooler.dense.weight']
You should probably TRAIN this model on a down-stream task to be able to use it for predictions and inference.
[step 0001/150] method=ours loss=0.6840 train_acc=nan train_loss=nan val_acc=nan val_loss=nan best=-1.0000
[step 0010/150] method=ours loss=0.7104 train_acc=nan train_loss=nan val_acc=nan val_loss=nan best=-1.0000
[step 0020/150] method=ours loss=0.5867 train_acc=nan train_loss=nan val_acc=nan val_loss=nan best=-1.0000
[step 0030/150] method=ours loss=0.3007 train_acc=nan train_loss=nan val_acc=nan val_loss=nan best=-1.0000
[step 0040/150] method=ours loss=0.0798 train_acc=nan train_loss=nan val_acc=nan val_loss=nan best=-1.0000
[step 0050/150] method=ours loss=0.6605 train_acc=0.8712 train_loss=0.3831 val_acc=0.8842 val_loss=0.3652 router_H=0.6796 best=0.8842
           router_load=[0.563822865486145, 0.011882912367582321, 0.3458506464958191, 0.07844358682632446]
[step 0060/150] method=ours loss=0.3294 train_acc=0.8712 train_loss=0.3831 val_acc=0.8842 val_loss=0.3652 router_H=0.6796 best=0.8842
           router_load=[0.563822865486145, 0.011882912367582321, 0.3458506464958191, 0.07844358682632446]
[step 0070/150] method=ours loss=0.4766 train_acc=0.8712 train_loss=0.3831 val_acc=0.8842 val_loss=0.3652 router_H=0.6796 best=0.8842
           router_load=[0.563822865486145, 0.011882912367582321, 0.3458506464958191, 0.07844358682632446]
[step 0080/150] method=ours loss=0.4565 train_acc=0.8712 train_loss=0.3831 val_acc=0.8842 val_loss=0.3652 router_H=0.6796 best=0.8842
           router_load=[0.563822865486145, 0.011882912367582321, 0.3458506464958191, 0.07844358682632446]
[step 0090/150] method=ours loss=0.2829 train_acc=0.8712 train_loss=0.3831 val_acc=0.8842 val_loss=0.3652 router_H=0.6796 best=0.8842
           router_load=[0.563822865486145, 0.011882912367582321, 0.3458506464958191, 0.07844358682632446]
[step 0100/150] method=ours loss=0.4330 train_acc=0.8257 train_loss=0.4521 val_acc=0.7993 val_loss=0.4720 router_H=0.6790 best=0.8842
           router_load=[0.5734689831733704, 0.07315603643655777, 0.08838266879320145, 0.2649923264980316]
[step 0110/150] method=ours loss=0.3321 train_acc=0.8257 train_loss=0.4521 val_acc=0.7993 val_loss=0.4720 router_H=0.6790 best=0.8842
           router_load=[0.5734689831733704, 0.07315603643655777, 0.08838266879320145, 0.2649923264980316]
[step 0120/150] method=ours loss=0.5306 train_acc=0.8257 train_loss=0.4521 val_acc=0.7993 val_loss=0.4720 router_H=0.6790 best=0.8842
           router_load=[0.5734689831733704, 0.07315603643655777, 0.08838266879320145, 0.2649923264980316]
[step 0130/150] method=ours loss=0.1842 train_acc=0.8257 train_loss=0.4521 val_acc=0.7993 val_loss=0.4720 router_H=0.6790 best=0.8842
           router_load=[0.5734689831733704, 0.07315603643655777, 0.08838266879320145, 0.2649923264980316]
[step 0140/150] method=ours loss=0.5947 train_acc=0.8257 train_loss=0.4521 val_acc=0.7993 val_loss=0.4720 router_H=0.6790 best=0.8842
           router_load=[0.5734689831733704, 0.07315603643655777, 0.08838266879320145, 0.2649923264980316]
[step 0150/150] method=ours loss=0.5120 train_acc=0.8825 train_loss=0.3049 val_acc=0.8933 val_loss=0.2943 router_H=0.6771 best=0.8933
           router_load=[0.5792555809020996, 0.1302604079246521, 0.2306634783744812, 0.05982049182057381]
saved summary -> /home/zhujjing/MOE-grad-conflict-routing/runs/paper_suite/single_gpu/single_task/roberta_sst2_lora_e4_k2/hpo/ours/trial_runs/coord_02_train_weight_decay_001/ours_s2.json
saved curve -> /home/zhujjing/MOE-grad-conflict-routing/runs/paper_suite/single_gpu/single_task/roberta_sst2_lora_e4_k2/hpo/ours/trial_runs/coord_02_train_weight_decay_001/ours_s2_curve.csv
