[run] method=ours candidate=coord_02_train_weight_decay_000 seed=2 steps=150 gpu=0
[run] cmd=
/home/zhujjing/anaconda3/envs/moe/bin/python /home/zhujjing/MOE-grad-conflict-routing/scripts/run.py --config configs/singletask_sst2_real.yaml --set model.backbone_backend=hf --set model.hf_load_pretrained=true --set model.backbone=roberta --set model.hf_pretrained_name=roberta-base --set model.expert_type=lora --set model.routing_mode=topk --set model.num_experts=4 --set model.top_k=2 --set seed=2 --set method.name=ours --set train.steps=150 --set train.eval_every_steps=50 --set method.ours.use_load_norm=true --set method.ours.lambda_align=0.001 --set train.grad_clip=1 --set train.lr=2e-05 --set train.weight_decay=0.03963349774 --out /home/zhujjing/MOE-grad-conflict-routing/runs/paper_suite/single_gpu/single_task/roberta_sst2_lora_e4_k2/hpo/ours/trial_runs/coord_02_train_weight_decay_000/ours_s2.json --curve_out /home/zhujjing/MOE-grad-conflict-routing/runs/paper_suite/single_gpu/single_task/roberta_sst2_lora_e4_k2/hpo/ours/trial_runs/coord_02_train_weight_decay_000/ours_s2_curve.csv
Using the latest cached version of the dataset since glue couldn't be found on the Hugging Face Hub (offline mode is enabled).
Found the latest cached dataset configuration 'sst2' at /home/zhujjing/hf_cache/datasets/glue/sst2/0.0.0/bcdcba79d07bc864c1c254ccfcedcce55bcc9a8c (last modified on Thu Mar 19 15:01:41 2026).
/home/zhujjing/anaconda3/envs/moe/lib/python3.10/site-packages/transformers/utils/hub.py:124: FutureWarning: Using `TRANSFORMERS_CACHE` is deprecated and will be removed in v5 of Transformers. Use `HF_HOME` instead.
  warnings.warn(
Some weights of RobertaModel were not initialized from the model checkpoint at roberta-base and are newly initialized: ['roberta.pooler.dense.bias', 'roberta.pooler.dense.weight']
You should probably TRAIN this model on a down-stream task to be able to use it for predictions and inference.
[step 0001/150] method=ours loss=0.6442 train_acc=nan train_loss=nan val_acc=nan val_loss=nan best=-1.0000
[step 0010/150] method=ours loss=0.6973 train_acc=nan train_loss=nan val_acc=nan val_loss=nan best=-1.0000
[step 0020/150] method=ours loss=0.5283 train_acc=nan train_loss=nan val_acc=nan val_loss=nan best=-1.0000
[step 0030/150] method=ours loss=0.0811 train_acc=nan train_loss=nan val_acc=nan val_loss=nan best=-1.0000
[step 0040/150] method=ours loss=0.1412 train_acc=nan train_loss=nan val_acc=nan val_loss=nan best=-1.0000
[step 0050/150] method=ours loss=0.2064 train_acc=0.8477 train_loss=0.4032 val_acc=0.8177 val_loss=0.4633 router_H=0.6792 best=0.8177
           router_load=[0.5771893262863159, 0.024734389036893845, 0.39158883690834045, 0.006487580481916666]
[step 0060/150] method=ours loss=0.3400 train_acc=0.8477 train_loss=0.4032 val_acc=0.8177 val_loss=0.4633 router_H=0.6792 best=0.8177
           router_load=[0.5771893262863159, 0.024734389036893845, 0.39158883690834045, 0.006487580481916666]
[step 0070/150] method=ours loss=0.5405 train_acc=0.8477 train_loss=0.4032 val_acc=0.8177 val_loss=0.4633 router_H=0.6792 best=0.8177
           router_load=[0.5771893262863159, 0.024734389036893845, 0.39158883690834045, 0.006487580481916666]
[step 0080/150] method=ours loss=0.4949 train_acc=0.8477 train_loss=0.4032 val_acc=0.8177 val_loss=0.4633 router_H=0.6792 best=0.8177
           router_load=[0.5771893262863159, 0.024734389036893845, 0.39158883690834045, 0.006487580481916666]
[step 0090/150] method=ours loss=0.1325 train_acc=0.8477 train_loss=0.4032 val_acc=0.8177 val_loss=0.4633 router_H=0.6792 best=0.8177
           router_load=[0.5771893262863159, 0.024734389036893845, 0.39158883690834045, 0.006487580481916666]
[step 0100/150] method=ours loss=0.5168 train_acc=0.7865 train_loss=0.5128 val_acc=0.7087 val_loss=0.6427 router_H=0.6862 best=0.8177
           router_load=[0.5532601475715637, 0.0, 0.44673988223075867, 0.0]
[step 0110/150] method=ours loss=0.4455 train_acc=0.7865 train_loss=0.5128 val_acc=0.7087 val_loss=0.6427 router_H=0.6862 best=0.8177
           router_load=[0.5532601475715637, 0.0, 0.44673988223075867, 0.0]
[step 0120/150] method=ours loss=0.5095 train_acc=0.7865 train_loss=0.5128 val_acc=0.7087 val_loss=0.6427 router_H=0.6862 best=0.8177
           router_load=[0.5532601475715637, 0.0, 0.44673988223075867, 0.0]
[step 0130/150] method=ours loss=0.2753 train_acc=0.7865 train_loss=0.5128 val_acc=0.7087 val_loss=0.6427 router_H=0.6862 best=0.8177
           router_load=[0.5532601475715637, 0.0, 0.44673988223075867, 0.0]
[step 0140/150] method=ours loss=0.5245 train_acc=0.7865 train_loss=0.5128 val_acc=0.7087 val_loss=0.6427 router_H=0.6862 best=0.8177
           router_load=[0.5532601475715637, 0.0, 0.44673988223075867, 0.0]
[step 0150/150] method=ours loss=0.4391 train_acc=0.8704 train_loss=0.3170 val_acc=0.8865 val_loss=0.2939 router_H=0.6783 best=0.8865
           router_load=[0.5736769437789917, 0.0, 0.4263230860233307, 0.0]
saved summary -> /home/zhujjing/MOE-grad-conflict-routing/runs/paper_suite/single_gpu/single_task/roberta_sst2_lora_e4_k2/hpo/ours/trial_runs/coord_02_train_weight_decay_000/ours_s2.json
saved curve -> /home/zhujjing/MOE-grad-conflict-routing/runs/paper_suite/single_gpu/single_task/roberta_sst2_lora_e4_k2/hpo/ours/trial_runs/coord_02_train_weight_decay_000/ours_s2_curve.csv
