[run] method=ours candidate=coord_02_train_weight_decay_021 seed=3 steps=150 gpu=0
[run] cmd=
/home/zhujjing/anaconda3/envs/moe/bin/python /home/zhujjing/MOE-grad-conflict-routing/scripts/run.py --config configs/singletask_sst2_real.yaml --set model.backbone_backend=hf --set model.hf_load_pretrained=true --set model.backbone=roberta --set model.hf_pretrained_name=roberta-base --set model.expert_type=lora --set model.routing_mode=topk --set model.num_experts=4 --set model.top_k=2 --set seed=3 --set method.name=ours --set train.steps=150 --set train.eval_every_steps=50 --set method.ours.use_load_norm=true --set method.ours.lambda_align=0.001 --set train.grad_clip=1 --set train.lr=2e-05 --set train.weight_decay=0.03850320698 --out /home/zhujjing/MOE-grad-conflict-routing/runs/paper_suite/single_gpu/single_task/roberta_sst2_lora_e4_k2/hpo/ours/trial_runs/coord_02_train_weight_decay_021/ours_s3.json --curve_out /home/zhujjing/MOE-grad-conflict-routing/runs/paper_suite/single_gpu/single_task/roberta_sst2_lora_e4_k2/hpo/ours/trial_runs/coord_02_train_weight_decay_021/ours_s3_curve.csv
Using the latest cached version of the dataset since glue couldn't be found on the Hugging Face Hub (offline mode is enabled).
Found the latest cached dataset configuration 'sst2' at /home/zhujjing/hf_cache/datasets/glue/sst2/0.0.0/bcdcba79d07bc864c1c254ccfcedcce55bcc9a8c (last modified on Thu Mar 19 15:01:41 2026).
/home/zhujjing/anaconda3/envs/moe/lib/python3.10/site-packages/transformers/utils/hub.py:124: FutureWarning: Using `TRANSFORMERS_CACHE` is deprecated and will be removed in v5 of Transformers. Use `HF_HOME` instead.
  warnings.warn(
Some weights of RobertaModel were not initialized from the model checkpoint at roberta-base and are newly initialized: ['roberta.pooler.dense.bias', 'roberta.pooler.dense.weight']
You should probably TRAIN this model on a down-stream task to be able to use it for predictions and inference.
[step 0001/150] method=ours loss=0.5724 train_acc=nan train_loss=nan val_acc=nan val_loss=nan best=-1.0000
[step 0010/150] method=ours loss=0.6703 train_acc=nan train_loss=nan val_acc=nan val_loss=nan best=-1.0000
[step 0020/150] method=ours loss=0.6112 train_acc=nan train_loss=nan val_acc=nan val_loss=nan best=-1.0000
[step 0030/150] method=ours loss=0.4372 train_acc=nan train_loss=nan val_acc=nan val_loss=nan best=-1.0000
[step 0040/150] method=ours loss=0.6679 train_acc=nan train_loss=nan val_acc=nan val_loss=nan best=-1.0000
[step 0050/150] method=ours loss=0.4017 train_acc=0.8688 train_loss=0.3362 val_acc=0.8796 val_loss=0.3186 router_H=0.6872 best=0.8796
           router_load=[0.13457472622394562, 0.01893065869808197, 0.4766950309276581, 0.36979958415031433]
[step 0060/150] method=ours loss=0.5262 train_acc=0.8688 train_loss=0.3362 val_acc=0.8796 val_loss=0.3186 router_H=0.6872 best=0.8796
           router_load=[0.13457472622394562, 0.01893065869808197, 0.4766950309276581, 0.36979958415031433]
[step 0070/150] method=ours loss=0.3183 train_acc=0.8688 train_loss=0.3362 val_acc=0.8796 val_loss=0.3186 router_H=0.6872 best=0.8796
           router_load=[0.13457472622394562, 0.01893065869808197, 0.4766950309276581, 0.36979958415031433]
[step 0080/150] method=ours loss=0.1713 train_acc=0.8688 train_loss=0.3362 val_acc=0.8796 val_loss=0.3186 router_H=0.6872 best=0.8796
           router_load=[0.13457472622394562, 0.01893065869808197, 0.4766950309276581, 0.36979958415031433]
[step 0090/150] method=ours loss=0.2796 train_acc=0.8688 train_loss=0.3362 val_acc=0.8796 val_loss=0.3186 router_H=0.6872 best=0.8796
           router_load=[0.13457472622394562, 0.01893065869808197, 0.4766950309276581, 0.36979958415031433]
[step 0100/150] method=ours loss=0.3660 train_acc=0.8778 train_loss=0.3067 val_acc=0.8945 val_loss=0.2919 router_H=0.6876 best=0.8945
           router_load=[0.24439454078674316, 0.012092063203454018, 0.48959577083587646, 0.2539176642894745]
[step 0110/150] method=ours loss=0.5549 train_acc=0.8778 train_loss=0.3067 val_acc=0.8945 val_loss=0.2919 router_H=0.6876 best=0.8945
           router_load=[0.24439454078674316, 0.012092063203454018, 0.48959577083587646, 0.2539176642894745]
[step 0120/150] method=ours loss=0.5145 train_acc=0.8778 train_loss=0.3067 val_acc=0.8945 val_loss=0.2919 router_H=0.6876 best=0.8945
           router_load=[0.24439454078674316, 0.012092063203454018, 0.48959577083587646, 0.2539176642894745]
[step 0130/150] method=ours loss=0.6146 train_acc=0.8778 train_loss=0.3067 val_acc=0.8945 val_loss=0.2919 router_H=0.6876 best=0.8945
           router_load=[0.24439454078674316, 0.012092063203454018, 0.48959577083587646, 0.2539176642894745]
[step 0140/150] method=ours loss=0.2257 train_acc=0.8778 train_loss=0.3067 val_acc=0.8945 val_loss=0.2919 router_H=0.6876 best=0.8945
           router_load=[0.24439454078674316, 0.012092063203454018, 0.48959577083587646, 0.2539176642894745]
[step 0150/150] method=ours loss=0.2387 train_acc=0.8969 train_loss=0.2917 val_acc=0.9094 val_loss=0.2659 router_H=0.6878 best=0.9094
           router_load=[0.26568034291267395, 0.021056456491351128, 0.3358571231365204, 0.37740612030029297]
saved summary -> /home/zhujjing/MOE-grad-conflict-routing/runs/paper_suite/single_gpu/single_task/roberta_sst2_lora_e4_k2/hpo/ours/trial_runs/coord_02_train_weight_decay_021/ours_s3.json
saved curve -> /home/zhujjing/MOE-grad-conflict-routing/runs/paper_suite/single_gpu/single_task/roberta_sst2_lora_e4_k2/hpo/ours/trial_runs/coord_02_train_weight_decay_021/ours_s3_curve.csv
