[run] method=ours candidate=coord_02_train_weight_decay_002 seed=3 steps=150 gpu=0
[run] cmd=
/home/zhujjing/anaconda3/envs/moe/bin/python /home/zhujjing/MOE-grad-conflict-routing/scripts/run.py --config configs/singletask_sst2_real.yaml --set model.backbone_backend=hf --set model.hf_load_pretrained=true --set model.backbone=roberta --set model.hf_pretrained_name=roberta-base --set model.expert_type=lora --set model.routing_mode=topk --set model.num_experts=4 --set model.top_k=2 --set seed=3 --set method.name=ours --set train.steps=150 --set train.eval_every_steps=50 --set method.ours.use_load_norm=true --set method.ours.lambda_align=0.001 --set train.grad_clip=1 --set train.lr=2e-05 --set train.weight_decay=0.002820878098 --out /home/zhujjing/MOE-grad-conflict-routing/runs/paper_suite/single_gpu/single_task/roberta_sst2_lora_e4_k2/hpo/ours/trial_runs/coord_02_train_weight_decay_002/ours_s3.json --curve_out /home/zhujjing/MOE-grad-conflict-routing/runs/paper_suite/single_gpu/single_task/roberta_sst2_lora_e4_k2/hpo/ours/trial_runs/coord_02_train_weight_decay_002/ours_s3_curve.csv
Using the latest cached version of the dataset since glue couldn't be found on the Hugging Face Hub (offline mode is enabled).
Found the latest cached dataset configuration 'sst2' at /home/zhujjing/hf_cache/datasets/glue/sst2/0.0.0/bcdcba79d07bc864c1c254ccfcedcce55bcc9a8c (last modified on Thu Mar 19 15:01:41 2026).
/home/zhujjing/anaconda3/envs/moe/lib/python3.10/site-packages/transformers/utils/hub.py:124: FutureWarning: Using `TRANSFORMERS_CACHE` is deprecated and will be removed in v5 of Transformers. Use `HF_HOME` instead.
  warnings.warn(
Some weights of RobertaModel were not initialized from the model checkpoint at roberta-base and are newly initialized: ['roberta.pooler.dense.bias', 'roberta.pooler.dense.weight']
You should probably TRAIN this model on a down-stream task to be able to use it for predictions and inference.
[step 0001/150] method=ours loss=0.6495 train_acc=nan train_loss=nan val_acc=nan val_loss=nan best=-1.0000
[step 0010/150] method=ours loss=0.6361 train_acc=nan train_loss=nan val_acc=nan val_loss=nan best=-1.0000
[step 0020/150] method=ours loss=0.5986 train_acc=nan train_loss=nan val_acc=nan val_loss=nan best=-1.0000
[step 0030/150] method=ours loss=0.5178 train_acc=nan train_loss=nan val_acc=nan val_loss=nan best=-1.0000
[step 0040/150] method=ours loss=0.6976 train_acc=nan train_loss=nan val_acc=nan val_loss=nan best=-1.0000
[step 0050/150] method=ours loss=0.5326 train_acc=0.8300 train_loss=0.3981 val_acc=0.8280 val_loss=0.4117 router_H=0.6875 best=0.8280
           router_load=[0.29580190777778625, 0.1277993768453598, 0.44314461946487427, 0.1332540065050125]
[step 0060/150] method=ours loss=0.6697 train_acc=0.8300 train_loss=0.3981 val_acc=0.8280 val_loss=0.4117 router_H=0.6875 best=0.8280
           router_load=[0.29580190777778625, 0.1277993768453598, 0.44314461946487427, 0.1332540065050125]
[step 0070/150] method=ours loss=0.4721 train_acc=0.8300 train_loss=0.3981 val_acc=0.8280 val_loss=0.4117 router_H=0.6875 best=0.8280
           router_load=[0.29580190777778625, 0.1277993768453598, 0.44314461946487427, 0.1332540065050125]
[step 0080/150] method=ours loss=0.1981 train_acc=0.8300 train_loss=0.3981 val_acc=0.8280 val_loss=0.4117 router_H=0.6875 best=0.8280
           router_load=[0.29580190777778625, 0.1277993768453598, 0.44314461946487427, 0.1332540065050125]
[step 0090/150] method=ours loss=0.2610 train_acc=0.8300 train_loss=0.3981 val_acc=0.8280 val_loss=0.4117 router_H=0.6875 best=0.8280
           router_load=[0.29580190777778625, 0.1277993768453598, 0.44314461946487427, 0.1332540065050125]
[step 0100/150] method=ours loss=0.4724 train_acc=0.8829 train_loss=0.3086 val_acc=0.9025 val_loss=0.2693 router_H=0.6839 best=0.9025
           router_load=[0.3243696093559265, 0.19113275408744812, 0.41615423560142517, 0.06834342330694199]
[step 0110/150] method=ours loss=0.7287 train_acc=0.8829 train_loss=0.3086 val_acc=0.9025 val_loss=0.2693 router_H=0.6839 best=0.9025
           router_load=[0.3243696093559265, 0.19113275408744812, 0.41615423560142517, 0.06834342330694199]
[step 0120/150] method=ours loss=0.3345 train_acc=0.8829 train_loss=0.3086 val_acc=0.9025 val_loss=0.2693 router_H=0.6839 best=0.9025
           router_load=[0.3243696093559265, 0.19113275408744812, 0.41615423560142517, 0.06834342330694199]
[step 0130/150] method=ours loss=1.0547 train_acc=0.8829 train_loss=0.3086 val_acc=0.9025 val_loss=0.2693 router_H=0.6839 best=0.9025
           router_load=[0.3243696093559265, 0.19113275408744812, 0.41615423560142517, 0.06834342330694199]
[step 0140/150] method=ours loss=0.1114 train_acc=0.8829 train_loss=0.3086 val_acc=0.9025 val_loss=0.2693 router_H=0.6839 best=0.9025
           router_load=[0.3243696093559265, 0.19113275408744812, 0.41615423560142517, 0.06834342330694199]
[step 0150/150] method=ours loss=0.0887 train_acc=0.8910 train_loss=0.2960 val_acc=0.9071 val_loss=0.2651 router_H=0.6898 best=0.9071
           router_load=[0.2333475649356842, 0.24604175984859467, 0.36991238594055176, 0.1506984531879425]
saved summary -> /home/zhujjing/MOE-grad-conflict-routing/runs/paper_suite/single_gpu/single_task/roberta_sst2_lora_e4_k2/hpo/ours/trial_runs/coord_02_train_weight_decay_002/ours_s3.json
saved curve -> /home/zhujjing/MOE-grad-conflict-routing/runs/paper_suite/single_gpu/single_task/roberta_sst2_lora_e4_k2/hpo/ours/trial_runs/coord_02_train_weight_decay_002/ours_s3_curve.csv
