[run] method=ours candidate=coord_02_train_weight_decay_005 seed=2 steps=150 gpu=0
[run] cmd=
/home/zhujjing/anaconda3/envs/moe/bin/python /home/zhujjing/MOE-grad-conflict-routing/scripts/run.py --config configs/singletask_sst2_real.yaml --set model.backbone_backend=hf --set model.hf_load_pretrained=true --set model.backbone=roberta --set model.hf_pretrained_name=roberta-base --set model.expert_type=lora --set model.routing_mode=topk --set model.num_experts=4 --set model.top_k=2 --set seed=2 --set method.name=ours --set train.steps=150 --set train.eval_every_steps=50 --set method.ours.use_load_norm=true --set method.ours.lambda_align=0.001 --set train.grad_clip=1 --set train.lr=2e-05 --set train.weight_decay=0.03802613487 --out /home/zhujjing/MOE-grad-conflict-routing/runs/paper_suite/single_gpu/single_task/roberta_sst2_lora_e4_k2/hpo/ours/trial_runs/coord_02_train_weight_decay_005/ours_s2.json --curve_out /home/zhujjing/MOE-grad-conflict-routing/runs/paper_suite/single_gpu/single_task/roberta_sst2_lora_e4_k2/hpo/ours/trial_runs/coord_02_train_weight_decay_005/ours_s2_curve.csv
Using the latest cached version of the dataset since glue couldn't be found on the Hugging Face Hub (offline mode is enabled).
Found the latest cached dataset configuration 'sst2' at /home/zhujjing/hf_cache/datasets/glue/sst2/0.0.0/bcdcba79d07bc864c1c254ccfcedcce55bcc9a8c (last modified on Thu Mar 19 15:01:41 2026).
/home/zhujjing/anaconda3/envs/moe/lib/python3.10/site-packages/transformers/utils/hub.py:124: FutureWarning: Using `TRANSFORMERS_CACHE` is deprecated and will be removed in v5 of Transformers. Use `HF_HOME` instead.
  warnings.warn(
Some weights of RobertaModel were not initialized from the model checkpoint at roberta-base and are newly initialized: ['roberta.pooler.dense.bias', 'roberta.pooler.dense.weight']
You should probably TRAIN this model on a down-stream task to be able to use it for predictions and inference.
[step 0001/150] method=ours loss=0.6571 train_acc=nan train_loss=nan val_acc=nan val_loss=nan best=-1.0000
[step 0010/150] method=ours loss=0.6966 train_acc=nan train_loss=nan val_acc=nan val_loss=nan best=-1.0000
[step 0020/150] method=ours loss=0.6446 train_acc=nan train_loss=nan val_acc=nan val_loss=nan best=-1.0000
[step 0030/150] method=ours loss=0.5308 train_acc=nan train_loss=nan val_acc=nan val_loss=nan best=-1.0000
[step 0040/150] method=ours loss=0.1074 train_acc=nan train_loss=nan val_acc=nan val_loss=nan best=-1.0000
[step 0050/150] method=ours loss=0.0797 train_acc=0.7967 train_loss=0.5609 val_acc=0.7328 val_loss=0.7650 router_H=0.6856 best=0.7328
           router_load=[0.027037696912884712, 0.4049234390258789, 0.17705893516540527, 0.39098015427589417]
[step 0060/150] method=ours loss=0.3001 train_acc=0.7967 train_loss=0.5609 val_acc=0.7328 val_loss=0.7650 router_H=0.6856 best=0.7328
           router_load=[0.027037696912884712, 0.4049234390258789, 0.17705893516540527, 0.39098015427589417]
[step 0070/150] method=ours loss=0.5376 train_acc=0.7967 train_loss=0.5609 val_acc=0.7328 val_loss=0.7650 router_H=0.6856 best=0.7328
           router_load=[0.027037696912884712, 0.4049234390258789, 0.17705893516540527, 0.39098015427589417]
[step 0080/150] method=ours loss=0.6016 train_acc=0.7967 train_loss=0.5609 val_acc=0.7328 val_loss=0.7650 router_H=0.6856 best=0.7328
           router_load=[0.027037696912884712, 0.4049234390258789, 0.17705893516540527, 0.39098015427589417]
[step 0090/150] method=ours loss=0.3719 train_acc=0.7967 train_loss=0.5609 val_acc=0.7328 val_loss=0.7650 router_H=0.6856 best=0.7328
           router_load=[0.027037696912884712, 0.4049234390258789, 0.17705893516540527, 0.39098015427589417]
[step 0100/150] method=ours loss=0.5902 train_acc=0.7678 train_loss=0.5099 val_acc=0.6755 val_loss=0.6072 router_H=0.6900 best=0.7328
           router_load=[0.18359649181365967, 0.06251097470521927, 0.36990800499916077, 0.38398462533950806]
[step 0110/150] method=ours loss=0.3963 train_acc=0.7678 train_loss=0.5099 val_acc=0.6755 val_loss=0.6072 router_H=0.6900 best=0.7328
           router_load=[0.18359649181365967, 0.06251097470521927, 0.36990800499916077, 0.38398462533950806]
[step 0120/150] method=ours loss=0.5862 train_acc=0.7678 train_loss=0.5099 val_acc=0.6755 val_loss=0.6072 router_H=0.6900 best=0.7328
           router_load=[0.18359649181365967, 0.06251097470521927, 0.36990800499916077, 0.38398462533950806]
[step 0130/150] method=ours loss=0.3106 train_acc=0.7678 train_loss=0.5099 val_acc=0.6755 val_loss=0.6072 router_H=0.6900 best=0.7328
           router_load=[0.18359649181365967, 0.06251097470521927, 0.36990800499916077, 0.38398462533950806]
[step 0140/150] method=ours loss=0.7951 train_acc=0.7678 train_loss=0.5099 val_acc=0.6755 val_loss=0.6072 router_H=0.6900 best=0.7328
           router_load=[0.18359649181365967, 0.06251097470521927, 0.36990800499916077, 0.38398462533950806]
[step 0150/150] method=ours loss=0.5788 train_acc=0.8822 train_loss=0.3001 val_acc=0.8922 val_loss=0.3048 router_H=0.6853 best=0.8922
           router_load=[0.3484499156475067, 0.022659840062260628, 0.5190205574035645, 0.10986969619989395]
saved summary -> /home/zhujjing/MOE-grad-conflict-routing/runs/paper_suite/single_gpu/single_task/roberta_sst2_lora_e4_k2/hpo/ours/trial_runs/coord_02_train_weight_decay_005/ours_s2.json
saved curve -> /home/zhujjing/MOE-grad-conflict-routing/runs/paper_suite/single_gpu/single_task/roberta_sst2_lora_e4_k2/hpo/ours/trial_runs/coord_02_train_weight_decay_005/ours_s2_curve.csv
