[run] method=ours candidate=coord_02_train_weight_decay_010 seed=3 steps=150 gpu=0
[run] cmd=
/home/zhujjing/anaconda3/envs/moe/bin/python /home/zhujjing/MOE-grad-conflict-routing/scripts/run.py --config configs/singletask_sst2_real.yaml --set model.backbone_backend=hf --set model.hf_load_pretrained=true --set model.backbone=roberta --set model.hf_pretrained_name=roberta-base --set model.expert_type=lora --set model.routing_mode=topk --set model.num_experts=4 --set model.top_k=2 --set seed=3 --set method.name=ours --set train.steps=150 --set train.eval_every_steps=50 --set method.ours.use_load_norm=true --set method.ours.lambda_align=0.001 --set train.grad_clip=1 --set train.lr=2e-05 --set train.weight_decay=0.01569929632 --out /home/zhujjing/MOE-grad-conflict-routing/runs/paper_suite/single_gpu/single_task/roberta_sst2_lora_e4_k2/hpo/ours/trial_runs/coord_02_train_weight_decay_010/ours_s3.json --curve_out /home/zhujjing/MOE-grad-conflict-routing/runs/paper_suite/single_gpu/single_task/roberta_sst2_lora_e4_k2/hpo/ours/trial_runs/coord_02_train_weight_decay_010/ours_s3_curve.csv
Using the latest cached version of the dataset since glue couldn't be found on the Hugging Face Hub (offline mode is enabled).
Found the latest cached dataset configuration 'sst2' at /home/zhujjing/hf_cache/datasets/glue/sst2/0.0.0/bcdcba79d07bc864c1c254ccfcedcce55bcc9a8c (last modified on Thu Mar 19 15:01:41 2026).
/home/zhujjing/anaconda3/envs/moe/lib/python3.10/site-packages/transformers/utils/hub.py:124: FutureWarning: Using `TRANSFORMERS_CACHE` is deprecated and will be removed in v5 of Transformers. Use `HF_HOME` instead.
  warnings.warn(
Some weights of RobertaModel were not initialized from the model checkpoint at roberta-base and are newly initialized: ['roberta.pooler.dense.bias', 'roberta.pooler.dense.weight']
You should probably TRAIN this model on a down-stream task to be able to use it for predictions and inference.
[step 0001/150] method=ours loss=0.8025 train_acc=nan train_loss=nan val_acc=nan val_loss=nan best=-1.0000
[step 0010/150] method=ours loss=0.6170 train_acc=nan train_loss=nan val_acc=nan val_loss=nan best=-1.0000
[step 0020/150] method=ours loss=0.6232 train_acc=nan train_loss=nan val_acc=nan val_loss=nan best=-1.0000
[step 0030/150] method=ours loss=0.4365 train_acc=nan train_loss=nan val_acc=nan val_loss=nan best=-1.0000
[step 0040/150] method=ours loss=0.5045 train_acc=nan train_loss=nan val_acc=nan val_loss=nan best=-1.0000
[step 0050/150] method=ours loss=0.4471 train_acc=0.8636 train_loss=0.3638 val_acc=0.8658 val_loss=0.3415 router_H=0.6891 best=0.8658
           router_load=[0.044324807822704315, 0.03258729726076126, 0.4719274640083313, 0.4511603116989136]
[step 0060/150] method=ours loss=0.6523 train_acc=0.8636 train_loss=0.3638 val_acc=0.8658 val_loss=0.3415 router_H=0.6891 best=0.8658
           router_load=[0.044324807822704315, 0.03258729726076126, 0.4719274640083313, 0.4511603116989136]
[step 0070/150] method=ours loss=0.4691 train_acc=0.8636 train_loss=0.3638 val_acc=0.8658 val_loss=0.3415 router_H=0.6891 best=0.8658
           router_load=[0.044324807822704315, 0.03258729726076126, 0.4719274640083313, 0.4511603116989136]
[step 0080/150] method=ours loss=0.1293 train_acc=0.8636 train_loss=0.3638 val_acc=0.8658 val_loss=0.3415 router_H=0.6891 best=0.8658
           router_load=[0.044324807822704315, 0.03258729726076126, 0.4719274640083313, 0.4511603116989136]
[step 0090/150] method=ours loss=0.4308 train_acc=0.8636 train_loss=0.3638 val_acc=0.8658 val_loss=0.3415 router_H=0.6891 best=0.8658
           router_load=[0.044324807822704315, 0.03258729726076126, 0.4719274640083313, 0.4511603116989136]
[step 0100/150] method=ours loss=0.3461 train_acc=0.8681 train_loss=0.3227 val_acc=0.8922 val_loss=0.2816 router_H=0.6898 best=0.8922
           router_load=[0.1989797204732895, 0.059687014669179916, 0.37046340107917786, 0.37086987495422363]
[step 0110/150] method=ours loss=0.2429 train_acc=0.8681 train_loss=0.3227 val_acc=0.8922 val_loss=0.2816 router_H=0.6898 best=0.8922
           router_load=[0.1989797204732895, 0.059687014669179916, 0.37046340107917786, 0.37086987495422363]
[step 0120/150] method=ours loss=0.4572 train_acc=0.8681 train_loss=0.3227 val_acc=0.8922 val_loss=0.2816 router_H=0.6898 best=0.8922
           router_load=[0.1989797204732895, 0.059687014669179916, 0.37046340107917786, 0.37086987495422363]
[step 0130/150] method=ours loss=0.4646 train_acc=0.8681 train_loss=0.3227 val_acc=0.8922 val_loss=0.2816 router_H=0.6898 best=0.8922
           router_load=[0.1989797204732895, 0.059687014669179916, 0.37046340107917786, 0.37086987495422363]
[step 0140/150] method=ours loss=0.2320 train_acc=0.8681 train_loss=0.3227 val_acc=0.8922 val_loss=0.2816 router_H=0.6898 best=0.8922
           router_load=[0.1989797204732895, 0.059687014669179916, 0.37046340107917786, 0.37086987495422363]
[step 0150/150] method=ours loss=0.1472 train_acc=0.8977 train_loss=0.2674 val_acc=0.9060 val_loss=0.2415 router_H=0.6889 best=0.9060
           router_load=[0.18737643957138062, 0.18114455044269562, 0.42212677001953125, 0.2093522697687149]
saved summary -> /home/zhujjing/MOE-grad-conflict-routing/runs/paper_suite/single_gpu/single_task/roberta_sst2_lora_e4_k2/hpo/ours/trial_runs/coord_02_train_weight_decay_010/ours_s3.json
saved curve -> /home/zhujjing/MOE-grad-conflict-routing/runs/paper_suite/single_gpu/single_task/roberta_sst2_lora_e4_k2/hpo/ours/trial_runs/coord_02_train_weight_decay_010/ours_s3_curve.csv
