[run] method=ours candidate=coord_02_train_weight_decay_005 seed=3 steps=150 gpu=0
[run] cmd=
/home/zhujjing/anaconda3/envs/moe/bin/python /home/zhujjing/MOE-grad-conflict-routing/scripts/run.py --config configs/singletask_sst2_real.yaml --set model.backbone_backend=hf --set model.hf_load_pretrained=true --set model.backbone=roberta --set model.hf_pretrained_name=roberta-base --set model.expert_type=lora --set model.routing_mode=topk --set model.num_experts=4 --set model.top_k=2 --set seed=3 --set method.name=ours --set train.steps=150 --set train.eval_every_steps=50 --set method.ours.use_load_norm=true --set method.ours.lambda_align=0.001 --set train.grad_clip=1 --set train.lr=2e-05 --set train.weight_decay=0.03802613487 --out /home/zhujjing/MOE-grad-conflict-routing/runs/paper_suite/single_gpu/single_task/roberta_sst2_lora_e4_k2/hpo/ours/trial_runs/coord_02_train_weight_decay_005/ours_s3.json --curve_out /home/zhujjing/MOE-grad-conflict-routing/runs/paper_suite/single_gpu/single_task/roberta_sst2_lora_e4_k2/hpo/ours/trial_runs/coord_02_train_weight_decay_005/ours_s3_curve.csv
Using the latest cached version of the dataset since glue couldn't be found on the Hugging Face Hub (offline mode is enabled).
Found the latest cached dataset configuration 'sst2' at /home/zhujjing/hf_cache/datasets/glue/sst2/0.0.0/bcdcba79d07bc864c1c254ccfcedcce55bcc9a8c (last modified on Thu Mar 19 15:01:41 2026).
/home/zhujjing/anaconda3/envs/moe/lib/python3.10/site-packages/transformers/utils/hub.py:124: FutureWarning: Using `TRANSFORMERS_CACHE` is deprecated and will be removed in v5 of Transformers. Use `HF_HOME` instead.
  warnings.warn(
Some weights of RobertaModel were not initialized from the model checkpoint at roberta-base and are newly initialized: ['roberta.pooler.dense.bias', 'roberta.pooler.dense.weight']
You should probably TRAIN this model on a down-stream task to be able to use it for predictions and inference.
[step 0001/150] method=ours loss=0.8265 train_acc=nan train_loss=nan val_acc=nan val_loss=nan best=-1.0000
[step 0010/150] method=ours loss=0.6089 train_acc=nan train_loss=nan val_acc=nan val_loss=nan best=-1.0000
[step 0020/150] method=ours loss=0.6260 train_acc=nan train_loss=nan val_acc=nan val_loss=nan best=-1.0000
[step 0030/150] method=ours loss=0.5479 train_acc=nan train_loss=nan val_acc=nan val_loss=nan best=-1.0000
[step 0040/150] method=ours loss=0.7137 train_acc=nan train_loss=nan val_acc=nan val_loss=nan best=-1.0000
[step 0050/150] method=ours loss=0.5591 train_acc=0.8596 train_loss=0.3587 val_acc=0.8612 val_loss=0.3409 router_H=0.6657 best=0.8612
           router_load=[0.5603343844413757, 0.4351983070373535, 0.0006347038433887064, 0.0038327036891132593]
[step 0060/150] method=ours loss=0.3219 train_acc=0.8596 train_loss=0.3587 val_acc=0.8612 val_loss=0.3409 router_H=0.6657 best=0.8612
           router_load=[0.5603343844413757, 0.4351983070373535, 0.0006347038433887064, 0.0038327036891132593]
[step 0070/150] method=ours loss=0.5379 train_acc=0.8596 train_loss=0.3587 val_acc=0.8612 val_loss=0.3409 router_H=0.6657 best=0.8612
           router_load=[0.5603343844413757, 0.4351983070373535, 0.0006347038433887064, 0.0038327036891132593]
[step 0080/150] method=ours loss=0.2000 train_acc=0.8596 train_loss=0.3587 val_acc=0.8612 val_loss=0.3409 router_H=0.6657 best=0.8612
           router_load=[0.5603343844413757, 0.4351983070373535, 0.0006347038433887064, 0.0038327036891132593]
[step 0090/150] method=ours loss=0.4360 train_acc=0.8596 train_loss=0.3587 val_acc=0.8612 val_loss=0.3409 router_H=0.6657 best=0.8612
           router_load=[0.5603343844413757, 0.4351983070373535, 0.0006347038433887064, 0.0038327036891132593]
[step 0100/150] method=ours loss=0.5134 train_acc=0.8878 train_loss=0.2969 val_acc=0.9094 val_loss=0.2542 router_H=0.6518 best=0.9094
           router_load=[0.5602788925170898, 0.4173612892627716, 0.0004230304330121726, 0.0219368077814579]
[step 0110/150] method=ours loss=0.3537 train_acc=0.8878 train_loss=0.2969 val_acc=0.9094 val_loss=0.2542 router_H=0.6518 best=0.9094
           router_load=[0.5602788925170898, 0.4173612892627716, 0.0004230304330121726, 0.0219368077814579]
[step 0120/150] method=ours loss=0.4645 train_acc=0.8878 train_loss=0.2969 val_acc=0.9094 val_loss=0.2542 router_H=0.6518 best=0.9094
           router_load=[0.5602788925170898, 0.4173612892627716, 0.0004230304330121726, 0.0219368077814579]
[step 0130/150] method=ours loss=0.5658 train_acc=0.8878 train_loss=0.2969 val_acc=0.9094 val_loss=0.2542 router_H=0.6518 best=0.9094
           router_load=[0.5602788925170898, 0.4173612892627716, 0.0004230304330121726, 0.0219368077814579]
[step 0140/150] method=ours loss=0.2728 train_acc=0.8878 train_loss=0.2969 val_acc=0.9094 val_loss=0.2542 router_H=0.6518 best=0.9094
           router_load=[0.5602788925170898, 0.4173612892627716, 0.0004230304330121726, 0.0219368077814579]
[step 0150/150] method=ours loss=0.1337 train_acc=0.8953 train_loss=0.2872 val_acc=0.9060 val_loss=0.2572 router_H=0.6398 best=0.9094
           router_load=[0.5753983855247498, 0.3996744155883789, 0.0006779899704270065, 0.0242493636906147]
saved summary -> /home/zhujjing/MOE-grad-conflict-routing/runs/paper_suite/single_gpu/single_task/roberta_sst2_lora_e4_k2/hpo/ours/trial_runs/coord_02_train_weight_decay_005/ours_s3.json
saved curve -> /home/zhujjing/MOE-grad-conflict-routing/runs/paper_suite/single_gpu/single_task/roberta_sst2_lora_e4_k2/hpo/ours/trial_runs/coord_02_train_weight_decay_005/ours_s3_curve.csv
