[run] method=ours candidate=coord_02_train_weight_decay_003 seed=3 steps=150 gpu=0
[run] cmd=
/home/zhujjing/anaconda3/envs/moe/bin/python /home/zhujjing/MOE-grad-conflict-routing/scripts/run.py --config configs/singletask_sst2_real.yaml --set model.backbone_backend=hf --set model.hf_load_pretrained=true --set model.backbone=roberta --set model.hf_pretrained_name=roberta-base --set model.expert_type=lora --set model.routing_mode=topk --set model.num_experts=4 --set model.top_k=2 --set seed=3 --set method.name=ours --set train.steps=150 --set train.eval_every_steps=50 --set method.ours.use_load_norm=true --set method.ours.lambda_align=0.001 --set train.grad_clip=1 --set train.lr=2e-05 --set train.weight_decay=0.04145867636 --out /home/zhujjing/MOE-grad-conflict-routing/runs/paper_suite/single_gpu/single_task/roberta_sst2_lora_e4_k2/hpo/ours/trial_runs/coord_02_train_weight_decay_003/ours_s3.json --curve_out /home/zhujjing/MOE-grad-conflict-routing/runs/paper_suite/single_gpu/single_task/roberta_sst2_lora_e4_k2/hpo/ours/trial_runs/coord_02_train_weight_decay_003/ours_s3_curve.csv
Using the latest cached version of the dataset since glue couldn't be found on the Hugging Face Hub (offline mode is enabled).
Found the latest cached dataset configuration 'sst2' at /home/zhujjing/hf_cache/datasets/glue/sst2/0.0.0/bcdcba79d07bc864c1c254ccfcedcce55bcc9a8c (last modified on Thu Mar 19 15:01:41 2026).
/home/zhujjing/anaconda3/envs/moe/lib/python3.10/site-packages/transformers/utils/hub.py:124: FutureWarning: Using `TRANSFORMERS_CACHE` is deprecated and will be removed in v5 of Transformers. Use `HF_HOME` instead.
  warnings.warn(
Some weights of RobertaModel were not initialized from the model checkpoint at roberta-base and are newly initialized: ['roberta.pooler.dense.bias', 'roberta.pooler.dense.weight']
You should probably TRAIN this model on a down-stream task to be able to use it for predictions and inference.
[step 0001/150] method=ours loss=0.6539 train_acc=nan train_loss=nan val_acc=nan val_loss=nan best=-1.0000
[step 0010/150] method=ours loss=0.6108 train_acc=nan train_loss=nan val_acc=nan val_loss=nan best=-1.0000
[step 0020/150] method=ours loss=0.5515 train_acc=nan train_loss=nan val_acc=nan val_loss=nan best=-1.0000
[step 0030/150] method=ours loss=0.4961 train_acc=nan train_loss=nan val_acc=nan val_loss=nan best=-1.0000
[step 0040/150] method=ours loss=0.3841 train_acc=nan train_loss=nan val_acc=nan val_loss=nan best=-1.0000
[step 0050/150] method=ours loss=0.4548 train_acc=0.8618 train_loss=0.3803 val_acc=0.8761 val_loss=0.3497 router_H=0.6909 best=0.8761
           router_load=[0.0019417116418480873, 0.0, 0.4947721064090729, 0.5032861828804016]
[step 0060/150] method=ours loss=0.3248 train_acc=0.8618 train_loss=0.3803 val_acc=0.8761 val_loss=0.3497 router_H=0.6909 best=0.8761
           router_load=[0.0019417116418480873, 0.0, 0.4947721064090729, 0.5032861828804016]
[step 0070/150] method=ours loss=0.8237 train_acc=0.8618 train_loss=0.3803 val_acc=0.8761 val_loss=0.3497 router_H=0.6909 best=0.8761
           router_load=[0.0019417116418480873, 0.0, 0.4947721064090729, 0.5032861828804016]
[step 0080/150] method=ours loss=0.2636 train_acc=0.8618 train_loss=0.3803 val_acc=0.8761 val_loss=0.3497 router_H=0.6909 best=0.8761
           router_load=[0.0019417116418480873, 0.0, 0.4947721064090729, 0.5032861828804016]
[step 0090/150] method=ours loss=0.2076 train_acc=0.8618 train_loss=0.3803 val_acc=0.8761 val_loss=0.3497 router_H=0.6909 best=0.8761
           router_load=[0.0019417116418480873, 0.0, 0.4947721064090729, 0.5032861828804016]
[step 0100/150] method=ours loss=0.4282 train_acc=0.8860 train_loss=0.3010 val_acc=0.9025 val_loss=0.2707 router_H=0.6697 best=0.9025
           router_load=[0.16190136969089508, 0.005061388481408358, 0.241268128156662, 0.5917691588401794]
[step 0110/150] method=ours loss=0.3956 train_acc=0.8860 train_loss=0.3010 val_acc=0.9025 val_loss=0.2707 router_H=0.6697 best=0.9025
           router_load=[0.16190136969089508, 0.005061388481408358, 0.241268128156662, 0.5917691588401794]
[step 0120/150] method=ours loss=0.4377 train_acc=0.8860 train_loss=0.3010 val_acc=0.9025 val_loss=0.2707 router_H=0.6697 best=0.9025
           router_load=[0.16190136969089508, 0.005061388481408358, 0.241268128156662, 0.5917691588401794]
[step 0130/150] method=ours loss=0.9587 train_acc=0.8860 train_loss=0.3010 val_acc=0.9025 val_loss=0.2707 router_H=0.6697 best=0.9025
           router_load=[0.16190136969089508, 0.005061388481408358, 0.241268128156662, 0.5917691588401794]
[step 0140/150] method=ours loss=0.2691 train_acc=0.8860 train_loss=0.3010 val_acc=0.9025 val_loss=0.2707 router_H=0.6697 best=0.9025
           router_load=[0.16190136969089508, 0.005061388481408358, 0.241268128156662, 0.5917691588401794]
[step 0150/150] method=ours loss=0.1849 train_acc=0.8814 train_loss=0.3075 val_acc=0.9060 val_loss=0.2536 router_H=0.6793 best=0.9060
           router_load=[0.24903716146945953, 0.018591592088341713, 0.1646212637424469, 0.567750096321106]
saved summary -> /home/zhujjing/MOE-grad-conflict-routing/runs/paper_suite/single_gpu/single_task/roberta_sst2_lora_e4_k2/hpo/ours/trial_runs/coord_02_train_weight_decay_003/ours_s3.json
saved curve -> /home/zhujjing/MOE-grad-conflict-routing/runs/paper_suite/single_gpu/single_task/roberta_sst2_lora_e4_k2/hpo/ours/trial_runs/coord_02_train_weight_decay_003/ours_s3_curve.csv
