[run] method=ours candidate=coord_02_train_weight_decay_007 seed=3 steps=150 gpu=0
[run] cmd=
/home/zhujjing/anaconda3/envs/moe/bin/python /home/zhujjing/MOE-grad-conflict-routing/scripts/run.py --config configs/singletask_sst2_real.yaml --set model.backbone_backend=hf --set model.hf_load_pretrained=true --set model.backbone=roberta --set model.hf_pretrained_name=roberta-base --set model.expert_type=lora --set model.routing_mode=topk --set model.num_experts=4 --set model.top_k=2 --set seed=3 --set method.name=ours --set train.steps=150 --set train.eval_every_steps=50 --set method.ours.use_load_norm=true --set method.ours.lambda_align=0.001 --set train.grad_clip=1 --set train.lr=2e-05 --set train.weight_decay=0.001129385354 --out /home/zhujjing/MOE-grad-conflict-routing/runs/paper_suite/single_gpu/single_task/roberta_sst2_lora_e4_k2/hpo/ours/trial_runs/coord_02_train_weight_decay_007/ours_s3.json --curve_out /home/zhujjing/MOE-grad-conflict-routing/runs/paper_suite/single_gpu/single_task/roberta_sst2_lora_e4_k2/hpo/ours/trial_runs/coord_02_train_weight_decay_007/ours_s3_curve.csv
Using the latest cached version of the dataset since glue couldn't be found on the Hugging Face Hub (offline mode is enabled).
Found the latest cached dataset configuration 'sst2' at /home/zhujjing/hf_cache/datasets/glue/sst2/0.0.0/bcdcba79d07bc864c1c254ccfcedcce55bcc9a8c (last modified on Thu Mar 19 15:01:41 2026).
/home/zhujjing/anaconda3/envs/moe/lib/python3.10/site-packages/transformers/utils/hub.py:124: FutureWarning: Using `TRANSFORMERS_CACHE` is deprecated and will be removed in v5 of Transformers. Use `HF_HOME` instead.
  warnings.warn(
Some weights of RobertaModel were not initialized from the model checkpoint at roberta-base and are newly initialized: ['roberta.pooler.dense.bias', 'roberta.pooler.dense.weight']
You should probably TRAIN this model on a down-stream task to be able to use it for predictions and inference.
[step 0001/150] method=ours loss=0.6414 train_acc=nan train_loss=nan val_acc=nan val_loss=nan best=-1.0000
[step 0010/150] method=ours loss=0.6570 train_acc=nan train_loss=nan val_acc=nan val_loss=nan best=-1.0000
[step 0020/150] method=ours loss=0.6123 train_acc=nan train_loss=nan val_acc=nan val_loss=nan best=-1.0000
[step 0030/150] method=ours loss=0.5064 train_acc=nan train_loss=nan val_acc=nan val_loss=nan best=-1.0000
[step 0040/150] method=ours loss=0.5103 train_acc=nan train_loss=nan val_acc=nan val_loss=nan best=-1.0000
[step 0050/150] method=ours loss=0.4359 train_acc=0.8806 train_loss=0.3132 val_acc=0.8773 val_loss=0.3032 router_H=0.6807 best=0.8773
           router_load=[0.2905205488204956, 0.5505474805831909, 0.15893211960792542, 0.0]
[step 0060/150] method=ours loss=0.3016 train_acc=0.8806 train_loss=0.3132 val_acc=0.8773 val_loss=0.3032 router_H=0.6807 best=0.8773
           router_load=[0.2905205488204956, 0.5505474805831909, 0.15893211960792542, 0.0]
[step 0070/150] method=ours loss=0.6180 train_acc=0.8806 train_loss=0.3132 val_acc=0.8773 val_loss=0.3032 router_H=0.6807 best=0.8773
           router_load=[0.2905205488204956, 0.5505474805831909, 0.15893211960792542, 0.0]
[step 0080/150] method=ours loss=0.1333 train_acc=0.8806 train_loss=0.3132 val_acc=0.8773 val_loss=0.3032 router_H=0.6807 best=0.8773
           router_load=[0.2905205488204956, 0.5505474805831909, 0.15893211960792542, 0.0]
[step 0090/150] method=ours loss=0.1099 train_acc=0.8806 train_loss=0.3132 val_acc=0.8773 val_loss=0.3032 router_H=0.6807 best=0.8773
           router_load=[0.2905205488204956, 0.5505474805831909, 0.15893211960792542, 0.0]
[step 0100/150] method=ours loss=0.3580 train_acc=0.8823 train_loss=0.3054 val_acc=0.8876 val_loss=0.2673 router_H=0.6809 best=0.8876
           router_load=[0.2866304814815521, 0.5089234709739685, 0.20444609224796295, 0.0]
[step 0110/150] method=ours loss=0.3934 train_acc=0.8823 train_loss=0.3054 val_acc=0.8876 val_loss=0.2673 router_H=0.6809 best=0.8876
           router_load=[0.2866304814815521, 0.5089234709739685, 0.20444609224796295, 0.0]
[step 0120/150] method=ours loss=0.6552 train_acc=0.8823 train_loss=0.3054 val_acc=0.8876 val_loss=0.2673 router_H=0.6809 best=0.8876
           router_load=[0.2866304814815521, 0.5089234709739685, 0.20444609224796295, 0.0]
[step 0130/150] method=ours loss=0.3994 train_acc=0.8823 train_loss=0.3054 val_acc=0.8876 val_loss=0.2673 router_H=0.6809 best=0.8876
           router_load=[0.2866304814815521, 0.5089234709739685, 0.20444609224796295, 0.0]
[step 0140/150] method=ours loss=0.2727 train_acc=0.8823 train_loss=0.3054 val_acc=0.8876 val_loss=0.2673 router_H=0.6809 best=0.8876
           router_load=[0.2866304814815521, 0.5089234709739685, 0.20444609224796295, 0.0]
[step 0150/150] method=ours loss=0.1529 train_acc=0.8953 train_loss=0.2742 val_acc=0.9197 val_loss=0.2226 router_H=0.6797 best=0.9197
           router_load=[0.2735738158226013, 0.47997844219207764, 0.24644780158996582, 0.0]
saved summary -> /home/zhujjing/MOE-grad-conflict-routing/runs/paper_suite/single_gpu/single_task/roberta_sst2_lora_e4_k2/hpo/ours/trial_runs/coord_02_train_weight_decay_007/ours_s3.json
saved curve -> /home/zhujjing/MOE-grad-conflict-routing/runs/paper_suite/single_gpu/single_task/roberta_sst2_lora_e4_k2/hpo/ours/trial_runs/coord_02_train_weight_decay_007/ours_s3_curve.csv
