[run] method=ours candidate=coord_02_train_weight_decay_004 seed=2 steps=150 gpu=0
[run] cmd=
/home/zhujjing/anaconda3/envs/moe/bin/python /home/zhujjing/MOE-grad-conflict-routing/scripts/run.py --config configs/singletask_sst2_real.yaml --set model.backbone_backend=hf --set model.hf_load_pretrained=true --set model.backbone=roberta --set model.hf_pretrained_name=roberta-base --set model.expert_type=lora --set model.routing_mode=topk --set model.num_experts=4 --set model.top_k=2 --set seed=2 --set method.name=ours --set train.steps=150 --set train.eval_every_steps=50 --set method.ours.use_load_norm=true --set method.ours.lambda_align=0.001 --set train.grad_clip=1 --set train.lr=2e-05 --set train.weight_decay=0.0343855891 --out /home/zhujjing/MOE-grad-conflict-routing/runs/paper_suite/single_gpu/single_task/roberta_sst2_lora_e4_k2/hpo/ours/trial_runs/coord_02_train_weight_decay_004/ours_s2.json --curve_out /home/zhujjing/MOE-grad-conflict-routing/runs/paper_suite/single_gpu/single_task/roberta_sst2_lora_e4_k2/hpo/ours/trial_runs/coord_02_train_weight_decay_004/ours_s2_curve.csv
Using the latest cached version of the dataset since glue couldn't be found on the Hugging Face Hub (offline mode is enabled).
Found the latest cached dataset configuration 'sst2' at /home/zhujjing/hf_cache/datasets/glue/sst2/0.0.0/bcdcba79d07bc864c1c254ccfcedcce55bcc9a8c (last modified on Thu Mar 19 15:01:41 2026).
/home/zhujjing/anaconda3/envs/moe/lib/python3.10/site-packages/transformers/utils/hub.py:124: FutureWarning: Using `TRANSFORMERS_CACHE` is deprecated and will be removed in v5 of Transformers. Use `HF_HOME` instead.
  warnings.warn(
Some weights of RobertaModel were not initialized from the model checkpoint at roberta-base and are newly initialized: ['roberta.pooler.dense.bias', 'roberta.pooler.dense.weight']
You should probably TRAIN this model on a down-stream task to be able to use it for predictions and inference.
[step 0001/150] method=ours loss=0.6502 train_acc=nan train_loss=nan val_acc=nan val_loss=nan best=-1.0000
[step 0010/150] method=ours loss=0.7065 train_acc=nan train_loss=nan val_acc=nan val_loss=nan best=-1.0000
[step 0020/150] method=ours loss=0.6179 train_acc=nan train_loss=nan val_acc=nan val_loss=nan best=-1.0000
[step 0030/150] method=ours loss=0.3610 train_acc=nan train_loss=nan val_acc=nan val_loss=nan best=-1.0000
[step 0040/150] method=ours loss=0.0945 train_acc=nan train_loss=nan val_acc=nan val_loss=nan best=-1.0000
[step 0050/150] method=ours loss=0.1171 train_acc=0.8597 train_loss=0.3713 val_acc=0.8486 val_loss=0.3779 router_H=0.6564 best=0.8486
           router_load=[0.5786663293838501, 0.03658074140548706, 0.3837338984012604, 0.0010189254535362124]
[step 0060/150] method=ours loss=0.6121 train_acc=0.8597 train_loss=0.3713 val_acc=0.8486 val_loss=0.3779 router_H=0.6564 best=0.8486
           router_load=[0.5786663293838501, 0.03658074140548706, 0.3837338984012604, 0.0010189254535362124]
[step 0070/150] method=ours loss=0.5262 train_acc=0.8597 train_loss=0.3713 val_acc=0.8486 val_loss=0.3779 router_H=0.6564 best=0.8486
           router_load=[0.5786663293838501, 0.03658074140548706, 0.3837338984012604, 0.0010189254535362124]
[step 0080/150] method=ours loss=0.5978 train_acc=0.8597 train_loss=0.3713 val_acc=0.8486 val_loss=0.3779 router_H=0.6564 best=0.8486
           router_load=[0.5786663293838501, 0.03658074140548706, 0.3837338984012604, 0.0010189254535362124]
[step 0090/150] method=ours loss=0.1893 train_acc=0.8597 train_loss=0.3713 val_acc=0.8486 val_loss=0.3779 router_H=0.6564 best=0.8486
           router_load=[0.5786663293838501, 0.03658074140548706, 0.3837338984012604, 0.0010189254535362124]
[step 0100/150] method=ours loss=0.6200 train_acc=0.7748 train_loss=0.5386 val_acc=0.7041 val_loss=0.6652 router_H=0.6833 best=0.8486
           router_load=[0.4537949562072754, 0.01534818485379219, 0.5056281685829163, 0.025228776037693024]
[step 0110/150] method=ours loss=0.4326 train_acc=0.7748 train_loss=0.5386 val_acc=0.7041 val_loss=0.6652 router_H=0.6833 best=0.8486
           router_load=[0.4537949562072754, 0.01534818485379219, 0.5056281685829163, 0.025228776037693024]
[step 0120/150] method=ours loss=0.5388 train_acc=0.7748 train_loss=0.5386 val_acc=0.7041 val_loss=0.6652 router_H=0.6833 best=0.8486
           router_load=[0.4537949562072754, 0.01534818485379219, 0.5056281685829163, 0.025228776037693024]
[step 0130/150] method=ours loss=0.2330 train_acc=0.7748 train_loss=0.5386 val_acc=0.7041 val_loss=0.6652 router_H=0.6833 best=0.8486
           router_load=[0.4537949562072754, 0.01534818485379219, 0.5056281685829163, 0.025228776037693024]
[step 0140/150] method=ours loss=0.5408 train_acc=0.7748 train_loss=0.5386 val_acc=0.7041 val_loss=0.6652 router_H=0.6833 best=0.8486
           router_load=[0.4537949562072754, 0.01534818485379219, 0.5056281685829163, 0.025228776037693024]
[step 0150/150] method=ours loss=0.6807 train_acc=0.8951 train_loss=0.2781 val_acc=0.9048 val_loss=0.2519 router_H=0.6696 best=0.9048
           router_load=[0.47812992334365845, 0.06207209452986717, 0.4378456771373749, 0.021952370181679726]
saved summary -> /home/zhujjing/MOE-grad-conflict-routing/runs/paper_suite/single_gpu/single_task/roberta_sst2_lora_e4_k2/hpo/ours/trial_runs/coord_02_train_weight_decay_004/ours_s2.json
saved curve -> /home/zhujjing/MOE-grad-conflict-routing/runs/paper_suite/single_gpu/single_task/roberta_sst2_lora_e4_k2/hpo/ours/trial_runs/coord_02_train_weight_decay_004/ours_s2_curve.csv
