[run] method=ours candidate=coord_02_train_weight_decay_014 seed=3 steps=150 gpu=0
[run] cmd=
/home/zhujjing/anaconda3/envs/moe/bin/python /home/zhujjing/MOE-grad-conflict-routing/scripts/run.py --config configs/singletask_sst2_real.yaml --set model.backbone_backend=hf --set model.hf_load_pretrained=true --set model.backbone=roberta --set model.hf_pretrained_name=roberta-base --set model.expert_type=lora --set model.routing_mode=topk --set model.num_experts=4 --set model.top_k=2 --set seed=3 --set method.name=ours --set train.steps=150 --set train.eval_every_steps=50 --set method.ours.use_load_norm=true --set method.ours.lambda_align=0.001 --set train.grad_clip=1 --set train.lr=2e-05 --set train.weight_decay=0.03285287567 --out /home/zhujjing/MOE-grad-conflict-routing/runs/paper_suite/single_gpu/single_task/roberta_sst2_lora_e4_k2/hpo/ours/trial_runs/coord_02_train_weight_decay_014/ours_s3.json --curve_out /home/zhujjing/MOE-grad-conflict-routing/runs/paper_suite/single_gpu/single_task/roberta_sst2_lora_e4_k2/hpo/ours/trial_runs/coord_02_train_weight_decay_014/ours_s3_curve.csv
Using the latest cached version of the dataset since glue couldn't be found on the Hugging Face Hub (offline mode is enabled).
Found the latest cached dataset configuration 'sst2' at /home/zhujjing/hf_cache/datasets/glue/sst2/0.0.0/bcdcba79d07bc864c1c254ccfcedcce55bcc9a8c (last modified on Thu Mar 19 15:01:41 2026).
/home/zhujjing/anaconda3/envs/moe/lib/python3.10/site-packages/transformers/utils/hub.py:124: FutureWarning: Using `TRANSFORMERS_CACHE` is deprecated and will be removed in v5 of Transformers. Use `HF_HOME` instead.
  warnings.warn(
Some weights of RobertaModel were not initialized from the model checkpoint at roberta-base and are newly initialized: ['roberta.pooler.dense.bias', 'roberta.pooler.dense.weight']
You should probably TRAIN this model on a down-stream task to be able to use it for predictions and inference.
[step 0001/150] method=ours loss=0.5927 train_acc=nan train_loss=nan val_acc=nan val_loss=nan best=-1.0000
[step 0010/150] method=ours loss=0.6405 train_acc=nan train_loss=nan val_acc=nan val_loss=nan best=-1.0000
[step 0020/150] method=ours loss=0.5529 train_acc=nan train_loss=nan val_acc=nan val_loss=nan best=-1.0000
[step 0030/150] method=ours loss=0.4609 train_acc=nan train_loss=nan val_acc=nan val_loss=nan best=-1.0000
[step 0040/150] method=ours loss=0.8639 train_acc=nan train_loss=nan val_acc=nan val_loss=nan best=-1.0000
[step 0050/150] method=ours loss=0.5214 train_acc=0.8581 train_loss=0.3786 val_acc=0.8784 val_loss=0.3459 router_H=0.6820 best=0.8784
           router_load=[0.4204656183719635, 0.5581322908401489, 0.01383647695183754, 0.007565670646727085]
[step 0060/150] method=ours loss=0.5785 train_acc=0.8581 train_loss=0.3786 val_acc=0.8784 val_loss=0.3459 router_H=0.6820 best=0.8784
           router_load=[0.4204656183719635, 0.5581322908401489, 0.01383647695183754, 0.007565670646727085]
[step 0070/150] method=ours loss=0.2762 train_acc=0.8581 train_loss=0.3786 val_acc=0.8784 val_loss=0.3459 router_H=0.6820 best=0.8784
           router_load=[0.4204656183719635, 0.5581322908401489, 0.01383647695183754, 0.007565670646727085]
[step 0080/150] method=ours loss=0.1926 train_acc=0.8581 train_loss=0.3786 val_acc=0.8784 val_loss=0.3459 router_H=0.6820 best=0.8784
           router_load=[0.4204656183719635, 0.5581322908401489, 0.01383647695183754, 0.007565670646727085]
[step 0090/150] method=ours loss=0.2608 train_acc=0.8581 train_loss=0.3786 val_acc=0.8784 val_loss=0.3459 router_H=0.6820 best=0.8784
           router_load=[0.4204656183719635, 0.5581322908401489, 0.01383647695183754, 0.007565670646727085]
[step 0100/150] method=ours loss=0.3481 train_acc=0.8894 train_loss=0.2865 val_acc=0.9083 val_loss=0.2608 router_H=0.6858 best=0.9083
           router_load=[0.34085148572921753, 0.539193332195282, 0.11945363134145737, 0.0005014232010580599]
[step 0110/150] method=ours loss=0.5679 train_acc=0.8894 train_loss=0.2865 val_acc=0.9083 val_loss=0.2608 router_H=0.6858 best=0.9083
           router_load=[0.34085148572921753, 0.539193332195282, 0.11945363134145737, 0.0005014232010580599]
[step 0120/150] method=ours loss=0.4558 train_acc=0.8894 train_loss=0.2865 val_acc=0.9083 val_loss=0.2608 router_H=0.6858 best=0.9083
           router_load=[0.34085148572921753, 0.539193332195282, 0.11945363134145737, 0.0005014232010580599]
[step 0130/150] method=ours loss=0.5537 train_acc=0.8894 train_loss=0.2865 val_acc=0.9083 val_loss=0.2608 router_H=0.6858 best=0.9083
           router_load=[0.34085148572921753, 0.539193332195282, 0.11945363134145737, 0.0005014232010580599]
[step 0140/150] method=ours loss=0.2226 train_acc=0.8894 train_loss=0.2865 val_acc=0.9083 val_loss=0.2608 router_H=0.6858 best=0.9083
           router_load=[0.34085148572921753, 0.539193332195282, 0.11945363134145737, 0.0005014232010580599]
[step 0150/150] method=ours loss=0.1097 train_acc=0.8967 train_loss=0.2881 val_acc=0.9140 val_loss=0.2499 router_H=0.6880 best=0.9140
           router_load=[0.2522376477718353, 0.5231764316558838, 0.2245858907699585, 0.0]
saved summary -> /home/zhujjing/MOE-grad-conflict-routing/runs/paper_suite/single_gpu/single_task/roberta_sst2_lora_e4_k2/hpo/ours/trial_runs/coord_02_train_weight_decay_014/ours_s3.json
saved curve -> /home/zhujjing/MOE-grad-conflict-routing/runs/paper_suite/single_gpu/single_task/roberta_sst2_lora_e4_k2/hpo/ours/trial_runs/coord_02_train_weight_decay_014/ours_s3_curve.csv
