[run] method=baseline candidate=coord_02_train_weight_decay_013 seed=3 steps=100 gpu=1
[run] cmd=
/home/yuli0398/miniconda3/envs/optimization/bin/python /share/home/yuli0398/Optimization/MOE-grad-conflict-routing/scripts/run.py --config configs/singletask_mrpc_real.yaml --set model.backbone_backend=hf --set model.hf_load_pretrained=true --set model.backbone=deberta --set model.hf_pretrained_name=microsoft/deberta-v3-base --set model.expert_type=lora --set model.num_experts=4 --set model.top_k=2 --set seed=3 --set method.name=baseline_avg --set train.steps=100 --set train.eval_every_steps=50 --set train.grad_clip=1 --set train.lr=3.842377498e-05 --set train.weight_decay=0.01487570917 --out /share/home/yuli0398/Optimization/MOE-grad-conflict-routing/runs/mrpc_deberta_coord48_s23_final235_gpu12/single_task/deberta_mrpc_lora_e4_k2/hpo/baseline/trial_runs/coord_02_train_weight_decay_013/baseline_s3.json --curve_out /share/home/yuli0398/Optimization/MOE-grad-conflict-routing/runs/mrpc_deberta_coord48_s23_final235_gpu12/single_task/deberta_mrpc_lora_e4_k2/hpo/baseline/trial_runs/coord_02_train_weight_decay_013/baseline_s3_curve.csv
/home/yuli0398/miniconda3/envs/optimization/lib/python3.10/site-packages/torch/cuda/__init__.py:61: FutureWarning: The pynvml package is deprecated. Please install nvidia-ml-py instead. If you did not install pynvml directly, please report this to the maintainers of the package that installed pynvml for you.
  import pynvml  # type: ignore[import]
/home/yuli0398/miniconda3/envs/optimization/lib/python3.10/site-packages/transformers/convert_slow_tokenizer.py:561: UserWarning: The sentencepiece tokenizer that you are converting to a fast tokenizer uses the byte fallback option which is not implemented in the fast tokenizers. In practice this means that the fast version of the tokenizer can produce unknown tokens whereas the sentencepiece version would have converted these unknown tokens into a sequence of byte tokens matching the original piece of text.
  warnings.warn(
[step 0001/100] method=baseline_avg loss=0.6594 train_acc=nan train_loss=nan val_acc=nan val_loss=nan best=-1.0000
[step 0010/100] method=baseline_avg loss=0.6375 train_acc=nan train_loss=nan val_acc=nan val_loss=nan best=-1.0000
[step 0020/100] method=baseline_avg loss=0.5554 train_acc=nan train_loss=nan val_acc=nan val_loss=nan best=-1.0000
[step 0030/100] method=baseline_avg loss=0.3804 train_acc=nan train_loss=nan val_acc=nan val_loss=nan best=-1.0000
[step 0040/100] method=baseline_avg loss=0.6010 train_acc=nan train_loss=nan val_acc=nan val_loss=nan best=-1.0000
[step 0050/100] method=baseline_avg loss=0.2435 train_acc=0.8124 train_loss=0.3934 val_acc=0.8015 val_loss=0.4010 router_H=1.2314 best=0.8015
           router_load=[0.0869607999920845, 0.1843932867050171, 0.39650237560272217, 0.33214351534843445]
[step 0060/100] method=baseline_avg loss=0.2892 train_acc=0.8124 train_loss=0.3934 val_acc=0.8015 val_loss=0.4010 router_H=1.2314 best=0.8015
           router_load=[0.0869607999920845, 0.1843932867050171, 0.39650237560272217, 0.33214351534843445]
[step 0070/100] method=baseline_avg loss=0.2448 train_acc=0.8124 train_loss=0.3934 val_acc=0.8015 val_loss=0.4010 router_H=1.2314 best=0.8015
           router_load=[0.0869607999920845, 0.1843932867050171, 0.39650237560272217, 0.33214351534843445]
[step 0080/100] method=baseline_avg loss=0.2270 train_acc=0.8124 train_loss=0.3934 val_acc=0.8015 val_loss=0.4010 router_H=1.2314 best=0.8015
           router_load=[0.0869607999920845, 0.1843932867050171, 0.39650237560272217, 0.33214351534843445]
[step 0090/100] method=baseline_avg loss=0.3787 train_acc=0.8124 train_loss=0.3934 val_acc=0.8015 val_loss=0.4010 router_H=1.2314 best=0.8015
           router_load=[0.0869607999920845, 0.1843932867050171, 0.39650237560272217, 0.33214351534843445]
[step 0100/100] method=baseline_avg loss=0.4049 train_acc=0.8893 train_loss=0.2682 val_acc=0.8701 val_loss=0.3014 router_H=1.1811 best=0.8701
           router_load=[0.07241208106279373, 0.19731350243091583, 0.3117647171020508, 0.41850975155830383]
saved summary -> /share/home/yuli0398/Optimization/MOE-grad-conflict-routing/runs/mrpc_deberta_coord48_s23_final235_gpu12/single_task/deberta_mrpc_lora_e4_k2/hpo/baseline/trial_runs/coord_02_train_weight_decay_013/baseline_s3.json
saved curve -> /share/home/yuli0398/Optimization/MOE-grad-conflict-routing/runs/mrpc_deberta_coord48_s23_final235_gpu12/single_task/deberta_mrpc_lora_e4_k2/hpo/baseline/trial_runs/coord_02_train_weight_decay_013/baseline_s3_curve.csv
