[run] method=baseline candidate=coord_02_train_weight_decay_009 seed=2 steps=100 gpu=1
[run] cmd=
/home/yuli0398/miniconda3/envs/optimization/bin/python /share/home/yuli0398/Optimization/MOE-grad-conflict-routing/scripts/run.py --config configs/singletask_mrpc_real.yaml --set model.backbone_backend=hf --set model.hf_load_pretrained=true --set model.backbone=deberta --set model.hf_pretrained_name=microsoft/deberta-v3-base --set model.expert_type=lora --set model.num_experts=4 --set model.top_k=2 --set seed=2 --set method.name=baseline_avg --set train.steps=100 --set train.eval_every_steps=50 --set train.grad_clip=1 --set train.lr=3.842377498e-05 --set train.weight_decay=0.007863245139 --out /share/home/yuli0398/Optimization/MOE-grad-conflict-routing/runs/mrpc_deberta_coord48_s23_final235_gpu12/single_task/deberta_mrpc_lora_e4_k2/hpo/baseline/trial_runs/coord_02_train_weight_decay_009/baseline_s2.json --curve_out /share/home/yuli0398/Optimization/MOE-grad-conflict-routing/runs/mrpc_deberta_coord48_s23_final235_gpu12/single_task/deberta_mrpc_lora_e4_k2/hpo/baseline/trial_runs/coord_02_train_weight_decay_009/baseline_s2_curve.csv
/home/yuli0398/miniconda3/envs/optimization/lib/python3.10/site-packages/torch/cuda/__init__.py:61: FutureWarning: The pynvml package is deprecated. Please install nvidia-ml-py instead. If you did not install pynvml directly, please report this to the maintainers of the package that installed pynvml for you.
  import pynvml  # type: ignore[import]
/home/yuli0398/miniconda3/envs/optimization/lib/python3.10/site-packages/transformers/convert_slow_tokenizer.py:561: UserWarning: The sentencepiece tokenizer that you are converting to a fast tokenizer uses the byte fallback option which is not implemented in the fast tokenizers. In practice this means that the fast version of the tokenizer can produce unknown tokens whereas the sentencepiece version would have converted these unknown tokens into a sequence of byte tokens matching the original piece of text.
  warnings.warn(
[step 0001/100] method=baseline_avg loss=0.6899 train_acc=nan train_loss=nan val_acc=nan val_loss=nan best=-1.0000
[step 0010/100] method=baseline_avg loss=0.8395 train_acc=nan train_loss=nan val_acc=nan val_loss=nan best=-1.0000
[step 0020/100] method=baseline_avg loss=0.5563 train_acc=nan train_loss=nan val_acc=nan val_loss=nan best=-1.0000
[step 0030/100] method=baseline_avg loss=0.6686 train_acc=nan train_loss=nan val_acc=nan val_loss=nan best=-1.0000
[step 0040/100] method=baseline_avg loss=0.5361 train_acc=nan train_loss=nan val_acc=nan val_loss=nan best=-1.0000
[step 0050/100] method=baseline_avg loss=0.5435 train_acc=0.7868 train_loss=0.4727 val_acc=0.7672 val_loss=0.4793 router_H=1.2544 best=0.7672
           router_load=[0.4554632604122162, 0.10560955107212067, 0.19738997519016266, 0.2415372133255005]
[step 0060/100] method=baseline_avg loss=0.4910 train_acc=0.7868 train_loss=0.4727 val_acc=0.7672 val_loss=0.4793 router_H=1.2544 best=0.7672
           router_load=[0.4554632604122162, 0.10560955107212067, 0.19738997519016266, 0.2415372133255005]
[step 0070/100] method=baseline_avg loss=0.3688 train_acc=0.7868 train_loss=0.4727 val_acc=0.7672 val_loss=0.4793 router_H=1.2544 best=0.7672
           router_load=[0.4554632604122162, 0.10560955107212067, 0.19738997519016266, 0.2415372133255005]
[step 0080/100] method=baseline_avg loss=0.3398 train_acc=0.7868 train_loss=0.4727 val_acc=0.7672 val_loss=0.4793 router_H=1.2544 best=0.7672
           router_load=[0.4554632604122162, 0.10560955107212067, 0.19738997519016266, 0.2415372133255005]
[step 0090/100] method=baseline_avg loss=0.4882 train_acc=0.7868 train_loss=0.4727 val_acc=0.7672 val_loss=0.4793 router_H=1.2544 best=0.7672
           router_load=[0.4554632604122162, 0.10560955107212067, 0.19738997519016266, 0.2415372133255005]
[step 0100/100] method=baseline_avg loss=0.3421 train_acc=0.8481 train_loss=0.3410 val_acc=0.8186 val_loss=0.3707 router_H=1.1916 best=0.8186
           router_load=[0.5063880681991577, 0.08891786634922028, 0.16517673432826996, 0.23951727151870728]
saved summary -> /share/home/yuli0398/Optimization/MOE-grad-conflict-routing/runs/mrpc_deberta_coord48_s23_final235_gpu12/single_task/deberta_mrpc_lora_e4_k2/hpo/baseline/trial_runs/coord_02_train_weight_decay_009/baseline_s2.json
saved curve -> /share/home/yuli0398/Optimization/MOE-grad-conflict-routing/runs/mrpc_deberta_coord48_s23_final235_gpu12/single_task/deberta_mrpc_lora_e4_k2/hpo/baseline/trial_runs/coord_02_train_weight_decay_009/baseline_s2_curve.csv
