[run] method=baseline candidate=coord_02_anchor seed=2 steps=100 gpu=1
[run] cmd=
/home/yuli0398/miniconda3/envs/optimization/bin/python /share/home/yuli0398/Optimization/MOE-grad-conflict-routing/scripts/run.py --config configs/singletask_mrpc_real.yaml --set model.backbone_backend=hf --set model.hf_load_pretrained=true --set model.backbone=deberta --set model.hf_pretrained_name=microsoft/deberta-v3-base --set model.expert_type=lora --set model.num_experts=4 --set model.top_k=2 --set seed=2 --set method.name=baseline_avg --set train.steps=100 --set train.eval_every_steps=50 --set train.grad_clip=1 --set train.lr=3.842377498e-05 --set train.weight_decay=0.01 --out /share/home/yuli0398/Optimization/MOE-grad-conflict-routing/runs/mrpc_deberta_coord48_s23_final235_gpu12/single_task/deberta_mrpc_lora_e4_k2/hpo/baseline/trial_runs/coord_02_anchor/baseline_s2.json --curve_out /share/home/yuli0398/Optimization/MOE-grad-conflict-routing/runs/mrpc_deberta_coord48_s23_final235_gpu12/single_task/deberta_mrpc_lora_e4_k2/hpo/baseline/trial_runs/coord_02_anchor/baseline_s2_curve.csv
/home/yuli0398/miniconda3/envs/optimization/lib/python3.10/site-packages/torch/cuda/__init__.py:61: FutureWarning: The pynvml package is deprecated. Please install nvidia-ml-py instead. If you did not install pynvml directly, please report this to the maintainers of the package that installed pynvml for you.
  import pynvml  # type: ignore[import]
/home/yuli0398/miniconda3/envs/optimization/lib/python3.10/site-packages/transformers/convert_slow_tokenizer.py:561: UserWarning: The sentencepiece tokenizer that you are converting to a fast tokenizer uses the byte fallback option which is not implemented in the fast tokenizers. In practice this means that the fast version of the tokenizer can produce unknown tokens whereas the sentencepiece version would have converted these unknown tokens into a sequence of byte tokens matching the original piece of text.
  warnings.warn(
[step 0001/100] method=baseline_avg loss=0.7489 train_acc=nan train_loss=nan val_acc=nan val_loss=nan best=-1.0000
[step 0010/100] method=baseline_avg loss=0.8123 train_acc=nan train_loss=nan val_acc=nan val_loss=nan best=-1.0000
[step 0020/100] method=baseline_avg loss=0.5855 train_acc=nan train_loss=nan val_acc=nan val_loss=nan best=-1.0000
[step 0030/100] method=baseline_avg loss=0.6251 train_acc=nan train_loss=nan val_acc=nan val_loss=nan best=-1.0000
[step 0040/100] method=baseline_avg loss=0.5248 train_acc=nan train_loss=nan val_acc=nan val_loss=nan best=-1.0000
[step 0050/100] method=baseline_avg loss=0.5166 train_acc=0.7399 train_loss=0.4990 val_acc=0.7255 val_loss=0.5104 router_H=1.2795 best=0.7255
           router_load=[0.21613405644893646, 0.18532314896583557, 0.14769257605075836, 0.4508502781391144]
[step 0060/100] method=baseline_avg loss=0.5097 train_acc=0.7399 train_loss=0.4990 val_acc=0.7255 val_loss=0.5104 router_H=1.2795 best=0.7255
           router_load=[0.21613405644893646, 0.18532314896583557, 0.14769257605075836, 0.4508502781391144]
[step 0070/100] method=baseline_avg loss=0.3527 train_acc=0.7399 train_loss=0.4990 val_acc=0.7255 val_loss=0.5104 router_H=1.2795 best=0.7255
           router_load=[0.21613405644893646, 0.18532314896583557, 0.14769257605075836, 0.4508502781391144]
[step 0080/100] method=baseline_avg loss=0.4569 train_acc=0.7399 train_loss=0.4990 val_acc=0.7255 val_loss=0.5104 router_H=1.2795 best=0.7255
           router_load=[0.21613405644893646, 0.18532314896583557, 0.14769257605075836, 0.4508502781391144]
[step 0090/100] method=baseline_avg loss=0.5388 train_acc=0.7399 train_loss=0.4990 val_acc=0.7255 val_loss=0.5104 router_H=1.2795 best=0.7255
           router_load=[0.21613405644893646, 0.18532314896583557, 0.14769257605075836, 0.4508502781391144]
[step 0100/100] method=baseline_avg loss=0.3535 train_acc=0.8484 train_loss=0.3728 val_acc=0.8505 val_loss=0.3832 router_H=1.2270 best=0.8505
           router_load=[0.20273664593696594, 0.16541090607643127, 0.1316186636686325, 0.5002337694168091]
saved summary -> /share/home/yuli0398/Optimization/MOE-grad-conflict-routing/runs/mrpc_deberta_coord48_s23_final235_gpu12/single_task/deberta_mrpc_lora_e4_k2/hpo/baseline/trial_runs/coord_02_anchor/baseline_s2.json
saved curve -> /share/home/yuli0398/Optimization/MOE-grad-conflict-routing/runs/mrpc_deberta_coord48_s23_final235_gpu12/single_task/deberta_mrpc_lora_e4_k2/hpo/baseline/trial_runs/coord_02_anchor/baseline_s2_curve.csv
