[run] method=baseline candidate=coord_02_train_weight_decay_002 seed=2 steps=100 gpu=1
[run] cmd=
/home/yuli0398/miniconda3/envs/optimization/bin/python /share/home/yuli0398/Optimization/MOE-grad-conflict-routing/scripts/run.py --config configs/singletask_mrpc_real.yaml --set model.backbone_backend=hf --set model.hf_load_pretrained=true --set model.backbone=deberta --set model.hf_pretrained_name=microsoft/deberta-v3-base --set model.expert_type=lora --set model.num_experts=4 --set model.top_k=2 --set seed=2 --set method.name=baseline_avg --set train.steps=100 --set train.eval_every_steps=50 --set train.grad_clip=1 --set train.lr=3.842377498e-05 --set train.weight_decay=0.03175375625 --out /share/home/yuli0398/Optimization/MOE-grad-conflict-routing/runs/mrpc_deberta_coord48_s23_final235_gpu12/single_task/deberta_mrpc_lora_e4_k2/hpo/baseline/trial_runs/coord_02_train_weight_decay_002/baseline_s2.json --curve_out /share/home/yuli0398/Optimization/MOE-grad-conflict-routing/runs/mrpc_deberta_coord48_s23_final235_gpu12/single_task/deberta_mrpc_lora_e4_k2/hpo/baseline/trial_runs/coord_02_train_weight_decay_002/baseline_s2_curve.csv
/home/yuli0398/miniconda3/envs/optimization/lib/python3.10/site-packages/torch/cuda/__init__.py:61: FutureWarning: The pynvml package is deprecated. Please install nvidia-ml-py instead. If you did not install pynvml directly, please report this to the maintainers of the package that installed pynvml for you.
  import pynvml  # type: ignore[import]
/home/yuli0398/miniconda3/envs/optimization/lib/python3.10/site-packages/transformers/convert_slow_tokenizer.py:561: UserWarning: The sentencepiece tokenizer that you are converting to a fast tokenizer uses the byte fallback option which is not implemented in the fast tokenizers. In practice this means that the fast version of the tokenizer can produce unknown tokens whereas the sentencepiece version would have converted these unknown tokens into a sequence of byte tokens matching the original piece of text.
  warnings.warn(
[step 0001/100] method=baseline_avg loss=0.6954 train_acc=nan train_loss=nan val_acc=nan val_loss=nan best=-1.0000
[step 0010/100] method=baseline_avg loss=0.6826 train_acc=nan train_loss=nan val_acc=nan val_loss=nan best=-1.0000
[step 0020/100] method=baseline_avg loss=0.5078 train_acc=nan train_loss=nan val_acc=nan val_loss=nan best=-1.0000
[step 0030/100] method=baseline_avg loss=0.4970 train_acc=nan train_loss=nan val_acc=nan val_loss=nan best=-1.0000
[step 0040/100] method=baseline_avg loss=0.4709 train_acc=nan train_loss=nan val_acc=nan val_loss=nan best=-1.0000
[step 0050/100] method=baseline_avg loss=0.4641 train_acc=0.7710 train_loss=0.4573 val_acc=0.7451 val_loss=0.4736 router_H=1.3529 best=0.7451
           router_load=[0.3122556209564209, 0.2460242509841919, 0.2337457835674286, 0.207974374294281]
[step 0060/100] method=baseline_avg loss=0.4250 train_acc=0.7710 train_loss=0.4573 val_acc=0.7451 val_loss=0.4736 router_H=1.3529 best=0.7451
           router_load=[0.3122556209564209, 0.2460242509841919, 0.2337457835674286, 0.207974374294281]
[step 0070/100] method=baseline_avg loss=0.4843 train_acc=0.7710 train_loss=0.4573 val_acc=0.7451 val_loss=0.4736 router_H=1.3529 best=0.7451
           router_load=[0.3122556209564209, 0.2460242509841919, 0.2337457835674286, 0.207974374294281]
[step 0080/100] method=baseline_avg loss=0.3498 train_acc=0.7710 train_loss=0.4573 val_acc=0.7451 val_loss=0.4736 router_H=1.3529 best=0.7451
           router_load=[0.3122556209564209, 0.2460242509841919, 0.2337457835674286, 0.207974374294281]
[step 0090/100] method=baseline_avg loss=0.4974 train_acc=0.7710 train_loss=0.4573 val_acc=0.7451 val_loss=0.4736 router_H=1.3529 best=0.7451
           router_load=[0.3122556209564209, 0.2460242509841919, 0.2337457835674286, 0.207974374294281]
[step 0100/100] method=baseline_avg loss=0.3731 train_acc=0.8520 train_loss=0.3691 val_acc=0.8235 val_loss=0.3882 router_H=1.3313 best=0.8235
           router_load=[0.3571278154850006, 0.21600155532360077, 0.22432368993759155, 0.20254698395729065]
saved summary -> /share/home/yuli0398/Optimization/MOE-grad-conflict-routing/runs/mrpc_deberta_coord48_s23_final235_gpu12/single_task/deberta_mrpc_lora_e4_k2/hpo/baseline/trial_runs/coord_02_train_weight_decay_002/baseline_s2.json
saved curve -> /share/home/yuli0398/Optimization/MOE-grad-conflict-routing/runs/mrpc_deberta_coord48_s23_final235_gpu12/single_task/deberta_mrpc_lora_e4_k2/hpo/baseline/trial_runs/coord_02_train_weight_decay_002/baseline_s2_curve.csv
