[run] method=baseline candidate=coord_02_train_weight_decay_000 seed=2 steps=100 gpu=1
[run] cmd=
/home/yuli0398/miniconda3/envs/optimization/bin/python /share/home/yuli0398/Optimization/MOE-grad-conflict-routing/scripts/run.py --config configs/singletask_mrpc_real.yaml --set model.backbone_backend=hf --set model.hf_load_pretrained=true --set model.backbone=deberta --set model.hf_pretrained_name=microsoft/deberta-v3-base --set model.expert_type=lora --set model.num_experts=4 --set model.top_k=2 --set seed=2 --set method.name=baseline_avg --set train.steps=100 --set train.eval_every_steps=50 --set train.grad_clip=1 --set train.lr=3.842377498e-05 --set train.weight_decay=0.02474250561 --out /share/home/yuli0398/Optimization/MOE-grad-conflict-routing/runs/mrpc_deberta_coord48_s23_final235_gpu12/single_task/deberta_mrpc_lora_e4_k2/hpo/baseline/trial_runs/coord_02_train_weight_decay_000/baseline_s2.json --curve_out /share/home/yuli0398/Optimization/MOE-grad-conflict-routing/runs/mrpc_deberta_coord48_s23_final235_gpu12/single_task/deberta_mrpc_lora_e4_k2/hpo/baseline/trial_runs/coord_02_train_weight_decay_000/baseline_s2_curve.csv
/home/yuli0398/miniconda3/envs/optimization/lib/python3.10/site-packages/torch/cuda/__init__.py:61: FutureWarning: The pynvml package is deprecated. Please install nvidia-ml-py instead. If you did not install pynvml directly, please report this to the maintainers of the package that installed pynvml for you.
  import pynvml  # type: ignore[import]
/home/yuli0398/miniconda3/envs/optimization/lib/python3.10/site-packages/transformers/convert_slow_tokenizer.py:561: UserWarning: The sentencepiece tokenizer that you are converting to a fast tokenizer uses the byte fallback option which is not implemented in the fast tokenizers. In practice this means that the fast version of the tokenizer can produce unknown tokens whereas the sentencepiece version would have converted these unknown tokens into a sequence of byte tokens matching the original piece of text.
  warnings.warn(
[step 0001/100] method=baseline_avg loss=0.6841 train_acc=nan train_loss=nan val_acc=nan val_loss=nan best=-1.0000
[step 0010/100] method=baseline_avg loss=0.6656 train_acc=nan train_loss=nan val_acc=nan val_loss=nan best=-1.0000
[step 0020/100] method=baseline_avg loss=0.6223 train_acc=nan train_loss=nan val_acc=nan val_loss=nan best=-1.0000
[step 0030/100] method=baseline_avg loss=0.5433 train_acc=nan train_loss=nan val_acc=nan val_loss=nan best=-1.0000
[step 0040/100] method=baseline_avg loss=0.4248 train_acc=nan train_loss=nan val_acc=nan val_loss=nan best=-1.0000
[step 0050/100] method=baseline_avg loss=0.4394 train_acc=0.8258 train_loss=0.4130 val_acc=0.8309 val_loss=0.4259 router_H=1.3257 best=0.8309
           router_load=[0.1542719602584839, 0.31534460186958313, 0.32208365201950073, 0.20829972624778748]
[step 0060/100] method=baseline_avg loss=0.4781 train_acc=0.8258 train_loss=0.4130 val_acc=0.8309 val_loss=0.4259 router_H=1.3257 best=0.8309
           router_load=[0.1542719602584839, 0.31534460186958313, 0.32208365201950073, 0.20829972624778748]
[step 0070/100] method=baseline_avg loss=0.2116 train_acc=0.8258 train_loss=0.4130 val_acc=0.8309 val_loss=0.4259 router_H=1.3257 best=0.8309
           router_load=[0.1542719602584839, 0.31534460186958313, 0.32208365201950073, 0.20829972624778748]
[step 0080/100] method=baseline_avg loss=0.2785 train_acc=0.8258 train_loss=0.4130 val_acc=0.8309 val_loss=0.4259 router_H=1.3257 best=0.8309
           router_load=[0.1542719602584839, 0.31534460186958313, 0.32208365201950073, 0.20829972624778748]
[step 0090/100] method=baseline_avg loss=0.3482 train_acc=0.8258 train_loss=0.4130 val_acc=0.8309 val_loss=0.4259 router_H=1.3257 best=0.8309
           router_load=[0.1542719602584839, 0.31534460186958313, 0.32208365201950073, 0.20829972624778748]
[step 0100/100] method=baseline_avg loss=0.1792 train_acc=0.8972 train_loss=0.2612 val_acc=0.8627 val_loss=0.3041 router_H=1.3269 best=0.8627
           router_load=[0.17812825739383698, 0.32843929529190063, 0.3190171718597412, 0.1744152158498764]
saved summary -> /share/home/yuli0398/Optimization/MOE-grad-conflict-routing/runs/mrpc_deberta_coord48_s23_final235_gpu12/single_task/deberta_mrpc_lora_e4_k2/hpo/baseline/trial_runs/coord_02_train_weight_decay_000/baseline_s2.json
saved curve -> /share/home/yuli0398/Optimization/MOE-grad-conflict-routing/runs/mrpc_deberta_coord48_s23_final235_gpu12/single_task/deberta_mrpc_lora_e4_k2/hpo/baseline/trial_runs/coord_02_train_weight_decay_000/baseline_s2_curve.csv
