[run] method=baseline candidate=coord_02_train_weight_decay_006 seed=2 steps=100 gpu=1
[run] cmd=
/home/yuli0398/miniconda3/envs/optimization/bin/python /share/home/yuli0398/Optimization/MOE-grad-conflict-routing/scripts/run.py --config configs/singletask_mrpc_real.yaml --set model.backbone_backend=hf --set model.hf_load_pretrained=true --set model.backbone=deberta --set model.hf_pretrained_name=microsoft/deberta-v3-base --set model.expert_type=lora --set model.num_experts=4 --set model.top_k=2 --set seed=2 --set method.name=baseline_avg --set train.steps=100 --set train.eval_every_steps=50 --set train.grad_clip=1 --set train.lr=3.842377498e-05 --set train.weight_decay=0.0494133814 --out /share/home/yuli0398/Optimization/MOE-grad-conflict-routing/runs/mrpc_deberta_coord48_s23_final235_gpu12/single_task/deberta_mrpc_lora_e4_k2/hpo/baseline/trial_runs/coord_02_train_weight_decay_006/baseline_s2.json --curve_out /share/home/yuli0398/Optimization/MOE-grad-conflict-routing/runs/mrpc_deberta_coord48_s23_final235_gpu12/single_task/deberta_mrpc_lora_e4_k2/hpo/baseline/trial_runs/coord_02_train_weight_decay_006/baseline_s2_curve.csv
/home/yuli0398/miniconda3/envs/optimization/lib/python3.10/site-packages/torch/cuda/__init__.py:61: FutureWarning: The pynvml package is deprecated. Please install nvidia-ml-py instead. If you did not install pynvml directly, please report this to the maintainers of the package that installed pynvml for you.
  import pynvml  # type: ignore[import]
/home/yuli0398/miniconda3/envs/optimization/lib/python3.10/site-packages/transformers/convert_slow_tokenizer.py:561: UserWarning: The sentencepiece tokenizer that you are converting to a fast tokenizer uses the byte fallback option which is not implemented in the fast tokenizers. In practice this means that the fast version of the tokenizer can produce unknown tokens whereas the sentencepiece version would have converted these unknown tokens into a sequence of byte tokens matching the original piece of text.
  warnings.warn(
[step 0001/100] method=baseline_avg loss=1.0864 train_acc=nan train_loss=nan val_acc=nan val_loss=nan best=-1.0000
[step 0010/100] method=baseline_avg loss=0.6032 train_acc=nan train_loss=nan val_acc=nan val_loss=nan best=-1.0000
[step 0020/100] method=baseline_avg loss=0.6214 train_acc=nan train_loss=nan val_acc=nan val_loss=nan best=-1.0000
[step 0030/100] method=baseline_avg loss=0.4962 train_acc=nan train_loss=nan val_acc=nan val_loss=nan best=-1.0000
[step 0040/100] method=baseline_avg loss=0.4422 train_acc=nan train_loss=nan val_acc=nan val_loss=nan best=-1.0000
[step 0050/100] method=baseline_avg loss=0.4728 train_acc=0.8212 train_loss=0.4764 val_acc=0.8333 val_loss=0.4837 router_H=1.3549 best=0.8333
           router_load=[0.22639736533164978, 0.23591186106204987, 0.3161271810531616, 0.22156356275081635]
[step 0060/100] method=baseline_avg loss=0.4383 train_acc=0.8212 train_loss=0.4764 val_acc=0.8333 val_loss=0.4837 router_H=1.3549 best=0.8333
           router_load=[0.22639736533164978, 0.23591186106204987, 0.3161271810531616, 0.22156356275081635]
[step 0070/100] method=baseline_avg loss=0.2067 train_acc=0.8212 train_loss=0.4764 val_acc=0.8333 val_loss=0.4837 router_H=1.3549 best=0.8333
           router_load=[0.22639736533164978, 0.23591186106204987, 0.3161271810531616, 0.22156356275081635]
[step 0080/100] method=baseline_avg loss=0.3526 train_acc=0.8212 train_loss=0.4764 val_acc=0.8333 val_loss=0.4837 router_H=1.3549 best=0.8333
           router_load=[0.22639736533164978, 0.23591186106204987, 0.3161271810531616, 0.22156356275081635]
[step 0090/100] method=baseline_avg loss=0.3022 train_acc=0.8212 train_loss=0.4764 val_acc=0.8333 val_loss=0.4837 router_H=1.3549 best=0.8333
           router_load=[0.22639736533164978, 0.23591186106204987, 0.3161271810531616, 0.22156356275081635]
[step 0100/100] method=baseline_avg loss=0.2526 train_acc=0.8814 train_loss=0.2776 val_acc=0.8529 val_loss=0.3176 router_H=1.3398 best=0.8529
           router_load=[0.2881360650062561, 0.21591788530349731, 0.29383814334869385, 0.20210787653923035]
saved summary -> /share/home/yuli0398/Optimization/MOE-grad-conflict-routing/runs/mrpc_deberta_coord48_s23_final235_gpu12/single_task/deberta_mrpc_lora_e4_k2/hpo/baseline/trial_runs/coord_02_train_weight_decay_006/baseline_s2.json
saved curve -> /share/home/yuli0398/Optimization/MOE-grad-conflict-routing/runs/mrpc_deberta_coord48_s23_final235_gpu12/single_task/deberta_mrpc_lora_e4_k2/hpo/baseline/trial_runs/coord_02_train_weight_decay_006/baseline_s2_curve.csv
