[run] method=cagrad candidate=local_var_topk_000 seed=2 steps=150 gpu=0
[run] cmd=
/home/zhujjing/anaconda3/envs/moe/bin/python /home/zhujjing/MOE-grad-conflict-routing/scripts/run.py --config configs/singletask_sst2_real.yaml --set model.backbone_backend=hf --set model.hf_load_pretrained=true --set model.backbone=roberta --set model.hf_pretrained_name=roberta-base --set model.expert_type=lora --set model.routing_mode=topk --set model.num_experts=4 --set model.top_k=2 --set seed=2 --set method.name=baseline_cagrad --set train.steps=150 --set train.eval_every_steps=50 --set method.baseline_cagrad.c=0.1187523056 --set method.baseline_cagrad.inner_lr=0.07754270008 --set train.grad_clip=0.716176527 --set train.lr=1e-05 --set train.weight_decay=0.02884869601 --out /home/zhujjing/MOE-grad-conflict-routing/runs/paper_suite/single_gpu/single_task/roberta_sst2_lora_e4_k2/hpo/cagrad/trial_runs/local_var_topk_000/cagrad_s2.json --curve_out /home/zhujjing/MOE-grad-conflict-routing/runs/paper_suite/single_gpu/single_task/roberta_sst2_lora_e4_k2/hpo/cagrad/trial_runs/local_var_topk_000/cagrad_s2_curve.csv
Using the latest cached version of the dataset since glue couldn't be found on the Hugging Face Hub (offline mode is enabled).
Found the latest cached dataset configuration 'sst2' at /home/zhujjing/hf_cache/datasets/glue/sst2/0.0.0/bcdcba79d07bc864c1c254ccfcedcce55bcc9a8c (last modified on Thu Mar 19 15:01:41 2026).
/home/zhujjing/anaconda3/envs/moe/lib/python3.10/site-packages/transformers/utils/hub.py:124: FutureWarning: Using `TRANSFORMERS_CACHE` is deprecated and will be removed in v5 of Transformers. Use `HF_HOME` instead.
  warnings.warn(
Some weights of RobertaModel were not initialized from the model checkpoint at roberta-base and are newly initialized: ['roberta.pooler.dense.bias', 'roberta.pooler.dense.weight']
You should probably TRAIN this model on a down-stream task to be able to use it for predictions and inference.
[step 0001/150] method=baseline_cagrad loss=0.6521 train_acc=nan train_loss=nan val_acc=nan val_loss=nan best=-1.0000
[step 0010/150] method=baseline_cagrad loss=0.7148 train_acc=nan train_loss=nan val_acc=nan val_loss=nan best=-1.0000
[step 0020/150] method=baseline_cagrad loss=0.6590 train_acc=nan train_loss=nan val_acc=nan val_loss=nan best=-1.0000
[step 0030/150] method=baseline_cagrad loss=0.6162 train_acc=nan train_loss=nan val_acc=nan val_loss=nan best=-1.0000
[step 0040/150] method=baseline_cagrad loss=0.3947 train_acc=nan train_loss=nan val_acc=nan val_loss=nan best=-1.0000
[step 0050/150] method=baseline_cagrad loss=0.4206 train_acc=0.8625 train_loss=0.3656 val_acc=0.8440 val_loss=0.3722 router_H=0.6886 best=0.8440
           router_load=[0.23837406933307648, 0.4501941204071045, 0.1556292176246643, 0.1558026671409607]
[step 0060/150] method=baseline_cagrad loss=0.3944 train_acc=0.8625 train_loss=0.3656 val_acc=0.8440 val_loss=0.3722 router_H=0.6886 best=0.8440
           router_load=[0.23837406933307648, 0.4501941204071045, 0.1556292176246643, 0.1558026671409607]
[step 0070/150] method=baseline_cagrad loss=0.3425 train_acc=0.8625 train_loss=0.3656 val_acc=0.8440 val_loss=0.3722 router_H=0.6886 best=0.8440
           router_load=[0.23837406933307648, 0.4501941204071045, 0.1556292176246643, 0.1558026671409607]
[step 0080/150] method=baseline_cagrad loss=0.5153 train_acc=0.8625 train_loss=0.3656 val_acc=0.8440 val_loss=0.3722 router_H=0.6886 best=0.8440
           router_load=[0.23837406933307648, 0.4501941204071045, 0.1556292176246643, 0.1558026671409607]
[step 0090/150] method=baseline_cagrad loss=0.2716 train_acc=0.8625 train_loss=0.3656 val_acc=0.8440 val_loss=0.3722 router_H=0.6886 best=0.8440
           router_load=[0.23837406933307648, 0.4501941204071045, 0.1556292176246643, 0.1558026671409607]
[step 0100/150] method=baseline_cagrad loss=0.4277 train_acc=0.8477 train_loss=0.3858 val_acc=0.8005 val_loss=0.4852 router_H=0.6880 best=0.8440
           router_load=[0.29981037974357605, 0.4876587688922882, 0.10901245474815369, 0.1035182848572731]
[step 0110/150] method=baseline_cagrad loss=0.3923 train_acc=0.8477 train_loss=0.3858 val_acc=0.8005 val_loss=0.4852 router_H=0.6880 best=0.8440
           router_load=[0.29981037974357605, 0.4876587688922882, 0.10901245474815369, 0.1035182848572731]
[step 0120/150] method=baseline_cagrad loss=0.5066 train_acc=0.8477 train_loss=0.3858 val_acc=0.8005 val_loss=0.4852 router_H=0.6880 best=0.8440
           router_load=[0.29981037974357605, 0.4876587688922882, 0.10901245474815369, 0.1035182848572731]
[step 0130/150] method=baseline_cagrad loss=0.2511 train_acc=0.8477 train_loss=0.3858 val_acc=0.8005 val_loss=0.4852 router_H=0.6880 best=0.8440
           router_load=[0.29981037974357605, 0.4876587688922882, 0.10901245474815369, 0.1035182848572731]
[step 0140/150] method=baseline_cagrad loss=0.4527 train_acc=0.8477 train_loss=0.3858 val_acc=0.8005 val_loss=0.4852 router_H=0.6880 best=0.8440
           router_load=[0.29981037974357605, 0.4876587688922882, 0.10901245474815369, 0.1035182848572731]
[step 0150/150] method=baseline_cagrad loss=0.6629 train_acc=0.8889 train_loss=0.2980 val_acc=0.9014 val_loss=0.2748 router_H=0.6894 best=0.9014
           router_load=[0.25008726119995117, 0.4406125545501709, 0.144427090883255, 0.1648731231689453]
saved summary -> /home/zhujjing/MOE-grad-conflict-routing/runs/paper_suite/single_gpu/single_task/roberta_sst2_lora_e4_k2/hpo/cagrad/trial_runs/local_var_topk_000/cagrad_s2.json
saved curve -> /home/zhujjing/MOE-grad-conflict-routing/runs/paper_suite/single_gpu/single_task/roberta_sst2_lora_e4_k2/hpo/cagrad/trial_runs/local_var_topk_000/cagrad_s2_curve.csv
