[run] method=cagrad candidate=local_var_topk_017 seed=2 steps=150 gpu=0
[run] cmd=
/home/zhujjing/anaconda3/envs/moe/bin/python /home/zhujjing/MOE-grad-conflict-routing/scripts/run.py --config configs/singletask_sst2_real.yaml --set model.backbone_backend=hf --set model.hf_load_pretrained=true --set model.backbone=roberta --set model.hf_pretrained_name=roberta-base --set model.expert_type=lora --set model.routing_mode=topk --set model.num_experts=4 --set model.top_k=2 --set seed=2 --set method.name=baseline_cagrad --set train.steps=150 --set train.eval_every_steps=50 --set method.baseline_cagrad.c=0.1187523056 --set method.baseline_cagrad.inner_lr=0.07754270008 --set train.grad_clip=0.716176527 --set train.lr=4e-05 --set train.weight_decay=0.02884869601 --out /home/zhujjing/MOE-grad-conflict-routing/runs/paper_suite/single_gpu/single_task/roberta_sst2_lora_e4_k2/hpo/cagrad/trial_runs/local_var_topk_017/cagrad_s2.json --curve_out /home/zhujjing/MOE-grad-conflict-routing/runs/paper_suite/single_gpu/single_task/roberta_sst2_lora_e4_k2/hpo/cagrad/trial_runs/local_var_topk_017/cagrad_s2_curve.csv
Using the latest cached version of the dataset since glue couldn't be found on the Hugging Face Hub (offline mode is enabled).
Found the latest cached dataset configuration 'sst2' at /home/zhujjing/hf_cache/datasets/glue/sst2/0.0.0/bcdcba79d07bc864c1c254ccfcedcce55bcc9a8c (last modified on Thu Mar 19 15:01:41 2026).
/home/zhujjing/anaconda3/envs/moe/lib/python3.10/site-packages/transformers/utils/hub.py:124: FutureWarning: Using `TRANSFORMERS_CACHE` is deprecated and will be removed in v5 of Transformers. Use `HF_HOME` instead.
  warnings.warn(
Some weights of RobertaModel were not initialized from the model checkpoint at roberta-base and are newly initialized: ['roberta.pooler.dense.bias', 'roberta.pooler.dense.weight']
You should probably TRAIN this model on a down-stream task to be able to use it for predictions and inference.
[step 0001/150] method=baseline_cagrad loss=0.7723 train_acc=nan train_loss=nan val_acc=nan val_loss=nan best=-1.0000
[step 0010/150] method=baseline_cagrad loss=0.6817 train_acc=nan train_loss=nan val_acc=nan val_loss=nan best=-1.0000
[step 0020/150] method=baseline_cagrad loss=0.6726 train_acc=nan train_loss=nan val_acc=nan val_loss=nan best=-1.0000
[step 0030/150] method=baseline_cagrad loss=0.2753 train_acc=nan train_loss=nan val_acc=nan val_loss=nan best=-1.0000
[step 0040/150] method=baseline_cagrad loss=0.4769 train_acc=nan train_loss=nan val_acc=nan val_loss=nan best=-1.0000
[step 0050/150] method=baseline_cagrad loss=0.4234 train_acc=0.8507 train_loss=0.3928 val_acc=0.8589 val_loss=0.3515 router_H=0.6912 best=0.8589
           router_load=[0.4940462112426758, 0.0, 0.0, 0.5059537887573242]
[step 0060/150] method=baseline_cagrad loss=0.2842 train_acc=0.8507 train_loss=0.3928 val_acc=0.8589 val_loss=0.3515 router_H=0.6912 best=0.8589
           router_load=[0.4940462112426758, 0.0, 0.0, 0.5059537887573242]
[step 0070/150] method=baseline_cagrad loss=0.5045 train_acc=0.8507 train_loss=0.3928 val_acc=0.8589 val_loss=0.3515 router_H=0.6912 best=0.8589
           router_load=[0.4940462112426758, 0.0, 0.0, 0.5059537887573242]
[step 0080/150] method=baseline_cagrad loss=0.4975 train_acc=0.8507 train_loss=0.3928 val_acc=0.8589 val_loss=0.3515 router_H=0.6912 best=0.8589
           router_load=[0.4940462112426758, 0.0, 0.0, 0.5059537887573242]
[step 0090/150] method=baseline_cagrad loss=0.4443 train_acc=0.8507 train_loss=0.3928 val_acc=0.8589 val_loss=0.3515 router_H=0.6912 best=0.8589
           router_load=[0.4940462112426758, 0.0, 0.0, 0.5059537887573242]
[step 0100/150] method=baseline_cagrad loss=0.7014 train_acc=0.8024 train_loss=0.5082 val_acc=0.7626 val_loss=0.5942 router_H=0.6891 best=0.8589
           router_load=[0.46614232659339905, 0.0, 0.0, 0.5338577032089233]
[step 0110/150] method=baseline_cagrad loss=0.3545 train_acc=0.8024 train_loss=0.5082 val_acc=0.7626 val_loss=0.5942 router_H=0.6891 best=0.8589
           router_load=[0.46614232659339905, 0.0, 0.0, 0.5338577032089233]
[step 0120/150] method=baseline_cagrad loss=0.6418 train_acc=0.8024 train_loss=0.5082 val_acc=0.7626 val_loss=0.5942 router_H=0.6891 best=0.8589
           router_load=[0.46614232659339905, 0.0, 0.0, 0.5338577032089233]
[step 0130/150] method=baseline_cagrad loss=0.2724 train_acc=0.8024 train_loss=0.5082 val_acc=0.7626 val_loss=0.5942 router_H=0.6891 best=0.8589
           router_load=[0.46614232659339905, 0.0, 0.0, 0.5338577032089233]
[step 0140/150] method=baseline_cagrad loss=0.9237 train_acc=0.8024 train_loss=0.5082 val_acc=0.7626 val_loss=0.5942 router_H=0.6891 best=0.8589
           router_load=[0.46614232659339905, 0.0, 0.0, 0.5338577032089233]
[step 0150/150] method=baseline_cagrad loss=0.5014 train_acc=0.8824 train_loss=0.3131 val_acc=0.8865 val_loss=0.3147 router_H=0.6916 best=0.8865
           router_load=[0.48929068446159363, 0.0, 0.0005531054921448231, 0.5101562738418579]
saved summary -> /home/zhujjing/MOE-grad-conflict-routing/runs/paper_suite/single_gpu/single_task/roberta_sst2_lora_e4_k2/hpo/cagrad/trial_runs/local_var_topk_017/cagrad_s2.json
saved curve -> /home/zhujjing/MOE-grad-conflict-routing/runs/paper_suite/single_gpu/single_task/roberta_sst2_lora_e4_k2/hpo/cagrad/trial_runs/local_var_topk_017/cagrad_s2_curve.csv
