[run] method=cagrad candidate=local_var_topk_010 seed=2 steps=150 gpu=0
[run] cmd=
/home/zhujjing/anaconda3/envs/moe/bin/python /home/zhujjing/MOE-grad-conflict-routing/scripts/run.py --config configs/singletask_sst2_real.yaml --set model.backbone_backend=hf --set model.hf_load_pretrained=true --set model.backbone=roberta --set model.hf_pretrained_name=roberta-base --set model.expert_type=lora --set model.routing_mode=topk --set model.num_experts=4 --set model.top_k=2 --set seed=2 --set method.name=baseline_cagrad --set train.steps=150 --set train.eval_every_steps=50 --set method.baseline_cagrad.c=0.1187523056 --set method.baseline_cagrad.inner_lr=0.1550854002 --set train.grad_clip=0.716176527 --set train.lr=2e-05 --set train.weight_decay=0.02884869601 --out /home/zhujjing/MOE-grad-conflict-routing/runs/paper_suite/single_gpu/single_task/roberta_sst2_lora_e4_k2/hpo/cagrad/trial_runs/local_var_topk_010/cagrad_s2.json --curve_out /home/zhujjing/MOE-grad-conflict-routing/runs/paper_suite/single_gpu/single_task/roberta_sst2_lora_e4_k2/hpo/cagrad/trial_runs/local_var_topk_010/cagrad_s2_curve.csv
Using the latest cached version of the dataset since glue couldn't be found on the Hugging Face Hub (offline mode is enabled).
Found the latest cached dataset configuration 'sst2' at /home/zhujjing/hf_cache/datasets/glue/sst2/0.0.0/bcdcba79d07bc864c1c254ccfcedcce55bcc9a8c (last modified on Thu Mar 19 15:01:41 2026).
/home/zhujjing/anaconda3/envs/moe/lib/python3.10/site-packages/transformers/utils/hub.py:124: FutureWarning: Using `TRANSFORMERS_CACHE` is deprecated and will be removed in v5 of Transformers. Use `HF_HOME` instead.
  warnings.warn(
Some weights of RobertaModel were not initialized from the model checkpoint at roberta-base and are newly initialized: ['roberta.pooler.dense.bias', 'roberta.pooler.dense.weight']
You should probably TRAIN this model on a down-stream task to be able to use it for predictions and inference.
[step 0001/150] method=baseline_cagrad loss=0.7782 train_acc=nan train_loss=nan val_acc=nan val_loss=nan best=-1.0000
[step 0010/150] method=baseline_cagrad loss=0.7413 train_acc=nan train_loss=nan val_acc=nan val_loss=nan best=-1.0000
[step 0020/150] method=baseline_cagrad loss=0.6201 train_acc=nan train_loss=nan val_acc=nan val_loss=nan best=-1.0000
[step 0030/150] method=baseline_cagrad loss=0.4331 train_acc=nan train_loss=nan val_acc=nan val_loss=nan best=-1.0000
[step 0040/150] method=baseline_cagrad loss=0.0521 train_acc=nan train_loss=nan val_acc=nan val_loss=nan best=-1.0000
[step 0050/150] method=baseline_cagrad loss=0.5161 train_acc=0.8811 train_loss=0.3896 val_acc=0.8807 val_loss=0.3489 router_H=0.6737 best=0.8807
           router_load=[0.11856089532375336, 0.323543518781662, 0.27765393257141113, 0.2802416980266571]
[step 0060/150] method=baseline_cagrad loss=0.5116 train_acc=0.8811 train_loss=0.3896 val_acc=0.8807 val_loss=0.3489 router_H=0.6737 best=0.8807
           router_load=[0.11856089532375336, 0.323543518781662, 0.27765393257141113, 0.2802416980266571]
[step 0070/150] method=baseline_cagrad loss=0.4616 train_acc=0.8811 train_loss=0.3896 val_acc=0.8807 val_loss=0.3489 router_H=0.6737 best=0.8807
           router_load=[0.11856089532375336, 0.323543518781662, 0.27765393257141113, 0.2802416980266571]
[step 0080/150] method=baseline_cagrad loss=0.3987 train_acc=0.8811 train_loss=0.3896 val_acc=0.8807 val_loss=0.3489 router_H=0.6737 best=0.8807
           router_load=[0.11856089532375336, 0.323543518781662, 0.27765393257141113, 0.2802416980266571]
[step 0090/150] method=baseline_cagrad loss=0.1912 train_acc=0.8811 train_loss=0.3896 val_acc=0.8807 val_loss=0.3489 router_H=0.6737 best=0.8807
           router_load=[0.11856089532375336, 0.323543518781662, 0.27765393257141113, 0.2802416980266571]
[step 0100/150] method=baseline_cagrad loss=0.6067 train_acc=0.7987 train_loss=0.5329 val_acc=0.7718 val_loss=0.5785 router_H=0.6899 best=0.8807
           router_load=[0.27212852239608765, 0.20618051290512085, 0.12720060348510742, 0.3944903016090393]
[step 0110/150] method=baseline_cagrad loss=0.4344 train_acc=0.7987 train_loss=0.5329 val_acc=0.7718 val_loss=0.5785 router_H=0.6899 best=0.8807
           router_load=[0.27212852239608765, 0.20618051290512085, 0.12720060348510742, 0.3944903016090393]
[step 0120/150] method=baseline_cagrad loss=0.5369 train_acc=0.7987 train_loss=0.5329 val_acc=0.7718 val_loss=0.5785 router_H=0.6899 best=0.8807
           router_load=[0.27212852239608765, 0.20618051290512085, 0.12720060348510742, 0.3944903016090393]
[step 0130/150] method=baseline_cagrad loss=0.3656 train_acc=0.7987 train_loss=0.5329 val_acc=0.7718 val_loss=0.5785 router_H=0.6899 best=0.8807
           router_load=[0.27212852239608765, 0.20618051290512085, 0.12720060348510742, 0.3944903016090393]
[step 0140/150] method=baseline_cagrad loss=0.7872 train_acc=0.7987 train_loss=0.5329 val_acc=0.7718 val_loss=0.5785 router_H=0.6899 best=0.8807
           router_load=[0.27212852239608765, 0.20618051290512085, 0.12720060348510742, 0.3944903016090393]
[step 0150/150] method=baseline_cagrad loss=0.4295 train_acc=0.8882 train_loss=0.2868 val_acc=0.9048 val_loss=0.2642 router_H=0.6845 best=0.9048
           router_load=[0.31688424944877625, 0.28189465403556824, 0.007646056357771158, 0.3935750126838684]
saved summary -> /home/zhujjing/MOE-grad-conflict-routing/runs/paper_suite/single_gpu/single_task/roberta_sst2_lora_e4_k2/hpo/cagrad/trial_runs/local_var_topk_010/cagrad_s2.json
saved curve -> /home/zhujjing/MOE-grad-conflict-routing/runs/paper_suite/single_gpu/single_task/roberta_sst2_lora_e4_k2/hpo/cagrad/trial_runs/local_var_topk_010/cagrad_s2_curve.csv
