[run] method=cagrad candidate=local_var_topk_017 seed=3 steps=150 gpu=0
[run] cmd=
/home/zhujjing/anaconda3/envs/moe/bin/python /home/zhujjing/MOE-grad-conflict-routing/scripts/run.py --config configs/singletask_sst2_real.yaml --set model.backbone_backend=hf --set model.hf_load_pretrained=true --set model.backbone=roberta --set model.hf_pretrained_name=roberta-base --set model.expert_type=lora --set model.routing_mode=topk --set model.num_experts=4 --set model.top_k=2 --set seed=3 --set method.name=baseline_cagrad --set train.steps=150 --set train.eval_every_steps=50 --set method.baseline_cagrad.c=0.1187523056 --set method.baseline_cagrad.inner_lr=0.07754270008 --set train.grad_clip=0.716176527 --set train.lr=4e-05 --set train.weight_decay=0.02884869601 --out /home/zhujjing/MOE-grad-conflict-routing/runs/paper_suite/single_gpu/single_task/roberta_sst2_lora_e4_k2/hpo/cagrad/trial_runs/local_var_topk_017/cagrad_s3.json --curve_out /home/zhujjing/MOE-grad-conflict-routing/runs/paper_suite/single_gpu/single_task/roberta_sst2_lora_e4_k2/hpo/cagrad/trial_runs/local_var_topk_017/cagrad_s3_curve.csv
Using the latest cached version of the dataset since glue couldn't be found on the Hugging Face Hub (offline mode is enabled).
Found the latest cached dataset configuration 'sst2' at /home/zhujjing/hf_cache/datasets/glue/sst2/0.0.0/bcdcba79d07bc864c1c254ccfcedcce55bcc9a8c (last modified on Thu Mar 19 15:01:41 2026).
/home/zhujjing/anaconda3/envs/moe/lib/python3.10/site-packages/transformers/utils/hub.py:124: FutureWarning: Using `TRANSFORMERS_CACHE` is deprecated and will be removed in v5 of Transformers. Use `HF_HOME` instead.
  warnings.warn(
Some weights of RobertaModel were not initialized from the model checkpoint at roberta-base and are newly initialized: ['roberta.pooler.dense.bias', 'roberta.pooler.dense.weight']
You should probably TRAIN this model on a down-stream task to be able to use it for predictions and inference.
[step 0001/150] method=baseline_cagrad loss=0.7562 train_acc=nan train_loss=nan val_acc=nan val_loss=nan best=-1.0000
[step 0010/150] method=baseline_cagrad loss=0.5808 train_acc=nan train_loss=nan val_acc=nan val_loss=nan best=-1.0000
[step 0020/150] method=baseline_cagrad loss=0.5776 train_acc=nan train_loss=nan val_acc=nan val_loss=nan best=-1.0000
[step 0030/150] method=baseline_cagrad loss=0.5101 train_acc=nan train_loss=nan val_acc=nan val_loss=nan best=-1.0000
[step 0040/150] method=baseline_cagrad loss=0.5918 train_acc=nan train_loss=nan val_acc=nan val_loss=nan best=-1.0000
[step 0050/150] method=baseline_cagrad loss=0.7768 train_acc=0.8452 train_loss=0.3981 val_acc=0.8257 val_loss=0.4385 router_H=0.6879 best=0.8257
           router_load=[0.5229502320289612, 0.46099668741226196, 0.0009787817252799869, 0.015074244700372219]
[step 0060/150] method=baseline_cagrad loss=0.6267 train_acc=0.8452 train_loss=0.3981 val_acc=0.8257 val_loss=0.4385 router_H=0.6879 best=0.8257
           router_load=[0.5229502320289612, 0.46099668741226196, 0.0009787817252799869, 0.015074244700372219]
[step 0070/150] method=baseline_cagrad loss=0.4538 train_acc=0.8452 train_loss=0.3981 val_acc=0.8257 val_loss=0.4385 router_H=0.6879 best=0.8257
           router_load=[0.5229502320289612, 0.46099668741226196, 0.0009787817252799869, 0.015074244700372219]
[step 0080/150] method=baseline_cagrad loss=0.1530 train_acc=0.8452 train_loss=0.3981 val_acc=0.8257 val_loss=0.4385 router_H=0.6879 best=0.8257
           router_load=[0.5229502320289612, 0.46099668741226196, 0.0009787817252799869, 0.015074244700372219]
[step 0090/150] method=baseline_cagrad loss=0.4968 train_acc=0.8452 train_loss=0.3981 val_acc=0.8257 val_loss=0.4385 router_H=0.6879 best=0.8257
           router_load=[0.5229502320289612, 0.46099668741226196, 0.0009787817252799869, 0.015074244700372219]
[step 0100/150] method=baseline_cagrad loss=0.4192 train_acc=0.8674 train_loss=0.3174 val_acc=0.9025 val_loss=0.2616 router_H=0.6801 best=0.9025
           router_load=[0.5400749444961548, 0.4067753851413727, 0.05040810629725456, 0.002741588046774268]
[step 0110/150] method=baseline_cagrad loss=0.5098 train_acc=0.8674 train_loss=0.3174 val_acc=0.9025 val_loss=0.2616 router_H=0.6801 best=0.9025
           router_load=[0.5400749444961548, 0.4067753851413727, 0.05040810629725456, 0.002741588046774268]
[step 0120/150] method=baseline_cagrad loss=0.2069 train_acc=0.8674 train_loss=0.3174 val_acc=0.9025 val_loss=0.2616 router_H=0.6801 best=0.9025
           router_load=[0.5400749444961548, 0.4067753851413727, 0.05040810629725456, 0.002741588046774268]
[step 0130/150] method=baseline_cagrad loss=0.6514 train_acc=0.8674 train_loss=0.3174 val_acc=0.9025 val_loss=0.2616 router_H=0.6801 best=0.9025
           router_load=[0.5400749444961548, 0.4067753851413727, 0.05040810629725456, 0.002741588046774268]
[step 0140/150] method=baseline_cagrad loss=0.2862 train_acc=0.8674 train_loss=0.3174 val_acc=0.9025 val_loss=0.2616 router_H=0.6801 best=0.9025
           router_load=[0.5400749444961548, 0.4067753851413727, 0.05040810629725456, 0.002741588046774268]
[step 0150/150] method=baseline_cagrad loss=0.2576 train_acc=0.8673 train_loss=0.4249 val_acc=0.8739 val_loss=0.4233 router_H=0.6740 best=0.9025
           router_load=[0.5787844657897949, 0.2782735526561737, 0.12594638764858246, 0.016995590180158615]
saved summary -> /home/zhujjing/MOE-grad-conflict-routing/runs/paper_suite/single_gpu/single_task/roberta_sst2_lora_e4_k2/hpo/cagrad/trial_runs/local_var_topk_017/cagrad_s3.json
saved curve -> /home/zhujjing/MOE-grad-conflict-routing/runs/paper_suite/single_gpu/single_task/roberta_sst2_lora_e4_k2/hpo/cagrad/trial_runs/local_var_topk_017/cagrad_s3_curve.csv
