[run] method=cagrad candidate=local_var_topk_005 seed=2 steps=150 gpu=0
[run] cmd=
/home/zhujjing/anaconda3/envs/moe/bin/python /home/zhujjing/MOE-grad-conflict-routing/scripts/run.py --config configs/singletask_sst2_real.yaml --set model.backbone_backend=hf --set model.hf_load_pretrained=true --set model.backbone=roberta --set model.hf_pretrained_name=roberta-base --set model.expert_type=lora --set model.routing_mode=topk --set model.num_experts=4 --set model.top_k=2 --set seed=2 --set method.name=baseline_cagrad --set train.steps=150 --set train.eval_every_steps=50 --set method.baseline_cagrad.c=0.1187523056 --set method.baseline_cagrad.inner_lr=0.3101708003 --set train.grad_clip=1.016176527 --set train.lr=1e-05 --set train.weight_decay=0.02884869601 --out /home/zhujjing/MOE-grad-conflict-routing/runs/paper_suite/single_gpu/single_task/roberta_sst2_lora_e4_k2/hpo/cagrad/trial_runs/local_var_topk_005/cagrad_s2.json --curve_out /home/zhujjing/MOE-grad-conflict-routing/runs/paper_suite/single_gpu/single_task/roberta_sst2_lora_e4_k2/hpo/cagrad/trial_runs/local_var_topk_005/cagrad_s2_curve.csv
Using the latest cached version of the dataset since glue couldn't be found on the Hugging Face Hub (offline mode is enabled).
Found the latest cached dataset configuration 'sst2' at /home/zhujjing/hf_cache/datasets/glue/sst2/0.0.0/bcdcba79d07bc864c1c254ccfcedcce55bcc9a8c (last modified on Thu Mar 19 15:01:41 2026).
/home/zhujjing/anaconda3/envs/moe/lib/python3.10/site-packages/transformers/utils/hub.py:124: FutureWarning: Using `TRANSFORMERS_CACHE` is deprecated and will be removed in v5 of Transformers. Use `HF_HOME` instead.
  warnings.warn(
Some weights of RobertaModel were not initialized from the model checkpoint at roberta-base and are newly initialized: ['roberta.pooler.dense.bias', 'roberta.pooler.dense.weight']
You should probably TRAIN this model on a down-stream task to be able to use it for predictions and inference.
[step 0001/150] method=baseline_cagrad loss=0.8483 train_acc=nan train_loss=nan val_acc=nan val_loss=nan best=-1.0000
[step 0010/150] method=baseline_cagrad loss=0.7286 train_acc=nan train_loss=nan val_acc=nan val_loss=nan best=-1.0000
[step 0020/150] method=baseline_cagrad loss=0.6852 train_acc=nan train_loss=nan val_acc=nan val_loss=nan best=-1.0000
[step 0030/150] method=baseline_cagrad loss=0.6094 train_acc=nan train_loss=nan val_acc=nan val_loss=nan best=-1.0000
[step 0040/150] method=baseline_cagrad loss=0.5114 train_acc=nan train_loss=nan val_acc=nan val_loss=nan best=-1.0000
[step 0050/150] method=baseline_cagrad loss=0.5457 train_acc=0.8490 train_loss=0.4490 val_acc=0.8589 val_loss=0.4341 router_H=0.6906 best=0.8589
           router_load=[0.22112789750099182, 0.27228090167045593, 0.48125115036964417, 0.025339949876070023]
[step 0060/150] method=baseline_cagrad loss=0.4471 train_acc=0.8490 train_loss=0.4490 val_acc=0.8589 val_loss=0.4341 router_H=0.6906 best=0.8589
           router_load=[0.22112789750099182, 0.27228090167045593, 0.48125115036964417, 0.025339949876070023]
[step 0070/150] method=baseline_cagrad loss=0.6300 train_acc=0.8490 train_loss=0.4490 val_acc=0.8589 val_loss=0.4341 router_H=0.6906 best=0.8589
           router_load=[0.22112789750099182, 0.27228090167045593, 0.48125115036964417, 0.025339949876070023]
[step 0080/150] method=baseline_cagrad loss=0.6362 train_acc=0.8490 train_loss=0.4490 val_acc=0.8589 val_loss=0.4341 router_H=0.6906 best=0.8589
           router_load=[0.22112789750099182, 0.27228090167045593, 0.48125115036964417, 0.025339949876070023]
[step 0090/150] method=baseline_cagrad loss=0.2341 train_acc=0.8490 train_loss=0.4490 val_acc=0.8589 val_loss=0.4341 router_H=0.6906 best=0.8589
           router_load=[0.22112789750099182, 0.27228090167045593, 0.48125115036964417, 0.025339949876070023]
[step 0100/150] method=baseline_cagrad loss=0.3513 train_acc=0.8619 train_loss=0.3398 val_acc=0.8372 val_loss=0.3855 router_H=0.6889 best=0.8589
           router_load=[0.2311125248670578, 0.1653902232646942, 0.49635642766952515, 0.10714091360569]
[step 0110/150] method=baseline_cagrad loss=0.3891 train_acc=0.8619 train_loss=0.3398 val_acc=0.8372 val_loss=0.3855 router_H=0.6889 best=0.8589
           router_load=[0.2311125248670578, 0.1653902232646942, 0.49635642766952515, 0.10714091360569]
[step 0120/150] method=baseline_cagrad loss=0.6157 train_acc=0.8619 train_loss=0.3398 val_acc=0.8372 val_loss=0.3855 router_H=0.6889 best=0.8589
           router_load=[0.2311125248670578, 0.1653902232646942, 0.49635642766952515, 0.10714091360569]
[step 0130/150] method=baseline_cagrad loss=0.3437 train_acc=0.8619 train_loss=0.3398 val_acc=0.8372 val_loss=0.3855 router_H=0.6889 best=0.8589
           router_load=[0.2311125248670578, 0.1653902232646942, 0.49635642766952515, 0.10714091360569]
[step 0140/150] method=baseline_cagrad loss=0.3790 train_acc=0.8619 train_loss=0.3398 val_acc=0.8372 val_loss=0.3855 router_H=0.6889 best=0.8589
           router_load=[0.2311125248670578, 0.1653902232646942, 0.49635642766952515, 0.10714091360569]
[step 0150/150] method=baseline_cagrad loss=0.5667 train_acc=0.8956 train_loss=0.2789 val_acc=0.9014 val_loss=0.2674 router_H=0.6882 best=0.9014
           router_load=[0.22077080607414246, 0.14966806769371033, 0.5056706070899963, 0.12389042973518372]
saved summary -> /home/zhujjing/MOE-grad-conflict-routing/runs/paper_suite/single_gpu/single_task/roberta_sst2_lora_e4_k2/hpo/cagrad/trial_runs/local_var_topk_005/cagrad_s2.json
saved curve -> /home/zhujjing/MOE-grad-conflict-routing/runs/paper_suite/single_gpu/single_task/roberta_sst2_lora_e4_k2/hpo/cagrad/trial_runs/local_var_topk_005/cagrad_s2_curve.csv
