[run] method=cagrad candidate=local_var_topk_021 seed=2 steps=150 gpu=0
[run] cmd=
/home/zhujjing/anaconda3/envs/moe/bin/python /home/zhujjing/MOE-grad-conflict-routing/scripts/run.py --config configs/singletask_sst2_real.yaml --set model.backbone_backend=hf --set model.hf_load_pretrained=true --set model.backbone=roberta --set model.hf_pretrained_name=roberta-base --set model.expert_type=lora --set model.routing_mode=topk --set model.num_experts=4 --set model.top_k=2 --set seed=2 --set method.name=baseline_cagrad --set train.steps=150 --set train.eval_every_steps=50 --set method.baseline_cagrad.c=0.1187523056 --set method.baseline_cagrad.inner_lr=0.1550854002 --set train.grad_clip=1.016176527 --set train.lr=4e-05 --set train.weight_decay=0.02884869601 --out /home/zhujjing/MOE-grad-conflict-routing/runs/paper_suite/single_gpu/single_task/roberta_sst2_lora_e4_k2/hpo/cagrad/trial_runs/local_var_topk_021/cagrad_s2.json --curve_out /home/zhujjing/MOE-grad-conflict-routing/runs/paper_suite/single_gpu/single_task/roberta_sst2_lora_e4_k2/hpo/cagrad/trial_runs/local_var_topk_021/cagrad_s2_curve.csv
Using the latest cached version of the dataset since glue couldn't be found on the Hugging Face Hub (offline mode is enabled).
Found the latest cached dataset configuration 'sst2' at /home/zhujjing/hf_cache/datasets/glue/sst2/0.0.0/bcdcba79d07bc864c1c254ccfcedcce55bcc9a8c (last modified on Thu Mar 19 15:01:41 2026).
/home/zhujjing/anaconda3/envs/moe/lib/python3.10/site-packages/transformers/utils/hub.py:124: FutureWarning: Using `TRANSFORMERS_CACHE` is deprecated and will be removed in v5 of Transformers. Use `HF_HOME` instead.
  warnings.warn(
Some weights of RobertaModel were not initialized from the model checkpoint at roberta-base and are newly initialized: ['roberta.pooler.dense.bias', 'roberta.pooler.dense.weight']
You should probably TRAIN this model on a down-stream task to be able to use it for predictions and inference.
[step 0001/150] method=baseline_cagrad loss=0.6550 train_acc=nan train_loss=nan val_acc=nan val_loss=nan best=-1.0000
[step 0010/150] method=baseline_cagrad loss=0.6664 train_acc=nan train_loss=nan val_acc=nan val_loss=nan best=-1.0000
[step 0020/150] method=baseline_cagrad loss=0.4391 train_acc=nan train_loss=nan val_acc=nan val_loss=nan best=-1.0000
[step 0030/150] method=baseline_cagrad loss=0.3650 train_acc=nan train_loss=nan val_acc=nan val_loss=nan best=-1.0000
[step 0040/150] method=baseline_cagrad loss=0.6980 train_acc=nan train_loss=nan val_acc=nan val_loss=nan best=-1.0000
[step 0050/150] method=baseline_cagrad loss=0.8150 train_acc=0.7833 train_loss=0.5660 val_acc=0.7936 val_loss=0.5327 router_H=0.6880 best=0.7936
           router_load=[0.0, 0.0004728289495687932, 0.5363067984580994, 0.46322035789489746]
[step 0060/150] method=baseline_cagrad loss=0.5081 train_acc=0.7833 train_loss=0.5660 val_acc=0.7936 val_loss=0.5327 router_H=0.6880 best=0.7936
           router_load=[0.0, 0.0004728289495687932, 0.5363067984580994, 0.46322035789489746]
[step 0070/150] method=baseline_cagrad loss=0.3083 train_acc=0.7833 train_loss=0.5660 val_acc=0.7936 val_loss=0.5327 router_H=0.6880 best=0.7936
           router_load=[0.0, 0.0004728289495687932, 0.5363067984580994, 0.46322035789489746]
[step 0080/150] method=baseline_cagrad loss=0.7865 train_acc=0.7833 train_loss=0.5660 val_acc=0.7936 val_loss=0.5327 router_H=0.6880 best=0.7936
           router_load=[0.0, 0.0004728289495687932, 0.5363067984580994, 0.46322035789489746]
[step 0090/150] method=baseline_cagrad loss=0.3137 train_acc=0.7833 train_loss=0.5660 val_acc=0.7936 val_loss=0.5327 router_H=0.6880 best=0.7936
           router_load=[0.0, 0.0004728289495687932, 0.5363067984580994, 0.46322035789489746]
[step 0100/150] method=baseline_cagrad loss=0.5691 train_acc=0.8492 train_loss=0.3925 val_acc=0.8016 val_loss=0.4809 router_H=0.6891 best=0.8016
           router_load=[0.0, 0.0, 0.5051631331443787, 0.49483686685562134]
[step 0110/150] method=baseline_cagrad loss=0.4018 train_acc=0.8492 train_loss=0.3925 val_acc=0.8016 val_loss=0.4809 router_H=0.6891 best=0.8016
           router_load=[0.0, 0.0, 0.5051631331443787, 0.49483686685562134]
[step 0120/150] method=baseline_cagrad loss=0.8026 train_acc=0.8492 train_loss=0.3925 val_acc=0.8016 val_loss=0.4809 router_H=0.6891 best=0.8016
           router_load=[0.0, 0.0, 0.5051631331443787, 0.49483686685562134]
[step 0130/150] method=baseline_cagrad loss=0.1821 train_acc=0.8492 train_loss=0.3925 val_acc=0.8016 val_loss=0.4809 router_H=0.6891 best=0.8016
           router_load=[0.0, 0.0, 0.5051631331443787, 0.49483686685562134]
[step 0140/150] method=baseline_cagrad loss=0.2868 train_acc=0.8492 train_loss=0.3925 val_acc=0.8016 val_loss=0.4809 router_H=0.6891 best=0.8016
           router_load=[0.0, 0.0, 0.5051631331443787, 0.49483686685562134]
[step 0150/150] method=baseline_cagrad loss=0.6056 train_acc=0.8808 train_loss=0.2962 val_acc=0.8830 val_loss=0.2811 router_H=0.6868 best=0.8830
           router_load=[0.0, 0.00048358039930462837, 0.48360419273376465, 0.5159122347831726]
saved summary -> /home/zhujjing/MOE-grad-conflict-routing/runs/paper_suite/single_gpu/single_task/roberta_sst2_lora_e4_k2/hpo/cagrad/trial_runs/local_var_topk_021/cagrad_s2.json
saved curve -> /home/zhujjing/MOE-grad-conflict-routing/runs/paper_suite/single_gpu/single_task/roberta_sst2_lora_e4_k2/hpo/cagrad/trial_runs/local_var_topk_021/cagrad_s2_curve.csv
