[run] method=cagrad candidate=local_var_topk_004 seed=2 steps=150 gpu=0
[run] cmd=
/home/zhujjing/anaconda3/envs/moe/bin/python /home/zhujjing/MOE-grad-conflict-routing/scripts/run.py --config configs/singletask_sst2_real.yaml --set model.backbone_backend=hf --set model.hf_load_pretrained=true --set model.backbone=roberta --set model.hf_pretrained_name=roberta-base --set model.expert_type=lora --set model.routing_mode=topk --set model.num_experts=4 --set model.top_k=2 --set seed=2 --set method.name=baseline_cagrad --set train.steps=150 --set train.eval_every_steps=50 --set method.baseline_cagrad.c=0.1187523056 --set method.baseline_cagrad.inner_lr=0.1550854002 --set train.grad_clip=1.016176527 --set train.lr=1e-05 --set train.weight_decay=0.02884869601 --out /home/zhujjing/MOE-grad-conflict-routing/runs/paper_suite/single_gpu/single_task/roberta_sst2_lora_e4_k2/hpo/cagrad/trial_runs/local_var_topk_004/cagrad_s2.json --curve_out /home/zhujjing/MOE-grad-conflict-routing/runs/paper_suite/single_gpu/single_task/roberta_sst2_lora_e4_k2/hpo/cagrad/trial_runs/local_var_topk_004/cagrad_s2_curve.csv
Using the latest cached version of the dataset since glue couldn't be found on the Hugging Face Hub (offline mode is enabled).
Found the latest cached dataset configuration 'sst2' at /home/zhujjing/hf_cache/datasets/glue/sst2/0.0.0/bcdcba79d07bc864c1c254ccfcedcce55bcc9a8c (last modified on Thu Mar 19 15:01:41 2026).
/home/zhujjing/anaconda3/envs/moe/lib/python3.10/site-packages/transformers/utils/hub.py:124: FutureWarning: Using `TRANSFORMERS_CACHE` is deprecated and will be removed in v5 of Transformers. Use `HF_HOME` instead.
  warnings.warn(
Some weights of RobertaModel were not initialized from the model checkpoint at roberta-base and are newly initialized: ['roberta.pooler.dense.bias', 'roberta.pooler.dense.weight']
You should probably TRAIN this model on a down-stream task to be able to use it for predictions and inference.
[step 0001/150] method=baseline_cagrad loss=0.7182 train_acc=nan train_loss=nan val_acc=nan val_loss=nan best=-1.0000
[step 0010/150] method=baseline_cagrad loss=0.7192 train_acc=nan train_loss=nan val_acc=nan val_loss=nan best=-1.0000
[step 0020/150] method=baseline_cagrad loss=0.6023 train_acc=nan train_loss=nan val_acc=nan val_loss=nan best=-1.0000
[step 0030/150] method=baseline_cagrad loss=0.4324 train_acc=nan train_loss=nan val_acc=nan val_loss=nan best=-1.0000
[step 0040/150] method=baseline_cagrad loss=0.2120 train_acc=nan train_loss=nan val_acc=nan val_loss=nan best=-1.0000
[step 0050/150] method=baseline_cagrad loss=0.4223 train_acc=0.8785 train_loss=0.3223 val_acc=0.8716 val_loss=0.3402 router_H=0.6446 best=0.8716
           router_load=[0.0028411750681698322, 0.14750373363494873, 0.6470275521278381, 0.20262761414051056]
[step 0060/150] method=baseline_cagrad loss=0.3537 train_acc=0.8785 train_loss=0.3223 val_acc=0.8716 val_loss=0.3402 router_H=0.6446 best=0.8716
           router_load=[0.0028411750681698322, 0.14750373363494873, 0.6470275521278381, 0.20262761414051056]
[step 0070/150] method=baseline_cagrad loss=0.4819 train_acc=0.8785 train_loss=0.3223 val_acc=0.8716 val_loss=0.3402 router_H=0.6446 best=0.8716
           router_load=[0.0028411750681698322, 0.14750373363494873, 0.6470275521278381, 0.20262761414051056]
[step 0080/150] method=baseline_cagrad loss=0.6271 train_acc=0.8785 train_loss=0.3223 val_acc=0.8716 val_loss=0.3402 router_H=0.6446 best=0.8716
           router_load=[0.0028411750681698322, 0.14750373363494873, 0.6470275521278381, 0.20262761414051056]
[step 0090/150] method=baseline_cagrad loss=0.2007 train_acc=0.8785 train_loss=0.3223 val_acc=0.8716 val_loss=0.3402 router_H=0.6446 best=0.8716
           router_load=[0.0028411750681698322, 0.14750373363494873, 0.6470275521278381, 0.20262761414051056]
[step 0100/150] method=baseline_cagrad loss=0.4261 train_acc=0.8543 train_loss=0.3576 val_acc=0.8062 val_loss=0.4425 router_H=0.6636 best=0.8716
           router_load=[0.0011768105905503035, 0.04666009172797203, 0.6126422882080078, 0.33952078223228455]
[step 0110/150] method=baseline_cagrad loss=0.4247 train_acc=0.8543 train_loss=0.3576 val_acc=0.8062 val_loss=0.4425 router_H=0.6636 best=0.8716
           router_load=[0.0011768105905503035, 0.04666009172797203, 0.6126422882080078, 0.33952078223228455]
[step 0120/150] method=baseline_cagrad loss=0.4455 train_acc=0.8543 train_loss=0.3576 val_acc=0.8062 val_loss=0.4425 router_H=0.6636 best=0.8716
           router_load=[0.0011768105905503035, 0.04666009172797203, 0.6126422882080078, 0.33952078223228455]
[step 0130/150] method=baseline_cagrad loss=0.3041 train_acc=0.8543 train_loss=0.3576 val_acc=0.8062 val_loss=0.4425 router_H=0.6636 best=0.8716
           router_load=[0.0011768105905503035, 0.04666009172797203, 0.6126422882080078, 0.33952078223228455]
[step 0140/150] method=baseline_cagrad loss=0.4222 train_acc=0.8543 train_loss=0.3576 val_acc=0.8062 val_loss=0.4425 router_H=0.6636 best=0.8716
           router_load=[0.0011768105905503035, 0.04666009172797203, 0.6126422882080078, 0.33952078223228455]
[step 0150/150] method=baseline_cagrad loss=0.4901 train_acc=0.8948 train_loss=0.2778 val_acc=0.9014 val_loss=0.2743 router_H=0.6704 best=0.9014
           router_load=[0.0004119168734177947, 0.02918107435107231, 0.5946583151817322, 0.3757486045360565]
saved summary -> /home/zhujjing/MOE-grad-conflict-routing/runs/paper_suite/single_gpu/single_task/roberta_sst2_lora_e4_k2/hpo/cagrad/trial_runs/local_var_topk_004/cagrad_s2.json
saved curve -> /home/zhujjing/MOE-grad-conflict-routing/runs/paper_suite/single_gpu/single_task/roberta_sst2_lora_e4_k2/hpo/cagrad/trial_runs/local_var_topk_004/cagrad_s2_curve.csv
