[run] method=cagrad candidate=local_var_topk_014 seed=3 steps=150 gpu=0
[run] cmd=
/home/zhujjing/anaconda3/envs/moe/bin/python /home/zhujjing/MOE-grad-conflict-routing/scripts/run.py --config configs/singletask_sst2_real.yaml --set model.backbone_backend=hf --set model.hf_load_pretrained=true --set model.backbone=roberta --set model.hf_pretrained_name=roberta-base --set model.expert_type=lora --set model.routing_mode=topk --set model.num_experts=4 --set model.top_k=2 --set seed=3 --set method.name=baseline_cagrad --set train.steps=150 --set train.eval_every_steps=50 --set method.baseline_cagrad.c=0.1187523056 --set method.baseline_cagrad.inner_lr=0.07754270008 --set train.grad_clip=1.316176527 --set train.lr=2e-05 --set train.weight_decay=0.02884869601 --out /home/zhujjing/MOE-grad-conflict-routing/runs/paper_suite/single_gpu/single_task/roberta_sst2_lora_e4_k2/hpo/cagrad/trial_runs/local_var_topk_014/cagrad_s3.json --curve_out /home/zhujjing/MOE-grad-conflict-routing/runs/paper_suite/single_gpu/single_task/roberta_sst2_lora_e4_k2/hpo/cagrad/trial_runs/local_var_topk_014/cagrad_s3_curve.csv
Using the latest cached version of the dataset since glue couldn't be found on the Hugging Face Hub (offline mode is enabled).
Found the latest cached dataset configuration 'sst2' at /home/zhujjing/hf_cache/datasets/glue/sst2/0.0.0/bcdcba79d07bc864c1c254ccfcedcce55bcc9a8c (last modified on Thu Mar 19 15:01:41 2026).
/home/zhujjing/anaconda3/envs/moe/lib/python3.10/site-packages/transformers/utils/hub.py:124: FutureWarning: Using `TRANSFORMERS_CACHE` is deprecated and will be removed in v5 of Transformers. Use `HF_HOME` instead.
  warnings.warn(
Some weights of RobertaModel were not initialized from the model checkpoint at roberta-base and are newly initialized: ['roberta.pooler.dense.bias', 'roberta.pooler.dense.weight']
You should probably TRAIN this model on a down-stream task to be able to use it for predictions and inference.
[step 0001/150] method=baseline_cagrad loss=0.6757 train_acc=nan train_loss=nan val_acc=nan val_loss=nan best=-1.0000
[step 0010/150] method=baseline_cagrad loss=0.6125 train_acc=nan train_loss=nan val_acc=nan val_loss=nan best=-1.0000
[step 0020/150] method=baseline_cagrad loss=0.5296 train_acc=nan train_loss=nan val_acc=nan val_loss=nan best=-1.0000
[step 0030/150] method=baseline_cagrad loss=0.5120 train_acc=nan train_loss=nan val_acc=nan val_loss=nan best=-1.0000
[step 0040/150] method=baseline_cagrad loss=0.8224 train_acc=nan train_loss=nan val_acc=nan val_loss=nan best=-1.0000
[step 0050/150] method=baseline_cagrad loss=0.4516 train_acc=0.8766 train_loss=0.3255 val_acc=0.8819 val_loss=0.3167 router_H=0.6874 best=0.8819
           router_load=[0.4465768039226532, 0.41773828864097595, 0.1356847733259201, 0.0]
[step 0060/150] method=baseline_cagrad loss=0.4668 train_acc=0.8766 train_loss=0.3255 val_acc=0.8819 val_loss=0.3167 router_H=0.6874 best=0.8819
           router_load=[0.4465768039226532, 0.41773828864097595, 0.1356847733259201, 0.0]
[step 0070/150] method=baseline_cagrad loss=0.4202 train_acc=0.8766 train_loss=0.3255 val_acc=0.8819 val_loss=0.3167 router_H=0.6874 best=0.8819
           router_load=[0.4465768039226532, 0.41773828864097595, 0.1356847733259201, 0.0]
[step 0080/150] method=baseline_cagrad loss=0.1680 train_acc=0.8766 train_loss=0.3255 val_acc=0.8819 val_loss=0.3167 router_H=0.6874 best=0.8819
           router_load=[0.4465768039226532, 0.41773828864097595, 0.1356847733259201, 0.0]
[step 0090/150] method=baseline_cagrad loss=0.3037 train_acc=0.8766 train_loss=0.3255 val_acc=0.8819 val_loss=0.3167 router_H=0.6874 best=0.8819
           router_load=[0.4465768039226532, 0.41773828864097595, 0.1356847733259201, 0.0]
[step 0100/150] method=baseline_cagrad loss=0.4442 train_acc=0.8317 train_loss=0.3897 val_acc=0.8498 val_loss=0.3502 router_H=0.6743 best=0.8819
           router_load=[0.5517721772193909, 0.28829026222229004, 0.15993762016296387, 0.0]
[step 0110/150] method=baseline_cagrad loss=0.4085 train_acc=0.8317 train_loss=0.3897 val_acc=0.8498 val_loss=0.3502 router_H=0.6743 best=0.8819
           router_load=[0.5517721772193909, 0.28829026222229004, 0.15993762016296387, 0.0]
[step 0120/150] method=baseline_cagrad loss=0.6395 train_acc=0.8317 train_loss=0.3897 val_acc=0.8498 val_loss=0.3502 router_H=0.6743 best=0.8819
           router_load=[0.5517721772193909, 0.28829026222229004, 0.15993762016296387, 0.0]
[step 0130/150] method=baseline_cagrad loss=0.9173 train_acc=0.8317 train_loss=0.3897 val_acc=0.8498 val_loss=0.3502 router_H=0.6743 best=0.8819
           router_load=[0.5517721772193909, 0.28829026222229004, 0.15993762016296387, 0.0]
[step 0140/150] method=baseline_cagrad loss=0.2235 train_acc=0.8317 train_loss=0.3897 val_acc=0.8498 val_loss=0.3502 router_H=0.6743 best=0.8819
           router_load=[0.5517721772193909, 0.28829026222229004, 0.15993762016296387, 0.0]
[step 0150/150] method=baseline_cagrad loss=0.1553 train_acc=0.8840 train_loss=0.2981 val_acc=0.9117 val_loss=0.2517 router_H=0.6848 best=0.9117
           router_load=[0.47473642230033875, 0.4529361426830292, 0.0723273977637291, 0.0]
saved summary -> /home/zhujjing/MOE-grad-conflict-routing/runs/paper_suite/single_gpu/single_task/roberta_sst2_lora_e4_k2/hpo/cagrad/trial_runs/local_var_topk_014/cagrad_s3.json
saved curve -> /home/zhujjing/MOE-grad-conflict-routing/runs/paper_suite/single_gpu/single_task/roberta_sst2_lora_e4_k2/hpo/cagrad/trial_runs/local_var_topk_014/cagrad_s3_curve.csv
