[run] method=cagrad candidate=local_var_topk_013 seed=2 steps=150 gpu=0
[run] cmd=
/home/zhujjing/anaconda3/envs/moe/bin/python /home/zhujjing/MOE-grad-conflict-routing/scripts/run.py --config configs/singletask_sst2_real.yaml --set model.backbone_backend=hf --set model.hf_load_pretrained=true --set model.backbone=roberta --set model.hf_pretrained_name=roberta-base --set model.expert_type=lora --set model.routing_mode=topk --set model.num_experts=4 --set model.top_k=2 --set seed=2 --set method.name=baseline_cagrad --set train.steps=150 --set train.eval_every_steps=50 --set method.baseline_cagrad.c=0.1187523056 --set method.baseline_cagrad.inner_lr=0.3101708003 --set train.grad_clip=1.016176527 --set train.lr=2e-05 --set train.weight_decay=0.02884869601 --out /home/zhujjing/MOE-grad-conflict-routing/runs/paper_suite/single_gpu/single_task/roberta_sst2_lora_e4_k2/hpo/cagrad/trial_runs/local_var_topk_013/cagrad_s2.json --curve_out /home/zhujjing/MOE-grad-conflict-routing/runs/paper_suite/single_gpu/single_task/roberta_sst2_lora_e4_k2/hpo/cagrad/trial_runs/local_var_topk_013/cagrad_s2_curve.csv
Using the latest cached version of the dataset since glue couldn't be found on the Hugging Face Hub (offline mode is enabled).
Found the latest cached dataset configuration 'sst2' at /home/zhujjing/hf_cache/datasets/glue/sst2/0.0.0/bcdcba79d07bc864c1c254ccfcedcce55bcc9a8c (last modified on Thu Mar 19 15:01:41 2026).
/home/zhujjing/anaconda3/envs/moe/lib/python3.10/site-packages/transformers/utils/hub.py:124: FutureWarning: Using `TRANSFORMERS_CACHE` is deprecated and will be removed in v5 of Transformers. Use `HF_HOME` instead.
  warnings.warn(
Some weights of RobertaModel were not initialized from the model checkpoint at roberta-base and are newly initialized: ['roberta.pooler.dense.bias', 'roberta.pooler.dense.weight']
You should probably TRAIN this model on a down-stream task to be able to use it for predictions and inference.
[step 0001/150] method=baseline_cagrad loss=0.7112 train_acc=nan train_loss=nan val_acc=nan val_loss=nan best=-1.0000
[step 0010/150] method=baseline_cagrad loss=0.7256 train_acc=nan train_loss=nan val_acc=nan val_loss=nan best=-1.0000
[step 0020/150] method=baseline_cagrad loss=0.5857 train_acc=nan train_loss=nan val_acc=nan val_loss=nan best=-1.0000
[step 0030/150] method=baseline_cagrad loss=0.2443 train_acc=nan train_loss=nan val_acc=nan val_loss=nan best=-1.0000
[step 0040/150] method=baseline_cagrad loss=0.0803 train_acc=nan train_loss=nan val_acc=nan val_loss=nan best=-1.0000
[step 0050/150] method=baseline_cagrad loss=0.7823 train_acc=0.8374 train_loss=0.4274 val_acc=0.8578 val_loss=0.3802 router_H=0.6875 best=0.8578
           router_load=[0.17479754984378815, 0.03292331099510193, 0.43419814109802246, 0.35808098316192627]
[step 0060/150] method=baseline_cagrad loss=0.4661 train_acc=0.8374 train_loss=0.4274 val_acc=0.8578 val_loss=0.3802 router_H=0.6875 best=0.8578
           router_load=[0.17479754984378815, 0.03292331099510193, 0.43419814109802246, 0.35808098316192627]
[step 0070/150] method=baseline_cagrad loss=0.3979 train_acc=0.8374 train_loss=0.4274 val_acc=0.8578 val_loss=0.3802 router_H=0.6875 best=0.8578
           router_load=[0.17479754984378815, 0.03292331099510193, 0.43419814109802246, 0.35808098316192627]
[step 0080/150] method=baseline_cagrad loss=0.4282 train_acc=0.8374 train_loss=0.4274 val_acc=0.8578 val_loss=0.3802 router_H=0.6875 best=0.8578
           router_load=[0.17479754984378815, 0.03292331099510193, 0.43419814109802246, 0.35808098316192627]
[step 0090/150] method=baseline_cagrad loss=0.3817 train_acc=0.8374 train_loss=0.4274 val_acc=0.8578 val_loss=0.3802 router_H=0.6875 best=0.8578
           router_load=[0.17479754984378815, 0.03292331099510193, 0.43419814109802246, 0.35808098316192627]
[step 0100/150] method=baseline_cagrad loss=0.5355 train_acc=0.8190 train_loss=0.4867 val_acc=0.7661 val_loss=0.5819 router_H=0.6893 best=0.8578
           router_load=[0.14467743039131165, 0.1558251976966858, 0.4739074110984802, 0.22559012472629547]
[step 0110/150] method=baseline_cagrad loss=0.3982 train_acc=0.8190 train_loss=0.4867 val_acc=0.7661 val_loss=0.5819 router_H=0.6893 best=0.8578
           router_load=[0.14467743039131165, 0.1558251976966858, 0.4739074110984802, 0.22559012472629547]
[step 0120/150] method=baseline_cagrad loss=0.5169 train_acc=0.8190 train_loss=0.4867 val_acc=0.7661 val_loss=0.5819 router_H=0.6893 best=0.8578
           router_load=[0.14467743039131165, 0.1558251976966858, 0.4739074110984802, 0.22559012472629547]
[step 0130/150] method=baseline_cagrad loss=0.2919 train_acc=0.8190 train_loss=0.4867 val_acc=0.7661 val_loss=0.5819 router_H=0.6893 best=0.8578
           router_load=[0.14467743039131165, 0.1558251976966858, 0.4739074110984802, 0.22559012472629547]
[step 0140/150] method=baseline_cagrad loss=0.4547 train_acc=0.8190 train_loss=0.4867 val_acc=0.7661 val_loss=0.5819 router_H=0.6893 best=0.8578
           router_load=[0.14467743039131165, 0.1558251976966858, 0.4739074110984802, 0.22559012472629547]
[step 0150/150] method=baseline_cagrad loss=0.3920 train_acc=0.8824 train_loss=0.3176 val_acc=0.8807 val_loss=0.3292 router_H=0.6879 best=0.8807
           router_load=[0.10572159290313721, 0.0504012294113636, 0.5128835439682007, 0.33099380135536194]
saved summary -> /home/zhujjing/MOE-grad-conflict-routing/runs/paper_suite/single_gpu/single_task/roberta_sst2_lora_e4_k2/hpo/cagrad/trial_runs/local_var_topk_013/cagrad_s2.json
saved curve -> /home/zhujjing/MOE-grad-conflict-routing/runs/paper_suite/single_gpu/single_task/roberta_sst2_lora_e4_k2/hpo/cagrad/trial_runs/local_var_topk_013/cagrad_s2_curve.csv
