[run] method=cagrad candidate=local_var_topk_008 seed=2 steps=150 gpu=0
[run] cmd=
/home/zhujjing/anaconda3/envs/moe/bin/python /home/zhujjing/MOE-grad-conflict-routing/scripts/run.py --config configs/singletask_sst2_real.yaml --set model.backbone_backend=hf --set model.hf_load_pretrained=true --set model.backbone=roberta --set model.hf_pretrained_name=roberta-base --set model.expert_type=lora --set model.routing_mode=topk --set model.num_experts=4 --set model.top_k=2 --set seed=2 --set method.name=baseline_cagrad --set train.steps=150 --set train.eval_every_steps=50 --set method.baseline_cagrad.c=0.1187523056 --set method.baseline_cagrad.inner_lr=0.3101708003 --set train.grad_clip=1.316176527 --set train.lr=1e-05 --set train.weight_decay=0.02884869601 --out /home/zhujjing/MOE-grad-conflict-routing/runs/paper_suite/single_gpu/single_task/roberta_sst2_lora_e4_k2/hpo/cagrad/trial_runs/local_var_topk_008/cagrad_s2.json --curve_out /home/zhujjing/MOE-grad-conflict-routing/runs/paper_suite/single_gpu/single_task/roberta_sst2_lora_e4_k2/hpo/cagrad/trial_runs/local_var_topk_008/cagrad_s2_curve.csv
Using the latest cached version of the dataset since glue couldn't be found on the Hugging Face Hub (offline mode is enabled).
Found the latest cached dataset configuration 'sst2' at /home/zhujjing/hf_cache/datasets/glue/sst2/0.0.0/bcdcba79d07bc864c1c254ccfcedcce55bcc9a8c (last modified on Thu Mar 19 15:01:41 2026).
/home/zhujjing/anaconda3/envs/moe/lib/python3.10/site-packages/transformers/utils/hub.py:124: FutureWarning: Using `TRANSFORMERS_CACHE` is deprecated and will be removed in v5 of Transformers. Use `HF_HOME` instead.
  warnings.warn(
Some weights of RobertaModel were not initialized from the model checkpoint at roberta-base and are newly initialized: ['roberta.pooler.dense.bias', 'roberta.pooler.dense.weight']
You should probably TRAIN this model on a down-stream task to be able to use it for predictions and inference.
[step 0001/150] method=baseline_cagrad loss=0.7190 train_acc=nan train_loss=nan val_acc=nan val_loss=nan best=-1.0000
[step 0010/150] method=baseline_cagrad loss=0.7178 train_acc=nan train_loss=nan val_acc=nan val_loss=nan best=-1.0000
[step 0020/150] method=baseline_cagrad loss=0.6441 train_acc=nan train_loss=nan val_acc=nan val_loss=nan best=-1.0000
[step 0030/150] method=baseline_cagrad loss=0.5973 train_acc=nan train_loss=nan val_acc=nan val_loss=nan best=-1.0000
[step 0040/150] method=baseline_cagrad loss=0.3952 train_acc=nan train_loss=nan val_acc=nan val_loss=nan best=-1.0000
[step 0050/150] method=baseline_cagrad loss=0.4670 train_acc=0.8386 train_loss=0.3998 val_acc=0.8440 val_loss=0.3761 router_H=0.6782 best=0.8440
           router_load=[0.013543347828090191, 0.014360154047608376, 0.41249629855155945, 0.5596001148223877]
[step 0060/150] method=baseline_cagrad loss=0.4157 train_acc=0.8386 train_loss=0.3998 val_acc=0.8440 val_loss=0.3761 router_H=0.6782 best=0.8440
           router_load=[0.013543347828090191, 0.014360154047608376, 0.41249629855155945, 0.5596001148223877]
[step 0070/150] method=baseline_cagrad loss=0.4851 train_acc=0.8386 train_loss=0.3998 val_acc=0.8440 val_loss=0.3761 router_H=0.6782 best=0.8440
           router_load=[0.013543347828090191, 0.014360154047608376, 0.41249629855155945, 0.5596001148223877]
[step 0080/150] method=baseline_cagrad loss=0.5700 train_acc=0.8386 train_loss=0.3998 val_acc=0.8440 val_loss=0.3761 router_H=0.6782 best=0.8440
           router_load=[0.013543347828090191, 0.014360154047608376, 0.41249629855155945, 0.5596001148223877]
[step 0090/150] method=baseline_cagrad loss=0.3870 train_acc=0.8386 train_loss=0.3998 val_acc=0.8440 val_loss=0.3761 router_H=0.6782 best=0.8440
           router_load=[0.013543347828090191, 0.014360154047608376, 0.41249629855155945, 0.5596001148223877]
[step 0100/150] method=baseline_cagrad loss=0.3786 train_acc=0.8451 train_loss=0.3716 val_acc=0.8108 val_loss=0.4294 router_H=0.6812 best=0.8440
           router_load=[0.0068034944124519825, 0.007865644060075283, 0.43736395239830017, 0.5479668974876404]
[step 0110/150] method=baseline_cagrad loss=0.3673 train_acc=0.8451 train_loss=0.3716 val_acc=0.8108 val_loss=0.4294 router_H=0.6812 best=0.8440
           router_load=[0.0068034944124519825, 0.007865644060075283, 0.43736395239830017, 0.5479668974876404]
[step 0120/150] method=baseline_cagrad loss=0.6000 train_acc=0.8451 train_loss=0.3716 val_acc=0.8108 val_loss=0.4294 router_H=0.6812 best=0.8440
           router_load=[0.0068034944124519825, 0.007865644060075283, 0.43736395239830017, 0.5479668974876404]
[step 0130/150] method=baseline_cagrad loss=0.2368 train_acc=0.8451 train_loss=0.3716 val_acc=0.8108 val_loss=0.4294 router_H=0.6812 best=0.8440
           router_load=[0.0068034944124519825, 0.007865644060075283, 0.43736395239830017, 0.5479668974876404]
[step 0140/150] method=baseline_cagrad loss=0.4467 train_acc=0.8451 train_loss=0.3716 val_acc=0.8108 val_loss=0.4294 router_H=0.6812 best=0.8440
           router_load=[0.0068034944124519825, 0.007865644060075283, 0.43736395239830017, 0.5479668974876404]
[step 0150/150] method=baseline_cagrad loss=0.4539 train_acc=0.8898 train_loss=0.2930 val_acc=0.8922 val_loss=0.3035 router_H=0.6836 best=0.8922
           router_load=[0.004719813819974661, 0.023213190957903862, 0.4695584774017334, 0.5025086402893066]
saved summary -> /home/zhujjing/MOE-grad-conflict-routing/runs/paper_suite/single_gpu/single_task/roberta_sst2_lora_e4_k2/hpo/cagrad/trial_runs/local_var_topk_008/cagrad_s2.json
saved curve -> /home/zhujjing/MOE-grad-conflict-routing/runs/paper_suite/single_gpu/single_task/roberta_sst2_lora_e4_k2/hpo/cagrad/trial_runs/local_var_topk_008/cagrad_s2_curve.csv
