[run] method=cagrad candidate=local_var_topk_015 seed=3 steps=150 gpu=0
[run] cmd=
/home/zhujjing/anaconda3/envs/moe/bin/python /home/zhujjing/MOE-grad-conflict-routing/scripts/run.py --config configs/singletask_sst2_real.yaml --set model.backbone_backend=hf --set model.hf_load_pretrained=true --set model.backbone=roberta --set model.hf_pretrained_name=roberta-base --set model.expert_type=lora --set model.routing_mode=topk --set model.num_experts=4 --set model.top_k=2 --set seed=3 --set method.name=baseline_cagrad --set train.steps=150 --set train.eval_every_steps=50 --set method.baseline_cagrad.c=0.1187523056 --set method.baseline_cagrad.inner_lr=0.1550854002 --set train.grad_clip=1.316176527 --set train.lr=2e-05 --set train.weight_decay=0.02884869601 --out /home/zhujjing/MOE-grad-conflict-routing/runs/paper_suite/single_gpu/single_task/roberta_sst2_lora_e4_k2/hpo/cagrad/trial_runs/local_var_topk_015/cagrad_s3.json --curve_out /home/zhujjing/MOE-grad-conflict-routing/runs/paper_suite/single_gpu/single_task/roberta_sst2_lora_e4_k2/hpo/cagrad/trial_runs/local_var_topk_015/cagrad_s3_curve.csv
Using the latest cached version of the dataset since glue couldn't be found on the Hugging Face Hub (offline mode is enabled).
Found the latest cached dataset configuration 'sst2' at /home/zhujjing/hf_cache/datasets/glue/sst2/0.0.0/bcdcba79d07bc864c1c254ccfcedcce55bcc9a8c (last modified on Thu Mar 19 15:01:41 2026).
/home/zhujjing/anaconda3/envs/moe/lib/python3.10/site-packages/transformers/utils/hub.py:124: FutureWarning: Using `TRANSFORMERS_CACHE` is deprecated and will be removed in v5 of Transformers. Use `HF_HOME` instead.
  warnings.warn(
Some weights of RobertaModel were not initialized from the model checkpoint at roberta-base and are newly initialized: ['roberta.pooler.dense.bias', 'roberta.pooler.dense.weight']
You should probably TRAIN this model on a down-stream task to be able to use it for predictions and inference.
[step 0001/150] method=baseline_cagrad loss=0.7613 train_acc=nan train_loss=nan val_acc=nan val_loss=nan best=-1.0000
[step 0010/150] method=baseline_cagrad loss=0.5946 train_acc=nan train_loss=nan val_acc=nan val_loss=nan best=-1.0000
[step 0020/150] method=baseline_cagrad loss=0.5518 train_acc=nan train_loss=nan val_acc=nan val_loss=nan best=-1.0000
[step 0030/150] method=baseline_cagrad loss=0.4556 train_acc=nan train_loss=nan val_acc=nan val_loss=nan best=-1.0000
[step 0040/150] method=baseline_cagrad loss=0.7447 train_acc=nan train_loss=nan val_acc=nan val_loss=nan best=-1.0000
[step 0050/150] method=baseline_cagrad loss=0.6463 train_acc=0.8778 train_loss=0.3283 val_acc=0.8911 val_loss=0.3050 router_H=0.6863 best=0.8911
           router_load=[0.5175220966339111, 0.08570299297571182, 0.009499941021203995, 0.3872748613357544]
[step 0060/150] method=baseline_cagrad loss=0.4058 train_acc=0.8778 train_loss=0.3283 val_acc=0.8911 val_loss=0.3050 router_H=0.6863 best=0.8911
           router_load=[0.5175220966339111, 0.08570299297571182, 0.009499941021203995, 0.3872748613357544]
[step 0070/150] method=baseline_cagrad loss=0.2794 train_acc=0.8778 train_loss=0.3283 val_acc=0.8911 val_loss=0.3050 router_H=0.6863 best=0.8911
           router_load=[0.5175220966339111, 0.08570299297571182, 0.009499941021203995, 0.3872748613357544]
[step 0080/150] method=baseline_cagrad loss=0.2207 train_acc=0.8778 train_loss=0.3283 val_acc=0.8911 val_loss=0.3050 router_H=0.6863 best=0.8911
           router_load=[0.5175220966339111, 0.08570299297571182, 0.009499941021203995, 0.3872748613357544]
[step 0090/150] method=baseline_cagrad loss=0.1560 train_acc=0.8778 train_loss=0.3283 val_acc=0.8911 val_loss=0.3050 router_H=0.6863 best=0.8911
           router_load=[0.5175220966339111, 0.08570299297571182, 0.009499941021203995, 0.3872748613357544]
[step 0100/150] method=baseline_cagrad loss=0.5244 train_acc=0.8668 train_loss=0.3460 val_acc=0.8922 val_loss=0.2986 router_H=0.6880 best=0.8922
           router_load=[0.46294185519218445, 0.19024083018302917, 0.0009846810717135668, 0.34583282470703125]
[step 0110/150] method=baseline_cagrad loss=0.4143 train_acc=0.8668 train_loss=0.3460 val_acc=0.8922 val_loss=0.2986 router_H=0.6880 best=0.8922
           router_load=[0.46294185519218445, 0.19024083018302917, 0.0009846810717135668, 0.34583282470703125]
[step 0120/150] method=baseline_cagrad loss=0.4954 train_acc=0.8668 train_loss=0.3460 val_acc=0.8922 val_loss=0.2986 router_H=0.6880 best=0.8922
           router_load=[0.46294185519218445, 0.19024083018302917, 0.0009846810717135668, 0.34583282470703125]
[step 0130/150] method=baseline_cagrad loss=0.4897 train_acc=0.8668 train_loss=0.3460 val_acc=0.8922 val_loss=0.2986 router_H=0.6880 best=0.8922
           router_load=[0.46294185519218445, 0.19024083018302917, 0.0009846810717135668, 0.34583282470703125]
[step 0140/150] method=baseline_cagrad loss=0.2183 train_acc=0.8668 train_loss=0.3460 val_acc=0.8922 val_loss=0.2986 router_H=0.6880 best=0.8922
           router_load=[0.46294185519218445, 0.19024083018302917, 0.0009846810717135668, 0.34583282470703125]
[step 0150/150] method=baseline_cagrad loss=0.0958 train_acc=0.8858 train_loss=0.3247 val_acc=0.9048 val_loss=0.3003 router_H=0.6779 best=0.9048
           router_load=[0.44117704033851624, 0.28164929151535034, 0.021994171664118767, 0.2551794648170471]
saved summary -> /home/zhujjing/MOE-grad-conflict-routing/runs/paper_suite/single_gpu/single_task/roberta_sst2_lora_e4_k2/hpo/cagrad/trial_runs/local_var_topk_015/cagrad_s3.json
saved curve -> /home/zhujjing/MOE-grad-conflict-routing/runs/paper_suite/single_gpu/single_task/roberta_sst2_lora_e4_k2/hpo/cagrad/trial_runs/local_var_topk_015/cagrad_s3_curve.csv
