[run] method=cagrad candidate=local_var_topk_021 seed=3 steps=150 gpu=0
[run] cmd=
/home/zhujjing/anaconda3/envs/moe/bin/python /home/zhujjing/MOE-grad-conflict-routing/scripts/run.py --config configs/singletask_sst2_real.yaml --set model.backbone_backend=hf --set model.hf_load_pretrained=true --set model.backbone=roberta --set model.hf_pretrained_name=roberta-base --set model.expert_type=lora --set model.routing_mode=topk --set model.num_experts=4 --set model.top_k=2 --set seed=3 --set method.name=baseline_cagrad --set train.steps=150 --set train.eval_every_steps=50 --set method.baseline_cagrad.c=0.1187523056 --set method.baseline_cagrad.inner_lr=0.1550854002 --set train.grad_clip=1.016176527 --set train.lr=4e-05 --set train.weight_decay=0.02884869601 --out /home/zhujjing/MOE-grad-conflict-routing/runs/paper_suite/single_gpu/single_task/roberta_sst2_lora_e4_k2/hpo/cagrad/trial_runs/local_var_topk_021/cagrad_s3.json --curve_out /home/zhujjing/MOE-grad-conflict-routing/runs/paper_suite/single_gpu/single_task/roberta_sst2_lora_e4_k2/hpo/cagrad/trial_runs/local_var_topk_021/cagrad_s3_curve.csv
Using the latest cached version of the dataset since glue couldn't be found on the Hugging Face Hub (offline mode is enabled).
Found the latest cached dataset configuration 'sst2' at /home/zhujjing/hf_cache/datasets/glue/sst2/0.0.0/bcdcba79d07bc864c1c254ccfcedcce55bcc9a8c (last modified on Thu Mar 19 15:01:41 2026).
/home/zhujjing/anaconda3/envs/moe/lib/python3.10/site-packages/transformers/utils/hub.py:124: FutureWarning: Using `TRANSFORMERS_CACHE` is deprecated and will be removed in v5 of Transformers. Use `HF_HOME` instead.
  warnings.warn(
Some weights of RobertaModel were not initialized from the model checkpoint at roberta-base and are newly initialized: ['roberta.pooler.dense.bias', 'roberta.pooler.dense.weight']
You should probably TRAIN this model on a down-stream task to be able to use it for predictions and inference.
[step 0001/150] method=baseline_cagrad loss=0.8444 train_acc=nan train_loss=nan val_acc=nan val_loss=nan best=-1.0000
[step 0010/150] method=baseline_cagrad loss=0.5406 train_acc=nan train_loss=nan val_acc=nan val_loss=nan best=-1.0000
[step 0020/150] method=baseline_cagrad loss=0.6453 train_acc=nan train_loss=nan val_acc=nan val_loss=nan best=-1.0000
[step 0030/150] method=baseline_cagrad loss=0.5623 train_acc=nan train_loss=nan val_acc=nan val_loss=nan best=-1.0000
[step 0040/150] method=baseline_cagrad loss=1.2217 train_acc=nan train_loss=nan val_acc=nan val_loss=nan best=-1.0000
[step 0050/150] method=baseline_cagrad loss=0.4461 train_acc=0.8704 train_loss=0.3494 val_acc=0.8578 val_loss=0.3663 router_H=0.6872 best=0.8578
           router_load=[0.28455138206481934, 0.0, 0.25359657406806946, 0.46185219287872314]
[step 0060/150] method=baseline_cagrad loss=0.4491 train_acc=0.8704 train_loss=0.3494 val_acc=0.8578 val_loss=0.3663 router_H=0.6872 best=0.8578
           router_load=[0.28455138206481934, 0.0, 0.25359657406806946, 0.46185219287872314]
[step 0070/150] method=baseline_cagrad loss=0.5339 train_acc=0.8704 train_loss=0.3494 val_acc=0.8578 val_loss=0.3663 router_H=0.6872 best=0.8578
           router_load=[0.28455138206481934, 0.0, 0.25359657406806946, 0.46185219287872314]
[step 0080/150] method=baseline_cagrad loss=0.4709 train_acc=0.8704 train_loss=0.3494 val_acc=0.8578 val_loss=0.3663 router_H=0.6872 best=0.8578
           router_load=[0.28455138206481934, 0.0, 0.25359657406806946, 0.46185219287872314]
[step 0090/150] method=baseline_cagrad loss=0.3715 train_acc=0.8704 train_loss=0.3494 val_acc=0.8578 val_loss=0.3663 router_H=0.6872 best=0.8578
           router_load=[0.28455138206481934, 0.0, 0.25359657406806946, 0.46185219287872314]
[step 0100/150] method=baseline_cagrad loss=0.4452 train_acc=0.8758 train_loss=0.3187 val_acc=0.8956 val_loss=0.2759 router_H=0.6917 best=0.8956
           router_load=[0.38728460669517517, 0.0, 0.44623541831970215, 0.1664799302816391]
[step 0110/150] method=baseline_cagrad loss=0.3279 train_acc=0.8758 train_loss=0.3187 val_acc=0.8956 val_loss=0.2759 router_H=0.6917 best=0.8956
           router_load=[0.38728460669517517, 0.0, 0.44623541831970215, 0.1664799302816391]
[step 0120/150] method=baseline_cagrad loss=0.2378 train_acc=0.8758 train_loss=0.3187 val_acc=0.8956 val_loss=0.2759 router_H=0.6917 best=0.8956
           router_load=[0.38728460669517517, 0.0, 0.44623541831970215, 0.1664799302816391]
[step 0130/150] method=baseline_cagrad loss=0.4284 train_acc=0.8758 train_loss=0.3187 val_acc=0.8956 val_loss=0.2759 router_H=0.6917 best=0.8956
           router_load=[0.38728460669517517, 0.0, 0.44623541831970215, 0.1664799302816391]
[step 0140/150] method=baseline_cagrad loss=0.1684 train_acc=0.8758 train_loss=0.3187 val_acc=0.8956 val_loss=0.2759 router_H=0.6917 best=0.8956
           router_load=[0.38728460669517517, 0.0, 0.44623541831970215, 0.1664799302816391]
[step 0150/150] method=baseline_cagrad loss=0.1711 train_acc=0.8720 train_loss=0.3184 val_acc=0.8922 val_loss=0.2893 router_H=0.6915 best=0.8956
           router_load=[0.49668455123901367, 0.0, 0.32060348987579346, 0.1827118843793869]
saved summary -> /home/zhujjing/MOE-grad-conflict-routing/runs/paper_suite/single_gpu/single_task/roberta_sst2_lora_e4_k2/hpo/cagrad/trial_runs/local_var_topk_021/cagrad_s3.json
saved curve -> /home/zhujjing/MOE-grad-conflict-routing/runs/paper_suite/single_gpu/single_task/roberta_sst2_lora_e4_k2/hpo/cagrad/trial_runs/local_var_topk_021/cagrad_s3_curve.csv
