[run] method=cagrad candidate=local_var_topk_019 seed=2 steps=150 gpu=0
[run] cmd=
/home/zhujjing/anaconda3/envs/moe/bin/python /home/zhujjing/MOE-grad-conflict-routing/scripts/run.py --config configs/singletask_sst2_real.yaml --set model.backbone_backend=hf --set model.hf_load_pretrained=true --set model.backbone=roberta --set model.hf_pretrained_name=roberta-base --set model.expert_type=lora --set model.routing_mode=topk --set model.num_experts=4 --set model.top_k=2 --set seed=2 --set method.name=baseline_cagrad --set train.steps=150 --set train.eval_every_steps=50 --set method.baseline_cagrad.c=0.1187523056 --set method.baseline_cagrad.inner_lr=0.3101708003 --set train.grad_clip=0.716176527 --set train.lr=4e-05 --set train.weight_decay=0.02884869601 --out /home/zhujjing/MOE-grad-conflict-routing/runs/paper_suite/single_gpu/single_task/roberta_sst2_lora_e4_k2/hpo/cagrad/trial_runs/local_var_topk_019/cagrad_s2.json --curve_out /home/zhujjing/MOE-grad-conflict-routing/runs/paper_suite/single_gpu/single_task/roberta_sst2_lora_e4_k2/hpo/cagrad/trial_runs/local_var_topk_019/cagrad_s2_curve.csv
Using the latest cached version of the dataset since glue couldn't be found on the Hugging Face Hub (offline mode is enabled).
Found the latest cached dataset configuration 'sst2' at /home/zhujjing/hf_cache/datasets/glue/sst2/0.0.0/bcdcba79d07bc864c1c254ccfcedcce55bcc9a8c (last modified on Thu Mar 19 15:01:41 2026).
/home/zhujjing/anaconda3/envs/moe/lib/python3.10/site-packages/transformers/utils/hub.py:124: FutureWarning: Using `TRANSFORMERS_CACHE` is deprecated and will be removed in v5 of Transformers. Use `HF_HOME` instead.
  warnings.warn(
Some weights of RobertaModel were not initialized from the model checkpoint at roberta-base and are newly initialized: ['roberta.pooler.dense.bias', 'roberta.pooler.dense.weight']
You should probably TRAIN this model on a down-stream task to be able to use it for predictions and inference.
[step 0001/150] method=baseline_cagrad loss=0.7081 train_acc=nan train_loss=nan val_acc=nan val_loss=nan best=-1.0000
[step 0010/150] method=baseline_cagrad loss=0.6831 train_acc=nan train_loss=nan val_acc=nan val_loss=nan best=-1.0000
[step 0020/150] method=baseline_cagrad loss=0.6103 train_acc=nan train_loss=nan val_acc=nan val_loss=nan best=-1.0000
[step 0030/150] method=baseline_cagrad loss=0.1301 train_acc=nan train_loss=nan val_acc=nan val_loss=nan best=-1.0000
[step 0040/150] method=baseline_cagrad loss=0.0813 train_acc=nan train_loss=nan val_acc=nan val_loss=nan best=-1.0000
[step 0050/150] method=baseline_cagrad loss=0.4485 train_acc=0.8648 train_loss=0.3604 val_acc=0.8314 val_loss=0.4392 router_H=0.6842 best=0.8314
           router_load=[0.4892736077308655, 0.0014819507487118244, 0.5057743191719055, 0.0034700792748481035]
[step 0060/150] method=baseline_cagrad loss=0.2044 train_acc=0.8648 train_loss=0.3604 val_acc=0.8314 val_loss=0.4392 router_H=0.6842 best=0.8314
           router_load=[0.4892736077308655, 0.0014819507487118244, 0.5057743191719055, 0.0034700792748481035]
[step 0070/150] method=baseline_cagrad loss=0.2830 train_acc=0.8648 train_loss=0.3604 val_acc=0.8314 val_loss=0.4392 router_H=0.6842 best=0.8314
           router_load=[0.4892736077308655, 0.0014819507487118244, 0.5057743191719055, 0.0034700792748481035]
[step 0080/150] method=baseline_cagrad loss=0.5192 train_acc=0.8648 train_loss=0.3604 val_acc=0.8314 val_loss=0.4392 router_H=0.6842 best=0.8314
           router_load=[0.4892736077308655, 0.0014819507487118244, 0.5057743191719055, 0.0034700792748481035]
[step 0090/150] method=baseline_cagrad loss=0.3697 train_acc=0.8648 train_loss=0.3604 val_acc=0.8314 val_loss=0.4392 router_H=0.6842 best=0.8314
           router_load=[0.4892736077308655, 0.0014819507487118244, 0.5057743191719055, 0.0034700792748481035]
[step 0100/150] method=baseline_cagrad loss=0.6796 train_acc=0.8548 train_loss=0.3629 val_acc=0.8165 val_loss=0.4499 router_H=0.6814 best=0.8314
           router_load=[0.5278850197792053, 0.00044569410965777934, 0.47166937589645386, 0.0]
[step 0110/150] method=baseline_cagrad loss=0.2351 train_acc=0.8548 train_loss=0.3629 val_acc=0.8165 val_loss=0.4499 router_H=0.6814 best=0.8314
           router_load=[0.5278850197792053, 0.00044569410965777934, 0.47166937589645386, 0.0]
[step 0120/150] method=baseline_cagrad loss=0.9693 train_acc=0.8548 train_loss=0.3629 val_acc=0.8165 val_loss=0.4499 router_H=0.6814 best=0.8314
           router_load=[0.5278850197792053, 0.00044569410965777934, 0.47166937589645386, 0.0]
[step 0130/150] method=baseline_cagrad loss=0.2795 train_acc=0.8548 train_loss=0.3629 val_acc=0.8165 val_loss=0.4499 router_H=0.6814 best=0.8314
           router_load=[0.5278850197792053, 0.00044569410965777934, 0.47166937589645386, 0.0]
[step 0140/150] method=baseline_cagrad loss=0.4076 train_acc=0.8548 train_loss=0.3629 val_acc=0.8165 val_loss=0.4499 router_H=0.6814 best=0.8314
           router_load=[0.5278850197792053, 0.00044569410965777934, 0.47166937589645386, 0.0]
[step 0150/150] method=baseline_cagrad loss=0.5311 train_acc=0.8805 train_loss=0.3080 val_acc=0.8773 val_loss=0.3051 router_H=0.6742 best=0.8773
           router_load=[0.41595908999443054, 0.0, 0.5543237924575806, 0.029717057943344116]
saved summary -> /home/zhujjing/MOE-grad-conflict-routing/runs/paper_suite/single_gpu/single_task/roberta_sst2_lora_e4_k2/hpo/cagrad/trial_runs/local_var_topk_019/cagrad_s2.json
saved curve -> /home/zhujjing/MOE-grad-conflict-routing/runs/paper_suite/single_gpu/single_task/roberta_sst2_lora_e4_k2/hpo/cagrad/trial_runs/local_var_topk_019/cagrad_s2_curve.csv
