[run] method=cagrad candidate=local_var_topk_024 seed=2 steps=150 gpu=0
[run] cmd=
/home/zhujjing/anaconda3/envs/moe/bin/python /home/zhujjing/MOE-grad-conflict-routing/scripts/run.py --config configs/singletask_sst2_real.yaml --set model.backbone_backend=hf --set model.hf_load_pretrained=true --set model.backbone=roberta --set model.hf_pretrained_name=roberta-base --set model.expert_type=lora --set model.routing_mode=topk --set model.num_experts=4 --set model.top_k=2 --set seed=2 --set method.name=baseline_cagrad --set train.steps=150 --set train.eval_every_steps=50 --set method.baseline_cagrad.c=0.1187523056 --set method.baseline_cagrad.inner_lr=0.1550854002 --set train.grad_clip=1.316176527 --set train.lr=4e-05 --set train.weight_decay=0.02884869601 --out /home/zhujjing/MOE-grad-conflict-routing/runs/paper_suite/single_gpu/single_task/roberta_sst2_lora_e4_k2/hpo/cagrad/trial_runs/local_var_topk_024/cagrad_s2.json --curve_out /home/zhujjing/MOE-grad-conflict-routing/runs/paper_suite/single_gpu/single_task/roberta_sst2_lora_e4_k2/hpo/cagrad/trial_runs/local_var_topk_024/cagrad_s2_curve.csv
Using the latest cached version of the dataset since glue couldn't be found on the Hugging Face Hub (offline mode is enabled).
Found the latest cached dataset configuration 'sst2' at /home/zhujjing/hf_cache/datasets/glue/sst2/0.0.0/bcdcba79d07bc864c1c254ccfcedcce55bcc9a8c (last modified on Thu Mar 19 15:01:41 2026).
/home/zhujjing/anaconda3/envs/moe/lib/python3.10/site-packages/transformers/utils/hub.py:124: FutureWarning: Using `TRANSFORMERS_CACHE` is deprecated and will be removed in v5 of Transformers. Use `HF_HOME` instead.
  warnings.warn(
Some weights of RobertaModel were not initialized from the model checkpoint at roberta-base and are newly initialized: ['roberta.pooler.dense.bias', 'roberta.pooler.dense.weight']
You should probably TRAIN this model on a down-stream task to be able to use it for predictions and inference.
[step 0001/150] method=baseline_cagrad loss=0.6194 train_acc=nan train_loss=nan val_acc=nan val_loss=nan best=-1.0000
[step 0010/150] method=baseline_cagrad loss=0.6614 train_acc=nan train_loss=nan val_acc=nan val_loss=nan best=-1.0000
[step 0020/150] method=baseline_cagrad loss=0.4510 train_acc=nan train_loss=nan val_acc=nan val_loss=nan best=-1.0000
[step 0030/150] method=baseline_cagrad loss=0.4719 train_acc=nan train_loss=nan val_acc=nan val_loss=nan best=-1.0000
[step 0040/150] method=baseline_cagrad loss=0.4084 train_acc=nan train_loss=nan val_acc=nan val_loss=nan best=-1.0000
[step 0050/150] method=baseline_cagrad loss=0.5895 train_acc=0.7822 train_loss=0.4754 val_acc=0.7443 val_loss=0.5046 router_H=0.6908 best=0.7443
           router_load=[0.25356367230415344, 0.4042438864707947, 0.34219253063201904, 0.0]
[step 0060/150] method=baseline_cagrad loss=0.4191 train_acc=0.7822 train_loss=0.4754 val_acc=0.7443 val_loss=0.5046 router_H=0.6908 best=0.7443
           router_load=[0.25356367230415344, 0.4042438864707947, 0.34219253063201904, 0.0]
[step 0070/150] method=baseline_cagrad loss=0.4806 train_acc=0.7822 train_loss=0.4754 val_acc=0.7443 val_loss=0.5046 router_H=0.6908 best=0.7443
           router_load=[0.25356367230415344, 0.4042438864707947, 0.34219253063201904, 0.0]
[step 0080/150] method=baseline_cagrad loss=0.8156 train_acc=0.7822 train_loss=0.4754 val_acc=0.7443 val_loss=0.5046 router_H=0.6908 best=0.7443
           router_load=[0.25356367230415344, 0.4042438864707947, 0.34219253063201904, 0.0]
[step 0090/150] method=baseline_cagrad loss=0.2322 train_acc=0.7822 train_loss=0.4754 val_acc=0.7443 val_loss=0.5046 router_H=0.6908 best=0.7443
           router_load=[0.25356367230415344, 0.4042438864707947, 0.34219253063201904, 0.0]
[step 0100/150] method=baseline_cagrad loss=0.4512 train_acc=0.8153 train_loss=0.4301 val_acc=0.7810 val_loss=0.4791 router_H=0.6852 best=0.7810
           router_load=[0.3843104839324951, 0.08813095837831497, 0.5275586247444153, 0.0]
[step 0110/150] method=baseline_cagrad loss=0.4364 train_acc=0.8153 train_loss=0.4301 val_acc=0.7810 val_loss=0.4791 router_H=0.6852 best=0.7810
           router_load=[0.3843104839324951, 0.08813095837831497, 0.5275586247444153, 0.0]
[step 0120/150] method=baseline_cagrad loss=0.6757 train_acc=0.8153 train_loss=0.4301 val_acc=0.7810 val_loss=0.4791 router_H=0.6852 best=0.7810
           router_load=[0.3843104839324951, 0.08813095837831497, 0.5275586247444153, 0.0]
[step 0130/150] method=baseline_cagrad loss=0.3060 train_acc=0.8153 train_loss=0.4301 val_acc=0.7810 val_loss=0.4791 router_H=0.6852 best=0.7810
           router_load=[0.3843104839324951, 0.08813095837831497, 0.5275586247444153, 0.0]
[step 0140/150] method=baseline_cagrad loss=0.5461 train_acc=0.8153 train_loss=0.4301 val_acc=0.7810 val_loss=0.4791 router_H=0.6852 best=0.7810
           router_load=[0.3843104839324951, 0.08813095837831497, 0.5275586247444153, 0.0]
[step 0150/150] method=baseline_cagrad loss=0.6734 train_acc=0.8731 train_loss=0.3270 val_acc=0.8693 val_loss=0.3315 router_H=0.6840 best=0.8693
           router_load=[0.12379192560911179, 0.3774183690547943, 0.4801635444164276, 0.01862618699669838]
saved summary -> /home/zhujjing/MOE-grad-conflict-routing/runs/paper_suite/single_gpu/single_task/roberta_sst2_lora_e4_k2/hpo/cagrad/trial_runs/local_var_topk_024/cagrad_s2.json
saved curve -> /home/zhujjing/MOE-grad-conflict-routing/runs/paper_suite/single_gpu/single_task/roberta_sst2_lora_e4_k2/hpo/cagrad/trial_runs/local_var_topk_024/cagrad_s2_curve.csv
