[run] method=baseline candidate=local_var_topk_003 seed=2 steps=150 gpu=0
[run] cmd=
/home/zhujjing/anaconda3/envs/moe/bin/python /home/zhujjing/MOE-grad-conflict-routing/scripts/run.py --config configs/singletask_sst2_real.yaml --set model.backbone_backend=hf --set model.hf_load_pretrained=true --set model.backbone=roberta --set model.hf_pretrained_name=roberta-base --set model.expert_type=lora --set model.routing_mode=topk --set model.num_experts=4 --set model.top_k=2 --set seed=2 --set method.name=baseline_avg --set train.steps=150 --set train.eval_every_steps=50 --set train.grad_clip=0.5623574172 --set train.lr=2.0366177e-05 --set train.weight_decay=0.007589584458 --out /home/zhujjing/MOE-grad-conflict-routing/runs/paper_suite/single_gpu/single_task/roberta_sst2_lora_e4_k2/hpo/baseline/trial_runs/local_var_topk_003/baseline_s2.json --curve_out /home/zhujjing/MOE-grad-conflict-routing/runs/paper_suite/single_gpu/single_task/roberta_sst2_lora_e4_k2/hpo/baseline/trial_runs/local_var_topk_003/baseline_s2_curve.csv
Using the latest cached version of the dataset since glue couldn't be found on the Hugging Face Hub (offline mode is enabled).
Found the latest cached dataset configuration 'sst2' at /home/zhujjing/hf_cache/datasets/glue/sst2/0.0.0/bcdcba79d07bc864c1c254ccfcedcce55bcc9a8c (last modified on Thu Mar 19 15:01:41 2026).
/home/zhujjing/anaconda3/envs/moe/lib/python3.10/site-packages/transformers/utils/hub.py:124: FutureWarning: Using `TRANSFORMERS_CACHE` is deprecated and will be removed in v5 of Transformers. Use `HF_HOME` instead.
  warnings.warn(
Some weights of RobertaModel were not initialized from the model checkpoint at roberta-base and are newly initialized: ['roberta.pooler.dense.bias', 'roberta.pooler.dense.weight']
You should probably TRAIN this model on a down-stream task to be able to use it for predictions and inference.
[step 0001/150] method=baseline_avg loss=0.6417 train_acc=nan train_loss=nan val_acc=nan val_loss=nan best=-1.0000
[step 0010/150] method=baseline_avg loss=0.7032 train_acc=nan train_loss=nan val_acc=nan val_loss=nan best=-1.0000
[step 0020/150] method=baseline_avg loss=0.5505 train_acc=nan train_loss=nan val_acc=nan val_loss=nan best=-1.0000
[step 0030/150] method=baseline_avg loss=0.7624 train_acc=nan train_loss=nan val_acc=nan val_loss=nan best=-1.0000
[step 0040/150] method=baseline_avg loss=0.2563 train_acc=nan train_loss=nan val_acc=nan val_loss=nan best=-1.0000
[step 0050/150] method=baseline_avg loss=0.2008 train_acc=0.8732 train_loss=0.3287 val_acc=0.8521 val_loss=0.3677 router_H=0.6866 best=0.8521
           router_load=[0.1716214269399643, 0.01200807560235262, 0.5198928117752075, 0.29647770524024963]
[step 0060/150] method=baseline_avg loss=0.3391 train_acc=0.8732 train_loss=0.3287 val_acc=0.8521 val_loss=0.3677 router_H=0.6866 best=0.8521
           router_load=[0.1716214269399643, 0.01200807560235262, 0.5198928117752075, 0.29647770524024963]
[step 0070/150] method=baseline_avg loss=0.3859 train_acc=0.8732 train_loss=0.3287 val_acc=0.8521 val_loss=0.3677 router_H=0.6866 best=0.8521
           router_load=[0.1716214269399643, 0.01200807560235262, 0.5198928117752075, 0.29647770524024963]
[step 0080/150] method=baseline_avg loss=0.6673 train_acc=0.8732 train_loss=0.3287 val_acc=0.8521 val_loss=0.3677 router_H=0.6866 best=0.8521
           router_load=[0.1716214269399643, 0.01200807560235262, 0.5198928117752075, 0.29647770524024963]
[step 0090/150] method=baseline_avg loss=0.3216 train_acc=0.8732 train_loss=0.3287 val_acc=0.8521 val_loss=0.3677 router_H=0.6866 best=0.8521
           router_load=[0.1716214269399643, 0.01200807560235262, 0.5198928117752075, 0.29647770524024963]
[step 0100/150] method=baseline_avg loss=0.5061 train_acc=0.8187 train_loss=0.4322 val_acc=0.7901 val_loss=0.4628 router_H=0.6878 best=0.8521
           router_load=[0.29912951588630676, 0.01085522212088108, 0.5005808472633362, 0.18943455815315247]
[step 0110/150] method=baseline_avg loss=0.3894 train_acc=0.8187 train_loss=0.4322 val_acc=0.7901 val_loss=0.4628 router_H=0.6878 best=0.8521
           router_load=[0.29912951588630676, 0.01085522212088108, 0.5005808472633362, 0.18943455815315247]
[step 0120/150] method=baseline_avg loss=0.5073 train_acc=0.8187 train_loss=0.4322 val_acc=0.7901 val_loss=0.4628 router_H=0.6878 best=0.8521
           router_load=[0.29912951588630676, 0.01085522212088108, 0.5005808472633362, 0.18943455815315247]
[step 0130/150] method=baseline_avg loss=0.1352 train_acc=0.8187 train_loss=0.4322 val_acc=0.7901 val_loss=0.4628 router_H=0.6878 best=0.8521
           router_load=[0.29912951588630676, 0.01085522212088108, 0.5005808472633362, 0.18943455815315247]
[step 0140/150] method=baseline_avg loss=0.2529 train_acc=0.8187 train_loss=0.4322 val_acc=0.7901 val_loss=0.4628 router_H=0.6878 best=0.8521
           router_load=[0.29912951588630676, 0.01085522212088108, 0.5005808472633362, 0.18943455815315247]
[step 0150/150] method=baseline_avg loss=0.5638 train_acc=0.8842 train_loss=0.3277 val_acc=0.8819 val_loss=0.3371 router_H=0.6841 best=0.8819
           router_load=[0.08509886264801025, 0.009132924489676952, 0.5455589294433594, 0.36020922660827637]
saved summary -> /home/zhujjing/MOE-grad-conflict-routing/runs/paper_suite/single_gpu/single_task/roberta_sst2_lora_e4_k2/hpo/baseline/trial_runs/local_var_topk_003/baseline_s2.json
saved curve -> /home/zhujjing/MOE-grad-conflict-routing/runs/paper_suite/single_gpu/single_task/roberta_sst2_lora_e4_k2/hpo/baseline/trial_runs/local_var_topk_003/baseline_s2_curve.csv
