[run] method=baseline candidate=local_var_topk_016 seed=2 steps=150 gpu=0
[run] cmd=
/home/zhujjing/anaconda3/envs/moe/bin/python /home/zhujjing/MOE-grad-conflict-routing/scripts/run.py --config configs/singletask_sst2_real.yaml --set model.backbone_backend=hf --set model.hf_load_pretrained=true --set model.backbone=roberta --set model.hf_pretrained_name=roberta-base --set model.expert_type=lora --set model.routing_mode=topk --set model.num_experts=4 --set model.top_k=2 --set seed=2 --set method.name=baseline_avg --set train.steps=150 --set train.eval_every_steps=50 --set train.grad_clip=0.8623574172 --set train.lr=4.0732353e-05 --set train.weight_decay=0.01758958446 --out /home/zhujjing/MOE-grad-conflict-routing/runs/paper_suite/single_gpu/single_task/roberta_sst2_lora_e4_k2/hpo/baseline/trial_runs/local_var_topk_016/baseline_s2.json --curve_out /home/zhujjing/MOE-grad-conflict-routing/runs/paper_suite/single_gpu/single_task/roberta_sst2_lora_e4_k2/hpo/baseline/trial_runs/local_var_topk_016/baseline_s2_curve.csv
Using the latest cached version of the dataset since glue couldn't be found on the Hugging Face Hub (offline mode is enabled).
Found the latest cached dataset configuration 'sst2' at /home/zhujjing/hf_cache/datasets/glue/sst2/0.0.0/bcdcba79d07bc864c1c254ccfcedcce55bcc9a8c (last modified on Thu Mar 19 15:01:41 2026).
/home/zhujjing/anaconda3/envs/moe/lib/python3.10/site-packages/transformers/utils/hub.py:124: FutureWarning: Using `TRANSFORMERS_CACHE` is deprecated and will be removed in v5 of Transformers. Use `HF_HOME` instead.
  warnings.warn(
Some weights of RobertaModel were not initialized from the model checkpoint at roberta-base and are newly initialized: ['roberta.pooler.dense.bias', 'roberta.pooler.dense.weight']
You should probably TRAIN this model on a down-stream task to be able to use it for predictions and inference.
[step 0001/150] method=baseline_avg loss=0.6910 train_acc=nan train_loss=nan val_acc=nan val_loss=nan best=-1.0000
[step 0010/150] method=baseline_avg loss=0.6548 train_acc=nan train_loss=nan val_acc=nan val_loss=nan best=-1.0000
[step 0020/150] method=baseline_avg loss=0.2622 train_acc=nan train_loss=nan val_acc=nan val_loss=nan best=-1.0000
[step 0030/150] method=baseline_avg loss=0.2083 train_acc=nan train_loss=nan val_acc=nan val_loss=nan best=-1.0000
[step 0040/150] method=baseline_avg loss=0.4891 train_acc=nan train_loss=nan val_acc=nan val_loss=nan best=-1.0000
[step 0050/150] method=baseline_avg loss=0.5741 train_acc=0.8397 train_loss=0.3904 val_acc=0.8544 val_loss=0.3707 router_H=0.6903 best=0.8544
           router_load=[0.5255744457244873, 0.0, 0.0008746817475184798, 0.47355085611343384]
[step 0060/150] method=baseline_avg loss=0.2499 train_acc=0.8397 train_loss=0.3904 val_acc=0.8544 val_loss=0.3707 router_H=0.6903 best=0.8544
           router_load=[0.5255744457244873, 0.0, 0.0008746817475184798, 0.47355085611343384]
[step 0070/150] method=baseline_avg loss=0.4215 train_acc=0.8397 train_loss=0.3904 val_acc=0.8544 val_loss=0.3707 router_H=0.6903 best=0.8544
           router_load=[0.5255744457244873, 0.0, 0.0008746817475184798, 0.47355085611343384]
[step 0080/150] method=baseline_avg loss=0.4155 train_acc=0.8397 train_loss=0.3904 val_acc=0.8544 val_loss=0.3707 router_H=0.6903 best=0.8544
           router_load=[0.5255744457244873, 0.0, 0.0008746817475184798, 0.47355085611343384]
[step 0090/150] method=baseline_avg loss=0.2750 train_acc=0.8397 train_loss=0.3904 val_acc=0.8544 val_loss=0.3707 router_H=0.6903 best=0.8544
           router_load=[0.5255744457244873, 0.0, 0.0008746817475184798, 0.47355085611343384]
[step 0100/150] method=baseline_avg loss=0.7284 train_acc=0.8724 train_loss=0.3454 val_acc=0.8429 val_loss=0.4424 router_H=0.6832 best=0.8544
           router_load=[0.5543577671051025, 0.0004021337372250855, 0.0043102591298520565, 0.44092994928359985]
[step 0110/150] method=baseline_avg loss=0.3933 train_acc=0.8724 train_loss=0.3454 val_acc=0.8429 val_loss=0.4424 router_H=0.6832 best=0.8544
           router_load=[0.5543577671051025, 0.0004021337372250855, 0.0043102591298520565, 0.44092994928359985]
[step 0120/150] method=baseline_avg loss=0.6036 train_acc=0.8724 train_loss=0.3454 val_acc=0.8429 val_loss=0.4424 router_H=0.6832 best=0.8544
           router_load=[0.5543577671051025, 0.0004021337372250855, 0.0043102591298520565, 0.44092994928359985]
[step 0130/150] method=baseline_avg loss=0.1916 train_acc=0.8724 train_loss=0.3454 val_acc=0.8429 val_loss=0.4424 router_H=0.6832 best=0.8544
           router_load=[0.5543577671051025, 0.0004021337372250855, 0.0043102591298520565, 0.44092994928359985]
[step 0140/150] method=baseline_avg loss=0.2708 train_acc=0.8724 train_loss=0.3454 val_acc=0.8429 val_loss=0.4424 router_H=0.6832 best=0.8544
           router_load=[0.5543577671051025, 0.0004021337372250855, 0.0043102591298520565, 0.44092994928359985]
[step 0150/150] method=baseline_avg loss=0.5061 train_acc=0.8652 train_loss=0.3238 val_acc=0.8899 val_loss=0.2868 router_H=0.6821 best=0.8899
           router_load=[0.5555868148803711, 0.0, 0.0023596803657710552, 0.4420533776283264]
saved summary -> /home/zhujjing/MOE-grad-conflict-routing/runs/paper_suite/single_gpu/single_task/roberta_sst2_lora_e4_k2/hpo/baseline/trial_runs/local_var_topk_016/baseline_s2.json
saved curve -> /home/zhujjing/MOE-grad-conflict-routing/runs/paper_suite/single_gpu/single_task/roberta_sst2_lora_e4_k2/hpo/baseline/trial_runs/local_var_topk_016/baseline_s2_curve.csv
