[run] method=baseline candidate=local_var_topk_026 seed=2 steps=150 gpu=0
[run] cmd=
/home/zhujjing/anaconda3/envs/moe/bin/python /home/zhujjing/MOE-grad-conflict-routing/scripts/run.py --config configs/singletask_sst2_real.yaml --set model.backbone_backend=hf --set model.hf_load_pretrained=true --set model.backbone=roberta --set model.hf_pretrained_name=roberta-base --set model.expert_type=lora --set model.routing_mode=topk --set model.num_experts=4 --set model.top_k=2 --set seed=2 --set method.name=baseline_avg --set train.steps=150 --set train.eval_every_steps=50 --set train.grad_clip=1.162357417 --set train.lr=8.1464706e-05 --set train.weight_decay=0.01758958446 --out /home/zhujjing/MOE-grad-conflict-routing/runs/paper_suite/single_gpu/single_task/roberta_sst2_lora_e4_k2/hpo/baseline/trial_runs/local_var_topk_026/baseline_s2.json --curve_out /home/zhujjing/MOE-grad-conflict-routing/runs/paper_suite/single_gpu/single_task/roberta_sst2_lora_e4_k2/hpo/baseline/trial_runs/local_var_topk_026/baseline_s2_curve.csv
Using the latest cached version of the dataset since glue couldn't be found on the Hugging Face Hub (offline mode is enabled).
Found the latest cached dataset configuration 'sst2' at /home/zhujjing/hf_cache/datasets/glue/sst2/0.0.0/bcdcba79d07bc864c1c254ccfcedcce55bcc9a8c (last modified on Thu Mar 19 15:01:41 2026).
/home/zhujjing/anaconda3/envs/moe/lib/python3.10/site-packages/transformers/utils/hub.py:124: FutureWarning: Using `TRANSFORMERS_CACHE` is deprecated and will be removed in v5 of Transformers. Use `HF_HOME` instead.
  warnings.warn(
Some weights of RobertaModel were not initialized from the model checkpoint at roberta-base and are newly initialized: ['roberta.pooler.dense.bias', 'roberta.pooler.dense.weight']
You should probably TRAIN this model on a down-stream task to be able to use it for predictions and inference.
[step 0001/150] method=baseline_avg loss=0.7225 train_acc=nan train_loss=nan val_acc=nan val_loss=nan best=-1.0000
[step 0010/150] method=baseline_avg loss=0.6622 train_acc=nan train_loss=nan val_acc=nan val_loss=nan best=-1.0000
[step 0020/150] method=baseline_avg loss=0.4909 train_acc=nan train_loss=nan val_acc=nan val_loss=nan best=-1.0000
[step 0030/150] method=baseline_avg loss=0.3883 train_acc=nan train_loss=nan val_acc=nan val_loss=nan best=-1.0000
[step 0040/150] method=baseline_avg loss=0.2287 train_acc=nan train_loss=nan val_acc=nan val_loss=nan best=-1.0000
[step 0050/150] method=baseline_avg loss=0.5321 train_acc=0.8316 train_loss=0.3913 val_acc=0.8222 val_loss=0.3927 router_H=0.6702 best=0.8222
           router_load=[0.3633846640586853, 0.0004401002952363342, 0.0453626923263073, 0.5908126831054688]
[step 0060/150] method=baseline_avg loss=0.4569 train_acc=0.8316 train_loss=0.3913 val_acc=0.8222 val_loss=0.3927 router_H=0.6702 best=0.8222
           router_load=[0.3633846640586853, 0.0004401002952363342, 0.0453626923263073, 0.5908126831054688]
[step 0070/150] method=baseline_avg loss=0.4277 train_acc=0.8316 train_loss=0.3913 val_acc=0.8222 val_loss=0.3927 router_H=0.6702 best=0.8222
           router_load=[0.3633846640586853, 0.0004401002952363342, 0.0453626923263073, 0.5908126831054688]
[step 0080/150] method=baseline_avg loss=0.5959 train_acc=0.8316 train_loss=0.3913 val_acc=0.8222 val_loss=0.3927 router_H=0.6702 best=0.8222
           router_load=[0.3633846640586853, 0.0004401002952363342, 0.0453626923263073, 0.5908126831054688]
[step 0090/150] method=baseline_avg loss=0.4238 train_acc=0.8316 train_loss=0.3913 val_acc=0.8222 val_loss=0.3927 router_H=0.6702 best=0.8222
           router_load=[0.3633846640586853, 0.0004401002952363342, 0.0453626923263073, 0.5908126831054688]
[step 0100/150] method=baseline_avg loss=0.4459 train_acc=0.7465 train_loss=0.5189 val_acc=0.7190 val_loss=0.5546 router_H=0.6687 best=0.8222
           router_load=[0.2263840138912201, 0.009186986833810806, 0.1746697723865509, 0.5897592902183533]
[step 0110/150] method=baseline_avg loss=0.5223 train_acc=0.7465 train_loss=0.5189 val_acc=0.7190 val_loss=0.5546 router_H=0.6687 best=0.8222
           router_load=[0.2263840138912201, 0.009186986833810806, 0.1746697723865509, 0.5897592902183533]
[step 0120/150] method=baseline_avg loss=0.4182 train_acc=0.7465 train_loss=0.5189 val_acc=0.7190 val_loss=0.5546 router_H=0.6687 best=0.8222
           router_load=[0.2263840138912201, 0.009186986833810806, 0.1746697723865509, 0.5897592902183533]
[step 0130/150] method=baseline_avg loss=0.2588 train_acc=0.7465 train_loss=0.5189 val_acc=0.7190 val_loss=0.5546 router_H=0.6687 best=0.8222
           router_load=[0.2263840138912201, 0.009186986833810806, 0.1746697723865509, 0.5897592902183533]
[step 0140/150] method=baseline_avg loss=0.2623 train_acc=0.7465 train_loss=0.5189 val_acc=0.7190 val_loss=0.5546 router_H=0.6687 best=0.8222
           router_load=[0.2263840138912201, 0.009186986833810806, 0.1746697723865509, 0.5897592902183533]
[step 0150/150] method=baseline_avg loss=0.5594 train_acc=0.8689 train_loss=0.3167 val_acc=0.8750 val_loss=0.3199 router_H=0.6141 best=0.8750
           router_load=[0.2408667355775833, 0.014010925777256489, 0.07532873749732971, 0.6697935461997986]
saved summary -> /home/zhujjing/MOE-grad-conflict-routing/runs/paper_suite/single_gpu/single_task/roberta_sst2_lora_e4_k2/hpo/baseline/trial_runs/local_var_topk_026/baseline_s2.json
saved curve -> /home/zhujjing/MOE-grad-conflict-routing/runs/paper_suite/single_gpu/single_task/roberta_sst2_lora_e4_k2/hpo/baseline/trial_runs/local_var_topk_026/baseline_s2_curve.csv
