[run] method=baseline candidate=local_var_topk_012 seed=2 steps=150 gpu=0
[run] cmd=
/home/zhujjing/anaconda3/envs/moe/bin/python /home/zhujjing/MOE-grad-conflict-routing/scripts/run.py --config configs/singletask_sst2_real.yaml --set model.backbone_backend=hf --set model.hf_load_pretrained=true --set model.backbone=roberta --set model.hf_pretrained_name=roberta-base --set model.expert_type=lora --set model.routing_mode=topk --set model.num_experts=4 --set model.top_k=2 --set seed=2 --set method.name=baseline_avg --set train.steps=150 --set train.eval_every_steps=50 --set train.grad_clip=0.5623574172 --set train.lr=4.0732353e-05 --set train.weight_decay=0.007589584458 --out /home/zhujjing/MOE-grad-conflict-routing/runs/paper_suite/single_gpu/single_task/roberta_sst2_lora_e4_k2/hpo/baseline/trial_runs/local_var_topk_012/baseline_s2.json --curve_out /home/zhujjing/MOE-grad-conflict-routing/runs/paper_suite/single_gpu/single_task/roberta_sst2_lora_e4_k2/hpo/baseline/trial_runs/local_var_topk_012/baseline_s2_curve.csv
Using the latest cached version of the dataset since glue couldn't be found on the Hugging Face Hub (offline mode is enabled).
Found the latest cached dataset configuration 'sst2' at /home/zhujjing/hf_cache/datasets/glue/sst2/0.0.0/bcdcba79d07bc864c1c254ccfcedcce55bcc9a8c (last modified on Thu Mar 19 15:01:41 2026).
/home/zhujjing/anaconda3/envs/moe/lib/python3.10/site-packages/transformers/utils/hub.py:124: FutureWarning: Using `TRANSFORMERS_CACHE` is deprecated and will be removed in v5 of Transformers. Use `HF_HOME` instead.
  warnings.warn(
Some weights of RobertaModel were not initialized from the model checkpoint at roberta-base and are newly initialized: ['roberta.pooler.dense.bias', 'roberta.pooler.dense.weight']
You should probably TRAIN this model on a down-stream task to be able to use it for predictions and inference.
[step 0001/150] method=baseline_avg loss=0.6637 train_acc=nan train_loss=nan val_acc=nan val_loss=nan best=-1.0000
[step 0010/150] method=baseline_avg loss=0.6569 train_acc=nan train_loss=nan val_acc=nan val_loss=nan best=-1.0000
[step 0020/150] method=baseline_avg loss=0.3604 train_acc=nan train_loss=nan val_acc=nan val_loss=nan best=-1.0000
[step 0030/150] method=baseline_avg loss=0.2558 train_acc=nan train_loss=nan val_acc=nan val_loss=nan best=-1.0000
[step 0040/150] method=baseline_avg loss=0.2411 train_acc=nan train_loss=nan val_acc=nan val_loss=nan best=-1.0000
[step 0050/150] method=baseline_avg loss=0.2438 train_acc=0.8047 train_loss=0.4379 val_acc=0.7477 val_loss=0.5567 router_H=0.6890 best=0.7477
           router_load=[0.0, 0.3029925525188446, 0.4801349937915802, 0.21687252819538116]
[step 0060/150] method=baseline_avg loss=0.2042 train_acc=0.8047 train_loss=0.4379 val_acc=0.7477 val_loss=0.5567 router_H=0.6890 best=0.7477
           router_load=[0.0, 0.3029925525188446, 0.4801349937915802, 0.21687252819538116]
[step 0070/150] method=baseline_avg loss=0.4673 train_acc=0.8047 train_loss=0.4379 val_acc=0.7477 val_loss=0.5567 router_H=0.6890 best=0.7477
           router_load=[0.0, 0.3029925525188446, 0.4801349937915802, 0.21687252819538116]
[step 0080/150] method=baseline_avg loss=0.6051 train_acc=0.8047 train_loss=0.4379 val_acc=0.7477 val_loss=0.5567 router_H=0.6890 best=0.7477
           router_load=[0.0, 0.3029925525188446, 0.4801349937915802, 0.21687252819538116]
[step 0090/150] method=baseline_avg loss=0.3626 train_acc=0.8047 train_loss=0.4379 val_acc=0.7477 val_loss=0.5567 router_H=0.6890 best=0.7477
           router_load=[0.0, 0.3029925525188446, 0.4801349937915802, 0.21687252819538116]
[step 0100/150] method=baseline_avg loss=0.7655 train_acc=0.8322 train_loss=0.3923 val_acc=0.7936 val_loss=0.4663 router_H=0.6753 best=0.7936
           router_load=[0.04369977489113808, 0.09042172878980637, 0.5848162770271301, 0.28106215596199036]
[step 0110/150] method=baseline_avg loss=0.2964 train_acc=0.8322 train_loss=0.3923 val_acc=0.7936 val_loss=0.4663 router_H=0.6753 best=0.7936
           router_load=[0.04369977489113808, 0.09042172878980637, 0.5848162770271301, 0.28106215596199036]
[step 0120/150] method=baseline_avg loss=0.6731 train_acc=0.8322 train_loss=0.3923 val_acc=0.7936 val_loss=0.4663 router_H=0.6753 best=0.7936
           router_load=[0.04369977489113808, 0.09042172878980637, 0.5848162770271301, 0.28106215596199036]
[step 0130/150] method=baseline_avg loss=0.3056 train_acc=0.8322 train_loss=0.3923 val_acc=0.7936 val_loss=0.4663 router_H=0.6753 best=0.7936
           router_load=[0.04369977489113808, 0.09042172878980637, 0.5848162770271301, 0.28106215596199036]
[step 0140/150] method=baseline_avg loss=0.4175 train_acc=0.8322 train_loss=0.3923 val_acc=0.7936 val_loss=0.4663 router_H=0.6753 best=0.7936
           router_load=[0.04369977489113808, 0.09042172878980637, 0.5848162770271301, 0.28106215596199036]
[step 0150/150] method=baseline_avg loss=0.4365 train_acc=0.8829 train_loss=0.2854 val_acc=0.8991 val_loss=0.2744 router_H=0.6771 best=0.8991
           router_load=[0.00236018979921937, 0.018643299117684364, 0.5819641947746277, 0.3970322012901306]
saved summary -> /home/zhujjing/MOE-grad-conflict-routing/runs/paper_suite/single_gpu/single_task/roberta_sst2_lora_e4_k2/hpo/baseline/trial_runs/local_var_topk_012/baseline_s2.json
saved curve -> /home/zhujjing/MOE-grad-conflict-routing/runs/paper_suite/single_gpu/single_task/roberta_sst2_lora_e4_k2/hpo/baseline/trial_runs/local_var_topk_012/baseline_s2_curve.csv
