[run] method=baseline candidate=local_var_topk_001 seed=3 steps=150 gpu=0
[run] cmd=
/home/zhujjing/anaconda3/envs/moe/bin/python /home/zhujjing/MOE-grad-conflict-routing/scripts/run.py --config configs/singletask_sst2_real.yaml --set model.backbone_backend=hf --set model.hf_load_pretrained=true --set model.backbone=roberta --set model.hf_pretrained_name=roberta-base --set model.expert_type=lora --set model.routing_mode=topk --set model.num_experts=4 --set model.top_k=2 --set seed=3 --set method.name=baseline_avg --set train.steps=150 --set train.eval_every_steps=50 --set train.grad_clip=0.8623574172 --set train.lr=2.0366177e-05 --set train.weight_decay=0 --out /home/zhujjing/MOE-grad-conflict-routing/runs/paper_suite/single_gpu/single_task/roberta_sst2_lora_e4_k2/hpo/baseline/trial_runs/local_var_topk_001/baseline_s3.json --curve_out /home/zhujjing/MOE-grad-conflict-routing/runs/paper_suite/single_gpu/single_task/roberta_sst2_lora_e4_k2/hpo/baseline/trial_runs/local_var_topk_001/baseline_s3_curve.csv
Using the latest cached version of the dataset since glue couldn't be found on the Hugging Face Hub (offline mode is enabled).
Found the latest cached dataset configuration 'sst2' at /home/zhujjing/hf_cache/datasets/glue/sst2/0.0.0/bcdcba79d07bc864c1c254ccfcedcce55bcc9a8c (last modified on Thu Mar 19 15:01:41 2026).
/home/zhujjing/anaconda3/envs/moe/lib/python3.10/site-packages/transformers/utils/hub.py:124: FutureWarning: Using `TRANSFORMERS_CACHE` is deprecated and will be removed in v5 of Transformers. Use `HF_HOME` instead.
  warnings.warn(
Some weights of RobertaModel were not initialized from the model checkpoint at roberta-base and are newly initialized: ['roberta.pooler.dense.bias', 'roberta.pooler.dense.weight']
You should probably TRAIN this model on a down-stream task to be able to use it for predictions and inference.
[step 0001/150] method=baseline_avg loss=0.9627 train_acc=nan train_loss=nan val_acc=nan val_loss=nan best=-1.0000
[step 0010/150] method=baseline_avg loss=0.6109 train_acc=nan train_loss=nan val_acc=nan val_loss=nan best=-1.0000
[step 0020/150] method=baseline_avg loss=0.6283 train_acc=nan train_loss=nan val_acc=nan val_loss=nan best=-1.0000
[step 0030/150] method=baseline_avg loss=0.4871 train_acc=nan train_loss=nan val_acc=nan val_loss=nan best=-1.0000
[step 0040/150] method=baseline_avg loss=0.5246 train_acc=nan train_loss=nan val_acc=nan val_loss=nan best=-1.0000
[step 0050/150] method=baseline_avg loss=0.6229 train_acc=0.8718 train_loss=0.3545 val_acc=0.8578 val_loss=0.3701 router_H=0.6832 best=0.8578
           router_load=[0.04142141714692116, 0.3975985050201416, 0.5536829233169556, 0.007297267206013203]
[step 0060/150] method=baseline_avg loss=0.4876 train_acc=0.8718 train_loss=0.3545 val_acc=0.8578 val_loss=0.3701 router_H=0.6832 best=0.8578
           router_load=[0.04142141714692116, 0.3975985050201416, 0.5536829233169556, 0.007297267206013203]
[step 0070/150] method=baseline_avg loss=0.6258 train_acc=0.8718 train_loss=0.3545 val_acc=0.8578 val_loss=0.3701 router_H=0.6832 best=0.8578
           router_load=[0.04142141714692116, 0.3975985050201416, 0.5536829233169556, 0.007297267206013203]
[step 0080/150] method=baseline_avg loss=0.3151 train_acc=0.8718 train_loss=0.3545 val_acc=0.8578 val_loss=0.3701 router_H=0.6832 best=0.8578
           router_load=[0.04142141714692116, 0.3975985050201416, 0.5536829233169556, 0.007297267206013203]
[step 0090/150] method=baseline_avg loss=0.3959 train_acc=0.8718 train_loss=0.3545 val_acc=0.8578 val_loss=0.3701 router_H=0.6832 best=0.8578
           router_load=[0.04142141714692116, 0.3975985050201416, 0.5536829233169556, 0.007297267206013203]
[step 0100/150] method=baseline_avg loss=0.3662 train_acc=0.8907 train_loss=0.2853 val_acc=0.9048 val_loss=0.2660 router_H=0.6727 best=0.9048
           router_load=[0.12250147014856339, 0.24800333380699158, 0.5913547873497009, 0.038140296936035156]
[step 0110/150] method=baseline_avg loss=0.3649 train_acc=0.8907 train_loss=0.2853 val_acc=0.9048 val_loss=0.2660 router_H=0.6727 best=0.9048
           router_load=[0.12250147014856339, 0.24800333380699158, 0.5913547873497009, 0.038140296936035156]
[step 0120/150] method=baseline_avg loss=0.3981 train_acc=0.8907 train_loss=0.2853 val_acc=0.9048 val_loss=0.2660 router_H=0.6727 best=0.9048
           router_load=[0.12250147014856339, 0.24800333380699158, 0.5913547873497009, 0.038140296936035156]
[step 0130/150] method=baseline_avg loss=0.6831 train_acc=0.8907 train_loss=0.2853 val_acc=0.9048 val_loss=0.2660 router_H=0.6727 best=0.9048
           router_load=[0.12250147014856339, 0.24800333380699158, 0.5913547873497009, 0.038140296936035156]
[step 0140/150] method=baseline_avg loss=0.2582 train_acc=0.8907 train_loss=0.2853 val_acc=0.9048 val_loss=0.2660 router_H=0.6727 best=0.9048
           router_load=[0.12250147014856339, 0.24800333380699158, 0.5913547873497009, 0.038140296936035156]
[step 0150/150] method=baseline_avg loss=0.1548 train_acc=0.8923 train_loss=0.2747 val_acc=0.9106 val_loss=0.2422 router_H=0.6711 best=0.9106
           router_load=[0.113089419901371, 0.1728883683681488, 0.5919638872146606, 0.12205842137336731]
saved summary -> /home/zhujjing/MOE-grad-conflict-routing/runs/paper_suite/single_gpu/single_task/roberta_sst2_lora_e4_k2/hpo/baseline/trial_runs/local_var_topk_001/baseline_s3.json
saved curve -> /home/zhujjing/MOE-grad-conflict-routing/runs/paper_suite/single_gpu/single_task/roberta_sst2_lora_e4_k2/hpo/baseline/trial_runs/local_var_topk_001/baseline_s3_curve.csv
