[run] method=baseline candidate=local_var_topk_026 seed=3 steps=150 gpu=0
[run] cmd=
/home/zhujjing/anaconda3/envs/moe/bin/python /home/zhujjing/MOE-grad-conflict-routing/scripts/run.py --config configs/singletask_sst2_real.yaml --set model.backbone_backend=hf --set model.hf_load_pretrained=true --set model.backbone=roberta --set model.hf_pretrained_name=roberta-base --set model.expert_type=lora --set model.routing_mode=topk --set model.num_experts=4 --set model.top_k=2 --set seed=3 --set method.name=baseline_avg --set train.steps=150 --set train.eval_every_steps=50 --set train.grad_clip=1.162357417 --set train.lr=8.1464706e-05 --set train.weight_decay=0.01758958446 --out /home/zhujjing/MOE-grad-conflict-routing/runs/paper_suite/single_gpu/single_task/roberta_sst2_lora_e4_k2/hpo/baseline/trial_runs/local_var_topk_026/baseline_s3.json --curve_out /home/zhujjing/MOE-grad-conflict-routing/runs/paper_suite/single_gpu/single_task/roberta_sst2_lora_e4_k2/hpo/baseline/trial_runs/local_var_topk_026/baseline_s3_curve.csv
Using the latest cached version of the dataset since glue couldn't be found on the Hugging Face Hub (offline mode is enabled).
Found the latest cached dataset configuration 'sst2' at /home/zhujjing/hf_cache/datasets/glue/sst2/0.0.0/bcdcba79d07bc864c1c254ccfcedcce55bcc9a8c (last modified on Thu Mar 19 15:01:41 2026).
/home/zhujjing/anaconda3/envs/moe/lib/python3.10/site-packages/transformers/utils/hub.py:124: FutureWarning: Using `TRANSFORMERS_CACHE` is deprecated and will be removed in v5 of Transformers. Use `HF_HOME` instead.
  warnings.warn(
Some weights of RobertaModel were not initialized from the model checkpoint at roberta-base and are newly initialized: ['roberta.pooler.dense.bias', 'roberta.pooler.dense.weight']
You should probably TRAIN this model on a down-stream task to be able to use it for predictions and inference.
[step 0001/150] method=baseline_avg loss=0.7086 train_acc=nan train_loss=nan val_acc=nan val_loss=nan best=-1.0000
[step 0010/150] method=baseline_avg loss=0.7575 train_acc=nan train_loss=nan val_acc=nan val_loss=nan best=-1.0000
[step 0020/150] method=baseline_avg loss=0.5663 train_acc=nan train_loss=nan val_acc=nan val_loss=nan best=-1.0000
[step 0030/150] method=baseline_avg loss=0.3966 train_acc=nan train_loss=nan val_acc=nan val_loss=nan best=-1.0000
[step 0040/150] method=baseline_avg loss=1.1254 train_acc=nan train_loss=nan val_acc=nan val_loss=nan best=-1.0000
[step 0050/150] method=baseline_avg loss=0.7945 train_acc=0.8327 train_loss=0.4205 val_acc=0.8349 val_loss=0.4030 router_H=0.6913 best=0.8349
           router_load=[0.4364648163318634, 0.12455326318740845, 0.1255052089691162, 0.3134767711162567]
[step 0060/150] method=baseline_avg loss=0.4932 train_acc=0.8327 train_loss=0.4205 val_acc=0.8349 val_loss=0.4030 router_H=0.6913 best=0.8349
           router_load=[0.4364648163318634, 0.12455326318740845, 0.1255052089691162, 0.3134767711162567]
[step 0070/150] method=baseline_avg loss=0.5422 train_acc=0.8327 train_loss=0.4205 val_acc=0.8349 val_loss=0.4030 router_H=0.6913 best=0.8349
           router_load=[0.4364648163318634, 0.12455326318740845, 0.1255052089691162, 0.3134767711162567]
[step 0080/150] method=baseline_avg loss=0.3772 train_acc=0.8327 train_loss=0.4205 val_acc=0.8349 val_loss=0.4030 router_H=0.6913 best=0.8349
           router_load=[0.4364648163318634, 0.12455326318740845, 0.1255052089691162, 0.3134767711162567]
[step 0090/150] method=baseline_avg loss=0.1911 train_acc=0.8327 train_loss=0.4205 val_acc=0.8349 val_loss=0.4030 router_H=0.6913 best=0.8349
           router_load=[0.4364648163318634, 0.12455326318740845, 0.1255052089691162, 0.3134767711162567]
[step 0100/150] method=baseline_avg loss=1.1332 train_acc=0.8188 train_loss=0.6229 val_acc=0.7970 val_loss=0.7438 router_H=0.6855 best=0.8349
           router_load=[0.39484724402427673, 0.27325764298439026, 0.059197358787059784, 0.2726975977420807]
[step 0110/150] method=baseline_avg loss=0.4488 train_acc=0.8188 train_loss=0.6229 val_acc=0.7970 val_loss=0.7438 router_H=0.6855 best=0.8349
           router_load=[0.39484724402427673, 0.27325764298439026, 0.059197358787059784, 0.2726975977420807]
[step 0120/150] method=baseline_avg loss=0.2940 train_acc=0.8188 train_loss=0.6229 val_acc=0.7970 val_loss=0.7438 router_H=0.6855 best=0.8349
           router_load=[0.39484724402427673, 0.27325764298439026, 0.059197358787059784, 0.2726975977420807]
[step 0130/150] method=baseline_avg loss=1.1281 train_acc=0.8188 train_loss=0.6229 val_acc=0.7970 val_loss=0.7438 router_H=0.6855 best=0.8349
           router_load=[0.39484724402427673, 0.27325764298439026, 0.059197358787059784, 0.2726975977420807]
[step 0140/150] method=baseline_avg loss=0.3380 train_acc=0.8188 train_loss=0.6229 val_acc=0.7970 val_loss=0.7438 router_H=0.6855 best=0.8349
           router_load=[0.39484724402427673, 0.27325764298439026, 0.059197358787059784, 0.2726975977420807]
[step 0150/150] method=baseline_avg loss=0.2763 train_acc=0.8560 train_loss=0.3730 val_acc=0.8853 val_loss=0.3013 router_H=0.6908 best=0.8853
           router_load=[0.48951655626296997, 0.1230497732758522, 0.049473490566015244, 0.33796024322509766]
saved summary -> /home/zhujjing/MOE-grad-conflict-routing/runs/paper_suite/single_gpu/single_task/roberta_sst2_lora_e4_k2/hpo/baseline/trial_runs/local_var_topk_026/baseline_s3.json
saved curve -> /home/zhujjing/MOE-grad-conflict-routing/runs/paper_suite/single_gpu/single_task/roberta_sst2_lora_e4_k2/hpo/baseline/trial_runs/local_var_topk_026/baseline_s3_curve.csv
