[run] method=baseline candidate=local_var_topk_011 seed=2 steps=150 gpu=0
[run] cmd=
/home/zhujjing/anaconda3/envs/moe/bin/python /home/zhujjing/MOE-grad-conflict-routing/scripts/run.py --config configs/singletask_sst2_real.yaml --set model.backbone_backend=hf --set model.hf_load_pretrained=true --set model.backbone=roberta --set model.hf_pretrained_name=roberta-base --set model.expert_type=lora --set model.routing_mode=topk --set model.num_experts=4 --set model.top_k=2 --set seed=2 --set method.name=baseline_avg --set train.steps=150 --set train.eval_every_steps=50 --set train.grad_clip=1.162357417 --set train.lr=4.0732353e-05 --set train.weight_decay=0 --out /home/zhujjing/MOE-grad-conflict-routing/runs/paper_suite/single_gpu/single_task/roberta_sst2_lora_e4_k2/hpo/baseline/trial_runs/local_var_topk_011/baseline_s2.json --curve_out /home/zhujjing/MOE-grad-conflict-routing/runs/paper_suite/single_gpu/single_task/roberta_sst2_lora_e4_k2/hpo/baseline/trial_runs/local_var_topk_011/baseline_s2_curve.csv
Using the latest cached version of the dataset since glue couldn't be found on the Hugging Face Hub (offline mode is enabled).
Found the latest cached dataset configuration 'sst2' at /home/zhujjing/hf_cache/datasets/glue/sst2/0.0.0/bcdcba79d07bc864c1c254ccfcedcce55bcc9a8c (last modified on Thu Mar 19 15:01:41 2026).
/home/zhujjing/anaconda3/envs/moe/lib/python3.10/site-packages/transformers/utils/hub.py:124: FutureWarning: Using `TRANSFORMERS_CACHE` is deprecated and will be removed in v5 of Transformers. Use `HF_HOME` instead.
  warnings.warn(
Some weights of RobertaModel were not initialized from the model checkpoint at roberta-base and are newly initialized: ['roberta.pooler.dense.bias', 'roberta.pooler.dense.weight']
You should probably TRAIN this model on a down-stream task to be able to use it for predictions and inference.
[step 0001/150] method=baseline_avg loss=0.6369 train_acc=nan train_loss=nan val_acc=nan val_loss=nan best=-1.0000
[step 0010/150] method=baseline_avg loss=0.6665 train_acc=nan train_loss=nan val_acc=nan val_loss=nan best=-1.0000
[step 0020/150] method=baseline_avg loss=0.4096 train_acc=nan train_loss=nan val_acc=nan val_loss=nan best=-1.0000
[step 0030/150] method=baseline_avg loss=0.2104 train_acc=nan train_loss=nan val_acc=nan val_loss=nan best=-1.0000
[step 0040/150] method=baseline_avg loss=0.1506 train_acc=nan train_loss=nan val_acc=nan val_loss=nan best=-1.0000
[step 0050/150] method=baseline_avg loss=0.2539 train_acc=0.8186 train_loss=0.4277 val_acc=0.7500 val_loss=0.5165 router_H=0.6854 best=0.7500
           router_load=[0.13459782302379608, 0.0004128794535063207, 0.3959087133407593, 0.4690806269645691]
[step 0060/150] method=baseline_avg loss=0.3703 train_acc=0.8186 train_loss=0.4277 val_acc=0.7500 val_loss=0.5165 router_H=0.6854 best=0.7500
           router_load=[0.13459782302379608, 0.0004128794535063207, 0.3959087133407593, 0.4690806269645691]
[step 0070/150] method=baseline_avg loss=0.2916 train_acc=0.8186 train_loss=0.4277 val_acc=0.7500 val_loss=0.5165 router_H=0.6854 best=0.7500
           router_load=[0.13459782302379608, 0.0004128794535063207, 0.3959087133407593, 0.4690806269645691]
[step 0080/150] method=baseline_avg loss=0.6261 train_acc=0.8186 train_loss=0.4277 val_acc=0.7500 val_loss=0.5165 router_H=0.6854 best=0.7500
           router_load=[0.13459782302379608, 0.0004128794535063207, 0.3959087133407593, 0.4690806269645691]
[step 0090/150] method=baseline_avg loss=0.3237 train_acc=0.8186 train_loss=0.4277 val_acc=0.7500 val_loss=0.5165 router_H=0.6854 best=0.7500
           router_load=[0.13459782302379608, 0.0004128794535063207, 0.3959087133407593, 0.4690806269645691]
[step 0100/150] method=baseline_avg loss=0.5081 train_acc=0.8464 train_loss=0.3621 val_acc=0.8257 val_loss=0.3698 router_H=0.6838 best=0.8257
           router_load=[0.09286803752183914, 0.0, 0.439421683549881, 0.4677102267742157]
[step 0110/150] method=baseline_avg loss=0.3860 train_acc=0.8464 train_loss=0.3621 val_acc=0.8257 val_loss=0.3698 router_H=0.6838 best=0.8257
           router_load=[0.09286803752183914, 0.0, 0.439421683549881, 0.4677102267742157]
[step 0120/150] method=baseline_avg loss=0.2051 train_acc=0.8464 train_loss=0.3621 val_acc=0.8257 val_loss=0.3698 router_H=0.6838 best=0.8257
           router_load=[0.09286803752183914, 0.0, 0.439421683549881, 0.4677102267742157]
[step 0130/150] method=baseline_avg loss=0.3329 train_acc=0.8464 train_loss=0.3621 val_acc=0.8257 val_loss=0.3698 router_H=0.6838 best=0.8257
           router_load=[0.09286803752183914, 0.0, 0.439421683549881, 0.4677102267742157]
[step 0140/150] method=baseline_avg loss=0.3980 train_acc=0.8464 train_loss=0.3621 val_acc=0.8257 val_loss=0.3698 router_H=0.6838 best=0.8257
           router_load=[0.09286803752183914, 0.0, 0.439421683549881, 0.4677102267742157]
[step 0150/150] method=baseline_avg loss=0.7216 train_acc=0.8718 train_loss=0.3075 val_acc=0.8394 val_loss=0.3546 router_H=0.6800 best=0.8394
           router_load=[0.14444014430046082, 0.032280828803777695, 0.44997137784957886, 0.37330761551856995]
saved summary -> /home/zhujjing/MOE-grad-conflict-routing/runs/paper_suite/single_gpu/single_task/roberta_sst2_lora_e4_k2/hpo/baseline/trial_runs/local_var_topk_011/baseline_s2.json
saved curve -> /home/zhujjing/MOE-grad-conflict-routing/runs/paper_suite/single_gpu/single_task/roberta_sst2_lora_e4_k2/hpo/baseline/trial_runs/local_var_topk_011/baseline_s2_curve.csv
