[run] method=baseline candidate=local_var_topk_023 seed=2 steps=150 gpu=0
[run] cmd=
/home/zhujjing/anaconda3/envs/moe/bin/python /home/zhujjing/MOE-grad-conflict-routing/scripts/run.py --config configs/singletask_sst2_real.yaml --set model.backbone_backend=hf --set model.hf_load_pretrained=true --set model.backbone=roberta --set model.hf_pretrained_name=roberta-base --set model.expert_type=lora --set model.routing_mode=topk --set model.num_experts=4 --set model.top_k=2 --set seed=2 --set method.name=baseline_avg --set train.steps=150 --set train.eval_every_steps=50 --set train.grad_clip=1.162357417 --set train.lr=8.1464706e-05 --set train.weight_decay=0.007589584458 --out /home/zhujjing/MOE-grad-conflict-routing/runs/paper_suite/single_gpu/single_task/roberta_sst2_lora_e4_k2/hpo/baseline/trial_runs/local_var_topk_023/baseline_s2.json --curve_out /home/zhujjing/MOE-grad-conflict-routing/runs/paper_suite/single_gpu/single_task/roberta_sst2_lora_e4_k2/hpo/baseline/trial_runs/local_var_topk_023/baseline_s2_curve.csv
Using the latest cached version of the dataset since glue couldn't be found on the Hugging Face Hub (offline mode is enabled).
Found the latest cached dataset configuration 'sst2' at /home/zhujjing/hf_cache/datasets/glue/sst2/0.0.0/bcdcba79d07bc864c1c254ccfcedcce55bcc9a8c (last modified on Thu Mar 19 15:01:41 2026).
/home/zhujjing/anaconda3/envs/moe/lib/python3.10/site-packages/transformers/utils/hub.py:124: FutureWarning: Using `TRANSFORMERS_CACHE` is deprecated and will be removed in v5 of Transformers. Use `HF_HOME` instead.
  warnings.warn(
Some weights of RobertaModel were not initialized from the model checkpoint at roberta-base and are newly initialized: ['roberta.pooler.dense.bias', 'roberta.pooler.dense.weight']
You should probably TRAIN this model on a down-stream task to be able to use it for predictions and inference.
[step 0001/150] method=baseline_avg loss=0.6326 train_acc=nan train_loss=nan val_acc=nan val_loss=nan best=-1.0000
[step 0010/150] method=baseline_avg loss=0.6492 train_acc=nan train_loss=nan val_acc=nan val_loss=nan best=-1.0000
[step 0020/150] method=baseline_avg loss=0.7089 train_acc=nan train_loss=nan val_acc=nan val_loss=nan best=-1.0000
[step 0030/150] method=baseline_avg loss=0.4978 train_acc=nan train_loss=nan val_acc=nan val_loss=nan best=-1.0000
[step 0040/150] method=baseline_avg loss=0.2524 train_acc=nan train_loss=nan val_acc=nan val_loss=nan best=-1.0000
[step 0050/150] method=baseline_avg loss=0.2474 train_acc=0.7896 train_loss=0.6605 val_acc=0.7167 val_loss=0.8745 router_H=0.6489 best=0.7167
           router_load=[0.3546501398086548, 0.6445765495300293, 0.0, 0.0007733762031421065]
[step 0060/150] method=baseline_avg loss=0.3100 train_acc=0.7896 train_loss=0.6605 val_acc=0.7167 val_loss=0.8745 router_H=0.6489 best=0.7167
           router_load=[0.3546501398086548, 0.6445765495300293, 0.0, 0.0007733762031421065]
[step 0070/150] method=baseline_avg loss=0.3681 train_acc=0.7896 train_loss=0.6605 val_acc=0.7167 val_loss=0.8745 router_H=0.6489 best=0.7167
           router_load=[0.3546501398086548, 0.6445765495300293, 0.0, 0.0007733762031421065]
[step 0080/150] method=baseline_avg loss=1.0601 train_acc=0.7896 train_loss=0.6605 val_acc=0.7167 val_loss=0.8745 router_H=0.6489 best=0.7167
           router_load=[0.3546501398086548, 0.6445765495300293, 0.0, 0.0007733762031421065]
[step 0090/150] method=baseline_avg loss=0.5152 train_acc=0.7896 train_loss=0.6605 val_acc=0.7167 val_loss=0.8745 router_H=0.6489 best=0.7167
           router_load=[0.3546501398086548, 0.6445765495300293, 0.0, 0.0007733762031421065]
[step 0100/150] method=baseline_avg loss=0.8519 train_acc=0.8608 train_loss=0.4297 val_acc=0.8601 val_loss=0.4429 router_H=0.6751 best=0.8601
           router_load=[0.37882956862449646, 0.5863651633262634, 0.03480515629053116, 0.0]
[step 0110/150] method=baseline_avg loss=0.3848 train_acc=0.8608 train_loss=0.4297 val_acc=0.8601 val_loss=0.4429 router_H=0.6751 best=0.8601
           router_load=[0.37882956862449646, 0.5863651633262634, 0.03480515629053116, 0.0]
[step 0120/150] method=baseline_avg loss=0.9573 train_acc=0.8608 train_loss=0.4297 val_acc=0.8601 val_loss=0.4429 router_H=0.6751 best=0.8601
           router_load=[0.37882956862449646, 0.5863651633262634, 0.03480515629053116, 0.0]
[step 0130/150] method=baseline_avg loss=0.3210 train_acc=0.8608 train_loss=0.4297 val_acc=0.8601 val_loss=0.4429 router_H=0.6751 best=0.8601
           router_load=[0.37882956862449646, 0.5863651633262634, 0.03480515629053116, 0.0]
[step 0140/150] method=baseline_avg loss=0.5740 train_acc=0.8608 train_loss=0.4297 val_acc=0.8601 val_loss=0.4429 router_H=0.6751 best=0.8601
           router_load=[0.37882956862449646, 0.5863651633262634, 0.03480515629053116, 0.0]
[step 0150/150] method=baseline_avg loss=0.7591 train_acc=0.8184 train_loss=0.4419 val_acc=0.8429 val_loss=0.3838 router_H=0.6504 best=0.8601
           router_load=[0.3642686605453491, 0.6357314586639404, 0.0, 0.0]
saved summary -> /home/zhujjing/MOE-grad-conflict-routing/runs/paper_suite/single_gpu/single_task/roberta_sst2_lora_e4_k2/hpo/baseline/trial_runs/local_var_topk_023/baseline_s2.json
saved curve -> /home/zhujjing/MOE-grad-conflict-routing/runs/paper_suite/single_gpu/single_task/roberta_sst2_lora_e4_k2/hpo/baseline/trial_runs/local_var_topk_023/baseline_s2_curve.csv
