[run] method=baseline candidate=local_var_topk_003 seed=3 steps=150 gpu=0
[run] cmd=
/home/zhujjing/anaconda3/envs/moe/bin/python /home/zhujjing/MOE-grad-conflict-routing/scripts/run.py --config configs/singletask_sst2_real.yaml --set model.backbone_backend=hf --set model.hf_load_pretrained=true --set model.backbone=roberta --set model.hf_pretrained_name=roberta-base --set model.expert_type=lora --set model.routing_mode=topk --set model.num_experts=4 --set model.top_k=2 --set seed=3 --set method.name=baseline_avg --set train.steps=150 --set train.eval_every_steps=50 --set train.grad_clip=0.5623574172 --set train.lr=2.0366177e-05 --set train.weight_decay=0.007589584458 --out /home/zhujjing/MOE-grad-conflict-routing/runs/paper_suite/single_gpu/single_task/roberta_sst2_lora_e4_k2/hpo/baseline/trial_runs/local_var_topk_003/baseline_s3.json --curve_out /home/zhujjing/MOE-grad-conflict-routing/runs/paper_suite/single_gpu/single_task/roberta_sst2_lora_e4_k2/hpo/baseline/trial_runs/local_var_topk_003/baseline_s3_curve.csv
Using the latest cached version of the dataset since glue couldn't be found on the Hugging Face Hub (offline mode is enabled).
Found the latest cached dataset configuration 'sst2' at /home/zhujjing/hf_cache/datasets/glue/sst2/0.0.0/bcdcba79d07bc864c1c254ccfcedcce55bcc9a8c (last modified on Thu Mar 19 15:01:41 2026).
/home/zhujjing/anaconda3/envs/moe/lib/python3.10/site-packages/transformers/utils/hub.py:124: FutureWarning: Using `TRANSFORMERS_CACHE` is deprecated and will be removed in v5 of Transformers. Use `HF_HOME` instead.
  warnings.warn(
Some weights of RobertaModel were not initialized from the model checkpoint at roberta-base and are newly initialized: ['roberta.pooler.dense.bias', 'roberta.pooler.dense.weight']
You should probably TRAIN this model on a down-stream task to be able to use it for predictions and inference.
[step 0001/150] method=baseline_avg loss=0.8469 train_acc=nan train_loss=nan val_acc=nan val_loss=nan best=-1.0000
[step 0010/150] method=baseline_avg loss=0.6097 train_acc=nan train_loss=nan val_acc=nan val_loss=nan best=-1.0000
[step 0020/150] method=baseline_avg loss=0.6337 train_acc=nan train_loss=nan val_acc=nan val_loss=nan best=-1.0000
[step 0030/150] method=baseline_avg loss=0.4915 train_acc=nan train_loss=nan val_acc=nan val_loss=nan best=-1.0000
[step 0040/150] method=baseline_avg loss=0.5207 train_acc=nan train_loss=nan val_acc=nan val_loss=nan best=-1.0000
[step 0050/150] method=baseline_avg loss=0.6307 train_acc=0.8686 train_loss=0.3497 val_acc=0.8670 val_loss=0.3658 router_H=0.6866 best=0.8670
           router_load=[0.0, 0.037402939051389694, 0.5184664130210876, 0.44413071870803833]
[step 0060/150] method=baseline_avg loss=0.5253 train_acc=0.8686 train_loss=0.3497 val_acc=0.8670 val_loss=0.3658 router_H=0.6866 best=0.8670
           router_load=[0.0, 0.037402939051389694, 0.5184664130210876, 0.44413071870803833]
[step 0070/150] method=baseline_avg loss=0.3796 train_acc=0.8686 train_loss=0.3497 val_acc=0.8670 val_loss=0.3658 router_H=0.6866 best=0.8670
           router_load=[0.0, 0.037402939051389694, 0.5184664130210876, 0.44413071870803833]
[step 0080/150] method=baseline_avg loss=0.2762 train_acc=0.8686 train_loss=0.3497 val_acc=0.8670 val_loss=0.3658 router_H=0.6866 best=0.8670
           router_load=[0.0, 0.037402939051389694, 0.5184664130210876, 0.44413071870803833]
[step 0090/150] method=baseline_avg loss=0.5679 train_acc=0.8686 train_loss=0.3497 val_acc=0.8670 val_loss=0.3658 router_H=0.6866 best=0.8670
           router_load=[0.0, 0.037402939051389694, 0.5184664130210876, 0.44413071870803833]
[step 0100/150] method=baseline_avg loss=0.4550 train_acc=0.8342 train_loss=0.4333 val_acc=0.8509 val_loss=0.3514 router_H=0.6853 best=0.8670
           router_load=[0.0009495003614574671, 0.219783753156662, 0.5024972558021545, 0.2767694592475891]
[step 0110/150] method=baseline_avg loss=0.4229 train_acc=0.8342 train_loss=0.4333 val_acc=0.8509 val_loss=0.3514 router_H=0.6853 best=0.8670
           router_load=[0.0009495003614574671, 0.219783753156662, 0.5024972558021545, 0.2767694592475891]
[step 0120/150] method=baseline_avg loss=0.3844 train_acc=0.8342 train_loss=0.4333 val_acc=0.8509 val_loss=0.3514 router_H=0.6853 best=0.8670
           router_load=[0.0009495003614574671, 0.219783753156662, 0.5024972558021545, 0.2767694592475891]
[step 0130/150] method=baseline_avg loss=0.6413 train_acc=0.8342 train_loss=0.4333 val_acc=0.8509 val_loss=0.3514 router_H=0.6853 best=0.8670
           router_load=[0.0009495003614574671, 0.219783753156662, 0.5024972558021545, 0.2767694592475891]
[step 0140/150] method=baseline_avg loss=0.2306 train_acc=0.8342 train_loss=0.4333 val_acc=0.8509 val_loss=0.3514 router_H=0.6853 best=0.8670
           router_load=[0.0009495003614574671, 0.219783753156662, 0.5024972558021545, 0.2767694592475891]
[step 0150/150] method=baseline_avg loss=0.1793 train_acc=0.8896 train_loss=0.2901 val_acc=0.9289 val_loss=0.2240 router_H=0.6847 best=0.9289
           router_load=[0.0020810517016798258, 0.11402812600135803, 0.4530697166919708, 0.43082109093666077]
saved summary -> /home/zhujjing/MOE-grad-conflict-routing/runs/paper_suite/single_gpu/single_task/roberta_sst2_lora_e4_k2/hpo/baseline/trial_runs/local_var_topk_003/baseline_s3.json
saved curve -> /home/zhujjing/MOE-grad-conflict-routing/runs/paper_suite/single_gpu/single_task/roberta_sst2_lora_e4_k2/hpo/baseline/trial_runs/local_var_topk_003/baseline_s3_curve.csv
