[run] method=baseline candidate=local_var_topk_024 seed=2 steps=150 gpu=0
[run] cmd=
/home/zhujjing/anaconda3/envs/moe/bin/python /home/zhujjing/MOE-grad-conflict-routing/scripts/run.py --config configs/singletask_sst2_real.yaml --set model.backbone_backend=hf --set model.hf_load_pretrained=true --set model.backbone=roberta --set model.hf_pretrained_name=roberta-base --set model.expert_type=lora --set model.routing_mode=topk --set model.num_experts=4 --set model.top_k=2 --set seed=2 --set method.name=baseline_avg --set train.steps=150 --set train.eval_every_steps=50 --set train.grad_clip=0.5623574172 --set train.lr=8.1464706e-05 --set train.weight_decay=0.01758958446 --out /home/zhujjing/MOE-grad-conflict-routing/runs/paper_suite/single_gpu/single_task/roberta_sst2_lora_e4_k2/hpo/baseline/trial_runs/local_var_topk_024/baseline_s2.json --curve_out /home/zhujjing/MOE-grad-conflict-routing/runs/paper_suite/single_gpu/single_task/roberta_sst2_lora_e4_k2/hpo/baseline/trial_runs/local_var_topk_024/baseline_s2_curve.csv
Using the latest cached version of the dataset since glue couldn't be found on the Hugging Face Hub (offline mode is enabled).
Found the latest cached dataset configuration 'sst2' at /home/zhujjing/hf_cache/datasets/glue/sst2/0.0.0/bcdcba79d07bc864c1c254ccfcedcce55bcc9a8c (last modified on Thu Mar 19 15:01:41 2026).
/home/zhujjing/anaconda3/envs/moe/lib/python3.10/site-packages/transformers/utils/hub.py:124: FutureWarning: Using `TRANSFORMERS_CACHE` is deprecated and will be removed in v5 of Transformers. Use `HF_HOME` instead.
  warnings.warn(
Some weights of RobertaModel were not initialized from the model checkpoint at roberta-base and are newly initialized: ['roberta.pooler.dense.bias', 'roberta.pooler.dense.weight']
You should probably TRAIN this model on a down-stream task to be able to use it for predictions and inference.
[step 0001/150] method=baseline_avg loss=0.5933 train_acc=nan train_loss=nan val_acc=nan val_loss=nan best=-1.0000
[step 0010/150] method=baseline_avg loss=0.6383 train_acc=nan train_loss=nan val_acc=nan val_loss=nan best=-1.0000
[step 0020/150] method=baseline_avg loss=0.1971 train_acc=nan train_loss=nan val_acc=nan val_loss=nan best=-1.0000
[step 0030/150] method=baseline_avg loss=0.5177 train_acc=nan train_loss=nan val_acc=nan val_loss=nan best=-1.0000
[step 0040/150] method=baseline_avg loss=0.1103 train_acc=nan train_loss=nan val_acc=nan val_loss=nan best=-1.0000
[step 0050/150] method=baseline_avg loss=0.3722 train_acc=0.8397 train_loss=0.3827 val_acc=0.8188 val_loss=0.4028 router_H=0.6914 best=0.8188
           router_load=[0.28547653555870056, 0.024677444249391556, 0.4978153705596924, 0.19203045964241028]
[step 0060/150] method=baseline_avg loss=0.3602 train_acc=0.8397 train_loss=0.3827 val_acc=0.8188 val_loss=0.4028 router_H=0.6914 best=0.8188
           router_load=[0.28547653555870056, 0.024677444249391556, 0.4978153705596924, 0.19203045964241028]
[step 0070/150] method=baseline_avg loss=0.6575 train_acc=0.8397 train_loss=0.3827 val_acc=0.8188 val_loss=0.4028 router_H=0.6914 best=0.8188
           router_load=[0.28547653555870056, 0.024677444249391556, 0.4978153705596924, 0.19203045964241028]
[step 0080/150] method=baseline_avg loss=0.6319 train_acc=0.8397 train_loss=0.3827 val_acc=0.8188 val_loss=0.4028 router_H=0.6914 best=0.8188
           router_load=[0.28547653555870056, 0.024677444249391556, 0.4978153705596924, 0.19203045964241028]
[step 0090/150] method=baseline_avg loss=0.5895 train_acc=0.8397 train_loss=0.3827 val_acc=0.8188 val_loss=0.4028 router_H=0.6914 best=0.8188
           router_load=[0.28547653555870056, 0.024677444249391556, 0.4978153705596924, 0.19203045964241028]
[step 0100/150] method=baseline_avg loss=0.5908 train_acc=0.7800 train_loss=0.5880 val_acc=0.8337 val_loss=0.5831 router_H=0.6927 best=0.8337
           router_load=[0.20769384503364563, 0.0, 0.28150442242622375, 0.5108019113540649]
[step 0110/150] method=baseline_avg loss=0.3828 train_acc=0.7800 train_loss=0.5880 val_acc=0.8337 val_loss=0.5831 router_H=0.6927 best=0.8337
           router_load=[0.20769384503364563, 0.0, 0.28150442242622375, 0.5108019113540649]
[step 0120/150] method=baseline_avg loss=0.3577 train_acc=0.7800 train_loss=0.5880 val_acc=0.8337 val_loss=0.5831 router_H=0.6927 best=0.8337
           router_load=[0.20769384503364563, 0.0, 0.28150442242622375, 0.5108019113540649]
[step 0130/150] method=baseline_avg loss=0.3971 train_acc=0.7800 train_loss=0.5880 val_acc=0.8337 val_loss=0.5831 router_H=0.6927 best=0.8337
           router_load=[0.20769384503364563, 0.0, 0.28150442242622375, 0.5108019113540649]
[step 0140/150] method=baseline_avg loss=0.4856 train_acc=0.7800 train_loss=0.5880 val_acc=0.8337 val_loss=0.5831 router_H=0.6927 best=0.8337
           router_load=[0.20769384503364563, 0.0, 0.28150442242622375, 0.5108019113540649]
[step 0150/150] method=baseline_avg loss=0.4054 train_acc=0.8523 train_loss=0.3428 val_acc=0.8635 val_loss=0.3296 router_H=0.6864 best=0.8635
           router_load=[0.3339793086051941, 0.0041740224696695805, 0.4928749203681946, 0.16897179186344147]
saved summary -> /home/zhujjing/MOE-grad-conflict-routing/runs/paper_suite/single_gpu/single_task/roberta_sst2_lora_e4_k2/hpo/baseline/trial_runs/local_var_topk_024/baseline_s2.json
saved curve -> /home/zhujjing/MOE-grad-conflict-routing/runs/paper_suite/single_gpu/single_task/roberta_sst2_lora_e4_k2/hpo/baseline/trial_runs/local_var_topk_024/baseline_s2_curve.csv
