[run] method=baseline candidate=local_var_topk_000 seed=2 steps=150 gpu=0
[run] cmd=
/home/zhujjing/anaconda3/envs/moe/bin/python /home/zhujjing/MOE-grad-conflict-routing/scripts/run.py --config configs/singletask_sst2_real.yaml --set model.backbone_backend=hf --set model.hf_load_pretrained=true --set model.backbone=roberta --set model.hf_pretrained_name=roberta-base --set model.expert_type=lora --set model.routing_mode=topk --set model.num_experts=4 --set model.top_k=2 --set seed=2 --set method.name=baseline_avg --set train.steps=150 --set train.eval_every_steps=50 --set train.grad_clip=0.5623574172 --set train.lr=2.0366177e-05 --set train.weight_decay=0 --out /home/zhujjing/MOE-grad-conflict-routing/runs/paper_suite/single_gpu/single_task/roberta_sst2_lora_e4_k2/hpo/baseline/trial_runs/local_var_topk_000/baseline_s2.json --curve_out /home/zhujjing/MOE-grad-conflict-routing/runs/paper_suite/single_gpu/single_task/roberta_sst2_lora_e4_k2/hpo/baseline/trial_runs/local_var_topk_000/baseline_s2_curve.csv
Using the latest cached version of the dataset since glue couldn't be found on the Hugging Face Hub (offline mode is enabled).
Found the latest cached dataset configuration 'sst2' at /home/zhujjing/hf_cache/datasets/glue/sst2/0.0.0/bcdcba79d07bc864c1c254ccfcedcce55bcc9a8c (last modified on Thu Mar 19 15:01:41 2026).
/home/zhujjing/anaconda3/envs/moe/lib/python3.10/site-packages/transformers/utils/hub.py:124: FutureWarning: Using `TRANSFORMERS_CACHE` is deprecated and will be removed in v5 of Transformers. Use `HF_HOME` instead.
  warnings.warn(
Some weights of RobertaModel were not initialized from the model checkpoint at roberta-base and are newly initialized: ['roberta.pooler.dense.bias', 'roberta.pooler.dense.weight']
You should probably TRAIN this model on a down-stream task to be able to use it for predictions and inference.
[step 0001/150] method=baseline_avg loss=0.7099 train_acc=nan train_loss=nan val_acc=nan val_loss=nan best=-1.0000
[step 0010/150] method=baseline_avg loss=0.6982 train_acc=nan train_loss=nan val_acc=nan val_loss=nan best=-1.0000
[step 0020/150] method=baseline_avg loss=0.5027 train_acc=nan train_loss=nan val_acc=nan val_loss=nan best=-1.0000
[step 0030/150] method=baseline_avg loss=0.1679 train_acc=nan train_loss=nan val_acc=nan val_loss=nan best=-1.0000
[step 0040/150] method=baseline_avg loss=0.1189 train_acc=nan train_loss=nan val_acc=nan val_loss=nan best=-1.0000
[step 0050/150] method=baseline_avg loss=0.3719 train_acc=0.8770 train_loss=0.3323 val_acc=0.8796 val_loss=0.3149 router_H=0.6741 best=0.8796
           router_load=[0.5888780355453491, 0.14904335141181946, 0.0, 0.2620787024497986]
[step 0060/150] method=baseline_avg loss=0.3274 train_acc=0.8770 train_loss=0.3323 val_acc=0.8796 val_loss=0.3149 router_H=0.6741 best=0.8796
           router_load=[0.5888780355453491, 0.14904335141181946, 0.0, 0.2620787024497986]
[step 0070/150] method=baseline_avg loss=0.4498 train_acc=0.8770 train_loss=0.3323 val_acc=0.8796 val_loss=0.3149 router_H=0.6741 best=0.8796
           router_load=[0.5888780355453491, 0.14904335141181946, 0.0, 0.2620787024497986]
[step 0080/150] method=baseline_avg loss=0.6337 train_acc=0.8770 train_loss=0.3323 val_acc=0.8796 val_loss=0.3149 router_H=0.6741 best=0.8796
           router_load=[0.5888780355453491, 0.14904335141181946, 0.0, 0.2620787024497986]
[step 0090/150] method=baseline_avg loss=0.3270 train_acc=0.8770 train_loss=0.3323 val_acc=0.8796 val_loss=0.3149 router_H=0.6741 best=0.8796
           router_load=[0.5888780355453491, 0.14904335141181946, 0.0, 0.2620787024497986]
[step 0100/150] method=baseline_avg loss=0.4367 train_acc=0.8396 train_loss=0.3851 val_acc=0.8050 val_loss=0.4303 router_H=0.6740 best=0.8796
           router_load=[0.5867934823036194, 0.05506409704685211, 0.0004167033766862005, 0.35772576928138733]
[step 0110/150] method=baseline_avg loss=0.3374 train_acc=0.8396 train_loss=0.3851 val_acc=0.8050 val_loss=0.4303 router_H=0.6740 best=0.8796
           router_load=[0.5867934823036194, 0.05506409704685211, 0.0004167033766862005, 0.35772576928138733]
[step 0120/150] method=baseline_avg loss=0.6491 train_acc=0.8396 train_loss=0.3851 val_acc=0.8050 val_loss=0.4303 router_H=0.6740 best=0.8796
           router_load=[0.5867934823036194, 0.05506409704685211, 0.0004167033766862005, 0.35772576928138733]
[step 0130/150] method=baseline_avg loss=0.3008 train_acc=0.8396 train_loss=0.3851 val_acc=0.8050 val_loss=0.4303 router_H=0.6740 best=0.8796
           router_load=[0.5867934823036194, 0.05506409704685211, 0.0004167033766862005, 0.35772576928138733]
[step 0140/150] method=baseline_avg loss=0.4211 train_acc=0.8396 train_loss=0.3851 val_acc=0.8050 val_loss=0.4303 router_H=0.6740 best=0.8796
           router_load=[0.5867934823036194, 0.05506409704685211, 0.0004167033766862005, 0.35772576928138733]
[step 0150/150] method=baseline_avg loss=0.4405 train_acc=0.8963 train_loss=0.2645 val_acc=0.9071 val_loss=0.2432 router_H=0.6704 best=0.9071
           router_load=[0.5950475335121155, 0.06875039637088776, 0.00042451979243196547, 0.3357774615287781]
saved summary -> /home/zhujjing/MOE-grad-conflict-routing/runs/paper_suite/single_gpu/single_task/roberta_sst2_lora_e4_k2/hpo/baseline/trial_runs/local_var_topk_000/baseline_s2.json
saved curve -> /home/zhujjing/MOE-grad-conflict-routing/runs/paper_suite/single_gpu/single_task/roberta_sst2_lora_e4_k2/hpo/baseline/trial_runs/local_var_topk_000/baseline_s2_curve.csv
