[run] method=baseline candidate=local_var_topk_019 seed=3 steps=150 gpu=0
[run] cmd=
/home/zhujjing/anaconda3/envs/moe/bin/python /home/zhujjing/MOE-grad-conflict-routing/scripts/run.py --config configs/singletask_sst2_real.yaml --set model.backbone_backend=hf --set model.hf_load_pretrained=true --set model.backbone=roberta --set model.hf_pretrained_name=roberta-base --set model.expert_type=lora --set model.routing_mode=topk --set model.num_experts=4 --set model.top_k=2 --set seed=3 --set method.name=baseline_avg --set train.steps=150 --set train.eval_every_steps=50 --set train.grad_clip=0.8623574172 --set train.lr=8.1464706e-05 --set train.weight_decay=0 --out /home/zhujjing/MOE-grad-conflict-routing/runs/paper_suite/single_gpu/single_task/roberta_sst2_lora_e4_k2/hpo/baseline/trial_runs/local_var_topk_019/baseline_s3.json --curve_out /home/zhujjing/MOE-grad-conflict-routing/runs/paper_suite/single_gpu/single_task/roberta_sst2_lora_e4_k2/hpo/baseline/trial_runs/local_var_topk_019/baseline_s3_curve.csv
Using the latest cached version of the dataset since glue couldn't be found on the Hugging Face Hub (offline mode is enabled).
Found the latest cached dataset configuration 'sst2' at /home/zhujjing/hf_cache/datasets/glue/sst2/0.0.0/bcdcba79d07bc864c1c254ccfcedcce55bcc9a8c (last modified on Thu Mar 19 15:01:41 2026).
/home/zhujjing/anaconda3/envs/moe/lib/python3.10/site-packages/transformers/utils/hub.py:124: FutureWarning: Using `TRANSFORMERS_CACHE` is deprecated and will be removed in v5 of Transformers. Use `HF_HOME` instead.
  warnings.warn(
Some weights of RobertaModel were not initialized from the model checkpoint at roberta-base and are newly initialized: ['roberta.pooler.dense.bias', 'roberta.pooler.dense.weight']
You should probably TRAIN this model on a down-stream task to be able to use it for predictions and inference.
[step 0001/150] method=baseline_avg loss=0.6880 train_acc=nan train_loss=nan val_acc=nan val_loss=nan best=-1.0000
[step 0010/150] method=baseline_avg loss=0.7101 train_acc=nan train_loss=nan val_acc=nan val_loss=nan best=-1.0000
[step 0020/150] method=baseline_avg loss=0.7469 train_acc=nan train_loss=nan val_acc=nan val_loss=nan best=-1.0000
[step 0030/150] method=baseline_avg loss=0.5667 train_acc=nan train_loss=nan val_acc=nan val_loss=nan best=-1.0000
[step 0040/150] method=baseline_avg loss=1.0468 train_acc=nan train_loss=nan val_acc=nan val_loss=nan best=-1.0000
[step 0050/150] method=baseline_avg loss=0.7728 train_acc=0.7987 train_loss=0.4585 val_acc=0.8050 val_loss=0.4366 router_H=0.6906 best=0.8050
           router_load=[0.0, 0.473886638879776, 0.5261133313179016, 0.0]
[step 0060/150] method=baseline_avg loss=0.3242 train_acc=0.7987 train_loss=0.4585 val_acc=0.8050 val_loss=0.4366 router_H=0.6906 best=0.8050
           router_load=[0.0, 0.473886638879776, 0.5261133313179016, 0.0]
[step 0070/150] method=baseline_avg loss=0.3133 train_acc=0.7987 train_loss=0.4585 val_acc=0.8050 val_loss=0.4366 router_H=0.6906 best=0.8050
           router_load=[0.0, 0.473886638879776, 0.5261133313179016, 0.0]
[step 0080/150] method=baseline_avg loss=0.3350 train_acc=0.7987 train_loss=0.4585 val_acc=0.8050 val_loss=0.4366 router_H=0.6906 best=0.8050
           router_load=[0.0, 0.473886638879776, 0.5261133313179016, 0.0]
[step 0090/150] method=baseline_avg loss=0.6148 train_acc=0.7987 train_loss=0.4585 val_acc=0.8050 val_loss=0.4366 router_H=0.6906 best=0.8050
           router_load=[0.0, 0.473886638879776, 0.5261133313179016, 0.0]
[step 0100/150] method=baseline_avg loss=0.5139 train_acc=0.8368 train_loss=0.5021 val_acc=0.8165 val_loss=0.5796 router_H=0.6846 best=0.8165
           router_load=[0.014244074933230877, 0.4100301265716553, 0.5303210616111755, 0.045404668897390366]
[step 0110/150] method=baseline_avg loss=0.4280 train_acc=0.8368 train_loss=0.5021 val_acc=0.8165 val_loss=0.5796 router_H=0.6846 best=0.8165
           router_load=[0.014244074933230877, 0.4100301265716553, 0.5303210616111755, 0.045404668897390366]
[step 0120/150] method=baseline_avg loss=0.6549 train_acc=0.8368 train_loss=0.5021 val_acc=0.8165 val_loss=0.5796 router_H=0.6846 best=0.8165
           router_load=[0.014244074933230877, 0.4100301265716553, 0.5303210616111755, 0.045404668897390366]
[step 0130/150] method=baseline_avg loss=0.6431 train_acc=0.8368 train_loss=0.5021 val_acc=0.8165 val_loss=0.5796 router_H=0.6846 best=0.8165
           router_load=[0.014244074933230877, 0.4100301265716553, 0.5303210616111755, 0.045404668897390366]
[step 0140/150] method=baseline_avg loss=0.3703 train_acc=0.8368 train_loss=0.5021 val_acc=0.8165 val_loss=0.5796 router_H=0.6846 best=0.8165
           router_load=[0.014244074933230877, 0.4100301265716553, 0.5303210616111755, 0.045404668897390366]
[step 0150/150] method=baseline_avg loss=0.2046 train_acc=0.8726 train_loss=0.3578 val_acc=0.8819 val_loss=0.3528 router_H=0.6908 best=0.8819
           router_load=[0.0, 0.2442890703678131, 0.507331907749176, 0.24837885797023773]
saved summary -> /home/zhujjing/MOE-grad-conflict-routing/runs/paper_suite/single_gpu/single_task/roberta_sst2_lora_e4_k2/hpo/baseline/trial_runs/local_var_topk_019/baseline_s3.json
saved curve -> /home/zhujjing/MOE-grad-conflict-routing/runs/paper_suite/single_gpu/single_task/roberta_sst2_lora_e4_k2/hpo/baseline/trial_runs/local_var_topk_019/baseline_s3_curve.csv
