[run] method=ours candidate=local_var_topk_001 seed=7 steps=1000 gpu=0
[run] cmd=
/home/zhujjing/anaconda3/envs/moe/bin/python /home/zhujjing/MOE-grad-conflict-routing/scripts/run.py --config configs/singletask_mrpc_real.yaml --set model.backbone_backend=hf --set model.hf_load_pretrained=true --set model.backbone=roberta --set model.hf_pretrained_name=roberta-base --set model.expert_type=ffn --set model.routing_mode=topk --set model.num_experts=4 --set model.top_k=2 --set seed=7 --set method.name=ours --set train.steps=1000 --set train.eval_every_steps=50 --set method.ours.use_load_norm=true --set method.ours.lambda_align=0.005047737318 --set train.grad_clip=0.8874671569 --set train.lr=2.1166733e-05 --set train.weight_decay=0.01576137036 --out /home/zhujjing/MOE-grad-conflict-routing/runs/paper_suite/single_gpu/single_task/roberta_mrpc_ffn_e4_k2/final/ours_s7.json --curve_out /home/zhujjing/MOE-grad-conflict-routing/runs/paper_suite/single_gpu/single_task/roberta_mrpc_ffn_e4_k2/final/ours_s7_curve.csv
Using the latest cached version of the dataset since glue couldn't be found on the Hugging Face Hub (offline mode is enabled).
Found the latest cached dataset configuration 'mrpc' at /home/zhujjing/hf_cache/datasets/glue/mrpc/0.0.0/bcdcba79d07bc864c1c254ccfcedcce55bcc9a8c (last modified on Thu Mar 19 15:01:06 2026).
/home/zhujjing/anaconda3/envs/moe/lib/python3.10/site-packages/transformers/utils/hub.py:124: FutureWarning: Using `TRANSFORMERS_CACHE` is deprecated and will be removed in v5 of Transformers. Use `HF_HOME` instead.
  warnings.warn(
Some weights of RobertaModel were not initialized from the model checkpoint at roberta-base and are newly initialized: ['roberta.pooler.dense.bias', 'roberta.pooler.dense.weight']
You should probably TRAIN this model on a down-stream task to be able to use it for predictions and inference.
[step 0001/1000] method=ours loss=0.6965 train_acc=nan train_loss=nan val_acc=nan val_loss=nan best=-1.0000
[step 0010/1000] method=ours loss=0.7153 train_acc=nan train_loss=nan val_acc=nan val_loss=nan best=-1.0000
[step 0020/1000] method=ours loss=0.4880 train_acc=nan train_loss=nan val_acc=nan val_loss=nan best=-1.0000
[step 0030/1000] method=ours loss=0.6372 train_acc=nan train_loss=nan val_acc=nan val_loss=nan best=-1.0000
[step 0040/1000] method=ours loss=0.3843 train_acc=nan train_loss=nan val_acc=nan val_loss=nan best=-1.0000
[step 0050/1000] method=ours loss=0.4544 train_acc=0.6911 train_loss=0.5066 val_acc=0.6936 val_loss=0.5069 router_H=0.4659 best=0.6936
           router_load=[0.004405687563121319, 0.7757007479667664, 0.2110140174627304, 0.008879587985575199]
[step 0060/1000] method=ours loss=0.4808 train_acc=0.6911 train_loss=0.5066 val_acc=0.6936 val_loss=0.5069 router_H=0.4659 best=0.6936
           router_load=[0.004405687563121319, 0.7757007479667664, 0.2110140174627304, 0.008879587985575199]
[step 0070/1000] method=ours loss=0.3310 train_acc=0.6911 train_loss=0.5066 val_acc=0.6936 val_loss=0.5069 router_H=0.4659 best=0.6936
           router_load=[0.004405687563121319, 0.7757007479667664, 0.2110140174627304, 0.008879587985575199]
[step 0080/1000] method=ours loss=0.3664 train_acc=0.6911 train_loss=0.5066 val_acc=0.6936 val_loss=0.5069 router_H=0.4659 best=0.6936
           router_load=[0.004405687563121319, 0.7757007479667664, 0.2110140174627304, 0.008879587985575199]
[step 0090/1000] method=ours loss=0.5493 train_acc=0.6911 train_loss=0.5066 val_acc=0.6936 val_loss=0.5069 router_H=0.4659 best=0.6936
           router_load=[0.004405687563121319, 0.7757007479667664, 0.2110140174627304, 0.008879587985575199]
[step 0100/1000] method=ours loss=0.4440 train_acc=0.8375 train_loss=0.4031 val_acc=0.8235 val_loss=0.4077 router_H=0.3714 best=0.8235
           router_load=[0.008983044885098934, 0.8187851905822754, 0.16873054206371307, 0.0035012627486139536]
[step 0110/1000] method=ours loss=0.2614 train_acc=0.8375 train_loss=0.4031 val_acc=0.8235 val_loss=0.4077 router_H=0.3714 best=0.8235
           router_load=[0.008983044885098934, 0.8187851905822754, 0.16873054206371307, 0.0035012627486139536]
[step 0120/1000] method=ours loss=0.1851 train_acc=0.8375 train_loss=0.4031 val_acc=0.8235 val_loss=0.4077 router_H=0.3714 best=0.8235
           router_load=[0.008983044885098934, 0.8187851905822754, 0.16873054206371307, 0.0035012627486139536]
[step 0130/1000] method=ours loss=0.2903 train_acc=0.8375 train_loss=0.4031 val_acc=0.8235 val_loss=0.4077 router_H=0.3714 best=0.8235
           router_load=[0.008983044885098934, 0.8187851905822754, 0.16873054206371307, 0.0035012627486139536]
[step 0140/1000] method=ours loss=0.4372 train_acc=0.8375 train_loss=0.4031 val_acc=0.8235 val_loss=0.4077 router_H=0.3714 best=0.8235
           router_load=[0.008983044885098934, 0.8187851905822754, 0.16873054206371307, 0.0035012627486139536]
[step 0150/1000] method=ours loss=0.4661 train_acc=0.8574 train_loss=0.3778 val_acc=0.8578 val_loss=0.3953 router_H=0.3506 best=0.8578
           router_load=[0.024725379422307014, 0.8240426182746887, 0.14915357530117035, 0.0020781424827873707]
[step 0160/1000] method=ours loss=0.3292 train_acc=0.8574 train_loss=0.3778 val_acc=0.8578 val_loss=0.3953 router_H=0.3506 best=0.8578
           router_load=[0.024725379422307014, 0.8240426182746887, 0.14915357530117035, 0.0020781424827873707]
[step 0170/1000] method=ours loss=0.3665 train_acc=0.8574 train_loss=0.3778 val_acc=0.8578 val_loss=0.3953 router_H=0.3506 best=0.8578
           router_load=[0.024725379422307014, 0.8240426182746887, 0.14915357530117035, 0.0020781424827873707]
[step 0180/1000] method=ours loss=0.3590 train_acc=0.8574 train_loss=0.3778 val_acc=0.8578 val_loss=0.3953 router_H=0.3506 best=0.8578
           router_load=[0.024725379422307014, 0.8240426182746887, 0.14915357530117035, 0.0020781424827873707]
[step 0190/1000] method=ours loss=0.4352 train_acc=0.8574 train_loss=0.3778 val_acc=0.8578 val_loss=0.3953 router_H=0.3506 best=0.8578
           router_load=[0.024725379422307014, 0.8240426182746887, 0.14915357530117035, 0.0020781424827873707]
[step 0200/1000] method=ours loss=0.6755 train_acc=0.8822 train_loss=0.2912 val_acc=0.8701 val_loss=0.3481 router_H=0.3834 best=0.8701
           router_load=[0.031832411885261536, 0.7994371056556702, 0.16789333522319794, 0.0008371211006306112]
[step 0210/1000] method=ours loss=0.6946 train_acc=0.8822 train_loss=0.2912 val_acc=0.8701 val_loss=0.3481 router_H=0.3834 best=0.8701
           router_load=[0.031832411885261536, 0.7994371056556702, 0.16789333522319794, 0.0008371211006306112]
[step 0220/1000] method=ours loss=0.4790 train_acc=0.8822 train_loss=0.2912 val_acc=0.8701 val_loss=0.3481 router_H=0.3834 best=0.8701
           router_load=[0.031832411885261536, 0.7994371056556702, 0.16789333522319794, 0.0008371211006306112]
[step 0230/1000] method=ours loss=1.0339 train_acc=0.8822 train_loss=0.2912 val_acc=0.8701 val_loss=0.3481 router_H=0.3834 best=0.8701
           router_load=[0.031832411885261536, 0.7994371056556702, 0.16789333522319794, 0.0008371211006306112]
[step 0240/1000] method=ours loss=0.1659 train_acc=0.8822 train_loss=0.2912 val_acc=0.8701 val_loss=0.3481 router_H=0.3834 best=0.8701
           router_load=[0.031832411885261536, 0.7994371056556702, 0.16789333522319794, 0.0008371211006306112]
[step 0250/1000] method=ours loss=0.1965 train_acc=0.8871 train_loss=0.2839 val_acc=0.8627 val_loss=0.3567 router_H=0.3555 best=0.8701
           router_load=[0.0182291641831398, 0.778838038444519, 0.2028304785490036, 0.00010234266665065661]
[step 0260/1000] method=ours loss=0.2811 train_acc=0.8871 train_loss=0.2839 val_acc=0.8627 val_loss=0.3567 router_H=0.3555 best=0.8701
           router_load=[0.0182291641831398, 0.778838038444519, 0.2028304785490036, 0.00010234266665065661]
[step 0270/1000] method=ours loss=0.0207 train_acc=0.8871 train_loss=0.2839 val_acc=0.8627 val_loss=0.3567 router_H=0.3555 best=0.8701
           router_load=[0.0182291641831398, 0.778838038444519, 0.2028304785490036, 0.00010234266665065661]
[step 0280/1000] method=ours loss=0.4580 train_acc=0.8871 train_loss=0.2839 val_acc=0.8627 val_loss=0.3567 router_H=0.3555 best=0.8701
           router_load=[0.0182291641831398, 0.778838038444519, 0.2028304785490036, 0.00010234266665065661]
[step 0290/1000] method=ours loss=0.3480 train_acc=0.8871 train_loss=0.2839 val_acc=0.8627 val_loss=0.3567 router_H=0.3555 best=0.8701
           router_load=[0.0182291641831398, 0.778838038444519, 0.2028304785490036, 0.00010234266665065661]
[step 0300/1000] method=ours loss=0.4029 train_acc=0.9032 train_loss=0.2572 val_acc=0.8676 val_loss=0.3300 router_H=0.3614 best=0.8701
           router_load=[0.04282267019152641, 0.7990851402282715, 0.15758615732192993, 0.0005059768445789814]
[step 0310/1000] method=ours loss=0.3535 train_acc=0.9032 train_loss=0.2572 val_acc=0.8676 val_loss=0.3300 router_H=0.3614 best=0.8701
           router_load=[0.04282267019152641, 0.7990851402282715, 0.15758615732192993, 0.0005059768445789814]
[step 0320/1000] method=ours loss=0.1265 train_acc=0.9032 train_loss=0.2572 val_acc=0.8676 val_loss=0.3300 router_H=0.3614 best=0.8701
           router_load=[0.04282267019152641, 0.7990851402282715, 0.15758615732192993, 0.0005059768445789814]
[step 0330/1000] method=ours loss=0.1506 train_acc=0.9032 train_loss=0.2572 val_acc=0.8676 val_loss=0.3300 router_H=0.3614 best=0.8701
           router_load=[0.04282267019152641, 0.7990851402282715, 0.15758615732192993, 0.0005059768445789814]
[step 0340/1000] method=ours loss=0.2705 train_acc=0.9032 train_loss=0.2572 val_acc=0.8676 val_loss=0.3300 router_H=0.3614 best=0.8701
           router_load=[0.04282267019152641, 0.7990851402282715, 0.15758615732192993, 0.0005059768445789814]
[step 0350/1000] method=ours loss=0.3947 train_acc=0.9201 train_loss=0.2044 val_acc=0.8824 val_loss=0.2777 router_H=0.3647 best=0.8824
           router_load=[0.046503711491823196, 0.7997044324874878, 0.15137435495853424, 0.0024175054859369993]
[step 0360/1000] method=ours loss=0.3353 train_acc=0.9201 train_loss=0.2044 val_acc=0.8824 val_loss=0.2777 router_H=0.3647 best=0.8824
           router_load=[0.046503711491823196, 0.7997044324874878, 0.15137435495853424, 0.0024175054859369993]
[step 0370/1000] method=ours loss=0.3957 train_acc=0.9201 train_loss=0.2044 val_acc=0.8824 val_loss=0.2777 router_H=0.3647 best=0.8824
           router_load=[0.046503711491823196, 0.7997044324874878, 0.15137435495853424, 0.0024175054859369993]
[step 0380/1000] method=ours loss=0.1062 train_acc=0.9201 train_loss=0.2044 val_acc=0.8824 val_loss=0.2777 router_H=0.3647 best=0.8824
           router_load=[0.046503711491823196, 0.7997044324874878, 0.15137435495853424, 0.0024175054859369993]
[step 0390/1000] method=ours loss=0.2718 train_acc=0.9201 train_loss=0.2044 val_acc=0.8824 val_loss=0.2777 router_H=0.3647 best=0.8824
           router_load=[0.046503711491823196, 0.7997044324874878, 0.15137435495853424, 0.0024175054859369993]
[step 0400/1000] method=ours loss=0.4989 train_acc=0.9338 train_loss=0.1835 val_acc=0.8529 val_loss=0.3213 router_H=0.3374 best=0.8824
           router_load=[0.002470634179189801, 0.8351472020149231, 0.12549886107444763, 0.036883313208818436]
[step 0410/1000] method=ours loss=0.3912 train_acc=0.9338 train_loss=0.1835 val_acc=0.8529 val_loss=0.3213 router_H=0.3374 best=0.8824
           router_load=[0.002470634179189801, 0.8351472020149231, 0.12549886107444763, 0.036883313208818436]
[step 0420/1000] method=ours loss=0.0820 train_acc=0.9338 train_loss=0.1835 val_acc=0.8529 val_loss=0.3213 router_H=0.3374 best=0.8824
           router_load=[0.002470634179189801, 0.8351472020149231, 0.12549886107444763, 0.036883313208818436]
[step 0430/1000] method=ours loss=0.2269 train_acc=0.9338 train_loss=0.1835 val_acc=0.8529 val_loss=0.3213 router_H=0.3374 best=0.8824
           router_load=[0.002470634179189801, 0.8351472020149231, 0.12549886107444763, 0.036883313208818436]
[step 0440/1000] method=ours loss=0.2041 train_acc=0.9338 train_loss=0.1835 val_acc=0.8529 val_loss=0.3213 router_H=0.3374 best=0.8824
           router_load=[0.002470634179189801, 0.8351472020149231, 0.12549886107444763, 0.036883313208818436]
[step 0450/1000] method=ours loss=0.9023 train_acc=0.9340 train_loss=0.2109 val_acc=0.8603 val_loss=0.4317 router_H=0.2665 best=0.8824
           router_load=[0.010990900918841362, 0.849734902381897, 0.1354655772447586, 0.003808577312156558]
[step 0460/1000] method=ours loss=0.7911 train_acc=0.9340 train_loss=0.2109 val_acc=0.8603 val_loss=0.4317 router_H=0.2665 best=0.8824
           router_load=[0.010990900918841362, 0.849734902381897, 0.1354655772447586, 0.003808577312156558]
[step 0470/1000] method=ours loss=0.2522 train_acc=0.9340 train_loss=0.2109 val_acc=0.8603 val_loss=0.4317 router_H=0.2665 best=0.8824
           router_load=[0.010990900918841362, 0.849734902381897, 0.1354655772447586, 0.003808577312156558]
[step 0480/1000] method=ours loss=0.3556 train_acc=0.9340 train_loss=0.2109 val_acc=0.8603 val_loss=0.4317 router_H=0.2665 best=0.8824
           router_load=[0.010990900918841362, 0.849734902381897, 0.1354655772447586, 0.003808577312156558]
[step 0490/1000] method=ours loss=0.0798 train_acc=0.9340 train_loss=0.2109 val_acc=0.8603 val_loss=0.4317 router_H=0.2665 best=0.8824
           router_load=[0.010990900918841362, 0.849734902381897, 0.1354655772447586, 0.003808577312156558]
[step 0500/1000] method=ours loss=0.5398 train_acc=0.9537 train_loss=0.1657 val_acc=0.8627 val_loss=0.5387 router_H=0.2756 best=0.8824
           router_load=[0.012969591654837132, 0.8355104923248291, 0.14480024576187134, 0.006719747558236122]
[step 0510/1000] method=ours loss=0.0487 train_acc=0.9537 train_loss=0.1657 val_acc=0.8627 val_loss=0.5387 router_H=0.2756 best=0.8824
           router_load=[0.012969591654837132, 0.8355104923248291, 0.14480024576187134, 0.006719747558236122]
[step 0520/1000] method=ours loss=0.5416 train_acc=0.9537 train_loss=0.1657 val_acc=0.8627 val_loss=0.5387 router_H=0.2756 best=0.8824
           router_load=[0.012969591654837132, 0.8355104923248291, 0.14480024576187134, 0.006719747558236122]
[step 0530/1000] method=ours loss=0.2011 train_acc=0.9537 train_loss=0.1657 val_acc=0.8627 val_loss=0.5387 router_H=0.2756 best=0.8824
           router_load=[0.012969591654837132, 0.8355104923248291, 0.14480024576187134, 0.006719747558236122]
[step 0540/1000] method=ours loss=0.2918 train_acc=0.9537 train_loss=0.1657 val_acc=0.8627 val_loss=0.5387 router_H=0.2756 best=0.8824
           router_load=[0.012969591654837132, 0.8355104923248291, 0.14480024576187134, 0.006719747558236122]
[step 0550/1000] method=ours loss=0.0162 train_acc=0.9550 train_loss=0.1533 val_acc=0.8824 val_loss=0.4493 router_H=0.2509 best=0.8824
           router_load=[0.006482461001724005, 0.9143515825271606, 0.012666050344705582, 0.06650003045797348]
[step 0560/1000] method=ours loss=0.1966 train_acc=0.9550 train_loss=0.1533 val_acc=0.8824 val_loss=0.4493 router_H=0.2509 best=0.8824
           router_load=[0.006482461001724005, 0.9143515825271606, 0.012666050344705582, 0.06650003045797348]
[step 0570/1000] method=ours loss=0.0466 train_acc=0.9550 train_loss=0.1533 val_acc=0.8824 val_loss=0.4493 router_H=0.2509 best=0.8824
           router_load=[0.006482461001724005, 0.9143515825271606, 0.012666050344705582, 0.06650003045797348]
[step 0580/1000] method=ours loss=0.2230 train_acc=0.9550 train_loss=0.1533 val_acc=0.8824 val_loss=0.4493 router_H=0.2509 best=0.8824
           router_load=[0.006482461001724005, 0.9143515825271606, 0.012666050344705582, 0.06650003045797348]
[step 0590/1000] method=ours loss=0.0444 train_acc=0.9550 train_loss=0.1533 val_acc=0.8824 val_loss=0.4493 router_H=0.2509 best=0.8824
           router_load=[0.006482461001724005, 0.9143515825271606, 0.012666050344705582, 0.06650003045797348]
[step 0600/1000] method=ours loss=0.8055 train_acc=0.9605 train_loss=0.1158 val_acc=0.8824 val_loss=0.3624 router_H=0.2461 best=0.8824
           router_load=[0.009951789863407612, 0.9163563847541809, 0.006697161588817835, 0.06699464470148087]
[step 0610/1000] method=ours loss=0.3442 train_acc=0.9605 train_loss=0.1158 val_acc=0.8824 val_loss=0.3624 router_H=0.2461 best=0.8824
           router_load=[0.009951789863407612, 0.9163563847541809, 0.006697161588817835, 0.06699464470148087]
[step 0620/1000] method=ours loss=0.4720 train_acc=0.9605 train_loss=0.1158 val_acc=0.8824 val_loss=0.3624 router_H=0.2461 best=0.8824
           router_load=[0.009951789863407612, 0.9163563847541809, 0.006697161588817835, 0.06699464470148087]
[step 0630/1000] method=ours loss=0.1783 train_acc=0.9605 train_loss=0.1158 val_acc=0.8824 val_loss=0.3624 router_H=0.2461 best=0.8824
           router_load=[0.009951789863407612, 0.9163563847541809, 0.006697161588817835, 0.06699464470148087]
[step 0640/1000] method=ours loss=0.5346 train_acc=0.9605 train_loss=0.1158 val_acc=0.8824 val_loss=0.3624 router_H=0.2461 best=0.8824
           router_load=[0.009951789863407612, 0.9163563847541809, 0.006697161588817835, 0.06699464470148087]
[step 0650/1000] method=ours loss=0.4078 train_acc=0.9676 train_loss=0.1009 val_acc=0.8799 val_loss=0.3124 router_H=0.2511 best=0.8824
           router_load=[0.013474486768245697, 0.9126896858215332, 0.018369240686297417, 0.05546659603714943]
[step 0660/1000] method=ours loss=0.3979 train_acc=0.9676 train_loss=0.1009 val_acc=0.8799 val_loss=0.3124 router_H=0.2511 best=0.8824
           router_load=[0.013474486768245697, 0.9126896858215332, 0.018369240686297417, 0.05546659603714943]
[step 0670/1000] method=ours loss=0.2164 train_acc=0.9676 train_loss=0.1009 val_acc=0.8799 val_loss=0.3124 router_H=0.2511 best=0.8824
           router_load=[0.013474486768245697, 0.9126896858215332, 0.018369240686297417, 0.05546659603714943]
[step 0680/1000] method=ours loss=0.3714 train_acc=0.9676 train_loss=0.1009 val_acc=0.8799 val_loss=0.3124 router_H=0.2511 best=0.8824
           router_load=[0.013474486768245697, 0.9126896858215332, 0.018369240686297417, 0.05546659603714943]
[step 0690/1000] method=ours loss=0.0115 train_acc=0.9676 train_loss=0.1009 val_acc=0.8799 val_loss=0.3124 router_H=0.2511 best=0.8824
           router_load=[0.013474486768245697, 0.9126896858215332, 0.018369240686297417, 0.05546659603714943]
[step 0700/1000] method=ours loss=0.0029 train_acc=0.9643 train_loss=0.1494 val_acc=0.8652 val_loss=0.6663 router_H=0.2274 best=0.8824
           router_load=[0.014379287138581276, 0.9277036786079407, 0.0025381948798894882, 0.055378787219524384]
[step 0710/1000] method=ours loss=0.4512 train_acc=0.9643 train_loss=0.1494 val_acc=0.8652 val_loss=0.6663 router_H=0.2274 best=0.8824
           router_load=[0.014379287138581276, 0.9277036786079407, 0.0025381948798894882, 0.055378787219524384]
[step 0720/1000] method=ours loss=0.2109 train_acc=0.9643 train_loss=0.1494 val_acc=0.8652 val_loss=0.6663 router_H=0.2274 best=0.8824
           router_load=[0.014379287138581276, 0.9277036786079407, 0.0025381948798894882, 0.055378787219524384]
[step 0730/1000] method=ours loss=0.1105 train_acc=0.9643 train_loss=0.1494 val_acc=0.8652 val_loss=0.6663 router_H=0.2274 best=0.8824
           router_load=[0.014379287138581276, 0.9277036786079407, 0.0025381948798894882, 0.055378787219524384]
[step 0740/1000] method=ours loss=0.2073 train_acc=0.9643 train_loss=0.1494 val_acc=0.8652 val_loss=0.6663 router_H=0.2274 best=0.8824
           router_load=[0.014379287138581276, 0.9277036786079407, 0.0025381948798894882, 0.055378787219524384]
[step 0750/1000] method=ours loss=0.0038 train_acc=0.9597 train_loss=0.1663 val_acc=0.8627 val_loss=0.6033 router_H=0.2818 best=0.8824
           router_load=[0.020684195682406425, 0.9015418291091919, 0.004926172085106373, 0.07284776121377945]
[step 0760/1000] method=ours loss=0.0029 train_acc=0.9597 train_loss=0.1663 val_acc=0.8627 val_loss=0.6033 router_H=0.2818 best=0.8824
           router_load=[0.020684195682406425, 0.9015418291091919, 0.004926172085106373, 0.07284776121377945]
[step 0770/1000] method=ours loss=0.2104 train_acc=0.9597 train_loss=0.1663 val_acc=0.8627 val_loss=0.6033 router_H=0.2818 best=0.8824
           router_load=[0.020684195682406425, 0.9015418291091919, 0.004926172085106373, 0.07284776121377945]
[step 0780/1000] method=ours loss=0.2133 train_acc=0.9597 train_loss=0.1663 val_acc=0.8627 val_loss=0.6033 router_H=0.2818 best=0.8824
           router_load=[0.020684195682406425, 0.9015418291091919, 0.004926172085106373, 0.07284776121377945]
[step 0790/1000] method=ours loss=0.0083 train_acc=0.9597 train_loss=0.1663 val_acc=0.8627 val_loss=0.6033 router_H=0.2818 best=0.8824
           router_load=[0.020684195682406425, 0.9015418291091919, 0.004926172085106373, 0.07284776121377945]
[step 0800/1000] method=ours loss=0.0130 train_acc=0.9741 train_loss=0.0921 val_acc=0.8676 val_loss=0.5130 router_H=0.3037 best=0.8824
           router_load=[0.04337886720895767, 0.8930981159210205, 0.010475771501660347, 0.05304732918739319]
[step 0810/1000] method=ours loss=0.0079 train_acc=0.9741 train_loss=0.0921 val_acc=0.8676 val_loss=0.5130 router_H=0.3037 best=0.8824
           router_load=[0.04337886720895767, 0.8930981159210205, 0.010475771501660347, 0.05304732918739319]
[step 0820/1000] method=ours loss=0.0086 train_acc=0.9741 train_loss=0.0921 val_acc=0.8676 val_loss=0.5130 router_H=0.3037 best=0.8824
           router_load=[0.04337886720895767, 0.8930981159210205, 0.010475771501660347, 0.05304732918739319]
[step 0830/1000] method=ours loss=0.0060 train_acc=0.9741 train_loss=0.0921 val_acc=0.8676 val_loss=0.5130 router_H=0.3037 best=0.8824
           router_load=[0.04337886720895767, 0.8930981159210205, 0.010475771501660347, 0.05304732918739319]
[step 0840/1000] method=ours loss=0.0029 train_acc=0.9741 train_loss=0.0921 val_acc=0.8676 val_loss=0.5130 router_H=0.3037 best=0.8824
           router_load=[0.04337886720895767, 0.8930981159210205, 0.010475771501660347, 0.05304732918739319]
[step 0850/1000] method=ours loss=0.0170 train_acc=0.9752 train_loss=0.1243 val_acc=0.8946 val_loss=0.6360 router_H=0.2249 best=0.8946
           router_load=[0.01856978051364422, 0.9322718381881714, 0.0033481763675808907, 0.0458102822303772]
[step 0860/1000] method=ours loss=0.1887 train_acc=0.9752 train_loss=0.1243 val_acc=0.8946 val_loss=0.6360 router_H=0.2249 best=0.8946
           router_load=[0.01856978051364422, 0.9322718381881714, 0.0033481763675808907, 0.0458102822303772]
[step 0870/1000] method=ours loss=0.8082 train_acc=0.9752 train_loss=0.1243 val_acc=0.8946 val_loss=0.6360 router_H=0.2249 best=0.8946
           router_load=[0.01856978051364422, 0.9322718381881714, 0.0033481763675808907, 0.0458102822303772]
[step 0880/1000] method=ours loss=0.0045 train_acc=0.9752 train_loss=0.1243 val_acc=0.8946 val_loss=0.6360 router_H=0.2249 best=0.8946
           router_load=[0.01856978051364422, 0.9322718381881714, 0.0033481763675808907, 0.0458102822303772]
[step 0890/1000] method=ours loss=0.1919 train_acc=0.9752 train_loss=0.1243 val_acc=0.8946 val_loss=0.6360 router_H=0.2249 best=0.8946
           router_load=[0.01856978051364422, 0.9322718381881714, 0.0033481763675808907, 0.0458102822303772]
[step 0900/1000] method=ours loss=0.1462 train_acc=0.9798 train_loss=0.0848 val_acc=0.8627 val_loss=0.6988 router_H=0.2241 best=0.8946
           router_load=[0.010713488794863224, 0.9275451302528381, 0.002630275208503008, 0.05911111831665039]
[step 0910/1000] method=ours loss=0.1811 train_acc=0.9798 train_loss=0.0848 val_acc=0.8627 val_loss=0.6988 router_H=0.2241 best=0.8946
           router_load=[0.010713488794863224, 0.9275451302528381, 0.002630275208503008, 0.05911111831665039]
[step 0920/1000] method=ours loss=0.1190 train_acc=0.9798 train_loss=0.0848 val_acc=0.8627 val_loss=0.6988 router_H=0.2241 best=0.8946
           router_load=[0.010713488794863224, 0.9275451302528381, 0.002630275208503008, 0.05911111831665039]
[step 0930/1000] method=ours loss=0.1469 train_acc=0.9798 train_loss=0.0848 val_acc=0.8627 val_loss=0.6988 router_H=0.2241 best=0.8946
           router_load=[0.010713488794863224, 0.9275451302528381, 0.002630275208503008, 0.05911111831665039]
[step 0940/1000] method=ours loss=0.0058 train_acc=0.9798 train_loss=0.0848 val_acc=0.8627 val_loss=0.6988 router_H=0.2241 best=0.8946
           router_load=[0.010713488794863224, 0.9275451302528381, 0.002630275208503008, 0.05911111831665039]
[step 0950/1000] method=ours loss=0.0075 train_acc=0.9831 train_loss=0.0750 val_acc=0.8848 val_loss=0.6138 router_H=0.2535 best=0.8946
           router_load=[0.004872951190918684, 0.8975374102592468, 0.08871177583932877, 0.00887793768197298]
[step 0960/1000] method=ours loss=0.0004 train_acc=0.9831 train_loss=0.0750 val_acc=0.8848 val_loss=0.6138 router_H=0.2535 best=0.8946
           router_load=[0.004872951190918684, 0.8975374102592468, 0.08871177583932877, 0.00887793768197298]
[step 0970/1000] method=ours loss=0.0027 train_acc=0.9831 train_loss=0.0750 val_acc=0.8848 val_loss=0.6138 router_H=0.2535 best=0.8946
           router_load=[0.004872951190918684, 0.8975374102592468, 0.08871177583932877, 0.00887793768197298]
[step 0980/1000] method=ours loss=0.0179 train_acc=0.9831 train_loss=0.0750 val_acc=0.8848 val_loss=0.6138 router_H=0.2535 best=0.8946
           router_load=[0.004872951190918684, 0.8975374102592468, 0.08871177583932877, 0.00887793768197298]
[step 0990/1000] method=ours loss=0.0184 train_acc=0.9831 train_loss=0.0750 val_acc=0.8848 val_loss=0.6138 router_H=0.2535 best=0.8946
           router_load=[0.004872951190918684, 0.8975374102592468, 0.08871177583932877, 0.00887793768197298]
[step 1000/1000] method=ours loss=0.0250 train_acc=0.9817 train_loss=0.0656 val_acc=0.8799 val_loss=0.5579 router_H=0.2521 best=0.8946
           router_load=[0.011285172775387764, 0.8996990323066711, 0.0010284380987286568, 0.08798738569021225]
saved summary -> /home/zhujjing/MOE-grad-conflict-routing/runs/paper_suite/single_gpu/single_task/roberta_mrpc_ffn_e4_k2/final/ours_s7.json
saved curve -> /home/zhujjing/MOE-grad-conflict-routing/runs/paper_suite/single_gpu/single_task/roberta_mrpc_ffn_e4_k2/final/ours_s7_curve.csv
