[run] method=ours candidate=local_var_topk_001 seed=11 steps=1000 gpu=0
[run] cmd=
/home/zhujjing/anaconda3/envs/moe/bin/python /home/zhujjing/MOE-grad-conflict-routing/scripts/run.py --config configs/singletask_mrpc_real.yaml --set model.backbone_backend=hf --set model.hf_load_pretrained=true --set model.backbone=roberta --set model.hf_pretrained_name=roberta-base --set model.expert_type=ffn --set model.routing_mode=topk --set model.num_experts=4 --set model.top_k=2 --set seed=11 --set method.name=ours --set train.steps=1000 --set train.eval_every_steps=50 --set method.ours.use_load_norm=true --set method.ours.lambda_align=0.005047737318 --set train.grad_clip=0.8874671569 --set train.lr=2.1166733e-05 --set train.weight_decay=0.01576137036 --out /home/zhujjing/MOE-grad-conflict-routing/runs/paper_suite/single_gpu/single_task/roberta_mrpc_ffn_e4_k2/final/ours_s11.json --curve_out /home/zhujjing/MOE-grad-conflict-routing/runs/paper_suite/single_gpu/single_task/roberta_mrpc_ffn_e4_k2/final/ours_s11_curve.csv
Using the latest cached version of the dataset since glue couldn't be found on the Hugging Face Hub (offline mode is enabled).
Found the latest cached dataset configuration 'mrpc' at /home/zhujjing/hf_cache/datasets/glue/mrpc/0.0.0/bcdcba79d07bc864c1c254ccfcedcce55bcc9a8c (last modified on Thu Mar 19 15:01:06 2026).
/home/zhujjing/anaconda3/envs/moe/lib/python3.10/site-packages/transformers/utils/hub.py:124: FutureWarning: Using `TRANSFORMERS_CACHE` is deprecated and will be removed in v5 of Transformers. Use `HF_HOME` instead.
  warnings.warn(
Some weights of RobertaModel were not initialized from the model checkpoint at roberta-base and are newly initialized: ['roberta.pooler.dense.bias', 'roberta.pooler.dense.weight']
You should probably TRAIN this model on a down-stream task to be able to use it for predictions and inference.
[step 0001/1000] method=ours loss=0.6859 train_acc=nan train_loss=nan val_acc=nan val_loss=nan best=-1.0000
[step 0010/1000] method=ours loss=0.6933 train_acc=nan train_loss=nan val_acc=nan val_loss=nan best=-1.0000
[step 0020/1000] method=ours loss=0.6801 train_acc=nan train_loss=nan val_acc=nan val_loss=nan best=-1.0000
[step 0030/1000] method=ours loss=0.7545 train_acc=nan train_loss=nan val_acc=nan val_loss=nan best=-1.0000
[step 0040/1000] method=ours loss=0.6799 train_acc=nan train_loss=nan val_acc=nan val_loss=nan best=-1.0000
[step 0050/1000] method=ours loss=0.5566 train_acc=0.7522 train_loss=0.4999 val_acc=0.7500 val_loss=0.4944 router_H=0.4029 best=0.7500
           router_load=[0.12881626188755035, 0.027571773156523705, 0.009486712515354156, 0.834125280380249]
[step 0060/1000] method=ours loss=0.3979 train_acc=0.7522 train_loss=0.4999 val_acc=0.7500 val_loss=0.4944 router_H=0.4029 best=0.7500
           router_load=[0.12881626188755035, 0.027571773156523705, 0.009486712515354156, 0.834125280380249]
[step 0070/1000] method=ours loss=0.4672 train_acc=0.7522 train_loss=0.4999 val_acc=0.7500 val_loss=0.4944 router_H=0.4029 best=0.7500
           router_load=[0.12881626188755035, 0.027571773156523705, 0.009486712515354156, 0.834125280380249]
[step 0080/1000] method=ours loss=0.5634 train_acc=0.7522 train_loss=0.4999 val_acc=0.7500 val_loss=0.4944 router_H=0.4029 best=0.7500
           router_load=[0.12881626188755035, 0.027571773156523705, 0.009486712515354156, 0.834125280380249]
[step 0090/1000] method=ours loss=0.5919 train_acc=0.7522 train_loss=0.4999 val_acc=0.7500 val_loss=0.4944 router_H=0.4029 best=0.7500
           router_load=[0.12881626188755035, 0.027571773156523705, 0.009486712515354156, 0.834125280380249]
[step 0100/1000] method=ours loss=0.2323 train_acc=0.8002 train_loss=0.4181 val_acc=0.7892 val_loss=0.4327 router_H=0.4128 best=0.7892
           router_load=[0.17065195739269257, 0.0008848669822327793, 0.0, 0.828463077545166]
[step 0110/1000] method=ours loss=0.4611 train_acc=0.8002 train_loss=0.4181 val_acc=0.7892 val_loss=0.4327 router_H=0.4128 best=0.7892
           router_load=[0.17065195739269257, 0.0008848669822327793, 0.0, 0.828463077545166]
[step 0120/1000] method=ours loss=0.2102 train_acc=0.8002 train_loss=0.4181 val_acc=0.7892 val_loss=0.4327 router_H=0.4128 best=0.7892
           router_load=[0.17065195739269257, 0.0008848669822327793, 0.0, 0.828463077545166]
[step 0130/1000] method=ours loss=0.6374 train_acc=0.8002 train_loss=0.4181 val_acc=0.7892 val_loss=0.4327 router_H=0.4128 best=0.7892
           router_load=[0.17065195739269257, 0.0008848669822327793, 0.0, 0.828463077545166]
[step 0140/1000] method=ours loss=0.7126 train_acc=0.8002 train_loss=0.4181 val_acc=0.7892 val_loss=0.4327 router_H=0.4128 best=0.7892
           router_load=[0.17065195739269257, 0.0008848669822327793, 0.0, 0.828463077545166]
[step 0150/1000] method=ours loss=0.4444 train_acc=0.8593 train_loss=0.3442 val_acc=0.8505 val_loss=0.3727 router_H=0.3979 best=0.8505
           router_load=[0.10353551805019379, 0.06514444947242737, 0.0, 0.8313199281692505]
[step 0160/1000] method=ours loss=0.4927 train_acc=0.8593 train_loss=0.3442 val_acc=0.8505 val_loss=0.3727 router_H=0.3979 best=0.8505
           router_load=[0.10353551805019379, 0.06514444947242737, 0.0, 0.8313199281692505]
[step 0170/1000] method=ours loss=0.2746 train_acc=0.8593 train_loss=0.3442 val_acc=0.8505 val_loss=0.3727 router_H=0.3979 best=0.8505
           router_load=[0.10353551805019379, 0.06514444947242737, 0.0, 0.8313199281692505]
[step 0180/1000] method=ours loss=0.6057 train_acc=0.8593 train_loss=0.3442 val_acc=0.8505 val_loss=0.3727 router_H=0.3979 best=0.8505
           router_load=[0.10353551805019379, 0.06514444947242737, 0.0, 0.8313199281692505]
[step 0190/1000] method=ours loss=0.3916 train_acc=0.8593 train_loss=0.3442 val_acc=0.8505 val_loss=0.3727 router_H=0.3979 best=0.8505
           router_load=[0.10353551805019379, 0.06514444947242737, 0.0, 0.8313199281692505]
[step 0200/1000] method=ours loss=0.0900 train_acc=0.8689 train_loss=0.3847 val_acc=0.8358 val_loss=0.4923 router_H=0.2712 best=0.8505
           router_load=[0.09079107642173767, 0.01619761437177658, 0.009577515535056591, 0.8834336996078491]
[step 0210/1000] method=ours loss=0.3992 train_acc=0.8689 train_loss=0.3847 val_acc=0.8358 val_loss=0.4923 router_H=0.2712 best=0.8505
           router_load=[0.09079107642173767, 0.01619761437177658, 0.009577515535056591, 0.8834336996078491]
[step 0220/1000] method=ours loss=0.4330 train_acc=0.8689 train_loss=0.3847 val_acc=0.8358 val_loss=0.4923 router_H=0.2712 best=0.8505
           router_load=[0.09079107642173767, 0.01619761437177658, 0.009577515535056591, 0.8834336996078491]
[step 0230/1000] method=ours loss=0.4203 train_acc=0.8689 train_loss=0.3847 val_acc=0.8358 val_loss=0.4923 router_H=0.2712 best=0.8505
           router_load=[0.09079107642173767, 0.01619761437177658, 0.009577515535056591, 0.8834336996078491]
[step 0240/1000] method=ours loss=0.3741 train_acc=0.8689 train_loss=0.3847 val_acc=0.8358 val_loss=0.4923 router_H=0.2712 best=0.8505
           router_load=[0.09079107642173767, 0.01619761437177658, 0.009577515535056591, 0.8834336996078491]
[step 0250/1000] method=ours loss=0.6616 train_acc=0.8904 train_loss=0.3512 val_acc=0.8456 val_loss=0.5304 router_H=0.3020 best=0.8505
           router_load=[0.21730537712574005, 0.004757944494485855, 0.003069732105359435, 0.7748668789863586]
[step 0260/1000] method=ours loss=0.2313 train_acc=0.8904 train_loss=0.3512 val_acc=0.8456 val_loss=0.5304 router_H=0.3020 best=0.8505
           router_load=[0.21730537712574005, 0.004757944494485855, 0.003069732105359435, 0.7748668789863586]
[step 0270/1000] method=ours loss=0.4044 train_acc=0.8904 train_loss=0.3512 val_acc=0.8456 val_loss=0.5304 router_H=0.3020 best=0.8505
           router_load=[0.21730537712574005, 0.004757944494485855, 0.003069732105359435, 0.7748668789863586]
[step 0280/1000] method=ours loss=0.2172 train_acc=0.8904 train_loss=0.3512 val_acc=0.8456 val_loss=0.5304 router_H=0.3020 best=0.8505
           router_load=[0.21730537712574005, 0.004757944494485855, 0.003069732105359435, 0.7748668789863586]
[step 0290/1000] method=ours loss=0.1628 train_acc=0.8904 train_loss=0.3512 val_acc=0.8456 val_loss=0.5304 router_H=0.3020 best=0.8505
           router_load=[0.21730537712574005, 0.004757944494485855, 0.003069732105359435, 0.7748668789863586]
[step 0300/1000] method=ours loss=0.3283 train_acc=0.8964 train_loss=0.2713 val_acc=0.8407 val_loss=0.3942 router_H=0.3836 best=0.8505
           router_load=[0.22199295461177826, 0.0, 0.0, 0.7780069708824158]
[step 0310/1000] method=ours loss=0.2377 train_acc=0.8964 train_loss=0.2713 val_acc=0.8407 val_loss=0.3942 router_H=0.3836 best=0.8505
           router_load=[0.22199295461177826, 0.0, 0.0, 0.7780069708824158]
[step 0320/1000] method=ours loss=0.1994 train_acc=0.8964 train_loss=0.2713 val_acc=0.8407 val_loss=0.3942 router_H=0.3836 best=0.8505
           router_load=[0.22199295461177826, 0.0, 0.0, 0.7780069708824158]
[step 0330/1000] method=ours loss=0.1593 train_acc=0.8964 train_loss=0.2713 val_acc=0.8407 val_loss=0.3942 router_H=0.3836 best=0.8505
           router_load=[0.22199295461177826, 0.0, 0.0, 0.7780069708824158]
[step 0340/1000] method=ours loss=0.2759 train_acc=0.8964 train_loss=0.2713 val_acc=0.8407 val_loss=0.3942 router_H=0.3836 best=0.8505
           router_load=[0.22199295461177826, 0.0, 0.0, 0.7780069708824158]
[step 0350/1000] method=ours loss=0.1193 train_acc=0.9193 train_loss=0.2351 val_acc=0.8603 val_loss=0.3951 router_H=0.3376 best=0.8603
           router_load=[0.16008208692073822, 0.01305950153619051, 0.015771668404340744, 0.8110867738723755]
[step 0360/1000] method=ours loss=0.4016 train_acc=0.9193 train_loss=0.2351 val_acc=0.8603 val_loss=0.3951 router_H=0.3376 best=0.8603
           router_load=[0.16008208692073822, 0.01305950153619051, 0.015771668404340744, 0.8110867738723755]
[step 0370/1000] method=ours loss=1.2031 train_acc=0.9193 train_loss=0.2351 val_acc=0.8603 val_loss=0.3951 router_H=0.3376 best=0.8603
           router_load=[0.16008208692073822, 0.01305950153619051, 0.015771668404340744, 0.8110867738723755]
[step 0380/1000] method=ours loss=0.4667 train_acc=0.9193 train_loss=0.2351 val_acc=0.8603 val_loss=0.3951 router_H=0.3376 best=0.8603
           router_load=[0.16008208692073822, 0.01305950153619051, 0.015771668404340744, 0.8110867738723755]
[step 0390/1000] method=ours loss=0.3855 train_acc=0.9193 train_loss=0.2351 val_acc=0.8603 val_loss=0.3951 router_H=0.3376 best=0.8603
           router_load=[0.16008208692073822, 0.01305950153619051, 0.015771668404340744, 0.8110867738723755]
[step 0400/1000] method=ours loss=0.2790 train_acc=0.9138 train_loss=0.2387 val_acc=0.8725 val_loss=0.3129 router_H=0.3482 best=0.8725
           router_load=[0.10497304797172546, 0.00018035105313174427, 0.035674650222063065, 0.859171986579895]
[step 0410/1000] method=ours loss=0.4463 train_acc=0.9138 train_loss=0.2387 val_acc=0.8725 val_loss=0.3129 router_H=0.3482 best=0.8725
           router_load=[0.10497304797172546, 0.00018035105313174427, 0.035674650222063065, 0.859171986579895]
[step 0420/1000] method=ours loss=0.1784 train_acc=0.9138 train_loss=0.2387 val_acc=0.8725 val_loss=0.3129 router_H=0.3482 best=0.8725
           router_load=[0.10497304797172546, 0.00018035105313174427, 0.035674650222063065, 0.859171986579895]
[step 0430/1000] method=ours loss=0.3468 train_acc=0.9138 train_loss=0.2387 val_acc=0.8725 val_loss=0.3129 router_H=0.3482 best=0.8725
           router_load=[0.10497304797172546, 0.00018035105313174427, 0.035674650222063065, 0.859171986579895]
[step 0440/1000] method=ours loss=0.1943 train_acc=0.9138 train_loss=0.2387 val_acc=0.8725 val_loss=0.3129 router_H=0.3482 best=0.8725
           router_load=[0.10497304797172546, 0.00018035105313174427, 0.035674650222063065, 0.859171986579895]
[step 0450/1000] method=ours loss=0.5200 train_acc=0.9267 train_loss=0.2216 val_acc=0.8407 val_loss=0.4741 router_H=0.2631 best=0.8725
           router_load=[0.08969586342573166, 0.0005695631261914968, 0.02733253501355648, 0.8824019432067871]
[step 0460/1000] method=ours loss=1.7900 train_acc=0.9267 train_loss=0.2216 val_acc=0.8407 val_loss=0.4741 router_H=0.2631 best=0.8725
           router_load=[0.08969586342573166, 0.0005695631261914968, 0.02733253501355648, 0.8824019432067871]
[step 0470/1000] method=ours loss=0.2090 train_acc=0.9267 train_loss=0.2216 val_acc=0.8407 val_loss=0.4741 router_H=0.2631 best=0.8725
           router_load=[0.08969586342573166, 0.0005695631261914968, 0.02733253501355648, 0.8824019432067871]
[step 0480/1000] method=ours loss=0.2976 train_acc=0.9267 train_loss=0.2216 val_acc=0.8407 val_loss=0.4741 router_H=0.2631 best=0.8725
           router_load=[0.08969586342573166, 0.0005695631261914968, 0.02733253501355648, 0.8824019432067871]
[step 0490/1000] method=ours loss=0.3611 train_acc=0.9267 train_loss=0.2216 val_acc=0.8407 val_loss=0.4741 router_H=0.2631 best=0.8725
           router_load=[0.08969586342573166, 0.0005695631261914968, 0.02733253501355648, 0.8824019432067871]
[step 0500/1000] method=ours loss=0.0608 train_acc=0.9368 train_loss=0.1986 val_acc=0.8603 val_loss=0.4401 router_H=0.3593 best=0.8725
           router_load=[0.19477097690105438, 0.03094717301428318, 0.0035075610503554344, 0.7707743048667908]
[step 0510/1000] method=ours loss=0.7994 train_acc=0.9368 train_loss=0.1986 val_acc=0.8603 val_loss=0.4401 router_H=0.3593 best=0.8725
           router_load=[0.19477097690105438, 0.03094717301428318, 0.0035075610503554344, 0.7707743048667908]
[step 0520/1000] method=ours loss=0.0709 train_acc=0.9368 train_loss=0.1986 val_acc=0.8603 val_loss=0.4401 router_H=0.3593 best=0.8725
           router_load=[0.19477097690105438, 0.03094717301428318, 0.0035075610503554344, 0.7707743048667908]
[step 0530/1000] method=ours loss=0.0281 train_acc=0.9368 train_loss=0.1986 val_acc=0.8603 val_loss=0.4401 router_H=0.3593 best=0.8725
           router_load=[0.19477097690105438, 0.03094717301428318, 0.0035075610503554344, 0.7707743048667908]
[step 0540/1000] method=ours loss=0.2879 train_acc=0.9368 train_loss=0.1986 val_acc=0.8603 val_loss=0.4401 router_H=0.3593 best=0.8725
           router_load=[0.19477097690105438, 0.03094717301428318, 0.0035075610503554344, 0.7707743048667908]
[step 0550/1000] method=ours loss=0.6612 train_acc=0.9368 train_loss=0.2875 val_acc=0.8529 val_loss=0.7137 router_H=0.2475 best=0.8725
           router_load=[0.23078662157058716, 0.0005812592571601272, 0.041355639696121216, 0.7272764444351196]
[step 0560/1000] method=ours loss=0.6677 train_acc=0.9368 train_loss=0.2875 val_acc=0.8529 val_loss=0.7137 router_H=0.2475 best=0.8725
           router_load=[0.23078662157058716, 0.0005812592571601272, 0.041355639696121216, 0.7272764444351196]
[step 0570/1000] method=ours loss=0.3222 train_acc=0.9368 train_loss=0.2875 val_acc=0.8529 val_loss=0.7137 router_H=0.2475 best=0.8725
           router_load=[0.23078662157058716, 0.0005812592571601272, 0.041355639696121216, 0.7272764444351196]
[step 0580/1000] method=ours loss=0.3781 train_acc=0.9368 train_loss=0.2875 val_acc=0.8529 val_loss=0.7137 router_H=0.2475 best=0.8725
           router_load=[0.23078662157058716, 0.0005812592571601272, 0.041355639696121216, 0.7272764444351196]
[step 0590/1000] method=ours loss=0.2482 train_acc=0.9368 train_loss=0.2875 val_acc=0.8529 val_loss=0.7137 router_H=0.2475 best=0.8725
           router_load=[0.23078662157058716, 0.0005812592571601272, 0.041355639696121216, 0.7272764444351196]
[step 0600/1000] method=ours loss=0.0431 train_acc=0.9586 train_loss=0.1406 val_acc=0.8873 val_loss=0.3744 router_H=0.4041 best=0.8873
           router_load=[0.20352868735790253, 0.0003130503464490175, 0.06230873242020607, 0.7338494658470154]
[step 0610/1000] method=ours loss=0.0582 train_acc=0.9586 train_loss=0.1406 val_acc=0.8873 val_loss=0.3744 router_H=0.4041 best=0.8873
           router_load=[0.20352868735790253, 0.0003130503464490175, 0.06230873242020607, 0.7338494658470154]
[step 0620/1000] method=ours loss=0.5189 train_acc=0.9586 train_loss=0.1406 val_acc=0.8873 val_loss=0.3744 router_H=0.4041 best=0.8873
           router_load=[0.20352868735790253, 0.0003130503464490175, 0.06230873242020607, 0.7338494658470154]
[step 0630/1000] method=ours loss=0.7388 train_acc=0.9586 train_loss=0.1406 val_acc=0.8873 val_loss=0.3744 router_H=0.4041 best=0.8873
           router_load=[0.20352868735790253, 0.0003130503464490175, 0.06230873242020607, 0.7338494658470154]
[step 0640/1000] method=ours loss=0.2584 train_acc=0.9586 train_loss=0.1406 val_acc=0.8873 val_loss=0.3744 router_H=0.4041 best=0.8873
           router_load=[0.20352868735790253, 0.0003130503464490175, 0.06230873242020607, 0.7338494658470154]
[step 0650/1000] method=ours loss=0.1982 train_acc=0.9515 train_loss=0.1318 val_acc=0.8627 val_loss=0.3277 router_H=0.3977 best=0.8873
           router_load=[0.29397404193878174, 0.0006868462078273296, 0.02214915305376053, 0.683189868927002]
[step 0660/1000] method=ours loss=0.4524 train_acc=0.9515 train_loss=0.1318 val_acc=0.8627 val_loss=0.3277 router_H=0.3977 best=0.8873
           router_load=[0.29397404193878174, 0.0006868462078273296, 0.02214915305376053, 0.683189868927002]
[step 0670/1000] method=ours loss=0.1051 train_acc=0.9515 train_loss=0.1318 val_acc=0.8627 val_loss=0.3277 router_H=0.3977 best=0.8873
           router_load=[0.29397404193878174, 0.0006868462078273296, 0.02214915305376053, 0.683189868927002]
[step 0680/1000] method=ours loss=0.2923 train_acc=0.9515 train_loss=0.1318 val_acc=0.8627 val_loss=0.3277 router_H=0.3977 best=0.8873
           router_load=[0.29397404193878174, 0.0006868462078273296, 0.02214915305376053, 0.683189868927002]
[step 0690/1000] method=ours loss=0.0141 train_acc=0.9515 train_loss=0.1318 val_acc=0.8627 val_loss=0.3277 router_H=0.3977 best=0.8873
           router_load=[0.29397404193878174, 0.0006868462078273296, 0.02214915305376053, 0.683189868927002]
[step 0700/1000] method=ours loss=0.0070 train_acc=0.9537 train_loss=0.1974 val_acc=0.8505 val_loss=0.6787 router_H=0.2808 best=0.8873
           router_load=[0.17033164203166962, 0.00158510054461658, 0.03874233365058899, 0.7893409132957458]
[step 0710/1000] method=ours loss=0.2409 train_acc=0.9537 train_loss=0.1974 val_acc=0.8505 val_loss=0.6787 router_H=0.2808 best=0.8873
           router_load=[0.17033164203166962, 0.00158510054461658, 0.03874233365058899, 0.7893409132957458]
[step 0720/1000] method=ours loss=0.6726 train_acc=0.9537 train_loss=0.1974 val_acc=0.8505 val_loss=0.6787 router_H=0.2808 best=0.8873
           router_load=[0.17033164203166962, 0.00158510054461658, 0.03874233365058899, 0.7893409132957458]
[step 0730/1000] method=ours loss=0.0933 train_acc=0.9537 train_loss=0.1974 val_acc=0.8505 val_loss=0.6787 router_H=0.2808 best=0.8873
           router_load=[0.17033164203166962, 0.00158510054461658, 0.03874233365058899, 0.7893409132957458]
[step 0740/1000] method=ours loss=0.2452 train_acc=0.9537 train_loss=0.1974 val_acc=0.8505 val_loss=0.6787 router_H=0.2808 best=0.8873
           router_load=[0.17033164203166962, 0.00158510054461658, 0.03874233365058899, 0.7893409132957458]
[step 0750/1000] method=ours loss=0.0977 train_acc=0.9736 train_loss=0.0900 val_acc=0.8725 val_loss=0.4426 router_H=0.3333 best=0.8873
           router_load=[0.2381514608860016, 0.0035466200206428766, 0.04420933499932289, 0.7140925526618958]
[step 0760/1000] method=ours loss=0.0897 train_acc=0.9736 train_loss=0.0900 val_acc=0.8725 val_loss=0.4426 router_H=0.3333 best=0.8873
           router_load=[0.2381514608860016, 0.0035466200206428766, 0.04420933499932289, 0.7140925526618958]
[step 0770/1000] method=ours loss=0.0175 train_acc=0.9736 train_loss=0.0900 val_acc=0.8725 val_loss=0.4426 router_H=0.3333 best=0.8873
           router_load=[0.2381514608860016, 0.0035466200206428766, 0.04420933499932289, 0.7140925526618958]
[step 0780/1000] method=ours loss=0.4873 train_acc=0.9736 train_loss=0.0900 val_acc=0.8725 val_loss=0.4426 router_H=0.3333 best=0.8873
           router_load=[0.2381514608860016, 0.0035466200206428766, 0.04420933499932289, 0.7140925526618958]
[step 0790/1000] method=ours loss=0.0028 train_acc=0.9736 train_loss=0.0900 val_acc=0.8725 val_loss=0.4426 router_H=0.3333 best=0.8873
           router_load=[0.2381514608860016, 0.0035466200206428766, 0.04420933499932289, 0.7140925526618958]
[step 0800/1000] method=ours loss=0.3419 train_acc=0.9708 train_loss=0.1351 val_acc=0.8627 val_loss=0.6752 router_H=0.2604 best=0.8873
           router_load=[0.22030963003635406, 0.0004847644595429301, 0.039631642401218414, 0.7395739555358887]
[step 0810/1000] method=ours loss=0.0037 train_acc=0.9708 train_loss=0.1351 val_acc=0.8627 val_loss=0.6752 router_H=0.2604 best=0.8873
           router_load=[0.22030963003635406, 0.0004847644595429301, 0.039631642401218414, 0.7395739555358887]
[step 0820/1000] method=ours loss=0.2795 train_acc=0.9708 train_loss=0.1351 val_acc=0.8627 val_loss=0.6752 router_H=0.2604 best=0.8873
           router_load=[0.22030963003635406, 0.0004847644595429301, 0.039631642401218414, 0.7395739555358887]
[step 0830/1000] method=ours loss=0.0822 train_acc=0.9708 train_loss=0.1351 val_acc=0.8627 val_loss=0.6752 router_H=0.2604 best=0.8873
           router_load=[0.22030963003635406, 0.0004847644595429301, 0.039631642401218414, 0.7395739555358887]
[step 0840/1000] method=ours loss=0.4301 train_acc=0.9708 train_loss=0.1351 val_acc=0.8627 val_loss=0.6752 router_H=0.2604 best=0.8873
           router_load=[0.22030963003635406, 0.0004847644595429301, 0.039631642401218414, 0.7395739555358887]
[step 0850/1000] method=ours loss=0.1604 train_acc=0.9678 train_loss=0.1003 val_acc=0.8603 val_loss=0.5109 router_H=0.2865 best=0.8873
           router_load=[0.20343169569969177, 0.0, 0.0335669107735157, 0.7630014419555664]
[step 0860/1000] method=ours loss=0.0291 train_acc=0.9678 train_loss=0.1003 val_acc=0.8603 val_loss=0.5109 router_H=0.2865 best=0.8873
           router_load=[0.20343169569969177, 0.0, 0.0335669107735157, 0.7630014419555664]
[step 0870/1000] method=ours loss=0.3426 train_acc=0.9678 train_loss=0.1003 val_acc=0.8603 val_loss=0.5109 router_H=0.2865 best=0.8873
           router_load=[0.20343169569969177, 0.0, 0.0335669107735157, 0.7630014419555664]
[step 0880/1000] method=ours loss=0.0041 train_acc=0.9678 train_loss=0.1003 val_acc=0.8603 val_loss=0.5109 router_H=0.2865 best=0.8873
           router_load=[0.20343169569969177, 0.0, 0.0335669107735157, 0.7630014419555664]
[step 0890/1000] method=ours loss=0.3443 train_acc=0.9678 train_loss=0.1003 val_acc=0.8603 val_loss=0.5109 router_H=0.2865 best=0.8873
           router_load=[0.20343169569969177, 0.0, 0.0335669107735157, 0.7630014419555664]
[step 0900/1000] method=ours loss=0.3810 train_acc=0.9700 train_loss=0.1438 val_acc=0.8676 val_loss=0.6890 router_H=0.2459 best=0.8873
           router_load=[0.2147918939590454, 0.0005719236796721816, 0.0362122468650341, 0.7484239339828491]
[step 0910/1000] method=ours loss=0.2165 train_acc=0.9700 train_loss=0.1438 val_acc=0.8676 val_loss=0.6890 router_H=0.2459 best=0.8873
           router_load=[0.2147918939590454, 0.0005719236796721816, 0.0362122468650341, 0.7484239339828491]
[step 0920/1000] method=ours loss=0.0045 train_acc=0.9700 train_loss=0.1438 val_acc=0.8676 val_loss=0.6890 router_H=0.2459 best=0.8873
           router_load=[0.2147918939590454, 0.0005719236796721816, 0.0362122468650341, 0.7484239339828491]
[step 0930/1000] method=ours loss=0.0035 train_acc=0.9700 train_loss=0.1438 val_acc=0.8676 val_loss=0.6890 router_H=0.2459 best=0.8873
           router_load=[0.2147918939590454, 0.0005719236796721816, 0.0362122468650341, 0.7484239339828491]
[step 0940/1000] method=ours loss=0.0111 train_acc=0.9700 train_loss=0.1438 val_acc=0.8676 val_loss=0.6890 router_H=0.2459 best=0.8873
           router_load=[0.2147918939590454, 0.0005719236796721816, 0.0362122468650341, 0.7484239339828491]
[step 0950/1000] method=ours loss=0.0080 train_acc=0.9793 train_loss=0.0739 val_acc=0.8750 val_loss=0.5263 router_H=0.3166 best=0.8873
           router_load=[0.2767737805843353, 0.0005340565694496036, 0.02966890297830105, 0.6930233240127563]
[step 0960/1000] method=ours loss=0.0184 train_acc=0.9793 train_loss=0.0739 val_acc=0.8750 val_loss=0.5263 router_H=0.3166 best=0.8873
           router_load=[0.2767737805843353, 0.0005340565694496036, 0.02966890297830105, 0.6930233240127563]
[step 0970/1000] method=ours loss=0.0053 train_acc=0.9793 train_loss=0.0739 val_acc=0.8750 val_loss=0.5263 router_H=0.3166 best=0.8873
           router_load=[0.2767737805843353, 0.0005340565694496036, 0.02966890297830105, 0.6930233240127563]
[step 0980/1000] method=ours loss=0.4694 train_acc=0.9793 train_loss=0.0739 val_acc=0.8750 val_loss=0.5263 router_H=0.3166 best=0.8873
           router_load=[0.2767737805843353, 0.0005340565694496036, 0.02966890297830105, 0.6930233240127563]
[step 0990/1000] method=ours loss=0.0135 train_acc=0.9793 train_loss=0.0739 val_acc=0.8750 val_loss=0.5263 router_H=0.3166 best=0.8873
           router_load=[0.2767737805843353, 0.0005340565694496036, 0.02966890297830105, 0.6930233240127563]
[step 1000/1000] method=ours loss=0.0087 train_acc=0.9749 train_loss=0.1015 val_acc=0.8652 val_loss=0.5572 router_H=0.3406 best=0.8873
           router_load=[0.1543266624212265, 0.0, 0.06075293570756912, 0.7849202752113342]
saved summary -> /home/zhujjing/MOE-grad-conflict-routing/runs/paper_suite/single_gpu/single_task/roberta_mrpc_ffn_e4_k2/final/ours_s11.json
saved curve -> /home/zhujjing/MOE-grad-conflict-routing/runs/paper_suite/single_gpu/single_task/roberta_mrpc_ffn_e4_k2/final/ours_s11_curve.csv
