[run] method=ours candidate=local_var_topk_001 seed=5 steps=1000 gpu=0
[run] cmd=
/home/zhujjing/anaconda3/envs/moe/bin/python /home/zhujjing/MOE-grad-conflict-routing/scripts/run.py --config configs/singletask_mrpc_real.yaml --set model.backbone_backend=hf --set model.hf_load_pretrained=true --set model.backbone=roberta --set model.hf_pretrained_name=roberta-base --set model.expert_type=ffn --set model.routing_mode=topk --set model.num_experts=4 --set model.top_k=2 --set seed=5 --set method.name=ours --set train.steps=1000 --set train.eval_every_steps=50 --set method.ours.use_load_norm=true --set method.ours.lambda_align=0.005047737318 --set train.grad_clip=0.8874671569 --set train.lr=2.1166733e-05 --set train.weight_decay=0.01576137036 --out /home/zhujjing/MOE-grad-conflict-routing/runs/paper_suite/single_gpu/single_task/roberta_mrpc_ffn_e4_k2/final/ours_s5.json --curve_out /home/zhujjing/MOE-grad-conflict-routing/runs/paper_suite/single_gpu/single_task/roberta_mrpc_ffn_e4_k2/final/ours_s5_curve.csv
Using the latest cached version of the dataset since glue couldn't be found on the Hugging Face Hub (offline mode is enabled).
Found the latest cached dataset configuration 'mrpc' at /home/zhujjing/hf_cache/datasets/glue/mrpc/0.0.0/bcdcba79d07bc864c1c254ccfcedcce55bcc9a8c (last modified on Thu Mar 19 15:01:06 2026).
/home/zhujjing/anaconda3/envs/moe/lib/python3.10/site-packages/transformers/utils/hub.py:124: FutureWarning: Using `TRANSFORMERS_CACHE` is deprecated and will be removed in v5 of Transformers. Use `HF_HOME` instead.
  warnings.warn(
Some weights of RobertaModel were not initialized from the model checkpoint at roberta-base and are newly initialized: ['roberta.pooler.dense.bias', 'roberta.pooler.dense.weight']
You should probably TRAIN this model on a down-stream task to be able to use it for predictions and inference.
[step 0001/1000] method=ours loss=0.6944 train_acc=nan train_loss=nan val_acc=nan val_loss=nan best=-1.0000
[step 0010/1000] method=ours loss=0.6356 train_acc=nan train_loss=nan val_acc=nan val_loss=nan best=-1.0000
[step 0020/1000] method=ours loss=0.5027 train_acc=nan train_loss=nan val_acc=nan val_loss=nan best=-1.0000
[step 0030/1000] method=ours loss=0.4895 train_acc=nan train_loss=nan val_acc=nan val_loss=nan best=-1.0000
[step 0040/1000] method=ours loss=0.5617 train_acc=nan train_loss=nan val_acc=nan val_loss=nan best=-1.0000
[step 0050/1000] method=ours loss=0.4918 train_acc=0.6922 train_loss=0.4971 val_acc=0.7010 val_loss=0.4934 router_H=0.4800 best=0.7010
           router_load=[0.7755882143974304, 0.18365806341171265, 0.007041904143989086, 0.033711813390254974]
[step 0060/1000] method=ours loss=0.4129 train_acc=0.6922 train_loss=0.4971 val_acc=0.7010 val_loss=0.4934 router_H=0.4800 best=0.7010
           router_load=[0.7755882143974304, 0.18365806341171265, 0.007041904143989086, 0.033711813390254974]
[step 0070/1000] method=ours loss=0.5363 train_acc=0.6922 train_loss=0.4971 val_acc=0.7010 val_loss=0.4934 router_H=0.4800 best=0.7010
           router_load=[0.7755882143974304, 0.18365806341171265, 0.007041904143989086, 0.033711813390254974]
[step 0080/1000] method=ours loss=0.7153 train_acc=0.6922 train_loss=0.4971 val_acc=0.7010 val_loss=0.4934 router_H=0.4800 best=0.7010
           router_load=[0.7755882143974304, 0.18365806341171265, 0.007041904143989086, 0.033711813390254974]
[step 0090/1000] method=ours loss=0.2617 train_acc=0.6922 train_loss=0.4971 val_acc=0.7010 val_loss=0.4934 router_H=0.4800 best=0.7010
           router_load=[0.7755882143974304, 0.18365806341171265, 0.007041904143989086, 0.033711813390254974]
[step 0100/1000] method=ours loss=0.4351 train_acc=0.8432 train_loss=0.3860 val_acc=0.8627 val_loss=0.3768 router_H=0.4094 best=0.8627
           router_load=[0.8006494045257568, 0.1993507444858551, 0.0, 0.0]
[step 0110/1000] method=ours loss=0.6041 train_acc=0.8432 train_loss=0.3860 val_acc=0.8627 val_loss=0.3768 router_H=0.4094 best=0.8627
           router_load=[0.8006494045257568, 0.1993507444858551, 0.0, 0.0]
[step 0120/1000] method=ours loss=0.3559 train_acc=0.8432 train_loss=0.3860 val_acc=0.8627 val_loss=0.3768 router_H=0.4094 best=0.8627
           router_load=[0.8006494045257568, 0.1993507444858551, 0.0, 0.0]
[step 0130/1000] method=ours loss=0.2973 train_acc=0.8432 train_loss=0.3860 val_acc=0.8627 val_loss=0.3768 router_H=0.4094 best=0.8627
           router_load=[0.8006494045257568, 0.1993507444858551, 0.0, 0.0]
[step 0140/1000] method=ours loss=0.1944 train_acc=0.8432 train_loss=0.3860 val_acc=0.8627 val_loss=0.3768 router_H=0.4094 best=0.8627
           router_load=[0.8006494045257568, 0.1993507444858551, 0.0, 0.0]
[step 0150/1000] method=ours loss=0.3190 train_acc=0.8591 train_loss=0.3583 val_acc=0.8431 val_loss=0.3512 router_H=0.4552 best=0.8627
           router_load=[0.7795762419700623, 0.21085776388645172, 0.009566008113324642, 0.0]
[step 0160/1000] method=ours loss=0.3506 train_acc=0.8591 train_loss=0.3583 val_acc=0.8431 val_loss=0.3512 router_H=0.4552 best=0.8627
           router_load=[0.7795762419700623, 0.21085776388645172, 0.009566008113324642, 0.0]
[step 0170/1000] method=ours loss=0.2723 train_acc=0.8591 train_loss=0.3583 val_acc=0.8431 val_loss=0.3512 router_H=0.4552 best=0.8627
           router_load=[0.7795762419700623, 0.21085776388645172, 0.009566008113324642, 0.0]
[step 0180/1000] method=ours loss=0.1962 train_acc=0.8591 train_loss=0.3583 val_acc=0.8431 val_loss=0.3512 router_H=0.4552 best=0.8627
           router_load=[0.7795762419700623, 0.21085776388645172, 0.009566008113324642, 0.0]
[step 0190/1000] method=ours loss=0.3562 train_acc=0.8591 train_loss=0.3583 val_acc=0.8431 val_loss=0.3512 router_H=0.4552 best=0.8627
           router_load=[0.7795762419700623, 0.21085776388645172, 0.009566008113324642, 0.0]
[step 0200/1000] method=ours loss=0.6419 train_acc=0.8664 train_loss=0.3492 val_acc=0.8505 val_loss=0.3803 router_H=0.3969 best=0.8627
           router_load=[0.8156280517578125, 0.1794854700565338, 0.0027065700851380825, 0.002179914154112339]
[step 0210/1000] method=ours loss=0.4360 train_acc=0.8664 train_loss=0.3492 val_acc=0.8505 val_loss=0.3803 router_H=0.3969 best=0.8627
           router_load=[0.8156280517578125, 0.1794854700565338, 0.0027065700851380825, 0.002179914154112339]
[step 0220/1000] method=ours loss=0.3118 train_acc=0.8664 train_loss=0.3492 val_acc=0.8505 val_loss=0.3803 router_H=0.3969 best=0.8627
           router_load=[0.8156280517578125, 0.1794854700565338, 0.0027065700851380825, 0.002179914154112339]
[step 0230/1000] method=ours loss=0.1853 train_acc=0.8664 train_loss=0.3492 val_acc=0.8505 val_loss=0.3803 router_H=0.3969 best=0.8627
           router_load=[0.8156280517578125, 0.1794854700565338, 0.0027065700851380825, 0.002179914154112339]
[step 0240/1000] method=ours loss=0.2732 train_acc=0.8664 train_loss=0.3492 val_acc=0.8505 val_loss=0.3803 router_H=0.3969 best=0.8627
           router_load=[0.8156280517578125, 0.1794854700565338, 0.0027065700851380825, 0.002179914154112339]
[step 0250/1000] method=ours loss=0.4647 train_acc=0.8912 train_loss=0.3104 val_acc=0.8824 val_loss=0.3446 router_H=0.3662 best=0.8824
           router_load=[0.8309192061424255, 0.12355836480855942, 0.008066830225288868, 0.037455614656209946]
[step 0260/1000] method=ours loss=0.1926 train_acc=0.8912 train_loss=0.3104 val_acc=0.8824 val_loss=0.3446 router_H=0.3662 best=0.8824
           router_load=[0.8309192061424255, 0.12355836480855942, 0.008066830225288868, 0.037455614656209946]
[step 0270/1000] method=ours loss=0.2327 train_acc=0.8912 train_loss=0.3104 val_acc=0.8824 val_loss=0.3446 router_H=0.3662 best=0.8824
           router_load=[0.8309192061424255, 0.12355836480855942, 0.008066830225288868, 0.037455614656209946]
[step 0280/1000] method=ours loss=0.1739 train_acc=0.8912 train_loss=0.3104 val_acc=0.8824 val_loss=0.3446 router_H=0.3662 best=0.8824
           router_load=[0.8309192061424255, 0.12355836480855942, 0.008066830225288868, 0.037455614656209946]
[step 0290/1000] method=ours loss=0.0902 train_acc=0.8912 train_loss=0.3104 val_acc=0.8824 val_loss=0.3446 router_H=0.3662 best=0.8824
           router_load=[0.8309192061424255, 0.12355836480855942, 0.008066830225288868, 0.037455614656209946]
[step 0300/1000] method=ours loss=0.7470 train_acc=0.9043 train_loss=0.2875 val_acc=0.8725 val_loss=0.3863 router_H=0.2968 best=0.8824
           router_load=[0.8599779605865479, 0.11582784354686737, 0.0020975954830646515, 0.022096503525972366]
[step 0310/1000] method=ours loss=0.3649 train_acc=0.9043 train_loss=0.2875 val_acc=0.8725 val_loss=0.3863 router_H=0.2968 best=0.8824
           router_load=[0.8599779605865479, 0.11582784354686737, 0.0020975954830646515, 0.022096503525972366]
[step 0320/1000] method=ours loss=0.2385 train_acc=0.9043 train_loss=0.2875 val_acc=0.8725 val_loss=0.3863 router_H=0.2968 best=0.8824
           router_load=[0.8599779605865479, 0.11582784354686737, 0.0020975954830646515, 0.022096503525972366]
[step 0330/1000] method=ours loss=0.4475 train_acc=0.9043 train_loss=0.2875 val_acc=0.8725 val_loss=0.3863 router_H=0.2968 best=0.8824
           router_load=[0.8599779605865479, 0.11582784354686737, 0.0020975954830646515, 0.022096503525972366]
[step 0340/1000] method=ours loss=0.4641 train_acc=0.9043 train_loss=0.2875 val_acc=0.8725 val_loss=0.3863 router_H=0.2968 best=0.8824
           router_load=[0.8599779605865479, 0.11582784354686737, 0.0020975954830646515, 0.022096503525972366]
[step 0350/1000] method=ours loss=0.2300 train_acc=0.9234 train_loss=0.2151 val_acc=0.8750 val_loss=0.3083 router_H=0.3608 best=0.8824
           router_load=[0.8307388424873352, 0.1645757108926773, 0.0039264000952243805, 0.0007589966407977045]
[step 0360/1000] method=ours loss=0.2773 train_acc=0.9234 train_loss=0.2151 val_acc=0.8750 val_loss=0.3083 router_H=0.3608 best=0.8824
           router_load=[0.8307388424873352, 0.1645757108926773, 0.0039264000952243805, 0.0007589966407977045]
[step 0370/1000] method=ours loss=0.4110 train_acc=0.9234 train_loss=0.2151 val_acc=0.8750 val_loss=0.3083 router_H=0.3608 best=0.8824
           router_load=[0.8307388424873352, 0.1645757108926773, 0.0039264000952243805, 0.0007589966407977045]
[step 0380/1000] method=ours loss=0.2737 train_acc=0.9234 train_loss=0.2151 val_acc=0.8750 val_loss=0.3083 router_H=0.3608 best=0.8824
           router_load=[0.8307388424873352, 0.1645757108926773, 0.0039264000952243805, 0.0007589966407977045]
[step 0390/1000] method=ours loss=0.8440 train_acc=0.9234 train_loss=0.2151 val_acc=0.8750 val_loss=0.3083 router_H=0.3608 best=0.8824
           router_load=[0.8307388424873352, 0.1645757108926773, 0.0039264000952243805, 0.0007589966407977045]
[step 0400/1000] method=ours loss=0.5248 train_acc=0.8890 train_loss=0.2718 val_acc=0.8431 val_loss=0.4081 router_H=0.2746 best=0.8824
           router_load=[0.9027592539787292, 0.06111416965723038, 0.033036958426237106, 0.0030895525123924017]
[step 0410/1000] method=ours loss=0.3502 train_acc=0.8890 train_loss=0.2718 val_acc=0.8431 val_loss=0.4081 router_H=0.2746 best=0.8824
           router_load=[0.9027592539787292, 0.06111416965723038, 0.033036958426237106, 0.0030895525123924017]
[step 0420/1000] method=ours loss=0.1740 train_acc=0.8890 train_loss=0.2718 val_acc=0.8431 val_loss=0.4081 router_H=0.2746 best=0.8824
           router_load=[0.9027592539787292, 0.06111416965723038, 0.033036958426237106, 0.0030895525123924017]
[step 0430/1000] method=ours loss=0.4590 train_acc=0.8890 train_loss=0.2718 val_acc=0.8431 val_loss=0.4081 router_H=0.2746 best=0.8824
           router_load=[0.9027592539787292, 0.06111416965723038, 0.033036958426237106, 0.0030895525123924017]
[step 0440/1000] method=ours loss=0.5169 train_acc=0.8890 train_loss=0.2718 val_acc=0.8431 val_loss=0.4081 router_H=0.2746 best=0.8824
           router_load=[0.9027592539787292, 0.06111416965723038, 0.033036958426237106, 0.0030895525123924017]
[step 0450/1000] method=ours loss=0.2734 train_acc=0.9419 train_loss=0.1754 val_acc=0.8799 val_loss=0.3070 router_H=0.4358 best=0.8824
           router_load=[0.8018185496330261, 0.17919223010540009, 0.017739977687597275, 0.0012493396643549204]
[step 0460/1000] method=ours loss=0.1724 train_acc=0.9419 train_loss=0.1754 val_acc=0.8799 val_loss=0.3070 router_H=0.4358 best=0.8824
           router_load=[0.8018185496330261, 0.17919223010540009, 0.017739977687597275, 0.0012493396643549204]
[step 0470/1000] method=ours loss=0.1992 train_acc=0.9419 train_loss=0.1754 val_acc=0.8799 val_loss=0.3070 router_H=0.4358 best=0.8824
           router_load=[0.8018185496330261, 0.17919223010540009, 0.017739977687597275, 0.0012493396643549204]
[step 0480/1000] method=ours loss=0.6285 train_acc=0.9419 train_loss=0.1754 val_acc=0.8799 val_loss=0.3070 router_H=0.4358 best=0.8824
           router_load=[0.8018185496330261, 0.17919223010540009, 0.017739977687597275, 0.0012493396643549204]
[step 0490/1000] method=ours loss=0.2668 train_acc=0.9419 train_loss=0.1754 val_acc=0.8799 val_loss=0.3070 router_H=0.4358 best=0.8824
           router_load=[0.8018185496330261, 0.17919223010540009, 0.017739977687597275, 0.0012493396643549204]
[step 0500/1000] method=ours loss=0.4357 train_acc=0.9201 train_loss=0.2259 val_acc=0.8407 val_loss=0.4161 router_H=0.3804 best=0.8824
           router_load=[0.8294700384140015, 0.13684506714344025, 0.03307240456342697, 0.0006125132204033434]
[step 0510/1000] method=ours loss=0.7083 train_acc=0.9201 train_loss=0.2259 val_acc=0.8407 val_loss=0.4161 router_H=0.3804 best=0.8824
           router_load=[0.8294700384140015, 0.13684506714344025, 0.03307240456342697, 0.0006125132204033434]
[step 0520/1000] method=ours loss=0.0148 train_acc=0.9201 train_loss=0.2259 val_acc=0.8407 val_loss=0.4161 router_H=0.3804 best=0.8824
           router_load=[0.8294700384140015, 0.13684506714344025, 0.03307240456342697, 0.0006125132204033434]
[step 0530/1000] method=ours loss=0.0160 train_acc=0.9201 train_loss=0.2259 val_acc=0.8407 val_loss=0.4161 router_H=0.3804 best=0.8824
           router_load=[0.8294700384140015, 0.13684506714344025, 0.03307240456342697, 0.0006125132204033434]
[step 0540/1000] method=ours loss=0.1919 train_acc=0.9201 train_loss=0.2259 val_acc=0.8407 val_loss=0.4161 router_H=0.3804 best=0.8824
           router_load=[0.8294700384140015, 0.13684506714344025, 0.03307240456342697, 0.0006125132204033434]
[step 0550/1000] method=ours loss=0.1057 train_acc=0.9577 train_loss=0.1530 val_acc=0.8848 val_loss=0.4052 router_H=0.3268 best=0.8848
           router_load=[0.844771146774292, 0.12108022719621658, 0.030592499300837517, 0.003555989358574152]
[step 0560/1000] method=ours loss=0.0504 train_acc=0.9577 train_loss=0.1530 val_acc=0.8848 val_loss=0.4052 router_H=0.3268 best=0.8848
           router_load=[0.844771146774292, 0.12108022719621658, 0.030592499300837517, 0.003555989358574152]
[step 0570/1000] method=ours loss=0.0161 train_acc=0.9577 train_loss=0.1530 val_acc=0.8848 val_loss=0.4052 router_H=0.3268 best=0.8848
           router_load=[0.844771146774292, 0.12108022719621658, 0.030592499300837517, 0.003555989358574152]
[step 0580/1000] method=ours loss=0.0567 train_acc=0.9577 train_loss=0.1530 val_acc=0.8848 val_loss=0.4052 router_H=0.3268 best=0.8848
           router_load=[0.844771146774292, 0.12108022719621658, 0.030592499300837517, 0.003555989358574152]
[step 0590/1000] method=ours loss=0.3317 train_acc=0.9577 train_loss=0.1530 val_acc=0.8848 val_loss=0.4052 router_H=0.3268 best=0.8848
           router_load=[0.844771146774292, 0.12108022719621658, 0.030592499300837517, 0.003555989358574152]
[step 0600/1000] method=ours loss=0.3183 train_acc=0.9523 train_loss=0.1497 val_acc=0.8897 val_loss=0.3211 router_H=0.3678 best=0.8897
           router_load=[0.8276971578598022, 0.12390121817588806, 0.04775954782962799, 0.000642014725599438]
[step 0610/1000] method=ours loss=0.1893 train_acc=0.9523 train_loss=0.1497 val_acc=0.8897 val_loss=0.3211 router_H=0.3678 best=0.8897
           router_load=[0.8276971578598022, 0.12390121817588806, 0.04775954782962799, 0.000642014725599438]
[step 0620/1000] method=ours loss=0.1467 train_acc=0.9523 train_loss=0.1497 val_acc=0.8897 val_loss=0.3211 router_H=0.3678 best=0.8897
           router_load=[0.8276971578598022, 0.12390121817588806, 0.04775954782962799, 0.000642014725599438]
[step 0630/1000] method=ours loss=0.2501 train_acc=0.9523 train_loss=0.1497 val_acc=0.8897 val_loss=0.3211 router_H=0.3678 best=0.8897
           router_load=[0.8276971578598022, 0.12390121817588806, 0.04775954782962799, 0.000642014725599438]
[step 0640/1000] method=ours loss=0.1347 train_acc=0.9523 train_loss=0.1497 val_acc=0.8897 val_loss=0.3211 router_H=0.3678 best=0.8897
           router_load=[0.8276971578598022, 0.12390121817588806, 0.04775954782962799, 0.000642014725599438]
[step 0650/1000] method=ours loss=0.0268 train_acc=0.9654 train_loss=0.1057 val_acc=0.8799 val_loss=0.3553 router_H=0.3877 best=0.8897
           router_load=[0.8036038875579834, 0.15613438189029694, 0.03919260948896408, 0.0010691438801586628]
[step 0660/1000] method=ours loss=0.1975 train_acc=0.9654 train_loss=0.1057 val_acc=0.8799 val_loss=0.3553 router_H=0.3877 best=0.8897
           router_load=[0.8036038875579834, 0.15613438189029694, 0.03919260948896408, 0.0010691438801586628]
[step 0670/1000] method=ours loss=0.2706 train_acc=0.9654 train_loss=0.1057 val_acc=0.8799 val_loss=0.3553 router_H=0.3877 best=0.8897
           router_load=[0.8036038875579834, 0.15613438189029694, 0.03919260948896408, 0.0010691438801586628]
[step 0680/1000] method=ours loss=0.3383 train_acc=0.9654 train_loss=0.1057 val_acc=0.8799 val_loss=0.3553 router_H=0.3877 best=0.8897
           router_load=[0.8036038875579834, 0.15613438189029694, 0.03919260948896408, 0.0010691438801586628]
[step 0690/1000] method=ours loss=0.0621 train_acc=0.9654 train_loss=0.1057 val_acc=0.8799 val_loss=0.3553 router_H=0.3877 best=0.8897
           router_load=[0.8036038875579834, 0.15613438189029694, 0.03919260948896408, 0.0010691438801586628]
[step 0700/1000] method=ours loss=0.2023 train_acc=0.9659 train_loss=0.1399 val_acc=0.8799 val_loss=0.4390 router_H=0.3649 best=0.8897
           router_load=[0.8193344473838806, 0.13037708401679993, 0.049497753381729126, 0.0007907913532108068]
[step 0710/1000] method=ours loss=0.1885 train_acc=0.9659 train_loss=0.1399 val_acc=0.8799 val_loss=0.4390 router_H=0.3649 best=0.8897
           router_load=[0.8193344473838806, 0.13037708401679993, 0.049497753381729126, 0.0007907913532108068]
[step 0720/1000] method=ours loss=0.1454 train_acc=0.9659 train_loss=0.1399 val_acc=0.8799 val_loss=0.4390 router_H=0.3649 best=0.8897
           router_load=[0.8193344473838806, 0.13037708401679993, 0.049497753381729126, 0.0007907913532108068]
[step 0730/1000] method=ours loss=0.6202 train_acc=0.9659 train_loss=0.1399 val_acc=0.8799 val_loss=0.4390 router_H=0.3649 best=0.8897
           router_load=[0.8193344473838806, 0.13037708401679993, 0.049497753381729126, 0.0007907913532108068]
[step 0740/1000] method=ours loss=0.4260 train_acc=0.9659 train_loss=0.1399 val_acc=0.8799 val_loss=0.4390 router_H=0.3649 best=0.8897
           router_load=[0.8193344473838806, 0.13037708401679993, 0.049497753381729126, 0.0007907913532108068]
[step 0750/1000] method=ours loss=0.0118 train_acc=0.9553 train_loss=0.1820 val_acc=0.8627 val_loss=0.6300 router_H=0.2408 best=0.8897
           router_load=[0.8209165930747986, 0.16537036001682281, 0.008058768697082996, 0.005654294043779373]
[step 0760/1000] method=ours loss=0.4967 train_acc=0.9553 train_loss=0.1820 val_acc=0.8627 val_loss=0.6300 router_H=0.2408 best=0.8897
           router_load=[0.8209165930747986, 0.16537036001682281, 0.008058768697082996, 0.005654294043779373]
[step 0770/1000] method=ours loss=0.0027 train_acc=0.9553 train_loss=0.1820 val_acc=0.8627 val_loss=0.6300 router_H=0.2408 best=0.8897
           router_load=[0.8209165930747986, 0.16537036001682281, 0.008058768697082996, 0.005654294043779373]
[step 0780/1000] method=ours loss=0.3252 train_acc=0.9553 train_loss=0.1820 val_acc=0.8627 val_loss=0.6300 router_H=0.2408 best=0.8897
           router_load=[0.8209165930747986, 0.16537036001682281, 0.008058768697082996, 0.005654294043779373]
[step 0790/1000] method=ours loss=0.0395 train_acc=0.9553 train_loss=0.1820 val_acc=0.8627 val_loss=0.6300 router_H=0.2408 best=0.8897
           router_load=[0.8209165930747986, 0.16537036001682281, 0.008058768697082996, 0.005654294043779373]
[step 0800/1000] method=ours loss=0.2309 train_acc=0.9681 train_loss=0.1189 val_acc=0.8799 val_loss=0.5076 router_H=0.2462 best=0.8897
           router_load=[0.9051036238670349, 0.08635920286178589, 0.008346849121153355, 0.0001902679359773174]
[step 0810/1000] method=ours loss=0.0073 train_acc=0.9681 train_loss=0.1189 val_acc=0.8799 val_loss=0.5076 router_H=0.2462 best=0.8897
           router_load=[0.9051036238670349, 0.08635920286178589, 0.008346849121153355, 0.0001902679359773174]
[step 0820/1000] method=ours loss=0.0090 train_acc=0.9681 train_loss=0.1189 val_acc=0.8799 val_loss=0.5076 router_H=0.2462 best=0.8897
           router_load=[0.9051036238670349, 0.08635920286178589, 0.008346849121153355, 0.0001902679359773174]
[step 0830/1000] method=ours loss=0.0291 train_acc=0.9681 train_loss=0.1189 val_acc=0.8799 val_loss=0.5076 router_H=0.2462 best=0.8897
           router_load=[0.9051036238670349, 0.08635920286178589, 0.008346849121153355, 0.0001902679359773174]
[step 0840/1000] method=ours loss=0.3178 train_acc=0.9681 train_loss=0.1189 val_acc=0.8799 val_loss=0.5076 router_H=0.2462 best=0.8897
           router_load=[0.9051036238670349, 0.08635920286178589, 0.008346849121153355, 0.0001902679359773174]
[step 0850/1000] method=ours loss=0.2145 train_acc=0.9790 train_loss=0.0814 val_acc=0.8652 val_loss=0.4680 router_H=0.2481 best=0.8897
           router_load=[0.9019089341163635, 0.08502624183893204, 0.012920443899929523, 0.0001441608474124223]
[step 0860/1000] method=ours loss=0.0195 train_acc=0.9790 train_loss=0.0814 val_acc=0.8652 val_loss=0.4680 router_H=0.2481 best=0.8897
           router_load=[0.9019089341163635, 0.08502624183893204, 0.012920443899929523, 0.0001441608474124223]
[step 0870/1000] method=ours loss=0.0188 train_acc=0.9790 train_loss=0.0814 val_acc=0.8652 val_loss=0.4680 router_H=0.2481 best=0.8897
           router_load=[0.9019089341163635, 0.08502624183893204, 0.012920443899929523, 0.0001441608474124223]
[step 0880/1000] method=ours loss=0.1451 train_acc=0.9790 train_loss=0.0814 val_acc=0.8652 val_loss=0.4680 router_H=0.2481 best=0.8897
           router_load=[0.9019089341163635, 0.08502624183893204, 0.012920443899929523, 0.0001441608474124223]
[step 0890/1000] method=ours loss=0.0049 train_acc=0.9790 train_loss=0.0814 val_acc=0.8652 val_loss=0.4680 router_H=0.2481 best=0.8897
           router_load=[0.9019089341163635, 0.08502624183893204, 0.012920443899929523, 0.0001441608474124223]
[step 0900/1000] method=ours loss=0.2033 train_acc=0.9468 train_loss=0.2012 val_acc=0.8309 val_loss=0.7863 router_H=0.2268 best=0.8897
           router_load=[0.9011934995651245, 0.08074891567230225, 0.017361322417855263, 0.0006961972103454173]
[step 0910/1000] method=ours loss=0.0137 train_acc=0.9468 train_loss=0.2012 val_acc=0.8309 val_loss=0.7863 router_H=0.2268 best=0.8897
           router_load=[0.9011934995651245, 0.08074891567230225, 0.017361322417855263, 0.0006961972103454173]
[step 0920/1000] method=ours loss=0.0561 train_acc=0.9468 train_loss=0.2012 val_acc=0.8309 val_loss=0.7863 router_H=0.2268 best=0.8897
           router_load=[0.9011934995651245, 0.08074891567230225, 0.017361322417855263, 0.0006961972103454173]
[step 0930/1000] method=ours loss=1.3078 train_acc=0.9468 train_loss=0.2012 val_acc=0.8309 val_loss=0.7863 router_H=0.2268 best=0.8897
           router_load=[0.9011934995651245, 0.08074891567230225, 0.017361322417855263, 0.0006961972103454173]
[step 0940/1000] method=ours loss=0.1933 train_acc=0.9468 train_loss=0.2012 val_acc=0.8309 val_loss=0.7863 router_H=0.2268 best=0.8897
           router_load=[0.9011934995651245, 0.08074891567230225, 0.017361322417855263, 0.0006961972103454173]
[step 0950/1000] method=ours loss=0.0018 train_acc=0.9755 train_loss=0.1016 val_acc=0.8799 val_loss=0.6243 router_H=0.2629 best=0.8897
           router_load=[0.8513873815536499, 0.13005588948726654, 0.01831645332276821, 0.00024020571436267346]
[step 0960/1000] method=ours loss=0.3563 train_acc=0.9755 train_loss=0.1016 val_acc=0.8799 val_loss=0.6243 router_H=0.2629 best=0.8897
           router_load=[0.8513873815536499, 0.13005588948726654, 0.01831645332276821, 0.00024020571436267346]
[step 0970/1000] method=ours loss=0.0017 train_acc=0.9755 train_loss=0.1016 val_acc=0.8799 val_loss=0.6243 router_H=0.2629 best=0.8897
           router_load=[0.8513873815536499, 0.13005588948726654, 0.01831645332276821, 0.00024020571436267346]
[step 0980/1000] method=ours loss=0.0165 train_acc=0.9755 train_loss=0.1016 val_acc=0.8799 val_loss=0.6243 router_H=0.2629 best=0.8897
           router_load=[0.8513873815536499, 0.13005588948726654, 0.01831645332276821, 0.00024020571436267346]
[step 0990/1000] method=ours loss=0.3835 train_acc=0.9755 train_loss=0.1016 val_acc=0.8799 val_loss=0.6243 router_H=0.2629 best=0.8897
           router_load=[0.8513873815536499, 0.13005588948726654, 0.01831645332276821, 0.00024020571436267346]
[step 1000/1000] method=ours loss=0.0041 train_acc=0.9861 train_loss=0.0575 val_acc=0.8971 val_loss=0.5083 router_H=0.2940 best=0.8971
           router_load=[0.8429386019706726, 0.13718052208423615, 0.01546940766274929, 0.004411512520164251]
saved summary -> /home/zhujjing/MOE-grad-conflict-routing/runs/paper_suite/single_gpu/single_task/roberta_mrpc_ffn_e4_k2/final/ours_s5.json
saved curve -> /home/zhujjing/MOE-grad-conflict-routing/runs/paper_suite/single_gpu/single_task/roberta_mrpc_ffn_e4_k2/final/ours_s5_curve.csv
