[run] method=ours candidate=local_var_topk_020 seed=2 steps=150 gpu=0
[run] cmd=
/home/zhujjing/anaconda3/envs/moe/bin/python /home/zhujjing/MOE-grad-conflict-routing/scripts/run.py --config configs/singletask_mrpc_real.yaml --set model.backbone_backend=hf --set model.hf_load_pretrained=true --set model.backbone=roberta --set model.hf_pretrained_name=roberta-base --set model.expert_type=ffn --set model.routing_mode=topk --set model.num_experts=4 --set model.top_k=2 --set seed=2 --set method.name=ours --set train.steps=150 --set train.eval_every_steps=50 --set method.ours.use_load_norm=true --set method.ours.lambda_align=0.005047737318 --set train.grad_clip=1.187467157 --set train.lr=8.4666933e-05 --set train.weight_decay=0.01576137036 --out /home/zhujjing/MOE-grad-conflict-routing/runs/paper_suite/single_gpu/single_task/roberta_mrpc_ffn_e4_k2/hpo/ours/trial_runs/local_var_topk_020/ours_s2.json --curve_out /home/zhujjing/MOE-grad-conflict-routing/runs/paper_suite/single_gpu/single_task/roberta_mrpc_ffn_e4_k2/hpo/ours/trial_runs/local_var_topk_020/ours_s2_curve.csv
Using the latest cached version of the dataset since glue couldn't be found on the Hugging Face Hub (offline mode is enabled).
Found the latest cached dataset configuration 'mrpc' at /home/zhujjing/hf_cache/datasets/glue/mrpc/0.0.0/bcdcba79d07bc864c1c254ccfcedcce55bcc9a8c (last modified on Thu Mar 19 15:01:06 2026).
/home/zhujjing/anaconda3/envs/moe/lib/python3.10/site-packages/transformers/utils/hub.py:124: FutureWarning: Using `TRANSFORMERS_CACHE` is deprecated and will be removed in v5 of Transformers. Use `HF_HOME` instead.
  warnings.warn(
Some weights of RobertaModel were not initialized from the model checkpoint at roberta-base and are newly initialized: ['roberta.pooler.dense.bias', 'roberta.pooler.dense.weight']
You should probably TRAIN this model on a down-stream task to be able to use it for predictions and inference.
[step 0001/150] method=ours loss=0.6989 train_acc=nan train_loss=nan val_acc=nan val_loss=nan best=-1.0000
[step 0010/150] method=ours loss=0.6687 train_acc=nan train_loss=nan val_acc=nan val_loss=nan best=-1.0000
[step 0020/150] method=ours loss=0.6848 train_acc=nan train_loss=nan val_acc=nan val_loss=nan best=-1.0000
[step 0030/150] method=ours loss=0.6786 train_acc=nan train_loss=nan val_acc=nan val_loss=nan best=-1.0000
[step 0040/150] method=ours loss=0.5463 train_acc=nan train_loss=nan val_acc=nan val_loss=nan best=-1.0000
[step 0050/150] method=ours loss=0.5659 train_acc=0.6968 train_loss=0.5885 val_acc=0.7010 val_loss=0.5925 router_H=0.6809 best=0.7010
           router_load=[0.5763533115386963, 0.0, 0.42364662885665894, 0.0]
[step 0060/150] method=ours loss=0.7031 train_acc=0.6968 train_loss=0.5885 val_acc=0.7010 val_loss=0.5925 router_H=0.6809 best=0.7010
           router_load=[0.5763533115386963, 0.0, 0.42364662885665894, 0.0]
[step 0070/150] method=ours loss=0.5350 train_acc=0.6968 train_loss=0.5885 val_acc=0.7010 val_loss=0.5925 router_H=0.6809 best=0.7010
           router_load=[0.5763533115386963, 0.0, 0.42364662885665894, 0.0]
[step 0080/150] method=ours loss=0.5859 train_acc=0.6968 train_loss=0.5885 val_acc=0.7010 val_loss=0.5925 router_H=0.6809 best=0.7010
           router_load=[0.5763533115386963, 0.0, 0.42364662885665894, 0.0]
[step 0090/150] method=ours loss=0.5519 train_acc=0.6968 train_loss=0.5885 val_acc=0.7010 val_loss=0.5925 router_H=0.6809 best=0.7010
           router_load=[0.5763533115386963, 0.0, 0.42364662885665894, 0.0]
[step 0100/150] method=ours loss=0.5187 train_acc=0.7639 train_loss=0.4958 val_acc=0.7623 val_loss=0.4901 router_H=0.5671 best=0.7623
           router_load=[0.7304723858833313, 0.0, 0.2695276141166687, 0.0]
[step 0110/150] method=ours loss=0.7244 train_acc=0.7639 train_loss=0.4958 val_acc=0.7623 val_loss=0.4901 router_H=0.5671 best=0.7623
           router_load=[0.7304723858833313, 0.0, 0.2695276141166687, 0.0]
[step 0120/150] method=ours loss=0.4534 train_acc=0.7639 train_loss=0.4958 val_acc=0.7623 val_loss=0.4901 router_H=0.5671 best=0.7623
           router_load=[0.7304723858833313, 0.0, 0.2695276141166687, 0.0]
[step 0130/150] method=ours loss=0.6593 train_acc=0.7639 train_loss=0.4958 val_acc=0.7623 val_loss=0.4901 router_H=0.5671 best=0.7623
           router_load=[0.7304723858833313, 0.0, 0.2695276141166687, 0.0]
[step 0140/150] method=ours loss=0.6730 train_acc=0.7639 train_loss=0.4958 val_acc=0.7623 val_loss=0.4901 router_H=0.5671 best=0.7623
           router_load=[0.7304723858833313, 0.0, 0.2695276141166687, 0.0]
[step 0150/150] method=ours loss=0.6441 train_acc=0.7685 train_loss=0.5264 val_acc=0.7647 val_loss=0.5346 router_H=0.6768 best=0.7647
           router_load=[0.5681520104408264, 0.0, 0.4318479597568512, 0.0]
saved summary -> /home/zhujjing/MOE-grad-conflict-routing/runs/paper_suite/single_gpu/single_task/roberta_mrpc_ffn_e4_k2/hpo/ours/trial_runs/local_var_topk_020/ours_s2.json
saved curve -> /home/zhujjing/MOE-grad-conflict-routing/runs/paper_suite/single_gpu/single_task/roberta_mrpc_ffn_e4_k2/hpo/ours/trial_runs/local_var_topk_020/ours_s2_curve.csv
