[run] method=ours candidate=local_var_topk_001 seed=3 steps=150 gpu=0
[run] cmd=
/home/zhujjing/anaconda3/envs/moe/bin/python /home/zhujjing/MOE-grad-conflict-routing/scripts/run.py --config configs/singletask_mrpc_real.yaml --set model.backbone_backend=hf --set model.hf_load_pretrained=true --set model.backbone=roberta --set model.hf_pretrained_name=roberta-base --set model.expert_type=ffn --set model.routing_mode=topk --set model.num_experts=4 --set model.top_k=2 --set seed=3 --set method.name=ours --set train.steps=150 --set train.eval_every_steps=50 --set method.ours.use_load_norm=true --set method.ours.lambda_align=0.005047737318 --set train.grad_clip=0.8874671569 --set train.lr=2.1166733e-05 --set train.weight_decay=0.01576137036 --out /home/zhujjing/MOE-grad-conflict-routing/runs/paper_suite/single_gpu/single_task/roberta_mrpc_ffn_e4_k2/hpo/ours/trial_runs/local_var_topk_001/ours_s3.json --curve_out /home/zhujjing/MOE-grad-conflict-routing/runs/paper_suite/single_gpu/single_task/roberta_mrpc_ffn_e4_k2/hpo/ours/trial_runs/local_var_topk_001/ours_s3_curve.csv
Using the latest cached version of the dataset since glue couldn't be found on the Hugging Face Hub (offline mode is enabled).
Found the latest cached dataset configuration 'mrpc' at /home/zhujjing/hf_cache/datasets/glue/mrpc/0.0.0/bcdcba79d07bc864c1c254ccfcedcce55bcc9a8c (last modified on Thu Mar 19 15:01:06 2026).
/home/zhujjing/anaconda3/envs/moe/lib/python3.10/site-packages/transformers/utils/hub.py:124: FutureWarning: Using `TRANSFORMERS_CACHE` is deprecated and will be removed in v5 of Transformers. Use `HF_HOME` instead.
  warnings.warn(
Some weights of RobertaModel were not initialized from the model checkpoint at roberta-base and are newly initialized: ['roberta.pooler.dense.bias', 'roberta.pooler.dense.weight']
You should probably TRAIN this model on a down-stream task to be able to use it for predictions and inference.
[step 0001/150] method=ours loss=0.6835 train_acc=nan train_loss=nan val_acc=nan val_loss=nan best=-1.0000
[step 0010/150] method=ours loss=0.7117 train_acc=nan train_loss=nan val_acc=nan val_loss=nan best=-1.0000
[step 0020/150] method=ours loss=0.6602 train_acc=nan train_loss=nan val_acc=nan val_loss=nan best=-1.0000
[step 0030/150] method=ours loss=0.5534 train_acc=nan train_loss=nan val_acc=nan val_loss=nan best=-1.0000
[step 0040/150] method=ours loss=0.6663 train_acc=nan train_loss=nan val_acc=nan val_loss=nan best=-1.0000
[step 0050/150] method=ours loss=0.4285 train_acc=0.7252 train_loss=0.5613 val_acc=0.7059 val_loss=0.5556 router_H=0.3265 best=0.7059
           router_load=[0.0, 0.12107731401920319, 0.019284196197986603, 0.8596385717391968]
[step 0060/150] method=ours loss=0.5285 train_acc=0.7252 train_loss=0.5613 val_acc=0.7059 val_loss=0.5556 router_H=0.3265 best=0.7059
           router_load=[0.0, 0.12107731401920319, 0.019284196197986603, 0.8596385717391968]
[step 0070/150] method=ours loss=0.4429 train_acc=0.7252 train_loss=0.5613 val_acc=0.7059 val_loss=0.5556 router_H=0.3265 best=0.7059
           router_load=[0.0, 0.12107731401920319, 0.019284196197986603, 0.8596385717391968]
[step 0080/150] method=ours loss=0.5289 train_acc=0.7252 train_loss=0.5613 val_acc=0.7059 val_loss=0.5556 router_H=0.3265 best=0.7059
           router_load=[0.0, 0.12107731401920319, 0.019284196197986603, 0.8596385717391968]
[step 0090/150] method=ours loss=0.5890 train_acc=0.7252 train_loss=0.5613 val_acc=0.7059 val_loss=0.5556 router_H=0.3265 best=0.7059
           router_load=[0.0, 0.12107731401920319, 0.019284196197986603, 0.8596385717391968]
[step 0100/150] method=ours loss=0.5116 train_acc=0.8484 train_loss=0.3616 val_acc=0.8627 val_loss=0.3301 router_H=0.4056 best=0.8627
           router_load=[0.0011136948596686125, 0.2259494960308075, 0.12592929601669312, 0.6470075249671936]
[step 0110/150] method=ours loss=0.4829 train_acc=0.8484 train_loss=0.3616 val_acc=0.8627 val_loss=0.3301 router_H=0.4056 best=0.8627
           router_load=[0.0011136948596686125, 0.2259494960308075, 0.12592929601669312, 0.6470075249671936]
[step 0120/150] method=ours loss=0.5716 train_acc=0.8484 train_loss=0.3616 val_acc=0.8627 val_loss=0.3301 router_H=0.4056 best=0.8627
           router_load=[0.0011136948596686125, 0.2259494960308075, 0.12592929601669312, 0.6470075249671936]
[step 0130/150] method=ours loss=0.3801 train_acc=0.8484 train_loss=0.3616 val_acc=0.8627 val_loss=0.3301 router_H=0.4056 best=0.8627
           router_load=[0.0011136948596686125, 0.2259494960308075, 0.12592929601669312, 0.6470075249671936]
[step 0140/150] method=ours loss=0.4133 train_acc=0.8484 train_loss=0.3616 val_acc=0.8627 val_loss=0.3301 router_H=0.4056 best=0.8627
           router_load=[0.0011136948596686125, 0.2259494960308075, 0.12592929601669312, 0.6470075249671936]
[step 0150/150] method=ours loss=0.4784 train_acc=0.8555 train_loss=0.3506 val_acc=0.8848 val_loss=0.3386 router_H=0.3580 best=0.8848
           router_load=[0.0, 0.17027634382247925, 0.06505144387483597, 0.7646722793579102]
saved summary -> /home/zhujjing/MOE-grad-conflict-routing/runs/paper_suite/single_gpu/single_task/roberta_mrpc_ffn_e4_k2/hpo/ours/trial_runs/local_var_topk_001/ours_s3.json
saved curve -> /home/zhujjing/MOE-grad-conflict-routing/runs/paper_suite/single_gpu/single_task/roberta_mrpc_ffn_e4_k2/hpo/ours/trial_runs/local_var_topk_001/ours_s3_curve.csv
