[run] method=ours candidate=local_var_topk_003 seed=3 steps=150 gpu=0
[run] cmd=
/home/zhujjing/anaconda3/envs/moe/bin/python /home/zhujjing/MOE-grad-conflict-routing/scripts/run.py --config configs/singletask_mrpc_real.yaml --set model.backbone_backend=hf --set model.hf_load_pretrained=true --set model.backbone=roberta --set model.hf_pretrained_name=roberta-base --set model.expert_type=ffn --set model.routing_mode=topk --set model.num_experts=4 --set model.top_k=2 --set seed=3 --set method.name=ours --set train.steps=150 --set train.eval_every_steps=50 --set method.ours.use_load_norm=true --set method.ours.lambda_align=0.005047737318 --set train.grad_clip=0.5874671569 --set train.lr=2.1166733e-05 --set train.weight_decay=0.02576137036 --out /home/zhujjing/MOE-grad-conflict-routing/runs/paper_suite/single_gpu/single_task/roberta_mrpc_ffn_e4_k2/hpo/ours/trial_runs/local_var_topk_003/ours_s3.json --curve_out /home/zhujjing/MOE-grad-conflict-routing/runs/paper_suite/single_gpu/single_task/roberta_mrpc_ffn_e4_k2/hpo/ours/trial_runs/local_var_topk_003/ours_s3_curve.csv
Using the latest cached version of the dataset since glue couldn't be found on the Hugging Face Hub (offline mode is enabled).
Found the latest cached dataset configuration 'mrpc' at /home/zhujjing/hf_cache/datasets/glue/mrpc/0.0.0/bcdcba79d07bc864c1c254ccfcedcce55bcc9a8c (last modified on Thu Mar 19 15:01:06 2026).
/home/zhujjing/anaconda3/envs/moe/lib/python3.10/site-packages/transformers/utils/hub.py:124: FutureWarning: Using `TRANSFORMERS_CACHE` is deprecated and will be removed in v5 of Transformers. Use `HF_HOME` instead.
  warnings.warn(
Some weights of RobertaModel were not initialized from the model checkpoint at roberta-base and are newly initialized: ['roberta.pooler.dense.bias', 'roberta.pooler.dense.weight']
You should probably TRAIN this model on a down-stream task to be able to use it for predictions and inference.
[step 0001/150] method=ours loss=0.6858 train_acc=nan train_loss=nan val_acc=nan val_loss=nan best=-1.0000
[step 0010/150] method=ours loss=0.7024 train_acc=nan train_loss=nan val_acc=nan val_loss=nan best=-1.0000
[step 0020/150] method=ours loss=0.6823 train_acc=nan train_loss=nan val_acc=nan val_loss=nan best=-1.0000
[step 0030/150] method=ours loss=0.5516 train_acc=nan train_loss=nan val_acc=nan val_loss=nan best=-1.0000
[step 0040/150] method=ours loss=0.6017 train_acc=nan train_loss=nan val_acc=nan val_loss=nan best=-1.0000
[step 0050/150] method=ours loss=0.4917 train_acc=0.7500 train_loss=0.5088 val_acc=0.7598 val_loss=0.4944 router_H=0.3825 best=0.7598
           router_load=[0.055285364389419556, 0.8294539451599121, 0.0, 0.11526067554950714]
[step 0060/150] method=ours loss=0.4972 train_acc=0.7500 train_loss=0.5088 val_acc=0.7598 val_loss=0.4944 router_H=0.3825 best=0.7598
           router_load=[0.055285364389419556, 0.8294539451599121, 0.0, 0.11526067554950714]
[step 0070/150] method=ours loss=0.5741 train_acc=0.7500 train_loss=0.5088 val_acc=0.7598 val_loss=0.4944 router_H=0.3825 best=0.7598
           router_load=[0.055285364389419556, 0.8294539451599121, 0.0, 0.11526067554950714]
[step 0080/150] method=ours loss=0.5705 train_acc=0.7500 train_loss=0.5088 val_acc=0.7598 val_loss=0.4944 router_H=0.3825 best=0.7598
           router_load=[0.055285364389419556, 0.8294539451599121, 0.0, 0.11526067554950714]
[step 0090/150] method=ours loss=0.5933 train_acc=0.7500 train_loss=0.5088 val_acc=0.7598 val_loss=0.4944 router_H=0.3825 best=0.7598
           router_load=[0.055285364389419556, 0.8294539451599121, 0.0, 0.11526067554950714]
[step 0100/150] method=ours loss=0.6071 train_acc=0.8209 train_loss=0.4044 val_acc=0.8235 val_loss=0.3965 router_H=0.4224 best=0.8235
           router_load=[0.0, 0.7606391310691833, 0.001357703236863017, 0.23800314962863922]
[step 0110/150] method=ours loss=0.4635 train_acc=0.8209 train_loss=0.4044 val_acc=0.8235 val_loss=0.3965 router_H=0.4224 best=0.8235
           router_load=[0.0, 0.7606391310691833, 0.001357703236863017, 0.23800314962863922]
[step 0120/150] method=ours loss=0.3131 train_acc=0.8209 train_loss=0.4044 val_acc=0.8235 val_loss=0.3965 router_H=0.4224 best=0.8235
           router_load=[0.0, 0.7606391310691833, 0.001357703236863017, 0.23800314962863922]
[step 0130/150] method=ours loss=0.2923 train_acc=0.8209 train_loss=0.4044 val_acc=0.8235 val_loss=0.3965 router_H=0.4224 best=0.8235
           router_load=[0.0, 0.7606391310691833, 0.001357703236863017, 0.23800314962863922]
[step 0140/150] method=ours loss=0.4247 train_acc=0.8209 train_loss=0.4044 val_acc=0.8235 val_loss=0.3965 router_H=0.4224 best=0.8235
           router_load=[0.0, 0.7606391310691833, 0.001357703236863017, 0.23800314962863922]
[step 0150/150] method=ours loss=0.5771 train_acc=0.8427 train_loss=0.3800 val_acc=0.8309 val_loss=0.3942 router_H=0.3088 best=0.8309
           router_load=[0.002665056614205241, 0.8581562638282776, 5.120001151226461e-05, 0.13912779092788696]
saved summary -> /home/zhujjing/MOE-grad-conflict-routing/runs/paper_suite/single_gpu/single_task/roberta_mrpc_ffn_e4_k2/hpo/ours/trial_runs/local_var_topk_003/ours_s3.json
saved curve -> /home/zhujjing/MOE-grad-conflict-routing/runs/paper_suite/single_gpu/single_task/roberta_mrpc_ffn_e4_k2/hpo/ours/trial_runs/local_var_topk_003/ours_s3_curve.csv
