[run] method=ours candidate=local_var_topk_023 seed=3 steps=150 gpu=0
[run] cmd=
/home/zhujjing/anaconda3/envs/moe/bin/python /home/zhujjing/MOE-grad-conflict-routing/scripts/run.py --config configs/singletask_mrpc_real.yaml --set model.backbone_backend=hf --set model.hf_load_pretrained=true --set model.backbone=roberta --set model.hf_pretrained_name=roberta-base --set model.expert_type=ffn --set model.routing_mode=topk --set model.num_experts=4 --set model.top_k=2 --set seed=3 --set method.name=ours --set train.steps=150 --set train.eval_every_steps=50 --set method.ours.use_load_norm=true --set method.ours.lambda_align=0.005047737318 --set train.grad_clip=1.187467157 --set train.lr=8.4666933e-05 --set train.weight_decay=0.02576137036 --out /home/zhujjing/MOE-grad-conflict-routing/runs/paper_suite/single_gpu/single_task/roberta_mrpc_ffn_e4_k2/hpo/ours/trial_runs/local_var_topk_023/ours_s3.json --curve_out /home/zhujjing/MOE-grad-conflict-routing/runs/paper_suite/single_gpu/single_task/roberta_mrpc_ffn_e4_k2/hpo/ours/trial_runs/local_var_topk_023/ours_s3_curve.csv
Using the latest cached version of the dataset since glue couldn't be found on the Hugging Face Hub (offline mode is enabled).
Found the latest cached dataset configuration 'mrpc' at /home/zhujjing/hf_cache/datasets/glue/mrpc/0.0.0/bcdcba79d07bc864c1c254ccfcedcce55bcc9a8c (last modified on Thu Mar 19 15:01:06 2026).
/home/zhujjing/anaconda3/envs/moe/lib/python3.10/site-packages/transformers/utils/hub.py:124: FutureWarning: Using `TRANSFORMERS_CACHE` is deprecated and will be removed in v5 of Transformers. Use `HF_HOME` instead.
  warnings.warn(
Some weights of RobertaModel were not initialized from the model checkpoint at roberta-base and are newly initialized: ['roberta.pooler.dense.bias', 'roberta.pooler.dense.weight']
You should probably TRAIN this model on a down-stream task to be able to use it for predictions and inference.
[step 0001/150] method=ours loss=0.6894 train_acc=nan train_loss=nan val_acc=nan val_loss=nan best=-1.0000
[step 0010/150] method=ours loss=0.6708 train_acc=nan train_loss=nan val_acc=nan val_loss=nan best=-1.0000
[step 0020/150] method=ours loss=0.6070 train_acc=nan train_loss=nan val_acc=nan val_loss=nan best=-1.0000
[step 0030/150] method=ours loss=0.5452 train_acc=nan train_loss=nan val_acc=nan val_loss=nan best=-1.0000
[step 0040/150] method=ours loss=0.7335 train_acc=nan train_loss=nan val_acc=nan val_loss=nan best=-1.0000
[step 0050/150] method=ours loss=0.5058 train_acc=0.6745 train_loss=0.5841 val_acc=0.6838 val_loss=0.5876 router_H=0.4836 best=0.6838
           router_load=[0.0003538437304086983, 0.001027094665914774, 0.8066245913505554, 0.1919943243265152]
[step 0060/150] method=ours loss=0.6231 train_acc=0.6745 train_loss=0.5841 val_acc=0.6838 val_loss=0.5876 router_H=0.4836 best=0.6838
           router_load=[0.0003538437304086983, 0.001027094665914774, 0.8066245913505554, 0.1919943243265152]
[step 0070/150] method=ours loss=0.5308 train_acc=0.6745 train_loss=0.5841 val_acc=0.6838 val_loss=0.5876 router_H=0.4836 best=0.6838
           router_load=[0.0003538437304086983, 0.001027094665914774, 0.8066245913505554, 0.1919943243265152]
[step 0080/150] method=ours loss=0.6564 train_acc=0.6745 train_loss=0.5841 val_acc=0.6838 val_loss=0.5876 router_H=0.4836 best=0.6838
           router_load=[0.0003538437304086983, 0.001027094665914774, 0.8066245913505554, 0.1919943243265152]
[step 0090/150] method=ours loss=0.7394 train_acc=0.6745 train_loss=0.5841 val_acc=0.6838 val_loss=0.5876 router_H=0.4836 best=0.6838
           router_load=[0.0003538437304086983, 0.001027094665914774, 0.8066245913505554, 0.1919943243265152]
[step 0100/150] method=ours loss=0.4514 train_acc=0.7906 train_loss=0.4375 val_acc=0.7451 val_loss=0.4842 router_H=0.4485 best=0.7451
           router_load=[0.001843669218942523, 0.0, 0.797579824924469, 0.2005765587091446]
[step 0110/150] method=ours loss=0.5373 train_acc=0.7906 train_loss=0.4375 val_acc=0.7451 val_loss=0.4842 router_H=0.4485 best=0.7451
           router_load=[0.001843669218942523, 0.0, 0.797579824924469, 0.2005765587091446]
[step 0120/150] method=ours loss=0.6840 train_acc=0.7906 train_loss=0.4375 val_acc=0.7451 val_loss=0.4842 router_H=0.4485 best=0.7451
           router_load=[0.001843669218942523, 0.0, 0.797579824924469, 0.2005765587091446]
[step 0130/150] method=ours loss=0.6798 train_acc=0.7906 train_loss=0.4375 val_acc=0.7451 val_loss=0.4842 router_H=0.4485 best=0.7451
           router_load=[0.001843669218942523, 0.0, 0.797579824924469, 0.2005765587091446]
[step 0140/150] method=ours loss=0.5271 train_acc=0.7906 train_loss=0.4375 val_acc=0.7451 val_loss=0.4842 router_H=0.4485 best=0.7451
           router_load=[0.001843669218942523, 0.0, 0.797579824924469, 0.2005765587091446]
[step 0150/150] method=ours loss=0.4455 train_acc=0.7920 train_loss=0.4210 val_acc=0.7892 val_loss=0.4450 router_H=0.5510 best=0.7892
           router_load=[0.0, 0.0, 0.7203031778335571, 0.27969685196876526]
saved summary -> /home/zhujjing/MOE-grad-conflict-routing/runs/paper_suite/single_gpu/single_task/roberta_mrpc_ffn_e4_k2/hpo/ours/trial_runs/local_var_topk_023/ours_s3.json
saved curve -> /home/zhujjing/MOE-grad-conflict-routing/runs/paper_suite/single_gpu/single_task/roberta_mrpc_ffn_e4_k2/hpo/ours/trial_runs/local_var_topk_023/ours_s3_curve.csv
