[run] method=ours candidate=local_var_topk_005 seed=2 steps=150 gpu=0
[run] cmd=
/home/zhujjing/anaconda3/envs/moe/bin/python /home/zhujjing/MOE-grad-conflict-routing/scripts/run.py --config configs/singletask_mrpc_real.yaml --set model.backbone_backend=hf --set model.hf_load_pretrained=true --set model.backbone=roberta --set model.hf_pretrained_name=roberta-base --set model.expert_type=ffn --set model.routing_mode=topk --set model.num_experts=4 --set model.top_k=2 --set seed=2 --set method.name=ours --set train.steps=150 --set train.eval_every_steps=50 --set method.ours.use_load_norm=true --set method.ours.lambda_align=0.005047737318 --set train.grad_clip=1.187467157 --set train.lr=2.1166733e-05 --set train.weight_decay=0.02576137036 --out /home/zhujjing/MOE-grad-conflict-routing/runs/paper_suite/single_gpu/single_task/roberta_mrpc_ffn_e4_k2/hpo/ours/trial_runs/local_var_topk_005/ours_s2.json --curve_out /home/zhujjing/MOE-grad-conflict-routing/runs/paper_suite/single_gpu/single_task/roberta_mrpc_ffn_e4_k2/hpo/ours/trial_runs/local_var_topk_005/ours_s2_curve.csv
Using the latest cached version of the dataset since glue couldn't be found on the Hugging Face Hub (offline mode is enabled).
Found the latest cached dataset configuration 'mrpc' at /home/zhujjing/hf_cache/datasets/glue/mrpc/0.0.0/bcdcba79d07bc864c1c254ccfcedcce55bcc9a8c (last modified on Thu Mar 19 15:01:06 2026).
/home/zhujjing/anaconda3/envs/moe/lib/python3.10/site-packages/transformers/utils/hub.py:124: FutureWarning: Using `TRANSFORMERS_CACHE` is deprecated and will be removed in v5 of Transformers. Use `HF_HOME` instead.
  warnings.warn(
Some weights of RobertaModel were not initialized from the model checkpoint at roberta-base and are newly initialized: ['roberta.pooler.dense.bias', 'roberta.pooler.dense.weight']
You should probably TRAIN this model on a down-stream task to be able to use it for predictions and inference.
[step 0001/150] method=ours loss=0.7083 train_acc=nan train_loss=nan val_acc=nan val_loss=nan best=-1.0000
[step 0010/150] method=ours loss=0.6465 train_acc=nan train_loss=nan val_acc=nan val_loss=nan best=-1.0000
[step 0020/150] method=ours loss=0.6765 train_acc=nan train_loss=nan val_acc=nan val_loss=nan best=-1.0000
[step 0030/150] method=ours loss=0.7403 train_acc=nan train_loss=nan val_acc=nan val_loss=nan best=-1.0000
[step 0040/150] method=ours loss=0.6142 train_acc=nan train_loss=nan val_acc=nan val_loss=nan best=-1.0000
[step 0050/150] method=ours loss=0.4847 train_acc=0.7058 train_loss=0.5325 val_acc=0.7181 val_loss=0.5280 router_H=0.5442 best=0.7181
           router_load=[0.0, 0.25245556235313416, 0.7458075881004333, 0.0017368500120937824]
[step 0060/150] method=ours loss=0.6099 train_acc=0.7058 train_loss=0.5325 val_acc=0.7181 val_loss=0.5280 router_H=0.5442 best=0.7181
           router_load=[0.0, 0.25245556235313416, 0.7458075881004333, 0.0017368500120937824]
[step 0070/150] method=ours loss=0.3772 train_acc=0.7058 train_loss=0.5325 val_acc=0.7181 val_loss=0.5280 router_H=0.5442 best=0.7181
           router_load=[0.0, 0.25245556235313416, 0.7458075881004333, 0.0017368500120937824]
[step 0080/150] method=ours loss=0.4492 train_acc=0.7058 train_loss=0.5325 val_acc=0.7181 val_loss=0.5280 router_H=0.5442 best=0.7181
           router_load=[0.0, 0.25245556235313416, 0.7458075881004333, 0.0017368500120937824]
[step 0090/150] method=ours loss=0.3777 train_acc=0.7058 train_loss=0.5325 val_acc=0.7181 val_loss=0.5280 router_H=0.5442 best=0.7181
           router_load=[0.0, 0.25245556235313416, 0.7458075881004333, 0.0017368500120937824]
[step 0100/150] method=ours loss=0.4557 train_acc=0.8293 train_loss=0.3985 val_acc=0.8211 val_loss=0.4002 router_H=0.4514 best=0.8211
           router_load=[0.004617149010300636, 0.15740983188152313, 0.7945119738578796, 0.04346102848649025]
[step 0110/150] method=ours loss=0.6715 train_acc=0.8293 train_loss=0.3985 val_acc=0.8211 val_loss=0.4002 router_H=0.4514 best=0.8211
           router_load=[0.004617149010300636, 0.15740983188152313, 0.7945119738578796, 0.04346102848649025]
[step 0120/150] method=ours loss=0.2879 train_acc=0.8293 train_loss=0.3985 val_acc=0.8211 val_loss=0.4002 router_H=0.4514 best=0.8211
           router_load=[0.004617149010300636, 0.15740983188152313, 0.7945119738578796, 0.04346102848649025]
[step 0130/150] method=ours loss=0.5821 train_acc=0.8293 train_loss=0.3985 val_acc=0.8211 val_loss=0.4002 router_H=0.4514 best=0.8211
           router_load=[0.004617149010300636, 0.15740983188152313, 0.7945119738578796, 0.04346102848649025]
[step 0140/150] method=ours loss=0.2654 train_acc=0.8293 train_loss=0.3985 val_acc=0.8211 val_loss=0.4002 router_H=0.4514 best=0.8211
           router_load=[0.004617149010300636, 0.15740983188152313, 0.7945119738578796, 0.04346102848649025]
[step 0150/150] method=ours loss=0.6373 train_acc=0.8751 train_loss=0.3128 val_acc=0.8603 val_loss=0.3315 router_H=0.3857 best=0.8603
           router_load=[0.022749323397874832, 0.12251882255077362, 0.8442884087562561, 0.010443407110869884]
saved summary -> /home/zhujjing/MOE-grad-conflict-routing/runs/paper_suite/single_gpu/single_task/roberta_mrpc_ffn_e4_k2/hpo/ours/trial_runs/local_var_topk_005/ours_s2.json
saved curve -> /home/zhujjing/MOE-grad-conflict-routing/runs/paper_suite/single_gpu/single_task/roberta_mrpc_ffn_e4_k2/hpo/ours/trial_runs/local_var_topk_005/ours_s2_curve.csv
