[run] method=ours candidate=local_var_topk_011 seed=2 steps=150 gpu=0
[run] cmd=
/home/zhujjing/anaconda3/envs/moe/bin/python /home/zhujjing/MOE-grad-conflict-routing/scripts/run.py --config configs/singletask_mrpc_real.yaml --set model.backbone_backend=hf --set model.hf_load_pretrained=true --set model.backbone=roberta --set model.hf_pretrained_name=roberta-base --set model.expert_type=ffn --set model.routing_mode=topk --set model.num_experts=4 --set model.top_k=2 --set seed=2 --set method.name=ours --set train.steps=150 --set train.eval_every_steps=50 --set method.ours.use_load_norm=true --set method.ours.lambda_align=0.005047737318 --set train.grad_clip=1.187467157 --set train.lr=4.2333466e-05 --set train.weight_decay=0.01576137036 --out /home/zhujjing/MOE-grad-conflict-routing/runs/paper_suite/single_gpu/single_task/roberta_mrpc_ffn_e4_k2/hpo/ours/trial_runs/local_var_topk_011/ours_s2.json --curve_out /home/zhujjing/MOE-grad-conflict-routing/runs/paper_suite/single_gpu/single_task/roberta_mrpc_ffn_e4_k2/hpo/ours/trial_runs/local_var_topk_011/ours_s2_curve.csv
Using the latest cached version of the dataset since glue couldn't be found on the Hugging Face Hub (offline mode is enabled).
Found the latest cached dataset configuration 'mrpc' at /home/zhujjing/hf_cache/datasets/glue/mrpc/0.0.0/bcdcba79d07bc864c1c254ccfcedcce55bcc9a8c (last modified on Thu Mar 19 15:01:06 2026).
/home/zhujjing/anaconda3/envs/moe/lib/python3.10/site-packages/transformers/utils/hub.py:124: FutureWarning: Using `TRANSFORMERS_CACHE` is deprecated and will be removed in v5 of Transformers. Use `HF_HOME` instead.
  warnings.warn(
Some weights of RobertaModel were not initialized from the model checkpoint at roberta-base and are newly initialized: ['roberta.pooler.dense.bias', 'roberta.pooler.dense.weight']
You should probably TRAIN this model on a down-stream task to be able to use it for predictions and inference.
[step 0001/150] method=ours loss=0.6854 train_acc=nan train_loss=nan val_acc=nan val_loss=nan best=-1.0000
[step 0010/150] method=ours loss=0.6789 train_acc=nan train_loss=nan val_acc=nan val_loss=nan best=-1.0000
[step 0020/150] method=ours loss=0.5952 train_acc=nan train_loss=nan val_acc=nan val_loss=nan best=-1.0000
[step 0030/150] method=ours loss=0.5920 train_acc=nan train_loss=nan val_acc=nan val_loss=nan best=-1.0000
[step 0040/150] method=ours loss=0.5447 train_acc=nan train_loss=nan val_acc=nan val_loss=nan best=-1.0000
[step 0050/150] method=ours loss=0.5160 train_acc=0.7625 train_loss=0.4939 val_acc=0.7647 val_loss=0.4866 router_H=0.4558 best=0.7647
           router_load=[0.0, 0.0733298808336258, 0.8024665117263794, 0.12420358508825302]
[step 0060/150] method=ours loss=0.5195 train_acc=0.7625 train_loss=0.4939 val_acc=0.7647 val_loss=0.4866 router_H=0.4558 best=0.7647
           router_load=[0.0, 0.0733298808336258, 0.8024665117263794, 0.12420358508825302]
[step 0070/150] method=ours loss=0.3037 train_acc=0.7625 train_loss=0.4939 val_acc=0.7647 val_loss=0.4866 router_H=0.4558 best=0.7647
           router_load=[0.0, 0.0733298808336258, 0.8024665117263794, 0.12420358508825302]
[step 0080/150] method=ours loss=0.3841 train_acc=0.7625 train_loss=0.4939 val_acc=0.7647 val_loss=0.4866 router_H=0.4558 best=0.7647
           router_load=[0.0, 0.0733298808336258, 0.8024665117263794, 0.12420358508825302]
[step 0090/150] method=ours loss=0.3689 train_acc=0.7625 train_loss=0.4939 val_acc=0.7647 val_loss=0.4866 router_H=0.4558 best=0.7647
           router_load=[0.0, 0.0733298808336258, 0.8024665117263794, 0.12420358508825302]
[step 0100/150] method=ours loss=0.4720 train_acc=0.7906 train_loss=0.4445 val_acc=0.7966 val_loss=0.4489 router_H=0.5217 best=0.7966
           router_load=[0.06353708356618881, 0.21407127380371094, 0.7185394167900085, 0.0038522500544786453]
[step 0110/150] method=ours loss=0.7660 train_acc=0.7906 train_loss=0.4445 val_acc=0.7966 val_loss=0.4489 router_H=0.5217 best=0.7966
           router_load=[0.06353708356618881, 0.21407127380371094, 0.7185394167900085, 0.0038522500544786453]
[step 0120/150] method=ours loss=0.2781 train_acc=0.7906 train_loss=0.4445 val_acc=0.7966 val_loss=0.4489 router_H=0.5217 best=0.7966
           router_load=[0.06353708356618881, 0.21407127380371094, 0.7185394167900085, 0.0038522500544786453]
[step 0130/150] method=ours loss=0.5290 train_acc=0.7906 train_loss=0.4445 val_acc=0.7966 val_loss=0.4489 router_H=0.5217 best=0.7966
           router_load=[0.06353708356618881, 0.21407127380371094, 0.7185394167900085, 0.0038522500544786453]
[step 0140/150] method=ours loss=0.3191 train_acc=0.7906 train_loss=0.4445 val_acc=0.7966 val_loss=0.4489 router_H=0.5217 best=0.7966
           router_load=[0.06353708356618881, 0.21407127380371094, 0.7185394167900085, 0.0038522500544786453]
[step 0150/150] method=ours loss=0.9722 train_acc=0.8550 train_loss=0.4069 val_acc=0.8456 val_loss=0.4530 router_H=0.2976 best=0.8456
           router_load=[0.005356202367693186, 0.13134145736694336, 0.8576921820640564, 0.005610158666968346]
saved summary -> /home/zhujjing/MOE-grad-conflict-routing/runs/paper_suite/single_gpu/single_task/roberta_mrpc_ffn_e4_k2/hpo/ours/trial_runs/local_var_topk_011/ours_s2.json
saved curve -> /home/zhujjing/MOE-grad-conflict-routing/runs/paper_suite/single_gpu/single_task/roberta_mrpc_ffn_e4_k2/hpo/ours/trial_runs/local_var_topk_011/ours_s2_curve.csv
