[run] method=ours candidate=local_var_topk_020 seed=3 steps=150 gpu=0
[run] cmd=
/home/zhujjing/anaconda3/envs/moe/bin/python /home/zhujjing/MOE-grad-conflict-routing/scripts/run.py --config configs/singletask_mrpc_real.yaml --set model.backbone_backend=hf --set model.hf_load_pretrained=true --set model.backbone=roberta --set model.hf_pretrained_name=roberta-base --set model.expert_type=ffn --set model.routing_mode=topk --set model.num_experts=4 --set model.top_k=2 --set seed=3 --set method.name=ours --set train.steps=150 --set train.eval_every_steps=50 --set method.ours.use_load_norm=true --set method.ours.lambda_align=0.005047737318 --set train.grad_clip=1.187467157 --set train.lr=8.4666933e-05 --set train.weight_decay=0.01576137036 --out /home/zhujjing/MOE-grad-conflict-routing/runs/paper_suite/single_gpu/single_task/roberta_mrpc_ffn_e4_k2/hpo/ours/trial_runs/local_var_topk_020/ours_s3.json --curve_out /home/zhujjing/MOE-grad-conflict-routing/runs/paper_suite/single_gpu/single_task/roberta_mrpc_ffn_e4_k2/hpo/ours/trial_runs/local_var_topk_020/ours_s3_curve.csv
Using the latest cached version of the dataset since glue couldn't be found on the Hugging Face Hub (offline mode is enabled).
Found the latest cached dataset configuration 'mrpc' at /home/zhujjing/hf_cache/datasets/glue/mrpc/0.0.0/bcdcba79d07bc864c1c254ccfcedcce55bcc9a8c (last modified on Thu Mar 19 15:01:06 2026).
/home/zhujjing/anaconda3/envs/moe/lib/python3.10/site-packages/transformers/utils/hub.py:124: FutureWarning: Using `TRANSFORMERS_CACHE` is deprecated and will be removed in v5 of Transformers. Use `HF_HOME` instead.
  warnings.warn(
Some weights of RobertaModel were not initialized from the model checkpoint at roberta-base and are newly initialized: ['roberta.pooler.dense.bias', 'roberta.pooler.dense.weight']
You should probably TRAIN this model on a down-stream task to be able to use it for predictions and inference.
[step 0001/150] method=ours loss=0.6892 train_acc=nan train_loss=nan val_acc=nan val_loss=nan best=-1.0000
[step 0010/150] method=ours loss=0.6489 train_acc=nan train_loss=nan val_acc=nan val_loss=nan best=-1.0000
[step 0020/150] method=ours loss=0.6002 train_acc=nan train_loss=nan val_acc=nan val_loss=nan best=-1.0000
[step 0030/150] method=ours loss=0.5670 train_acc=nan train_loss=nan val_acc=nan val_loss=nan best=-1.0000
[step 0040/150] method=ours loss=0.8001 train_acc=nan train_loss=nan val_acc=nan val_loss=nan best=-1.0000
[step 0050/150] method=ours loss=0.6018 train_acc=0.7195 train_loss=0.5332 val_acc=0.7377 val_loss=0.5246 router_H=0.6477 best=0.7377
           router_load=[0.007294172886759043, 0.34737280011177063, 0.10952725261449814, 0.5358058214187622]
[step 0060/150] method=ours loss=0.5918 train_acc=0.7195 train_loss=0.5332 val_acc=0.7377 val_loss=0.5246 router_H=0.6477 best=0.7377
           router_load=[0.007294172886759043, 0.34737280011177063, 0.10952725261449814, 0.5358058214187622]
[step 0070/150] method=ours loss=0.6814 train_acc=0.7195 train_loss=0.5332 val_acc=0.7377 val_loss=0.5246 router_H=0.6477 best=0.7377
           router_load=[0.007294172886759043, 0.34737280011177063, 0.10952725261449814, 0.5358058214187622]
[step 0080/150] method=ours loss=0.6463 train_acc=0.7195 train_loss=0.5332 val_acc=0.7377 val_loss=0.5246 router_H=0.6477 best=0.7377
           router_load=[0.007294172886759043, 0.34737280011177063, 0.10952725261449814, 0.5358058214187622]
[step 0090/150] method=ours loss=0.7055 train_acc=0.7195 train_loss=0.5332 val_acc=0.7377 val_loss=0.5246 router_H=0.6477 best=0.7377
           router_load=[0.007294172886759043, 0.34737280011177063, 0.10952725261449814, 0.5358058214187622]
[step 0100/150] method=ours loss=0.6694 train_acc=0.6745 train_loss=0.6407 val_acc=0.6838 val_loss=0.6378 router_H=0.6927 best=0.7377
           router_load=[0.0, 0.48507416248321533, 0.5149258375167847, 0.0]
[step 0110/150] method=ours loss=0.7303 train_acc=0.6745 train_loss=0.6407 val_acc=0.6838 val_loss=0.6378 router_H=0.6927 best=0.7377
           router_load=[0.0, 0.48507416248321533, 0.5149258375167847, 0.0]
[step 0120/150] method=ours loss=0.7032 train_acc=0.6745 train_loss=0.6407 val_acc=0.6838 val_loss=0.6378 router_H=0.6927 best=0.7377
           router_load=[0.0, 0.48507416248321533, 0.5149258375167847, 0.0]
[step 0130/150] method=ours loss=0.6197 train_acc=0.6745 train_loss=0.6407 val_acc=0.6838 val_loss=0.6378 router_H=0.6927 best=0.7377
           router_load=[0.0, 0.48507416248321533, 0.5149258375167847, 0.0]
[step 0140/150] method=ours loss=0.5801 train_acc=0.6745 train_loss=0.6407 val_acc=0.6838 val_loss=0.6378 router_H=0.6927 best=0.7377
           router_load=[0.0, 0.48507416248321533, 0.5149258375167847, 0.0]
[step 0150/150] method=ours loss=0.6304 train_acc=0.6848 train_loss=0.5887 val_acc=0.6912 val_loss=0.5913 router_H=0.6876 best=0.7377
           router_load=[0.0, 0.4484008848667145, 0.0, 0.5515991449356079]
saved summary -> /home/zhujjing/MOE-grad-conflict-routing/runs/paper_suite/single_gpu/single_task/roberta_mrpc_ffn_e4_k2/hpo/ours/trial_runs/local_var_topk_020/ours_s3.json
saved curve -> /home/zhujjing/MOE-grad-conflict-routing/runs/paper_suite/single_gpu/single_task/roberta_mrpc_ffn_e4_k2/hpo/ours/trial_runs/local_var_topk_020/ours_s3_curve.csv
