[run] method=ours candidate=local_var_topk_007 seed=3 steps=150 gpu=0
[run] cmd=
/home/zhujjing/anaconda3/envs/moe/bin/python /home/zhujjing/MOE-grad-conflict-routing/scripts/run.py --config configs/singletask_mrpc_real.yaml --set model.backbone_backend=hf --set model.hf_load_pretrained=true --set model.backbone=roberta --set model.hf_pretrained_name=roberta-base --set model.expert_type=ffn --set model.routing_mode=topk --set model.num_experts=4 --set model.top_k=2 --set seed=3 --set method.name=ours --set train.steps=150 --set train.eval_every_steps=50 --set method.ours.use_load_norm=true --set method.ours.lambda_align=0.005047737318 --set train.grad_clip=0.8874671569 --set train.lr=2.1166733e-05 --set train.weight_decay=0.03576137036 --out /home/zhujjing/MOE-grad-conflict-routing/runs/paper_suite/single_gpu/single_task/roberta_mrpc_ffn_e4_k2/hpo/ours/trial_runs/local_var_topk_007/ours_s3.json --curve_out /home/zhujjing/MOE-grad-conflict-routing/runs/paper_suite/single_gpu/single_task/roberta_mrpc_ffn_e4_k2/hpo/ours/trial_runs/local_var_topk_007/ours_s3_curve.csv
Using the latest cached version of the dataset since glue couldn't be found on the Hugging Face Hub (offline mode is enabled).
Found the latest cached dataset configuration 'mrpc' at /home/zhujjing/hf_cache/datasets/glue/mrpc/0.0.0/bcdcba79d07bc864c1c254ccfcedcce55bcc9a8c (last modified on Thu Mar 19 15:01:06 2026).
/home/zhujjing/anaconda3/envs/moe/lib/python3.10/site-packages/transformers/utils/hub.py:124: FutureWarning: Using `TRANSFORMERS_CACHE` is deprecated and will be removed in v5 of Transformers. Use `HF_HOME` instead.
  warnings.warn(
Some weights of RobertaModel were not initialized from the model checkpoint at roberta-base and are newly initialized: ['roberta.pooler.dense.bias', 'roberta.pooler.dense.weight']
You should probably TRAIN this model on a down-stream task to be able to use it for predictions and inference.
[step 0001/150] method=ours loss=0.6965 train_acc=nan train_loss=nan val_acc=nan val_loss=nan best=-1.0000
[step 0010/150] method=ours loss=0.7705 train_acc=nan train_loss=nan val_acc=nan val_loss=nan best=-1.0000
[step 0020/150] method=ours loss=0.6576 train_acc=nan train_loss=nan val_acc=nan val_loss=nan best=-1.0000
[step 0030/150] method=ours loss=0.5931 train_acc=nan train_loss=nan val_acc=nan val_loss=nan best=-1.0000
[step 0040/150] method=ours loss=0.5825 train_acc=nan train_loss=nan val_acc=nan val_loss=nan best=-1.0000
[step 0050/150] method=ours loss=0.5984 train_acc=0.7413 train_loss=0.4896 val_acc=0.7598 val_loss=0.4777 router_H=0.5020 best=0.7598
           router_load=[0.6349878311157227, 0.06053794547915459, 0.0, 0.3044741451740265]
[step 0060/150] method=ours loss=0.4222 train_acc=0.7413 train_loss=0.4896 val_acc=0.7598 val_loss=0.4777 router_H=0.5020 best=0.7598
           router_load=[0.6349878311157227, 0.06053794547915459, 0.0, 0.3044741451740265]
[step 0070/150] method=ours loss=0.3145 train_acc=0.7413 train_loss=0.4896 val_acc=0.7598 val_loss=0.4777 router_H=0.5020 best=0.7598
           router_load=[0.6349878311157227, 0.06053794547915459, 0.0, 0.3044741451740265]
[step 0080/150] method=ours loss=0.4624 train_acc=0.7413 train_loss=0.4896 val_acc=0.7598 val_loss=0.4777 router_H=0.5020 best=0.7598
           router_load=[0.6349878311157227, 0.06053794547915459, 0.0, 0.3044741451740265]
[step 0090/150] method=ours loss=0.6034 train_acc=0.7413 train_loss=0.4896 val_acc=0.7598 val_loss=0.4777 router_H=0.5020 best=0.7598
           router_load=[0.6349878311157227, 0.06053794547915459, 0.0, 0.3044741451740265]
[step 0100/150] method=ours loss=0.4805 train_acc=0.8122 train_loss=0.4124 val_acc=0.8333 val_loss=0.3919 router_H=0.4958 best=0.8333
           router_load=[0.48343604803085327, 0.026168283075094223, 0.0010192465269938111, 0.4893764853477478]
[step 0110/150] method=ours loss=0.5598 train_acc=0.8122 train_loss=0.4124 val_acc=0.8333 val_loss=0.3919 router_H=0.4958 best=0.8333
           router_load=[0.48343604803085327, 0.026168283075094223, 0.0010192465269938111, 0.4893764853477478]
[step 0120/150] method=ours loss=0.3769 train_acc=0.8122 train_loss=0.4124 val_acc=0.8333 val_loss=0.3919 router_H=0.4958 best=0.8333
           router_load=[0.48343604803085327, 0.026168283075094223, 0.0010192465269938111, 0.4893764853477478]
[step 0130/150] method=ours loss=0.2437 train_acc=0.8122 train_loss=0.4124 val_acc=0.8333 val_loss=0.3919 router_H=0.4958 best=0.8333
           router_load=[0.48343604803085327, 0.026168283075094223, 0.0010192465269938111, 0.4893764853477478]
[step 0140/150] method=ours loss=0.4436 train_acc=0.8122 train_loss=0.4124 val_acc=0.8333 val_loss=0.3919 router_H=0.4958 best=0.8333
           router_load=[0.48343604803085327, 0.026168283075094223, 0.0010192465269938111, 0.4893764853477478]
[step 0150/150] method=ours loss=0.5575 train_acc=0.8413 train_loss=0.4066 val_acc=0.8333 val_loss=0.4311 router_H=0.3408 best=0.8333
           router_load=[0.7803210020065308, 0.0031182430684566498, 0.027978569269180298, 0.18858222663402557]
saved summary -> /home/zhujjing/MOE-grad-conflict-routing/runs/paper_suite/single_gpu/single_task/roberta_mrpc_ffn_e4_k2/hpo/ours/trial_runs/local_var_topk_007/ours_s3.json
saved curve -> /home/zhujjing/MOE-grad-conflict-routing/runs/paper_suite/single_gpu/single_task/roberta_mrpc_ffn_e4_k2/hpo/ours/trial_runs/local_var_topk_007/ours_s3_curve.csv
