[run] method=ours candidate=local_var_topk_013 seed=3 steps=150 gpu=0
[run] cmd=
/home/zhujjing/anaconda3/envs/moe/bin/python /home/zhujjing/MOE-grad-conflict-routing/scripts/run.py --config configs/singletask_mrpc_real.yaml --set model.backbone_backend=hf --set model.hf_load_pretrained=true --set model.backbone=roberta --set model.hf_pretrained_name=roberta-base --set model.expert_type=ffn --set model.routing_mode=topk --set model.num_experts=4 --set model.top_k=2 --set seed=3 --set method.name=ours --set train.steps=150 --set train.eval_every_steps=50 --set method.ours.use_load_norm=true --set method.ours.lambda_align=0.005047737318 --set train.grad_clip=0.8874671569 --set train.lr=4.2333466e-05 --set train.weight_decay=0.02576137036 --out /home/zhujjing/MOE-grad-conflict-routing/runs/paper_suite/single_gpu/single_task/roberta_mrpc_ffn_e4_k2/hpo/ours/trial_runs/local_var_topk_013/ours_s3.json --curve_out /home/zhujjing/MOE-grad-conflict-routing/runs/paper_suite/single_gpu/single_task/roberta_mrpc_ffn_e4_k2/hpo/ours/trial_runs/local_var_topk_013/ours_s3_curve.csv
Using the latest cached version of the dataset since glue couldn't be found on the Hugging Face Hub (offline mode is enabled).
Found the latest cached dataset configuration 'mrpc' at /home/zhujjing/hf_cache/datasets/glue/mrpc/0.0.0/bcdcba79d07bc864c1c254ccfcedcce55bcc9a8c (last modified on Thu Mar 19 15:01:06 2026).
/home/zhujjing/anaconda3/envs/moe/lib/python3.10/site-packages/transformers/utils/hub.py:124: FutureWarning: Using `TRANSFORMERS_CACHE` is deprecated and will be removed in v5 of Transformers. Use `HF_HOME` instead.
  warnings.warn(
Some weights of RobertaModel were not initialized from the model checkpoint at roberta-base and are newly initialized: ['roberta.pooler.dense.bias', 'roberta.pooler.dense.weight']
You should probably TRAIN this model on a down-stream task to be able to use it for predictions and inference.
[step 0001/150] method=ours loss=0.6768 train_acc=nan train_loss=nan val_acc=nan val_loss=nan best=-1.0000
[step 0010/150] method=ours loss=0.7625 train_acc=nan train_loss=nan val_acc=nan val_loss=nan best=-1.0000
[step 0020/150] method=ours loss=0.6953 train_acc=nan train_loss=nan val_acc=nan val_loss=nan best=-1.0000
[step 0030/150] method=ours loss=0.4966 train_acc=nan train_loss=nan val_acc=nan val_loss=nan best=-1.0000
[step 0040/150] method=ours loss=0.6400 train_acc=nan train_loss=nan val_acc=nan val_loss=nan best=-1.0000
[step 0050/150] method=ours loss=0.5257 train_acc=0.7195 train_loss=0.5321 val_acc=0.7010 val_loss=0.5518 router_H=0.3524 best=0.7010
           router_load=[0.0, 0.021646689623594284, 0.11639529466629028, 0.861957848072052]
[step 0060/150] method=ours loss=0.5952 train_acc=0.7195 train_loss=0.5321 val_acc=0.7010 val_loss=0.5518 router_H=0.3524 best=0.7010
           router_load=[0.0, 0.021646689623594284, 0.11639529466629028, 0.861957848072052]
[step 0070/150] method=ours loss=0.4170 train_acc=0.7195 train_loss=0.5321 val_acc=0.7010 val_loss=0.5518 router_H=0.3524 best=0.7010
           router_load=[0.0, 0.021646689623594284, 0.11639529466629028, 0.861957848072052]
[step 0080/150] method=ours loss=0.5257 train_acc=0.7195 train_loss=0.5321 val_acc=0.7010 val_loss=0.5518 router_H=0.3524 best=0.7010
           router_load=[0.0, 0.021646689623594284, 0.11639529466629028, 0.861957848072052]
[step 0090/150] method=ours loss=0.6642 train_acc=0.7195 train_loss=0.5321 val_acc=0.7010 val_loss=0.5518 router_H=0.3524 best=0.7010
           router_load=[0.0, 0.021646689623594284, 0.11639529466629028, 0.861957848072052]
[step 0100/150] method=ours loss=0.5537 train_acc=0.8261 train_loss=0.4181 val_acc=0.8260 val_loss=0.4222 router_H=0.4361 best=0.8260
           router_load=[0.02096194587647915, 0.0524728000164032, 0.14544609189033508, 0.7811192274093628]
[step 0110/150] method=ours loss=0.3047 train_acc=0.8261 train_loss=0.4181 val_acc=0.8260 val_loss=0.4222 router_H=0.4361 best=0.8260
           router_load=[0.02096194587647915, 0.0524728000164032, 0.14544609189033508, 0.7811192274093628]
[step 0120/150] method=ours loss=0.3278 train_acc=0.8261 train_loss=0.4181 val_acc=0.8260 val_loss=0.4222 router_H=0.4361 best=0.8260
           router_load=[0.02096194587647915, 0.0524728000164032, 0.14544609189033508, 0.7811192274093628]
[step 0130/150] method=ours loss=0.5694 train_acc=0.8261 train_loss=0.4181 val_acc=0.8260 val_loss=0.4222 router_H=0.4361 best=0.8260
           router_load=[0.02096194587647915, 0.0524728000164032, 0.14544609189033508, 0.7811192274093628]
[step 0140/150] method=ours loss=0.5154 train_acc=0.8261 train_loss=0.4181 val_acc=0.8260 val_loss=0.4222 router_H=0.4361 best=0.8260
           router_load=[0.02096194587647915, 0.0524728000164032, 0.14544609189033508, 0.7811192274093628]
[step 0150/150] method=ours loss=0.4225 train_acc=0.8400 train_loss=0.3840 val_acc=0.8456 val_loss=0.3809 router_H=0.3854 best=0.8456
           router_load=[0.0, 0.033912524580955505, 0.14067046344280243, 0.8254171013832092]
saved summary -> /home/zhujjing/MOE-grad-conflict-routing/runs/paper_suite/single_gpu/single_task/roberta_mrpc_ffn_e4_k2/hpo/ours/trial_runs/local_var_topk_013/ours_s3.json
saved curve -> /home/zhujjing/MOE-grad-conflict-routing/runs/paper_suite/single_gpu/single_task/roberta_mrpc_ffn_e4_k2/hpo/ours/trial_runs/local_var_topk_013/ours_s3_curve.csv
