[run] method=ours candidate=local_var_topk_026 seed=3 steps=150 gpu=0
[run] cmd=
/home/zhujjing/anaconda3/envs/moe/bin/python /home/zhujjing/MOE-grad-conflict-routing/scripts/run.py --config configs/singletask_mrpc_real.yaml --set model.backbone_backend=hf --set model.hf_load_pretrained=true --set model.backbone=roberta --set model.hf_pretrained_name=roberta-base --set model.expert_type=ffn --set model.routing_mode=topk --set model.num_experts=4 --set model.top_k=2 --set seed=3 --set method.name=ours --set train.steps=150 --set train.eval_every_steps=50 --set method.ours.use_load_norm=true --set method.ours.lambda_align=0.005047737318 --set train.grad_clip=1.187467157 --set train.lr=8.4666933e-05 --set train.weight_decay=0.03576137036 --out /home/zhujjing/MOE-grad-conflict-routing/runs/paper_suite/single_gpu/single_task/roberta_mrpc_ffn_e4_k2/hpo/ours/trial_runs/local_var_topk_026/ours_s3.json --curve_out /home/zhujjing/MOE-grad-conflict-routing/runs/paper_suite/single_gpu/single_task/roberta_mrpc_ffn_e4_k2/hpo/ours/trial_runs/local_var_topk_026/ours_s3_curve.csv
Using the latest cached version of the dataset since glue couldn't be found on the Hugging Face Hub (offline mode is enabled).
Found the latest cached dataset configuration 'mrpc' at /home/zhujjing/hf_cache/datasets/glue/mrpc/0.0.0/bcdcba79d07bc864c1c254ccfcedcce55bcc9a8c (last modified on Thu Mar 19 15:01:06 2026).
/home/zhujjing/anaconda3/envs/moe/lib/python3.10/site-packages/transformers/utils/hub.py:124: FutureWarning: Using `TRANSFORMERS_CACHE` is deprecated and will be removed in v5 of Transformers. Use `HF_HOME` instead.
  warnings.warn(
Some weights of RobertaModel were not initialized from the model checkpoint at roberta-base and are newly initialized: ['roberta.pooler.dense.bias', 'roberta.pooler.dense.weight']
You should probably TRAIN this model on a down-stream task to be able to use it for predictions and inference.
[step 0001/150] method=ours loss=0.6918 train_acc=nan train_loss=nan val_acc=nan val_loss=nan best=-1.0000
[step 0010/150] method=ours loss=0.6394 train_acc=nan train_loss=nan val_acc=nan val_loss=nan best=-1.0000
[step 0020/150] method=ours loss=0.7471 train_acc=nan train_loss=nan val_acc=nan val_loss=nan best=-1.0000
[step 0030/150] method=ours loss=0.5152 train_acc=nan train_loss=nan val_acc=nan val_loss=nan best=-1.0000
[step 0040/150] method=ours loss=0.6003 train_acc=nan train_loss=nan val_acc=nan val_loss=nan best=-1.0000
[step 0050/150] method=ours loss=0.5907 train_acc=0.7347 train_loss=0.5401 val_acc=0.7304 val_loss=0.5359 router_H=0.6171 best=0.7304
           router_load=[0.6174218058586121, 0.01749136671423912, 0.36508679389953613, 0.0]
[step 0060/150] method=ours loss=0.5257 train_acc=0.7347 train_loss=0.5401 val_acc=0.7304 val_loss=0.5359 router_H=0.6171 best=0.7304
           router_load=[0.6174218058586121, 0.01749136671423912, 0.36508679389953613, 0.0]
[step 0070/150] method=ours loss=0.6770 train_acc=0.7347 train_loss=0.5401 val_acc=0.7304 val_loss=0.5359 router_H=0.6171 best=0.7304
           router_load=[0.6174218058586121, 0.01749136671423912, 0.36508679389953613, 0.0]
[step 0080/150] method=ours loss=0.8130 train_acc=0.7347 train_loss=0.5401 val_acc=0.7304 val_loss=0.5359 router_H=0.6171 best=0.7304
           router_load=[0.6174218058586121, 0.01749136671423912, 0.36508679389953613, 0.0]
[step 0090/150] method=ours loss=0.6585 train_acc=0.7347 train_loss=0.5401 val_acc=0.7304 val_loss=0.5359 router_H=0.6171 best=0.7304
           router_load=[0.6174218058586121, 0.01749136671423912, 0.36508679389953613, 0.0]
[step 0100/150] method=ours loss=0.7143 train_acc=0.6750 train_loss=0.5982 val_acc=0.6838 val_loss=0.5974 router_H=0.6316 best=0.7304
           router_load=[0.6556534171104431, 0.0019735796377062798, 0.3423730134963989, 0.0]
[step 0110/150] method=ours loss=0.6307 train_acc=0.6750 train_loss=0.5982 val_acc=0.6838 val_loss=0.5974 router_H=0.6316 best=0.7304
           router_load=[0.6556534171104431, 0.0019735796377062798, 0.3423730134963989, 0.0]
[step 0120/150] method=ours loss=0.9560 train_acc=0.6750 train_loss=0.5982 val_acc=0.6838 val_loss=0.5974 router_H=0.6316 best=0.7304
           router_load=[0.6556534171104431, 0.0019735796377062798, 0.3423730134963989, 0.0]
[step 0130/150] method=ours loss=0.6223 train_acc=0.6750 train_loss=0.5982 val_acc=0.6838 val_loss=0.5974 router_H=0.6316 best=0.7304
           router_load=[0.6556534171104431, 0.0019735796377062798, 0.3423730134963989, 0.0]
[step 0140/150] method=ours loss=0.4844 train_acc=0.6750 train_loss=0.5982 val_acc=0.6838 val_loss=0.5974 router_H=0.6316 best=0.7304
           router_load=[0.6556534171104431, 0.0019735796377062798, 0.3423730134963989, 0.0]
[step 0150/150] method=ours loss=0.5995 train_acc=0.7227 train_loss=0.5915 val_acc=0.7132 val_loss=0.5973 router_H=0.6529 best=0.7304
           router_load=[0.6357374787330627, 0.0018086603377014399, 0.3615034818649292, 0.0009504591580480337]
saved summary -> /home/zhujjing/MOE-grad-conflict-routing/runs/paper_suite/single_gpu/single_task/roberta_mrpc_ffn_e4_k2/hpo/ours/trial_runs/local_var_topk_026/ours_s3.json
saved curve -> /home/zhujjing/MOE-grad-conflict-routing/runs/paper_suite/single_gpu/single_task/roberta_mrpc_ffn_e4_k2/hpo/ours/trial_runs/local_var_topk_026/ours_s3_curve.csv
