[run] method=ours candidate=local_var_topk_025 seed=2 steps=150 gpu=0
[run] cmd=
/home/zhujjing/anaconda3/envs/moe/bin/python /home/zhujjing/MOE-grad-conflict-routing/scripts/run.py --config configs/singletask_mrpc_real.yaml --set model.backbone_backend=hf --set model.hf_load_pretrained=true --set model.backbone=roberta --set model.hf_pretrained_name=roberta-base --set model.expert_type=ffn --set model.routing_mode=topk --set model.num_experts=4 --set model.top_k=2 --set seed=2 --set method.name=ours --set train.steps=150 --set train.eval_every_steps=50 --set method.ours.use_load_norm=true --set method.ours.lambda_align=0.005047737318 --set train.grad_clip=0.8874671569 --set train.lr=8.4666933e-05 --set train.weight_decay=0.03576137036 --out /home/zhujjing/MOE-grad-conflict-routing/runs/paper_suite/single_gpu/single_task/roberta_mrpc_ffn_e4_k2/hpo/ours/trial_runs/local_var_topk_025/ours_s2.json --curve_out /home/zhujjing/MOE-grad-conflict-routing/runs/paper_suite/single_gpu/single_task/roberta_mrpc_ffn_e4_k2/hpo/ours/trial_runs/local_var_topk_025/ours_s2_curve.csv
Using the latest cached version of the dataset since glue couldn't be found on the Hugging Face Hub (offline mode is enabled).
Found the latest cached dataset configuration 'mrpc' at /home/zhujjing/hf_cache/datasets/glue/mrpc/0.0.0/bcdcba79d07bc864c1c254ccfcedcce55bcc9a8c (last modified on Thu Mar 19 15:01:06 2026).
/home/zhujjing/anaconda3/envs/moe/lib/python3.10/site-packages/transformers/utils/hub.py:124: FutureWarning: Using `TRANSFORMERS_CACHE` is deprecated and will be removed in v5 of Transformers. Use `HF_HOME` instead.
  warnings.warn(
Some weights of RobertaModel were not initialized from the model checkpoint at roberta-base and are newly initialized: ['roberta.pooler.dense.bias', 'roberta.pooler.dense.weight']
You should probably TRAIN this model on a down-stream task to be able to use it for predictions and inference.
[step 0001/150] method=ours loss=0.6920 train_acc=nan train_loss=nan val_acc=nan val_loss=nan best=-1.0000
[step 0010/150] method=ours loss=0.6403 train_acc=nan train_loss=nan val_acc=nan val_loss=nan best=-1.0000
[step 0020/150] method=ours loss=0.7237 train_acc=nan train_loss=nan val_acc=nan val_loss=nan best=-1.0000
[step 0030/150] method=ours loss=0.6767 train_acc=nan train_loss=nan val_acc=nan val_loss=nan best=-1.0000
[step 0040/150] method=ours loss=0.6026 train_acc=nan train_loss=nan val_acc=nan val_loss=nan best=-1.0000
[step 0050/150] method=ours loss=0.5703 train_acc=0.7004 train_loss=0.6169 val_acc=0.7034 val_loss=0.6170 router_H=0.6830 best=0.7034
           router_load=[0.5405192375183105, 0.44735187292099, 0.0, 0.012128778733313084]
[step 0060/150] method=ours loss=0.7289 train_acc=0.7004 train_loss=0.6169 val_acc=0.7034 val_loss=0.6170 router_H=0.6830 best=0.7034
           router_load=[0.5405192375183105, 0.44735187292099, 0.0, 0.012128778733313084]
[step 0070/150] method=ours loss=0.4901 train_acc=0.7004 train_loss=0.6169 val_acc=0.7034 val_loss=0.6170 router_H=0.6830 best=0.7034
           router_load=[0.5405192375183105, 0.44735187292099, 0.0, 0.012128778733313084]
[step 0080/150] method=ours loss=0.6894 train_acc=0.7004 train_loss=0.6169 val_acc=0.7034 val_loss=0.6170 router_H=0.6830 best=0.7034
           router_load=[0.5405192375183105, 0.44735187292099, 0.0, 0.012128778733313084]
[step 0090/150] method=ours loss=0.5737 train_acc=0.7004 train_loss=0.6169 val_acc=0.7034 val_loss=0.6170 router_H=0.6830 best=0.7034
           router_load=[0.5405192375183105, 0.44735187292099, 0.0, 0.012128778733313084]
[step 0100/150] method=ours loss=0.6702 train_acc=0.6745 train_loss=0.6669 val_acc=0.6838 val_loss=0.6649 router_H=0.6652 best=0.7034
           router_load=[0.0, 0.0, 0.6175556182861328, 0.3824445307254791]
[step 0110/150] method=ours loss=0.5518 train_acc=0.6745 train_loss=0.6669 val_acc=0.6838 val_loss=0.6649 router_H=0.6652 best=0.7034
           router_load=[0.0, 0.0, 0.6175556182861328, 0.3824445307254791]
[step 0120/150] method=ours loss=0.5872 train_acc=0.6745 train_loss=0.6669 val_acc=0.6838 val_loss=0.6649 router_H=0.6652 best=0.7034
           router_load=[0.0, 0.0, 0.6175556182861328, 0.3824445307254791]
[step 0130/150] method=ours loss=0.6373 train_acc=0.6745 train_loss=0.6669 val_acc=0.6838 val_loss=0.6649 router_H=0.6652 best=0.7034
           router_load=[0.0, 0.0, 0.6175556182861328, 0.3824445307254791]
[step 0140/150] method=ours loss=0.8062 train_acc=0.6745 train_loss=0.6669 val_acc=0.6838 val_loss=0.6649 router_H=0.6652 best=0.7034
           router_load=[0.0, 0.0, 0.6175556182861328, 0.3824445307254791]
[step 0150/150] method=ours loss=0.6201 train_acc=0.6745 train_loss=0.6334 val_acc=0.6838 val_loss=0.6288 router_H=0.6729 best=0.7034
           router_load=[0.39969077706336975, 0.0, 0.6003091931343079, 0.0]
saved summary -> /home/zhujjing/MOE-grad-conflict-routing/runs/paper_suite/single_gpu/single_task/roberta_mrpc_ffn_e4_k2/hpo/ours/trial_runs/local_var_topk_025/ours_s2.json
saved curve -> /home/zhujjing/MOE-grad-conflict-routing/runs/paper_suite/single_gpu/single_task/roberta_mrpc_ffn_e4_k2/hpo/ours/trial_runs/local_var_topk_025/ours_s2_curve.csv
