[run] method=ours candidate=local_var_topk_009 seed=3 steps=150 gpu=0
[run] cmd=
/home/zhujjing/anaconda3/envs/moe/bin/python /home/zhujjing/MOE-grad-conflict-routing/scripts/run.py --config configs/singletask_mrpc_real.yaml --set model.backbone_backend=hf --set model.hf_load_pretrained=true --set model.backbone=roberta --set model.hf_pretrained_name=roberta-base --set model.expert_type=ffn --set model.routing_mode=topk --set model.num_experts=4 --set model.top_k=2 --set seed=3 --set method.name=ours --set train.steps=150 --set train.eval_every_steps=50 --set method.ours.use_load_norm=true --set method.ours.lambda_align=0.005047737318 --set train.grad_clip=0.5874671569 --set train.lr=4.2333466e-05 --set train.weight_decay=0.01576137036 --out /home/zhujjing/MOE-grad-conflict-routing/runs/paper_suite/single_gpu/single_task/roberta_mrpc_ffn_e4_k2/hpo/ours/trial_runs/local_var_topk_009/ours_s3.json --curve_out /home/zhujjing/MOE-grad-conflict-routing/runs/paper_suite/single_gpu/single_task/roberta_mrpc_ffn_e4_k2/hpo/ours/trial_runs/local_var_topk_009/ours_s3_curve.csv
Using the latest cached version of the dataset since glue couldn't be found on the Hugging Face Hub (offline mode is enabled).
Found the latest cached dataset configuration 'mrpc' at /home/zhujjing/hf_cache/datasets/glue/mrpc/0.0.0/bcdcba79d07bc864c1c254ccfcedcce55bcc9a8c (last modified on Thu Mar 19 15:01:06 2026).
/home/zhujjing/anaconda3/envs/moe/lib/python3.10/site-packages/transformers/utils/hub.py:124: FutureWarning: Using `TRANSFORMERS_CACHE` is deprecated and will be removed in v5 of Transformers. Use `HF_HOME` instead.
  warnings.warn(
Some weights of RobertaModel were not initialized from the model checkpoint at roberta-base and are newly initialized: ['roberta.pooler.dense.bias', 'roberta.pooler.dense.weight']
You should probably TRAIN this model on a down-stream task to be able to use it for predictions and inference.
[step 0001/150] method=ours loss=0.6877 train_acc=nan train_loss=nan val_acc=nan val_loss=nan best=-1.0000
[step 0010/150] method=ours loss=0.7037 train_acc=nan train_loss=nan val_acc=nan val_loss=nan best=-1.0000
[step 0020/150] method=ours loss=0.7863 train_acc=nan train_loss=nan val_acc=nan val_loss=nan best=-1.0000
[step 0030/150] method=ours loss=0.5275 train_acc=nan train_loss=nan val_acc=nan val_loss=nan best=-1.0000
[step 0040/150] method=ours loss=0.6085 train_acc=nan train_loss=nan val_acc=nan val_loss=nan best=-1.0000
[step 0050/150] method=ours loss=0.4146 train_acc=0.7639 train_loss=0.4909 val_acc=0.7696 val_loss=0.4869 router_H=0.3612 best=0.7696
           router_load=[0.09768904000520706, 0.04182381555438042, 0.8418320417404175, 0.01865508034825325]
[step 0060/150] method=ours loss=0.5395 train_acc=0.7639 train_loss=0.4909 val_acc=0.7696 val_loss=0.4869 router_H=0.3612 best=0.7696
           router_load=[0.09768904000520706, 0.04182381555438042, 0.8418320417404175, 0.01865508034825325]
[step 0070/150] method=ours loss=0.4707 train_acc=0.7639 train_loss=0.4909 val_acc=0.7696 val_loss=0.4869 router_H=0.3612 best=0.7696
           router_load=[0.09768904000520706, 0.04182381555438042, 0.8418320417404175, 0.01865508034825325]
[step 0080/150] method=ours loss=0.5408 train_acc=0.7639 train_loss=0.4909 val_acc=0.7696 val_loss=0.4869 router_H=0.3612 best=0.7696
           router_load=[0.09768904000520706, 0.04182381555438042, 0.8418320417404175, 0.01865508034825325]
[step 0090/150] method=ours loss=0.7527 train_acc=0.7639 train_loss=0.4909 val_acc=0.7696 val_loss=0.4869 router_H=0.3612 best=0.7696
           router_load=[0.09768904000520706, 0.04182381555438042, 0.8418320417404175, 0.01865508034825325]
[step 0100/150] method=ours loss=0.5603 train_acc=0.8247 train_loss=0.4687 val_acc=0.8186 val_loss=0.4746 router_H=0.6179 best=0.8186
           router_load=[0.24056456983089447, 0.0, 0.6497704982757568, 0.10966488718986511]
[step 0110/150] method=ours loss=0.5457 train_acc=0.8247 train_loss=0.4687 val_acc=0.8186 val_loss=0.4746 router_H=0.6179 best=0.8186
           router_load=[0.24056456983089447, 0.0, 0.6497704982757568, 0.10966488718986511]
[step 0120/150] method=ours loss=0.4315 train_acc=0.8247 train_loss=0.4687 val_acc=0.8186 val_loss=0.4746 router_H=0.6179 best=0.8186
           router_load=[0.24056456983089447, 0.0, 0.6497704982757568, 0.10966488718986511]
[step 0130/150] method=ours loss=0.3449 train_acc=0.8247 train_loss=0.4687 val_acc=0.8186 val_loss=0.4746 router_H=0.6179 best=0.8186
           router_load=[0.24056456983089447, 0.0, 0.6497704982757568, 0.10966488718986511]
[step 0140/150] method=ours loss=0.5096 train_acc=0.8247 train_loss=0.4687 val_acc=0.8186 val_loss=0.4746 router_H=0.6179 best=0.8186
           router_load=[0.24056456983089447, 0.0, 0.6497704982757568, 0.10966488718986511]
[step 0150/150] method=ours loss=0.5242 train_acc=0.8152 train_loss=0.4423 val_acc=0.7966 val_loss=0.4607 router_H=0.5839 best=0.8186
           router_load=[0.08147921413183212, 0.0, 0.7109706997871399, 0.20755012333393097]
saved summary -> /home/zhujjing/MOE-grad-conflict-routing/runs/paper_suite/single_gpu/single_task/roberta_mrpc_ffn_e4_k2/hpo/ours/trial_runs/local_var_topk_009/ours_s3.json
saved curve -> /home/zhujjing/MOE-grad-conflict-routing/runs/paper_suite/single_gpu/single_task/roberta_mrpc_ffn_e4_k2/hpo/ours/trial_runs/local_var_topk_009/ours_s3_curve.csv
