[run] method=ours candidate=local_var_topk_005 seed=3 steps=150 gpu=0
[run] cmd=
/home/zhujjing/anaconda3/envs/moe/bin/python /home/zhujjing/MOE-grad-conflict-routing/scripts/run.py --config configs/singletask_mrpc_real.yaml --set model.backbone_backend=hf --set model.hf_load_pretrained=true --set model.backbone=roberta --set model.hf_pretrained_name=roberta-base --set model.expert_type=ffn --set model.routing_mode=topk --set model.num_experts=4 --set model.top_k=2 --set seed=3 --set method.name=ours --set train.steps=150 --set train.eval_every_steps=50 --set method.ours.use_load_norm=true --set method.ours.lambda_align=0.005047737318 --set train.grad_clip=1.187467157 --set train.lr=2.1166733e-05 --set train.weight_decay=0.02576137036 --out /home/zhujjing/MOE-grad-conflict-routing/runs/paper_suite/single_gpu/single_task/roberta_mrpc_ffn_e4_k2/hpo/ours/trial_runs/local_var_topk_005/ours_s3.json --curve_out /home/zhujjing/MOE-grad-conflict-routing/runs/paper_suite/single_gpu/single_task/roberta_mrpc_ffn_e4_k2/hpo/ours/trial_runs/local_var_topk_005/ours_s3_curve.csv
Using the latest cached version of the dataset since glue couldn't be found on the Hugging Face Hub (offline mode is enabled).
Found the latest cached dataset configuration 'mrpc' at /home/zhujjing/hf_cache/datasets/glue/mrpc/0.0.0/bcdcba79d07bc864c1c254ccfcedcce55bcc9a8c (last modified on Thu Mar 19 15:01:06 2026).
/home/zhujjing/anaconda3/envs/moe/lib/python3.10/site-packages/transformers/utils/hub.py:124: FutureWarning: Using `TRANSFORMERS_CACHE` is deprecated and will be removed in v5 of Transformers. Use `HF_HOME` instead.
  warnings.warn(
Some weights of RobertaModel were not initialized from the model checkpoint at roberta-base and are newly initialized: ['roberta.pooler.dense.bias', 'roberta.pooler.dense.weight']
You should probably TRAIN this model on a down-stream task to be able to use it for predictions and inference.
[step 0001/150] method=ours loss=0.6881 train_acc=nan train_loss=nan val_acc=nan val_loss=nan best=-1.0000
[step 0010/150] method=ours loss=0.6884 train_acc=nan train_loss=nan val_acc=nan val_loss=nan best=-1.0000
[step 0020/150] method=ours loss=0.6879 train_acc=nan train_loss=nan val_acc=nan val_loss=nan best=-1.0000
[step 0030/150] method=ours loss=0.5474 train_acc=nan train_loss=nan val_acc=nan val_loss=nan best=-1.0000
[step 0040/150] method=ours loss=0.6506 train_acc=nan train_loss=nan val_acc=nan val_loss=nan best=-1.0000
[step 0050/150] method=ours loss=0.4997 train_acc=0.7473 train_loss=0.5169 val_acc=0.7304 val_loss=0.5055 router_H=0.4752 best=0.7304
           router_load=[0.7961737513542175, 0.1378154158592224, 0.04517044872045517, 0.02084021270275116]
[step 0060/150] method=ours loss=0.4889 train_acc=0.7473 train_loss=0.5169 val_acc=0.7304 val_loss=0.5055 router_H=0.4752 best=0.7304
           router_load=[0.7961737513542175, 0.1378154158592224, 0.04517044872045517, 0.02084021270275116]
[step 0070/150] method=ours loss=0.5404 train_acc=0.7473 train_loss=0.5169 val_acc=0.7304 val_loss=0.5055 router_H=0.4752 best=0.7304
           router_load=[0.7961737513542175, 0.1378154158592224, 0.04517044872045517, 0.02084021270275116]
[step 0080/150] method=ours loss=0.5776 train_acc=0.7473 train_loss=0.5169 val_acc=0.7304 val_loss=0.5055 router_H=0.4752 best=0.7304
           router_load=[0.7961737513542175, 0.1378154158592224, 0.04517044872045517, 0.02084021270275116]
[step 0090/150] method=ours loss=0.6372 train_acc=0.7473 train_loss=0.5169 val_acc=0.7304 val_loss=0.5055 router_H=0.4752 best=0.7304
           router_load=[0.7961737513542175, 0.1378154158592224, 0.04517044872045517, 0.02084021270275116]
[step 0100/150] method=ours loss=0.4425 train_acc=0.8424 train_loss=0.3896 val_acc=0.8480 val_loss=0.3864 router_H=0.4905 best=0.8480
           router_load=[0.7911208868026733, 0.16406585276126862, 0.04481327906250954, 0.0]
[step 0110/150] method=ours loss=0.3305 train_acc=0.8424 train_loss=0.3896 val_acc=0.8480 val_loss=0.3864 router_H=0.4905 best=0.8480
           router_load=[0.7911208868026733, 0.16406585276126862, 0.04481327906250954, 0.0]
[step 0120/150] method=ours loss=0.2305 train_acc=0.8424 train_loss=0.3896 val_acc=0.8480 val_loss=0.3864 router_H=0.4905 best=0.8480
           router_load=[0.7911208868026733, 0.16406585276126862, 0.04481327906250954, 0.0]
[step 0130/150] method=ours loss=0.3523 train_acc=0.8424 train_loss=0.3896 val_acc=0.8480 val_loss=0.3864 router_H=0.4905 best=0.8480
           router_load=[0.7911208868026733, 0.16406585276126862, 0.04481327906250954, 0.0]
[step 0140/150] method=ours loss=0.4939 train_acc=0.8424 train_loss=0.3896 val_acc=0.8480 val_loss=0.3864 router_H=0.4905 best=0.8480
           router_load=[0.7911208868026733, 0.16406585276126862, 0.04481327906250954, 0.0]
[step 0150/150] method=ours loss=0.4449 train_acc=0.8400 train_loss=0.3651 val_acc=0.8333 val_loss=0.3775 router_H=0.4956 best=0.8480
           router_load=[0.787272036075592, 0.16357654333114624, 0.0491514690220356, 0.0]
saved summary -> /home/zhujjing/MOE-grad-conflict-routing/runs/paper_suite/single_gpu/single_task/roberta_mrpc_ffn_e4_k2/hpo/ours/trial_runs/local_var_topk_005/ours_s3.json
saved curve -> /home/zhujjing/MOE-grad-conflict-routing/runs/paper_suite/single_gpu/single_task/roberta_mrpc_ffn_e4_k2/hpo/ours/trial_runs/local_var_topk_005/ours_s3_curve.csv
