[run] method=ours candidate=local_var_topk_008 seed=3 steps=150 gpu=0
[run] cmd=
/home/zhujjing/anaconda3/envs/moe/bin/python /home/zhujjing/MOE-grad-conflict-routing/scripts/run.py --config configs/singletask_mrpc_real.yaml --set model.backbone_backend=hf --set model.hf_load_pretrained=true --set model.backbone=roberta --set model.hf_pretrained_name=roberta-base --set model.expert_type=ffn --set model.routing_mode=topk --set model.num_experts=4 --set model.top_k=2 --set seed=3 --set method.name=ours --set train.steps=150 --set train.eval_every_steps=50 --set method.ours.use_load_norm=true --set method.ours.lambda_align=0.005047737318 --set train.grad_clip=1.187467157 --set train.lr=2.1166733e-05 --set train.weight_decay=0.03576137036 --out /home/zhujjing/MOE-grad-conflict-routing/runs/paper_suite/single_gpu/single_task/roberta_mrpc_ffn_e4_k2/hpo/ours/trial_runs/local_var_topk_008/ours_s3.json --curve_out /home/zhujjing/MOE-grad-conflict-routing/runs/paper_suite/single_gpu/single_task/roberta_mrpc_ffn_e4_k2/hpo/ours/trial_runs/local_var_topk_008/ours_s3_curve.csv
Using the latest cached version of the dataset since glue couldn't be found on the Hugging Face Hub (offline mode is enabled).
Found the latest cached dataset configuration 'mrpc' at /home/zhujjing/hf_cache/datasets/glue/mrpc/0.0.0/bcdcba79d07bc864c1c254ccfcedcce55bcc9a8c (last modified on Thu Mar 19 15:01:06 2026).
/home/zhujjing/anaconda3/envs/moe/lib/python3.10/site-packages/transformers/utils/hub.py:124: FutureWarning: Using `TRANSFORMERS_CACHE` is deprecated and will be removed in v5 of Transformers. Use `HF_HOME` instead.
  warnings.warn(
Some weights of RobertaModel were not initialized from the model checkpoint at roberta-base and are newly initialized: ['roberta.pooler.dense.bias', 'roberta.pooler.dense.weight']
You should probably TRAIN this model on a down-stream task to be able to use it for predictions and inference.
[step 0001/150] method=ours loss=0.6967 train_acc=nan train_loss=nan val_acc=nan val_loss=nan best=-1.0000
[step 0010/150] method=ours loss=0.7236 train_acc=nan train_loss=nan val_acc=nan val_loss=nan best=-1.0000
[step 0020/150] method=ours loss=0.6572 train_acc=nan train_loss=nan val_acc=nan val_loss=nan best=-1.0000
[step 0030/150] method=ours loss=0.6065 train_acc=nan train_loss=nan val_acc=nan val_loss=nan best=-1.0000
[step 0040/150] method=ours loss=0.6163 train_acc=nan train_loss=nan val_acc=nan val_loss=nan best=-1.0000
[step 0050/150] method=ours loss=0.4466 train_acc=0.7699 train_loss=0.4699 val_acc=0.7770 val_loss=0.4625 router_H=0.5782 best=0.7770
           router_load=[0.008927394635975361, 0.03355889022350311, 0.3460931181907654, 0.6114205121994019]
[step 0060/150] method=ours loss=0.4439 train_acc=0.7699 train_loss=0.4699 val_acc=0.7770 val_loss=0.4625 router_H=0.5782 best=0.7770
           router_load=[0.008927394635975361, 0.03355889022350311, 0.3460931181907654, 0.6114205121994019]
[step 0070/150] method=ours loss=0.3504 train_acc=0.7699 train_loss=0.4699 val_acc=0.7770 val_loss=0.4625 router_H=0.5782 best=0.7770
           router_load=[0.008927394635975361, 0.03355889022350311, 0.3460931181907654, 0.6114205121994019]
[step 0080/150] method=ours loss=0.3750 train_acc=0.7699 train_loss=0.4699 val_acc=0.7770 val_loss=0.4625 router_H=0.5782 best=0.7770
           router_load=[0.008927394635975361, 0.03355889022350311, 0.3460931181907654, 0.6114205121994019]
[step 0090/150] method=ours loss=0.7066 train_acc=0.7699 train_loss=0.4699 val_acc=0.7770 val_loss=0.4625 router_H=0.5782 best=0.7770
           router_load=[0.008927394635975361, 0.03355889022350311, 0.3460931181907654, 0.6114205121994019]
[step 0100/150] method=ours loss=0.5273 train_acc=0.8462 train_loss=0.3661 val_acc=0.8358 val_loss=0.3751 router_H=0.5060 best=0.8358
           router_load=[0.00035049967118538916, 0.008229265920817852, 0.36760658025741577, 0.6238136887550354]
[step 0110/150] method=ours loss=0.4570 train_acc=0.8462 train_loss=0.3661 val_acc=0.8358 val_loss=0.3751 router_H=0.5060 best=0.8358
           router_load=[0.00035049967118538916, 0.008229265920817852, 0.36760658025741577, 0.6238136887550354]
[step 0120/150] method=ours loss=0.3700 train_acc=0.8462 train_loss=0.3661 val_acc=0.8358 val_loss=0.3751 router_H=0.5060 best=0.8358
           router_load=[0.00035049967118538916, 0.008229265920817852, 0.36760658025741577, 0.6238136887550354]
[step 0130/150] method=ours loss=0.3591 train_acc=0.8462 train_loss=0.3661 val_acc=0.8358 val_loss=0.3751 router_H=0.5060 best=0.8358
           router_load=[0.00035049967118538916, 0.008229265920817852, 0.36760658025741577, 0.6238136887550354]
[step 0140/150] method=ours loss=0.4965 train_acc=0.8462 train_loss=0.3661 val_acc=0.8358 val_loss=0.3751 router_H=0.5060 best=0.8358
           router_load=[0.00035049967118538916, 0.008229265920817852, 0.36760658025741577, 0.6238136887550354]
[step 0150/150] method=ours loss=0.4337 train_acc=0.8680 train_loss=0.3316 val_acc=0.8627 val_loss=0.3468 router_H=0.4219 best=0.8627
           router_load=[0.00642424076795578, 0.02567444182932377, 0.2494165003299713, 0.7184849381446838]
saved summary -> /home/zhujjing/MOE-grad-conflict-routing/runs/paper_suite/single_gpu/single_task/roberta_mrpc_ffn_e4_k2/hpo/ours/trial_runs/local_var_topk_008/ours_s3.json
saved curve -> /home/zhujjing/MOE-grad-conflict-routing/runs/paper_suite/single_gpu/single_task/roberta_mrpc_ffn_e4_k2/hpo/ours/trial_runs/local_var_topk_008/ours_s3_curve.csv
