[run] method=cagrad candidate=coord_03_train_grad_clip_006 seed=3 steps=150 gpu=0
[run] cmd=
/home/zhujjing/anaconda3/envs/moe/bin/python /home/zhujjing/MOE-grad-conflict-routing/scripts/run.py --config configs/singletask_sst2_real.yaml --set model.backbone_backend=hf --set model.hf_load_pretrained=true --set model.backbone=roberta --set model.hf_pretrained_name=roberta-base --set model.expert_type=lora --set model.routing_mode=topk --set model.num_experts=4 --set model.top_k=2 --set seed=3 --set method.name=baseline_cagrad --set train.steps=150 --set train.eval_every_steps=50 --set method.baseline_cagrad.c=0.4 --set method.baseline_cagrad.inner_lr=0.1 --set train.grad_clip=1.761572159 --set train.lr=2e-05 --set train.weight_decay=0.02884869601 --out /home/zhujjing/MOE-grad-conflict-routing/runs/paper_suite/single_gpu/single_task/roberta_sst2_lora_e4_k2/hpo/cagrad/trial_runs/coord_03_train_grad_clip_006/cagrad_s3.json --curve_out /home/zhujjing/MOE-grad-conflict-routing/runs/paper_suite/single_gpu/single_task/roberta_sst2_lora_e4_k2/hpo/cagrad/trial_runs/coord_03_train_grad_clip_006/cagrad_s3_curve.csv
Using the latest cached version of the dataset since glue couldn't be found on the Hugging Face Hub (offline mode is enabled).
Found the latest cached dataset configuration 'sst2' at /home/zhujjing/hf_cache/datasets/glue/sst2/0.0.0/bcdcba79d07bc864c1c254ccfcedcce55bcc9a8c (last modified on Thu Mar 19 15:01:41 2026).
/home/zhujjing/anaconda3/envs/moe/lib/python3.10/site-packages/transformers/utils/hub.py:124: FutureWarning: Using `TRANSFORMERS_CACHE` is deprecated and will be removed in v5 of Transformers. Use `HF_HOME` instead.
  warnings.warn(
Some weights of RobertaModel were not initialized from the model checkpoint at roberta-base and are newly initialized: ['roberta.pooler.dense.bias', 'roberta.pooler.dense.weight']
You should probably TRAIN this model on a down-stream task to be able to use it for predictions and inference.
[step 0001/150] method=baseline_cagrad loss=0.6165 train_acc=nan train_loss=nan val_acc=nan val_loss=nan best=-1.0000
[step 0010/150] method=baseline_cagrad loss=0.5998 train_acc=nan train_loss=nan val_acc=nan val_loss=nan best=-1.0000
[step 0020/150] method=baseline_cagrad loss=0.4836 train_acc=nan train_loss=nan val_acc=nan val_loss=nan best=-1.0000
[step 0030/150] method=baseline_cagrad loss=0.4067 train_acc=nan train_loss=nan val_acc=nan val_loss=nan best=-1.0000
[step 0040/150] method=baseline_cagrad loss=0.5238 train_acc=nan train_loss=nan val_acc=nan val_loss=nan best=-1.0000
[step 0050/150] method=baseline_cagrad loss=0.5192 train_acc=0.8727 train_loss=0.3375 val_acc=0.8704 val_loss=0.3332 router_H=0.6881 best=0.8704
           router_load=[0.5237290263175964, 0.4453669488430023, 0.029906287789344788, 0.0009977859444916248]
[step 0060/150] method=baseline_cagrad loss=0.3701 train_acc=0.8727 train_loss=0.3375 val_acc=0.8704 val_loss=0.3332 router_H=0.6881 best=0.8704
           router_load=[0.5237290263175964, 0.4453669488430023, 0.029906287789344788, 0.0009977859444916248]
[step 0070/150] method=baseline_cagrad loss=0.6068 train_acc=0.8727 train_loss=0.3375 val_acc=0.8704 val_loss=0.3332 router_H=0.6881 best=0.8704
           router_load=[0.5237290263175964, 0.4453669488430023, 0.029906287789344788, 0.0009977859444916248]
[step 0080/150] method=baseline_cagrad loss=0.2430 train_acc=0.8727 train_loss=0.3375 val_acc=0.8704 val_loss=0.3332 router_H=0.6881 best=0.8704
           router_load=[0.5237290263175964, 0.4453669488430023, 0.029906287789344788, 0.0009977859444916248]
[step 0090/150] method=baseline_cagrad loss=0.1406 train_acc=0.8727 train_loss=0.3375 val_acc=0.8704 val_loss=0.3332 router_H=0.6881 best=0.8704
           router_load=[0.5237290263175964, 0.4453669488430023, 0.029906287789344788, 0.0009977859444916248]
[step 0100/150] method=baseline_cagrad loss=0.4261 train_acc=0.8927 train_loss=0.2977 val_acc=0.9037 val_loss=0.2563 router_H=0.6899 best=0.9037
           router_load=[0.4966065585613251, 0.39888501167297363, 0.09838686138391495, 0.006121549755334854]
[step 0110/150] method=baseline_cagrad loss=0.2705 train_acc=0.8927 train_loss=0.2977 val_acc=0.9037 val_loss=0.2563 router_H=0.6899 best=0.9037
           router_load=[0.4966065585613251, 0.39888501167297363, 0.09838686138391495, 0.006121549755334854]
[step 0120/150] method=baseline_cagrad loss=0.3997 train_acc=0.8927 train_loss=0.2977 val_acc=0.9037 val_loss=0.2563 router_H=0.6899 best=0.9037
           router_load=[0.4966065585613251, 0.39888501167297363, 0.09838686138391495, 0.006121549755334854]
[step 0130/150] method=baseline_cagrad loss=0.6863 train_acc=0.8927 train_loss=0.2977 val_acc=0.9037 val_loss=0.2563 router_H=0.6899 best=0.9037
           router_load=[0.4966065585613251, 0.39888501167297363, 0.09838686138391495, 0.006121549755334854]
[step 0140/150] method=baseline_cagrad loss=0.2136 train_acc=0.8927 train_loss=0.2977 val_acc=0.9037 val_loss=0.2563 router_H=0.6899 best=0.9037
           router_load=[0.4966065585613251, 0.39888501167297363, 0.09838686138391495, 0.006121549755334854]
[step 0150/150] method=baseline_cagrad loss=0.1114 train_acc=0.8937 train_loss=0.2764 val_acc=0.9106 val_loss=0.2438 router_H=0.6884 best=0.9106
           router_load=[0.5119841694831848, 0.44377753138542175, 0.041806407272815704, 0.0024318613577634096]
saved summary -> /home/zhujjing/MOE-grad-conflict-routing/runs/paper_suite/single_gpu/single_task/roberta_sst2_lora_e4_k2/hpo/cagrad/trial_runs/coord_03_train_grad_clip_006/cagrad_s3.json
saved curve -> /home/zhujjing/MOE-grad-conflict-routing/runs/paper_suite/single_gpu/single_task/roberta_sst2_lora_e4_k2/hpo/cagrad/trial_runs/coord_03_train_grad_clip_006/cagrad_s3_curve.csv
