[run] method=cagrad candidate=coord_03_train_grad_clip_008 seed=2 steps=150 gpu=0
[run] cmd=
/home/zhujjing/anaconda3/envs/moe/bin/python /home/zhujjing/MOE-grad-conflict-routing/scripts/run.py --config configs/singletask_sst2_real.yaml --set model.backbone_backend=hf --set model.hf_load_pretrained=true --set model.backbone=roberta --set model.hf_pretrained_name=roberta-base --set model.expert_type=lora --set model.routing_mode=topk --set model.num_experts=4 --set model.top_k=2 --set seed=2 --set method.name=baseline_cagrad --set train.steps=150 --set train.eval_every_steps=50 --set method.baseline_cagrad.c=0.4 --set method.baseline_cagrad.inner_lr=0.1 --set train.grad_clip=0.9919648274 --set train.lr=2e-05 --set train.weight_decay=0.02884869601 --out /home/zhujjing/MOE-grad-conflict-routing/runs/paper_suite/single_gpu/single_task/roberta_sst2_lora_e4_k2/hpo/cagrad/trial_runs/coord_03_train_grad_clip_008/cagrad_s2.json --curve_out /home/zhujjing/MOE-grad-conflict-routing/runs/paper_suite/single_gpu/single_task/roberta_sst2_lora_e4_k2/hpo/cagrad/trial_runs/coord_03_train_grad_clip_008/cagrad_s2_curve.csv
Using the latest cached version of the dataset since glue couldn't be found on the Hugging Face Hub (offline mode is enabled).
Found the latest cached dataset configuration 'sst2' at /home/zhujjing/hf_cache/datasets/glue/sst2/0.0.0/bcdcba79d07bc864c1c254ccfcedcce55bcc9a8c (last modified on Thu Mar 19 15:01:41 2026).
/home/zhujjing/anaconda3/envs/moe/lib/python3.10/site-packages/transformers/utils/hub.py:124: FutureWarning: Using `TRANSFORMERS_CACHE` is deprecated and will be removed in v5 of Transformers. Use `HF_HOME` instead.
  warnings.warn(
Some weights of RobertaModel were not initialized from the model checkpoint at roberta-base and are newly initialized: ['roberta.pooler.dense.bias', 'roberta.pooler.dense.weight']
You should probably TRAIN this model on a down-stream task to be able to use it for predictions and inference.
[step 0001/150] method=baseline_cagrad loss=0.5958 train_acc=nan train_loss=nan val_acc=nan val_loss=nan best=-1.0000
[step 0010/150] method=baseline_cagrad loss=0.6814 train_acc=nan train_loss=nan val_acc=nan val_loss=nan best=-1.0000
[step 0020/150] method=baseline_cagrad loss=0.5960 train_acc=nan train_loss=nan val_acc=nan val_loss=nan best=-1.0000
[step 0030/150] method=baseline_cagrad loss=0.4799 train_acc=nan train_loss=nan val_acc=nan val_loss=nan best=-1.0000
[step 0040/150] method=baseline_cagrad loss=0.0787 train_acc=nan train_loss=nan val_acc=nan val_loss=nan best=-1.0000
[step 0050/150] method=baseline_cagrad loss=0.1768 train_acc=0.8693 train_loss=0.3320 val_acc=0.8727 val_loss=0.3208 router_H=0.6854 best=0.8727
           router_load=[0.3490934371948242, 0.07592539489269257, 0.027441998943686485, 0.5475391149520874]
[step 0060/150] method=baseline_cagrad loss=0.3059 train_acc=0.8693 train_loss=0.3320 val_acc=0.8727 val_loss=0.3208 router_H=0.6854 best=0.8727
           router_load=[0.3490934371948242, 0.07592539489269257, 0.027441998943686485, 0.5475391149520874]
[step 0070/150] method=baseline_cagrad loss=0.4355 train_acc=0.8693 train_loss=0.3320 val_acc=0.8727 val_loss=0.3208 router_H=0.6854 best=0.8727
           router_load=[0.3490934371948242, 0.07592539489269257, 0.027441998943686485, 0.5475391149520874]
[step 0080/150] method=baseline_cagrad loss=0.6635 train_acc=0.8693 train_loss=0.3320 val_acc=0.8727 val_loss=0.3208 router_H=0.6854 best=0.8727
           router_load=[0.3490934371948242, 0.07592539489269257, 0.027441998943686485, 0.5475391149520874]
[step 0090/150] method=baseline_cagrad loss=0.3151 train_acc=0.8693 train_loss=0.3320 val_acc=0.8727 val_loss=0.3208 router_H=0.6854 best=0.8727
           router_load=[0.3490934371948242, 0.07592539489269257, 0.027441998943686485, 0.5475391149520874]
[step 0100/150] method=baseline_cagrad loss=0.6081 train_acc=0.7918 train_loss=0.4791 val_acc=0.7385 val_loss=0.5515 router_H=0.6878 best=0.8727
           router_load=[0.4546430706977844, 0.0029445355758070946, 0.005743927787989378, 0.5366684198379517]
[step 0110/150] method=baseline_cagrad loss=0.3978 train_acc=0.7918 train_loss=0.4791 val_acc=0.7385 val_loss=0.5515 router_H=0.6878 best=0.8727
           router_load=[0.4546430706977844, 0.0029445355758070946, 0.005743927787989378, 0.5366684198379517]
[step 0120/150] method=baseline_cagrad loss=0.4831 train_acc=0.7918 train_loss=0.4791 val_acc=0.7385 val_loss=0.5515 router_H=0.6878 best=0.8727
           router_load=[0.4546430706977844, 0.0029445355758070946, 0.005743927787989378, 0.5366684198379517]
[step 0130/150] method=baseline_cagrad loss=0.1918 train_acc=0.7918 train_loss=0.4791 val_acc=0.7385 val_loss=0.5515 router_H=0.6878 best=0.8727
           router_load=[0.4546430706977844, 0.0029445355758070946, 0.005743927787989378, 0.5366684198379517]
[step 0140/150] method=baseline_cagrad loss=0.6048 train_acc=0.7918 train_loss=0.4791 val_acc=0.7385 val_loss=0.5515 router_H=0.6878 best=0.8727
           router_load=[0.4546430706977844, 0.0029445355758070946, 0.005743927787989378, 0.5366684198379517]
[step 0150/150] method=baseline_cagrad loss=0.5055 train_acc=0.8952 train_loss=0.2738 val_acc=0.9025 val_loss=0.2691 router_H=0.6856 best=0.9025
           router_load=[0.2996847927570343, 0.12809403240680695, 0.02556433156132698, 0.5466567873954773]
saved summary -> /home/zhujjing/MOE-grad-conflict-routing/runs/paper_suite/single_gpu/single_task/roberta_sst2_lora_e4_k2/hpo/cagrad/trial_runs/coord_03_train_grad_clip_008/cagrad_s2.json
saved curve -> /home/zhujjing/MOE-grad-conflict-routing/runs/paper_suite/single_gpu/single_task/roberta_sst2_lora_e4_k2/hpo/cagrad/trial_runs/coord_03_train_grad_clip_008/cagrad_s2_curve.csv
