[run] method=cagrad candidate=coord_03_train_grad_clip_017 seed=2 steps=150 gpu=0
[run] cmd=
/home/zhujjing/anaconda3/envs/moe/bin/python /home/zhujjing/MOE-grad-conflict-routing/scripts/run.py --config configs/singletask_sst2_real.yaml --set model.backbone_backend=hf --set model.hf_load_pretrained=true --set model.backbone=roberta --set model.hf_pretrained_name=roberta-base --set model.expert_type=lora --set model.routing_mode=topk --set model.num_experts=4 --set model.top_k=2 --set seed=2 --set method.name=baseline_cagrad --set train.steps=150 --set train.eval_every_steps=50 --set method.baseline_cagrad.c=0.4 --set method.baseline_cagrad.inner_lr=0.1 --set train.grad_clip=1.658271302 --set train.lr=2e-05 --set train.weight_decay=0.02884869601 --out /home/zhujjing/MOE-grad-conflict-routing/runs/paper_suite/single_gpu/single_task/roberta_sst2_lora_e4_k2/hpo/cagrad/trial_runs/coord_03_train_grad_clip_017/cagrad_s2.json --curve_out /home/zhujjing/MOE-grad-conflict-routing/runs/paper_suite/single_gpu/single_task/roberta_sst2_lora_e4_k2/hpo/cagrad/trial_runs/coord_03_train_grad_clip_017/cagrad_s2_curve.csv
Using the latest cached version of the dataset since glue couldn't be found on the Hugging Face Hub (offline mode is enabled).
Found the latest cached dataset configuration 'sst2' at /home/zhujjing/hf_cache/datasets/glue/sst2/0.0.0/bcdcba79d07bc864c1c254ccfcedcce55bcc9a8c (last modified on Thu Mar 19 15:01:41 2026).
/home/zhujjing/anaconda3/envs/moe/lib/python3.10/site-packages/transformers/utils/hub.py:124: FutureWarning: Using `TRANSFORMERS_CACHE` is deprecated and will be removed in v5 of Transformers. Use `HF_HOME` instead.
  warnings.warn(
Some weights of RobertaModel were not initialized from the model checkpoint at roberta-base and are newly initialized: ['roberta.pooler.dense.bias', 'roberta.pooler.dense.weight']
You should probably TRAIN this model on a down-stream task to be able to use it for predictions and inference.
[step 0001/150] method=baseline_cagrad loss=0.5899 train_acc=nan train_loss=nan val_acc=nan val_loss=nan best=-1.0000
[step 0010/150] method=baseline_cagrad loss=0.7032 train_acc=nan train_loss=nan val_acc=nan val_loss=nan best=-1.0000
[step 0020/150] method=baseline_cagrad loss=0.6396 train_acc=nan train_loss=nan val_acc=nan val_loss=nan best=-1.0000
[step 0030/150] method=baseline_cagrad loss=0.5219 train_acc=nan train_loss=nan val_acc=nan val_loss=nan best=-1.0000
[step 0040/150] method=baseline_cagrad loss=0.1053 train_acc=nan train_loss=nan val_acc=nan val_loss=nan best=-1.0000
[step 0050/150] method=baseline_cagrad loss=0.5952 train_acc=0.8661 train_loss=0.4377 val_acc=0.8727 val_loss=0.3817 router_H=0.6908 best=0.8727
           router_load=[0.15196366608142853, 0.4157009720802307, 0.2683555483818054, 0.16397984325885773]
[step 0060/150] method=baseline_cagrad loss=0.2930 train_acc=0.8661 train_loss=0.4377 val_acc=0.8727 val_loss=0.3817 router_H=0.6908 best=0.8727
           router_load=[0.15196366608142853, 0.4157009720802307, 0.2683555483818054, 0.16397984325885773]
[step 0070/150] method=baseline_cagrad loss=0.4106 train_acc=0.8661 train_loss=0.4377 val_acc=0.8727 val_loss=0.3817 router_H=0.6908 best=0.8727
           router_load=[0.15196366608142853, 0.4157009720802307, 0.2683555483818054, 0.16397984325885773]
[step 0080/150] method=baseline_cagrad loss=0.7090 train_acc=0.8661 train_loss=0.4377 val_acc=0.8727 val_loss=0.3817 router_H=0.6908 best=0.8727
           router_load=[0.15196366608142853, 0.4157009720802307, 0.2683555483818054, 0.16397984325885773]
[step 0090/150] method=baseline_cagrad loss=0.5288 train_acc=0.8661 train_loss=0.4377 val_acc=0.8727 val_loss=0.3817 router_H=0.6908 best=0.8727
           router_load=[0.15196366608142853, 0.4157009720802307, 0.2683555483818054, 0.16397984325885773]
[step 0100/150] method=baseline_cagrad loss=0.5895 train_acc=0.8428 train_loss=0.4441 val_acc=0.7924 val_loss=0.5278 router_H=0.6848 best=0.8727
           router_load=[0.005526566877961159, 0.5346266627311707, 0.20343980193138123, 0.2564070224761963]
[step 0110/150] method=baseline_cagrad loss=0.4480 train_acc=0.8428 train_loss=0.4441 val_acc=0.7924 val_loss=0.5278 router_H=0.6848 best=0.8727
           router_load=[0.005526566877961159, 0.5346266627311707, 0.20343980193138123, 0.2564070224761963]
[step 0120/150] method=baseline_cagrad loss=0.5031 train_acc=0.8428 train_loss=0.4441 val_acc=0.7924 val_loss=0.5278 router_H=0.6848 best=0.8727
           router_load=[0.005526566877961159, 0.5346266627311707, 0.20343980193138123, 0.2564070224761963]
[step 0130/150] method=baseline_cagrad loss=0.2069 train_acc=0.8428 train_loss=0.4441 val_acc=0.7924 val_loss=0.5278 router_H=0.6848 best=0.8727
           router_load=[0.005526566877961159, 0.5346266627311707, 0.20343980193138123, 0.2564070224761963]
[step 0140/150] method=baseline_cagrad loss=0.5528 train_acc=0.8428 train_loss=0.4441 val_acc=0.7924 val_loss=0.5278 router_H=0.6848 best=0.8727
           router_load=[0.005526566877961159, 0.5346266627311707, 0.20343980193138123, 0.2564070224761963]
[step 0150/150] method=baseline_cagrad loss=0.4720 train_acc=0.8922 train_loss=0.2732 val_acc=0.8807 val_loss=0.2784 router_H=0.6874 best=0.8807
           router_load=[0.06996730715036392, 0.5036868453025818, 0.14221158623695374, 0.28413426876068115]
saved summary -> /home/zhujjing/MOE-grad-conflict-routing/runs/paper_suite/single_gpu/single_task/roberta_sst2_lora_e4_k2/hpo/cagrad/trial_runs/coord_03_train_grad_clip_017/cagrad_s2.json
saved curve -> /home/zhujjing/MOE-grad-conflict-routing/runs/paper_suite/single_gpu/single_task/roberta_sst2_lora_e4_k2/hpo/cagrad/trial_runs/coord_03_train_grad_clip_017/cagrad_s2_curve.csv
