[run] method=cagrad candidate=coord_03_train_grad_clip_016 seed=2 steps=150 gpu=0
[run] cmd=
/home/zhujjing/anaconda3/envs/moe/bin/python /home/zhujjing/MOE-grad-conflict-routing/scripts/run.py --config configs/singletask_sst2_real.yaml --set model.backbone_backend=hf --set model.hf_load_pretrained=true --set model.backbone=roberta --set model.hf_pretrained_name=roberta-base --set model.expert_type=lora --set model.routing_mode=topk --set model.num_experts=4 --set model.top_k=2 --set seed=2 --set method.name=baseline_cagrad --set train.steps=150 --set train.eval_every_steps=50 --set method.baseline_cagrad.c=0.4 --set method.baseline_cagrad.inner_lr=0.1 --set train.grad_clip=1.908688321 --set train.lr=2e-05 --set train.weight_decay=0.02884869601 --out /home/zhujjing/MOE-grad-conflict-routing/runs/paper_suite/single_gpu/single_task/roberta_sst2_lora_e4_k2/hpo/cagrad/trial_runs/coord_03_train_grad_clip_016/cagrad_s2.json --curve_out /home/zhujjing/MOE-grad-conflict-routing/runs/paper_suite/single_gpu/single_task/roberta_sst2_lora_e4_k2/hpo/cagrad/trial_runs/coord_03_train_grad_clip_016/cagrad_s2_curve.csv
Using the latest cached version of the dataset since glue couldn't be found on the Hugging Face Hub (offline mode is enabled).
Found the latest cached dataset configuration 'sst2' at /home/zhujjing/hf_cache/datasets/glue/sst2/0.0.0/bcdcba79d07bc864c1c254ccfcedcce55bcc9a8c (last modified on Thu Mar 19 15:01:41 2026).
/home/zhujjing/anaconda3/envs/moe/lib/python3.10/site-packages/transformers/utils/hub.py:124: FutureWarning: Using `TRANSFORMERS_CACHE` is deprecated and will be removed in v5 of Transformers. Use `HF_HOME` instead.
  warnings.warn(
Some weights of RobertaModel were not initialized from the model checkpoint at roberta-base and are newly initialized: ['roberta.pooler.dense.bias', 'roberta.pooler.dense.weight']
You should probably TRAIN this model on a down-stream task to be able to use it for predictions and inference.
[step 0001/150] method=baseline_cagrad loss=0.7120 train_acc=nan train_loss=nan val_acc=nan val_loss=nan best=-1.0000
[step 0010/150] method=baseline_cagrad loss=0.7216 train_acc=nan train_loss=nan val_acc=nan val_loss=nan best=-1.0000
[step 0020/150] method=baseline_cagrad loss=0.5818 train_acc=nan train_loss=nan val_acc=nan val_loss=nan best=-1.0000
[step 0030/150] method=baseline_cagrad loss=0.4197 train_acc=nan train_loss=nan val_acc=nan val_loss=nan best=-1.0000
[step 0040/150] method=baseline_cagrad loss=0.0805 train_acc=nan train_loss=nan val_acc=nan val_loss=nan best=-1.0000
[step 0050/150] method=baseline_cagrad loss=0.4344 train_acc=0.8535 train_loss=0.3847 val_acc=0.8096 val_loss=0.5120 router_H=0.6850 best=0.8096
           router_load=[0.32276269793510437, 0.009296199306845665, 0.3582339584827423, 0.30970704555511475]
[step 0060/150] method=baseline_cagrad loss=0.2231 train_acc=0.8535 train_loss=0.3847 val_acc=0.8096 val_loss=0.5120 router_H=0.6850 best=0.8096
           router_load=[0.32276269793510437, 0.009296199306845665, 0.3582339584827423, 0.30970704555511475]
[step 0070/150] method=baseline_cagrad loss=0.4456 train_acc=0.8535 train_loss=0.3847 val_acc=0.8096 val_loss=0.5120 router_H=0.6850 best=0.8096
           router_load=[0.32276269793510437, 0.009296199306845665, 0.3582339584827423, 0.30970704555511475]
[step 0080/150] method=baseline_cagrad loss=0.5417 train_acc=0.8535 train_loss=0.3847 val_acc=0.8096 val_loss=0.5120 router_H=0.6850 best=0.8096
           router_load=[0.32276269793510437, 0.009296199306845665, 0.3582339584827423, 0.30970704555511475]
[step 0090/150] method=baseline_cagrad loss=0.2961 train_acc=0.8535 train_loss=0.3847 val_acc=0.8096 val_loss=0.5120 router_H=0.6850 best=0.8096
           router_load=[0.32276269793510437, 0.009296199306845665, 0.3582339584827423, 0.30970704555511475]
[step 0100/150] method=baseline_cagrad loss=0.6892 train_acc=0.8258 train_loss=0.4518 val_acc=0.7821 val_loss=0.5250 router_H=0.6894 best=0.8096
           router_load=[0.2193138599395752, 0.03077997826039791, 0.48738276958465576, 0.2625234127044678]
[step 0110/150] method=baseline_cagrad loss=0.4127 train_acc=0.8258 train_loss=0.4518 val_acc=0.7821 val_loss=0.5250 router_H=0.6894 best=0.8096
           router_load=[0.2193138599395752, 0.03077997826039791, 0.48738276958465576, 0.2625234127044678]
[step 0120/150] method=baseline_cagrad loss=0.3929 train_acc=0.8258 train_loss=0.4518 val_acc=0.7821 val_loss=0.5250 router_H=0.6894 best=0.8096
           router_load=[0.2193138599395752, 0.03077997826039791, 0.48738276958465576, 0.2625234127044678]
[step 0130/150] method=baseline_cagrad loss=0.2342 train_acc=0.8258 train_loss=0.4518 val_acc=0.7821 val_loss=0.5250 router_H=0.6894 best=0.8096
           router_load=[0.2193138599395752, 0.03077997826039791, 0.48738276958465576, 0.2625234127044678]
[step 0140/150] method=baseline_cagrad loss=0.4797 train_acc=0.8258 train_loss=0.4518 val_acc=0.7821 val_loss=0.5250 router_H=0.6894 best=0.8096
           router_load=[0.2193138599395752, 0.03077997826039791, 0.48738276958465576, 0.2625234127044678]
[step 0150/150] method=baseline_cagrad loss=0.6123 train_acc=0.8844 train_loss=0.3064 val_acc=0.9025 val_loss=0.2656 router_H=0.6869 best=0.9025
           router_load=[0.11486219614744186, 0.05768745765089989, 0.43343353271484375, 0.3940168619155884]
saved summary -> /home/zhujjing/MOE-grad-conflict-routing/runs/paper_suite/single_gpu/single_task/roberta_sst2_lora_e4_k2/hpo/cagrad/trial_runs/coord_03_train_grad_clip_016/cagrad_s2.json
saved curve -> /home/zhujjing/MOE-grad-conflict-routing/runs/paper_suite/single_gpu/single_task/roberta_sst2_lora_e4_k2/hpo/cagrad/trial_runs/coord_03_train_grad_clip_016/cagrad_s2_curve.csv
