[run] method=cagrad candidate=coord_03_train_grad_clip_003 seed=3 steps=150 gpu=0
[run] cmd=
/home/zhujjing/anaconda3/envs/moe/bin/python /home/zhujjing/MOE-grad-conflict-routing/scripts/run.py --config configs/singletask_sst2_real.yaml --set model.backbone_backend=hf --set model.hf_load_pretrained=true --set model.backbone=roberta --set model.hf_pretrained_name=roberta-base --set model.expert_type=lora --set model.routing_mode=topk --set model.num_experts=4 --set model.top_k=2 --set seed=3 --set method.name=baseline_cagrad --set train.steps=150 --set train.eval_every_steps=50 --set method.baseline_cagrad.c=0.4 --set method.baseline_cagrad.inner_lr=0.1 --set train.grad_clip=1.888120198 --set train.lr=2e-05 --set train.weight_decay=0.02884869601 --out /home/zhujjing/MOE-grad-conflict-routing/runs/paper_suite/single_gpu/single_task/roberta_sst2_lora_e4_k2/hpo/cagrad/trial_runs/coord_03_train_grad_clip_003/cagrad_s3.json --curve_out /home/zhujjing/MOE-grad-conflict-routing/runs/paper_suite/single_gpu/single_task/roberta_sst2_lora_e4_k2/hpo/cagrad/trial_runs/coord_03_train_grad_clip_003/cagrad_s3_curve.csv
Using the latest cached version of the dataset since glue couldn't be found on the Hugging Face Hub (offline mode is enabled).
Found the latest cached dataset configuration 'sst2' at /home/zhujjing/hf_cache/datasets/glue/sst2/0.0.0/bcdcba79d07bc864c1c254ccfcedcce55bcc9a8c (last modified on Thu Mar 19 15:01:41 2026).
/home/zhujjing/anaconda3/envs/moe/lib/python3.10/site-packages/transformers/utils/hub.py:124: FutureWarning: Using `TRANSFORMERS_CACHE` is deprecated and will be removed in v5 of Transformers. Use `HF_HOME` instead.
  warnings.warn(
Some weights of RobertaModel were not initialized from the model checkpoint at roberta-base and are newly initialized: ['roberta.pooler.dense.bias', 'roberta.pooler.dense.weight']
You should probably TRAIN this model on a down-stream task to be able to use it for predictions and inference.
[step 0001/150] method=baseline_cagrad loss=0.6104 train_acc=nan train_loss=nan val_acc=nan val_loss=nan best=-1.0000
[step 0010/150] method=baseline_cagrad loss=0.6471 train_acc=nan train_loss=nan val_acc=nan val_loss=nan best=-1.0000
[step 0020/150] method=baseline_cagrad loss=0.5506 train_acc=nan train_loss=nan val_acc=nan val_loss=nan best=-1.0000
[step 0030/150] method=baseline_cagrad loss=0.5269 train_acc=nan train_loss=nan val_acc=nan val_loss=nan best=-1.0000
[step 0040/150] method=baseline_cagrad loss=0.6911 train_acc=nan train_loss=nan val_acc=nan val_loss=nan best=-1.0000
[step 0050/150] method=baseline_cagrad loss=0.4804 train_acc=0.8704 train_loss=0.3405 val_acc=0.8830 val_loss=0.3351 router_H=0.6648 best=0.8830
           router_load=[0.0, 0.3372177481651306, 0.05501273646950722, 0.6077696084976196]
[step 0060/150] method=baseline_cagrad loss=0.4493 train_acc=0.8704 train_loss=0.3405 val_acc=0.8830 val_loss=0.3351 router_H=0.6648 best=0.8830
           router_load=[0.0, 0.3372177481651306, 0.05501273646950722, 0.6077696084976196]
[step 0070/150] method=baseline_cagrad loss=0.3778 train_acc=0.8704 train_loss=0.3405 val_acc=0.8830 val_loss=0.3351 router_H=0.6648 best=0.8830
           router_load=[0.0, 0.3372177481651306, 0.05501273646950722, 0.6077696084976196]
[step 0080/150] method=baseline_cagrad loss=0.1414 train_acc=0.8704 train_loss=0.3405 val_acc=0.8830 val_loss=0.3351 router_H=0.6648 best=0.8830
           router_load=[0.0, 0.3372177481651306, 0.05501273646950722, 0.6077696084976196]
[step 0090/150] method=baseline_cagrad loss=0.2966 train_acc=0.8704 train_loss=0.3405 val_acc=0.8830 val_loss=0.3351 router_H=0.6648 best=0.8830
           router_load=[0.0, 0.3372177481651306, 0.05501273646950722, 0.6077696084976196]
[step 0100/150] method=baseline_cagrad loss=0.2232 train_acc=0.8785 train_loss=0.2983 val_acc=0.8842 val_loss=0.2792 router_H=0.6736 best=0.8842
           router_load=[0.0, 0.4220122694969177, 0.0248947162181139, 0.5530930161476135]
[step 0110/150] method=baseline_cagrad loss=0.3895 train_acc=0.8785 train_loss=0.2983 val_acc=0.8842 val_loss=0.2792 router_H=0.6736 best=0.8842
           router_load=[0.0, 0.4220122694969177, 0.0248947162181139, 0.5530930161476135]
[step 0120/150] method=baseline_cagrad loss=0.5098 train_acc=0.8785 train_loss=0.2983 val_acc=0.8842 val_loss=0.2792 router_H=0.6736 best=0.8842
           router_load=[0.0, 0.4220122694969177, 0.0248947162181139, 0.5530930161476135]
[step 0130/150] method=baseline_cagrad loss=0.7917 train_acc=0.8785 train_loss=0.2983 val_acc=0.8842 val_loss=0.2792 router_H=0.6736 best=0.8842
           router_load=[0.0, 0.4220122694969177, 0.0248947162181139, 0.5530930161476135]
[step 0140/150] method=baseline_cagrad loss=0.2285 train_acc=0.8785 train_loss=0.2983 val_acc=0.8842 val_loss=0.2792 router_H=0.6736 best=0.8842
           router_load=[0.0, 0.4220122694969177, 0.0248947162181139, 0.5530930161476135]
[step 0150/150] method=baseline_cagrad loss=0.1375 train_acc=0.8864 train_loss=0.3149 val_acc=0.9083 val_loss=0.2734 router_H=0.6745 best=0.9083
           router_load=[0.001891246298328042, 0.42686930298805237, 0.026843246072530746, 0.544396162033081]
saved summary -> /home/zhujjing/MOE-grad-conflict-routing/runs/paper_suite/single_gpu/single_task/roberta_sst2_lora_e4_k2/hpo/cagrad/trial_runs/coord_03_train_grad_clip_003/cagrad_s3.json
saved curve -> /home/zhujjing/MOE-grad-conflict-routing/runs/paper_suite/single_gpu/single_task/roberta_sst2_lora_e4_k2/hpo/cagrad/trial_runs/coord_03_train_grad_clip_003/cagrad_s3_curve.csv
