[run] method=cagrad candidate=coord_03_train_grad_clip_014 seed=3 steps=150 gpu=0
[run] cmd=
/home/zhujjing/anaconda3/envs/moe/bin/python /home/zhujjing/MOE-grad-conflict-routing/scripts/run.py --config configs/singletask_sst2_real.yaml --set model.backbone_backend=hf --set model.hf_load_pretrained=true --set model.backbone=roberta --set model.hf_pretrained_name=roberta-base --set model.expert_type=lora --set model.routing_mode=topk --set model.num_experts=4 --set model.top_k=2 --set seed=3 --set method.name=baseline_cagrad --set train.steps=150 --set train.eval_every_steps=50 --set method.baseline_cagrad.c=0.4 --set method.baseline_cagrad.inner_lr=0.1 --set train.grad_clip=0.712672082 --set train.lr=2e-05 --set train.weight_decay=0.02884869601 --out /home/zhujjing/MOE-grad-conflict-routing/runs/paper_suite/single_gpu/single_task/roberta_sst2_lora_e4_k2/hpo/cagrad/trial_runs/coord_03_train_grad_clip_014/cagrad_s3.json --curve_out /home/zhujjing/MOE-grad-conflict-routing/runs/paper_suite/single_gpu/single_task/roberta_sst2_lora_e4_k2/hpo/cagrad/trial_runs/coord_03_train_grad_clip_014/cagrad_s3_curve.csv
Using the latest cached version of the dataset since glue couldn't be found on the Hugging Face Hub (offline mode is enabled).
Found the latest cached dataset configuration 'sst2' at /home/zhujjing/hf_cache/datasets/glue/sst2/0.0.0/bcdcba79d07bc864c1c254ccfcedcce55bcc9a8c (last modified on Thu Mar 19 15:01:41 2026).
/home/zhujjing/anaconda3/envs/moe/lib/python3.10/site-packages/transformers/utils/hub.py:124: FutureWarning: Using `TRANSFORMERS_CACHE` is deprecated and will be removed in v5 of Transformers. Use `HF_HOME` instead.
  warnings.warn(
Some weights of RobertaModel were not initialized from the model checkpoint at roberta-base and are newly initialized: ['roberta.pooler.dense.bias', 'roberta.pooler.dense.weight']
You should probably TRAIN this model on a down-stream task to be able to use it for predictions and inference.
[step 0001/150] method=baseline_cagrad loss=0.6096 train_acc=nan train_loss=nan val_acc=nan val_loss=nan best=-1.0000
[step 0010/150] method=baseline_cagrad loss=0.6571 train_acc=nan train_loss=nan val_acc=nan val_loss=nan best=-1.0000
[step 0020/150] method=baseline_cagrad loss=0.5776 train_acc=nan train_loss=nan val_acc=nan val_loss=nan best=-1.0000
[step 0030/150] method=baseline_cagrad loss=0.4663 train_acc=nan train_loss=nan val_acc=nan val_loss=nan best=-1.0000
[step 0040/150] method=baseline_cagrad loss=0.5782 train_acc=nan train_loss=nan val_acc=nan val_loss=nan best=-1.0000
[step 0050/150] method=baseline_cagrad loss=0.3906 train_acc=0.8746 train_loss=0.3225 val_acc=0.8750 val_loss=0.3238 router_H=0.6664 best=0.8750
           router_load=[0.0008540410781279206, 0.012327782809734344, 0.3902435898780823, 0.596574604511261]
[step 0060/150] method=baseline_cagrad loss=0.6447 train_acc=0.8746 train_loss=0.3225 val_acc=0.8750 val_loss=0.3238 router_H=0.6664 best=0.8750
           router_load=[0.0008540410781279206, 0.012327782809734344, 0.3902435898780823, 0.596574604511261]
[step 0070/150] method=baseline_cagrad loss=0.4303 train_acc=0.8746 train_loss=0.3225 val_acc=0.8750 val_loss=0.3238 router_H=0.6664 best=0.8750
           router_load=[0.0008540410781279206, 0.012327782809734344, 0.3902435898780823, 0.596574604511261]
[step 0080/150] method=baseline_cagrad loss=0.1738 train_acc=0.8746 train_loss=0.3225 val_acc=0.8750 val_loss=0.3238 router_H=0.6664 best=0.8750
           router_load=[0.0008540410781279206, 0.012327782809734344, 0.3902435898780823, 0.596574604511261]
[step 0090/150] method=baseline_cagrad loss=0.2741 train_acc=0.8746 train_loss=0.3225 val_acc=0.8750 val_loss=0.3238 router_H=0.6664 best=0.8750
           router_load=[0.0008540410781279206, 0.012327782809734344, 0.3902435898780823, 0.596574604511261]
[step 0100/150] method=baseline_cagrad loss=0.3442 train_acc=0.8839 train_loss=0.3043 val_acc=0.9128 val_loss=0.2587 router_H=0.6656 best=0.9128
           router_load=[0.0008260197355411947, 0.004544856958091259, 0.38935473561286926, 0.6052743792533875]
[step 0110/150] method=baseline_cagrad loss=0.5215 train_acc=0.8839 train_loss=0.3043 val_acc=0.9128 val_loss=0.2587 router_H=0.6656 best=0.9128
           router_load=[0.0008260197355411947, 0.004544856958091259, 0.38935473561286926, 0.6052743792533875]
[step 0120/150] method=baseline_cagrad loss=0.5418 train_acc=0.8839 train_loss=0.3043 val_acc=0.9128 val_loss=0.2587 router_H=0.6656 best=0.9128
           router_load=[0.0008260197355411947, 0.004544856958091259, 0.38935473561286926, 0.6052743792533875]
[step 0130/150] method=baseline_cagrad loss=1.0207 train_acc=0.8839 train_loss=0.3043 val_acc=0.9128 val_loss=0.2587 router_H=0.6656 best=0.9128
           router_load=[0.0008260197355411947, 0.004544856958091259, 0.38935473561286926, 0.6052743792533875]
[step 0140/150] method=baseline_cagrad loss=0.1882 train_acc=0.8839 train_loss=0.3043 val_acc=0.9128 val_loss=0.2587 router_H=0.6656 best=0.9128
           router_load=[0.0008260197355411947, 0.004544856958091259, 0.38935473561286926, 0.6052743792533875]
[step 0150/150] method=baseline_cagrad loss=0.1112 train_acc=0.8963 train_loss=0.3001 val_acc=0.9163 val_loss=0.2569 router_H=0.6572 best=0.9163
           router_load=[0.0008496830123476684, 0.00510552991181612, 0.3685026168823242, 0.6255420446395874]
saved summary -> /home/zhujjing/MOE-grad-conflict-routing/runs/paper_suite/single_gpu/single_task/roberta_sst2_lora_e4_k2/hpo/cagrad/trial_runs/coord_03_train_grad_clip_014/cagrad_s3.json
saved curve -> /home/zhujjing/MOE-grad-conflict-routing/runs/paper_suite/single_gpu/single_task/roberta_sst2_lora_e4_k2/hpo/cagrad/trial_runs/coord_03_train_grad_clip_014/cagrad_s3_curve.csv
