[run] method=cagrad candidate=coord_03_train_grad_clip_011 seed=3 steps=150 gpu=0
[run] cmd=
/home/zhujjing/anaconda3/envs/moe/bin/python /home/zhujjing/MOE-grad-conflict-routing/scripts/run.py --config configs/singletask_sst2_real.yaml --set model.backbone_backend=hf --set model.hf_load_pretrained=true --set model.backbone=roberta --set model.hf_pretrained_name=roberta-base --set model.expert_type=lora --set model.routing_mode=topk --set model.num_experts=4 --set model.top_k=2 --set seed=3 --set method.name=baseline_cagrad --set train.steps=150 --set train.eval_every_steps=50 --set method.baseline_cagrad.c=0.4 --set method.baseline_cagrad.inner_lr=0.1 --set train.grad_clip=1.064623922 --set train.lr=2e-05 --set train.weight_decay=0.02884869601 --out /home/zhujjing/MOE-grad-conflict-routing/runs/paper_suite/single_gpu/single_task/roberta_sst2_lora_e4_k2/hpo/cagrad/trial_runs/coord_03_train_grad_clip_011/cagrad_s3.json --curve_out /home/zhujjing/MOE-grad-conflict-routing/runs/paper_suite/single_gpu/single_task/roberta_sst2_lora_e4_k2/hpo/cagrad/trial_runs/coord_03_train_grad_clip_011/cagrad_s3_curve.csv
Using the latest cached version of the dataset since glue couldn't be found on the Hugging Face Hub (offline mode is enabled).
Found the latest cached dataset configuration 'sst2' at /home/zhujjing/hf_cache/datasets/glue/sst2/0.0.0/bcdcba79d07bc864c1c254ccfcedcce55bcc9a8c (last modified on Thu Mar 19 15:01:41 2026).
/home/zhujjing/anaconda3/envs/moe/lib/python3.10/site-packages/transformers/utils/hub.py:124: FutureWarning: Using `TRANSFORMERS_CACHE` is deprecated and will be removed in v5 of Transformers. Use `HF_HOME` instead.
  warnings.warn(
Some weights of RobertaModel were not initialized from the model checkpoint at roberta-base and are newly initialized: ['roberta.pooler.dense.bias', 'roberta.pooler.dense.weight']
You should probably TRAIN this model on a down-stream task to be able to use it for predictions and inference.
[step 0001/150] method=baseline_cagrad loss=0.5838 train_acc=nan train_loss=nan val_acc=nan val_loss=nan best=-1.0000
[step 0010/150] method=baseline_cagrad loss=0.6768 train_acc=nan train_loss=nan val_acc=nan val_loss=nan best=-1.0000
[step 0020/150] method=baseline_cagrad loss=0.6297 train_acc=nan train_loss=nan val_acc=nan val_loss=nan best=-1.0000
[step 0030/150] method=baseline_cagrad loss=0.5675 train_acc=nan train_loss=nan val_acc=nan val_loss=nan best=-1.0000
[step 0040/150] method=baseline_cagrad loss=0.5692 train_acc=nan train_loss=nan val_acc=nan val_loss=nan best=-1.0000
[step 0050/150] method=baseline_cagrad loss=0.4740 train_acc=0.8644 train_loss=0.3413 val_acc=0.8658 val_loss=0.3240 router_H=0.6862 best=0.8658
           router_load=[0.19815564155578613, 0.20407851040363312, 0.3102644681930542, 0.2875014543533325]
[step 0060/150] method=baseline_cagrad loss=0.4520 train_acc=0.8644 train_loss=0.3413 val_acc=0.8658 val_loss=0.3240 router_H=0.6862 best=0.8658
           router_load=[0.19815564155578613, 0.20407851040363312, 0.3102644681930542, 0.2875014543533325]
[step 0070/150] method=baseline_cagrad loss=0.5337 train_acc=0.8644 train_loss=0.3413 val_acc=0.8658 val_loss=0.3240 router_H=0.6862 best=0.8658
           router_load=[0.19815564155578613, 0.20407851040363312, 0.3102644681930542, 0.2875014543533325]
[step 0080/150] method=baseline_cagrad loss=0.2157 train_acc=0.8644 train_loss=0.3413 val_acc=0.8658 val_loss=0.3240 router_H=0.6862 best=0.8658
           router_load=[0.19815564155578613, 0.20407851040363312, 0.3102644681930542, 0.2875014543533325]
[step 0090/150] method=baseline_cagrad loss=0.3197 train_acc=0.8644 train_loss=0.3413 val_acc=0.8658 val_loss=0.3240 router_H=0.6862 best=0.8658
           router_load=[0.19815564155578613, 0.20407851040363312, 0.3102644681930542, 0.2875014543533325]
[step 0100/150] method=baseline_cagrad loss=0.5569 train_acc=0.8576 train_loss=0.3432 val_acc=0.8911 val_loss=0.2859 router_H=0.6857 best=0.8911
           router_load=[0.24623750150203705, 0.1534150391817093, 0.3202839493751526, 0.2800636291503906]
[step 0110/150] method=baseline_cagrad loss=0.3321 train_acc=0.8576 train_loss=0.3432 val_acc=0.8911 val_loss=0.2859 router_H=0.6857 best=0.8911
           router_load=[0.24623750150203705, 0.1534150391817093, 0.3202839493751526, 0.2800636291503906]
[step 0120/150] method=baseline_cagrad loss=0.5900 train_acc=0.8576 train_loss=0.3432 val_acc=0.8911 val_loss=0.2859 router_H=0.6857 best=0.8911
           router_load=[0.24623750150203705, 0.1534150391817093, 0.3202839493751526, 0.2800636291503906]
[step 0130/150] method=baseline_cagrad loss=0.7032 train_acc=0.8576 train_loss=0.3432 val_acc=0.8911 val_loss=0.2859 router_H=0.6857 best=0.8911
           router_load=[0.24623750150203705, 0.1534150391817093, 0.3202839493751526, 0.2800636291503906]
[step 0140/150] method=baseline_cagrad loss=0.2037 train_acc=0.8576 train_loss=0.3432 val_acc=0.8911 val_loss=0.2859 router_H=0.6857 best=0.8911
           router_load=[0.24623750150203705, 0.1534150391817093, 0.3202839493751526, 0.2800636291503906]
[step 0150/150] method=baseline_cagrad loss=0.1412 train_acc=0.8793 train_loss=0.3143 val_acc=0.9094 val_loss=0.2530 router_H=0.6786 best=0.9094
           router_load=[0.10817648470401764, 0.22644785046577454, 0.28284454345703125, 0.382531076669693]
saved summary -> /home/zhujjing/MOE-grad-conflict-routing/runs/paper_suite/single_gpu/single_task/roberta_sst2_lora_e4_k2/hpo/cagrad/trial_runs/coord_03_train_grad_clip_011/cagrad_s3.json
saved curve -> /home/zhujjing/MOE-grad-conflict-routing/runs/paper_suite/single_gpu/single_task/roberta_sst2_lora_e4_k2/hpo/cagrad/trial_runs/coord_03_train_grad_clip_011/cagrad_s3_curve.csv
