[run] method=cagrad candidate=coord_03_train_grad_clip_000 seed=2 steps=150 gpu=0
[run] cmd=
/home/zhujjing/anaconda3/envs/moe/bin/python /home/zhujjing/MOE-grad-conflict-routing/scripts/run.py --config configs/singletask_sst2_real.yaml --set model.backbone_backend=hf --set model.hf_load_pretrained=true --set model.backbone=roberta --set model.hf_pretrained_name=roberta-base --set model.expert_type=lora --set model.routing_mode=topk --set model.num_experts=4 --set model.top_k=2 --set seed=2 --set method.name=baseline_cagrad --set train.steps=150 --set train.eval_every_steps=50 --set method.baseline_cagrad.c=0.4 --set method.baseline_cagrad.inner_lr=0.1 --set train.grad_clip=1.594082469 --set train.lr=2e-05 --set train.weight_decay=0.02884869601 --out /home/zhujjing/MOE-grad-conflict-routing/runs/paper_suite/single_gpu/single_task/roberta_sst2_lora_e4_k2/hpo/cagrad/trial_runs/coord_03_train_grad_clip_000/cagrad_s2.json --curve_out /home/zhujjing/MOE-grad-conflict-routing/runs/paper_suite/single_gpu/single_task/roberta_sst2_lora_e4_k2/hpo/cagrad/trial_runs/coord_03_train_grad_clip_000/cagrad_s2_curve.csv
Using the latest cached version of the dataset since glue couldn't be found on the Hugging Face Hub (offline mode is enabled).
Found the latest cached dataset configuration 'sst2' at /home/zhujjing/hf_cache/datasets/glue/sst2/0.0.0/bcdcba79d07bc864c1c254ccfcedcce55bcc9a8c (last modified on Thu Mar 19 15:01:41 2026).
/home/zhujjing/anaconda3/envs/moe/lib/python3.10/site-packages/transformers/utils/hub.py:124: FutureWarning: Using `TRANSFORMERS_CACHE` is deprecated and will be removed in v5 of Transformers. Use `HF_HOME` instead.
  warnings.warn(
Some weights of RobertaModel were not initialized from the model checkpoint at roberta-base and are newly initialized: ['roberta.pooler.dense.bias', 'roberta.pooler.dense.weight']
You should probably TRAIN this model on a down-stream task to be able to use it for predictions and inference.
[step 0001/150] method=baseline_cagrad loss=0.7063 train_acc=nan train_loss=nan val_acc=nan val_loss=nan best=-1.0000
[step 0010/150] method=baseline_cagrad loss=0.7211 train_acc=nan train_loss=nan val_acc=nan val_loss=nan best=-1.0000
[step 0020/150] method=baseline_cagrad loss=0.6143 train_acc=nan train_loss=nan val_acc=nan val_loss=nan best=-1.0000
[step 0030/150] method=baseline_cagrad loss=0.3881 train_acc=nan train_loss=nan val_acc=nan val_loss=nan best=-1.0000
[step 0040/150] method=baseline_cagrad loss=0.0806 train_acc=nan train_loss=nan val_acc=nan val_loss=nan best=-1.0000
[step 0050/150] method=baseline_cagrad loss=0.1813 train_acc=0.8117 train_loss=0.4795 val_acc=0.7741 val_loss=0.6027 router_H=0.6827 best=0.7741
           router_load=[0.30586257576942444, 0.0, 0.4641844630241394, 0.229952871799469]
[step 0060/150] method=baseline_cagrad loss=0.2422 train_acc=0.8117 train_loss=0.4795 val_acc=0.7741 val_loss=0.6027 router_H=0.6827 best=0.7741
           router_load=[0.30586257576942444, 0.0, 0.4641844630241394, 0.229952871799469]
[step 0070/150] method=baseline_cagrad loss=0.6592 train_acc=0.8117 train_loss=0.4795 val_acc=0.7741 val_loss=0.6027 router_H=0.6827 best=0.7741
           router_load=[0.30586257576942444, 0.0, 0.4641844630241394, 0.229952871799469]
[step 0080/150] method=baseline_cagrad loss=0.4850 train_acc=0.8117 train_loss=0.4795 val_acc=0.7741 val_loss=0.6027 router_H=0.6827 best=0.7741
           router_load=[0.30586257576942444, 0.0, 0.4641844630241394, 0.229952871799469]
[step 0090/150] method=baseline_cagrad loss=0.4478 train_acc=0.8117 train_loss=0.4795 val_acc=0.7741 val_loss=0.6027 router_H=0.6827 best=0.7741
           router_load=[0.30586257576942444, 0.0, 0.4641844630241394, 0.229952871799469]
[step 0100/150] method=baseline_cagrad loss=0.5583 train_acc=0.8246 train_loss=0.4133 val_acc=0.7752 val_loss=0.5083 router_H=0.6917 best=0.7752
           router_load=[0.12626895308494568, 0.0005147425690665841, 0.47348666191101074, 0.39972972869873047]
[step 0110/150] method=baseline_cagrad loss=0.3387 train_acc=0.8246 train_loss=0.4133 val_acc=0.7752 val_loss=0.5083 router_H=0.6917 best=0.7752
           router_load=[0.12626895308494568, 0.0005147425690665841, 0.47348666191101074, 0.39972972869873047]
[step 0120/150] method=baseline_cagrad loss=0.5758 train_acc=0.8246 train_loss=0.4133 val_acc=0.7752 val_loss=0.5083 router_H=0.6917 best=0.7752
           router_load=[0.12626895308494568, 0.0005147425690665841, 0.47348666191101074, 0.39972972869873047]
[step 0130/150] method=baseline_cagrad loss=0.3011 train_acc=0.8246 train_loss=0.4133 val_acc=0.7752 val_loss=0.5083 router_H=0.6917 best=0.7752
           router_load=[0.12626895308494568, 0.0005147425690665841, 0.47348666191101074, 0.39972972869873047]
[step 0140/150] method=baseline_cagrad loss=0.6912 train_acc=0.8246 train_loss=0.4133 val_acc=0.7752 val_loss=0.5083 router_H=0.6917 best=0.7752
           router_load=[0.12626895308494568, 0.0005147425690665841, 0.47348666191101074, 0.39972972869873047]
[step 0150/150] method=baseline_cagrad loss=0.4619 train_acc=0.8783 train_loss=0.2978 val_acc=0.8853 val_loss=0.2781 router_H=0.6879 best=0.8853
           router_load=[0.2697380483150482, 0.006995018105953932, 0.46227046847343445, 0.260996550321579]
saved summary -> /home/zhujjing/MOE-grad-conflict-routing/runs/paper_suite/single_gpu/single_task/roberta_sst2_lora_e4_k2/hpo/cagrad/trial_runs/coord_03_train_grad_clip_000/cagrad_s2.json
saved curve -> /home/zhujjing/MOE-grad-conflict-routing/runs/paper_suite/single_gpu/single_task/roberta_sst2_lora_e4_k2/hpo/cagrad/trial_runs/coord_03_train_grad_clip_000/cagrad_s2_curve.csv
