[run] method=cagrad candidate=coord_03_train_grad_clip_016 seed=3 steps=150 gpu=0
[run] cmd=
/home/zhujjing/anaconda3/envs/moe/bin/python /home/zhujjing/MOE-grad-conflict-routing/scripts/run.py --config configs/singletask_sst2_real.yaml --set model.backbone_backend=hf --set model.hf_load_pretrained=true --set model.backbone=roberta --set model.hf_pretrained_name=roberta-base --set model.expert_type=lora --set model.routing_mode=topk --set model.num_experts=4 --set model.top_k=2 --set seed=3 --set method.name=baseline_cagrad --set train.steps=150 --set train.eval_every_steps=50 --set method.baseline_cagrad.c=0.4 --set method.baseline_cagrad.inner_lr=0.1 --set train.grad_clip=1.908688321 --set train.lr=2e-05 --set train.weight_decay=0.02884869601 --out /home/zhujjing/MOE-grad-conflict-routing/runs/paper_suite/single_gpu/single_task/roberta_sst2_lora_e4_k2/hpo/cagrad/trial_runs/coord_03_train_grad_clip_016/cagrad_s3.json --curve_out /home/zhujjing/MOE-grad-conflict-routing/runs/paper_suite/single_gpu/single_task/roberta_sst2_lora_e4_k2/hpo/cagrad/trial_runs/coord_03_train_grad_clip_016/cagrad_s3_curve.csv
Using the latest cached version of the dataset since glue couldn't be found on the Hugging Face Hub (offline mode is enabled).
Found the latest cached dataset configuration 'sst2' at /home/zhujjing/hf_cache/datasets/glue/sst2/0.0.0/bcdcba79d07bc864c1c254ccfcedcce55bcc9a8c (last modified on Thu Mar 19 15:01:41 2026).
/home/zhujjing/anaconda3/envs/moe/lib/python3.10/site-packages/transformers/utils/hub.py:124: FutureWarning: Using `TRANSFORMERS_CACHE` is deprecated and will be removed in v5 of Transformers. Use `HF_HOME` instead.
  warnings.warn(
Some weights of RobertaModel were not initialized from the model checkpoint at roberta-base and are newly initialized: ['roberta.pooler.dense.bias', 'roberta.pooler.dense.weight']
You should probably TRAIN this model on a down-stream task to be able to use it for predictions and inference.
[step 0001/150] method=baseline_cagrad loss=0.8631 train_acc=nan train_loss=nan val_acc=nan val_loss=nan best=-1.0000
[step 0010/150] method=baseline_cagrad loss=0.6417 train_acc=nan train_loss=nan val_acc=nan val_loss=nan best=-1.0000
[step 0020/150] method=baseline_cagrad loss=0.6376 train_acc=nan train_loss=nan val_acc=nan val_loss=nan best=-1.0000
[step 0030/150] method=baseline_cagrad loss=0.6047 train_acc=nan train_loss=nan val_acc=nan val_loss=nan best=-1.0000
[step 0040/150] method=baseline_cagrad loss=0.6197 train_acc=nan train_loss=nan val_acc=nan val_loss=nan best=-1.0000
[step 0050/150] method=baseline_cagrad loss=0.5661 train_acc=0.8683 train_loss=0.3381 val_acc=0.8509 val_loss=0.3480 router_H=0.6806 best=0.8509
           router_load=[0.3259379267692566, 0.016213808208703995, 0.5282666683197021, 0.12958157062530518]
[step 0060/150] method=baseline_cagrad loss=0.5291 train_acc=0.8683 train_loss=0.3381 val_acc=0.8509 val_loss=0.3480 router_H=0.6806 best=0.8509
           router_load=[0.3259379267692566, 0.016213808208703995, 0.5282666683197021, 0.12958157062530518]
[step 0070/150] method=baseline_cagrad loss=0.5810 train_acc=0.8683 train_loss=0.3381 val_acc=0.8509 val_loss=0.3480 router_H=0.6806 best=0.8509
           router_load=[0.3259379267692566, 0.016213808208703995, 0.5282666683197021, 0.12958157062530518]
[step 0080/150] method=baseline_cagrad loss=0.3134 train_acc=0.8683 train_loss=0.3381 val_acc=0.8509 val_loss=0.3480 router_H=0.6806 best=0.8509
           router_load=[0.3259379267692566, 0.016213808208703995, 0.5282666683197021, 0.12958157062530518]
[step 0090/150] method=baseline_cagrad loss=0.1834 train_acc=0.8683 train_loss=0.3381 val_acc=0.8509 val_loss=0.3480 router_H=0.6806 best=0.8509
           router_load=[0.3259379267692566, 0.016213808208703995, 0.5282666683197021, 0.12958157062530518]
[step 0100/150] method=baseline_cagrad loss=0.4247 train_acc=0.8735 train_loss=0.3253 val_acc=0.9014 val_loss=0.2719 router_H=0.6835 best=0.9014
           router_load=[0.48029667139053345, 0.004416203126311302, 0.33037614822387695, 0.18491104245185852]
[step 0110/150] method=baseline_cagrad loss=0.4490 train_acc=0.8735 train_loss=0.3253 val_acc=0.9014 val_loss=0.2719 router_H=0.6835 best=0.9014
           router_load=[0.48029667139053345, 0.004416203126311302, 0.33037614822387695, 0.18491104245185852]
[step 0120/150] method=baseline_cagrad loss=0.4269 train_acc=0.8735 train_loss=0.3253 val_acc=0.9014 val_loss=0.2719 router_H=0.6835 best=0.9014
           router_load=[0.48029667139053345, 0.004416203126311302, 0.33037614822387695, 0.18491104245185852]
[step 0130/150] method=baseline_cagrad loss=0.8588 train_acc=0.8735 train_loss=0.3253 val_acc=0.9014 val_loss=0.2719 router_H=0.6835 best=0.9014
           router_load=[0.48029667139053345, 0.004416203126311302, 0.33037614822387695, 0.18491104245185852]
[step 0140/150] method=baseline_cagrad loss=0.1907 train_acc=0.8735 train_loss=0.3253 val_acc=0.9014 val_loss=0.2719 router_H=0.6835 best=0.9014
           router_load=[0.48029667139053345, 0.004416203126311302, 0.33037614822387695, 0.18491104245185852]
[step 0150/150] method=baseline_cagrad loss=0.1158 train_acc=0.8945 train_loss=0.2975 val_acc=0.9174 val_loss=0.2471 router_H=0.6776 best=0.9174
           router_load=[0.3785807490348816, 0.005361786112189293, 0.5511264204978943, 0.06493102014064789]
saved summary -> /home/zhujjing/MOE-grad-conflict-routing/runs/paper_suite/single_gpu/single_task/roberta_sst2_lora_e4_k2/hpo/cagrad/trial_runs/coord_03_train_grad_clip_016/cagrad_s3.json
saved curve -> /home/zhujjing/MOE-grad-conflict-routing/runs/paper_suite/single_gpu/single_task/roberta_sst2_lora_e4_k2/hpo/cagrad/trial_runs/coord_03_train_grad_clip_016/cagrad_s3_curve.csv
