[run] method=cagrad candidate=coord_03_train_grad_clip_012 seed=3 steps=150 gpu=0
[run] cmd=
/home/zhujjing/anaconda3/envs/moe/bin/python /home/zhujjing/MOE-grad-conflict-routing/scripts/run.py --config configs/singletask_sst2_real.yaml --set model.backbone_backend=hf --set model.hf_load_pretrained=true --set model.backbone=roberta --set model.hf_pretrained_name=roberta-base --set model.expert_type=lora --set model.routing_mode=topk --set model.num_experts=4 --set model.top_k=2 --set seed=3 --set method.name=baseline_cagrad --set train.steps=150 --set train.eval_every_steps=50 --set method.baseline_cagrad.c=0.4 --set method.baseline_cagrad.inner_lr=0.1 --set train.grad_clip=1.66022919 --set train.lr=2e-05 --set train.weight_decay=0.02884869601 --out /home/zhujjing/MOE-grad-conflict-routing/runs/paper_suite/single_gpu/single_task/roberta_sst2_lora_e4_k2/hpo/cagrad/trial_runs/coord_03_train_grad_clip_012/cagrad_s3.json --curve_out /home/zhujjing/MOE-grad-conflict-routing/runs/paper_suite/single_gpu/single_task/roberta_sst2_lora_e4_k2/hpo/cagrad/trial_runs/coord_03_train_grad_clip_012/cagrad_s3_curve.csv
Using the latest cached version of the dataset since glue couldn't be found on the Hugging Face Hub (offline mode is enabled).
Found the latest cached dataset configuration 'sst2' at /home/zhujjing/hf_cache/datasets/glue/sst2/0.0.0/bcdcba79d07bc864c1c254ccfcedcce55bcc9a8c (last modified on Thu Mar 19 15:01:41 2026).
/home/zhujjing/anaconda3/envs/moe/lib/python3.10/site-packages/transformers/utils/hub.py:124: FutureWarning: Using `TRANSFORMERS_CACHE` is deprecated and will be removed in v5 of Transformers. Use `HF_HOME` instead.
  warnings.warn(
Some weights of RobertaModel were not initialized from the model checkpoint at roberta-base and are newly initialized: ['roberta.pooler.dense.bias', 'roberta.pooler.dense.weight']
You should probably TRAIN this model on a down-stream task to be able to use it for predictions and inference.
[step 0001/150] method=baseline_cagrad loss=0.6187 train_acc=nan train_loss=nan val_acc=nan val_loss=nan best=-1.0000
[step 0010/150] method=baseline_cagrad loss=0.6605 train_acc=nan train_loss=nan val_acc=nan val_loss=nan best=-1.0000
[step 0020/150] method=baseline_cagrad loss=0.6303 train_acc=nan train_loss=nan val_acc=nan val_loss=nan best=-1.0000
[step 0030/150] method=baseline_cagrad loss=0.5201 train_acc=nan train_loss=nan val_acc=nan val_loss=nan best=-1.0000
[step 0040/150] method=baseline_cagrad loss=0.8483 train_acc=nan train_loss=nan val_acc=nan val_loss=nan best=-1.0000
[step 0050/150] method=baseline_cagrad loss=0.6230 train_acc=0.8224 train_loss=0.3991 val_acc=0.8463 val_loss=0.3606 router_H=0.6871 best=0.8463
           router_load=[0.052396971732378006, 0.22713583707809448, 0.5093037486076355, 0.21116334199905396]
[step 0060/150] method=baseline_cagrad loss=0.5630 train_acc=0.8224 train_loss=0.3991 val_acc=0.8463 val_loss=0.3606 router_H=0.6871 best=0.8463
           router_load=[0.052396971732378006, 0.22713583707809448, 0.5093037486076355, 0.21116334199905396]
[step 0070/150] method=baseline_cagrad loss=0.3543 train_acc=0.8224 train_loss=0.3991 val_acc=0.8463 val_loss=0.3606 router_H=0.6871 best=0.8463
           router_load=[0.052396971732378006, 0.22713583707809448, 0.5093037486076355, 0.21116334199905396]
[step 0080/150] method=baseline_cagrad loss=0.2966 train_acc=0.8224 train_loss=0.3991 val_acc=0.8463 val_loss=0.3606 router_H=0.6871 best=0.8463
           router_load=[0.052396971732378006, 0.22713583707809448, 0.5093037486076355, 0.21116334199905396]
[step 0090/150] method=baseline_cagrad loss=0.3076 train_acc=0.8224 train_loss=0.3991 val_acc=0.8463 val_loss=0.3606 router_H=0.6871 best=0.8463
           router_load=[0.052396971732378006, 0.22713583707809448, 0.5093037486076355, 0.21116334199905396]
[step 0100/150] method=baseline_cagrad loss=0.2882 train_acc=0.8829 train_loss=0.3021 val_acc=0.9140 val_loss=0.2382 router_H=0.6849 best=0.9140
           router_load=[0.12176133692264557, 0.1572413593530655, 0.544857919216156, 0.17613926529884338]
[step 0110/150] method=baseline_cagrad loss=0.5585 train_acc=0.8829 train_loss=0.3021 val_acc=0.9140 val_loss=0.2382 router_H=0.6849 best=0.9140
           router_load=[0.12176133692264557, 0.1572413593530655, 0.544857919216156, 0.17613926529884338]
[step 0120/150] method=baseline_cagrad loss=0.5508 train_acc=0.8829 train_loss=0.3021 val_acc=0.9140 val_loss=0.2382 router_H=0.6849 best=0.9140
           router_load=[0.12176133692264557, 0.1572413593530655, 0.544857919216156, 0.17613926529884338]
[step 0130/150] method=baseline_cagrad loss=0.5734 train_acc=0.8829 train_loss=0.3021 val_acc=0.9140 val_loss=0.2382 router_H=0.6849 best=0.9140
           router_load=[0.12176133692264557, 0.1572413593530655, 0.544857919216156, 0.17613926529884338]
[step 0140/150] method=baseline_cagrad loss=0.2402 train_acc=0.8829 train_loss=0.3021 val_acc=0.9140 val_loss=0.2382 router_H=0.6849 best=0.9140
           router_load=[0.12176133692264557, 0.1572413593530655, 0.544857919216156, 0.17613926529884338]
[step 0150/150] method=baseline_cagrad loss=0.1405 train_acc=0.8896 train_loss=0.3200 val_acc=0.9106 val_loss=0.2971 router_H=0.6813 best=0.9140
           router_load=[0.07233522832393646, 0.15826593339443207, 0.5592589974403381, 0.21013979613780975]
saved summary -> /home/zhujjing/MOE-grad-conflict-routing/runs/paper_suite/single_gpu/single_task/roberta_sst2_lora_e4_k2/hpo/cagrad/trial_runs/coord_03_train_grad_clip_012/cagrad_s3.json
saved curve -> /home/zhujjing/MOE-grad-conflict-routing/runs/paper_suite/single_gpu/single_task/roberta_sst2_lora_e4_k2/hpo/cagrad/trial_runs/coord_03_train_grad_clip_012/cagrad_s3_curve.csv
