[run] method=cagrad candidate=coord_03_anchor seed=3 steps=150 gpu=0
[run] cmd=
/home/zhujjing/anaconda3/envs/moe/bin/python /home/zhujjing/MOE-grad-conflict-routing/scripts/run.py --config configs/singletask_sst2_real.yaml --set model.backbone_backend=hf --set model.hf_load_pretrained=true --set model.backbone=roberta --set model.hf_pretrained_name=roberta-base --set model.expert_type=lora --set model.routing_mode=topk --set model.num_experts=4 --set model.top_k=2 --set seed=3 --set method.name=baseline_cagrad --set train.steps=150 --set train.eval_every_steps=50 --set method.baseline_cagrad.c=0.4 --set method.baseline_cagrad.inner_lr=0.1 --set train.grad_clip=1 --set train.lr=2e-05 --set train.weight_decay=0.02884869601 --out /home/zhujjing/MOE-grad-conflict-routing/runs/paper_suite/single_gpu/single_task/roberta_sst2_lora_e4_k2/hpo/cagrad/trial_runs/coord_03_anchor/cagrad_s3.json --curve_out /home/zhujjing/MOE-grad-conflict-routing/runs/paper_suite/single_gpu/single_task/roberta_sst2_lora_e4_k2/hpo/cagrad/trial_runs/coord_03_anchor/cagrad_s3_curve.csv
Using the latest cached version of the dataset since glue couldn't be found on the Hugging Face Hub (offline mode is enabled).
Found the latest cached dataset configuration 'sst2' at /home/zhujjing/hf_cache/datasets/glue/sst2/0.0.0/bcdcba79d07bc864c1c254ccfcedcce55bcc9a8c (last modified on Thu Mar 19 15:01:41 2026).
/home/zhujjing/anaconda3/envs/moe/lib/python3.10/site-packages/transformers/utils/hub.py:124: FutureWarning: Using `TRANSFORMERS_CACHE` is deprecated and will be removed in v5 of Transformers. Use `HF_HOME` instead.
  warnings.warn(
Some weights of RobertaModel were not initialized from the model checkpoint at roberta-base and are newly initialized: ['roberta.pooler.dense.bias', 'roberta.pooler.dense.weight']
You should probably TRAIN this model on a down-stream task to be able to use it for predictions and inference.
[step 0001/150] method=baseline_cagrad loss=0.6047 train_acc=nan train_loss=nan val_acc=nan val_loss=nan best=-1.0000
[step 0010/150] method=baseline_cagrad loss=0.6827 train_acc=nan train_loss=nan val_acc=nan val_loss=nan best=-1.0000
[step 0020/150] method=baseline_cagrad loss=0.6051 train_acc=nan train_loss=nan val_acc=nan val_loss=nan best=-1.0000
[step 0030/150] method=baseline_cagrad loss=0.4984 train_acc=nan train_loss=nan val_acc=nan val_loss=nan best=-1.0000
[step 0040/150] method=baseline_cagrad loss=0.3485 train_acc=nan train_loss=nan val_acc=nan val_loss=nan best=-1.0000
[step 0050/150] method=baseline_cagrad loss=0.4651 train_acc=0.8628 train_loss=0.3532 val_acc=0.8521 val_loss=0.3748 router_H=0.6655 best=0.8521
           router_load=[0.22672376036643982, 0.5953035354614258, 0.0, 0.1779726892709732]
[step 0060/150] method=baseline_cagrad loss=0.4084 train_acc=0.8628 train_loss=0.3532 val_acc=0.8521 val_loss=0.3748 router_H=0.6655 best=0.8521
           router_load=[0.22672376036643982, 0.5953035354614258, 0.0, 0.1779726892709732]
[step 0070/150] method=baseline_cagrad loss=0.6280 train_acc=0.8628 train_loss=0.3532 val_acc=0.8521 val_loss=0.3748 router_H=0.6655 best=0.8521
           router_load=[0.22672376036643982, 0.5953035354614258, 0.0, 0.1779726892709732]
[step 0080/150] method=baseline_cagrad loss=0.2277 train_acc=0.8628 train_loss=0.3532 val_acc=0.8521 val_loss=0.3748 router_H=0.6655 best=0.8521
           router_load=[0.22672376036643982, 0.5953035354614258, 0.0, 0.1779726892709732]
[step 0090/150] method=baseline_cagrad loss=0.3259 train_acc=0.8628 train_loss=0.3532 val_acc=0.8521 val_loss=0.3748 router_H=0.6655 best=0.8521
           router_load=[0.22672376036643982, 0.5953035354614258, 0.0, 0.1779726892709732]
[step 0100/150] method=baseline_cagrad loss=0.3391 train_acc=0.8918 train_loss=0.2870 val_acc=0.8979 val_loss=0.2690 router_H=0.6726 best=0.8979
           router_load=[0.2824123501777649, 0.5420894026756287, 0.0, 0.17549832165241241]
[step 0110/150] method=baseline_cagrad loss=0.5777 train_acc=0.8918 train_loss=0.2870 val_acc=0.8979 val_loss=0.2690 router_H=0.6726 best=0.8979
           router_load=[0.2824123501777649, 0.5420894026756287, 0.0, 0.17549832165241241]
[step 0120/150] method=baseline_cagrad loss=0.4068 train_acc=0.8918 train_loss=0.2870 val_acc=0.8979 val_loss=0.2690 router_H=0.6726 best=0.8979
           router_load=[0.2824123501777649, 0.5420894026756287, 0.0, 0.17549832165241241]
[step 0130/150] method=baseline_cagrad loss=1.0781 train_acc=0.8918 train_loss=0.2870 val_acc=0.8979 val_loss=0.2690 router_H=0.6726 best=0.8979
           router_load=[0.2824123501777649, 0.5420894026756287, 0.0, 0.17549832165241241]
[step 0140/150] method=baseline_cagrad loss=0.2570 train_acc=0.8918 train_loss=0.2870 val_acc=0.8979 val_loss=0.2690 router_H=0.6726 best=0.8979
           router_load=[0.2824123501777649, 0.5420894026756287, 0.0, 0.17549832165241241]
[step 0150/150] method=baseline_cagrad loss=0.1149 train_acc=0.8851 train_loss=0.3491 val_acc=0.9083 val_loss=0.3083 router_H=0.6591 best=0.9083
           router_load=[0.3254376947879791, 0.5434243679046631, 0.0, 0.13113796710968018]
saved summary -> /home/zhujjing/MOE-grad-conflict-routing/runs/paper_suite/single_gpu/single_task/roberta_sst2_lora_e4_k2/hpo/cagrad/trial_runs/coord_03_anchor/cagrad_s3.json
saved curve -> /home/zhujjing/MOE-grad-conflict-routing/runs/paper_suite/single_gpu/single_task/roberta_sst2_lora_e4_k2/hpo/cagrad/trial_runs/coord_03_anchor/cagrad_s3_curve.csv
