[run] method=cagrad candidate=coord_03_train_grad_clip_010 seed=2 steps=150 gpu=0
[run] cmd=
/home/zhujjing/anaconda3/envs/moe/bin/python /home/zhujjing/MOE-grad-conflict-routing/scripts/run.py --config configs/singletask_sst2_real.yaml --set model.backbone_backend=hf --set model.hf_load_pretrained=true --set model.backbone=roberta --set model.hf_pretrained_name=roberta-base --set model.expert_type=lora --set model.routing_mode=topk --set model.num_experts=4 --set model.top_k=2 --set seed=2 --set method.name=baseline_cagrad --set train.steps=150 --set train.eval_every_steps=50 --set method.baseline_cagrad.c=0.4 --set method.baseline_cagrad.inner_lr=0.1 --set train.grad_clip=1.273448831 --set train.lr=2e-05 --set train.weight_decay=0.02884869601 --out /home/zhujjing/MOE-grad-conflict-routing/runs/paper_suite/single_gpu/single_task/roberta_sst2_lora_e4_k2/hpo/cagrad/trial_runs/coord_03_train_grad_clip_010/cagrad_s2.json --curve_out /home/zhujjing/MOE-grad-conflict-routing/runs/paper_suite/single_gpu/single_task/roberta_sst2_lora_e4_k2/hpo/cagrad/trial_runs/coord_03_train_grad_clip_010/cagrad_s2_curve.csv
Using the latest cached version of the dataset since glue couldn't be found on the Hugging Face Hub (offline mode is enabled).
Found the latest cached dataset configuration 'sst2' at /home/zhujjing/hf_cache/datasets/glue/sst2/0.0.0/bcdcba79d07bc864c1c254ccfcedcce55bcc9a8c (last modified on Thu Mar 19 15:01:41 2026).
/home/zhujjing/anaconda3/envs/moe/lib/python3.10/site-packages/transformers/utils/hub.py:124: FutureWarning: Using `TRANSFORMERS_CACHE` is deprecated and will be removed in v5 of Transformers. Use `HF_HOME` instead.
  warnings.warn(
Some weights of RobertaModel were not initialized from the model checkpoint at roberta-base and are newly initialized: ['roberta.pooler.dense.bias', 'roberta.pooler.dense.weight']
You should probably TRAIN this model on a down-stream task to be able to use it for predictions and inference.
[step 0001/150] method=baseline_cagrad loss=0.6055 train_acc=nan train_loss=nan val_acc=nan val_loss=nan best=-1.0000
[step 0010/150] method=baseline_cagrad loss=0.6907 train_acc=nan train_loss=nan val_acc=nan val_loss=nan best=-1.0000
[step 0020/150] method=baseline_cagrad loss=0.6024 train_acc=nan train_loss=nan val_acc=nan val_loss=nan best=-1.0000
[step 0030/150] method=baseline_cagrad loss=0.1855 train_acc=nan train_loss=nan val_acc=nan val_loss=nan best=-1.0000
[step 0040/150] method=baseline_cagrad loss=0.0489 train_acc=nan train_loss=nan val_acc=nan val_loss=nan best=-1.0000
[step 0050/150] method=baseline_cagrad loss=0.1485 train_acc=0.8315 train_loss=0.4133 val_acc=0.8222 val_loss=0.4217 router_H=0.6905 best=0.8222
           router_load=[0.11855053901672363, 0.31036412715911865, 0.21849454939365387, 0.3525906801223755]
[step 0060/150] method=baseline_cagrad loss=0.2685 train_acc=0.8315 train_loss=0.4133 val_acc=0.8222 val_loss=0.4217 router_H=0.6905 best=0.8222
           router_load=[0.11855053901672363, 0.31036412715911865, 0.21849454939365387, 0.3525906801223755]
[step 0070/150] method=baseline_cagrad loss=0.5572 train_acc=0.8315 train_loss=0.4133 val_acc=0.8222 val_loss=0.4217 router_H=0.6905 best=0.8222
           router_load=[0.11855053901672363, 0.31036412715911865, 0.21849454939365387, 0.3525906801223755]
[step 0080/150] method=baseline_cagrad loss=0.6124 train_acc=0.8315 train_loss=0.4133 val_acc=0.8222 val_loss=0.4217 router_H=0.6905 best=0.8222
           router_load=[0.11855053901672363, 0.31036412715911865, 0.21849454939365387, 0.3525906801223755]
[step 0090/150] method=baseline_cagrad loss=0.4478 train_acc=0.8315 train_loss=0.4133 val_acc=0.8222 val_loss=0.4217 router_H=0.6905 best=0.8222
           router_load=[0.11855053901672363, 0.31036412715911865, 0.21849454939365387, 0.3525906801223755]
[step 0100/150] method=baseline_cagrad loss=0.7088 train_acc=0.8104 train_loss=0.4903 val_acc=0.7580 val_loss=0.5745 router_H=0.6913 best=0.8222
           router_load=[0.2226237654685974, 0.4769771695137024, 0.06746483594179153, 0.23293405771255493]
[step 0110/150] method=baseline_cagrad loss=0.4705 train_acc=0.8104 train_loss=0.4903 val_acc=0.7580 val_loss=0.5745 router_H=0.6913 best=0.8222
           router_load=[0.2226237654685974, 0.4769771695137024, 0.06746483594179153, 0.23293405771255493]
[step 0120/150] method=baseline_cagrad loss=0.4761 train_acc=0.8104 train_loss=0.4903 val_acc=0.7580 val_loss=0.5745 router_H=0.6913 best=0.8222
           router_load=[0.2226237654685974, 0.4769771695137024, 0.06746483594179153, 0.23293405771255493]
[step 0130/150] method=baseline_cagrad loss=0.2972 train_acc=0.8104 train_loss=0.4903 val_acc=0.7580 val_loss=0.5745 router_H=0.6913 best=0.8222
           router_load=[0.2226237654685974, 0.4769771695137024, 0.06746483594179153, 0.23293405771255493]
[step 0140/150] method=baseline_cagrad loss=0.3832 train_acc=0.8104 train_loss=0.4903 val_acc=0.7580 val_loss=0.5745 router_H=0.6913 best=0.8222
           router_load=[0.2226237654685974, 0.4769771695137024, 0.06746483594179153, 0.23293405771255493]
[step 0150/150] method=baseline_cagrad loss=0.4631 train_acc=0.8896 train_loss=0.2840 val_acc=0.8956 val_loss=0.2847 router_H=0.6848 best=0.8956
           router_load=[0.15056850016117096, 0.5286009311676025, 0.1188892275094986, 0.2019413262605667]
saved summary -> /home/zhujjing/MOE-grad-conflict-routing/runs/paper_suite/single_gpu/single_task/roberta_sst2_lora_e4_k2/hpo/cagrad/trial_runs/coord_03_train_grad_clip_010/cagrad_s2.json
saved curve -> /home/zhujjing/MOE-grad-conflict-routing/runs/paper_suite/single_gpu/single_task/roberta_sst2_lora_e4_k2/hpo/cagrad/trial_runs/coord_03_train_grad_clip_010/cagrad_s2_curve.csv
