[run] method=cagrad candidate=coord_03_train_grad_clip_011 seed=2 steps=150 gpu=0
[run] cmd=
/home/zhujjing/anaconda3/envs/moe/bin/python /home/zhujjing/MOE-grad-conflict-routing/scripts/run.py --config configs/singletask_sst2_real.yaml --set model.backbone_backend=hf --set model.hf_load_pretrained=true --set model.backbone=roberta --set model.hf_pretrained_name=roberta-base --set model.expert_type=lora --set model.routing_mode=topk --set model.num_experts=4 --set model.top_k=2 --set seed=2 --set method.name=baseline_cagrad --set train.steps=150 --set train.eval_every_steps=50 --set method.baseline_cagrad.c=0.4 --set method.baseline_cagrad.inner_lr=0.1 --set train.grad_clip=1.064623922 --set train.lr=2e-05 --set train.weight_decay=0.02884869601 --out /home/zhujjing/MOE-grad-conflict-routing/runs/paper_suite/single_gpu/single_task/roberta_sst2_lora_e4_k2/hpo/cagrad/trial_runs/coord_03_train_grad_clip_011/cagrad_s2.json --curve_out /home/zhujjing/MOE-grad-conflict-routing/runs/paper_suite/single_gpu/single_task/roberta_sst2_lora_e4_k2/hpo/cagrad/trial_runs/coord_03_train_grad_clip_011/cagrad_s2_curve.csv
Using the latest cached version of the dataset since glue couldn't be found on the Hugging Face Hub (offline mode is enabled).
Found the latest cached dataset configuration 'sst2' at /home/zhujjing/hf_cache/datasets/glue/sst2/0.0.0/bcdcba79d07bc864c1c254ccfcedcce55bcc9a8c (last modified on Thu Mar 19 15:01:41 2026).
/home/zhujjing/anaconda3/envs/moe/lib/python3.10/site-packages/transformers/utils/hub.py:124: FutureWarning: Using `TRANSFORMERS_CACHE` is deprecated and will be removed in v5 of Transformers. Use `HF_HOME` instead.
  warnings.warn(
Some weights of RobertaModel were not initialized from the model checkpoint at roberta-base and are newly initialized: ['roberta.pooler.dense.bias', 'roberta.pooler.dense.weight']
You should probably TRAIN this model on a down-stream task to be able to use it for predictions and inference.
[step 0001/150] method=baseline_cagrad loss=0.6660 train_acc=nan train_loss=nan val_acc=nan val_loss=nan best=-1.0000
[step 0010/150] method=baseline_cagrad loss=0.6930 train_acc=nan train_loss=nan val_acc=nan val_loss=nan best=-1.0000
[step 0020/150] method=baseline_cagrad loss=0.6306 train_acc=nan train_loss=nan val_acc=nan val_loss=nan best=-1.0000
[step 0030/150] method=baseline_cagrad loss=0.4441 train_acc=nan train_loss=nan val_acc=nan val_loss=nan best=-1.0000
[step 0040/150] method=baseline_cagrad loss=0.0824 train_acc=nan train_loss=nan val_acc=nan val_loss=nan best=-1.0000
[step 0050/150] method=baseline_cagrad loss=0.6210 train_acc=0.8757 train_loss=0.3802 val_acc=0.8819 val_loss=0.3529 router_H=0.6871 best=0.8819
           router_load=[0.30683061480522156, 0.19772222638130188, 0.46257004141807556, 0.032877035439014435]
[step 0060/150] method=baseline_cagrad loss=0.3259 train_acc=0.8757 train_loss=0.3802 val_acc=0.8819 val_loss=0.3529 router_H=0.6871 best=0.8819
           router_load=[0.30683061480522156, 0.19772222638130188, 0.46257004141807556, 0.032877035439014435]
[step 0070/150] method=baseline_cagrad loss=0.4719 train_acc=0.8757 train_loss=0.3802 val_acc=0.8819 val_loss=0.3529 router_H=0.6871 best=0.8819
           router_load=[0.30683061480522156, 0.19772222638130188, 0.46257004141807556, 0.032877035439014435]
[step 0080/150] method=baseline_cagrad loss=0.5142 train_acc=0.8757 train_loss=0.3802 val_acc=0.8819 val_loss=0.3529 router_H=0.6871 best=0.8819
           router_load=[0.30683061480522156, 0.19772222638130188, 0.46257004141807556, 0.032877035439014435]
[step 0090/150] method=baseline_cagrad loss=0.2352 train_acc=0.8757 train_loss=0.3802 val_acc=0.8819 val_loss=0.3529 router_H=0.6871 best=0.8819
           router_load=[0.30683061480522156, 0.19772222638130188, 0.46257004141807556, 0.032877035439014435]
[step 0100/150] method=baseline_cagrad loss=0.4313 train_acc=0.8319 train_loss=0.3878 val_acc=0.7890 val_loss=0.4529 router_H=0.6876 best=0.8819
           router_load=[0.12613843381404877, 0.34352707862854004, 0.5297930240631104, 0.0005415143677964807]
[step 0110/150] method=baseline_cagrad loss=0.4594 train_acc=0.8319 train_loss=0.3878 val_acc=0.7890 val_loss=0.4529 router_H=0.6876 best=0.8819
           router_load=[0.12613843381404877, 0.34352707862854004, 0.5297930240631104, 0.0005415143677964807]
[step 0120/150] method=baseline_cagrad loss=0.6647 train_acc=0.8319 train_loss=0.3878 val_acc=0.7890 val_loss=0.4529 router_H=0.6876 best=0.8819
           router_load=[0.12613843381404877, 0.34352707862854004, 0.5297930240631104, 0.0005415143677964807]
[step 0130/150] method=baseline_cagrad loss=0.3001 train_acc=0.8319 train_loss=0.3878 val_acc=0.7890 val_loss=0.4529 router_H=0.6876 best=0.8819
           router_load=[0.12613843381404877, 0.34352707862854004, 0.5297930240631104, 0.0005415143677964807]
[step 0140/150] method=baseline_cagrad loss=0.9303 train_acc=0.8319 train_loss=0.3878 val_acc=0.7890 val_loss=0.4529 router_H=0.6876 best=0.8819
           router_load=[0.12613843381404877, 0.34352707862854004, 0.5297930240631104, 0.0005415143677964807]
[step 0150/150] method=baseline_cagrad loss=0.4597 train_acc=0.8804 train_loss=0.3044 val_acc=0.8911 val_loss=0.2805 router_H=0.6882 best=0.8911
           router_load=[0.14696533977985382, 0.40545517206192017, 0.4471323788166046, 0.00044707092456519604]
saved summary -> /home/zhujjing/MOE-grad-conflict-routing/runs/paper_suite/single_gpu/single_task/roberta_sst2_lora_e4_k2/hpo/cagrad/trial_runs/coord_03_train_grad_clip_011/cagrad_s2.json
saved curve -> /home/zhujjing/MOE-grad-conflict-routing/runs/paper_suite/single_gpu/single_task/roberta_sst2_lora_e4_k2/hpo/cagrad/trial_runs/coord_03_train_grad_clip_011/cagrad_s2_curve.csv
