[run] method=cagrad candidate=coord_01_train_lr_002 seed=2 steps=150 gpu=0
[run] cmd=
/home/zhujjing/anaconda3/envs/moe/bin/python /home/zhujjing/MOE-grad-conflict-routing/scripts/run.py --config configs/singletask_mrpc_real.yaml --set model.backbone_backend=hf --set model.hf_load_pretrained=true --set model.backbone=roberta --set model.hf_pretrained_name=roberta-base --set model.expert_type=lora --set model.routing_mode=topk --set model.num_experts=4 --set model.top_k=2 --set seed=2 --set method.name=baseline_cagrad --set train.steps=150 --set train.eval_every_steps=50 --set method.baseline_cagrad.c=0.4 --set method.baseline_cagrad.inner_lr=0.1 --set train.grad_clip=1 --set train.lr=1.693101775e-05 --set train.weight_decay=0.01 --out /home/zhujjing/MOE-grad-conflict-routing/runs/paper_suite/single_gpu/single_task/roberta_mrpc_lora_e4_k2/hpo/cagrad/trial_runs/coord_01_train_lr_002/cagrad_s2.json --curve_out /home/zhujjing/MOE-grad-conflict-routing/runs/paper_suite/single_gpu/single_task/roberta_mrpc_lora_e4_k2/hpo/cagrad/trial_runs/coord_01_train_lr_002/cagrad_s2_curve.csv
Using the latest cached version of the dataset since glue couldn't be found on the Hugging Face Hub (offline mode is enabled).
Found the latest cached dataset configuration 'mrpc' at /home/zhujjing/hf_cache/datasets/glue/mrpc/0.0.0/bcdcba79d07bc864c1c254ccfcedcce55bcc9a8c (last modified on Thu Mar 19 15:01:06 2026).
/home/zhujjing/anaconda3/envs/moe/lib/python3.10/site-packages/transformers/utils/hub.py:124: FutureWarning: Using `TRANSFORMERS_CACHE` is deprecated and will be removed in v5 of Transformers. Use `HF_HOME` instead.
  warnings.warn(
Some weights of RobertaModel were not initialized from the model checkpoint at roberta-base and are newly initialized: ['roberta.pooler.dense.bias', 'roberta.pooler.dense.weight']
You should probably TRAIN this model on a down-stream task to be able to use it for predictions and inference.
[step 0001/150] method=baseline_cagrad loss=0.8088 train_acc=nan train_loss=nan val_acc=nan val_loss=nan best=-1.0000
[step 0010/150] method=baseline_cagrad loss=0.6986 train_acc=nan train_loss=nan val_acc=nan val_loss=nan best=-1.0000
[step 0020/150] method=baseline_cagrad loss=0.6525 train_acc=nan train_loss=nan val_acc=nan val_loss=nan best=-1.0000
[step 0030/150] method=baseline_cagrad loss=0.6596 train_acc=nan train_loss=nan val_acc=nan val_loss=nan best=-1.0000
[step 0040/150] method=baseline_cagrad loss=0.5669 train_acc=nan train_loss=nan val_acc=nan val_loss=nan best=-1.0000
[step 0050/150] method=baseline_cagrad loss=0.5297 train_acc=0.7126 train_loss=0.5215 val_acc=0.7157 val_loss=0.5177 router_H=0.6553 best=0.7157
           router_load=[0.015215521678328514, 0.6349150538444519, 0.10211419314146042, 0.24775516986846924]
[step 0060/150] method=baseline_cagrad loss=0.5985 train_acc=0.7126 train_loss=0.5215 val_acc=0.7157 val_loss=0.5177 router_H=0.6553 best=0.7157
           router_load=[0.015215521678328514, 0.6349150538444519, 0.10211419314146042, 0.24775516986846924]
[step 0070/150] method=baseline_cagrad loss=0.3201 train_acc=0.7126 train_loss=0.5215 val_acc=0.7157 val_loss=0.5177 router_H=0.6553 best=0.7157
           router_load=[0.015215521678328514, 0.6349150538444519, 0.10211419314146042, 0.24775516986846924]
[step 0080/150] method=baseline_cagrad loss=0.4766 train_acc=0.7126 train_loss=0.5215 val_acc=0.7157 val_loss=0.5177 router_H=0.6553 best=0.7157
           router_load=[0.015215521678328514, 0.6349150538444519, 0.10211419314146042, 0.24775516986846924]
[step 0090/150] method=baseline_cagrad loss=0.3339 train_acc=0.7126 train_loss=0.5215 val_acc=0.7157 val_loss=0.5177 router_H=0.6553 best=0.7157
           router_load=[0.015215521678328514, 0.6349150538444519, 0.10211419314146042, 0.24775516986846924]
[step 0100/150] method=baseline_cagrad loss=0.5189 train_acc=0.8405 train_loss=0.3990 val_acc=0.8309 val_loss=0.4037 router_H=0.6593 best=0.8309
           router_load=[0.0017922275001183152, 0.6266608238220215, 0.028327155858278275, 0.34321966767311096]
[step 0110/150] method=baseline_cagrad loss=0.6614 train_acc=0.8405 train_loss=0.3990 val_acc=0.8309 val_loss=0.4037 router_H=0.6593 best=0.8309
           router_load=[0.0017922275001183152, 0.6266608238220215, 0.028327155858278275, 0.34321966767311096]
[step 0120/150] method=baseline_cagrad loss=0.2767 train_acc=0.8405 train_loss=0.3990 val_acc=0.8309 val_loss=0.4037 router_H=0.6593 best=0.8309
           router_load=[0.0017922275001183152, 0.6266608238220215, 0.028327155858278275, 0.34321966767311096]
[step 0130/150] method=baseline_cagrad loss=0.5329 train_acc=0.8405 train_loss=0.3990 val_acc=0.8309 val_loss=0.4037 router_H=0.6593 best=0.8309
           router_load=[0.0017922275001183152, 0.6266608238220215, 0.028327155858278275, 0.34321966767311096]
[step 0140/150] method=baseline_cagrad loss=0.3289 train_acc=0.8405 train_loss=0.3990 val_acc=0.8309 val_loss=0.4037 router_H=0.6593 best=0.8309
           router_load=[0.0017922275001183152, 0.6266608238220215, 0.028327155858278275, 0.34321966767311096]
[step 0150/150] method=baseline_cagrad loss=0.7165 train_acc=0.8716 train_loss=0.3405 val_acc=0.8750 val_loss=0.3514 router_H=0.6578 best=0.8750
           router_load=[0.0025788762141019106, 0.6284179091453552, 0.018912386149168015, 0.35009080171585083]
saved summary -> /home/zhujjing/MOE-grad-conflict-routing/runs/paper_suite/single_gpu/single_task/roberta_mrpc_lora_e4_k2/hpo/cagrad/trial_runs/coord_01_train_lr_002/cagrad_s2.json
saved curve -> /home/zhujjing/MOE-grad-conflict-routing/runs/paper_suite/single_gpu/single_task/roberta_mrpc_lora_e4_k2/hpo/cagrad/trial_runs/coord_01_train_lr_002/cagrad_s2_curve.csv
