[run] method=cagrad candidate=coord_01_train_lr_005 seed=3 steps=150 gpu=0
[run] cmd=
/home/zhujjing/anaconda3/envs/moe/bin/python /home/zhujjing/MOE-grad-conflict-routing/scripts/run.py --config configs/singletask_mrpc_real.yaml --set model.backbone_backend=hf --set model.hf_load_pretrained=true --set model.backbone=roberta --set model.hf_pretrained_name=roberta-base --set model.expert_type=lora --set model.routing_mode=topk --set model.num_experts=4 --set model.top_k=2 --set seed=3 --set method.name=baseline_cagrad --set train.steps=150 --set train.eval_every_steps=50 --set method.baseline_cagrad.c=0.4 --set method.baseline_cagrad.inner_lr=0.1 --set train.grad_clip=1 --set train.lr=4.460286243e-05 --set train.weight_decay=0.01 --out /home/zhujjing/MOE-grad-conflict-routing/runs/paper_suite/single_gpu/single_task/roberta_mrpc_lora_e4_k2/hpo/cagrad/trial_runs/coord_01_train_lr_005/cagrad_s3.json --curve_out /home/zhujjing/MOE-grad-conflict-routing/runs/paper_suite/single_gpu/single_task/roberta_mrpc_lora_e4_k2/hpo/cagrad/trial_runs/coord_01_train_lr_005/cagrad_s3_curve.csv
Using the latest cached version of the dataset since glue couldn't be found on the Hugging Face Hub (offline mode is enabled).
Found the latest cached dataset configuration 'mrpc' at /home/zhujjing/hf_cache/datasets/glue/mrpc/0.0.0/bcdcba79d07bc864c1c254ccfcedcce55bcc9a8c (last modified on Thu Mar 19 15:01:06 2026).
/home/zhujjing/anaconda3/envs/moe/lib/python3.10/site-packages/transformers/utils/hub.py:124: FutureWarning: Using `TRANSFORMERS_CACHE` is deprecated and will be removed in v5 of Transformers. Use `HF_HOME` instead.
  warnings.warn(
Some weights of RobertaModel were not initialized from the model checkpoint at roberta-base and are newly initialized: ['roberta.pooler.dense.bias', 'roberta.pooler.dense.weight']
You should probably TRAIN this model on a down-stream task to be able to use it for predictions and inference.
[step 0001/150] method=baseline_cagrad loss=0.7528 train_acc=nan train_loss=nan val_acc=nan val_loss=nan best=-1.0000
[step 0010/150] method=baseline_cagrad loss=0.7685 train_acc=nan train_loss=nan val_acc=nan val_loss=nan best=-1.0000
[step 0020/150] method=baseline_cagrad loss=0.8003 train_acc=nan train_loss=nan val_acc=nan val_loss=nan best=-1.0000
[step 0030/150] method=baseline_cagrad loss=0.4671 train_acc=nan train_loss=nan val_acc=nan val_loss=nan best=-1.0000
[step 0040/150] method=baseline_cagrad loss=0.5372 train_acc=nan train_loss=nan val_acc=nan val_loss=nan best=-1.0000
[step 0050/150] method=baseline_cagrad loss=0.4490 train_acc=0.7555 train_loss=0.4818 val_acc=0.7475 val_loss=0.4594 router_H=0.6712 best=0.7475
           router_load=[0.1298525035381317, 0.05249560996890068, 0.6031450033187866, 0.2145068347454071]
[step 0060/150] method=baseline_cagrad loss=0.4303 train_acc=0.7555 train_loss=0.4818 val_acc=0.7475 val_loss=0.4594 router_H=0.6712 best=0.7475
           router_load=[0.1298525035381317, 0.05249560996890068, 0.6031450033187866, 0.2145068347454071]
[step 0070/150] method=baseline_cagrad loss=0.2577 train_acc=0.7555 train_loss=0.4818 val_acc=0.7475 val_loss=0.4594 router_H=0.6712 best=0.7475
           router_load=[0.1298525035381317, 0.05249560996890068, 0.6031450033187866, 0.2145068347454071]
[step 0080/150] method=baseline_cagrad loss=0.4461 train_acc=0.7555 train_loss=0.4818 val_acc=0.7475 val_loss=0.4594 router_H=0.6712 best=0.7475
           router_load=[0.1298525035381317, 0.05249560996890068, 0.6031450033187866, 0.2145068347454071]
[step 0090/150] method=baseline_cagrad loss=0.7078 train_acc=0.7555 train_loss=0.4818 val_acc=0.7475 val_loss=0.4594 router_H=0.6712 best=0.7475
           router_load=[0.1298525035381317, 0.05249560996890068, 0.6031450033187866, 0.2145068347454071]
[step 0100/150] method=baseline_cagrad loss=0.4537 train_acc=0.7912 train_loss=0.4198 val_acc=0.7868 val_loss=0.4262 router_H=0.6337 best=0.7868
           router_load=[0.14438281953334808, 0.10919570177793503, 0.6595609188079834, 0.08686044067144394]
[step 0110/150] method=baseline_cagrad loss=0.4217 train_acc=0.7912 train_loss=0.4198 val_acc=0.7868 val_loss=0.4262 router_H=0.6337 best=0.7868
           router_load=[0.14438281953334808, 0.10919570177793503, 0.6595609188079834, 0.08686044067144394]
[step 0120/150] method=baseline_cagrad loss=0.6100 train_acc=0.7912 train_loss=0.4198 val_acc=0.7868 val_loss=0.4262 router_H=0.6337 best=0.7868
           router_load=[0.14438281953334808, 0.10919570177793503, 0.6595609188079834, 0.08686044067144394]
[step 0130/150] method=baseline_cagrad loss=0.3526 train_acc=0.7912 train_loss=0.4198 val_acc=0.7868 val_loss=0.4262 router_H=0.6337 best=0.7868
           router_load=[0.14438281953334808, 0.10919570177793503, 0.6595609188079834, 0.08686044067144394]
[step 0140/150] method=baseline_cagrad loss=0.5204 train_acc=0.7912 train_loss=0.4198 val_acc=0.7868 val_loss=0.4262 router_H=0.6337 best=0.7868
           router_load=[0.14438281953334808, 0.10919570177793503, 0.6595609188079834, 0.08686044067144394]
[step 0150/150] method=baseline_cagrad loss=0.5245 train_acc=0.8132 train_loss=0.4119 val_acc=0.8162 val_loss=0.4442 router_H=0.6719 best=0.8162
           router_load=[0.38917192816734314, 0.009001915343105793, 0.6018262505531311, 0.0]
saved summary -> /home/zhujjing/MOE-grad-conflict-routing/runs/paper_suite/single_gpu/single_task/roberta_mrpc_lora_e4_k2/hpo/cagrad/trial_runs/coord_01_train_lr_005/cagrad_s3.json
saved curve -> /home/zhujjing/MOE-grad-conflict-routing/runs/paper_suite/single_gpu/single_task/roberta_mrpc_lora_e4_k2/hpo/cagrad/trial_runs/coord_01_train_lr_005/cagrad_s3_curve.csv
