[run] method=cagrad candidate=coord_01_train_lr_011 seed=2 steps=150 gpu=0
[run] cmd=
/home/zhujjing/anaconda3/envs/moe/bin/python /home/zhujjing/MOE-grad-conflict-routing/scripts/run.py --config configs/singletask_mrpc_real.yaml --set model.backbone_backend=hf --set model.hf_load_pretrained=true --set model.backbone=roberta --set model.hf_pretrained_name=roberta-base --set model.expert_type=lora --set model.routing_mode=topk --set model.num_experts=4 --set model.top_k=2 --set seed=2 --set method.name=baseline_cagrad --set train.steps=150 --set train.eval_every_steps=50 --set method.baseline_cagrad.c=0.4 --set method.baseline_cagrad.inner_lr=0.1 --set train.grad_clip=1 --set train.lr=2.310879692e-06 --set train.weight_decay=0.01 --out /home/zhujjing/MOE-grad-conflict-routing/runs/paper_suite/single_gpu/single_task/roberta_mrpc_lora_e4_k2/hpo/cagrad/trial_runs/coord_01_train_lr_011/cagrad_s2.json --curve_out /home/zhujjing/MOE-grad-conflict-routing/runs/paper_suite/single_gpu/single_task/roberta_mrpc_lora_e4_k2/hpo/cagrad/trial_runs/coord_01_train_lr_011/cagrad_s2_curve.csv
Using the latest cached version of the dataset since glue couldn't be found on the Hugging Face Hub (offline mode is enabled).
Found the latest cached dataset configuration 'mrpc' at /home/zhujjing/hf_cache/datasets/glue/mrpc/0.0.0/bcdcba79d07bc864c1c254ccfcedcce55bcc9a8c (last modified on Thu Mar 19 15:01:06 2026).
/home/zhujjing/anaconda3/envs/moe/lib/python3.10/site-packages/transformers/utils/hub.py:124: FutureWarning: Using `TRANSFORMERS_CACHE` is deprecated and will be removed in v5 of Transformers. Use `HF_HOME` instead.
  warnings.warn(
Some weights of RobertaModel were not initialized from the model checkpoint at roberta-base and are newly initialized: ['roberta.pooler.dense.bias', 'roberta.pooler.dense.weight']
You should probably TRAIN this model on a down-stream task to be able to use it for predictions and inference.
[step 0001/150] method=baseline_cagrad loss=0.6647 train_acc=nan train_loss=nan val_acc=nan val_loss=nan best=-1.0000
[step 0010/150] method=baseline_cagrad loss=0.6259 train_acc=nan train_loss=nan val_acc=nan val_loss=nan best=-1.0000
[step 0020/150] method=baseline_cagrad loss=0.7118 train_acc=nan train_loss=nan val_acc=nan val_loss=nan best=-1.0000
[step 0030/150] method=baseline_cagrad loss=0.7001 train_acc=nan train_loss=nan val_acc=nan val_loss=nan best=-1.0000
[step 0040/150] method=baseline_cagrad loss=0.6844 train_acc=nan train_loss=nan val_acc=nan val_loss=nan best=-1.0000
[step 0050/150] method=baseline_cagrad loss=0.5295 train_acc=0.6745 train_loss=0.6018 val_acc=0.6838 val_loss=0.5981 router_H=0.6923 best=0.6838
           router_load=[0.49098846316337585, 0.0, 0.4950675070285797, 0.013944093137979507]
[step 0060/150] method=baseline_cagrad loss=0.6826 train_acc=0.6745 train_loss=0.6018 val_acc=0.6838 val_loss=0.5981 router_H=0.6923 best=0.6838
           router_load=[0.49098846316337585, 0.0, 0.4950675070285797, 0.013944093137979507]
[step 0070/150] method=baseline_cagrad loss=0.4625 train_acc=0.6745 train_loss=0.6018 val_acc=0.6838 val_loss=0.5981 router_H=0.6923 best=0.6838
           router_load=[0.49098846316337585, 0.0, 0.4950675070285797, 0.013944093137979507]
[step 0080/150] method=baseline_cagrad loss=0.6579 train_acc=0.6745 train_loss=0.6018 val_acc=0.6838 val_loss=0.5981 router_H=0.6923 best=0.6838
           router_load=[0.49098846316337585, 0.0, 0.4950675070285797, 0.013944093137979507]
[step 0090/150] method=baseline_cagrad loss=0.5433 train_acc=0.6745 train_loss=0.6018 val_acc=0.6838 val_loss=0.5981 router_H=0.6923 best=0.6838
           router_load=[0.49098846316337585, 0.0, 0.4950675070285797, 0.013944093137979507]
[step 0100/150] method=baseline_cagrad loss=0.6292 train_acc=0.6846 train_loss=0.5699 val_acc=0.6936 val_loss=0.5677 router_H=0.6913 best=0.6936
           router_load=[0.4828281104564667, 0.0, 0.5081758499145508, 0.008996057324111462]
[step 0110/150] method=baseline_cagrad loss=0.6065 train_acc=0.6846 train_loss=0.5699 val_acc=0.6936 val_loss=0.5677 router_H=0.6913 best=0.6936
           router_load=[0.4828281104564667, 0.0, 0.5081758499145508, 0.008996057324111462]
[step 0120/150] method=baseline_cagrad loss=0.5142 train_acc=0.6846 train_loss=0.5699 val_acc=0.6936 val_loss=0.5677 router_H=0.6913 best=0.6936
           router_load=[0.4828281104564667, 0.0, 0.5081758499145508, 0.008996057324111462]
[step 0130/150] method=baseline_cagrad loss=0.6080 train_acc=0.6846 train_loss=0.5699 val_acc=0.6936 val_loss=0.5677 router_H=0.6913 best=0.6936
           router_load=[0.4828281104564667, 0.0, 0.5081758499145508, 0.008996057324111462]
[step 0140/150] method=baseline_cagrad loss=0.5187 train_acc=0.6846 train_loss=0.5699 val_acc=0.6936 val_loss=0.5677 router_H=0.6913 best=0.6936
           router_load=[0.4828281104564667, 0.0, 0.5081758499145508, 0.008996057324111462]
[step 0150/150] method=baseline_cagrad loss=0.6138 train_acc=0.6982 train_loss=0.5505 val_acc=0.7034 val_loss=0.5529 router_H=0.6897 best=0.7034
           router_load=[0.4432253837585449, 0.0, 0.5178333520889282, 0.03894134610891342]
saved summary -> /home/zhujjing/MOE-grad-conflict-routing/runs/paper_suite/single_gpu/single_task/roberta_mrpc_lora_e4_k2/hpo/cagrad/trial_runs/coord_01_train_lr_011/cagrad_s2.json
saved curve -> /home/zhujjing/MOE-grad-conflict-routing/runs/paper_suite/single_gpu/single_task/roberta_mrpc_lora_e4_k2/hpo/cagrad/trial_runs/coord_01_train_lr_011/cagrad_s2_curve.csv
