[run] method=cagrad candidate=coord_01_train_lr_016 seed=2 steps=150 gpu=0
[run] cmd=
/home/zhujjing/anaconda3/envs/moe/bin/python /home/zhujjing/MOE-grad-conflict-routing/scripts/run.py --config configs/singletask_mrpc_real.yaml --set model.backbone_backend=hf --set model.hf_load_pretrained=true --set model.backbone=roberta --set model.hf_pretrained_name=roberta-base --set model.expert_type=lora --set model.routing_mode=topk --set model.num_experts=4 --set model.top_k=2 --set seed=2 --set method.name=baseline_cagrad --set train.steps=150 --set train.eval_every_steps=50 --set method.baseline_cagrad.c=0.4 --set method.baseline_cagrad.inner_lr=0.1 --set train.grad_clip=1 --set train.lr=2.52305587e-05 --set train.weight_decay=0.01 --out /home/zhujjing/MOE-grad-conflict-routing/runs/paper_suite/single_gpu/single_task/roberta_mrpc_lora_e4_k2/hpo/cagrad/trial_runs/coord_01_train_lr_016/cagrad_s2.json --curve_out /home/zhujjing/MOE-grad-conflict-routing/runs/paper_suite/single_gpu/single_task/roberta_mrpc_lora_e4_k2/hpo/cagrad/trial_runs/coord_01_train_lr_016/cagrad_s2_curve.csv
Using the latest cached version of the dataset since glue couldn't be found on the Hugging Face Hub (offline mode is enabled).
Found the latest cached dataset configuration 'mrpc' at /home/zhujjing/hf_cache/datasets/glue/mrpc/0.0.0/bcdcba79d07bc864c1c254ccfcedcce55bcc9a8c (last modified on Thu Mar 19 15:01:06 2026).
/home/zhujjing/anaconda3/envs/moe/lib/python3.10/site-packages/transformers/utils/hub.py:124: FutureWarning: Using `TRANSFORMERS_CACHE` is deprecated and will be removed in v5 of Transformers. Use `HF_HOME` instead.
  warnings.warn(
Some weights of RobertaModel were not initialized from the model checkpoint at roberta-base and are newly initialized: ['roberta.pooler.dense.bias', 'roberta.pooler.dense.weight']
You should probably TRAIN this model on a down-stream task to be able to use it for predictions and inference.
[step 0001/150] method=baseline_cagrad loss=0.7836 train_acc=nan train_loss=nan val_acc=nan val_loss=nan best=-1.0000
[step 0010/150] method=baseline_cagrad loss=0.7166 train_acc=nan train_loss=nan val_acc=nan val_loss=nan best=-1.0000
[step 0020/150] method=baseline_cagrad loss=0.6021 train_acc=nan train_loss=nan val_acc=nan val_loss=nan best=-1.0000
[step 0030/150] method=baseline_cagrad loss=0.7016 train_acc=nan train_loss=nan val_acc=nan val_loss=nan best=-1.0000
[step 0040/150] method=baseline_cagrad loss=0.5313 train_acc=nan train_loss=nan val_acc=nan val_loss=nan best=-1.0000
[step 0050/150] method=baseline_cagrad loss=0.5096 train_acc=0.7421 train_loss=0.5374 val_acc=0.7377 val_loss=0.5381 router_H=0.6895 best=0.7377
           router_load=[0.5392572283744812, 0.4585511088371277, 0.0021916029509156942, 0.0]
[step 0060/150] method=baseline_cagrad loss=0.6477 train_acc=0.7421 train_loss=0.5374 val_acc=0.7377 val_loss=0.5381 router_H=0.6895 best=0.7377
           router_load=[0.5392572283744812, 0.4585511088371277, 0.0021916029509156942, 0.0]
[step 0070/150] method=baseline_cagrad loss=0.3918 train_acc=0.7421 train_loss=0.5374 val_acc=0.7377 val_loss=0.5381 router_H=0.6895 best=0.7377
           router_load=[0.5392572283744812, 0.4585511088371277, 0.0021916029509156942, 0.0]
[step 0080/150] method=baseline_cagrad loss=0.4357 train_acc=0.7421 train_loss=0.5374 val_acc=0.7377 val_loss=0.5381 router_H=0.6895 best=0.7377
           router_load=[0.5392572283744812, 0.4585511088371277, 0.0021916029509156942, 0.0]
[step 0090/150] method=baseline_cagrad loss=0.3470 train_acc=0.7421 train_loss=0.5374 val_acc=0.7377 val_loss=0.5381 router_H=0.6895 best=0.7377
           router_load=[0.5392572283744812, 0.4585511088371277, 0.0021916029509156942, 0.0]
[step 0100/150] method=baseline_cagrad loss=0.5449 train_acc=0.7647 train_loss=0.4496 val_acc=0.7598 val_loss=0.4573 router_H=0.6895 best=0.7598
           router_load=[0.5398550033569336, 0.46014508605003357, 0.0, 0.0]
[step 0110/150] method=baseline_cagrad loss=0.5813 train_acc=0.7647 train_loss=0.4496 val_acc=0.7598 val_loss=0.4573 router_H=0.6895 best=0.7598
           router_load=[0.5398550033569336, 0.46014508605003357, 0.0, 0.0]
[step 0120/150] method=baseline_cagrad loss=0.2000 train_acc=0.7647 train_loss=0.4496 val_acc=0.7598 val_loss=0.4573 router_H=0.6895 best=0.7598
           router_load=[0.5398550033569336, 0.46014508605003357, 0.0, 0.0]
[step 0130/150] method=baseline_cagrad loss=0.6029 train_acc=0.7647 train_loss=0.4496 val_acc=0.7598 val_loss=0.4573 router_H=0.6895 best=0.7598
           router_load=[0.5398550033569336, 0.46014508605003357, 0.0, 0.0]
[step 0140/150] method=baseline_cagrad loss=0.4315 train_acc=0.7647 train_loss=0.4496 val_acc=0.7598 val_loss=0.4573 router_H=0.6895 best=0.7598
           router_load=[0.5398550033569336, 0.46014508605003357, 0.0, 0.0]
[step 0150/150] method=baseline_cagrad loss=0.6839 train_acc=0.8506 train_loss=0.3453 val_acc=0.8603 val_loss=0.3813 router_H=0.6873 best=0.8603
           router_load=[0.5482680201530457, 0.44952675700187683, 0.0011057168012484908, 0.0010994905605912209]
saved summary -> /home/zhujjing/MOE-grad-conflict-routing/runs/paper_suite/single_gpu/single_task/roberta_mrpc_lora_e4_k2/hpo/cagrad/trial_runs/coord_01_train_lr_016/cagrad_s2.json
saved curve -> /home/zhujjing/MOE-grad-conflict-routing/runs/paper_suite/single_gpu/single_task/roberta_mrpc_lora_e4_k2/hpo/cagrad/trial_runs/coord_01_train_lr_016/cagrad_s2_curve.csv
