[run] method=cagrad candidate=coord_01_train_lr_010 seed=2 steps=150 gpu=0
[run] cmd=
/home/zhujjing/anaconda3/envs/moe/bin/python /home/zhujjing/MOE-grad-conflict-routing/scripts/run.py --config configs/singletask_mrpc_real.yaml --set model.backbone_backend=hf --set model.hf_load_pretrained=true --set model.backbone=roberta --set model.hf_pretrained_name=roberta-base --set model.expert_type=lora --set model.routing_mode=topk --set model.num_experts=4 --set model.top_k=2 --set seed=2 --set method.name=baseline_cagrad --set train.steps=150 --set train.eval_every_steps=50 --set method.baseline_cagrad.c=0.4 --set method.baseline_cagrad.inner_lr=0.1 --set train.grad_clip=1 --set train.lr=8.970036802e-05 --set train.weight_decay=0.01 --out /home/zhujjing/MOE-grad-conflict-routing/runs/paper_suite/single_gpu/single_task/roberta_mrpc_lora_e4_k2/hpo/cagrad/trial_runs/coord_01_train_lr_010/cagrad_s2.json --curve_out /home/zhujjing/MOE-grad-conflict-routing/runs/paper_suite/single_gpu/single_task/roberta_mrpc_lora_e4_k2/hpo/cagrad/trial_runs/coord_01_train_lr_010/cagrad_s2_curve.csv
Using the latest cached version of the dataset since glue couldn't be found on the Hugging Face Hub (offline mode is enabled).
Found the latest cached dataset configuration 'mrpc' at /home/zhujjing/hf_cache/datasets/glue/mrpc/0.0.0/bcdcba79d07bc864c1c254ccfcedcce55bcc9a8c (last modified on Thu Mar 19 15:01:06 2026).
/home/zhujjing/anaconda3/envs/moe/lib/python3.10/site-packages/transformers/utils/hub.py:124: FutureWarning: Using `TRANSFORMERS_CACHE` is deprecated and will be removed in v5 of Transformers. Use `HF_HOME` instead.
  warnings.warn(
Some weights of RobertaModel were not initialized from the model checkpoint at roberta-base and are newly initialized: ['roberta.pooler.dense.bias', 'roberta.pooler.dense.weight']
You should probably TRAIN this model on a down-stream task to be able to use it for predictions and inference.
[step 0001/150] method=baseline_cagrad loss=0.6590 train_acc=nan train_loss=nan val_acc=nan val_loss=nan best=-1.0000
[step 0010/150] method=baseline_cagrad loss=0.6953 train_acc=nan train_loss=nan val_acc=nan val_loss=nan best=-1.0000
[step 0020/150] method=baseline_cagrad loss=0.6823 train_acc=nan train_loss=nan val_acc=nan val_loss=nan best=-1.0000
[step 0030/150] method=baseline_cagrad loss=0.6587 train_acc=nan train_loss=nan val_acc=nan val_loss=nan best=-1.0000
[step 0040/150] method=baseline_cagrad loss=0.6178 train_acc=nan train_loss=nan val_acc=nan val_loss=nan best=-1.0000
[step 0050/150] method=baseline_cagrad loss=0.6070 train_acc=0.6461 train_loss=0.6354 val_acc=0.6299 val_loss=0.6430 router_H=0.6752 best=0.6299
           router_load=[0.3635156750679016, 0.0, 0.5928103923797607, 0.043673913925886154]
[step 0060/150] method=baseline_cagrad loss=0.8220 train_acc=0.6461 train_loss=0.6354 val_acc=0.6299 val_loss=0.6430 router_H=0.6752 best=0.6299
           router_load=[0.3635156750679016, 0.0, 0.5928103923797607, 0.043673913925886154]
[step 0070/150] method=baseline_cagrad loss=0.4887 train_acc=0.6461 train_loss=0.6354 val_acc=0.6299 val_loss=0.6430 router_H=0.6752 best=0.6299
           router_load=[0.3635156750679016, 0.0, 0.5928103923797607, 0.043673913925886154]
[step 0080/150] method=baseline_cagrad loss=0.5792 train_acc=0.6461 train_loss=0.6354 val_acc=0.6299 val_loss=0.6430 router_H=0.6752 best=0.6299
           router_load=[0.3635156750679016, 0.0, 0.5928103923797607, 0.043673913925886154]
[step 0090/150] method=baseline_cagrad loss=0.5778 train_acc=0.6461 train_loss=0.6354 val_acc=0.6299 val_loss=0.6430 router_H=0.6752 best=0.6299
           router_load=[0.3635156750679016, 0.0, 0.5928103923797607, 0.043673913925886154]
[step 0100/150] method=baseline_cagrad loss=0.4920 train_acc=0.8021 train_loss=0.4283 val_acc=0.7990 val_loss=0.4372 router_H=0.6681 best=0.7990
           router_load=[0.2876938581466675, 0.0, 0.6071568131446838, 0.1051492914557457]
[step 0110/150] method=baseline_cagrad loss=0.7703 train_acc=0.8021 train_loss=0.4283 val_acc=0.7990 val_loss=0.4372 router_H=0.6681 best=0.7990
           router_load=[0.2876938581466675, 0.0, 0.6071568131446838, 0.1051492914557457]
[step 0120/150] method=baseline_cagrad loss=0.3275 train_acc=0.8021 train_loss=0.4283 val_acc=0.7990 val_loss=0.4372 router_H=0.6681 best=0.7990
           router_load=[0.2876938581466675, 0.0, 0.6071568131446838, 0.1051492914557457]
[step 0130/150] method=baseline_cagrad loss=0.6540 train_acc=0.8021 train_loss=0.4283 val_acc=0.7990 val_loss=0.4372 router_H=0.6681 best=0.7990
           router_load=[0.2876938581466675, 0.0, 0.6071568131446838, 0.1051492914557457]
[step 0140/150] method=baseline_cagrad loss=0.4452 train_acc=0.8021 train_loss=0.4283 val_acc=0.7990 val_loss=0.4372 router_H=0.6681 best=0.7990
           router_load=[0.2876938581466675, 0.0, 0.6071568131446838, 0.1051492914557457]
[step 0150/150] method=baseline_cagrad loss=0.4945 train_acc=0.8288 train_loss=0.3769 val_acc=0.8064 val_loss=0.3743 router_H=0.6738 best=0.8064
           router_load=[0.23925141990184784, 0.0, 0.5925750136375427, 0.16817359626293182]
saved summary -> /home/zhujjing/MOE-grad-conflict-routing/runs/paper_suite/single_gpu/single_task/roberta_mrpc_lora_e4_k2/hpo/cagrad/trial_runs/coord_01_train_lr_010/cagrad_s2.json
saved curve -> /home/zhujjing/MOE-grad-conflict-routing/runs/paper_suite/single_gpu/single_task/roberta_mrpc_lora_e4_k2/hpo/cagrad/trial_runs/coord_01_train_lr_010/cagrad_s2_curve.csv
