[run] method=cagrad candidate=coord_01_train_lr_008 seed=2 steps=150 gpu=0
[run] cmd=
/home/zhujjing/anaconda3/envs/moe/bin/python /home/zhujjing/MOE-grad-conflict-routing/scripts/run.py --config configs/singletask_mrpc_real.yaml --set model.backbone_backend=hf --set model.hf_load_pretrained=true --set model.backbone=roberta --set model.hf_pretrained_name=roberta-base --set model.expert_type=lora --set model.routing_mode=topk --set model.num_experts=4 --set model.top_k=2 --set seed=2 --set method.name=baseline_cagrad --set train.steps=150 --set train.eval_every_steps=50 --set method.baseline_cagrad.c=0.4 --set method.baseline_cagrad.inner_lr=0.1 --set train.grad_clip=1 --set train.lr=9.799696332e-06 --set train.weight_decay=0.01 --out /home/zhujjing/MOE-grad-conflict-routing/runs/paper_suite/single_gpu/single_task/roberta_mrpc_lora_e4_k2/hpo/cagrad/trial_runs/coord_01_train_lr_008/cagrad_s2.json --curve_out /home/zhujjing/MOE-grad-conflict-routing/runs/paper_suite/single_gpu/single_task/roberta_mrpc_lora_e4_k2/hpo/cagrad/trial_runs/coord_01_train_lr_008/cagrad_s2_curve.csv
Using the latest cached version of the dataset since glue couldn't be found on the Hugging Face Hub (offline mode is enabled).
Found the latest cached dataset configuration 'mrpc' at /home/zhujjing/hf_cache/datasets/glue/mrpc/0.0.0/bcdcba79d07bc864c1c254ccfcedcce55bcc9a8c (last modified on Thu Mar 19 15:01:06 2026).
/home/zhujjing/anaconda3/envs/moe/lib/python3.10/site-packages/transformers/utils/hub.py:124: FutureWarning: Using `TRANSFORMERS_CACHE` is deprecated and will be removed in v5 of Transformers. Use `HF_HOME` instead.
  warnings.warn(
Some weights of RobertaModel were not initialized from the model checkpoint at roberta-base and are newly initialized: ['roberta.pooler.dense.bias', 'roberta.pooler.dense.weight']
You should probably TRAIN this model on a down-stream task to be able to use it for predictions and inference.
[step 0001/150] method=baseline_cagrad loss=0.7339 train_acc=nan train_loss=nan val_acc=nan val_loss=nan best=-1.0000
[step 0010/150] method=baseline_cagrad loss=0.6376 train_acc=nan train_loss=nan val_acc=nan val_loss=nan best=-1.0000
[step 0020/150] method=baseline_cagrad loss=0.7206 train_acc=nan train_loss=nan val_acc=nan val_loss=nan best=-1.0000
[step 0030/150] method=baseline_cagrad loss=0.6627 train_acc=nan train_loss=nan val_acc=nan val_loss=nan best=-1.0000
[step 0040/150] method=baseline_cagrad loss=0.6050 train_acc=nan train_loss=nan val_acc=nan val_loss=nan best=-1.0000
[step 0050/150] method=baseline_cagrad loss=0.4819 train_acc=0.7176 train_loss=0.5263 val_acc=0.7206 val_loss=0.5185 router_H=0.6839 best=0.7206
           router_load=[0.40084147453308105, 0.0102262357249856, 0.5618834495544434, 0.027048952877521515]
[step 0060/150] method=baseline_cagrad loss=0.6038 train_acc=0.7176 train_loss=0.5263 val_acc=0.7206 val_loss=0.5185 router_H=0.6839 best=0.7206
           router_load=[0.40084147453308105, 0.0102262357249856, 0.5618834495544434, 0.027048952877521515]
[step 0070/150] method=baseline_cagrad loss=0.4005 train_acc=0.7176 train_loss=0.5263 val_acc=0.7206 val_loss=0.5185 router_H=0.6839 best=0.7206
           router_load=[0.40084147453308105, 0.0102262357249856, 0.5618834495544434, 0.027048952877521515]
[step 0080/150] method=baseline_cagrad loss=0.4299 train_acc=0.7176 train_loss=0.5263 val_acc=0.7206 val_loss=0.5185 router_H=0.6839 best=0.7206
           router_load=[0.40084147453308105, 0.0102262357249856, 0.5618834495544434, 0.027048952877521515]
[step 0090/150] method=baseline_cagrad loss=0.4694 train_acc=0.7176 train_loss=0.5263 val_acc=0.7206 val_loss=0.5185 router_H=0.6839 best=0.7206
           router_load=[0.40084147453308105, 0.0102262357249856, 0.5618834495544434, 0.027048952877521515]
[step 0100/150] method=baseline_cagrad loss=0.5219 train_acc=0.8029 train_loss=0.4248 val_acc=0.7917 val_loss=0.4238 router_H=0.6812 best=0.7917
           router_load=[0.4200112521648407, 0.0035359240137040615, 0.562842071056366, 0.013610771857202053]
[step 0110/150] method=baseline_cagrad loss=0.6855 train_acc=0.8029 train_loss=0.4248 val_acc=0.7917 val_loss=0.4238 router_H=0.6812 best=0.7917
           router_load=[0.4200112521648407, 0.0035359240137040615, 0.562842071056366, 0.013610771857202053]
[step 0120/150] method=baseline_cagrad loss=0.2893 train_acc=0.8029 train_loss=0.4248 val_acc=0.7917 val_loss=0.4238 router_H=0.6812 best=0.7917
           router_load=[0.4200112521648407, 0.0035359240137040615, 0.562842071056366, 0.013610771857202053]
[step 0130/150] method=baseline_cagrad loss=0.5976 train_acc=0.8029 train_loss=0.4248 val_acc=0.7917 val_loss=0.4238 router_H=0.6812 best=0.7917
           router_load=[0.4200112521648407, 0.0035359240137040615, 0.562842071056366, 0.013610771857202053]
[step 0140/150] method=baseline_cagrad loss=0.4232 train_acc=0.8029 train_loss=0.4248 val_acc=0.7917 val_loss=0.4238 router_H=0.6812 best=0.7917
           router_load=[0.4200112521648407, 0.0035359240137040615, 0.562842071056366, 0.013610771857202053]
[step 0150/150] method=baseline_cagrad loss=0.6362 train_acc=0.8462 train_loss=0.3654 val_acc=0.8407 val_loss=0.3640 router_H=0.6695 best=0.8407
           router_load=[0.37242111563682556, 0.024553555995225906, 0.5880787968635559, 0.014946629293262959]
saved summary -> /home/zhujjing/MOE-grad-conflict-routing/runs/paper_suite/single_gpu/single_task/roberta_mrpc_lora_e4_k2/hpo/cagrad/trial_runs/coord_01_train_lr_008/cagrad_s2.json
saved curve -> /home/zhujjing/MOE-grad-conflict-routing/runs/paper_suite/single_gpu/single_task/roberta_mrpc_lora_e4_k2/hpo/cagrad/trial_runs/coord_01_train_lr_008/cagrad_s2_curve.csv
