[run] method=ours candidate=coord_01_train_lr_022 seed=3 steps=150 gpu=0
[run] cmd=
/home/zhujjing/anaconda3/envs/moe/bin/python /home/zhujjing/MOE-grad-conflict-routing/scripts/run.py --config configs/singletask_mrpc_real.yaml --set model.backbone_backend=hf --set model.hf_load_pretrained=true --set model.backbone=roberta --set model.hf_pretrained_name=roberta-base --set model.expert_type=ffn --set model.routing_mode=topk --set model.num_experts=4 --set model.top_k=2 --set seed=3 --set method.name=ours --set train.steps=150 --set train.eval_every_steps=50 --set method.ours.use_load_norm=true --set method.ours.lambda_align=0.001 --set train.grad_clip=1 --set train.lr=5.80675235e-06 --set train.weight_decay=0.01 --out /home/zhujjing/MOE-grad-conflict-routing/runs/paper_suite/single_gpu/single_task/roberta_mrpc_ffn_e4_k2/hpo/ours/trial_runs/coord_01_train_lr_022/ours_s3.json --curve_out /home/zhujjing/MOE-grad-conflict-routing/runs/paper_suite/single_gpu/single_task/roberta_mrpc_ffn_e4_k2/hpo/ours/trial_runs/coord_01_train_lr_022/ours_s3_curve.csv
Using the latest cached version of the dataset since glue couldn't be found on the Hugging Face Hub (offline mode is enabled).
Found the latest cached dataset configuration 'mrpc' at /home/zhujjing/hf_cache/datasets/glue/mrpc/0.0.0/bcdcba79d07bc864c1c254ccfcedcce55bcc9a8c (last modified on Thu Mar 19 15:01:06 2026).
/home/zhujjing/anaconda3/envs/moe/lib/python3.10/site-packages/transformers/utils/hub.py:124: FutureWarning: Using `TRANSFORMERS_CACHE` is deprecated and will be removed in v5 of Transformers. Use `HF_HOME` instead.
  warnings.warn(
Some weights of RobertaModel were not initialized from the model checkpoint at roberta-base and are newly initialized: ['roberta.pooler.dense.bias', 'roberta.pooler.dense.weight']
You should probably TRAIN this model on a down-stream task to be able to use it for predictions and inference.
[step 0001/150] method=ours loss=0.7032 train_acc=nan train_loss=nan val_acc=nan val_loss=nan best=-1.0000
[step 0010/150] method=ours loss=0.6691 train_acc=nan train_loss=nan val_acc=nan val_loss=nan best=-1.0000
[step 0020/150] method=ours loss=0.6888 train_acc=nan train_loss=nan val_acc=nan val_loss=nan best=-1.0000
[step 0030/150] method=ours loss=0.5872 train_acc=nan train_loss=nan val_acc=nan val_loss=nan best=-1.0000
[step 0040/150] method=ours loss=0.7003 train_acc=nan train_loss=nan val_acc=nan val_loss=nan best=-1.0000
[step 0050/150] method=ours loss=0.5331 train_acc=0.6745 train_loss=0.5632 val_acc=0.6838 val_loss=0.5602 router_H=0.6416 best=0.6838
           router_load=[0.2925739586353302, 0.07171465456485748, 0.6357114315032959, 0.0]
[step 0060/150] method=ours loss=0.6240 train_acc=0.6745 train_loss=0.5632 val_acc=0.6838 val_loss=0.5602 router_H=0.6416 best=0.6838
           router_load=[0.2925739586353302, 0.07171465456485748, 0.6357114315032959, 0.0]
[step 0070/150] method=ours loss=0.5116 train_acc=0.6745 train_loss=0.5632 val_acc=0.6838 val_loss=0.5602 router_H=0.6416 best=0.6838
           router_load=[0.2925739586353302, 0.07171465456485748, 0.6357114315032959, 0.0]
[step 0080/150] method=ours loss=0.7172 train_acc=0.6745 train_loss=0.5632 val_acc=0.6838 val_loss=0.5602 router_H=0.6416 best=0.6838
           router_load=[0.2925739586353302, 0.07171465456485748, 0.6357114315032959, 0.0]
[step 0090/150] method=ours loss=0.6155 train_acc=0.6745 train_loss=0.5632 val_acc=0.6838 val_loss=0.5602 router_H=0.6416 best=0.6838
           router_load=[0.2925739586353302, 0.07171465456485748, 0.6357114315032959, 0.0]
[step 0100/150] method=ours loss=0.6219 train_acc=0.6745 train_loss=0.5420 val_acc=0.6838 val_loss=0.5382 router_H=0.5042 best=0.6838
           router_load=[0.16735529899597168, 0.05786639451980591, 0.774778425693512, 0.0]
[step 0110/150] method=ours loss=0.4717 train_acc=0.6745 train_loss=0.5420 val_acc=0.6838 val_loss=0.5382 router_H=0.5042 best=0.6838
           router_load=[0.16735529899597168, 0.05786639451980591, 0.774778425693512, 0.0]
[step 0120/150] method=ours loss=0.4717 train_acc=0.6745 train_loss=0.5420 val_acc=0.6838 val_loss=0.5382 router_H=0.5042 best=0.6838
           router_load=[0.16735529899597168, 0.05786639451980591, 0.774778425693512, 0.0]
[step 0130/150] method=ours loss=0.4882 train_acc=0.6745 train_loss=0.5420 val_acc=0.6838 val_loss=0.5382 router_H=0.5042 best=0.6838
           router_load=[0.16735529899597168, 0.05786639451980591, 0.774778425693512, 0.0]
[step 0140/150] method=ours loss=0.5149 train_acc=0.6745 train_loss=0.5420 val_acc=0.6838 val_loss=0.5382 router_H=0.5042 best=0.6838
           router_load=[0.16735529899597168, 0.05786639451980591, 0.774778425693512, 0.0]
[step 0150/150] method=ours loss=0.4841 train_acc=0.7069 train_loss=0.4552 val_acc=0.6985 val_loss=0.4586 router_H=0.4972 best=0.6985
           router_load=[0.23273621499538422, 0.010198325850069523, 0.7570654153823853, 0.0]
saved summary -> /home/zhujjing/MOE-grad-conflict-routing/runs/paper_suite/single_gpu/single_task/roberta_mrpc_ffn_e4_k2/hpo/ours/trial_runs/coord_01_train_lr_022/ours_s3.json
saved curve -> /home/zhujjing/MOE-grad-conflict-routing/runs/paper_suite/single_gpu/single_task/roberta_mrpc_ffn_e4_k2/hpo/ours/trial_runs/coord_01_train_lr_022/ours_s3_curve.csv
