[run] method=ours candidate=coord_01_train_lr_001 seed=3 steps=150 gpu=0
[run] cmd=
/home/zhujjing/anaconda3/envs/moe/bin/python /home/zhujjing/MOE-grad-conflict-routing/scripts/run.py --config configs/singletask_mrpc_real.yaml --set model.backbone_backend=hf --set model.hf_load_pretrained=true --set model.backbone=roberta --set model.hf_pretrained_name=roberta-base --set model.expert_type=ffn --set model.routing_mode=topk --set model.num_experts=4 --set model.top_k=2 --set seed=3 --set method.name=ours --set train.steps=150 --set train.eval_every_steps=50 --set method.ours.use_load_norm=true --set method.ours.lambda_align=0.001 --set train.grad_clip=1 --set train.lr=6.093904654e-06 --set train.weight_decay=0.01 --out /home/zhujjing/MOE-grad-conflict-routing/runs/paper_suite/single_gpu/single_task/roberta_mrpc_ffn_e4_k2/hpo/ours/trial_runs/coord_01_train_lr_001/ours_s3.json --curve_out /home/zhujjing/MOE-grad-conflict-routing/runs/paper_suite/single_gpu/single_task/roberta_mrpc_ffn_e4_k2/hpo/ours/trial_runs/coord_01_train_lr_001/ours_s3_curve.csv
Using the latest cached version of the dataset since glue couldn't be found on the Hugging Face Hub (offline mode is enabled).
Found the latest cached dataset configuration 'mrpc' at /home/zhujjing/hf_cache/datasets/glue/mrpc/0.0.0/bcdcba79d07bc864c1c254ccfcedcce55bcc9a8c (last modified on Thu Mar 19 15:01:06 2026).
/home/zhujjing/anaconda3/envs/moe/lib/python3.10/site-packages/transformers/utils/hub.py:124: FutureWarning: Using `TRANSFORMERS_CACHE` is deprecated and will be removed in v5 of Transformers. Use `HF_HOME` instead.
  warnings.warn(
Some weights of RobertaModel were not initialized from the model checkpoint at roberta-base and are newly initialized: ['roberta.pooler.dense.bias', 'roberta.pooler.dense.weight']
You should probably TRAIN this model on a down-stream task to be able to use it for predictions and inference.
[step 0001/150] method=ours loss=0.7036 train_acc=nan train_loss=nan val_acc=nan val_loss=nan best=-1.0000
[step 0010/150] method=ours loss=0.6732 train_acc=nan train_loss=nan val_acc=nan val_loss=nan best=-1.0000
[step 0020/150] method=ours loss=0.6924 train_acc=nan train_loss=nan val_acc=nan val_loss=nan best=-1.0000
[step 0030/150] method=ours loss=0.5885 train_acc=nan train_loss=nan val_acc=nan val_loss=nan best=-1.0000
[step 0040/150] method=ours loss=0.7022 train_acc=nan train_loss=nan val_acc=nan val_loss=nan best=-1.0000
[step 0050/150] method=ours loss=0.5214 train_acc=0.6745 train_loss=0.5767 val_acc=0.6838 val_loss=0.5698 router_H=0.6441 best=0.6838
           router_load=[0.0029762820340692997, 0.3566705584526062, 0.0026472751051187515, 0.63770592212677]
[step 0060/150] method=ours loss=0.6348 train_acc=0.6745 train_loss=0.5767 val_acc=0.6838 val_loss=0.5698 router_H=0.6441 best=0.6838
           router_load=[0.0029762820340692997, 0.3566705584526062, 0.0026472751051187515, 0.63770592212677]
[step 0070/150] method=ours loss=0.5252 train_acc=0.6745 train_loss=0.5767 val_acc=0.6838 val_loss=0.5698 router_H=0.6441 best=0.6838
           router_load=[0.0029762820340692997, 0.3566705584526062, 0.0026472751051187515, 0.63770592212677]
[step 0080/150] method=ours loss=0.6962 train_acc=0.6745 train_loss=0.5767 val_acc=0.6838 val_loss=0.5698 router_H=0.6441 best=0.6838
           router_load=[0.0029762820340692997, 0.3566705584526062, 0.0026472751051187515, 0.63770592212677]
[step 0090/150] method=ours loss=0.6115 train_acc=0.6745 train_loss=0.5767 val_acc=0.6838 val_loss=0.5698 router_H=0.6441 best=0.6838
           router_load=[0.0029762820340692997, 0.3566705584526062, 0.0026472751051187515, 0.63770592212677]
[step 0100/150] method=ours loss=0.5984 train_acc=0.6745 train_loss=0.5165 val_acc=0.6838 val_loss=0.5099 router_H=0.4910 best=0.6838
           router_load=[0.008885828778147697, 0.19493074715137482, 0.019147450104355812, 0.7770359516143799]
[step 0110/150] method=ours loss=0.4769 train_acc=0.6745 train_loss=0.5165 val_acc=0.6838 val_loss=0.5099 router_H=0.4910 best=0.6838
           router_load=[0.008885828778147697, 0.19493074715137482, 0.019147450104355812, 0.7770359516143799]
[step 0120/150] method=ours loss=0.4864 train_acc=0.6745 train_loss=0.5165 val_acc=0.6838 val_loss=0.5099 router_H=0.4910 best=0.6838
           router_load=[0.008885828778147697, 0.19493074715137482, 0.019147450104355812, 0.7770359516143799]
[step 0130/150] method=ours loss=0.4531 train_acc=0.6745 train_loss=0.5165 val_acc=0.6838 val_loss=0.5099 router_H=0.4910 best=0.6838
           router_load=[0.008885828778147697, 0.19493074715137482, 0.019147450104355812, 0.7770359516143799]
[step 0140/150] method=ours loss=0.4582 train_acc=0.6745 train_loss=0.5165 val_acc=0.6838 val_loss=0.5099 router_H=0.4910 best=0.6838
           router_load=[0.008885828778147697, 0.19493074715137482, 0.019147450104355812, 0.7770359516143799]
[step 0150/150] method=ours loss=0.5116 train_acc=0.7576 train_loss=0.4344 val_acc=0.7500 val_loss=0.4319 router_H=0.4739 best=0.7500
           router_load=[0.007491040974855423, 0.22126217186450958, 0.004126906860619783, 0.7671197056770325]
saved summary -> /home/zhujjing/MOE-grad-conflict-routing/runs/paper_suite/single_gpu/single_task/roberta_mrpc_ffn_e4_k2/hpo/ours/trial_runs/coord_01_train_lr_001/ours_s3.json
saved curve -> /home/zhujjing/MOE-grad-conflict-routing/runs/paper_suite/single_gpu/single_task/roberta_mrpc_ffn_e4_k2/hpo/ours/trial_runs/coord_01_train_lr_001/ours_s3_curve.csv
