[run] method=ours candidate=coord_01_anchor seed=3 steps=150 gpu=0
[run] cmd=
/home/zhujjing/anaconda3/envs/moe/bin/python /home/zhujjing/MOE-grad-conflict-routing/scripts/run.py --config configs/singletask_mrpc_real.yaml --set model.backbone_backend=hf --set model.hf_load_pretrained=true --set model.backbone=roberta --set model.hf_pretrained_name=roberta-base --set model.expert_type=ffn --set model.routing_mode=topk --set model.num_experts=4 --set model.top_k=2 --set seed=3 --set method.name=ours --set train.steps=150 --set train.eval_every_steps=50 --set method.ours.use_load_norm=true --set method.ours.lambda_align=0.001 --set train.grad_clip=1 --set train.lr=2e-05 --set train.weight_decay=0.01 --out /home/zhujjing/MOE-grad-conflict-routing/runs/paper_suite/single_gpu/single_task/roberta_mrpc_ffn_e4_k2/hpo/ours/trial_runs/coord_01_anchor/ours_s3.json --curve_out /home/zhujjing/MOE-grad-conflict-routing/runs/paper_suite/single_gpu/single_task/roberta_mrpc_ffn_e4_k2/hpo/ours/trial_runs/coord_01_anchor/ours_s3_curve.csv
Using the latest cached version of the dataset since glue couldn't be found on the Hugging Face Hub (offline mode is enabled).
Found the latest cached dataset configuration 'mrpc' at /home/zhujjing/hf_cache/datasets/glue/mrpc/0.0.0/bcdcba79d07bc864c1c254ccfcedcce55bcc9a8c (last modified on Thu Mar 19 15:01:06 2026).
/home/zhujjing/anaconda3/envs/moe/lib/python3.10/site-packages/transformers/utils/hub.py:124: FutureWarning: Using `TRANSFORMERS_CACHE` is deprecated and will be removed in v5 of Transformers. Use `HF_HOME` instead.
  warnings.warn(
Some weights of RobertaModel were not initialized from the model checkpoint at roberta-base and are newly initialized: ['roberta.pooler.dense.bias', 'roberta.pooler.dense.weight']
You should probably TRAIN this model on a down-stream task to be able to use it for predictions and inference.
[step 0001/150] method=ours loss=0.6823 train_acc=nan train_loss=nan val_acc=nan val_loss=nan best=-1.0000
[step 0010/150] method=ours loss=0.7206 train_acc=nan train_loss=nan val_acc=nan val_loss=nan best=-1.0000
[step 0020/150] method=ours loss=0.6947 train_acc=nan train_loss=nan val_acc=nan val_loss=nan best=-1.0000
[step 0030/150] method=ours loss=0.5623 train_acc=nan train_loss=nan val_acc=nan val_loss=nan best=-1.0000
[step 0040/150] method=ours loss=0.6586 train_acc=nan train_loss=nan val_acc=nan val_loss=nan best=-1.0000
[step 0050/150] method=ours loss=0.5013 train_acc=0.7328 train_loss=0.5046 val_acc=0.7328 val_loss=0.4942 router_H=0.6896 best=0.7328
           router_load=[0.5052497386932373, 0.0010449435794726014, 0.4915187954902649, 0.0021865584421902895]
[step 0060/150] method=ours loss=0.5198 train_acc=0.7328 train_loss=0.5046 val_acc=0.7328 val_loss=0.4942 router_H=0.6896 best=0.7328
           router_load=[0.5052497386932373, 0.0010449435794726014, 0.4915187954902649, 0.0021865584421902895]
[step 0070/150] method=ours loss=0.4877 train_acc=0.7328 train_loss=0.5046 val_acc=0.7328 val_loss=0.4942 router_H=0.6896 best=0.7328
           router_load=[0.5052497386932373, 0.0010449435794726014, 0.4915187954902649, 0.0021865584421902895]
[step 0080/150] method=ours loss=0.5549 train_acc=0.7328 train_loss=0.5046 val_acc=0.7328 val_loss=0.4942 router_H=0.6896 best=0.7328
           router_load=[0.5052497386932373, 0.0010449435794726014, 0.4915187954902649, 0.0021865584421902895]
[step 0090/150] method=ours loss=0.5513 train_acc=0.7328 train_loss=0.5046 val_acc=0.7328 val_loss=0.4942 router_H=0.6896 best=0.7328
           router_load=[0.5052497386932373, 0.0010449435794726014, 0.4915187954902649, 0.0021865584421902895]
[step 0100/150] method=ours loss=0.5149 train_acc=0.8451 train_loss=0.4403 val_acc=0.8529 val_loss=0.4360 router_H=0.6427 best=0.8529
           router_load=[0.5941087603569031, 0.0, 0.2912026345729828, 0.11468857526779175]
[step 0110/150] method=ours loss=0.3714 train_acc=0.8451 train_loss=0.4403 val_acc=0.8529 val_loss=0.4360 router_H=0.6427 best=0.8529
           router_load=[0.5941087603569031, 0.0, 0.2912026345729828, 0.11468857526779175]
[step 0120/150] method=ours loss=0.2810 train_acc=0.8451 train_loss=0.4403 val_acc=0.8529 val_loss=0.4360 router_H=0.6427 best=0.8529
           router_load=[0.5941087603569031, 0.0, 0.2912026345729828, 0.11468857526779175]
[step 0130/150] method=ours loss=0.3994 train_acc=0.8451 train_loss=0.4403 val_acc=0.8529 val_loss=0.4360 router_H=0.6427 best=0.8529
           router_load=[0.5941087603569031, 0.0, 0.2912026345729828, 0.11468857526779175]
[step 0140/150] method=ours loss=0.3641 train_acc=0.8451 train_loss=0.4403 val_acc=0.8529 val_loss=0.4360 router_H=0.6427 best=0.8529
           router_load=[0.5941087603569031, 0.0, 0.2912026345729828, 0.11468857526779175]
[step 0150/150] method=ours loss=0.3278 train_acc=0.8642 train_loss=0.3379 val_acc=0.8676 val_loss=0.3405 router_H=0.6058 best=0.8676
           router_load=[0.638062059879303, 0.0, 0.3535941243171692, 0.008343853056430817]
saved summary -> /home/zhujjing/MOE-grad-conflict-routing/runs/paper_suite/single_gpu/single_task/roberta_mrpc_ffn_e4_k2/hpo/ours/trial_runs/coord_01_anchor/ours_s3.json
saved curve -> /home/zhujjing/MOE-grad-conflict-routing/runs/paper_suite/single_gpu/single_task/roberta_mrpc_ffn_e4_k2/hpo/ours/trial_runs/coord_01_anchor/ours_s3_curve.csv
