[run] method=ours candidate=coord_01_train_lr_008 seed=3 steps=150 gpu=0
[run] cmd=
/home/zhujjing/anaconda3/envs/moe/bin/python /home/zhujjing/MOE-grad-conflict-routing/scripts/run.py --config configs/singletask_mrpc_real.yaml --set model.backbone_backend=hf --set model.hf_load_pretrained=true --set model.backbone=roberta --set model.hf_pretrained_name=roberta-base --set model.expert_type=ffn --set model.routing_mode=topk --set model.num_experts=4 --set model.top_k=2 --set seed=3 --set method.name=ours --set train.steps=150 --set train.eval_every_steps=50 --set method.ours.use_load_norm=true --set method.ours.lambda_align=0.001 --set train.grad_clip=1 --set train.lr=1.595254206e-05 --set train.weight_decay=0.01 --out /home/zhujjing/MOE-grad-conflict-routing/runs/paper_suite/single_gpu/single_task/roberta_mrpc_ffn_e4_k2/hpo/ours/trial_runs/coord_01_train_lr_008/ours_s3.json --curve_out /home/zhujjing/MOE-grad-conflict-routing/runs/paper_suite/single_gpu/single_task/roberta_mrpc_ffn_e4_k2/hpo/ours/trial_runs/coord_01_train_lr_008/ours_s3_curve.csv
Using the latest cached version of the dataset since glue couldn't be found on the Hugging Face Hub (offline mode is enabled).
Found the latest cached dataset configuration 'mrpc' at /home/zhujjing/hf_cache/datasets/glue/mrpc/0.0.0/bcdcba79d07bc864c1c254ccfcedcce55bcc9a8c (last modified on Thu Mar 19 15:01:06 2026).
/home/zhujjing/anaconda3/envs/moe/lib/python3.10/site-packages/transformers/utils/hub.py:124: FutureWarning: Using `TRANSFORMERS_CACHE` is deprecated and will be removed in v5 of Transformers. Use `HF_HOME` instead.
  warnings.warn(
Some weights of RobertaModel were not initialized from the model checkpoint at roberta-base and are newly initialized: ['roberta.pooler.dense.bias', 'roberta.pooler.dense.weight']
You should probably TRAIN this model on a down-stream task to be able to use it for predictions and inference.
[step 0001/150] method=ours loss=0.6884 train_acc=nan train_loss=nan val_acc=nan val_loss=nan best=-1.0000
[step 0010/150] method=ours loss=0.6635 train_acc=nan train_loss=nan val_acc=nan val_loss=nan best=-1.0000
[step 0020/150] method=ours loss=0.6949 train_acc=nan train_loss=nan val_acc=nan val_loss=nan best=-1.0000
[step 0030/150] method=ours loss=0.5581 train_acc=nan train_loss=nan val_acc=nan val_loss=nan best=-1.0000
[step 0040/150] method=ours loss=0.6509 train_acc=nan train_loss=nan val_acc=nan val_loss=nan best=-1.0000
[step 0050/150] method=ours loss=0.5281 train_acc=0.7342 train_loss=0.5082 val_acc=0.7132 val_loss=0.4971 router_H=0.4936 best=0.7132
           router_load=[0.006119726225733757, 0.7430218458175659, 0.06190885603427887, 0.1889493763446808]
[step 0060/150] method=ours loss=0.5051 train_acc=0.7342 train_loss=0.5082 val_acc=0.7132 val_loss=0.4971 router_H=0.4936 best=0.7132
           router_load=[0.006119726225733757, 0.7430218458175659, 0.06190885603427887, 0.1889493763446808]
[step 0070/150] method=ours loss=0.6710 train_acc=0.7342 train_loss=0.5082 val_acc=0.7132 val_loss=0.4971 router_H=0.4936 best=0.7132
           router_load=[0.006119726225733757, 0.7430218458175659, 0.06190885603427887, 0.1889493763446808]
[step 0080/150] method=ours loss=0.6737 train_acc=0.7342 train_loss=0.5082 val_acc=0.7132 val_loss=0.4971 router_H=0.4936 best=0.7132
           router_load=[0.006119726225733757, 0.7430218458175659, 0.06190885603427887, 0.1889493763446808]
[step 0090/150] method=ours loss=0.5987 train_acc=0.7342 train_loss=0.5082 val_acc=0.7132 val_loss=0.4971 router_H=0.4936 best=0.7132
           router_load=[0.006119726225733757, 0.7430218458175659, 0.06190885603427887, 0.1889493763446808]
[step 0100/150] method=ours loss=0.6490 train_acc=0.8173 train_loss=0.4067 val_acc=0.8284 val_loss=0.3926 router_H=0.4481 best=0.8284
           router_load=[0.08674449473619461, 0.6964237093925476, 0.009745927527546883, 0.2070859670639038]
[step 0110/150] method=ours loss=0.4330 train_acc=0.8173 train_loss=0.4067 val_acc=0.8284 val_loss=0.3926 router_H=0.4481 best=0.8284
           router_load=[0.08674449473619461, 0.6964237093925476, 0.009745927527546883, 0.2070859670639038]
[step 0120/150] method=ours loss=0.3089 train_acc=0.8173 train_loss=0.4067 val_acc=0.8284 val_loss=0.3926 router_H=0.4481 best=0.8284
           router_load=[0.08674449473619461, 0.6964237093925476, 0.009745927527546883, 0.2070859670639038]
[step 0130/150] method=ours loss=0.2694 train_acc=0.8173 train_loss=0.4067 val_acc=0.8284 val_loss=0.3926 router_H=0.4481 best=0.8284
           router_load=[0.08674449473619461, 0.6964237093925476, 0.009745927527546883, 0.2070859670639038]
[step 0140/150] method=ours loss=0.4128 train_acc=0.8173 train_loss=0.4067 val_acc=0.8284 val_loss=0.3926 router_H=0.4481 best=0.8284
           router_load=[0.08674449473619461, 0.6964237093925476, 0.009745927527546883, 0.2070859670639038]
[step 0150/150] method=ours loss=0.5381 train_acc=0.8465 train_loss=0.3650 val_acc=0.8480 val_loss=0.3753 router_H=0.3550 best=0.8480
           router_load=[0.014946180395781994, 0.7487612962722778, 0.02581351436674595, 0.21047906577587128]
saved summary -> /home/zhujjing/MOE-grad-conflict-routing/runs/paper_suite/single_gpu/single_task/roberta_mrpc_ffn_e4_k2/hpo/ours/trial_runs/coord_01_train_lr_008/ours_s3.json
saved curve -> /home/zhujjing/MOE-grad-conflict-routing/runs/paper_suite/single_gpu/single_task/roberta_mrpc_ffn_e4_k2/hpo/ours/trial_runs/coord_01_train_lr_008/ours_s3_curve.csv
