[run] method=ours candidate=coord_01_train_lr_005 seed=2 steps=150 gpu=0
[run] cmd=
/home/zhujjing/anaconda3/envs/moe/bin/python /home/zhujjing/MOE-grad-conflict-routing/scripts/run.py --config configs/singletask_mrpc_real.yaml --set model.backbone_backend=hf --set model.hf_load_pretrained=true --set model.backbone=roberta --set model.hf_pretrained_name=roberta-base --set model.expert_type=ffn --set model.routing_mode=topk --set model.num_experts=4 --set model.top_k=2 --set seed=2 --set method.name=ours --set train.steps=150 --set train.eval_every_steps=50 --set method.ours.use_load_norm=true --set method.ours.lambda_align=0.001 --set train.grad_clip=1 --set train.lr=2.652769064e-05 --set train.weight_decay=0.01 --out /home/zhujjing/MOE-grad-conflict-routing/runs/paper_suite/single_gpu/single_task/roberta_mrpc_ffn_e4_k2/hpo/ours/trial_runs/coord_01_train_lr_005/ours_s2.json --curve_out /home/zhujjing/MOE-grad-conflict-routing/runs/paper_suite/single_gpu/single_task/roberta_mrpc_ffn_e4_k2/hpo/ours/trial_runs/coord_01_train_lr_005/ours_s2_curve.csv
Using the latest cached version of the dataset since glue couldn't be found on the Hugging Face Hub (offline mode is enabled).
Found the latest cached dataset configuration 'mrpc' at /home/zhujjing/hf_cache/datasets/glue/mrpc/0.0.0/bcdcba79d07bc864c1c254ccfcedcce55bcc9a8c (last modified on Thu Mar 19 15:01:06 2026).
/home/zhujjing/anaconda3/envs/moe/lib/python3.10/site-packages/transformers/utils/hub.py:124: FutureWarning: Using `TRANSFORMERS_CACHE` is deprecated and will be removed in v5 of Transformers. Use `HF_HOME` instead.
  warnings.warn(
Some weights of RobertaModel were not initialized from the model checkpoint at roberta-base and are newly initialized: ['roberta.pooler.dense.bias', 'roberta.pooler.dense.weight']
You should probably TRAIN this model on a down-stream task to be able to use it for predictions and inference.
[step 0001/150] method=ours loss=0.7078 train_acc=nan train_loss=nan val_acc=nan val_loss=nan best=-1.0000
[step 0010/150] method=ours loss=0.6238 train_acc=nan train_loss=nan val_acc=nan val_loss=nan best=-1.0000
[step 0020/150] method=ours loss=0.6465 train_acc=nan train_loss=nan val_acc=nan val_loss=nan best=-1.0000
[step 0030/150] method=ours loss=0.6356 train_acc=nan train_loss=nan val_acc=nan val_loss=nan best=-1.0000
[step 0040/150] method=ours loss=0.6056 train_acc=nan train_loss=nan val_acc=nan val_loss=nan best=-1.0000
[step 0050/150] method=ours loss=0.5512 train_acc=0.7301 train_loss=0.5982 val_acc=0.7377 val_loss=0.6023 router_H=0.6742 best=0.7377
           router_load=[0.4432157874107361, 0.0007031367276795208, 0.551787257194519, 0.004293773788958788]
[step 0060/150] method=ours loss=0.6078 train_acc=0.7301 train_loss=0.5982 val_acc=0.7377 val_loss=0.6023 router_H=0.6742 best=0.7377
           router_load=[0.4432157874107361, 0.0007031367276795208, 0.551787257194519, 0.004293773788958788]
[step 0070/150] method=ours loss=0.3575 train_acc=0.7301 train_loss=0.5982 val_acc=0.7377 val_loss=0.6023 router_H=0.6742 best=0.7377
           router_load=[0.4432157874107361, 0.0007031367276795208, 0.551787257194519, 0.004293773788958788]
[step 0080/150] method=ours loss=0.3710 train_acc=0.7301 train_loss=0.5982 val_acc=0.7377 val_loss=0.6023 router_H=0.6742 best=0.7377
           router_load=[0.4432157874107361, 0.0007031367276795208, 0.551787257194519, 0.004293773788958788]
[step 0090/150] method=ours loss=0.3541 train_acc=0.7301 train_loss=0.5982 val_acc=0.7377 val_loss=0.6023 router_H=0.6742 best=0.7377
           router_load=[0.4432157874107361, 0.0007031367276795208, 0.551787257194519, 0.004293773788958788]
[step 0100/150] method=ours loss=0.4714 train_acc=0.8083 train_loss=0.4261 val_acc=0.8088 val_loss=0.4232 router_H=0.4443 best=0.8088
           router_load=[0.24534229934215546, 0.010140222497284412, 0.6276321411132812, 0.11688534170389175]
[step 0110/150] method=ours loss=0.5812 train_acc=0.8083 train_loss=0.4261 val_acc=0.8088 val_loss=0.4232 router_H=0.4443 best=0.8088
           router_load=[0.24534229934215546, 0.010140222497284412, 0.6276321411132812, 0.11688534170389175]
[step 0120/150] method=ours loss=0.3021 train_acc=0.8083 train_loss=0.4261 val_acc=0.8088 val_loss=0.4232 router_H=0.4443 best=0.8088
           router_load=[0.24534229934215546, 0.010140222497284412, 0.6276321411132812, 0.11688534170389175]
[step 0130/150] method=ours loss=0.5559 train_acc=0.8083 train_loss=0.4261 val_acc=0.8088 val_loss=0.4232 router_H=0.4443 best=0.8088
           router_load=[0.24534229934215546, 0.010140222497284412, 0.6276321411132812, 0.11688534170389175]
[step 0140/150] method=ours loss=0.4494 train_acc=0.8083 train_loss=0.4261 val_acc=0.8088 val_loss=0.4232 router_H=0.4443 best=0.8088
           router_load=[0.24534229934215546, 0.010140222497284412, 0.6276321411132812, 0.11688534170389175]
[step 0150/150] method=ours loss=0.8005 train_acc=0.8539 train_loss=0.4503 val_acc=0.8505 val_loss=0.4532 router_H=0.3066 best=0.8505
           router_load=[0.19275063276290894, 0.028772002086043358, 0.7742102146148682, 0.0042671626433730125]
saved summary -> /home/zhujjing/MOE-grad-conflict-routing/runs/paper_suite/single_gpu/single_task/roberta_mrpc_ffn_e4_k2/hpo/ours/trial_runs/coord_01_train_lr_005/ours_s2.json
saved curve -> /home/zhujjing/MOE-grad-conflict-routing/runs/paper_suite/single_gpu/single_task/roberta_mrpc_ffn_e4_k2/hpo/ours/trial_runs/coord_01_train_lr_005/ours_s2_curve.csv
