[run] method=ours candidate=coord_01_train_lr_010 seed=2 steps=150 gpu=0
[run] cmd=
/home/zhujjing/anaconda3/envs/moe/bin/python /home/zhujjing/MOE-grad-conflict-routing/scripts/run.py --config configs/singletask_mrpc_real.yaml --set model.backbone_backend=hf --set model.hf_load_pretrained=true --set model.backbone=roberta --set model.hf_pretrained_name=roberta-base --set model.expert_type=ffn --set model.routing_mode=topk --set model.num_experts=4 --set model.top_k=2 --set seed=2 --set method.name=ours --set train.steps=150 --set train.eval_every_steps=50 --set method.ours.use_load_norm=true --set method.ours.lambda_align=0.001 --set train.grad_clip=1 --set train.lr=2.521629285e-05 --set train.weight_decay=0.01 --out /home/zhujjing/MOE-grad-conflict-routing/runs/paper_suite/single_gpu/single_task/roberta_mrpc_ffn_e4_k2/hpo/ours/trial_runs/coord_01_train_lr_010/ours_s2.json --curve_out /home/zhujjing/MOE-grad-conflict-routing/runs/paper_suite/single_gpu/single_task/roberta_mrpc_ffn_e4_k2/hpo/ours/trial_runs/coord_01_train_lr_010/ours_s2_curve.csv
Using the latest cached version of the dataset since glue couldn't be found on the Hugging Face Hub (offline mode is enabled).
Found the latest cached dataset configuration 'mrpc' at /home/zhujjing/hf_cache/datasets/glue/mrpc/0.0.0/bcdcba79d07bc864c1c254ccfcedcce55bcc9a8c (last modified on Thu Mar 19 15:01:06 2026).
/home/zhujjing/anaconda3/envs/moe/lib/python3.10/site-packages/transformers/utils/hub.py:124: FutureWarning: Using `TRANSFORMERS_CACHE` is deprecated and will be removed in v5 of Transformers. Use `HF_HOME` instead.
  warnings.warn(
Some weights of RobertaModel were not initialized from the model checkpoint at roberta-base and are newly initialized: ['roberta.pooler.dense.bias', 'roberta.pooler.dense.weight']
You should probably TRAIN this model on a down-stream task to be able to use it for predictions and inference.
[step 0001/150] method=ours loss=0.6774 train_acc=nan train_loss=nan val_acc=nan val_loss=nan best=-1.0000
[step 0010/150] method=ours loss=0.6522 train_acc=nan train_loss=nan val_acc=nan val_loss=nan best=-1.0000
[step 0020/150] method=ours loss=0.6759 train_acc=nan train_loss=nan val_acc=nan val_loss=nan best=-1.0000
[step 0030/150] method=ours loss=0.7143 train_acc=nan train_loss=nan val_acc=nan val_loss=nan best=-1.0000
[step 0040/150] method=ours loss=0.5418 train_acc=nan train_loss=nan val_acc=nan val_loss=nan best=-1.0000
[step 0050/150] method=ours loss=0.5540 train_acc=0.7206 train_loss=0.5611 val_acc=0.7230 val_loss=0.5596 router_H=0.4155 best=0.7230
           router_load=[0.050019390881061554, 0.040816616266965866, 0.8361524939537048, 0.073011614382267]
[step 0060/150] method=ours loss=0.6375 train_acc=0.7206 train_loss=0.5611 val_acc=0.7230 val_loss=0.5596 router_H=0.4155 best=0.7230
           router_load=[0.050019390881061554, 0.040816616266965866, 0.8361524939537048, 0.073011614382267]
[step 0070/150] method=ours loss=0.3684 train_acc=0.7206 train_loss=0.5611 val_acc=0.7230 val_loss=0.5596 router_H=0.4155 best=0.7230
           router_load=[0.050019390881061554, 0.040816616266965866, 0.8361524939537048, 0.073011614382267]
[step 0080/150] method=ours loss=0.5162 train_acc=0.7206 train_loss=0.5611 val_acc=0.7230 val_loss=0.5596 router_H=0.4155 best=0.7230
           router_load=[0.050019390881061554, 0.040816616266965866, 0.8361524939537048, 0.073011614382267]
[step 0090/150] method=ours loss=0.3357 train_acc=0.7206 train_loss=0.5611 val_acc=0.7230 val_loss=0.5596 router_H=0.4155 best=0.7230
           router_load=[0.050019390881061554, 0.040816616266965866, 0.8361524939537048, 0.073011614382267]
[step 0100/150] method=ours loss=0.5006 train_acc=0.8190 train_loss=0.3878 val_acc=0.8186 val_loss=0.3995 router_H=0.4795 best=0.8186
           router_load=[0.2591175436973572, 0.0018796485383063555, 0.7341272830963135, 0.0048757134936749935]
[step 0110/150] method=ours loss=0.7697 train_acc=0.8190 train_loss=0.3878 val_acc=0.8186 val_loss=0.3995 router_H=0.4795 best=0.8186
           router_load=[0.2591175436973572, 0.0018796485383063555, 0.7341272830963135, 0.0048757134936749935]
[step 0120/150] method=ours loss=0.2963 train_acc=0.8190 train_loss=0.3878 val_acc=0.8186 val_loss=0.3995 router_H=0.4795 best=0.8186
           router_load=[0.2591175436973572, 0.0018796485383063555, 0.7341272830963135, 0.0048757134936749935]
[step 0130/150] method=ours loss=0.4543 train_acc=0.8190 train_loss=0.3878 val_acc=0.8186 val_loss=0.3995 router_H=0.4795 best=0.8186
           router_load=[0.2591175436973572, 0.0018796485383063555, 0.7341272830963135, 0.0048757134936749935]
[step 0140/150] method=ours loss=0.2928 train_acc=0.8190 train_loss=0.3878 val_acc=0.8186 val_loss=0.3995 router_H=0.4795 best=0.8186
           router_load=[0.2591175436973572, 0.0018796485383063555, 0.7341272830963135, 0.0048757134936749935]
[step 0150/150] method=ours loss=0.7114 train_acc=0.8585 train_loss=0.3934 val_acc=0.8554 val_loss=0.4141 router_H=0.3860 best=0.8554
           router_load=[0.15869678556919098, 0.029570238664746284, 0.8101888298988342, 0.0015441045397892594]
saved summary -> /home/zhujjing/MOE-grad-conflict-routing/runs/paper_suite/single_gpu/single_task/roberta_mrpc_ffn_e4_k2/hpo/ours/trial_runs/coord_01_train_lr_010/ours_s2.json
saved curve -> /home/zhujjing/MOE-grad-conflict-routing/runs/paper_suite/single_gpu/single_task/roberta_mrpc_ffn_e4_k2/hpo/ours/trial_runs/coord_01_train_lr_010/ours_s2_curve.csv
