[run] method=ours candidate=coord_01_train_lr_016 seed=3 steps=150 gpu=0
[run] cmd=
/home/zhujjing/anaconda3/envs/moe/bin/python /home/zhujjing/MOE-grad-conflict-routing/scripts/run.py --config configs/singletask_mrpc_real.yaml --set model.backbone_backend=hf --set model.hf_load_pretrained=true --set model.backbone=roberta --set model.hf_pretrained_name=roberta-base --set model.expert_type=ffn --set model.routing_mode=topk --set model.num_experts=4 --set model.top_k=2 --set seed=3 --set method.name=ours --set train.steps=150 --set train.eval_every_steps=50 --set method.ours.use_load_norm=true --set method.ours.lambda_align=0.001 --set train.grad_clip=1 --set train.lr=3.54352477e-05 --set train.weight_decay=0.01 --out /home/zhujjing/MOE-grad-conflict-routing/runs/paper_suite/single_gpu/single_task/roberta_mrpc_ffn_e4_k2/hpo/ours/trial_runs/coord_01_train_lr_016/ours_s3.json --curve_out /home/zhujjing/MOE-grad-conflict-routing/runs/paper_suite/single_gpu/single_task/roberta_mrpc_ffn_e4_k2/hpo/ours/trial_runs/coord_01_train_lr_016/ours_s3_curve.csv
Using the latest cached version of the dataset since glue couldn't be found on the Hugging Face Hub (offline mode is enabled).
Found the latest cached dataset configuration 'mrpc' at /home/zhujjing/hf_cache/datasets/glue/mrpc/0.0.0/bcdcba79d07bc864c1c254ccfcedcce55bcc9a8c (last modified on Thu Mar 19 15:01:06 2026).
/home/zhujjing/anaconda3/envs/moe/lib/python3.10/site-packages/transformers/utils/hub.py:124: FutureWarning: Using `TRANSFORMERS_CACHE` is deprecated and will be removed in v5 of Transformers. Use `HF_HOME` instead.
  warnings.warn(
Some weights of RobertaModel were not initialized from the model checkpoint at roberta-base and are newly initialized: ['roberta.pooler.dense.bias', 'roberta.pooler.dense.weight']
You should probably TRAIN this model on a down-stream task to be able to use it for predictions and inference.
[step 0001/150] method=ours loss=0.6724 train_acc=nan train_loss=nan val_acc=nan val_loss=nan best=-1.0000
[step 0010/150] method=ours loss=0.7678 train_acc=nan train_loss=nan val_acc=nan val_loss=nan best=-1.0000
[step 0020/150] method=ours loss=0.6388 train_acc=nan train_loss=nan val_acc=nan val_loss=nan best=-1.0000
[step 0030/150] method=ours loss=0.5336 train_acc=nan train_loss=nan val_acc=nan val_loss=nan best=-1.0000
[step 0040/150] method=ours loss=0.5754 train_acc=nan train_loss=nan val_acc=nan val_loss=nan best=-1.0000
[step 0050/150] method=ours loss=0.5097 train_acc=0.7974 train_loss=0.4477 val_acc=0.7941 val_loss=0.4434 router_H=0.4982 best=0.7941
           router_load=[0.6799366474151611, 0.0, 0.016033882275223732, 0.3040294647216797]
[step 0060/150] method=ours loss=0.4649 train_acc=0.7974 train_loss=0.4477 val_acc=0.7941 val_loss=0.4434 router_H=0.4982 best=0.7941
           router_load=[0.6799366474151611, 0.0, 0.016033882275223732, 0.3040294647216797]
[step 0070/150] method=ours loss=0.5519 train_acc=0.7974 train_loss=0.4477 val_acc=0.7941 val_loss=0.4434 router_H=0.4982 best=0.7941
           router_load=[0.6799366474151611, 0.0, 0.016033882275223732, 0.3040294647216797]
[step 0080/150] method=ours loss=0.5778 train_acc=0.7974 train_loss=0.4477 val_acc=0.7941 val_loss=0.4434 router_H=0.4982 best=0.7941
           router_load=[0.6799366474151611, 0.0, 0.016033882275223732, 0.3040294647216797]
[step 0090/150] method=ours loss=0.5724 train_acc=0.7974 train_loss=0.4477 val_acc=0.7941 val_loss=0.4434 router_H=0.4982 best=0.7941
           router_load=[0.6799366474151611, 0.0, 0.016033882275223732, 0.3040294647216797]
[step 0100/150] method=ours loss=0.6121 train_acc=0.8432 train_loss=0.3896 val_acc=0.8260 val_loss=0.3853 router_H=0.4934 best=0.8260
           router_load=[0.6913703680038452, 0.03683509677648544, 0.0, 0.2717944085597992]
[step 0110/150] method=ours loss=0.5436 train_acc=0.8432 train_loss=0.3896 val_acc=0.8260 val_loss=0.3853 router_H=0.4934 best=0.8260
           router_load=[0.6913703680038452, 0.03683509677648544, 0.0, 0.2717944085597992]
[step 0120/150] method=ours loss=0.2073 train_acc=0.8432 train_loss=0.3896 val_acc=0.8260 val_loss=0.3853 router_H=0.4934 best=0.8260
           router_load=[0.6913703680038452, 0.03683509677648544, 0.0, 0.2717944085597992]
[step 0130/150] method=ours loss=0.5972 train_acc=0.8432 train_loss=0.3896 val_acc=0.8260 val_loss=0.3853 router_H=0.4934 best=0.8260
           router_load=[0.6913703680038452, 0.03683509677648544, 0.0, 0.2717944085597992]
[step 0140/150] method=ours loss=0.5609 train_acc=0.8432 train_loss=0.3896 val_acc=0.8260 val_loss=0.3853 router_H=0.4934 best=0.8260
           router_load=[0.6913703680038452, 0.03683509677648544, 0.0, 0.2717944085597992]
[step 0150/150] method=ours loss=0.4869 train_acc=0.8664 train_loss=0.3473 val_acc=0.8701 val_loss=0.3499 router_H=0.5447 best=0.8701
           router_load=[0.49506044387817383, 0.0, 0.3010781705379486, 0.20386137068271637]
saved summary -> /home/zhujjing/MOE-grad-conflict-routing/runs/paper_suite/single_gpu/single_task/roberta_mrpc_ffn_e4_k2/hpo/ours/trial_runs/coord_01_train_lr_016/ours_s3.json
saved curve -> /home/zhujjing/MOE-grad-conflict-routing/runs/paper_suite/single_gpu/single_task/roberta_mrpc_ffn_e4_k2/hpo/ours/trial_runs/coord_01_train_lr_016/ours_s3_curve.csv
