[run] method=ours candidate=coord_01_train_lr_022 seed=2 steps=150 gpu=0
[run] cmd=
/home/zhujjing/anaconda3/envs/moe/bin/python /home/zhujjing/MOE-grad-conflict-routing/scripts/run.py --config configs/singletask_mrpc_real.yaml --set model.backbone_backend=hf --set model.hf_load_pretrained=true --set model.backbone=roberta --set model.hf_pretrained_name=roberta-base --set model.expert_type=ffn --set model.routing_mode=topk --set model.num_experts=4 --set model.top_k=2 --set seed=2 --set method.name=ours --set train.steps=150 --set train.eval_every_steps=50 --set method.ours.use_load_norm=true --set method.ours.lambda_align=0.001 --set train.grad_clip=1 --set train.lr=5.80675235e-06 --set train.weight_decay=0.01 --out /home/zhujjing/MOE-grad-conflict-routing/runs/paper_suite/single_gpu/single_task/roberta_mrpc_ffn_e4_k2/hpo/ours/trial_runs/coord_01_train_lr_022/ours_s2.json --curve_out /home/zhujjing/MOE-grad-conflict-routing/runs/paper_suite/single_gpu/single_task/roberta_mrpc_ffn_e4_k2/hpo/ours/trial_runs/coord_01_train_lr_022/ours_s2_curve.csv
Using the latest cached version of the dataset since glue couldn't be found on the Hugging Face Hub (offline mode is enabled).
Found the latest cached dataset configuration 'mrpc' at /home/zhujjing/hf_cache/datasets/glue/mrpc/0.0.0/bcdcba79d07bc864c1c254ccfcedcce55bcc9a8c (last modified on Thu Mar 19 15:01:06 2026).
/home/zhujjing/anaconda3/envs/moe/lib/python3.10/site-packages/transformers/utils/hub.py:124: FutureWarning: Using `TRANSFORMERS_CACHE` is deprecated and will be removed in v5 of Transformers. Use `HF_HOME` instead.
  warnings.warn(
Some weights of RobertaModel were not initialized from the model checkpoint at roberta-base and are newly initialized: ['roberta.pooler.dense.bias', 'roberta.pooler.dense.weight']
You should probably TRAIN this model on a down-stream task to be able to use it for predictions and inference.
[step 0001/150] method=ours loss=0.6869 train_acc=nan train_loss=nan val_acc=nan val_loss=nan best=-1.0000
[step 0010/150] method=ours loss=0.6495 train_acc=nan train_loss=nan val_acc=nan val_loss=nan best=-1.0000
[step 0020/150] method=ours loss=0.7146 train_acc=nan train_loss=nan val_acc=nan val_loss=nan best=-1.0000
[step 0030/150] method=ours loss=0.6873 train_acc=nan train_loss=nan val_acc=nan val_loss=nan best=-1.0000
[step 0040/150] method=ours loss=0.6368 train_acc=nan train_loss=nan val_acc=nan val_loss=nan best=-1.0000
[step 0050/150] method=ours loss=0.4887 train_acc=0.6745 train_loss=0.5634 val_acc=0.6838 val_loss=0.5601 router_H=0.5665 best=0.6838
           router_load=[0.1678055077791214, 0.015056169591844082, 0.735801100730896, 0.08133724331855774]
[step 0060/150] method=ours loss=0.6085 train_acc=0.6745 train_loss=0.5634 val_acc=0.6838 val_loss=0.5601 router_H=0.5665 best=0.6838
           router_load=[0.1678055077791214, 0.015056169591844082, 0.735801100730896, 0.08133724331855774]
[step 0070/150] method=ours loss=0.4347 train_acc=0.6745 train_loss=0.5634 val_acc=0.6838 val_loss=0.5601 router_H=0.5665 best=0.6838
           router_load=[0.1678055077791214, 0.015056169591844082, 0.735801100730896, 0.08133724331855774]
[step 0080/150] method=ours loss=0.5307 train_acc=0.6745 train_loss=0.5634 val_acc=0.6838 val_loss=0.5601 router_H=0.5665 best=0.6838
           router_load=[0.1678055077791214, 0.015056169591844082, 0.735801100730896, 0.08133724331855774]
[step 0090/150] method=ours loss=0.5052 train_acc=0.6745 train_loss=0.5634 val_acc=0.6838 val_loss=0.5601 router_H=0.5665 best=0.6838
           router_load=[0.1678055077791214, 0.015056169591844082, 0.735801100730896, 0.08133724331855774]
[step 0100/150] method=ours loss=0.5663 train_acc=0.6897 train_loss=0.4873 val_acc=0.6961 val_loss=0.4930 router_H=0.4833 best=0.6961
           router_load=[0.03939249366521835, 0.17529775202274323, 0.7831297516822815, 0.002179966075345874]
[step 0110/150] method=ours loss=0.6498 train_acc=0.6897 train_loss=0.4873 val_acc=0.6961 val_loss=0.4930 router_H=0.4833 best=0.6961
           router_load=[0.03939249366521835, 0.17529775202274323, 0.7831297516822815, 0.002179966075345874]
[step 0120/150] method=ours loss=0.3497 train_acc=0.6897 train_loss=0.4873 val_acc=0.6961 val_loss=0.4930 router_H=0.4833 best=0.6961
           router_load=[0.03939249366521835, 0.17529775202274323, 0.7831297516822815, 0.002179966075345874]
[step 0130/150] method=ours loss=0.5210 train_acc=0.6897 train_loss=0.4873 val_acc=0.6961 val_loss=0.4930 router_H=0.4833 best=0.6961
           router_load=[0.03939249366521835, 0.17529775202274323, 0.7831297516822815, 0.002179966075345874]
[step 0140/150] method=ours loss=0.4208 train_acc=0.6897 train_loss=0.4873 val_acc=0.6961 val_loss=0.4930 router_H=0.4833 best=0.6961
           router_load=[0.03939249366521835, 0.17529775202274323, 0.7831297516822815, 0.002179966075345874]
[step 0150/150] method=ours loss=0.6057 train_acc=0.7944 train_loss=0.4150 val_acc=0.7941 val_loss=0.4369 router_H=0.4477 best=0.7941
           router_load=[0.002361512277275324, 0.20357154309749603, 0.7843586206436157, 0.009708333760499954]
saved summary -> /home/zhujjing/MOE-grad-conflict-routing/runs/paper_suite/single_gpu/single_task/roberta_mrpc_ffn_e4_k2/hpo/ours/trial_runs/coord_01_train_lr_022/ours_s2.json
saved curve -> /home/zhujjing/MOE-grad-conflict-routing/runs/paper_suite/single_gpu/single_task/roberta_mrpc_ffn_e4_k2/hpo/ours/trial_runs/coord_01_train_lr_022/ours_s2_curve.csv
