[run] method=ours candidate=coord_01_train_lr_002 seed=3 steps=150 gpu=0
[run] cmd=
/home/zhujjing/anaconda3/envs/moe/bin/python /home/zhujjing/MOE-grad-conflict-routing/scripts/run.py --config configs/singletask_mrpc_real.yaml --set model.backbone_backend=hf --set model.hf_load_pretrained=true --set model.backbone=roberta --set model.hf_pretrained_name=roberta-base --set model.expert_type=ffn --set model.routing_mode=topk --set model.num_experts=4 --set model.top_k=2 --set seed=3 --set method.name=ours --set train.steps=150 --set train.eval_every_steps=50 --set method.ours.use_load_norm=true --set method.ours.lambda_align=0.001 --set train.grad_clip=1 --set train.lr=0.003062899201 --set train.weight_decay=0.01 --out /home/zhujjing/MOE-grad-conflict-routing/runs/paper_suite/single_gpu/single_task/roberta_mrpc_ffn_e4_k2/hpo/ours/trial_runs/coord_01_train_lr_002/ours_s3.json --curve_out /home/zhujjing/MOE-grad-conflict-routing/runs/paper_suite/single_gpu/single_task/roberta_mrpc_ffn_e4_k2/hpo/ours/trial_runs/coord_01_train_lr_002/ours_s3_curve.csv
Using the latest cached version of the dataset since glue couldn't be found on the Hugging Face Hub (offline mode is enabled).
Found the latest cached dataset configuration 'mrpc' at /home/zhujjing/hf_cache/datasets/glue/mrpc/0.0.0/bcdcba79d07bc864c1c254ccfcedcce55bcc9a8c (last modified on Thu Mar 19 15:01:06 2026).
/home/zhujjing/anaconda3/envs/moe/lib/python3.10/site-packages/transformers/utils/hub.py:124: FutureWarning: Using `TRANSFORMERS_CACHE` is deprecated and will be removed in v5 of Transformers. Use `HF_HOME` instead.
  warnings.warn(
Some weights of RobertaModel were not initialized from the model checkpoint at roberta-base and are newly initialized: ['roberta.pooler.dense.bias', 'roberta.pooler.dense.weight']
You should probably TRAIN this model on a down-stream task to be able to use it for predictions and inference.
[step 0001/150] method=ours loss=0.6961 train_acc=nan train_loss=nan val_acc=nan val_loss=nan best=-1.0000
[step 0010/150] method=ours loss=3.6764 train_acc=nan train_loss=nan val_acc=nan val_loss=nan best=-1.0000
[step 0020/150] method=ours loss=1.1026 train_acc=nan train_loss=nan val_acc=nan val_loss=nan best=-1.0000
[step 0030/150] method=ours loss=0.6315 train_acc=nan train_loss=nan val_acc=nan val_loss=nan best=-1.0000
[step 0040/150] method=ours loss=0.7575 train_acc=nan train_loss=nan val_acc=nan val_loss=nan best=-1.0000
[step 0050/150] method=ours loss=0.4917 train_acc=0.6745 train_loss=0.6531 val_acc=0.6838 val_loss=0.6436 router_H=0.0032 best=0.6838
           router_load=[0.0, 0.0, 0.0003612852015066892, 0.9996384978294373]
[step 0060/150] method=ours loss=0.6465 train_acc=0.6745 train_loss=0.6531 val_acc=0.6838 val_loss=0.6436 router_H=0.0032 best=0.6838
           router_load=[0.0, 0.0, 0.0003612852015066892, 0.9996384978294373]
[step 0070/150] method=ours loss=0.6352 train_acc=0.6745 train_loss=0.6531 val_acc=0.6838 val_loss=0.6436 router_H=0.0032 best=0.6838
           router_load=[0.0, 0.0, 0.0003612852015066892, 0.9996384978294373]
[step 0080/150] method=ours loss=0.6724 train_acc=0.6745 train_loss=0.6531 val_acc=0.6838 val_loss=0.6436 router_H=0.0032 best=0.6838
           router_load=[0.0, 0.0, 0.0003612852015066892, 0.9996384978294373]
[step 0090/150] method=ours loss=0.6648 train_acc=0.6745 train_loss=0.6531 val_acc=0.6838 val_loss=0.6436 router_H=0.0032 best=0.6838
           router_load=[0.0, 0.0, 0.0003612852015066892, 0.9996384978294373]
[step 0100/150] method=ours loss=0.6698 train_acc=0.6745 train_loss=0.6439 val_acc=0.6838 val_loss=0.6412 router_H=0.0448 best=0.6838
           router_load=[0.0, 0.0, 0.007629492320120335, 0.9923705458641052]
[step 0110/150] method=ours loss=0.6620 train_acc=0.6745 train_loss=0.6439 val_acc=0.6838 val_loss=0.6412 router_H=0.0448 best=0.6838
           router_load=[0.0, 0.0, 0.007629492320120335, 0.9923705458641052]
[step 0120/150] method=ours loss=0.6982 train_acc=0.6745 train_loss=0.6439 val_acc=0.6838 val_loss=0.6412 router_H=0.0448 best=0.6838
           router_load=[0.0, 0.0, 0.007629492320120335, 0.9923705458641052]
[step 0130/150] method=ours loss=0.6896 train_acc=0.6745 train_loss=0.6439 val_acc=0.6838 val_loss=0.6412 router_H=0.0448 best=0.6838
           router_load=[0.0, 0.0, 0.007629492320120335, 0.9923705458641052]
[step 0140/150] method=ours loss=0.6678 train_acc=0.6745 train_loss=0.6439 val_acc=0.6838 val_loss=0.6412 router_H=0.0448 best=0.6838
           router_load=[0.0, 0.0, 0.007629492320120335, 0.9923705458641052]
[step 0150/150] method=ours loss=0.6673 train_acc=0.6745 train_loss=0.6398 val_acc=0.6838 val_loss=0.6303 router_H=0.0070 best=0.6838
           router_load=[0.0, 0.0, 0.0008656967547722161, 0.9991341233253479]
saved summary -> /home/zhujjing/MOE-grad-conflict-routing/runs/paper_suite/single_gpu/single_task/roberta_mrpc_ffn_e4_k2/hpo/ours/trial_runs/coord_01_train_lr_002/ours_s3.json
saved curve -> /home/zhujjing/MOE-grad-conflict-routing/runs/paper_suite/single_gpu/single_task/roberta_mrpc_ffn_e4_k2/hpo/ours/trial_runs/coord_01_train_lr_002/ours_s3_curve.csv
