[run] method=cagrad candidate=coord_05_method_baseline_cagrad_inner_lr_005 seed=3 steps=150 gpu=0
[run] cmd=
/home/zhujjing/anaconda3/envs/moe/bin/python /home/zhujjing/MOE-grad-conflict-routing/scripts/run.py --config configs/singletask_rte_real.yaml --set model.backbone_backend=hf --set model.hf_load_pretrained=true --set model.backbone=roberta --set model.hf_pretrained_name=roberta-base --set model.expert_type=ffn --set model.routing_mode=topk --set model.num_experts=4 --set model.top_k=2 --set seed=3 --set method.name=baseline_cagrad --set train.steps=150 --set train.eval_every_steps=50 --set method.baseline_cagrad.c=0.2255019392 --set method.baseline_cagrad.inner_lr=0.02225676608 --set train.grad_clip=1.23610215 --set train.lr=2.52305587e-05 --set train.weight_decay=0.0003465461751 --out /home/zhujjing/MOE-grad-conflict-routing/runs/paper_suite/single_gpu/single_task/roberta_rte_ffn_e4_k2/hpo/cagrad/trial_runs/coord_05_method_baseline_cagrad_inner_lr_005/cagrad_s3.json --curve_out /home/zhujjing/MOE-grad-conflict-routing/runs/paper_suite/single_gpu/single_task/roberta_rte_ffn_e4_k2/hpo/cagrad/trial_runs/coord_05_method_baseline_cagrad_inner_lr_005/cagrad_s3_curve.csv
Using the latest cached version of the dataset since glue couldn't be found on the Hugging Face Hub (offline mode is enabled).
Found the latest cached dataset configuration 'rte' at /home/zhujjing/hf_cache/datasets/glue/rte/0.0.0/bcdcba79d07bc864c1c254ccfcedcce55bcc9a8c (last modified on Thu Mar 19 15:00:36 2026).
/home/zhujjing/anaconda3/envs/moe/lib/python3.10/site-packages/transformers/utils/hub.py:124: FutureWarning: Using `TRANSFORMERS_CACHE` is deprecated and will be removed in v5 of Transformers. Use `HF_HOME` instead.
  warnings.warn(
Some weights of RobertaModel were not initialized from the model checkpoint at roberta-base and are newly initialized: ['roberta.pooler.dense.bias', 'roberta.pooler.dense.weight']
You should probably TRAIN this model on a down-stream task to be able to use it for predictions and inference.
[step 0001/150] method=baseline_cagrad loss=0.6992 train_acc=nan train_loss=nan val_acc=nan val_loss=nan best=-1.0000
[step 0010/150] method=baseline_cagrad loss=0.6911 train_acc=nan train_loss=nan val_acc=nan val_loss=nan best=-1.0000
[step 0020/150] method=baseline_cagrad loss=0.6930 train_acc=nan train_loss=nan val_acc=nan val_loss=nan best=-1.0000
[step 0030/150] method=baseline_cagrad loss=0.6721 train_acc=nan train_loss=nan val_acc=nan val_loss=nan best=-1.0000
[step 0040/150] method=baseline_cagrad loss=0.6750 train_acc=nan train_loss=nan val_acc=nan val_loss=nan best=-1.0000
[step 0050/150] method=baseline_cagrad loss=0.6446 train_acc=0.6277 train_loss=0.6435 val_acc=0.5957 val_loss=0.6746 router_H=0.6416 best=0.5957
           router_load=[0.01406847033649683, 0.5465990900993347, 0.0, 0.4393324851989746]
[step 0060/150] method=baseline_cagrad loss=0.5984 train_acc=0.6277 train_loss=0.6435 val_acc=0.5957 val_loss=0.6746 router_H=0.6416 best=0.5957
           router_load=[0.01406847033649683, 0.5465990900993347, 0.0, 0.4393324851989746]
[step 0070/150] method=baseline_cagrad loss=0.8044 train_acc=0.6277 train_loss=0.6435 val_acc=0.5957 val_loss=0.6746 router_H=0.6416 best=0.5957
           router_load=[0.01406847033649683, 0.5465990900993347, 0.0, 0.4393324851989746]
[step 0080/150] method=baseline_cagrad loss=0.5968 train_acc=0.6277 train_loss=0.6435 val_acc=0.5957 val_loss=0.6746 router_H=0.6416 best=0.5957
           router_load=[0.01406847033649683, 0.5465990900993347, 0.0, 0.4393324851989746]
[step 0090/150] method=baseline_cagrad loss=0.5932 train_acc=0.6277 train_loss=0.6435 val_acc=0.5957 val_loss=0.6746 router_H=0.6416 best=0.5957
           router_load=[0.01406847033649683, 0.5465990900993347, 0.0, 0.4393324851989746]
[step 0100/150] method=baseline_cagrad loss=0.7296 train_acc=0.7173 train_loss=0.5581 val_acc=0.6643 val_loss=0.6221 router_H=0.5337 best=0.6643
           router_load=[0.0, 0.3478591740131378, 0.0, 0.6521408557891846]
[step 0110/150] method=baseline_cagrad loss=0.4593 train_acc=0.7173 train_loss=0.5581 val_acc=0.6643 val_loss=0.6221 router_H=0.5337 best=0.6643
           router_load=[0.0, 0.3478591740131378, 0.0, 0.6521408557891846]
[step 0120/150] method=baseline_cagrad loss=0.6298 train_acc=0.7173 train_loss=0.5581 val_acc=0.6643 val_loss=0.6221 router_H=0.5337 best=0.6643
           router_load=[0.0, 0.3478591740131378, 0.0, 0.6521408557891846]
[step 0130/150] method=baseline_cagrad loss=0.6344 train_acc=0.7173 train_loss=0.5581 val_acc=0.6643 val_loss=0.6221 router_H=0.5337 best=0.6643
           router_load=[0.0, 0.3478591740131378, 0.0, 0.6521408557891846]
[step 0140/150] method=baseline_cagrad loss=0.5818 train_acc=0.7173 train_loss=0.5581 val_acc=0.6643 val_loss=0.6221 router_H=0.5337 best=0.6643
           router_load=[0.0, 0.3478591740131378, 0.0, 0.6521408557891846]
[step 0150/150] method=baseline_cagrad loss=0.5778 train_acc=0.7618 train_loss=0.4909 val_acc=0.6859 val_loss=0.5624 router_H=0.5904 best=0.6859
           router_load=[0.0, 0.45915845036506653, 0.0, 0.5408415794372559]
saved summary -> /home/zhujjing/MOE-grad-conflict-routing/runs/paper_suite/single_gpu/single_task/roberta_rte_ffn_e4_k2/hpo/cagrad/trial_runs/coord_05_method_baseline_cagrad_inner_lr_005/cagrad_s3.json
saved curve -> /home/zhujjing/MOE-grad-conflict-routing/runs/paper_suite/single_gpu/single_task/roberta_rte_ffn_e4_k2/hpo/cagrad/trial_runs/coord_05_method_baseline_cagrad_inner_lr_005/cagrad_s3_curve.csv
