[run] method=cagrad candidate=coord_05_method_baseline_cagrad_inner_lr_003 seed=2 steps=150 gpu=0
[run] cmd=
/home/zhujjing/anaconda3/envs/moe/bin/python /home/zhujjing/MOE-grad-conflict-routing/scripts/run.py --config configs/singletask_rte_real.yaml --set model.backbone_backend=hf --set model.hf_load_pretrained=true --set model.backbone=roberta --set model.hf_pretrained_name=roberta-base --set model.expert_type=ffn --set model.routing_mode=topk --set model.num_experts=4 --set model.top_k=2 --set seed=2 --set method.name=baseline_cagrad --set train.steps=150 --set train.eval_every_steps=50 --set method.baseline_cagrad.c=0.2255019392 --set method.baseline_cagrad.inner_lr=0.09532402385 --set train.grad_clip=1.23610215 --set train.lr=2.52305587e-05 --set train.weight_decay=0.0003465461751 --out /home/zhujjing/MOE-grad-conflict-routing/runs/paper_suite/single_gpu/single_task/roberta_rte_ffn_e4_k2/hpo/cagrad/trial_runs/coord_05_method_baseline_cagrad_inner_lr_003/cagrad_s2.json --curve_out /home/zhujjing/MOE-grad-conflict-routing/runs/paper_suite/single_gpu/single_task/roberta_rte_ffn_e4_k2/hpo/cagrad/trial_runs/coord_05_method_baseline_cagrad_inner_lr_003/cagrad_s2_curve.csv
Using the latest cached version of the dataset since glue couldn't be found on the Hugging Face Hub (offline mode is enabled).
Found the latest cached dataset configuration 'rte' at /home/zhujjing/hf_cache/datasets/glue/rte/0.0.0/bcdcba79d07bc864c1c254ccfcedcce55bcc9a8c (last modified on Thu Mar 19 15:00:36 2026).
/home/zhujjing/anaconda3/envs/moe/lib/python3.10/site-packages/transformers/utils/hub.py:124: FutureWarning: Using `TRANSFORMERS_CACHE` is deprecated and will be removed in v5 of Transformers. Use `HF_HOME` instead.
  warnings.warn(
Some weights of RobertaModel were not initialized from the model checkpoint at roberta-base and are newly initialized: ['roberta.pooler.dense.bias', 'roberta.pooler.dense.weight']
You should probably TRAIN this model on a down-stream task to be able to use it for predictions and inference.
[step 0001/150] method=baseline_cagrad loss=0.7002 train_acc=nan train_loss=nan val_acc=nan val_loss=nan best=-1.0000
[step 0010/150] method=baseline_cagrad loss=0.7458 train_acc=nan train_loss=nan val_acc=nan val_loss=nan best=-1.0000
[step 0020/150] method=baseline_cagrad loss=0.6803 train_acc=nan train_loss=nan val_acc=nan val_loss=nan best=-1.0000
[step 0030/150] method=baseline_cagrad loss=0.7033 train_acc=nan train_loss=nan val_acc=nan val_loss=nan best=-1.0000
[step 0040/150] method=baseline_cagrad loss=0.6804 train_acc=nan train_loss=nan val_acc=nan val_loss=nan best=-1.0000
[step 0050/150] method=baseline_cagrad loss=0.5413 train_acc=0.5526 train_loss=0.6732 val_acc=0.5596 val_loss=0.6762 router_H=0.5399 best=0.5596
           router_load=[0.07272687554359436, 0.019519006833434105, 0.14964304864406586, 0.7581110000610352]
[step 0060/150] method=baseline_cagrad loss=0.6524 train_acc=0.5526 train_loss=0.6732 val_acc=0.5596 val_loss=0.6762 router_H=0.5399 best=0.5596
           router_load=[0.07272687554359436, 0.019519006833434105, 0.14964304864406586, 0.7581110000610352]
[step 0070/150] method=baseline_cagrad loss=0.6552 train_acc=0.5526 train_loss=0.6732 val_acc=0.5596 val_loss=0.6762 router_H=0.5399 best=0.5596
           router_load=[0.07272687554359436, 0.019519006833434105, 0.14964304864406586, 0.7581110000610352]
[step 0080/150] method=baseline_cagrad loss=0.6801 train_acc=0.5526 train_loss=0.6732 val_acc=0.5596 val_loss=0.6762 router_H=0.5399 best=0.5596
           router_load=[0.07272687554359436, 0.019519006833434105, 0.14964304864406586, 0.7581110000610352]
[step 0090/150] method=baseline_cagrad loss=0.7121 train_acc=0.5526 train_loss=0.6732 val_acc=0.5596 val_loss=0.6762 router_H=0.5399 best=0.5596
           router_load=[0.07272687554359436, 0.019519006833434105, 0.14964304864406586, 0.7581110000610352]
[step 0100/150] method=baseline_cagrad loss=0.6146 train_acc=0.7293 train_loss=0.5886 val_acc=0.6787 val_loss=0.6375 router_H=0.5388 best=0.6787
           router_load=[0.23031017184257507, 0.0, 0.0008316057501360774, 0.7688581943511963]
[step 0110/150] method=baseline_cagrad loss=0.6538 train_acc=0.7293 train_loss=0.5886 val_acc=0.6787 val_loss=0.6375 router_H=0.5388 best=0.6787
           router_load=[0.23031017184257507, 0.0, 0.0008316057501360774, 0.7688581943511963]
[step 0120/150] method=baseline_cagrad loss=0.5204 train_acc=0.7293 train_loss=0.5886 val_acc=0.6787 val_loss=0.6375 router_H=0.5388 best=0.6787
           router_load=[0.23031017184257507, 0.0, 0.0008316057501360774, 0.7688581943511963]
[step 0130/150] method=baseline_cagrad loss=0.6748 train_acc=0.7293 train_loss=0.5886 val_acc=0.6787 val_loss=0.6375 router_H=0.5388 best=0.6787
           router_load=[0.23031017184257507, 0.0, 0.0008316057501360774, 0.7688581943511963]
[step 0140/150] method=baseline_cagrad loss=0.7631 train_acc=0.7293 train_loss=0.5886 val_acc=0.6787 val_loss=0.6375 router_H=0.5388 best=0.6787
           router_load=[0.23031017184257507, 0.0, 0.0008316057501360774, 0.7688581943511963]
[step 0150/150] method=baseline_cagrad loss=0.6083 train_acc=0.7382 train_loss=0.5957 val_acc=0.6787 val_loss=0.6216 router_H=0.6616 best=0.6787
           router_load=[0.4448475241661072, 0.0, 0.0, 0.5551525354385376]
saved summary -> /home/zhujjing/MOE-grad-conflict-routing/runs/paper_suite/single_gpu/single_task/roberta_rte_ffn_e4_k2/hpo/cagrad/trial_runs/coord_05_method_baseline_cagrad_inner_lr_003/cagrad_s2.json
saved curve -> /home/zhujjing/MOE-grad-conflict-routing/runs/paper_suite/single_gpu/single_task/roberta_rte_ffn_e4_k2/hpo/cagrad/trial_runs/coord_05_method_baseline_cagrad_inner_lr_003/cagrad_s2_curve.csv
