[run] method=cagrad candidate=coord_05_method_baseline_cagrad_inner_lr_010 seed=2 steps=150 gpu=0
[run] cmd=
/home/zhujjing/anaconda3/envs/moe/bin/python /home/zhujjing/MOE-grad-conflict-routing/scripts/run.py --config configs/singletask_rte_real.yaml --set model.backbone_backend=hf --set model.hf_load_pretrained=true --set model.backbone=roberta --set model.hf_pretrained_name=roberta-base --set model.expert_type=ffn --set model.routing_mode=topk --set model.num_experts=4 --set model.top_k=2 --set seed=2 --set method.name=baseline_cagrad --set train.steps=150 --set train.eval_every_steps=50 --set method.baseline_cagrad.c=0.2255019392 --set method.baseline_cagrad.inner_lr=0.07309891419 --set train.grad_clip=1.23610215 --set train.lr=2.52305587e-05 --set train.weight_decay=0.0003465461751 --out /home/zhujjing/MOE-grad-conflict-routing/runs/paper_suite/single_gpu/single_task/roberta_rte_ffn_e4_k2/hpo/cagrad/trial_runs/coord_05_method_baseline_cagrad_inner_lr_010/cagrad_s2.json --curve_out /home/zhujjing/MOE-grad-conflict-routing/runs/paper_suite/single_gpu/single_task/roberta_rte_ffn_e4_k2/hpo/cagrad/trial_runs/coord_05_method_baseline_cagrad_inner_lr_010/cagrad_s2_curve.csv
Using the latest cached version of the dataset since glue couldn't be found on the Hugging Face Hub (offline mode is enabled).
Found the latest cached dataset configuration 'rte' at /home/zhujjing/hf_cache/datasets/glue/rte/0.0.0/bcdcba79d07bc864c1c254ccfcedcce55bcc9a8c (last modified on Thu Mar 19 15:00:36 2026).
/home/zhujjing/anaconda3/envs/moe/lib/python3.10/site-packages/transformers/utils/hub.py:124: FutureWarning: Using `TRANSFORMERS_CACHE` is deprecated and will be removed in v5 of Transformers. Use `HF_HOME` instead.
  warnings.warn(
Some weights of RobertaModel were not initialized from the model checkpoint at roberta-base and are newly initialized: ['roberta.pooler.dense.bias', 'roberta.pooler.dense.weight']
You should probably TRAIN this model on a down-stream task to be able to use it for predictions and inference.
[step 0001/150] method=baseline_cagrad loss=0.6886 train_acc=nan train_loss=nan val_acc=nan val_loss=nan best=-1.0000
[step 0010/150] method=baseline_cagrad loss=0.7900 train_acc=nan train_loss=nan val_acc=nan val_loss=nan best=-1.0000
[step 0020/150] method=baseline_cagrad loss=0.6972 train_acc=nan train_loss=nan val_acc=nan val_loss=nan best=-1.0000
[step 0030/150] method=baseline_cagrad loss=0.7162 train_acc=nan train_loss=nan val_acc=nan val_loss=nan best=-1.0000
[step 0040/150] method=baseline_cagrad loss=0.6857 train_acc=nan train_loss=nan val_acc=nan val_loss=nan best=-1.0000
[step 0050/150] method=baseline_cagrad loss=0.5988 train_acc=0.5016 train_loss=0.6820 val_acc=0.5271 val_loss=0.6776 router_H=0.6688 best=0.5271
           router_load=[0.5842686295509338, 0.020805731415748596, 0.39492562413215637, 0.0]
[step 0060/150] method=baseline_cagrad loss=0.6658 train_acc=0.5016 train_loss=0.6820 val_acc=0.5271 val_loss=0.6776 router_H=0.6688 best=0.5271
           router_load=[0.5842686295509338, 0.020805731415748596, 0.39492562413215637, 0.0]
[step 0070/150] method=baseline_cagrad loss=0.7058 train_acc=0.5016 train_loss=0.6820 val_acc=0.5271 val_loss=0.6776 router_H=0.6688 best=0.5271
           router_load=[0.5842686295509338, 0.020805731415748596, 0.39492562413215637, 0.0]
[step 0080/150] method=baseline_cagrad loss=0.6974 train_acc=0.5016 train_loss=0.6820 val_acc=0.5271 val_loss=0.6776 router_H=0.6688 best=0.5271
           router_load=[0.5842686295509338, 0.020805731415748596, 0.39492562413215637, 0.0]
[step 0090/150] method=baseline_cagrad loss=0.7572 train_acc=0.5016 train_loss=0.6820 val_acc=0.5271 val_loss=0.6776 router_H=0.6688 best=0.5271
           router_load=[0.5842686295509338, 0.020805731415748596, 0.39492562413215637, 0.0]
[step 0100/150] method=baseline_cagrad loss=0.6909 train_acc=0.5771 train_loss=0.6693 val_acc=0.5162 val_loss=0.6882 router_H=0.6780 best=0.5271
           router_load=[0.4299819767475128, 0.002164236968383193, 0.5678538084030151, 0.0]
[step 0110/150] method=baseline_cagrad loss=0.6560 train_acc=0.5771 train_loss=0.6693 val_acc=0.5162 val_loss=0.6882 router_H=0.6780 best=0.5271
           router_load=[0.4299819767475128, 0.002164236968383193, 0.5678538084030151, 0.0]
[step 0120/150] method=baseline_cagrad loss=0.6964 train_acc=0.5771 train_loss=0.6693 val_acc=0.5162 val_loss=0.6882 router_H=0.6780 best=0.5271
           router_load=[0.4299819767475128, 0.002164236968383193, 0.5678538084030151, 0.0]
[step 0130/150] method=baseline_cagrad loss=0.6791 train_acc=0.5771 train_loss=0.6693 val_acc=0.5162 val_loss=0.6882 router_H=0.6780 best=0.5271
           router_load=[0.4299819767475128, 0.002164236968383193, 0.5678538084030151, 0.0]
[step 0140/150] method=baseline_cagrad loss=0.6390 train_acc=0.5771 train_loss=0.6693 val_acc=0.5162 val_loss=0.6882 router_H=0.6780 best=0.5271
           router_load=[0.4299819767475128, 0.002164236968383193, 0.5678538084030151, 0.0]
[step 0150/150] method=baseline_cagrad loss=0.6584 train_acc=0.6076 train_loss=0.6457 val_acc=0.5704 val_loss=0.6629 router_H=0.6445 best=0.5704
           router_load=[0.5926998853683472, 0.10404428094625473, 0.30325570702552795, 0.0]
saved summary -> /home/zhujjing/MOE-grad-conflict-routing/runs/paper_suite/single_gpu/single_task/roberta_rte_ffn_e4_k2/hpo/cagrad/trial_runs/coord_05_method_baseline_cagrad_inner_lr_010/cagrad_s2.json
saved curve -> /home/zhujjing/MOE-grad-conflict-routing/runs/paper_suite/single_gpu/single_task/roberta_rte_ffn_e4_k2/hpo/cagrad/trial_runs/coord_05_method_baseline_cagrad_inner_lr_010/cagrad_s2_curve.csv
