[run] method=cagrad candidate=coord_05_method_baseline_cagrad_inner_lr_016 seed=2 steps=150 gpu=0
[run] cmd=
/home/zhujjing/anaconda3/envs/moe/bin/python /home/zhujjing/MOE-grad-conflict-routing/scripts/run.py --config configs/singletask_rte_real.yaml --set model.backbone_backend=hf --set model.hf_load_pretrained=true --set model.backbone=roberta --set model.hf_pretrained_name=roberta-base --set model.expert_type=ffn --set model.routing_mode=topk --set model.num_experts=4 --set model.top_k=2 --set seed=2 --set method.name=baseline_cagrad --set train.steps=150 --set train.eval_every_steps=50 --set method.baseline_cagrad.c=0.2255019392 --set method.baseline_cagrad.inner_lr=0.03125195703 --set train.grad_clip=1.23610215 --set train.lr=2.52305587e-05 --set train.weight_decay=0.0003465461751 --out /home/zhujjing/MOE-grad-conflict-routing/runs/paper_suite/single_gpu/single_task/roberta_rte_ffn_e4_k2/hpo/cagrad/trial_runs/coord_05_method_baseline_cagrad_inner_lr_016/cagrad_s2.json --curve_out /home/zhujjing/MOE-grad-conflict-routing/runs/paper_suite/single_gpu/single_task/roberta_rte_ffn_e4_k2/hpo/cagrad/trial_runs/coord_05_method_baseline_cagrad_inner_lr_016/cagrad_s2_curve.csv
Using the latest cached version of the dataset since glue couldn't be found on the Hugging Face Hub (offline mode is enabled).
Found the latest cached dataset configuration 'rte' at /home/zhujjing/hf_cache/datasets/glue/rte/0.0.0/bcdcba79d07bc864c1c254ccfcedcce55bcc9a8c (last modified on Thu Mar 19 15:00:36 2026).
/home/zhujjing/anaconda3/envs/moe/lib/python3.10/site-packages/transformers/utils/hub.py:124: FutureWarning: Using `TRANSFORMERS_CACHE` is deprecated and will be removed in v5 of Transformers. Use `HF_HOME` instead.
  warnings.warn(
Some weights of RobertaModel were not initialized from the model checkpoint at roberta-base and are newly initialized: ['roberta.pooler.dense.bias', 'roberta.pooler.dense.weight']
You should probably TRAIN this model on a down-stream task to be able to use it for predictions and inference.
[step 0001/150] method=baseline_cagrad loss=0.6902 train_acc=nan train_loss=nan val_acc=nan val_loss=nan best=-1.0000
[step 0010/150] method=baseline_cagrad loss=0.7539 train_acc=nan train_loss=nan val_acc=nan val_loss=nan best=-1.0000
[step 0020/150] method=baseline_cagrad loss=0.6758 train_acc=nan train_loss=nan val_acc=nan val_loss=nan best=-1.0000
[step 0030/150] method=baseline_cagrad loss=0.6811 train_acc=nan train_loss=nan val_acc=nan val_loss=nan best=-1.0000
[step 0040/150] method=baseline_cagrad loss=0.7041 train_acc=nan train_loss=nan val_acc=nan val_loss=nan best=-1.0000
[step 0050/150] method=baseline_cagrad loss=0.6140 train_acc=0.5378 train_loss=0.6772 val_acc=0.5596 val_loss=0.6724 router_H=0.6906 best=0.5596
           router_load=[0.46770238876342773, 0.0031789091881364584, 0.5291187167167664, 0.0]
[step 0060/150] method=baseline_cagrad loss=0.6386 train_acc=0.5378 train_loss=0.6772 val_acc=0.5596 val_loss=0.6724 router_H=0.6906 best=0.5596
           router_load=[0.46770238876342773, 0.0031789091881364584, 0.5291187167167664, 0.0]
[step 0070/150] method=baseline_cagrad loss=0.6681 train_acc=0.5378 train_loss=0.6772 val_acc=0.5596 val_loss=0.6724 router_H=0.6906 best=0.5596
           router_load=[0.46770238876342773, 0.0031789091881364584, 0.5291187167167664, 0.0]
[step 0080/150] method=baseline_cagrad loss=0.7404 train_acc=0.5378 train_loss=0.6772 val_acc=0.5596 val_loss=0.6724 router_H=0.6906 best=0.5596
           router_load=[0.46770238876342773, 0.0031789091881364584, 0.5291187167167664, 0.0]
[step 0090/150] method=baseline_cagrad loss=0.8791 train_acc=0.5378 train_loss=0.6772 val_acc=0.5596 val_loss=0.6724 router_H=0.6906 best=0.5596
           router_load=[0.46770238876342773, 0.0031789091881364584, 0.5291187167167664, 0.0]
[step 0100/150] method=baseline_cagrad loss=0.6981 train_acc=0.6004 train_loss=0.6665 val_acc=0.5523 val_loss=0.6817 router_H=0.6912 best=0.5596
           router_load=[0.4617093503475189, 0.013012362644076347, 0.5252783894538879, 0.0]
[step 0110/150] method=baseline_cagrad loss=0.6260 train_acc=0.6004 train_loss=0.6665 val_acc=0.5523 val_loss=0.6817 router_H=0.6912 best=0.5596
           router_load=[0.4617093503475189, 0.013012362644076347, 0.5252783894538879, 0.0]
[step 0120/150] method=baseline_cagrad loss=0.5427 train_acc=0.6004 train_loss=0.6665 val_acc=0.5523 val_loss=0.6817 router_H=0.6912 best=0.5596
           router_load=[0.4617093503475189, 0.013012362644076347, 0.5252783894538879, 0.0]
[step 0130/150] method=baseline_cagrad loss=0.6221 train_acc=0.6004 train_loss=0.6665 val_acc=0.5523 val_loss=0.6817 router_H=0.6912 best=0.5596
           router_load=[0.4617093503475189, 0.013012362644076347, 0.5252783894538879, 0.0]
[step 0140/150] method=baseline_cagrad loss=0.6795 train_acc=0.6004 train_loss=0.6665 val_acc=0.5523 val_loss=0.6817 router_H=0.6912 best=0.5596
           router_load=[0.4617093503475189, 0.013012362644076347, 0.5252783894538879, 0.0]
[step 0150/150] method=baseline_cagrad loss=0.6823 train_acc=0.7345 train_loss=0.6040 val_acc=0.6643 val_loss=0.6325 router_H=0.6849 best=0.6643
           router_load=[0.49279889464378357, 0.010077240876853466, 0.4971238076686859, 0.0]
saved summary -> /home/zhujjing/MOE-grad-conflict-routing/runs/paper_suite/single_gpu/single_task/roberta_rte_ffn_e4_k2/hpo/cagrad/trial_runs/coord_05_method_baseline_cagrad_inner_lr_016/cagrad_s2.json
saved curve -> /home/zhujjing/MOE-grad-conflict-routing/runs/paper_suite/single_gpu/single_task/roberta_rte_ffn_e4_k2/hpo/cagrad/trial_runs/coord_05_method_baseline_cagrad_inner_lr_016/cagrad_s2_curve.csv
