[run] method=cagrad candidate=coord_05_method_baseline_cagrad_inner_lr_008 seed=3 steps=150 gpu=0
[run] cmd=
/home/zhujjing/anaconda3/envs/moe/bin/python /home/zhujjing/MOE-grad-conflict-routing/scripts/run.py --config configs/singletask_rte_real.yaml --set model.backbone_backend=hf --set model.hf_load_pretrained=true --set model.backbone=roberta --set model.hf_pretrained_name=roberta-base --set model.expert_type=ffn --set model.routing_mode=topk --set model.num_experts=4 --set model.top_k=2 --set seed=3 --set method.name=baseline_cagrad --set train.steps=150 --set train.eval_every_steps=50 --set method.baseline_cagrad.c=0.2255019392 --set method.baseline_cagrad.inner_lr=0.0706776422 --set train.grad_clip=1.23610215 --set train.lr=2.52305587e-05 --set train.weight_decay=0.0003465461751 --out /home/zhujjing/MOE-grad-conflict-routing/runs/paper_suite/single_gpu/single_task/roberta_rte_ffn_e4_k2/hpo/cagrad/trial_runs/coord_05_method_baseline_cagrad_inner_lr_008/cagrad_s3.json --curve_out /home/zhujjing/MOE-grad-conflict-routing/runs/paper_suite/single_gpu/single_task/roberta_rte_ffn_e4_k2/hpo/cagrad/trial_runs/coord_05_method_baseline_cagrad_inner_lr_008/cagrad_s3_curve.csv
Using the latest cached version of the dataset since glue couldn't be found on the Hugging Face Hub (offline mode is enabled).
Found the latest cached dataset configuration 'rte' at /home/zhujjing/hf_cache/datasets/glue/rte/0.0.0/bcdcba79d07bc864c1c254ccfcedcce55bcc9a8c (last modified on Thu Mar 19 15:00:36 2026).
/home/zhujjing/anaconda3/envs/moe/lib/python3.10/site-packages/transformers/utils/hub.py:124: FutureWarning: Using `TRANSFORMERS_CACHE` is deprecated and will be removed in v5 of Transformers. Use `HF_HOME` instead.
  warnings.warn(
Some weights of RobertaModel were not initialized from the model checkpoint at roberta-base and are newly initialized: ['roberta.pooler.dense.bias', 'roberta.pooler.dense.weight']
You should probably TRAIN this model on a down-stream task to be able to use it for predictions and inference.
[step 0001/150] method=baseline_cagrad loss=0.6889 train_acc=nan train_loss=nan val_acc=nan val_loss=nan best=-1.0000
[step 0010/150] method=baseline_cagrad loss=0.6982 train_acc=nan train_loss=nan val_acc=nan val_loss=nan best=-1.0000
[step 0020/150] method=baseline_cagrad loss=0.6926 train_acc=nan train_loss=nan val_acc=nan val_loss=nan best=-1.0000
[step 0030/150] method=baseline_cagrad loss=0.6857 train_acc=nan train_loss=nan val_acc=nan val_loss=nan best=-1.0000
[step 0040/150] method=baseline_cagrad loss=0.6634 train_acc=nan train_loss=nan val_acc=nan val_loss=nan best=-1.0000
[step 0050/150] method=baseline_cagrad loss=0.6496 train_acc=0.6261 train_loss=0.6388 val_acc=0.5884 val_loss=0.6625 router_H=0.6129 best=0.5884
           router_load=[0.13410794734954834, 0.27632656693458557, 0.5228672027587891, 0.06669828295707703]
[step 0060/150] method=baseline_cagrad loss=0.5985 train_acc=0.6261 train_loss=0.6388 val_acc=0.5884 val_loss=0.6625 router_H=0.6129 best=0.5884
           router_load=[0.13410794734954834, 0.27632656693458557, 0.5228672027587891, 0.06669828295707703]
[step 0070/150] method=baseline_cagrad loss=0.7928 train_acc=0.6261 train_loss=0.6388 val_acc=0.5884 val_loss=0.6625 router_H=0.6129 best=0.5884
           router_load=[0.13410794734954834, 0.27632656693458557, 0.5228672027587891, 0.06669828295707703]
[step 0080/150] method=baseline_cagrad loss=0.6209 train_acc=0.6261 train_loss=0.6388 val_acc=0.5884 val_loss=0.6625 router_H=0.6129 best=0.5884
           router_load=[0.13410794734954834, 0.27632656693458557, 0.5228672027587891, 0.06669828295707703]
[step 0090/150] method=baseline_cagrad loss=0.6030 train_acc=0.6261 train_loss=0.6388 val_acc=0.5884 val_loss=0.6625 router_H=0.6129 best=0.5884
           router_load=[0.13410794734954834, 0.27632656693458557, 0.5228672027587891, 0.06669828295707703]
[step 0100/150] method=baseline_cagrad loss=0.7363 train_acc=0.7213 train_loss=0.5698 val_acc=0.6570 val_loss=0.6302 router_H=0.6187 best=0.6570
           router_load=[0.003680667607113719, 0.46407628059387207, 0.5322430729866028, 0.0]
[step 0110/150] method=baseline_cagrad loss=0.5124 train_acc=0.7213 train_loss=0.5698 val_acc=0.6570 val_loss=0.6302 router_H=0.6187 best=0.6570
           router_load=[0.003680667607113719, 0.46407628059387207, 0.5322430729866028, 0.0]
[step 0120/150] method=baseline_cagrad loss=0.7067 train_acc=0.7213 train_loss=0.5698 val_acc=0.6570 val_loss=0.6302 router_H=0.6187 best=0.6570
           router_load=[0.003680667607113719, 0.46407628059387207, 0.5322430729866028, 0.0]
[step 0130/150] method=baseline_cagrad loss=0.6216 train_acc=0.7213 train_loss=0.5698 val_acc=0.6570 val_loss=0.6302 router_H=0.6187 best=0.6570
           router_load=[0.003680667607113719, 0.46407628059387207, 0.5322430729866028, 0.0]
[step 0140/150] method=baseline_cagrad loss=0.6382 train_acc=0.7213 train_loss=0.5698 val_acc=0.6570 val_loss=0.6302 router_H=0.6187 best=0.6570
           router_load=[0.003680667607113719, 0.46407628059387207, 0.5322430729866028, 0.0]
[step 0150/150] method=baseline_cagrad loss=0.6139 train_acc=0.6892 train_loss=0.5965 val_acc=0.6462 val_loss=0.6440 router_H=0.6023 best=0.6570
           router_load=[0.20647159218788147, 0.6900923252105713, 0.08647944033145905, 0.01695670187473297]
saved summary -> /home/zhujjing/MOE-grad-conflict-routing/runs/paper_suite/single_gpu/single_task/roberta_rte_ffn_e4_k2/hpo/cagrad/trial_runs/coord_05_method_baseline_cagrad_inner_lr_008/cagrad_s3.json
saved curve -> /home/zhujjing/MOE-grad-conflict-routing/runs/paper_suite/single_gpu/single_task/roberta_rte_ffn_e4_k2/hpo/cagrad/trial_runs/coord_05_method_baseline_cagrad_inner_lr_008/cagrad_s3_curve.csv
