[run] method=cagrad candidate=coord_05_method_baseline_cagrad_inner_lr_017 seed=2 steps=150 gpu=0
[run] cmd=
/home/zhujjing/anaconda3/envs/moe/bin/python /home/zhujjing/MOE-grad-conflict-routing/scripts/run.py --config configs/singletask_rte_real.yaml --set model.backbone_backend=hf --set model.hf_load_pretrained=true --set model.backbone=roberta --set model.hf_pretrained_name=roberta-base --set model.expert_type=ffn --set model.routing_mode=topk --set model.num_experts=4 --set model.top_k=2 --set seed=2 --set method.name=baseline_cagrad --set train.steps=150 --set train.eval_every_steps=50 --set method.baseline_cagrad.c=0.2255019392 --set method.baseline_cagrad.inner_lr=0.4947630335 --set train.grad_clip=1.23610215 --set train.lr=2.52305587e-05 --set train.weight_decay=0.0003465461751 --out /home/zhujjing/MOE-grad-conflict-routing/runs/paper_suite/single_gpu/single_task/roberta_rte_ffn_e4_k2/hpo/cagrad/trial_runs/coord_05_method_baseline_cagrad_inner_lr_017/cagrad_s2.json --curve_out /home/zhujjing/MOE-grad-conflict-routing/runs/paper_suite/single_gpu/single_task/roberta_rte_ffn_e4_k2/hpo/cagrad/trial_runs/coord_05_method_baseline_cagrad_inner_lr_017/cagrad_s2_curve.csv
Using the latest cached version of the dataset since glue couldn't be found on the Hugging Face Hub (offline mode is enabled).
Found the latest cached dataset configuration 'rte' at /home/zhujjing/hf_cache/datasets/glue/rte/0.0.0/bcdcba79d07bc864c1c254ccfcedcce55bcc9a8c (last modified on Thu Mar 19 15:00:36 2026).
/home/zhujjing/anaconda3/envs/moe/lib/python3.10/site-packages/transformers/utils/hub.py:124: FutureWarning: Using `TRANSFORMERS_CACHE` is deprecated and will be removed in v5 of Transformers. Use `HF_HOME` instead.
  warnings.warn(
Some weights of RobertaModel were not initialized from the model checkpoint at roberta-base and are newly initialized: ['roberta.pooler.dense.bias', 'roberta.pooler.dense.weight']
You should probably TRAIN this model on a down-stream task to be able to use it for predictions and inference.
[step 0001/150] method=baseline_cagrad loss=0.7054 train_acc=nan train_loss=nan val_acc=nan val_loss=nan best=-1.0000
[step 0010/150] method=baseline_cagrad loss=0.7333 train_acc=nan train_loss=nan val_acc=nan val_loss=nan best=-1.0000
[step 0020/150] method=baseline_cagrad loss=0.6837 train_acc=nan train_loss=nan val_acc=nan val_loss=nan best=-1.0000
[step 0030/150] method=baseline_cagrad loss=0.6993 train_acc=nan train_loss=nan val_acc=nan val_loss=nan best=-1.0000
[step 0040/150] method=baseline_cagrad loss=0.6948 train_acc=nan train_loss=nan val_acc=nan val_loss=nan best=-1.0000
[step 0050/150] method=baseline_cagrad loss=0.5674 train_acc=0.5968 train_loss=0.6715 val_acc=0.5812 val_loss=0.6734 router_H=0.6869 best=0.5812
           router_load=[0.5495902299880981, 0.0, 0.45040977001190186, 0.0]
[step 0060/150] method=baseline_cagrad loss=0.6306 train_acc=0.5968 train_loss=0.6715 val_acc=0.5812 val_loss=0.6734 router_H=0.6869 best=0.5812
           router_load=[0.5495902299880981, 0.0, 0.45040977001190186, 0.0]
[step 0070/150] method=baseline_cagrad loss=0.6772 train_acc=0.5968 train_loss=0.6715 val_acc=0.5812 val_loss=0.6734 router_H=0.6869 best=0.5812
           router_load=[0.5495902299880981, 0.0, 0.45040977001190186, 0.0]
[step 0080/150] method=baseline_cagrad loss=0.6277 train_acc=0.5968 train_loss=0.6715 val_acc=0.5812 val_loss=0.6734 router_H=0.6869 best=0.5812
           router_load=[0.5495902299880981, 0.0, 0.45040977001190186, 0.0]
[step 0090/150] method=baseline_cagrad loss=0.4213 train_acc=0.5968 train_loss=0.6715 val_acc=0.5812 val_loss=0.6734 router_H=0.6869 best=0.5812
           router_load=[0.5495902299880981, 0.0, 0.45040977001190186, 0.0]
[step 0100/150] method=baseline_cagrad loss=0.6077 train_acc=0.7104 train_loss=0.6692 val_acc=0.6751 val_loss=0.6888 router_H=0.6488 best=0.6751
           router_load=[0.377142995595932, 0.02022550255060196, 0.4800659120082855, 0.12256563454866409]
[step 0110/150] method=baseline_cagrad loss=0.6208 train_acc=0.7104 train_loss=0.6692 val_acc=0.6751 val_loss=0.6888 router_H=0.6488 best=0.6751
           router_load=[0.377142995595932, 0.02022550255060196, 0.4800659120082855, 0.12256563454866409]
[step 0120/150] method=baseline_cagrad loss=0.7476 train_acc=0.7104 train_loss=0.6692 val_acc=0.6751 val_loss=0.6888 router_H=0.6488 best=0.6751
           router_load=[0.377142995595932, 0.02022550255060196, 0.4800659120082855, 0.12256563454866409]
[step 0130/150] method=baseline_cagrad loss=0.6381 train_acc=0.7104 train_loss=0.6692 val_acc=0.6751 val_loss=0.6888 router_H=0.6488 best=0.6751
           router_load=[0.377142995595932, 0.02022550255060196, 0.4800659120082855, 0.12256563454866409]
[step 0140/150] method=baseline_cagrad loss=0.6767 train_acc=0.7104 train_loss=0.6692 val_acc=0.6751 val_loss=0.6888 router_H=0.6488 best=0.6751
           router_load=[0.377142995595932, 0.02022550255060196, 0.4800659120082855, 0.12256563454866409]
[step 0150/150] method=baseline_cagrad loss=0.6888 train_acc=0.7474 train_loss=0.6087 val_acc=0.6751 val_loss=0.6366 router_H=0.6784 best=0.6751
           router_load=[0.5835871696472168, 0.0, 0.416412889957428, 0.0]
saved summary -> /home/zhujjing/MOE-grad-conflict-routing/runs/paper_suite/single_gpu/single_task/roberta_rte_ffn_e4_k2/hpo/cagrad/trial_runs/coord_05_method_baseline_cagrad_inner_lr_017/cagrad_s2.json
saved curve -> /home/zhujjing/MOE-grad-conflict-routing/runs/paper_suite/single_gpu/single_task/roberta_rte_ffn_e4_k2/hpo/cagrad/trial_runs/coord_05_method_baseline_cagrad_inner_lr_017/cagrad_s2_curve.csv
