[run] method=cagrad candidate=coord_05_method_baseline_cagrad_inner_lr_004 seed=2 steps=150 gpu=0
[run] cmd=
/home/zhujjing/anaconda3/envs/moe/bin/python /home/zhujjing/MOE-grad-conflict-routing/scripts/run.py --config configs/singletask_rte_real.yaml --set model.backbone_backend=hf --set model.hf_load_pretrained=true --set model.backbone=roberta --set model.hf_pretrained_name=roberta-base --set model.expert_type=ffn --set model.routing_mode=topk --set model.num_experts=4 --set model.top_k=2 --set seed=2 --set method.name=baseline_cagrad --set train.steps=150 --set train.eval_every_steps=50 --set method.baseline_cagrad.c=0.2255019392 --set method.baseline_cagrad.inner_lr=0.07383627008 --set train.grad_clip=1.23610215 --set train.lr=2.52305587e-05 --set train.weight_decay=0.0003465461751 --out /home/zhujjing/MOE-grad-conflict-routing/runs/paper_suite/single_gpu/single_task/roberta_rte_ffn_e4_k2/hpo/cagrad/trial_runs/coord_05_method_baseline_cagrad_inner_lr_004/cagrad_s2.json --curve_out /home/zhujjing/MOE-grad-conflict-routing/runs/paper_suite/single_gpu/single_task/roberta_rte_ffn_e4_k2/hpo/cagrad/trial_runs/coord_05_method_baseline_cagrad_inner_lr_004/cagrad_s2_curve.csv
Using the latest cached version of the dataset since glue couldn't be found on the Hugging Face Hub (offline mode is enabled).
Found the latest cached dataset configuration 'rte' at /home/zhujjing/hf_cache/datasets/glue/rte/0.0.0/bcdcba79d07bc864c1c254ccfcedcce55bcc9a8c (last modified on Thu Mar 19 15:00:36 2026).
/home/zhujjing/anaconda3/envs/moe/lib/python3.10/site-packages/transformers/utils/hub.py:124: FutureWarning: Using `TRANSFORMERS_CACHE` is deprecated and will be removed in v5 of Transformers. Use `HF_HOME` instead.
  warnings.warn(
Some weights of RobertaModel were not initialized from the model checkpoint at roberta-base and are newly initialized: ['roberta.pooler.dense.bias', 'roberta.pooler.dense.weight']
You should probably TRAIN this model on a down-stream task to be able to use it for predictions and inference.
[step 0001/150] method=baseline_cagrad loss=0.6916 train_acc=nan train_loss=nan val_acc=nan val_loss=nan best=-1.0000
[step 0010/150] method=baseline_cagrad loss=0.7458 train_acc=nan train_loss=nan val_acc=nan val_loss=nan best=-1.0000
[step 0020/150] method=baseline_cagrad loss=0.6812 train_acc=nan train_loss=nan val_acc=nan val_loss=nan best=-1.0000
[step 0030/150] method=baseline_cagrad loss=0.7024 train_acc=nan train_loss=nan val_acc=nan val_loss=nan best=-1.0000
[step 0040/150] method=baseline_cagrad loss=0.6959 train_acc=nan train_loss=nan val_acc=nan val_loss=nan best=-1.0000
[step 0050/150] method=baseline_cagrad loss=0.6064 train_acc=0.5145 train_loss=0.6710 val_acc=0.5271 val_loss=0.6727 router_H=0.6381 best=0.5271
           router_load=[0.0044997562654316425, 0.6555829048156738, 0.041469138115644455, 0.29844820499420166]
[step 0060/150] method=baseline_cagrad loss=0.7121 train_acc=0.5145 train_loss=0.6710 val_acc=0.5271 val_loss=0.6727 router_H=0.6381 best=0.5271
           router_load=[0.0044997562654316425, 0.6555829048156738, 0.041469138115644455, 0.29844820499420166]
[step 0070/150] method=baseline_cagrad loss=0.6303 train_acc=0.5145 train_loss=0.6710 val_acc=0.5271 val_loss=0.6727 router_H=0.6381 best=0.5271
           router_load=[0.0044997562654316425, 0.6555829048156738, 0.041469138115644455, 0.29844820499420166]
[step 0080/150] method=baseline_cagrad loss=0.7532 train_acc=0.5145 train_loss=0.6710 val_acc=0.5271 val_loss=0.6727 router_H=0.6381 best=0.5271
           router_load=[0.0044997562654316425, 0.6555829048156738, 0.041469138115644455, 0.29844820499420166]
[step 0090/150] method=baseline_cagrad loss=0.9220 train_acc=0.5145 train_loss=0.6710 val_acc=0.5271 val_loss=0.6727 router_H=0.6381 best=0.5271
           router_load=[0.0044997562654316425, 0.6555829048156738, 0.041469138115644455, 0.29844820499420166]
[step 0100/150] method=baseline_cagrad loss=0.6939 train_acc=0.6715 train_loss=0.6525 val_acc=0.6245 val_loss=0.6665 router_H=0.6816 best=0.6245
           router_load=[0.40120968222618103, 0.4599497616291046, 0.0, 0.13884055614471436]
[step 0110/150] method=baseline_cagrad loss=0.6520 train_acc=0.6715 train_loss=0.6525 val_acc=0.6245 val_loss=0.6665 router_H=0.6816 best=0.6245
           router_load=[0.40120968222618103, 0.4599497616291046, 0.0, 0.13884055614471436]
[step 0120/150] method=baseline_cagrad loss=0.6543 train_acc=0.6715 train_loss=0.6525 val_acc=0.6245 val_loss=0.6665 router_H=0.6816 best=0.6245
           router_load=[0.40120968222618103, 0.4599497616291046, 0.0, 0.13884055614471436]
[step 0130/150] method=baseline_cagrad loss=0.5791 train_acc=0.6715 train_loss=0.6525 val_acc=0.6245 val_loss=0.6665 router_H=0.6816 best=0.6245
           router_load=[0.40120968222618103, 0.4599497616291046, 0.0, 0.13884055614471436]
[step 0140/150] method=baseline_cagrad loss=0.6235 train_acc=0.6715 train_loss=0.6525 val_acc=0.6245 val_loss=0.6665 router_H=0.6816 best=0.6245
           router_load=[0.40120968222618103, 0.4599497616291046, 0.0, 0.13884055614471436]
[step 0150/150] method=baseline_cagrad loss=0.6911 train_acc=0.7165 train_loss=0.6112 val_acc=0.6823 val_loss=0.6345 router_H=0.6871 best=0.6823
           router_load=[0.34775078296661377, 0.42845216393470764, 0.0, 0.2237970232963562]
saved summary -> /home/zhujjing/MOE-grad-conflict-routing/runs/paper_suite/single_gpu/single_task/roberta_rte_ffn_e4_k2/hpo/cagrad/trial_runs/coord_05_method_baseline_cagrad_inner_lr_004/cagrad_s2.json
saved curve -> /home/zhujjing/MOE-grad-conflict-routing/runs/paper_suite/single_gpu/single_task/roberta_rte_ffn_e4_k2/hpo/cagrad/trial_runs/coord_05_method_baseline_cagrad_inner_lr_004/cagrad_s2_curve.csv
