[run] method=cagrad candidate=coord_04_method_baseline_cagrad_c_016 seed=3 steps=150 gpu=0
[run] cmd=
/home/zhujjing/anaconda3/envs/moe/bin/python /home/zhujjing/MOE-grad-conflict-routing/scripts/run.py --config configs/singletask_mrpc_real.yaml --set model.backbone_backend=hf --set model.hf_load_pretrained=true --set model.backbone=roberta --set model.hf_pretrained_name=roberta-base --set model.expert_type=ffn --set model.routing_mode=topk --set model.num_experts=4 --set model.top_k=2 --set seed=3 --set method.name=baseline_cagrad --set train.steps=150 --set train.eval_every_steps=50 --set method.baseline_cagrad.c=0.6709077192 --set method.baseline_cagrad.inner_lr=0.1 --set train.grad_clip=0.712672082 --set train.lr=2.52305587e-05 --set train.weight_decay=0.003745151078 --out /home/zhujjing/MOE-grad-conflict-routing/runs/paper_suite/single_gpu/single_task/roberta_mrpc_ffn_e4_k2/hpo/cagrad/trial_runs/coord_04_method_baseline_cagrad_c_016/cagrad_s3.json --curve_out /home/zhujjing/MOE-grad-conflict-routing/runs/paper_suite/single_gpu/single_task/roberta_mrpc_ffn_e4_k2/hpo/cagrad/trial_runs/coord_04_method_baseline_cagrad_c_016/cagrad_s3_curve.csv
Using the latest cached version of the dataset since glue couldn't be found on the Hugging Face Hub (offline mode is enabled).
Found the latest cached dataset configuration 'mrpc' at /home/zhujjing/hf_cache/datasets/glue/mrpc/0.0.0/bcdcba79d07bc864c1c254ccfcedcce55bcc9a8c (last modified on Thu Mar 19 15:01:06 2026).
/home/zhujjing/anaconda3/envs/moe/lib/python3.10/site-packages/transformers/utils/hub.py:124: FutureWarning: Using `TRANSFORMERS_CACHE` is deprecated and will be removed in v5 of Transformers. Use `HF_HOME` instead.
  warnings.warn(
Some weights of RobertaModel were not initialized from the model checkpoint at roberta-base and are newly initialized: ['roberta.pooler.dense.bias', 'roberta.pooler.dense.weight']
You should probably TRAIN this model on a down-stream task to be able to use it for predictions and inference.
[step 0001/150] method=baseline_cagrad loss=0.6934 train_acc=nan train_loss=nan val_acc=nan val_loss=nan best=-1.0000
[step 0010/150] method=baseline_cagrad loss=0.7230 train_acc=nan train_loss=nan val_acc=nan val_loss=nan best=-1.0000
[step 0020/150] method=baseline_cagrad loss=0.7031 train_acc=nan train_loss=nan val_acc=nan val_loss=nan best=-1.0000
[step 0030/150] method=baseline_cagrad loss=0.5124 train_acc=nan train_loss=nan val_acc=nan val_loss=nan best=-1.0000
[step 0040/150] method=baseline_cagrad loss=0.6354 train_acc=nan train_loss=nan val_acc=nan val_loss=nan best=-1.0000
[step 0050/150] method=baseline_cagrad loss=0.5134 train_acc=0.7631 train_loss=0.5122 val_acc=0.7647 val_loss=0.4947 router_H=0.4055 best=0.7647
           router_load=[0.02306137979030609, 0.7877717018127441, 0.18916675448417664, 0.0]
[step 0060/150] method=baseline_cagrad loss=0.4650 train_acc=0.7631 train_loss=0.5122 val_acc=0.7647 val_loss=0.4947 router_H=0.4055 best=0.7647
           router_load=[0.02306137979030609, 0.7877717018127441, 0.18916675448417664, 0.0]
[step 0070/150] method=baseline_cagrad loss=0.5254 train_acc=0.7631 train_loss=0.5122 val_acc=0.7647 val_loss=0.4947 router_H=0.4055 best=0.7647
           router_load=[0.02306137979030609, 0.7877717018127441, 0.18916675448417664, 0.0]
[step 0080/150] method=baseline_cagrad loss=0.5216 train_acc=0.7631 train_loss=0.5122 val_acc=0.7647 val_loss=0.4947 router_H=0.4055 best=0.7647
           router_load=[0.02306137979030609, 0.7877717018127441, 0.18916675448417664, 0.0]
[step 0090/150] method=baseline_cagrad loss=0.6269 train_acc=0.7631 train_loss=0.5122 val_acc=0.7647 val_loss=0.4947 router_H=0.4055 best=0.7647
           router_load=[0.02306137979030609, 0.7877717018127441, 0.18916675448417664, 0.0]
[step 0100/150] method=baseline_cagrad loss=0.6026 train_acc=0.8209 train_loss=0.4357 val_acc=0.8064 val_loss=0.4548 router_H=0.4665 best=0.8064
           router_load=[0.0818067342042923, 0.7088347673416138, 0.20935849845409393, 0.0]
[step 0110/150] method=baseline_cagrad loss=0.5699 train_acc=0.8209 train_loss=0.4357 val_acc=0.8064 val_loss=0.4548 router_H=0.4665 best=0.8064
           router_load=[0.0818067342042923, 0.7088347673416138, 0.20935849845409393, 0.0]
[step 0120/150] method=baseline_cagrad loss=0.3224 train_acc=0.8209 train_loss=0.4357 val_acc=0.8064 val_loss=0.4548 router_H=0.4665 best=0.8064
           router_load=[0.0818067342042923, 0.7088347673416138, 0.20935849845409393, 0.0]
[step 0130/150] method=baseline_cagrad loss=0.2694 train_acc=0.8209 train_loss=0.4357 val_acc=0.8064 val_loss=0.4548 router_H=0.4665 best=0.8064
           router_load=[0.0818067342042923, 0.7088347673416138, 0.20935849845409393, 0.0]
[step 0140/150] method=baseline_cagrad loss=0.3632 train_acc=0.8209 train_loss=0.4357 val_acc=0.8064 val_loss=0.4548 router_H=0.4665 best=0.8064
           router_load=[0.0818067342042923, 0.7088347673416138, 0.20935849845409393, 0.0]
[step 0150/150] method=baseline_cagrad loss=0.4967 train_acc=0.8381 train_loss=0.3871 val_acc=0.8333 val_loss=0.3878 router_H=0.3881 best=0.8333
           router_load=[0.013059438206255436, 0.766743004322052, 0.21244005858898163, 0.007757748011499643]
saved summary -> /home/zhujjing/MOE-grad-conflict-routing/runs/paper_suite/single_gpu/single_task/roberta_mrpc_ffn_e4_k2/hpo/cagrad/trial_runs/coord_04_method_baseline_cagrad_c_016/cagrad_s3.json
saved curve -> /home/zhujjing/MOE-grad-conflict-routing/runs/paper_suite/single_gpu/single_task/roberta_mrpc_ffn_e4_k2/hpo/cagrad/trial_runs/coord_04_method_baseline_cagrad_c_016/cagrad_s3_curve.csv
