[run] method=cagrad candidate=coord_04_method_baseline_cagrad_c_003 seed=3 steps=150 gpu=0
[run] cmd=
/home/zhujjing/anaconda3/envs/moe/bin/python /home/zhujjing/MOE-grad-conflict-routing/scripts/run.py --config configs/singletask_mrpc_real.yaml --set model.backbone_backend=hf --set model.hf_load_pretrained=true --set model.backbone=roberta --set model.hf_pretrained_name=roberta-base --set model.expert_type=ffn --set model.routing_mode=topk --set model.num_experts=4 --set model.top_k=2 --set seed=3 --set method.name=baseline_cagrad --set train.steps=150 --set train.eval_every_steps=50 --set method.baseline_cagrad.c=0.4811638322 --set method.baseline_cagrad.inner_lr=0.1 --set train.grad_clip=0.712672082 --set train.lr=2.52305587e-05 --set train.weight_decay=0.003745151078 --out /home/zhujjing/MOE-grad-conflict-routing/runs/paper_suite/single_gpu/single_task/roberta_mrpc_ffn_e4_k2/hpo/cagrad/trial_runs/coord_04_method_baseline_cagrad_c_003/cagrad_s3.json --curve_out /home/zhujjing/MOE-grad-conflict-routing/runs/paper_suite/single_gpu/single_task/roberta_mrpc_ffn_e4_k2/hpo/cagrad/trial_runs/coord_04_method_baseline_cagrad_c_003/cagrad_s3_curve.csv
Using the latest cached version of the dataset since glue couldn't be found on the Hugging Face Hub (offline mode is enabled).
Found the latest cached dataset configuration 'mrpc' at /home/zhujjing/hf_cache/datasets/glue/mrpc/0.0.0/bcdcba79d07bc864c1c254ccfcedcce55bcc9a8c (last modified on Thu Mar 19 15:01:06 2026).
/home/zhujjing/anaconda3/envs/moe/lib/python3.10/site-packages/transformers/utils/hub.py:124: FutureWarning: Using `TRANSFORMERS_CACHE` is deprecated and will be removed in v5 of Transformers. Use `HF_HOME` instead.
  warnings.warn(
Some weights of RobertaModel were not initialized from the model checkpoint at roberta-base and are newly initialized: ['roberta.pooler.dense.bias', 'roberta.pooler.dense.weight']
You should probably TRAIN this model on a down-stream task to be able to use it for predictions and inference.
[step 0001/150] method=baseline_cagrad loss=0.6875 train_acc=nan train_loss=nan val_acc=nan val_loss=nan best=-1.0000
[step 0010/150] method=baseline_cagrad loss=0.7208 train_acc=nan train_loss=nan val_acc=nan val_loss=nan best=-1.0000
[step 0020/150] method=baseline_cagrad loss=0.6563 train_acc=nan train_loss=nan val_acc=nan val_loss=nan best=-1.0000
[step 0030/150] method=baseline_cagrad loss=0.5397 train_acc=nan train_loss=nan val_acc=nan val_loss=nan best=-1.0000
[step 0040/150] method=baseline_cagrad loss=0.5846 train_acc=nan train_loss=nan val_acc=nan val_loss=nan best=-1.0000
[step 0050/150] method=baseline_cagrad loss=0.3896 train_acc=0.7726 train_loss=0.4801 val_acc=0.7696 val_loss=0.4746 router_H=0.6417 best=0.7696
           router_load=[0.03457443416118622, 0.26049867272377014, 0.5981583595275879, 0.10676842927932739]
[step 0060/150] method=baseline_cagrad loss=0.5736 train_acc=0.7726 train_loss=0.4801 val_acc=0.7696 val_loss=0.4746 router_H=0.6417 best=0.7696
           router_load=[0.03457443416118622, 0.26049867272377014, 0.5981583595275879, 0.10676842927932739]
[step 0070/150] method=baseline_cagrad loss=0.3333 train_acc=0.7726 train_loss=0.4801 val_acc=0.7696 val_loss=0.4746 router_H=0.6417 best=0.7696
           router_load=[0.03457443416118622, 0.26049867272377014, 0.5981583595275879, 0.10676842927932739]
[step 0080/150] method=baseline_cagrad loss=0.4783 train_acc=0.7726 train_loss=0.4801 val_acc=0.7696 val_loss=0.4746 router_H=0.6417 best=0.7696
           router_load=[0.03457443416118622, 0.26049867272377014, 0.5981583595275879, 0.10676842927932739]
[step 0090/150] method=baseline_cagrad loss=0.5790 train_acc=0.7726 train_loss=0.4801 val_acc=0.7696 val_loss=0.4746 router_H=0.6417 best=0.7696
           router_load=[0.03457443416118622, 0.26049867272377014, 0.5981583595275879, 0.10676842927932739]
[step 0100/150] method=baseline_cagrad loss=0.4447 train_acc=0.8364 train_loss=0.3640 val_acc=0.8309 val_loss=0.3548 router_H=0.3917 best=0.8309
           router_load=[0.0059929764829576015, 0.025011146441102028, 0.7964897751808167, 0.17250604927539825]
[step 0110/150] method=baseline_cagrad loss=0.5008 train_acc=0.8364 train_loss=0.3640 val_acc=0.8309 val_loss=0.3548 router_H=0.3917 best=0.8309
           router_load=[0.0059929764829576015, 0.025011146441102028, 0.7964897751808167, 0.17250604927539825]
[step 0120/150] method=baseline_cagrad loss=0.3667 train_acc=0.8364 train_loss=0.3640 val_acc=0.8309 val_loss=0.3548 router_H=0.3917 best=0.8309
           router_load=[0.0059929764829576015, 0.025011146441102028, 0.7964897751808167, 0.17250604927539825]
[step 0130/150] method=baseline_cagrad loss=0.3952 train_acc=0.8364 train_loss=0.3640 val_acc=0.8309 val_loss=0.3548 router_H=0.3917 best=0.8309
           router_load=[0.0059929764829576015, 0.025011146441102028, 0.7964897751808167, 0.17250604927539825]
[step 0140/150] method=baseline_cagrad loss=0.4262 train_acc=0.8364 train_loss=0.3640 val_acc=0.8309 val_loss=0.3548 router_H=0.3917 best=0.8309
           router_load=[0.0059929764829576015, 0.025011146441102028, 0.7964897751808167, 0.17250604927539825]
[step 0150/150] method=baseline_cagrad loss=0.5749 train_acc=0.8498 train_loss=0.3605 val_acc=0.8358 val_loss=0.3802 router_H=0.4404 best=0.8358
           router_load=[0.0021285617258399725, 0.06754626333713531, 0.8169804215431213, 0.11334481835365295]
saved summary -> /home/zhujjing/MOE-grad-conflict-routing/runs/paper_suite/single_gpu/single_task/roberta_mrpc_ffn_e4_k2/hpo/cagrad/trial_runs/coord_04_method_baseline_cagrad_c_003/cagrad_s3.json
saved curve -> /home/zhujjing/MOE-grad-conflict-routing/runs/paper_suite/single_gpu/single_task/roberta_mrpc_ffn_e4_k2/hpo/cagrad/trial_runs/coord_04_method_baseline_cagrad_c_003/cagrad_s3_curve.csv
