[run] method=cagrad candidate=coord_04_method_baseline_cagrad_c_014 seed=2 steps=150 gpu=0
[run] cmd=
/home/zhujjing/anaconda3/envs/moe/bin/python /home/zhujjing/MOE-grad-conflict-routing/scripts/run.py --config configs/singletask_mrpc_real.yaml --set model.backbone_backend=hf --set model.hf_load_pretrained=true --set model.backbone=roberta --set model.hf_pretrained_name=roberta-base --set model.expert_type=ffn --set model.routing_mode=topk --set model.num_experts=4 --set model.top_k=2 --set seed=2 --set method.name=baseline_cagrad --set train.steps=150 --set train.eval_every_steps=50 --set method.baseline_cagrad.c=0.365336098 --set method.baseline_cagrad.inner_lr=0.1 --set train.grad_clip=0.712672082 --set train.lr=2.52305587e-05 --set train.weight_decay=0.003745151078 --out /home/zhujjing/MOE-grad-conflict-routing/runs/paper_suite/single_gpu/single_task/roberta_mrpc_ffn_e4_k2/hpo/cagrad/trial_runs/coord_04_method_baseline_cagrad_c_014/cagrad_s2.json --curve_out /home/zhujjing/MOE-grad-conflict-routing/runs/paper_suite/single_gpu/single_task/roberta_mrpc_ffn_e4_k2/hpo/cagrad/trial_runs/coord_04_method_baseline_cagrad_c_014/cagrad_s2_curve.csv
Using the latest cached version of the dataset since glue couldn't be found on the Hugging Face Hub (offline mode is enabled).
Found the latest cached dataset configuration 'mrpc' at /home/zhujjing/hf_cache/datasets/glue/mrpc/0.0.0/bcdcba79d07bc864c1c254ccfcedcce55bcc9a8c (last modified on Thu Mar 19 15:01:06 2026).
/home/zhujjing/anaconda3/envs/moe/lib/python3.10/site-packages/transformers/utils/hub.py:124: FutureWarning: Using `TRANSFORMERS_CACHE` is deprecated and will be removed in v5 of Transformers. Use `HF_HOME` instead.
  warnings.warn(
Some weights of RobertaModel were not initialized from the model checkpoint at roberta-base and are newly initialized: ['roberta.pooler.dense.bias', 'roberta.pooler.dense.weight']
You should probably TRAIN this model on a down-stream task to be able to use it for predictions and inference.
[step 0001/150] method=baseline_cagrad loss=0.6980 train_acc=nan train_loss=nan val_acc=nan val_loss=nan best=-1.0000
[step 0010/150] method=baseline_cagrad loss=0.6174 train_acc=nan train_loss=nan val_acc=nan val_loss=nan best=-1.0000
[step 0020/150] method=baseline_cagrad loss=0.6656 train_acc=nan train_loss=nan val_acc=nan val_loss=nan best=-1.0000
[step 0030/150] method=baseline_cagrad loss=0.6952 train_acc=nan train_loss=nan val_acc=nan val_loss=nan best=-1.0000
[step 0040/150] method=baseline_cagrad loss=0.5697 train_acc=nan train_loss=nan val_acc=nan val_loss=nan best=-1.0000
[step 0050/150] method=baseline_cagrad loss=0.5176 train_acc=0.7241 train_loss=0.5032 val_acc=0.7328 val_loss=0.5000 router_H=0.5098 best=0.7328
           router_load=[0.7544375658035278, 0.24386315047740936, 0.0016992315649986267, 0.0]
[step 0060/150] method=baseline_cagrad loss=0.6018 train_acc=0.7241 train_loss=0.5032 val_acc=0.7328 val_loss=0.5000 router_H=0.5098 best=0.7328
           router_load=[0.7544375658035278, 0.24386315047740936, 0.0016992315649986267, 0.0]
[step 0070/150] method=baseline_cagrad loss=0.3338 train_acc=0.7241 train_loss=0.5032 val_acc=0.7328 val_loss=0.5000 router_H=0.5098 best=0.7328
           router_load=[0.7544375658035278, 0.24386315047740936, 0.0016992315649986267, 0.0]
[step 0080/150] method=baseline_cagrad loss=0.3935 train_acc=0.7241 train_loss=0.5032 val_acc=0.7328 val_loss=0.5000 router_H=0.5098 best=0.7328
           router_load=[0.7544375658035278, 0.24386315047740936, 0.0016992315649986267, 0.0]
[step 0090/150] method=baseline_cagrad loss=0.4217 train_acc=0.7241 train_loss=0.5032 val_acc=0.7328 val_loss=0.5000 router_H=0.5098 best=0.7328
           router_load=[0.7544375658035278, 0.24386315047740936, 0.0016992315649986267, 0.0]
[step 0100/150] method=baseline_cagrad loss=0.5051 train_acc=0.8157 train_loss=0.4289 val_acc=0.8162 val_loss=0.4310 router_H=0.4990 best=0.8162
           router_load=[0.7269058227539062, 0.2491845190525055, 0.019768858328461647, 0.004140796139836311]
[step 0110/150] method=baseline_cagrad loss=0.6290 train_acc=0.8157 train_loss=0.4289 val_acc=0.8162 val_loss=0.4310 router_H=0.4990 best=0.8162
           router_load=[0.7269058227539062, 0.2491845190525055, 0.019768858328461647, 0.004140796139836311]
[step 0120/150] method=baseline_cagrad loss=0.2701 train_acc=0.8157 train_loss=0.4289 val_acc=0.8162 val_loss=0.4310 router_H=0.4990 best=0.8162
           router_load=[0.7269058227539062, 0.2491845190525055, 0.019768858328461647, 0.004140796139836311]
[step 0130/150] method=baseline_cagrad loss=0.5676 train_acc=0.8157 train_loss=0.4289 val_acc=0.8162 val_loss=0.4310 router_H=0.4990 best=0.8162
           router_load=[0.7269058227539062, 0.2491845190525055, 0.019768858328461647, 0.004140796139836311]
[step 0140/150] method=baseline_cagrad loss=0.4811 train_acc=0.8157 train_loss=0.4289 val_acc=0.8162 val_loss=0.4310 router_H=0.4990 best=0.8162
           router_load=[0.7269058227539062, 0.2491845190525055, 0.019768858328461647, 0.004140796139836311]
[step 0150/150] method=baseline_cagrad loss=0.7410 train_acc=0.8593 train_loss=0.3748 val_acc=0.8603 val_loss=0.3977 router_H=0.3566 best=0.8603
           router_load=[0.8106167316436768, 0.1534343808889389, 0.034243371337652206, 0.001705452799797058]
saved summary -> /home/zhujjing/MOE-grad-conflict-routing/runs/paper_suite/single_gpu/single_task/roberta_mrpc_ffn_e4_k2/hpo/cagrad/trial_runs/coord_04_method_baseline_cagrad_c_014/cagrad_s2.json
saved curve -> /home/zhujjing/MOE-grad-conflict-routing/runs/paper_suite/single_gpu/single_task/roberta_mrpc_ffn_e4_k2/hpo/cagrad/trial_runs/coord_04_method_baseline_cagrad_c_014/cagrad_s2_curve.csv
