[run] method=cagrad candidate=coord_04_method_baseline_cagrad_c_017 seed=3 steps=150 gpu=0
[run] cmd=
/home/zhujjing/anaconda3/envs/moe/bin/python /home/zhujjing/MOE-grad-conflict-routing/scripts/run.py --config configs/singletask_mrpc_real.yaml --set model.backbone_backend=hf --set model.hf_load_pretrained=true --set model.backbone=roberta --set model.hf_pretrained_name=roberta-base --set model.expert_type=ffn --set model.routing_mode=topk --set model.num_experts=4 --set model.top_k=2 --set seed=3 --set method.name=baseline_cagrad --set train.steps=150 --set train.eval_every_steps=50 --set method.baseline_cagrad.c=0.4809013596 --set method.baseline_cagrad.inner_lr=0.1 --set train.grad_clip=0.712672082 --set train.lr=2.52305587e-05 --set train.weight_decay=0.003745151078 --out /home/zhujjing/MOE-grad-conflict-routing/runs/paper_suite/single_gpu/single_task/roberta_mrpc_ffn_e4_k2/hpo/cagrad/trial_runs/coord_04_method_baseline_cagrad_c_017/cagrad_s3.json --curve_out /home/zhujjing/MOE-grad-conflict-routing/runs/paper_suite/single_gpu/single_task/roberta_mrpc_ffn_e4_k2/hpo/cagrad/trial_runs/coord_04_method_baseline_cagrad_c_017/cagrad_s3_curve.csv
Using the latest cached version of the dataset since glue couldn't be found on the Hugging Face Hub (offline mode is enabled).
Found the latest cached dataset configuration 'mrpc' at /home/zhujjing/hf_cache/datasets/glue/mrpc/0.0.0/bcdcba79d07bc864c1c254ccfcedcce55bcc9a8c (last modified on Thu Mar 19 15:01:06 2026).
/home/zhujjing/anaconda3/envs/moe/lib/python3.10/site-packages/transformers/utils/hub.py:124: FutureWarning: Using `TRANSFORMERS_CACHE` is deprecated and will be removed in v5 of Transformers. Use `HF_HOME` instead.
  warnings.warn(
Some weights of RobertaModel were not initialized from the model checkpoint at roberta-base and are newly initialized: ['roberta.pooler.dense.bias', 'roberta.pooler.dense.weight']
You should probably TRAIN this model on a down-stream task to be able to use it for predictions and inference.
[step 0001/150] method=baseline_cagrad loss=0.7123 train_acc=nan train_loss=nan val_acc=nan val_loss=nan best=-1.0000
[step 0010/150] method=baseline_cagrad loss=0.7388 train_acc=nan train_loss=nan val_acc=nan val_loss=nan best=-1.0000
[step 0020/150] method=baseline_cagrad loss=0.6678 train_acc=nan train_loss=nan val_acc=nan val_loss=nan best=-1.0000
[step 0030/150] method=baseline_cagrad loss=0.6047 train_acc=nan train_loss=nan val_acc=nan val_loss=nan best=-1.0000
[step 0040/150] method=baseline_cagrad loss=0.6902 train_acc=nan train_loss=nan val_acc=nan val_loss=nan best=-1.0000
[step 0050/150] method=baseline_cagrad loss=0.5305 train_acc=0.7364 train_loss=0.5204 val_acc=0.7377 val_loss=0.5090 router_H=0.5130 best=0.7377
           router_load=[0.7640804052352905, 0.06806731969118118, 0.15932516753673553, 0.008527045138180256]
[step 0060/150] method=baseline_cagrad loss=0.5086 train_acc=0.7364 train_loss=0.5204 val_acc=0.7377 val_loss=0.5090 router_H=0.5130 best=0.7377
           router_load=[0.7640804052352905, 0.06806731969118118, 0.15932516753673553, 0.008527045138180256]
[step 0070/150] method=baseline_cagrad loss=0.5161 train_acc=0.7364 train_loss=0.5204 val_acc=0.7377 val_loss=0.5090 router_H=0.5130 best=0.7377
           router_load=[0.7640804052352905, 0.06806731969118118, 0.15932516753673553, 0.008527045138180256]
[step 0080/150] method=baseline_cagrad loss=0.5354 train_acc=0.7364 train_loss=0.5204 val_acc=0.7377 val_loss=0.5090 router_H=0.5130 best=0.7377
           router_load=[0.7640804052352905, 0.06806731969118118, 0.15932516753673553, 0.008527045138180256]
[step 0090/150] method=baseline_cagrad loss=0.6015 train_acc=0.7364 train_loss=0.5204 val_acc=0.7377 val_loss=0.5090 router_H=0.5130 best=0.7377
           router_load=[0.7640804052352905, 0.06806731969118118, 0.15932516753673553, 0.008527045138180256]
[step 0100/150] method=baseline_cagrad loss=0.3876 train_acc=0.8266 train_loss=0.4183 val_acc=0.8505 val_loss=0.4094 router_H=0.5378 best=0.8505
           router_load=[0.7448817491531372, 0.24559642374515533, 0.009521913714706898, 0.0]
[step 0110/150] method=baseline_cagrad loss=0.4128 train_acc=0.8266 train_loss=0.4183 val_acc=0.8505 val_loss=0.4094 router_H=0.5378 best=0.8505
           router_load=[0.7448817491531372, 0.24559642374515533, 0.009521913714706898, 0.0]
[step 0120/150] method=baseline_cagrad loss=0.3993 train_acc=0.8266 train_loss=0.4183 val_acc=0.8505 val_loss=0.4094 router_H=0.5378 best=0.8505
           router_load=[0.7448817491531372, 0.24559642374515533, 0.009521913714706898, 0.0]
[step 0130/150] method=baseline_cagrad loss=0.3039 train_acc=0.8266 train_loss=0.4183 val_acc=0.8505 val_loss=0.4094 router_H=0.5378 best=0.8505
           router_load=[0.7448817491531372, 0.24559642374515533, 0.009521913714706898, 0.0]
[step 0140/150] method=baseline_cagrad loss=0.5680 train_acc=0.8266 train_loss=0.4183 val_acc=0.8505 val_loss=0.4094 router_H=0.5378 best=0.8505
           router_load=[0.7448817491531372, 0.24559642374515533, 0.009521913714706898, 0.0]
[step 0150/150] method=baseline_cagrad loss=0.5655 train_acc=0.8037 train_loss=0.4074 val_acc=0.8015 val_loss=0.4239 router_H=0.5889 best=0.8505
           router_load=[0.7141262292861938, 0.030620135366916656, 0.06094053387641907, 0.19431328773498535]
saved summary -> /home/zhujjing/MOE-grad-conflict-routing/runs/paper_suite/single_gpu/single_task/roberta_mrpc_ffn_e4_k2/hpo/cagrad/trial_runs/coord_04_method_baseline_cagrad_c_017/cagrad_s3.json
saved curve -> /home/zhujjing/MOE-grad-conflict-routing/runs/paper_suite/single_gpu/single_task/roberta_mrpc_ffn_e4_k2/hpo/cagrad/trial_runs/coord_04_method_baseline_cagrad_c_017/cagrad_s3_curve.csv
