[run] method=cagrad candidate=coord_04_method_baseline_cagrad_c_007 seed=2 steps=150 gpu=0
[run] cmd=
/home/zhujjing/anaconda3/envs/moe/bin/python /home/zhujjing/MOE-grad-conflict-routing/scripts/run.py --config configs/singletask_mrpc_real.yaml --set model.backbone_backend=hf --set model.hf_load_pretrained=true --set model.backbone=roberta --set model.hf_pretrained_name=roberta-base --set model.expert_type=ffn --set model.routing_mode=topk --set model.num_experts=4 --set model.top_k=2 --set seed=2 --set method.name=baseline_cagrad --set train.steps=150 --set train.eval_every_steps=50 --set method.baseline_cagrad.c=0.69392653 --set method.baseline_cagrad.inner_lr=0.1 --set train.grad_clip=0.712672082 --set train.lr=2.52305587e-05 --set train.weight_decay=0.003745151078 --out /home/zhujjing/MOE-grad-conflict-routing/runs/paper_suite/single_gpu/single_task/roberta_mrpc_ffn_e4_k2/hpo/cagrad/trial_runs/coord_04_method_baseline_cagrad_c_007/cagrad_s2.json --curve_out /home/zhujjing/MOE-grad-conflict-routing/runs/paper_suite/single_gpu/single_task/roberta_mrpc_ffn_e4_k2/hpo/cagrad/trial_runs/coord_04_method_baseline_cagrad_c_007/cagrad_s2_curve.csv
Using the latest cached version of the dataset since glue couldn't be found on the Hugging Face Hub (offline mode is enabled).
Found the latest cached dataset configuration 'mrpc' at /home/zhujjing/hf_cache/datasets/glue/mrpc/0.0.0/bcdcba79d07bc864c1c254ccfcedcce55bcc9a8c (last modified on Thu Mar 19 15:01:06 2026).
/home/zhujjing/anaconda3/envs/moe/lib/python3.10/site-packages/transformers/utils/hub.py:124: FutureWarning: Using `TRANSFORMERS_CACHE` is deprecated and will be removed in v5 of Transformers. Use `HF_HOME` instead.
  warnings.warn(
Some weights of RobertaModel were not initialized from the model checkpoint at roberta-base and are newly initialized: ['roberta.pooler.dense.bias', 'roberta.pooler.dense.weight']
You should probably TRAIN this model on a down-stream task to be able to use it for predictions and inference.
[step 0001/150] method=baseline_cagrad loss=0.6920 train_acc=nan train_loss=nan val_acc=nan val_loss=nan best=-1.0000
[step 0010/150] method=baseline_cagrad loss=0.6227 train_acc=nan train_loss=nan val_acc=nan val_loss=nan best=-1.0000
[step 0020/150] method=baseline_cagrad loss=0.6383 train_acc=nan train_loss=nan val_acc=nan val_loss=nan best=-1.0000
[step 0030/150] method=baseline_cagrad loss=0.7158 train_acc=nan train_loss=nan val_acc=nan val_loss=nan best=-1.0000
[step 0040/150] method=baseline_cagrad loss=0.5514 train_acc=nan train_loss=nan val_acc=nan val_loss=nan best=-1.0000
[step 0050/150] method=baseline_cagrad loss=0.4972 train_acc=0.7500 train_loss=0.5448 val_acc=0.7574 val_loss=0.5298 router_H=0.5067 best=0.7574
           router_load=[0.010528938844799995, 0.7386277318000793, 0.13015784323215485, 0.12068554013967514]
[step 0060/150] method=baseline_cagrad loss=0.6467 train_acc=0.7500 train_loss=0.5448 val_acc=0.7574 val_loss=0.5298 router_H=0.5067 best=0.7574
           router_load=[0.010528938844799995, 0.7386277318000793, 0.13015784323215485, 0.12068554013967514]
[step 0070/150] method=baseline_cagrad loss=0.4885 train_acc=0.7500 train_loss=0.5448 val_acc=0.7574 val_loss=0.5298 router_H=0.5067 best=0.7574
           router_load=[0.010528938844799995, 0.7386277318000793, 0.13015784323215485, 0.12068554013967514]
[step 0080/150] method=baseline_cagrad loss=0.4839 train_acc=0.7500 train_loss=0.5448 val_acc=0.7574 val_loss=0.5298 router_H=0.5067 best=0.7574
           router_load=[0.010528938844799995, 0.7386277318000793, 0.13015784323215485, 0.12068554013967514]
[step 0090/150] method=baseline_cagrad loss=0.4253 train_acc=0.7500 train_loss=0.5448 val_acc=0.7574 val_loss=0.5298 router_H=0.5067 best=0.7574
           router_load=[0.010528938844799995, 0.7386277318000793, 0.13015784323215485, 0.12068554013967514]
[step 0100/150] method=baseline_cagrad loss=0.5848 train_acc=0.8015 train_loss=0.5439 val_acc=0.7966 val_loss=0.5458 router_H=0.6751 best=0.7966
           router_load=[0.00269951019436121, 0.5332560539245605, 0.023649435490369797, 0.4403950572013855]
[step 0110/150] method=baseline_cagrad loss=0.7387 train_acc=0.8015 train_loss=0.5439 val_acc=0.7966 val_loss=0.5458 router_H=0.6751 best=0.7966
           router_load=[0.00269951019436121, 0.5332560539245605, 0.023649435490369797, 0.4403950572013855]
[step 0120/150] method=baseline_cagrad loss=0.4304 train_acc=0.8015 train_loss=0.5439 val_acc=0.7966 val_loss=0.5458 router_H=0.6751 best=0.7966
           router_load=[0.00269951019436121, 0.5332560539245605, 0.023649435490369797, 0.4403950572013855]
[step 0130/150] method=baseline_cagrad loss=0.6741 train_acc=0.8015 train_loss=0.5439 val_acc=0.7966 val_loss=0.5458 router_H=0.6751 best=0.7966
           router_load=[0.00269951019436121, 0.5332560539245605, 0.023649435490369797, 0.4403950572013855]
[step 0140/150] method=baseline_cagrad loss=0.4283 train_acc=0.8015 train_loss=0.5439 val_acc=0.7966 val_loss=0.5458 router_H=0.6751 best=0.7966
           router_load=[0.00269951019436121, 0.5332560539245605, 0.023649435490369797, 0.4403950572013855]
[step 0150/150] method=baseline_cagrad loss=0.6571 train_acc=0.8203 train_loss=0.4287 val_acc=0.8137 val_loss=0.4443 router_H=0.3235 best=0.8137
           router_load=[0.0, 0.841486394405365, 0.08228441327810287, 0.07622925192117691]
saved summary -> /home/zhujjing/MOE-grad-conflict-routing/runs/paper_suite/single_gpu/single_task/roberta_mrpc_ffn_e4_k2/hpo/cagrad/trial_runs/coord_04_method_baseline_cagrad_c_007/cagrad_s2.json
saved curve -> /home/zhujjing/MOE-grad-conflict-routing/runs/paper_suite/single_gpu/single_task/roberta_mrpc_ffn_e4_k2/hpo/cagrad/trial_runs/coord_04_method_baseline_cagrad_c_007/cagrad_s2_curve.csv
