[run] method=cagrad candidate=coord_04_method_baseline_cagrad_c_001 seed=3 steps=150 gpu=0
[run] cmd=
/home/zhujjing/anaconda3/envs/moe/bin/python /home/zhujjing/MOE-grad-conflict-routing/scripts/run.py --config configs/singletask_mrpc_real.yaml --set model.backbone_backend=hf --set model.hf_load_pretrained=true --set model.backbone=roberta --set model.hf_pretrained_name=roberta-base --set model.expert_type=ffn --set model.routing_mode=topk --set model.num_experts=4 --set model.top_k=2 --set seed=3 --set method.name=baseline_cagrad --set train.steps=150 --set train.eval_every_steps=50 --set method.baseline_cagrad.c=0.7843973576 --set method.baseline_cagrad.inner_lr=0.1 --set train.grad_clip=0.712672082 --set train.lr=2.52305587e-05 --set train.weight_decay=0.003745151078 --out /home/zhujjing/MOE-grad-conflict-routing/runs/paper_suite/single_gpu/single_task/roberta_mrpc_ffn_e4_k2/hpo/cagrad/trial_runs/coord_04_method_baseline_cagrad_c_001/cagrad_s3.json --curve_out /home/zhujjing/MOE-grad-conflict-routing/runs/paper_suite/single_gpu/single_task/roberta_mrpc_ffn_e4_k2/hpo/cagrad/trial_runs/coord_04_method_baseline_cagrad_c_001/cagrad_s3_curve.csv
Using the latest cached version of the dataset since glue couldn't be found on the Hugging Face Hub (offline mode is enabled).
Found the latest cached dataset configuration 'mrpc' at /home/zhujjing/hf_cache/datasets/glue/mrpc/0.0.0/bcdcba79d07bc864c1c254ccfcedcce55bcc9a8c (last modified on Thu Mar 19 15:01:06 2026).
/home/zhujjing/anaconda3/envs/moe/lib/python3.10/site-packages/transformers/utils/hub.py:124: FutureWarning: Using `TRANSFORMERS_CACHE` is deprecated and will be removed in v5 of Transformers. Use `HF_HOME` instead.
  warnings.warn(
Some weights of RobertaModel were not initialized from the model checkpoint at roberta-base and are newly initialized: ['roberta.pooler.dense.bias', 'roberta.pooler.dense.weight']
You should probably TRAIN this model on a down-stream task to be able to use it for predictions and inference.
[step 0001/150] method=baseline_cagrad loss=0.7018 train_acc=nan train_loss=nan val_acc=nan val_loss=nan best=-1.0000
[step 0010/150] method=baseline_cagrad loss=0.7283 train_acc=nan train_loss=nan val_acc=nan val_loss=nan best=-1.0000
[step 0020/150] method=baseline_cagrad loss=0.6930 train_acc=nan train_loss=nan val_acc=nan val_loss=nan best=-1.0000
[step 0030/150] method=baseline_cagrad loss=0.4900 train_acc=nan train_loss=nan val_acc=nan val_loss=nan best=-1.0000
[step 0040/150] method=baseline_cagrad loss=0.6470 train_acc=nan train_loss=nan val_acc=nan val_loss=nan best=-1.0000
[step 0050/150] method=baseline_cagrad loss=0.5248 train_acc=0.7505 train_loss=0.5234 val_acc=0.7500 val_loss=0.5082 router_H=0.4168 best=0.7500
           router_load=[0.815343976020813, 0.14832772314548492, 0.00020108830358367413, 0.036127232015132904]
[step 0060/150] method=baseline_cagrad loss=0.5348 train_acc=0.7505 train_loss=0.5234 val_acc=0.7500 val_loss=0.5082 router_H=0.4168 best=0.7500
           router_load=[0.815343976020813, 0.14832772314548492, 0.00020108830358367413, 0.036127232015132904]
[step 0070/150] method=baseline_cagrad loss=0.5352 train_acc=0.7505 train_loss=0.5234 val_acc=0.7500 val_loss=0.5082 router_H=0.4168 best=0.7500
           router_load=[0.815343976020813, 0.14832772314548492, 0.00020108830358367413, 0.036127232015132904]
[step 0080/150] method=baseline_cagrad loss=0.4980 train_acc=0.7505 train_loss=0.5234 val_acc=0.7500 val_loss=0.5082 router_H=0.4168 best=0.7500
           router_load=[0.815343976020813, 0.14832772314548492, 0.00020108830358367413, 0.036127232015132904]
[step 0090/150] method=baseline_cagrad loss=0.5742 train_acc=0.7505 train_loss=0.5234 val_acc=0.7500 val_loss=0.5082 router_H=0.4168 best=0.7500
           router_load=[0.815343976020813, 0.14832772314548492, 0.00020108830358367413, 0.036127232015132904]
[step 0100/150] method=baseline_cagrad loss=0.5484 train_acc=0.8443 train_loss=0.3923 val_acc=0.8480 val_loss=0.3841 router_H=0.4893 best=0.8480
           router_load=[0.6974214315414429, 0.30257850885391235, 0.0, 0.0]
[step 0110/150] method=baseline_cagrad loss=0.4711 train_acc=0.8443 train_loss=0.3923 val_acc=0.8480 val_loss=0.3841 router_H=0.4893 best=0.8480
           router_load=[0.6974214315414429, 0.30257850885391235, 0.0, 0.0]
[step 0120/150] method=baseline_cagrad loss=0.2492 train_acc=0.8443 train_loss=0.3923 val_acc=0.8480 val_loss=0.3841 router_H=0.4893 best=0.8480
           router_load=[0.6974214315414429, 0.30257850885391235, 0.0, 0.0]
[step 0130/150] method=baseline_cagrad loss=0.2128 train_acc=0.8443 train_loss=0.3923 val_acc=0.8480 val_loss=0.3841 router_H=0.4893 best=0.8480
           router_load=[0.6974214315414429, 0.30257850885391235, 0.0, 0.0]
[step 0140/150] method=baseline_cagrad loss=0.5302 train_acc=0.8443 train_loss=0.3923 val_acc=0.8480 val_loss=0.3841 router_H=0.4893 best=0.8480
           router_load=[0.6974214315414429, 0.30257850885391235, 0.0, 0.0]
[step 0150/150] method=baseline_cagrad loss=0.5571 train_acc=0.8367 train_loss=0.4167 val_acc=0.8333 val_loss=0.4083 router_H=0.3937 best=0.8480
           router_load=[0.8023292422294617, 0.14305736124515533, 0.014614911749958992, 0.039998482912778854]
saved summary -> /home/zhujjing/MOE-grad-conflict-routing/runs/paper_suite/single_gpu/single_task/roberta_mrpc_ffn_e4_k2/hpo/cagrad/trial_runs/coord_04_method_baseline_cagrad_c_001/cagrad_s3.json
saved curve -> /home/zhujjing/MOE-grad-conflict-routing/runs/paper_suite/single_gpu/single_task/roberta_mrpc_ffn_e4_k2/hpo/cagrad/trial_runs/coord_04_method_baseline_cagrad_c_001/cagrad_s3_curve.csv
