[run] method=cagrad candidate=coord_04_method_baseline_cagrad_c_004 seed=3 steps=150 gpu=0
[run] cmd=
/home/zhujjing/anaconda3/envs/moe/bin/python /home/zhujjing/MOE-grad-conflict-routing/scripts/run.py --config configs/singletask_mrpc_real.yaml --set model.backbone_backend=hf --set model.hf_load_pretrained=true --set model.backbone=roberta --set model.hf_pretrained_name=roberta-base --set model.expert_type=ffn --set model.routing_mode=topk --set model.num_experts=4 --set model.top_k=2 --set seed=3 --set method.name=baseline_cagrad --set train.steps=150 --set train.eval_every_steps=50 --set method.baseline_cagrad.c=0.3104309341 --set method.baseline_cagrad.inner_lr=0.1 --set train.grad_clip=0.712672082 --set train.lr=2.52305587e-05 --set train.weight_decay=0.003745151078 --out /home/zhujjing/MOE-grad-conflict-routing/runs/paper_suite/single_gpu/single_task/roberta_mrpc_ffn_e4_k2/hpo/cagrad/trial_runs/coord_04_method_baseline_cagrad_c_004/cagrad_s3.json --curve_out /home/zhujjing/MOE-grad-conflict-routing/runs/paper_suite/single_gpu/single_task/roberta_mrpc_ffn_e4_k2/hpo/cagrad/trial_runs/coord_04_method_baseline_cagrad_c_004/cagrad_s3_curve.csv
Using the latest cached version of the dataset since glue couldn't be found on the Hugging Face Hub (offline mode is enabled).
Found the latest cached dataset configuration 'mrpc' at /home/zhujjing/hf_cache/datasets/glue/mrpc/0.0.0/bcdcba79d07bc864c1c254ccfcedcce55bcc9a8c (last modified on Thu Mar 19 15:01:06 2026).
/home/zhujjing/anaconda3/envs/moe/lib/python3.10/site-packages/transformers/utils/hub.py:124: FutureWarning: Using `TRANSFORMERS_CACHE` is deprecated and will be removed in v5 of Transformers. Use `HF_HOME` instead.
  warnings.warn(
Some weights of RobertaModel were not initialized from the model checkpoint at roberta-base and are newly initialized: ['roberta.pooler.dense.bias', 'roberta.pooler.dense.weight']
You should probably TRAIN this model on a down-stream task to be able to use it for predictions and inference.
[step 0001/150] method=baseline_cagrad loss=0.7168 train_acc=nan train_loss=nan val_acc=nan val_loss=nan best=-1.0000
[step 0010/150] method=baseline_cagrad loss=0.8098 train_acc=nan train_loss=nan val_acc=nan val_loss=nan best=-1.0000
[step 0020/150] method=baseline_cagrad loss=0.6651 train_acc=nan train_loss=nan val_acc=nan val_loss=nan best=-1.0000
[step 0030/150] method=baseline_cagrad loss=0.5823 train_acc=nan train_loss=nan val_acc=nan val_loss=nan best=-1.0000
[step 0040/150] method=baseline_cagrad loss=0.6233 train_acc=nan train_loss=nan val_acc=nan val_loss=nan best=-1.0000
[step 0050/150] method=baseline_cagrad loss=0.4805 train_acc=0.7784 train_loss=0.4487 val_acc=0.8015 val_loss=0.4321 router_H=0.4690 best=0.8015
           router_load=[0.7263806462287903, 0.24574103951454163, 0.001934473286382854, 0.02594389207661152]
[step 0060/150] method=baseline_cagrad loss=0.4592 train_acc=0.7784 train_loss=0.4487 val_acc=0.8015 val_loss=0.4321 router_H=0.4690 best=0.8015
           router_load=[0.7263806462287903, 0.24574103951454163, 0.001934473286382854, 0.02594389207661152]
[step 0070/150] method=baseline_cagrad loss=0.3400 train_acc=0.7784 train_loss=0.4487 val_acc=0.8015 val_loss=0.4321 router_H=0.4690 best=0.8015
           router_load=[0.7263806462287903, 0.24574103951454163, 0.001934473286382854, 0.02594389207661152]
[step 0080/150] method=baseline_cagrad loss=0.3846 train_acc=0.7784 train_loss=0.4487 val_acc=0.8015 val_loss=0.4321 router_H=0.4690 best=0.8015
           router_load=[0.7263806462287903, 0.24574103951454163, 0.001934473286382854, 0.02594389207661152]
[step 0090/150] method=baseline_cagrad loss=0.5413 train_acc=0.7784 train_loss=0.4487 val_acc=0.8015 val_loss=0.4321 router_H=0.4690 best=0.8015
           router_load=[0.7263806462287903, 0.24574103951454163, 0.001934473286382854, 0.02594389207661152]
[step 0100/150] method=baseline_cagrad loss=0.4921 train_acc=0.8582 train_loss=0.3450 val_acc=0.8848 val_loss=0.3131 router_H=0.4598 best=0.8848
           router_load=[0.6053698062896729, 0.39262664318084717, 0.0014721160987392068, 0.0005313287838362157]
[step 0110/150] method=baseline_cagrad loss=0.4057 train_acc=0.8582 train_loss=0.3450 val_acc=0.8848 val_loss=0.3131 router_H=0.4598 best=0.8848
           router_load=[0.6053698062896729, 0.39262664318084717, 0.0014721160987392068, 0.0005313287838362157]
[step 0120/150] method=baseline_cagrad loss=0.4175 train_acc=0.8582 train_loss=0.3450 val_acc=0.8848 val_loss=0.3131 router_H=0.4598 best=0.8848
           router_load=[0.6053698062896729, 0.39262664318084717, 0.0014721160987392068, 0.0005313287838362157]
[step 0130/150] method=baseline_cagrad loss=0.3131 train_acc=0.8582 train_loss=0.3450 val_acc=0.8848 val_loss=0.3131 router_H=0.4598 best=0.8848
           router_load=[0.6053698062896729, 0.39262664318084717, 0.0014721160987392068, 0.0005313287838362157]
[step 0140/150] method=baseline_cagrad loss=0.6048 train_acc=0.8582 train_loss=0.3450 val_acc=0.8848 val_loss=0.3131 router_H=0.4598 best=0.8848
           router_load=[0.6053698062896729, 0.39262664318084717, 0.0014721160987392068, 0.0005313287838362157]
[step 0150/150] method=baseline_cagrad loss=0.4655 train_acc=0.8571 train_loss=0.3482 val_acc=0.8456 val_loss=0.3433 router_H=0.4994 best=0.8848
           router_load=[0.6492476463317871, 0.3002566397190094, 0.050168246030807495, 0.00032746989745646715]
saved summary -> /home/zhujjing/MOE-grad-conflict-routing/runs/paper_suite/single_gpu/single_task/roberta_mrpc_ffn_e4_k2/hpo/cagrad/trial_runs/coord_04_method_baseline_cagrad_c_004/cagrad_s3.json
saved curve -> /home/zhujjing/MOE-grad-conflict-routing/runs/paper_suite/single_gpu/single_task/roberta_mrpc_ffn_e4_k2/hpo/cagrad/trial_runs/coord_04_method_baseline_cagrad_c_004/cagrad_s3_curve.csv
