[run] method=cagrad candidate=coord_04_method_baseline_cagrad_c_012 seed=2 steps=150 gpu=0
[run] cmd=
/home/zhujjing/anaconda3/envs/moe/bin/python /home/zhujjing/MOE-grad-conflict-routing/scripts/run.py --config configs/singletask_mrpc_real.yaml --set model.backbone_backend=hf --set model.hf_load_pretrained=true --set model.backbone=roberta --set model.hf_pretrained_name=roberta-base --set model.expert_type=ffn --set model.routing_mode=topk --set model.num_experts=4 --set model.top_k=2 --set seed=2 --set method.name=baseline_cagrad --set train.steps=150 --set train.eval_every_steps=50 --set method.baseline_cagrad.c=0.9009367383 --set method.baseline_cagrad.inner_lr=0.1 --set train.grad_clip=0.712672082 --set train.lr=2.52305587e-05 --set train.weight_decay=0.003745151078 --out /home/zhujjing/MOE-grad-conflict-routing/runs/paper_suite/single_gpu/single_task/roberta_mrpc_ffn_e4_k2/hpo/cagrad/trial_runs/coord_04_method_baseline_cagrad_c_012/cagrad_s2.json --curve_out /home/zhujjing/MOE-grad-conflict-routing/runs/paper_suite/single_gpu/single_task/roberta_mrpc_ffn_e4_k2/hpo/cagrad/trial_runs/coord_04_method_baseline_cagrad_c_012/cagrad_s2_curve.csv
Using the latest cached version of the dataset since glue couldn't be found on the Hugging Face Hub (offline mode is enabled).
Found the latest cached dataset configuration 'mrpc' at /home/zhujjing/hf_cache/datasets/glue/mrpc/0.0.0/bcdcba79d07bc864c1c254ccfcedcce55bcc9a8c (last modified on Thu Mar 19 15:01:06 2026).
/home/zhujjing/anaconda3/envs/moe/lib/python3.10/site-packages/transformers/utils/hub.py:124: FutureWarning: Using `TRANSFORMERS_CACHE` is deprecated and will be removed in v5 of Transformers. Use `HF_HOME` instead.
  warnings.warn(
Some weights of RobertaModel were not initialized from the model checkpoint at roberta-base and are newly initialized: ['roberta.pooler.dense.bias', 'roberta.pooler.dense.weight']
You should probably TRAIN this model on a down-stream task to be able to use it for predictions and inference.
[step 0001/150] method=baseline_cagrad loss=0.6944 train_acc=nan train_loss=nan val_acc=nan val_loss=nan best=-1.0000
[step 0010/150] method=baseline_cagrad loss=0.6654 train_acc=nan train_loss=nan val_acc=nan val_loss=nan best=-1.0000
[step 0020/150] method=baseline_cagrad loss=0.6536 train_acc=nan train_loss=nan val_acc=nan val_loss=nan best=-1.0000
[step 0030/150] method=baseline_cagrad loss=0.6721 train_acc=nan train_loss=nan val_acc=nan val_loss=nan best=-1.0000
[step 0040/150] method=baseline_cagrad loss=0.5955 train_acc=nan train_loss=nan val_acc=nan val_loss=nan best=-1.0000
[step 0050/150] method=baseline_cagrad loss=0.5214 train_acc=0.7167 train_loss=0.5508 val_acc=0.7034 val_loss=0.5474 router_H=0.6034 best=0.7034
           router_load=[0.0, 0.05244893580675125, 0.6822428107261658, 0.2653082013130188]
[step 0060/150] method=baseline_cagrad loss=0.6396 train_acc=0.7167 train_loss=0.5508 val_acc=0.7034 val_loss=0.5474 router_H=0.6034 best=0.7034
           router_load=[0.0, 0.05244893580675125, 0.6822428107261658, 0.2653082013130188]
[step 0070/150] method=baseline_cagrad loss=0.4086 train_acc=0.7167 train_loss=0.5508 val_acc=0.7034 val_loss=0.5474 router_H=0.6034 best=0.7034
           router_load=[0.0, 0.05244893580675125, 0.6822428107261658, 0.2653082013130188]
[step 0080/150] method=baseline_cagrad loss=0.4822 train_acc=0.7167 train_loss=0.5508 val_acc=0.7034 val_loss=0.5474 router_H=0.6034 best=0.7034
           router_load=[0.0, 0.05244893580675125, 0.6822428107261658, 0.2653082013130188]
[step 0090/150] method=baseline_cagrad loss=0.4520 train_acc=0.7167 train_loss=0.5508 val_acc=0.7034 val_loss=0.5474 router_H=0.6034 best=0.7034
           router_load=[0.0, 0.05244893580675125, 0.6822428107261658, 0.2653082013130188]
[step 0100/150] method=baseline_cagrad loss=0.4727 train_acc=0.7917 train_loss=0.4288 val_acc=0.7892 val_loss=0.4302 router_H=0.5312 best=0.7892
           router_load=[0.04202437400817871, 0.20301325619220734, 0.7251468896865845, 0.02981542982161045]
[step 0110/150] method=baseline_cagrad loss=0.6247 train_acc=0.7917 train_loss=0.4288 val_acc=0.7892 val_loss=0.4302 router_H=0.5312 best=0.7892
           router_load=[0.04202437400817871, 0.20301325619220734, 0.7251468896865845, 0.02981542982161045]
[step 0120/150] method=baseline_cagrad loss=0.3425 train_acc=0.7917 train_loss=0.4288 val_acc=0.7892 val_loss=0.4302 router_H=0.5312 best=0.7892
           router_load=[0.04202437400817871, 0.20301325619220734, 0.7251468896865845, 0.02981542982161045]
[step 0130/150] method=baseline_cagrad loss=0.6079 train_acc=0.7917 train_loss=0.4288 val_acc=0.7892 val_loss=0.4302 router_H=0.5312 best=0.7892
           router_load=[0.04202437400817871, 0.20301325619220734, 0.7251468896865845, 0.02981542982161045]
[step 0140/150] method=baseline_cagrad loss=0.4918 train_acc=0.7917 train_loss=0.4288 val_acc=0.7892 val_loss=0.4302 router_H=0.5312 best=0.7892
           router_load=[0.04202437400817871, 0.20301325619220734, 0.7251468896865845, 0.02981542982161045]
[step 0150/150] method=baseline_cagrad loss=0.6588 train_acc=0.8610 train_loss=0.3826 val_acc=0.8554 val_loss=0.3895 router_H=0.3666 best=0.8554
           router_load=[0.023265795782208443, 0.14656677842140198, 0.795426070690155, 0.034741465002298355]
saved summary -> /home/zhujjing/MOE-grad-conflict-routing/runs/paper_suite/single_gpu/single_task/roberta_mrpc_ffn_e4_k2/hpo/cagrad/trial_runs/coord_04_method_baseline_cagrad_c_012/cagrad_s2.json
saved curve -> /home/zhujjing/MOE-grad-conflict-routing/runs/paper_suite/single_gpu/single_task/roberta_mrpc_ffn_e4_k2/hpo/cagrad/trial_runs/coord_04_method_baseline_cagrad_c_012/cagrad_s2_curve.csv
