[run] method=cagrad candidate=coord_04_method_baseline_cagrad_c_005 seed=3 steps=150 gpu=0
[run] cmd=
/home/zhujjing/anaconda3/envs/moe/bin/python /home/zhujjing/MOE-grad-conflict-routing/scripts/run.py --config configs/singletask_mrpc_real.yaml --set model.backbone_backend=hf --set model.hf_load_pretrained=true --set model.backbone=roberta --set model.hf_pretrained_name=roberta-base --set model.expert_type=ffn --set model.routing_mode=topk --set model.num_experts=4 --set model.top_k=2 --set seed=3 --set method.name=baseline_cagrad --set train.steps=150 --set train.eval_every_steps=50 --set method.baseline_cagrad.c=0.6535281282 --set method.baseline_cagrad.inner_lr=0.1 --set train.grad_clip=0.712672082 --set train.lr=2.52305587e-05 --set train.weight_decay=0.003745151078 --out /home/zhujjing/MOE-grad-conflict-routing/runs/paper_suite/single_gpu/single_task/roberta_mrpc_ffn_e4_k2/hpo/cagrad/trial_runs/coord_04_method_baseline_cagrad_c_005/cagrad_s3.json --curve_out /home/zhujjing/MOE-grad-conflict-routing/runs/paper_suite/single_gpu/single_task/roberta_mrpc_ffn_e4_k2/hpo/cagrad/trial_runs/coord_04_method_baseline_cagrad_c_005/cagrad_s3_curve.csv
Using the latest cached version of the dataset since glue couldn't be found on the Hugging Face Hub (offline mode is enabled).
Found the latest cached dataset configuration 'mrpc' at /home/zhujjing/hf_cache/datasets/glue/mrpc/0.0.0/bcdcba79d07bc864c1c254ccfcedcce55bcc9a8c (last modified on Thu Mar 19 15:01:06 2026).
/home/zhujjing/anaconda3/envs/moe/lib/python3.10/site-packages/transformers/utils/hub.py:124: FutureWarning: Using `TRANSFORMERS_CACHE` is deprecated and will be removed in v5 of Transformers. Use `HF_HOME` instead.
  warnings.warn(
Some weights of RobertaModel were not initialized from the model checkpoint at roberta-base and are newly initialized: ['roberta.pooler.dense.bias', 'roberta.pooler.dense.weight']
You should probably TRAIN this model on a down-stream task to be able to use it for predictions and inference.
[step 0001/150] method=baseline_cagrad loss=0.6806 train_acc=nan train_loss=nan val_acc=nan val_loss=nan best=-1.0000
[step 0010/150] method=baseline_cagrad loss=0.7002 train_acc=nan train_loss=nan val_acc=nan val_loss=nan best=-1.0000
[step 0020/150] method=baseline_cagrad loss=0.6976 train_acc=nan train_loss=nan val_acc=nan val_loss=nan best=-1.0000
[step 0030/150] method=baseline_cagrad loss=0.5495 train_acc=nan train_loss=nan val_acc=nan val_loss=nan best=-1.0000
[step 0040/150] method=baseline_cagrad loss=0.6056 train_acc=nan train_loss=nan val_acc=nan val_loss=nan best=-1.0000
[step 0050/150] method=baseline_cagrad loss=0.5191 train_acc=0.7680 train_loss=0.4830 val_acc=0.7843 val_loss=0.4767 router_H=0.3731 best=0.7843
           router_load=[0.0034116473980247974, 0.02746868133544922, 0.16955356299877167, 0.7995660901069641]
[step 0060/150] method=baseline_cagrad loss=0.4565 train_acc=0.7680 train_loss=0.4830 val_acc=0.7843 val_loss=0.4767 router_H=0.3731 best=0.7843
           router_load=[0.0034116473980247974, 0.02746868133544922, 0.16955356299877167, 0.7995660901069641]
[step 0070/150] method=baseline_cagrad loss=0.5266 train_acc=0.7680 train_loss=0.4830 val_acc=0.7843 val_loss=0.4767 router_H=0.3731 best=0.7843
           router_load=[0.0034116473980247974, 0.02746868133544922, 0.16955356299877167, 0.7995660901069641]
[step 0080/150] method=baseline_cagrad loss=0.6907 train_acc=0.7680 train_loss=0.4830 val_acc=0.7843 val_loss=0.4767 router_H=0.3731 best=0.7843
           router_load=[0.0034116473980247974, 0.02746868133544922, 0.16955356299877167, 0.7995660901069641]
[step 0090/150] method=baseline_cagrad loss=0.7037 train_acc=0.7680 train_loss=0.4830 val_acc=0.7843 val_loss=0.4767 router_H=0.3731 best=0.7843
           router_load=[0.0034116473980247974, 0.02746868133544922, 0.16955356299877167, 0.7995660901069641]
[step 0100/150] method=baseline_cagrad loss=0.4308 train_acc=0.8481 train_loss=0.4016 val_acc=0.8456 val_loss=0.4004 router_H=0.5202 best=0.8456
           router_load=[0.07063832879066467, 0.12902480363845825, 0.029862355440855026, 0.7704744338989258]
[step 0110/150] method=baseline_cagrad loss=0.5602 train_acc=0.8481 train_loss=0.4016 val_acc=0.8456 val_loss=0.4004 router_H=0.5202 best=0.8456
           router_load=[0.07063832879066467, 0.12902480363845825, 0.029862355440855026, 0.7704744338989258]
[step 0120/150] method=baseline_cagrad loss=0.2980 train_acc=0.8481 train_loss=0.4016 val_acc=0.8456 val_loss=0.4004 router_H=0.5202 best=0.8456
           router_load=[0.07063832879066467, 0.12902480363845825, 0.029862355440855026, 0.7704744338989258]
[step 0130/150] method=baseline_cagrad loss=0.2866 train_acc=0.8481 train_loss=0.4016 val_acc=0.8456 val_loss=0.4004 router_H=0.5202 best=0.8456
           router_load=[0.07063832879066467, 0.12902480363845825, 0.029862355440855026, 0.7704744338989258]
[step 0140/150] method=baseline_cagrad loss=0.5441 train_acc=0.8481 train_loss=0.4016 val_acc=0.8456 val_loss=0.4004 router_H=0.5202 best=0.8456
           router_load=[0.07063832879066467, 0.12902480363845825, 0.029862355440855026, 0.7704744338989258]
[step 0150/150] method=baseline_cagrad loss=0.4987 train_acc=0.8435 train_loss=0.3528 val_acc=0.8382 val_loss=0.3597 router_H=0.4436 best=0.8456
           router_load=[0.00042191834654659033, 0.1479773372411728, 0.026302073150873184, 0.8252987861633301]
saved summary -> /home/zhujjing/MOE-grad-conflict-routing/runs/paper_suite/single_gpu/single_task/roberta_mrpc_ffn_e4_k2/hpo/cagrad/trial_runs/coord_04_method_baseline_cagrad_c_005/cagrad_s3.json
saved curve -> /home/zhujjing/MOE-grad-conflict-routing/runs/paper_suite/single_gpu/single_task/roberta_mrpc_ffn_e4_k2/hpo/cagrad/trial_runs/coord_04_method_baseline_cagrad_c_005/cagrad_s3_curve.csv
