[run] method=ours candidate=local_var_topk_016 seed=3 steps=150 gpu=0
[run] cmd=
/home/zhujjing/anaconda3/envs/moe/bin/python /home/zhujjing/MOE-grad-conflict-routing/scripts/run.py --config configs/singletask_rte_real.yaml --set model.backbone_backend=hf --set model.hf_load_pretrained=true --set model.backbone=roberta --set model.hf_pretrained_name=roberta-base --set model.expert_type=lora --set model.routing_mode=topk --set model.num_experts=4 --set model.top_k=2 --set seed=3 --set method.name=ours --set train.steps=150 --set train.eval_every_steps=50 --set method.ours.use_load_norm=true --set method.ours.lambda_align=0.002469375668 --set train.grad_clip=1.721917769 --set train.lr=2.5216293e-05 --set train.weight_decay=0.04145867636 --out /home/zhujjing/MOE-grad-conflict-routing/runs/paper_suite/single_gpu/single_task/roberta_rte_lora_e4_k2/hpo/ours/trial_runs/local_var_topk_016/ours_s3.json --curve_out /home/zhujjing/MOE-grad-conflict-routing/runs/paper_suite/single_gpu/single_task/roberta_rte_lora_e4_k2/hpo/ours/trial_runs/local_var_topk_016/ours_s3_curve.csv
Using the latest cached version of the dataset since glue couldn't be found on the Hugging Face Hub (offline mode is enabled).
Found the latest cached dataset configuration 'rte' at /home/zhujjing/hf_cache/datasets/glue/rte/0.0.0/bcdcba79d07bc864c1c254ccfcedcce55bcc9a8c (last modified on Thu Mar 19 15:00:36 2026).
/home/zhujjing/anaconda3/envs/moe/lib/python3.10/site-packages/transformers/utils/hub.py:124: FutureWarning: Using `TRANSFORMERS_CACHE` is deprecated and will be removed in v5 of Transformers. Use `HF_HOME` instead.
  warnings.warn(
Some weights of RobertaModel were not initialized from the model checkpoint at roberta-base and are newly initialized: ['roberta.pooler.dense.bias', 'roberta.pooler.dense.weight']
You should probably TRAIN this model on a down-stream task to be able to use it for predictions and inference.
[step 0001/150] method=ours loss=0.6994 train_acc=nan train_loss=nan val_acc=nan val_loss=nan best=-1.0000
[step 0010/150] method=ours loss=0.6866 train_acc=nan train_loss=nan val_acc=nan val_loss=nan best=-1.0000
[step 0020/150] method=ours loss=0.6896 train_acc=nan train_loss=nan val_acc=nan val_loss=nan best=-1.0000
[step 0030/150] method=ours loss=0.6655 train_acc=nan train_loss=nan val_acc=nan val_loss=nan best=-1.0000
[step 0040/150] method=ours loss=0.6936 train_acc=nan train_loss=nan val_acc=nan val_loss=nan best=-1.0000
[step 0050/150] method=ours loss=0.6484 train_acc=0.6141 train_loss=0.6480 val_acc=0.5668 val_loss=0.6948 router_H=0.6920 best=0.5668
           router_load=[0.46372848749160767, 0.034212540835142136, 0.5020591020584106, 0.0]
[step 0060/150] method=ours loss=0.5985 train_acc=0.6141 train_loss=0.6480 val_acc=0.5668 val_loss=0.6948 router_H=0.6920 best=0.5668
           router_load=[0.46372848749160767, 0.034212540835142136, 0.5020591020584106, 0.0]
[step 0070/150] method=ours loss=0.7416 train_acc=0.6141 train_loss=0.6480 val_acc=0.5668 val_loss=0.6948 router_H=0.6920 best=0.5668
           router_load=[0.46372848749160767, 0.034212540835142136, 0.5020591020584106, 0.0]
[step 0080/150] method=ours loss=0.6788 train_acc=0.6141 train_loss=0.6480 val_acc=0.5668 val_loss=0.6948 router_H=0.6920 best=0.5668
           router_load=[0.46372848749160767, 0.034212540835142136, 0.5020591020584106, 0.0]
[step 0090/150] method=ours loss=0.6064 train_acc=0.6141 train_loss=0.6480 val_acc=0.5668 val_loss=0.6948 router_H=0.6920 best=0.5668
           router_load=[0.46372848749160767, 0.034212540835142136, 0.5020591020584106, 0.0]
[step 0100/150] method=ours loss=0.7613 train_acc=0.6972 train_loss=0.5745 val_acc=0.6065 val_loss=0.6346 router_H=0.6922 best=0.6065
           router_load=[0.46469777822494507, 0.05282540246844292, 0.4824768602848053, 0.0]
[step 0110/150] method=ours loss=0.5555 train_acc=0.6972 train_loss=0.5745 val_acc=0.6065 val_loss=0.6346 router_H=0.6922 best=0.6065
           router_load=[0.46469777822494507, 0.05282540246844292, 0.4824768602848053, 0.0]
[step 0120/150] method=ours loss=0.5959 train_acc=0.6972 train_loss=0.5745 val_acc=0.6065 val_loss=0.6346 router_H=0.6922 best=0.6065
           router_load=[0.46469777822494507, 0.05282540246844292, 0.4824768602848053, 0.0]
[step 0130/150] method=ours loss=0.7441 train_acc=0.6972 train_loss=0.5745 val_acc=0.6065 val_loss=0.6346 router_H=0.6922 best=0.6065
           router_load=[0.46469777822494507, 0.05282540246844292, 0.4824768602848053, 0.0]
[step 0140/150] method=ours loss=0.6767 train_acc=0.6972 train_loss=0.5745 val_acc=0.6065 val_loss=0.6346 router_H=0.6922 best=0.6065
           router_load=[0.46469777822494507, 0.05282540246844292, 0.4824768602848053, 0.0]
[step 0150/150] method=ours loss=0.5318 train_acc=0.7663 train_loss=0.5152 val_acc=0.6498 val_loss=0.6183 router_H=0.6916 best=0.6498
           router_load=[0.47334712743759155, 0.025816846638917923, 0.5008360147476196, 0.0]
saved summary -> /home/zhujjing/MOE-grad-conflict-routing/runs/paper_suite/single_gpu/single_task/roberta_rte_lora_e4_k2/hpo/ours/trial_runs/local_var_topk_016/ours_s3.json
saved curve -> /home/zhujjing/MOE-grad-conflict-routing/runs/paper_suite/single_gpu/single_task/roberta_rte_lora_e4_k2/hpo/ours/trial_runs/local_var_topk_016/ours_s3_curve.csv
