[run] method=ours candidate=local_var_topk_001 seed=2 steps=150 gpu=0
[run] cmd=
/home/zhujjing/anaconda3/envs/moe/bin/python /home/zhujjing/MOE-grad-conflict-routing/scripts/run.py --config configs/singletask_rte_real.yaml --set model.backbone_backend=hf --set model.hf_load_pretrained=true --set model.backbone=roberta --set model.hf_pretrained_name=roberta-base --set model.expert_type=lora --set model.routing_mode=topk --set model.num_experts=4 --set model.top_k=2 --set seed=2 --set method.name=ours --set train.steps=150 --set train.eval_every_steps=50 --set method.ours.use_load_norm=true --set method.ours.lambda_align=0.000617343917 --set train.grad_clip=1.721917769 --set train.lr=1.2608146e-05 --set train.weight_decay=0.04145867636 --out /home/zhujjing/MOE-grad-conflict-routing/runs/paper_suite/single_gpu/single_task/roberta_rte_lora_e4_k2/hpo/ours/trial_runs/local_var_topk_001/ours_s2.json --curve_out /home/zhujjing/MOE-grad-conflict-routing/runs/paper_suite/single_gpu/single_task/roberta_rte_lora_e4_k2/hpo/ours/trial_runs/local_var_topk_001/ours_s2_curve.csv
Using the latest cached version of the dataset since glue couldn't be found on the Hugging Face Hub (offline mode is enabled).
Found the latest cached dataset configuration 'rte' at /home/zhujjing/hf_cache/datasets/glue/rte/0.0.0/bcdcba79d07bc864c1c254ccfcedcce55bcc9a8c (last modified on Thu Mar 19 15:00:36 2026).
/home/zhujjing/anaconda3/envs/moe/lib/python3.10/site-packages/transformers/utils/hub.py:124: FutureWarning: Using `TRANSFORMERS_CACHE` is deprecated and will be removed in v5 of Transformers. Use `HF_HOME` instead.
  warnings.warn(
Some weights of RobertaModel were not initialized from the model checkpoint at roberta-base and are newly initialized: ['roberta.pooler.dense.bias', 'roberta.pooler.dense.weight']
You should probably TRAIN this model on a down-stream task to be able to use it for predictions and inference.
[step 0001/150] method=ours loss=0.7465 train_acc=nan train_loss=nan val_acc=nan val_loss=nan best=-1.0000
[step 0010/150] method=ours loss=0.7575 train_acc=nan train_loss=nan val_acc=nan val_loss=nan best=-1.0000
[step 0020/150] method=ours loss=0.6757 train_acc=nan train_loss=nan val_acc=nan val_loss=nan best=-1.0000
[step 0030/150] method=ours loss=0.7194 train_acc=nan train_loss=nan val_acc=nan val_loss=nan best=-1.0000
[step 0040/150] method=ours loss=0.7132 train_acc=nan train_loss=nan val_acc=nan val_loss=nan best=-1.0000
[step 0050/150] method=ours loss=0.6030 train_acc=0.5016 train_loss=0.6977 val_acc=0.5271 val_loss=0.6909 router_H=0.6899 best=0.5271
           router_load=[0.4617711305618286, 0.0, 0.0, 0.5382288694381714]
[step 0060/150] method=ours loss=0.6783 train_acc=0.5016 train_loss=0.6977 val_acc=0.5271 val_loss=0.6909 router_H=0.6899 best=0.5271
           router_load=[0.4617711305618286, 0.0, 0.0, 0.5382288694381714]
[step 0070/150] method=ours loss=0.6962 train_acc=0.5016 train_loss=0.6977 val_acc=0.5271 val_loss=0.6909 router_H=0.6899 best=0.5271
           router_load=[0.4617711305618286, 0.0, 0.0, 0.5382288694381714]
[step 0080/150] method=ours loss=0.6830 train_acc=0.5016 train_loss=0.6977 val_acc=0.5271 val_loss=0.6909 router_H=0.6899 best=0.5271
           router_load=[0.4617711305618286, 0.0, 0.0, 0.5382288694381714]
[step 0090/150] method=ours loss=0.7668 train_acc=0.5016 train_loss=0.6977 val_acc=0.5271 val_loss=0.6909 router_H=0.6899 best=0.5271
           router_load=[0.4617711305618286, 0.0, 0.0, 0.5382288694381714]
[step 0100/150] method=ours loss=0.6700 train_acc=0.6072 train_loss=0.6455 val_acc=0.5451 val_loss=0.6855 router_H=0.6877 best=0.5451
           router_load=[0.4512355327606201, 0.0, 0.0, 0.5487645268440247]
[step 0110/150] method=ours loss=0.5999 train_acc=0.6072 train_loss=0.6455 val_acc=0.5451 val_loss=0.6855 router_H=0.6877 best=0.5451
           router_load=[0.4512355327606201, 0.0, 0.0, 0.5487645268440247]
[step 0120/150] method=ours loss=0.6397 train_acc=0.6072 train_loss=0.6455 val_acc=0.5451 val_loss=0.6855 router_H=0.6877 best=0.5451
           router_load=[0.4512355327606201, 0.0, 0.0, 0.5487645268440247]
[step 0130/150] method=ours loss=0.5792 train_acc=0.6072 train_loss=0.6455 val_acc=0.5451 val_loss=0.6855 router_H=0.6877 best=0.5451
           router_load=[0.4512355327606201, 0.0, 0.0, 0.5487645268440247]
[step 0140/150] method=ours loss=0.5882 train_acc=0.6072 train_loss=0.6455 val_acc=0.5451 val_loss=0.6855 router_H=0.6877 best=0.5451
           router_load=[0.4512355327606201, 0.0, 0.0, 0.5487645268440247]
[step 0150/150] method=ours loss=0.6050 train_acc=0.6992 train_loss=0.6034 val_acc=0.6426 val_loss=0.6295 router_H=0.6879 best=0.6426
           router_load=[0.4511600732803345, 0.0, 0.0, 0.5488398671150208]
saved summary -> /home/zhujjing/MOE-grad-conflict-routing/runs/paper_suite/single_gpu/single_task/roberta_rte_lora_e4_k2/hpo/ours/trial_runs/local_var_topk_001/ours_s2.json
saved curve -> /home/zhujjing/MOE-grad-conflict-routing/runs/paper_suite/single_gpu/single_task/roberta_rte_lora_e4_k2/hpo/ours/trial_runs/local_var_topk_001/ours_s2_curve.csv
