[run] method=ours candidate=local_var_topk_016 seed=2 steps=150 gpu=0
[run] cmd=
/home/zhujjing/anaconda3/envs/moe/bin/python /home/zhujjing/MOE-grad-conflict-routing/scripts/run.py --config configs/singletask_rte_real.yaml --set model.backbone_backend=hf --set model.hf_load_pretrained=true --set model.backbone=roberta --set model.hf_pretrained_name=roberta-base --set model.expert_type=lora --set model.routing_mode=topk --set model.num_experts=4 --set model.top_k=2 --set seed=2 --set method.name=ours --set train.steps=150 --set train.eval_every_steps=50 --set method.ours.use_load_norm=true --set method.ours.lambda_align=0.002469375668 --set train.grad_clip=1.721917769 --set train.lr=2.5216293e-05 --set train.weight_decay=0.04145867636 --out /home/zhujjing/MOE-grad-conflict-routing/runs/paper_suite/single_gpu/single_task/roberta_rte_lora_e4_k2/hpo/ours/trial_runs/local_var_topk_016/ours_s2.json --curve_out /home/zhujjing/MOE-grad-conflict-routing/runs/paper_suite/single_gpu/single_task/roberta_rte_lora_e4_k2/hpo/ours/trial_runs/local_var_topk_016/ours_s2_curve.csv
Using the latest cached version of the dataset since glue couldn't be found on the Hugging Face Hub (offline mode is enabled).
Found the latest cached dataset configuration 'rte' at /home/zhujjing/hf_cache/datasets/glue/rte/0.0.0/bcdcba79d07bc864c1c254ccfcedcce55bcc9a8c (last modified on Thu Mar 19 15:00:36 2026).
/home/zhujjing/anaconda3/envs/moe/lib/python3.10/site-packages/transformers/utils/hub.py:124: FutureWarning: Using `TRANSFORMERS_CACHE` is deprecated and will be removed in v5 of Transformers. Use `HF_HOME` instead.
  warnings.warn(
Some weights of RobertaModel were not initialized from the model checkpoint at roberta-base and are newly initialized: ['roberta.pooler.dense.bias', 'roberta.pooler.dense.weight']
You should probably TRAIN this model on a down-stream task to be able to use it for predictions and inference.
[step 0001/150] method=ours loss=0.6881 train_acc=nan train_loss=nan val_acc=nan val_loss=nan best=-1.0000
[step 0010/150] method=ours loss=0.9643 train_acc=nan train_loss=nan val_acc=nan val_loss=nan best=-1.0000
[step 0020/150] method=ours loss=0.6905 train_acc=nan train_loss=nan val_acc=nan val_loss=nan best=-1.0000
[step 0030/150] method=ours loss=0.7264 train_acc=nan train_loss=nan val_acc=nan val_loss=nan best=-1.0000
[step 0040/150] method=ours loss=0.6774 train_acc=nan train_loss=nan val_acc=nan val_loss=nan best=-1.0000
[step 0050/150] method=ours loss=0.6099 train_acc=0.5048 train_loss=0.6813 val_acc=0.5307 val_loss=0.6792 router_H=0.6870 best=0.5307
           router_load=[0.0, 0.006371256895363331, 0.43958109617233276, 0.5540476441383362]
[step 0060/150] method=ours loss=0.6646 train_acc=0.5048 train_loss=0.6813 val_acc=0.5307 val_loss=0.6792 router_H=0.6870 best=0.5307
           router_load=[0.0, 0.006371256895363331, 0.43958109617233276, 0.5540476441383362]
[step 0070/150] method=ours loss=0.6818 train_acc=0.5048 train_loss=0.6813 val_acc=0.5307 val_loss=0.6792 router_H=0.6870 best=0.5307
           router_load=[0.0, 0.006371256895363331, 0.43958109617233276, 0.5540476441383362]
[step 0080/150] method=ours loss=0.7308 train_acc=0.5048 train_loss=0.6813 val_acc=0.5307 val_loss=0.6792 router_H=0.6870 best=0.5307
           router_load=[0.0, 0.006371256895363331, 0.43958109617233276, 0.5540476441383362]
[step 0090/150] method=ours loss=0.7544 train_acc=0.5048 train_loss=0.6813 val_acc=0.5307 val_loss=0.6792 router_H=0.6870 best=0.5307
           router_load=[0.0, 0.006371256895363331, 0.43958109617233276, 0.5540476441383362]
[step 0100/150] method=ours loss=0.6729 train_acc=0.6763 train_loss=0.6322 val_acc=0.6282 val_loss=0.6552 router_H=0.6848 best=0.6282
           router_load=[0.0, 0.08509493619203568, 0.35575059056282043, 0.5591544508934021]
[step 0110/150] method=ours loss=0.6479 train_acc=0.6763 train_loss=0.6322 val_acc=0.6282 val_loss=0.6552 router_H=0.6848 best=0.6282
           router_load=[0.0, 0.08509493619203568, 0.35575059056282043, 0.5591544508934021]
[step 0120/150] method=ours loss=0.5936 train_acc=0.6763 train_loss=0.6322 val_acc=0.6282 val_loss=0.6552 router_H=0.6848 best=0.6282
           router_load=[0.0, 0.08509493619203568, 0.35575059056282043, 0.5591544508934021]
[step 0130/150] method=ours loss=0.6925 train_acc=0.6763 train_loss=0.6322 val_acc=0.6282 val_loss=0.6552 router_H=0.6848 best=0.6282
           router_load=[0.0, 0.08509493619203568, 0.35575059056282043, 0.5591544508934021]
[step 0140/150] method=ours loss=0.6823 train_acc=0.6763 train_loss=0.6322 val_acc=0.6282 val_loss=0.6552 router_H=0.6848 best=0.6282
           router_load=[0.0, 0.08509493619203568, 0.35575059056282043, 0.5591544508934021]
[step 0150/150] method=ours loss=0.6480 train_acc=0.6586 train_loss=0.6353 val_acc=0.6318 val_loss=0.6524 router_H=0.6884 best=0.6318
           router_load=[0.0, 0.06640520691871643, 0.3904544413089752, 0.5431402921676636]
saved summary -> /home/zhujjing/MOE-grad-conflict-routing/runs/paper_suite/single_gpu/single_task/roberta_rte_lora_e4_k2/hpo/ours/trial_runs/local_var_topk_016/ours_s2.json
saved curve -> /home/zhujjing/MOE-grad-conflict-routing/runs/paper_suite/single_gpu/single_task/roberta_rte_lora_e4_k2/hpo/ours/trial_runs/local_var_topk_016/ours_s2_curve.csv
