[run] method=ours candidate=local_var_topk_020 seed=3 steps=150 gpu=0
[run] cmd=
/home/zhujjing/anaconda3/envs/moe/bin/python /home/zhujjing/MOE-grad-conflict-routing/scripts/run.py --config configs/singletask_rte_real.yaml --set model.backbone_backend=hf --set model.hf_load_pretrained=true --set model.backbone=roberta --set model.hf_pretrained_name=roberta-base --set model.expert_type=lora --set model.routing_mode=topk --set model.num_experts=4 --set model.top_k=2 --set seed=3 --set method.name=ours --set train.steps=150 --set train.eval_every_steps=50 --set method.ours.use_load_norm=true --set method.ours.lambda_align=0.000617343917 --set train.grad_clip=1.721917769 --set train.lr=5.0432586e-05 --set train.weight_decay=0.05 --out /home/zhujjing/MOE-grad-conflict-routing/runs/paper_suite/single_gpu/single_task/roberta_rte_lora_e4_k2/hpo/ours/trial_runs/local_var_topk_020/ours_s3.json --curve_out /home/zhujjing/MOE-grad-conflict-routing/runs/paper_suite/single_gpu/single_task/roberta_rte_lora_e4_k2/hpo/ours/trial_runs/local_var_topk_020/ours_s3_curve.csv
Using the latest cached version of the dataset since glue couldn't be found on the Hugging Face Hub (offline mode is enabled).
Found the latest cached dataset configuration 'rte' at /home/zhujjing/hf_cache/datasets/glue/rte/0.0.0/bcdcba79d07bc864c1c254ccfcedcce55bcc9a8c (last modified on Thu Mar 19 15:00:36 2026).
/home/zhujjing/anaconda3/envs/moe/lib/python3.10/site-packages/transformers/utils/hub.py:124: FutureWarning: Using `TRANSFORMERS_CACHE` is deprecated and will be removed in v5 of Transformers. Use `HF_HOME` instead.
  warnings.warn(
Some weights of RobertaModel were not initialized from the model checkpoint at roberta-base and are newly initialized: ['roberta.pooler.dense.bias', 'roberta.pooler.dense.weight']
You should probably TRAIN this model on a down-stream task to be able to use it for predictions and inference.
[step 0001/150] method=ours loss=0.7089 train_acc=nan train_loss=nan val_acc=nan val_loss=nan best=-1.0000
[step 0010/150] method=ours loss=0.7003 train_acc=nan train_loss=nan val_acc=nan val_loss=nan best=-1.0000
[step 0020/150] method=ours loss=0.6936 train_acc=nan train_loss=nan val_acc=nan val_loss=nan best=-1.0000
[step 0030/150] method=ours loss=0.6983 train_acc=nan train_loss=nan val_acc=nan val_loss=nan best=-1.0000
[step 0040/150] method=ours loss=0.6718 train_acc=nan train_loss=nan val_acc=nan val_loss=nan best=-1.0000
[step 0050/150] method=ours loss=0.6773 train_acc=0.5229 train_loss=0.6854 val_acc=0.4765 val_loss=0.7059 router_H=0.6928 best=0.4765
           router_load=[0.4970131814479828, 0.5029867887496948, 0.0, 0.0]
[step 0060/150] method=ours loss=0.6679 train_acc=0.5229 train_loss=0.6854 val_acc=0.4765 val_loss=0.7059 router_H=0.6928 best=0.4765
           router_load=[0.4970131814479828, 0.5029867887496948, 0.0, 0.0]
[step 0070/150] method=ours loss=0.7246 train_acc=0.5229 train_loss=0.6854 val_acc=0.4765 val_loss=0.7059 router_H=0.6928 best=0.4765
           router_load=[0.4970131814479828, 0.5029867887496948, 0.0, 0.0]
[step 0080/150] method=ours loss=0.7256 train_acc=0.5229 train_loss=0.6854 val_acc=0.4765 val_loss=0.7059 router_H=0.6928 best=0.4765
           router_load=[0.4970131814479828, 0.5029867887496948, 0.0, 0.0]
[step 0090/150] method=ours loss=0.6086 train_acc=0.5229 train_loss=0.6854 val_acc=0.4765 val_loss=0.7059 router_H=0.6928 best=0.4765
           router_load=[0.4970131814479828, 0.5029867887496948, 0.0, 0.0]
[step 0100/150] method=ours loss=0.7432 train_acc=0.6880 train_loss=0.6125 val_acc=0.6498 val_loss=0.6442 router_H=0.6918 best=0.6498
           router_load=[0.47597843408584595, 0.5240216255187988, 0.0, 0.0]
[step 0110/150] method=ours loss=0.7867 train_acc=0.6880 train_loss=0.6125 val_acc=0.6498 val_loss=0.6442 router_H=0.6918 best=0.6498
           router_load=[0.47597843408584595, 0.5240216255187988, 0.0, 0.0]
[step 0120/150] method=ours loss=0.6510 train_acc=0.6880 train_loss=0.6125 val_acc=0.6498 val_loss=0.6442 router_H=0.6918 best=0.6498
           router_load=[0.47597843408584595, 0.5240216255187988, 0.0, 0.0]
[step 0130/150] method=ours loss=0.6761 train_acc=0.6880 train_loss=0.6125 val_acc=0.6498 val_loss=0.6442 router_H=0.6918 best=0.6498
           router_load=[0.47597843408584595, 0.5240216255187988, 0.0, 0.0]
[step 0140/150] method=ours loss=0.6351 train_acc=0.6880 train_loss=0.6125 val_acc=0.6498 val_loss=0.6442 router_H=0.6918 best=0.6498
           router_load=[0.47597843408584595, 0.5240216255187988, 0.0, 0.0]
[step 0150/150] method=ours loss=0.6628 train_acc=0.7309 train_loss=0.5977 val_acc=0.6606 val_loss=0.6343 router_H=0.6918 best=0.6606
           router_load=[0.4759332537651062, 0.5240667462348938, 0.0, 0.0]
saved summary -> /home/zhujjing/MOE-grad-conflict-routing/runs/paper_suite/single_gpu/single_task/roberta_rte_lora_e4_k2/hpo/ours/trial_runs/local_var_topk_020/ours_s3.json
saved curve -> /home/zhujjing/MOE-grad-conflict-routing/runs/paper_suite/single_gpu/single_task/roberta_rte_lora_e4_k2/hpo/ours/trial_runs/local_var_topk_020/ours_s3_curve.csv
