[run] method=ours candidate=local_var_topk_009 seed=3 steps=150 gpu=0
[run] cmd=
/home/zhujjing/anaconda3/envs/moe/bin/python /home/zhujjing/MOE-grad-conflict-routing/scripts/run.py --config configs/singletask_rte_real.yaml --set model.backbone_backend=hf --set model.hf_load_pretrained=true --set model.backbone=roberta --set model.hf_pretrained_name=roberta-base --set model.expert_type=lora --set model.routing_mode=topk --set model.num_experts=4 --set model.top_k=2 --set seed=3 --set method.name=ours --set train.steps=150 --set train.eval_every_steps=50 --set method.ours.use_load_norm=true --set method.ours.lambda_align=0.000617343917 --set train.grad_clip=1.721917769 --set train.lr=2.5216293e-05 --set train.weight_decay=0.03145867636 --out /home/zhujjing/MOE-grad-conflict-routing/runs/paper_suite/single_gpu/single_task/roberta_rte_lora_e4_k2/hpo/ours/trial_runs/local_var_topk_009/ours_s3.json --curve_out /home/zhujjing/MOE-grad-conflict-routing/runs/paper_suite/single_gpu/single_task/roberta_rte_lora_e4_k2/hpo/ours/trial_runs/local_var_topk_009/ours_s3_curve.csv
Using the latest cached version of the dataset since glue couldn't be found on the Hugging Face Hub (offline mode is enabled).
Found the latest cached dataset configuration 'rte' at /home/zhujjing/hf_cache/datasets/glue/rte/0.0.0/bcdcba79d07bc864c1c254ccfcedcce55bcc9a8c (last modified on Thu Mar 19 15:00:36 2026).
/home/zhujjing/anaconda3/envs/moe/lib/python3.10/site-packages/transformers/utils/hub.py:124: FutureWarning: Using `TRANSFORMERS_CACHE` is deprecated and will be removed in v5 of Transformers. Use `HF_HOME` instead.
  warnings.warn(
Some weights of RobertaModel were not initialized from the model checkpoint at roberta-base and are newly initialized: ['roberta.pooler.dense.bias', 'roberta.pooler.dense.weight']
You should probably TRAIN this model on a down-stream task to be able to use it for predictions and inference.
[step 0001/150] method=ours loss=0.7012 train_acc=nan train_loss=nan val_acc=nan val_loss=nan best=-1.0000
[step 0010/150] method=ours loss=0.6835 train_acc=nan train_loss=nan val_acc=nan val_loss=nan best=-1.0000
[step 0020/150] method=ours loss=0.6871 train_acc=nan train_loss=nan val_acc=nan val_loss=nan best=-1.0000
[step 0030/150] method=ours loss=0.6600 train_acc=nan train_loss=nan val_acc=nan val_loss=nan best=-1.0000
[step 0040/150] method=ours loss=0.6377 train_acc=nan train_loss=nan val_acc=nan val_loss=nan best=-1.0000
[step 0050/150] method=ours loss=0.6315 train_acc=0.6422 train_loss=0.6323 val_acc=0.6173 val_loss=0.6570 router_H=0.6846 best=0.6173
           router_load=[0.0, 0.5571722984313965, 0.4301428198814392, 0.012684958986938]
[step 0060/150] method=ours loss=0.5892 train_acc=0.6422 train_loss=0.6323 val_acc=0.6173 val_loss=0.6570 router_H=0.6846 best=0.6173
           router_load=[0.0, 0.5571722984313965, 0.4301428198814392, 0.012684958986938]
[step 0070/150] method=ours loss=0.6957 train_acc=0.6422 train_loss=0.6323 val_acc=0.6173 val_loss=0.6570 router_H=0.6846 best=0.6173
           router_load=[0.0, 0.5571722984313965, 0.4301428198814392, 0.012684958986938]
[step 0080/150] method=ours loss=0.6161 train_acc=0.6422 train_loss=0.6323 val_acc=0.6173 val_loss=0.6570 router_H=0.6846 best=0.6173
           router_load=[0.0, 0.5571722984313965, 0.4301428198814392, 0.012684958986938]
[step 0090/150] method=ours loss=0.5304 train_acc=0.6422 train_loss=0.6323 val_acc=0.6173 val_loss=0.6570 router_H=0.6846 best=0.6173
           router_load=[0.0, 0.5571722984313965, 0.4301428198814392, 0.012684958986938]
[step 0100/150] method=ours loss=0.7057 train_acc=0.7506 train_loss=0.5324 val_acc=0.6859 val_loss=0.5925 router_H=0.6885 best=0.6859
           router_load=[0.0, 0.5324573516845703, 0.4661075174808502, 0.0014351283898577094]
[step 0110/150] method=ours loss=0.5679 train_acc=0.7506 train_loss=0.5324 val_acc=0.6859 val_loss=0.5925 router_H=0.6885 best=0.6859
           router_load=[0.0, 0.5324573516845703, 0.4661075174808502, 0.0014351283898577094]
[step 0120/150] method=ours loss=0.6879 train_acc=0.7506 train_loss=0.5324 val_acc=0.6859 val_loss=0.5925 router_H=0.6885 best=0.6859
           router_load=[0.0, 0.5324573516845703, 0.4661075174808502, 0.0014351283898577094]
[step 0130/150] method=ours loss=0.6994 train_acc=0.7506 train_loss=0.5324 val_acc=0.6859 val_loss=0.5925 router_H=0.6885 best=0.6859
           router_load=[0.0, 0.5324573516845703, 0.4661075174808502, 0.0014351283898577094]
[step 0140/150] method=ours loss=0.6399 train_acc=0.7506 train_loss=0.5324 val_acc=0.6859 val_loss=0.5925 router_H=0.6885 best=0.6859
           router_load=[0.0, 0.5324573516845703, 0.4661075174808502, 0.0014351283898577094]
[step 0150/150] method=ours loss=0.5382 train_acc=0.7478 train_loss=0.5369 val_acc=0.6715 val_loss=0.6099 router_H=0.6889 best=0.6859
           router_load=[0.0, 0.5367808938026428, 0.4632190465927124, 0.0]
saved summary -> /home/zhujjing/MOE-grad-conflict-routing/runs/paper_suite/single_gpu/single_task/roberta_rte_lora_e4_k2/hpo/ours/trial_runs/local_var_topk_009/ours_s3.json
saved curve -> /home/zhujjing/MOE-grad-conflict-routing/runs/paper_suite/single_gpu/single_task/roberta_rte_lora_e4_k2/hpo/ours/trial_runs/local_var_topk_009/ours_s3_curve.csv
