[run] method=ours candidate=local_var_topk_007 seed=2 steps=150 gpu=0
[run] cmd=
/home/zhujjing/anaconda3/envs/moe/bin/python /home/zhujjing/MOE-grad-conflict-routing/scripts/run.py --config configs/singletask_rte_real.yaml --set model.backbone_backend=hf --set model.hf_load_pretrained=true --set model.backbone=roberta --set model.hf_pretrained_name=roberta-base --set model.expert_type=lora --set model.routing_mode=topk --set model.num_experts=4 --set model.top_k=2 --set seed=2 --set method.name=ours --set train.steps=150 --set train.eval_every_steps=50 --set method.ours.use_load_norm=true --set method.ours.lambda_align=0.002469375668 --set train.grad_clip=1.721917769 --set train.lr=1.2608146e-05 --set train.weight_decay=0.04145867636 --out /home/zhujjing/MOE-grad-conflict-routing/runs/paper_suite/single_gpu/single_task/roberta_rte_lora_e4_k2/hpo/ours/trial_runs/local_var_topk_007/ours_s2.json --curve_out /home/zhujjing/MOE-grad-conflict-routing/runs/paper_suite/single_gpu/single_task/roberta_rte_lora_e4_k2/hpo/ours/trial_runs/local_var_topk_007/ours_s2_curve.csv
Using the latest cached version of the dataset since glue couldn't be found on the Hugging Face Hub (offline mode is enabled).
Found the latest cached dataset configuration 'rte' at /home/zhujjing/hf_cache/datasets/glue/rte/0.0.0/bcdcba79d07bc864c1c254ccfcedcce55bcc9a8c (last modified on Thu Mar 19 15:00:36 2026).
/home/zhujjing/anaconda3/envs/moe/lib/python3.10/site-packages/transformers/utils/hub.py:124: FutureWarning: Using `TRANSFORMERS_CACHE` is deprecated and will be removed in v5 of Transformers. Use `HF_HOME` instead.
  warnings.warn(
Some weights of RobertaModel were not initialized from the model checkpoint at roberta-base and are newly initialized: ['roberta.pooler.dense.bias', 'roberta.pooler.dense.weight']
You should probably TRAIN this model on a down-stream task to be able to use it for predictions and inference.
[step 0001/150] method=ours loss=0.6929 train_acc=nan train_loss=nan val_acc=nan val_loss=nan best=-1.0000
[step 0010/150] method=ours loss=0.8094 train_acc=nan train_loss=nan val_acc=nan val_loss=nan best=-1.0000
[step 0020/150] method=ours loss=0.6768 train_acc=nan train_loss=nan val_acc=nan val_loss=nan best=-1.0000
[step 0030/150] method=ours loss=0.7170 train_acc=nan train_loss=nan val_acc=nan val_loss=nan best=-1.0000
[step 0040/150] method=ours loss=0.7047 train_acc=nan train_loss=nan val_acc=nan val_loss=nan best=-1.0000
[step 0050/150] method=ours loss=0.6249 train_acc=0.5020 train_loss=0.6930 val_acc=0.5271 val_loss=0.6874 router_H=0.6927 best=0.5271
           router_load=[0.034948673099279404, 0.5086382627487183, 0.4564130902290344, 0.0]
[step 0060/150] method=ours loss=0.6900 train_acc=0.5020 train_loss=0.6930 val_acc=0.5271 val_loss=0.6874 router_H=0.6927 best=0.5271
           router_load=[0.034948673099279404, 0.5086382627487183, 0.4564130902290344, 0.0]
[step 0070/150] method=ours loss=0.6789 train_acc=0.5020 train_loss=0.6930 val_acc=0.5271 val_loss=0.6874 router_H=0.6927 best=0.5271
           router_load=[0.034948673099279404, 0.5086382627487183, 0.4564130902290344, 0.0]
[step 0080/150] method=ours loss=0.6922 train_acc=0.5020 train_loss=0.6930 val_acc=0.5271 val_loss=0.6874 router_H=0.6927 best=0.5271
           router_load=[0.034948673099279404, 0.5086382627487183, 0.4564130902290344, 0.0]
[step 0090/150] method=ours loss=0.7423 train_acc=0.5020 train_loss=0.6930 val_acc=0.5271 val_loss=0.6874 router_H=0.6927 best=0.5271
           router_load=[0.034948673099279404, 0.5086382627487183, 0.4564130902290344, 0.0]
[step 0100/150] method=ours loss=0.6530 train_acc=0.6458 train_loss=0.6485 val_acc=0.6065 val_loss=0.6651 router_H=0.6921 best=0.6065
           router_load=[0.110266774892807, 0.5062307715415955, 0.3835025727748871, 0.0]
[step 0110/150] method=ours loss=0.6166 train_acc=0.6458 train_loss=0.6485 val_acc=0.6065 val_loss=0.6651 router_H=0.6921 best=0.6065
           router_load=[0.110266774892807, 0.5062307715415955, 0.3835025727748871, 0.0]
[step 0120/150] method=ours loss=0.6475 train_acc=0.6458 train_loss=0.6485 val_acc=0.6065 val_loss=0.6651 router_H=0.6921 best=0.6065
           router_load=[0.110266774892807, 0.5062307715415955, 0.3835025727748871, 0.0]
[step 0130/150] method=ours loss=0.6162 train_acc=0.6458 train_loss=0.6485 val_acc=0.6065 val_loss=0.6651 router_H=0.6921 best=0.6065
           router_load=[0.110266774892807, 0.5062307715415955, 0.3835025727748871, 0.0]
[step 0140/150] method=ours loss=0.5915 train_acc=0.6458 train_loss=0.6485 val_acc=0.6065 val_loss=0.6651 router_H=0.6921 best=0.6065
           router_load=[0.110266774892807, 0.5062307715415955, 0.3835025727748871, 0.0]
[step 0150/150] method=ours loss=0.6349 train_acc=0.7020 train_loss=0.6088 val_acc=0.6318 val_loss=0.6305 router_H=0.6919 best=0.6318
           router_load=[0.08135391026735306, 0.5145531296730042, 0.4040928781032562, 0.0]
saved summary -> /home/zhujjing/MOE-grad-conflict-routing/runs/paper_suite/single_gpu/single_task/roberta_rte_lora_e4_k2/hpo/ours/trial_runs/local_var_topk_007/ours_s2.json
saved curve -> /home/zhujjing/MOE-grad-conflict-routing/runs/paper_suite/single_gpu/single_task/roberta_rte_lora_e4_k2/hpo/ours/trial_runs/local_var_topk_007/ours_s2_curve.csv
