[run] method=ours candidate=local_var_topk_015 seed=2 steps=150 gpu=0
[run] cmd=
/home/zhujjing/anaconda3/envs/moe/bin/python /home/zhujjing/MOE-grad-conflict-routing/scripts/run.py --config configs/singletask_rte_real.yaml --set model.backbone_backend=hf --set model.hf_load_pretrained=true --set model.backbone=roberta --set model.hf_pretrained_name=roberta-base --set model.expert_type=lora --set model.routing_mode=topk --set model.num_experts=4 --set model.top_k=2 --set seed=2 --set method.name=ours --set train.steps=150 --set train.eval_every_steps=50 --set method.ours.use_load_norm=true --set method.ours.lambda_align=0.002469375668 --set train.grad_clip=1.721917769 --set train.lr=2.5216293e-05 --set train.weight_decay=0.03145867636 --out /home/zhujjing/MOE-grad-conflict-routing/runs/paper_suite/single_gpu/single_task/roberta_rte_lora_e4_k2/hpo/ours/trial_runs/local_var_topk_015/ours_s2.json --curve_out /home/zhujjing/MOE-grad-conflict-routing/runs/paper_suite/single_gpu/single_task/roberta_rte_lora_e4_k2/hpo/ours/trial_runs/local_var_topk_015/ours_s2_curve.csv
Using the latest cached version of the dataset since glue couldn't be found on the Hugging Face Hub (offline mode is enabled).
Found the latest cached dataset configuration 'rte' at /home/zhujjing/hf_cache/datasets/glue/rte/0.0.0/bcdcba79d07bc864c1c254ccfcedcce55bcc9a8c (last modified on Thu Mar 19 15:00:36 2026).
/home/zhujjing/anaconda3/envs/moe/lib/python3.10/site-packages/transformers/utils/hub.py:124: FutureWarning: Using `TRANSFORMERS_CACHE` is deprecated and will be removed in v5 of Transformers. Use `HF_HOME` instead.
  warnings.warn(
Some weights of RobertaModel were not initialized from the model checkpoint at roberta-base and are newly initialized: ['roberta.pooler.dense.bias', 'roberta.pooler.dense.weight']
You should probably TRAIN this model on a down-stream task to be able to use it for predictions and inference.
[step 0001/150] method=ours loss=0.7427 train_acc=nan train_loss=nan val_acc=nan val_loss=nan best=-1.0000
[step 0010/150] method=ours loss=0.8370 train_acc=nan train_loss=nan val_acc=nan val_loss=nan best=-1.0000
[step 0020/150] method=ours loss=0.6806 train_acc=nan train_loss=nan val_acc=nan val_loss=nan best=-1.0000
[step 0030/150] method=ours loss=0.7166 train_acc=nan train_loss=nan val_acc=nan val_loss=nan best=-1.0000
[step 0040/150] method=ours loss=0.6625 train_acc=nan train_loss=nan val_acc=nan val_loss=nan best=-1.0000
[step 0050/150] method=ours loss=0.5920 train_acc=0.5040 train_loss=0.6853 val_acc=0.5271 val_loss=0.6816 router_H=0.6929 best=0.5271
           router_load=[0.3552536070346832, 0.0, 0.19990883767604828, 0.4448375999927521]
[step 0060/150] method=ours loss=0.6634 train_acc=0.5040 train_loss=0.6853 val_acc=0.5271 val_loss=0.6816 router_H=0.6929 best=0.5271
           router_load=[0.3552536070346832, 0.0, 0.19990883767604828, 0.4448375999927521]
[step 0070/150] method=ours loss=0.6837 train_acc=0.5040 train_loss=0.6853 val_acc=0.5271 val_loss=0.6816 router_H=0.6929 best=0.5271
           router_load=[0.3552536070346832, 0.0, 0.19990883767604828, 0.4448375999927521]
[step 0080/150] method=ours loss=0.7478 train_acc=0.5040 train_loss=0.6853 val_acc=0.5271 val_loss=0.6816 router_H=0.6929 best=0.5271
           router_load=[0.3552536070346832, 0.0, 0.19990883767604828, 0.4448375999927521]
[step 0090/150] method=ours loss=0.8787 train_acc=0.5040 train_loss=0.6853 val_acc=0.5271 val_loss=0.6816 router_H=0.6929 best=0.5271
           router_load=[0.3552536070346832, 0.0, 0.19990883767604828, 0.4448375999927521]
[step 0100/150] method=ours loss=0.6808 train_acc=0.5695 train_loss=0.6635 val_acc=0.5199 val_loss=0.6924 router_H=0.6930 best=0.5271
           router_load=[0.29025816917419434, 0.0, 0.26109370589256287, 0.4486481249332428]
[step 0110/150] method=ours loss=0.6318 train_acc=0.5695 train_loss=0.6635 val_acc=0.5199 val_loss=0.6924 router_H=0.6930 best=0.5271
           router_load=[0.29025816917419434, 0.0, 0.26109370589256287, 0.4486481249332428]
[step 0120/150] method=ours loss=0.7274 train_acc=0.5695 train_loss=0.6635 val_acc=0.5199 val_loss=0.6924 router_H=0.6930 best=0.5271
           router_load=[0.29025816917419434, 0.0, 0.26109370589256287, 0.4486481249332428]
[step 0130/150] method=ours loss=0.6495 train_acc=0.5695 train_loss=0.6635 val_acc=0.5199 val_loss=0.6924 router_H=0.6930 best=0.5271
           router_load=[0.29025816917419434, 0.0, 0.26109370589256287, 0.4486481249332428]
[step 0140/150] method=ours loss=0.6391 train_acc=0.5695 train_loss=0.6635 val_acc=0.5199 val_loss=0.6924 router_H=0.6930 best=0.5271
           router_load=[0.29025816917419434, 0.0, 0.26109370589256287, 0.4486481249332428]
[step 0150/150] method=ours loss=0.6525 train_acc=0.6446 train_loss=0.6333 val_acc=0.5957 val_loss=0.6538 router_H=0.6929 best=0.5957
           router_load=[0.06073331832885742, 0.0, 0.4474794864654541, 0.4917871952056885]
saved summary -> /home/zhujjing/MOE-grad-conflict-routing/runs/paper_suite/single_gpu/single_task/roberta_rte_lora_e4_k2/hpo/ours/trial_runs/local_var_topk_015/ours_s2.json
saved curve -> /home/zhujjing/MOE-grad-conflict-routing/runs/paper_suite/single_gpu/single_task/roberta_rte_lora_e4_k2/hpo/ours/trial_runs/local_var_topk_015/ours_s2_curve.csv
