[run] method=ours candidate=local_var_topk_023 seed=2 steps=150 gpu=0
[run] cmd=
/home/zhujjing/anaconda3/envs/moe/bin/python /home/zhujjing/MOE-grad-conflict-routing/scripts/run.py --config configs/singletask_rte_real.yaml --set model.backbone_backend=hf --set model.hf_load_pretrained=true --set model.backbone=roberta --set model.hf_pretrained_name=roberta-base --set model.expert_type=lora --set model.routing_mode=topk --set model.num_experts=4 --set model.top_k=2 --set seed=2 --set method.name=ours --set train.steps=150 --set train.eval_every_steps=50 --set method.ours.use_load_norm=true --set method.ours.lambda_align=0.001234687834 --set train.grad_clip=1.721917769 --set train.lr=5.0432586e-05 --set train.weight_decay=0.05 --out /home/zhujjing/MOE-grad-conflict-routing/runs/paper_suite/single_gpu/single_task/roberta_rte_lora_e4_k2/hpo/ours/trial_runs/local_var_topk_023/ours_s2.json --curve_out /home/zhujjing/MOE-grad-conflict-routing/runs/paper_suite/single_gpu/single_task/roberta_rte_lora_e4_k2/hpo/ours/trial_runs/local_var_topk_023/ours_s2_curve.csv
Using the latest cached version of the dataset since glue couldn't be found on the Hugging Face Hub (offline mode is enabled).
Found the latest cached dataset configuration 'rte' at /home/zhujjing/hf_cache/datasets/glue/rte/0.0.0/bcdcba79d07bc864c1c254ccfcedcce55bcc9a8c (last modified on Thu Mar 19 15:00:36 2026).
/home/zhujjing/anaconda3/envs/moe/lib/python3.10/site-packages/transformers/utils/hub.py:124: FutureWarning: Using `TRANSFORMERS_CACHE` is deprecated and will be removed in v5 of Transformers. Use `HF_HOME` instead.
  warnings.warn(
Some weights of RobertaModel were not initialized from the model checkpoint at roberta-base and are newly initialized: ['roberta.pooler.dense.bias', 'roberta.pooler.dense.weight']
You should probably TRAIN this model on a down-stream task to be able to use it for predictions and inference.
[step 0001/150] method=ours loss=0.7039 train_acc=nan train_loss=nan val_acc=nan val_loss=nan best=-1.0000
[step 0010/150] method=ours loss=0.8820 train_acc=nan train_loss=nan val_acc=nan val_loss=nan best=-1.0000
[step 0020/150] method=ours loss=0.7587 train_acc=nan train_loss=nan val_acc=nan val_loss=nan best=-1.0000
[step 0030/150] method=ours loss=0.7134 train_acc=nan train_loss=nan val_acc=nan val_loss=nan best=-1.0000
[step 0040/150] method=ours loss=0.6734 train_acc=nan train_loss=nan val_acc=nan val_loss=nan best=-1.0000
[step 0050/150] method=ours loss=0.5480 train_acc=0.5020 train_loss=0.7233 val_acc=0.5271 val_loss=0.7041 router_H=0.6925 best=0.5271
           router_load=[0.4834449887275696, 0.01779235526919365, 0.4937208294868469, 0.0050417655147612095]
[step 0060/150] method=ours loss=0.6886 train_acc=0.5020 train_loss=0.7233 val_acc=0.5271 val_loss=0.7041 router_H=0.6925 best=0.5271
           router_load=[0.4834449887275696, 0.01779235526919365, 0.4937208294868469, 0.0050417655147612095]
[step 0070/150] method=ours loss=0.6348 train_acc=0.5020 train_loss=0.7233 val_acc=0.5271 val_loss=0.7041 router_H=0.6925 best=0.5271
           router_load=[0.4834449887275696, 0.01779235526919365, 0.4937208294868469, 0.0050417655147612095]
[step 0080/150] method=ours loss=0.8363 train_acc=0.5020 train_loss=0.7233 val_acc=0.5271 val_loss=0.7041 router_H=0.6925 best=0.5271
           router_load=[0.4834449887275696, 0.01779235526919365, 0.4937208294868469, 0.0050417655147612095]
[step 0090/150] method=ours loss=0.7274 train_acc=0.5020 train_loss=0.7233 val_acc=0.5271 val_loss=0.7041 router_H=0.6925 best=0.5271
           router_load=[0.4834449887275696, 0.01779235526919365, 0.4937208294868469, 0.0050417655147612095]
[step 0100/150] method=ours loss=0.6509 train_acc=0.5679 train_loss=0.6727 val_acc=0.5343 val_loss=0.6926 router_H=0.6883 best=0.5343
           router_load=[0.5482012033462524, 0.0, 0.45179879665374756, 0.0]
[step 0110/150] method=ours loss=0.6269 train_acc=0.5679 train_loss=0.6727 val_acc=0.5343 val_loss=0.6926 router_H=0.6883 best=0.5343
           router_load=[0.5482012033462524, 0.0, 0.45179879665374756, 0.0]
[step 0120/150] method=ours loss=0.7150 train_acc=0.5679 train_loss=0.6727 val_acc=0.5343 val_loss=0.6926 router_H=0.6883 best=0.5343
           router_load=[0.5482012033462524, 0.0, 0.45179879665374756, 0.0]
[step 0130/150] method=ours loss=0.6744 train_acc=0.5679 train_loss=0.6727 val_acc=0.5343 val_loss=0.6926 router_H=0.6883 best=0.5343
           router_load=[0.5482012033462524, 0.0, 0.45179879665374756, 0.0]
[step 0140/150] method=ours loss=0.7537 train_acc=0.5679 train_loss=0.6727 val_acc=0.5343 val_loss=0.6926 router_H=0.6883 best=0.5343
           router_load=[0.5482012033462524, 0.0, 0.45179879665374756, 0.0]
[step 0150/150] method=ours loss=0.7140 train_acc=0.5293 train_loss=0.6801 val_acc=0.5487 val_loss=0.6858 router_H=0.6912 best=0.5487
           router_load=[0.5305187702178955, 0.0, 0.4694811999797821, 0.0]
saved summary -> /home/zhujjing/MOE-grad-conflict-routing/runs/paper_suite/single_gpu/single_task/roberta_rte_lora_e4_k2/hpo/ours/trial_runs/local_var_topk_023/ours_s2.json
saved curve -> /home/zhujjing/MOE-grad-conflict-routing/runs/paper_suite/single_gpu/single_task/roberta_rte_lora_e4_k2/hpo/ours/trial_runs/local_var_topk_023/ours_s2_curve.csv
