[run] method=ours candidate=local_var_topk_004 seed=3 steps=150 gpu=0
[run] cmd=
/home/zhujjing/anaconda3/envs/moe/bin/python /home/zhujjing/MOE-grad-conflict-routing/scripts/run.py --config configs/singletask_rte_real.yaml --set model.backbone_backend=hf --set model.hf_load_pretrained=true --set model.backbone=roberta --set model.hf_pretrained_name=roberta-base --set model.expert_type=lora --set model.routing_mode=topk --set model.num_experts=4 --set model.top_k=2 --set seed=3 --set method.name=ours --set train.steps=150 --set train.eval_every_steps=50 --set method.ours.use_load_norm=true --set method.ours.lambda_align=0.001234687834 --set train.grad_clip=1.721917769 --set train.lr=1.2608146e-05 --set train.weight_decay=0.04145867636 --out /home/zhujjing/MOE-grad-conflict-routing/runs/paper_suite/single_gpu/single_task/roberta_rte_lora_e4_k2/hpo/ours/trial_runs/local_var_topk_004/ours_s3.json --curve_out /home/zhujjing/MOE-grad-conflict-routing/runs/paper_suite/single_gpu/single_task/roberta_rte_lora_e4_k2/hpo/ours/trial_runs/local_var_topk_004/ours_s3_curve.csv
Using the latest cached version of the dataset since glue couldn't be found on the Hugging Face Hub (offline mode is enabled).
Found the latest cached dataset configuration 'rte' at /home/zhujjing/hf_cache/datasets/glue/rte/0.0.0/bcdcba79d07bc864c1c254ccfcedcce55bcc9a8c (last modified on Thu Mar 19 15:00:36 2026).
/home/zhujjing/anaconda3/envs/moe/lib/python3.10/site-packages/transformers/utils/hub.py:124: FutureWarning: Using `TRANSFORMERS_CACHE` is deprecated and will be removed in v5 of Transformers. Use `HF_HOME` instead.
  warnings.warn(
Some weights of RobertaModel were not initialized from the model checkpoint at roberta-base and are newly initialized: ['roberta.pooler.dense.bias', 'roberta.pooler.dense.weight']
You should probably TRAIN this model on a down-stream task to be able to use it for predictions and inference.
[step 0001/150] method=ours loss=0.7182 train_acc=nan train_loss=nan val_acc=nan val_loss=nan best=-1.0000
[step 0010/150] method=ours loss=0.7004 train_acc=nan train_loss=nan val_acc=nan val_loss=nan best=-1.0000
[step 0020/150] method=ours loss=0.6857 train_acc=nan train_loss=nan val_acc=nan val_loss=nan best=-1.0000
[step 0030/150] method=ours loss=0.6648 train_acc=nan train_loss=nan val_acc=nan val_loss=nan best=-1.0000
[step 0040/150] method=ours loss=0.6586 train_acc=nan train_loss=nan val_acc=nan val_loss=nan best=-1.0000
[step 0050/150] method=ours loss=0.6811 train_acc=0.6269 train_loss=0.6645 val_acc=0.6354 val_loss=0.6728 router_H=0.6821 best=0.6354
           router_load=[0.4279530644416809, 0.0, 0.0, 0.5720469355583191]
[step 0060/150] method=ours loss=0.5639 train_acc=0.6269 train_loss=0.6645 val_acc=0.6354 val_loss=0.6728 router_H=0.6821 best=0.6354
           router_load=[0.4279530644416809, 0.0, 0.0, 0.5720469355583191]
[step 0070/150] method=ours loss=0.6630 train_acc=0.6269 train_loss=0.6645 val_acc=0.6354 val_loss=0.6728 router_H=0.6821 best=0.6354
           router_load=[0.4279530644416809, 0.0, 0.0, 0.5720469355583191]
[step 0080/150] method=ours loss=0.5579 train_acc=0.6269 train_loss=0.6645 val_acc=0.6354 val_loss=0.6728 router_H=0.6821 best=0.6354
           router_load=[0.4279530644416809, 0.0, 0.0, 0.5720469355583191]
[step 0090/150] method=ours loss=0.4682 train_acc=0.6269 train_loss=0.6645 val_acc=0.6354 val_loss=0.6728 router_H=0.6821 best=0.6354
           router_load=[0.4279530644416809, 0.0, 0.0, 0.5720469355583191]
[step 0100/150] method=ours loss=0.7695 train_acc=0.7257 train_loss=0.5641 val_acc=0.6570 val_loss=0.6165 router_H=0.6904 best=0.6570
           router_load=[0.4887036383152008, 0.03346094489097595, 0.02315790392458439, 0.4546775221824646]
[step 0110/150] method=ours loss=0.5499 train_acc=0.7257 train_loss=0.5641 val_acc=0.6570 val_loss=0.6165 router_H=0.6904 best=0.6570
           router_load=[0.4887036383152008, 0.03346094489097595, 0.02315790392458439, 0.4546775221824646]
[step 0120/150] method=ours loss=0.6390 train_acc=0.7257 train_loss=0.5641 val_acc=0.6570 val_loss=0.6165 router_H=0.6904 best=0.6570
           router_load=[0.4887036383152008, 0.03346094489097595, 0.02315790392458439, 0.4546775221824646]
[step 0130/150] method=ours loss=0.7441 train_acc=0.7257 train_loss=0.5641 val_acc=0.6570 val_loss=0.6165 router_H=0.6904 best=0.6570
           router_load=[0.4887036383152008, 0.03346094489097595, 0.02315790392458439, 0.4546775221824646]
[step 0140/150] method=ours loss=0.5532 train_acc=0.7257 train_loss=0.5641 val_acc=0.6570 val_loss=0.6165 router_H=0.6904 best=0.6570
           router_load=[0.4887036383152008, 0.03346094489097595, 0.02315790392458439, 0.4546775221824646]
[step 0150/150] method=ours loss=0.5337 train_acc=0.7357 train_loss=0.5370 val_acc=0.6787 val_loss=0.6127 router_H=0.6902 best=0.6787
           router_load=[0.4033971130847931, 0.13415929675102234, 0.04169890284538269, 0.4207446575164795]
saved summary -> /home/zhujjing/MOE-grad-conflict-routing/runs/paper_suite/single_gpu/single_task/roberta_rte_lora_e4_k2/hpo/ours/trial_runs/local_var_topk_004/ours_s3.json
saved curve -> /home/zhujjing/MOE-grad-conflict-routing/runs/paper_suite/single_gpu/single_task/roberta_rte_lora_e4_k2/hpo/ours/trial_runs/local_var_topk_004/ours_s3_curve.csv
