[run] method=ours candidate=local_var_topk_019 seed=3 steps=150 gpu=0
[run] cmd=
/home/zhujjing/anaconda3/envs/moe/bin/python /home/zhujjing/MOE-grad-conflict-routing/scripts/run.py --config configs/singletask_rte_real.yaml --set model.backbone_backend=hf --set model.hf_load_pretrained=true --set model.backbone=roberta --set model.hf_pretrained_name=roberta-base --set model.expert_type=lora --set model.routing_mode=topk --set model.num_experts=4 --set model.top_k=2 --set seed=3 --set method.name=ours --set train.steps=150 --set train.eval_every_steps=50 --set method.ours.use_load_norm=true --set method.ours.lambda_align=0.000617343917 --set train.grad_clip=1.721917769 --set train.lr=5.0432586e-05 --set train.weight_decay=0.04145867636 --out /home/zhujjing/MOE-grad-conflict-routing/runs/paper_suite/single_gpu/single_task/roberta_rte_lora_e4_k2/hpo/ours/trial_runs/local_var_topk_019/ours_s3.json --curve_out /home/zhujjing/MOE-grad-conflict-routing/runs/paper_suite/single_gpu/single_task/roberta_rte_lora_e4_k2/hpo/ours/trial_runs/local_var_topk_019/ours_s3_curve.csv
Using the latest cached version of the dataset since glue couldn't be found on the Hugging Face Hub (offline mode is enabled).
Found the latest cached dataset configuration 'rte' at /home/zhujjing/hf_cache/datasets/glue/rte/0.0.0/bcdcba79d07bc864c1c254ccfcedcce55bcc9a8c (last modified on Thu Mar 19 15:00:36 2026).
/home/zhujjing/anaconda3/envs/moe/lib/python3.10/site-packages/transformers/utils/hub.py:124: FutureWarning: Using `TRANSFORMERS_CACHE` is deprecated and will be removed in v5 of Transformers. Use `HF_HOME` instead.
  warnings.warn(
Some weights of RobertaModel were not initialized from the model checkpoint at roberta-base and are newly initialized: ['roberta.pooler.dense.bias', 'roberta.pooler.dense.weight']
You should probably TRAIN this model on a down-stream task to be able to use it for predictions and inference.
[step 0001/150] method=ours loss=0.6989 train_acc=nan train_loss=nan val_acc=nan val_loss=nan best=-1.0000
[step 0010/150] method=ours loss=0.6929 train_acc=nan train_loss=nan val_acc=nan val_loss=nan best=-1.0000
[step 0020/150] method=ours loss=0.7007 train_acc=nan train_loss=nan val_acc=nan val_loss=nan best=-1.0000
[step 0030/150] method=ours loss=0.6205 train_acc=nan train_loss=nan val_acc=nan val_loss=nan best=-1.0000
[step 0040/150] method=ours loss=0.6677 train_acc=nan train_loss=nan val_acc=nan val_loss=nan best=-1.0000
[step 0050/150] method=ours loss=0.6295 train_acc=0.6398 train_loss=0.6322 val_acc=0.6065 val_loss=0.6676 router_H=0.6922 best=0.6065
           router_load=[0.4625091552734375, 0.0, 0.4992372393608093, 0.038253672420978546]
[step 0060/150] method=ours loss=0.6742 train_acc=0.6398 train_loss=0.6322 val_acc=0.6065 val_loss=0.6676 router_H=0.6922 best=0.6065
           router_load=[0.4625091552734375, 0.0, 0.4992372393608093, 0.038253672420978546]
[step 0070/150] method=ours loss=0.7258 train_acc=0.6398 train_loss=0.6322 val_acc=0.6065 val_loss=0.6676 router_H=0.6922 best=0.6065
           router_load=[0.4625091552734375, 0.0, 0.4992372393608093, 0.038253672420978546]
[step 0080/150] method=ours loss=0.7964 train_acc=0.6398 train_loss=0.6322 val_acc=0.6065 val_loss=0.6676 router_H=0.6922 best=0.6065
           router_load=[0.4625091552734375, 0.0, 0.4992372393608093, 0.038253672420978546]
[step 0090/150] method=ours loss=0.6662 train_acc=0.6398 train_loss=0.6322 val_acc=0.6065 val_loss=0.6676 router_H=0.6922 best=0.6065
           router_load=[0.4625091552734375, 0.0, 0.4992372393608093, 0.038253672420978546]
[step 0100/150] method=ours loss=0.6515 train_acc=0.7032 train_loss=0.6087 val_acc=0.6318 val_loss=0.6493 router_H=0.6895 best=0.6318
           router_load=[0.44367295503616333, 0.0, 0.5409843325614929, 0.0153426518663764]
[step 0110/150] method=ours loss=0.7221 train_acc=0.7032 train_loss=0.6087 val_acc=0.6318 val_loss=0.6493 router_H=0.6895 best=0.6318
           router_load=[0.44367295503616333, 0.0, 0.5409843325614929, 0.0153426518663764]
[step 0120/150] method=ours loss=0.6642 train_acc=0.7032 train_loss=0.6087 val_acc=0.6318 val_loss=0.6493 router_H=0.6895 best=0.6318
           router_load=[0.44367295503616333, 0.0, 0.5409843325614929, 0.0153426518663764]
[step 0130/150] method=ours loss=0.7669 train_acc=0.7032 train_loss=0.6087 val_acc=0.6318 val_loss=0.6493 router_H=0.6895 best=0.6318
           router_load=[0.44367295503616333, 0.0, 0.5409843325614929, 0.0153426518663764]
[step 0140/150] method=ours loss=0.6213 train_acc=0.7032 train_loss=0.6087 val_acc=0.6318 val_loss=0.6493 router_H=0.6895 best=0.6318
           router_load=[0.44367295503616333, 0.0, 0.5409843325614929, 0.0153426518663764]
[step 0150/150] method=ours loss=0.5923 train_acc=0.7281 train_loss=0.5618 val_acc=0.6570 val_loss=0.6301 router_H=0.6926 best=0.6570
           router_load=[0.4903711974620819, 0.0, 0.5096288323402405, 0.0]
saved summary -> /home/zhujjing/MOE-grad-conflict-routing/runs/paper_suite/single_gpu/single_task/roberta_rte_lora_e4_k2/hpo/ours/trial_runs/local_var_topk_019/ours_s3.json
saved curve -> /home/zhujjing/MOE-grad-conflict-routing/runs/paper_suite/single_gpu/single_task/roberta_rte_lora_e4_k2/hpo/ours/trial_runs/local_var_topk_019/ours_s3_curve.csv
