[run] method=ours candidate=coord_02_train_weight_decay_004 seed=3 steps=150 gpu=0
[run] cmd=
/home/zhujjing/anaconda3/envs/moe/bin/python /home/zhujjing/MOE-grad-conflict-routing/scripts/run.py --config configs/singletask_mrpc_real.yaml --set model.backbone_backend=hf --set model.hf_load_pretrained=true --set model.backbone=roberta --set model.hf_pretrained_name=roberta-base --set model.expert_type=lora --set model.routing_mode=topk --set model.num_experts=4 --set model.top_k=2 --set seed=3 --set method.name=ours --set train.steps=150 --set train.eval_every_steps=50 --set method.ours.use_load_norm=true --set method.ours.lambda_align=0.001 --set train.grad_clip=1 --set train.lr=2.652769064e-05 --set train.weight_decay=0.0343855891 --out /home/zhujjing/MOE-grad-conflict-routing/runs/paper_suite/single_gpu/single_task/roberta_mrpc_lora_e4_k2/hpo/ours/trial_runs/coord_02_train_weight_decay_004/ours_s3.json --curve_out /home/zhujjing/MOE-grad-conflict-routing/runs/paper_suite/single_gpu/single_task/roberta_mrpc_lora_e4_k2/hpo/ours/trial_runs/coord_02_train_weight_decay_004/ours_s3_curve.csv
Using the latest cached version of the dataset since glue couldn't be found on the Hugging Face Hub (offline mode is enabled).
Found the latest cached dataset configuration 'mrpc' at /home/zhujjing/hf_cache/datasets/glue/mrpc/0.0.0/bcdcba79d07bc864c1c254ccfcedcce55bcc9a8c (last modified on Thu Mar 19 15:01:06 2026).
/home/zhujjing/anaconda3/envs/moe/lib/python3.10/site-packages/transformers/utils/hub.py:124: FutureWarning: Using `TRANSFORMERS_CACHE` is deprecated and will be removed in v5 of Transformers. Use `HF_HOME` instead.
  warnings.warn(
Some weights of RobertaModel were not initialized from the model checkpoint at roberta-base and are newly initialized: ['roberta.pooler.dense.bias', 'roberta.pooler.dense.weight']
You should probably TRAIN this model on a down-stream task to be able to use it for predictions and inference.
[step 0001/150] method=ours loss=0.7488 train_acc=nan train_loss=nan val_acc=nan val_loss=nan best=-1.0000
[step 0010/150] method=ours loss=0.8454 train_acc=nan train_loss=nan val_acc=nan val_loss=nan best=-1.0000
[step 0020/150] method=ours loss=0.6044 train_acc=nan train_loss=nan val_acc=nan val_loss=nan best=-1.0000
[step 0030/150] method=ours loss=0.5736 train_acc=nan train_loss=nan val_acc=nan val_loss=nan best=-1.0000
[step 0040/150] method=ours loss=0.6197 train_acc=nan train_loss=nan val_acc=nan val_loss=nan best=-1.0000
[step 0050/150] method=ours loss=0.4879 train_acc=0.7822 train_loss=0.4746 val_acc=0.7794 val_loss=0.4736 router_H=0.6922 best=0.7794
           router_load=[0.0, 0.04700183868408203, 0.4915732443332672, 0.46142491698265076]
[step 0060/150] method=ours loss=0.4635 train_acc=0.7822 train_loss=0.4746 val_acc=0.7794 val_loss=0.4736 router_H=0.6922 best=0.7794
           router_load=[0.0, 0.04700183868408203, 0.4915732443332672, 0.46142491698265076]
[step 0070/150] method=ours loss=0.2600 train_acc=0.7822 train_loss=0.4746 val_acc=0.7794 val_loss=0.4736 router_H=0.6922 best=0.7794
           router_load=[0.0, 0.04700183868408203, 0.4915732443332672, 0.46142491698265076]
[step 0080/150] method=ours loss=0.4400 train_acc=0.7822 train_loss=0.4746 val_acc=0.7794 val_loss=0.4736 router_H=0.6922 best=0.7794
           router_load=[0.0, 0.04700183868408203, 0.4915732443332672, 0.46142491698265076]
[step 0090/150] method=ours loss=0.5229 train_acc=0.7822 train_loss=0.4746 val_acc=0.7794 val_loss=0.4736 router_H=0.6922 best=0.7794
           router_load=[0.0, 0.04700183868408203, 0.4915732443332672, 0.46142491698265076]
[step 0100/150] method=ours loss=0.4894 train_acc=0.7944 train_loss=0.4151 val_acc=0.8015 val_loss=0.4094 router_H=0.6861 best=0.8015
           router_load=[0.0, 0.1806250959634781, 0.5530120134353638, 0.26636287569999695]
[step 0110/150] method=ours loss=0.3986 train_acc=0.7944 train_loss=0.4151 val_acc=0.8015 val_loss=0.4094 router_H=0.6861 best=0.8015
           router_load=[0.0, 0.1806250959634781, 0.5530120134353638, 0.26636287569999695]
[step 0120/150] method=ours loss=0.3246 train_acc=0.7944 train_loss=0.4151 val_acc=0.8015 val_loss=0.4094 router_H=0.6861 best=0.8015
           router_load=[0.0, 0.1806250959634781, 0.5530120134353638, 0.26636287569999695]
[step 0130/150] method=ours loss=0.3189 train_acc=0.7944 train_loss=0.4151 val_acc=0.8015 val_loss=0.4094 router_H=0.6861 best=0.8015
           router_load=[0.0, 0.1806250959634781, 0.5530120134353638, 0.26636287569999695]
[step 0140/150] method=ours loss=0.6214 train_acc=0.7944 train_loss=0.4151 val_acc=0.8015 val_loss=0.4094 router_H=0.6861 best=0.8015
           router_load=[0.0, 0.1806250959634781, 0.5530120134353638, 0.26636287569999695]
[step 0150/150] method=ours loss=0.6829 train_acc=0.8263 train_loss=0.3820 val_acc=0.8211 val_loss=0.3865 router_H=0.6908 best=0.8211
           router_load=[0.0, 0.06579668074846268, 0.5191717743873596, 0.4150315225124359]
saved summary -> /home/zhujjing/MOE-grad-conflict-routing/runs/paper_suite/single_gpu/single_task/roberta_mrpc_lora_e4_k2/hpo/ours/trial_runs/coord_02_train_weight_decay_004/ours_s3.json
saved curve -> /home/zhujjing/MOE-grad-conflict-routing/runs/paper_suite/single_gpu/single_task/roberta_mrpc_lora_e4_k2/hpo/ours/trial_runs/coord_02_train_weight_decay_004/ours_s3_curve.csv
