[run] method=ours candidate=coord_02_train_weight_decay_004 seed=2 steps=150 gpu=0
[run] cmd=
/home/zhujjing/anaconda3/envs/moe/bin/python /home/zhujjing/MOE-grad-conflict-routing/scripts/run.py --config configs/singletask_mrpc_real.yaml --set model.backbone_backend=hf --set model.hf_load_pretrained=true --set model.backbone=roberta --set model.hf_pretrained_name=roberta-base --set model.expert_type=lora --set model.routing_mode=topk --set model.num_experts=4 --set model.top_k=2 --set seed=2 --set method.name=ours --set train.steps=150 --set train.eval_every_steps=50 --set method.ours.use_load_norm=true --set method.ours.lambda_align=0.001 --set train.grad_clip=1 --set train.lr=2.652769064e-05 --set train.weight_decay=0.0343855891 --out /home/zhujjing/MOE-grad-conflict-routing/runs/paper_suite/single_gpu/single_task/roberta_mrpc_lora_e4_k2/hpo/ours/trial_runs/coord_02_train_weight_decay_004/ours_s2.json --curve_out /home/zhujjing/MOE-grad-conflict-routing/runs/paper_suite/single_gpu/single_task/roberta_mrpc_lora_e4_k2/hpo/ours/trial_runs/coord_02_train_weight_decay_004/ours_s2_curve.csv
Using the latest cached version of the dataset since glue couldn't be found on the Hugging Face Hub (offline mode is enabled).
Found the latest cached dataset configuration 'mrpc' at /home/zhujjing/hf_cache/datasets/glue/mrpc/0.0.0/bcdcba79d07bc864c1c254ccfcedcce55bcc9a8c (last modified on Thu Mar 19 15:01:06 2026).
/home/zhujjing/anaconda3/envs/moe/lib/python3.10/site-packages/transformers/utils/hub.py:124: FutureWarning: Using `TRANSFORMERS_CACHE` is deprecated and will be removed in v5 of Transformers. Use `HF_HOME` instead.
  warnings.warn(
Some weights of RobertaModel were not initialized from the model checkpoint at roberta-base and are newly initialized: ['roberta.pooler.dense.bias', 'roberta.pooler.dense.weight']
You should probably TRAIN this model on a down-stream task to be able to use it for predictions and inference.
[step 0001/150] method=ours loss=0.6659 train_acc=nan train_loss=nan val_acc=nan val_loss=nan best=-1.0000
[step 0010/150] method=ours loss=0.7702 train_acc=nan train_loss=nan val_acc=nan val_loss=nan best=-1.0000
[step 0020/150] method=ours loss=0.5651 train_acc=nan train_loss=nan val_acc=nan val_loss=nan best=-1.0000
[step 0030/150] method=ours loss=0.7551 train_acc=nan train_loss=nan val_acc=nan val_loss=nan best=-1.0000
[step 0040/150] method=ours loss=0.5437 train_acc=nan train_loss=nan val_acc=nan val_loss=nan best=-1.0000
[step 0050/150] method=ours loss=0.5324 train_acc=0.7184 train_loss=0.5476 val_acc=0.7034 val_loss=0.5462 router_H=0.6826 best=0.7034
           router_load=[0.5649291276931763, 0.0, 0.36202719807624817, 0.07304366677999496]
[step 0060/150] method=ours loss=0.5923 train_acc=0.7184 train_loss=0.5476 val_acc=0.7034 val_loss=0.5462 router_H=0.6826 best=0.7034
           router_load=[0.5649291276931763, 0.0, 0.36202719807624817, 0.07304366677999496]
[step 0070/150] method=ours loss=0.3813 train_acc=0.7184 train_loss=0.5476 val_acc=0.7034 val_loss=0.5462 router_H=0.6826 best=0.7034
           router_load=[0.5649291276931763, 0.0, 0.36202719807624817, 0.07304366677999496]
[step 0080/150] method=ours loss=0.4400 train_acc=0.7184 train_loss=0.5476 val_acc=0.7034 val_loss=0.5462 router_H=0.6826 best=0.7034
           router_load=[0.5649291276931763, 0.0, 0.36202719807624817, 0.07304366677999496]
[step 0090/150] method=ours loss=0.3426 train_acc=0.7184 train_loss=0.5476 val_acc=0.7034 val_loss=0.5462 router_H=0.6826 best=0.7034
           router_load=[0.5649291276931763, 0.0, 0.36202719807624817, 0.07304366677999496]
[step 0100/150] method=ours loss=0.4985 train_acc=0.8441 train_loss=0.3593 val_acc=0.8260 val_loss=0.3676 router_H=0.6701 best=0.8260
           router_load=[0.5836517214775085, 0.0008236770518124104, 0.273748517036438, 0.14177614450454712]
[step 0110/150] method=ours loss=0.8009 train_acc=0.8441 train_loss=0.3593 val_acc=0.8260 val_loss=0.3676 router_H=0.6701 best=0.8260
           router_load=[0.5836517214775085, 0.0008236770518124104, 0.273748517036438, 0.14177614450454712]
[step 0120/150] method=ours loss=0.1864 train_acc=0.8441 train_loss=0.3593 val_acc=0.8260 val_loss=0.3676 router_H=0.6701 best=0.8260
           router_load=[0.5836517214775085, 0.0008236770518124104, 0.273748517036438, 0.14177614450454712]
[step 0130/150] method=ours loss=0.5261 train_acc=0.8441 train_loss=0.3593 val_acc=0.8260 val_loss=0.3676 router_H=0.6701 best=0.8260
           router_load=[0.5836517214775085, 0.0008236770518124104, 0.273748517036438, 0.14177614450454712]
[step 0140/150] method=ours loss=0.2541 train_acc=0.8441 train_loss=0.3593 val_acc=0.8260 val_loss=0.3676 router_H=0.6701 best=0.8260
           router_load=[0.5836517214775085, 0.0008236770518124104, 0.273748517036438, 0.14177614450454712]
[step 0150/150] method=ours loss=0.8302 train_acc=0.8610 train_loss=0.3599 val_acc=0.8505 val_loss=0.3700 router_H=0.6762 best=0.8505
           router_load=[0.5084472894668579, 0.0, 0.4090085029602051, 0.08254425972700119]
saved summary -> /home/zhujjing/MOE-grad-conflict-routing/runs/paper_suite/single_gpu/single_task/roberta_mrpc_lora_e4_k2/hpo/ours/trial_runs/coord_02_train_weight_decay_004/ours_s2.json
saved curve -> /home/zhujjing/MOE-grad-conflict-routing/runs/paper_suite/single_gpu/single_task/roberta_mrpc_lora_e4_k2/hpo/ours/trial_runs/coord_02_train_weight_decay_004/ours_s2_curve.csv
