[run] method=ours candidate=coord_02_train_weight_decay_010 seed=3 steps=150 gpu=0
[run] cmd=
/home/zhujjing/anaconda3/envs/moe/bin/python /home/zhujjing/MOE-grad-conflict-routing/scripts/run.py --config configs/singletask_mrpc_real.yaml --set model.backbone_backend=hf --set model.hf_load_pretrained=true --set model.backbone=roberta --set model.hf_pretrained_name=roberta-base --set model.expert_type=lora --set model.routing_mode=topk --set model.num_experts=4 --set model.top_k=2 --set seed=3 --set method.name=ours --set train.steps=150 --set train.eval_every_steps=50 --set method.ours.use_load_norm=true --set method.ours.lambda_align=0.001 --set train.grad_clip=1 --set train.lr=2.652769064e-05 --set train.weight_decay=0.01569929632 --out /home/zhujjing/MOE-grad-conflict-routing/runs/paper_suite/single_gpu/single_task/roberta_mrpc_lora_e4_k2/hpo/ours/trial_runs/coord_02_train_weight_decay_010/ours_s3.json --curve_out /home/zhujjing/MOE-grad-conflict-routing/runs/paper_suite/single_gpu/single_task/roberta_mrpc_lora_e4_k2/hpo/ours/trial_runs/coord_02_train_weight_decay_010/ours_s3_curve.csv
Using the latest cached version of the dataset since glue couldn't be found on the Hugging Face Hub (offline mode is enabled).
Found the latest cached dataset configuration 'mrpc' at /home/zhujjing/hf_cache/datasets/glue/mrpc/0.0.0/bcdcba79d07bc864c1c254ccfcedcce55bcc9a8c (last modified on Thu Mar 19 15:01:06 2026).
/home/zhujjing/anaconda3/envs/moe/lib/python3.10/site-packages/transformers/utils/hub.py:124: FutureWarning: Using `TRANSFORMERS_CACHE` is deprecated and will be removed in v5 of Transformers. Use `HF_HOME` instead.
  warnings.warn(
Some weights of RobertaModel were not initialized from the model checkpoint at roberta-base and are newly initialized: ['roberta.pooler.dense.bias', 'roberta.pooler.dense.weight']
You should probably TRAIN this model on a down-stream task to be able to use it for predictions and inference.
[step 0001/150] method=ours loss=0.6671 train_acc=nan train_loss=nan val_acc=nan val_loss=nan best=-1.0000
[step 0010/150] method=ours loss=0.7251 train_acc=nan train_loss=nan val_acc=nan val_loss=nan best=-1.0000
[step 0020/150] method=ours loss=0.6416 train_acc=nan train_loss=nan val_acc=nan val_loss=nan best=-1.0000
[step 0030/150] method=ours loss=0.4937 train_acc=nan train_loss=nan val_acc=nan val_loss=nan best=-1.0000
[step 0040/150] method=ours loss=0.5717 train_acc=nan train_loss=nan val_acc=nan val_loss=nan best=-1.0000
[step 0050/150] method=ours loss=0.4464 train_acc=0.7743 train_loss=0.4555 val_acc=0.7990 val_loss=0.4505 router_H=0.6747 best=0.7990
           router_load=[0.0, 0.5841854214668274, 0.41151750087738037, 0.004297019448131323]
[step 0060/150] method=ours loss=0.4434 train_acc=0.7743 train_loss=0.4555 val_acc=0.7990 val_loss=0.4505 router_H=0.6747 best=0.7990
           router_load=[0.0, 0.5841854214668274, 0.41151750087738037, 0.004297019448131323]
[step 0070/150] method=ours loss=0.3495 train_acc=0.7743 train_loss=0.4555 val_acc=0.7990 val_loss=0.4505 router_H=0.6747 best=0.7990
           router_load=[0.0, 0.5841854214668274, 0.41151750087738037, 0.004297019448131323]
[step 0080/150] method=ours loss=0.4286 train_acc=0.7743 train_loss=0.4555 val_acc=0.7990 val_loss=0.4505 router_H=0.6747 best=0.7990
           router_load=[0.0, 0.5841854214668274, 0.41151750087738037, 0.004297019448131323]
[step 0090/150] method=ours loss=0.7082 train_acc=0.7743 train_loss=0.4555 val_acc=0.7990 val_loss=0.4505 router_H=0.6747 best=0.7990
           router_load=[0.0, 0.5841854214668274, 0.41151750087738037, 0.004297019448131323]
[step 0100/150] method=ours loss=0.5582 train_acc=0.8528 train_loss=0.3712 val_acc=0.8162 val_loss=0.3921 router_H=0.6787 best=0.8162
           router_load=[0.004891759715974331, 0.5787354111671448, 0.35718053579330444, 0.0591922327876091]
[step 0110/150] method=ours loss=0.5186 train_acc=0.8528 train_loss=0.3712 val_acc=0.8162 val_loss=0.3921 router_H=0.6787 best=0.8162
           router_load=[0.004891759715974331, 0.5787354111671448, 0.35718053579330444, 0.0591922327876091]
[step 0120/150] method=ours loss=0.3856 train_acc=0.8528 train_loss=0.3712 val_acc=0.8162 val_loss=0.3921 router_H=0.6787 best=0.8162
           router_load=[0.004891759715974331, 0.5787354111671448, 0.35718053579330444, 0.0591922327876091]
[step 0130/150] method=ours loss=0.2241 train_acc=0.8528 train_loss=0.3712 val_acc=0.8162 val_loss=0.3921 router_H=0.6787 best=0.8162
           router_load=[0.004891759715974331, 0.5787354111671448, 0.35718053579330444, 0.0591922327876091]
[step 0140/150] method=ours loss=0.5600 train_acc=0.8528 train_loss=0.3712 val_acc=0.8162 val_loss=0.3921 router_H=0.6787 best=0.8162
           router_load=[0.004891759715974331, 0.5787354111671448, 0.35718053579330444, 0.0591922327876091]
[step 0150/150] method=ours loss=0.4662 train_acc=0.8732 train_loss=0.3248 val_acc=0.8627 val_loss=0.3448 router_H=0.6772 best=0.8627
           router_load=[0.03299947455525398, 0.5822563767433167, 0.20986947417259216, 0.1748746931552887]
saved summary -> /home/zhujjing/MOE-grad-conflict-routing/runs/paper_suite/single_gpu/single_task/roberta_mrpc_lora_e4_k2/hpo/ours/trial_runs/coord_02_train_weight_decay_010/ours_s3.json
saved curve -> /home/zhujjing/MOE-grad-conflict-routing/runs/paper_suite/single_gpu/single_task/roberta_mrpc_lora_e4_k2/hpo/ours/trial_runs/coord_02_train_weight_decay_010/ours_s3_curve.csv
