[run] method=ours candidate=coord_02_train_weight_decay_020 seed=2 steps=150 gpu=0
[run] cmd=
/home/zhujjing/anaconda3/envs/moe/bin/python /home/zhujjing/MOE-grad-conflict-routing/scripts/run.py --config configs/singletask_mrpc_real.yaml --set model.backbone_backend=hf --set model.hf_load_pretrained=true --set model.backbone=roberta --set model.hf_pretrained_name=roberta-base --set model.expert_type=lora --set model.routing_mode=topk --set model.num_experts=4 --set model.top_k=2 --set seed=2 --set method.name=ours --set train.steps=150 --set train.eval_every_steps=50 --set method.ours.use_load_norm=true --set method.ours.lambda_align=0.001 --set train.grad_clip=1 --set train.lr=2.652769064e-05 --set train.weight_decay=0.04283921792 --out /home/zhujjing/MOE-grad-conflict-routing/runs/paper_suite/single_gpu/single_task/roberta_mrpc_lora_e4_k2/hpo/ours/trial_runs/coord_02_train_weight_decay_020/ours_s2.json --curve_out /home/zhujjing/MOE-grad-conflict-routing/runs/paper_suite/single_gpu/single_task/roberta_mrpc_lora_e4_k2/hpo/ours/trial_runs/coord_02_train_weight_decay_020/ours_s2_curve.csv
Using the latest cached version of the dataset since glue couldn't be found on the Hugging Face Hub (offline mode is enabled).
Found the latest cached dataset configuration 'mrpc' at /home/zhujjing/hf_cache/datasets/glue/mrpc/0.0.0/bcdcba79d07bc864c1c254ccfcedcce55bcc9a8c (last modified on Thu Mar 19 15:01:06 2026).
/home/zhujjing/anaconda3/envs/moe/lib/python3.10/site-packages/transformers/utils/hub.py:124: FutureWarning: Using `TRANSFORMERS_CACHE` is deprecated and will be removed in v5 of Transformers. Use `HF_HOME` instead.
  warnings.warn(
Some weights of RobertaModel were not initialized from the model checkpoint at roberta-base and are newly initialized: ['roberta.pooler.dense.bias', 'roberta.pooler.dense.weight']
You should probably TRAIN this model on a down-stream task to be able to use it for predictions and inference.
[step 0001/150] method=ours loss=0.7084 train_acc=nan train_loss=nan val_acc=nan val_loss=nan best=-1.0000
[step 0010/150] method=ours loss=0.7451 train_acc=nan train_loss=nan val_acc=nan val_loss=nan best=-1.0000
[step 0020/150] method=ours loss=0.5517 train_acc=nan train_loss=nan val_acc=nan val_loss=nan best=-1.0000
[step 0030/150] method=ours loss=0.8106 train_acc=nan train_loss=nan val_acc=nan val_loss=nan best=-1.0000
[step 0040/150] method=ours loss=0.5421 train_acc=nan train_loss=nan val_acc=nan val_loss=nan best=-1.0000
[step 0050/150] method=ours loss=0.5481 train_acc=0.7323 train_loss=0.5169 val_acc=0.7328 val_loss=0.5134 router_H=0.6921 best=0.7328
           router_load=[0.3664052188396454, 0.47554636001586914, 0.07907889783382416, 0.07896944135427475]
[step 0060/150] method=ours loss=0.6536 train_acc=0.7323 train_loss=0.5169 val_acc=0.7328 val_loss=0.5134 router_H=0.6921 best=0.7328
           router_load=[0.3664052188396454, 0.47554636001586914, 0.07907889783382416, 0.07896944135427475]
[step 0070/150] method=ours loss=0.3305 train_acc=0.7323 train_loss=0.5169 val_acc=0.7328 val_loss=0.5134 router_H=0.6921 best=0.7328
           router_load=[0.3664052188396454, 0.47554636001586914, 0.07907889783382416, 0.07896944135427475]
[step 0080/150] method=ours loss=0.4588 train_acc=0.7323 train_loss=0.5169 val_acc=0.7328 val_loss=0.5134 router_H=0.6921 best=0.7328
           router_load=[0.3664052188396454, 0.47554636001586914, 0.07907889783382416, 0.07896944135427475]
[step 0090/150] method=ours loss=0.3155 train_acc=0.7323 train_loss=0.5169 val_acc=0.7328 val_loss=0.5134 router_H=0.6921 best=0.7328
           router_load=[0.3664052188396454, 0.47554636001586914, 0.07907889783382416, 0.07896944135427475]
[step 0100/150] method=ours loss=0.5414 train_acc=0.8064 train_loss=0.4308 val_acc=0.7843 val_loss=0.4472 router_H=0.6915 best=0.7843
           router_load=[0.3115893602371216, 0.5030570030212402, 0.185353621840477, 0.0]
[step 0110/150] method=ours loss=0.7304 train_acc=0.8064 train_loss=0.4308 val_acc=0.7843 val_loss=0.4472 router_H=0.6915 best=0.7843
           router_load=[0.3115893602371216, 0.5030570030212402, 0.185353621840477, 0.0]
[step 0120/150] method=ours loss=0.2775 train_acc=0.8064 train_loss=0.4308 val_acc=0.7843 val_loss=0.4472 router_H=0.6915 best=0.7843
           router_load=[0.3115893602371216, 0.5030570030212402, 0.185353621840477, 0.0]
[step 0130/150] method=ours loss=0.5823 train_acc=0.8064 train_loss=0.4308 val_acc=0.7843 val_loss=0.4472 router_H=0.6915 best=0.7843
           router_load=[0.3115893602371216, 0.5030570030212402, 0.185353621840477, 0.0]
[step 0140/150] method=ours loss=0.2531 train_acc=0.8064 train_loss=0.4308 val_acc=0.7843 val_loss=0.4472 router_H=0.6915 best=0.7843
           router_load=[0.3115893602371216, 0.5030570030212402, 0.185353621840477, 0.0]
[step 0150/150] method=ours loss=0.5710 train_acc=0.8795 train_loss=0.3001 val_acc=0.8652 val_loss=0.3319 router_H=0.6903 best=0.8652
           router_load=[0.1906585842370987, 0.5171617865562439, 0.2842823565006256, 0.0078972689807415]
saved summary -> /home/zhujjing/MOE-grad-conflict-routing/runs/paper_suite/single_gpu/single_task/roberta_mrpc_lora_e4_k2/hpo/ours/trial_runs/coord_02_train_weight_decay_020/ours_s2.json
saved curve -> /home/zhujjing/MOE-grad-conflict-routing/runs/paper_suite/single_gpu/single_task/roberta_mrpc_lora_e4_k2/hpo/ours/trial_runs/coord_02_train_weight_decay_020/ours_s2_curve.csv
