[run] method=ours candidate=coord_02_anchor seed=3 steps=150 gpu=0
[run] cmd=
/home/zhujjing/anaconda3/envs/moe/bin/python /home/zhujjing/MOE-grad-conflict-routing/scripts/run.py --config configs/singletask_mrpc_real.yaml --set model.backbone_backend=hf --set model.hf_load_pretrained=true --set model.backbone=roberta --set model.hf_pretrained_name=roberta-base --set model.expert_type=lora --set model.routing_mode=topk --set model.num_experts=4 --set model.top_k=2 --set seed=3 --set method.name=ours --set train.steps=150 --set train.eval_every_steps=50 --set method.ours.use_load_norm=true --set method.ours.lambda_align=0.001 --set train.grad_clip=1 --set train.lr=2.652769064e-05 --set train.weight_decay=0.01 --out /home/zhujjing/MOE-grad-conflict-routing/runs/paper_suite/single_gpu/single_task/roberta_mrpc_lora_e4_k2/hpo/ours/trial_runs/coord_02_anchor/ours_s3.json --curve_out /home/zhujjing/MOE-grad-conflict-routing/runs/paper_suite/single_gpu/single_task/roberta_mrpc_lora_e4_k2/hpo/ours/trial_runs/coord_02_anchor/ours_s3_curve.csv
Using the latest cached version of the dataset since glue couldn't be found on the Hugging Face Hub (offline mode is enabled).
Found the latest cached dataset configuration 'mrpc' at /home/zhujjing/hf_cache/datasets/glue/mrpc/0.0.0/bcdcba79d07bc864c1c254ccfcedcce55bcc9a8c (last modified on Thu Mar 19 15:01:06 2026).
/home/zhujjing/anaconda3/envs/moe/lib/python3.10/site-packages/transformers/utils/hub.py:124: FutureWarning: Using `TRANSFORMERS_CACHE` is deprecated and will be removed in v5 of Transformers. Use `HF_HOME` instead.
  warnings.warn(
Some weights of RobertaModel were not initialized from the model checkpoint at roberta-base and are newly initialized: ['roberta.pooler.dense.bias', 'roberta.pooler.dense.weight']
You should probably TRAIN this model on a down-stream task to be able to use it for predictions and inference.
[step 0001/150] method=ours loss=0.6898 train_acc=nan train_loss=nan val_acc=nan val_loss=nan best=-1.0000
[step 0010/150] method=ours loss=0.7747 train_acc=nan train_loss=nan val_acc=nan val_loss=nan best=-1.0000
[step 0020/150] method=ours loss=0.6129 train_acc=nan train_loss=nan val_acc=nan val_loss=nan best=-1.0000
[step 0030/150] method=ours loss=0.4813 train_acc=nan train_loss=nan val_acc=nan val_loss=nan best=-1.0000
[step 0040/150] method=ours loss=0.5535 train_acc=nan train_loss=nan val_acc=nan val_loss=nan best=-1.0000
[step 0050/150] method=ours loss=0.3497 train_acc=0.7901 train_loss=0.4366 val_acc=0.7917 val_loss=0.4313 router_H=0.6902 best=0.7917
           router_load=[0.49096545577049255, 0.46696412563323975, 0.018190668895840645, 0.0238797664642334]
[step 0060/150] method=ours loss=0.3949 train_acc=0.7901 train_loss=0.4366 val_acc=0.7917 val_loss=0.4313 router_H=0.6902 best=0.7917
           router_load=[0.49096545577049255, 0.46696412563323975, 0.018190668895840645, 0.0238797664642334]
[step 0070/150] method=ours loss=0.4013 train_acc=0.7901 train_loss=0.4366 val_acc=0.7917 val_loss=0.4313 router_H=0.6902 best=0.7917
           router_load=[0.49096545577049255, 0.46696412563323975, 0.018190668895840645, 0.0238797664642334]
[step 0080/150] method=ours loss=0.3643 train_acc=0.7901 train_loss=0.4366 val_acc=0.7917 val_loss=0.4313 router_H=0.6902 best=0.7917
           router_load=[0.49096545577049255, 0.46696412563323975, 0.018190668895840645, 0.0238797664642334]
[step 0090/150] method=ours loss=0.9010 train_acc=0.7901 train_loss=0.4366 val_acc=0.7917 val_loss=0.4313 router_H=0.6902 best=0.7917
           router_load=[0.49096545577049255, 0.46696412563323975, 0.018190668895840645, 0.0238797664642334]
[step 0100/150] method=ours loss=0.5455 train_acc=0.8386 train_loss=0.3939 val_acc=0.8235 val_loss=0.4097 router_H=0.6916 best=0.8235
           router_load=[0.469148725271225, 0.2776595950126648, 0.024342209100723267, 0.22884947061538696]
[step 0110/150] method=ours loss=0.4983 train_acc=0.8386 train_loss=0.3939 val_acc=0.8235 val_loss=0.4097 router_H=0.6916 best=0.8235
           router_load=[0.469148725271225, 0.2776595950126648, 0.024342209100723267, 0.22884947061538696]
[step 0120/150] method=ours loss=0.3423 train_acc=0.8386 train_loss=0.3939 val_acc=0.8235 val_loss=0.4097 router_H=0.6916 best=0.8235
           router_load=[0.469148725271225, 0.2776595950126648, 0.024342209100723267, 0.22884947061538696]
[step 0130/150] method=ours loss=0.2619 train_acc=0.8386 train_loss=0.3939 val_acc=0.8235 val_loss=0.4097 router_H=0.6916 best=0.8235
           router_load=[0.469148725271225, 0.2776595950126648, 0.024342209100723267, 0.22884947061538696]
[step 0140/150] method=ours loss=0.5240 train_acc=0.8386 train_loss=0.3939 val_acc=0.8235 val_loss=0.4097 router_H=0.6916 best=0.8235
           router_load=[0.469148725271225, 0.2776595950126648, 0.024342209100723267, 0.22884947061538696]
[step 0150/150] method=ours loss=0.4344 train_acc=0.8509 train_loss=0.3583 val_acc=0.8407 val_loss=0.3740 router_H=0.6875 best=0.8407
           router_load=[0.5280699729919434, 0.2536085844039917, 0.10053525120019913, 0.1177862361073494]
saved summary -> /home/zhujjing/MOE-grad-conflict-routing/runs/paper_suite/single_gpu/single_task/roberta_mrpc_lora_e4_k2/hpo/ours/trial_runs/coord_02_anchor/ours_s3.json
saved curve -> /home/zhujjing/MOE-grad-conflict-routing/runs/paper_suite/single_gpu/single_task/roberta_mrpc_lora_e4_k2/hpo/ours/trial_runs/coord_02_anchor/ours_s3_curve.csv
