[run] method=ours candidate=coord_02_anchor seed=2 steps=150 gpu=0
[run] cmd=
/home/zhujjing/anaconda3/envs/moe/bin/python /home/zhujjing/MOE-grad-conflict-routing/scripts/run.py --config configs/singletask_mrpc_real.yaml --set model.backbone_backend=hf --set model.hf_load_pretrained=true --set model.backbone=roberta --set model.hf_pretrained_name=roberta-base --set model.expert_type=lora --set model.routing_mode=topk --set model.num_experts=4 --set model.top_k=2 --set seed=2 --set method.name=ours --set train.steps=150 --set train.eval_every_steps=50 --set method.ours.use_load_norm=true --set method.ours.lambda_align=0.001 --set train.grad_clip=1 --set train.lr=2.652769064e-05 --set train.weight_decay=0.01 --out /home/zhujjing/MOE-grad-conflict-routing/runs/paper_suite/single_gpu/single_task/roberta_mrpc_lora_e4_k2/hpo/ours/trial_runs/coord_02_anchor/ours_s2.json --curve_out /home/zhujjing/MOE-grad-conflict-routing/runs/paper_suite/single_gpu/single_task/roberta_mrpc_lora_e4_k2/hpo/ours/trial_runs/coord_02_anchor/ours_s2_curve.csv
Using the latest cached version of the dataset since glue couldn't be found on the Hugging Face Hub (offline mode is enabled).
Found the latest cached dataset configuration 'mrpc' at /home/zhujjing/hf_cache/datasets/glue/mrpc/0.0.0/bcdcba79d07bc864c1c254ccfcedcce55bcc9a8c (last modified on Thu Mar 19 15:01:06 2026).
/home/zhujjing/anaconda3/envs/moe/lib/python3.10/site-packages/transformers/utils/hub.py:124: FutureWarning: Using `TRANSFORMERS_CACHE` is deprecated and will be removed in v5 of Transformers. Use `HF_HOME` instead.
  warnings.warn(
Some weights of RobertaModel were not initialized from the model checkpoint at roberta-base and are newly initialized: ['roberta.pooler.dense.bias', 'roberta.pooler.dense.weight']
You should probably TRAIN this model on a down-stream task to be able to use it for predictions and inference.
[step 0001/150] method=ours loss=0.6741 train_acc=nan train_loss=nan val_acc=nan val_loss=nan best=-1.0000
[step 0010/150] method=ours loss=0.7229 train_acc=nan train_loss=nan val_acc=nan val_loss=nan best=-1.0000
[step 0020/150] method=ours loss=0.5523 train_acc=nan train_loss=nan val_acc=nan val_loss=nan best=-1.0000
[step 0030/150] method=ours loss=0.6116 train_acc=nan train_loss=nan val_acc=nan val_loss=nan best=-1.0000
[step 0040/150] method=ours loss=0.5118 train_acc=nan train_loss=nan val_acc=nan val_loss=nan best=-1.0000
[step 0050/150] method=ours loss=0.5290 train_acc=0.7574 train_loss=0.4908 val_acc=0.7672 val_loss=0.4913 router_H=0.6846 best=0.7672
           router_load=[0.5630160570144653, 0.039429206401109695, 0.16173237562179565, 0.2358223795890808]
[step 0060/150] method=ours loss=0.5918 train_acc=0.7574 train_loss=0.4908 val_acc=0.7672 val_loss=0.4913 router_H=0.6846 best=0.7672
           router_load=[0.5630160570144653, 0.039429206401109695, 0.16173237562179565, 0.2358223795890808]
[step 0070/150] method=ours loss=0.3265 train_acc=0.7574 train_loss=0.4908 val_acc=0.7672 val_loss=0.4913 router_H=0.6846 best=0.7672
           router_load=[0.5630160570144653, 0.039429206401109695, 0.16173237562179565, 0.2358223795890808]
[step 0080/150] method=ours loss=0.4257 train_acc=0.7574 train_loss=0.4908 val_acc=0.7672 val_loss=0.4913 router_H=0.6846 best=0.7672
           router_load=[0.5630160570144653, 0.039429206401109695, 0.16173237562179565, 0.2358223795890808]
[step 0090/150] method=ours loss=0.4141 train_acc=0.7574 train_loss=0.4908 val_acc=0.7672 val_loss=0.4913 router_H=0.6846 best=0.7672
           router_load=[0.5630160570144653, 0.039429206401109695, 0.16173237562179565, 0.2358223795890808]
[step 0100/150] method=ours loss=0.4906 train_acc=0.8228 train_loss=0.4611 val_acc=0.8284 val_loss=0.4673 router_H=0.6859 best=0.8284
           router_load=[0.5587167143821716, 0.05307883396744728, 0.23970092833042145, 0.14850345253944397]
[step 0110/150] method=ours loss=0.6702 train_acc=0.8228 train_loss=0.4611 val_acc=0.8284 val_loss=0.4673 router_H=0.6859 best=0.8284
           router_load=[0.5587167143821716, 0.05307883396744728, 0.23970092833042145, 0.14850345253944397]
[step 0120/150] method=ours loss=0.3961 train_acc=0.8228 train_loss=0.4611 val_acc=0.8284 val_loss=0.4673 router_H=0.6859 best=0.8284
           router_load=[0.5587167143821716, 0.05307883396744728, 0.23970092833042145, 0.14850345253944397]
[step 0130/150] method=ours loss=0.4985 train_acc=0.8228 train_loss=0.4611 val_acc=0.8284 val_loss=0.4673 router_H=0.6859 best=0.8284
           router_load=[0.5587167143821716, 0.05307883396744728, 0.23970092833042145, 0.14850345253944397]
[step 0140/150] method=ours loss=0.3647 train_acc=0.8228 train_loss=0.4611 val_acc=0.8284 val_loss=0.4673 router_H=0.6859 best=0.8284
           router_load=[0.5587167143821716, 0.05307883396744728, 0.23970092833042145, 0.14850345253944397]
[step 0150/150] method=ours loss=0.7824 train_acc=0.8378 train_loss=0.3721 val_acc=0.8284 val_loss=0.4064 router_H=0.6888 best=0.8284
           router_load=[0.5409666895866394, 0.00653187558054924, 0.38139215111732483, 0.07110927999019623]
saved summary -> /home/zhujjing/MOE-grad-conflict-routing/runs/paper_suite/single_gpu/single_task/roberta_mrpc_lora_e4_k2/hpo/ours/trial_runs/coord_02_anchor/ours_s2.json
saved curve -> /home/zhujjing/MOE-grad-conflict-routing/runs/paper_suite/single_gpu/single_task/roberta_mrpc_lora_e4_k2/hpo/ours/trial_runs/coord_02_anchor/ours_s2_curve.csv
