[run] method=ours candidate=coord_02_train_weight_decay_012 seed=2 steps=150 gpu=0
[run] cmd=
/home/zhujjing/anaconda3/envs/moe/bin/python /home/zhujjing/MOE-grad-conflict-routing/scripts/run.py --config configs/singletask_mrpc_real.yaml --set model.backbone_backend=hf --set model.hf_load_pretrained=true --set model.backbone=roberta --set model.hf_pretrained_name=roberta-base --set model.expert_type=lora --set model.routing_mode=topk --set model.num_experts=4 --set model.top_k=2 --set seed=2 --set method.name=ours --set train.steps=150 --set train.eval_every_steps=50 --set method.ours.use_load_norm=true --set method.ours.lambda_align=0.001 --set train.grad_clip=1 --set train.lr=2.652769064e-05 --set train.weight_decay=0.0377986009 --out /home/zhujjing/MOE-grad-conflict-routing/runs/paper_suite/single_gpu/single_task/roberta_mrpc_lora_e4_k2/hpo/ours/trial_runs/coord_02_train_weight_decay_012/ours_s2.json --curve_out /home/zhujjing/MOE-grad-conflict-routing/runs/paper_suite/single_gpu/single_task/roberta_mrpc_lora_e4_k2/hpo/ours/trial_runs/coord_02_train_weight_decay_012/ours_s2_curve.csv
Using the latest cached version of the dataset since glue couldn't be found on the Hugging Face Hub (offline mode is enabled).
Found the latest cached dataset configuration 'mrpc' at /home/zhujjing/hf_cache/datasets/glue/mrpc/0.0.0/bcdcba79d07bc864c1c254ccfcedcce55bcc9a8c (last modified on Thu Mar 19 15:01:06 2026).
/home/zhujjing/anaconda3/envs/moe/lib/python3.10/site-packages/transformers/utils/hub.py:124: FutureWarning: Using `TRANSFORMERS_CACHE` is deprecated and will be removed in v5 of Transformers. Use `HF_HOME` instead.
  warnings.warn(
Some weights of RobertaModel were not initialized from the model checkpoint at roberta-base and are newly initialized: ['roberta.pooler.dense.bias', 'roberta.pooler.dense.weight']
You should probably TRAIN this model on a down-stream task to be able to use it for predictions and inference.
[step 0001/150] method=ours loss=0.8149 train_acc=nan train_loss=nan val_acc=nan val_loss=nan best=-1.0000
[step 0010/150] method=ours loss=0.6932 train_acc=nan train_loss=nan val_acc=nan val_loss=nan best=-1.0000
[step 0020/150] method=ours loss=0.6030 train_acc=nan train_loss=nan val_acc=nan val_loss=nan best=-1.0000
[step 0030/150] method=ours loss=0.6911 train_acc=nan train_loss=nan val_acc=nan val_loss=nan best=-1.0000
[step 0040/150] method=ours loss=0.5260 train_acc=nan train_loss=nan val_acc=nan val_loss=nan best=-1.0000
[step 0050/150] method=ours loss=0.5007 train_acc=0.7478 train_loss=0.5152 val_acc=0.7549 val_loss=0.5023 router_H=0.6921 best=0.7549
           router_load=[0.46106967329978943, 0.04184611141681671, 0.0, 0.4970841407775879]
[step 0060/150] method=ours loss=0.5685 train_acc=0.7478 train_loss=0.5152 val_acc=0.7549 val_loss=0.5023 router_H=0.6921 best=0.7549
           router_load=[0.46106967329978943, 0.04184611141681671, 0.0, 0.4970841407775879]
[step 0070/150] method=ours loss=0.3954 train_acc=0.7478 train_loss=0.5152 val_acc=0.7549 val_loss=0.5023 router_H=0.6921 best=0.7549
           router_load=[0.46106967329978943, 0.04184611141681671, 0.0, 0.4970841407775879]
[step 0080/150] method=ours loss=0.4195 train_acc=0.7478 train_loss=0.5152 val_acc=0.7549 val_loss=0.5023 router_H=0.6921 best=0.7549
           router_load=[0.46106967329978943, 0.04184611141681671, 0.0, 0.4970841407775879]
[step 0090/150] method=ours loss=0.2719 train_acc=0.7478 train_loss=0.5152 val_acc=0.7549 val_loss=0.5023 router_H=0.6921 best=0.7549
           router_load=[0.46106967329978943, 0.04184611141681671, 0.0, 0.4970841407775879]
[step 0100/150] method=ours loss=0.5488 train_acc=0.8182 train_loss=0.4072 val_acc=0.8015 val_loss=0.4138 router_H=0.6890 best=0.8015
           router_load=[0.43875136971473694, 0.12392307072877884, 0.0, 0.4373255670070648]
[step 0110/150] method=ours loss=0.6200 train_acc=0.8182 train_loss=0.4072 val_acc=0.8015 val_loss=0.4138 router_H=0.6890 best=0.8015
           router_load=[0.43875136971473694, 0.12392307072877884, 0.0, 0.4373255670070648]
[step 0120/150] method=ours loss=0.2705 train_acc=0.8182 train_loss=0.4072 val_acc=0.8015 val_loss=0.4138 router_H=0.6890 best=0.8015
           router_load=[0.43875136971473694, 0.12392307072877884, 0.0, 0.4373255670070648]
[step 0130/150] method=ours loss=0.4352 train_acc=0.8182 train_loss=0.4072 val_acc=0.8015 val_loss=0.4138 router_H=0.6890 best=0.8015
           router_load=[0.43875136971473694, 0.12392307072877884, 0.0, 0.4373255670070648]
[step 0140/150] method=ours loss=0.4241 train_acc=0.8182 train_loss=0.4072 val_acc=0.8015 val_loss=0.4138 router_H=0.6890 best=0.8015
           router_load=[0.43875136971473694, 0.12392307072877884, 0.0, 0.4373255670070648]
[step 0150/150] method=ours loss=0.8033 train_acc=0.8522 train_loss=0.3454 val_acc=0.8775 val_loss=0.3408 router_H=0.6820 best=0.8775
           router_load=[0.5333362221717834, 0.0194392129778862, 0.0, 0.4472247064113617]
saved summary -> /home/zhujjing/MOE-grad-conflict-routing/runs/paper_suite/single_gpu/single_task/roberta_mrpc_lora_e4_k2/hpo/ours/trial_runs/coord_02_train_weight_decay_012/ours_s2.json
saved curve -> /home/zhujjing/MOE-grad-conflict-routing/runs/paper_suite/single_gpu/single_task/roberta_mrpc_lora_e4_k2/hpo/ours/trial_runs/coord_02_train_weight_decay_012/ours_s2_curve.csv
