[run] method=ours candidate=coord_02_train_weight_decay_015 seed=3 steps=150 gpu=0
[run] cmd=
/home/zhujjing/anaconda3/envs/moe/bin/python /home/zhujjing/MOE-grad-conflict-routing/scripts/run.py --config configs/singletask_mrpc_real.yaml --set model.backbone_backend=hf --set model.hf_load_pretrained=true --set model.backbone=roberta --set model.hf_pretrained_name=roberta-base --set model.expert_type=lora --set model.routing_mode=topk --set model.num_experts=4 --set model.top_k=2 --set seed=3 --set method.name=ours --set train.steps=150 --set train.eval_every_steps=50 --set method.ours.use_load_norm=true --set method.ours.lambda_align=0.001 --set train.grad_clip=1 --set train.lr=2.652769064e-05 --set train.weight_decay=0.001265792638 --out /home/zhujjing/MOE-grad-conflict-routing/runs/paper_suite/single_gpu/single_task/roberta_mrpc_lora_e4_k2/hpo/ours/trial_runs/coord_02_train_weight_decay_015/ours_s3.json --curve_out /home/zhujjing/MOE-grad-conflict-routing/runs/paper_suite/single_gpu/single_task/roberta_mrpc_lora_e4_k2/hpo/ours/trial_runs/coord_02_train_weight_decay_015/ours_s3_curve.csv
Using the latest cached version of the dataset since glue couldn't be found on the Hugging Face Hub (offline mode is enabled).
Found the latest cached dataset configuration 'mrpc' at /home/zhujjing/hf_cache/datasets/glue/mrpc/0.0.0/bcdcba79d07bc864c1c254ccfcedcce55bcc9a8c (last modified on Thu Mar 19 15:01:06 2026).
/home/zhujjing/anaconda3/envs/moe/lib/python3.10/site-packages/transformers/utils/hub.py:124: FutureWarning: Using `TRANSFORMERS_CACHE` is deprecated and will be removed in v5 of Transformers. Use `HF_HOME` instead.
  warnings.warn(
Some weights of RobertaModel were not initialized from the model checkpoint at roberta-base and are newly initialized: ['roberta.pooler.dense.bias', 'roberta.pooler.dense.weight']
You should probably TRAIN this model on a down-stream task to be able to use it for predictions and inference.
[step 0001/150] method=ours loss=0.6595 train_acc=nan train_loss=nan val_acc=nan val_loss=nan best=-1.0000
[step 0010/150] method=ours loss=0.7426 train_acc=nan train_loss=nan val_acc=nan val_loss=nan best=-1.0000
[step 0020/150] method=ours loss=0.5712 train_acc=nan train_loss=nan val_acc=nan val_loss=nan best=-1.0000
[step 0030/150] method=ours loss=0.5867 train_acc=nan train_loss=nan val_acc=nan val_loss=nan best=-1.0000
[step 0040/150] method=ours loss=0.6570 train_acc=nan train_loss=nan val_acc=nan val_loss=nan best=-1.0000
[step 0050/150] method=ours loss=0.3982 train_acc=0.7805 train_loss=0.4612 val_acc=0.7819 val_loss=0.4597 router_H=0.6893 best=0.7819
           router_load=[0.47233664989471436, 0.0, 0.5276633501052856, 0.0]
[step 0060/150] method=ours loss=0.5438 train_acc=0.7805 train_loss=0.4612 val_acc=0.7819 val_loss=0.4597 router_H=0.6893 best=0.7819
           router_load=[0.47233664989471436, 0.0, 0.5276633501052856, 0.0]
[step 0070/150] method=ours loss=0.2416 train_acc=0.7805 train_loss=0.4612 val_acc=0.7819 val_loss=0.4597 router_H=0.6893 best=0.7819
           router_load=[0.47233664989471436, 0.0, 0.5276633501052856, 0.0]
[step 0080/150] method=ours loss=0.4156 train_acc=0.7805 train_loss=0.4612 val_acc=0.7819 val_loss=0.4597 router_H=0.6893 best=0.7819
           router_load=[0.47233664989471436, 0.0, 0.5276633501052856, 0.0]
[step 0090/150] method=ours loss=0.6155 train_acc=0.7805 train_loss=0.4612 val_acc=0.7819 val_loss=0.4597 router_H=0.6893 best=0.7819
           router_load=[0.47233664989471436, 0.0, 0.5276633501052856, 0.0]
[step 0100/150] method=ours loss=0.5812 train_acc=0.8476 train_loss=0.3582 val_acc=0.8260 val_loss=0.3737 router_H=0.6911 best=0.8260
           router_load=[0.4971243143081665, 0.0, 0.5028757452964783, 0.0]
[step 0110/150] method=ours loss=0.4787 train_acc=0.8476 train_loss=0.3582 val_acc=0.8260 val_loss=0.3737 router_H=0.6911 best=0.8260
           router_load=[0.4971243143081665, 0.0, 0.5028757452964783, 0.0]
[step 0120/150] method=ours loss=0.3097 train_acc=0.8476 train_loss=0.3582 val_acc=0.8260 val_loss=0.3737 router_H=0.6911 best=0.8260
           router_load=[0.4971243143081665, 0.0, 0.5028757452964783, 0.0]
[step 0130/150] method=ours loss=0.4212 train_acc=0.8476 train_loss=0.3582 val_acc=0.8260 val_loss=0.3737 router_H=0.6911 best=0.8260
           router_load=[0.4971243143081665, 0.0, 0.5028757452964783, 0.0]
[step 0140/150] method=ours loss=0.5482 train_acc=0.8476 train_loss=0.3582 val_acc=0.8260 val_loss=0.3737 router_H=0.6911 best=0.8260
           router_load=[0.4971243143081665, 0.0, 0.5028757452964783, 0.0]
[step 0150/150] method=ours loss=0.4970 train_acc=0.8727 train_loss=0.3295 val_acc=0.8554 val_loss=0.3475 router_H=0.6914 best=0.8554
           router_load=[0.49762266874313354, 0.0, 0.5023773908615112, 0.0]
saved summary -> /home/zhujjing/MOE-grad-conflict-routing/runs/paper_suite/single_gpu/single_task/roberta_mrpc_lora_e4_k2/hpo/ours/trial_runs/coord_02_train_weight_decay_015/ours_s3.json
saved curve -> /home/zhujjing/MOE-grad-conflict-routing/runs/paper_suite/single_gpu/single_task/roberta_mrpc_lora_e4_k2/hpo/ours/trial_runs/coord_02_train_weight_decay_015/ours_s3_curve.csv
