[run] method=ours candidate=coord_02_train_weight_decay_002 seed=3 steps=150 gpu=0
[run] cmd=
/home/zhujjing/anaconda3/envs/moe/bin/python /home/zhujjing/MOE-grad-conflict-routing/scripts/run.py --config configs/singletask_mrpc_real.yaml --set model.backbone_backend=hf --set model.hf_load_pretrained=true --set model.backbone=roberta --set model.hf_pretrained_name=roberta-base --set model.expert_type=lora --set model.routing_mode=topk --set model.num_experts=4 --set model.top_k=2 --set seed=3 --set method.name=ours --set train.steps=150 --set train.eval_every_steps=50 --set method.ours.use_load_norm=true --set method.ours.lambda_align=0.001 --set train.grad_clip=1 --set train.lr=2.652769064e-05 --set train.weight_decay=0.002820878098 --out /home/zhujjing/MOE-grad-conflict-routing/runs/paper_suite/single_gpu/single_task/roberta_mrpc_lora_e4_k2/hpo/ours/trial_runs/coord_02_train_weight_decay_002/ours_s3.json --curve_out /home/zhujjing/MOE-grad-conflict-routing/runs/paper_suite/single_gpu/single_task/roberta_mrpc_lora_e4_k2/hpo/ours/trial_runs/coord_02_train_weight_decay_002/ours_s3_curve.csv
Using the latest cached version of the dataset since glue couldn't be found on the Hugging Face Hub (offline mode is enabled).
Found the latest cached dataset configuration 'mrpc' at /home/zhujjing/hf_cache/datasets/glue/mrpc/0.0.0/bcdcba79d07bc864c1c254ccfcedcce55bcc9a8c (last modified on Thu Mar 19 15:01:06 2026).
/home/zhujjing/anaconda3/envs/moe/lib/python3.10/site-packages/transformers/utils/hub.py:124: FutureWarning: Using `TRANSFORMERS_CACHE` is deprecated and will be removed in v5 of Transformers. Use `HF_HOME` instead.
  warnings.warn(
Some weights of RobertaModel were not initialized from the model checkpoint at roberta-base and are newly initialized: ['roberta.pooler.dense.bias', 'roberta.pooler.dense.weight']
You should probably TRAIN this model on a down-stream task to be able to use it for predictions and inference.
[step 0001/150] method=ours loss=0.6493 train_acc=nan train_loss=nan val_acc=nan val_loss=nan best=-1.0000
[step 0010/150] method=ours loss=0.7444 train_acc=nan train_loss=nan val_acc=nan val_loss=nan best=-1.0000
[step 0020/150] method=ours loss=0.6329 train_acc=nan train_loss=nan val_acc=nan val_loss=nan best=-1.0000
[step 0030/150] method=ours loss=0.5317 train_acc=nan train_loss=nan val_acc=nan val_loss=nan best=-1.0000
[step 0040/150] method=ours loss=0.6292 train_acc=nan train_loss=nan val_acc=nan val_loss=nan best=-1.0000
[step 0050/150] method=ours loss=0.4131 train_acc=0.7792 train_loss=0.4507 val_acc=0.7745 val_loss=0.4421 router_H=0.6916 best=0.7745
           router_load=[0.21681365370750427, 0.4598540961742401, 0.0, 0.3233322203159332]
[step 0060/150] method=ours loss=0.3883 train_acc=0.7792 train_loss=0.4507 val_acc=0.7745 val_loss=0.4421 router_H=0.6916 best=0.7745
           router_load=[0.21681365370750427, 0.4598540961742401, 0.0, 0.3233322203159332]
[step 0070/150] method=ours loss=0.3749 train_acc=0.7792 train_loss=0.4507 val_acc=0.7745 val_loss=0.4421 router_H=0.6916 best=0.7745
           router_load=[0.21681365370750427, 0.4598540961742401, 0.0, 0.3233322203159332]
[step 0080/150] method=ours loss=0.4805 train_acc=0.7792 train_loss=0.4507 val_acc=0.7745 val_loss=0.4421 router_H=0.6916 best=0.7745
           router_load=[0.21681365370750427, 0.4598540961742401, 0.0, 0.3233322203159332]
[step 0090/150] method=ours loss=0.6525 train_acc=0.7792 train_loss=0.4507 val_acc=0.7745 val_loss=0.4421 router_H=0.6916 best=0.7745
           router_load=[0.21681365370750427, 0.4598540961742401, 0.0, 0.3233322203159332]
[step 0100/150] method=ours loss=0.3977 train_acc=0.8220 train_loss=0.3825 val_acc=0.7770 val_loss=0.4063 router_H=0.6821 best=0.7770
           router_load=[0.2948053479194641, 0.5348188877105713, 0.0, 0.1703757494688034]
[step 0110/150] method=ours loss=0.5407 train_acc=0.8220 train_loss=0.3825 val_acc=0.7770 val_loss=0.4063 router_H=0.6821 best=0.7770
           router_load=[0.2948053479194641, 0.5348188877105713, 0.0, 0.1703757494688034]
[step 0120/150] method=ours loss=0.3748 train_acc=0.8220 train_loss=0.3825 val_acc=0.7770 val_loss=0.4063 router_H=0.6821 best=0.7770
           router_load=[0.2948053479194641, 0.5348188877105713, 0.0, 0.1703757494688034]
[step 0130/150] method=ours loss=0.3398 train_acc=0.8220 train_loss=0.3825 val_acc=0.7770 val_loss=0.4063 router_H=0.6821 best=0.7770
           router_load=[0.2948053479194641, 0.5348188877105713, 0.0, 0.1703757494688034]
[step 0140/150] method=ours loss=0.5545 train_acc=0.8220 train_loss=0.3825 val_acc=0.7770 val_loss=0.4063 router_H=0.6821 best=0.7770
           router_load=[0.2948053479194641, 0.5348188877105713, 0.0, 0.1703757494688034]
[step 0150/150] method=ours loss=0.4676 train_acc=0.8563 train_loss=0.3479 val_acc=0.8431 val_loss=0.3568 router_H=0.6844 best=0.8431
           router_load=[0.40893980860710144, 0.556699275970459, 0.0, 0.0343608632683754]
saved summary -> /home/zhujjing/MOE-grad-conflict-routing/runs/paper_suite/single_gpu/single_task/roberta_mrpc_lora_e4_k2/hpo/ours/trial_runs/coord_02_train_weight_decay_002/ours_s3.json
saved curve -> /home/zhujjing/MOE-grad-conflict-routing/runs/paper_suite/single_gpu/single_task/roberta_mrpc_lora_e4_k2/hpo/ours/trial_runs/coord_02_train_weight_decay_002/ours_s3_curve.csv
