[run] method=ours candidate=coord_02_train_weight_decay_010 seed=2 steps=150 gpu=0
[run] cmd=
/home/zhujjing/anaconda3/envs/moe/bin/python /home/zhujjing/MOE-grad-conflict-routing/scripts/run.py --config configs/singletask_mrpc_real.yaml --set model.backbone_backend=hf --set model.hf_load_pretrained=true --set model.backbone=roberta --set model.hf_pretrained_name=roberta-base --set model.expert_type=lora --set model.routing_mode=topk --set model.num_experts=4 --set model.top_k=2 --set seed=2 --set method.name=ours --set train.steps=150 --set train.eval_every_steps=50 --set method.ours.use_load_norm=true --set method.ours.lambda_align=0.001 --set train.grad_clip=1 --set train.lr=2.652769064e-05 --set train.weight_decay=0.01569929632 --out /home/zhujjing/MOE-grad-conflict-routing/runs/paper_suite/single_gpu/single_task/roberta_mrpc_lora_e4_k2/hpo/ours/trial_runs/coord_02_train_weight_decay_010/ours_s2.json --curve_out /home/zhujjing/MOE-grad-conflict-routing/runs/paper_suite/single_gpu/single_task/roberta_mrpc_lora_e4_k2/hpo/ours/trial_runs/coord_02_train_weight_decay_010/ours_s2_curve.csv
Using the latest cached version of the dataset since glue couldn't be found on the Hugging Face Hub (offline mode is enabled).
Found the latest cached dataset configuration 'mrpc' at /home/zhujjing/hf_cache/datasets/glue/mrpc/0.0.0/bcdcba79d07bc864c1c254ccfcedcce55bcc9a8c (last modified on Thu Mar 19 15:01:06 2026).
/home/zhujjing/anaconda3/envs/moe/lib/python3.10/site-packages/transformers/utils/hub.py:124: FutureWarning: Using `TRANSFORMERS_CACHE` is deprecated and will be removed in v5 of Transformers. Use `HF_HOME` instead.
  warnings.warn(
Some weights of RobertaModel were not initialized from the model checkpoint at roberta-base and are newly initialized: ['roberta.pooler.dense.bias', 'roberta.pooler.dense.weight']
You should probably TRAIN this model on a down-stream task to be able to use it for predictions and inference.
[step 0001/150] method=ours loss=0.6889 train_acc=nan train_loss=nan val_acc=nan val_loss=nan best=-1.0000
[step 0010/150] method=ours loss=0.6942 train_acc=nan train_loss=nan val_acc=nan val_loss=nan best=-1.0000
[step 0020/150] method=ours loss=0.5969 train_acc=nan train_loss=nan val_acc=nan val_loss=nan best=-1.0000
[step 0030/150] method=ours loss=0.5987 train_acc=nan train_loss=nan val_acc=nan val_loss=nan best=-1.0000
[step 0040/150] method=ours loss=0.4643 train_acc=nan train_loss=nan val_acc=nan val_loss=nan best=-1.0000
[step 0050/150] method=ours loss=0.4822 train_acc=0.7852 train_loss=0.4623 val_acc=0.7941 val_loss=0.4560 router_H=0.6878 best=0.7941
           router_load=[0.03014516644179821, 0.0, 0.5355283617973328, 0.4343264102935791]
[step 0060/150] method=ours loss=0.6867 train_acc=0.7852 train_loss=0.4623 val_acc=0.7941 val_loss=0.4560 router_H=0.6878 best=0.7941
           router_load=[0.03014516644179821, 0.0, 0.5355283617973328, 0.4343264102935791]
[step 0070/150] method=ours loss=0.3095 train_acc=0.7852 train_loss=0.4623 val_acc=0.7941 val_loss=0.4560 router_H=0.6878 best=0.7941
           router_load=[0.03014516644179821, 0.0, 0.5355283617973328, 0.4343264102935791]
[step 0080/150] method=ours loss=0.3383 train_acc=0.7852 train_loss=0.4623 val_acc=0.7941 val_loss=0.4560 router_H=0.6878 best=0.7941
           router_load=[0.03014516644179821, 0.0, 0.5355283617973328, 0.4343264102935791]
[step 0090/150] method=ours loss=0.2926 train_acc=0.7852 train_loss=0.4623 val_acc=0.7941 val_loss=0.4560 router_H=0.6878 best=0.7941
           router_load=[0.03014516644179821, 0.0, 0.5355283617973328, 0.4343264102935791]
[step 0100/150] method=ours loss=0.5069 train_acc=0.8299 train_loss=0.4440 val_acc=0.8113 val_loss=0.4542 router_H=0.6857 best=0.8113
           router_load=[0.020724808797240257, 0.001116532483138144, 0.5538548231124878, 0.4243038296699524]
[step 0110/150] method=ours loss=0.5603 train_acc=0.8299 train_loss=0.4440 val_acc=0.8113 val_loss=0.4542 router_H=0.6857 best=0.8113
           router_load=[0.020724808797240257, 0.001116532483138144, 0.5538548231124878, 0.4243038296699524]
[step 0120/150] method=ours loss=0.2891 train_acc=0.8299 train_loss=0.4440 val_acc=0.8113 val_loss=0.4542 router_H=0.6857 best=0.8113
           router_load=[0.020724808797240257, 0.001116532483138144, 0.5538548231124878, 0.4243038296699524]
[step 0130/150] method=ours loss=0.4941 train_acc=0.8299 train_loss=0.4440 val_acc=0.8113 val_loss=0.4542 router_H=0.6857 best=0.8113
           router_load=[0.020724808797240257, 0.001116532483138144, 0.5538548231124878, 0.4243038296699524]
[step 0140/150] method=ours loss=0.2356 train_acc=0.8299 train_loss=0.4440 val_acc=0.8113 val_loss=0.4542 router_H=0.6857 best=0.8113
           router_load=[0.020724808797240257, 0.001116532483138144, 0.5538548231124878, 0.4243038296699524]
[step 0150/150] method=ours loss=1.0317 train_acc=0.8610 train_loss=0.3690 val_acc=0.8554 val_loss=0.3967 router_H=0.6553 best=0.8554
           router_load=[0.0655001699924469, 0.119910828769207, 0.229327991604805, 0.5852610468864441]
saved summary -> /home/zhujjing/MOE-grad-conflict-routing/runs/paper_suite/single_gpu/single_task/roberta_mrpc_lora_e4_k2/hpo/ours/trial_runs/coord_02_train_weight_decay_010/ours_s2.json
saved curve -> /home/zhujjing/MOE-grad-conflict-routing/runs/paper_suite/single_gpu/single_task/roberta_mrpc_lora_e4_k2/hpo/ours/trial_runs/coord_02_train_weight_decay_010/ours_s2_curve.csv
