[run] method=ours candidate=coord_02_train_weight_decay_022 seed=3 steps=150 gpu=0
[run] cmd=
/home/zhujjing/anaconda3/envs/moe/bin/python /home/zhujjing/MOE-grad-conflict-routing/scripts/run.py --config configs/singletask_mrpc_real.yaml --set model.backbone_backend=hf --set model.hf_load_pretrained=true --set model.backbone=roberta --set model.hf_pretrained_name=roberta-base --set model.expert_type=lora --set model.routing_mode=topk --set model.num_experts=4 --set model.top_k=2 --set seed=3 --set method.name=ours --set train.steps=150 --set train.eval_every_steps=50 --set method.ours.use_load_norm=true --set method.ours.lambda_align=0.001 --set train.grad_clip=1 --set train.lr=2.652769064e-05 --set train.weight_decay=0.01547655633 --out /home/zhujjing/MOE-grad-conflict-routing/runs/paper_suite/single_gpu/single_task/roberta_mrpc_lora_e4_k2/hpo/ours/trial_runs/coord_02_train_weight_decay_022/ours_s3.json --curve_out /home/zhujjing/MOE-grad-conflict-routing/runs/paper_suite/single_gpu/single_task/roberta_mrpc_lora_e4_k2/hpo/ours/trial_runs/coord_02_train_weight_decay_022/ours_s3_curve.csv
Using the latest cached version of the dataset since glue couldn't be found on the Hugging Face Hub (offline mode is enabled).
Found the latest cached dataset configuration 'mrpc' at /home/zhujjing/hf_cache/datasets/glue/mrpc/0.0.0/bcdcba79d07bc864c1c254ccfcedcce55bcc9a8c (last modified on Thu Mar 19 15:01:06 2026).
/home/zhujjing/anaconda3/envs/moe/lib/python3.10/site-packages/transformers/utils/hub.py:124: FutureWarning: Using `TRANSFORMERS_CACHE` is deprecated and will be removed in v5 of Transformers. Use `HF_HOME` instead.
  warnings.warn(
Some weights of RobertaModel were not initialized from the model checkpoint at roberta-base and are newly initialized: ['roberta.pooler.dense.bias', 'roberta.pooler.dense.weight']
You should probably TRAIN this model on a down-stream task to be able to use it for predictions and inference.
[step 0001/150] method=ours loss=0.6724 train_acc=nan train_loss=nan val_acc=nan val_loss=nan best=-1.0000
[step 0010/150] method=ours loss=0.7556 train_acc=nan train_loss=nan val_acc=nan val_loss=nan best=-1.0000
[step 0020/150] method=ours loss=0.6241 train_acc=nan train_loss=nan val_acc=nan val_loss=nan best=-1.0000
[step 0030/150] method=ours loss=0.5512 train_acc=nan train_loss=nan val_acc=nan val_loss=nan best=-1.0000
[step 0040/150] method=ours loss=0.5960 train_acc=nan train_loss=nan val_acc=nan val_loss=nan best=-1.0000
[step 0050/150] method=ours loss=0.4312 train_acc=0.7803 train_loss=0.4540 val_acc=0.8039 val_loss=0.4345 router_H=0.6882 best=0.8039
           router_load=[0.0, 0.2716522216796875, 0.22856061160564423, 0.4997870624065399]
[step 0060/150] method=ours loss=0.4042 train_acc=0.7803 train_loss=0.4540 val_acc=0.8039 val_loss=0.4345 router_H=0.6882 best=0.8039
           router_load=[0.0, 0.2716522216796875, 0.22856061160564423, 0.4997870624065399]
[step 0070/150] method=ours loss=0.3466 train_acc=0.7803 train_loss=0.4540 val_acc=0.8039 val_loss=0.4345 router_H=0.6882 best=0.8039
           router_load=[0.0, 0.2716522216796875, 0.22856061160564423, 0.4997870624065399]
[step 0080/150] method=ours loss=0.4789 train_acc=0.7803 train_loss=0.4540 val_acc=0.8039 val_loss=0.4345 router_H=0.6882 best=0.8039
           router_load=[0.0, 0.2716522216796875, 0.22856061160564423, 0.4997870624065399]
[step 0090/150] method=ours loss=0.6499 train_acc=0.7803 train_loss=0.4540 val_acc=0.8039 val_loss=0.4345 router_H=0.6882 best=0.8039
           router_load=[0.0, 0.2716522216796875, 0.22856061160564423, 0.4997870624065399]
[step 0100/150] method=ours loss=0.4697 train_acc=0.8293 train_loss=0.4009 val_acc=0.8309 val_loss=0.4125 router_H=0.6896 best=0.8309
           router_load=[0.0, 0.23445402085781097, 0.2803296148777008, 0.4852164089679718]
[step 0110/150] method=ours loss=0.3156 train_acc=0.8293 train_loss=0.4009 val_acc=0.8309 val_loss=0.4125 router_H=0.6896 best=0.8309
           router_load=[0.0, 0.23445402085781097, 0.2803296148777008, 0.4852164089679718]
[step 0120/150] method=ours loss=0.2579 train_acc=0.8293 train_loss=0.4009 val_acc=0.8309 val_loss=0.4125 router_H=0.6896 best=0.8309
           router_load=[0.0, 0.23445402085781097, 0.2803296148777008, 0.4852164089679718]
[step 0130/150] method=ours loss=0.3181 train_acc=0.8293 train_loss=0.4009 val_acc=0.8309 val_loss=0.4125 router_H=0.6896 best=0.8309
           router_load=[0.0, 0.23445402085781097, 0.2803296148777008, 0.4852164089679718]
[step 0140/150] method=ours loss=0.6727 train_acc=0.8293 train_loss=0.4009 val_acc=0.8309 val_loss=0.4125 router_H=0.6896 best=0.8309
           router_load=[0.0, 0.23445402085781097, 0.2803296148777008, 0.4852164089679718]
[step 0150/150] method=ours loss=0.5950 train_acc=0.8370 train_loss=0.3617 val_acc=0.8431 val_loss=0.3625 router_H=0.6845 best=0.8431
           router_load=[0.0, 0.33769384026527405, 0.23620791733264923, 0.4260983467102051]
saved summary -> /home/zhujjing/MOE-grad-conflict-routing/runs/paper_suite/single_gpu/single_task/roberta_mrpc_lora_e4_k2/hpo/ours/trial_runs/coord_02_train_weight_decay_022/ours_s3.json
saved curve -> /home/zhujjing/MOE-grad-conflict-routing/runs/paper_suite/single_gpu/single_task/roberta_mrpc_lora_e4_k2/hpo/ours/trial_runs/coord_02_train_weight_decay_022/ours_s3_curve.csv
