[run] method=ours candidate=coord_02_train_weight_decay_008 seed=2 steps=150 gpu=0
[run] cmd=
/home/zhujjing/anaconda3/envs/moe/bin/python /home/zhujjing/MOE-grad-conflict-routing/scripts/run.py --config configs/singletask_mrpc_real.yaml --set model.backbone_backend=hf --set model.hf_load_pretrained=true --set model.backbone=roberta --set model.hf_pretrained_name=roberta-base --set model.expert_type=lora --set model.routing_mode=topk --set model.num_experts=4 --set model.top_k=2 --set seed=2 --set method.name=ours --set train.steps=150 --set train.eval_every_steps=50 --set method.ours.use_load_norm=true --set method.ours.lambda_align=0.001 --set train.grad_clip=1 --set train.lr=2.652769064e-05 --set train.weight_decay=0.02294122098 --out /home/zhujjing/MOE-grad-conflict-routing/runs/paper_suite/single_gpu/single_task/roberta_mrpc_lora_e4_k2/hpo/ours/trial_runs/coord_02_train_weight_decay_008/ours_s2.json --curve_out /home/zhujjing/MOE-grad-conflict-routing/runs/paper_suite/single_gpu/single_task/roberta_mrpc_lora_e4_k2/hpo/ours/trial_runs/coord_02_train_weight_decay_008/ours_s2_curve.csv
Using the latest cached version of the dataset since glue couldn't be found on the Hugging Face Hub (offline mode is enabled).
Found the latest cached dataset configuration 'mrpc' at /home/zhujjing/hf_cache/datasets/glue/mrpc/0.0.0/bcdcba79d07bc864c1c254ccfcedcce55bcc9a8c (last modified on Thu Mar 19 15:01:06 2026).
/home/zhujjing/anaconda3/envs/moe/lib/python3.10/site-packages/transformers/utils/hub.py:124: FutureWarning: Using `TRANSFORMERS_CACHE` is deprecated and will be removed in v5 of Transformers. Use `HF_HOME` instead.
  warnings.warn(
Some weights of RobertaModel were not initialized from the model checkpoint at roberta-base and are newly initialized: ['roberta.pooler.dense.bias', 'roberta.pooler.dense.weight']
You should probably TRAIN this model on a down-stream task to be able to use it for predictions and inference.
[step 0001/150] method=ours loss=0.6775 train_acc=nan train_loss=nan val_acc=nan val_loss=nan best=-1.0000
[step 0010/150] method=ours loss=0.6951 train_acc=nan train_loss=nan val_acc=nan val_loss=nan best=-1.0000
[step 0020/150] method=ours loss=0.6330 train_acc=nan train_loss=nan val_acc=nan val_loss=nan best=-1.0000
[step 0030/150] method=ours loss=0.7431 train_acc=nan train_loss=nan val_acc=nan val_loss=nan best=-1.0000
[step 0040/150] method=ours loss=0.5634 train_acc=nan train_loss=nan val_acc=nan val_loss=nan best=-1.0000
[step 0050/150] method=ours loss=0.5057 train_acc=0.7137 train_loss=0.5420 val_acc=0.7108 val_loss=0.5378 router_H=0.6829 best=0.7108
           router_load=[0.045169647783041, 0.0, 0.3851334750652313, 0.5696969032287598]
[step 0060/150] method=ours loss=0.6199 train_acc=0.7137 train_loss=0.5420 val_acc=0.7108 val_loss=0.5378 router_H=0.6829 best=0.7108
           router_load=[0.045169647783041, 0.0, 0.3851334750652313, 0.5696969032287598]
[step 0070/150] method=ours loss=0.3543 train_acc=0.7137 train_loss=0.5420 val_acc=0.7108 val_loss=0.5378 router_H=0.6829 best=0.7108
           router_load=[0.045169647783041, 0.0, 0.3851334750652313, 0.5696969032287598]
[step 0080/150] method=ours loss=0.3632 train_acc=0.7137 train_loss=0.5420 val_acc=0.7108 val_loss=0.5378 router_H=0.6829 best=0.7108
           router_load=[0.045169647783041, 0.0, 0.3851334750652313, 0.5696969032287598]
[step 0090/150] method=ours loss=0.3584 train_acc=0.7137 train_loss=0.5420 val_acc=0.7108 val_loss=0.5378 router_H=0.6829 best=0.7108
           router_load=[0.045169647783041, 0.0, 0.3851334750652313, 0.5696969032287598]
[step 0100/150] method=ours loss=0.4920 train_acc=0.8307 train_loss=0.4605 val_acc=0.8333 val_loss=0.4635 router_H=0.6859 best=0.8333
           router_load=[0.2707352042198181, 0.003173836972564459, 0.1686192750930786, 0.5574716925621033]
[step 0110/150] method=ours loss=0.5875 train_acc=0.8307 train_loss=0.4605 val_acc=0.8333 val_loss=0.4635 router_H=0.6859 best=0.8333
           router_load=[0.2707352042198181, 0.003173836972564459, 0.1686192750930786, 0.5574716925621033]
[step 0120/150] method=ours loss=0.2677 train_acc=0.8307 train_loss=0.4605 val_acc=0.8333 val_loss=0.4635 router_H=0.6859 best=0.8333
           router_load=[0.2707352042198181, 0.003173836972564459, 0.1686192750930786, 0.5574716925621033]
[step 0130/150] method=ours loss=0.6149 train_acc=0.8307 train_loss=0.4605 val_acc=0.8333 val_loss=0.4635 router_H=0.6859 best=0.8333
           router_load=[0.2707352042198181, 0.003173836972564459, 0.1686192750930786, 0.5574716925621033]
[step 0140/150] method=ours loss=0.3929 train_acc=0.8307 train_loss=0.4605 val_acc=0.8333 val_loss=0.4635 router_H=0.6859 best=0.8333
           router_load=[0.2707352042198181, 0.003173836972564459, 0.1686192750930786, 0.5574716925621033]
[step 0150/150] method=ours loss=0.5394 train_acc=0.8558 train_loss=0.3874 val_acc=0.8554 val_loss=0.4224 router_H=0.6787 best=0.8554
           router_load=[0.08692388236522675, 0.0, 0.3337494730949402, 0.5793265700340271]
saved summary -> /home/zhujjing/MOE-grad-conflict-routing/runs/paper_suite/single_gpu/single_task/roberta_mrpc_lora_e4_k2/hpo/ours/trial_runs/coord_02_train_weight_decay_008/ours_s2.json
saved curve -> /home/zhujjing/MOE-grad-conflict-routing/runs/paper_suite/single_gpu/single_task/roberta_mrpc_lora_e4_k2/hpo/ours/trial_runs/coord_02_train_weight_decay_008/ours_s2_curve.csv
