[run] method=cagrad candidate=coord_04_method_baseline_cagrad_c_011 seed=2 steps=150 gpu=0
[run] cmd=
/home/zhujjing/anaconda3/envs/moe/bin/python /home/zhujjing/MOE-grad-conflict-routing/scripts/run.py --config configs/singletask_mrpc_real.yaml --set model.backbone_backend=hf --set model.hf_load_pretrained=true --set model.backbone=roberta --set model.hf_pretrained_name=roberta-base --set model.expert_type=lora --set model.routing_mode=topk --set model.num_experts=4 --set model.top_k=2 --set seed=2 --set method.name=baseline_cagrad --set train.steps=150 --set train.eval_every_steps=50 --set method.baseline_cagrad.c=0.2255019392 --set method.baseline_cagrad.inner_lr=0.1 --set train.grad_clip=0.8201921409 --set train.lr=1.693101775e-05 --set train.weight_decay=0.00811280231 --out /home/zhujjing/MOE-grad-conflict-routing/runs/paper_suite/single_gpu/single_task/roberta_mrpc_lora_e4_k2/hpo/cagrad/trial_runs/coord_04_method_baseline_cagrad_c_011/cagrad_s2.json --curve_out /home/zhujjing/MOE-grad-conflict-routing/runs/paper_suite/single_gpu/single_task/roberta_mrpc_lora_e4_k2/hpo/cagrad/trial_runs/coord_04_method_baseline_cagrad_c_011/cagrad_s2_curve.csv
Using the latest cached version of the dataset since glue couldn't be found on the Hugging Face Hub (offline mode is enabled).
Found the latest cached dataset configuration 'mrpc' at /home/zhujjing/hf_cache/datasets/glue/mrpc/0.0.0/bcdcba79d07bc864c1c254ccfcedcce55bcc9a8c (last modified on Thu Mar 19 15:01:06 2026).
/home/zhujjing/anaconda3/envs/moe/lib/python3.10/site-packages/transformers/utils/hub.py:124: FutureWarning: Using `TRANSFORMERS_CACHE` is deprecated and will be removed in v5 of Transformers. Use `HF_HOME` instead.
  warnings.warn(
Some weights of RobertaModel were not initialized from the model checkpoint at roberta-base and are newly initialized: ['roberta.pooler.dense.bias', 'roberta.pooler.dense.weight']
You should probably TRAIN this model on a down-stream task to be able to use it for predictions and inference.
[step 0001/150] method=baseline_cagrad loss=0.6813 train_acc=nan train_loss=nan val_acc=nan val_loss=nan best=-1.0000
[step 0010/150] method=baseline_cagrad loss=0.6886 train_acc=nan train_loss=nan val_acc=nan val_loss=nan best=-1.0000
[step 0020/150] method=baseline_cagrad loss=0.6124 train_acc=nan train_loss=nan val_acc=nan val_loss=nan best=-1.0000
[step 0030/150] method=baseline_cagrad loss=0.6989 train_acc=nan train_loss=nan val_acc=nan val_loss=nan best=-1.0000
[step 0040/150] method=baseline_cagrad loss=0.5665 train_acc=nan train_loss=nan val_acc=nan val_loss=nan best=-1.0000
[step 0050/150] method=baseline_cagrad loss=0.5474 train_acc=0.7233 train_loss=0.5290 val_acc=0.7132 val_loss=0.5276 router_H=0.6887 best=0.7132
           router_load=[0.14835017919540405, 0.019135506823658943, 0.4961521625518799, 0.3363620638847351]
[step 0060/150] method=baseline_cagrad loss=0.6025 train_acc=0.7233 train_loss=0.5290 val_acc=0.7132 val_loss=0.5276 router_H=0.6887 best=0.7132
           router_load=[0.14835017919540405, 0.019135506823658943, 0.4961521625518799, 0.3363620638847351]
[step 0070/150] method=baseline_cagrad loss=0.3901 train_acc=0.7233 train_loss=0.5290 val_acc=0.7132 val_loss=0.5276 router_H=0.6887 best=0.7132
           router_load=[0.14835017919540405, 0.019135506823658943, 0.4961521625518799, 0.3363620638847351]
[step 0080/150] method=baseline_cagrad loss=0.3811 train_acc=0.7233 train_loss=0.5290 val_acc=0.7132 val_loss=0.5276 router_H=0.6887 best=0.7132
           router_load=[0.14835017919540405, 0.019135506823658943, 0.4961521625518799, 0.3363620638847351]
[step 0090/150] method=baseline_cagrad loss=0.4535 train_acc=0.7233 train_loss=0.5290 val_acc=0.7132 val_loss=0.5276 router_H=0.6887 best=0.7132
           router_load=[0.14835017919540405, 0.019135506823658943, 0.4961521625518799, 0.3363620638847351]
[step 0100/150] method=baseline_cagrad loss=0.4741 train_acc=0.8165 train_loss=0.4006 val_acc=0.8015 val_loss=0.4053 router_H=0.6804 best=0.8015
           router_load=[0.14869673550128937, 0.11772681027650833, 0.42535242438316345, 0.3082239627838135]
[step 0110/150] method=baseline_cagrad loss=0.7175 train_acc=0.8165 train_loss=0.4006 val_acc=0.8015 val_loss=0.4053 router_H=0.6804 best=0.8015
           router_load=[0.14869673550128937, 0.11772681027650833, 0.42535242438316345, 0.3082239627838135]
[step 0120/150] method=baseline_cagrad loss=0.1635 train_acc=0.8165 train_loss=0.4006 val_acc=0.8015 val_loss=0.4053 router_H=0.6804 best=0.8015
           router_load=[0.14869673550128937, 0.11772681027650833, 0.42535242438316345, 0.3082239627838135]
[step 0130/150] method=baseline_cagrad loss=0.5430 train_acc=0.8165 train_loss=0.4006 val_acc=0.8015 val_loss=0.4053 router_H=0.6804 best=0.8015
           router_load=[0.14869673550128937, 0.11772681027650833, 0.42535242438316345, 0.3082239627838135]
[step 0140/150] method=baseline_cagrad loss=0.4494 train_acc=0.8165 train_loss=0.4006 val_acc=0.8015 val_loss=0.4053 router_H=0.6804 best=0.8015
           router_load=[0.14869673550128937, 0.11772681027650833, 0.42535242438316345, 0.3082239627838135]
[step 0150/150] method=baseline_cagrad loss=0.6749 train_acc=0.8596 train_loss=0.3575 val_acc=0.8480 val_loss=0.3785 router_H=0.6725 best=0.8480
           router_load=[0.23752790689468384, 0.06035417690873146, 0.518897533416748, 0.18322035670280457]
saved summary -> /home/zhujjing/MOE-grad-conflict-routing/runs/paper_suite/single_gpu/single_task/roberta_mrpc_lora_e4_k2/hpo/cagrad/trial_runs/coord_04_method_baseline_cagrad_c_011/cagrad_s2.json
saved curve -> /home/zhujjing/MOE-grad-conflict-routing/runs/paper_suite/single_gpu/single_task/roberta_mrpc_lora_e4_k2/hpo/cagrad/trial_runs/coord_04_method_baseline_cagrad_c_011/cagrad_s2_curve.csv
