[run] method=cagrad candidate=coord_04_method_baseline_cagrad_c_004 seed=2 steps=150 gpu=0
[run] cmd=
/home/zhujjing/anaconda3/envs/moe/bin/python /home/zhujjing/MOE-grad-conflict-routing/scripts/run.py --config configs/singletask_mrpc_real.yaml --set model.backbone_backend=hf --set model.hf_load_pretrained=true --set model.backbone=roberta --set model.hf_pretrained_name=roberta-base --set model.expert_type=lora --set model.routing_mode=topk --set model.num_experts=4 --set model.top_k=2 --set seed=2 --set method.name=baseline_cagrad --set train.steps=150 --set train.eval_every_steps=50 --set method.baseline_cagrad.c=0.3104309341 --set method.baseline_cagrad.inner_lr=0.1 --set train.grad_clip=0.8201921409 --set train.lr=1.693101775e-05 --set train.weight_decay=0.00811280231 --out /home/zhujjing/MOE-grad-conflict-routing/runs/paper_suite/single_gpu/single_task/roberta_mrpc_lora_e4_k2/hpo/cagrad/trial_runs/coord_04_method_baseline_cagrad_c_004/cagrad_s2.json --curve_out /home/zhujjing/MOE-grad-conflict-routing/runs/paper_suite/single_gpu/single_task/roberta_mrpc_lora_e4_k2/hpo/cagrad/trial_runs/coord_04_method_baseline_cagrad_c_004/cagrad_s2_curve.csv
Using the latest cached version of the dataset since glue couldn't be found on the Hugging Face Hub (offline mode is enabled).
Found the latest cached dataset configuration 'mrpc' at /home/zhujjing/hf_cache/datasets/glue/mrpc/0.0.0/bcdcba79d07bc864c1c254ccfcedcce55bcc9a8c (last modified on Thu Mar 19 15:01:06 2026).
/home/zhujjing/anaconda3/envs/moe/lib/python3.10/site-packages/transformers/utils/hub.py:124: FutureWarning: Using `TRANSFORMERS_CACHE` is deprecated and will be removed in v5 of Transformers. Use `HF_HOME` instead.
  warnings.warn(
Some weights of RobertaModel were not initialized from the model checkpoint at roberta-base and are newly initialized: ['roberta.pooler.dense.bias', 'roberta.pooler.dense.weight']
You should probably TRAIN this model on a down-stream task to be able to use it for predictions and inference.
[step 0001/150] method=baseline_cagrad loss=0.7190 train_acc=nan train_loss=nan val_acc=nan val_loss=nan best=-1.0000
[step 0010/150] method=baseline_cagrad loss=0.6655 train_acc=nan train_loss=nan val_acc=nan val_loss=nan best=-1.0000
[step 0020/150] method=baseline_cagrad loss=0.6482 train_acc=nan train_loss=nan val_acc=nan val_loss=nan best=-1.0000
[step 0030/150] method=baseline_cagrad loss=0.6655 train_acc=nan train_loss=nan val_acc=nan val_loss=nan best=-1.0000
[step 0040/150] method=baseline_cagrad loss=0.5649 train_acc=nan train_loss=nan val_acc=nan val_loss=nan best=-1.0000
[step 0050/150] method=baseline_cagrad loss=0.5034 train_acc=0.7233 train_loss=0.5204 val_acc=0.7206 val_loss=0.5190 router_H=0.6917 best=0.7206
           router_load=[0.4579683840274811, 0.5147315263748169, 0.015871915966272354, 0.011428127065300941]
[step 0060/150] method=baseline_cagrad loss=0.6044 train_acc=0.7233 train_loss=0.5204 val_acc=0.7206 val_loss=0.5190 router_H=0.6917 best=0.7206
           router_load=[0.4579683840274811, 0.5147315263748169, 0.015871915966272354, 0.011428127065300941]
[step 0070/150] method=baseline_cagrad loss=0.3637 train_acc=0.7233 train_loss=0.5204 val_acc=0.7206 val_loss=0.5190 router_H=0.6917 best=0.7206
           router_load=[0.4579683840274811, 0.5147315263748169, 0.015871915966272354, 0.011428127065300941]
[step 0080/150] method=baseline_cagrad loss=0.4149 train_acc=0.7233 train_loss=0.5204 val_acc=0.7206 val_loss=0.5190 router_H=0.6917 best=0.7206
           router_load=[0.4579683840274811, 0.5147315263748169, 0.015871915966272354, 0.011428127065300941]
[step 0090/150] method=baseline_cagrad loss=0.4423 train_acc=0.7233 train_loss=0.5204 val_acc=0.7206 val_loss=0.5190 router_H=0.6917 best=0.7206
           router_load=[0.4579683840274811, 0.5147315263748169, 0.015871915966272354, 0.011428127065300941]
[step 0100/150] method=baseline_cagrad loss=0.4559 train_acc=0.8094 train_loss=0.4049 val_acc=0.8137 val_loss=0.4040 router_H=0.6908 best=0.8137
           router_load=[0.36356276273727417, 0.5050567388534546, 0.014476165175437927, 0.11690429598093033]
[step 0110/150] method=baseline_cagrad loss=0.6287 train_acc=0.8094 train_loss=0.4049 val_acc=0.8137 val_loss=0.4040 router_H=0.6908 best=0.8137
           router_load=[0.36356276273727417, 0.5050567388534546, 0.014476165175437927, 0.11690429598093033]
[step 0120/150] method=baseline_cagrad loss=0.3131 train_acc=0.8094 train_loss=0.4049 val_acc=0.8137 val_loss=0.4040 router_H=0.6908 best=0.8137
           router_load=[0.36356276273727417, 0.5050567388534546, 0.014476165175437927, 0.11690429598093033]
[step 0130/150] method=baseline_cagrad loss=0.5739 train_acc=0.8094 train_loss=0.4049 val_acc=0.8137 val_loss=0.4040 router_H=0.6908 best=0.8137
           router_load=[0.36356276273727417, 0.5050567388534546, 0.014476165175437927, 0.11690429598093033]
[step 0140/150] method=baseline_cagrad loss=0.5030 train_acc=0.8094 train_loss=0.4049 val_acc=0.8137 val_loss=0.4040 router_H=0.6908 best=0.8137
           router_load=[0.36356276273727417, 0.5050567388534546, 0.014476165175437927, 0.11690429598093033]
[step 0150/150] method=baseline_cagrad loss=0.5993 train_acc=0.8511 train_loss=0.3561 val_acc=0.8480 val_loss=0.3835 router_H=0.6860 best=0.8480
           router_load=[0.22211945056915283, 0.5460962057113647, 0.012288140133023262, 0.21949614584445953]
saved summary -> /home/zhujjing/MOE-grad-conflict-routing/runs/paper_suite/single_gpu/single_task/roberta_mrpc_lora_e4_k2/hpo/cagrad/trial_runs/coord_04_method_baseline_cagrad_c_004/cagrad_s2.json
saved curve -> /home/zhujjing/MOE-grad-conflict-routing/runs/paper_suite/single_gpu/single_task/roberta_mrpc_lora_e4_k2/hpo/cagrad/trial_runs/coord_04_method_baseline_cagrad_c_004/cagrad_s2_curve.csv
