[run] method=cagrad candidate=coord_04_method_baseline_cagrad_c_001 seed=3 steps=150 gpu=0
[run] cmd=
/home/zhujjing/anaconda3/envs/moe/bin/python /home/zhujjing/MOE-grad-conflict-routing/scripts/run.py --config configs/singletask_mrpc_real.yaml --set model.backbone_backend=hf --set model.hf_load_pretrained=true --set model.backbone=roberta --set model.hf_pretrained_name=roberta-base --set model.expert_type=lora --set model.routing_mode=topk --set model.num_experts=4 --set model.top_k=2 --set seed=3 --set method.name=baseline_cagrad --set train.steps=150 --set train.eval_every_steps=50 --set method.baseline_cagrad.c=0.7843973576 --set method.baseline_cagrad.inner_lr=0.1 --set train.grad_clip=0.8201921409 --set train.lr=1.693101775e-05 --set train.weight_decay=0.00811280231 --out /home/zhujjing/MOE-grad-conflict-routing/runs/paper_suite/single_gpu/single_task/roberta_mrpc_lora_e4_k2/hpo/cagrad/trial_runs/coord_04_method_baseline_cagrad_c_001/cagrad_s3.json --curve_out /home/zhujjing/MOE-grad-conflict-routing/runs/paper_suite/single_gpu/single_task/roberta_mrpc_lora_e4_k2/hpo/cagrad/trial_runs/coord_04_method_baseline_cagrad_c_001/cagrad_s3_curve.csv
Using the latest cached version of the dataset since glue couldn't be found on the Hugging Face Hub (offline mode is enabled).
Found the latest cached dataset configuration 'mrpc' at /home/zhujjing/hf_cache/datasets/glue/mrpc/0.0.0/bcdcba79d07bc864c1c254ccfcedcce55bcc9a8c (last modified on Thu Mar 19 15:01:06 2026).
/home/zhujjing/anaconda3/envs/moe/lib/python3.10/site-packages/transformers/utils/hub.py:124: FutureWarning: Using `TRANSFORMERS_CACHE` is deprecated and will be removed in v5 of Transformers. Use `HF_HOME` instead.
  warnings.warn(
Some weights of RobertaModel were not initialized from the model checkpoint at roberta-base and are newly initialized: ['roberta.pooler.dense.bias', 'roberta.pooler.dense.weight']
You should probably TRAIN this model on a down-stream task to be able to use it for predictions and inference.
[step 0001/150] method=baseline_cagrad loss=0.7761 train_acc=nan train_loss=nan val_acc=nan val_loss=nan best=-1.0000
[step 0010/150] method=baseline_cagrad loss=0.8432 train_acc=nan train_loss=nan val_acc=nan val_loss=nan best=-1.0000
[step 0020/150] method=baseline_cagrad loss=0.6584 train_acc=nan train_loss=nan val_acc=nan val_loss=nan best=-1.0000
[step 0030/150] method=baseline_cagrad loss=0.5789 train_acc=nan train_loss=nan val_acc=nan val_loss=nan best=-1.0000
[step 0040/150] method=baseline_cagrad loss=0.7091 train_acc=nan train_loss=nan val_acc=nan val_loss=nan best=-1.0000
[step 0050/150] method=baseline_cagrad loss=0.5449 train_acc=0.7304 train_loss=0.5159 val_acc=0.7304 val_loss=0.5085 router_H=0.6918 best=0.7304
           router_load=[0.5021475553512573, 0.0, 0.3172033727169037, 0.1806490421295166]
[step 0060/150] method=baseline_cagrad loss=0.5458 train_acc=0.7304 train_loss=0.5159 val_acc=0.7304 val_loss=0.5085 router_H=0.6918 best=0.7304
           router_load=[0.5021475553512573, 0.0, 0.3172033727169037, 0.1806490421295166]
[step 0070/150] method=baseline_cagrad loss=0.4294 train_acc=0.7304 train_loss=0.5159 val_acc=0.7304 val_loss=0.5085 router_H=0.6918 best=0.7304
           router_load=[0.5021475553512573, 0.0, 0.3172033727169037, 0.1806490421295166]
[step 0080/150] method=baseline_cagrad loss=0.5234 train_acc=0.7304 train_loss=0.5159 val_acc=0.7304 val_loss=0.5085 router_H=0.6918 best=0.7304
           router_load=[0.5021475553512573, 0.0, 0.3172033727169037, 0.1806490421295166]
[step 0090/150] method=baseline_cagrad loss=0.5893 train_acc=0.7304 train_loss=0.5159 val_acc=0.7304 val_loss=0.5085 router_H=0.6918 best=0.7304
           router_load=[0.5021475553512573, 0.0, 0.3172033727169037, 0.1806490421295166]
[step 0100/150] method=baseline_cagrad loss=0.6497 train_acc=0.8113 train_loss=0.4094 val_acc=0.8015 val_loss=0.4113 router_H=0.6894 best=0.8015
           router_load=[0.45526885986328125, 0.0, 0.3130398988723755, 0.23169128596782684]
[step 0110/150] method=baseline_cagrad loss=0.5423 train_acc=0.8113 train_loss=0.4094 val_acc=0.8015 val_loss=0.4113 router_H=0.6894 best=0.8015
           router_load=[0.45526885986328125, 0.0, 0.3130398988723755, 0.23169128596782684]
[step 0120/150] method=baseline_cagrad loss=0.3333 train_acc=0.8113 train_loss=0.4094 val_acc=0.8015 val_loss=0.4113 router_H=0.6894 best=0.8015
           router_load=[0.45526885986328125, 0.0, 0.3130398988723755, 0.23169128596782684]
[step 0130/150] method=baseline_cagrad loss=0.2575 train_acc=0.8113 train_loss=0.4094 val_acc=0.8015 val_loss=0.4113 router_H=0.6894 best=0.8015
           router_load=[0.45526885986328125, 0.0, 0.3130398988723755, 0.23169128596782684]
[step 0140/150] method=baseline_cagrad loss=0.5075 train_acc=0.8113 train_loss=0.4094 val_acc=0.8015 val_loss=0.4113 router_H=0.6894 best=0.8015
           router_load=[0.45526885986328125, 0.0, 0.3130398988723755, 0.23169128596782684]
[step 0150/150] method=baseline_cagrad loss=0.4571 train_acc=0.8490 train_loss=0.3633 val_acc=0.8211 val_loss=0.3858 router_H=0.6916 best=0.8211
           router_load=[0.48034799098968506, 0.0, 0.41934576630592346, 0.10030622035264969]
saved summary -> /home/zhujjing/MOE-grad-conflict-routing/runs/paper_suite/single_gpu/single_task/roberta_mrpc_lora_e4_k2/hpo/cagrad/trial_runs/coord_04_method_baseline_cagrad_c_001/cagrad_s3.json
saved curve -> /home/zhujjing/MOE-grad-conflict-routing/runs/paper_suite/single_gpu/single_task/roberta_mrpc_lora_e4_k2/hpo/cagrad/trial_runs/coord_04_method_baseline_cagrad_c_001/cagrad_s3_curve.csv
