[run] method=cagrad candidate=coord_04_method_baseline_cagrad_c_007 seed=2 steps=150 gpu=0
[run] cmd=
/home/zhujjing/anaconda3/envs/moe/bin/python /home/zhujjing/MOE-grad-conflict-routing/scripts/run.py --config configs/singletask_mrpc_real.yaml --set model.backbone_backend=hf --set model.hf_load_pretrained=true --set model.backbone=roberta --set model.hf_pretrained_name=roberta-base --set model.expert_type=lora --set model.routing_mode=topk --set model.num_experts=4 --set model.top_k=2 --set seed=2 --set method.name=baseline_cagrad --set train.steps=150 --set train.eval_every_steps=50 --set method.baseline_cagrad.c=0.69392653 --set method.baseline_cagrad.inner_lr=0.1 --set train.grad_clip=0.8201921409 --set train.lr=1.693101775e-05 --set train.weight_decay=0.00811280231 --out /home/zhujjing/MOE-grad-conflict-routing/runs/paper_suite/single_gpu/single_task/roberta_mrpc_lora_e4_k2/hpo/cagrad/trial_runs/coord_04_method_baseline_cagrad_c_007/cagrad_s2.json --curve_out /home/zhujjing/MOE-grad-conflict-routing/runs/paper_suite/single_gpu/single_task/roberta_mrpc_lora_e4_k2/hpo/cagrad/trial_runs/coord_04_method_baseline_cagrad_c_007/cagrad_s2_curve.csv
Using the latest cached version of the dataset since glue couldn't be found on the Hugging Face Hub (offline mode is enabled).
Found the latest cached dataset configuration 'mrpc' at /home/zhujjing/hf_cache/datasets/glue/mrpc/0.0.0/bcdcba79d07bc864c1c254ccfcedcce55bcc9a8c (last modified on Thu Mar 19 15:01:06 2026).
/home/zhujjing/anaconda3/envs/moe/lib/python3.10/site-packages/transformers/utils/hub.py:124: FutureWarning: Using `TRANSFORMERS_CACHE` is deprecated and will be removed in v5 of Transformers. Use `HF_HOME` instead.
  warnings.warn(
Some weights of RobertaModel were not initialized from the model checkpoint at roberta-base and are newly initialized: ['roberta.pooler.dense.bias', 'roberta.pooler.dense.weight']
You should probably TRAIN this model on a down-stream task to be able to use it for predictions and inference.
[step 0001/150] method=baseline_cagrad loss=0.6432 train_acc=nan train_loss=nan val_acc=nan val_loss=nan best=-1.0000
[step 0010/150] method=baseline_cagrad loss=0.6339 train_acc=nan train_loss=nan val_acc=nan val_loss=nan best=-1.0000
[step 0020/150] method=baseline_cagrad loss=0.6254 train_acc=nan train_loss=nan val_acc=nan val_loss=nan best=-1.0000
[step 0030/150] method=baseline_cagrad loss=0.6183 train_acc=nan train_loss=nan val_acc=nan val_loss=nan best=-1.0000
[step 0040/150] method=baseline_cagrad loss=0.5461 train_acc=nan train_loss=nan val_acc=nan val_loss=nan best=-1.0000
[step 0050/150] method=baseline_cagrad loss=0.5718 train_acc=0.7072 train_loss=0.5522 val_acc=0.7059 val_loss=0.5525 router_H=0.6919 best=0.7059
           router_load=[0.35164889693260193, 0.03786731883883476, 0.44338667392730713, 0.16709713637828827]
[step 0060/150] method=baseline_cagrad loss=0.6206 train_acc=0.7072 train_loss=0.5522 val_acc=0.7059 val_loss=0.5525 router_H=0.6919 best=0.7059
           router_load=[0.35164889693260193, 0.03786731883883476, 0.44338667392730713, 0.16709713637828827]
[step 0070/150] method=baseline_cagrad loss=0.4047 train_acc=0.7072 train_loss=0.5522 val_acc=0.7059 val_loss=0.5525 router_H=0.6919 best=0.7059
           router_load=[0.35164889693260193, 0.03786731883883476, 0.44338667392730713, 0.16709713637828827]
[step 0080/150] method=baseline_cagrad loss=0.4640 train_acc=0.7072 train_loss=0.5522 val_acc=0.7059 val_loss=0.5525 router_H=0.6919 best=0.7059
           router_load=[0.35164889693260193, 0.03786731883883476, 0.44338667392730713, 0.16709713637828827]
[step 0090/150] method=baseline_cagrad loss=0.3491 train_acc=0.7072 train_loss=0.5522 val_acc=0.7059 val_loss=0.5525 router_H=0.6919 best=0.7059
           router_load=[0.35164889693260193, 0.03786731883883476, 0.44338667392730713, 0.16709713637828827]
[step 0100/150] method=baseline_cagrad loss=0.5039 train_acc=0.8302 train_loss=0.3904 val_acc=0.8113 val_loss=0.3985 router_H=0.6906 best=0.8113
           router_load=[0.3036925196647644, 0.11426426470279694, 0.5200343132019043, 0.06200891360640526]
[step 0110/150] method=baseline_cagrad loss=0.7385 train_acc=0.8302 train_loss=0.3904 val_acc=0.8113 val_loss=0.3985 router_H=0.6906 best=0.8113
           router_load=[0.3036925196647644, 0.11426426470279694, 0.5200343132019043, 0.06200891360640526]
[step 0120/150] method=baseline_cagrad loss=0.2296 train_acc=0.8302 train_loss=0.3904 val_acc=0.8113 val_loss=0.3985 router_H=0.6906 best=0.8113
           router_load=[0.3036925196647644, 0.11426426470279694, 0.5200343132019043, 0.06200891360640526]
[step 0130/150] method=baseline_cagrad loss=0.6295 train_acc=0.8302 train_loss=0.3904 val_acc=0.8113 val_loss=0.3985 router_H=0.6906 best=0.8113
           router_load=[0.3036925196647644, 0.11426426470279694, 0.5200343132019043, 0.06200891360640526]
[step 0140/150] method=baseline_cagrad loss=0.5432 train_acc=0.8302 train_loss=0.3904 val_acc=0.8113 val_loss=0.3985 router_H=0.6906 best=0.8113
           router_load=[0.3036925196647644, 0.11426426470279694, 0.5200343132019043, 0.06200891360640526]
[step 0150/150] method=baseline_cagrad loss=0.6133 train_acc=0.8569 train_loss=0.3489 val_acc=0.8505 val_loss=0.3486 router_H=0.6912 best=0.8505
           router_load=[0.29792365431785583, 0.09039383381605148, 0.47325071692466736, 0.13843178749084473]
saved summary -> /home/zhujjing/MOE-grad-conflict-routing/runs/paper_suite/single_gpu/single_task/roberta_mrpc_lora_e4_k2/hpo/cagrad/trial_runs/coord_04_method_baseline_cagrad_c_007/cagrad_s2.json
saved curve -> /home/zhujjing/MOE-grad-conflict-routing/runs/paper_suite/single_gpu/single_task/roberta_mrpc_lora_e4_k2/hpo/cagrad/trial_runs/coord_04_method_baseline_cagrad_c_007/cagrad_s2_curve.csv
