[run] method=cagrad candidate=coord_04_method_baseline_cagrad_c_003 seed=3 steps=150 gpu=0
[run] cmd=
/home/zhujjing/anaconda3/envs/moe/bin/python /home/zhujjing/MOE-grad-conflict-routing/scripts/run.py --config configs/singletask_mrpc_real.yaml --set model.backbone_backend=hf --set model.hf_load_pretrained=true --set model.backbone=roberta --set model.hf_pretrained_name=roberta-base --set model.expert_type=lora --set model.routing_mode=topk --set model.num_experts=4 --set model.top_k=2 --set seed=3 --set method.name=baseline_cagrad --set train.steps=150 --set train.eval_every_steps=50 --set method.baseline_cagrad.c=0.4811638322 --set method.baseline_cagrad.inner_lr=0.1 --set train.grad_clip=0.8201921409 --set train.lr=1.693101775e-05 --set train.weight_decay=0.00811280231 --out /home/zhujjing/MOE-grad-conflict-routing/runs/paper_suite/single_gpu/single_task/roberta_mrpc_lora_e4_k2/hpo/cagrad/trial_runs/coord_04_method_baseline_cagrad_c_003/cagrad_s3.json --curve_out /home/zhujjing/MOE-grad-conflict-routing/runs/paper_suite/single_gpu/single_task/roberta_mrpc_lora_e4_k2/hpo/cagrad/trial_runs/coord_04_method_baseline_cagrad_c_003/cagrad_s3_curve.csv
Using the latest cached version of the dataset since glue couldn't be found on the Hugging Face Hub (offline mode is enabled).
Found the latest cached dataset configuration 'mrpc' at /home/zhujjing/hf_cache/datasets/glue/mrpc/0.0.0/bcdcba79d07bc864c1c254ccfcedcce55bcc9a8c (last modified on Thu Mar 19 15:01:06 2026).
/home/zhujjing/anaconda3/envs/moe/lib/python3.10/site-packages/transformers/utils/hub.py:124: FutureWarning: Using `TRANSFORMERS_CACHE` is deprecated and will be removed in v5 of Transformers. Use `HF_HOME` instead.
  warnings.warn(
Some weights of RobertaModel were not initialized from the model checkpoint at roberta-base and are newly initialized: ['roberta.pooler.dense.bias', 'roberta.pooler.dense.weight']
You should probably TRAIN this model on a down-stream task to be able to use it for predictions and inference.
[step 0001/150] method=baseline_cagrad loss=0.6886 train_acc=nan train_loss=nan val_acc=nan val_loss=nan best=-1.0000
[step 0010/150] method=baseline_cagrad loss=0.7085 train_acc=nan train_loss=nan val_acc=nan val_loss=nan best=-1.0000
[step 0020/150] method=baseline_cagrad loss=0.6112 train_acc=nan train_loss=nan val_acc=nan val_loss=nan best=-1.0000
[step 0030/150] method=baseline_cagrad loss=0.5714 train_acc=nan train_loss=nan val_acc=nan val_loss=nan best=-1.0000
[step 0040/150] method=baseline_cagrad loss=0.6452 train_acc=nan train_loss=nan val_acc=nan val_loss=nan best=-1.0000
[step 0050/150] method=baseline_cagrad loss=0.4822 train_acc=0.7565 train_loss=0.4920 val_acc=0.7672 val_loss=0.4910 router_H=0.6871 best=0.7672
           router_load=[0.0, 0.0060613383539021015, 0.45868387818336487, 0.5352547764778137]
[step 0060/150] method=baseline_cagrad loss=0.5229 train_acc=0.7565 train_loss=0.4920 val_acc=0.7672 val_loss=0.4910 router_H=0.6871 best=0.7672
           router_load=[0.0, 0.0060613383539021015, 0.45868387818336487, 0.5352547764778137]
[step 0070/150] method=baseline_cagrad loss=0.4176 train_acc=0.7565 train_loss=0.4920 val_acc=0.7672 val_loss=0.4910 router_H=0.6871 best=0.7672
           router_load=[0.0, 0.0060613383539021015, 0.45868387818336487, 0.5352547764778137]
[step 0080/150] method=baseline_cagrad loss=0.4985 train_acc=0.7565 train_loss=0.4920 val_acc=0.7672 val_loss=0.4910 router_H=0.6871 best=0.7672
           router_load=[0.0, 0.0060613383539021015, 0.45868387818336487, 0.5352547764778137]
[step 0090/150] method=baseline_cagrad loss=0.6429 train_acc=0.7565 train_loss=0.4920 val_acc=0.7672 val_loss=0.4910 router_H=0.6871 best=0.7672
           router_load=[0.0, 0.0060613383539021015, 0.45868387818336487, 0.5352547764778137]
[step 0100/150] method=baseline_cagrad loss=0.4279 train_acc=0.8171 train_loss=0.3904 val_acc=0.8235 val_loss=0.3918 router_H=0.6900 best=0.8235
           router_load=[0.0, 0.05844717100262642, 0.46005895733833313, 0.48149389028549194]
[step 0110/150] method=baseline_cagrad loss=0.3562 train_acc=0.8171 train_loss=0.3904 val_acc=0.8235 val_loss=0.3918 router_H=0.6900 best=0.8235
           router_load=[0.0, 0.05844717100262642, 0.46005895733833313, 0.48149389028549194]
[step 0120/150] method=baseline_cagrad loss=0.3496 train_acc=0.8171 train_loss=0.3904 val_acc=0.8235 val_loss=0.3918 router_H=0.6900 best=0.8235
           router_load=[0.0, 0.05844717100262642, 0.46005895733833313, 0.48149389028549194]
[step 0130/150] method=baseline_cagrad loss=0.2297 train_acc=0.8171 train_loss=0.3904 val_acc=0.8235 val_loss=0.3918 router_H=0.6900 best=0.8235
           router_load=[0.0, 0.05844717100262642, 0.46005895733833313, 0.48149389028549194]
[step 0140/150] method=baseline_cagrad loss=0.5122 train_acc=0.8171 train_loss=0.3904 val_acc=0.8235 val_loss=0.3918 router_H=0.6900 best=0.8235
           router_load=[0.0, 0.05844717100262642, 0.46005895733833313, 0.48149389028549194]
[step 0150/150] method=baseline_cagrad loss=0.4137 train_acc=0.8708 train_loss=0.3204 val_acc=0.8578 val_loss=0.3359 router_H=0.6879 best=0.8578
           router_load=[0.0019367542117834091, 0.1762976199388504, 0.35285818576812744, 0.46890753507614136]
saved summary -> /home/zhujjing/MOE-grad-conflict-routing/runs/paper_suite/single_gpu/single_task/roberta_mrpc_lora_e4_k2/hpo/cagrad/trial_runs/coord_04_method_baseline_cagrad_c_003/cagrad_s3.json
saved curve -> /home/zhujjing/MOE-grad-conflict-routing/runs/paper_suite/single_gpu/single_task/roberta_mrpc_lora_e4_k2/hpo/cagrad/trial_runs/coord_04_method_baseline_cagrad_c_003/cagrad_s3_curve.csv
