[run] method=cagrad candidate=coord_03_train_grad_clip_013 seed=3 steps=150 gpu=0
[run] cmd=
/home/zhujjing/anaconda3/envs/moe/bin/python /home/zhujjing/MOE-grad-conflict-routing/scripts/run.py --config configs/singletask_rte_real.yaml --set model.backbone_backend=hf --set model.hf_load_pretrained=true --set model.backbone=roberta --set model.hf_pretrained_name=roberta-base --set model.expert_type=ffn --set model.routing_mode=topk --set model.num_experts=4 --set model.top_k=2 --set seed=3 --set method.name=baseline_cagrad --set train.steps=150 --set train.eval_every_steps=50 --set method.baseline_cagrad.c=0.4 --set method.baseline_cagrad.inner_lr=0.1 --set train.grad_clip=1.779013841 --set train.lr=2.52305587e-05 --set train.weight_decay=0.0003465461751 --out /home/zhujjing/MOE-grad-conflict-routing/runs/paper_suite/single_gpu/single_task/roberta_rte_ffn_e4_k2/hpo/cagrad/trial_runs/coord_03_train_grad_clip_013/cagrad_s3.json --curve_out /home/zhujjing/MOE-grad-conflict-routing/runs/paper_suite/single_gpu/single_task/roberta_rte_ffn_e4_k2/hpo/cagrad/trial_runs/coord_03_train_grad_clip_013/cagrad_s3_curve.csv
Using the latest cached version of the dataset since glue couldn't be found on the Hugging Face Hub (offline mode is enabled).
Found the latest cached dataset configuration 'rte' at /home/zhujjing/hf_cache/datasets/glue/rte/0.0.0/bcdcba79d07bc864c1c254ccfcedcce55bcc9a8c (last modified on Thu Mar 19 15:00:36 2026).
/home/zhujjing/anaconda3/envs/moe/lib/python3.10/site-packages/transformers/utils/hub.py:124: FutureWarning: Using `TRANSFORMERS_CACHE` is deprecated and will be removed in v5 of Transformers. Use `HF_HOME` instead.
  warnings.warn(
Some weights of RobertaModel were not initialized from the model checkpoint at roberta-base and are newly initialized: ['roberta.pooler.dense.bias', 'roberta.pooler.dense.weight']
You should probably TRAIN this model on a down-stream task to be able to use it for predictions and inference.
[step 0001/150] method=baseline_cagrad loss=0.6890 train_acc=nan train_loss=nan val_acc=nan val_loss=nan best=-1.0000
[step 0010/150] method=baseline_cagrad loss=0.7017 train_acc=nan train_loss=nan val_acc=nan val_loss=nan best=-1.0000
[step 0020/150] method=baseline_cagrad loss=0.6904 train_acc=nan train_loss=nan val_acc=nan val_loss=nan best=-1.0000
[step 0030/150] method=baseline_cagrad loss=0.6794 train_acc=nan train_loss=nan val_acc=nan val_loss=nan best=-1.0000
[step 0040/150] method=baseline_cagrad loss=0.6669 train_acc=nan train_loss=nan val_acc=nan val_loss=nan best=-1.0000
[step 0050/150] method=baseline_cagrad loss=0.6339 train_acc=0.6333 train_loss=0.6457 val_acc=0.6209 val_loss=0.6649 router_H=0.6787 best=0.6209
           router_load=[0.008698002435266972, 0.008976093493402004, 0.5178305506706238, 0.46449539065361023]
[step 0060/150] method=baseline_cagrad loss=0.6215 train_acc=0.6333 train_loss=0.6457 val_acc=0.6209 val_loss=0.6649 router_H=0.6787 best=0.6209
           router_load=[0.008698002435266972, 0.008976093493402004, 0.5178305506706238, 0.46449539065361023]
[step 0070/150] method=baseline_cagrad loss=0.7071 train_acc=0.6333 train_loss=0.6457 val_acc=0.6209 val_loss=0.6649 router_H=0.6787 best=0.6209
           router_load=[0.008698002435266972, 0.008976093493402004, 0.5178305506706238, 0.46449539065361023]
[step 0080/150] method=baseline_cagrad loss=0.6071 train_acc=0.6333 train_loss=0.6457 val_acc=0.6209 val_loss=0.6649 router_H=0.6787 best=0.6209
           router_load=[0.008698002435266972, 0.008976093493402004, 0.5178305506706238, 0.46449539065361023]
[step 0090/150] method=baseline_cagrad loss=0.6167 train_acc=0.6333 train_loss=0.6457 val_acc=0.6209 val_loss=0.6649 router_H=0.6787 best=0.6209
           router_load=[0.008698002435266972, 0.008976093493402004, 0.5178305506706238, 0.46449539065361023]
[step 0100/150] method=baseline_cagrad loss=0.6130 train_acc=0.6759 train_loss=0.6042 val_acc=0.6679 val_loss=0.6076 router_H=0.6760 best=0.6679
           router_load=[0.006558258086442947, 0.02558651752769947, 0.5443793535232544, 0.4234759509563446]
[step 0110/150] method=baseline_cagrad loss=0.6151 train_acc=0.6759 train_loss=0.6042 val_acc=0.6679 val_loss=0.6076 router_H=0.6760 best=0.6679
           router_load=[0.006558258086442947, 0.02558651752769947, 0.5443793535232544, 0.4234759509563446]
[step 0120/150] method=baseline_cagrad loss=0.7480 train_acc=0.6759 train_loss=0.6042 val_acc=0.6679 val_loss=0.6076 router_H=0.6760 best=0.6679
           router_load=[0.006558258086442947, 0.02558651752769947, 0.5443793535232544, 0.4234759509563446]
[step 0130/150] method=baseline_cagrad loss=0.5899 train_acc=0.6759 train_loss=0.6042 val_acc=0.6679 val_loss=0.6076 router_H=0.6760 best=0.6679
           router_load=[0.006558258086442947, 0.02558651752769947, 0.5443793535232544, 0.4234759509563446]
[step 0140/150] method=baseline_cagrad loss=0.5822 train_acc=0.6759 train_loss=0.6042 val_acc=0.6679 val_loss=0.6076 router_H=0.6760 best=0.6679
           router_load=[0.006558258086442947, 0.02558651752769947, 0.5443793535232544, 0.4234759509563446]
[step 0150/150] method=baseline_cagrad loss=0.5361 train_acc=0.7554 train_loss=0.5168 val_acc=0.6859 val_loss=0.5883 router_H=0.6608 best=0.6859
           router_load=[0.02429109811782837, 0.017183447256684303, 0.49677616357803345, 0.46174925565719604]
saved summary -> /home/zhujjing/MOE-grad-conflict-routing/runs/paper_suite/single_gpu/single_task/roberta_rte_ffn_e4_k2/hpo/cagrad/trial_runs/coord_03_train_grad_clip_013/cagrad_s3.json
saved curve -> /home/zhujjing/MOE-grad-conflict-routing/runs/paper_suite/single_gpu/single_task/roberta_rte_ffn_e4_k2/hpo/cagrad/trial_runs/coord_03_train_grad_clip_013/cagrad_s3_curve.csv
