[run] method=cagrad candidate=coord_03_train_grad_clip_002 seed=3 steps=150 gpu=0
[run] cmd=
/home/zhujjing/anaconda3/envs/moe/bin/python /home/zhujjing/MOE-grad-conflict-routing/scripts/run.py --config configs/singletask_rte_real.yaml --set model.backbone_backend=hf --set model.hf_load_pretrained=true --set model.backbone=roberta --set model.hf_pretrained_name=roberta-base --set model.expert_type=ffn --set model.routing_mode=topk --set model.num_experts=4 --set model.top_k=2 --set seed=3 --set method.name=baseline_cagrad --set train.steps=150 --set train.eval_every_steps=50 --set method.baseline_cagrad.c=0.4 --set method.baseline_cagrad.inner_lr=0.1 --set train.grad_clip=1.016176527 --set train.lr=2.52305587e-05 --set train.weight_decay=0.0003465461751 --out /home/zhujjing/MOE-grad-conflict-routing/runs/paper_suite/single_gpu/single_task/roberta_rte_ffn_e4_k2/hpo/cagrad/trial_runs/coord_03_train_grad_clip_002/cagrad_s3.json --curve_out /home/zhujjing/MOE-grad-conflict-routing/runs/paper_suite/single_gpu/single_task/roberta_rte_ffn_e4_k2/hpo/cagrad/trial_runs/coord_03_train_grad_clip_002/cagrad_s3_curve.csv
Using the latest cached version of the dataset since glue couldn't be found on the Hugging Face Hub (offline mode is enabled).
Found the latest cached dataset configuration 'rte' at /home/zhujjing/hf_cache/datasets/glue/rte/0.0.0/bcdcba79d07bc864c1c254ccfcedcce55bcc9a8c (last modified on Thu Mar 19 15:00:36 2026).
/home/zhujjing/anaconda3/envs/moe/lib/python3.10/site-packages/transformers/utils/hub.py:124: FutureWarning: Using `TRANSFORMERS_CACHE` is deprecated and will be removed in v5 of Transformers. Use `HF_HOME` instead.
  warnings.warn(
Some weights of RobertaModel were not initialized from the model checkpoint at roberta-base and are newly initialized: ['roberta.pooler.dense.bias', 'roberta.pooler.dense.weight']
You should probably TRAIN this model on a down-stream task to be able to use it for predictions and inference.
[step 0001/150] method=baseline_cagrad loss=0.7050 train_acc=nan train_loss=nan val_acc=nan val_loss=nan best=-1.0000
[step 0010/150] method=baseline_cagrad loss=0.6951 train_acc=nan train_loss=nan val_acc=nan val_loss=nan best=-1.0000
[step 0020/150] method=baseline_cagrad loss=0.6946 train_acc=nan train_loss=nan val_acc=nan val_loss=nan best=-1.0000
[step 0030/150] method=baseline_cagrad loss=0.6962 train_acc=nan train_loss=nan val_acc=nan val_loss=nan best=-1.0000
[step 0040/150] method=baseline_cagrad loss=0.6871 train_acc=nan train_loss=nan val_acc=nan val_loss=nan best=-1.0000
[step 0050/150] method=baseline_cagrad loss=0.6591 train_acc=0.5835 train_loss=0.6755 val_acc=0.5560 val_loss=0.6780 router_H=0.6687 best=0.5560
           router_load=[0.6078943610191345, 0.13696563243865967, 0.25513985753059387, 0.0]
[step 0060/150] method=baseline_cagrad loss=0.6527 train_acc=0.5835 train_loss=0.6755 val_acc=0.5560 val_loss=0.6780 router_H=0.6687 best=0.5560
           router_load=[0.6078943610191345, 0.13696563243865967, 0.25513985753059387, 0.0]
[step 0070/150] method=baseline_cagrad loss=0.6259 train_acc=0.5835 train_loss=0.6755 val_acc=0.5560 val_loss=0.6780 router_H=0.6687 best=0.5560
           router_load=[0.6078943610191345, 0.13696563243865967, 0.25513985753059387, 0.0]
[step 0080/150] method=baseline_cagrad loss=0.6408 train_acc=0.5835 train_loss=0.6755 val_acc=0.5560 val_loss=0.6780 router_H=0.6687 best=0.5560
           router_load=[0.6078943610191345, 0.13696563243865967, 0.25513985753059387, 0.0]
[step 0090/150] method=baseline_cagrad loss=0.6511 train_acc=0.5835 train_loss=0.6755 val_acc=0.5560 val_loss=0.6780 router_H=0.6687 best=0.5560
           router_load=[0.6078943610191345, 0.13696563243865967, 0.25513985753059387, 0.0]
[step 0100/150] method=baseline_cagrad loss=0.6651 train_acc=0.6799 train_loss=0.6405 val_acc=0.6462 val_loss=0.6490 router_H=0.6683 best=0.6462
           router_load=[0.6069647669792175, 0.1815749853849411, 0.09566270560026169, 0.11579765379428864]
[step 0110/150] method=baseline_cagrad loss=0.6624 train_acc=0.6799 train_loss=0.6405 val_acc=0.6462 val_loss=0.6490 router_H=0.6683 best=0.6462
           router_load=[0.6069647669792175, 0.1815749853849411, 0.09566270560026169, 0.11579765379428864]
[step 0120/150] method=baseline_cagrad loss=0.6979 train_acc=0.6799 train_loss=0.6405 val_acc=0.6462 val_loss=0.6490 router_H=0.6683 best=0.6462
           router_load=[0.6069647669792175, 0.1815749853849411, 0.09566270560026169, 0.11579765379428864]
[step 0130/150] method=baseline_cagrad loss=0.6716 train_acc=0.6799 train_loss=0.6405 val_acc=0.6462 val_loss=0.6490 router_H=0.6683 best=0.6462
           router_load=[0.6069647669792175, 0.1815749853849411, 0.09566270560026169, 0.11579765379428864]
[step 0140/150] method=baseline_cagrad loss=0.6407 train_acc=0.6799 train_loss=0.6405 val_acc=0.6462 val_loss=0.6490 router_H=0.6683 best=0.6462
           router_load=[0.6069647669792175, 0.1815749853849411, 0.09566270560026169, 0.11579765379428864]
[step 0150/150] method=baseline_cagrad loss=0.6239 train_acc=0.6614 train_loss=0.6002 val_acc=0.6173 val_loss=0.6313 router_H=0.6611 best=0.6462
           router_load=[0.4048154950141907, 0.48491644859313965, 0.026836756616830826, 0.0834311842918396]
saved summary -> /home/zhujjing/MOE-grad-conflict-routing/runs/paper_suite/single_gpu/single_task/roberta_rte_ffn_e4_k2/hpo/cagrad/trial_runs/coord_03_train_grad_clip_002/cagrad_s3.json
saved curve -> /home/zhujjing/MOE-grad-conflict-routing/runs/paper_suite/single_gpu/single_task/roberta_rte_ffn_e4_k2/hpo/cagrad/trial_runs/coord_03_train_grad_clip_002/cagrad_s3_curve.csv
