[run] method=cagrad candidate=coord_03_train_grad_clip_012 seed=3 steps=150 gpu=0
[run] cmd=
/home/zhujjing/anaconda3/envs/moe/bin/python /home/zhujjing/MOE-grad-conflict-routing/scripts/run.py --config configs/singletask_rte_real.yaml --set model.backbone_backend=hf --set model.hf_load_pretrained=true --set model.backbone=roberta --set model.hf_pretrained_name=roberta-base --set model.expert_type=ffn --set model.routing_mode=topk --set model.num_experts=4 --set model.top_k=2 --set seed=3 --set method.name=baseline_cagrad --set train.steps=150 --set train.eval_every_steps=50 --set method.baseline_cagrad.c=0.4 --set method.baseline_cagrad.inner_lr=0.1 --set train.grad_clip=1.66022919 --set train.lr=2.52305587e-05 --set train.weight_decay=0.0003465461751 --out /home/zhujjing/MOE-grad-conflict-routing/runs/paper_suite/single_gpu/single_task/roberta_rte_ffn_e4_k2/hpo/cagrad/trial_runs/coord_03_train_grad_clip_012/cagrad_s3.json --curve_out /home/zhujjing/MOE-grad-conflict-routing/runs/paper_suite/single_gpu/single_task/roberta_rte_ffn_e4_k2/hpo/cagrad/trial_runs/coord_03_train_grad_clip_012/cagrad_s3_curve.csv
Using the latest cached version of the dataset since glue couldn't be found on the Hugging Face Hub (offline mode is enabled).
Found the latest cached dataset configuration 'rte' at /home/zhujjing/hf_cache/datasets/glue/rte/0.0.0/bcdcba79d07bc864c1c254ccfcedcce55bcc9a8c (last modified on Thu Mar 19 15:00:36 2026).
/home/zhujjing/anaconda3/envs/moe/lib/python3.10/site-packages/transformers/utils/hub.py:124: FutureWarning: Using `TRANSFORMERS_CACHE` is deprecated and will be removed in v5 of Transformers. Use `HF_HOME` instead.
  warnings.warn(
Some weights of RobertaModel were not initialized from the model checkpoint at roberta-base and are newly initialized: ['roberta.pooler.dense.bias', 'roberta.pooler.dense.weight']
You should probably TRAIN this model on a down-stream task to be able to use it for predictions and inference.
[step 0001/150] method=baseline_cagrad loss=0.6909 train_acc=nan train_loss=nan val_acc=nan val_loss=nan best=-1.0000
[step 0010/150] method=baseline_cagrad loss=0.7008 train_acc=nan train_loss=nan val_acc=nan val_loss=nan best=-1.0000
[step 0020/150] method=baseline_cagrad loss=0.6908 train_acc=nan train_loss=nan val_acc=nan val_loss=nan best=-1.0000
[step 0030/150] method=baseline_cagrad loss=0.6928 train_acc=nan train_loss=nan val_acc=nan val_loss=nan best=-1.0000
[step 0040/150] method=baseline_cagrad loss=0.6663 train_acc=nan train_loss=nan val_acc=nan val_loss=nan best=-1.0000
[step 0050/150] method=baseline_cagrad loss=0.6794 train_acc=0.6052 train_loss=0.6645 val_acc=0.5740 val_loss=0.6790 router_H=0.6738 best=0.5740
           router_load=[0.3119145333766937, 0.0941876471042633, 0.0, 0.5938978791236877]
[step 0060/150] method=baseline_cagrad loss=0.6593 train_acc=0.6052 train_loss=0.6645 val_acc=0.5740 val_loss=0.6790 router_H=0.6738 best=0.5740
           router_load=[0.3119145333766937, 0.0941876471042633, 0.0, 0.5938978791236877]
[step 0070/150] method=baseline_cagrad loss=0.7229 train_acc=0.6052 train_loss=0.6645 val_acc=0.5740 val_loss=0.6790 router_H=0.6738 best=0.5740
           router_load=[0.3119145333766937, 0.0941876471042633, 0.0, 0.5938978791236877]
[step 0080/150] method=baseline_cagrad loss=0.5266 train_acc=0.6052 train_loss=0.6645 val_acc=0.5740 val_loss=0.6790 router_H=0.6738 best=0.5740
           router_load=[0.3119145333766937, 0.0941876471042633, 0.0, 0.5938978791236877]
[step 0090/150] method=baseline_cagrad loss=0.5034 train_acc=0.6052 train_loss=0.6645 val_acc=0.5740 val_loss=0.6790 router_H=0.6738 best=0.5740
           router_load=[0.3119145333766937, 0.0941876471042633, 0.0, 0.5938978791236877]
[step 0100/150] method=baseline_cagrad loss=0.7563 train_acc=0.6542 train_loss=0.6335 val_acc=0.6354 val_loss=0.6455 router_H=0.5828 best=0.6354
           router_load=[0.270988404750824, 0.0, 0.0, 0.729011595249176]
[step 0110/150] method=baseline_cagrad loss=0.8237 train_acc=0.6542 train_loss=0.6335 val_acc=0.6354 val_loss=0.6455 router_H=0.5828 best=0.6354
           router_load=[0.270988404750824, 0.0, 0.0, 0.729011595249176]
[step 0120/150] method=baseline_cagrad loss=0.7044 train_acc=0.6542 train_loss=0.6335 val_acc=0.6354 val_loss=0.6455 router_H=0.5828 best=0.6354
           router_load=[0.270988404750824, 0.0, 0.0, 0.729011595249176]
[step 0130/150] method=baseline_cagrad loss=0.6898 train_acc=0.6542 train_loss=0.6335 val_acc=0.6354 val_loss=0.6455 router_H=0.5828 best=0.6354
           router_load=[0.270988404750824, 0.0, 0.0, 0.729011595249176]
[step 0140/150] method=baseline_cagrad loss=0.7277 train_acc=0.6542 train_loss=0.6335 val_acc=0.6354 val_loss=0.6455 router_H=0.5828 best=0.6354
           router_load=[0.270988404750824, 0.0, 0.0, 0.729011595249176]
[step 0150/150] method=baseline_cagrad loss=0.7149 train_acc=0.4984 train_loss=0.6956 val_acc=0.4729 val_loss=0.7005 router_H=0.6861 best=0.6354
           router_load=[0.4409025311470032, 0.0, 0.0, 0.5590975284576416]
saved summary -> /home/zhujjing/MOE-grad-conflict-routing/runs/paper_suite/single_gpu/single_task/roberta_rte_ffn_e4_k2/hpo/cagrad/trial_runs/coord_03_train_grad_clip_012/cagrad_s3.json
saved curve -> /home/zhujjing/MOE-grad-conflict-routing/runs/paper_suite/single_gpu/single_task/roberta_rte_ffn_e4_k2/hpo/cagrad/trial_runs/coord_03_train_grad_clip_012/cagrad_s3_curve.csv
