[run] method=cagrad candidate=coord_03_train_grad_clip_017 seed=2 steps=150 gpu=0
[run] cmd=
/home/zhujjing/anaconda3/envs/moe/bin/python /home/zhujjing/MOE-grad-conflict-routing/scripts/run.py --config configs/singletask_rte_real.yaml --set model.backbone_backend=hf --set model.hf_load_pretrained=true --set model.backbone=roberta --set model.hf_pretrained_name=roberta-base --set model.expert_type=ffn --set model.routing_mode=topk --set model.num_experts=4 --set model.top_k=2 --set seed=2 --set method.name=baseline_cagrad --set train.steps=150 --set train.eval_every_steps=50 --set method.baseline_cagrad.c=0.4 --set method.baseline_cagrad.inner_lr=0.1 --set train.grad_clip=1.658271302 --set train.lr=2.52305587e-05 --set train.weight_decay=0.0003465461751 --out /home/zhujjing/MOE-grad-conflict-routing/runs/paper_suite/single_gpu/single_task/roberta_rte_ffn_e4_k2/hpo/cagrad/trial_runs/coord_03_train_grad_clip_017/cagrad_s2.json --curve_out /home/zhujjing/MOE-grad-conflict-routing/runs/paper_suite/single_gpu/single_task/roberta_rte_ffn_e4_k2/hpo/cagrad/trial_runs/coord_03_train_grad_clip_017/cagrad_s2_curve.csv
Using the latest cached version of the dataset since glue couldn't be found on the Hugging Face Hub (offline mode is enabled).
Found the latest cached dataset configuration 'rte' at /home/zhujjing/hf_cache/datasets/glue/rte/0.0.0/bcdcba79d07bc864c1c254ccfcedcce55bcc9a8c (last modified on Thu Mar 19 15:00:36 2026).
/home/zhujjing/anaconda3/envs/moe/lib/python3.10/site-packages/transformers/utils/hub.py:124: FutureWarning: Using `TRANSFORMERS_CACHE` is deprecated and will be removed in v5 of Transformers. Use `HF_HOME` instead.
  warnings.warn(
Some weights of RobertaModel were not initialized from the model checkpoint at roberta-base and are newly initialized: ['roberta.pooler.dense.bias', 'roberta.pooler.dense.weight']
You should probably TRAIN this model on a down-stream task to be able to use it for predictions and inference.
[step 0001/150] method=baseline_cagrad loss=0.7003 train_acc=nan train_loss=nan val_acc=nan val_loss=nan best=-1.0000
[step 0010/150] method=baseline_cagrad loss=0.7538 train_acc=nan train_loss=nan val_acc=nan val_loss=nan best=-1.0000
[step 0020/150] method=baseline_cagrad loss=0.6843 train_acc=nan train_loss=nan val_acc=nan val_loss=nan best=-1.0000
[step 0030/150] method=baseline_cagrad loss=0.7060 train_acc=nan train_loss=nan val_acc=nan val_loss=nan best=-1.0000
[step 0040/150] method=baseline_cagrad loss=0.7076 train_acc=nan train_loss=nan val_acc=nan val_loss=nan best=-1.0000
[step 0050/150] method=baseline_cagrad loss=0.6317 train_acc=0.5313 train_loss=0.6713 val_acc=0.5162 val_loss=0.6697 router_H=0.6632 best=0.5162
           router_load=[0.030808717012405396, 0.6037499308586121, 0.33906275033950806, 0.026378611102700233]
[step 0060/150] method=baseline_cagrad loss=0.6567 train_acc=0.5313 train_loss=0.6713 val_acc=0.5162 val_loss=0.6697 router_H=0.6632 best=0.5162
           router_load=[0.030808717012405396, 0.6037499308586121, 0.33906275033950806, 0.026378611102700233]
[step 0070/150] method=baseline_cagrad loss=0.6407 train_acc=0.5313 train_loss=0.6713 val_acc=0.5162 val_loss=0.6697 router_H=0.6632 best=0.5162
           router_load=[0.030808717012405396, 0.6037499308586121, 0.33906275033950806, 0.026378611102700233]
[step 0080/150] method=baseline_cagrad loss=0.6546 train_acc=0.5313 train_loss=0.6713 val_acc=0.5162 val_loss=0.6697 router_H=0.6632 best=0.5162
           router_load=[0.030808717012405396, 0.6037499308586121, 0.33906275033950806, 0.026378611102700233]
[step 0090/150] method=baseline_cagrad loss=0.7062 train_acc=0.5313 train_loss=0.6713 val_acc=0.5162 val_loss=0.6697 router_H=0.6632 best=0.5162
           router_load=[0.030808717012405396, 0.6037499308586121, 0.33906275033950806, 0.026378611102700233]
[step 0100/150] method=baseline_cagrad loss=0.6484 train_acc=0.6819 train_loss=0.6099 val_acc=0.6318 val_loss=0.6544 router_H=0.6750 best=0.6318
           router_load=[0.17617139220237732, 0.4116422235965729, 0.3913743495941162, 0.020811988040804863]
[step 0110/150] method=baseline_cagrad loss=0.5813 train_acc=0.6819 train_loss=0.6099 val_acc=0.6318 val_loss=0.6544 router_H=0.6750 best=0.6318
           router_load=[0.17617139220237732, 0.4116422235965729, 0.3913743495941162, 0.020811988040804863]
[step 0120/150] method=baseline_cagrad loss=0.4665 train_acc=0.6819 train_loss=0.6099 val_acc=0.6318 val_loss=0.6544 router_H=0.6750 best=0.6318
           router_load=[0.17617139220237732, 0.4116422235965729, 0.3913743495941162, 0.020811988040804863]
[step 0130/150] method=baseline_cagrad loss=0.6946 train_acc=0.6819 train_loss=0.6099 val_acc=0.6318 val_loss=0.6544 router_H=0.6750 best=0.6318
           router_load=[0.17617139220237732, 0.4116422235965729, 0.3913743495941162, 0.020811988040804863]
[step 0140/150] method=baseline_cagrad loss=0.7152 train_acc=0.6819 train_loss=0.6099 val_acc=0.6318 val_loss=0.6544 router_H=0.6750 best=0.6318
           router_load=[0.17617139220237732, 0.4116422235965729, 0.3913743495941162, 0.020811988040804863]
[step 0150/150] method=baseline_cagrad loss=0.7271 train_acc=0.7522 train_loss=0.5813 val_acc=0.6751 val_loss=0.6311 router_H=0.6749 best=0.6751
           router_load=[0.0, 0.5850943326950073, 0.31116658449172974, 0.10373903810977936]
saved summary -> /home/zhujjing/MOE-grad-conflict-routing/runs/paper_suite/single_gpu/single_task/roberta_rte_ffn_e4_k2/hpo/cagrad/trial_runs/coord_03_train_grad_clip_017/cagrad_s2.json
saved curve -> /home/zhujjing/MOE-grad-conflict-routing/runs/paper_suite/single_gpu/single_task/roberta_rte_ffn_e4_k2/hpo/cagrad/trial_runs/coord_03_train_grad_clip_017/cagrad_s2_curve.csv
