[run] method=cagrad candidate=coord_03_anchor seed=2 steps=150 gpu=0
[run] cmd=
/home/zhujjing/anaconda3/envs/moe/bin/python /home/zhujjing/MOE-grad-conflict-routing/scripts/run.py --config configs/singletask_rte_real.yaml --set model.backbone_backend=hf --set model.hf_load_pretrained=true --set model.backbone=roberta --set model.hf_pretrained_name=roberta-base --set model.expert_type=ffn --set model.routing_mode=topk --set model.num_experts=4 --set model.top_k=2 --set seed=2 --set method.name=baseline_cagrad --set train.steps=150 --set train.eval_every_steps=50 --set method.baseline_cagrad.c=0.4 --set method.baseline_cagrad.inner_lr=0.1 --set train.grad_clip=1 --set train.lr=2.52305587e-05 --set train.weight_decay=0.0003465461751 --out /home/zhujjing/MOE-grad-conflict-routing/runs/paper_suite/single_gpu/single_task/roberta_rte_ffn_e4_k2/hpo/cagrad/trial_runs/coord_03_anchor/cagrad_s2.json --curve_out /home/zhujjing/MOE-grad-conflict-routing/runs/paper_suite/single_gpu/single_task/roberta_rte_ffn_e4_k2/hpo/cagrad/trial_runs/coord_03_anchor/cagrad_s2_curve.csv
Using the latest cached version of the dataset since glue couldn't be found on the Hugging Face Hub (offline mode is enabled).
Found the latest cached dataset configuration 'rte' at /home/zhujjing/hf_cache/datasets/glue/rte/0.0.0/bcdcba79d07bc864c1c254ccfcedcce55bcc9a8c (last modified on Thu Mar 19 15:00:36 2026).
/home/zhujjing/anaconda3/envs/moe/lib/python3.10/site-packages/transformers/utils/hub.py:124: FutureWarning: Using `TRANSFORMERS_CACHE` is deprecated and will be removed in v5 of Transformers. Use `HF_HOME` instead.
  warnings.warn(
Some weights of RobertaModel were not initialized from the model checkpoint at roberta-base and are newly initialized: ['roberta.pooler.dense.bias', 'roberta.pooler.dense.weight']
You should probably TRAIN this model on a down-stream task to be able to use it for predictions and inference.
[step 0001/150] method=baseline_cagrad loss=0.6917 train_acc=nan train_loss=nan val_acc=nan val_loss=nan best=-1.0000
[step 0010/150] method=baseline_cagrad loss=0.7428 train_acc=nan train_loss=nan val_acc=nan val_loss=nan best=-1.0000
[step 0020/150] method=baseline_cagrad loss=0.6854 train_acc=nan train_loss=nan val_acc=nan val_loss=nan best=-1.0000
[step 0030/150] method=baseline_cagrad loss=0.7070 train_acc=nan train_loss=nan val_acc=nan val_loss=nan best=-1.0000
[step 0040/150] method=baseline_cagrad loss=0.6983 train_acc=nan train_loss=nan val_acc=nan val_loss=nan best=-1.0000
[step 0050/150] method=baseline_cagrad loss=0.5793 train_acc=0.5108 train_loss=0.6793 val_acc=0.5271 val_loss=0.6839 router_H=0.6648 best=0.5271
           router_load=[0.4214383065700531, 0.0, 0.009745932184159756, 0.5688157081604004]
[step 0060/150] method=baseline_cagrad loss=0.6394 train_acc=0.5108 train_loss=0.6793 val_acc=0.5271 val_loss=0.6839 router_H=0.6648 best=0.5271
           router_load=[0.4214383065700531, 0.0, 0.009745932184159756, 0.5688157081604004]
[step 0070/150] method=baseline_cagrad loss=0.6452 train_acc=0.5108 train_loss=0.6793 val_acc=0.5271 val_loss=0.6839 router_H=0.6648 best=0.5271
           router_load=[0.4214383065700531, 0.0, 0.009745932184159756, 0.5688157081604004]
[step 0080/150] method=baseline_cagrad loss=0.7467 train_acc=0.5108 train_loss=0.6793 val_acc=0.5271 val_loss=0.6839 router_H=0.6648 best=0.5271
           router_load=[0.4214383065700531, 0.0, 0.009745932184159756, 0.5688157081604004]
[step 0090/150] method=baseline_cagrad loss=1.0169 train_acc=0.5108 train_loss=0.6793 val_acc=0.5271 val_loss=0.6839 router_H=0.6648 best=0.5271
           router_load=[0.4214383065700531, 0.0, 0.009745932184159756, 0.5688157081604004]
[step 0100/150] method=baseline_cagrad loss=0.6790 train_acc=0.5763 train_loss=0.6551 val_acc=0.5199 val_loss=0.7001 router_H=0.6490 best=0.5271
           router_load=[0.6028701066970825, 0.002033904893323779, 0.14526048302650452, 0.2498355209827423]
[step 0110/150] method=baseline_cagrad loss=0.6355 train_acc=0.5763 train_loss=0.6551 val_acc=0.5199 val_loss=0.7001 router_H=0.6490 best=0.5271
           router_load=[0.6028701066970825, 0.002033904893323779, 0.14526048302650452, 0.2498355209827423]
[step 0120/150] method=baseline_cagrad loss=0.5105 train_acc=0.5763 train_loss=0.6551 val_acc=0.5199 val_loss=0.7001 router_H=0.6490 best=0.5271
           router_load=[0.6028701066970825, 0.002033904893323779, 0.14526048302650452, 0.2498355209827423]
[step 0130/150] method=baseline_cagrad loss=0.6212 train_acc=0.5763 train_loss=0.6551 val_acc=0.5199 val_loss=0.7001 router_H=0.6490 best=0.5271
           router_load=[0.6028701066970825, 0.002033904893323779, 0.14526048302650452, 0.2498355209827423]
[step 0140/150] method=baseline_cagrad loss=0.6892 train_acc=0.5763 train_loss=0.6551 val_acc=0.5199 val_loss=0.7001 router_H=0.6490 best=0.5271
           router_load=[0.6028701066970825, 0.002033904893323779, 0.14526048302650452, 0.2498355209827423]
[step 0150/150] method=baseline_cagrad loss=0.6020 train_acc=0.7450 train_loss=0.5470 val_acc=0.6715 val_loss=0.6201 router_H=0.5968 best=0.6715
           router_load=[0.40202099084854126, 0.014666512608528137, 0.1871553659439087, 0.3961571753025055]
saved summary -> /home/zhujjing/MOE-grad-conflict-routing/runs/paper_suite/single_gpu/single_task/roberta_rte_ffn_e4_k2/hpo/cagrad/trial_runs/coord_03_anchor/cagrad_s2.json
saved curve -> /home/zhujjing/MOE-grad-conflict-routing/runs/paper_suite/single_gpu/single_task/roberta_rte_ffn_e4_k2/hpo/cagrad/trial_runs/coord_03_anchor/cagrad_s2_curve.csv
