[run] method=cagrad candidate=coord_03_train_grad_clip_012 seed=2 steps=150 gpu=0
[run] cmd=
/home/zhujjing/anaconda3/envs/moe/bin/python /home/zhujjing/MOE-grad-conflict-routing/scripts/run.py --config configs/singletask_rte_real.yaml --set model.backbone_backend=hf --set model.hf_load_pretrained=true --set model.backbone=roberta --set model.hf_pretrained_name=roberta-base --set model.expert_type=ffn --set model.routing_mode=topk --set model.num_experts=4 --set model.top_k=2 --set seed=2 --set method.name=baseline_cagrad --set train.steps=150 --set train.eval_every_steps=50 --set method.baseline_cagrad.c=0.4 --set method.baseline_cagrad.inner_lr=0.1 --set train.grad_clip=1.66022919 --set train.lr=2.52305587e-05 --set train.weight_decay=0.0003465461751 --out /home/zhujjing/MOE-grad-conflict-routing/runs/paper_suite/single_gpu/single_task/roberta_rte_ffn_e4_k2/hpo/cagrad/trial_runs/coord_03_train_grad_clip_012/cagrad_s2.json --curve_out /home/zhujjing/MOE-grad-conflict-routing/runs/paper_suite/single_gpu/single_task/roberta_rte_ffn_e4_k2/hpo/cagrad/trial_runs/coord_03_train_grad_clip_012/cagrad_s2_curve.csv
Using the latest cached version of the dataset since glue couldn't be found on the Hugging Face Hub (offline mode is enabled).
Found the latest cached dataset configuration 'rte' at /home/zhujjing/hf_cache/datasets/glue/rte/0.0.0/bcdcba79d07bc864c1c254ccfcedcce55bcc9a8c (last modified on Thu Mar 19 15:00:36 2026).
/home/zhujjing/anaconda3/envs/moe/lib/python3.10/site-packages/transformers/utils/hub.py:124: FutureWarning: Using `TRANSFORMERS_CACHE` is deprecated and will be removed in v5 of Transformers. Use `HF_HOME` instead.
  warnings.warn(
Some weights of RobertaModel were not initialized from the model checkpoint at roberta-base and are newly initialized: ['roberta.pooler.dense.bias', 'roberta.pooler.dense.weight']
You should probably TRAIN this model on a down-stream task to be able to use it for predictions and inference.
[step 0001/150] method=baseline_cagrad loss=0.6871 train_acc=nan train_loss=nan val_acc=nan val_loss=nan best=-1.0000
[step 0010/150] method=baseline_cagrad loss=0.7733 train_acc=nan train_loss=nan val_acc=nan val_loss=nan best=-1.0000
[step 0020/150] method=baseline_cagrad loss=0.7003 train_acc=nan train_loss=nan val_acc=nan val_loss=nan best=-1.0000
[step 0030/150] method=baseline_cagrad loss=0.7077 train_acc=nan train_loss=nan val_acc=nan val_loss=nan best=-1.0000
[step 0040/150] method=baseline_cagrad loss=0.6909 train_acc=nan train_loss=nan val_acc=nan val_loss=nan best=-1.0000
[step 0050/150] method=baseline_cagrad loss=0.6238 train_acc=0.5016 train_loss=0.6885 val_acc=0.5271 val_loss=0.6838 router_H=0.6732 best=0.5271
           router_load=[0.22415383160114288, 0.5963793396949768, 0.17130084335803986, 0.008165935985744]
[step 0060/150] method=baseline_cagrad loss=0.6662 train_acc=0.5016 train_loss=0.6885 val_acc=0.5271 val_loss=0.6838 router_H=0.6732 best=0.5271
           router_load=[0.22415383160114288, 0.5963793396949768, 0.17130084335803986, 0.008165935985744]
[step 0070/150] method=baseline_cagrad loss=0.6880 train_acc=0.5016 train_loss=0.6885 val_acc=0.5271 val_loss=0.6838 router_H=0.6732 best=0.5271
           router_load=[0.22415383160114288, 0.5963793396949768, 0.17130084335803986, 0.008165935985744]
[step 0080/150] method=baseline_cagrad loss=0.6816 train_acc=0.5016 train_loss=0.6885 val_acc=0.5271 val_loss=0.6838 router_H=0.6732 best=0.5271
           router_load=[0.22415383160114288, 0.5963793396949768, 0.17130084335803986, 0.008165935985744]
[step 0090/150] method=baseline_cagrad loss=0.7669 train_acc=0.5016 train_loss=0.6885 val_acc=0.5271 val_loss=0.6838 router_H=0.6732 best=0.5271
           router_load=[0.22415383160114288, 0.5963793396949768, 0.17130084335803986, 0.008165935985744]
[step 0100/150] method=baseline_cagrad loss=0.6797 train_acc=0.6353 train_loss=0.6432 val_acc=0.5668 val_loss=0.6831 router_H=0.6817 best=0.5668
           router_load=[0.36840948462486267, 0.5327327847480774, 0.0, 0.09885770827531815]
[step 0110/150] method=baseline_cagrad loss=0.6187 train_acc=0.6353 train_loss=0.6432 val_acc=0.5668 val_loss=0.6831 router_H=0.6817 best=0.5668
           router_load=[0.36840948462486267, 0.5327327847480774, 0.0, 0.09885770827531815]
[step 0120/150] method=baseline_cagrad loss=0.5239 train_acc=0.6353 train_loss=0.6432 val_acc=0.5668 val_loss=0.6831 router_H=0.6817 best=0.5668
           router_load=[0.36840948462486267, 0.5327327847480774, 0.0, 0.09885770827531815]
[step 0130/150] method=baseline_cagrad loss=0.6408 train_acc=0.6353 train_loss=0.6432 val_acc=0.5668 val_loss=0.6831 router_H=0.6817 best=0.5668
           router_load=[0.36840948462486267, 0.5327327847480774, 0.0, 0.09885770827531815]
[step 0140/150] method=baseline_cagrad loss=0.6652 train_acc=0.6353 train_loss=0.6432 val_acc=0.5668 val_loss=0.6831 router_H=0.6817 best=0.5668
           router_load=[0.36840948462486267, 0.5327327847480774, 0.0, 0.09885770827531815]
[step 0150/150] method=baseline_cagrad loss=0.5893 train_acc=0.7145 train_loss=0.5756 val_acc=0.6787 val_loss=0.6121 router_H=0.6636 best=0.6787
           router_load=[0.16437993943691254, 0.5608415007591248, 0.0, 0.2747785151004791]
saved summary -> /home/zhujjing/MOE-grad-conflict-routing/runs/paper_suite/single_gpu/single_task/roberta_rte_ffn_e4_k2/hpo/cagrad/trial_runs/coord_03_train_grad_clip_012/cagrad_s2.json
saved curve -> /home/zhujjing/MOE-grad-conflict-routing/runs/paper_suite/single_gpu/single_task/roberta_rte_ffn_e4_k2/hpo/cagrad/trial_runs/coord_03_train_grad_clip_012/cagrad_s2_curve.csv
