[run] method=baseline candidate=local_var_topk_006 seed=11 steps=1000 gpu=0
[run] cmd=
/home/zhujjing/anaconda3/envs/moe/bin/python /home/zhujjing/MOE-grad-conflict-routing/scripts/run.py --config configs/singletask_mrpc_real.yaml --set model.backbone_backend=hf --set model.hf_load_pretrained=true --set model.backbone=roberta --set model.hf_pretrained_name=roberta-base --set model.expert_type=ffn --set model.routing_mode=topk --set model.num_experts=4 --set model.top_k=2 --set seed=11 --set method.name=baseline_avg --set train.steps=1000 --set train.eval_every_steps=50 --set train.grad_clip=2 --set train.lr=1.9211887e-05 --set train.weight_decay=0.004875709175 --out /home/zhujjing/MOE-grad-conflict-routing/runs/paper_suite/single_gpu/single_task/roberta_mrpc_ffn_e4_k2/final/baseline_s11.json --curve_out /home/zhujjing/MOE-grad-conflict-routing/runs/paper_suite/single_gpu/single_task/roberta_mrpc_ffn_e4_k2/final/baseline_s11_curve.csv
Using the latest cached version of the dataset since glue couldn't be found on the Hugging Face Hub (offline mode is enabled).
Found the latest cached dataset configuration 'mrpc' at /home/zhujjing/hf_cache/datasets/glue/mrpc/0.0.0/bcdcba79d07bc864c1c254ccfcedcce55bcc9a8c (last modified on Thu Mar 19 15:01:06 2026).
/home/zhujjing/anaconda3/envs/moe/lib/python3.10/site-packages/transformers/utils/hub.py:124: FutureWarning: Using `TRANSFORMERS_CACHE` is deprecated and will be removed in v5 of Transformers. Use `HF_HOME` instead.
  warnings.warn(
Some weights of RobertaModel were not initialized from the model checkpoint at roberta-base and are newly initialized: ['roberta.pooler.dense.bias', 'roberta.pooler.dense.weight']
You should probably TRAIN this model on a down-stream task to be able to use it for predictions and inference.
[step 0001/1000] method=baseline_avg loss=0.6926 train_acc=nan train_loss=nan val_acc=nan val_loss=nan best=-1.0000
[step 0010/1000] method=baseline_avg loss=0.7136 train_acc=nan train_loss=nan val_acc=nan val_loss=nan best=-1.0000
[step 0020/1000] method=baseline_avg loss=0.6777 train_acc=nan train_loss=nan val_acc=nan val_loss=nan best=-1.0000
[step 0030/1000] method=baseline_avg loss=0.7655 train_acc=nan train_loss=nan val_acc=nan val_loss=nan best=-1.0000
[step 0040/1000] method=baseline_avg loss=0.7593 train_acc=nan train_loss=nan val_acc=nan val_loss=nan best=-1.0000
[step 0050/1000] method=baseline_avg loss=0.4910 train_acc=0.7519 train_loss=0.5072 val_acc=0.7525 val_loss=0.5044 router_H=0.4629 best=0.7525
           router_load=[0.021066291257739067, 0.00034618936479091644, 0.18984046578407288, 0.7887469530105591]
[step 0060/1000] method=baseline_avg loss=0.3644 train_acc=0.7519 train_loss=0.5072 val_acc=0.7525 val_loss=0.5044 router_H=0.4629 best=0.7525
           router_load=[0.021066291257739067, 0.00034618936479091644, 0.18984046578407288, 0.7887469530105591]
[step 0070/1000] method=baseline_avg loss=0.5024 train_acc=0.7519 train_loss=0.5072 val_acc=0.7525 val_loss=0.5044 router_H=0.4629 best=0.7525
           router_load=[0.021066291257739067, 0.00034618936479091644, 0.18984046578407288, 0.7887469530105591]
[step 0080/1000] method=baseline_avg loss=0.5437 train_acc=0.7519 train_loss=0.5072 val_acc=0.7525 val_loss=0.5044 router_H=0.4629 best=0.7525
           router_load=[0.021066291257739067, 0.00034618936479091644, 0.18984046578407288, 0.7887469530105591]
[step 0090/1000] method=baseline_avg loss=0.5350 train_acc=0.7519 train_loss=0.5072 val_acc=0.7525 val_loss=0.5044 router_H=0.4629 best=0.7525
           router_load=[0.021066291257739067, 0.00034618936479091644, 0.18984046578407288, 0.7887469530105591]
[step 0100/1000] method=baseline_avg loss=0.3570 train_acc=0.7565 train_loss=0.5746 val_acc=0.7525 val_loss=0.5775 router_H=0.4429 best=0.7525
           router_load=[0.0, 0.0, 0.18479590117931366, 0.8152040839195251]
[step 0110/1000] method=baseline_avg loss=0.4999 train_acc=0.7565 train_loss=0.5746 val_acc=0.7525 val_loss=0.5775 router_H=0.4429 best=0.7525
           router_load=[0.0, 0.0, 0.18479590117931366, 0.8152040839195251]
[step 0120/1000] method=baseline_avg loss=0.2967 train_acc=0.7565 train_loss=0.5746 val_acc=0.7525 val_loss=0.5775 router_H=0.4429 best=0.7525
           router_load=[0.0, 0.0, 0.18479590117931366, 0.8152040839195251]
[step 0130/1000] method=baseline_avg loss=0.7263 train_acc=0.7565 train_loss=0.5746 val_acc=0.7525 val_loss=0.5775 router_H=0.4429 best=0.7525
           router_load=[0.0, 0.0, 0.18479590117931366, 0.8152040839195251]
[step 0140/1000] method=baseline_avg loss=0.6054 train_acc=0.7565 train_loss=0.5746 val_acc=0.7525 val_loss=0.5775 router_H=0.4429 best=0.7525
           router_load=[0.0, 0.0, 0.18479590117931366, 0.8152040839195251]
[step 0150/1000] method=baseline_avg loss=0.3358 train_acc=0.8506 train_loss=0.3566 val_acc=0.8431 val_loss=0.3760 router_H=0.3649 best=0.8431
           router_load=[0.00808580219745636, 0.00722830044105649, 0.17626190185546875, 0.8084239363670349]
[step 0160/1000] method=baseline_avg loss=0.3211 train_acc=0.8506 train_loss=0.3566 val_acc=0.8431 val_loss=0.3760 router_H=0.3649 best=0.8431
           router_load=[0.00808580219745636, 0.00722830044105649, 0.17626190185546875, 0.8084239363670349]
[step 0170/1000] method=baseline_avg loss=0.2230 train_acc=0.8506 train_loss=0.3566 val_acc=0.8431 val_loss=0.3760 router_H=0.3649 best=0.8431
           router_load=[0.00808580219745636, 0.00722830044105649, 0.17626190185546875, 0.8084239363670349]
[step 0180/1000] method=baseline_avg loss=0.5785 train_acc=0.8506 train_loss=0.3566 val_acc=0.8431 val_loss=0.3760 router_H=0.3649 best=0.8431
           router_load=[0.00808580219745636, 0.00722830044105649, 0.17626190185546875, 0.8084239363670349]
[step 0190/1000] method=baseline_avg loss=0.5261 train_acc=0.8506 train_loss=0.3566 val_acc=0.8431 val_loss=0.3760 router_H=0.3649 best=0.8431
           router_load=[0.00808580219745636, 0.00722830044105649, 0.17626190185546875, 0.8084239363670349]
[step 0200/1000] method=baseline_avg loss=0.3192 train_acc=0.8670 train_loss=0.3117 val_acc=0.8456 val_loss=0.3717 router_H=0.4178 best=0.8456
           router_load=[0.0012464928440749645, 0.04195985943078995, 0.25512802600860596, 0.7016656398773193]
[step 0210/1000] method=baseline_avg loss=0.2786 train_acc=0.8670 train_loss=0.3117 val_acc=0.8456 val_loss=0.3717 router_H=0.4178 best=0.8456
           router_load=[0.0012464928440749645, 0.04195985943078995, 0.25512802600860596, 0.7016656398773193]
[step 0220/1000] method=baseline_avg loss=0.4827 train_acc=0.8670 train_loss=0.3117 val_acc=0.8456 val_loss=0.3717 router_H=0.4178 best=0.8456
           router_load=[0.0012464928440749645, 0.04195985943078995, 0.25512802600860596, 0.7016656398773193]
[step 0230/1000] method=baseline_avg loss=0.0574 train_acc=0.8670 train_loss=0.3117 val_acc=0.8456 val_loss=0.3717 router_H=0.4178 best=0.8456
           router_load=[0.0012464928440749645, 0.04195985943078995, 0.25512802600860596, 0.7016656398773193]
[step 0240/1000] method=baseline_avg loss=0.6872 train_acc=0.8670 train_loss=0.3117 val_acc=0.8456 val_loss=0.3717 router_H=0.4178 best=0.8456
           router_load=[0.0012464928440749645, 0.04195985943078995, 0.25512802600860596, 0.7016656398773193]
[step 0250/1000] method=baseline_avg loss=0.6406 train_acc=0.8929 train_loss=0.2949 val_acc=0.8750 val_loss=0.3651 router_H=0.4081 best=0.8750
           router_load=[0.037789035588502884, 0.0, 0.19227062165737152, 0.7699403762817383]
[step 0260/1000] method=baseline_avg loss=0.1966 train_acc=0.8929 train_loss=0.2949 val_acc=0.8750 val_loss=0.3651 router_H=0.4081 best=0.8750
           router_load=[0.037789035588502884, 0.0, 0.19227062165737152, 0.7699403762817383]
[step 0270/1000] method=baseline_avg loss=0.4577 train_acc=0.8929 train_loss=0.2949 val_acc=0.8750 val_loss=0.3651 router_H=0.4081 best=0.8750
           router_load=[0.037789035588502884, 0.0, 0.19227062165737152, 0.7699403762817383]
[step 0280/1000] method=baseline_avg loss=0.2694 train_acc=0.8929 train_loss=0.2949 val_acc=0.8750 val_loss=0.3651 router_H=0.4081 best=0.8750
           router_load=[0.037789035588502884, 0.0, 0.19227062165737152, 0.7699403762817383]
[step 0290/1000] method=baseline_avg loss=0.3553 train_acc=0.8929 train_loss=0.2949 val_acc=0.8750 val_loss=0.3651 router_H=0.4081 best=0.8750
           router_load=[0.037789035588502884, 0.0, 0.19227062165737152, 0.7699403762817383]
[step 0300/1000] method=baseline_avg loss=0.2895 train_acc=0.8432 train_loss=0.3663 val_acc=0.7990 val_loss=0.4653 router_H=0.4244 best=0.8750
           router_load=[0.00014328808174468577, 0.03736177459359169, 0.2494727522134781, 0.7130221724510193]
[step 0310/1000] method=baseline_avg loss=0.3110 train_acc=0.8432 train_loss=0.3663 val_acc=0.7990 val_loss=0.4653 router_H=0.4244 best=0.8750
           router_load=[0.00014328808174468577, 0.03736177459359169, 0.2494727522134781, 0.7130221724510193]
[step 0320/1000] method=baseline_avg loss=0.1766 train_acc=0.8432 train_loss=0.3663 val_acc=0.7990 val_loss=0.4653 router_H=0.4244 best=0.8750
           router_load=[0.00014328808174468577, 0.03736177459359169, 0.2494727522134781, 0.7130221724510193]
[step 0330/1000] method=baseline_avg loss=0.2687 train_acc=0.8432 train_loss=0.3663 val_acc=0.7990 val_loss=0.4653 router_H=0.4244 best=0.8750
           router_load=[0.00014328808174468577, 0.03736177459359169, 0.2494727522134781, 0.7130221724510193]
[step 0340/1000] method=baseline_avg loss=0.5718 train_acc=0.8432 train_loss=0.3663 val_acc=0.7990 val_loss=0.4653 router_H=0.4244 best=0.8750
           router_load=[0.00014328808174468577, 0.03736177459359169, 0.2494727522134781, 0.7130221724510193]
[step 0350/1000] method=baseline_avg loss=0.3421 train_acc=0.9089 train_loss=0.2496 val_acc=0.8554 val_loss=0.3452 router_H=0.3095 best=0.8750
           router_load=[0.021129146218299866, 0.0017891856841742992, 0.12051381170749664, 0.8565678596496582]
[step 0360/1000] method=baseline_avg loss=0.3414 train_acc=0.9089 train_loss=0.2496 val_acc=0.8554 val_loss=0.3452 router_H=0.3095 best=0.8750
           router_load=[0.021129146218299866, 0.0017891856841742992, 0.12051381170749664, 0.8565678596496582]
[step 0370/1000] method=baseline_avg loss=0.5981 train_acc=0.9089 train_loss=0.2496 val_acc=0.8554 val_loss=0.3452 router_H=0.3095 best=0.8750
           router_load=[0.021129146218299866, 0.0017891856841742992, 0.12051381170749664, 0.8565678596496582]
[step 0380/1000] method=baseline_avg loss=0.5854 train_acc=0.9089 train_loss=0.2496 val_acc=0.8554 val_loss=0.3452 router_H=0.3095 best=0.8750
           router_load=[0.021129146218299866, 0.0017891856841742992, 0.12051381170749664, 0.8565678596496582]
[step 0390/1000] method=baseline_avg loss=0.6505 train_acc=0.9089 train_loss=0.2496 val_acc=0.8554 val_loss=0.3452 router_H=0.3095 best=0.8750
           router_load=[0.021129146218299866, 0.0017891856841742992, 0.12051381170749664, 0.8565678596496582]
[step 0400/1000] method=baseline_avg loss=0.2847 train_acc=0.9201 train_loss=0.2103 val_acc=0.8725 val_loss=0.2983 router_H=0.3355 best=0.8750
           router_load=[0.022666078060865402, 0.002290091710165143, 0.16578078269958496, 0.8092631697654724]
[step 0410/1000] method=baseline_avg loss=0.5880 train_acc=0.9201 train_loss=0.2103 val_acc=0.8725 val_loss=0.2983 router_H=0.3355 best=0.8750
           router_load=[0.022666078060865402, 0.002290091710165143, 0.16578078269958496, 0.8092631697654724]
[step 0420/1000] method=baseline_avg loss=0.1791 train_acc=0.9201 train_loss=0.2103 val_acc=0.8725 val_loss=0.2983 router_H=0.3355 best=0.8750
           router_load=[0.022666078060865402, 0.002290091710165143, 0.16578078269958496, 0.8092631697654724]
[step 0430/1000] method=baseline_avg loss=0.4247 train_acc=0.9201 train_loss=0.2103 val_acc=0.8725 val_loss=0.2983 router_H=0.3355 best=0.8750
           router_load=[0.022666078060865402, 0.002290091710165143, 0.16578078269958496, 0.8092631697654724]
[step 0440/1000] method=baseline_avg loss=0.1061 train_acc=0.9201 train_loss=0.2103 val_acc=0.8725 val_loss=0.2983 router_H=0.3355 best=0.8750
           router_load=[0.022666078060865402, 0.002290091710165143, 0.16578078269958496, 0.8092631697654724]
[step 0450/1000] method=baseline_avg loss=0.3901 train_acc=0.9310 train_loss=0.1896 val_acc=0.8799 val_loss=0.3568 router_H=0.2806 best=0.8799
           router_load=[0.02087126486003399, 0.003618931397795677, 0.17432287335395813, 0.8011869788169861]
[step 0460/1000] method=baseline_avg loss=0.9660 train_acc=0.9310 train_loss=0.1896 val_acc=0.8799 val_loss=0.3568 router_H=0.2806 best=0.8799
           router_load=[0.02087126486003399, 0.003618931397795677, 0.17432287335395813, 0.8011869788169861]
[step 0470/1000] method=baseline_avg loss=0.2688 train_acc=0.9310 train_loss=0.1896 val_acc=0.8799 val_loss=0.3568 router_H=0.2806 best=0.8799
           router_load=[0.02087126486003399, 0.003618931397795677, 0.17432287335395813, 0.8011869788169861]
[step 0480/1000] method=baseline_avg loss=0.0394 train_acc=0.9310 train_loss=0.1896 val_acc=0.8799 val_loss=0.3568 router_H=0.2806 best=0.8799
           router_load=[0.02087126486003399, 0.003618931397795677, 0.17432287335395813, 0.8011869788169861]
[step 0490/1000] method=baseline_avg loss=0.0291 train_acc=0.9310 train_loss=0.1896 val_acc=0.8799 val_loss=0.3568 router_H=0.2806 best=0.8799
           router_load=[0.02087126486003399, 0.003618931397795677, 0.17432287335395813, 0.8011869788169861]
[step 0500/1000] method=baseline_avg loss=0.0213 train_acc=0.9468 train_loss=0.1743 val_acc=0.8676 val_loss=0.4656 router_H=0.2420 best=0.8799
           router_load=[0.006121592130511999, 0.02006988413631916, 0.23580032587051392, 0.7380082607269287]
[step 0510/1000] method=baseline_avg loss=0.5026 train_acc=0.9468 train_loss=0.1743 val_acc=0.8676 val_loss=0.4656 router_H=0.2420 best=0.8799
           router_load=[0.006121592130511999, 0.02006988413631916, 0.23580032587051392, 0.7380082607269287]
[step 0520/1000] method=baseline_avg loss=0.2584 train_acc=0.9468 train_loss=0.1743 val_acc=0.8676 val_loss=0.4656 router_H=0.2420 best=0.8799
           router_load=[0.006121592130511999, 0.02006988413631916, 0.23580032587051392, 0.7380082607269287]
[step 0530/1000] method=baseline_avg loss=0.0348 train_acc=0.9468 train_loss=0.1743 val_acc=0.8676 val_loss=0.4656 router_H=0.2420 best=0.8799
           router_load=[0.006121592130511999, 0.02006988413631916, 0.23580032587051392, 0.7380082607269287]
[step 0540/1000] method=baseline_avg loss=0.2432 train_acc=0.9468 train_loss=0.1743 val_acc=0.8676 val_loss=0.4656 router_H=0.2420 best=0.8799
           router_load=[0.006121592130511999, 0.02006988413631916, 0.23580032587051392, 0.7380082607269287]
[step 0550/1000] method=baseline_avg loss=0.4280 train_acc=0.9376 train_loss=0.2257 val_acc=0.8799 val_loss=0.4557 router_H=0.2438 best=0.8799
           router_load=[0.02369818091392517, 0.003341789124533534, 0.20113441348075867, 0.7718255519866943]
[step 0560/1000] method=baseline_avg loss=0.2854 train_acc=0.9376 train_loss=0.2257 val_acc=0.8799 val_loss=0.4557 router_H=0.2438 best=0.8799
           router_load=[0.02369818091392517, 0.003341789124533534, 0.20113441348075867, 0.7718255519866943]
[step 0570/1000] method=baseline_avg loss=0.2178 train_acc=0.9376 train_loss=0.2257 val_acc=0.8799 val_loss=0.4557 router_H=0.2438 best=0.8799
           router_load=[0.02369818091392517, 0.003341789124533534, 0.20113441348075867, 0.7718255519866943]
[step 0580/1000] method=baseline_avg loss=0.1811 train_acc=0.9376 train_loss=0.2257 val_acc=0.8799 val_loss=0.4557 router_H=0.2438 best=0.8799
           router_load=[0.02369818091392517, 0.003341789124533534, 0.20113441348075867, 0.7718255519866943]
[step 0590/1000] method=baseline_avg loss=0.1042 train_acc=0.9376 train_loss=0.2257 val_acc=0.8799 val_loss=0.4557 router_H=0.2438 best=0.8799
           router_load=[0.02369818091392517, 0.003341789124533534, 0.20113441348075867, 0.7718255519866943]
[step 0600/1000] method=baseline_avg loss=0.2688 train_acc=0.9561 train_loss=0.1498 val_acc=0.8848 val_loss=0.3883 router_H=0.3340 best=0.8848
           router_load=[0.025207966566085815, 0.00048118046834133565, 0.25392118096351624, 0.7203895449638367]
[step 0610/1000] method=baseline_avg loss=0.4386 train_acc=0.9561 train_loss=0.1498 val_acc=0.8848 val_loss=0.3883 router_H=0.3340 best=0.8848
           router_load=[0.025207966566085815, 0.00048118046834133565, 0.25392118096351624, 0.7203895449638367]
[step 0620/1000] method=baseline_avg loss=0.6713 train_acc=0.9561 train_loss=0.1498 val_acc=0.8848 val_loss=0.3883 router_H=0.3340 best=0.8848
           router_load=[0.025207966566085815, 0.00048118046834133565, 0.25392118096351624, 0.7203895449638367]
[step 0630/1000] method=baseline_avg loss=0.3614 train_acc=0.9561 train_loss=0.1498 val_acc=0.8848 val_loss=0.3883 router_H=0.3340 best=0.8848
           router_load=[0.025207966566085815, 0.00048118046834133565, 0.25392118096351624, 0.7203895449638367]
[step 0640/1000] method=baseline_avg loss=0.2692 train_acc=0.9561 train_loss=0.1498 val_acc=0.8848 val_loss=0.3883 router_H=0.3340 best=0.8848
           router_load=[0.025207966566085815, 0.00048118046834133565, 0.25392118096351624, 0.7203895449638367]
[step 0650/1000] method=baseline_avg loss=0.2853 train_acc=0.9310 train_loss=0.1749 val_acc=0.8554 val_loss=0.3683 router_H=0.3399 best=0.8848
           router_load=[0.009132889099419117, 0.0008779595955274999, 0.18046341836452484, 0.8095259666442871]
[step 0660/1000] method=baseline_avg loss=0.3352 train_acc=0.9310 train_loss=0.1749 val_acc=0.8554 val_loss=0.3683 router_H=0.3399 best=0.8848
           router_load=[0.009132889099419117, 0.0008779595955274999, 0.18046341836452484, 0.8095259666442871]
[step 0670/1000] method=baseline_avg loss=0.1444 train_acc=0.9310 train_loss=0.1749 val_acc=0.8554 val_loss=0.3683 router_H=0.3399 best=0.8848
           router_load=[0.009132889099419117, 0.0008779595955274999, 0.18046341836452484, 0.8095259666442871]
[step 0680/1000] method=baseline_avg loss=0.4428 train_acc=0.9310 train_loss=0.1749 val_acc=0.8554 val_loss=0.3683 router_H=0.3399 best=0.8848
           router_load=[0.009132889099419117, 0.0008779595955274999, 0.18046341836452484, 0.8095259666442871]
[step 0690/1000] method=baseline_avg loss=0.0319 train_acc=0.9310 train_loss=0.1749 val_acc=0.8554 val_loss=0.3683 router_H=0.3399 best=0.8848
           router_load=[0.009132889099419117, 0.0008779595955274999, 0.18046341836452484, 0.8095259666442871]
[step 0700/1000] method=baseline_avg loss=0.0119 train_acc=0.9673 train_loss=0.1072 val_acc=0.8897 val_loss=0.4334 router_H=0.2642 best=0.8897
           router_load=[0.015291348099708557, 0.0006908765062689781, 0.1260344535112381, 0.8579832911491394]
[step 0710/1000] method=baseline_avg loss=0.0050 train_acc=0.9673 train_loss=0.1072 val_acc=0.8897 val_loss=0.4334 router_H=0.2642 best=0.8897
           router_load=[0.015291348099708557, 0.0006908765062689781, 0.1260344535112381, 0.8579832911491394]
[step 0720/1000] method=baseline_avg loss=0.0746 train_acc=0.9673 train_loss=0.1072 val_acc=0.8897 val_loss=0.4334 router_H=0.2642 best=0.8897
           router_load=[0.015291348099708557, 0.0006908765062689781, 0.1260344535112381, 0.8579832911491394]
[step 0730/1000] method=baseline_avg loss=0.2294 train_acc=0.9673 train_loss=0.1072 val_acc=0.8897 val_loss=0.4334 router_H=0.2642 best=0.8897
           router_load=[0.015291348099708557, 0.0006908765062689781, 0.1260344535112381, 0.8579832911491394]
[step 0740/1000] method=baseline_avg loss=0.0101 train_acc=0.9673 train_loss=0.1072 val_acc=0.8897 val_loss=0.4334 router_H=0.2642 best=0.8897
           router_load=[0.015291348099708557, 0.0006908765062689781, 0.1260344535112381, 0.8579832911491394]
[step 0750/1000] method=baseline_avg loss=0.3279 train_acc=0.9736 train_loss=0.0912 val_acc=0.8848 val_loss=0.4151 router_H=0.3274 best=0.8897
           router_load=[0.0135835325345397, 0.0014240440214052796, 0.19461610913276672, 0.7903762459754944]
[step 0760/1000] method=baseline_avg loss=0.0360 train_acc=0.9736 train_loss=0.0912 val_acc=0.8848 val_loss=0.4151 router_H=0.3274 best=0.8897
           router_load=[0.0135835325345397, 0.0014240440214052796, 0.19461610913276672, 0.7903762459754944]
[step 0770/1000] method=baseline_avg loss=0.2344 train_acc=0.9736 train_loss=0.0912 val_acc=0.8848 val_loss=0.4151 router_H=0.3274 best=0.8897
           router_load=[0.0135835325345397, 0.0014240440214052796, 0.19461610913276672, 0.7903762459754944]
[step 0780/1000] method=baseline_avg loss=0.5253 train_acc=0.9736 train_loss=0.0912 val_acc=0.8848 val_loss=0.4151 router_H=0.3274 best=0.8897
           router_load=[0.0135835325345397, 0.0014240440214052796, 0.19461610913276672, 0.7903762459754944]
[step 0790/1000] method=baseline_avg loss=0.2921 train_acc=0.9736 train_loss=0.0912 val_acc=0.8848 val_loss=0.4151 router_H=0.3274 best=0.8897
           router_load=[0.0135835325345397, 0.0014240440214052796, 0.19461610913276672, 0.7903762459754944]
[step 0800/1000] method=baseline_avg loss=0.0102 train_acc=0.9744 train_loss=0.0852 val_acc=0.8725 val_loss=0.4276 router_H=0.3270 best=0.8897
           router_load=[0.01715049520134926, 0.0, 0.17878475785255432, 0.8040647506713867]
[step 0810/1000] method=baseline_avg loss=0.0307 train_acc=0.9744 train_loss=0.0852 val_acc=0.8725 val_loss=0.4276 router_H=0.3270 best=0.8897
           router_load=[0.01715049520134926, 0.0, 0.17878475785255432, 0.8040647506713867]
[step 0820/1000] method=baseline_avg loss=0.0828 train_acc=0.9744 train_loss=0.0852 val_acc=0.8725 val_loss=0.4276 router_H=0.3270 best=0.8897
           router_load=[0.01715049520134926, 0.0, 0.17878475785255432, 0.8040647506713867]
[step 0830/1000] method=baseline_avg loss=0.1830 train_acc=0.9744 train_loss=0.0852 val_acc=0.8725 val_loss=0.4276 router_H=0.3270 best=0.8897
           router_load=[0.01715049520134926, 0.0, 0.17878475785255432, 0.8040647506713867]
[step 0840/1000] method=baseline_avg loss=0.4912 train_acc=0.9744 train_loss=0.0852 val_acc=0.8725 val_loss=0.4276 router_H=0.3270 best=0.8897
           router_load=[0.01715049520134926, 0.0, 0.17878475785255432, 0.8040647506713867]
[step 0850/1000] method=baseline_avg loss=0.0553 train_acc=0.9812 train_loss=0.0697 val_acc=0.8799 val_loss=0.4227 router_H=0.3128 best=0.8897
           router_load=[0.022397059947252274, 0.00012063994654454291, 0.17459189891815186, 0.8028904795646667]
[step 0860/1000] method=baseline_avg loss=0.0193 train_acc=0.9812 train_loss=0.0697 val_acc=0.8799 val_loss=0.4227 router_H=0.3128 best=0.8897
           router_load=[0.022397059947252274, 0.00012063994654454291, 0.17459189891815186, 0.8028904795646667]
[step 0870/1000] method=baseline_avg loss=0.2697 train_acc=0.9812 train_loss=0.0697 val_acc=0.8799 val_loss=0.4227 router_H=0.3128 best=0.8897
           router_load=[0.022397059947252274, 0.00012063994654454291, 0.17459189891815186, 0.8028904795646667]
[step 0880/1000] method=baseline_avg loss=0.2653 train_acc=0.9812 train_loss=0.0697 val_acc=0.8799 val_loss=0.4227 router_H=0.3128 best=0.8897
           router_load=[0.022397059947252274, 0.00012063994654454291, 0.17459189891815186, 0.8028904795646667]
[step 0890/1000] method=baseline_avg loss=0.1241 train_acc=0.9812 train_loss=0.0697 val_acc=0.8799 val_loss=0.4227 router_H=0.3128 best=0.8897
           router_load=[0.022397059947252274, 0.00012063994654454291, 0.17459189891815186, 0.8028904795646667]
[step 0900/1000] method=baseline_avg loss=0.0352 train_acc=0.9793 train_loss=0.0880 val_acc=0.8971 val_loss=0.4668 router_H=0.3049 best=0.8971
           router_load=[0.021672992035746574, 0.0, 0.1636875569820404, 0.8146395683288574]
[step 0910/1000] method=baseline_avg loss=0.2161 train_acc=0.9793 train_loss=0.0880 val_acc=0.8971 val_loss=0.4668 router_H=0.3049 best=0.8971
           router_load=[0.021672992035746574, 0.0, 0.1636875569820404, 0.8146395683288574]
[step 0920/1000] method=baseline_avg loss=0.1189 train_acc=0.9793 train_loss=0.0880 val_acc=0.8971 val_loss=0.4668 router_H=0.3049 best=0.8971
           router_load=[0.021672992035746574, 0.0, 0.1636875569820404, 0.8146395683288574]
[step 0930/1000] method=baseline_avg loss=0.0105 train_acc=0.9793 train_loss=0.0880 val_acc=0.8971 val_loss=0.4668 router_H=0.3049 best=0.8971
           router_load=[0.021672992035746574, 0.0, 0.1636875569820404, 0.8146395683288574]
[step 0940/1000] method=baseline_avg loss=0.0267 train_acc=0.9793 train_loss=0.0880 val_acc=0.8971 val_loss=0.4668 router_H=0.3049 best=0.8971
           router_load=[0.021672992035746574, 0.0, 0.1636875569820404, 0.8146395683288574]
[step 0950/1000] method=baseline_avg loss=0.0032 train_acc=0.9809 train_loss=0.0851 val_acc=0.8946 val_loss=0.5281 router_H=0.2678 best=0.8971
           router_load=[0.027147367596626282, 0.009492811746895313, 0.22442685067653656, 0.7389330267906189]
[step 0960/1000] method=baseline_avg loss=0.2778 train_acc=0.9809 train_loss=0.0851 val_acc=0.8946 val_loss=0.5281 router_H=0.2678 best=0.8971
           router_load=[0.027147367596626282, 0.009492811746895313, 0.22442685067653656, 0.7389330267906189]
[step 0970/1000] method=baseline_avg loss=0.1163 train_acc=0.9809 train_loss=0.0851 val_acc=0.8946 val_loss=0.5281 router_H=0.2678 best=0.8971
           router_load=[0.027147367596626282, 0.009492811746895313, 0.22442685067653656, 0.7389330267906189]
[step 0980/1000] method=baseline_avg loss=0.3449 train_acc=0.9809 train_loss=0.0851 val_acc=0.8946 val_loss=0.5281 router_H=0.2678 best=0.8971
           router_load=[0.027147367596626282, 0.009492811746895313, 0.22442685067653656, 0.7389330267906189]
[step 0990/1000] method=baseline_avg loss=0.0122 train_acc=0.9809 train_loss=0.0851 val_acc=0.8946 val_loss=0.5281 router_H=0.2678 best=0.8971
           router_load=[0.027147367596626282, 0.009492811746895313, 0.22442685067653656, 0.7389330267906189]
[step 1000/1000] method=baseline_avg loss=0.1873 train_acc=0.9621 train_loss=0.1449 val_acc=0.8480 val_loss=0.6347 router_H=0.2702 best=0.8971
           router_load=[0.02780766971409321, 7.35370849724859e-05, 0.1005135178565979, 0.871605396270752]
saved summary -> /home/zhujjing/MOE-grad-conflict-routing/runs/paper_suite/single_gpu/single_task/roberta_mrpc_ffn_e4_k2/final/baseline_s11.json
saved curve -> /home/zhujjing/MOE-grad-conflict-routing/runs/paper_suite/single_gpu/single_task/roberta_mrpc_ffn_e4_k2/final/baseline_s11_curve.csv
