[run] method=baseline candidate=local_var_topk_006 seed=5 steps=1000 gpu=0
[run] cmd=
/home/zhujjing/anaconda3/envs/moe/bin/python /home/zhujjing/MOE-grad-conflict-routing/scripts/run.py --config configs/singletask_mrpc_real.yaml --set model.backbone_backend=hf --set model.hf_load_pretrained=true --set model.backbone=roberta --set model.hf_pretrained_name=roberta-base --set model.expert_type=ffn --set model.routing_mode=topk --set model.num_experts=4 --set model.top_k=2 --set seed=5 --set method.name=baseline_avg --set train.steps=1000 --set train.eval_every_steps=50 --set train.grad_clip=2 --set train.lr=1.9211887e-05 --set train.weight_decay=0.004875709175 --out /home/zhujjing/MOE-grad-conflict-routing/runs/paper_suite/single_gpu/single_task/roberta_mrpc_ffn_e4_k2/final/baseline_s5.json --curve_out /home/zhujjing/MOE-grad-conflict-routing/runs/paper_suite/single_gpu/single_task/roberta_mrpc_ffn_e4_k2/final/baseline_s5_curve.csv
Using the latest cached version of the dataset since glue couldn't be found on the Hugging Face Hub (offline mode is enabled).
Found the latest cached dataset configuration 'mrpc' at /home/zhujjing/hf_cache/datasets/glue/mrpc/0.0.0/bcdcba79d07bc864c1c254ccfcedcce55bcc9a8c (last modified on Thu Mar 19 15:01:06 2026).
/home/zhujjing/anaconda3/envs/moe/lib/python3.10/site-packages/transformers/utils/hub.py:124: FutureWarning: Using `TRANSFORMERS_CACHE` is deprecated and will be removed in v5 of Transformers. Use `HF_HOME` instead.
  warnings.warn(
Some weights of RobertaModel were not initialized from the model checkpoint at roberta-base and are newly initialized: ['roberta.pooler.dense.bias', 'roberta.pooler.dense.weight']
You should probably TRAIN this model on a down-stream task to be able to use it for predictions and inference.
[step 0001/1000] method=baseline_avg loss=0.7093 train_acc=nan train_loss=nan val_acc=nan val_loss=nan best=-1.0000
[step 0010/1000] method=baseline_avg loss=0.6645 train_acc=nan train_loss=nan val_acc=nan val_loss=nan best=-1.0000
[step 0020/1000] method=baseline_avg loss=0.5494 train_acc=nan train_loss=nan val_acc=nan val_loss=nan best=-1.0000
[step 0030/1000] method=baseline_avg loss=0.4700 train_acc=nan train_loss=nan val_acc=nan val_loss=nan best=-1.0000
[step 0040/1000] method=baseline_avg loss=0.5561 train_acc=nan train_loss=nan val_acc=nan val_loss=nan best=-1.0000
[step 0050/1000] method=baseline_avg loss=0.6527 train_acc=0.6996 train_loss=0.5267 val_acc=0.7108 val_loss=0.5185 router_H=0.6158 best=0.7108
           router_load=[0.3247462213039398, 0.0009452310623601079, 0.0005461063119582832, 0.6737625002861023]
[step 0060/1000] method=baseline_avg loss=0.4408 train_acc=0.6996 train_loss=0.5267 val_acc=0.7108 val_loss=0.5185 router_H=0.6158 best=0.7108
           router_load=[0.3247462213039398, 0.0009452310623601079, 0.0005461063119582832, 0.6737625002861023]
[step 0070/1000] method=baseline_avg loss=0.5142 train_acc=0.6996 train_loss=0.5267 val_acc=0.7108 val_loss=0.5185 router_H=0.6158 best=0.7108
           router_load=[0.3247462213039398, 0.0009452310623601079, 0.0005461063119582832, 0.6737625002861023]
[step 0080/1000] method=baseline_avg loss=0.5531 train_acc=0.6996 train_loss=0.5267 val_acc=0.7108 val_loss=0.5185 router_H=0.6158 best=0.7108
           router_load=[0.3247462213039398, 0.0009452310623601079, 0.0005461063119582832, 0.6737625002861023]
[step 0090/1000] method=baseline_avg loss=0.3910 train_acc=0.6996 train_loss=0.5267 val_acc=0.7108 val_loss=0.5185 router_H=0.6158 best=0.7108
           router_load=[0.3247462213039398, 0.0009452310623601079, 0.0005461063119582832, 0.6737625002861023]
[step 0100/1000] method=baseline_avg loss=0.5494 train_acc=0.7950 train_loss=0.4316 val_acc=0.8088 val_loss=0.4111 router_H=0.5231 best=0.8088
           router_load=[0.24285735189914703, 0.001437006052583456, 0.009309942834079266, 0.7463956475257874]
[step 0110/1000] method=baseline_avg loss=0.6959 train_acc=0.7950 train_loss=0.4316 val_acc=0.8088 val_loss=0.4111 router_H=0.5231 best=0.8088
           router_load=[0.24285735189914703, 0.001437006052583456, 0.009309942834079266, 0.7463956475257874]
[step 0120/1000] method=baseline_avg loss=0.3565 train_acc=0.7950 train_loss=0.4316 val_acc=0.8088 val_loss=0.4111 router_H=0.5231 best=0.8088
           router_load=[0.24285735189914703, 0.001437006052583456, 0.009309942834079266, 0.7463956475257874]
[step 0130/1000] method=baseline_avg loss=0.3854 train_acc=0.7950 train_loss=0.4316 val_acc=0.8088 val_loss=0.4111 router_H=0.5231 best=0.8088
           router_load=[0.24285735189914703, 0.001437006052583456, 0.009309942834079266, 0.7463956475257874]
[step 0140/1000] method=baseline_avg loss=0.2495 train_acc=0.7950 train_loss=0.4316 val_acc=0.8088 val_loss=0.4111 router_H=0.5231 best=0.8088
           router_load=[0.24285735189914703, 0.001437006052583456, 0.009309942834079266, 0.7463956475257874]
[step 0150/1000] method=baseline_avg loss=0.3437 train_acc=0.8332 train_loss=0.3912 val_acc=0.8358 val_loss=0.3835 router_H=0.4611 best=0.8358
           router_load=[0.1946059614419937, 0.00018515622650738806, 0.07306595146656036, 0.7321429252624512]
[step 0160/1000] method=baseline_avg loss=0.4012 train_acc=0.8332 train_loss=0.3912 val_acc=0.8358 val_loss=0.3835 router_H=0.4611 best=0.8358
           router_load=[0.1946059614419937, 0.00018515622650738806, 0.07306595146656036, 0.7321429252624512]
[step 0170/1000] method=baseline_avg loss=0.3620 train_acc=0.8332 train_loss=0.3912 val_acc=0.8358 val_loss=0.3835 router_H=0.4611 best=0.8358
           router_load=[0.1946059614419937, 0.00018515622650738806, 0.07306595146656036, 0.7321429252624512]
[step 0180/1000] method=baseline_avg loss=0.1158 train_acc=0.8332 train_loss=0.3912 val_acc=0.8358 val_loss=0.3835 router_H=0.4611 best=0.8358
           router_load=[0.1946059614419937, 0.00018515622650738806, 0.07306595146656036, 0.7321429252624512]
[step 0190/1000] method=baseline_avg loss=0.2457 train_acc=0.8332 train_loss=0.3912 val_acc=0.8358 val_loss=0.3835 router_H=0.4611 best=0.8358
           router_load=[0.1946059614419937, 0.00018515622650738806, 0.07306595146656036, 0.7321429252624512]
[step 0200/1000] method=baseline_avg loss=0.7420 train_acc=0.8427 train_loss=0.4594 val_acc=0.8333 val_loss=0.4865 router_H=0.4409 best=0.8358
           router_load=[0.19675593078136444, 0.0005426727584563196, 0.0009169398690573871, 0.801784336566925]
[step 0210/1000] method=baseline_avg loss=0.5169 train_acc=0.8427 train_loss=0.4594 val_acc=0.8333 val_loss=0.4865 router_H=0.4409 best=0.8358
           router_load=[0.19675593078136444, 0.0005426727584563196, 0.0009169398690573871, 0.801784336566925]
[step 0220/1000] method=baseline_avg loss=0.4663 train_acc=0.8427 train_loss=0.4594 val_acc=0.8333 val_loss=0.4865 router_H=0.4409 best=0.8358
           router_load=[0.19675593078136444, 0.0005426727584563196, 0.0009169398690573871, 0.801784336566925]
[step 0230/1000] method=baseline_avg loss=0.3136 train_acc=0.8427 train_loss=0.4594 val_acc=0.8333 val_loss=0.4865 router_H=0.4409 best=0.8358
           router_load=[0.19675593078136444, 0.0005426727584563196, 0.0009169398690573871, 0.801784336566925]
[step 0240/1000] method=baseline_avg loss=0.3860 train_acc=0.8427 train_loss=0.4594 val_acc=0.8333 val_loss=0.4865 router_H=0.4409 best=0.8358
           router_load=[0.19675593078136444, 0.0005426727584563196, 0.0009169398690573871, 0.801784336566925]
[step 0250/1000] method=baseline_avg loss=0.2900 train_acc=0.8719 train_loss=0.3131 val_acc=0.8676 val_loss=0.3221 router_H=0.5708 best=0.8676
           router_load=[0.29741916060447693, 0.0, 0.07243698090314865, 0.6301437616348267]
[step 0260/1000] method=baseline_avg loss=0.5350 train_acc=0.8719 train_loss=0.3131 val_acc=0.8676 val_loss=0.3221 router_H=0.5708 best=0.8676
           router_load=[0.29741916060447693, 0.0, 0.07243698090314865, 0.6301437616348267]
[step 0270/1000] method=baseline_avg loss=0.4108 train_acc=0.8719 train_loss=0.3131 val_acc=0.8676 val_loss=0.3221 router_H=0.5708 best=0.8676
           router_load=[0.29741916060447693, 0.0, 0.07243698090314865, 0.6301437616348267]
[step 0280/1000] method=baseline_avg loss=0.3308 train_acc=0.8719 train_loss=0.3131 val_acc=0.8676 val_loss=0.3221 router_H=0.5708 best=0.8676
           router_load=[0.29741916060447693, 0.0, 0.07243698090314865, 0.6301437616348267]
[step 0290/1000] method=baseline_avg loss=0.2522 train_acc=0.8719 train_loss=0.3131 val_acc=0.8676 val_loss=0.3221 router_H=0.5708 best=0.8676
           router_load=[0.29741916060447693, 0.0, 0.07243698090314865, 0.6301437616348267]
[step 0300/1000] method=baseline_avg loss=0.3805 train_acc=0.8939 train_loss=0.3019 val_acc=0.8897 val_loss=0.3307 router_H=0.5542 best=0.8897
           router_load=[0.2944611608982086, 0.0, 0.0, 0.705538809299469]
[step 0310/1000] method=baseline_avg loss=0.2912 train_acc=0.8939 train_loss=0.3019 val_acc=0.8897 val_loss=0.3307 router_H=0.5542 best=0.8897
           router_load=[0.2944611608982086, 0.0, 0.0, 0.705538809299469]
[step 0320/1000] method=baseline_avg loss=0.2990 train_acc=0.8939 train_loss=0.3019 val_acc=0.8897 val_loss=0.3307 router_H=0.5542 best=0.8897
           router_load=[0.2944611608982086, 0.0, 0.0, 0.705538809299469]
[step 0330/1000] method=baseline_avg loss=0.5079 train_acc=0.8939 train_loss=0.3019 val_acc=0.8897 val_loss=0.3307 router_H=0.5542 best=0.8897
           router_load=[0.2944611608982086, 0.0, 0.0, 0.705538809299469]
[step 0340/1000] method=baseline_avg loss=0.3596 train_acc=0.8939 train_loss=0.3019 val_acc=0.8897 val_loss=0.3307 router_H=0.5542 best=0.8897
           router_load=[0.2944611608982086, 0.0, 0.0, 0.705538809299469]
[step 0350/1000] method=baseline_avg loss=0.3349 train_acc=0.8937 train_loss=0.2749 val_acc=0.8873 val_loss=0.3216 router_H=0.5744 best=0.8897
           router_load=[0.29167628288269043, 0.0, 0.0, 0.7083238363265991]
[step 0360/1000] method=baseline_avg loss=0.3699 train_acc=0.8937 train_loss=0.2749 val_acc=0.8873 val_loss=0.3216 router_H=0.5744 best=0.8897
           router_load=[0.29167628288269043, 0.0, 0.0, 0.7083238363265991]
[step 0370/1000] method=baseline_avg loss=0.3701 train_acc=0.8937 train_loss=0.2749 val_acc=0.8873 val_loss=0.3216 router_H=0.5744 best=0.8897
           router_load=[0.29167628288269043, 0.0, 0.0, 0.7083238363265991]
[step 0380/1000] method=baseline_avg loss=0.2212 train_acc=0.8937 train_loss=0.2749 val_acc=0.8873 val_loss=0.3216 router_H=0.5744 best=0.8897
           router_load=[0.29167628288269043, 0.0, 0.0, 0.7083238363265991]
[step 0390/1000] method=baseline_avg loss=0.6563 train_acc=0.8937 train_loss=0.2749 val_acc=0.8873 val_loss=0.3216 router_H=0.5744 best=0.8897
           router_load=[0.29167628288269043, 0.0, 0.0, 0.7083238363265991]
[step 0400/1000] method=baseline_avg loss=0.4295 train_acc=0.8980 train_loss=0.2731 val_acc=0.8725 val_loss=0.3595 router_H=0.6296 best=0.8897
           router_load=[0.3507370948791504, 0.0, 0.0, 0.6492629051208496]
[step 0410/1000] method=baseline_avg loss=0.3607 train_acc=0.8980 train_loss=0.2731 val_acc=0.8725 val_loss=0.3595 router_H=0.6296 best=0.8897
           router_load=[0.3507370948791504, 0.0, 0.0, 0.6492629051208496]
[step 0420/1000] method=baseline_avg loss=0.3268 train_acc=0.8980 train_loss=0.2731 val_acc=0.8725 val_loss=0.3595 router_H=0.6296 best=0.8897
           router_load=[0.3507370948791504, 0.0, 0.0, 0.6492629051208496]
[step 0430/1000] method=baseline_avg loss=0.2787 train_acc=0.8980 train_loss=0.2731 val_acc=0.8725 val_loss=0.3595 router_H=0.6296 best=0.8897
           router_load=[0.3507370948791504, 0.0, 0.0, 0.6492629051208496]
[step 0440/1000] method=baseline_avg loss=0.5349 train_acc=0.8980 train_loss=0.2731 val_acc=0.8725 val_loss=0.3595 router_H=0.6296 best=0.8897
           router_load=[0.3507370948791504, 0.0, 0.0, 0.6492629051208496]
[step 0450/1000] method=baseline_avg loss=0.4837 train_acc=0.9267 train_loss=0.2032 val_acc=0.8701 val_loss=0.3148 router_H=0.6212 best=0.8897
           router_load=[0.3589528501033783, 0.0, 0.0, 0.6410470604896545]
[step 0460/1000] method=baseline_avg loss=0.7120 train_acc=0.9267 train_loss=0.2032 val_acc=0.8701 val_loss=0.3148 router_H=0.6212 best=0.8897
           router_load=[0.3589528501033783, 0.0, 0.0, 0.6410470604896545]
[step 0470/1000] method=baseline_avg loss=0.3271 train_acc=0.9267 train_loss=0.2032 val_acc=0.8701 val_loss=0.3148 router_H=0.6212 best=0.8897
           router_load=[0.3589528501033783, 0.0, 0.0, 0.6410470604896545]
[step 0480/1000] method=baseline_avg loss=0.4762 train_acc=0.9267 train_loss=0.2032 val_acc=0.8701 val_loss=0.3148 router_H=0.6212 best=0.8897
           router_load=[0.3589528501033783, 0.0, 0.0, 0.6410470604896545]
[step 0490/1000] method=baseline_avg loss=0.3141 train_acc=0.9267 train_loss=0.2032 val_acc=0.8701 val_loss=0.3148 router_H=0.6212 best=0.8897
           router_load=[0.3589528501033783, 0.0, 0.0, 0.6410470604896545]
[step 0500/1000] method=baseline_avg loss=0.1160 train_acc=0.9359 train_loss=0.1802 val_acc=0.9044 val_loss=0.2942 router_H=0.6237 best=0.9044
           router_load=[0.4028891324996948, 0.0, 0.0, 0.59711092710495]
[step 0510/1000] method=baseline_avg loss=0.6163 train_acc=0.9359 train_loss=0.1802 val_acc=0.9044 val_loss=0.2942 router_H=0.6237 best=0.9044
           router_load=[0.4028891324996948, 0.0, 0.0, 0.59711092710495]
[step 0520/1000] method=baseline_avg loss=0.1225 train_acc=0.9359 train_loss=0.1802 val_acc=0.9044 val_loss=0.2942 router_H=0.6237 best=0.9044
           router_load=[0.4028891324996948, 0.0, 0.0, 0.59711092710495]
[step 0530/1000] method=baseline_avg loss=0.0214 train_acc=0.9359 train_loss=0.1802 val_acc=0.9044 val_loss=0.2942 router_H=0.6237 best=0.9044
           router_load=[0.4028891324996948, 0.0, 0.0, 0.59711092710495]
[step 0540/1000] method=baseline_avg loss=0.5306 train_acc=0.9359 train_loss=0.1802 val_acc=0.9044 val_loss=0.2942 router_H=0.6237 best=0.9044
           router_load=[0.4028891324996948, 0.0, 0.0, 0.59711092710495]
[step 0550/1000] method=baseline_avg loss=0.2903 train_acc=0.9436 train_loss=0.2118 val_acc=0.8824 val_loss=0.4463 router_H=0.6199 best=0.9044
           router_load=[0.41305190324783325, 0.0, 0.00029366230592131615, 0.5866544246673584]
[step 0560/1000] method=baseline_avg loss=0.1758 train_acc=0.9436 train_loss=0.2118 val_acc=0.8824 val_loss=0.4463 router_H=0.6199 best=0.9044
           router_load=[0.41305190324783325, 0.0, 0.00029366230592131615, 0.5866544246673584]
[step 0570/1000] method=baseline_avg loss=0.1846 train_acc=0.9436 train_loss=0.2118 val_acc=0.8824 val_loss=0.4463 router_H=0.6199 best=0.9044
           router_load=[0.41305190324783325, 0.0, 0.00029366230592131615, 0.5866544246673584]
[step 0580/1000] method=baseline_avg loss=0.1997 train_acc=0.9436 train_loss=0.2118 val_acc=0.8824 val_loss=0.4463 router_H=0.6199 best=0.9044
           router_load=[0.41305190324783325, 0.0, 0.00029366230592131615, 0.5866544246673584]
[step 0590/1000] method=baseline_avg loss=0.2460 train_acc=0.9436 train_loss=0.2118 val_acc=0.8824 val_loss=0.4463 router_H=0.6199 best=0.9044
           router_load=[0.41305190324783325, 0.0, 0.00029366230592131615, 0.5866544246673584]
[step 0600/1000] method=baseline_avg loss=0.3041 train_acc=0.9318 train_loss=0.1770 val_acc=0.8701 val_loss=0.3633 router_H=0.6034 best=0.9044
           router_load=[0.3072826862335205, 0.0, 0.0, 0.6927172541618347]
[step 0610/1000] method=baseline_avg loss=0.1476 train_acc=0.9318 train_loss=0.1770 val_acc=0.8701 val_loss=0.3633 router_H=0.6034 best=0.9044
           router_load=[0.3072826862335205, 0.0, 0.0, 0.6927172541618347]
[step 0620/1000] method=baseline_avg loss=0.0618 train_acc=0.9318 train_loss=0.1770 val_acc=0.8701 val_loss=0.3633 router_H=0.6034 best=0.9044
           router_load=[0.3072826862335205, 0.0, 0.0, 0.6927172541618347]
[step 0630/1000] method=baseline_avg loss=0.1854 train_acc=0.9318 train_loss=0.1770 val_acc=0.8701 val_loss=0.3633 router_H=0.6034 best=0.9044
           router_load=[0.3072826862335205, 0.0, 0.0, 0.6927172541618347]
[step 0640/1000] method=baseline_avg loss=0.1375 train_acc=0.9318 train_loss=0.1770 val_acc=0.8701 val_loss=0.3633 router_H=0.6034 best=0.9044
           router_load=[0.3072826862335205, 0.0, 0.0, 0.6927172541618347]
[step 0650/1000] method=baseline_avg loss=0.1388 train_acc=0.9537 train_loss=0.1314 val_acc=0.8750 val_loss=0.3528 router_H=0.6022 best=0.9044
           router_load=[0.3520747125148773, 0.0, 0.0, 0.6479253768920898]
[step 0660/1000] method=baseline_avg loss=0.1320 train_acc=0.9537 train_loss=0.1314 val_acc=0.8750 val_loss=0.3528 router_H=0.6022 best=0.9044
           router_load=[0.3520747125148773, 0.0, 0.0, 0.6479253768920898]
[step 0670/1000] method=baseline_avg loss=0.5040 train_acc=0.9537 train_loss=0.1314 val_acc=0.8750 val_loss=0.3528 router_H=0.6022 best=0.9044
           router_load=[0.3520747125148773, 0.0, 0.0, 0.6479253768920898]
[step 0680/1000] method=baseline_avg loss=0.1264 train_acc=0.9537 train_loss=0.1314 val_acc=0.8750 val_loss=0.3528 router_H=0.6022 best=0.9044
           router_load=[0.3520747125148773, 0.0, 0.0, 0.6479253768920898]
[step 0690/1000] method=baseline_avg loss=0.1711 train_acc=0.9537 train_loss=0.1314 val_acc=0.8750 val_loss=0.3528 router_H=0.6022 best=0.9044
           router_load=[0.3520747125148773, 0.0, 0.0, 0.6479253768920898]
[step 0700/1000] method=baseline_avg loss=0.3506 train_acc=0.9686 train_loss=0.1073 val_acc=0.8946 val_loss=0.2852 router_H=0.6162 best=0.9044
           router_load=[0.3500117063522339, 0.0, 0.0, 0.6499882936477661]
[step 0710/1000] method=baseline_avg loss=0.1179 train_acc=0.9686 train_loss=0.1073 val_acc=0.8946 val_loss=0.2852 router_H=0.6162 best=0.9044
           router_load=[0.3500117063522339, 0.0, 0.0, 0.6499882936477661]
[step 0720/1000] method=baseline_avg loss=0.0266 train_acc=0.9686 train_loss=0.1073 val_acc=0.8946 val_loss=0.2852 router_H=0.6162 best=0.9044
           router_load=[0.3500117063522339, 0.0, 0.0, 0.6499882936477661]
[step 0730/1000] method=baseline_avg loss=0.2799 train_acc=0.9686 train_loss=0.1073 val_acc=0.8946 val_loss=0.2852 router_H=0.6162 best=0.9044
           router_load=[0.3500117063522339, 0.0, 0.0, 0.6499882936477661]
[step 0740/1000] method=baseline_avg loss=0.5070 train_acc=0.9686 train_loss=0.1073 val_acc=0.8946 val_loss=0.2852 router_H=0.6162 best=0.9044
           router_load=[0.3500117063522339, 0.0, 0.0, 0.6499882936477661]
[step 0750/1000] method=baseline_avg loss=0.2232 train_acc=0.9676 train_loss=0.1143 val_acc=0.8775 val_loss=0.4321 router_H=0.6708 best=0.9044
           router_load=[0.4563538432121277, 0.0, 0.0, 0.5436461567878723]
[step 0760/1000] method=baseline_avg loss=0.1950 train_acc=0.9676 train_loss=0.1143 val_acc=0.8775 val_loss=0.4321 router_H=0.6708 best=0.9044
           router_load=[0.4563538432121277, 0.0, 0.0, 0.5436461567878723]
[step 0770/1000] method=baseline_avg loss=0.2171 train_acc=0.9676 train_loss=0.1143 val_acc=0.8775 val_loss=0.4321 router_H=0.6708 best=0.9044
           router_load=[0.4563538432121277, 0.0, 0.0, 0.5436461567878723]
[step 0780/1000] method=baseline_avg loss=0.0039 train_acc=0.9676 train_loss=0.1143 val_acc=0.8775 val_loss=0.4321 router_H=0.6708 best=0.9044
           router_load=[0.4563538432121277, 0.0, 0.0, 0.5436461567878723]
[step 0790/1000] method=baseline_avg loss=0.1929 train_acc=0.9676 train_loss=0.1143 val_acc=0.8775 val_loss=0.4321 router_H=0.6708 best=0.9044
           router_load=[0.4563538432121277, 0.0, 0.0, 0.5436461567878723]
[step 0800/1000] method=baseline_avg loss=0.2082 train_acc=0.9537 train_loss=0.1738 val_acc=0.8505 val_loss=0.3556 router_H=0.6528 best=0.9044
           router_load=[0.40172213315963745, 0.0, 0.0, 0.598277747631073]
[step 0810/1000] method=baseline_avg loss=0.4269 train_acc=0.9537 train_loss=0.1738 val_acc=0.8505 val_loss=0.3556 router_H=0.6528 best=0.9044
           router_load=[0.40172213315963745, 0.0, 0.0, 0.598277747631073]
[step 0820/1000] method=baseline_avg loss=0.0761 train_acc=0.9537 train_loss=0.1738 val_acc=0.8505 val_loss=0.3556 router_H=0.6528 best=0.9044
           router_load=[0.40172213315963745, 0.0, 0.0, 0.598277747631073]
[step 0830/1000] method=baseline_avg loss=0.0540 train_acc=0.9537 train_loss=0.1738 val_acc=0.8505 val_loss=0.3556 router_H=0.6528 best=0.9044
           router_load=[0.40172213315963745, 0.0, 0.0, 0.598277747631073]
[step 0840/1000] method=baseline_avg loss=0.4265 train_acc=0.9537 train_loss=0.1738 val_acc=0.8505 val_loss=0.3556 router_H=0.6528 best=0.9044
           router_load=[0.40172213315963745, 0.0, 0.0, 0.598277747631073]
[step 0850/1000] method=baseline_avg loss=0.2255 train_acc=0.9730 train_loss=0.1009 val_acc=0.8824 val_loss=0.4350 router_H=0.6293 best=0.9044
           router_load=[0.3809848725795746, 0.0, 0.06706085056066513, 0.5519542694091797]
[step 0860/1000] method=baseline_avg loss=0.0382 train_acc=0.9730 train_loss=0.1009 val_acc=0.8824 val_loss=0.4350 router_H=0.6293 best=0.9044
           router_load=[0.3809848725795746, 0.0, 0.06706085056066513, 0.5519542694091797]
[step 0870/1000] method=baseline_avg loss=0.2433 train_acc=0.9730 train_loss=0.1009 val_acc=0.8824 val_loss=0.4350 router_H=0.6293 best=0.9044
           router_load=[0.3809848725795746, 0.0, 0.06706085056066513, 0.5519542694091797]
[step 0880/1000] method=baseline_avg loss=0.5507 train_acc=0.9730 train_loss=0.1009 val_acc=0.8824 val_loss=0.4350 router_H=0.6293 best=0.9044
           router_load=[0.3809848725795746, 0.0, 0.06706085056066513, 0.5519542694091797]
[step 0890/1000] method=baseline_avg loss=0.0334 train_acc=0.9730 train_loss=0.1009 val_acc=0.8824 val_loss=0.4350 router_H=0.6293 best=0.9044
           router_load=[0.3809848725795746, 0.0, 0.06706085056066513, 0.5519542694091797]
[step 0900/1000] method=baseline_avg loss=0.1581 train_acc=0.9779 train_loss=0.0969 val_acc=0.8897 val_loss=0.3110 router_H=0.6414 best=0.9044
           router_load=[0.41757965087890625, 0.0, 0.09821262210607529, 0.4842076897621155]
[step 0910/1000] method=baseline_avg loss=0.1296 train_acc=0.9779 train_loss=0.0969 val_acc=0.8897 val_loss=0.3110 router_H=0.6414 best=0.9044
           router_load=[0.41757965087890625, 0.0, 0.09821262210607529, 0.4842076897621155]
[step 0920/1000] method=baseline_avg loss=1.1879 train_acc=0.9779 train_loss=0.0969 val_acc=0.8897 val_loss=0.3110 router_H=0.6414 best=0.9044
           router_load=[0.41757965087890625, 0.0, 0.09821262210607529, 0.4842076897621155]
[step 0930/1000] method=baseline_avg loss=0.0991 train_acc=0.9779 train_loss=0.0969 val_acc=0.8897 val_loss=0.3110 router_H=0.6414 best=0.9044
           router_load=[0.41757965087890625, 0.0, 0.09821262210607529, 0.4842076897621155]
[step 0940/1000] method=baseline_avg loss=0.1428 train_acc=0.9779 train_loss=0.0969 val_acc=0.8897 val_loss=0.3110 router_H=0.6414 best=0.9044
           router_load=[0.41757965087890625, 0.0, 0.09821262210607529, 0.4842076897621155]
[step 0950/1000] method=baseline_avg loss=0.0091 train_acc=0.9635 train_loss=0.1284 val_acc=0.8652 val_loss=0.5450 router_H=0.6182 best=0.9044
           router_load=[0.4996241331100464, 0.0, 0.0, 0.5003758072853088]
[step 0960/1000] method=baseline_avg loss=0.3029 train_acc=0.9635 train_loss=0.1284 val_acc=0.8652 val_loss=0.5450 router_H=0.6182 best=0.9044
           router_load=[0.4996241331100464, 0.0, 0.0, 0.5003758072853088]
[step 0970/1000] method=baseline_avg loss=0.0029 train_acc=0.9635 train_loss=0.1284 val_acc=0.8652 val_loss=0.5450 router_H=0.6182 best=0.9044
           router_load=[0.4996241331100464, 0.0, 0.0, 0.5003758072853088]
[step 0980/1000] method=baseline_avg loss=0.3678 train_acc=0.9635 train_loss=0.1284 val_acc=0.8652 val_loss=0.5450 router_H=0.6182 best=0.9044
           router_load=[0.4996241331100464, 0.0, 0.0, 0.5003758072853088]
[step 0990/1000] method=baseline_avg loss=0.3117 train_acc=0.9635 train_loss=0.1284 val_acc=0.8652 val_loss=0.5450 router_H=0.6182 best=0.9044
           router_load=[0.4996241331100464, 0.0, 0.0, 0.5003758072853088]
[step 1000/1000] method=baseline_avg loss=0.0191 train_acc=0.9719 train_loss=0.1023 val_acc=0.8775 val_loss=0.4783 router_H=0.5791 best=0.9044
           router_load=[0.6773305535316467, 0.0, 0.0, 0.3226694166660309]
saved summary -> /home/zhujjing/MOE-grad-conflict-routing/runs/paper_suite/single_gpu/single_task/roberta_mrpc_ffn_e4_k2/final/baseline_s5.json
saved curve -> /home/zhujjing/MOE-grad-conflict-routing/runs/paper_suite/single_gpu/single_task/roberta_mrpc_ffn_e4_k2/final/baseline_s5_curve.csv
