[run] method=baseline candidate=local_var_topk_006 seed=7 steps=1000 gpu=0
[run] cmd=
/home/zhujjing/anaconda3/envs/moe/bin/python /home/zhujjing/MOE-grad-conflict-routing/scripts/run.py --config configs/singletask_mrpc_real.yaml --set model.backbone_backend=hf --set model.hf_load_pretrained=true --set model.backbone=roberta --set model.hf_pretrained_name=roberta-base --set model.expert_type=ffn --set model.routing_mode=topk --set model.num_experts=4 --set model.top_k=2 --set seed=7 --set method.name=baseline_avg --set train.steps=1000 --set train.eval_every_steps=50 --set train.grad_clip=2 --set train.lr=1.9211887e-05 --set train.weight_decay=0.004875709175 --out /home/zhujjing/MOE-grad-conflict-routing/runs/paper_suite/single_gpu/single_task/roberta_mrpc_ffn_e4_k2/final/baseline_s7.json --curve_out /home/zhujjing/MOE-grad-conflict-routing/runs/paper_suite/single_gpu/single_task/roberta_mrpc_ffn_e4_k2/final/baseline_s7_curve.csv
Using the latest cached version of the dataset since glue couldn't be found on the Hugging Face Hub (offline mode is enabled).
Found the latest cached dataset configuration 'mrpc' at /home/zhujjing/hf_cache/datasets/glue/mrpc/0.0.0/bcdcba79d07bc864c1c254ccfcedcce55bcc9a8c (last modified on Thu Mar 19 15:01:06 2026).
/home/zhujjing/anaconda3/envs/moe/lib/python3.10/site-packages/transformers/utils/hub.py:124: FutureWarning: Using `TRANSFORMERS_CACHE` is deprecated and will be removed in v5 of Transformers. Use `HF_HOME` instead.
  warnings.warn(
Some weights of RobertaModel were not initialized from the model checkpoint at roberta-base and are newly initialized: ['roberta.pooler.dense.bias', 'roberta.pooler.dense.weight']
You should probably TRAIN this model on a down-stream task to be able to use it for predictions and inference.
[step 0001/1000] method=baseline_avg loss=0.6927 train_acc=nan train_loss=nan val_acc=nan val_loss=nan best=-1.0000
[step 0010/1000] method=baseline_avg loss=0.6388 train_acc=nan train_loss=nan val_acc=nan val_loss=nan best=-1.0000
[step 0020/1000] method=baseline_avg loss=0.5155 train_acc=nan train_loss=nan val_acc=nan val_loss=nan best=-1.0000
[step 0030/1000] method=baseline_avg loss=0.6943 train_acc=nan train_loss=nan val_acc=nan val_loss=nan best=-1.0000
[step 0040/1000] method=baseline_avg loss=0.3685 train_acc=nan train_loss=nan val_acc=nan val_loss=nan best=-1.0000
[step 0050/1000] method=baseline_avg loss=0.4550 train_acc=0.7061 train_loss=0.4905 val_acc=0.7034 val_loss=0.4844 router_H=0.5360 best=0.7034
           router_load=[0.2911398410797119, 0.0, 0.7079359889030457, 0.0009240502840839326]
[step 0060/1000] method=baseline_avg loss=0.4920 train_acc=0.7061 train_loss=0.4905 val_acc=0.7034 val_loss=0.4844 router_H=0.5360 best=0.7034
           router_load=[0.2911398410797119, 0.0, 0.7079359889030457, 0.0009240502840839326]
[step 0070/1000] method=baseline_avg loss=0.2737 train_acc=0.7061 train_loss=0.4905 val_acc=0.7034 val_loss=0.4844 router_H=0.5360 best=0.7034
           router_load=[0.2911398410797119, 0.0, 0.7079359889030457, 0.0009240502840839326]
[step 0080/1000] method=baseline_avg loss=0.4178 train_acc=0.7061 train_loss=0.4905 val_acc=0.7034 val_loss=0.4844 router_H=0.5360 best=0.7034
           router_load=[0.2911398410797119, 0.0, 0.7079359889030457, 0.0009240502840839326]
[step 0090/1000] method=baseline_avg loss=0.5535 train_acc=0.7061 train_loss=0.4905 val_acc=0.7034 val_loss=0.4844 router_H=0.5360 best=0.7034
           router_load=[0.2911398410797119, 0.0, 0.7079359889030457, 0.0009240502840839326]
[step 0100/1000] method=baseline_avg loss=0.4499 train_acc=0.8105 train_loss=0.4341 val_acc=0.7892 val_loss=0.4444 router_H=0.4590 best=0.7892
           router_load=[0.2549769878387451, 0.023340655490756035, 0.7127957940101624, 0.008886498399078846]
[step 0110/1000] method=baseline_avg loss=0.5538 train_acc=0.8105 train_loss=0.4341 val_acc=0.7892 val_loss=0.4444 router_H=0.4590 best=0.7892
           router_load=[0.2549769878387451, 0.023340655490756035, 0.7127957940101624, 0.008886498399078846]
[step 0120/1000] method=baseline_avg loss=0.1674 train_acc=0.8105 train_loss=0.4341 val_acc=0.7892 val_loss=0.4444 router_H=0.4590 best=0.7892
           router_load=[0.2549769878387451, 0.023340655490756035, 0.7127957940101624, 0.008886498399078846]
[step 0130/1000] method=baseline_avg loss=0.3943 train_acc=0.8105 train_loss=0.4341 val_acc=0.7892 val_loss=0.4444 router_H=0.4590 best=0.7892
           router_load=[0.2549769878387451, 0.023340655490756035, 0.7127957940101624, 0.008886498399078846]
[step 0140/1000] method=baseline_avg loss=0.3610 train_acc=0.8105 train_loss=0.4341 val_acc=0.7892 val_loss=0.4444 router_H=0.4590 best=0.7892
           router_load=[0.2549769878387451, 0.023340655490756035, 0.7127957940101624, 0.008886498399078846]
[step 0150/1000] method=baseline_avg loss=0.6045 train_acc=0.8574 train_loss=0.3547 val_acc=0.8480 val_loss=0.3717 router_H=0.4379 best=0.8480
           router_load=[0.2500613033771515, 0.03940951079130173, 0.7002401351928711, 0.01028906088322401]
[step 0160/1000] method=baseline_avg loss=0.3848 train_acc=0.8574 train_loss=0.3547 val_acc=0.8480 val_loss=0.3717 router_H=0.4379 best=0.8480
           router_load=[0.2500613033771515, 0.03940951079130173, 0.7002401351928711, 0.01028906088322401]
[step 0170/1000] method=baseline_avg loss=0.4428 train_acc=0.8574 train_loss=0.3547 val_acc=0.8480 val_loss=0.3717 router_H=0.4379 best=0.8480
           router_load=[0.2500613033771515, 0.03940951079130173, 0.7002401351928711, 0.01028906088322401]
[step 0180/1000] method=baseline_avg loss=0.3825 train_acc=0.8574 train_loss=0.3547 val_acc=0.8480 val_loss=0.3717 router_H=0.4379 best=0.8480
           router_load=[0.2500613033771515, 0.03940951079130173, 0.7002401351928711, 0.01028906088322401]
[step 0190/1000] method=baseline_avg loss=0.4633 train_acc=0.8574 train_loss=0.3547 val_acc=0.8480 val_loss=0.3717 router_H=0.4379 best=0.8480
           router_load=[0.2500613033771515, 0.03940951079130173, 0.7002401351928711, 0.01028906088322401]
[step 0200/1000] method=baseline_avg loss=1.1792 train_acc=0.8700 train_loss=0.3483 val_acc=0.8505 val_loss=0.3614 router_H=0.4250 best=0.8505
           router_load=[0.2090524286031723, 0.06917496025562286, 0.7217726707458496, 0.0]
[step 0210/1000] method=baseline_avg loss=0.5704 train_acc=0.8700 train_loss=0.3483 val_acc=0.8505 val_loss=0.3614 router_H=0.4250 best=0.8505
           router_load=[0.2090524286031723, 0.06917496025562286, 0.7217726707458496, 0.0]
[step 0220/1000] method=baseline_avg loss=0.5079 train_acc=0.8700 train_loss=0.3483 val_acc=0.8505 val_loss=0.3614 router_H=0.4250 best=0.8505
           router_load=[0.2090524286031723, 0.06917496025562286, 0.7217726707458496, 0.0]
[step 0230/1000] method=baseline_avg loss=0.3598 train_acc=0.8700 train_loss=0.3483 val_acc=0.8505 val_loss=0.3614 router_H=0.4250 best=0.8505
           router_load=[0.2090524286031723, 0.06917496025562286, 0.7217726707458496, 0.0]
[step 0240/1000] method=baseline_avg loss=0.1573 train_acc=0.8700 train_loss=0.3483 val_acc=0.8505 val_loss=0.3614 router_H=0.4250 best=0.8505
           router_load=[0.2090524286031723, 0.06917496025562286, 0.7217726707458496, 0.0]
[step 0250/1000] method=baseline_avg loss=0.5070 train_acc=0.8855 train_loss=0.2711 val_acc=0.8676 val_loss=0.3280 router_H=0.3787 best=0.8676
           router_load=[0.3399956524372101, 0.010410762391984463, 0.5949233770370483, 0.05467026308178902]
[step 0260/1000] method=baseline_avg loss=0.3056 train_acc=0.8855 train_loss=0.2711 val_acc=0.8676 val_loss=0.3280 router_H=0.3787 best=0.8676
           router_load=[0.3399956524372101, 0.010410762391984463, 0.5949233770370483, 0.05467026308178902]
[step 0270/1000] method=baseline_avg loss=0.1656 train_acc=0.8855 train_loss=0.2711 val_acc=0.8676 val_loss=0.3280 router_H=0.3787 best=0.8676
           router_load=[0.3399956524372101, 0.010410762391984463, 0.5949233770370483, 0.05467026308178902]
[step 0280/1000] method=baseline_avg loss=0.3651 train_acc=0.8855 train_loss=0.2711 val_acc=0.8676 val_loss=0.3280 router_H=0.3787 best=0.8676
           router_load=[0.3399956524372101, 0.010410762391984463, 0.5949233770370483, 0.05467026308178902]
[step 0290/1000] method=baseline_avg loss=0.5918 train_acc=0.8855 train_loss=0.2711 val_acc=0.8676 val_loss=0.3280 router_H=0.3787 best=0.8676
           router_load=[0.3399956524372101, 0.010410762391984463, 0.5949233770370483, 0.05467026308178902]
[step 0300/1000] method=baseline_avg loss=0.2227 train_acc=0.9051 train_loss=0.2644 val_acc=0.8750 val_loss=0.3699 router_H=0.3184 best=0.8750
           router_load=[0.27480995655059814, 0.017625462263822556, 0.666491687297821, 0.041072778403759]
[step 0310/1000] method=baseline_avg loss=0.2937 train_acc=0.9051 train_loss=0.2644 val_acc=0.8750 val_loss=0.3699 router_H=0.3184 best=0.8750
           router_load=[0.27480995655059814, 0.017625462263822556, 0.666491687297821, 0.041072778403759]
[step 0320/1000] method=baseline_avg loss=0.1649 train_acc=0.9051 train_loss=0.2644 val_acc=0.8750 val_loss=0.3699 router_H=0.3184 best=0.8750
           router_load=[0.27480995655059814, 0.017625462263822556, 0.666491687297821, 0.041072778403759]
[step 0330/1000] method=baseline_avg loss=0.1557 train_acc=0.9051 train_loss=0.2644 val_acc=0.8750 val_loss=0.3699 router_H=0.3184 best=0.8750
           router_load=[0.27480995655059814, 0.017625462263822556, 0.666491687297821, 0.041072778403759]
[step 0340/1000] method=baseline_avg loss=0.3114 train_acc=0.9051 train_loss=0.2644 val_acc=0.8750 val_loss=0.3699 router_H=0.3184 best=0.8750
           router_load=[0.27480995655059814, 0.017625462263822556, 0.666491687297821, 0.041072778403759]
[step 0350/1000] method=baseline_avg loss=0.2485 train_acc=0.9212 train_loss=0.2240 val_acc=0.8701 val_loss=0.3238 router_H=0.4032 best=0.8750
           router_load=[0.3195442259311676, 0.0003246602136641741, 0.6633843779563904, 0.016746563836932182]
[step 0360/1000] method=baseline_avg loss=0.2800 train_acc=0.9212 train_loss=0.2240 val_acc=0.8701 val_loss=0.3238 router_H=0.4032 best=0.8750
           router_load=[0.3195442259311676, 0.0003246602136641741, 0.6633843779563904, 0.016746563836932182]
[step 0370/1000] method=baseline_avg loss=0.4518 train_acc=0.9212 train_loss=0.2240 val_acc=0.8701 val_loss=0.3238 router_H=0.4032 best=0.8750
           router_load=[0.3195442259311676, 0.0003246602136641741, 0.6633843779563904, 0.016746563836932182]
[step 0380/1000] method=baseline_avg loss=0.2442 train_acc=0.9212 train_loss=0.2240 val_acc=0.8701 val_loss=0.3238 router_H=0.4032 best=0.8750
           router_load=[0.3195442259311676, 0.0003246602136641741, 0.6633843779563904, 0.016746563836932182]
[step 0390/1000] method=baseline_avg loss=0.3445 train_acc=0.9212 train_loss=0.2240 val_acc=0.8701 val_loss=0.3238 router_H=0.4032 best=0.8750
           router_load=[0.3195442259311676, 0.0003246602136641741, 0.6633843779563904, 0.016746563836932182]
[step 0400/1000] method=baseline_avg loss=0.4748 train_acc=0.9286 train_loss=0.1923 val_acc=0.8750 val_loss=0.3184 router_H=0.3630 best=0.8750
           router_load=[0.30401700735092163, 0.005675100721418858, 0.6761219501495361, 0.014185874722898006]
[step 0410/1000] method=baseline_avg loss=0.3363 train_acc=0.9286 train_loss=0.1923 val_acc=0.8750 val_loss=0.3184 router_H=0.3630 best=0.8750
           router_load=[0.30401700735092163, 0.005675100721418858, 0.6761219501495361, 0.014185874722898006]
[step 0420/1000] method=baseline_avg loss=0.1299 train_acc=0.9286 train_loss=0.1923 val_acc=0.8750 val_loss=0.3184 router_H=0.3630 best=0.8750
           router_load=[0.30401700735092163, 0.005675100721418858, 0.6761219501495361, 0.014185874722898006]
[step 0430/1000] method=baseline_avg loss=0.2929 train_acc=0.9286 train_loss=0.1923 val_acc=0.8750 val_loss=0.3184 router_H=0.3630 best=0.8750
           router_load=[0.30401700735092163, 0.005675100721418858, 0.6761219501495361, 0.014185874722898006]
[step 0440/1000] method=baseline_avg loss=0.1588 train_acc=0.9286 train_loss=0.1923 val_acc=0.8750 val_loss=0.3184 router_H=0.3630 best=0.8750
           router_load=[0.30401700735092163, 0.005675100721418858, 0.6761219501495361, 0.014185874722898006]
[step 0450/1000] method=baseline_avg loss=0.4521 train_acc=0.9433 train_loss=0.1684 val_acc=0.8750 val_loss=0.3296 router_H=0.3815 best=0.8750
           router_load=[0.3196449279785156, 0.0014249416999518871, 0.653128445148468, 0.025801638141274452]
[step 0460/1000] method=baseline_avg loss=0.6670 train_acc=0.9433 train_loss=0.1684 val_acc=0.8750 val_loss=0.3296 router_H=0.3815 best=0.8750
           router_load=[0.3196449279785156, 0.0014249416999518871, 0.653128445148468, 0.025801638141274452]
[step 0470/1000] method=baseline_avg loss=0.4955 train_acc=0.9433 train_loss=0.1684 val_acc=0.8750 val_loss=0.3296 router_H=0.3815 best=0.8750
           router_load=[0.3196449279785156, 0.0014249416999518871, 0.653128445148468, 0.025801638141274452]
[step 0480/1000] method=baseline_avg loss=0.2202 train_acc=0.9433 train_loss=0.1684 val_acc=0.8750 val_loss=0.3296 router_H=0.3815 best=0.8750
           router_load=[0.3196449279785156, 0.0014249416999518871, 0.653128445148468, 0.025801638141274452]
[step 0490/1000] method=baseline_avg loss=0.2472 train_acc=0.9433 train_loss=0.1684 val_acc=0.8750 val_loss=0.3296 router_H=0.3815 best=0.8750
           router_load=[0.3196449279785156, 0.0014249416999518871, 0.653128445148468, 0.025801638141274452]
[step 0500/1000] method=baseline_avg loss=0.3922 train_acc=0.9335 train_loss=0.2039 val_acc=0.8603 val_loss=0.4905 router_H=0.2466 best=0.8750
           router_load=[0.22133231163024902, 0.016996821388602257, 0.7545692324638367, 0.007101648021489382]
[step 0510/1000] method=baseline_avg loss=0.2066 train_acc=0.9335 train_loss=0.2039 val_acc=0.8603 val_loss=0.4905 router_H=0.2466 best=0.8750
           router_load=[0.22133231163024902, 0.016996821388602257, 0.7545692324638367, 0.007101648021489382]
[step 0520/1000] method=baseline_avg loss=0.2321 train_acc=0.9335 train_loss=0.2039 val_acc=0.8603 val_loss=0.4905 router_H=0.2466 best=0.8750
           router_load=[0.22133231163024902, 0.016996821388602257, 0.7545692324638367, 0.007101648021489382]
[step 0530/1000] method=baseline_avg loss=0.0819 train_acc=0.9335 train_loss=0.2039 val_acc=0.8603 val_loss=0.4905 router_H=0.2466 best=0.8750
           router_load=[0.22133231163024902, 0.016996821388602257, 0.7545692324638367, 0.007101648021489382]
[step 0540/1000] method=baseline_avg loss=0.0215 train_acc=0.9335 train_loss=0.2039 val_acc=0.8603 val_loss=0.4905 router_H=0.2466 best=0.8750
           router_load=[0.22133231163024902, 0.016996821388602257, 0.7545692324638367, 0.007101648021489382]
[step 0550/1000] method=baseline_avg loss=0.0201 train_acc=0.9392 train_loss=0.2071 val_acc=0.8603 val_loss=0.5589 router_H=0.2410 best=0.8750
           router_load=[0.3924984931945801, 0.0062746223993599415, 0.5836997032165527, 0.017526976764202118]
[step 0560/1000] method=baseline_avg loss=0.4405 train_acc=0.9392 train_loss=0.2071 val_acc=0.8603 val_loss=0.5589 router_H=0.2410 best=0.8750
           router_load=[0.3924984931945801, 0.0062746223993599415, 0.5836997032165527, 0.017526976764202118]
[step 0570/1000] method=baseline_avg loss=0.0394 train_acc=0.9392 train_loss=0.2071 val_acc=0.8603 val_loss=0.5589 router_H=0.2410 best=0.8750
           router_load=[0.3924984931945801, 0.0062746223993599415, 0.5836997032165527, 0.017526976764202118]
[step 0580/1000] method=baseline_avg loss=0.3613 train_acc=0.9392 train_loss=0.2071 val_acc=0.8603 val_loss=0.5589 router_H=0.2410 best=0.8750
           router_load=[0.3924984931945801, 0.0062746223993599415, 0.5836997032165527, 0.017526976764202118]
[step 0590/1000] method=baseline_avg loss=0.0516 train_acc=0.9392 train_loss=0.2071 val_acc=0.8603 val_loss=0.5589 router_H=0.2410 best=0.8750
           router_load=[0.3924984931945801, 0.0062746223993599415, 0.5836997032165527, 0.017526976764202118]
[step 0600/1000] method=baseline_avg loss=0.4258 train_acc=0.9654 train_loss=0.1353 val_acc=0.8897 val_loss=0.3006 router_H=0.3877 best=0.8897
           router_load=[0.26684561371803284, 0.068204864859581, 0.6565594673156738, 0.008390079252421856]
[step 0610/1000] method=baseline_avg loss=0.4363 train_acc=0.9654 train_loss=0.1353 val_acc=0.8897 val_loss=0.3006 router_H=0.3877 best=0.8897
           router_load=[0.26684561371803284, 0.068204864859581, 0.6565594673156738, 0.008390079252421856]
[step 0620/1000] method=baseline_avg loss=0.6327 train_acc=0.9654 train_loss=0.1353 val_acc=0.8897 val_loss=0.3006 router_H=0.3877 best=0.8897
           router_load=[0.26684561371803284, 0.068204864859581, 0.6565594673156738, 0.008390079252421856]
[step 0630/1000] method=baseline_avg loss=0.3175 train_acc=0.9654 train_loss=0.1353 val_acc=0.8897 val_loss=0.3006 router_H=0.3877 best=0.8897
           router_load=[0.26684561371803284, 0.068204864859581, 0.6565594673156738, 0.008390079252421856]
[step 0640/1000] method=baseline_avg loss=0.0202 train_acc=0.9654 train_loss=0.1353 val_acc=0.8897 val_loss=0.3006 router_H=0.3877 best=0.8897
           router_load=[0.26684561371803284, 0.068204864859581, 0.6565594673156738, 0.008390079252421856]
[step 0650/1000] method=baseline_avg loss=0.2827 train_acc=0.9504 train_loss=0.1605 val_acc=0.8382 val_loss=0.5427 router_H=0.2659 best=0.8897
           router_load=[0.3810046315193176, 0.002798811998218298, 0.586512565612793, 0.029683995991945267]
[step 0660/1000] method=baseline_avg loss=0.3061 train_acc=0.9504 train_loss=0.1605 val_acc=0.8382 val_loss=0.5427 router_H=0.2659 best=0.8897
           router_load=[0.3810046315193176, 0.002798811998218298, 0.586512565612793, 0.029683995991945267]
[step 0670/1000] method=baseline_avg loss=0.4084 train_acc=0.9504 train_loss=0.1605 val_acc=0.8382 val_loss=0.5427 router_H=0.2659 best=0.8897
           router_load=[0.3810046315193176, 0.002798811998218298, 0.586512565612793, 0.029683995991945267]
[step 0680/1000] method=baseline_avg loss=0.3517 train_acc=0.9504 train_loss=0.1605 val_acc=0.8382 val_loss=0.5427 router_H=0.2659 best=0.8897
           router_load=[0.3810046315193176, 0.002798811998218298, 0.586512565612793, 0.029683995991945267]
[step 0690/1000] method=baseline_avg loss=0.0861 train_acc=0.9504 train_loss=0.1605 val_acc=0.8382 val_loss=0.5427 router_H=0.2659 best=0.8897
           router_load=[0.3810046315193176, 0.002798811998218298, 0.586512565612793, 0.029683995991945267]
[step 0700/1000] method=baseline_avg loss=0.0167 train_acc=0.9681 train_loss=0.0999 val_acc=0.8750 val_loss=0.3859 router_H=0.2879 best=0.8897
           router_load=[0.3277459144592285, 0.012051365338265896, 0.6412820816040039, 0.018920522183179855]
[step 0710/1000] method=baseline_avg loss=0.3426 train_acc=0.9681 train_loss=0.0999 val_acc=0.8750 val_loss=0.3859 router_H=0.2879 best=0.8897
           router_load=[0.3277459144592285, 0.012051365338265896, 0.6412820816040039, 0.018920522183179855]
[step 0720/1000] method=baseline_avg loss=0.0225 train_acc=0.9681 train_loss=0.0999 val_acc=0.8750 val_loss=0.3859 router_H=0.2879 best=0.8897
           router_load=[0.3277459144592285, 0.012051365338265896, 0.6412820816040039, 0.018920522183179855]
[step 0730/1000] method=baseline_avg loss=0.0236 train_acc=0.9681 train_loss=0.0999 val_acc=0.8750 val_loss=0.3859 router_H=0.2879 best=0.8897
           router_load=[0.3277459144592285, 0.012051365338265896, 0.6412820816040039, 0.018920522183179855]
[step 0740/1000] method=baseline_avg loss=0.1620 train_acc=0.9681 train_loss=0.0999 val_acc=0.8750 val_loss=0.3859 router_H=0.2879 best=0.8897
           router_load=[0.3277459144592285, 0.012051365338265896, 0.6412820816040039, 0.018920522183179855]
[step 0750/1000] method=baseline_avg loss=0.5921 train_acc=0.9553 train_loss=0.1647 val_acc=0.8701 val_loss=0.5926 router_H=0.2276 best=0.8897
           router_load=[0.34060433506965637, 0.022530341520905495, 0.6123150587081909, 0.02455013617873192]
[step 0760/1000] method=baseline_avg loss=0.0301 train_acc=0.9553 train_loss=0.1647 val_acc=0.8701 val_loss=0.5926 router_H=0.2276 best=0.8897
           router_load=[0.34060433506965637, 0.022530341520905495, 0.6123150587081909, 0.02455013617873192]
[step 0770/1000] method=baseline_avg loss=0.0597 train_acc=0.9553 train_loss=0.1647 val_acc=0.8701 val_loss=0.5926 router_H=0.2276 best=0.8897
           router_load=[0.34060433506965637, 0.022530341520905495, 0.6123150587081909, 0.02455013617873192]
[step 0780/1000] method=baseline_avg loss=0.0037 train_acc=0.9553 train_loss=0.1647 val_acc=0.8701 val_loss=0.5926 router_H=0.2276 best=0.8897
           router_load=[0.34060433506965637, 0.022530341520905495, 0.6123150587081909, 0.02455013617873192]
[step 0790/1000] method=baseline_avg loss=0.0031 train_acc=0.9553 train_loss=0.1647 val_acc=0.8701 val_loss=0.5926 router_H=0.2276 best=0.8897
           router_load=[0.34060433506965637, 0.022530341520905495, 0.6123150587081909, 0.02455013617873192]
[step 0800/1000] method=baseline_avg loss=0.2126 train_acc=0.9785 train_loss=0.0881 val_acc=0.8897 val_loss=0.4730 router_H=0.2363 best=0.8897
           router_load=[0.31222933530807495, 0.015588321723043919, 0.6563357710838318, 0.01584649831056595]
[step 0810/1000] method=baseline_avg loss=0.3064 train_acc=0.9785 train_loss=0.0881 val_acc=0.8897 val_loss=0.4730 router_H=0.2363 best=0.8897
           router_load=[0.31222933530807495, 0.015588321723043919, 0.6563357710838318, 0.01584649831056595]
[step 0820/1000] method=baseline_avg loss=0.0084 train_acc=0.9785 train_loss=0.0881 val_acc=0.8897 val_loss=0.4730 router_H=0.2363 best=0.8897
           router_load=[0.31222933530807495, 0.015588321723043919, 0.6563357710838318, 0.01584649831056595]
[step 0830/1000] method=baseline_avg loss=0.3382 train_acc=0.9785 train_loss=0.0881 val_acc=0.8897 val_loss=0.4730 router_H=0.2363 best=0.8897
           router_load=[0.31222933530807495, 0.015588321723043919, 0.6563357710838318, 0.01584649831056595]
[step 0840/1000] method=baseline_avg loss=0.1970 train_acc=0.9785 train_loss=0.0881 val_acc=0.8897 val_loss=0.4730 router_H=0.2363 best=0.8897
           router_load=[0.31222933530807495, 0.015588321723043919, 0.6563357710838318, 0.01584649831056595]
[step 0850/1000] method=baseline_avg loss=0.1966 train_acc=0.9787 train_loss=0.0885 val_acc=0.8897 val_loss=0.4709 router_H=0.2213 best=0.8897
           router_load=[0.2682770788669586, 0.011431646533310413, 0.7059749364852905, 0.014316314831376076]
[step 0860/1000] method=baseline_avg loss=0.0056 train_acc=0.9787 train_loss=0.0885 val_acc=0.8897 val_loss=0.4709 router_H=0.2213 best=0.8897
           router_load=[0.2682770788669586, 0.011431646533310413, 0.7059749364852905, 0.014316314831376076]
[step 0870/1000] method=baseline_avg loss=0.4943 train_acc=0.9787 train_loss=0.0885 val_acc=0.8897 val_loss=0.4709 router_H=0.2213 best=0.8897
           router_load=[0.2682770788669586, 0.011431646533310413, 0.7059749364852905, 0.014316314831376076]
[step 0880/1000] method=baseline_avg loss=0.2994 train_acc=0.9787 train_loss=0.0885 val_acc=0.8897 val_loss=0.4709 router_H=0.2213 best=0.8897
           router_load=[0.2682770788669586, 0.011431646533310413, 0.7059749364852905, 0.014316314831376076]
[step 0890/1000] method=baseline_avg loss=0.1994 train_acc=0.9787 train_loss=0.0885 val_acc=0.8897 val_loss=0.4709 router_H=0.2213 best=0.8897
           router_load=[0.2682770788669586, 0.011431646533310413, 0.7059749364852905, 0.014316314831376076]
[step 0900/1000] method=baseline_avg loss=0.0109 train_acc=0.9815 train_loss=0.0710 val_acc=0.9020 val_loss=0.3945 router_H=0.2174 best=0.9020
           router_load=[0.2517065107822418, 0.011937103234231472, 0.7309590578079224, 0.005397377070039511]
[step 0910/1000] method=baseline_avg loss=0.2733 train_acc=0.9815 train_loss=0.0710 val_acc=0.9020 val_loss=0.3945 router_H=0.2174 best=0.9020
           router_load=[0.2517065107822418, 0.011937103234231472, 0.7309590578079224, 0.005397377070039511]
[step 0920/1000] method=baseline_avg loss=0.0320 train_acc=0.9815 train_loss=0.0710 val_acc=0.9020 val_loss=0.3945 router_H=0.2174 best=0.9020
           router_load=[0.2517065107822418, 0.011937103234231472, 0.7309590578079224, 0.005397377070039511]
[step 0930/1000] method=baseline_avg loss=0.2749 train_acc=0.9815 train_loss=0.0710 val_acc=0.9020 val_loss=0.3945 router_H=0.2174 best=0.9020
           router_load=[0.2517065107822418, 0.011937103234231472, 0.7309590578079224, 0.005397377070039511]
[step 0940/1000] method=baseline_avg loss=0.2960 train_acc=0.9815 train_loss=0.0710 val_acc=0.9020 val_loss=0.3945 router_H=0.2174 best=0.9020
           router_load=[0.2517065107822418, 0.011937103234231472, 0.7309590578079224, 0.005397377070039511]
[step 0950/1000] method=baseline_avg loss=0.0032 train_acc=0.9866 train_loss=0.0550 val_acc=0.8873 val_loss=0.5102 router_H=0.1779 best=0.9020
           router_load=[0.3073042929172516, 0.012703652493655682, 0.665713906288147, 0.014278142713010311]
[step 0960/1000] method=baseline_avg loss=0.0032 train_acc=0.9866 train_loss=0.0550 val_acc=0.8873 val_loss=0.5102 router_H=0.1779 best=0.9020
           router_load=[0.3073042929172516, 0.012703652493655682, 0.665713906288147, 0.014278142713010311]
[step 0970/1000] method=baseline_avg loss=0.0029 train_acc=0.9866 train_loss=0.0550 val_acc=0.8873 val_loss=0.5102 router_H=0.1779 best=0.9020
           router_load=[0.3073042929172516, 0.012703652493655682, 0.665713906288147, 0.014278142713010311]
[step 0980/1000] method=baseline_avg loss=0.0179 train_acc=0.9866 train_loss=0.0550 val_acc=0.8873 val_loss=0.5102 router_H=0.1779 best=0.9020
           router_load=[0.3073042929172516, 0.012703652493655682, 0.665713906288147, 0.014278142713010311]
[step 0990/1000] method=baseline_avg loss=0.0083 train_acc=0.9866 train_loss=0.0550 val_acc=0.8873 val_loss=0.5102 router_H=0.1779 best=0.9020
           router_load=[0.3073042929172516, 0.012703652493655682, 0.665713906288147, 0.014278142713010311]
[step 1000/1000] method=baseline_avg loss=0.1567 train_acc=0.9861 train_loss=0.0591 val_acc=0.9044 val_loss=0.3845 router_H=0.2022 best=0.9044
           router_load=[0.3179159462451935, 0.0, 0.666886031627655, 0.015198093838989735]
saved summary -> /home/zhujjing/MOE-grad-conflict-routing/runs/paper_suite/single_gpu/single_task/roberta_mrpc_ffn_e4_k2/final/baseline_s7.json
saved curve -> /home/zhujjing/MOE-grad-conflict-routing/runs/paper_suite/single_gpu/single_task/roberta_mrpc_ffn_e4_k2/final/baseline_s7_curve.csv
