[run] method=baseline candidate=local_var_topk_006 seed=3 steps=1000 gpu=0
[run] cmd=
/home/zhujjing/anaconda3/envs/moe/bin/python /home/zhujjing/MOE-grad-conflict-routing/scripts/run.py --config configs/singletask_mrpc_real.yaml --set model.backbone_backend=hf --set model.hf_load_pretrained=true --set model.backbone=roberta --set model.hf_pretrained_name=roberta-base --set model.expert_type=ffn --set model.routing_mode=topk --set model.num_experts=4 --set model.top_k=2 --set seed=3 --set method.name=baseline_avg --set train.steps=1000 --set train.eval_every_steps=50 --set train.grad_clip=2 --set train.lr=1.9211887e-05 --set train.weight_decay=0.004875709175 --out /home/zhujjing/MOE-grad-conflict-routing/runs/paper_suite/single_gpu/single_task/roberta_mrpc_ffn_e4_k2/final/baseline_s3.json --curve_out /home/zhujjing/MOE-grad-conflict-routing/runs/paper_suite/single_gpu/single_task/roberta_mrpc_ffn_e4_k2/final/baseline_s3_curve.csv
Using the latest cached version of the dataset since glue couldn't be found on the Hugging Face Hub (offline mode is enabled).
Found the latest cached dataset configuration 'mrpc' at /home/zhujjing/hf_cache/datasets/glue/mrpc/0.0.0/bcdcba79d07bc864c1c254ccfcedcce55bcc9a8c (last modified on Thu Mar 19 15:01:06 2026).
/home/zhujjing/anaconda3/envs/moe/lib/python3.10/site-packages/transformers/utils/hub.py:124: FutureWarning: Using `TRANSFORMERS_CACHE` is deprecated and will be removed in v5 of Transformers. Use `HF_HOME` instead.
  warnings.warn(
Some weights of RobertaModel were not initialized from the model checkpoint at roberta-base and are newly initialized: ['roberta.pooler.dense.bias', 'roberta.pooler.dense.weight']
You should probably TRAIN this model on a down-stream task to be able to use it for predictions and inference.
[step 0001/1000] method=baseline_avg loss=0.7068 train_acc=nan train_loss=nan val_acc=nan val_loss=nan best=-1.0000
[step 0010/1000] method=baseline_avg loss=0.6994 train_acc=nan train_loss=nan val_acc=nan val_loss=nan best=-1.0000
[step 0020/1000] method=baseline_avg loss=0.5825 train_acc=nan train_loss=nan val_acc=nan val_loss=nan best=-1.0000
[step 0030/1000] method=baseline_avg loss=0.5774 train_acc=nan train_loss=nan val_acc=nan val_loss=nan best=-1.0000
[step 0040/1000] method=baseline_avg loss=0.6447 train_acc=nan train_loss=nan val_acc=nan val_loss=nan best=-1.0000
[step 0050/1000] method=baseline_avg loss=0.4157 train_acc=0.7958 train_loss=0.4689 val_acc=0.7917 val_loss=0.4712 router_H=0.4872 best=0.7917
           router_load=[0.0, 0.7130159735679626, 0.16024386882781982, 0.12674014270305634]
[step 0060/1000] method=baseline_avg loss=0.3713 train_acc=0.7958 train_loss=0.4689 val_acc=0.7917 val_loss=0.4712 router_H=0.4872 best=0.7917
           router_load=[0.0, 0.7130159735679626, 0.16024386882781982, 0.12674014270305634]
[step 0070/1000] method=baseline_avg loss=0.2920 train_acc=0.7958 train_loss=0.4689 val_acc=0.7917 val_loss=0.4712 router_H=0.4872 best=0.7917
           router_load=[0.0, 0.7130159735679626, 0.16024386882781982, 0.12674014270305634]
[step 0080/1000] method=baseline_avg loss=0.4154 train_acc=0.7958 train_loss=0.4689 val_acc=0.7917 val_loss=0.4712 router_H=0.4872 best=0.7917
           router_load=[0.0, 0.7130159735679626, 0.16024386882781982, 0.12674014270305634]
[step 0090/1000] method=baseline_avg loss=0.5930 train_acc=0.7958 train_loss=0.4689 val_acc=0.7917 val_loss=0.4712 router_H=0.4872 best=0.7917
           router_load=[0.0, 0.7130159735679626, 0.16024386882781982, 0.12674014270305634]
[step 0100/1000] method=baseline_avg loss=0.4607 train_acc=0.8190 train_loss=0.4262 val_acc=0.8186 val_loss=0.4113 router_H=0.5229 best=0.8186
           router_load=[0.0072892592288553715, 0.5600557327270508, 0.38888657093048096, 0.043768566101789474]
[step 0110/1000] method=baseline_avg loss=0.4066 train_acc=0.8190 train_loss=0.4262 val_acc=0.8186 val_loss=0.4113 router_H=0.5229 best=0.8186
           router_load=[0.0072892592288553715, 0.5600557327270508, 0.38888657093048096, 0.043768566101789474]
[step 0120/1000] method=baseline_avg loss=0.2829 train_acc=0.8190 train_loss=0.4262 val_acc=0.8186 val_loss=0.4113 router_H=0.5229 best=0.8186
           router_load=[0.0072892592288553715, 0.5600557327270508, 0.38888657093048096, 0.043768566101789474]
[step 0130/1000] method=baseline_avg loss=0.2434 train_acc=0.8190 train_loss=0.4262 val_acc=0.8186 val_loss=0.4113 router_H=0.5229 best=0.8186
           router_load=[0.0072892592288553715, 0.5600557327270508, 0.38888657093048096, 0.043768566101789474]
[step 0140/1000] method=baseline_avg loss=0.4231 train_acc=0.8190 train_loss=0.4262 val_acc=0.8186 val_loss=0.4113 router_H=0.5229 best=0.8186
           router_load=[0.0072892592288553715, 0.5600557327270508, 0.38888657093048096, 0.043768566101789474]
[step 0150/1000] method=baseline_avg loss=0.4322 train_acc=0.8561 train_loss=0.3563 val_acc=0.8578 val_loss=0.3561 router_H=0.6416 best=0.8578
           router_load=[0.0, 0.2665068805217743, 0.2569321393966675, 0.4765609800815582]
[step 0160/1000] method=baseline_avg loss=0.4919 train_acc=0.8561 train_loss=0.3563 val_acc=0.8578 val_loss=0.3561 router_H=0.6416 best=0.8578
           router_load=[0.0, 0.2665068805217743, 0.2569321393966675, 0.4765609800815582]
[step 0170/1000] method=baseline_avg loss=0.5851 train_acc=0.8561 train_loss=0.3563 val_acc=0.8578 val_loss=0.3561 router_H=0.6416 best=0.8578
           router_load=[0.0, 0.2665068805217743, 0.2569321393966675, 0.4765609800815582]
[step 0180/1000] method=baseline_avg loss=0.3477 train_acc=0.8561 train_loss=0.3563 val_acc=0.8578 val_loss=0.3561 router_H=0.6416 best=0.8578
           router_load=[0.0, 0.2665068805217743, 0.2569321393966675, 0.4765609800815582]
[step 0190/1000] method=baseline_avg loss=0.7275 train_acc=0.8561 train_loss=0.3563 val_acc=0.8578 val_loss=0.3561 router_H=0.6416 best=0.8578
           router_load=[0.0, 0.2665068805217743, 0.2569321393966675, 0.4765609800815582]
[step 0200/1000] method=baseline_avg loss=0.4933 train_acc=0.8828 train_loss=0.3245 val_acc=0.8701 val_loss=0.3657 router_H=0.6431 best=0.8701
           router_load=[0.0012097040889784694, 0.3591255843639374, 0.19328497350215912, 0.44637972116470337]
[step 0210/1000] method=baseline_avg loss=0.4275 train_acc=0.8828 train_loss=0.3245 val_acc=0.8701 val_loss=0.3657 router_H=0.6431 best=0.8701
           router_load=[0.0012097040889784694, 0.3591255843639374, 0.19328497350215912, 0.44637972116470337]
[step 0220/1000] method=baseline_avg loss=0.4294 train_acc=0.8828 train_loss=0.3245 val_acc=0.8701 val_loss=0.3657 router_H=0.6431 best=0.8701
           router_load=[0.0012097040889784694, 0.3591255843639374, 0.19328497350215912, 0.44637972116470337]
[step 0230/1000] method=baseline_avg loss=0.2601 train_acc=0.8828 train_loss=0.3245 val_acc=0.8701 val_loss=0.3657 router_H=0.6431 best=0.8701
           router_load=[0.0012097040889784694, 0.3591255843639374, 0.19328497350215912, 0.44637972116470337]
[step 0240/1000] method=baseline_avg loss=0.1239 train_acc=0.8828 train_loss=0.3245 val_acc=0.8701 val_loss=0.3657 router_H=0.6431 best=0.8701
           router_load=[0.0012097040889784694, 0.3591255843639374, 0.19328497350215912, 0.44637972116470337]
[step 0250/1000] method=baseline_avg loss=0.2533 train_acc=0.8506 train_loss=0.3996 val_acc=0.8211 val_loss=0.4899 router_H=0.5694 best=0.8701
           router_load=[0.0, 0.5231914520263672, 0.1451261192560196, 0.3316825032234192]
[step 0260/1000] method=baseline_avg loss=0.1094 train_acc=0.8506 train_loss=0.3996 val_acc=0.8211 val_loss=0.4899 router_H=0.5694 best=0.8701
           router_load=[0.0, 0.5231914520263672, 0.1451261192560196, 0.3316825032234192]
[step 0270/1000] method=baseline_avg loss=0.2304 train_acc=0.8506 train_loss=0.3996 val_acc=0.8211 val_loss=0.4899 router_H=0.5694 best=0.8701
           router_load=[0.0, 0.5231914520263672, 0.1451261192560196, 0.3316825032234192]
[step 0280/1000] method=baseline_avg loss=0.2556 train_acc=0.8506 train_loss=0.3996 val_acc=0.8211 val_loss=0.4899 router_H=0.5694 best=0.8701
           router_load=[0.0, 0.5231914520263672, 0.1451261192560196, 0.3316825032234192]
[step 0290/1000] method=baseline_avg loss=0.3760 train_acc=0.8506 train_loss=0.3996 val_acc=0.8211 val_loss=0.4899 router_H=0.5694 best=0.8701
           router_load=[0.0, 0.5231914520263672, 0.1451261192560196, 0.3316825032234192]
[step 0300/1000] method=baseline_avg loss=0.3665 train_acc=0.9119 train_loss=0.2437 val_acc=0.8627 val_loss=0.3658 router_H=0.3950 best=0.8701
           router_load=[0.008188468404114246, 0.5845431089401245, 0.2718065679073334, 0.13546182215213776]
[step 0310/1000] method=baseline_avg loss=0.8958 train_acc=0.9119 train_loss=0.2437 val_acc=0.8627 val_loss=0.3658 router_H=0.3950 best=0.8701
           router_load=[0.008188468404114246, 0.5845431089401245, 0.2718065679073334, 0.13546182215213776]
[step 0320/1000] method=baseline_avg loss=0.4653 train_acc=0.9119 train_loss=0.2437 val_acc=0.8627 val_loss=0.3658 router_H=0.3950 best=0.8701
           router_load=[0.008188468404114246, 0.5845431089401245, 0.2718065679073334, 0.13546182215213776]
[step 0330/1000] method=baseline_avg loss=0.0507 train_acc=0.9119 train_loss=0.2437 val_acc=0.8627 val_loss=0.3658 router_H=0.3950 best=0.8701
           router_load=[0.008188468404114246, 0.5845431089401245, 0.2718065679073334, 0.13546182215213776]
[step 0340/1000] method=baseline_avg loss=0.7167 train_acc=0.9119 train_loss=0.2437 val_acc=0.8627 val_loss=0.3658 router_H=0.3950 best=0.8701
           router_load=[0.008188468404114246, 0.5845431089401245, 0.2718065679073334, 0.13546182215213776]
[step 0350/1000] method=baseline_avg loss=0.7001 train_acc=0.9239 train_loss=0.2090 val_acc=0.8750 val_loss=0.3113 router_H=0.4652 best=0.8750
           router_load=[0.0, 0.565870463848114, 0.20059756934642792, 0.2335318773984909]
[step 0360/1000] method=baseline_avg loss=0.0784 train_acc=0.9239 train_loss=0.2090 val_acc=0.8750 val_loss=0.3113 router_H=0.4652 best=0.8750
           router_load=[0.0, 0.565870463848114, 0.20059756934642792, 0.2335318773984909]
[step 0370/1000] method=baseline_avg loss=0.3236 train_acc=0.9239 train_loss=0.2090 val_acc=0.8750 val_loss=0.3113 router_H=0.4652 best=0.8750
           router_load=[0.0, 0.565870463848114, 0.20059756934642792, 0.2335318773984909]
[step 0380/1000] method=baseline_avg loss=0.4663 train_acc=0.9239 train_loss=0.2090 val_acc=0.8750 val_loss=0.3113 router_H=0.4652 best=0.8750
           router_load=[0.0, 0.565870463848114, 0.20059756934642792, 0.2335318773984909]
[step 0390/1000] method=baseline_avg loss=0.2021 train_acc=0.9239 train_loss=0.2090 val_acc=0.8750 val_loss=0.3113 router_H=0.4652 best=0.8750
           router_load=[0.0, 0.565870463848114, 0.20059756934642792, 0.2335318773984909]
[step 0400/1000] method=baseline_avg loss=0.6234 train_acc=0.9308 train_loss=0.2056 val_acc=0.8873 val_loss=0.3690 router_H=0.3723 best=0.8873
           router_load=[0.013536143116652966, 0.5940364599227905, 0.2652225196361542, 0.12720482051372528]
[step 0410/1000] method=baseline_avg loss=0.4054 train_acc=0.9308 train_loss=0.2056 val_acc=0.8873 val_loss=0.3690 router_H=0.3723 best=0.8873
           router_load=[0.013536143116652966, 0.5940364599227905, 0.2652225196361542, 0.12720482051372528]
[step 0420/1000] method=baseline_avg loss=0.2681 train_acc=0.9308 train_loss=0.2056 val_acc=0.8873 val_loss=0.3690 router_H=0.3723 best=0.8873
           router_load=[0.013536143116652966, 0.5940364599227905, 0.2652225196361542, 0.12720482051372528]
[step 0430/1000] method=baseline_avg loss=0.3076 train_acc=0.9308 train_loss=0.2056 val_acc=0.8873 val_loss=0.3690 router_H=0.3723 best=0.8873
           router_load=[0.013536143116652966, 0.5940364599227905, 0.2652225196361542, 0.12720482051372528]
[step 0440/1000] method=baseline_avg loss=0.3724 train_acc=0.9308 train_loss=0.2056 val_acc=0.8873 val_loss=0.3690 router_H=0.3723 best=0.8873
           router_load=[0.013536143116652966, 0.5940364599227905, 0.2652225196361542, 0.12720482051372528]
[step 0450/1000] method=baseline_avg loss=0.1209 train_acc=0.9196 train_loss=0.2044 val_acc=0.8603 val_loss=0.3638 router_H=0.5750 best=0.8873
           router_load=[0.00412896228954196, 0.4302207827568054, 0.15891259908676147, 0.4067375659942627]
[step 0460/1000] method=baseline_avg loss=0.4522 train_acc=0.9196 train_loss=0.2044 val_acc=0.8603 val_loss=0.3638 router_H=0.5750 best=0.8873
           router_load=[0.00412896228954196, 0.4302207827568054, 0.15891259908676147, 0.4067375659942627]
[step 0470/1000] method=baseline_avg loss=0.0649 train_acc=0.9196 train_loss=0.2044 val_acc=0.8603 val_loss=0.3638 router_H=0.5750 best=0.8873
           router_load=[0.00412896228954196, 0.4302207827568054, 0.15891259908676147, 0.4067375659942627]
[step 0480/1000] method=baseline_avg loss=0.2311 train_acc=0.9196 train_loss=0.2044 val_acc=0.8603 val_loss=0.3638 router_H=0.5750 best=0.8873
           router_load=[0.00412896228954196, 0.4302207827568054, 0.15891259908676147, 0.4067375659942627]
[step 0490/1000] method=baseline_avg loss=0.2244 train_acc=0.9196 train_loss=0.2044 val_acc=0.8603 val_loss=0.3638 router_H=0.5750 best=0.8873
           router_load=[0.00412896228954196, 0.4302207827568054, 0.15891259908676147, 0.4067375659942627]
[step 0500/1000] method=baseline_avg loss=0.3274 train_acc=0.9455 train_loss=0.1574 val_acc=0.8554 val_loss=0.3565 router_H=0.5359 best=0.8873
           router_load=[0.001511506736278534, 0.4435010850429535, 0.26023200154304504, 0.2947555184364319]
[step 0510/1000] method=baseline_avg loss=0.0479 train_acc=0.9455 train_loss=0.1574 val_acc=0.8554 val_loss=0.3565 router_H=0.5359 best=0.8873
           router_load=[0.001511506736278534, 0.4435010850429535, 0.26023200154304504, 0.2947555184364319]
[step 0520/1000] method=baseline_avg loss=0.1899 train_acc=0.9455 train_loss=0.1574 val_acc=0.8554 val_loss=0.3565 router_H=0.5359 best=0.8873
           router_load=[0.001511506736278534, 0.4435010850429535, 0.26023200154304504, 0.2947555184364319]
[step 0530/1000] method=baseline_avg loss=0.1991 train_acc=0.9455 train_loss=0.1574 val_acc=0.8554 val_loss=0.3565 router_H=0.5359 best=0.8873
           router_load=[0.001511506736278534, 0.4435010850429535, 0.26023200154304504, 0.2947555184364319]
[step 0540/1000] method=baseline_avg loss=0.0741 train_acc=0.9455 train_loss=0.1574 val_acc=0.8554 val_loss=0.3565 router_H=0.5359 best=0.8873
           router_load=[0.001511506736278534, 0.4435010850429535, 0.26023200154304504, 0.2947555184364319]
[step 0550/1000] method=baseline_avg loss=0.0573 train_acc=0.9490 train_loss=0.1462 val_acc=0.8627 val_loss=0.4144 router_H=0.4853 best=0.8873
           router_load=[0.0035059135407209396, 0.5115413665771484, 0.22074711322784424, 0.26420557498931885]
[step 0560/1000] method=baseline_avg loss=0.2970 train_acc=0.9490 train_loss=0.1462 val_acc=0.8627 val_loss=0.4144 router_H=0.4853 best=0.8873
           router_load=[0.0035059135407209396, 0.5115413665771484, 0.22074711322784424, 0.26420557498931885]
[step 0570/1000] method=baseline_avg loss=0.0790 train_acc=0.9490 train_loss=0.1462 val_acc=0.8627 val_loss=0.4144 router_H=0.4853 best=0.8873
           router_load=[0.0035059135407209396, 0.5115413665771484, 0.22074711322784424, 0.26420557498931885]
[step 0580/1000] method=baseline_avg loss=0.1653 train_acc=0.9490 train_loss=0.1462 val_acc=0.8627 val_loss=0.4144 router_H=0.4853 best=0.8873
           router_load=[0.0035059135407209396, 0.5115413665771484, 0.22074711322784424, 0.26420557498931885]
[step 0590/1000] method=baseline_avg loss=0.3590 train_acc=0.9490 train_loss=0.1462 val_acc=0.8627 val_loss=0.4144 router_H=0.4853 best=0.8873
           router_load=[0.0035059135407209396, 0.5115413665771484, 0.22074711322784424, 0.26420557498931885]
[step 0600/1000] method=baseline_avg loss=0.1878 train_acc=0.9550 train_loss=0.1263 val_acc=0.8701 val_loss=0.3884 router_H=0.4987 best=0.8873
           router_load=[0.002673458307981491, 0.5274609327316284, 0.17855827510356903, 0.2913074195384979]
[step 0610/1000] method=baseline_avg loss=0.2231 train_acc=0.9550 train_loss=0.1263 val_acc=0.8701 val_loss=0.3884 router_H=0.4987 best=0.8873
           router_load=[0.002673458307981491, 0.5274609327316284, 0.17855827510356903, 0.2913074195384979]
[step 0620/1000] method=baseline_avg loss=0.1575 train_acc=0.9550 train_loss=0.1263 val_acc=0.8701 val_loss=0.3884 router_H=0.4987 best=0.8873
           router_load=[0.002673458307981491, 0.5274609327316284, 0.17855827510356903, 0.2913074195384979]
[step 0630/1000] method=baseline_avg loss=0.0234 train_acc=0.9550 train_loss=0.1263 val_acc=0.8701 val_loss=0.3884 router_H=0.4987 best=0.8873
           router_load=[0.002673458307981491, 0.5274609327316284, 0.17855827510356903, 0.2913074195384979]
[step 0640/1000] method=baseline_avg loss=0.2321 train_acc=0.9550 train_loss=0.1263 val_acc=0.8701 val_loss=0.3884 router_H=0.4987 best=0.8873
           router_load=[0.002673458307981491, 0.5274609327316284, 0.17855827510356903, 0.2913074195384979]
[step 0650/1000] method=baseline_avg loss=0.4202 train_acc=0.9681 train_loss=0.1072 val_acc=0.8799 val_loss=0.4325 router_H=0.3191 best=0.8873
           router_load=[0.006470533087849617, 0.6476829648017883, 0.2379096895456314, 0.10793683677911758]
[step 0660/1000] method=baseline_avg loss=0.1683 train_acc=0.9681 train_loss=0.1072 val_acc=0.8799 val_loss=0.4325 router_H=0.3191 best=0.8873
           router_load=[0.006470533087849617, 0.6476829648017883, 0.2379096895456314, 0.10793683677911758]
[step 0670/1000] method=baseline_avg loss=0.2247 train_acc=0.9681 train_loss=0.1072 val_acc=0.8799 val_loss=0.4325 router_H=0.3191 best=0.8873
           router_load=[0.006470533087849617, 0.6476829648017883, 0.2379096895456314, 0.10793683677911758]
[step 0680/1000] method=baseline_avg loss=0.4305 train_acc=0.9681 train_loss=0.1072 val_acc=0.8799 val_loss=0.4325 router_H=0.3191 best=0.8873
           router_load=[0.006470533087849617, 0.6476829648017883, 0.2379096895456314, 0.10793683677911758]
[step 0690/1000] method=baseline_avg loss=0.0141 train_acc=0.9681 train_loss=0.1072 val_acc=0.8799 val_loss=0.4325 router_H=0.3191 best=0.8873
           router_load=[0.006470533087849617, 0.6476829648017883, 0.2379096895456314, 0.10793683677911758]
[step 0700/1000] method=baseline_avg loss=0.0098 train_acc=0.9654 train_loss=0.1126 val_acc=0.8603 val_loss=0.5184 router_H=0.2676 best=0.8873
           router_load=[0.0024051598738878965, 0.6114997267723083, 0.32021740078926086, 0.06587779521942139]
[step 0710/1000] method=baseline_avg loss=0.2225 train_acc=0.9654 train_loss=0.1126 val_acc=0.8603 val_loss=0.5184 router_H=0.2676 best=0.8873
           router_load=[0.0024051598738878965, 0.6114997267723083, 0.32021740078926086, 0.06587779521942139]
[step 0720/1000] method=baseline_avg loss=0.0041 train_acc=0.9654 train_loss=0.1126 val_acc=0.8603 val_loss=0.5184 router_H=0.2676 best=0.8873
           router_load=[0.0024051598738878965, 0.6114997267723083, 0.32021740078926086, 0.06587779521942139]
[step 0730/1000] method=baseline_avg loss=0.0039 train_acc=0.9654 train_loss=0.1126 val_acc=0.8603 val_loss=0.5184 router_H=0.2676 best=0.8873
           router_load=[0.0024051598738878965, 0.6114997267723083, 0.32021740078926086, 0.06587779521942139]
[step 0740/1000] method=baseline_avg loss=0.0080 train_acc=0.9654 train_loss=0.1126 val_acc=0.8603 val_loss=0.5184 router_H=0.2676 best=0.8873
           router_load=[0.0024051598738878965, 0.6114997267723083, 0.32021740078926086, 0.06587779521942139]
[step 0750/1000] method=baseline_avg loss=0.1546 train_acc=0.9779 train_loss=0.0934 val_acc=0.8725 val_loss=0.5667 router_H=0.3038 best=0.8873
           router_load=[0.0011200358858332038, 0.636282742023468, 0.26862502098083496, 0.09397213906049728]
[step 0760/1000] method=baseline_avg loss=0.3670 train_acc=0.9779 train_loss=0.0934 val_acc=0.8725 val_loss=0.5667 router_H=0.3038 best=0.8873
           router_load=[0.0011200358858332038, 0.636282742023468, 0.26862502098083496, 0.09397213906049728]
[step 0770/1000] method=baseline_avg loss=0.0109 train_acc=0.9779 train_loss=0.0934 val_acc=0.8725 val_loss=0.5667 router_H=0.3038 best=0.8873
           router_load=[0.0011200358858332038, 0.636282742023468, 0.26862502098083496, 0.09397213906049728]
[step 0780/1000] method=baseline_avg loss=0.0302 train_acc=0.9779 train_loss=0.0934 val_acc=0.8725 val_loss=0.5667 router_H=0.3038 best=0.8873
           router_load=[0.0011200358858332038, 0.636282742023468, 0.26862502098083496, 0.09397213906049728]
[step 0790/1000] method=baseline_avg loss=0.1756 train_acc=0.9779 train_loss=0.0934 val_acc=0.8725 val_loss=0.5667 router_H=0.3038 best=0.8873
           router_load=[0.0011200358858332038, 0.636282742023468, 0.26862502098083496, 0.09397213906049728]
[step 0800/1000] method=baseline_avg loss=0.1368 train_acc=0.9629 train_loss=0.1129 val_acc=0.8652 val_loss=0.4295 router_H=0.5442 best=0.8873
           router_load=[8.154444367391989e-05, 0.538267195224762, 0.17456269264221191, 0.2870885729789734]
[step 0810/1000] method=baseline_avg loss=0.3657 train_acc=0.9629 train_loss=0.1129 val_acc=0.8652 val_loss=0.4295 router_H=0.5442 best=0.8873
           router_load=[8.154444367391989e-05, 0.538267195224762, 0.17456269264221191, 0.2870885729789734]
[step 0820/1000] method=baseline_avg loss=0.0512 train_acc=0.9629 train_loss=0.1129 val_acc=0.8652 val_loss=0.4295 router_H=0.5442 best=0.8873
           router_load=[8.154444367391989e-05, 0.538267195224762, 0.17456269264221191, 0.2870885729789734]
[step 0830/1000] method=baseline_avg loss=0.0283 train_acc=0.9629 train_loss=0.1129 val_acc=0.8652 val_loss=0.4295 router_H=0.5442 best=0.8873
           router_load=[8.154444367391989e-05, 0.538267195224762, 0.17456269264221191, 0.2870885729789734]
[step 0840/1000] method=baseline_avg loss=0.0029 train_acc=0.9629 train_loss=0.1129 val_acc=0.8652 val_loss=0.4295 router_H=0.5442 best=0.8873
           router_load=[8.154444367391989e-05, 0.538267195224762, 0.17456269264221191, 0.2870885729789734]
[step 0850/1000] method=baseline_avg loss=0.0031 train_acc=0.9667 train_loss=0.1340 val_acc=0.8578 val_loss=0.6291 router_H=0.5422 best=0.8873
           router_load=[0.0, 0.5346916317939758, 0.1983039826154709, 0.2670042812824249]
[step 0860/1000] method=baseline_avg loss=0.0128 train_acc=0.9667 train_loss=0.1340 val_acc=0.8578 val_loss=0.6291 router_H=0.5422 best=0.8873
           router_load=[0.0, 0.5346916317939758, 0.1983039826154709, 0.2670042812824249]
[step 0870/1000] method=baseline_avg loss=0.0965 train_acc=0.9667 train_loss=0.1340 val_acc=0.8578 val_loss=0.6291 router_H=0.5422 best=0.8873
           router_load=[0.0, 0.5346916317939758, 0.1983039826154709, 0.2670042812824249]
[step 0880/1000] method=baseline_avg loss=0.4687 train_acc=0.9667 train_loss=0.1340 val_acc=0.8578 val_loss=0.6291 router_H=0.5422 best=0.8873
           router_load=[0.0, 0.5346916317939758, 0.1983039826154709, 0.2670042812824249]
[step 0890/1000] method=baseline_avg loss=0.4674 train_acc=0.9667 train_loss=0.1340 val_acc=0.8578 val_loss=0.6291 router_H=0.5422 best=0.8873
           router_load=[0.0, 0.5346916317939758, 0.1983039826154709, 0.2670042812824249]
[step 0900/1000] method=baseline_avg loss=0.0747 train_acc=0.9779 train_loss=0.1025 val_acc=0.8848 val_loss=0.3516 router_H=0.5405 best=0.8873
           router_load=[0.0, 0.45179611444473267, 0.26672980189323425, 0.2814740836620331]
[step 0910/1000] method=baseline_avg loss=0.0506 train_acc=0.9779 train_loss=0.1025 val_acc=0.8848 val_loss=0.3516 router_H=0.5405 best=0.8873
           router_load=[0.0, 0.45179611444473267, 0.26672980189323425, 0.2814740836620331]
[step 0920/1000] method=baseline_avg loss=0.0121 train_acc=0.9779 train_loss=0.1025 val_acc=0.8848 val_loss=0.3516 router_H=0.5405 best=0.8873
           router_load=[0.0, 0.45179611444473267, 0.26672980189323425, 0.2814740836620331]
[step 0930/1000] method=baseline_avg loss=0.0047 train_acc=0.9779 train_loss=0.1025 val_acc=0.8848 val_loss=0.3516 router_H=0.5405 best=0.8873
           router_load=[0.0, 0.45179611444473267, 0.26672980189323425, 0.2814740836620331]
[step 0940/1000] method=baseline_avg loss=0.0050 train_acc=0.9779 train_loss=0.1025 val_acc=0.8848 val_loss=0.3516 router_H=0.5405 best=0.8873
           router_load=[0.0, 0.45179611444473267, 0.26672980189323425, 0.2814740836620331]
[step 0950/1000] method=baseline_avg loss=0.0150 train_acc=0.9793 train_loss=0.0623 val_acc=0.8603 val_loss=0.4858 router_H=0.4637 best=0.8873
           router_load=[0.0002654519921634346, 0.4732666313648224, 0.3257637917995453, 0.20070412755012512]
[step 0960/1000] method=baseline_avg loss=0.7237 train_acc=0.9793 train_loss=0.0623 val_acc=0.8603 val_loss=0.4858 router_H=0.4637 best=0.8873
           router_load=[0.0002654519921634346, 0.4732666313648224, 0.3257637917995453, 0.20070412755012512]
[step 0970/1000] method=baseline_avg loss=0.0058 train_acc=0.9793 train_loss=0.0623 val_acc=0.8603 val_loss=0.4858 router_H=0.4637 best=0.8873
           router_load=[0.0002654519921634346, 0.4732666313648224, 0.3257637917995453, 0.20070412755012512]
[step 0980/1000] method=baseline_avg loss=0.0075 train_acc=0.9793 train_loss=0.0623 val_acc=0.8603 val_loss=0.4858 router_H=0.4637 best=0.8873
           router_load=[0.0002654519921634346, 0.4732666313648224, 0.3257637917995453, 0.20070412755012512]
[step 0990/1000] method=baseline_avg loss=0.0076 train_acc=0.9793 train_loss=0.0623 val_acc=0.8603 val_loss=0.4858 router_H=0.4637 best=0.8873
           router_load=[0.0002654519921634346, 0.4732666313648224, 0.3257637917995453, 0.20070412755012512]
[step 1000/1000] method=baseline_avg loss=0.2283 train_acc=0.9872 train_loss=0.0538 val_acc=0.8848 val_loss=0.5929 router_H=0.4710 best=0.8873
           router_load=[0.0003379641566425562, 0.5313380360603333, 0.24974754452705383, 0.21857643127441406]
saved summary -> /home/zhujjing/MOE-grad-conflict-routing/runs/paper_suite/single_gpu/single_task/roberta_mrpc_ffn_e4_k2/final/baseline_s3.json
saved curve -> /home/zhujjing/MOE-grad-conflict-routing/runs/paper_suite/single_gpu/single_task/roberta_mrpc_ffn_e4_k2/final/baseline_s3_curve.csv
