[run] method=ours candidate=coord_04_method_ours_lambda_align_020 seed=3 steps=150 gpu=0
[run] cmd=
/home/zhujjing/anaconda3/envs/moe/bin/python /home/zhujjing/MOE-grad-conflict-routing/scripts/run.py --config configs/singletask_mrpc_real.yaml --set model.backbone_backend=hf --set model.hf_load_pretrained=true --set model.backbone=roberta --set model.hf_pretrained_name=roberta-base --set model.expert_type=lora --set model.routing_mode=topk --set model.num_experts=4 --set model.top_k=2 --set seed=3 --set method.name=ours --set train.steps=150 --set train.eval_every_steps=50 --set method.ours.use_load_norm=true --set method.ours.lambda_align=1.062697287e-05 --set train.grad_clip=0.5039649002 --set train.lr=2.652769064e-05 --set train.weight_decay=0.04145867636 --out /home/zhujjing/MOE-grad-conflict-routing/runs/paper_suite/single_gpu/single_task/roberta_mrpc_lora_e4_k2/hpo/ours/trial_runs/coord_04_method_ours_lambda_align_020/ours_s3.json --curve_out /home/zhujjing/MOE-grad-conflict-routing/runs/paper_suite/single_gpu/single_task/roberta_mrpc_lora_e4_k2/hpo/ours/trial_runs/coord_04_method_ours_lambda_align_020/ours_s3_curve.csv
Using the latest cached version of the dataset since glue couldn't be found on the Hugging Face Hub (offline mode is enabled).
Found the latest cached dataset configuration 'mrpc' at /home/zhujjing/hf_cache/datasets/glue/mrpc/0.0.0/bcdcba79d07bc864c1c254ccfcedcce55bcc9a8c (last modified on Thu Mar 19 15:01:06 2026).
/home/zhujjing/anaconda3/envs/moe/lib/python3.10/site-packages/transformers/utils/hub.py:124: FutureWarning: Using `TRANSFORMERS_CACHE` is deprecated and will be removed in v5 of Transformers. Use `HF_HOME` instead.
  warnings.warn(
Some weights of RobertaModel were not initialized from the model checkpoint at roberta-base and are newly initialized: ['roberta.pooler.dense.bias', 'roberta.pooler.dense.weight']
You should probably TRAIN this model on a down-stream task to be able to use it for predictions and inference.
[step 0001/150] method=ours loss=0.6697 train_acc=nan train_loss=nan val_acc=nan val_loss=nan best=-1.0000
[step 0010/150] method=ours loss=0.7679 train_acc=nan train_loss=nan val_acc=nan val_loss=nan best=-1.0000
[step 0020/150] method=ours loss=0.7249 train_acc=nan train_loss=nan val_acc=nan val_loss=nan best=-1.0000
[step 0030/150] method=ours loss=0.4912 train_acc=nan train_loss=nan val_acc=nan val_loss=nan best=-1.0000
[step 0040/150] method=ours loss=0.5523 train_acc=nan train_loss=nan val_acc=nan val_loss=nan best=-1.0000
[step 0050/150] method=ours loss=0.4079 train_acc=0.7917 train_loss=0.4437 val_acc=0.8015 val_loss=0.4318 router_H=0.6757 best=0.8015
           router_load=[0.12725284695625305, 0.016074910759925842, 0.27968546748161316, 0.5769869685173035]
[step 0060/150] method=ours loss=0.3858 train_acc=0.7917 train_loss=0.4437 val_acc=0.8015 val_loss=0.4318 router_H=0.6757 best=0.8015
           router_load=[0.12725284695625305, 0.016074910759925842, 0.27968546748161316, 0.5769869685173035]
[step 0070/150] method=ours loss=0.2860 train_acc=0.7917 train_loss=0.4437 val_acc=0.8015 val_loss=0.4318 router_H=0.6757 best=0.8015
           router_load=[0.12725284695625305, 0.016074910759925842, 0.27968546748161316, 0.5769869685173035]
[step 0080/150] method=ours loss=0.3667 train_acc=0.7917 train_loss=0.4437 val_acc=0.8015 val_loss=0.4318 router_H=0.6757 best=0.8015
           router_load=[0.12725284695625305, 0.016074910759925842, 0.27968546748161316, 0.5769869685173035]
[step 0090/150] method=ours loss=0.6818 train_acc=0.7917 train_loss=0.4437 val_acc=0.8015 val_loss=0.4318 router_H=0.6757 best=0.8015
           router_load=[0.12725284695625305, 0.016074910759925842, 0.27968546748161316, 0.5769869685173035]
[step 0100/150] method=ours loss=0.6371 train_acc=0.8239 train_loss=0.4273 val_acc=0.8113 val_loss=0.4378 router_H=0.6621 best=0.8113
           router_load=[0.15960995852947235, 0.0, 0.22438248991966248, 0.6160075664520264]
[step 0110/150] method=ours loss=0.5198 train_acc=0.8239 train_loss=0.4273 val_acc=0.8113 val_loss=0.4378 router_H=0.6621 best=0.8113
           router_load=[0.15960995852947235, 0.0, 0.22438248991966248, 0.6160075664520264]
[step 0120/150] method=ours loss=0.3956 train_acc=0.8239 train_loss=0.4273 val_acc=0.8113 val_loss=0.4378 router_H=0.6621 best=0.8113
           router_load=[0.15960995852947235, 0.0, 0.22438248991966248, 0.6160075664520264]
[step 0130/150] method=ours loss=0.3775 train_acc=0.8239 train_loss=0.4273 val_acc=0.8113 val_loss=0.4378 router_H=0.6621 best=0.8113
           router_load=[0.15960995852947235, 0.0, 0.22438248991966248, 0.6160075664520264]
[step 0140/150] method=ours loss=0.4681 train_acc=0.8239 train_loss=0.4273 val_acc=0.8113 val_loss=0.4378 router_H=0.6621 best=0.8113
           router_load=[0.15960995852947235, 0.0, 0.22438248991966248, 0.6160075664520264]
[step 0150/150] method=ours loss=0.5519 train_acc=0.8252 train_loss=0.4412 val_acc=0.8186 val_loss=0.4404 router_H=0.6157 best=0.8186
           router_load=[0.19957204163074493, 0.0008867053547874093, 0.11668059229850769, 0.6828607320785522]
saved summary -> /home/zhujjing/MOE-grad-conflict-routing/runs/paper_suite/single_gpu/single_task/roberta_mrpc_lora_e4_k2/hpo/ours/trial_runs/coord_04_method_ours_lambda_align_020/ours_s3.json
saved curve -> /home/zhujjing/MOE-grad-conflict-routing/runs/paper_suite/single_gpu/single_task/roberta_mrpc_lora_e4_k2/hpo/ours/trial_runs/coord_04_method_ours_lambda_align_020/ours_s3_curve.csv
