[run] method=ours candidate=coord_04_method_ours_lambda_align_011 seed=3 steps=150 gpu=0
[run] cmd=
/home/zhujjing/anaconda3/envs/moe/bin/python /home/zhujjing/MOE-grad-conflict-routing/scripts/run.py --config configs/singletask_mrpc_real.yaml --set model.backbone_backend=hf --set model.hf_load_pretrained=true --set model.backbone=roberta --set model.hf_pretrained_name=roberta-base --set model.expert_type=lora --set model.routing_mode=topk --set model.num_experts=4 --set model.top_k=2 --set seed=3 --set method.name=ours --set train.steps=150 --set train.eval_every_steps=50 --set method.ours.use_load_norm=true --set method.ours.lambda_align=1.267277776e-05 --set train.grad_clip=0.5039649002 --set train.lr=2.652769064e-05 --set train.weight_decay=0.04145867636 --out /home/zhujjing/MOE-grad-conflict-routing/runs/paper_suite/single_gpu/single_task/roberta_mrpc_lora_e4_k2/hpo/ours/trial_runs/coord_04_method_ours_lambda_align_011/ours_s3.json --curve_out /home/zhujjing/MOE-grad-conflict-routing/runs/paper_suite/single_gpu/single_task/roberta_mrpc_lora_e4_k2/hpo/ours/trial_runs/coord_04_method_ours_lambda_align_011/ours_s3_curve.csv
Using the latest cached version of the dataset since glue couldn't be found on the Hugging Face Hub (offline mode is enabled).
Found the latest cached dataset configuration 'mrpc' at /home/zhujjing/hf_cache/datasets/glue/mrpc/0.0.0/bcdcba79d07bc864c1c254ccfcedcce55bcc9a8c (last modified on Thu Mar 19 15:01:06 2026).
/home/zhujjing/anaconda3/envs/moe/lib/python3.10/site-packages/transformers/utils/hub.py:124: FutureWarning: Using `TRANSFORMERS_CACHE` is deprecated and will be removed in v5 of Transformers. Use `HF_HOME` instead.
  warnings.warn(
Some weights of RobertaModel were not initialized from the model checkpoint at roberta-base and are newly initialized: ['roberta.pooler.dense.bias', 'roberta.pooler.dense.weight']
You should probably TRAIN this model on a down-stream task to be able to use it for predictions and inference.
[step 0001/150] method=ours loss=0.7021 train_acc=nan train_loss=nan val_acc=nan val_loss=nan best=-1.0000
[step 0010/150] method=ours loss=0.7844 train_acc=nan train_loss=nan val_acc=nan val_loss=nan best=-1.0000
[step 0020/150] method=ours loss=0.6041 train_acc=nan train_loss=nan val_acc=nan val_loss=nan best=-1.0000
[step 0030/150] method=ours loss=0.5407 train_acc=nan train_loss=nan val_acc=nan val_loss=nan best=-1.0000
[step 0040/150] method=ours loss=0.5863 train_acc=nan train_loss=nan val_acc=nan val_loss=nan best=-1.0000
[step 0050/150] method=ours loss=0.3731 train_acc=0.7879 train_loss=0.4368 val_acc=0.7990 val_loss=0.4304 router_H=0.6847 best=0.7990
           router_load=[0.205827996134758, 0.0, 0.3911120891571045, 0.4030598998069763]
[step 0060/150] method=ours loss=0.4764 train_acc=0.7879 train_loss=0.4368 val_acc=0.7990 val_loss=0.4304 router_H=0.6847 best=0.7990
           router_load=[0.205827996134758, 0.0, 0.3911120891571045, 0.4030598998069763]
[step 0070/150] method=ours loss=0.2657 train_acc=0.7879 train_loss=0.4368 val_acc=0.7990 val_loss=0.4304 router_H=0.6847 best=0.7990
           router_load=[0.205827996134758, 0.0, 0.3911120891571045, 0.4030598998069763]
[step 0080/150] method=ours loss=0.5930 train_acc=0.7879 train_loss=0.4368 val_acc=0.7990 val_loss=0.4304 router_H=0.6847 best=0.7990
           router_load=[0.205827996134758, 0.0, 0.3911120891571045, 0.4030598998069763]
[step 0090/150] method=ours loss=0.5528 train_acc=0.7879 train_loss=0.4368 val_acc=0.7990 val_loss=0.4304 router_H=0.6847 best=0.7990
           router_load=[0.205827996134758, 0.0, 0.3911120891571045, 0.4030598998069763]
[step 0100/150] method=ours loss=0.4742 train_acc=0.8157 train_loss=0.4142 val_acc=0.8113 val_loss=0.4223 router_H=0.6865 best=0.8113
           router_load=[0.23616160452365875, 0.0, 0.3998967111110687, 0.36394166946411133]
[step 0110/150] method=ours loss=0.5534 train_acc=0.8157 train_loss=0.4142 val_acc=0.8113 val_loss=0.4223 router_H=0.6865 best=0.8113
           router_load=[0.23616160452365875, 0.0, 0.3998967111110687, 0.36394166946411133]
[step 0120/150] method=ours loss=0.3190 train_acc=0.8157 train_loss=0.4142 val_acc=0.8113 val_loss=0.4223 router_H=0.6865 best=0.8113
           router_load=[0.23616160452365875, 0.0, 0.3998967111110687, 0.36394166946411133]
[step 0130/150] method=ours loss=0.3954 train_acc=0.8157 train_loss=0.4142 val_acc=0.8113 val_loss=0.4223 router_H=0.6865 best=0.8113
           router_load=[0.23616160452365875, 0.0, 0.3998967111110687, 0.36394166946411133]
[step 0140/150] method=ours loss=0.5348 train_acc=0.8157 train_loss=0.4142 val_acc=0.8113 val_loss=0.4223 router_H=0.6865 best=0.8113
           router_load=[0.23616160452365875, 0.0, 0.3998967111110687, 0.36394166946411133]
[step 0150/150] method=ours loss=0.5013 train_acc=0.8659 train_loss=0.3330 val_acc=0.8456 val_loss=0.3486 router_H=0.6808 best=0.8456
           router_load=[0.13497133553028107, 0.0026597047690302134, 0.49095550179481506, 0.3714134097099304]
saved summary -> /home/zhujjing/MOE-grad-conflict-routing/runs/paper_suite/single_gpu/single_task/roberta_mrpc_lora_e4_k2/hpo/ours/trial_runs/coord_04_method_ours_lambda_align_011/ours_s3.json
saved curve -> /home/zhujjing/MOE-grad-conflict-routing/runs/paper_suite/single_gpu/single_task/roberta_mrpc_lora_e4_k2/hpo/ours/trial_runs/coord_04_method_ours_lambda_align_011/ours_s3_curve.csv
