[run] method=ours candidate=coord_04_method_ours_lambda_align_008 seed=2 steps=150 gpu=0
[run] cmd=
/home/zhujjing/anaconda3/envs/moe/bin/python /home/zhujjing/MOE-grad-conflict-routing/scripts/run.py --config configs/singletask_mrpc_real.yaml --set model.backbone_backend=hf --set model.hf_load_pretrained=true --set model.backbone=roberta --set model.hf_pretrained_name=roberta-base --set model.expert_type=lora --set model.routing_mode=topk --set model.num_experts=4 --set model.top_k=2 --set seed=2 --set method.name=ours --set train.steps=150 --set train.eval_every_steps=50 --set method.ours.use_load_norm=true --set method.ours.lambda_align=0.0001328949179 --set train.grad_clip=0.5039649002 --set train.lr=2.652769064e-05 --set train.weight_decay=0.04145867636 --out /home/zhujjing/MOE-grad-conflict-routing/runs/paper_suite/single_gpu/single_task/roberta_mrpc_lora_e4_k2/hpo/ours/trial_runs/coord_04_method_ours_lambda_align_008/ours_s2.json --curve_out /home/zhujjing/MOE-grad-conflict-routing/runs/paper_suite/single_gpu/single_task/roberta_mrpc_lora_e4_k2/hpo/ours/trial_runs/coord_04_method_ours_lambda_align_008/ours_s2_curve.csv
Using the latest cached version of the dataset since glue couldn't be found on the Hugging Face Hub (offline mode is enabled).
Found the latest cached dataset configuration 'mrpc' at /home/zhujjing/hf_cache/datasets/glue/mrpc/0.0.0/bcdcba79d07bc864c1c254ccfcedcce55bcc9a8c (last modified on Thu Mar 19 15:01:06 2026).
/home/zhujjing/anaconda3/envs/moe/lib/python3.10/site-packages/transformers/utils/hub.py:124: FutureWarning: Using `TRANSFORMERS_CACHE` is deprecated and will be removed in v5 of Transformers. Use `HF_HOME` instead.
  warnings.warn(
Some weights of RobertaModel were not initialized from the model checkpoint at roberta-base and are newly initialized: ['roberta.pooler.dense.bias', 'roberta.pooler.dense.weight']
You should probably TRAIN this model on a down-stream task to be able to use it for predictions and inference.
[step 0001/150] method=ours loss=0.7025 train_acc=nan train_loss=nan val_acc=nan val_loss=nan best=-1.0000
[step 0010/150] method=ours loss=0.7518 train_acc=nan train_loss=nan val_acc=nan val_loss=nan best=-1.0000
[step 0020/150] method=ours loss=0.5337 train_acc=nan train_loss=nan val_acc=nan val_loss=nan best=-1.0000
[step 0030/150] method=ours loss=0.6780 train_acc=nan train_loss=nan val_acc=nan val_loss=nan best=-1.0000
[step 0040/150] method=ours loss=0.4844 train_acc=nan train_loss=nan val_acc=nan val_loss=nan best=-1.0000
[step 0050/150] method=ours loss=0.4982 train_acc=0.7767 train_loss=0.4849 val_acc=0.7892 val_loss=0.4773 router_H=0.6502 best=0.7892
           router_load=[0.15741874277591705, 0.061285097151994705, 0.6417781710624695, 0.13951799273490906]
[step 0060/150] method=ours loss=0.7117 train_acc=0.7767 train_loss=0.4849 val_acc=0.7892 val_loss=0.4773 router_H=0.6502 best=0.7892
           router_load=[0.15741874277591705, 0.061285097151994705, 0.6417781710624695, 0.13951799273490906]
[step 0070/150] method=ours loss=0.3248 train_acc=0.7767 train_loss=0.4849 val_acc=0.7892 val_loss=0.4773 router_H=0.6502 best=0.7892
           router_load=[0.15741874277591705, 0.061285097151994705, 0.6417781710624695, 0.13951799273490906]
[step 0080/150] method=ours loss=0.4012 train_acc=0.7767 train_loss=0.4849 val_acc=0.7892 val_loss=0.4773 router_H=0.6502 best=0.7892
           router_load=[0.15741874277591705, 0.061285097151994705, 0.6417781710624695, 0.13951799273490906]
[step 0090/150] method=ours loss=0.3037 train_acc=0.7767 train_loss=0.4849 val_acc=0.7892 val_loss=0.4773 router_H=0.6502 best=0.7892
           router_load=[0.15741874277591705, 0.061285097151994705, 0.6417781710624695, 0.13951799273490906]
[step 0100/150] method=ours loss=0.4467 train_acc=0.8345 train_loss=0.4042 val_acc=0.8333 val_loss=0.4021 router_H=0.6700 best=0.8333
           router_load=[0.1541433483362198, 0.12074903398752213, 0.6047976016998291, 0.120309978723526]
[step 0110/150] method=ours loss=0.6890 train_acc=0.8345 train_loss=0.4042 val_acc=0.8333 val_loss=0.4021 router_H=0.6700 best=0.8333
           router_load=[0.1541433483362198, 0.12074903398752213, 0.6047976016998291, 0.120309978723526]
[step 0120/150] method=ours loss=0.2219 train_acc=0.8345 train_loss=0.4042 val_acc=0.8333 val_loss=0.4021 router_H=0.6700 best=0.8333
           router_load=[0.1541433483362198, 0.12074903398752213, 0.6047976016998291, 0.120309978723526]
[step 0130/150] method=ours loss=0.4996 train_acc=0.8345 train_loss=0.4042 val_acc=0.8333 val_loss=0.4021 router_H=0.6700 best=0.8333
           router_load=[0.1541433483362198, 0.12074903398752213, 0.6047976016998291, 0.120309978723526]
[step 0140/150] method=ours loss=0.3716 train_acc=0.8345 train_loss=0.4042 val_acc=0.8333 val_loss=0.4021 router_H=0.6700 best=0.8333
           router_load=[0.1541433483362198, 0.12074903398752213, 0.6047976016998291, 0.120309978723526]
[step 0150/150] method=ours loss=0.7042 train_acc=0.8591 train_loss=0.3552 val_acc=0.8627 val_loss=0.3779 router_H=0.6805 best=0.8627
           router_load=[0.11528529226779938, 0.029374808073043823, 0.5627700090408325, 0.2925698459148407]
saved summary -> /home/zhujjing/MOE-grad-conflict-routing/runs/paper_suite/single_gpu/single_task/roberta_mrpc_lora_e4_k2/hpo/ours/trial_runs/coord_04_method_ours_lambda_align_008/ours_s2.json
saved curve -> /home/zhujjing/MOE-grad-conflict-routing/runs/paper_suite/single_gpu/single_task/roberta_mrpc_lora_e4_k2/hpo/ours/trial_runs/coord_04_method_ours_lambda_align_008/ours_s2_curve.csv
