[run] method=ours candidate=coord_04_method_ours_lambda_align_001 seed=2 steps=150 gpu=0
[run] cmd=
/home/zhujjing/anaconda3/envs/moe/bin/python /home/zhujjing/MOE-grad-conflict-routing/scripts/run.py --config configs/singletask_mrpc_real.yaml --set model.backbone_backend=hf --set model.hf_load_pretrained=true --set model.backbone=roberta --set model.hf_pretrained_name=roberta-base --set model.expert_type=lora --set model.routing_mode=topk --set model.num_experts=4 --set model.top_k=2 --set seed=2 --set method.name=ours --set train.steps=150 --set train.eval_every_steps=50 --set method.ours.use_load_norm=true --set method.ours.lambda_align=0.001234687834 --set train.grad_clip=0.5039649002 --set train.lr=2.652769064e-05 --set train.weight_decay=0.04145867636 --out /home/zhujjing/MOE-grad-conflict-routing/runs/paper_suite/single_gpu/single_task/roberta_mrpc_lora_e4_k2/hpo/ours/trial_runs/coord_04_method_ours_lambda_align_001/ours_s2.json --curve_out /home/zhujjing/MOE-grad-conflict-routing/runs/paper_suite/single_gpu/single_task/roberta_mrpc_lora_e4_k2/hpo/ours/trial_runs/coord_04_method_ours_lambda_align_001/ours_s2_curve.csv
Using the latest cached version of the dataset since glue couldn't be found on the Hugging Face Hub (offline mode is enabled).
Found the latest cached dataset configuration 'mrpc' at /home/zhujjing/hf_cache/datasets/glue/mrpc/0.0.0/bcdcba79d07bc864c1c254ccfcedcce55bcc9a8c (last modified on Thu Mar 19 15:01:06 2026).
/home/zhujjing/anaconda3/envs/moe/lib/python3.10/site-packages/transformers/utils/hub.py:124: FutureWarning: Using `TRANSFORMERS_CACHE` is deprecated and will be removed in v5 of Transformers. Use `HF_HOME` instead.
  warnings.warn(
Some weights of RobertaModel were not initialized from the model checkpoint at roberta-base and are newly initialized: ['roberta.pooler.dense.bias', 'roberta.pooler.dense.weight']
You should probably TRAIN this model on a down-stream task to be able to use it for predictions and inference.
[step 0001/150] method=ours loss=0.7148 train_acc=nan train_loss=nan val_acc=nan val_loss=nan best=-1.0000
[step 0010/150] method=ours loss=0.7127 train_acc=nan train_loss=nan val_acc=nan val_loss=nan best=-1.0000
[step 0020/150] method=ours loss=0.5805 train_acc=nan train_loss=nan val_acc=nan val_loss=nan best=-1.0000
[step 0030/150] method=ours loss=0.6685 train_acc=nan train_loss=nan val_acc=nan val_loss=nan best=-1.0000
[step 0040/150] method=ours loss=0.5389 train_acc=nan train_loss=nan val_acc=nan val_loss=nan best=-1.0000
[step 0050/150] method=ours loss=0.4379 train_acc=0.7571 train_loss=0.4788 val_acc=0.7574 val_loss=0.4769 router_H=0.6899 best=0.7574
           router_load=[0.11138387769460678, 0.06175768002867699, 0.5160535573959351, 0.3108047842979431]
[step 0060/150] method=ours loss=0.6179 train_acc=0.7571 train_loss=0.4788 val_acc=0.7574 val_loss=0.4769 router_H=0.6899 best=0.7574
           router_load=[0.11138387769460678, 0.06175768002867699, 0.5160535573959351, 0.3108047842979431]
[step 0070/150] method=ours loss=0.3231 train_acc=0.7571 train_loss=0.4788 val_acc=0.7574 val_loss=0.4769 router_H=0.6899 best=0.7574
           router_load=[0.11138387769460678, 0.06175768002867699, 0.5160535573959351, 0.3108047842979431]
[step 0080/150] method=ours loss=0.3755 train_acc=0.7571 train_loss=0.4788 val_acc=0.7574 val_loss=0.4769 router_H=0.6899 best=0.7574
           router_load=[0.11138387769460678, 0.06175768002867699, 0.5160535573959351, 0.3108047842979431]
[step 0090/150] method=ours loss=0.3455 train_acc=0.7571 train_loss=0.4788 val_acc=0.7574 val_loss=0.4769 router_H=0.6899 best=0.7574
           router_load=[0.11138387769460678, 0.06175768002867699, 0.5160535573959351, 0.3108047842979431]
[step 0100/150] method=ours loss=0.5178 train_acc=0.8411 train_loss=0.4231 val_acc=0.8235 val_loss=0.4272 router_H=0.6912 best=0.8235
           router_load=[0.11680431663990021, 0.25342437624931335, 0.47819283604621887, 0.1515784114599228]
[step 0110/150] method=ours loss=0.6036 train_acc=0.8411 train_loss=0.4231 val_acc=0.8235 val_loss=0.4272 router_H=0.6912 best=0.8235
           router_load=[0.11680431663990021, 0.25342437624931335, 0.47819283604621887, 0.1515784114599228]
[step 0120/150] method=ours loss=0.4044 train_acc=0.8411 train_loss=0.4231 val_acc=0.8235 val_loss=0.4272 router_H=0.6912 best=0.8235
           router_load=[0.11680431663990021, 0.25342437624931335, 0.47819283604621887, 0.1515784114599228]
[step 0130/150] method=ours loss=0.5955 train_acc=0.8411 train_loss=0.4231 val_acc=0.8235 val_loss=0.4272 router_H=0.6912 best=0.8235
           router_load=[0.11680431663990021, 0.25342437624931335, 0.47819283604621887, 0.1515784114599228]
[step 0140/150] method=ours loss=0.3917 train_acc=0.8411 train_loss=0.4231 val_acc=0.8235 val_loss=0.4272 router_H=0.6912 best=0.8235
           router_load=[0.11680431663990021, 0.25342437624931335, 0.47819283604621887, 0.1515784114599228]
[step 0150/150] method=ours loss=0.7157 train_acc=0.8566 train_loss=0.4836 val_acc=0.8358 val_loss=0.5394 router_H=0.6907 best=0.8358
           router_load=[0.15992800891399384, 0.31506094336509705, 0.42604315280914307, 0.09896793216466904]
saved summary -> /home/zhujjing/MOE-grad-conflict-routing/runs/paper_suite/single_gpu/single_task/roberta_mrpc_lora_e4_k2/hpo/ours/trial_runs/coord_04_method_ours_lambda_align_001/ours_s2.json
saved curve -> /home/zhujjing/MOE-grad-conflict-routing/runs/paper_suite/single_gpu/single_task/roberta_mrpc_lora_e4_k2/hpo/ours/trial_runs/coord_04_method_ours_lambda_align_001/ours_s2_curve.csv
