[run] method=ours candidate=coord_04_method_ours_lambda_align_000 seed=2 steps=150 gpu=0
[run] cmd=
/home/zhujjing/anaconda3/envs/moe/bin/python /home/zhujjing/MOE-grad-conflict-routing/scripts/run.py --config configs/singletask_mrpc_real.yaml --set model.backbone_backend=hf --set model.hf_load_pretrained=true --set model.backbone=roberta --set model.hf_pretrained_name=roberta-base --set model.expert_type=lora --set model.routing_mode=topk --set model.num_experts=4 --set model.top_k=2 --set seed=2 --set method.name=ours --set train.steps=150 --set train.eval_every_steps=50 --set method.ours.use_load_norm=true --set method.ours.lambda_align=0.0002085502775 --set train.grad_clip=0.5039649002 --set train.lr=2.652769064e-05 --set train.weight_decay=0.04145867636 --out /home/zhujjing/MOE-grad-conflict-routing/runs/paper_suite/single_gpu/single_task/roberta_mrpc_lora_e4_k2/hpo/ours/trial_runs/coord_04_method_ours_lambda_align_000/ours_s2.json --curve_out /home/zhujjing/MOE-grad-conflict-routing/runs/paper_suite/single_gpu/single_task/roberta_mrpc_lora_e4_k2/hpo/ours/trial_runs/coord_04_method_ours_lambda_align_000/ours_s2_curve.csv
Using the latest cached version of the dataset since glue couldn't be found on the Hugging Face Hub (offline mode is enabled).
Found the latest cached dataset configuration 'mrpc' at /home/zhujjing/hf_cache/datasets/glue/mrpc/0.0.0/bcdcba79d07bc864c1c254ccfcedcce55bcc9a8c (last modified on Thu Mar 19 15:01:06 2026).
/home/zhujjing/anaconda3/envs/moe/lib/python3.10/site-packages/transformers/utils/hub.py:124: FutureWarning: Using `TRANSFORMERS_CACHE` is deprecated and will be removed in v5 of Transformers. Use `HF_HOME` instead.
  warnings.warn(
Some weights of RobertaModel were not initialized from the model checkpoint at roberta-base and are newly initialized: ['roberta.pooler.dense.bias', 'roberta.pooler.dense.weight']
You should probably TRAIN this model on a down-stream task to be able to use it for predictions and inference.
[step 0001/150] method=ours loss=0.7178 train_acc=nan train_loss=nan val_acc=nan val_loss=nan best=-1.0000
[step 0010/150] method=ours loss=0.6662 train_acc=nan train_loss=nan val_acc=nan val_loss=nan best=-1.0000
[step 0020/150] method=ours loss=0.6125 train_acc=nan train_loss=nan val_acc=nan val_loss=nan best=-1.0000
[step 0030/150] method=ours loss=0.6488 train_acc=nan train_loss=nan val_acc=nan val_loss=nan best=-1.0000
[step 0040/150] method=ours loss=0.5241 train_acc=nan train_loss=nan val_acc=nan val_loss=nan best=-1.0000
[step 0050/150] method=ours loss=0.5411 train_acc=0.7334 train_loss=0.5330 val_acc=0.7426 val_loss=0.5290 router_H=0.6896 best=0.7426
           router_load=[0.17583459615707397, 0.07494207471609116, 0.4944186806678772, 0.2548045516014099]
[step 0060/150] method=ours loss=0.6314 train_acc=0.7334 train_loss=0.5330 val_acc=0.7426 val_loss=0.5290 router_H=0.6896 best=0.7426
           router_load=[0.17583459615707397, 0.07494207471609116, 0.4944186806678772, 0.2548045516014099]
[step 0070/150] method=ours loss=0.3653 train_acc=0.7334 train_loss=0.5330 val_acc=0.7426 val_loss=0.5290 router_H=0.6896 best=0.7426
           router_load=[0.17583459615707397, 0.07494207471609116, 0.4944186806678772, 0.2548045516014099]
[step 0080/150] method=ours loss=0.4816 train_acc=0.7334 train_loss=0.5330 val_acc=0.7426 val_loss=0.5290 router_H=0.6896 best=0.7426
           router_load=[0.17583459615707397, 0.07494207471609116, 0.4944186806678772, 0.2548045516014099]
[step 0090/150] method=ours loss=0.4658 train_acc=0.7334 train_loss=0.5330 val_acc=0.7426 val_loss=0.5290 router_H=0.6896 best=0.7426
           router_load=[0.17583459615707397, 0.07494207471609116, 0.4944186806678772, 0.2548045516014099]
[step 0100/150] method=ours loss=0.5196 train_acc=0.8326 train_loss=0.3934 val_acc=0.8137 val_loss=0.4052 router_H=0.6866 best=0.8137
           router_load=[0.09353769570589066, 0.15606661140918732, 0.3307417929172516, 0.4196539521217346]
[step 0110/150] method=ours loss=0.8431 train_acc=0.8326 train_loss=0.3934 val_acc=0.8137 val_loss=0.4052 router_H=0.6866 best=0.8137
           router_load=[0.09353769570589066, 0.15606661140918732, 0.3307417929172516, 0.4196539521217346]
[step 0120/150] method=ours loss=0.2746 train_acc=0.8326 train_loss=0.3934 val_acc=0.8137 val_loss=0.4052 router_H=0.6866 best=0.8137
           router_load=[0.09353769570589066, 0.15606661140918732, 0.3307417929172516, 0.4196539521217346]
[step 0130/150] method=ours loss=0.5574 train_acc=0.8326 train_loss=0.3934 val_acc=0.8137 val_loss=0.4052 router_H=0.6866 best=0.8137
           router_load=[0.09353769570589066, 0.15606661140918732, 0.3307417929172516, 0.4196539521217346]
[step 0140/150] method=ours loss=0.3147 train_acc=0.8326 train_loss=0.3934 val_acc=0.8137 val_loss=0.4052 router_H=0.6866 best=0.8137
           router_load=[0.09353769570589066, 0.15606661140918732, 0.3307417929172516, 0.4196539521217346]
[step 0150/150] method=ours loss=1.0330 train_acc=0.8465 train_loss=0.4236 val_acc=0.8407 val_loss=0.4583 router_H=0.6840 best=0.8407
           router_load=[0.0030511305667459965, 0.38665711879730225, 0.42597466707229614, 0.18431712687015533]
saved summary -> /home/zhujjing/MOE-grad-conflict-routing/runs/paper_suite/single_gpu/single_task/roberta_mrpc_lora_e4_k2/hpo/ours/trial_runs/coord_04_method_ours_lambda_align_000/ours_s2.json
saved curve -> /home/zhujjing/MOE-grad-conflict-routing/runs/paper_suite/single_gpu/single_task/roberta_mrpc_lora_e4_k2/hpo/ours/trial_runs/coord_04_method_ours_lambda_align_000/ours_s2_curve.csv
