[run] method=ours candidate=coord_04_method_ours_lambda_align_013 seed=2 steps=150 gpu=0
[run] cmd=
/home/zhujjing/anaconda3/envs/moe/bin/python /home/zhujjing/MOE-grad-conflict-routing/scripts/run.py --config configs/singletask_mrpc_real.yaml --set model.backbone_backend=hf --set model.hf_load_pretrained=true --set model.backbone=roberta --set model.hf_pretrained_name=roberta-base --set model.expert_type=lora --set model.routing_mode=topk --set model.num_experts=4 --set model.top_k=2 --set seed=2 --set method.name=ours --set train.steps=150 --set train.eval_every_steps=50 --set method.ours.use_load_norm=true --set method.ours.lambda_align=1.418221809e-05 --set train.grad_clip=0.5039649002 --set train.lr=2.652769064e-05 --set train.weight_decay=0.04145867636 --out /home/zhujjing/MOE-grad-conflict-routing/runs/paper_suite/single_gpu/single_task/roberta_mrpc_lora_e4_k2/hpo/ours/trial_runs/coord_04_method_ours_lambda_align_013/ours_s2.json --curve_out /home/zhujjing/MOE-grad-conflict-routing/runs/paper_suite/single_gpu/single_task/roberta_mrpc_lora_e4_k2/hpo/ours/trial_runs/coord_04_method_ours_lambda_align_013/ours_s2_curve.csv
Using the latest cached version of the dataset since glue couldn't be found on the Hugging Face Hub (offline mode is enabled).
Found the latest cached dataset configuration 'mrpc' at /home/zhujjing/hf_cache/datasets/glue/mrpc/0.0.0/bcdcba79d07bc864c1c254ccfcedcce55bcc9a8c (last modified on Thu Mar 19 15:01:06 2026).
/home/zhujjing/anaconda3/envs/moe/lib/python3.10/site-packages/transformers/utils/hub.py:124: FutureWarning: Using `TRANSFORMERS_CACHE` is deprecated and will be removed in v5 of Transformers. Use `HF_HOME` instead.
  warnings.warn(
Some weights of RobertaModel were not initialized from the model checkpoint at roberta-base and are newly initialized: ['roberta.pooler.dense.bias', 'roberta.pooler.dense.weight']
You should probably TRAIN this model on a down-stream task to be able to use it for predictions and inference.
[step 0001/150] method=ours loss=0.7177 train_acc=nan train_loss=nan val_acc=nan val_loss=nan best=-1.0000
[step 0010/150] method=ours loss=0.6977 train_acc=nan train_loss=nan val_acc=nan val_loss=nan best=-1.0000
[step 0020/150] method=ours loss=0.5125 train_acc=nan train_loss=nan val_acc=nan val_loss=nan best=-1.0000
[step 0030/150] method=ours loss=0.5380 train_acc=nan train_loss=nan val_acc=nan val_loss=nan best=-1.0000
[step 0040/150] method=ours loss=0.5326 train_acc=nan train_loss=nan val_acc=nan val_loss=nan best=-1.0000
[step 0050/150] method=ours loss=0.5119 train_acc=0.7516 train_loss=0.5062 val_acc=0.7525 val_loss=0.5043 router_H=0.6925 best=0.7525
           router_load=[0.4497733414173126, 0.11974069476127625, 0.0011969730257987976, 0.4292890131473541]
[step 0060/150] method=ours loss=0.6301 train_acc=0.7516 train_loss=0.5062 val_acc=0.7525 val_loss=0.5043 router_H=0.6925 best=0.7525
           router_load=[0.4497733414173126, 0.11974069476127625, 0.0011969730257987976, 0.4292890131473541]
[step 0070/150] method=ours loss=0.4049 train_acc=0.7516 train_loss=0.5062 val_acc=0.7525 val_loss=0.5043 router_H=0.6925 best=0.7525
           router_load=[0.4497733414173126, 0.11974069476127625, 0.0011969730257987976, 0.4292890131473541]
[step 0080/150] method=ours loss=0.4847 train_acc=0.7516 train_loss=0.5062 val_acc=0.7525 val_loss=0.5043 router_H=0.6925 best=0.7525
           router_load=[0.4497733414173126, 0.11974069476127625, 0.0011969730257987976, 0.4292890131473541]
[step 0090/150] method=ours loss=0.4145 train_acc=0.7516 train_loss=0.5062 val_acc=0.7525 val_loss=0.5043 router_H=0.6925 best=0.7525
           router_load=[0.4497733414173126, 0.11974069476127625, 0.0011969730257987976, 0.4292890131473541]
[step 0100/150] method=ours loss=0.5236 train_acc=0.8187 train_loss=0.4531 val_acc=0.8064 val_loss=0.4518 router_H=0.6906 best=0.8064
           router_load=[0.5187351107597351, 0.15119849145412445, 0.0022899259347468615, 0.32777640223503113]
[step 0110/150] method=ours loss=0.7168 train_acc=0.8187 train_loss=0.4531 val_acc=0.8064 val_loss=0.4518 router_H=0.6906 best=0.8064
           router_load=[0.5187351107597351, 0.15119849145412445, 0.0022899259347468615, 0.32777640223503113]
[step 0120/150] method=ours loss=0.3127 train_acc=0.8187 train_loss=0.4531 val_acc=0.8064 val_loss=0.4518 router_H=0.6906 best=0.8064
           router_load=[0.5187351107597351, 0.15119849145412445, 0.0022899259347468615, 0.32777640223503113]
[step 0130/150] method=ours loss=0.5439 train_acc=0.8187 train_loss=0.4531 val_acc=0.8064 val_loss=0.4518 router_H=0.6906 best=0.8064
           router_load=[0.5187351107597351, 0.15119849145412445, 0.0022899259347468615, 0.32777640223503113]
[step 0140/150] method=ours loss=0.3031 train_acc=0.8187 train_loss=0.4531 val_acc=0.8064 val_loss=0.4518 router_H=0.6906 best=0.8064
           router_load=[0.5187351107597351, 0.15119849145412445, 0.0022899259347468615, 0.32777640223503113]
[step 0150/150] method=ours loss=0.7520 train_acc=0.8503 train_loss=0.3746 val_acc=0.8431 val_loss=0.3847 router_H=0.6831 best=0.8431
           router_load=[0.3158336579799652, 0.42382022738456726, 0.13944175839424133, 0.1209043487906456]
saved summary -> /home/zhujjing/MOE-grad-conflict-routing/runs/paper_suite/single_gpu/single_task/roberta_mrpc_lora_e4_k2/hpo/ours/trial_runs/coord_04_method_ours_lambda_align_013/ours_s2.json
saved curve -> /home/zhujjing/MOE-grad-conflict-routing/runs/paper_suite/single_gpu/single_task/roberta_mrpc_lora_e4_k2/hpo/ours/trial_runs/coord_04_method_ours_lambda_align_013/ours_s2_curve.csv
