[run] method=ours candidate=coord_04_method_ours_lambda_align_022 seed=3 steps=150 gpu=0
[run] cmd=
/home/zhujjing/anaconda3/envs/moe/bin/python /home/zhujjing/MOE-grad-conflict-routing/scripts/run.py --config configs/singletask_mrpc_real.yaml --set model.backbone_backend=hf --set model.hf_load_pretrained=true --set model.backbone=roberta --set model.hf_pretrained_name=roberta-base --set model.expert_type=lora --set model.routing_mode=topk --set model.num_experts=4 --set model.top_k=2 --set seed=3 --set method.name=ours --set train.steps=150 --set train.eval_every_steps=50 --set method.ours.use_load_norm=true --set method.ours.lambda_align=0.0004819417029 --set train.grad_clip=0.5039649002 --set train.lr=2.652769064e-05 --set train.weight_decay=0.04145867636 --out /home/zhujjing/MOE-grad-conflict-routing/runs/paper_suite/single_gpu/single_task/roberta_mrpc_lora_e4_k2/hpo/ours/trial_runs/coord_04_method_ours_lambda_align_022/ours_s3.json --curve_out /home/zhujjing/MOE-grad-conflict-routing/runs/paper_suite/single_gpu/single_task/roberta_mrpc_lora_e4_k2/hpo/ours/trial_runs/coord_04_method_ours_lambda_align_022/ours_s3_curve.csv
Using the latest cached version of the dataset since glue couldn't be found on the Hugging Face Hub (offline mode is enabled).
Found the latest cached dataset configuration 'mrpc' at /home/zhujjing/hf_cache/datasets/glue/mrpc/0.0.0/bcdcba79d07bc864c1c254ccfcedcce55bcc9a8c (last modified on Thu Mar 19 15:01:06 2026).
/home/zhujjing/anaconda3/envs/moe/lib/python3.10/site-packages/transformers/utils/hub.py:124: FutureWarning: Using `TRANSFORMERS_CACHE` is deprecated and will be removed in v5 of Transformers. Use `HF_HOME` instead.
  warnings.warn(
Some weights of RobertaModel were not initialized from the model checkpoint at roberta-base and are newly initialized: ['roberta.pooler.dense.bias', 'roberta.pooler.dense.weight']
You should probably TRAIN this model on a down-stream task to be able to use it for predictions and inference.
[step 0001/150] method=ours loss=0.6615 train_acc=nan train_loss=nan val_acc=nan val_loss=nan best=-1.0000
[step 0010/150] method=ours loss=0.7010 train_acc=nan train_loss=nan val_acc=nan val_loss=nan best=-1.0000
[step 0020/150] method=ours loss=0.6546 train_acc=nan train_loss=nan val_acc=nan val_loss=nan best=-1.0000
[step 0030/150] method=ours loss=0.4861 train_acc=nan train_loss=nan val_acc=nan val_loss=nan best=-1.0000
[step 0040/150] method=ours loss=0.5321 train_acc=nan train_loss=nan val_acc=nan val_loss=nan best=-1.0000
[step 0050/150] method=ours loss=0.3011 train_acc=0.8002 train_loss=0.4360 val_acc=0.7966 val_loss=0.4238 router_H=0.6878 best=0.7966
           router_load=[0.4975833594799042, 0.011753901839256287, 0.0, 0.49066266417503357]
[step 0060/150] method=ours loss=0.3947 train_acc=0.8002 train_loss=0.4360 val_acc=0.7966 val_loss=0.4238 router_H=0.6878 best=0.7966
           router_load=[0.4975833594799042, 0.011753901839256287, 0.0, 0.49066266417503357]
[step 0070/150] method=ours loss=0.3539 train_acc=0.8002 train_loss=0.4360 val_acc=0.7966 val_loss=0.4238 router_H=0.6878 best=0.7966
           router_load=[0.4975833594799042, 0.011753901839256287, 0.0, 0.49066266417503357]
[step 0080/150] method=ours loss=0.4140 train_acc=0.8002 train_loss=0.4360 val_acc=0.7966 val_loss=0.4238 router_H=0.6878 best=0.7966
           router_load=[0.4975833594799042, 0.011753901839256287, 0.0, 0.49066266417503357]
[step 0090/150] method=ours loss=0.5946 train_acc=0.8002 train_loss=0.4360 val_acc=0.7966 val_loss=0.4238 router_H=0.6878 best=0.7966
           router_load=[0.4975833594799042, 0.011753901839256287, 0.0, 0.49066266417503357]
[step 0100/150] method=ours loss=0.5845 train_acc=0.8648 train_loss=0.3501 val_acc=0.8578 val_loss=0.3590 router_H=0.6853 best=0.8578
           router_load=[0.46949636936187744, 0.0, 0.0, 0.5305036306381226]
[step 0110/150] method=ours loss=0.4000 train_acc=0.8648 train_loss=0.3501 val_acc=0.8578 val_loss=0.3590 router_H=0.6853 best=0.8578
           router_load=[0.46949636936187744, 0.0, 0.0, 0.5305036306381226]
[step 0120/150] method=ours loss=0.3274 train_acc=0.8648 train_loss=0.3501 val_acc=0.8578 val_loss=0.3590 router_H=0.6853 best=0.8578
           router_load=[0.46949636936187744, 0.0, 0.0, 0.5305036306381226]
[step 0130/150] method=ours loss=0.2247 train_acc=0.8648 train_loss=0.3501 val_acc=0.8578 val_loss=0.3590 router_H=0.6853 best=0.8578
           router_load=[0.46949636936187744, 0.0, 0.0, 0.5305036306381226]
[step 0140/150] method=ours loss=0.5626 train_acc=0.8648 train_loss=0.3501 val_acc=0.8578 val_loss=0.3590 router_H=0.6853 best=0.8578
           router_load=[0.46949636936187744, 0.0, 0.0, 0.5305036306381226]
[step 0150/150] method=ours loss=0.6174 train_acc=0.8233 train_loss=0.3769 val_acc=0.8260 val_loss=0.3905 router_H=0.6606 best=0.8578
           router_load=[0.3161168098449707, 0.08963725715875626, 0.0, 0.5942459106445312]
saved summary -> /home/zhujjing/MOE-grad-conflict-routing/runs/paper_suite/single_gpu/single_task/roberta_mrpc_lora_e4_k2/hpo/ours/trial_runs/coord_04_method_ours_lambda_align_022/ours_s3.json
saved curve -> /home/zhujjing/MOE-grad-conflict-routing/runs/paper_suite/single_gpu/single_task/roberta_mrpc_lora_e4_k2/hpo/ours/trial_runs/coord_04_method_ours_lambda_align_022/ours_s3_curve.csv
