[run] method=ours candidate=coord_04_method_ours_lambda_align_007 seed=2 steps=150 gpu=0
[run] cmd=
/home/zhujjing/anaconda3/envs/moe/bin/python /home/zhujjing/MOE-grad-conflict-routing/scripts/run.py --config configs/singletask_mrpc_real.yaml --set model.backbone_backend=hf --set model.hf_load_pretrained=true --set model.backbone=roberta --set model.hf_pretrained_name=roberta-base --set model.expert_type=lora --set model.routing_mode=topk --set model.num_experts=4 --set model.top_k=2 --set seed=2 --set method.name=ours --set train.steps=150 --set train.eval_every_steps=50 --set method.ours.use_load_norm=true --set method.ours.lambda_align=0.000348192379 --set train.grad_clip=0.5039649002 --set train.lr=2.652769064e-05 --set train.weight_decay=0.04145867636 --out /home/zhujjing/MOE-grad-conflict-routing/runs/paper_suite/single_gpu/single_task/roberta_mrpc_lora_e4_k2/hpo/ours/trial_runs/coord_04_method_ours_lambda_align_007/ours_s2.json --curve_out /home/zhujjing/MOE-grad-conflict-routing/runs/paper_suite/single_gpu/single_task/roberta_mrpc_lora_e4_k2/hpo/ours/trial_runs/coord_04_method_ours_lambda_align_007/ours_s2_curve.csv
Using the latest cached version of the dataset since glue couldn't be found on the Hugging Face Hub (offline mode is enabled).
Found the latest cached dataset configuration 'mrpc' at /home/zhujjing/hf_cache/datasets/glue/mrpc/0.0.0/bcdcba79d07bc864c1c254ccfcedcce55bcc9a8c (last modified on Thu Mar 19 15:01:06 2026).
/home/zhujjing/anaconda3/envs/moe/lib/python3.10/site-packages/transformers/utils/hub.py:124: FutureWarning: Using `TRANSFORMERS_CACHE` is deprecated and will be removed in v5 of Transformers. Use `HF_HOME` instead.
  warnings.warn(
Some weights of RobertaModel were not initialized from the model checkpoint at roberta-base and are newly initialized: ['roberta.pooler.dense.bias', 'roberta.pooler.dense.weight']
You should probably TRAIN this model on a down-stream task to be able to use it for predictions and inference.
[step 0001/150] method=ours loss=0.6937 train_acc=nan train_loss=nan val_acc=nan val_loss=nan best=-1.0000
[step 0010/150] method=ours loss=0.6931 train_acc=nan train_loss=nan val_acc=nan val_loss=nan best=-1.0000
[step 0020/150] method=ours loss=0.6068 train_acc=nan train_loss=nan val_acc=nan val_loss=nan best=-1.0000
[step 0030/150] method=ours loss=0.6574 train_acc=nan train_loss=nan val_acc=nan val_loss=nan best=-1.0000
[step 0040/150] method=ours loss=0.5433 train_acc=nan train_loss=nan val_acc=nan val_loss=nan best=-1.0000
[step 0050/150] method=ours loss=0.5044 train_acc=0.7541 train_loss=0.5213 val_acc=0.7549 val_loss=0.5179 router_H=0.6786 best=0.7549
           router_load=[0.15651550889015198, 0.2579333484172821, 0.5826975107192993, 0.0028536985628306866]
[step 0060/150] method=ours loss=0.6342 train_acc=0.7541 train_loss=0.5213 val_acc=0.7549 val_loss=0.5179 router_H=0.6786 best=0.7549
           router_load=[0.15651550889015198, 0.2579333484172821, 0.5826975107192993, 0.0028536985628306866]
[step 0070/150] method=ours loss=0.4220 train_acc=0.7541 train_loss=0.5213 val_acc=0.7549 val_loss=0.5179 router_H=0.6786 best=0.7549
           router_load=[0.15651550889015198, 0.2579333484172821, 0.5826975107192993, 0.0028536985628306866]
[step 0080/150] method=ours loss=0.4156 train_acc=0.7541 train_loss=0.5213 val_acc=0.7549 val_loss=0.5179 router_H=0.6786 best=0.7549
           router_load=[0.15651550889015198, 0.2579333484172821, 0.5826975107192993, 0.0028536985628306866]
[step 0090/150] method=ours loss=0.3111 train_acc=0.7541 train_loss=0.5213 val_acc=0.7549 val_loss=0.5179 router_H=0.6786 best=0.7549
           router_load=[0.15651550889015198, 0.2579333484172821, 0.5826975107192993, 0.0028536985628306866]
[step 0100/150] method=ours loss=0.5240 train_acc=0.7184 train_loss=0.4949 val_acc=0.7304 val_loss=0.4934 router_H=0.6856 best=0.7549
           router_load=[0.291126549243927, 0.1027265414595604, 0.5533447861671448, 0.05280206725001335]
[step 0110/150] method=ours loss=0.8288 train_acc=0.7184 train_loss=0.4949 val_acc=0.7304 val_loss=0.4934 router_H=0.6856 best=0.7549
           router_load=[0.291126549243927, 0.1027265414595604, 0.5533447861671448, 0.05280206725001335]
[step 0120/150] method=ours loss=0.4870 train_acc=0.7184 train_loss=0.4949 val_acc=0.7304 val_loss=0.4934 router_H=0.6856 best=0.7549
           router_load=[0.291126549243927, 0.1027265414595604, 0.5533447861671448, 0.05280206725001335]
[step 0130/150] method=ours loss=0.5529 train_acc=0.7184 train_loss=0.4949 val_acc=0.7304 val_loss=0.4934 router_H=0.6856 best=0.7549
           router_load=[0.291126549243927, 0.1027265414595604, 0.5533447861671448, 0.05280206725001335]
[step 0140/150] method=ours loss=0.3922 train_acc=0.7184 train_loss=0.4949 val_acc=0.7304 val_loss=0.4934 router_H=0.6856 best=0.7549
           router_load=[0.291126549243927, 0.1027265414595604, 0.5533447861671448, 0.05280206725001335]
[step 0150/150] method=ours loss=0.7941 train_acc=0.8561 train_loss=0.3872 val_acc=0.8603 val_loss=0.3930 router_H=0.6763 best=0.8603
           router_load=[0.10409527271986008, 0.03787379339337349, 0.5868166089057922, 0.2712143659591675]
saved summary -> /home/zhujjing/MOE-grad-conflict-routing/runs/paper_suite/single_gpu/single_task/roberta_mrpc_lora_e4_k2/hpo/ours/trial_runs/coord_04_method_ours_lambda_align_007/ours_s2.json
saved curve -> /home/zhujjing/MOE-grad-conflict-routing/runs/paper_suite/single_gpu/single_task/roberta_mrpc_lora_e4_k2/hpo/ours/trial_runs/coord_04_method_ours_lambda_align_007/ours_s2_curve.csv
