[run] method=ours candidate=coord_04_method_ours_lambda_align_005 seed=2 steps=150 gpu=0
[run] cmd=
/home/zhujjing/anaconda3/envs/moe/bin/python /home/zhujjing/MOE-grad-conflict-routing/scripts/run.py --config configs/singletask_mrpc_real.yaml --set model.backbone_backend=hf --set model.hf_load_pretrained=true --set model.backbone=roberta --set model.hf_pretrained_name=roberta-base --set model.expert_type=lora --set model.routing_mode=topk --set model.num_experts=4 --set model.top_k=2 --set seed=2 --set method.name=ours --set train.steps=150 --set train.eval_every_steps=50 --set method.ours.use_load_norm=true --set method.ours.lambda_align=2.430985345e-05 --set train.grad_clip=0.5039649002 --set train.lr=2.652769064e-05 --set train.weight_decay=0.04145867636 --out /home/zhujjing/MOE-grad-conflict-routing/runs/paper_suite/single_gpu/single_task/roberta_mrpc_lora_e4_k2/hpo/ours/trial_runs/coord_04_method_ours_lambda_align_005/ours_s2.json --curve_out /home/zhujjing/MOE-grad-conflict-routing/runs/paper_suite/single_gpu/single_task/roberta_mrpc_lora_e4_k2/hpo/ours/trial_runs/coord_04_method_ours_lambda_align_005/ours_s2_curve.csv
Using the latest cached version of the dataset since glue couldn't be found on the Hugging Face Hub (offline mode is enabled).
Found the latest cached dataset configuration 'mrpc' at /home/zhujjing/hf_cache/datasets/glue/mrpc/0.0.0/bcdcba79d07bc864c1c254ccfcedcce55bcc9a8c (last modified on Thu Mar 19 15:01:06 2026).
/home/zhujjing/anaconda3/envs/moe/lib/python3.10/site-packages/transformers/utils/hub.py:124: FutureWarning: Using `TRANSFORMERS_CACHE` is deprecated and will be removed in v5 of Transformers. Use `HF_HOME` instead.
  warnings.warn(
Some weights of RobertaModel were not initialized from the model checkpoint at roberta-base and are newly initialized: ['roberta.pooler.dense.bias', 'roberta.pooler.dense.weight']
You should probably TRAIN this model on a down-stream task to be able to use it for predictions and inference.
[step 0001/150] method=ours loss=0.7073 train_acc=nan train_loss=nan val_acc=nan val_loss=nan best=-1.0000
[step 0010/150] method=ours loss=0.6994 train_acc=nan train_loss=nan val_acc=nan val_loss=nan best=-1.0000
[step 0020/150] method=ours loss=0.5710 train_acc=nan train_loss=nan val_acc=nan val_loss=nan best=-1.0000
[step 0030/150] method=ours loss=0.6852 train_acc=nan train_loss=nan val_acc=nan val_loss=nan best=-1.0000
[step 0040/150] method=ours loss=0.5044 train_acc=nan train_loss=nan val_acc=nan val_loss=nan best=-1.0000
[step 0050/150] method=ours loss=0.5429 train_acc=0.7317 train_loss=0.5322 val_acc=0.7230 val_loss=0.5345 router_H=0.6803 best=0.7230
           router_load=[0.0, 0.0, 0.5772914886474609, 0.4227084815502167]
[step 0060/150] method=ours loss=0.6391 train_acc=0.7317 train_loss=0.5322 val_acc=0.7230 val_loss=0.5345 router_H=0.6803 best=0.7230
           router_load=[0.0, 0.0, 0.5772914886474609, 0.4227084815502167]
[step 0070/150] method=ours loss=0.3394 train_acc=0.7317 train_loss=0.5322 val_acc=0.7230 val_loss=0.5345 router_H=0.6803 best=0.7230
           router_load=[0.0, 0.0, 0.5772914886474609, 0.4227084815502167]
[step 0080/150] method=ours loss=0.4368 train_acc=0.7317 train_loss=0.5322 val_acc=0.7230 val_loss=0.5345 router_H=0.6803 best=0.7230
           router_load=[0.0, 0.0, 0.5772914886474609, 0.4227084815502167]
[step 0090/150] method=ours loss=0.3258 train_acc=0.7317 train_loss=0.5322 val_acc=0.7230 val_loss=0.5345 router_H=0.6803 best=0.7230
           router_load=[0.0, 0.0, 0.5772914886474609, 0.4227084815502167]
[step 0100/150] method=ours loss=0.4366 train_acc=0.8231 train_loss=0.4395 val_acc=0.8088 val_loss=0.4556 router_H=0.6753 best=0.8088
           router_load=[0.05375220626592636, 0.0, 0.5898438096046448, 0.356404185295105]
[step 0110/150] method=ours loss=0.6642 train_acc=0.8231 train_loss=0.4395 val_acc=0.8088 val_loss=0.4556 router_H=0.6753 best=0.8088
           router_load=[0.05375220626592636, 0.0, 0.5898438096046448, 0.356404185295105]
[step 0120/150] method=ours loss=0.2748 train_acc=0.8231 train_loss=0.4395 val_acc=0.8088 val_loss=0.4556 router_H=0.6753 best=0.8088
           router_load=[0.05375220626592636, 0.0, 0.5898438096046448, 0.356404185295105]
[step 0130/150] method=ours loss=0.5071 train_acc=0.8231 train_loss=0.4395 val_acc=0.8088 val_loss=0.4556 router_H=0.6753 best=0.8088
           router_load=[0.05375220626592636, 0.0, 0.5898438096046448, 0.356404185295105]
[step 0140/150] method=ours loss=0.2592 train_acc=0.8231 train_loss=0.4395 val_acc=0.8088 val_loss=0.4556 router_H=0.6753 best=0.8088
           router_load=[0.05375220626592636, 0.0, 0.5898438096046448, 0.356404185295105]
[step 0150/150] method=ours loss=0.7550 train_acc=0.8697 train_loss=0.3246 val_acc=0.8431 val_loss=0.3622 router_H=0.6804 best=0.8431
           router_load=[0.021668434143066406, 0.0, 0.5674299597740173, 0.41090163588523865]
saved summary -> /home/zhujjing/MOE-grad-conflict-routing/runs/paper_suite/single_gpu/single_task/roberta_mrpc_lora_e4_k2/hpo/ours/trial_runs/coord_04_method_ours_lambda_align_005/ours_s2.json
saved curve -> /home/zhujjing/MOE-grad-conflict-routing/runs/paper_suite/single_gpu/single_task/roberta_mrpc_lora_e4_k2/hpo/ours/trial_runs/coord_04_method_ours_lambda_align_005/ours_s2_curve.csv
